c:\users\kyle\desktop\compresseddesktop\game libraries\allwork\lab_14_ray_casting\objconverter\debug\vc140.pdb
c:\users\kyle\desktop\compresseddesktop\game libraries\allwork\lab_14_ray_casting\objconverter\debug\vc140.idb
c:\users\kyle\desktop\compresseddesktop\game libraries\allwork\lab_14_ray_casting\objconverter\debug\configreader.obj
c:\users\kyle\desktop\compresseddesktop\game libraries\allwork\lab_14_ray_casting\objconverter\debug\filepath.obj
c:\users\kyle\desktop\compresseddesktop\game libraries\allwork\lab_14_ray_casting\objconverter\debug\gamelogger.obj
c:\users\kyle\desktop\compresseddesktop\game libraries\allwork\lab_14_ray_casting\objconverter\debug\keyvaluepair.obj
c:\users\kyle\desktop\compresseddesktop\game libraries\allwork\lab_14_ray_casting\objconverter\debug\keyvaluepairs.obj
c:\users\kyle\desktop\compresseddesktop\game libraries\allwork\lab_14_ray_casting\objconverter\debug\logmsgtype.obj
c:\users\kyle\desktop\compresseddesktop\game libraries\allwork\lab_14_ray_casting\objconverter\debug\myfiles.obj
c:\users\kyle\desktop\compresseddesktop\game libraries\allwork\lab_14_ray_casting\objconverter\debug\timestamp.obj
c:\users\kyle\desktop\compresseddesktop\game libraries\allwork\lab_14_ray_casting\objconverter\debug\binarywriter.obj
c:\users\kyle\desktop\compresseddesktop\game libraries\allwork\lab_14_ray_casting\objconverter\debug\main.obj
c:\users\kyle\desktop\compresseddesktop\game libraries\allwork\lab_14_ray_casting\objconverter\debug\objconverter.obj
c:\users\kyle\desktop\compresseddesktop\game libraries\allwork\lab_14_ray_casting\debug\objconverter.ilk
c:\users\kyle\desktop\compresseddesktop\game libraries\allwork\lab_14_ray_casting\debug\objconverter.exe
c:\users\kyle\desktop\compresseddesktop\game libraries\allwork\lab_14_ray_casting\debug\objconverter.pdb
c:\users\kyle\desktop\compresseddesktop\game libraries\allwork\lab_14_ray_casting\objconverter\debug\objconverter.tlog\cl.command.1.tlog
c:\users\kyle\desktop\compresseddesktop\game libraries\allwork\lab_14_ray_casting\objconverter\debug\objconverter.tlog\cl.read.1.tlog
c:\users\kyle\desktop\compresseddesktop\game libraries\allwork\lab_14_ray_casting\objconverter\debug\objconverter.tlog\cl.write.1.tlog
c:\users\kyle\desktop\compresseddesktop\game libraries\allwork\lab_14_ray_casting\objconverter\debug\objconverter.tlog\link.command.1.tlog
c:\users\kyle\desktop\compresseddesktop\game libraries\allwork\lab_14_ray_casting\objconverter\debug\objconverter.tlog\link.read.1.tlog
c:\users\kyle\desktop\compresseddesktop\game libraries\allwork\lab_14_ray_casting\objconverter\debug\objconverter.tlog\link.write.1.tlog
