2016-08-22 15:08:26:027[Process      ] GameLogger::Initialize() opened log file [..\Data\LogFiles\2016-08-22 15-08-26.BodaciousQuest.log] for writing
2016-08-22 15:08:26:027[Info         ] GameLogger::Initialize() successful
2016-08-22 15:08:26:027[Process      ] ConfigReader opened [..\Data\BodaciousQuest.config] successfully
2016-08-22 15:08:26:027[Info         ] ConfigReader initialized successfully
2016-08-22 15:08:26:027[Info         ] Valid KVP [BodaciousQuest.ShowFullScreen] [false] added
2016-08-22 15:08:26:027[Info         ] Valid KVP [BodaciousQuest.FpsInterval] [5.0] added
2016-08-22 15:08:26:027[Info         ] Valid KVP [BodaciousQuest.EnableControls] [true] added
2016-08-22 15:08:26:027[Info         ] Valid KVP [BodaciousQuest.LoadCubeFirst] [true] added
2016-08-22 15:08:26:027[Info         ] Valid KVP [BodaciousQuest.CameraWalkMode] [false] added
2016-08-22 15:08:26:027[Info         ] Valid KVP [BodaciousQuest.GridSize] [40] added
2016-08-22 15:08:26:028[Info         ] Valid KVP [BodaciousQuest.LightingTest.Ambient.Color] [1.0  1.0  1.0] added
2016-08-22 15:08:26:028[Info         ] Valid KVP [BodaciousQuest.LightingTest.Diffuse.Color] [1.0  1.0  1.0] added
2016-08-22 15:08:26:028[Info         ] Valid KVP [BodaciousQuest.LightingTest.Specular.Color] [1.0  1.0  1.0] added
2016-08-22 15:08:26:028[Info         ] Valid KVP [BodaciousQuest.LightingTest.Ambient.Reflectivity] [0.01] added
2016-08-22 15:08:26:028[Info         ] Valid KVP [BodaciousQuest.LightingTest.Diffuse.Reflectivity] [0.7] added
2016-08-22 15:08:26:028[Info         ] Valid KVP [BodaciousQuest.LightingTest.Specular.Reflectivity] [0.5] added
2016-08-22 15:08:26:028[Info         ] Valid KVP [BodaciousQuest.LightingTest.Specular.Shininess] [1.50] added
2016-08-22 15:08:26:028[Info         ] Valid KVP [BodaciousQuest.LightingTest.Falloff.A] [1.0] added
2016-08-22 15:08:26:028[Info         ] Valid KVP [BodaciousQuest.LightingTest.Falloff.B] [0.001] added
2016-08-22 15:08:26:028[Info         ] Valid KVP [BodaciousQuest.LightingTest.Falloff.C] [0.0001] added
2016-08-22 15:08:26:028[Info         ] Valid KVP [BodaciousQuest.LightingTest.Directional] [false] added
2016-08-22 15:08:26:028[Info         ] Valid KVP [BodaciousQuest.LightingTest.Direction] [-1.0 0.0 1.0] added
2016-08-22 15:08:26:028[Info         ] Valid KVP [BodaciousQuest.LightingTest.Light.Position] [-0.875458 3.673020 1.043331] added
2016-08-22 15:08:26:028[Info         ] Valid KVP [BodaciousQuest.LightingTest.Dargon.Color] [1.0 1.0 0.4] added
2016-08-22 15:08:26:028[Info         ] Valid KVP [ObjConverter.Mode.VertexType] [pn] added
2016-08-22 15:08:26:028[Info         ] Valid KVP [ObjConverter.Mode.Analyze] [false] added
2016-08-22 15:08:26:028[Info         ] Valid KVP [ObjConverter.Model] [Cat] added
2016-08-22 15:08:26:028[Info         ] Valid KVP [ObjConverter.Shader] [4] added
2016-08-22 15:08:26:028[Info         ] Valid KVP [ObjConverter.Color] [random] added
2016-08-22 15:08:26:028[Info         ] Valid KVP [ObjConverter.Obj.InputFileFolder] [..\\Data\\Objs\\] added
2016-08-22 15:08:26:028[Info         ] Valid KVP [ObjConverter.Scene.OutputFileFolder] [..\\Data\\Scenes\\] added
2016-08-22 15:08:26:028[Info         ] Valid KVP [ObjConverter.Model.Dargon.NumVerts] [57967] added
2016-08-22 15:08:26:028[Info         ] Valid KVP [ObjConverter.Model.Dargon.NumIndices] [337824] added
2016-08-22 15:08:26:028[Info         ] Valid KVP [ObjConverter.Model.Dargon.NumTexCoords] [60175] added
2016-08-22 15:08:26:028[Info         ] Valid KVP [ObjConverter.Model.Dargon.NumNormals] [337824] added
2016-08-22 15:08:26:028[Info         ] Valid KVP [ObjConverter.Model.Swamp.NumVerts] [2735] added
2016-08-22 15:08:26:028[Info         ] Valid KVP [ObjConverter.Model.Swamp.NumIndices] [8556] added
2016-08-22 15:08:26:028[Info         ] Valid KVP [ObjConverter.Model.Swamp.NumTexCoords] [3622] added
2016-08-22 15:08:26:028[Info         ] Valid KVP [ObjConverter.Model.Swamp.NumNormals] [5156] added
2016-08-22 15:08:26:028[Info         ] Valid KVP [ObjConverter.Model.Pyramid.NumVerts] [5] added
2016-08-22 15:08:26:028[Info         ] Valid KVP [ObjConverter.Model.Pyramid.NumIndices] [18] added
2016-08-22 15:08:26:028[Info         ] Valid KVP [ObjConverter.Model.Pyramid.NumTexCoords] [10] added
2016-08-22 15:08:26:028[Info         ] Valid KVP [ObjConverter.Model.Pyramid.NumNormals] [16] added
2016-08-22 15:08:26:028[Info         ] Valid KVP [ObjConverter.Model.AIWorld.NumVerts] [1957] added
2016-08-22 15:08:26:028[Info         ] Valid KVP [ObjConverter.Model.AIWorld.NumIndices] [8718] added
2016-08-22 15:08:26:028[Info         ] Valid KVP [ObjConverter.Model.AIWorld.NumTexCoords] [4186] added
2016-08-22 15:08:26:028[Info         ] Valid KVP [ObjConverter.Model.AIWorld.NumNormals] [5418] added
2016-08-22 15:08:26:028[Info         ] Valid KVP [ObjConverter.Model.GameWeapon.NumVerts] [2068] added
2016-08-22 15:08:26:028[Info         ] Valid KVP [ObjConverter.Model.GameWeapon.NumIndices] [9894] added
2016-08-22 15:08:26:028[Info         ] Valid KVP [ObjConverter.Model.GameWeapon.NumTexCoords] [0] added
2016-08-22 15:08:26:028[Info         ] Valid KVP [ObjConverter.Model.GameWeapon.NumNormals] [0] added
2016-08-22 15:08:26:028[Info         ] Valid KVP [ObjConverter.Model.Chicken.NumVerts] [224] added
2016-08-22 15:08:26:028[Info         ] Valid KVP [ObjConverter.Model.Chicken.NumIndices] [1374] added
2016-08-22 15:08:26:028[Info         ] Valid KVP [ObjConverter.Model.Chicken.NumTexCoords] [472] added
2016-08-22 15:08:26:028[Info         ] Valid KVP [ObjConverter.Model.Chicken.NumNormals] [565] added
2016-08-22 15:08:26:028[Info         ] Valid KVP [ObjConverter.Model.WaterPlane.NumVerts] [29282] added
2016-08-22 15:08:26:028[Info         ] Valid KVP [ObjConverter.Model.WaterPlane.NumIndices] [172800] added
2016-08-22 15:08:26:028[Info         ] Valid KVP [ObjConverter.Model.WaterPlane.NumTexCoords] [29282] added
2016-08-22 15:08:26:028[Info         ] Valid KVP [ObjConverter.Model.WaterPlane.NumNormals] [172800] added
2016-08-22 15:08:26:028[Info         ] Valid KVP [ObjConverter.Model.Cube.NumVerts] [8] added
2016-08-22 15:08:26:028[Info         ] Valid KVP [ObjConverter.Model.Cube.NumIndices] [36] added
2016-08-22 15:08:26:029[Info         ] Valid KVP [ObjConverter.Model.Cube.NumTexCoords] [14] added
2016-08-22 15:08:26:029[Info         ] Valid KVP [ObjConverter.Model.Cube.NumNormals] [24] added
2016-08-22 15:08:26:029[Info         ] Valid KVP [ObjConverter.Model.Barrel.NumVerts] [172] added
2016-08-22 15:08:26:029[Info         ] Valid KVP [ObjConverter.Model.Barrel.NumIndices] [1008] added
2016-08-22 15:08:26:029[Info         ] Valid KVP [ObjConverter.Model.Barrel.NumTexCoords] [328] added
2016-08-22 15:08:26:029[Info         ] Valid KVP [ObjConverter.Model.Barrel.NumNormals] [204] added
2016-08-22 15:08:26:029[Info         ] Valid KVP [ObjConverter.Model.SkyBox.NumVerts] [8] added
2016-08-22 15:08:26:029[Info         ] Valid KVP [ObjConverter.Model.SkyBox.NumIndices] [36] added
2016-08-22 15:08:26:029[Info         ] Valid KVP [ObjConverter.Model.SkyBox.NumTexCoords] [18] added
2016-08-22 15:08:26:029[Info         ] Valid KVP [ObjConverter.Model.SkyBox.NumNormals] [24] added
2016-08-22 15:08:26:029[Info         ] Valid KVP [ObjConverter.Model.Cat.NumVerts] [548] added
2016-08-22 15:08:26:029[Info         ] Valid KVP [ObjConverter.Model.Cat.NumIndices] [3180] added
2016-08-22 15:08:26:029[Info         ] Valid KVP [ObjConverter.Model.Cat.NumTexCoords] [771] added
2016-08-22 15:08:26:029[Info         ] Valid KVP [ObjConverter.Model.Cat.NumNormals] [714] added
2016-08-22 15:08:26:104[cInfo        ] Config reader opened [..\Data\BodaciousQuest.config] for reading!
2016-08-22 15:08:26:160[Process      ] ShaderManager Initialized successfully
2016-08-22 15:08:26:160[Info         ] Shader Init started
2016-08-22 15:08:26:160[Info         ] Shader Program created.
2016-08-22 15:08:26:160[Process      ] ShaderProgram::Initialize()[1] successful!
2016-08-22 15:08:26:160[Debug        ] File [..\Data\shaders\debug.vert.shader] Opened successfully! Buffer Length:[291]
2016-08-22 15:08:26:160[Debug        ] Shader file [..\Data\shaders\debug.vert.shader] contents:
//BEGIN
#version 430 core

layout(location = 0)  in vec3 vPosition;

layout(location = 15) uniform vec3 colorin;
layout(location = 16) uniform mat4 MAT;

out vec4 color;

void main()
{
	vec4 vertPos = vec4(vPosition, 1.0);
	gl_Position = MAT *  vertPos;
	color = vec4(colorin, 1.0);
}
//END

2016-08-22 15:08:26:160[Debug        ]  ShaderProgram::AddShader() file with data was read in
2016-08-22 15:08:26:160[Debug        ] ShaderProgram::AddShader() : glShaderSource() successful
2016-08-22 15:08:26:161[Debug        ] ShaderProgram::AddShader() : glCompileShader() successful
2016-08-22 15:08:26:161[Info         ] ShaderProgram::CheckShaderCompileStatus(2) successful.
2016-08-22 15:08:26:161[Debug        ] ShaderProgram::AddShader() : glCompileShader() successful
2016-08-22 15:08:26:161[Info         ] ShaderInfo saved successfully.
2016-08-22 15:08:26:161[Debug        ] ShaderProgram::AddShader() : glAttachShader() successful
2016-08-22 15:08:26:161[Info         ] ShaderProgram::AddShader [2] successful.
2016-08-22 15:08:26:161[Debug        ] File [..\Data\shaders\debug.frag.shader] Opened successfully! Buffer Length:[104]
2016-08-22 15:08:26:161[Debug        ] Shader file [..\Data\shaders\debug.frag.shader] contents:
//BEGIN
#version 430 core


in  vec4 color;
out vec4 outColor;

void main()
{
	outColor = color;
}


//END

2016-08-22 15:08:26:161[Debug        ]  ShaderProgram::AddShader() file with data was read in
2016-08-22 15:08:26:161[Debug        ] ShaderProgram::AddShader() : glShaderSource() successful
2016-08-22 15:08:26:162[Debug        ] ShaderProgram::AddShader() : glCompileShader() successful
2016-08-22 15:08:26:162[Info         ] ShaderProgram::CheckShaderCompileStatus(3) successful.
2016-08-22 15:08:26:162[Debug        ] ShaderProgram::AddShader() : glCompileShader() successful
2016-08-22 15:08:26:162[Info         ] ShaderInfo saved successfully.
2016-08-22 15:08:26:162[Debug        ] ShaderProgram::AddShader() : glAttachShader() successful
2016-08-22 15:08:26:162[Info         ] ShaderProgram::AddShader [3] successful.
2016-08-22 15:08:26:163[Info         ] CheckProgramStatus() successful!
2016-08-22 15:08:26:163[Info         ] CheckProgramStatus() successful!
2016-08-22 15:08:26:163[Info         ] Shader Init started
2016-08-22 15:08:26:163[Info         ] Shader Program created.
2016-08-22 15:08:26:163[Process      ] ShaderProgram::Initialize()[4] successful!
2016-08-22 15:08:26:163[Debug        ] File [..\Data\shaders\play.vert.shader] Opened successfully! Buffer Length:[343]
2016-08-22 15:08:26:164[Debug        ] Shader file [..\Data\shaders\play.vert.shader] contents:
//BEGIN
#version 430 core

layout (location = 0)  in vec3 vPosition;
layout (location = 1)  in vec3 vColor;
layout (location = 15) uniform vec3 colorin;
layout (location = 16) uniform mat4 MAT;

out vec4 color;

void main()
{
	vec4 vertPos = vec4(vPosition, 1.0);
	gl_Position = MAT *  vertPos;
	color = vec4((vColor + colorin), 1.0);
}
//END

2016-08-22 15:08:26:164[Debug        ]  ShaderProgram::AddShader() file with data was read in
2016-08-22 15:08:26:164[Debug        ] ShaderProgram::AddShader() : glShaderSource() successful
2016-08-22 15:08:26:164[Debug        ] ShaderProgram::AddShader() : glCompileShader() successful
2016-08-22 15:08:26:164[Info         ] ShaderProgram::CheckShaderCompileStatus(5) successful.
2016-08-22 15:08:26:164[Debug        ] ShaderProgram::AddShader() : glCompileShader() successful
2016-08-22 15:08:26:164[Info         ] ShaderInfo saved successfully.
2016-08-22 15:08:26:164[Debug        ] ShaderProgram::AddShader() : glAttachShader() successful
2016-08-22 15:08:26:164[Info         ] ShaderProgram::AddShader [5] successful.
2016-08-22 15:08:26:164[Debug        ] File [..\Data\shaders\play.frag.shader] Opened successfully! Buffer Length:[391]
2016-08-22 15:08:26:164[Debug        ] Shader file [..\Data\shaders\play.frag.shader] contents:
//BEGIN
#version 430 core


in  vec4 color;
out vec4 outColor;

void main()
{

	//if (color.r < .7) discard;
	outColor = color;

	//if(((gl_FragCoord.x  > 600)&& (gl_FragCoord.y < 300)) || ((gl_FragCoord.y < 300)  && (gl_FragCoord.x  < 600) )) {
	//discard;
	//}

	//vec2 scrPos = vec2(gl_FragCoord) - vec2(350,150);
	//float len =  length(scrPos);
	//if(len < 50 )discard;
}


//END

2016-08-22 15:08:26:164[Debug        ]  ShaderProgram::AddShader() file with data was read in
2016-08-22 15:08:26:164[Debug        ] ShaderProgram::AddShader() : glShaderSource() successful
2016-08-22 15:08:26:164[Debug        ] ShaderProgram::AddShader() : glCompileShader() successful
2016-08-22 15:08:26:164[Info         ] ShaderProgram::CheckShaderCompileStatus(6) successful.
2016-08-22 15:08:26:164[Debug        ] ShaderProgram::AddShader() : glCompileShader() successful
2016-08-22 15:08:26:164[Info         ] ShaderInfo saved successfully.
2016-08-22 15:08:26:164[Debug        ] ShaderProgram::AddShader() : glAttachShader() successful
2016-08-22 15:08:26:164[Info         ] ShaderProgram::AddShader [6] successful.
2016-08-22 15:08:26:165[Info         ] CheckProgramStatus() successful!
2016-08-22 15:08:26:165[Info         ] CheckProgramStatus() successful!
2016-08-22 15:08:26:165[Info         ] Shader Init started
2016-08-22 15:08:26:165[Info         ] Shader Program created.
2016-08-22 15:08:26:165[Process      ] ShaderProgram::Initialize()[7] successful!
2016-08-22 15:08:26:165[Debug        ] File [..\Data\shaders\texture.vert.shader] Opened successfully! Buffer Length:[305]
2016-08-22 15:08:26:165[Debug        ] Shader file [..\Data\shaders\texture.vert.shader] contents:
//BEGIN
#version 430 core

layout (location = 0)  in vec3 vPosition;
layout (location = 1)  in vec2 vUV;

layout (location = 16) uniform mat4 MAT;

//out data
out vec2 UV;

//out vec4 color;

void main()
{
	vec4 vertPos = vec4(vPosition, 1.0);
	gl_Position = MAT *  vertPos;

	UV = vUV;
	
	
}
//END

2016-08-22 15:08:26:165[Debug        ]  ShaderProgram::AddShader() file with data was read in
2016-08-22 15:08:26:165[Debug        ] ShaderProgram::AddShader() : glShaderSource() successful
2016-08-22 15:08:26:165[Debug        ] ShaderProgram::AddShader() : glCompileShader() successful
2016-08-22 15:08:26:165[Info         ] ShaderProgram::CheckShaderCompileStatus(8) successful.
2016-08-22 15:08:26:165[Debug        ] ShaderProgram::AddShader() : glCompileShader() successful
2016-08-22 15:08:26:165[Info         ] ShaderInfo saved successfully.
2016-08-22 15:08:26:165[Debug        ] ShaderProgram::AddShader() : glAttachShader() successful
2016-08-22 15:08:26:165[Info         ] ShaderProgram::AddShader [8] successful.
2016-08-22 15:08:26:166[Debug        ] File [..\Data\shaders\texture.frag.shader] Opened successfully! Buffer Length:[482]
2016-08-22 15:08:26:166[Debug        ] Shader file [..\Data\shaders\texture.frag.shader] contents:
//BEGIN
#version 430 core


in  vec2 UV;
out vec4 outColor;

layout(location = 20) uniform sampler2D textureSampler;

void main()
{

	//if (color.r < .7) discard;
	outColor = vec4(texture(textureSampler, UV).rgb, 1.0);

	//if(((gl_FragCoord.x  > 600)&& (gl_FragCoord.y < 300)) || ((gl_FragCoord.y < 300)  && (gl_FragCoord.x  < 600) )) {
	//discard;
	//}
	//vec2 scrPos = vec2(gl_FragCoord) - vec2(350,150);
	//float len =  length(scrPos);
	//if(len < 50 )discard;
}


//END

2016-08-22 15:08:26:166[Debug        ]  ShaderProgram::AddShader() file with data was read in
2016-08-22 15:08:26:166[Debug        ] ShaderProgram::AddShader() : glShaderSource() successful
2016-08-22 15:08:26:166[Debug        ] ShaderProgram::AddShader() : glCompileShader() successful
2016-08-22 15:08:26:166[Info         ] ShaderProgram::CheckShaderCompileStatus(9) successful.
2016-08-22 15:08:26:166[Debug        ] ShaderProgram::AddShader() : glCompileShader() successful
2016-08-22 15:08:26:166[Info         ] ShaderInfo saved successfully.
2016-08-22 15:08:26:166[Debug        ] ShaderProgram::AddShader() : glAttachShader() successful
2016-08-22 15:08:26:166[Info         ] ShaderProgram::AddShader [9] successful.
2016-08-22 15:08:26:167[Info         ] CheckProgramStatus() successful!
2016-08-22 15:08:26:167[Info         ] CheckProgramStatus() successful!
2016-08-22 15:08:26:167[Info         ] Shader Init started
2016-08-22 15:08:26:167[Info         ] Shader Program created.
2016-08-22 15:08:26:167[Process      ] ShaderProgram::Initialize()[10] successful!
2016-08-22 15:08:26:167[Debug        ] File [..\Data\shaders\framebuffer.vert.shader] Opened successfully! Buffer Length:[305]
2016-08-22 15:08:26:167[Debug        ] Shader file [..\Data\shaders\framebuffer.vert.shader] contents:
//BEGIN
#version 430 core

layout (location = 0)  in vec3 vPosition;
layout (location = 1)  in vec2 vUV;

layout (location = 16) uniform mat4 MAT;

//out data
out vec2 UV;

//out vec4 color;

void main()
{
	vec4 vertPos = vec4(vPosition, 1.0);
	gl_Position = MAT *  vertPos;

	UV = vUV;
	
	
}
//END

2016-08-22 15:08:26:167[Debug        ]  ShaderProgram::AddShader() file with data was read in
2016-08-22 15:08:26:167[Debug        ] ShaderProgram::AddShader() : glShaderSource() successful
2016-08-22 15:08:26:168[Debug        ] ShaderProgram::AddShader() : glCompileShader() successful
2016-08-22 15:08:26:168[Info         ] ShaderProgram::CheckShaderCompileStatus(11) successful.
2016-08-22 15:08:26:168[Debug        ] ShaderProgram::AddShader() : glCompileShader() successful
2016-08-22 15:08:26:168[Info         ] ShaderInfo saved successfully.
2016-08-22 15:08:26:168[Debug        ] ShaderProgram::AddShader() : glAttachShader() successful
2016-08-22 15:08:26:168[Info         ] ShaderProgram::AddShader [11] successful.
2016-08-22 15:08:26:168[Debug        ] File [..\Data\shaders\framebuffer.frag.shader] Opened successfully! Buffer Length:[275]
2016-08-22 15:08:26:168[Debug        ] Shader file [..\Data\shaders\framebuffer.frag.shader] contents:
//BEGIN
#version 430 core


in  vec2 UV;
out vec4 outColor;

layout(location = 20) uniform sampler2D textureSampler;

void main()
{


	vec3 tempCol = texture(textureSampler, UV).rgb;

	outColor = vec4(tempCol.r / 1.5f, tempCol.g / 1.5f, tempCol.b / 1.5f, 1.0f);
}


//END

2016-08-22 15:08:26:168[Debug        ]  ShaderProgram::AddShader() file with data was read in
2016-08-22 15:08:26:168[Debug        ] ShaderProgram::AddShader() : glShaderSource() successful
2016-08-22 15:08:26:168[Debug        ] ShaderProgram::AddShader() : glCompileShader() successful
2016-08-22 15:08:26:168[Info         ] ShaderProgram::CheckShaderCompileStatus(12) successful.
2016-08-22 15:08:26:168[Debug        ] ShaderProgram::AddShader() : glCompileShader() successful
2016-08-22 15:08:26:168[Info         ] ShaderInfo saved successfully.
2016-08-22 15:08:26:168[Debug        ] ShaderProgram::AddShader() : glAttachShader() successful
2016-08-22 15:08:26:168[Info         ] ShaderProgram::AddShader [12] successful.
2016-08-22 15:08:26:169[Info         ] CheckProgramStatus() successful!
2016-08-22 15:08:26:169[Info         ] CheckProgramStatus() successful!
2016-08-22 15:08:26:169[Info         ] Shader Init started
2016-08-22 15:08:26:169[Info         ] Shader Program created.
2016-08-22 15:08:26:169[Process      ] ShaderProgram::Initialize()[13] successful!
2016-08-22 15:08:26:169[Debug        ] File [..\Data\shaders\lighting.vert.shader] Opened successfully! Buffer Length:[1145]
2016-08-22 15:08:26:169[cDebug       ] Shader file [..\Data\shaders\lighting.vert.shader] is too big to display contents.
2016-08-22 15:08:26:171[Debug        ]  ShaderProgram::AddShader() file with data was read in
2016-08-22 15:08:26:171[Debug        ] ShaderProgram::AddShader() : glShaderSource() successful
2016-08-22 15:08:26:171[Debug        ] ShaderProgram::AddShader() : glCompileShader() successful
2016-08-22 15:08:26:171[Info         ] ShaderProgram::CheckShaderCompileStatus(14) successful.
2016-08-22 15:08:26:171[Debug        ] ShaderProgram::AddShader() : glCompileShader() successful
2016-08-22 15:08:26:171[Info         ] ShaderInfo saved successfully.
2016-08-22 15:08:26:171[Debug        ] ShaderProgram::AddShader() : glAttachShader() successful
2016-08-22 15:08:26:171[Info         ] ShaderProgram::AddShader [14] successful.
2016-08-22 15:08:26:171[Debug        ] File [..\Data\shaders\lighting.frag.shader] Opened successfully! Buffer Length:[1743]
2016-08-22 15:08:26:171[cDebug       ] Shader file [..\Data\shaders\lighting.frag.shader] is too big to display contents.
2016-08-22 15:08:26:173[Debug        ]  ShaderProgram::AddShader() file with data was read in
2016-08-22 15:08:26:173[Debug        ] ShaderProgram::AddShader() : glShaderSource() successful
2016-08-22 15:08:26:173[Debug        ] ShaderProgram::AddShader() : glCompileShader() successful
2016-08-22 15:08:26:173[Info         ] ShaderProgram::CheckShaderCompileStatus(15) successful.
2016-08-22 15:08:26:174[Debug        ] ShaderProgram::AddShader() : glCompileShader() successful
2016-08-22 15:08:26:174[Info         ] ShaderInfo saved successfully.
2016-08-22 15:08:26:174[Debug        ] ShaderProgram::AddShader() : glAttachShader() successful
2016-08-22 15:08:26:174[Info         ] ShaderProgram::AddShader [15] successful.
2016-08-22 15:08:26:178[Info         ] CheckProgramStatus() successful!
2016-08-22 15:08:26:178[Info         ] CheckProgramStatus() successful!
2016-08-22 15:08:26:178[Info         ] Shader Init started
2016-08-22 15:08:26:178[Info         ] Shader Program created.
2016-08-22 15:08:26:178[Process      ] ShaderProgram::Initialize()[16] successful!
2016-08-22 15:08:26:178[Debug        ] File [..\Data\shaders\texlighting.vert.shader] Opened successfully! Buffer Length:[1110]
2016-08-22 15:08:26:179[cDebug       ] Shader file [..\Data\shaders\texlighting.vert.shader] is too big to display contents.
2016-08-22 15:08:26:180[Debug        ]  ShaderProgram::AddShader() file with data was read in
2016-08-22 15:08:26:180[Debug        ] ShaderProgram::AddShader() : glShaderSource() successful
2016-08-22 15:08:26:181[Debug        ] ShaderProgram::AddShader() : glCompileShader() successful
2016-08-22 15:08:26:181[Info         ] ShaderProgram::CheckShaderCompileStatus(17) successful.
2016-08-22 15:08:26:181[Debug        ] ShaderProgram::AddShader() : glCompileShader() successful
2016-08-22 15:08:26:181[Info         ] ShaderInfo saved successfully.
2016-08-22 15:08:26:181[Debug        ] ShaderProgram::AddShader() : glAttachShader() successful
2016-08-22 15:08:26:181[Info         ] ShaderProgram::AddShader [17] successful.
2016-08-22 15:08:26:181[Debug        ] File [..\Data\shaders\texlighting.frag.shader] Opened successfully! Buffer Length:[1717]
2016-08-22 15:08:26:181[cDebug       ] Shader file [..\Data\shaders\texlighting.frag.shader] is too big to display contents.
2016-08-22 15:08:26:183[Debug        ]  ShaderProgram::AddShader() file with data was read in
2016-08-22 15:08:26:183[Debug        ] ShaderProgram::AddShader() : glShaderSource() successful
2016-08-22 15:08:26:183[Debug        ] ShaderProgram::AddShader() : glCompileShader() successful
2016-08-22 15:08:26:183[Info         ] ShaderProgram::CheckShaderCompileStatus(18) successful.
2016-08-22 15:08:26:184[Debug        ] ShaderProgram::AddShader() : glCompileShader() successful
2016-08-22 15:08:26:184[Info         ] ShaderInfo saved successfully.
2016-08-22 15:08:26:184[Debug        ] ShaderProgram::AddShader() : glAttachShader() successful
2016-08-22 15:08:26:184[Info         ] ShaderProgram::AddShader [18] successful.
2016-08-22 15:08:26:186[Info         ] CheckProgramStatus() successful!
2016-08-22 15:08:26:187[Info         ] CheckProgramStatus() successful!
2016-08-22 15:08:26:187[Info         ] Shader Init started
2016-08-22 15:08:26:187[Info         ] Shader Program created.
2016-08-22 15:08:26:187[Process      ] ShaderProgram::Initialize()[19] successful!
2016-08-22 15:08:26:187[Debug        ] File [..\Data\shaders\water.vert.shader] Opened successfully! Buffer Length:[1400]
2016-08-22 15:08:26:187[cDebug       ] Shader file [..\Data\shaders\water.vert.shader] is too big to display contents.
2016-08-22 15:08:26:188[Debug        ]  ShaderProgram::AddShader() file with data was read in
2016-08-22 15:08:26:189[Debug        ] ShaderProgram::AddShader() : glShaderSource() successful
2016-08-22 15:08:26:189[Debug        ] ShaderProgram::AddShader() : glCompileShader() successful
2016-08-22 15:08:26:189[Info         ] ShaderProgram::CheckShaderCompileStatus(20) successful.
2016-08-22 15:08:26:189[Debug        ] ShaderProgram::AddShader() : glCompileShader() successful
2016-08-22 15:08:26:189[Info         ] ShaderInfo saved successfully.
2016-08-22 15:08:26:189[Debug        ] ShaderProgram::AddShader() : glAttachShader() successful
2016-08-22 15:08:26:189[Info         ] ShaderProgram::AddShader [20] successful.
2016-08-22 15:08:26:189[Debug        ] File [..\Data\shaders\water.frag.shader] Opened successfully! Buffer Length:[2455]
2016-08-22 15:08:26:189[cDebug       ] Shader file [..\Data\shaders\water.frag.shader] is too big to display contents.
2016-08-22 15:08:26:193[Debug        ]  ShaderProgram::AddShader() file with data was read in
2016-08-22 15:08:26:193[Debug        ] ShaderProgram::AddShader() : glShaderSource() successful
2016-08-22 15:08:26:194[Debug        ] ShaderProgram::AddShader() : glCompileShader() successful
2016-08-22 15:08:26:194[Info         ] ShaderProgram::CheckShaderCompileStatus(21) successful.
2016-08-22 15:08:26:194[Debug        ] ShaderProgram::AddShader() : glCompileShader() successful
2016-08-22 15:08:26:194[Info         ] ShaderInfo saved successfully.
2016-08-22 15:08:26:194[Debug        ] ShaderProgram::AddShader() : glAttachShader() successful
2016-08-22 15:08:26:194[Info         ] ShaderProgram::AddShader [21] successful.
2016-08-22 15:08:26:196[Info         ] CheckProgramStatus() successful!
2016-08-22 15:08:26:196[Info         ] CheckProgramStatus() successful!
2016-08-22 15:08:26:196[Info         ] GetAttribLocation [vPosition] successful.
2016-08-22 15:08:26:196[Info         ] GetUniformLocation [colorin] successful.
2016-08-22 15:08:26:196[Info         ] GetUniformLocation [MAT] successful.
2016-08-22 15:08:26:196[cProcess     ] RenderEngine::Initialize() successful.
2016-08-22 15:08:26:197[cInfo        ] 
-----------------------------------------------------------------------
 BufferInfo::CreateBuffers()[0] Created buffers:| VERTEX [1] with [80] bytes. || INDEX [2] with [24] bytes |
-----------------------------------------------------------------------

2016-08-22 15:08:26:205[cInfo        ] --------BufferInfo::AddMesh() Added mesh successfully-------
2016-08-22 15:08:26:206[cInfo        ] 
2016-08-22 15:08:26:207[cInfo        ] --------------------| START BUFFER MESH INFO |-------------------------------------
2016-08-22 15:08:26:209[cInfo        ] BufferInfo::AddMesh(): NUM VERTS-----------------[4]
2016-08-22 15:08:26:210[cInfo        ] BufferInfo::AddMesh(): NUM INDICES---------------[6]
2016-08-22 15:08:26:211[cInfo        ] BufferInfo::AddMesh(): VERT OFFSET---------------[0]
2016-08-22 15:08:26:213[cInfo        ] BufferInfo::AddMesh(): INDICES OFFSET (BYTES)----[0]
2016-08-22 15:08:26:215[cInfo        ] --------------------|  END BUFFER MESH INFO  |--------------------------------------
2016-08-22 15:08:26:217[cInfo        ] 

2016-08-22 15:08:26:218[cInfo        ] 
-----------------------------------------------------------------------
 BufferInfo::CreateBuffers()[0] Created buffers:| VERTEX [3] with [96] bytes. || INDEX [4] with [48] bytes |
-----------------------------------------------------------------------

2016-08-22 15:08:26:224[cInfo        ] --------BufferInfo::AddMesh() Added mesh successfully-------
2016-08-22 15:08:26:225[cInfo        ] 
2016-08-22 15:08:26:227[cInfo        ] --------------------| START BUFFER MESH INFO |-------------------------------------
2016-08-22 15:08:26:229[cInfo        ] BufferInfo::AddMesh(): NUM VERTS-----------------[8]
2016-08-22 15:08:26:230[cInfo        ] BufferInfo::AddMesh(): NUM INDICES---------------[24]
2016-08-22 15:08:26:231[cInfo        ] BufferInfo::AddMesh(): VERT OFFSET---------------[0]
2016-08-22 15:08:26:232[cInfo        ] BufferInfo::AddMesh(): INDICES OFFSET (BYTES)----[0]
2016-08-22 15:08:26:233[cInfo        ] --------------------|  END BUFFER MESH INFO  |--------------------------------------
2016-08-22 15:08:26:234[cInfo        ] 

2016-08-22 15:08:26:235[cInfo        ] 
-----------------------------------------------------------------------
 BufferInfo::CreateBuffers()[0] Created buffers:| VERTEX [5] with [864] bytes. || INDEX [6] with [0] bytes |
-----------------------------------------------------------------------

2016-08-22 15:08:26:240[cInfo        ] --------BufferInfo::AddMesh() Added mesh successfully-------
2016-08-22 15:08:26:243[cInfo        ] 
2016-08-22 15:08:26:243[cInfo        ] --------------------| START BUFFER MESH INFO |-------------------------------------
2016-08-22 15:08:26:244[cInfo        ] BufferInfo::AddMesh(): NUM VERTS-----------------[36]
2016-08-22 15:08:26:245[cInfo        ] BufferInfo::AddMesh(): NUM INDICES---------------[0]
2016-08-22 15:08:26:246[cInfo        ] BufferInfo::AddMesh(): VERT OFFSET---------------[0]
2016-08-22 15:08:26:247[cInfo        ] BufferInfo::AddMesh(): INDICES OFFSET (BYTES)----[0]
2016-08-22 15:08:26:247[cInfo        ] --------------------|  END BUFFER MESH INFO  |--------------------------------------
2016-08-22 15:08:26:249[cInfo        ] 

2016-08-22 15:08:26:249[cInfo        ] 
-----------------------------------------------------------------------
 BufferInfo::CreateBuffers()[0] Created buffers:| VERTEX [7] with [144] bytes. || INDEX [8] with [0] bytes |
-----------------------------------------------------------------------

2016-08-22 15:08:26:254[cInfo        ] --------BufferInfo::AddMesh() Added mesh successfully-------
2016-08-22 15:08:26:255[cInfo        ] 
2016-08-22 15:08:26:255[cInfo        ] --------------------| START BUFFER MESH INFO |-------------------------------------
2016-08-22 15:08:26:256[cInfo        ] BufferInfo::AddMesh(): NUM VERTS-----------------[6]
2016-08-22 15:08:26:257[cInfo        ] BufferInfo::AddMesh(): NUM INDICES---------------[0]
2016-08-22 15:08:26:258[cInfo        ] BufferInfo::AddMesh(): VERT OFFSET---------------[0]
2016-08-22 15:08:26:259[cInfo        ] BufferInfo::AddMesh(): INDICES OFFSET (BYTES)----[0]
2016-08-22 15:08:26:260[cInfo        ] --------------------|  END BUFFER MESH INFO  |--------------------------------------
2016-08-22 15:08:26:262[cInfo        ] 

2016-08-22 15:08:26:263[Process      ] BufferInfo::Initialize() successful.
2016-08-22 15:08:26:263[cInfo        ] 
-----------------------------------------------------------------------
 BufferInfo::CreateBuffers()[0] Created buffers:| VERTEX [9] with [1000000] bytes. || INDEX [10] with [1000000] bytes |
-----------------------------------------------------------------------

2016-08-22 15:08:26:267[cInfo        ] --------BufferInfo::AddMesh() Added mesh successfully-------
2016-08-22 15:08:26:267[cInfo        ] 
2016-08-22 15:08:26:268[cInfo        ] --------------------| START BUFFER MESH INFO |-------------------------------------
2016-08-22 15:08:26:269[cInfo        ] BufferInfo::AddMesh(): NUM VERTS-----------------[24]
2016-08-22 15:08:26:271[cInfo        ] BufferInfo::AddMesh(): NUM INDICES---------------[36]
2016-08-22 15:08:26:272[cInfo        ] BufferInfo::AddMesh(): VERT OFFSET---------------[0]
2016-08-22 15:08:26:273[cInfo        ] BufferInfo::AddMesh(): INDICES OFFSET (BYTES)----[0]
2016-08-22 15:08:26:274[cInfo        ] --------------------|  END BUFFER MESH INFO  |--------------------------------------
2016-08-22 15:08:26:275[cInfo        ] 

2016-08-22 15:08:26:277[Process      ] BufferInfo::Initialize() successful.
2016-08-22 15:08:26:277[cInfo        ] 
-----------------------------------------------------------------------
 BufferInfo::CreateBuffers()[1] Created buffers:| VERTEX [11] with [1000000] bytes. || INDEX [12] with [1000000] bytes |
-----------------------------------------------------------------------

2016-08-22 15:08:26:281[cInfo        ] --------BufferInfo::AddMesh() Added mesh successfully-------
2016-08-22 15:08:26:283[cInfo        ] 
2016-08-22 15:08:26:284[cInfo        ] --------------------| START BUFFER MESH INFO |-------------------------------------
2016-08-22 15:08:26:285[cInfo        ] BufferInfo::AddMesh(): NUM VERTS-----------------[1536]
2016-08-22 15:08:26:286[cInfo        ] BufferInfo::AddMesh(): NUM INDICES---------------[3072]
2016-08-22 15:08:26:287[cInfo        ] BufferInfo::AddMesh(): VERT OFFSET---------------[0]
2016-08-22 15:08:26:287[cInfo        ] BufferInfo::AddMesh(): INDICES OFFSET (BYTES)----[0]
2016-08-22 15:08:26:288[cInfo        ] --------------------|  END BUFFER MESH INFO  |--------------------------------------
2016-08-22 15:08:26:289[cInfo        ] 

2016-08-22 15:08:26:291[cInfo        ] 
-----------------------------------------------------------------------
 BufferInfo::CreateBuffers()[0] Created buffers:| VERTEX [13] with [3936] bytes. || INDEX [14] with [0] bytes |
-----------------------------------------------------------------------

2016-08-22 15:08:26:296[cInfo        ] --------BufferInfo::AddMesh() Added mesh successfully-------
2016-08-22 15:08:26:297[cInfo        ] 
2016-08-22 15:08:26:297[cInfo        ] --------------------| START BUFFER MESH INFO |-------------------------------------
2016-08-22 15:08:26:299[cInfo        ] BufferInfo::AddMesh(): NUM VERTS-----------------[164]
2016-08-22 15:08:26:300[cInfo        ] BufferInfo::AddMesh(): NUM INDICES---------------[0]
2016-08-22 15:08:26:300[cInfo        ] BufferInfo::AddMesh(): VERT OFFSET---------------[0]
2016-08-22 15:08:26:301[cInfo        ] BufferInfo::AddMesh(): INDICES OFFSET (BYTES)----[0]
2016-08-22 15:08:26:302[cInfo        ] --------------------|  END BUFFER MESH INFO  |--------------------------------------
2016-08-22 15:08:26:303[cInfo        ] 

2016-08-22 15:08:26:304[cProcess     ] ShapeGenerator initialized successfully.
2016-08-22 15:08:26:304[cProcess     ] Camera::Initialize() successful.
2016-08-22 15:08:26:305[cProcess     ] Keyboard::Initialize() successful
2016-08-22 15:08:26:308[cProcess     ] Keyboard::Initialize() successful
2016-08-22 15:08:26:320[cInfo        ] 
-----------------------------------------------------------------------
 BufferInfo::CreateBuffers()[0] Created buffers:| VERTEX [15] with [10810368] bytes. || INDEX [16] with [0] bytes |
-----------------------------------------------------------------------

2016-08-22 15:08:26:348[cInfo        ] --------BufferInfo::AddMesh() Added mesh successfully-------
2016-08-22 15:08:26:350[cInfo        ] 
2016-08-22 15:08:26:350[cInfo        ] --------------------| START BUFFER MESH INFO |-------------------------------------
2016-08-22 15:08:26:352[cInfo        ] BufferInfo::AddMesh(): NUM VERTS-----------------[337824]
2016-08-22 15:08:26:354[cInfo        ] BufferInfo::AddMesh(): NUM INDICES---------------[0]
2016-08-22 15:08:26:355[cInfo        ] BufferInfo::AddMesh(): VERT OFFSET---------------[0]
2016-08-22 15:08:26:356[cInfo        ] BufferInfo::AddMesh(): INDICES OFFSET (BYTES)----[0]
2016-08-22 15:08:26:357[cInfo        ] --------------------|  END BUFFER MESH INFO  |--------------------------------------
2016-08-22 15:08:26:358[cInfo        ] 

2016-08-22 15:08:26:397[Info         ] ShapeGenerator::ReadSceneFile(): Added new scene [..\Data\Scenes\Dargon.ptn.scene] successfully.
2016-08-22 15:08:26:397[cInfo        ] EntityManager::BuildPlayerEntity(): Built [Dargon] successfully
2016-08-22 15:08:26:404[Process      ] BufferInfo::Initialize() successful.
2016-08-22 15:08:26:409[cInfo        ] 
-----------------------------------------------------------------------
 BufferInfo::CreateBuffers()[2] Created buffers:| VERTEX [17] with [1000000] bytes. || INDEX [18] with [1000000] bytes |
-----------------------------------------------------------------------

2016-08-22 15:08:26:415[cInfo        ] --------BufferInfo::AddMesh() Added mesh successfully-------
2016-08-22 15:08:26:416[cInfo        ] 
2016-08-22 15:08:26:417[cInfo        ] --------------------| START BUFFER MESH INFO |-------------------------------------
2016-08-22 15:08:26:419[cInfo        ] BufferInfo::AddMesh(): NUM VERTS-----------------[36]
2016-08-22 15:08:26:420[cInfo        ] BufferInfo::AddMesh(): NUM INDICES---------------[0]
2016-08-22 15:08:26:421[cInfo        ] BufferInfo::AddMesh(): VERT OFFSET---------------[0]
2016-08-22 15:08:26:422[cInfo        ] BufferInfo::AddMesh(): INDICES OFFSET (BYTES)----[0]
2016-08-22 15:08:26:423[cInfo        ] --------------------|  END BUFFER MESH INFO  |--------------------------------------
2016-08-22 15:08:26:424[cInfo        ] 

2016-08-22 15:08:26:425[Info         ] ShapeGenerator::ReadSceneFile(): Added new scene [..\Data\Scenes\Cube.pn.scene] successfully.
2016-08-22 15:08:26:426[Process      ] BufferInfo::Initialize() successful.
2016-08-22 15:08:26:426[cInfo        ] 
-----------------------------------------------------------------------
 BufferInfo::CreateBuffers()[3] Created buffers:| VERTEX [19] with [1000000] bytes. || INDEX [20] with [1000000] bytes |
-----------------------------------------------------------------------

2016-08-22 15:08:26:433[cInfo        ] --------BufferInfo::AddMesh() Added mesh successfully-------
2016-08-22 15:08:26:434[cInfo        ] 
2016-08-22 15:08:26:434[cInfo        ] --------------------| START BUFFER MESH INFO |-------------------------------------
2016-08-22 15:08:26:435[cInfo        ] BufferInfo::AddMesh(): NUM VERTS-----------------[8718]
2016-08-22 15:08:26:436[cInfo        ] BufferInfo::AddMesh(): NUM INDICES---------------[0]
2016-08-22 15:08:26:437[cInfo        ] BufferInfo::AddMesh(): VERT OFFSET---------------[0]
2016-08-22 15:08:26:438[cInfo        ] BufferInfo::AddMesh(): INDICES OFFSET (BYTES)----[0]
2016-08-22 15:08:26:438[cInfo        ] --------------------|  END BUFFER MESH INFO  |--------------------------------------
2016-08-22 15:08:26:439[cInfo        ] 

2016-08-22 15:08:26:442[Info         ] ShapeGenerator::ReadSceneFile(): Added new scene [..\Data\Scenes\AIWorld.ptn.scene] successfully.
2016-08-22 15:08:26:443[cInfo        ] --------BufferInfo::AddMesh() Added mesh successfully-------
2016-08-22 15:08:26:444[cInfo        ] 
2016-08-22 15:08:26:445[cInfo        ] --------------------| START BUFFER MESH INFO |-------------------------------------
2016-08-22 15:08:26:446[cInfo        ] BufferInfo::AddMesh(): NUM VERTS-----------------[18]
2016-08-22 15:08:26:447[cInfo        ] BufferInfo::AddMesh(): NUM INDICES---------------[0]
2016-08-22 15:08:26:448[cInfo        ] BufferInfo::AddMesh(): VERT OFFSET---------------[36]
2016-08-22 15:08:26:449[cInfo        ] BufferInfo::AddMesh(): INDICES OFFSET (BYTES)----[0]
2016-08-22 15:08:26:450[cInfo        ] --------------------|  END BUFFER MESH INFO  |--------------------------------------
2016-08-22 15:08:26:452[cInfo        ] 

2016-08-22 15:08:26:453[Info         ] ShapeGenerator::ReadSceneFile(): Added new scene [..\Data\Scenes\Pyramid.pn.scene] successfully.
2016-08-22 15:08:26:460[cInfo        ] 
-----------------------------------------------------------------------
 BufferInfo::CreateBuffers()[0] Created buffers:| VERTEX [21] with [5529600] bytes. || INDEX [22] with [0] bytes |
-----------------------------------------------------------------------

2016-08-22 15:08:26:476[cInfo        ] --------BufferInfo::AddMesh() Added mesh successfully-------
2016-08-22 15:08:26:477[cInfo        ] 
2016-08-22 15:08:26:479[cInfo        ] --------------------| START BUFFER MESH INFO |-------------------------------------
2016-08-22 15:08:26:480[cInfo        ] BufferInfo::AddMesh(): NUM VERTS-----------------[172800]
2016-08-22 15:08:26:482[cInfo        ] BufferInfo::AddMesh(): NUM INDICES---------------[0]
2016-08-22 15:08:26:483[cInfo        ] BufferInfo::AddMesh(): VERT OFFSET---------------[0]
2016-08-22 15:08:26:483[cInfo        ] BufferInfo::AddMesh(): INDICES OFFSET (BYTES)----[0]
2016-08-22 15:08:26:485[cInfo        ] --------------------|  END BUFFER MESH INFO  |--------------------------------------
2016-08-22 15:08:26:486[cInfo        ] 

2016-08-22 15:08:26:487[Info         ] ShapeGenerator::ReadSceneFile(): Added new scene [..\Data\Scenes\WaterPlane.ptn.scene] successfully.
2016-08-22 15:08:26:488[cProcess     ] Camera::Initialize() successful.
2016-08-22 15:08:26:490[cInfo        ] --------BufferInfo::AddMesh() Added mesh successfully-------
2016-08-22 15:08:26:492[cInfo        ] 
2016-08-22 15:08:26:493[cInfo        ] --------------------| START BUFFER MESH INFO |-------------------------------------
2016-08-22 15:08:26:494[cInfo        ] BufferInfo::AddMesh(): NUM VERTS-----------------[3180]
2016-08-22 15:08:26:495[cInfo        ] BufferInfo::AddMesh(): NUM INDICES---------------[0]
2016-08-22 15:08:26:495[cInfo        ] BufferInfo::AddMesh(): VERT OFFSET---------------[36]
2016-08-22 15:08:26:496[cInfo        ] BufferInfo::AddMesh(): INDICES OFFSET (BYTES)----[0]
2016-08-22 15:08:26:497[cInfo        ] --------------------|  END BUFFER MESH INFO  |--------------------------------------
2016-08-22 15:08:26:498[cInfo        ] 

2016-08-22 15:08:26:499[Info         ] ShapeGenerator::ReadSceneFile(): Added new scene [..\Data\Scenes\Cat.pn.scene] successfully.
2016-08-22 15:08:26:499[cInfo        ] --------BufferInfo::AddMesh() Added mesh successfully-------
2016-08-22 15:08:26:500[cInfo        ] 
2016-08-22 15:08:26:500[cInfo        ] --------------------| START BUFFER MESH INFO |-------------------------------------
2016-08-22 15:08:26:501[cInfo        ] BufferInfo::AddMesh(): NUM VERTS-----------------[6]
2016-08-22 15:08:26:503[cInfo        ] BufferInfo::AddMesh(): NUM INDICES---------------[0]
2016-08-22 15:08:26:504[cInfo        ] BufferInfo::AddMesh(): VERT OFFSET---------------[54]
2016-08-22 15:08:26:505[cInfo        ] BufferInfo::AddMesh(): INDICES OFFSET (BYTES)----[0]
2016-08-22 15:08:26:506[cInfo        ] --------------------|  END BUFFER MESH INFO  |--------------------------------------
2016-08-22 15:08:26:507[cInfo        ] 

2016-08-22 15:08:26:508[cProcess     ] BodaciousQuest::Initialize() successful.
2016-08-22 15:08:26:509[Process      ] GameTime::Initialize() ok

2016-08-22 15:08:26:509[cProcess     ] MyWindow::Initialize() successful!
2016-08-22 15:08:38:845[cProcess     ] BufferManager::Shutdown() successful.
2016-08-22 15:08:38:847[cProcess     ] RenderEngine::Shutdown() successful.
2016-08-22 15:08:38:848[cProcess     ] Camera::Shutdown() successful.
2016-08-22 15:08:38:849[Info         ] Shader  [2] deleting...
2016-08-22 15:08:38:849[Info         ] Shader  [2] deleted successfully.
2016-08-22 15:08:38:849[Info         ] Shader  [3] deleting...
2016-08-22 15:08:38:849[Info         ] Shader  [3] deleted successfully.
2016-08-22 15:08:38:849[Info         ] All shaders deleted successfully.
2016-08-22 15:08:38:849[cInfo        ] Program [1] deleted successfully.
2016-08-22 15:08:38:850[Process      ] ShaderProgram[1]::Shutdown successful!
2016-08-22 15:08:38:850[Info         ] Shader  [5] deleting...
2016-08-22 15:08:38:850[Info         ] Shader  [5] deleted successfully.
2016-08-22 15:08:38:850[Info         ] Shader  [6] deleting...
2016-08-22 15:08:38:850[Info         ] Shader  [6] deleted successfully.
2016-08-22 15:08:38:850[Info         ] All shaders deleted successfully.
2016-08-22 15:08:38:850[cInfo        ] Program [4] deleted successfully.
2016-08-22 15:08:38:851[Process      ] ShaderProgram[4]::Shutdown successful!
2016-08-22 15:08:38:851[Info         ] Shader  [8] deleting...
2016-08-22 15:08:38:851[Info         ] Shader  [8] deleted successfully.
2016-08-22 15:08:38:851[Info         ] Shader  [9] deleting...
2016-08-22 15:08:38:851[Info         ] Shader  [9] deleted successfully.
2016-08-22 15:08:38:851[Info         ] All shaders deleted successfully.
2016-08-22 15:08:38:851[cInfo        ] Program [7] deleted successfully.
2016-08-22 15:08:38:852[Process      ] ShaderProgram[7]::Shutdown successful!
2016-08-22 15:08:38:852[Info         ] Shader  [11] deleting...
2016-08-22 15:08:38:853[Info         ] Shader  [11] deleted successfully.
2016-08-22 15:08:38:853[Info         ] Shader  [12] deleting...
2016-08-22 15:08:38:853[Info         ] Shader  [12] deleted successfully.
2016-08-22 15:08:38:853[Info         ] All shaders deleted successfully.
2016-08-22 15:08:38:853[cInfo        ] Program [10] deleted successfully.
2016-08-22 15:08:38:853[Process      ] ShaderProgram[10]::Shutdown successful!
2016-08-22 15:08:38:853[Info         ] Shader  [14] deleting...
2016-08-22 15:08:38:853[Info         ] Shader  [14] deleted successfully.
2016-08-22 15:08:38:853[Info         ] Shader  [15] deleting...
2016-08-22 15:08:38:853[Info         ] Shader  [15] deleted successfully.
2016-08-22 15:08:38:853[Info         ] All shaders deleted successfully.
2016-08-22 15:08:38:854[cInfo        ] Program [13] deleted successfully.
2016-08-22 15:08:38:854[Process      ] ShaderProgram[13]::Shutdown successful!
2016-08-22 15:08:38:854[Info         ] Shader  [17] deleting...
2016-08-22 15:08:38:854[Info         ] Shader  [17] deleted successfully.
2016-08-22 15:08:38:854[Info         ] Shader  [18] deleting...
2016-08-22 15:08:38:854[Info         ] Shader  [18] deleted successfully.
2016-08-22 15:08:38:854[Info         ] All shaders deleted successfully.
2016-08-22 15:08:38:854[cInfo        ] Program [16] deleted successfully.
2016-08-22 15:08:38:855[Process      ] ShaderProgram[16]::Shutdown successful!
2016-08-22 15:08:38:855[Info         ] Shader  [20] deleting...
2016-08-22 15:08:38:855[Info         ] Shader  [20] deleted successfully.
2016-08-22 15:08:38:855[Info         ] Shader  [21] deleting...
2016-08-22 15:08:38:855[Info         ] Shader  [21] deleted successfully.
2016-08-22 15:08:38:855[Info         ] All shaders deleted successfully.
2016-08-22 15:08:38:855[cInfo        ] Program [19] deleted successfully.
2016-08-22 15:08:38:858[Process      ] ShaderProgram[19]::Shutdown successful!
2016-08-22 15:08:38:858[cProcess     ] MyWindow::Shutdown() successful!
2016-08-22 15:08:38:859[cProcess     ] BodaciousQuest::Shutdown() successful.
2016-08-22 15:08:38:869[Process      ] ConfigReader shut down successfully
2016-08-22 15:08:38:869[Process      ] GameLogger::ShutDown() successful
