2016-08-21 14:44:36:273[Process      ] GameLogger::Initialize() opened log file [..\Data\LogFiles\2016-08-21 14-44-36.BodaciousQuest.log] for writing
2016-08-21 14:44:36:273[Info         ] GameLogger::Initialize() successful
2016-08-21 14:44:36:273[Process      ] ConfigReader opened [..\Data\BodaciousQuest.config] successfully
2016-08-21 14:44:36:274[Info         ] ConfigReader initialized successfully
2016-08-21 14:44:36:274[Info         ] Valid KVP [BodaciousQuest.ShowFullScreen] [false] added
2016-08-21 14:44:36:274[Info         ] Valid KVP [BodaciousQuest.FpsInterval] [5.0] added
2016-08-21 14:44:36:274[Info         ] Valid KVP [BodaciousQuest.EnableControls] [true] added
2016-08-21 14:44:36:274[Info         ] Valid KVP [BodaciousQuest.LoadCubeFirst] [true] added
2016-08-21 14:44:36:274[Info         ] Valid KVP [BodaciousQuest.CameraWalkMode] [false] added
2016-08-21 14:44:36:274[Info         ] Valid KVP [BodaciousQuest.GridSize] [40] added
2016-08-21 14:44:36:274[Info         ] Valid KVP [BodaciousQuest.LightingTest.Ambient.Color] [1.0  1.0  1.0] added
2016-08-21 14:44:36:274[Info         ] Valid KVP [BodaciousQuest.LightingTest.Diffuse.Color] [1.0  1.0  1.0] added
2016-08-21 14:44:36:274[Info         ] Valid KVP [BodaciousQuest.LightingTest.Specular.Color] [0.0  0.0  0.0] added
2016-08-21 14:44:36:274[Info         ] Valid KVP [BodaciousQuest.LightingTest.Ambient.Reflectivity] [0.01] added
2016-08-21 14:44:36:274[Info         ] Valid KVP [BodaciousQuest.LightingTest.Diffuse.Reflectivity] [0.8] added
2016-08-21 14:44:36:274[Info         ] Valid KVP [BodaciousQuest.LightingTest.Specular.Reflectivity] [0.5] added
2016-08-21 14:44:36:274[Info         ] Valid KVP [BodaciousQuest.LightingTest.Specular.Shininess] [1.0] added
2016-08-21 14:44:36:274[Info         ] Valid KVP [BodaciousQuest.LightingTest.Falloff.A] [1.0] added
2016-08-21 14:44:36:274[Info         ] Valid KVP [BodaciousQuest.LightingTest.Falloff.B] [0.01] added
2016-08-21 14:44:36:274[Info         ] Valid KVP [BodaciousQuest.LightingTest.Falloff.C] [0.0001] added
2016-08-21 14:44:36:274[Info         ] Valid KVP [BodaciousQuest.LightingTest.Directional] [false] added
2016-08-21 14:44:36:274[Info         ] Valid KVP [BodaciousQuest.LightingTest.Direction] [-1.0 0.0 1.0] added
2016-08-21 14:44:36:274[Info         ] Valid KVP [BodaciousQuest.LightingTest.Light.Position] [-0.875458 3.673020 1.043331] added
2016-08-21 14:44:36:274[Info         ] Valid KVP [BodaciousQuest.LightingTest.Dargon.Color] [1.0 1.0 0.4] added
2016-08-21 14:44:36:274[Info         ] Valid KVP [ObjConverter.Mode.VertexType] [pn] added
2016-08-21 14:44:36:274[Info         ] Valid KVP [ObjConverter.Mode.Analyze] [false] added
2016-08-21 14:44:36:274[Info         ] Valid KVP [ObjConverter.Model] [Dargon] added
2016-08-21 14:44:36:274[Info         ] Valid KVP [ObjConverter.Shader] [4] added
2016-08-21 14:44:36:274[Info         ] Valid KVP [ObjConverter.Color] [random] added
2016-08-21 14:44:36:274[Info         ] Valid KVP [ObjConverter.Obj.InputFileFolder] [..\\Data\\Objs\\] added
2016-08-21 14:44:36:274[Info         ] Valid KVP [ObjConverter.Scene.OutputFileFolder] [..\\Data\\Scenes\\] added
2016-08-21 14:44:36:274[Info         ] Valid KVP [ObjConverter.Model.Dargon.NumVerts] [57967] added
2016-08-21 14:44:36:274[Info         ] Valid KVP [ObjConverter.Model.Dargon.NumIndices] [337824] added
2016-08-21 14:44:36:274[Info         ] Valid KVP [ObjConverter.Model.Dargon.NumTexCoords] [60175] added
2016-08-21 14:44:36:274[Info         ] Valid KVP [ObjConverter.Model.Dargon.NumNormals] [337824] added
2016-08-21 14:44:36:274[Info         ] Valid KVP [ObjConverter.Model.Swamp.NumVerts] [2735] added
2016-08-21 14:44:36:274[Info         ] Valid KVP [ObjConverter.Model.Swamp.NumIndices] [8556] added
2016-08-21 14:44:36:274[Info         ] Valid KVP [ObjConverter.Model.Swamp.NumTexCoords] [3622] added
2016-08-21 14:44:36:274[Info         ] Valid KVP [ObjConverter.Model.Swamp.NumNormals] [5156] added
2016-08-21 14:44:36:274[Info         ] Valid KVP [ObjConverter.Model.Pyramid.NumVerts] [5] added
2016-08-21 14:44:36:274[Info         ] Valid KVP [ObjConverter.Model.Pyramid.NumIndices] [18] added
2016-08-21 14:44:36:275[Info         ] Valid KVP [ObjConverter.Model.Pyramid.NumTexCoords] [10] added
2016-08-21 14:44:36:275[Info         ] Valid KVP [ObjConverter.Model.Pyramid.NumNormals] [16] added
2016-08-21 14:44:36:275[Info         ] Valid KVP [ObjConverter.Model.AIWorld.NumVerts] [1957] added
2016-08-21 14:44:36:275[Info         ] Valid KVP [ObjConverter.Model.AIWorld.NumIndices] [8718] added
2016-08-21 14:44:36:275[Info         ] Valid KVP [ObjConverter.Model.AIWorld.NumTexCoords] [4186] added
2016-08-21 14:44:36:275[Info         ] Valid KVP [ObjConverter.Model.AIWorld.NumNormals] [5418] added
2016-08-21 14:44:36:275[Info         ] Valid KVP [ObjConverter.Model.GameWeapon.NumVerts] [2068] added
2016-08-21 14:44:36:275[Info         ] Valid KVP [ObjConverter.Model.GameWeapon.NumIndices] [9894] added
2016-08-21 14:44:36:275[Info         ] Valid KVP [ObjConverter.Model.GameWeapon.NumTexCoords] [0] added
2016-08-21 14:44:36:275[Info         ] Valid KVP [ObjConverter.Model.GameWeapon.NumNormals] [0] added
2016-08-21 14:44:36:275[Info         ] Valid KVP [ObjConverter.Model.Chicken.NumVerts] [224] added
2016-08-21 14:44:36:275[Info         ] Valid KVP [ObjConverter.Model.Chicken.NumIndices] [1374] added
2016-08-21 14:44:36:275[Info         ] Valid KVP [ObjConverter.Model.Chicken.NumTexCoords] [472] added
2016-08-21 14:44:36:275[Info         ] Valid KVP [ObjConverter.Model.Chicken.NumNormals] [565] added
2016-08-21 14:44:36:275[Info         ] Valid KVP [ObjConverter.Model.WaterPlane.NumVerts] [29282] added
2016-08-21 14:44:36:275[Info         ] Valid KVP [ObjConverter.Model.WaterPlane.NumIndices] [172800] added
2016-08-21 14:44:36:275[Info         ] Valid KVP [ObjConverter.Model.WaterPlane.NumTexCoords] [29282] added
2016-08-21 14:44:36:275[Info         ] Valid KVP [ObjConverter.Model.WaterPlane.NumNormals] [172800] added
2016-08-21 14:44:36:275[Info         ] Valid KVP [ObjConverter.Model.Cube.NumVerts] [8] added
2016-08-21 14:44:36:275[Info         ] Valid KVP [ObjConverter.Model.Cube.NumIndices] [36] added
2016-08-21 14:44:36:275[Info         ] Valid KVP [ObjConverter.Model.Cube.NumTexCoords] [14] added
2016-08-21 14:44:36:275[Info         ] Valid KVP [ObjConverter.Model.Cube.NumNormals] [24] added
2016-08-21 14:44:36:275[Info         ] Valid KVP [ObjConverter.Model.Barrel.NumVerts] [172] added
2016-08-21 14:44:36:275[Info         ] Valid KVP [ObjConverter.Model.Barrel.NumIndices] [1008] added
2016-08-21 14:44:36:275[Info         ] Valid KVP [ObjConverter.Model.Barrel.NumTexCoords] [328] added
2016-08-21 14:44:36:275[Info         ] Valid KVP [ObjConverter.Model.Barrel.NumNormals] [204] added
2016-08-21 14:44:36:275[Info         ] Valid KVP [ObjConverter.Model.SkyBox.NumVerts] [8] added
2016-08-21 14:44:36:275[Info         ] Valid KVP [ObjConverter.Model.SkyBox.NumIndices] [36] added
2016-08-21 14:44:36:275[Info         ] Valid KVP [ObjConverter.Model.SkyBox.NumTexCoords] [18] added
2016-08-21 14:44:36:275[Info         ] Valid KVP [ObjConverter.Model.SkyBox.NumNormals] [24] added
2016-08-21 14:44:36:340[cInfo        ] Config reader opened [..\Data\BodaciousQuest.config] for reading!
2016-08-21 14:44:36:396[Process      ] ShaderManager Initialized successfully
2016-08-21 14:44:36:397[Info         ] Shader Init started
2016-08-21 14:44:36:397[Info         ] Shader Program created.
2016-08-21 14:44:36:397[Process      ] ShaderProgram::Initialize()[1] successful!
2016-08-21 14:44:36:397[Debug        ] File [..\Data\shaders\debug.vert.shader] Opened successfully! Buffer Length:[291]
2016-08-21 14:44:36:397[Debug        ] Shader file [..\Data\shaders\debug.vert.shader] contents:
//BEGIN
#version 430 core

layout(location = 0)  in vec3 vPosition;

layout(location = 15) uniform vec3 colorin;
layout(location = 16) uniform mat4 MAT;

out vec4 color;

void main()
{
	vec4 vertPos = vec4(vPosition, 1.0);
	gl_Position = MAT *  vertPos;
	color = vec4(colorin, 1.0);
}
//END

2016-08-21 14:44:36:397[Debug        ]  ShaderProgram::AddShader() file with data was read in
2016-08-21 14:44:36:397[Debug        ] ShaderProgram::AddShader() : glShaderSource() successful
2016-08-21 14:44:36:398[Debug        ] ShaderProgram::AddShader() : glCompileShader() successful
2016-08-21 14:44:36:398[Info         ] ShaderProgram::CheckShaderCompileStatus(2) successful.
2016-08-21 14:44:36:398[Debug        ] ShaderProgram::AddShader() : glCompileShader() successful
2016-08-21 14:44:36:398[Info         ] ShaderInfo saved successfully.
2016-08-21 14:44:36:398[Debug        ] ShaderProgram::AddShader() : glAttachShader() successful
2016-08-21 14:44:36:398[Info         ] ShaderProgram::AddShader [2] successful.
2016-08-21 14:44:36:398[Debug        ] File [..\Data\shaders\debug.frag.shader] Opened successfully! Buffer Length:[104]
2016-08-21 14:44:36:398[Debug        ] Shader file [..\Data\shaders\debug.frag.shader] contents:
//BEGIN
#version 430 core


in  vec4 color;
out vec4 outColor;

void main()
{
	outColor = color;
}


//END

2016-08-21 14:44:36:398[Debug        ]  ShaderProgram::AddShader() file with data was read in
2016-08-21 14:44:36:398[Debug        ] ShaderProgram::AddShader() : glShaderSource() successful
2016-08-21 14:44:36:398[Debug        ] ShaderProgram::AddShader() : glCompileShader() successful
2016-08-21 14:44:36:398[Info         ] ShaderProgram::CheckShaderCompileStatus(3) successful.
2016-08-21 14:44:36:398[Debug        ] ShaderProgram::AddShader() : glCompileShader() successful
2016-08-21 14:44:36:398[Info         ] ShaderInfo saved successfully.
2016-08-21 14:44:36:398[Debug        ] ShaderProgram::AddShader() : glAttachShader() successful
2016-08-21 14:44:36:398[Info         ] ShaderProgram::AddShader [3] successful.
2016-08-21 14:44:36:399[Info         ] CheckProgramStatus() successful!
2016-08-21 14:44:36:399[Info         ] CheckProgramStatus() successful!
2016-08-21 14:44:36:399[Info         ] Shader Init started
2016-08-21 14:44:36:399[Info         ] Shader Program created.
2016-08-21 14:44:36:399[Process      ] ShaderProgram::Initialize()[4] successful!
2016-08-21 14:44:36:399[Debug        ] File [..\Data\shaders\play.vert.shader] Opened successfully! Buffer Length:[343]
2016-08-21 14:44:36:399[Debug        ] Shader file [..\Data\shaders\play.vert.shader] contents:
//BEGIN
#version 430 core

layout (location = 0)  in vec3 vPosition;
layout (location = 1)  in vec3 vColor;
layout (location = 15) uniform vec3 colorin;
layout (location = 16) uniform mat4 MAT;

out vec4 color;

void main()
{
	vec4 vertPos = vec4(vPosition, 1.0);
	gl_Position = MAT *  vertPos;
	color = vec4((vColor + colorin), 1.0);
}
//END

2016-08-21 14:44:36:400[Debug        ]  ShaderProgram::AddShader() file with data was read in
2016-08-21 14:44:36:400[Debug        ] ShaderProgram::AddShader() : glShaderSource() successful
2016-08-21 14:44:36:400[Debug        ] ShaderProgram::AddShader() : glCompileShader() successful
2016-08-21 14:44:36:400[Info         ] ShaderProgram::CheckShaderCompileStatus(5) successful.
2016-08-21 14:44:36:400[Debug        ] ShaderProgram::AddShader() : glCompileShader() successful
2016-08-21 14:44:36:400[Info         ] ShaderInfo saved successfully.
2016-08-21 14:44:36:400[Debug        ] ShaderProgram::AddShader() : glAttachShader() successful
2016-08-21 14:44:36:400[Info         ] ShaderProgram::AddShader [5] successful.
2016-08-21 14:44:36:400[Debug        ] File [..\Data\shaders\play.frag.shader] Opened successfully! Buffer Length:[391]
2016-08-21 14:44:36:400[Debug        ] Shader file [..\Data\shaders\play.frag.shader] contents:
//BEGIN
#version 430 core


in  vec4 color;
out vec4 outColor;

void main()
{

	//if (color.r < .7) discard;
	outColor = color;

	//if(((gl_FragCoord.x  > 600)&& (gl_FragCoord.y < 300)) || ((gl_FragCoord.y < 300)  && (gl_FragCoord.x  < 600) )) {
	//discard;
	//}

	//vec2 scrPos = vec2(gl_FragCoord) - vec2(350,150);
	//float len =  length(scrPos);
	//if(len < 50 )discard;
}


//END

2016-08-21 14:44:36:400[Debug        ]  ShaderProgram::AddShader() file with data was read in
2016-08-21 14:44:36:400[Debug        ] ShaderProgram::AddShader() : glShaderSource() successful
2016-08-21 14:44:36:400[Debug        ] ShaderProgram::AddShader() : glCompileShader() successful
2016-08-21 14:44:36:400[Info         ] ShaderProgram::CheckShaderCompileStatus(6) successful.
2016-08-21 14:44:36:400[Debug        ] ShaderProgram::AddShader() : glCompileShader() successful
2016-08-21 14:44:36:400[Info         ] ShaderInfo saved successfully.
2016-08-21 14:44:36:400[Debug        ] ShaderProgram::AddShader() : glAttachShader() successful
2016-08-21 14:44:36:400[Info         ] ShaderProgram::AddShader [6] successful.
2016-08-21 14:44:36:401[Info         ] CheckProgramStatus() successful!
2016-08-21 14:44:36:401[Info         ] CheckProgramStatus() successful!
2016-08-21 14:44:36:401[Info         ] Shader Init started
2016-08-21 14:44:36:401[Info         ] Shader Program created.
2016-08-21 14:44:36:401[Process      ] ShaderProgram::Initialize()[7] successful!
2016-08-21 14:44:36:401[Debug        ] File [..\Data\shaders\texture.vert.shader] Opened successfully! Buffer Length:[305]
2016-08-21 14:44:36:401[Debug        ] Shader file [..\Data\shaders\texture.vert.shader] contents:
//BEGIN
#version 430 core

layout (location = 0)  in vec3 vPosition;
layout (location = 1)  in vec2 vUV;

layout (location = 16) uniform mat4 MAT;

//out data
out vec2 UV;

//out vec4 color;

void main()
{
	vec4 vertPos = vec4(vPosition, 1.0);
	gl_Position = MAT *  vertPos;

	UV = vUV;
	
	
}
//END

2016-08-21 14:44:36:401[Debug        ]  ShaderProgram::AddShader() file with data was read in
2016-08-21 14:44:36:401[Debug        ] ShaderProgram::AddShader() : glShaderSource() successful
2016-08-21 14:44:36:401[Debug        ] ShaderProgram::AddShader() : glCompileShader() successful
2016-08-21 14:44:36:401[Info         ] ShaderProgram::CheckShaderCompileStatus(8) successful.
2016-08-21 14:44:36:401[Debug        ] ShaderProgram::AddShader() : glCompileShader() successful
2016-08-21 14:44:36:401[Info         ] ShaderInfo saved successfully.
2016-08-21 14:44:36:401[Debug        ] ShaderProgram::AddShader() : glAttachShader() successful
2016-08-21 14:44:36:401[Info         ] ShaderProgram::AddShader [8] successful.
2016-08-21 14:44:36:401[Debug        ] File [..\Data\shaders\texture.frag.shader] Opened successfully! Buffer Length:[482]
2016-08-21 14:44:36:401[Debug        ] Shader file [..\Data\shaders\texture.frag.shader] contents:
//BEGIN
#version 430 core


in  vec2 UV;
out vec4 outColor;

layout(location = 20) uniform sampler2D textureSampler;

void main()
{

	//if (color.r < .7) discard;
	outColor = vec4(texture(textureSampler, UV).rgb, 1.0);

	//if(((gl_FragCoord.x  > 600)&& (gl_FragCoord.y < 300)) || ((gl_FragCoord.y < 300)  && (gl_FragCoord.x  < 600) )) {
	//discard;
	//}
	//vec2 scrPos = vec2(gl_FragCoord) - vec2(350,150);
	//float len =  length(scrPos);
	//if(len < 50 )discard;
}


//END

2016-08-21 14:44:36:401[Debug        ]  ShaderProgram::AddShader() file with data was read in
2016-08-21 14:44:36:402[Debug        ] ShaderProgram::AddShader() : glShaderSource() successful
2016-08-21 14:44:36:402[Debug        ] ShaderProgram::AddShader() : glCompileShader() successful
2016-08-21 14:44:36:402[Info         ] ShaderProgram::CheckShaderCompileStatus(9) successful.
2016-08-21 14:44:36:402[Debug        ] ShaderProgram::AddShader() : glCompileShader() successful
2016-08-21 14:44:36:402[Info         ] ShaderInfo saved successfully.
2016-08-21 14:44:36:402[Debug        ] ShaderProgram::AddShader() : glAttachShader() successful
2016-08-21 14:44:36:402[Info         ] ShaderProgram::AddShader [9] successful.
2016-08-21 14:44:36:403[Info         ] CheckProgramStatus() successful!
2016-08-21 14:44:36:403[Info         ] CheckProgramStatus() successful!
2016-08-21 14:44:36:403[Info         ] Shader Init started
2016-08-21 14:44:36:403[Info         ] Shader Program created.
2016-08-21 14:44:36:403[Process      ] ShaderProgram::Initialize()[10] successful!
2016-08-21 14:44:36:403[Debug        ] File [..\Data\shaders\framebuffer.vert.shader] Opened successfully! Buffer Length:[305]
2016-08-21 14:44:36:403[Debug        ] Shader file [..\Data\shaders\framebuffer.vert.shader] contents:
//BEGIN
#version 430 core

layout (location = 0)  in vec3 vPosition;
layout (location = 1)  in vec2 vUV;

layout (location = 16) uniform mat4 MAT;

//out data
out vec2 UV;

//out vec4 color;

void main()
{
	vec4 vertPos = vec4(vPosition, 1.0);
	gl_Position = MAT *  vertPos;

	UV = vUV;
	
	
}
//END

2016-08-21 14:44:36:403[Debug        ]  ShaderProgram::AddShader() file with data was read in
2016-08-21 14:44:36:403[Debug        ] ShaderProgram::AddShader() : glShaderSource() successful
2016-08-21 14:44:36:403[Debug        ] ShaderProgram::AddShader() : glCompileShader() successful
2016-08-21 14:44:36:403[Info         ] ShaderProgram::CheckShaderCompileStatus(11) successful.
2016-08-21 14:44:36:403[Debug        ] ShaderProgram::AddShader() : glCompileShader() successful
2016-08-21 14:44:36:403[Info         ] ShaderInfo saved successfully.
2016-08-21 14:44:36:403[Debug        ] ShaderProgram::AddShader() : glAttachShader() successful
2016-08-21 14:44:36:403[Info         ] ShaderProgram::AddShader [11] successful.
2016-08-21 14:44:36:403[Debug        ] File [..\Data\shaders\framebuffer.frag.shader] Opened successfully! Buffer Length:[275]
2016-08-21 14:44:36:404[Debug        ] Shader file [..\Data\shaders\framebuffer.frag.shader] contents:
//BEGIN
#version 430 core


in  vec2 UV;
out vec4 outColor;

layout(location = 20) uniform sampler2D textureSampler;

void main()
{


	vec3 tempCol = texture(textureSampler, UV).rgb;

	outColor = vec4(tempCol.r / 1.5f, tempCol.g / 1.5f, tempCol.b / 1.5f, 1.0f);
}


//END

2016-08-21 14:44:36:404[Debug        ]  ShaderProgram::AddShader() file with data was read in
2016-08-21 14:44:36:404[Debug        ] ShaderProgram::AddShader() : glShaderSource() successful
2016-08-21 14:44:36:404[Debug        ] ShaderProgram::AddShader() : glCompileShader() successful
2016-08-21 14:44:36:404[Info         ] ShaderProgram::CheckShaderCompileStatus(12) successful.
2016-08-21 14:44:36:404[Debug        ] ShaderProgram::AddShader() : glCompileShader() successful
2016-08-21 14:44:36:404[Info         ] ShaderInfo saved successfully.
2016-08-21 14:44:36:404[Debug        ] ShaderProgram::AddShader() : glAttachShader() successful
2016-08-21 14:44:36:404[Info         ] ShaderProgram::AddShader [12] successful.
2016-08-21 14:44:36:405[Info         ] CheckProgramStatus() successful!
2016-08-21 14:44:36:405[Info         ] CheckProgramStatus() successful!
2016-08-21 14:44:36:405[Info         ] Shader Init started
2016-08-21 14:44:36:405[Info         ] Shader Program created.
2016-08-21 14:44:36:405[Process      ] ShaderProgram::Initialize()[13] successful!
2016-08-21 14:44:36:405[Debug        ] File [..\Data\shaders\lighting.vert.shader] Opened successfully! Buffer Length:[1145]
2016-08-21 14:44:36:405[cDebug       ] Shader file [..\Data\shaders\lighting.vert.shader] is too big to display contents.
2016-08-21 14:44:36:406[Debug        ]  ShaderProgram::AddShader() file with data was read in
2016-08-21 14:44:36:406[Debug        ] ShaderProgram::AddShader() : glShaderSource() successful
2016-08-21 14:44:36:407[Debug        ] ShaderProgram::AddShader() : glCompileShader() successful
2016-08-21 14:44:36:407[Info         ] ShaderProgram::CheckShaderCompileStatus(14) successful.
2016-08-21 14:44:36:407[Debug        ] ShaderProgram::AddShader() : glCompileShader() successful
2016-08-21 14:44:36:407[Info         ] ShaderInfo saved successfully.
2016-08-21 14:44:36:407[Debug        ] ShaderProgram::AddShader() : glAttachShader() successful
2016-08-21 14:44:36:407[Info         ] ShaderProgram::AddShader [14] successful.
2016-08-21 14:44:36:407[Debug        ] File [..\Data\shaders\lighting.frag.shader] Opened successfully! Buffer Length:[1744]
2016-08-21 14:44:36:407[cDebug       ] Shader file [..\Data\shaders\lighting.frag.shader] is too big to display contents.
2016-08-21 14:44:36:408[Debug        ]  ShaderProgram::AddShader() file with data was read in
2016-08-21 14:44:36:408[Debug        ] ShaderProgram::AddShader() : glShaderSource() successful
2016-08-21 14:44:36:408[Debug        ] ShaderProgram::AddShader() : glCompileShader() successful
2016-08-21 14:44:36:408[Info         ] ShaderProgram::CheckShaderCompileStatus(15) successful.
2016-08-21 14:44:36:408[Debug        ] ShaderProgram::AddShader() : glCompileShader() successful
2016-08-21 14:44:36:408[Info         ] ShaderInfo saved successfully.
2016-08-21 14:44:36:408[Debug        ] ShaderProgram::AddShader() : glAttachShader() successful
2016-08-21 14:44:36:408[Info         ] ShaderProgram::AddShader [15] successful.
2016-08-21 14:44:36:412[Info         ] CheckProgramStatus() successful!
2016-08-21 14:44:36:412[Info         ] CheckProgramStatus() successful!
2016-08-21 14:44:36:412[Info         ] Shader Init started
2016-08-21 14:44:36:412[Info         ] Shader Program created.
2016-08-21 14:44:36:412[Process      ] ShaderProgram::Initialize()[16] successful!
2016-08-21 14:44:36:412[Debug        ] File [..\Data\shaders\texlighting.vert.shader] Opened successfully! Buffer Length:[1110]
2016-08-21 14:44:36:412[cDebug       ] Shader file [..\Data\shaders\texlighting.vert.shader] is too big to display contents.
2016-08-21 14:44:36:414[Debug        ]  ShaderProgram::AddShader() file with data was read in
2016-08-21 14:44:36:414[Debug        ] ShaderProgram::AddShader() : glShaderSource() successful
2016-08-21 14:44:36:414[Debug        ] ShaderProgram::AddShader() : glCompileShader() successful
2016-08-21 14:44:36:414[Info         ] ShaderProgram::CheckShaderCompileStatus(17) successful.
2016-08-21 14:44:36:414[Debug        ] ShaderProgram::AddShader() : glCompileShader() successful
2016-08-21 14:44:36:414[Info         ] ShaderInfo saved successfully.
2016-08-21 14:44:36:414[Debug        ] ShaderProgram::AddShader() : glAttachShader() successful
2016-08-21 14:44:36:414[Info         ] ShaderProgram::AddShader [17] successful.
2016-08-21 14:44:36:414[Debug        ] File [..\Data\shaders\texlighting.frag.shader] Opened successfully! Buffer Length:[1717]
2016-08-21 14:44:36:414[cDebug       ] Shader file [..\Data\shaders\texlighting.frag.shader] is too big to display contents.
2016-08-21 14:44:36:416[Debug        ]  ShaderProgram::AddShader() file with data was read in
2016-08-21 14:44:36:416[Debug        ] ShaderProgram::AddShader() : glShaderSource() successful
2016-08-21 14:44:36:417[Debug        ] ShaderProgram::AddShader() : glCompileShader() successful
2016-08-21 14:44:36:417[Info         ] ShaderProgram::CheckShaderCompileStatus(18) successful.
2016-08-21 14:44:36:417[Debug        ] ShaderProgram::AddShader() : glCompileShader() successful
2016-08-21 14:44:36:417[Info         ] ShaderInfo saved successfully.
2016-08-21 14:44:36:417[Debug        ] ShaderProgram::AddShader() : glAttachShader() successful
2016-08-21 14:44:36:417[Info         ] ShaderProgram::AddShader [18] successful.
2016-08-21 14:44:36:420[Info         ] CheckProgramStatus() successful!
2016-08-21 14:44:36:420[Info         ] CheckProgramStatus() successful!
2016-08-21 14:44:36:420[Info         ] Shader Init started
2016-08-21 14:44:36:420[Info         ] Shader Program created.
2016-08-21 14:44:36:420[Process      ] ShaderProgram::Initialize()[19] successful!
2016-08-21 14:44:36:420[Debug        ] File [..\Data\shaders\water.vert.shader] Opened successfully! Buffer Length:[1400]
2016-08-21 14:44:36:420[cDebug       ] Shader file [..\Data\shaders\water.vert.shader] is too big to display contents.
2016-08-21 14:44:36:422[Debug        ]  ShaderProgram::AddShader() file with data was read in
2016-08-21 14:44:36:422[Debug        ] ShaderProgram::AddShader() : glShaderSource() successful
2016-08-21 14:44:36:422[Debug        ] ShaderProgram::AddShader() : glCompileShader() successful
2016-08-21 14:44:36:422[Info         ] ShaderProgram::CheckShaderCompileStatus(20) successful.
2016-08-21 14:44:36:422[Debug        ] ShaderProgram::AddShader() : glCompileShader() successful
2016-08-21 14:44:36:422[Info         ] ShaderInfo saved successfully.
2016-08-21 14:44:36:422[Debug        ] ShaderProgram::AddShader() : glAttachShader() successful
2016-08-21 14:44:36:422[Info         ] ShaderProgram::AddShader [20] successful.
2016-08-21 14:44:36:422[Debug        ] File [..\Data\shaders\water.frag.shader] Opened successfully! Buffer Length:[2436]
2016-08-21 14:44:36:422[cDebug       ] Shader file [..\Data\shaders\water.frag.shader] is too big to display contents.
2016-08-21 14:44:36:423[Debug        ]  ShaderProgram::AddShader() file with data was read in
2016-08-21 14:44:36:423[Debug        ] ShaderProgram::AddShader() : glShaderSource() successful
2016-08-21 14:44:36:424[Debug        ] ShaderProgram::AddShader() : glCompileShader() successful
2016-08-21 14:44:36:424[Info         ] ShaderProgram::CheckShaderCompileStatus(21) successful.
2016-08-21 14:44:36:424[Debug        ] ShaderProgram::AddShader() : glCompileShader() successful
2016-08-21 14:44:36:424[Info         ] ShaderInfo saved successfully.
2016-08-21 14:44:36:424[Debug        ] ShaderProgram::AddShader() : glAttachShader() successful
2016-08-21 14:44:36:424[Info         ] ShaderProgram::AddShader [21] successful.
2016-08-21 14:44:36:427[Info         ] CheckProgramStatus() successful!
2016-08-21 14:44:36:427[Info         ] CheckProgramStatus() successful!
2016-08-21 14:44:36:427[Info         ] GetAttribLocation [vPosition] successful.
2016-08-21 14:44:36:427[Info         ] GetUniformLocation [colorin] successful.
2016-08-21 14:44:36:427[Info         ] GetUniformLocation [MAT] successful.
2016-08-21 14:44:36:427[cProcess     ] RenderEngine::Initialize() successful.
2016-08-21 14:44:36:429[cInfo        ] 
-----------------------------------------------------------------------
 BufferInfo::CreateBuffers()[0] Created buffers:| VERTEX [1] with [80] bytes. || INDEX [2] with [24] bytes |
-----------------------------------------------------------------------

2016-08-21 14:44:36:435[cInfo        ] --------BufferInfo::AddMesh() Added mesh successfully-------
2016-08-21 14:44:36:437[cInfo        ] 
2016-08-21 14:44:36:437[cInfo        ] --------------------| START BUFFER MESH INFO |-------------------------------------
2016-08-21 14:44:36:439[cInfo        ] BufferInfo::AddMesh(): NUM VERTS-----------------[4]
2016-08-21 14:44:36:441[cInfo        ] BufferInfo::AddMesh(): NUM INDICES---------------[6]
2016-08-21 14:44:36:443[cInfo        ] BufferInfo::AddMesh(): VERT OFFSET---------------[0]
2016-08-21 14:44:36:444[cInfo        ] BufferInfo::AddMesh(): INDICES OFFSET (BYTES)----[0]
2016-08-21 14:44:36:447[cInfo        ] --------------------|  END BUFFER MESH INFO  |--------------------------------------
2016-08-21 14:44:36:449[cInfo        ] 

2016-08-21 14:44:36:450[cInfo        ] 
-----------------------------------------------------------------------
 BufferInfo::CreateBuffers()[0] Created buffers:| VERTEX [3] with [96] bytes. || INDEX [4] with [48] bytes |
-----------------------------------------------------------------------

2016-08-21 14:44:36:455[cInfo        ] --------BufferInfo::AddMesh() Added mesh successfully-------
2016-08-21 14:44:36:457[cInfo        ] 
2016-08-21 14:44:36:457[cInfo        ] --------------------| START BUFFER MESH INFO |-------------------------------------
2016-08-21 14:44:36:459[cInfo        ] BufferInfo::AddMesh(): NUM VERTS-----------------[8]
2016-08-21 14:44:36:460[cInfo        ] BufferInfo::AddMesh(): NUM INDICES---------------[24]
2016-08-21 14:44:36:461[cInfo        ] BufferInfo::AddMesh(): VERT OFFSET---------------[0]
2016-08-21 14:44:36:464[cInfo        ] BufferInfo::AddMesh(): INDICES OFFSET (BYTES)----[0]
2016-08-21 14:44:36:465[cInfo        ] --------------------|  END BUFFER MESH INFO  |--------------------------------------
2016-08-21 14:44:36:466[cInfo        ] 

2016-08-21 14:44:36:467[cInfo        ] 
-----------------------------------------------------------------------
 BufferInfo::CreateBuffers()[0] Created buffers:| VERTEX [5] with [864] bytes. || INDEX [6] with [0] bytes |
-----------------------------------------------------------------------

2016-08-21 14:44:36:471[cInfo        ] --------BufferInfo::AddMesh() Added mesh successfully-------
2016-08-21 14:44:36:473[cInfo        ] 
2016-08-21 14:44:36:474[cInfo        ] --------------------| START BUFFER MESH INFO |-------------------------------------
2016-08-21 14:44:36:475[cInfo        ] BufferInfo::AddMesh(): NUM VERTS-----------------[36]
2016-08-21 14:44:36:476[cInfo        ] BufferInfo::AddMesh(): NUM INDICES---------------[0]
2016-08-21 14:44:36:477[cInfo        ] BufferInfo::AddMesh(): VERT OFFSET---------------[0]
2016-08-21 14:44:36:478[cInfo        ] BufferInfo::AddMesh(): INDICES OFFSET (BYTES)----[0]
2016-08-21 14:44:36:479[cInfo        ] --------------------|  END BUFFER MESH INFO  |--------------------------------------
2016-08-21 14:44:36:481[cInfo        ] 

2016-08-21 14:44:36:481[cInfo        ] 
-----------------------------------------------------------------------
 BufferInfo::CreateBuffers()[0] Created buffers:| VERTEX [7] with [144] bytes. || INDEX [8] with [0] bytes |
-----------------------------------------------------------------------

2016-08-21 14:44:36:488[cInfo        ] --------BufferInfo::AddMesh() Added mesh successfully-------
2016-08-21 14:44:36:490[cInfo        ] 
2016-08-21 14:44:36:491[cInfo        ] --------------------| START BUFFER MESH INFO |-------------------------------------
2016-08-21 14:44:36:492[cInfo        ] BufferInfo::AddMesh(): NUM VERTS-----------------[6]
2016-08-21 14:44:36:494[cInfo        ] BufferInfo::AddMesh(): NUM INDICES---------------[0]
2016-08-21 14:44:36:496[cInfo        ] BufferInfo::AddMesh(): VERT OFFSET---------------[0]
2016-08-21 14:44:36:497[cInfo        ] BufferInfo::AddMesh(): INDICES OFFSET (BYTES)----[0]
2016-08-21 14:44:36:499[cInfo        ] --------------------|  END BUFFER MESH INFO  |--------------------------------------
2016-08-21 14:44:36:501[cInfo        ] 

2016-08-21 14:44:36:503[Process      ] BufferInfo::Initialize() successful.
2016-08-21 14:44:36:504[cInfo        ] 
-----------------------------------------------------------------------
 BufferInfo::CreateBuffers()[0] Created buffers:| VERTEX [9] with [1000000] bytes. || INDEX [10] with [1000000] bytes |
-----------------------------------------------------------------------

2016-08-21 14:44:36:507[cInfo        ] --------BufferInfo::AddMesh() Added mesh successfully-------
2016-08-21 14:44:36:508[cInfo        ] 
2016-08-21 14:44:36:508[cInfo        ] --------------------| START BUFFER MESH INFO |-------------------------------------
2016-08-21 14:44:36:510[cInfo        ] BufferInfo::AddMesh(): NUM VERTS-----------------[24]
2016-08-21 14:44:36:510[cInfo        ] BufferInfo::AddMesh(): NUM INDICES---------------[36]
2016-08-21 14:44:36:512[cInfo        ] BufferInfo::AddMesh(): VERT OFFSET---------------[0]
2016-08-21 14:44:36:515[cInfo        ] BufferInfo::AddMesh(): INDICES OFFSET (BYTES)----[0]
2016-08-21 14:44:36:516[cInfo        ] --------------------|  END BUFFER MESH INFO  |--------------------------------------
2016-08-21 14:44:36:517[cInfo        ] 

2016-08-21 14:44:36:519[Process      ] BufferInfo::Initialize() successful.
2016-08-21 14:44:36:519[cInfo        ] 
-----------------------------------------------------------------------
 BufferInfo::CreateBuffers()[1] Created buffers:| VERTEX [11] with [1000000] bytes. || INDEX [12] with [1000000] bytes |
-----------------------------------------------------------------------

2016-08-21 14:44:36:526[cInfo        ] --------BufferInfo::AddMesh() Added mesh successfully-------
2016-08-21 14:44:36:527[cInfo        ] 
2016-08-21 14:44:36:528[cInfo        ] --------------------| START BUFFER MESH INFO |-------------------------------------
2016-08-21 14:44:36:531[cInfo        ] BufferInfo::AddMesh(): NUM VERTS-----------------[1536]
2016-08-21 14:44:36:533[cInfo        ] BufferInfo::AddMesh(): NUM INDICES---------------[3072]
2016-08-21 14:44:36:535[cInfo        ] BufferInfo::AddMesh(): VERT OFFSET---------------[0]
2016-08-21 14:44:36:536[cInfo        ] BufferInfo::AddMesh(): INDICES OFFSET (BYTES)----[0]
2016-08-21 14:44:36:538[cInfo        ] --------------------|  END BUFFER MESH INFO  |--------------------------------------
2016-08-21 14:44:36:539[cInfo        ] 

2016-08-21 14:44:36:540[cInfo        ] 
-----------------------------------------------------------------------
 BufferInfo::CreateBuffers()[0] Created buffers:| VERTEX [13] with [3936] bytes. || INDEX [14] with [0] bytes |
-----------------------------------------------------------------------

2016-08-21 14:44:36:547[cInfo        ] --------BufferInfo::AddMesh() Added mesh successfully-------
2016-08-21 14:44:36:549[cInfo        ] 
2016-08-21 14:44:36:549[cInfo        ] --------------------| START BUFFER MESH INFO |-------------------------------------
2016-08-21 14:44:36:550[cInfo        ] BufferInfo::AddMesh(): NUM VERTS-----------------[164]
2016-08-21 14:44:36:551[cInfo        ] BufferInfo::AddMesh(): NUM INDICES---------------[0]
2016-08-21 14:44:36:552[cInfo        ] BufferInfo::AddMesh(): VERT OFFSET---------------[0]
2016-08-21 14:44:36:554[cInfo        ] BufferInfo::AddMesh(): INDICES OFFSET (BYTES)----[0]
2016-08-21 14:44:36:555[cInfo        ] --------------------|  END BUFFER MESH INFO  |--------------------------------------
2016-08-21 14:44:36:556[cInfo        ] 

2016-08-21 14:44:36:557[cProcess     ] ShapeGenerator initialized successfully.
2016-08-21 14:44:36:558[cProcess     ] Camera::Initialize() successful.
2016-08-21 14:44:36:558[cProcess     ] Keyboard::Initialize() successful
2016-08-21 14:44:36:559[cProcess     ] Keyboard::Initialize() successful
2016-08-21 14:44:36:572[cInfo        ] 
-----------------------------------------------------------------------
 BufferInfo::CreateBuffers()[0] Created buffers:| VERTEX [15] with [10810368] bytes. || INDEX [16] with [0] bytes |
-----------------------------------------------------------------------

2016-08-21 14:44:36:600[cInfo        ] --------BufferInfo::AddMesh() Added mesh successfully-------
2016-08-21 14:44:36:601[cInfo        ] 
2016-08-21 14:44:36:602[cInfo        ] --------------------| START BUFFER MESH INFO |-------------------------------------
2016-08-21 14:44:36:604[cInfo        ] BufferInfo::AddMesh(): NUM VERTS-----------------[337824]
2016-08-21 14:44:36:605[cInfo        ] BufferInfo::AddMesh(): NUM INDICES---------------[0]
2016-08-21 14:44:36:607[cInfo        ] BufferInfo::AddMesh(): VERT OFFSET---------------[0]
2016-08-21 14:44:36:608[cInfo        ] BufferInfo::AddMesh(): INDICES OFFSET (BYTES)----[0]
2016-08-21 14:44:36:611[cInfo        ] --------------------|  END BUFFER MESH INFO  |--------------------------------------
2016-08-21 14:44:36:613[cInfo        ] 

2016-08-21 14:44:36:645[Info         ] ShapeGenerator::ReadSceneFile(): Added new scene [..\Data\Scenes\Dargon.ptn.scene] successfully.
2016-08-21 14:44:36:645[cInfo        ] EntityManager::BuildPlayerEntity(): Built [Dargon] successfully
2016-08-21 14:44:36:650[Process      ] BufferInfo::Initialize() successful.
2016-08-21 14:44:36:655[cInfo        ] 
-----------------------------------------------------------------------
 BufferInfo::CreateBuffers()[2] Created buffers:| VERTEX [17] with [1000000] bytes. || INDEX [18] with [1000000] bytes |
-----------------------------------------------------------------------

2016-08-21 14:44:36:663[cInfo        ] --------BufferInfo::AddMesh() Added mesh successfully-------
2016-08-21 14:44:36:665[cInfo        ] 
2016-08-21 14:44:36:665[cInfo        ] --------------------| START BUFFER MESH INFO |-------------------------------------
2016-08-21 14:44:36:667[cInfo        ] BufferInfo::AddMesh(): NUM VERTS-----------------[36]
2016-08-21 14:44:36:668[cInfo        ] BufferInfo::AddMesh(): NUM INDICES---------------[0]
2016-08-21 14:44:36:670[cInfo        ] BufferInfo::AddMesh(): VERT OFFSET---------------[0]
2016-08-21 14:44:36:671[cInfo        ] BufferInfo::AddMesh(): INDICES OFFSET (BYTES)----[0]
2016-08-21 14:44:36:673[cInfo        ] --------------------|  END BUFFER MESH INFO  |--------------------------------------
2016-08-21 14:44:36:674[cInfo        ] 

2016-08-21 14:44:36:675[Info         ] ShapeGenerator::ReadSceneFile(): Added new scene [..\Data\Scenes\Cube.pn.scene] successfully.
2016-08-21 14:44:36:676[Process      ] BufferInfo::Initialize() successful.
2016-08-21 14:44:36:676[cInfo        ] 
-----------------------------------------------------------------------
 BufferInfo::CreateBuffers()[3] Created buffers:| VERTEX [19] with [1000000] bytes. || INDEX [20] with [1000000] bytes |
-----------------------------------------------------------------------

2016-08-21 14:44:36:680[cInfo        ] --------BufferInfo::AddMesh() Added mesh successfully-------
2016-08-21 14:44:36:682[cInfo        ] 
2016-08-21 14:44:36:682[cInfo        ] --------------------| START BUFFER MESH INFO |-------------------------------------
2016-08-21 14:44:36:683[cInfo        ] BufferInfo::AddMesh(): NUM VERTS-----------------[8718]
2016-08-21 14:44:36:684[cInfo        ] BufferInfo::AddMesh(): NUM INDICES---------------[0]
2016-08-21 14:44:36:685[cInfo        ] BufferInfo::AddMesh(): VERT OFFSET---------------[0]
2016-08-21 14:44:36:686[cInfo        ] BufferInfo::AddMesh(): INDICES OFFSET (BYTES)----[0]
2016-08-21 14:44:36:687[cInfo        ] --------------------|  END BUFFER MESH INFO  |--------------------------------------
2016-08-21 14:44:36:688[cInfo        ] 

2016-08-21 14:44:36:691[Info         ] ShapeGenerator::ReadSceneFile(): Added new scene [..\Data\Scenes\AIWorld.ptn.scene] successfully.
2016-08-21 14:44:36:691[cInfo        ] --------BufferInfo::AddMesh() Added mesh successfully-------
2016-08-21 14:44:36:692[cInfo        ] 
2016-08-21 14:44:36:693[cInfo        ] --------------------| START BUFFER MESH INFO |-------------------------------------
2016-08-21 14:44:36:695[cInfo        ] BufferInfo::AddMesh(): NUM VERTS-----------------[18]
2016-08-21 14:44:36:696[cInfo        ] BufferInfo::AddMesh(): NUM INDICES---------------[0]
2016-08-21 14:44:36:697[cInfo        ] BufferInfo::AddMesh(): VERT OFFSET---------------[36]
2016-08-21 14:44:36:698[cInfo        ] BufferInfo::AddMesh(): INDICES OFFSET (BYTES)----[0]
2016-08-21 14:44:36:699[cInfo        ] --------------------|  END BUFFER MESH INFO  |--------------------------------------
2016-08-21 14:44:36:701[cInfo        ] 

2016-08-21 14:44:36:702[Info         ] ShapeGenerator::ReadSceneFile(): Added new scene [..\Data\Scenes\Pyramid.pn.scene] successfully.
2016-08-21 14:44:36:708[cInfo        ] 
-----------------------------------------------------------------------
 BufferInfo::CreateBuffers()[0] Created buffers:| VERTEX [21] with [5529600] bytes. || INDEX [22] with [0] bytes |
-----------------------------------------------------------------------

2016-08-21 14:44:36:726[cInfo        ] --------BufferInfo::AddMesh() Added mesh successfully-------
2016-08-21 14:44:36:728[cInfo        ] 
2016-08-21 14:44:36:729[cInfo        ] --------------------| START BUFFER MESH INFO |-------------------------------------
2016-08-21 14:44:36:731[cInfo        ] BufferInfo::AddMesh(): NUM VERTS-----------------[172800]
2016-08-21 14:44:36:732[cInfo        ] BufferInfo::AddMesh(): NUM INDICES---------------[0]
2016-08-21 14:44:36:733[cInfo        ] BufferInfo::AddMesh(): VERT OFFSET---------------[0]
2016-08-21 14:44:36:734[cInfo        ] BufferInfo::AddMesh(): INDICES OFFSET (BYTES)----[0]
2016-08-21 14:44:36:735[cInfo        ] --------------------|  END BUFFER MESH INFO  |--------------------------------------
2016-08-21 14:44:36:736[cInfo        ] 

2016-08-21 14:44:36:737[Info         ] ShapeGenerator::ReadSceneFile(): Added new scene [..\Data\Scenes\WaterPlane.ptn.scene] successfully.
2016-08-21 14:44:36:738[cProcess     ] Camera::Initialize() successful.
2016-08-21 14:44:36:748[Process      ] BufferInfo::Initialize() successful.
2016-08-21 14:44:36:748[cInfo        ] 
-----------------------------------------------------------------------
 BufferInfo::CreateBuffers()[4] Created buffers:| VERTEX [23] with [8107776] bytes. || INDEX [24] with [0] bytes |
-----------------------------------------------------------------------

2016-08-21 14:44:36:768[cInfo        ] --------BufferInfo::AddMesh() Added mesh successfully-------
2016-08-21 14:44:36:770[cInfo        ] 
2016-08-21 14:44:36:771[cInfo        ] --------------------| START BUFFER MESH INFO |-------------------------------------
2016-08-21 14:44:36:773[cInfo        ] BufferInfo::AddMesh(): NUM VERTS-----------------[337824]
2016-08-21 14:44:36:774[cInfo        ] BufferInfo::AddMesh(): NUM INDICES---------------[0]
2016-08-21 14:44:36:775[cInfo        ] BufferInfo::AddMesh(): VERT OFFSET---------------[0]
2016-08-21 14:44:36:777[cInfo        ] BufferInfo::AddMesh(): INDICES OFFSET (BYTES)----[0]
2016-08-21 14:44:36:779[cInfo        ] --------------------|  END BUFFER MESH INFO  |--------------------------------------
2016-08-21 14:44:36:781[cInfo        ] 

2016-08-21 14:44:36:782[Info         ] ShapeGenerator::ReadSceneFile(): Added new scene [..\Data\Scenes\Dargon.pn.scene] successfully.
2016-08-21 14:44:36:782[Process      ] BufferInfo::Initialize() successful.
2016-08-21 14:44:36:782[cInfo        ] 
-----------------------------------------------------------------------
 BufferInfo::CreateBuffers()[5] Created buffers:| VERTEX [25] with [1000000] bytes. || INDEX [26] with [1000000] bytes |
-----------------------------------------------------------------------

2016-08-21 14:44:36:786[cInfo        ] --------BufferInfo::AddMesh() Added mesh successfully-------
2016-08-21 14:44:36:787[cInfo        ] 
2016-08-21 14:44:36:787[cInfo        ] --------------------| START BUFFER MESH INFO |-------------------------------------
2016-08-21 14:44:36:789[cInfo        ] BufferInfo::AddMesh(): NUM VERTS-----------------[6]
2016-08-21 14:44:36:790[cInfo        ] BufferInfo::AddMesh(): NUM INDICES---------------[0]
2016-08-21 14:44:36:791[cInfo        ] BufferInfo::AddMesh(): VERT OFFSET---------------[0]
2016-08-21 14:44:36:792[cInfo        ] BufferInfo::AddMesh(): INDICES OFFSET (BYTES)----[0]
2016-08-21 14:44:36:793[cInfo        ] --------------------|  END BUFFER MESH INFO  |--------------------------------------
2016-08-21 14:44:36:794[cInfo        ] 

2016-08-21 14:44:36:795[cProcess     ] BodaciousQuest::Initialize() successful.
2016-08-21 14:44:36:795[Process      ] GameTime::Initialize() ok

2016-08-21 14:44:36:795[cProcess     ] MyWindow::Initialize() successful!
2016-08-21 14:44:52:643[cProcess     ] BufferManager::Shutdown() successful.
2016-08-21 14:44:52:644[cProcess     ] RenderEngine::Shutdown() successful.
2016-08-21 14:44:52:645[cProcess     ] Camera::Shutdown() successful.
2016-08-21 14:44:52:646[Info         ] Shader  [2] deleting...
2016-08-21 14:44:52:646[Info         ] Shader  [2] deleted successfully.
2016-08-21 14:44:52:646[Info         ] Shader  [3] deleting...
2016-08-21 14:44:52:646[Info         ] Shader  [3] deleted successfully.
2016-08-21 14:44:52:646[Info         ] All shaders deleted successfully.
2016-08-21 14:44:52:647[cInfo        ] Program [1] deleted successfully.
2016-08-21 14:44:52:648[Process      ] ShaderProgram[1]::Shutdown successful!
2016-08-21 14:44:52:648[Info         ] Shader  [5] deleting...
2016-08-21 14:44:52:648[Info         ] Shader  [5] deleted successfully.
2016-08-21 14:44:52:648[Info         ] Shader  [6] deleting...
2016-08-21 14:44:52:648[Info         ] Shader  [6] deleted successfully.
2016-08-21 14:44:52:648[Info         ] All shaders deleted successfully.
2016-08-21 14:44:52:648[cInfo        ] Program [4] deleted successfully.
2016-08-21 14:44:52:649[Process      ] ShaderProgram[4]::Shutdown successful!
2016-08-21 14:44:52:649[Info         ] Shader  [8] deleting...
2016-08-21 14:44:52:649[Info         ] Shader  [8] deleted successfully.
2016-08-21 14:44:52:649[Info         ] Shader  [9] deleting...
2016-08-21 14:44:52:649[Info         ] Shader  [9] deleted successfully.
2016-08-21 14:44:52:649[Info         ] All shaders deleted successfully.
2016-08-21 14:44:52:649[cInfo        ] Program [7] deleted successfully.
2016-08-21 14:44:52:650[Process      ] ShaderProgram[7]::Shutdown successful!
2016-08-21 14:44:52:650[Info         ] Shader  [11] deleting...
2016-08-21 14:44:52:650[Info         ] Shader  [11] deleted successfully.
2016-08-21 14:44:52:650[Info         ] Shader  [12] deleting...
2016-08-21 14:44:52:650[Info         ] Shader  [12] deleted successfully.
2016-08-21 14:44:52:650[Info         ] All shaders deleted successfully.
2016-08-21 14:44:52:650[cInfo        ] Program [10] deleted successfully.
2016-08-21 14:44:52:651[Process      ] ShaderProgram[10]::Shutdown successful!
2016-08-21 14:44:52:651[Info         ] Shader  [14] deleting...
2016-08-21 14:44:52:651[Info         ] Shader  [14] deleted successfully.
2016-08-21 14:44:52:651[Info         ] Shader  [15] deleting...
2016-08-21 14:44:52:651[Info         ] Shader  [15] deleted successfully.
2016-08-21 14:44:52:651[Info         ] All shaders deleted successfully.
2016-08-21 14:44:52:652[cInfo        ] Program [13] deleted successfully.
2016-08-21 14:44:52:654[Process      ] ShaderProgram[13]::Shutdown successful!
2016-08-21 14:44:52:654[Info         ] Shader  [17] deleting...
2016-08-21 14:44:52:654[Info         ] Shader  [17] deleted successfully.
2016-08-21 14:44:52:654[Info         ] Shader  [18] deleting...
2016-08-21 14:44:52:654[Info         ] Shader  [18] deleted successfully.
2016-08-21 14:44:52:654[Info         ] All shaders deleted successfully.
2016-08-21 14:44:52:654[cInfo        ] Program [16] deleted successfully.
2016-08-21 14:44:52:655[Process      ] ShaderProgram[16]::Shutdown successful!
2016-08-21 14:44:52:655[Info         ] Shader  [20] deleting...
2016-08-21 14:44:52:655[Info         ] Shader  [20] deleted successfully.
2016-08-21 14:44:52:655[Info         ] Shader  [21] deleting...
2016-08-21 14:44:52:655[Info         ] Shader  [21] deleted successfully.
2016-08-21 14:44:52:655[Info         ] All shaders deleted successfully.
2016-08-21 14:44:52:655[cInfo        ] Program [19] deleted successfully.
2016-08-21 14:44:52:656[Process      ] ShaderProgram[19]::Shutdown successful!
2016-08-21 14:44:52:656[cProcess     ] MyWindow::Shutdown() successful!
2016-08-21 14:44:52:657[cProcess     ] BodaciousQuest::Shutdown() successful.
2016-08-21 14:44:52:668[Process      ] ConfigReader shut down successfully
2016-08-21 14:44:52:668[Process      ] GameLogger::ShutDown() successful
