2016-08-21 13:46:04:897[Process      ] GameLogger::Initialize() opened log file [..\Data\LogFiles\2016-08-21 13-46-04.BodaciousQuest.log] for writing
2016-08-21 13:46:04:897[Info         ] GameLogger::Initialize() successful
2016-08-21 13:46:04:897[Process      ] ConfigReader opened [..\Data\BodaciousQuest.config] successfully
2016-08-21 13:46:04:897[Info         ] ConfigReader initialized successfully
2016-08-21 13:46:04:897[Info         ] Valid KVP [BodaciousQuest.ShowFullScreen] [false] added
2016-08-21 13:46:04:897[Info         ] Valid KVP [BodaciousQuest.FpsInterval] [5.0] added
2016-08-21 13:46:04:897[Info         ] Valid KVP [BodaciousQuest.EnableControls] [true] added
2016-08-21 13:46:04:897[Info         ] Valid KVP [BodaciousQuest.LoadCubeFirst] [true] added
2016-08-21 13:46:04:897[Info         ] Valid KVP [BodaciousQuest.CameraWalkMode] [false] added
2016-08-21 13:46:04:897[Info         ] Valid KVP [BodaciousQuest.GridSize] [40] added
2016-08-21 13:46:04:897[Info         ] Valid KVP [BodaciousQuest.LightingTest.Ambient.Color] [1.0  1.0  1.0] added
2016-08-21 13:46:04:897[Info         ] Valid KVP [BodaciousQuest.LightingTest.Diffuse.Color] [1.0  1.0  1.0] added
2016-08-21 13:46:04:897[Info         ] Valid KVP [BodaciousQuest.LightingTest.Specular.Color] [0.0  0.0  0.0] added
2016-08-21 13:46:04:897[Info         ] Valid KVP [BodaciousQuest.LightingTest.Ambient.Reflectivity] [0.01] added
2016-08-21 13:46:04:897[Info         ] Valid KVP [BodaciousQuest.LightingTest.Diffuse.Reflectivity] [0.8] added
2016-08-21 13:46:04:897[Info         ] Valid KVP [BodaciousQuest.LightingTest.Specular.Reflectivity] [0.5] added
2016-08-21 13:46:04:897[Info         ] Valid KVP [BodaciousQuest.LightingTest.Specular.Shininess] [1.0] added
2016-08-21 13:46:04:898[Info         ] Valid KVP [BodaciousQuest.LightingTest.Falloff.A] [1.0] added
2016-08-21 13:46:04:898[Info         ] Valid KVP [BodaciousQuest.LightingTest.Falloff.B] [0.01] added
2016-08-21 13:46:04:898[Info         ] Valid KVP [BodaciousQuest.LightingTest.Falloff.C] [0.0001] added
2016-08-21 13:46:04:898[Info         ] Valid KVP [BodaciousQuest.LightingTest.Directional] [false] added
2016-08-21 13:46:04:898[Info         ] Valid KVP [BodaciousQuest.LightingTest.Direction] [-1.0 0.0 1.0] added
2016-08-21 13:46:04:898[Info         ] Valid KVP [BodaciousQuest.LightingTest.Light.Position] [-0.875458 3.673020 1.043331] added
2016-08-21 13:46:04:898[Info         ] Valid KVP [BodaciousQuest.LightingTest.Dargon.Color] [1.0 1.0 0.4] added
2016-08-21 13:46:04:898[Info         ] Valid KVP [ObjConverter.Mode.VertexType] [pn] added
2016-08-21 13:46:04:898[Info         ] Valid KVP [ObjConverter.Mode.Analyze] [false] added
2016-08-21 13:46:04:898[Info         ] Valid KVP [ObjConverter.Model] [Dargon] added
2016-08-21 13:46:04:898[Info         ] Valid KVP [ObjConverter.Shader] [4] added
2016-08-21 13:46:04:898[Info         ] Valid KVP [ObjConverter.Color] [random] added
2016-08-21 13:46:04:898[Info         ] Valid KVP [ObjConverter.Obj.InputFileFolder] [..\\Data\\Objs\\] added
2016-08-21 13:46:04:898[Info         ] Valid KVP [ObjConverter.Scene.OutputFileFolder] [..\\Data\\Scenes\\] added
2016-08-21 13:46:04:898[Info         ] Valid KVP [ObjConverter.Model.Dargon.NumVerts] [57967] added
2016-08-21 13:46:04:898[Info         ] Valid KVP [ObjConverter.Model.Dargon.NumIndices] [337824] added
2016-08-21 13:46:04:898[Info         ] Valid KVP [ObjConverter.Model.Dargon.NumTexCoords] [60175] added
2016-08-21 13:46:04:898[Info         ] Valid KVP [ObjConverter.Model.Dargon.NumNormals] [337824] added
2016-08-21 13:46:04:898[Info         ] Valid KVP [ObjConverter.Model.Swamp.NumVerts] [2735] added
2016-08-21 13:46:04:898[Info         ] Valid KVP [ObjConverter.Model.Swamp.NumIndices] [8556] added
2016-08-21 13:46:04:898[Info         ] Valid KVP [ObjConverter.Model.Swamp.NumTexCoords] [3622] added
2016-08-21 13:46:04:898[Info         ] Valid KVP [ObjConverter.Model.Swamp.NumNormals] [5156] added
2016-08-21 13:46:04:898[Info         ] Valid KVP [ObjConverter.Model.Pyramid.NumVerts] [5] added
2016-08-21 13:46:04:898[Info         ] Valid KVP [ObjConverter.Model.Pyramid.NumIndices] [18] added
2016-08-21 13:46:04:898[Info         ] Valid KVP [ObjConverter.Model.Pyramid.NumTexCoords] [10] added
2016-08-21 13:46:04:898[Info         ] Valid KVP [ObjConverter.Model.Pyramid.NumNormals] [16] added
2016-08-21 13:46:04:898[Info         ] Valid KVP [ObjConverter.Model.AIWorld.NumVerts] [1957] added
2016-08-21 13:46:04:898[Info         ] Valid KVP [ObjConverter.Model.AIWorld.NumIndices] [8718] added
2016-08-21 13:46:04:898[Info         ] Valid KVP [ObjConverter.Model.AIWorld.NumTexCoords] [4186] added
2016-08-21 13:46:04:898[Info         ] Valid KVP [ObjConverter.Model.AIWorld.NumNormals] [5418] added
2016-08-21 13:46:04:898[Info         ] Valid KVP [ObjConverter.Model.GameWeapon.NumVerts] [2068] added
2016-08-21 13:46:04:898[Info         ] Valid KVP [ObjConverter.Model.GameWeapon.NumIndices] [9894] added
2016-08-21 13:46:04:898[Info         ] Valid KVP [ObjConverter.Model.GameWeapon.NumTexCoords] [0] added
2016-08-21 13:46:04:898[Info         ] Valid KVP [ObjConverter.Model.GameWeapon.NumNormals] [0] added
2016-08-21 13:46:04:898[Info         ] Valid KVP [ObjConverter.Model.Chicken.NumVerts] [224] added
2016-08-21 13:46:04:898[Info         ] Valid KVP [ObjConverter.Model.Chicken.NumIndices] [1374] added
2016-08-21 13:46:04:898[Info         ] Valid KVP [ObjConverter.Model.Chicken.NumTexCoords] [472] added
2016-08-21 13:46:04:898[Info         ] Valid KVP [ObjConverter.Model.Chicken.NumNormals] [565] added
2016-08-21 13:46:04:898[Info         ] Valid KVP [ObjConverter.Model.WaterPlane.NumVerts] [29282] added
2016-08-21 13:46:04:898[Info         ] Valid KVP [ObjConverter.Model.WaterPlane.NumIndices] [172800] added
2016-08-21 13:46:04:898[Info         ] Valid KVP [ObjConverter.Model.WaterPlane.NumTexCoords] [29282] added
2016-08-21 13:46:04:898[Info         ] Valid KVP [ObjConverter.Model.WaterPlane.NumNormals] [172800] added
2016-08-21 13:46:04:898[Info         ] Valid KVP [ObjConverter.Model.Cube.NumVerts] [8] added
2016-08-21 13:46:04:898[Info         ] Valid KVP [ObjConverter.Model.Cube.NumIndices] [36] added
2016-08-21 13:46:04:898[Info         ] Valid KVP [ObjConverter.Model.Cube.NumTexCoords] [14] added
2016-08-21 13:46:04:898[Info         ] Valid KVP [ObjConverter.Model.Cube.NumNormals] [24] added
2016-08-21 13:46:04:898[Info         ] Valid KVP [ObjConverter.Model.Barrel.NumVerts] [172] added
2016-08-21 13:46:04:898[Info         ] Valid KVP [ObjConverter.Model.Barrel.NumIndices] [1008] added
2016-08-21 13:46:04:898[Info         ] Valid KVP [ObjConverter.Model.Barrel.NumTexCoords] [328] added
2016-08-21 13:46:04:898[Info         ] Valid KVP [ObjConverter.Model.Barrel.NumNormals] [204] added
2016-08-21 13:46:04:898[Info         ] Valid KVP [ObjConverter.Model.SkyBox.NumVerts] [8] added
2016-08-21 13:46:04:899[Info         ] Valid KVP [ObjConverter.Model.SkyBox.NumIndices] [36] added
2016-08-21 13:46:04:899[Info         ] Valid KVP [ObjConverter.Model.SkyBox.NumTexCoords] [18] added
2016-08-21 13:46:04:899[Info         ] Valid KVP [ObjConverter.Model.SkyBox.NumNormals] [24] added
2016-08-21 13:46:04:964[cInfo        ] Config reader opened [..\Data\BodaciousQuest.config] for reading!
2016-08-21 13:46:05:017[Process      ] ShaderManager Initialized successfully
2016-08-21 13:46:05:017[Info         ] Shader Init started
2016-08-21 13:46:05:017[Info         ] Shader Program created.
2016-08-21 13:46:05:017[Process      ] ShaderProgram::Initialize()[1] successful!
2016-08-21 13:46:05:018[Debug        ] File [..\Data\shaders\debug.vert.shader] Opened successfully! Buffer Length:[291]
2016-08-21 13:46:05:018[Debug        ] Shader file [..\Data\shaders\debug.vert.shader] contents:
//BEGIN
#version 430 core

layout(location = 0)  in vec3 vPosition;

layout(location = 15) uniform vec3 colorin;
layout(location = 16) uniform mat4 MAT;

out vec4 color;

void main()
{
	vec4 vertPos = vec4(vPosition, 1.0);
	gl_Position = MAT *  vertPos;
	color = vec4(colorin, 1.0);
}
//END

2016-08-21 13:46:05:018[Debug        ]  ShaderProgram::AddShader() file with data was read in
2016-08-21 13:46:05:018[Debug        ] ShaderProgram::AddShader() : glShaderSource() successful
2016-08-21 13:46:05:018[Debug        ] ShaderProgram::AddShader() : glCompileShader() successful
2016-08-21 13:46:05:018[Info         ] ShaderProgram::CheckShaderCompileStatus(2) successful.
2016-08-21 13:46:05:018[Debug        ] ShaderProgram::AddShader() : glCompileShader() successful
2016-08-21 13:46:05:018[Info         ] ShaderInfo saved successfully.
2016-08-21 13:46:05:018[Debug        ] ShaderProgram::AddShader() : glAttachShader() successful
2016-08-21 13:46:05:018[Info         ] ShaderProgram::AddShader [2] successful.
2016-08-21 13:46:05:018[Debug        ] File [..\Data\shaders\debug.frag.shader] Opened successfully! Buffer Length:[104]
2016-08-21 13:46:05:018[Debug        ] Shader file [..\Data\shaders\debug.frag.shader] contents:
//BEGIN
#version 430 core


in  vec4 color;
out vec4 outColor;

void main()
{
	outColor = color;
}


//END

2016-08-21 13:46:05:018[Debug        ]  ShaderProgram::AddShader() file with data was read in
2016-08-21 13:46:05:018[Debug        ] ShaderProgram::AddShader() : glShaderSource() successful
2016-08-21 13:46:05:019[Debug        ] ShaderProgram::AddShader() : glCompileShader() successful
2016-08-21 13:46:05:019[Info         ] ShaderProgram::CheckShaderCompileStatus(3) successful.
2016-08-21 13:46:05:019[Debug        ] ShaderProgram::AddShader() : glCompileShader() successful
2016-08-21 13:46:05:019[Info         ] ShaderInfo saved successfully.
2016-08-21 13:46:05:019[Debug        ] ShaderProgram::AddShader() : glAttachShader() successful
2016-08-21 13:46:05:019[Info         ] ShaderProgram::AddShader [3] successful.
2016-08-21 13:46:05:020[Info         ] CheckProgramStatus() successful!
2016-08-21 13:46:05:021[Info         ] CheckProgramStatus() successful!
2016-08-21 13:46:05:021[Info         ] Shader Init started
2016-08-21 13:46:05:021[Info         ] Shader Program created.
2016-08-21 13:46:05:021[Process      ] ShaderProgram::Initialize()[4] successful!
2016-08-21 13:46:05:021[Debug        ] File [..\Data\shaders\play.vert.shader] Opened successfully! Buffer Length:[343]
2016-08-21 13:46:05:021[Debug        ] Shader file [..\Data\shaders\play.vert.shader] contents:
//BEGIN
#version 430 core

layout (location = 0)  in vec3 vPosition;
layout (location = 1)  in vec3 vColor;
layout (location = 15) uniform vec3 colorin;
layout (location = 16) uniform mat4 MAT;

out vec4 color;

void main()
{
	vec4 vertPos = vec4(vPosition, 1.0);
	gl_Position = MAT *  vertPos;
	color = vec4((vColor + colorin), 1.0);
}
//END

2016-08-21 13:46:05:021[Debug        ]  ShaderProgram::AddShader() file with data was read in
2016-08-21 13:46:05:021[Debug        ] ShaderProgram::AddShader() : glShaderSource() successful
2016-08-21 13:46:05:021[Debug        ] ShaderProgram::AddShader() : glCompileShader() successful
2016-08-21 13:46:05:021[Info         ] ShaderProgram::CheckShaderCompileStatus(5) successful.
2016-08-21 13:46:05:021[Debug        ] ShaderProgram::AddShader() : glCompileShader() successful
2016-08-21 13:46:05:021[Info         ] ShaderInfo saved successfully.
2016-08-21 13:46:05:021[Debug        ] ShaderProgram::AddShader() : glAttachShader() successful
2016-08-21 13:46:05:021[Info         ] ShaderProgram::AddShader [5] successful.
2016-08-21 13:46:05:021[Debug        ] File [..\Data\shaders\play.frag.shader] Opened successfully! Buffer Length:[391]
2016-08-21 13:46:05:022[Debug        ] Shader file [..\Data\shaders\play.frag.shader] contents:
//BEGIN
#version 430 core


in  vec4 color;
out vec4 outColor;

void main()
{

	//if (color.r < .7) discard;
	outColor = color;

	//if(((gl_FragCoord.x  > 600)&& (gl_FragCoord.y < 300)) || ((gl_FragCoord.y < 300)  && (gl_FragCoord.x  < 600) )) {
	//discard;
	//}

	//vec2 scrPos = vec2(gl_FragCoord) - vec2(350,150);
	//float len =  length(scrPos);
	//if(len < 50 )discard;
}


//END

2016-08-21 13:46:05:022[Debug        ]  ShaderProgram::AddShader() file with data was read in
2016-08-21 13:46:05:022[Debug        ] ShaderProgram::AddShader() : glShaderSource() successful
2016-08-21 13:46:05:022[Debug        ] ShaderProgram::AddShader() : glCompileShader() successful
2016-08-21 13:46:05:022[Info         ] ShaderProgram::CheckShaderCompileStatus(6) successful.
2016-08-21 13:46:05:022[Debug        ] ShaderProgram::AddShader() : glCompileShader() successful
2016-08-21 13:46:05:022[Info         ] ShaderInfo saved successfully.
2016-08-21 13:46:05:022[Debug        ] ShaderProgram::AddShader() : glAttachShader() successful
2016-08-21 13:46:05:022[Info         ] ShaderProgram::AddShader [6] successful.
2016-08-21 13:46:05:023[Info         ] CheckProgramStatus() successful!
2016-08-21 13:46:05:023[Info         ] CheckProgramStatus() successful!
2016-08-21 13:46:05:023[Info         ] Shader Init started
2016-08-21 13:46:05:023[Info         ] Shader Program created.
2016-08-21 13:46:05:023[Process      ] ShaderProgram::Initialize()[7] successful!
2016-08-21 13:46:05:023[Debug        ] File [..\Data\shaders\texture.vert.shader] Opened successfully! Buffer Length:[305]
2016-08-21 13:46:05:023[Debug        ] Shader file [..\Data\shaders\texture.vert.shader] contents:
//BEGIN
#version 430 core

layout (location = 0)  in vec3 vPosition;
layout (location = 1)  in vec2 vUV;

layout (location = 16) uniform mat4 MAT;

//out data
out vec2 UV;

//out vec4 color;

void main()
{
	vec4 vertPos = vec4(vPosition, 1.0);
	gl_Position = MAT *  vertPos;

	UV = vUV;
	
	
}
//END

2016-08-21 13:46:05:023[Debug        ]  ShaderProgram::AddShader() file with data was read in
2016-08-21 13:46:05:023[Debug        ] ShaderProgram::AddShader() : glShaderSource() successful
2016-08-21 13:46:05:023[Debug        ] ShaderProgram::AddShader() : glCompileShader() successful
2016-08-21 13:46:05:023[Info         ] ShaderProgram::CheckShaderCompileStatus(8) successful.
2016-08-21 13:46:05:023[Debug        ] ShaderProgram::AddShader() : glCompileShader() successful
2016-08-21 13:46:05:023[Info         ] ShaderInfo saved successfully.
2016-08-21 13:46:05:023[Debug        ] ShaderProgram::AddShader() : glAttachShader() successful
2016-08-21 13:46:05:023[Info         ] ShaderProgram::AddShader [8] successful.
2016-08-21 13:46:05:023[Debug        ] File [..\Data\shaders\texture.frag.shader] Opened successfully! Buffer Length:[482]
2016-08-21 13:46:05:023[Debug        ] Shader file [..\Data\shaders\texture.frag.shader] contents:
//BEGIN
#version 430 core


in  vec2 UV;
out vec4 outColor;

layout(location = 20) uniform sampler2D textureSampler;

void main()
{

	//if (color.r < .7) discard;
	outColor = vec4(texture(textureSampler, UV).rgb, 1.0);

	//if(((gl_FragCoord.x  > 600)&& (gl_FragCoord.y < 300)) || ((gl_FragCoord.y < 300)  && (gl_FragCoord.x  < 600) )) {
	//discard;
	//}
	//vec2 scrPos = vec2(gl_FragCoord) - vec2(350,150);
	//float len =  length(scrPos);
	//if(len < 50 )discard;
}


//END

2016-08-21 13:46:05:023[Debug        ]  ShaderProgram::AddShader() file with data was read in
2016-08-21 13:46:05:023[Debug        ] ShaderProgram::AddShader() : glShaderSource() successful
2016-08-21 13:46:05:024[Debug        ] ShaderProgram::AddShader() : glCompileShader() successful
2016-08-21 13:46:05:024[Info         ] ShaderProgram::CheckShaderCompileStatus(9) successful.
2016-08-21 13:46:05:024[Debug        ] ShaderProgram::AddShader() : glCompileShader() successful
2016-08-21 13:46:05:024[Info         ] ShaderInfo saved successfully.
2016-08-21 13:46:05:024[Debug        ] ShaderProgram::AddShader() : glAttachShader() successful
2016-08-21 13:46:05:024[Info         ] ShaderProgram::AddShader [9] successful.
2016-08-21 13:46:05:025[Info         ] CheckProgramStatus() successful!
2016-08-21 13:46:05:025[Info         ] CheckProgramStatus() successful!
2016-08-21 13:46:05:025[Info         ] Shader Init started
2016-08-21 13:46:05:025[Info         ] Shader Program created.
2016-08-21 13:46:05:025[Process      ] ShaderProgram::Initialize()[10] successful!
2016-08-21 13:46:05:025[Debug        ] File [..\Data\shaders\framebuffer.vert.shader] Opened successfully! Buffer Length:[305]
2016-08-21 13:46:05:025[Debug        ] Shader file [..\Data\shaders\framebuffer.vert.shader] contents:
//BEGIN
#version 430 core

layout (location = 0)  in vec3 vPosition;
layout (location = 1)  in vec2 vUV;

layout (location = 16) uniform mat4 MAT;

//out data
out vec2 UV;

//out vec4 color;

void main()
{
	vec4 vertPos = vec4(vPosition, 1.0);
	gl_Position = MAT *  vertPos;

	UV = vUV;
	
	
}
//END

2016-08-21 13:46:05:025[Debug        ]  ShaderProgram::AddShader() file with data was read in
2016-08-21 13:46:05:025[Debug        ] ShaderProgram::AddShader() : glShaderSource() successful
2016-08-21 13:46:05:025[Debug        ] ShaderProgram::AddShader() : glCompileShader() successful
2016-08-21 13:46:05:025[Info         ] ShaderProgram::CheckShaderCompileStatus(11) successful.
2016-08-21 13:46:05:025[Debug        ] ShaderProgram::AddShader() : glCompileShader() successful
2016-08-21 13:46:05:025[Info         ] ShaderInfo saved successfully.
2016-08-21 13:46:05:025[Debug        ] ShaderProgram::AddShader() : glAttachShader() successful
2016-08-21 13:46:05:025[Info         ] ShaderProgram::AddShader [11] successful.
2016-08-21 13:46:05:025[Debug        ] File [..\Data\shaders\framebuffer.frag.shader] Opened successfully! Buffer Length:[275]
2016-08-21 13:46:05:025[Debug        ] Shader file [..\Data\shaders\framebuffer.frag.shader] contents:
//BEGIN
#version 430 core


in  vec2 UV;
out vec4 outColor;

layout(location = 20) uniform sampler2D textureSampler;

void main()
{


	vec3 tempCol = texture(textureSampler, UV).rgb;

	outColor = vec4(tempCol.r / 1.5f, tempCol.g / 1.5f, tempCol.b / 1.5f, 1.0f);
}


//END

2016-08-21 13:46:05:025[Debug        ]  ShaderProgram::AddShader() file with data was read in
2016-08-21 13:46:05:025[Debug        ] ShaderProgram::AddShader() : glShaderSource() successful
2016-08-21 13:46:05:025[Debug        ] ShaderProgram::AddShader() : glCompileShader() successful
2016-08-21 13:46:05:025[Info         ] ShaderProgram::CheckShaderCompileStatus(12) successful.
2016-08-21 13:46:05:025[Debug        ] ShaderProgram::AddShader() : glCompileShader() successful
2016-08-21 13:46:05:025[Info         ] ShaderInfo saved successfully.
2016-08-21 13:46:05:025[Debug        ] ShaderProgram::AddShader() : glAttachShader() successful
2016-08-21 13:46:05:025[Info         ] ShaderProgram::AddShader [12] successful.
2016-08-21 13:46:05:026[Info         ] CheckProgramStatus() successful!
2016-08-21 13:46:05:026[Info         ] CheckProgramStatus() successful!
2016-08-21 13:46:05:026[Info         ] Shader Init started
2016-08-21 13:46:05:026[Info         ] Shader Program created.
2016-08-21 13:46:05:026[Process      ] ShaderProgram::Initialize()[13] successful!
2016-08-21 13:46:05:027[Debug        ] File [..\Data\shaders\lighting.vert.shader] Opened successfully! Buffer Length:[1145]
2016-08-21 13:46:05:027[cDebug       ] Shader file [..\Data\shaders\lighting.vert.shader] is too big to display contents.
2016-08-21 13:46:05:028[Debug        ]  ShaderProgram::AddShader() file with data was read in
2016-08-21 13:46:05:028[Debug        ] ShaderProgram::AddShader() : glShaderSource() successful
2016-08-21 13:46:05:028[Debug        ] ShaderProgram::AddShader() : glCompileShader() successful
2016-08-21 13:46:05:028[Info         ] ShaderProgram::CheckShaderCompileStatus(14) successful.
2016-08-21 13:46:05:028[Debug        ] ShaderProgram::AddShader() : glCompileShader() successful
2016-08-21 13:46:05:028[Info         ] ShaderInfo saved successfully.
2016-08-21 13:46:05:028[Debug        ] ShaderProgram::AddShader() : glAttachShader() successful
2016-08-21 13:46:05:028[Info         ] ShaderProgram::AddShader [14] successful.
2016-08-21 13:46:05:029[Debug        ] File [..\Data\shaders\lighting.frag.shader] Opened successfully! Buffer Length:[1744]
2016-08-21 13:46:05:029[cDebug       ] Shader file [..\Data\shaders\lighting.frag.shader] is too big to display contents.
2016-08-21 13:46:05:030[Debug        ]  ShaderProgram::AddShader() file with data was read in
2016-08-21 13:46:05:030[Debug        ] ShaderProgram::AddShader() : glShaderSource() successful
2016-08-21 13:46:05:031[Debug        ] ShaderProgram::AddShader() : glCompileShader() successful
2016-08-21 13:46:05:031[Info         ] ShaderProgram::CheckShaderCompileStatus(15) successful.
2016-08-21 13:46:05:031[Debug        ] ShaderProgram::AddShader() : glCompileShader() successful
2016-08-21 13:46:05:031[Info         ] ShaderInfo saved successfully.
2016-08-21 13:46:05:031[Debug        ] ShaderProgram::AddShader() : glAttachShader() successful
2016-08-21 13:46:05:031[Info         ] ShaderProgram::AddShader [15] successful.
2016-08-21 13:46:05:033[Info         ] CheckProgramStatus() successful!
2016-08-21 13:46:05:033[Info         ] CheckProgramStatus() successful!
2016-08-21 13:46:05:033[Info         ] Shader Init started
2016-08-21 13:46:05:033[Info         ] Shader Program created.
2016-08-21 13:46:05:033[Process      ] ShaderProgram::Initialize()[16] successful!
2016-08-21 13:46:05:034[Debug        ] File [..\Data\shaders\texlighting.vert.shader] Opened successfully! Buffer Length:[1110]
2016-08-21 13:46:05:034[cDebug       ] Shader file [..\Data\shaders\texlighting.vert.shader] is too big to display contents.
2016-08-21 13:46:05:037[Debug        ]  ShaderProgram::AddShader() file with data was read in
2016-08-21 13:46:05:037[Debug        ] ShaderProgram::AddShader() : glShaderSource() successful
2016-08-21 13:46:05:037[Debug        ] ShaderProgram::AddShader() : glCompileShader() successful
2016-08-21 13:46:05:037[Info         ] ShaderProgram::CheckShaderCompileStatus(17) successful.
2016-08-21 13:46:05:037[Debug        ] ShaderProgram::AddShader() : glCompileShader() successful
2016-08-21 13:46:05:037[Info         ] ShaderInfo saved successfully.
2016-08-21 13:46:05:037[Debug        ] ShaderProgram::AddShader() : glAttachShader() successful
2016-08-21 13:46:05:037[Info         ] ShaderProgram::AddShader [17] successful.
2016-08-21 13:46:05:037[Debug        ] File [..\Data\shaders\texlighting.frag.shader] Opened successfully! Buffer Length:[1717]
2016-08-21 13:46:05:038[cDebug       ] Shader file [..\Data\shaders\texlighting.frag.shader] is too big to display contents.
2016-08-21 13:46:05:039[Debug        ]  ShaderProgram::AddShader() file with data was read in
2016-08-21 13:46:05:039[Debug        ] ShaderProgram::AddShader() : glShaderSource() successful
2016-08-21 13:46:05:039[Debug        ] ShaderProgram::AddShader() : glCompileShader() successful
2016-08-21 13:46:05:039[Info         ] ShaderProgram::CheckShaderCompileStatus(18) successful.
2016-08-21 13:46:05:039[Debug        ] ShaderProgram::AddShader() : glCompileShader() successful
2016-08-21 13:46:05:039[Info         ] ShaderInfo saved successfully.
2016-08-21 13:46:05:040[Debug        ] ShaderProgram::AddShader() : glAttachShader() successful
2016-08-21 13:46:05:040[Info         ] ShaderProgram::AddShader [18] successful.
2016-08-21 13:46:05:042[Info         ] CheckProgramStatus() successful!
2016-08-21 13:46:05:042[Info         ] CheckProgramStatus() successful!
2016-08-21 13:46:05:042[Info         ] Shader Init started
2016-08-21 13:46:05:042[Info         ] Shader Program created.
2016-08-21 13:46:05:043[Process      ] ShaderProgram::Initialize()[19] successful!
2016-08-21 13:46:05:043[Debug        ] File [..\Data\shaders\water.vert.shader] Opened successfully! Buffer Length:[1400]
2016-08-21 13:46:05:043[cDebug       ] Shader file [..\Data\shaders\water.vert.shader] is too big to display contents.
2016-08-21 13:46:05:044[Debug        ]  ShaderProgram::AddShader() file with data was read in
2016-08-21 13:46:05:044[Debug        ] ShaderProgram::AddShader() : glShaderSource() successful
2016-08-21 13:46:05:044[Debug        ] ShaderProgram::AddShader() : glCompileShader() successful
2016-08-21 13:46:05:044[Info         ] ShaderProgram::CheckShaderCompileStatus(20) successful.
2016-08-21 13:46:05:044[Debug        ] ShaderProgram::AddShader() : glCompileShader() successful
2016-08-21 13:46:05:044[Info         ] ShaderInfo saved successfully.
2016-08-21 13:46:05:045[Debug        ] ShaderProgram::AddShader() : glAttachShader() successful
2016-08-21 13:46:05:045[Info         ] ShaderProgram::AddShader [20] successful.
2016-08-21 13:46:05:045[Debug        ] File [..\Data\shaders\water.frag.shader] Opened successfully! Buffer Length:[2436]
2016-08-21 13:46:05:045[cDebug       ] Shader file [..\Data\shaders\water.frag.shader] is too big to display contents.
2016-08-21 13:46:05:046[Debug        ]  ShaderProgram::AddShader() file with data was read in
2016-08-21 13:46:05:046[Debug        ] ShaderProgram::AddShader() : glShaderSource() successful
2016-08-21 13:46:05:047[Debug        ] ShaderProgram::AddShader() : glCompileShader() successful
2016-08-21 13:46:05:047[Info         ] ShaderProgram::CheckShaderCompileStatus(21) successful.
2016-08-21 13:46:05:047[Debug        ] ShaderProgram::AddShader() : glCompileShader() successful
2016-08-21 13:46:05:047[Info         ] ShaderInfo saved successfully.
2016-08-21 13:46:05:047[Debug        ] ShaderProgram::AddShader() : glAttachShader() successful
2016-08-21 13:46:05:047[Info         ] ShaderProgram::AddShader [21] successful.
2016-08-21 13:46:05:049[Info         ] CheckProgramStatus() successful!
2016-08-21 13:46:05:050[Info         ] CheckProgramStatus() successful!
2016-08-21 13:46:05:050[Info         ] GetAttribLocation [vPosition] successful.
2016-08-21 13:46:05:050[Info         ] GetUniformLocation [colorin] successful.
2016-08-21 13:46:05:050[Info         ] GetUniformLocation [MAT] successful.
2016-08-21 13:46:05:050[cProcess     ] RenderEngine::Initialize() successful.
2016-08-21 13:46:05:050[cInfo        ] 
-----------------------------------------------------------------------
 BufferInfo::CreateBuffers()[0] Created buffers:| VERTEX [1] with [80] bytes. || INDEX [2] with [24] bytes |
-----------------------------------------------------------------------

2016-08-21 13:46:05:056[cInfo        ] --------BufferInfo::AddMesh() Added mesh successfully-------
2016-08-21 13:46:05:057[cInfo        ] 
2016-08-21 13:46:05:057[cInfo        ] --------------------| START BUFFER MESH INFO |-------------------------------------
2016-08-21 13:46:05:058[cInfo        ] BufferInfo::AddMesh(): NUM VERTS-----------------[4]
2016-08-21 13:46:05:059[cInfo        ] BufferInfo::AddMesh(): NUM INDICES---------------[6]
2016-08-21 13:46:05:060[cInfo        ] BufferInfo::AddMesh(): VERT OFFSET---------------[0]
2016-08-21 13:46:05:061[cInfo        ] BufferInfo::AddMesh(): INDICES OFFSET (BYTES)----[0]
2016-08-21 13:46:05:061[cInfo        ] --------------------|  END BUFFER MESH INFO  |--------------------------------------
2016-08-21 13:46:05:062[cInfo        ] 

2016-08-21 13:46:05:063[cInfo        ] 
-----------------------------------------------------------------------
 BufferInfo::CreateBuffers()[0] Created buffers:| VERTEX [3] with [96] bytes. || INDEX [4] with [48] bytes |
-----------------------------------------------------------------------

2016-08-21 13:46:05:068[cInfo        ] --------BufferInfo::AddMesh() Added mesh successfully-------
2016-08-21 13:46:05:069[cInfo        ] 
2016-08-21 13:46:05:069[cInfo        ] --------------------| START BUFFER MESH INFO |-------------------------------------
2016-08-21 13:46:05:072[cInfo        ] BufferInfo::AddMesh(): NUM VERTS-----------------[8]
2016-08-21 13:46:05:075[cInfo        ] BufferInfo::AddMesh(): NUM INDICES---------------[24]
2016-08-21 13:46:05:076[cInfo        ] BufferInfo::AddMesh(): VERT OFFSET---------------[0]
2016-08-21 13:46:05:076[cInfo        ] BufferInfo::AddMesh(): INDICES OFFSET (BYTES)----[0]
2016-08-21 13:46:05:077[cInfo        ] --------------------|  END BUFFER MESH INFO  |--------------------------------------
2016-08-21 13:46:05:078[cInfo        ] 

2016-08-21 13:46:05:079[cInfo        ] 
-----------------------------------------------------------------------
 BufferInfo::CreateBuffers()[0] Created buffers:| VERTEX [5] with [864] bytes. || INDEX [6] with [0] bytes |
-----------------------------------------------------------------------

2016-08-21 13:46:05:083[cInfo        ] --------BufferInfo::AddMesh() Added mesh successfully-------
2016-08-21 13:46:05:085[cInfo        ] 
2016-08-21 13:46:05:085[cInfo        ] --------------------| START BUFFER MESH INFO |-------------------------------------
2016-08-21 13:46:05:087[cInfo        ] BufferInfo::AddMesh(): NUM VERTS-----------------[36]
2016-08-21 13:46:05:088[cInfo        ] BufferInfo::AddMesh(): NUM INDICES---------------[0]
2016-08-21 13:46:05:089[cInfo        ] BufferInfo::AddMesh(): VERT OFFSET---------------[0]
2016-08-21 13:46:05:090[cInfo        ] BufferInfo::AddMesh(): INDICES OFFSET (BYTES)----[0]
2016-08-21 13:46:05:090[cInfo        ] --------------------|  END BUFFER MESH INFO  |--------------------------------------
2016-08-21 13:46:05:091[cInfo        ] 

2016-08-21 13:46:05:092[cInfo        ] 
-----------------------------------------------------------------------
 BufferInfo::CreateBuffers()[0] Created buffers:| VERTEX [7] with [144] bytes. || INDEX [8] with [0] bytes |
-----------------------------------------------------------------------

2016-08-21 13:46:05:097[cInfo        ] --------BufferInfo::AddMesh() Added mesh successfully-------
2016-08-21 13:46:05:098[cInfo        ] 
2016-08-21 13:46:05:098[cInfo        ] --------------------| START BUFFER MESH INFO |-------------------------------------
2016-08-21 13:46:05:099[cInfo        ] BufferInfo::AddMesh(): NUM VERTS-----------------[6]
2016-08-21 13:46:05:100[cInfo        ] BufferInfo::AddMesh(): NUM INDICES---------------[0]
2016-08-21 13:46:05:101[cInfo        ] BufferInfo::AddMesh(): VERT OFFSET---------------[0]
2016-08-21 13:46:05:102[cInfo        ] BufferInfo::AddMesh(): INDICES OFFSET (BYTES)----[0]
2016-08-21 13:46:05:103[cInfo        ] --------------------|  END BUFFER MESH INFO  |--------------------------------------
2016-08-21 13:46:05:106[cInfo        ] 

2016-08-21 13:46:05:107[Process      ] BufferInfo::Initialize() successful.
2016-08-21 13:46:05:107[cInfo        ] 
-----------------------------------------------------------------------
 BufferInfo::CreateBuffers()[0] Created buffers:| VERTEX [9] with [1000000] bytes. || INDEX [10] with [1000000] bytes |
-----------------------------------------------------------------------

2016-08-21 13:46:05:110[cInfo        ] --------BufferInfo::AddMesh() Added mesh successfully-------
2016-08-21 13:46:05:111[cInfo        ] 
2016-08-21 13:46:05:111[cInfo        ] --------------------| START BUFFER MESH INFO |-------------------------------------
2016-08-21 13:46:05:112[cInfo        ] BufferInfo::AddMesh(): NUM VERTS-----------------[24]
2016-08-21 13:46:05:114[cInfo        ] BufferInfo::AddMesh(): NUM INDICES---------------[36]
2016-08-21 13:46:05:115[cInfo        ] BufferInfo::AddMesh(): VERT OFFSET---------------[0]
2016-08-21 13:46:05:116[cInfo        ] BufferInfo::AddMesh(): INDICES OFFSET (BYTES)----[0]
2016-08-21 13:46:05:117[cInfo        ] --------------------|  END BUFFER MESH INFO  |--------------------------------------
2016-08-21 13:46:05:118[cInfo        ] 

2016-08-21 13:46:05:121[Process      ] BufferInfo::Initialize() successful.
2016-08-21 13:46:05:121[cInfo        ] 
-----------------------------------------------------------------------
 BufferInfo::CreateBuffers()[1] Created buffers:| VERTEX [11] with [1000000] bytes. || INDEX [12] with [1000000] bytes |
-----------------------------------------------------------------------

2016-08-21 13:46:05:127[cInfo        ] --------BufferInfo::AddMesh() Added mesh successfully-------
2016-08-21 13:46:05:127[cInfo        ] 
2016-08-21 13:46:05:128[cInfo        ] --------------------| START BUFFER MESH INFO |-------------------------------------
2016-08-21 13:46:05:129[cInfo        ] BufferInfo::AddMesh(): NUM VERTS-----------------[1536]
2016-08-21 13:46:05:130[cInfo        ] BufferInfo::AddMesh(): NUM INDICES---------------[3072]
2016-08-21 13:46:05:131[cInfo        ] BufferInfo::AddMesh(): VERT OFFSET---------------[0]
2016-08-21 13:46:05:131[cInfo        ] BufferInfo::AddMesh(): INDICES OFFSET (BYTES)----[0]
2016-08-21 13:46:05:132[cInfo        ] --------------------|  END BUFFER MESH INFO  |--------------------------------------
2016-08-21 13:46:05:134[cInfo        ] 

2016-08-21 13:46:05:135[cInfo        ] 
-----------------------------------------------------------------------
 BufferInfo::CreateBuffers()[0] Created buffers:| VERTEX [13] with [3936] bytes. || INDEX [14] with [0] bytes |
-----------------------------------------------------------------------

2016-08-21 13:46:05:141[cInfo        ] --------BufferInfo::AddMesh() Added mesh successfully-------
2016-08-21 13:46:05:143[cInfo        ] 
2016-08-21 13:46:05:144[cInfo        ] --------------------| START BUFFER MESH INFO |-------------------------------------
2016-08-21 13:46:05:145[cInfo        ] BufferInfo::AddMesh(): NUM VERTS-----------------[164]
2016-08-21 13:46:05:146[cInfo        ] BufferInfo::AddMesh(): NUM INDICES---------------[0]
2016-08-21 13:46:05:147[cInfo        ] BufferInfo::AddMesh(): VERT OFFSET---------------[0]
2016-08-21 13:46:05:148[cInfo        ] BufferInfo::AddMesh(): INDICES OFFSET (BYTES)----[0]
2016-08-21 13:46:05:149[cInfo        ] --------------------|  END BUFFER MESH INFO  |--------------------------------------
2016-08-21 13:46:05:151[cInfo        ] 

2016-08-21 13:46:05:151[cProcess     ] ShapeGenerator initialized successfully.
2016-08-21 13:46:05:155[cProcess     ] Camera::Initialize() successful.
2016-08-21 13:46:05:156[cProcess     ] Keyboard::Initialize() successful
2016-08-21 13:46:05:157[cProcess     ] Keyboard::Initialize() successful
2016-08-21 13:46:05:170[cInfo        ] 
-----------------------------------------------------------------------
 BufferInfo::CreateBuffers()[0] Created buffers:| VERTEX [15] with [10810368] bytes. || INDEX [16] with [0] bytes |
-----------------------------------------------------------------------

2016-08-21 13:46:05:196[cInfo        ] --------BufferInfo::AddMesh() Added mesh successfully-------
2016-08-21 13:46:05:197[cInfo        ] 
2016-08-21 13:46:05:198[cInfo        ] --------------------| START BUFFER MESH INFO |-------------------------------------
2016-08-21 13:46:05:200[cInfo        ] BufferInfo::AddMesh(): NUM VERTS-----------------[337824]
2016-08-21 13:46:05:201[cInfo        ] BufferInfo::AddMesh(): NUM INDICES---------------[0]
2016-08-21 13:46:05:203[cInfo        ] BufferInfo::AddMesh(): VERT OFFSET---------------[0]
2016-08-21 13:46:05:204[cInfo        ] BufferInfo::AddMesh(): INDICES OFFSET (BYTES)----[0]
2016-08-21 13:46:05:206[cInfo        ] --------------------|  END BUFFER MESH INFO  |--------------------------------------
2016-08-21 13:46:05:207[cInfo        ] 

2016-08-21 13:46:05:247[Info         ] ShapeGenerator::ReadSceneFile(): Added new scene [..\Data\Scenes\Dargon.ptn.scene] successfully.
2016-08-21 13:46:05:247[cInfo        ] EntityManager::BuildPlayerEntity(): Built [Dargon] successfully
2016-08-21 13:46:05:250[Process      ] BufferInfo::Initialize() successful.
2016-08-21 13:46:05:257[cInfo        ] 
-----------------------------------------------------------------------
 BufferInfo::CreateBuffers()[2] Created buffers:| VERTEX [17] with [1000000] bytes. || INDEX [18] with [1000000] bytes |
-----------------------------------------------------------------------

2016-08-21 13:46:05:261[cInfo        ] --------BufferInfo::AddMesh() Added mesh successfully-------
2016-08-21 13:46:05:262[cInfo        ] 
2016-08-21 13:46:05:262[cInfo        ] --------------------| START BUFFER MESH INFO |-------------------------------------
2016-08-21 13:46:05:263[cInfo        ] BufferInfo::AddMesh(): NUM VERTS-----------------[36]
2016-08-21 13:46:05:264[cInfo        ] BufferInfo::AddMesh(): NUM INDICES---------------[0]
2016-08-21 13:46:05:266[cInfo        ] BufferInfo::AddMesh(): VERT OFFSET---------------[0]
2016-08-21 13:46:05:267[cInfo        ] BufferInfo::AddMesh(): INDICES OFFSET (BYTES)----[0]
2016-08-21 13:46:05:268[cInfo        ] --------------------|  END BUFFER MESH INFO  |--------------------------------------
2016-08-21 13:46:05:269[cInfo        ] 

2016-08-21 13:46:05:270[Info         ] ShapeGenerator::ReadSceneFile(): Added new scene [..\Data\Scenes\Cube.pn.scene] successfully.
2016-08-21 13:46:05:270[Process      ] BufferInfo::Initialize() successful.
2016-08-21 13:46:05:270[cInfo        ] 
-----------------------------------------------------------------------
 BufferInfo::CreateBuffers()[3] Created buffers:| VERTEX [19] with [1000000] bytes. || INDEX [20] with [1000000] bytes |
-----------------------------------------------------------------------

2016-08-21 13:46:05:274[cInfo        ] --------BufferInfo::AddMesh() Added mesh successfully-------
2016-08-21 13:46:05:276[cInfo        ] 
2016-08-21 13:46:05:276[cInfo        ] --------------------| START BUFFER MESH INFO |-------------------------------------
2016-08-21 13:46:05:277[cInfo        ] BufferInfo::AddMesh(): NUM VERTS-----------------[8718]
2016-08-21 13:46:05:278[cInfo        ] BufferInfo::AddMesh(): NUM INDICES---------------[0]
2016-08-21 13:46:05:279[cInfo        ] BufferInfo::AddMesh(): VERT OFFSET---------------[0]
2016-08-21 13:46:05:280[cInfo        ] BufferInfo::AddMesh(): INDICES OFFSET (BYTES)----[0]
2016-08-21 13:46:05:280[cInfo        ] --------------------|  END BUFFER MESH INFO  |--------------------------------------
2016-08-21 13:46:05:281[cInfo        ] 

2016-08-21 13:46:05:284[Info         ] ShapeGenerator::ReadSceneFile(): Added new scene [..\Data\Scenes\AIWorld.ptn.scene] successfully.
2016-08-21 13:46:05:286[cInfo        ] --------BufferInfo::AddMesh() Added mesh successfully-------
2016-08-21 13:46:05:287[cInfo        ] 
2016-08-21 13:46:05:287[cInfo        ] --------------------| START BUFFER MESH INFO |-------------------------------------
2016-08-21 13:46:05:289[cInfo        ] BufferInfo::AddMesh(): NUM VERTS-----------------[18]
2016-08-21 13:46:05:290[cInfo        ] BufferInfo::AddMesh(): NUM INDICES---------------[0]
2016-08-21 13:46:05:290[cInfo        ] BufferInfo::AddMesh(): VERT OFFSET---------------[36]
2016-08-21 13:46:05:292[cInfo        ] BufferInfo::AddMesh(): INDICES OFFSET (BYTES)----[0]
2016-08-21 13:46:05:293[cInfo        ] --------------------|  END BUFFER MESH INFO  |--------------------------------------
2016-08-21 13:46:05:295[cInfo        ] 

2016-08-21 13:46:05:296[Info         ] ShapeGenerator::ReadSceneFile(): Added new scene [..\Data\Scenes\Pyramid.pn.scene] successfully.
2016-08-21 13:46:05:304[cInfo        ] 
-----------------------------------------------------------------------
 BufferInfo::CreateBuffers()[0] Created buffers:| VERTEX [21] with [5529600] bytes. || INDEX [22] with [0] bytes |
-----------------------------------------------------------------------

2016-08-21 13:46:05:319[cInfo        ] --------BufferInfo::AddMesh() Added mesh successfully-------
2016-08-21 13:46:05:321[cInfo        ] 
2016-08-21 13:46:05:322[cInfo        ] --------------------| START BUFFER MESH INFO |-------------------------------------
2016-08-21 13:46:05:323[cInfo        ] BufferInfo::AddMesh(): NUM VERTS-----------------[172800]
2016-08-21 13:46:05:325[cInfo        ] BufferInfo::AddMesh(): NUM INDICES---------------[0]
2016-08-21 13:46:05:327[cInfo        ] BufferInfo::AddMesh(): VERT OFFSET---------------[0]
2016-08-21 13:46:05:328[cInfo        ] BufferInfo::AddMesh(): INDICES OFFSET (BYTES)----[0]
2016-08-21 13:46:05:329[cInfo        ] --------------------|  END BUFFER MESH INFO  |--------------------------------------
2016-08-21 13:46:05:331[cInfo        ] 

2016-08-21 13:46:05:332[Info         ] ShapeGenerator::ReadSceneFile(): Added new scene [..\Data\Scenes\WaterPlane.ptn.scene] successfully.
2016-08-21 13:46:05:333[cProcess     ] Camera::Initialize() successful.
2016-08-21 13:46:05:345[Process      ] BufferInfo::Initialize() successful.
2016-08-21 13:46:05:345[cInfo        ] 
-----------------------------------------------------------------------
 BufferInfo::CreateBuffers()[4] Created buffers:| VERTEX [23] with [8107776] bytes. || INDEX [24] with [0] bytes |
-----------------------------------------------------------------------

2016-08-21 13:46:05:358[cInfo        ] --------BufferInfo::AddMesh() Added mesh successfully-------
2016-08-21 13:46:05:360[cInfo        ] 
2016-08-21 13:46:05:360[cInfo        ] --------------------| START BUFFER MESH INFO |-------------------------------------
2016-08-21 13:46:05:363[cInfo        ] BufferInfo::AddMesh(): NUM VERTS-----------------[337824]
2016-08-21 13:46:05:364[cInfo        ] BufferInfo::AddMesh(): NUM INDICES---------------[0]
2016-08-21 13:46:05:365[cInfo        ] BufferInfo::AddMesh(): VERT OFFSET---------------[0]
2016-08-21 13:46:05:366[cInfo        ] BufferInfo::AddMesh(): INDICES OFFSET (BYTES)----[0]
2016-08-21 13:46:05:367[cInfo        ] --------------------|  END BUFFER MESH INFO  |--------------------------------------
2016-08-21 13:46:05:368[cInfo        ] 

2016-08-21 13:46:05:370[Info         ] ShapeGenerator::ReadSceneFile(): Added new scene [..\Data\Scenes\Dargon.pn.scene] successfully.
2016-08-21 13:46:05:370[Process      ] BufferInfo::Initialize() successful.
2016-08-21 13:46:05:370[cInfo        ] 
-----------------------------------------------------------------------
 BufferInfo::CreateBuffers()[5] Created buffers:| VERTEX [25] with [1000000] bytes. || INDEX [26] with [1000000] bytes |
-----------------------------------------------------------------------

2016-08-21 13:46:05:375[cInfo        ] --------BufferInfo::AddMesh() Added mesh successfully-------
2016-08-21 13:46:05:376[cInfo        ] 
2016-08-21 13:46:05:376[cInfo        ] --------------------| START BUFFER MESH INFO |-------------------------------------
2016-08-21 13:46:05:378[cInfo        ] BufferInfo::AddMesh(): NUM VERTS-----------------[6]
2016-08-21 13:46:05:379[cInfo        ] BufferInfo::AddMesh(): NUM INDICES---------------[0]
2016-08-21 13:46:05:380[cInfo        ] BufferInfo::AddMesh(): VERT OFFSET---------------[0]
2016-08-21 13:46:05:381[cInfo        ] BufferInfo::AddMesh(): INDICES OFFSET (BYTES)----[0]
2016-08-21 13:46:05:384[cInfo        ] --------------------|  END BUFFER MESH INFO  |--------------------------------------
2016-08-21 13:46:05:385[cInfo        ] 

2016-08-21 13:46:05:386[cProcess     ] BodaciousQuest::Initialize() successful.
2016-08-21 13:46:05:387[Process      ] GameTime::Initialize() ok

2016-08-21 13:46:05:387[cProcess     ] MyWindow::Initialize() successful!
2016-08-21 13:46:10:596[cProcess     ] BufferManager::Shutdown() successful.
2016-08-21 13:46:10:597[cProcess     ] RenderEngine::Shutdown() successful.
2016-08-21 13:46:10:598[cProcess     ] Camera::Shutdown() successful.
2016-08-21 13:46:10:599[Info         ] Shader  [2] deleting...
2016-08-21 13:46:10:599[Info         ] Shader  [2] deleted successfully.
2016-08-21 13:46:10:599[Info         ] Shader  [3] deleting...
2016-08-21 13:46:10:599[Info         ] Shader  [3] deleted successfully.
2016-08-21 13:46:10:599[Info         ] All shaders deleted successfully.
2016-08-21 13:46:10:599[cInfo        ] Program [1] deleted successfully.
2016-08-21 13:46:10:600[Process      ] ShaderProgram[1]::Shutdown successful!
2016-08-21 13:46:10:600[Info         ] Shader  [5] deleting...
2016-08-21 13:46:10:600[Info         ] Shader  [5] deleted successfully.
2016-08-21 13:46:10:600[Info         ] Shader  [6] deleting...
2016-08-21 13:46:10:600[Info         ] Shader  [6] deleted successfully.
2016-08-21 13:46:10:600[Info         ] All shaders deleted successfully.
2016-08-21 13:46:10:600[cInfo        ] Program [4] deleted successfully.
2016-08-21 13:46:10:601[Process      ] ShaderProgram[4]::Shutdown successful!
2016-08-21 13:46:10:601[Info         ] Shader  [8] deleting...
2016-08-21 13:46:10:601[Info         ] Shader  [8] deleted successfully.
2016-08-21 13:46:10:601[Info         ] Shader  [9] deleting...
2016-08-21 13:46:10:601[Info         ] Shader  [9] deleted successfully.
2016-08-21 13:46:10:601[Info         ] All shaders deleted successfully.
2016-08-21 13:46:10:601[cInfo        ] Program [7] deleted successfully.
2016-08-21 13:46:10:602[Process      ] ShaderProgram[7]::Shutdown successful!
2016-08-21 13:46:10:602[Info         ] Shader  [11] deleting...
2016-08-21 13:46:10:602[Info         ] Shader  [11] deleted successfully.
2016-08-21 13:46:10:602[Info         ] Shader  [12] deleting...
2016-08-21 13:46:10:602[Info         ] Shader  [12] deleted successfully.
2016-08-21 13:46:10:602[Info         ] All shaders deleted successfully.
2016-08-21 13:46:10:602[cInfo        ] Program [10] deleted successfully.
2016-08-21 13:46:10:602[Process      ] ShaderProgram[10]::Shutdown successful!
2016-08-21 13:46:10:603[Info         ] Shader  [14] deleting...
2016-08-21 13:46:10:603[Info         ] Shader  [14] deleted successfully.
2016-08-21 13:46:10:603[Info         ] Shader  [15] deleting...
2016-08-21 13:46:10:603[Info         ] Shader  [15] deleted successfully.
2016-08-21 13:46:10:603[Info         ] All shaders deleted successfully.
2016-08-21 13:46:10:603[cInfo        ] Program [13] deleted successfully.
2016-08-21 13:46:10:603[Process      ] ShaderProgram[13]::Shutdown successful!
2016-08-21 13:46:10:604[Info         ] Shader  [17] deleting...
2016-08-21 13:46:10:604[Info         ] Shader  [17] deleted successfully.
2016-08-21 13:46:10:604[Info         ] Shader  [18] deleting...
2016-08-21 13:46:10:604[Info         ] Shader  [18] deleted successfully.
2016-08-21 13:46:10:604[Info         ] All shaders deleted successfully.
2016-08-21 13:46:10:604[cInfo        ] Program [16] deleted successfully.
2016-08-21 13:46:10:604[Process      ] ShaderProgram[16]::Shutdown successful!
2016-08-21 13:46:10:604[Info         ] Shader  [20] deleting...
2016-08-21 13:46:10:604[Info         ] Shader  [20] deleted successfully.
2016-08-21 13:46:10:604[Info         ] Shader  [21] deleting...
2016-08-21 13:46:10:605[Info         ] Shader  [21] deleted successfully.
2016-08-21 13:46:10:605[Info         ] All shaders deleted successfully.
2016-08-21 13:46:10:605[cInfo        ] Program [19] deleted successfully.
2016-08-21 13:46:10:605[Process      ] ShaderProgram[19]::Shutdown successful!
2016-08-21 13:46:10:605[cProcess     ] MyWindow::Shutdown() successful!
2016-08-21 13:46:10:608[cProcess     ] BodaciousQuest::Shutdown() successful.
2016-08-21 13:46:10:618[Process      ] ConfigReader shut down successfully
2016-08-21 13:46:10:618[Process      ] GameLogger::ShutDown() successful
