2016-08-24 10:03:19:041[Process      ] GameLogger::Initialize() opened log file [..\Data\LogFiles\2016-08-24 10-03-19.BodaciousQuest.log] for writing
2016-08-24 10:03:19:041[Info         ] GameLogger::Initialize() successful
2016-08-24 10:03:19:041[Process      ] ConfigReader opened [..\Data\BodaciousQuest.config] successfully
2016-08-24 10:03:19:041[Info         ] ConfigReader initialized successfully
2016-08-24 10:03:19:041[Info         ] Valid KVP [BodaciousQuest.ShowFullScreen] [false] added
2016-08-24 10:03:19:041[Info         ] Valid KVP [BodaciousQuest.FpsInterval] [5.0] added
2016-08-24 10:03:19:043[Info         ] Valid KVP [BodaciousQuest.EnableControls] [true] added
2016-08-24 10:03:19:043[Info         ] Valid KVP [BodaciousQuest.LoadCubeFirst] [true] added
2016-08-24 10:03:19:043[Info         ] Valid KVP [BodaciousQuest.CameraWalkMode] [false] added
2016-08-24 10:03:19:043[Info         ] Valid KVP [BodaciousQuest.GridSize] [40] added
2016-08-24 10:03:19:043[Info         ] Valid KVP [BodaciousQuest.LightingTest.Ambient.Color] [1.0  1.0  1.0] added
2016-08-24 10:03:19:043[Info         ] Valid KVP [BodaciousQuest.LightingTest.Diffuse.Color] [1.0  1.0  1.0] added
2016-08-24 10:03:19:043[Info         ] Valid KVP [BodaciousQuest.LightingTest.Specular.Color] [1.0  1.0  1.0] added
2016-08-24 10:03:19:043[Info         ] Valid KVP [BodaciousQuest.LightingTest.Ambient.Reflectivity] [0.1] added
2016-08-24 10:03:19:043[Info         ] Valid KVP [BodaciousQuest.LightingTest.Diffuse.Reflectivity] [0.9] added
2016-08-24 10:03:19:043[Info         ] Valid KVP [BodaciousQuest.LightingTest.Specular.Reflectivity] [0.2] added
2016-08-24 10:03:19:043[Info         ] Valid KVP [BodaciousQuest.LightingTest.Specular.Shininess] [2.0] added
2016-08-24 10:03:19:043[Info         ] Valid KVP [BodaciousQuest.LightingTest.Falloff.A] [1.0] added
2016-08-24 10:03:19:043[Info         ] Valid KVP [BodaciousQuest.LightingTest.Falloff.B] [0.01] added
2016-08-24 10:03:19:043[Info         ] Valid KVP [BodaciousQuest.LightingTest.Falloff.C] [0.001] added
2016-08-24 10:03:19:043[Info         ] Valid KVP [BodaciousQuest.LightingTest.Directional] [false] added
2016-08-24 10:03:19:043[Info         ] Valid KVP [BodaciousQuest.LightingTest.Direction] [-1.0 0.0 1.0] added
2016-08-24 10:03:19:043[Info         ] Valid KVP [BodaciousQuest.LightingTest.Light.Position] [-0.875458 3.673020 1.043331] added
2016-08-24 10:03:19:043[Info         ] Valid KVP [BodaciousQuest.LightingTest.Dargon.Color] [1.0 1.0 0.4] added
2016-08-24 10:03:19:043[Info         ] Valid KVP [ObjConverter.Mode.VertexType] [ptn] added
2016-08-24 10:03:19:043[Info         ] Valid KVP [ObjConverter.Mode.Analyze] [false] added
2016-08-24 10:03:19:044[Info         ] Valid KVP [ObjConverter.Model] [DerpyDargon] added
2016-08-24 10:03:19:044[Info         ] Valid KVP [ObjConverter.Shader] [5] added
2016-08-24 10:03:19:044[Info         ] Valid KVP [ObjConverter.Color] [random] added
2016-08-24 10:03:19:044[Info         ] Valid KVP [ObjConverter.Obj.InputFileFolder] [..\\Data\\Objs\\] added
2016-08-24 10:03:19:044[Info         ] Valid KVP [ObjConverter.Scene.OutputFileFolder] [..\\Data\\Scenes\\] added
2016-08-24 10:03:19:044[Info         ] Valid KVP [ObjConverter.Model.Dargon.NumVerts] [57967] added
2016-08-24 10:03:19:044[Info         ] Valid KVP [ObjConverter.Model.Dargon.NumIndices] [337824] added
2016-08-24 10:03:19:044[Info         ] Valid KVP [ObjConverter.Model.Dargon.NumTexCoords] [60175] added
2016-08-24 10:03:19:044[Info         ] Valid KVP [ObjConverter.Model.Dargon.NumNormals] [337824] added
2016-08-24 10:03:19:044[Info         ] Valid KVP [ObjConverter.Model.DerpyDargon.NumVerts] [57967] added
2016-08-24 10:03:19:044[Info         ] Valid KVP [ObjConverter.Model.DerpyDargon.NumIndices] [337824] added
2016-08-24 10:03:19:044[Info         ] Valid KVP [ObjConverter.Model.DerpyDargon.NumTexCoords] [60175] added
2016-08-24 10:03:19:044[Info         ] Valid KVP [ObjConverter.Model.DerpyDargon.NumNormals] [337824] added
2016-08-24 10:03:19:044[Info         ] Valid KVP [ObjConverter.Model.Swamp.NumVerts] [2735] added
2016-08-24 10:03:19:044[Info         ] Valid KVP [ObjConverter.Model.Swamp.NumIndices] [8556] added
2016-08-24 10:03:19:044[Info         ] Valid KVP [ObjConverter.Model.Swamp.NumTexCoords] [3622] added
2016-08-24 10:03:19:044[Info         ] Valid KVP [ObjConverter.Model.Swamp.NumNormals] [5156] added
2016-08-24 10:03:19:044[Info         ] Valid KVP [ObjConverter.Model.Pyramid.NumVerts] [5] added
2016-08-24 10:03:19:044[Info         ] Valid KVP [ObjConverter.Model.Pyramid.NumIndices] [18] added
2016-08-24 10:03:19:044[Info         ] Valid KVP [ObjConverter.Model.Pyramid.NumTexCoords] [10] added
2016-08-24 10:03:19:044[Info         ] Valid KVP [ObjConverter.Model.Pyramid.NumNormals] [16] added
2016-08-24 10:03:19:044[Info         ] Valid KVP [ObjConverter.Model.AIWorld.NumVerts] [1957] added
2016-08-24 10:03:19:044[Info         ] Valid KVP [ObjConverter.Model.AIWorld.NumIndices] [8718] added
2016-08-24 10:03:19:044[Info         ] Valid KVP [ObjConverter.Model.AIWorld.NumTexCoords] [4186] added
2016-08-24 10:03:19:044[Info         ] Valid KVP [ObjConverter.Model.AIWorld.NumNormals] [5418] added
2016-08-24 10:03:19:044[Info         ] Valid KVP [ObjConverter.Model.GameWeapon.NumVerts] [2068] added
2016-08-24 10:03:19:044[Info         ] Valid KVP [ObjConverter.Model.GameWeapon.NumIndices] [9894] added
2016-08-24 10:03:19:044[Info         ] Valid KVP [ObjConverter.Model.GameWeapon.NumTexCoords] [0] added
2016-08-24 10:03:19:044[Info         ] Valid KVP [ObjConverter.Model.GameWeapon.NumNormals] [0] added
2016-08-24 10:03:19:044[Info         ] Valid KVP [ObjConverter.Model.Chicken.NumVerts] [224] added
2016-08-24 10:03:19:044[Info         ] Valid KVP [ObjConverter.Model.Chicken.NumIndices] [1374] added
2016-08-24 10:03:19:044[Info         ] Valid KVP [ObjConverter.Model.Chicken.NumTexCoords] [472] added
2016-08-24 10:03:19:044[Info         ] Valid KVP [ObjConverter.Model.Chicken.NumNormals] [565] added
2016-08-24 10:03:19:044[Info         ] Valid KVP [ObjConverter.Model.WaterPlane.NumVerts] [29282] added
2016-08-24 10:03:19:044[Info         ] Valid KVP [ObjConverter.Model.WaterPlane.NumIndices] [172800] added
2016-08-24 10:03:19:044[Info         ] Valid KVP [ObjConverter.Model.WaterPlane.NumTexCoords] [29282] added
2016-08-24 10:03:19:044[Info         ] Valid KVP [ObjConverter.Model.WaterPlane.NumNormals] [172800] added
2016-08-24 10:03:19:044[Info         ] Valid KVP [ObjConverter.Model.Cube.NumVerts] [8] added
2016-08-24 10:03:19:044[Info         ] Valid KVP [ObjConverter.Model.Cube.NumIndices] [36] added
2016-08-24 10:03:19:044[Info         ] Valid KVP [ObjConverter.Model.Cube.NumTexCoords] [14] added
2016-08-24 10:03:19:044[Info         ] Valid KVP [ObjConverter.Model.Cube.NumNormals] [24] added
2016-08-24 10:03:19:044[Info         ] Valid KVP [ObjConverter.Model.Barrel.NumVerts] [172] added
2016-08-24 10:03:19:044[Info         ] Valid KVP [ObjConverter.Model.Barrel.NumIndices] [1008] added
2016-08-24 10:03:19:044[Info         ] Valid KVP [ObjConverter.Model.Barrel.NumTexCoords] [328] added
2016-08-24 10:03:19:044[Info         ] Valid KVP [ObjConverter.Model.Barrel.NumNormals] [204] added
2016-08-24 10:03:19:044[Info         ] Valid KVP [ObjConverter.Model.SkyBox.NumVerts] [8] added
2016-08-24 10:03:19:045[Info         ] Valid KVP [ObjConverter.Model.SkyBox.NumIndices] [36] added
2016-08-24 10:03:19:045[Info         ] Valid KVP [ObjConverter.Model.SkyBox.NumTexCoords] [18] added
2016-08-24 10:03:19:045[Info         ] Valid KVP [ObjConverter.Model.SkyBox.NumNormals] [24] added
2016-08-24 10:03:19:045[Info         ] Valid KVP [ObjConverter.Model.Cat.NumVerts] [548] added
2016-08-24 10:03:19:045[Info         ] Valid KVP [ObjConverter.Model.Cat.NumIndices] [3180] added
2016-08-24 10:03:19:045[Info         ] Valid KVP [ObjConverter.Model.Cat.NumTexCoords] [771] added
2016-08-24 10:03:19:045[Info         ] Valid KVP [ObjConverter.Model.Cat.NumNormals] [714] added
2016-08-24 10:03:19:127[cInfo        ] Config reader opened [..\Data\BodaciousQuest.config] for reading!
2016-08-24 10:03:19:183[Process      ] ShaderManager Initialized successfully
2016-08-24 10:03:19:183[Info         ] Shader Init started
2016-08-24 10:03:19:183[Info         ] Shader Program created.
2016-08-24 10:03:19:183[Process      ] ShaderProgram::Initialize()[1] successful!
2016-08-24 10:03:19:183[Debug        ] File [..\Data\shaders\debug.vert.shader] Opened successfully! Buffer Length:[291]
2016-08-24 10:03:19:183[Debug        ] Shader file [..\Data\shaders\debug.vert.shader] contents:
//BEGIN
#version 430 core

layout(location = 0)  in vec3 vPosition;

layout(location = 15) uniform vec3 colorin;
layout(location = 16) uniform mat4 MAT;

out vec4 color;

void main()
{
	vec4 vertPos = vec4(vPosition, 1.0);
	gl_Position = MAT *  vertPos;
	color = vec4(colorin, 1.0);
}
//END

2016-08-24 10:03:19:183[Debug        ]  ShaderProgram::AddShader() file with data was read in
2016-08-24 10:03:19:183[Debug        ] ShaderProgram::AddShader() : glShaderSource() successful
2016-08-24 10:03:19:184[Debug        ] ShaderProgram::AddShader() : glCompileShader() successful
2016-08-24 10:03:19:184[Info         ] ShaderProgram::CheckShaderCompileStatus(2) successful.
2016-08-24 10:03:19:184[Debug        ] ShaderProgram::AddShader() : glCompileShader() successful
2016-08-24 10:03:19:184[Info         ] ShaderInfo saved successfully.
2016-08-24 10:03:19:184[Debug        ] ShaderProgram::AddShader() : glAttachShader() successful
2016-08-24 10:03:19:184[Info         ] ShaderProgram::AddShader [2] successful.
2016-08-24 10:03:19:184[Debug        ] File [..\Data\shaders\debug.frag.shader] Opened successfully! Buffer Length:[104]
2016-08-24 10:03:19:184[Debug        ] Shader file [..\Data\shaders\debug.frag.shader] contents:
//BEGIN
#version 430 core


in  vec4 color;
out vec4 outColor;

void main()
{
	outColor = color;
}


//END

2016-08-24 10:03:19:184[Debug        ]  ShaderProgram::AddShader() file with data was read in
2016-08-24 10:03:19:184[Debug        ] ShaderProgram::AddShader() : glShaderSource() successful
2016-08-24 10:03:19:184[Debug        ] ShaderProgram::AddShader() : glCompileShader() successful
2016-08-24 10:03:19:184[Info         ] ShaderProgram::CheckShaderCompileStatus(3) successful.
2016-08-24 10:03:19:184[Debug        ] ShaderProgram::AddShader() : glCompileShader() successful
2016-08-24 10:03:19:184[Info         ] ShaderInfo saved successfully.
2016-08-24 10:03:19:184[Debug        ] ShaderProgram::AddShader() : glAttachShader() successful
2016-08-24 10:03:19:184[Info         ] ShaderProgram::AddShader [3] successful.
2016-08-24 10:03:19:186[Info         ] CheckProgramStatus() successful!
2016-08-24 10:03:19:186[Info         ] CheckProgramStatus() successful!
2016-08-24 10:03:19:186[Info         ] Shader Init started
2016-08-24 10:03:19:186[Info         ] Shader Program created.
2016-08-24 10:03:19:186[Process      ] ShaderProgram::Initialize()[4] successful!
2016-08-24 10:03:19:186[Debug        ] File [..\Data\shaders\play.vert.shader] Opened successfully! Buffer Length:[343]
2016-08-24 10:03:19:186[Debug        ] Shader file [..\Data\shaders\play.vert.shader] contents:
//BEGIN
#version 430 core

layout (location = 0)  in vec3 vPosition;
layout (location = 1)  in vec3 vColor;
layout (location = 15) uniform vec3 colorin;
layout (location = 16) uniform mat4 MAT;

out vec4 color;

void main()
{
	vec4 vertPos = vec4(vPosition, 1.0);
	gl_Position = MAT *  vertPos;
	color = vec4((vColor + colorin), 1.0);
}
//END

2016-08-24 10:03:19:186[Debug        ]  ShaderProgram::AddShader() file with data was read in
2016-08-24 10:03:19:186[Debug        ] ShaderProgram::AddShader() : glShaderSource() successful
2016-08-24 10:03:19:186[Debug        ] ShaderProgram::AddShader() : glCompileShader() successful
2016-08-24 10:03:19:186[Info         ] ShaderProgram::CheckShaderCompileStatus(5) successful.
2016-08-24 10:03:19:186[Debug        ] ShaderProgram::AddShader() : glCompileShader() successful
2016-08-24 10:03:19:186[Info         ] ShaderInfo saved successfully.
2016-08-24 10:03:19:186[Debug        ] ShaderProgram::AddShader() : glAttachShader() successful
2016-08-24 10:03:19:186[Info         ] ShaderProgram::AddShader [5] successful.
2016-08-24 10:03:19:186[Debug        ] File [..\Data\shaders\play.frag.shader] Opened successfully! Buffer Length:[391]
2016-08-24 10:03:19:186[Debug        ] Shader file [..\Data\shaders\play.frag.shader] contents:
//BEGIN
#version 430 core


in  vec4 color;
out vec4 outColor;

void main()
{

	//if (color.r < .7) discard;
	outColor = color;

	//if(((gl_FragCoord.x  > 600)&& (gl_FragCoord.y < 300)) || ((gl_FragCoord.y < 300)  && (gl_FragCoord.x  < 600) )) {
	//discard;
	//}

	//vec2 scrPos = vec2(gl_FragCoord) - vec2(350,150);
	//float len =  length(scrPos);
	//if(len < 50 )discard;
}


//END

2016-08-24 10:03:19:186[Debug        ]  ShaderProgram::AddShader() file with data was read in
2016-08-24 10:03:19:186[Debug        ] ShaderProgram::AddShader() : glShaderSource() successful
2016-08-24 10:03:19:186[Debug        ] ShaderProgram::AddShader() : glCompileShader() successful
2016-08-24 10:03:19:186[Info         ] ShaderProgram::CheckShaderCompileStatus(6) successful.
2016-08-24 10:03:19:186[Debug        ] ShaderProgram::AddShader() : glCompileShader() successful
2016-08-24 10:03:19:186[Info         ] ShaderInfo saved successfully.
2016-08-24 10:03:19:186[Debug        ] ShaderProgram::AddShader() : glAttachShader() successful
2016-08-24 10:03:19:187[Info         ] ShaderProgram::AddShader [6] successful.
2016-08-24 10:03:19:187[Info         ] CheckProgramStatus() successful!
2016-08-24 10:03:19:187[Info         ] CheckProgramStatus() successful!
2016-08-24 10:03:19:187[Info         ] Shader Init started
2016-08-24 10:03:19:187[Info         ] Shader Program created.
2016-08-24 10:03:19:187[Process      ] ShaderProgram::Initialize()[7] successful!
2016-08-24 10:03:19:187[Debug        ] File [..\Data\shaders\texture.vert.shader] Opened successfully! Buffer Length:[305]
2016-08-24 10:03:19:188[Debug        ] Shader file [..\Data\shaders\texture.vert.shader] contents:
//BEGIN
#version 430 core

layout (location = 0)  in vec3 vPosition;
layout (location = 1)  in vec2 vUV;

layout (location = 16) uniform mat4 MAT;

//out data
out vec2 UV;

//out vec4 color;

void main()
{
	vec4 vertPos = vec4(vPosition, 1.0);
	gl_Position = MAT *  vertPos;

	UV = vUV;
	
	
}
//END

2016-08-24 10:03:19:188[Debug        ]  ShaderProgram::AddShader() file with data was read in
2016-08-24 10:03:19:188[Debug        ] ShaderProgram::AddShader() : glShaderSource() successful
2016-08-24 10:03:19:188[Debug        ] ShaderProgram::AddShader() : glCompileShader() successful
2016-08-24 10:03:19:188[Info         ] ShaderProgram::CheckShaderCompileStatus(8) successful.
2016-08-24 10:03:19:188[Debug        ] ShaderProgram::AddShader() : glCompileShader() successful
2016-08-24 10:03:19:188[Info         ] ShaderInfo saved successfully.
2016-08-24 10:03:19:188[Debug        ] ShaderProgram::AddShader() : glAttachShader() successful
2016-08-24 10:03:19:188[Info         ] ShaderProgram::AddShader [8] successful.
2016-08-24 10:03:19:188[Debug        ] File [..\Data\shaders\texture.frag.shader] Opened successfully! Buffer Length:[482]
2016-08-24 10:03:19:188[Debug        ] Shader file [..\Data\shaders\texture.frag.shader] contents:
//BEGIN
#version 430 core


in  vec2 UV;
out vec4 outColor;

layout(location = 20) uniform sampler2D textureSampler;

void main()
{

	//if (color.r < .7) discard;
	outColor = vec4(texture(textureSampler, UV).rgb, 1.0);

	//if(((gl_FragCoord.x  > 600)&& (gl_FragCoord.y < 300)) || ((gl_FragCoord.y < 300)  && (gl_FragCoord.x  < 600) )) {
	//discard;
	//}
	//vec2 scrPos = vec2(gl_FragCoord) - vec2(350,150);
	//float len =  length(scrPos);
	//if(len < 50 )discard;
}


//END

2016-08-24 10:03:19:188[Debug        ]  ShaderProgram::AddShader() file with data was read in
2016-08-24 10:03:19:188[Debug        ] ShaderProgram::AddShader() : glShaderSource() successful
2016-08-24 10:03:19:188[Debug        ] ShaderProgram::AddShader() : glCompileShader() successful
2016-08-24 10:03:19:188[Info         ] ShaderProgram::CheckShaderCompileStatus(9) successful.
2016-08-24 10:03:19:188[Debug        ] ShaderProgram::AddShader() : glCompileShader() successful
2016-08-24 10:03:19:188[Info         ] ShaderInfo saved successfully.
2016-08-24 10:03:19:188[Debug        ] ShaderProgram::AddShader() : glAttachShader() successful
2016-08-24 10:03:19:188[Info         ] ShaderProgram::AddShader [9] successful.
2016-08-24 10:03:19:189[Info         ] CheckProgramStatus() successful!
2016-08-24 10:03:19:189[Info         ] CheckProgramStatus() successful!
2016-08-24 10:03:19:189[Info         ] Shader Init started
2016-08-24 10:03:19:189[Info         ] Shader Program created.
2016-08-24 10:03:19:189[Process      ] ShaderProgram::Initialize()[10] successful!
2016-08-24 10:03:19:189[Debug        ] File [..\Data\shaders\framebuffer.vert.shader] Opened successfully! Buffer Length:[305]
2016-08-24 10:03:19:189[Debug        ] Shader file [..\Data\shaders\framebuffer.vert.shader] contents:
//BEGIN
#version 430 core

layout (location = 0)  in vec3 vPosition;
layout (location = 1)  in vec2 vUV;

layout (location = 16) uniform mat4 MAT;

//out data
out vec2 UV;

//out vec4 color;

void main()
{
	vec4 vertPos = vec4(vPosition, 1.0);
	gl_Position = MAT *  vertPos;

	UV = vUV;
	
	
}
//END

2016-08-24 10:03:19:189[Debug        ]  ShaderProgram::AddShader() file with data was read in
2016-08-24 10:03:19:189[Debug        ] ShaderProgram::AddShader() : glShaderSource() successful
2016-08-24 10:03:19:190[Debug        ] ShaderProgram::AddShader() : glCompileShader() successful
2016-08-24 10:03:19:190[Info         ] ShaderProgram::CheckShaderCompileStatus(11) successful.
2016-08-24 10:03:19:190[Debug        ] ShaderProgram::AddShader() : glCompileShader() successful
2016-08-24 10:03:19:190[Info         ] ShaderInfo saved successfully.
2016-08-24 10:03:19:190[Debug        ] ShaderProgram::AddShader() : glAttachShader() successful
2016-08-24 10:03:19:190[Info         ] ShaderProgram::AddShader [11] successful.
2016-08-24 10:03:19:190[Debug        ] File [..\Data\shaders\framebuffer.frag.shader] Opened successfully! Buffer Length:[275]
2016-08-24 10:03:19:190[Debug        ] Shader file [..\Data\shaders\framebuffer.frag.shader] contents:
//BEGIN
#version 430 core


in  vec2 UV;
out vec4 outColor;

layout(location = 20) uniform sampler2D textureSampler;

void main()
{


	vec3 tempCol = texture(textureSampler, UV).rgb;

	outColor = vec4(tempCol.r / 1.5f, tempCol.g / 1.5f, tempCol.b / 1.5f, 1.0f);
}


//END

2016-08-24 10:03:19:190[Debug        ]  ShaderProgram::AddShader() file with data was read in
2016-08-24 10:03:19:190[Debug        ] ShaderProgram::AddShader() : glShaderSource() successful
2016-08-24 10:03:19:190[Debug        ] ShaderProgram::AddShader() : glCompileShader() successful
2016-08-24 10:03:19:190[Info         ] ShaderProgram::CheckShaderCompileStatus(12) successful.
2016-08-24 10:03:19:190[Debug        ] ShaderProgram::AddShader() : glCompileShader() successful
2016-08-24 10:03:19:190[Info         ] ShaderInfo saved successfully.
2016-08-24 10:03:19:190[Debug        ] ShaderProgram::AddShader() : glAttachShader() successful
2016-08-24 10:03:19:190[Info         ] ShaderProgram::AddShader [12] successful.
2016-08-24 10:03:19:191[Info         ] CheckProgramStatus() successful!
2016-08-24 10:03:19:191[Info         ] CheckProgramStatus() successful!
2016-08-24 10:03:19:191[Info         ] Shader Init started
2016-08-24 10:03:19:191[Info         ] Shader Program created.
2016-08-24 10:03:19:191[Process      ] ShaderProgram::Initialize()[13] successful!
2016-08-24 10:03:19:191[Debug        ] File [..\Data\shaders\lighting.vert.shader] Opened successfully! Buffer Length:[1004]
2016-08-24 10:03:19:191[cDebug       ] Shader file [..\Data\shaders\lighting.vert.shader] is too big to display contents.
2016-08-24 10:03:19:194[Debug        ]  ShaderProgram::AddShader() file with data was read in
2016-08-24 10:03:19:194[Debug        ] ShaderProgram::AddShader() : glShaderSource() successful
2016-08-24 10:03:19:194[Debug        ] ShaderProgram::AddShader() : glCompileShader() successful
2016-08-24 10:03:19:194[Info         ] ShaderProgram::CheckShaderCompileStatus(14) successful.
2016-08-24 10:03:19:194[Debug        ] ShaderProgram::AddShader() : glCompileShader() successful
2016-08-24 10:03:19:194[Info         ] ShaderInfo saved successfully.
2016-08-24 10:03:19:194[Debug        ] ShaderProgram::AddShader() : glAttachShader() successful
2016-08-24 10:03:19:194[Info         ] ShaderProgram::AddShader [14] successful.
2016-08-24 10:03:19:194[Debug        ] File [..\Data\shaders\lighting.frag.shader] Opened successfully! Buffer Length:[1824]
2016-08-24 10:03:19:194[cDebug       ] Shader file [..\Data\shaders\lighting.frag.shader] is too big to display contents.
2016-08-24 10:03:19:196[Debug        ]  ShaderProgram::AddShader() file with data was read in
2016-08-24 10:03:19:196[Debug        ] ShaderProgram::AddShader() : glShaderSource() successful
2016-08-24 10:03:19:197[Debug        ] ShaderProgram::AddShader() : glCompileShader() successful
2016-08-24 10:03:19:197[Info         ] ShaderProgram::CheckShaderCompileStatus(15) successful.
2016-08-24 10:03:19:197[Debug        ] ShaderProgram::AddShader() : glCompileShader() successful
2016-08-24 10:03:19:197[Info         ] ShaderInfo saved successfully.
2016-08-24 10:03:19:197[Debug        ] ShaderProgram::AddShader() : glAttachShader() successful
2016-08-24 10:03:19:197[Info         ] ShaderProgram::AddShader [15] successful.
2016-08-24 10:03:19:200[Info         ] CheckProgramStatus() successful!
2016-08-24 10:03:19:200[Info         ] CheckProgramStatus() successful!
2016-08-24 10:03:19:200[Info         ] Shader Init started
2016-08-24 10:03:19:200[Info         ] Shader Program created.
2016-08-24 10:03:19:200[Process      ] ShaderProgram::Initialize()[16] successful!
2016-08-24 10:03:19:200[Debug        ] File [..\Data\shaders\texlighting.vert.shader] Opened successfully! Buffer Length:[1051]
2016-08-24 10:03:19:200[cDebug       ] Shader file [..\Data\shaders\texlighting.vert.shader] is too big to display contents.
2016-08-24 10:03:19:202[Debug        ]  ShaderProgram::AddShader() file with data was read in
2016-08-24 10:03:19:202[Debug        ] ShaderProgram::AddShader() : glShaderSource() successful
2016-08-24 10:03:19:202[Debug        ] ShaderProgram::AddShader() : glCompileShader() successful
2016-08-24 10:03:19:202[Info         ] ShaderProgram::CheckShaderCompileStatus(17) successful.
2016-08-24 10:03:19:202[Debug        ] ShaderProgram::AddShader() : glCompileShader() successful
2016-08-24 10:03:19:202[Info         ] ShaderInfo saved successfully.
2016-08-24 10:03:19:202[Debug        ] ShaderProgram::AddShader() : glAttachShader() successful
2016-08-24 10:03:19:202[Info         ] ShaderProgram::AddShader [17] successful.
2016-08-24 10:03:19:202[Debug        ] File [..\Data\shaders\texlighting.frag.shader] Opened successfully! Buffer Length:[1885]
2016-08-24 10:03:19:202[cDebug       ] Shader file [..\Data\shaders\texlighting.frag.shader] is too big to display contents.
2016-08-24 10:03:19:204[Debug        ]  ShaderProgram::AddShader() file with data was read in
2016-08-24 10:03:19:204[Debug        ] ShaderProgram::AddShader() : glShaderSource() successful
2016-08-24 10:03:19:204[Debug        ] ShaderProgram::AddShader() : glCompileShader() successful
2016-08-24 10:03:19:204[Info         ] ShaderProgram::CheckShaderCompileStatus(18) successful.
2016-08-24 10:03:19:204[Debug        ] ShaderProgram::AddShader() : glCompileShader() successful
2016-08-24 10:03:19:204[Info         ] ShaderInfo saved successfully.
2016-08-24 10:03:19:204[Debug        ] ShaderProgram::AddShader() : glAttachShader() successful
2016-08-24 10:03:19:204[Info         ] ShaderProgram::AddShader [18] successful.
2016-08-24 10:03:19:206[Info         ] CheckProgramStatus() successful!
2016-08-24 10:03:19:207[Info         ] CheckProgramStatus() successful!
2016-08-24 10:03:19:207[Info         ] Shader Init started
2016-08-24 10:03:19:207[Info         ] Shader Program created.
2016-08-24 10:03:19:207[Process      ] ShaderProgram::Initialize()[19] successful!
2016-08-24 10:03:19:207[Debug        ] File [..\Data\shaders\water.vert.shader] Opened successfully! Buffer Length:[1400]
2016-08-24 10:03:19:207[cDebug       ] Shader file [..\Data\shaders\water.vert.shader] is too big to display contents.
2016-08-24 10:03:19:209[Debug        ]  ShaderProgram::AddShader() file with data was read in
2016-08-24 10:03:19:209[Debug        ] ShaderProgram::AddShader() : glShaderSource() successful
2016-08-24 10:03:19:210[Debug        ] ShaderProgram::AddShader() : glCompileShader() successful
2016-08-24 10:03:19:210[Info         ] ShaderProgram::CheckShaderCompileStatus(20) successful.
2016-08-24 10:03:19:210[Debug        ] ShaderProgram::AddShader() : glCompileShader() successful
2016-08-24 10:03:19:210[Info         ] ShaderInfo saved successfully.
2016-08-24 10:03:19:210[Debug        ] ShaderProgram::AddShader() : glAttachShader() successful
2016-08-24 10:03:19:210[Info         ] ShaderProgram::AddShader [20] successful.
2016-08-24 10:03:19:210[Debug        ] File [..\Data\shaders\water.frag.shader] Opened successfully! Buffer Length:[2455]
2016-08-24 10:03:19:210[cDebug       ] Shader file [..\Data\shaders\water.frag.shader] is too big to display contents.
2016-08-24 10:03:19:212[Debug        ]  ShaderProgram::AddShader() file with data was read in
2016-08-24 10:03:19:212[Debug        ] ShaderProgram::AddShader() : glShaderSource() successful
2016-08-24 10:03:19:213[Debug        ] ShaderProgram::AddShader() : glCompileShader() successful
2016-08-24 10:03:19:213[Info         ] ShaderProgram::CheckShaderCompileStatus(21) successful.
2016-08-24 10:03:19:213[Debug        ] ShaderProgram::AddShader() : glCompileShader() successful
2016-08-24 10:03:19:213[Info         ] ShaderInfo saved successfully.
2016-08-24 10:03:19:213[Debug        ] ShaderProgram::AddShader() : glAttachShader() successful
2016-08-24 10:03:19:213[Info         ] ShaderProgram::AddShader [21] successful.
2016-08-24 10:03:19:215[Info         ] CheckProgramStatus() successful!
2016-08-24 10:03:19:215[Info         ] CheckProgramStatus() successful!
2016-08-24 10:03:19:215[Info         ] GetAttribLocation [vPosition] successful.
2016-08-24 10:03:19:215[Info         ] GetUniformLocation [colorin] successful.
2016-08-24 10:03:19:215[Info         ] GetUniformLocation [MAT] successful.
2016-08-24 10:03:19:215[cProcess     ] RenderEngine::Initialize() successful.
2016-08-24 10:03:19:216[cInfo        ] 
-----------------------------------------------------------------------
 BufferInfo::CreateBuffers()[0] Created buffers:| VERTEX [1] with [80] bytes. || INDEX [2] with [24] bytes |
-----------------------------------------------------------------------

2016-08-24 10:03:19:221[cInfo        ] --------BufferInfo::AddMesh() Added mesh successfully-------
2016-08-24 10:03:19:223[cInfo        ] 
2016-08-24 10:03:19:223[cInfo        ] --------------------| START BUFFER MESH INFO |-------------------------------------
2016-08-24 10:03:19:225[cInfo        ] BufferInfo::AddMesh(): NUM VERTS-----------------[4]
2016-08-24 10:03:19:226[cInfo        ] BufferInfo::AddMesh(): NUM INDICES---------------[6]
2016-08-24 10:03:19:227[cInfo        ] BufferInfo::AddMesh(): VERT OFFSET---------------[0]
2016-08-24 10:03:19:229[cInfo        ] BufferInfo::AddMesh(): INDICES OFFSET (BYTES)----[0]
2016-08-24 10:03:19:232[cInfo        ] --------------------|  END BUFFER MESH INFO  |--------------------------------------
2016-08-24 10:03:19:234[cInfo        ] 

2016-08-24 10:03:19:235[cInfo        ] 
-----------------------------------------------------------------------
 BufferInfo::CreateBuffers()[0] Created buffers:| VERTEX [3] with [96] bytes. || INDEX [4] with [48] bytes |
-----------------------------------------------------------------------

2016-08-24 10:03:19:240[cInfo        ] --------BufferInfo::AddMesh() Added mesh successfully-------
2016-08-24 10:03:19:241[cInfo        ] 
2016-08-24 10:03:19:242[cInfo        ] --------------------| START BUFFER MESH INFO |-------------------------------------
2016-08-24 10:03:19:244[cInfo        ] BufferInfo::AddMesh(): NUM VERTS-----------------[8]
2016-08-24 10:03:19:245[cInfo        ] BufferInfo::AddMesh(): NUM INDICES---------------[24]
2016-08-24 10:03:19:248[cInfo        ] BufferInfo::AddMesh(): VERT OFFSET---------------[0]
2016-08-24 10:03:19:249[cInfo        ] BufferInfo::AddMesh(): INDICES OFFSET (BYTES)----[0]
2016-08-24 10:03:19:250[cInfo        ] --------------------|  END BUFFER MESH INFO  |--------------------------------------
2016-08-24 10:03:19:251[cInfo        ] 

2016-08-24 10:03:19:252[cInfo        ] 
-----------------------------------------------------------------------
 BufferInfo::CreateBuffers()[0] Created buffers:| VERTEX [5] with [864] bytes. || INDEX [6] with [0] bytes |
-----------------------------------------------------------------------

2016-08-24 10:03:19:258[cInfo        ] --------BufferInfo::AddMesh() Added mesh successfully-------
2016-08-24 10:03:19:259[cInfo        ] 
2016-08-24 10:03:19:260[cInfo        ] --------------------| START BUFFER MESH INFO |-------------------------------------
2016-08-24 10:03:19:265[cInfo        ] BufferInfo::AddMesh(): NUM VERTS-----------------[36]
2016-08-24 10:03:19:266[cInfo        ] BufferInfo::AddMesh(): NUM INDICES---------------[0]
2016-08-24 10:03:19:268[cInfo        ] BufferInfo::AddMesh(): VERT OFFSET---------------[0]
2016-08-24 10:03:19:269[cInfo        ] BufferInfo::AddMesh(): INDICES OFFSET (BYTES)----[0]
2016-08-24 10:03:19:270[cInfo        ] --------------------|  END BUFFER MESH INFO  |--------------------------------------
2016-08-24 10:03:19:271[cInfo        ] 

2016-08-24 10:03:19:272[cInfo        ] 
-----------------------------------------------------------------------
 BufferInfo::CreateBuffers()[0] Created buffers:| VERTEX [7] with [144] bytes. || INDEX [8] with [0] bytes |
-----------------------------------------------------------------------

2016-08-24 10:03:19:277[cInfo        ] --------BufferInfo::AddMesh() Added mesh successfully-------
2016-08-24 10:03:19:282[cInfo        ] 
2016-08-24 10:03:19:282[cInfo        ] --------------------| START BUFFER MESH INFO |-------------------------------------
2016-08-24 10:03:19:284[cInfo        ] BufferInfo::AddMesh(): NUM VERTS-----------------[6]
2016-08-24 10:03:19:285[cInfo        ] BufferInfo::AddMesh(): NUM INDICES---------------[0]
2016-08-24 10:03:19:287[cInfo        ] BufferInfo::AddMesh(): VERT OFFSET---------------[0]
2016-08-24 10:03:19:289[cInfo        ] BufferInfo::AddMesh(): INDICES OFFSET (BYTES)----[0]
2016-08-24 10:03:19:290[cInfo        ] --------------------|  END BUFFER MESH INFO  |--------------------------------------
2016-08-24 10:03:19:291[cInfo        ] 

2016-08-24 10:03:19:292[Process      ] BufferInfo::Initialize() successful.
2016-08-24 10:03:19:292[cInfo        ] 
-----------------------------------------------------------------------
 BufferInfo::CreateBuffers()[0] Created buffers:| VERTEX [9] with [1000000] bytes. || INDEX [10] with [1000000] bytes |
-----------------------------------------------------------------------

2016-08-24 10:03:19:301[cInfo        ] --------BufferInfo::AddMesh() Added mesh successfully-------
2016-08-24 10:03:19:302[cInfo        ] 
2016-08-24 10:03:19:303[cInfo        ] --------------------| START BUFFER MESH INFO |-------------------------------------
2016-08-24 10:03:19:305[cInfo        ] BufferInfo::AddMesh(): NUM VERTS-----------------[24]
2016-08-24 10:03:19:306[cInfo        ] BufferInfo::AddMesh(): NUM INDICES---------------[36]
2016-08-24 10:03:19:307[cInfo        ] BufferInfo::AddMesh(): VERT OFFSET---------------[0]
2016-08-24 10:03:19:311[cInfo        ] BufferInfo::AddMesh(): INDICES OFFSET (BYTES)----[0]
2016-08-24 10:03:19:313[cInfo        ] --------------------|  END BUFFER MESH INFO  |--------------------------------------
2016-08-24 10:03:19:314[cInfo        ] 

2016-08-24 10:03:19:316[Process      ] BufferInfo::Initialize() successful.
2016-08-24 10:03:19:316[cInfo        ] 
-----------------------------------------------------------------------
 BufferInfo::CreateBuffers()[1] Created buffers:| VERTEX [11] with [1000000] bytes. || INDEX [12] with [1000000] bytes |
-----------------------------------------------------------------------

2016-08-24 10:03:19:320[cInfo        ] --------BufferInfo::AddMesh() Added mesh successfully-------
2016-08-24 10:03:19:322[cInfo        ] 
2016-08-24 10:03:19:322[cInfo        ] --------------------| START BUFFER MESH INFO |-------------------------------------
2016-08-24 10:03:19:324[cInfo        ] BufferInfo::AddMesh(): NUM VERTS-----------------[1536]
2016-08-24 10:03:19:326[cInfo        ] BufferInfo::AddMesh(): NUM INDICES---------------[3072]
2016-08-24 10:03:19:327[cInfo        ] BufferInfo::AddMesh(): VERT OFFSET---------------[0]
2016-08-24 10:03:19:329[cInfo        ] BufferInfo::AddMesh(): INDICES OFFSET (BYTES)----[0]
2016-08-24 10:03:19:332[cInfo        ] --------------------|  END BUFFER MESH INFO  |--------------------------------------
2016-08-24 10:03:19:334[cInfo        ] 

2016-08-24 10:03:19:335[cInfo        ] 
-----------------------------------------------------------------------
 BufferInfo::CreateBuffers()[0] Created buffers:| VERTEX [13] with [3936] bytes. || INDEX [14] with [0] bytes |
-----------------------------------------------------------------------

2016-08-24 10:03:19:341[cInfo        ] --------BufferInfo::AddMesh() Added mesh successfully-------
2016-08-24 10:03:19:342[cInfo        ] 
2016-08-24 10:03:19:343[cInfo        ] --------------------| START BUFFER MESH INFO |-------------------------------------
2016-08-24 10:03:19:345[cInfo        ] BufferInfo::AddMesh(): NUM VERTS-----------------[164]
2016-08-24 10:03:19:348[cInfo        ] BufferInfo::AddMesh(): NUM INDICES---------------[0]
2016-08-24 10:03:19:349[cInfo        ] BufferInfo::AddMesh(): VERT OFFSET---------------[0]
2016-08-24 10:03:19:349[cInfo        ] BufferInfo::AddMesh(): INDICES OFFSET (BYTES)----[0]
2016-08-24 10:03:19:350[cInfo        ] --------------------|  END BUFFER MESH INFO  |--------------------------------------
2016-08-24 10:03:19:352[cInfo        ] 

2016-08-24 10:03:19:353[cProcess     ] ShapeGenerator initialized successfully.
2016-08-24 10:03:19:354[cProcess     ] Camera::Initialize() successful.
2016-08-24 10:03:19:355[cProcess     ] Keyboard::Initialize() successful
2016-08-24 10:03:19:355[cProcess     ] Keyboard::Initialize() successful
2016-08-24 10:03:19:369[cInfo        ] 
-----------------------------------------------------------------------
 BufferInfo::CreateBuffers()[0] Created buffers:| VERTEX [15] with [10810368] bytes. || INDEX [16] with [0] bytes |
-----------------------------------------------------------------------

2016-08-24 10:03:19:398[cInfo        ] --------BufferInfo::AddMesh() Added mesh successfully-------
2016-08-24 10:03:19:399[cInfo        ] 
2016-08-24 10:03:19:400[cInfo        ] --------------------| START BUFFER MESH INFO |-------------------------------------
2016-08-24 10:03:19:401[cInfo        ] BufferInfo::AddMesh(): NUM VERTS-----------------[337824]
2016-08-24 10:03:19:402[cInfo        ] BufferInfo::AddMesh(): NUM INDICES---------------[0]
2016-08-24 10:03:19:402[cInfo        ] BufferInfo::AddMesh(): VERT OFFSET---------------[0]
2016-08-24 10:03:19:403[cInfo        ] BufferInfo::AddMesh(): INDICES OFFSET (BYTES)----[0]
2016-08-24 10:03:19:404[cInfo        ] --------------------|  END BUFFER MESH INFO  |--------------------------------------
2016-08-24 10:03:19:406[cInfo        ] 

