2016-08-18 15:11:53:590[Process      ] GameLogger::Initialize() opened log file [..\Data\LogFiles\2016-08-18 15-11-53.BodaciousQuest.log] for writing
2016-08-18 15:11:53:590[Info         ] GameLogger::Initialize() successful
2016-08-18 15:11:53:591[Process      ] ConfigReader opened [..\Data\BodaciousQuest.config] successfully
2016-08-18 15:11:53:591[Info         ] ConfigReader initialized successfully
2016-08-18 15:11:53:591[Info         ] Valid KVP [BodaciousQuest.ShowFullScreen] [false] added
2016-08-18 15:11:53:591[Info         ] Valid KVP [BodaciousQuest.FpsInterval] [5.0] added
2016-08-18 15:11:53:591[Info         ] Valid KVP [BodaciousQuest.EnableControls] [true] added
2016-08-18 15:11:53:591[Info         ] Valid KVP [BodaciousQuest.LoadCubeFirst] [true] added
2016-08-18 15:11:53:591[Info         ] Valid KVP [BodaciousQuest.CameraWalkMode] [false] added
2016-08-18 15:11:53:591[Info         ] Valid KVP [BodaciousQuest.GridSize] [40] added
2016-08-18 15:11:53:591[Info         ] Valid KVP [BodaciousQuest.LightingTest.Ambient.Color] [1.0  1.0  1.0] added
2016-08-18 15:11:53:591[Info         ] Valid KVP [BodaciousQuest.LightingTest.Diffuse.Color] [1.0  1.0  1.0] added
2016-08-18 15:11:53:591[Info         ] Valid KVP [BodaciousQuest.LightingTest.Specular.Color] [0.0  0.0  0.0] added
2016-08-18 15:11:53:591[Info         ] Valid KVP [BodaciousQuest.LightingTest.Ambient.Reflectivity] [0.01] added
2016-08-18 15:11:53:591[Info         ] Valid KVP [BodaciousQuest.LightingTest.Diffuse.Reflectivity] [0.6] added
2016-08-18 15:11:53:591[Info         ] Valid KVP [BodaciousQuest.LightingTest.Specular.Reflectivity] [0.5] added
2016-08-18 15:11:53:591[Info         ] Valid KVP [BodaciousQuest.LightingTest.Specular.Shininess] [1.0] added
2016-08-18 15:11:53:591[Info         ] Valid KVP [BodaciousQuest.LightingTest.Falloff.A] [1.0] added
2016-08-18 15:11:53:591[Info         ] Valid KVP [BodaciousQuest.LightingTest.Falloff.B] [0.01] added
2016-08-18 15:11:53:591[Info         ] Valid KVP [BodaciousQuest.LightingTest.Falloff.C] [0.1] added
2016-08-18 15:11:53:591[Info         ] Valid KVP [BodaciousQuest.LightingTest.Directional] [false] added
2016-08-18 15:11:53:591[Info         ] Valid KVP [BodaciousQuest.LightingTest.Direction] [-1.0 0.0 1.0] added
2016-08-18 15:11:53:591[Info         ] Valid KVP [BodaciousQuest.LightingTest.Light.Position] [-0.875458 3.673020 1.043331] added
2016-08-18 15:11:53:591[Info         ] Valid KVP [BodaciousQuest.LightingTest.Dargon.Color] [1.0 1.0 0.4] added
2016-08-18 15:11:53:591[Info         ] Valid KVP [ObjConverter.Mode.VertexType] [p] added
2016-08-18 15:11:53:591[Info         ] Valid KVP [ObjConverter.Mode.Analyze] [false] added
2016-08-18 15:11:53:591[Info         ] Valid KVP [ObjConverter.Model] [AIWorld] added
2016-08-18 15:11:53:591[Info         ] Valid KVP [ObjConverter.Shader] [0] added
2016-08-18 15:11:53:591[Info         ] Valid KVP [ObjConverter.Color] [random] added
2016-08-18 15:11:53:591[Info         ] Valid KVP [ObjConverter.Obj.InputFileFolder] [..\\Data\\Objs\\] added
2016-08-18 15:11:53:591[Info         ] Valid KVP [ObjConverter.Scene.OutputFileFolder] [..\\Data\\Scenes\\] added
2016-08-18 15:11:53:591[Info         ] Valid KVP [ObjConverter.Model.Dargon.NumVerts] [57967] added
2016-08-18 15:11:53:591[Info         ] Valid KVP [ObjConverter.Model.Dargon.NumIndices] [337824] added
2016-08-18 15:11:53:591[Info         ] Valid KVP [ObjConverter.Model.Dargon.NumTexCoords] [60175] added
2016-08-18 15:11:53:591[Info         ] Valid KVP [ObjConverter.Model.Dargon.NumNormals] [337824] added
2016-08-18 15:11:53:591[Info         ] Valid KVP [ObjConverter.Model.Swamp.NumVerts] [2735] added
2016-08-18 15:11:53:591[Info         ] Valid KVP [ObjConverter.Model.Swamp.NumIndices] [8556] added
2016-08-18 15:11:53:591[Info         ] Valid KVP [ObjConverter.Model.Swamp.NumTexCoords] [3622] added
2016-08-18 15:11:53:591[Info         ] Valid KVP [ObjConverter.Model.Swamp.NumNormals] [5156] added
2016-08-18 15:11:53:591[Info         ] Valid KVP [ObjConverter.Model.Pyramid.NumVerts] [5] added
2016-08-18 15:11:53:592[Info         ] Valid KVP [ObjConverter.Model.Pyramid.NumIndices] [18] added
2016-08-18 15:11:53:592[Info         ] Valid KVP [ObjConverter.Model.Pyramid.NumTexCoords] [10] added
2016-08-18 15:11:53:592[Info         ] Valid KVP [ObjConverter.Model.Pyramid.NumNormals] [16] added
2016-08-18 15:11:53:592[Info         ] Valid KVP [ObjConverter.Model.AIWorld.NumVerts] [1957] added
2016-08-18 15:11:53:592[Info         ] Valid KVP [ObjConverter.Model.AIWorld.NumIndices] [8718] added
2016-08-18 15:11:53:592[Info         ] Valid KVP [ObjConverter.Model.AIWorld.NumTexCoords] [4186] added
2016-08-18 15:11:53:592[Info         ] Valid KVP [ObjConverter.Model.AIWorld.NumNormals] [5418] added
2016-08-18 15:11:53:592[Info         ] Valid KVP [ObjConverter.Model.GameWeapon.NumVerts] [2068] added
2016-08-18 15:11:53:592[Info         ] Valid KVP [ObjConverter.Model.GameWeapon.NumIndices] [9894] added
2016-08-18 15:11:53:592[Info         ] Valid KVP [ObjConverter.Model.GameWeapon.NumTexCoords] [0] added
2016-08-18 15:11:53:592[Info         ] Valid KVP [ObjConverter.Model.GameWeapon.NumNormals] [0] added
2016-08-18 15:11:53:592[Info         ] Valid KVP [ObjConverter.Model.Chicken.NumVerts] [224] added
2016-08-18 15:11:53:592[Info         ] Valid KVP [ObjConverter.Model.Chicken.NumIndices] [1374] added
2016-08-18 15:11:53:592[Info         ] Valid KVP [ObjConverter.Model.Chicken.NumTexCoords] [472] added
2016-08-18 15:11:53:592[Info         ] Valid KVP [ObjConverter.Model.Chicken.NumNormals] [565] added
2016-08-18 15:11:53:592[Info         ] Valid KVP [ObjConverter.Model.WaterPlane.NumVerts] [29282] added
2016-08-18 15:11:53:592[Info         ] Valid KVP [ObjConverter.Model.WaterPlane.NumIndices] [172800] added
2016-08-18 15:11:53:592[Info         ] Valid KVP [ObjConverter.Model.WaterPlane.NumTexCoords] [29282] added
2016-08-18 15:11:53:592[Info         ] Valid KVP [ObjConverter.Model.WaterPlane.NumNormals] [172800] added
2016-08-18 15:11:53:592[Info         ] Valid KVP [ObjConverter.Model.Cube.NumVerts] [8] added
2016-08-18 15:11:53:592[Info         ] Valid KVP [ObjConverter.Model.Cube.NumIndices] [36] added
2016-08-18 15:11:53:592[Info         ] Valid KVP [ObjConverter.Model.Cube.NumTexCoords] [14] added
2016-08-18 15:11:53:592[Info         ] Valid KVP [ObjConverter.Model.Cube.NumNormals] [24] added
2016-08-18 15:11:53:592[Info         ] Valid KVP [ObjConverter.Model.Barrel.NumVerts] [172] added
2016-08-18 15:11:53:592[Info         ] Valid KVP [ObjConverter.Model.Barrel.NumIndices] [1008] added
2016-08-18 15:11:53:592[Info         ] Valid KVP [ObjConverter.Model.Barrel.NumTexCoords] [328] added
2016-08-18 15:11:53:592[Info         ] Valid KVP [ObjConverter.Model.Barrel.NumNormals] [204] added
2016-08-18 15:11:53:592[Info         ] Valid KVP [ObjConverter.Model.SkyBox.NumVerts] [8] added
2016-08-18 15:11:53:592[Info         ] Valid KVP [ObjConverter.Model.SkyBox.NumIndices] [36] added
2016-08-18 15:11:53:592[Info         ] Valid KVP [ObjConverter.Model.SkyBox.NumTexCoords] [18] added
2016-08-18 15:11:53:592[Info         ] Valid KVP [ObjConverter.Model.SkyBox.NumNormals] [24] added
2016-08-18 15:11:53:661[cInfo        ] Config reader opened [..\Data\BodaciousQuest.config] for reading!
2016-08-18 15:11:53:719[Process      ] ShaderManager Initialized successfully
2016-08-18 15:11:53:719[Info         ] Shader Init started
2016-08-18 15:11:53:719[Info         ] Shader Program created.
2016-08-18 15:11:53:719[Process      ] ShaderProgram::Initialize()[1] successful!
2016-08-18 15:11:53:719[Debug        ] File [..\Data\shaders\debug.vert.shader] Opened successfully! Buffer Length:[291]
2016-08-18 15:11:53:719[Debug        ] Shader file [..\Data\shaders\debug.vert.shader] contents:
//BEGIN
#version 430 core

layout(location = 0)  in vec3 vPosition;

layout(location = 15) uniform vec3 colorin;
layout(location = 16) uniform mat4 MAT;

out vec4 color;

void main()
{
	vec4 vertPos = vec4(vPosition, 1.0);
	gl_Position = MAT *  vertPos;
	color = vec4(colorin, 1.0);
}
//END

2016-08-18 15:11:53:719[Debug        ]  ShaderProgram::AddShader() file with data was read in
2016-08-18 15:11:53:719[Debug        ] ShaderProgram::AddShader() : glShaderSource() successful
2016-08-18 15:11:53:719[Debug        ] ShaderProgram::AddShader() : glCompileShader() successful
2016-08-18 15:11:53:720[Info         ] ShaderProgram::CheckShaderCompileStatus(2) successful.
2016-08-18 15:11:53:720[Debug        ] ShaderProgram::AddShader() : glCompileShader() successful
2016-08-18 15:11:53:720[Info         ] ShaderInfo saved successfully.
2016-08-18 15:11:53:720[Debug        ] ShaderProgram::AddShader() : glAttachShader() successful
2016-08-18 15:11:53:720[Info         ] ShaderProgram::AddShader [2] successful.
2016-08-18 15:11:53:720[Debug        ] File [..\Data\shaders\debug.frag.shader] Opened successfully! Buffer Length:[104]
2016-08-18 15:11:53:720[Debug        ] Shader file [..\Data\shaders\debug.frag.shader] contents:
//BEGIN
#version 430 core


in  vec4 color;
out vec4 outColor;

void main()
{
	outColor = color;
}


//END

2016-08-18 15:11:53:720[Debug        ]  ShaderProgram::AddShader() file with data was read in
2016-08-18 15:11:53:720[Debug        ] ShaderProgram::AddShader() : glShaderSource() successful
2016-08-18 15:11:53:720[Debug        ] ShaderProgram::AddShader() : glCompileShader() successful
2016-08-18 15:11:53:720[Info         ] ShaderProgram::CheckShaderCompileStatus(3) successful.
2016-08-18 15:11:53:720[Debug        ] ShaderProgram::AddShader() : glCompileShader() successful
2016-08-18 15:11:53:720[Info         ] ShaderInfo saved successfully.
2016-08-18 15:11:53:720[Debug        ] ShaderProgram::AddShader() : glAttachShader() successful
2016-08-18 15:11:53:720[Info         ] ShaderProgram::AddShader [3] successful.
2016-08-18 15:11:53:721[Info         ] CheckProgramStatus() successful!
2016-08-18 15:11:53:721[Info         ] CheckProgramStatus() successful!
2016-08-18 15:11:53:721[Info         ] Shader Init started
2016-08-18 15:11:53:721[Info         ] Shader Program created.
2016-08-18 15:11:53:721[Process      ] ShaderProgram::Initialize()[4] successful!
2016-08-18 15:11:53:721[Debug        ] File [..\Data\shaders\play.vert.shader] Opened successfully! Buffer Length:[343]
2016-08-18 15:11:53:721[Debug        ] Shader file [..\Data\shaders\play.vert.shader] contents:
//BEGIN
#version 430 core

layout (location = 0)  in vec3 vPosition;
layout (location = 1)  in vec3 vColor;
layout (location = 15) uniform vec3 colorin;
layout (location = 16) uniform mat4 MAT;

out vec4 color;

void main()
{
	vec4 vertPos = vec4(vPosition, 1.0);
	gl_Position = MAT *  vertPos;
	color = vec4((vColor + colorin), 1.0);
}
//END

2016-08-18 15:11:53:721[Debug        ]  ShaderProgram::AddShader() file with data was read in
2016-08-18 15:11:53:721[Debug        ] ShaderProgram::AddShader() : glShaderSource() successful
2016-08-18 15:11:53:722[Debug        ] ShaderProgram::AddShader() : glCompileShader() successful
2016-08-18 15:11:53:722[Info         ] ShaderProgram::CheckShaderCompileStatus(5) successful.
2016-08-18 15:11:53:722[Debug        ] ShaderProgram::AddShader() : glCompileShader() successful
2016-08-18 15:11:53:722[Info         ] ShaderInfo saved successfully.
2016-08-18 15:11:53:722[Debug        ] ShaderProgram::AddShader() : glAttachShader() successful
2016-08-18 15:11:53:722[Info         ] ShaderProgram::AddShader [5] successful.
2016-08-18 15:11:53:722[Debug        ] File [..\Data\shaders\play.frag.shader] Opened successfully! Buffer Length:[391]
2016-08-18 15:11:53:722[Debug        ] Shader file [..\Data\shaders\play.frag.shader] contents:
//BEGIN
#version 430 core


in  vec4 color;
out vec4 outColor;

void main()
{

	//if (color.r < .7) discard;
	outColor = color;

	//if(((gl_FragCoord.x  > 600)&& (gl_FragCoord.y < 300)) || ((gl_FragCoord.y < 300)  && (gl_FragCoord.x  < 600) )) {
	//discard;
	//}

	//vec2 scrPos = vec2(gl_FragCoord) - vec2(350,150);
	//float len =  length(scrPos);
	//if(len < 50 )discard;
}


//END

2016-08-18 15:11:53:722[Debug        ]  ShaderProgram::AddShader() file with data was read in
2016-08-18 15:11:53:722[Debug        ] ShaderProgram::AddShader() : glShaderSource() successful
2016-08-18 15:11:53:722[Debug        ] ShaderProgram::AddShader() : glCompileShader() successful
2016-08-18 15:11:53:722[Info         ] ShaderProgram::CheckShaderCompileStatus(6) successful.
2016-08-18 15:11:53:722[Debug        ] ShaderProgram::AddShader() : glCompileShader() successful
2016-08-18 15:11:53:722[Info         ] ShaderInfo saved successfully.
2016-08-18 15:11:53:722[Debug        ] ShaderProgram::AddShader() : glAttachShader() successful
2016-08-18 15:11:53:722[Info         ] ShaderProgram::AddShader [6] successful.
2016-08-18 15:11:53:723[Info         ] CheckProgramStatus() successful!
2016-08-18 15:11:53:723[Info         ] CheckProgramStatus() successful!
2016-08-18 15:11:53:723[Info         ] Shader Init started
2016-08-18 15:11:53:723[Info         ] Shader Program created.
2016-08-18 15:11:53:723[Process      ] ShaderProgram::Initialize()[7] successful!
2016-08-18 15:11:53:723[Debug        ] File [..\Data\shaders\texture.vert.shader] Opened successfully! Buffer Length:[305]
2016-08-18 15:11:53:723[Debug        ] Shader file [..\Data\shaders\texture.vert.shader] contents:
//BEGIN
#version 430 core

layout (location = 0)  in vec3 vPosition;
layout (location = 1)  in vec2 vUV;

layout (location = 16) uniform mat4 MAT;

//out data
out vec2 UV;

//out vec4 color;

void main()
{
	vec4 vertPos = vec4(vPosition, 1.0);
	gl_Position = MAT *  vertPos;

	UV = vUV;
	
	
}
//END

2016-08-18 15:11:53:723[Debug        ]  ShaderProgram::AddShader() file with data was read in
2016-08-18 15:11:53:723[Debug        ] ShaderProgram::AddShader() : glShaderSource() successful
2016-08-18 15:11:53:723[Debug        ] ShaderProgram::AddShader() : glCompileShader() successful
2016-08-18 15:11:53:723[Info         ] ShaderProgram::CheckShaderCompileStatus(8) successful.
2016-08-18 15:11:53:723[Debug        ] ShaderProgram::AddShader() : glCompileShader() successful
2016-08-18 15:11:53:723[Info         ] ShaderInfo saved successfully.
2016-08-18 15:11:53:723[Debug        ] ShaderProgram::AddShader() : glAttachShader() successful
2016-08-18 15:11:53:723[Info         ] ShaderProgram::AddShader [8] successful.
2016-08-18 15:11:53:723[Debug        ] File [..\Data\shaders\texture.frag.shader] Opened successfully! Buffer Length:[482]
2016-08-18 15:11:53:723[Debug        ] Shader file [..\Data\shaders\texture.frag.shader] contents:
//BEGIN
#version 430 core


in  vec2 UV;
out vec4 outColor;

layout(location = 20) uniform sampler2D textureSampler;

void main()
{

	//if (color.r < .7) discard;
	outColor = vec4(texture(textureSampler, UV).rgb, 1.0);

	//if(((gl_FragCoord.x  > 600)&& (gl_FragCoord.y < 300)) || ((gl_FragCoord.y < 300)  && (gl_FragCoord.x  < 600) )) {
	//discard;
	//}
	//vec2 scrPos = vec2(gl_FragCoord) - vec2(350,150);
	//float len =  length(scrPos);
	//if(len < 50 )discard;
}


//END

2016-08-18 15:11:53:723[Debug        ]  ShaderProgram::AddShader() file with data was read in
2016-08-18 15:11:53:723[Debug        ] ShaderProgram::AddShader() : glShaderSource() successful
2016-08-18 15:11:53:724[Debug        ] ShaderProgram::AddShader() : glCompileShader() successful
2016-08-18 15:11:53:724[Info         ] ShaderProgram::CheckShaderCompileStatus(9) successful.
2016-08-18 15:11:53:724[Debug        ] ShaderProgram::AddShader() : glCompileShader() successful
2016-08-18 15:11:53:724[Info         ] ShaderInfo saved successfully.
2016-08-18 15:11:53:724[Debug        ] ShaderProgram::AddShader() : glAttachShader() successful
2016-08-18 15:11:53:724[Info         ] ShaderProgram::AddShader [9] successful.
2016-08-18 15:11:53:725[Info         ] CheckProgramStatus() successful!
2016-08-18 15:11:53:725[Info         ] CheckProgramStatus() successful!
2016-08-18 15:11:53:725[Info         ] Shader Init started
2016-08-18 15:11:53:725[Info         ] Shader Program created.
2016-08-18 15:11:53:725[Process      ] ShaderProgram::Initialize()[10] successful!
2016-08-18 15:11:53:725[Debug        ] File [..\Data\shaders\framebuffer.vert.shader] Opened successfully! Buffer Length:[305]
2016-08-18 15:11:53:725[Debug        ] Shader file [..\Data\shaders\framebuffer.vert.shader] contents:
//BEGIN
#version 430 core

layout (location = 0)  in vec3 vPosition;
layout (location = 1)  in vec2 vUV;

layout (location = 16) uniform mat4 MAT;

//out data
out vec2 UV;

//out vec4 color;

void main()
{
	vec4 vertPos = vec4(vPosition, 1.0);
	gl_Position = MAT *  vertPos;

	UV = vUV;
	
	
}
//END

2016-08-18 15:11:53:725[Debug        ]  ShaderProgram::AddShader() file with data was read in
2016-08-18 15:11:53:725[Debug        ] ShaderProgram::AddShader() : glShaderSource() successful
2016-08-18 15:11:53:725[Debug        ] ShaderProgram::AddShader() : glCompileShader() successful
2016-08-18 15:11:53:725[Info         ] ShaderProgram::CheckShaderCompileStatus(11) successful.
2016-08-18 15:11:53:725[Debug        ] ShaderProgram::AddShader() : glCompileShader() successful
2016-08-18 15:11:53:725[Info         ] ShaderInfo saved successfully.
2016-08-18 15:11:53:725[Debug        ] ShaderProgram::AddShader() : glAttachShader() successful
2016-08-18 15:11:53:725[Info         ] ShaderProgram::AddShader [11] successful.
2016-08-18 15:11:53:725[Debug        ] File [..\Data\shaders\framebuffer.frag.shader] Opened successfully! Buffer Length:[275]
2016-08-18 15:11:53:725[Debug        ] Shader file [..\Data\shaders\framebuffer.frag.shader] contents:
//BEGIN
#version 430 core


in  vec2 UV;
out vec4 outColor;

layout(location = 20) uniform sampler2D textureSampler;

void main()
{


	vec3 tempCol = texture(textureSampler, UV).rgb;

	outColor = vec4(tempCol.r / 1.5f, tempCol.g / 1.5f, tempCol.b / 1.5f, 1.0f);
}


//END

2016-08-18 15:11:53:725[Debug        ]  ShaderProgram::AddShader() file with data was read in
2016-08-18 15:11:53:725[Debug        ] ShaderProgram::AddShader() : glShaderSource() successful
2016-08-18 15:11:53:725[Debug        ] ShaderProgram::AddShader() : glCompileShader() successful
2016-08-18 15:11:53:725[Info         ] ShaderProgram::CheckShaderCompileStatus(12) successful.
2016-08-18 15:11:53:725[Debug        ] ShaderProgram::AddShader() : glCompileShader() successful
2016-08-18 15:11:53:725[Info         ] ShaderInfo saved successfully.
2016-08-18 15:11:53:725[Debug        ] ShaderProgram::AddShader() : glAttachShader() successful
2016-08-18 15:11:53:725[Info         ] ShaderProgram::AddShader [12] successful.
2016-08-18 15:11:53:726[Info         ] CheckProgramStatus() successful!
2016-08-18 15:11:53:727[Info         ] CheckProgramStatus() successful!
2016-08-18 15:11:53:727[Info         ] Shader Init started
2016-08-18 15:11:53:727[Info         ] Shader Program created.
2016-08-18 15:11:53:727[Process      ] ShaderProgram::Initialize()[13] successful!
2016-08-18 15:11:53:727[Debug        ] File [..\Data\shaders\lighting.vert.shader] Opened successfully! Buffer Length:[1137]
2016-08-18 15:11:53:727[cDebug       ] Shader file [..\Data\shaders\lighting.vert.shader] is too big to display contents.
2016-08-18 15:11:53:729[Debug        ]  ShaderProgram::AddShader() file with data was read in
2016-08-18 15:11:53:729[Debug        ] ShaderProgram::AddShader() : glShaderSource() successful
2016-08-18 15:11:53:729[Debug        ] ShaderProgram::AddShader() : glCompileShader() successful
2016-08-18 15:11:53:729[Info         ] ShaderProgram::CheckShaderCompileStatus(14) successful.
2016-08-18 15:11:53:729[Debug        ] ShaderProgram::AddShader() : glCompileShader() successful
2016-08-18 15:11:53:729[Info         ] ShaderInfo saved successfully.
2016-08-18 15:11:53:729[Debug        ] ShaderProgram::AddShader() : glAttachShader() successful
2016-08-18 15:11:53:729[Info         ] ShaderProgram::AddShader [14] successful.
2016-08-18 15:11:53:729[Debug        ] File [..\Data\shaders\lighting.frag.shader] Opened successfully! Buffer Length:[1744]
2016-08-18 15:11:53:729[cDebug       ] Shader file [..\Data\shaders\lighting.frag.shader] is too big to display contents.
2016-08-18 15:11:53:730[Debug        ]  ShaderProgram::AddShader() file with data was read in
2016-08-18 15:11:53:730[Debug        ] ShaderProgram::AddShader() : glShaderSource() successful
2016-08-18 15:11:53:731[Debug        ] ShaderProgram::AddShader() : glCompileShader() successful
2016-08-18 15:11:53:731[Info         ] ShaderProgram::CheckShaderCompileStatus(15) successful.
2016-08-18 15:11:53:731[Debug        ] ShaderProgram::AddShader() : glCompileShader() successful
2016-08-18 15:11:53:731[Info         ] ShaderInfo saved successfully.
2016-08-18 15:11:53:731[Debug        ] ShaderProgram::AddShader() : glAttachShader() successful
2016-08-18 15:11:53:731[Info         ] ShaderProgram::AddShader [15] successful.
2016-08-18 15:11:53:735[Info         ] CheckProgramStatus() successful!
2016-08-18 15:11:53:736[Info         ] CheckProgramStatus() successful!
2016-08-18 15:11:53:736[Info         ] Shader Init started
2016-08-18 15:11:53:736[Info         ] Shader Program created.
2016-08-18 15:11:53:736[Process      ] ShaderProgram::Initialize()[16] successful!
2016-08-18 15:11:53:736[Debug        ] File [..\Data\shaders\texlighting.vert.shader] Opened successfully! Buffer Length:[1110]
2016-08-18 15:11:53:736[cDebug       ] Shader file [..\Data\shaders\texlighting.vert.shader] is too big to display contents.
2016-08-18 15:11:53:739[Debug        ]  ShaderProgram::AddShader() file with data was read in
2016-08-18 15:11:53:739[Debug        ] ShaderProgram::AddShader() : glShaderSource() successful
2016-08-18 15:11:53:739[Debug        ] ShaderProgram::AddShader() : glCompileShader() successful
2016-08-18 15:11:53:739[Info         ] ShaderProgram::CheckShaderCompileStatus(17) successful.
2016-08-18 15:11:53:739[Debug        ] ShaderProgram::AddShader() : glCompileShader() successful
2016-08-18 15:11:53:739[Info         ] ShaderInfo saved successfully.
2016-08-18 15:11:53:739[Debug        ] ShaderProgram::AddShader() : glAttachShader() successful
2016-08-18 15:11:53:739[Info         ] ShaderProgram::AddShader [17] successful.
2016-08-18 15:11:53:740[Debug        ] File [..\Data\shaders\texlighting.frag.shader] Opened successfully! Buffer Length:[1717]
2016-08-18 15:11:53:740[cDebug       ] Shader file [..\Data\shaders\texlighting.frag.shader] is too big to display contents.
2016-08-18 15:11:53:741[Debug        ]  ShaderProgram::AddShader() file with data was read in
2016-08-18 15:11:53:741[Debug        ] ShaderProgram::AddShader() : glShaderSource() successful
2016-08-18 15:11:53:742[Debug        ] ShaderProgram::AddShader() : glCompileShader() successful
2016-08-18 15:11:53:742[Info         ] ShaderProgram::CheckShaderCompileStatus(18) successful.
2016-08-18 15:11:53:742[Debug        ] ShaderProgram::AddShader() : glCompileShader() successful
2016-08-18 15:11:53:742[Info         ] ShaderInfo saved successfully.
2016-08-18 15:11:53:742[Debug        ] ShaderProgram::AddShader() : glAttachShader() successful
2016-08-18 15:11:53:742[Info         ] ShaderProgram::AddShader [18] successful.
2016-08-18 15:11:53:745[Info         ] CheckProgramStatus() successful!
2016-08-18 15:11:53:745[Info         ] CheckProgramStatus() successful!
2016-08-18 15:11:53:745[Info         ] Shader Init started
2016-08-18 15:11:53:745[Info         ] Shader Program created.
2016-08-18 15:11:53:745[Process      ] ShaderProgram::Initialize()[19] successful!
2016-08-18 15:11:53:745[Debug        ] File [..\Data\shaders\water.vert.shader] Opened successfully! Buffer Length:[1400]
2016-08-18 15:11:53:745[cDebug       ] Shader file [..\Data\shaders\water.vert.shader] is too big to display contents.
2016-08-18 15:11:53:747[Debug        ]  ShaderProgram::AddShader() file with data was read in
2016-08-18 15:11:53:747[Debug        ] ShaderProgram::AddShader() : glShaderSource() successful
2016-08-18 15:11:53:748[Debug        ] ShaderProgram::AddShader() : glCompileShader() successful
2016-08-18 15:11:53:748[Info         ] ShaderProgram::CheckShaderCompileStatus(20) successful.
2016-08-18 15:11:53:748[Debug        ] ShaderProgram::AddShader() : glCompileShader() successful
2016-08-18 15:11:53:748[Info         ] ShaderInfo saved successfully.
2016-08-18 15:11:53:748[Debug        ] ShaderProgram::AddShader() : glAttachShader() successful
2016-08-18 15:11:53:748[Info         ] ShaderProgram::AddShader [20] successful.
2016-08-18 15:11:53:748[Debug        ] File [..\Data\shaders\water.frag.shader] Opened successfully! Buffer Length:[2436]
2016-08-18 15:11:53:748[cDebug       ] Shader file [..\Data\shaders\water.frag.shader] is too big to display contents.
2016-08-18 15:11:53:750[Debug        ]  ShaderProgram::AddShader() file with data was read in
2016-08-18 15:11:53:750[Debug        ] ShaderProgram::AddShader() : glShaderSource() successful
2016-08-18 15:11:53:751[Debug        ] ShaderProgram::AddShader() : glCompileShader() successful
2016-08-18 15:11:53:751[Info         ] ShaderProgram::CheckShaderCompileStatus(21) successful.
2016-08-18 15:11:53:751[Debug        ] ShaderProgram::AddShader() : glCompileShader() successful
2016-08-18 15:11:53:751[Info         ] ShaderInfo saved successfully.
2016-08-18 15:11:53:751[Debug        ] ShaderProgram::AddShader() : glAttachShader() successful
2016-08-18 15:11:53:751[Info         ] ShaderProgram::AddShader [21] successful.
2016-08-18 15:11:53:755[Info         ] CheckProgramStatus() successful!
2016-08-18 15:11:53:755[Info         ] CheckProgramStatus() successful!
2016-08-18 15:11:53:756[Info         ] GetAttribLocation [vPosition] successful.
2016-08-18 15:11:53:756[Info         ] GetUniformLocation [colorin] successful.
2016-08-18 15:11:53:756[Info         ] GetUniformLocation [MAT] successful.
2016-08-18 15:11:53:756[cProcess     ] RenderEngine::Initialize() successful.
2016-08-18 15:11:53:757[cInfo        ] 
-----------------------------------------------------------------------
 BufferInfo::CreateBuffers()[0] Created buffers:| VERTEX [1] with [80] bytes. || INDEX [2] with [24] bytes |
-----------------------------------------------------------------------

2016-08-18 15:11:53:761[cInfo        ] --------BufferInfo::AddMesh() Added mesh successfully-------
2016-08-18 15:11:53:762[cInfo        ] 
2016-08-18 15:11:53:762[cInfo        ] --------------------| START BUFFER MESH INFO |-------------------------------------
2016-08-18 15:11:53:763[cInfo        ] BufferInfo::AddMesh(): NUM VERTS-----------------[4]
2016-08-18 15:11:53:764[cInfo        ] BufferInfo::AddMesh(): NUM INDICES---------------[6]
2016-08-18 15:11:53:770[cInfo        ] BufferInfo::AddMesh(): VERT OFFSET---------------[0]
2016-08-18 15:11:53:771[cInfo        ] BufferInfo::AddMesh(): INDICES OFFSET (BYTES)----[0]
2016-08-18 15:11:53:772[cInfo        ] --------------------|  END BUFFER MESH INFO  |--------------------------------------
2016-08-18 15:11:53:773[cInfo        ] 

2016-08-18 15:11:53:774[cInfo        ] 
-----------------------------------------------------------------------
 BufferInfo::CreateBuffers()[0] Created buffers:| VERTEX [3] with [96] bytes. || INDEX [4] with [48] bytes |
-----------------------------------------------------------------------

2016-08-18 15:11:53:779[cInfo        ] --------BufferInfo::AddMesh() Added mesh successfully-------
2016-08-18 15:11:53:780[cInfo        ] 
2016-08-18 15:11:53:780[cInfo        ] --------------------| START BUFFER MESH INFO |-------------------------------------
2016-08-18 15:11:53:781[cInfo        ] BufferInfo::AddMesh(): NUM VERTS-----------------[8]
2016-08-18 15:11:53:782[cInfo        ] BufferInfo::AddMesh(): NUM INDICES---------------[24]
2016-08-18 15:11:53:783[cInfo        ] BufferInfo::AddMesh(): VERT OFFSET---------------[0]
2016-08-18 15:11:53:785[cInfo        ] BufferInfo::AddMesh(): INDICES OFFSET (BYTES)----[0]
2016-08-18 15:11:53:786[cInfo        ] --------------------|  END BUFFER MESH INFO  |--------------------------------------
2016-08-18 15:11:53:787[cInfo        ] 

2016-08-18 15:11:53:789[cInfo        ] 
-----------------------------------------------------------------------
 BufferInfo::CreateBuffers()[0] Created buffers:| VERTEX [5] with [864] bytes. || INDEX [6] with [0] bytes |
-----------------------------------------------------------------------

2016-08-18 15:11:53:794[cInfo        ] --------BufferInfo::AddMesh() Added mesh successfully-------
2016-08-18 15:11:53:795[cInfo        ] 
2016-08-18 15:11:53:795[cInfo        ] --------------------| START BUFFER MESH INFO |-------------------------------------
2016-08-18 15:11:53:797[cInfo        ] BufferInfo::AddMesh(): NUM VERTS-----------------[36]
2016-08-18 15:11:53:799[cInfo        ] BufferInfo::AddMesh(): NUM INDICES---------------[0]
2016-08-18 15:11:53:802[cInfo        ] BufferInfo::AddMesh(): VERT OFFSET---------------[0]
2016-08-18 15:11:53:803[cInfo        ] BufferInfo::AddMesh(): INDICES OFFSET (BYTES)----[0]
2016-08-18 15:11:53:804[cInfo        ] --------------------|  END BUFFER MESH INFO  |--------------------------------------
2016-08-18 15:11:53:806[cInfo        ] 

2016-08-18 15:11:53:807[cInfo        ] 
-----------------------------------------------------------------------
 BufferInfo::CreateBuffers()[0] Created buffers:| VERTEX [7] with [144] bytes. || INDEX [8] with [0] bytes |
-----------------------------------------------------------------------

2016-08-18 15:11:53:813[cInfo        ] --------BufferInfo::AddMesh() Added mesh successfully-------
2016-08-18 15:11:53:814[cInfo        ] 
2016-08-18 15:11:53:815[cInfo        ] --------------------| START BUFFER MESH INFO |-------------------------------------
2016-08-18 15:11:53:816[cInfo        ] BufferInfo::AddMesh(): NUM VERTS-----------------[6]
2016-08-18 15:11:53:820[cInfo        ] BufferInfo::AddMesh(): NUM INDICES---------------[0]
2016-08-18 15:11:53:821[cInfo        ] BufferInfo::AddMesh(): VERT OFFSET---------------[0]
2016-08-18 15:11:53:822[cInfo        ] BufferInfo::AddMesh(): INDICES OFFSET (BYTES)----[0]
2016-08-18 15:11:53:823[cInfo        ] --------------------|  END BUFFER MESH INFO  |--------------------------------------
2016-08-18 15:11:53:825[cInfo        ] 

2016-08-18 15:11:53:826[cProcess     ] BufferManager::Initialize() successful.
2016-08-18 15:11:53:827[cInfo        ] 
-----------------------------------------------------------------------
 BufferInfo::CreateBuffers()[0] Created buffers:| VERTEX [9] with [1000000] bytes. || INDEX [10] with [1000000] bytes |
-----------------------------------------------------------------------

2016-08-18 15:11:53:834[cInfo        ] --------BufferInfo::AddMesh() Added mesh successfully-------
2016-08-18 15:11:53:835[cInfo        ] 
2016-08-18 15:11:53:836[cInfo        ] --------------------| START BUFFER MESH INFO |-------------------------------------
2016-08-18 15:11:53:840[cInfo        ] BufferInfo::AddMesh(): NUM VERTS-----------------[24]
2016-08-18 15:11:53:842[cInfo        ] BufferInfo::AddMesh(): NUM INDICES---------------[36]
2016-08-18 15:11:53:844[cInfo        ] BufferInfo::AddMesh(): VERT OFFSET---------------[0]
2016-08-18 15:11:53:845[cInfo        ] BufferInfo::AddMesh(): INDICES OFFSET (BYTES)----[0]
2016-08-18 15:11:53:846[cInfo        ] --------------------|  END BUFFER MESH INFO  |--------------------------------------
2016-08-18 15:11:53:847[cInfo        ] 

2016-08-18 15:11:53:852[cProcess     ] BufferManager::Initialize() successful.
2016-08-18 15:11:53:853[cInfo        ] 
-----------------------------------------------------------------------
 BufferInfo::CreateBuffers()[1] Created buffers:| VERTEX [11] with [1000000] bytes. || INDEX [12] with [1000000] bytes |
-----------------------------------------------------------------------

2016-08-18 15:11:53:857[cInfo        ] --------BufferInfo::AddMesh() Added mesh successfully-------
2016-08-18 15:11:53:858[cInfo        ] 
2016-08-18 15:11:53:858[cInfo        ] --------------------| START BUFFER MESH INFO |-------------------------------------
2016-08-18 15:11:53:859[cInfo        ] BufferInfo::AddMesh(): NUM VERTS-----------------[1536]
2016-08-18 15:11:53:861[cInfo        ] BufferInfo::AddMesh(): NUM INDICES---------------[3072]
2016-08-18 15:11:53:862[cInfo        ] BufferInfo::AddMesh(): VERT OFFSET---------------[0]
2016-08-18 15:11:53:863[cInfo        ] BufferInfo::AddMesh(): INDICES OFFSET (BYTES)----[0]
2016-08-18 15:11:53:864[cInfo        ] --------------------|  END BUFFER MESH INFO  |--------------------------------------
2016-08-18 15:11:53:865[cInfo        ] 

2016-08-18 15:11:53:867[cInfo        ] 
-----------------------------------------------------------------------
 BufferInfo::CreateBuffers()[0] Created buffers:| VERTEX [13] with [3936] bytes. || INDEX [14] with [0] bytes |
-----------------------------------------------------------------------

2016-08-18 15:11:53:872[cInfo        ] --------BufferInfo::AddMesh() Added mesh successfully-------
2016-08-18 15:11:53:873[cInfo        ] 
2016-08-18 15:11:53:873[cInfo        ] --------------------| START BUFFER MESH INFO |-------------------------------------
2016-08-18 15:11:53:874[cInfo        ] BufferInfo::AddMesh(): NUM VERTS-----------------[164]
2016-08-18 15:11:53:875[cInfo        ] BufferInfo::AddMesh(): NUM INDICES---------------[0]
2016-08-18 15:11:53:876[cInfo        ] BufferInfo::AddMesh(): VERT OFFSET---------------[0]
2016-08-18 15:11:53:877[cInfo        ] BufferInfo::AddMesh(): INDICES OFFSET (BYTES)----[0]
2016-08-18 15:11:53:878[cInfo        ] --------------------|  END BUFFER MESH INFO  |--------------------------------------
2016-08-18 15:11:53:879[cInfo        ] 

2016-08-18 15:11:53:879[cProcess     ] ShapeGenerator initialized successfully.
2016-08-18 15:11:53:881[cProcess     ] Camera::Initialize() successful.
2016-08-18 15:11:53:882[cProcess     ] Keyboard::Initialize() successful
2016-08-18 15:11:53:883[cProcess     ] Keyboard::Initialize() successful
2016-08-18 15:11:53:896[cInfo        ] 
-----------------------------------------------------------------------
 BufferInfo::CreateBuffers()[0] Created buffers:| VERTEX [15] with [10810368] bytes. || INDEX [16] with [0] bytes |
-----------------------------------------------------------------------

2016-08-18 15:11:53:925[cInfo        ] --------BufferInfo::AddMesh() Added mesh successfully-------
2016-08-18 15:11:53:926[cInfo        ] 
2016-08-18 15:11:53:926[cInfo        ] --------------------| START BUFFER MESH INFO |-------------------------------------
2016-08-18 15:11:53:928[cInfo        ] BufferInfo::AddMesh(): NUM VERTS-----------------[337824]
2016-08-18 15:11:53:928[cInfo        ] BufferInfo::AddMesh(): NUM INDICES---------------[0]
2016-08-18 15:11:53:929[cInfo        ] BufferInfo::AddMesh(): VERT OFFSET---------------[0]
2016-08-18 15:11:53:930[cInfo        ] BufferInfo::AddMesh(): INDICES OFFSET (BYTES)----[0]
2016-08-18 15:11:53:931[cInfo        ] --------------------|  END BUFFER MESH INFO  |--------------------------------------
2016-08-18 15:11:53:934[cInfo        ] 

2016-08-18 15:11:53:965[Info         ] ShapeGenerator::ReadSceneFile(): Added new scene [..\Data\Scenes\Dargon.ptn.scene] successfully.
2016-08-18 15:11:53:966[cInfo        ] EntityManager::BuildPlayerEntity(): Built [Dargon] successfully
2016-08-18 15:11:53:969[cProcess     ] BufferManager::Initialize() successful.
2016-08-18 15:11:53:972[cInfo        ] 
-----------------------------------------------------------------------
 BufferInfo::CreateBuffers()[2] Created buffers:| VERTEX [17] with [1000000] bytes. || INDEX [18] with [1000000] bytes |
-----------------------------------------------------------------------

2016-08-18 15:11:53:979[cInfo        ] --------BufferInfo::AddMesh() Added mesh successfully-------
2016-08-18 15:11:53:980[cInfo        ] 
2016-08-18 15:11:53:980[cInfo        ] --------------------| START BUFFER MESH INFO |-------------------------------------
2016-08-18 15:11:53:982[cInfo        ] BufferInfo::AddMesh(): NUM VERTS-----------------[36]
2016-08-18 15:11:53:983[cInfo        ] BufferInfo::AddMesh(): NUM INDICES---------------[0]
2016-08-18 15:11:53:986[cInfo        ] BufferInfo::AddMesh(): VERT OFFSET---------------[0]
2016-08-18 15:11:53:987[cInfo        ] BufferInfo::AddMesh(): INDICES OFFSET (BYTES)----[0]
2016-08-18 15:11:53:987[cInfo        ] --------------------|  END BUFFER MESH INFO  |--------------------------------------
2016-08-18 15:11:53:989[cInfo        ] 

2016-08-18 15:11:53:989[Info         ] ShapeGenerator::ReadSceneFile(): Added new scene [..\Data\Scenes\Cube.pn.scene] successfully.
2016-08-18 15:11:53:990[cInfo        ] --------BufferInfo::AddMesh() Added mesh successfully-------
2016-08-18 15:11:53:990[cInfo        ] 
2016-08-18 15:11:53:991[cInfo        ] --------------------| START BUFFER MESH INFO |-------------------------------------
2016-08-18 15:11:53:992[cInfo        ] BufferInfo::AddMesh(): NUM VERTS-----------------[18]
2016-08-18 15:11:53:993[cInfo        ] BufferInfo::AddMesh(): NUM INDICES---------------[0]
2016-08-18 15:11:53:994[cInfo        ] BufferInfo::AddMesh(): VERT OFFSET---------------[36]
2016-08-18 15:11:53:996[cInfo        ] BufferInfo::AddMesh(): INDICES OFFSET (BYTES)----[0]
2016-08-18 15:11:53:997[cInfo        ] --------------------|  END BUFFER MESH INFO  |--------------------------------------
2016-08-18 15:11:53:998[cInfo        ] 

2016-08-18 15:11:53:999[Info         ] ShapeGenerator::ReadSceneFile(): Added new scene [..\Data\Scenes\Pyramid.pn.scene] successfully.
2016-08-18 15:11:54:006[cInfo        ] 
-----------------------------------------------------------------------
 BufferInfo::CreateBuffers()[0] Created buffers:| VERTEX [19] with [5529600] bytes. || INDEX [20] with [0] bytes |
-----------------------------------------------------------------------

2016-08-18 15:11:54:014[cInfo        ] --------BufferInfo::AddMesh() Added mesh successfully-------
2016-08-18 15:11:54:017[cInfo        ] 
2016-08-18 15:11:54:017[cInfo        ] --------------------| START BUFFER MESH INFO |-------------------------------------
2016-08-18 15:11:54:019[cInfo        ] BufferInfo::AddMesh(): NUM VERTS-----------------[172800]
2016-08-18 15:11:54:019[cInfo        ] BufferInfo::AddMesh(): NUM INDICES---------------[0]
2016-08-18 15:11:54:020[cInfo        ] BufferInfo::AddMesh(): VERT OFFSET---------------[0]
2016-08-18 15:11:54:021[cInfo        ] BufferInfo::AddMesh(): INDICES OFFSET (BYTES)----[0]
2016-08-18 15:11:54:022[cInfo        ] --------------------|  END BUFFER MESH INFO  |--------------------------------------
2016-08-18 15:11:54:023[cInfo        ] 

2016-08-18 15:11:54:024[Info         ] ShapeGenerator::ReadSceneFile(): Added new scene [..\Data\Scenes\WaterPlane.ptn.scene] successfully.
2016-08-18 15:11:54:025[cProcess     ] Camera::Initialize() successful.
2016-08-18 15:11:54:036[cProcess     ] BufferManager::Initialize() successful.
2016-08-18 15:11:54:038[cInfo        ] 
-----------------------------------------------------------------------
 BufferInfo::CreateBuffers()[3] Created buffers:| VERTEX [21] with [8107776] bytes. || INDEX [22] with [0] bytes |
-----------------------------------------------------------------------

2016-08-18 15:11:54:050[cInfo        ] --------BufferInfo::AddMesh() Added mesh successfully-------
2016-08-18 15:11:54:051[cInfo        ] 
2016-08-18 15:11:54:052[cInfo        ] --------------------| START BUFFER MESH INFO |-------------------------------------
2016-08-18 15:11:54:053[cInfo        ] BufferInfo::AddMesh(): NUM VERTS-----------------[337824]
2016-08-18 15:11:54:055[cInfo        ] BufferInfo::AddMesh(): NUM INDICES---------------[0]
2016-08-18 15:11:54:056[cInfo        ] BufferInfo::AddMesh(): VERT OFFSET---------------[0]
2016-08-18 15:11:54:057[cInfo        ] BufferInfo::AddMesh(): INDICES OFFSET (BYTES)----[0]
2016-08-18 15:11:54:057[cInfo        ] --------------------|  END BUFFER MESH INFO  |--------------------------------------
2016-08-18 15:11:54:059[cInfo        ] 

2016-08-18 15:11:54:060[Info         ] ShapeGenerator::ReadSceneFile(): Added new scene [..\Data\Scenes\Dargon.pn.scene] successfully.
2016-08-18 15:11:54:060[cProcess     ] BufferManager::Initialize() successful.
2016-08-18 15:11:54:061[cInfo        ] 
-----------------------------------------------------------------------
 BufferInfo::CreateBuffers()[4] Created buffers:| VERTEX [23] with [1000000] bytes. || INDEX [24] with [1000000] bytes |
-----------------------------------------------------------------------

2016-08-18 15:11:54:065[cInfo        ] --------BufferInfo::AddMesh() Added mesh successfully-------
2016-08-18 15:11:54:066[cInfo        ] 
2016-08-18 15:11:54:067[cInfo        ] --------------------| START BUFFER MESH INFO |-------------------------------------
2016-08-18 15:11:54:068[cInfo        ] BufferInfo::AddMesh(): NUM VERTS-----------------[6]
2016-08-18 15:11:54:069[cInfo        ] BufferInfo::AddMesh(): NUM INDICES---------------[0]
2016-08-18 15:11:54:070[cInfo        ] BufferInfo::AddMesh(): VERT OFFSET---------------[0]
2016-08-18 15:11:54:070[cInfo        ] BufferInfo::AddMesh(): INDICES OFFSET (BYTES)----[0]
2016-08-18 15:11:54:071[cInfo        ] --------------------|  END BUFFER MESH INFO  |--------------------------------------
2016-08-18 15:11:54:072[cInfo        ] 

2016-08-18 15:11:54:073[cProcess     ] BodaciousQuest::Initialize() successful.
2016-08-18 15:11:54:075[Process      ] GameTime::Initialize() ok

2016-08-18 15:11:54:075[cProcess     ] MyWindow::Initialize() successful!
2016-08-18 15:12:07:308[cProcess     ] BufferManager::Shutdown() successful.
2016-08-18 15:12:07:309[cProcess     ] RenderEngine::Shutdown() successful.
2016-08-18 15:12:07:310[cProcess     ] Camera::Shutdown() successful.
2016-08-18 15:12:07:311[Info         ] Shader  [2] deleting...
2016-08-18 15:12:07:311[Info         ] Shader  [2] deleted successfully.
2016-08-18 15:12:07:311[Info         ] Shader  [3] deleting...
2016-08-18 15:12:07:312[Info         ] Shader  [3] deleted successfully.
2016-08-18 15:12:07:312[Info         ] All shaders deleted successfully.
2016-08-18 15:12:07:312[cInfo        ] Program [1] deleted successfully.
2016-08-18 15:12:07:312[Process      ] ShaderProgram[1]::Shutdown successful!
2016-08-18 15:12:07:312[Info         ] Shader  [5] deleting...
2016-08-18 15:12:07:312[Info         ] Shader  [5] deleted successfully.
2016-08-18 15:12:07:312[Info         ] Shader  [6] deleting...
2016-08-18 15:12:07:312[Info         ] Shader  [6] deleted successfully.
2016-08-18 15:12:07:312[Info         ] All shaders deleted successfully.
2016-08-18 15:12:07:312[cInfo        ] Program [4] deleted successfully.
2016-08-18 15:12:07:313[Process      ] ShaderProgram[4]::Shutdown successful!
2016-08-18 15:12:07:313[Info         ] Shader  [8] deleting...
2016-08-18 15:12:07:313[Info         ] Shader  [8] deleted successfully.
2016-08-18 15:12:07:313[Info         ] Shader  [9] deleting...
2016-08-18 15:12:07:313[Info         ] Shader  [9] deleted successfully.
2016-08-18 15:12:07:313[Info         ] All shaders deleted successfully.
2016-08-18 15:12:07:314[cInfo        ] Program [7] deleted successfully.
2016-08-18 15:12:07:314[Process      ] ShaderProgram[7]::Shutdown successful!
2016-08-18 15:12:07:314[Info         ] Shader  [11] deleting...
2016-08-18 15:12:07:314[Info         ] Shader  [11] deleted successfully.
2016-08-18 15:12:07:314[Info         ] Shader  [12] deleting...
2016-08-18 15:12:07:314[Info         ] Shader  [12] deleted successfully.
2016-08-18 15:12:07:314[Info         ] All shaders deleted successfully.
2016-08-18 15:12:07:314[cInfo        ] Program [10] deleted successfully.
2016-08-18 15:12:07:315[Process      ] ShaderProgram[10]::Shutdown successful!
2016-08-18 15:12:07:315[Info         ] Shader  [14] deleting...
2016-08-18 15:12:07:315[Info         ] Shader  [14] deleted successfully.
2016-08-18 15:12:07:315[Info         ] Shader  [15] deleting...
2016-08-18 15:12:07:315[Info         ] Shader  [15] deleted successfully.
2016-08-18 15:12:07:315[Info         ] All shaders deleted successfully.
2016-08-18 15:12:07:316[cInfo        ] Program [13] deleted successfully.
2016-08-18 15:12:07:319[Process      ] ShaderProgram[13]::Shutdown successful!
2016-08-18 15:12:07:319[Info         ] Shader  [17] deleting...
2016-08-18 15:12:07:319[Info         ] Shader  [17] deleted successfully.
2016-08-18 15:12:07:319[Info         ] Shader  [18] deleting...
2016-08-18 15:12:07:319[Info         ] Shader  [18] deleted successfully.
2016-08-18 15:12:07:319[Info         ] All shaders deleted successfully.
2016-08-18 15:12:07:319[cInfo        ] Program [16] deleted successfully.
2016-08-18 15:12:07:320[Process      ] ShaderProgram[16]::Shutdown successful!
2016-08-18 15:12:07:320[Info         ] Shader  [20] deleting...
2016-08-18 15:12:07:320[Info         ] Shader  [20] deleted successfully.
2016-08-18 15:12:07:320[Info         ] Shader  [21] deleting...
2016-08-18 15:12:07:320[Info         ] Shader  [21] deleted successfully.
2016-08-18 15:12:07:320[Info         ] All shaders deleted successfully.
2016-08-18 15:12:07:320[cInfo        ] Program [19] deleted successfully.
2016-08-18 15:12:07:321[Process      ] ShaderProgram[19]::Shutdown successful!
2016-08-18 15:12:07:321[cProcess     ] MyWindow::Shutdown() successful!
2016-08-18 15:12:07:322[cProcess     ] BodaciousQuest::Shutdown() successful.
2016-08-18 15:12:07:332[Process      ] ConfigReader shut down successfully
2016-08-18 15:12:07:332[Process      ] GameLogger::ShutDown() successful
