2016-08-22 13:33:45:399[Process      ] GameLogger::Initialize() opened log file [..\Data\LogFiles\2016-08-22 13-33-45.BodaciousQuest.log] for writing
2016-08-22 13:33:45:399[Info         ] GameLogger::Initialize() successful
2016-08-22 13:33:45:399[Process      ] ConfigReader opened [..\Data\BodaciousQuest.config] successfully
2016-08-22 13:33:45:399[Info         ] ConfigReader initialized successfully
2016-08-22 13:33:45:400[Info         ] Valid KVP [BodaciousQuest.ShowFullScreen] [false] added
2016-08-22 13:33:45:400[Info         ] Valid KVP [BodaciousQuest.FpsInterval] [5.0] added
2016-08-22 13:33:45:400[Info         ] Valid KVP [BodaciousQuest.EnableControls] [true] added
2016-08-22 13:33:45:400[Info         ] Valid KVP [BodaciousQuest.LoadCubeFirst] [true] added
2016-08-22 13:33:45:400[Info         ] Valid KVP [BodaciousQuest.CameraWalkMode] [false] added
2016-08-22 13:33:45:400[Info         ] Valid KVP [BodaciousQuest.GridSize] [40] added
2016-08-22 13:33:45:400[Info         ] Valid KVP [BodaciousQuest.LightingTest.Ambient.Color] [1.0  1.0  1.0] added
2016-08-22 13:33:45:400[Info         ] Valid KVP [BodaciousQuest.LightingTest.Diffuse.Color] [1.0  1.0  1.0] added
2016-08-22 13:33:45:400[Info         ] Valid KVP [BodaciousQuest.LightingTest.Specular.Color] [1.0  1.0  1.0] added
2016-08-22 13:33:45:400[Info         ] Valid KVP [BodaciousQuest.LightingTest.Ambient.Reflectivity] [0.01] added
2016-08-22 13:33:45:400[Info         ] Valid KVP [BodaciousQuest.LightingTest.Diffuse.Reflectivity] [0.7] added
2016-08-22 13:33:45:400[Info         ] Valid KVP [BodaciousQuest.LightingTest.Specular.Reflectivity] [0.5] added
2016-08-22 13:33:45:400[Info         ] Valid KVP [BodaciousQuest.LightingTest.Specular.Shininess] [1.50] added
2016-08-22 13:33:45:400[Info         ] Valid KVP [BodaciousQuest.LightingTest.Falloff.A] [1.0] added
2016-08-22 13:33:45:400[Info         ] Valid KVP [BodaciousQuest.LightingTest.Falloff.B] [0.001] added
2016-08-22 13:33:45:400[Info         ] Valid KVP [BodaciousQuest.LightingTest.Falloff.C] [0.0001] added
2016-08-22 13:33:45:400[Info         ] Valid KVP [BodaciousQuest.LightingTest.Directional] [false] added
2016-08-22 13:33:45:400[Info         ] Valid KVP [BodaciousQuest.LightingTest.Direction] [-1.0 0.0 1.0] added
2016-08-22 13:33:45:400[Info         ] Valid KVP [BodaciousQuest.LightingTest.Light.Position] [-0.875458 3.673020 1.043331] added
2016-08-22 13:33:45:400[Info         ] Valid KVP [BodaciousQuest.LightingTest.Dargon.Color] [1.0 1.0 0.4] added
2016-08-22 13:33:45:400[Info         ] Valid KVP [ObjConverter.Mode.VertexType] [pn] added
2016-08-22 13:33:45:400[Info         ] Valid KVP [ObjConverter.Mode.Analyze] [false] added
2016-08-22 13:33:45:400[Info         ] Valid KVP [ObjConverter.Model] [Cat] added
2016-08-22 13:33:45:400[Info         ] Valid KVP [ObjConverter.Shader] [4] added
2016-08-22 13:33:45:400[Info         ] Valid KVP [ObjConverter.Color] [random] added
2016-08-22 13:33:45:400[Info         ] Valid KVP [ObjConverter.Obj.InputFileFolder] [..\\Data\\Objs\\] added
2016-08-22 13:33:45:400[Info         ] Valid KVP [ObjConverter.Scene.OutputFileFolder] [..\\Data\\Scenes\\] added
2016-08-22 13:33:45:400[Info         ] Valid KVP [ObjConverter.Model.Dargon.NumVerts] [57967] added
2016-08-22 13:33:45:400[Info         ] Valid KVP [ObjConverter.Model.Dargon.NumIndices] [337824] added
2016-08-22 13:33:45:400[Info         ] Valid KVP [ObjConverter.Model.Dargon.NumTexCoords] [60175] added
2016-08-22 13:33:45:400[Info         ] Valid KVP [ObjConverter.Model.Dargon.NumNormals] [337824] added
2016-08-22 13:33:45:400[Info         ] Valid KVP [ObjConverter.Model.Swamp.NumVerts] [2735] added
2016-08-22 13:33:45:400[Info         ] Valid KVP [ObjConverter.Model.Swamp.NumIndices] [8556] added
2016-08-22 13:33:45:400[Info         ] Valid KVP [ObjConverter.Model.Swamp.NumTexCoords] [3622] added
2016-08-22 13:33:45:400[Info         ] Valid KVP [ObjConverter.Model.Swamp.NumNormals] [5156] added
2016-08-22 13:33:45:400[Info         ] Valid KVP [ObjConverter.Model.Pyramid.NumVerts] [5] added
2016-08-22 13:33:45:400[Info         ] Valid KVP [ObjConverter.Model.Pyramid.NumIndices] [18] added
2016-08-22 13:33:45:400[Info         ] Valid KVP [ObjConverter.Model.Pyramid.NumTexCoords] [10] added
2016-08-22 13:33:45:400[Info         ] Valid KVP [ObjConverter.Model.Pyramid.NumNormals] [16] added
2016-08-22 13:33:45:400[Info         ] Valid KVP [ObjConverter.Model.AIWorld.NumVerts] [1957] added
2016-08-22 13:33:45:401[Info         ] Valid KVP [ObjConverter.Model.AIWorld.NumIndices] [8718] added
2016-08-22 13:33:45:401[Info         ] Valid KVP [ObjConverter.Model.AIWorld.NumTexCoords] [4186] added
2016-08-22 13:33:45:401[Info         ] Valid KVP [ObjConverter.Model.AIWorld.NumNormals] [5418] added
2016-08-22 13:33:45:401[Info         ] Valid KVP [ObjConverter.Model.GameWeapon.NumVerts] [2068] added
2016-08-22 13:33:45:401[Info         ] Valid KVP [ObjConverter.Model.GameWeapon.NumIndices] [9894] added
2016-08-22 13:33:45:401[Info         ] Valid KVP [ObjConverter.Model.GameWeapon.NumTexCoords] [0] added
2016-08-22 13:33:45:401[Info         ] Valid KVP [ObjConverter.Model.GameWeapon.NumNormals] [0] added
2016-08-22 13:33:45:401[Info         ] Valid KVP [ObjConverter.Model.Chicken.NumVerts] [224] added
2016-08-22 13:33:45:401[Info         ] Valid KVP [ObjConverter.Model.Chicken.NumIndices] [1374] added
2016-08-22 13:33:45:401[Info         ] Valid KVP [ObjConverter.Model.Chicken.NumTexCoords] [472] added
2016-08-22 13:33:45:401[Info         ] Valid KVP [ObjConverter.Model.Chicken.NumNormals] [565] added
2016-08-22 13:33:45:401[Info         ] Valid KVP [ObjConverter.Model.WaterPlane.NumVerts] [29282] added
2016-08-22 13:33:45:401[Info         ] Valid KVP [ObjConverter.Model.WaterPlane.NumIndices] [172800] added
2016-08-22 13:33:45:401[Info         ] Valid KVP [ObjConverter.Model.WaterPlane.NumTexCoords] [29282] added
2016-08-22 13:33:45:401[Info         ] Valid KVP [ObjConverter.Model.WaterPlane.NumNormals] [172800] added
2016-08-22 13:33:45:401[Info         ] Valid KVP [ObjConverter.Model.Cube.NumVerts] [8] added
2016-08-22 13:33:45:401[Info         ] Valid KVP [ObjConverter.Model.Cube.NumIndices] [36] added
2016-08-22 13:33:45:401[Info         ] Valid KVP [ObjConverter.Model.Cube.NumTexCoords] [14] added
2016-08-22 13:33:45:401[Info         ] Valid KVP [ObjConverter.Model.Cube.NumNormals] [24] added
2016-08-22 13:33:45:401[Info         ] Valid KVP [ObjConverter.Model.Barrel.NumVerts] [172] added
2016-08-22 13:33:45:401[Info         ] Valid KVP [ObjConverter.Model.Barrel.NumIndices] [1008] added
2016-08-22 13:33:45:401[Info         ] Valid KVP [ObjConverter.Model.Barrel.NumTexCoords] [328] added
2016-08-22 13:33:45:401[Info         ] Valid KVP [ObjConverter.Model.Barrel.NumNormals] [204] added
2016-08-22 13:33:45:401[Info         ] Valid KVP [ObjConverter.Model.SkyBox.NumVerts] [8] added
2016-08-22 13:33:45:401[Info         ] Valid KVP [ObjConverter.Model.SkyBox.NumIndices] [36] added
2016-08-22 13:33:45:401[Info         ] Valid KVP [ObjConverter.Model.SkyBox.NumTexCoords] [18] added
2016-08-22 13:33:45:401[Info         ] Valid KVP [ObjConverter.Model.SkyBox.NumNormals] [24] added
2016-08-22 13:33:45:401[Info         ] Valid KVP [ObjConverter.Model.Cat.NumVerts] [548] added
2016-08-22 13:33:45:401[Info         ] Valid KVP [ObjConverter.Model.Cat.NumIndices] [3180] added
2016-08-22 13:33:45:401[Info         ] Valid KVP [ObjConverter.Model.Cat.NumTexCoords] [771] added
2016-08-22 13:33:45:401[Info         ] Valid KVP [ObjConverter.Model.Cat.NumNormals] [714] added
2016-08-22 13:33:45:482[cInfo        ] Config reader opened [..\Data\BodaciousQuest.config] for reading!
2016-08-22 13:33:45:537[Process      ] ShaderManager Initialized successfully
2016-08-22 13:33:45:537[Info         ] Shader Init started
2016-08-22 13:33:45:537[Info         ] Shader Program created.
2016-08-22 13:33:45:537[Process      ] ShaderProgram::Initialize()[1] successful!
2016-08-22 13:33:45:537[Debug        ] File [..\Data\shaders\debug.vert.shader] Opened successfully! Buffer Length:[291]
2016-08-22 13:33:45:537[Debug        ] Shader file [..\Data\shaders\debug.vert.shader] contents:
//BEGIN
#version 430 core

layout(location = 0)  in vec3 vPosition;

layout(location = 15) uniform vec3 colorin;
layout(location = 16) uniform mat4 MAT;

out vec4 color;

void main()
{
	vec4 vertPos = vec4(vPosition, 1.0);
	gl_Position = MAT *  vertPos;
	color = vec4(colorin, 1.0);
}
//END

2016-08-22 13:33:45:537[Debug        ]  ShaderProgram::AddShader() file with data was read in
2016-08-22 13:33:45:537[Debug        ] ShaderProgram::AddShader() : glShaderSource() successful
2016-08-22 13:33:45:538[Debug        ] ShaderProgram::AddShader() : glCompileShader() successful
2016-08-22 13:33:45:538[Info         ] ShaderProgram::CheckShaderCompileStatus(2) successful.
2016-08-22 13:33:45:538[Debug        ] ShaderProgram::AddShader() : glCompileShader() successful
2016-08-22 13:33:45:538[Info         ] ShaderInfo saved successfully.
2016-08-22 13:33:45:538[Debug        ] ShaderProgram::AddShader() : glAttachShader() successful
2016-08-22 13:33:45:538[Info         ] ShaderProgram::AddShader [2] successful.
2016-08-22 13:33:45:538[Debug        ] File [..\Data\shaders\debug.frag.shader] Opened successfully! Buffer Length:[104]
2016-08-22 13:33:45:538[Debug        ] Shader file [..\Data\shaders\debug.frag.shader] contents:
//BEGIN
#version 430 core


in  vec4 color;
out vec4 outColor;

void main()
{
	outColor = color;
}


//END

2016-08-22 13:33:45:538[Debug        ]  ShaderProgram::AddShader() file with data was read in
2016-08-22 13:33:45:538[Debug        ] ShaderProgram::AddShader() : glShaderSource() successful
2016-08-22 13:33:45:538[Debug        ] ShaderProgram::AddShader() : glCompileShader() successful
2016-08-22 13:33:45:538[Info         ] ShaderProgram::CheckShaderCompileStatus(3) successful.
2016-08-22 13:33:45:538[Debug        ] ShaderProgram::AddShader() : glCompileShader() successful
2016-08-22 13:33:45:538[Info         ] ShaderInfo saved successfully.
2016-08-22 13:33:45:538[Debug        ] ShaderProgram::AddShader() : glAttachShader() successful
2016-08-22 13:33:45:538[Info         ] ShaderProgram::AddShader [3] successful.
2016-08-22 13:33:45:540[Info         ] CheckProgramStatus() successful!
2016-08-22 13:33:45:540[Info         ] CheckProgramStatus() successful!
2016-08-22 13:33:45:540[Info         ] Shader Init started
2016-08-22 13:33:45:540[Info         ] Shader Program created.
2016-08-22 13:33:45:540[Process      ] ShaderProgram::Initialize()[4] successful!
2016-08-22 13:33:45:540[Debug        ] File [..\Data\shaders\play.vert.shader] Opened successfully! Buffer Length:[343]
2016-08-22 13:33:45:540[Debug        ] Shader file [..\Data\shaders\play.vert.shader] contents:
//BEGIN
#version 430 core

layout (location = 0)  in vec3 vPosition;
layout (location = 1)  in vec3 vColor;
layout (location = 15) uniform vec3 colorin;
layout (location = 16) uniform mat4 MAT;

out vec4 color;

void main()
{
	vec4 vertPos = vec4(vPosition, 1.0);
	gl_Position = MAT *  vertPos;
	color = vec4((vColor + colorin), 1.0);
}
//END

2016-08-22 13:33:45:540[Debug        ]  ShaderProgram::AddShader() file with data was read in
2016-08-22 13:33:45:540[Debug        ] ShaderProgram::AddShader() : glShaderSource() successful
2016-08-22 13:33:45:540[Debug        ] ShaderProgram::AddShader() : glCompileShader() successful
2016-08-22 13:33:45:540[Info         ] ShaderProgram::CheckShaderCompileStatus(5) successful.
2016-08-22 13:33:45:540[Debug        ] ShaderProgram::AddShader() : glCompileShader() successful
2016-08-22 13:33:45:540[Info         ] ShaderInfo saved successfully.
2016-08-22 13:33:45:540[Debug        ] ShaderProgram::AddShader() : glAttachShader() successful
2016-08-22 13:33:45:540[Info         ] ShaderProgram::AddShader [5] successful.
2016-08-22 13:33:45:540[Debug        ] File [..\Data\shaders\play.frag.shader] Opened successfully! Buffer Length:[391]
2016-08-22 13:33:45:540[Debug        ] Shader file [..\Data\shaders\play.frag.shader] contents:
//BEGIN
#version 430 core


in  vec4 color;
out vec4 outColor;

void main()
{

	//if (color.r < .7) discard;
	outColor = color;

	//if(((gl_FragCoord.x  > 600)&& (gl_FragCoord.y < 300)) || ((gl_FragCoord.y < 300)  && (gl_FragCoord.x  < 600) )) {
	//discard;
	//}

	//vec2 scrPos = vec2(gl_FragCoord) - vec2(350,150);
	//float len =  length(scrPos);
	//if(len < 50 )discard;
}


//END

2016-08-22 13:33:45:540[Debug        ]  ShaderProgram::AddShader() file with data was read in
2016-08-22 13:33:45:540[Debug        ] ShaderProgram::AddShader() : glShaderSource() successful
2016-08-22 13:33:45:540[Debug        ] ShaderProgram::AddShader() : glCompileShader() successful
2016-08-22 13:33:45:541[Info         ] ShaderProgram::CheckShaderCompileStatus(6) successful.
2016-08-22 13:33:45:541[Debug        ] ShaderProgram::AddShader() : glCompileShader() successful
2016-08-22 13:33:45:541[Info         ] ShaderInfo saved successfully.
2016-08-22 13:33:45:541[Debug        ] ShaderProgram::AddShader() : glAttachShader() successful
2016-08-22 13:33:45:541[Info         ] ShaderProgram::AddShader [6] successful.
2016-08-22 13:33:45:542[Info         ] CheckProgramStatus() successful!
2016-08-22 13:33:45:542[Info         ] CheckProgramStatus() successful!
2016-08-22 13:33:45:542[Info         ] Shader Init started
2016-08-22 13:33:45:542[Info         ] Shader Program created.
2016-08-22 13:33:45:542[Process      ] ShaderProgram::Initialize()[7] successful!
2016-08-22 13:33:45:542[Debug        ] File [..\Data\shaders\texture.vert.shader] Opened successfully! Buffer Length:[305]
2016-08-22 13:33:45:542[Debug        ] Shader file [..\Data\shaders\texture.vert.shader] contents:
//BEGIN
#version 430 core

layout (location = 0)  in vec3 vPosition;
layout (location = 1)  in vec2 vUV;

layout (location = 16) uniform mat4 MAT;

//out data
out vec2 UV;

//out vec4 color;

void main()
{
	vec4 vertPos = vec4(vPosition, 1.0);
	gl_Position = MAT *  vertPos;

	UV = vUV;
	
	
}
//END

2016-08-22 13:33:45:542[Debug        ]  ShaderProgram::AddShader() file with data was read in
2016-08-22 13:33:45:542[Debug        ] ShaderProgram::AddShader() : glShaderSource() successful
2016-08-22 13:33:45:542[Debug        ] ShaderProgram::AddShader() : glCompileShader() successful
2016-08-22 13:33:45:542[Info         ] ShaderProgram::CheckShaderCompileStatus(8) successful.
2016-08-22 13:33:45:542[Debug        ] ShaderProgram::AddShader() : glCompileShader() successful
2016-08-22 13:33:45:542[Info         ] ShaderInfo saved successfully.
2016-08-22 13:33:45:542[Debug        ] ShaderProgram::AddShader() : glAttachShader() successful
2016-08-22 13:33:45:542[Info         ] ShaderProgram::AddShader [8] successful.
2016-08-22 13:33:45:542[Debug        ] File [..\Data\shaders\texture.frag.shader] Opened successfully! Buffer Length:[482]
2016-08-22 13:33:45:543[Debug        ] Shader file [..\Data\shaders\texture.frag.shader] contents:
//BEGIN
#version 430 core


in  vec2 UV;
out vec4 outColor;

layout(location = 20) uniform sampler2D textureSampler;

void main()
{

	//if (color.r < .7) discard;
	outColor = vec4(texture(textureSampler, UV).rgb, 1.0);

	//if(((gl_FragCoord.x  > 600)&& (gl_FragCoord.y < 300)) || ((gl_FragCoord.y < 300)  && (gl_FragCoord.x  < 600) )) {
	//discard;
	//}
	//vec2 scrPos = vec2(gl_FragCoord) - vec2(350,150);
	//float len =  length(scrPos);
	//if(len < 50 )discard;
}


//END

2016-08-22 13:33:45:543[Debug        ]  ShaderProgram::AddShader() file with data was read in
2016-08-22 13:33:45:543[Debug        ] ShaderProgram::AddShader() : glShaderSource() successful
2016-08-22 13:33:45:543[Debug        ] ShaderProgram::AddShader() : glCompileShader() successful
2016-08-22 13:33:45:543[Info         ] ShaderProgram::CheckShaderCompileStatus(9) successful.
2016-08-22 13:33:45:543[Debug        ] ShaderProgram::AddShader() : glCompileShader() successful
2016-08-22 13:33:45:543[Info         ] ShaderInfo saved successfully.
2016-08-22 13:33:45:543[Debug        ] ShaderProgram::AddShader() : glAttachShader() successful
2016-08-22 13:33:45:543[Info         ] ShaderProgram::AddShader [9] successful.
2016-08-22 13:33:45:544[Info         ] CheckProgramStatus() successful!
2016-08-22 13:33:45:544[Info         ] CheckProgramStatus() successful!
2016-08-22 13:33:45:544[Info         ] Shader Init started
2016-08-22 13:33:45:544[Info         ] Shader Program created.
2016-08-22 13:33:45:544[Process      ] ShaderProgram::Initialize()[10] successful!
2016-08-22 13:33:45:544[Debug        ] File [..\Data\shaders\framebuffer.vert.shader] Opened successfully! Buffer Length:[305]
2016-08-22 13:33:45:544[Debug        ] Shader file [..\Data\shaders\framebuffer.vert.shader] contents:
//BEGIN
#version 430 core

layout (location = 0)  in vec3 vPosition;
layout (location = 1)  in vec2 vUV;

layout (location = 16) uniform mat4 MAT;

//out data
out vec2 UV;

//out vec4 color;

void main()
{
	vec4 vertPos = vec4(vPosition, 1.0);
	gl_Position = MAT *  vertPos;

	UV = vUV;
	
	
}
//END

2016-08-22 13:33:45:544[Debug        ]  ShaderProgram::AddShader() file with data was read in
2016-08-22 13:33:45:544[Debug        ] ShaderProgram::AddShader() : glShaderSource() successful
2016-08-22 13:33:45:544[Debug        ] ShaderProgram::AddShader() : glCompileShader() successful
2016-08-22 13:33:45:544[Info         ] ShaderProgram::CheckShaderCompileStatus(11) successful.
2016-08-22 13:33:45:544[Debug        ] ShaderProgram::AddShader() : glCompileShader() successful
2016-08-22 13:33:45:544[Info         ] ShaderInfo saved successfully.
2016-08-22 13:33:45:544[Debug        ] ShaderProgram::AddShader() : glAttachShader() successful
2016-08-22 13:33:45:545[Info         ] ShaderProgram::AddShader [11] successful.
2016-08-22 13:33:45:545[Debug        ] File [..\Data\shaders\framebuffer.frag.shader] Opened successfully! Buffer Length:[275]
2016-08-22 13:33:45:545[Debug        ] Shader file [..\Data\shaders\framebuffer.frag.shader] contents:
//BEGIN
#version 430 core


in  vec2 UV;
out vec4 outColor;

layout(location = 20) uniform sampler2D textureSampler;

void main()
{


	vec3 tempCol = texture(textureSampler, UV).rgb;

	outColor = vec4(tempCol.r / 1.5f, tempCol.g / 1.5f, tempCol.b / 1.5f, 1.0f);
}


//END

2016-08-22 13:33:45:545[Debug        ]  ShaderProgram::AddShader() file with data was read in
2016-08-22 13:33:45:545[Debug        ] ShaderProgram::AddShader() : glShaderSource() successful
2016-08-22 13:33:45:545[Debug        ] ShaderProgram::AddShader() : glCompileShader() successful
2016-08-22 13:33:45:545[Info         ] ShaderProgram::CheckShaderCompileStatus(12) successful.
2016-08-22 13:33:45:545[Debug        ] ShaderProgram::AddShader() : glCompileShader() successful
2016-08-22 13:33:45:545[Info         ] ShaderInfo saved successfully.
2016-08-22 13:33:45:545[Debug        ] ShaderProgram::AddShader() : glAttachShader() successful
2016-08-22 13:33:45:545[Info         ] ShaderProgram::AddShader [12] successful.
2016-08-22 13:33:45:546[Info         ] CheckProgramStatus() successful!
2016-08-22 13:33:45:546[Info         ] CheckProgramStatus() successful!
2016-08-22 13:33:45:546[Info         ] Shader Init started
2016-08-22 13:33:45:546[Info         ] Shader Program created.
2016-08-22 13:33:45:546[Process      ] ShaderProgram::Initialize()[13] successful!
2016-08-22 13:33:45:546[Debug        ] File [..\Data\shaders\lighting.vert.shader] Opened successfully! Buffer Length:[1145]
2016-08-22 13:33:45:546[cDebug       ] Shader file [..\Data\shaders\lighting.vert.shader] is too big to display contents.
2016-08-22 13:33:45:548[Debug        ]  ShaderProgram::AddShader() file with data was read in
2016-08-22 13:33:45:548[Debug        ] ShaderProgram::AddShader() : glShaderSource() successful
2016-08-22 13:33:45:548[Debug        ] ShaderProgram::AddShader() : glCompileShader() successful
2016-08-22 13:33:45:548[Info         ] ShaderProgram::CheckShaderCompileStatus(14) successful.
2016-08-22 13:33:45:548[Debug        ] ShaderProgram::AddShader() : glCompileShader() successful
2016-08-22 13:33:45:548[Info         ] ShaderInfo saved successfully.
2016-08-22 13:33:45:548[Debug        ] ShaderProgram::AddShader() : glAttachShader() successful
2016-08-22 13:33:45:548[Info         ] ShaderProgram::AddShader [14] successful.
2016-08-22 13:33:45:548[Debug        ] File [..\Data\shaders\lighting.frag.shader] Opened successfully! Buffer Length:[1743]
2016-08-22 13:33:45:548[cDebug       ] Shader file [..\Data\shaders\lighting.frag.shader] is too big to display contents.
2016-08-22 13:33:45:550[Debug        ]  ShaderProgram::AddShader() file with data was read in
2016-08-22 13:33:45:550[Debug        ] ShaderProgram::AddShader() : glShaderSource() successful
2016-08-22 13:33:45:551[Debug        ] ShaderProgram::AddShader() : glCompileShader() successful
2016-08-22 13:33:45:551[Info         ] ShaderProgram::CheckShaderCompileStatus(15) successful.
2016-08-22 13:33:45:551[Debug        ] ShaderProgram::AddShader() : glCompileShader() successful
2016-08-22 13:33:45:551[Info         ] ShaderInfo saved successfully.
2016-08-22 13:33:45:551[Debug        ] ShaderProgram::AddShader() : glAttachShader() successful
2016-08-22 13:33:45:551[Info         ] ShaderProgram::AddShader [15] successful.
2016-08-22 13:33:45:554[Info         ] CheckProgramStatus() successful!
2016-08-22 13:33:45:554[Info         ] CheckProgramStatus() successful!
2016-08-22 13:33:45:554[Info         ] Shader Init started
2016-08-22 13:33:45:554[Info         ] Shader Program created.
2016-08-22 13:33:45:554[Process      ] ShaderProgram::Initialize()[16] successful!
2016-08-22 13:33:45:554[Debug        ] File [..\Data\shaders\texlighting.vert.shader] Opened successfully! Buffer Length:[1110]
2016-08-22 13:33:45:554[cDebug       ] Shader file [..\Data\shaders\texlighting.vert.shader] is too big to display contents.
2016-08-22 13:33:45:556[Debug        ]  ShaderProgram::AddShader() file with data was read in
2016-08-22 13:33:45:556[Debug        ] ShaderProgram::AddShader() : glShaderSource() successful
2016-08-22 13:33:45:556[Debug        ] ShaderProgram::AddShader() : glCompileShader() successful
2016-08-22 13:33:45:556[Info         ] ShaderProgram::CheckShaderCompileStatus(17) successful.
2016-08-22 13:33:45:556[Debug        ] ShaderProgram::AddShader() : glCompileShader() successful
2016-08-22 13:33:45:556[Info         ] ShaderInfo saved successfully.
2016-08-22 13:33:45:556[Debug        ] ShaderProgram::AddShader() : glAttachShader() successful
2016-08-22 13:33:45:556[Info         ] ShaderProgram::AddShader [17] successful.
2016-08-22 13:33:45:557[Debug        ] File [..\Data\shaders\texlighting.frag.shader] Opened successfully! Buffer Length:[1717]
2016-08-22 13:33:45:557[cDebug       ] Shader file [..\Data\shaders\texlighting.frag.shader] is too big to display contents.
2016-08-22 13:33:45:558[Debug        ]  ShaderProgram::AddShader() file with data was read in
2016-08-22 13:33:45:558[Debug        ] ShaderProgram::AddShader() : glShaderSource() successful
2016-08-22 13:33:45:558[Debug        ] ShaderProgram::AddShader() : glCompileShader() successful
2016-08-22 13:33:45:558[Info         ] ShaderProgram::CheckShaderCompileStatus(18) successful.
2016-08-22 13:33:45:558[Debug        ] ShaderProgram::AddShader() : glCompileShader() successful
2016-08-22 13:33:45:558[Info         ] ShaderInfo saved successfully.
2016-08-22 13:33:45:558[Debug        ] ShaderProgram::AddShader() : glAttachShader() successful
2016-08-22 13:33:45:558[Info         ] ShaderProgram::AddShader [18] successful.
2016-08-22 13:33:45:561[Info         ] CheckProgramStatus() successful!
2016-08-22 13:33:45:561[Info         ] CheckProgramStatus() successful!
2016-08-22 13:33:45:561[Info         ] Shader Init started
2016-08-22 13:33:45:561[Info         ] Shader Program created.
2016-08-22 13:33:45:561[Process      ] ShaderProgram::Initialize()[19] successful!
2016-08-22 13:33:45:561[Debug        ] File [..\Data\shaders\water.vert.shader] Opened successfully! Buffer Length:[1400]
2016-08-22 13:33:45:561[cDebug       ] Shader file [..\Data\shaders\water.vert.shader] is too big to display contents.
2016-08-22 13:33:45:563[Debug        ]  ShaderProgram::AddShader() file with data was read in
2016-08-22 13:33:45:563[Debug        ] ShaderProgram::AddShader() : glShaderSource() successful
2016-08-22 13:33:45:563[Debug        ] ShaderProgram::AddShader() : glCompileShader() successful
2016-08-22 13:33:45:563[Info         ] ShaderProgram::CheckShaderCompileStatus(20) successful.
2016-08-22 13:33:45:563[Debug        ] ShaderProgram::AddShader() : glCompileShader() successful
2016-08-22 13:33:45:563[Info         ] ShaderInfo saved successfully.
2016-08-22 13:33:45:563[Debug        ] ShaderProgram::AddShader() : glAttachShader() successful
2016-08-22 13:33:45:563[Info         ] ShaderProgram::AddShader [20] successful.
2016-08-22 13:33:45:563[Debug        ] File [..\Data\shaders\water.frag.shader] Opened successfully! Buffer Length:[2455]
2016-08-22 13:33:45:563[cDebug       ] Shader file [..\Data\shaders\water.frag.shader] is too big to display contents.
2016-08-22 13:33:45:566[Debug        ]  ShaderProgram::AddShader() file with data was read in
2016-08-22 13:33:45:566[Debug        ] ShaderProgram::AddShader() : glShaderSource() successful
2016-08-22 13:33:45:567[Debug        ] ShaderProgram::AddShader() : glCompileShader() successful
2016-08-22 13:33:45:567[Info         ] ShaderProgram::CheckShaderCompileStatus(21) successful.
2016-08-22 13:33:45:567[Debug        ] ShaderProgram::AddShader() : glCompileShader() successful
2016-08-22 13:33:45:567[Info         ] ShaderInfo saved successfully.
2016-08-22 13:33:45:567[Debug        ] ShaderProgram::AddShader() : glAttachShader() successful
2016-08-22 13:33:45:567[Info         ] ShaderProgram::AddShader [21] successful.
2016-08-22 13:33:45:569[Info         ] CheckProgramStatus() successful!
2016-08-22 13:33:45:569[Info         ] CheckProgramStatus() successful!
2016-08-22 13:33:45:569[Info         ] GetAttribLocation [vPosition] successful.
2016-08-22 13:33:45:569[Info         ] GetUniformLocation [colorin] successful.
2016-08-22 13:33:45:569[Info         ] GetUniformLocation [MAT] successful.
2016-08-22 13:33:45:569[cProcess     ] RenderEngine::Initialize() successful.
2016-08-22 13:33:45:570[cInfo        ] 
-----------------------------------------------------------------------
 BufferInfo::CreateBuffers()[0] Created buffers:| VERTEX [1] with [80] bytes. || INDEX [2] with [24] bytes |
-----------------------------------------------------------------------

2016-08-22 13:33:45:576[cInfo        ] --------BufferInfo::AddMesh() Added mesh successfully-------
2016-08-22 13:33:45:577[cInfo        ] 
2016-08-22 13:33:45:578[cInfo        ] --------------------| START BUFFER MESH INFO |-------------------------------------
2016-08-22 13:33:45:579[cInfo        ] BufferInfo::AddMesh(): NUM VERTS-----------------[4]
2016-08-22 13:33:45:583[cInfo        ] BufferInfo::AddMesh(): NUM INDICES---------------[6]
2016-08-22 13:33:45:584[cInfo        ] BufferInfo::AddMesh(): VERT OFFSET---------------[0]
2016-08-22 13:33:45:585[cInfo        ] BufferInfo::AddMesh(): INDICES OFFSET (BYTES)----[0]
2016-08-22 13:33:45:587[cInfo        ] --------------------|  END BUFFER MESH INFO  |--------------------------------------
2016-08-22 13:33:45:588[cInfo        ] 

2016-08-22 13:33:45:588[cInfo        ] 
-----------------------------------------------------------------------
 BufferInfo::CreateBuffers()[0] Created buffers:| VERTEX [3] with [96] bytes. || INDEX [4] with [48] bytes |
-----------------------------------------------------------------------

2016-08-22 13:33:45:593[cInfo        ] --------BufferInfo::AddMesh() Added mesh successfully-------
2016-08-22 13:33:45:594[cInfo        ] 
2016-08-22 13:33:45:594[cInfo        ] --------------------| START BUFFER MESH INFO |-------------------------------------
2016-08-22 13:33:45:597[cInfo        ] BufferInfo::AddMesh(): NUM VERTS-----------------[8]
2016-08-22 13:33:45:598[cInfo        ] BufferInfo::AddMesh(): NUM INDICES---------------[24]
2016-08-22 13:33:45:599[cInfo        ] BufferInfo::AddMesh(): VERT OFFSET---------------[0]
2016-08-22 13:33:45:599[cInfo        ] BufferInfo::AddMesh(): INDICES OFFSET (BYTES)----[0]
2016-08-22 13:33:45:600[cInfo        ] --------------------|  END BUFFER MESH INFO  |--------------------------------------
2016-08-22 13:33:45:601[cInfo        ] 

2016-08-22 13:33:45:602[cInfo        ] 
-----------------------------------------------------------------------
 BufferInfo::CreateBuffers()[0] Created buffers:| VERTEX [5] with [864] bytes. || INDEX [6] with [0] bytes |
-----------------------------------------------------------------------

2016-08-22 13:33:45:605[cInfo        ] --------BufferInfo::AddMesh() Added mesh successfully-------
2016-08-22 13:33:45:606[cInfo        ] 
2016-08-22 13:33:45:606[cInfo        ] --------------------| START BUFFER MESH INFO |-------------------------------------
2016-08-22 13:33:45:608[cInfo        ] BufferInfo::AddMesh(): NUM VERTS-----------------[36]
2016-08-22 13:33:45:609[cInfo        ] BufferInfo::AddMesh(): NUM INDICES---------------[0]
2016-08-22 13:33:45:609[cInfo        ] BufferInfo::AddMesh(): VERT OFFSET---------------[0]
2016-08-22 13:33:45:610[cInfo        ] BufferInfo::AddMesh(): INDICES OFFSET (BYTES)----[0]
2016-08-22 13:33:45:611[cInfo        ] --------------------|  END BUFFER MESH INFO  |--------------------------------------
2016-08-22 13:33:45:612[cInfo        ] 

2016-08-22 13:33:45:613[cInfo        ] 
-----------------------------------------------------------------------
 BufferInfo::CreateBuffers()[0] Created buffers:| VERTEX [7] with [144] bytes. || INDEX [8] with [0] bytes |
-----------------------------------------------------------------------

2016-08-22 13:33:45:616[cInfo        ] --------BufferInfo::AddMesh() Added mesh successfully-------
2016-08-22 13:33:45:617[cInfo        ] 
2016-08-22 13:33:45:620[cInfo        ] --------------------| START BUFFER MESH INFO |-------------------------------------
2016-08-22 13:33:45:621[cInfo        ] BufferInfo::AddMesh(): NUM VERTS-----------------[6]
2016-08-22 13:33:45:622[cInfo        ] BufferInfo::AddMesh(): NUM INDICES---------------[0]
2016-08-22 13:33:45:623[cInfo        ] BufferInfo::AddMesh(): VERT OFFSET---------------[0]
2016-08-22 13:33:45:624[cInfo        ] BufferInfo::AddMesh(): INDICES OFFSET (BYTES)----[0]
2016-08-22 13:33:45:625[cInfo        ] --------------------|  END BUFFER MESH INFO  |--------------------------------------
2016-08-22 13:33:45:627[cInfo        ] 

2016-08-22 13:33:45:628[Process      ] BufferInfo::Initialize() successful.
2016-08-22 13:33:45:628[cInfo        ] 
-----------------------------------------------------------------------
 BufferInfo::CreateBuffers()[0] Created buffers:| VERTEX [9] with [1000000] bytes. || INDEX [10] with [1000000] bytes |
-----------------------------------------------------------------------

2016-08-22 13:33:45:632[cInfo        ] --------BufferInfo::AddMesh() Added mesh successfully-------
2016-08-22 13:33:45:633[cInfo        ] 
2016-08-22 13:33:45:633[cInfo        ] --------------------| START BUFFER MESH INFO |-------------------------------------
2016-08-22 13:33:45:634[cInfo        ] BufferInfo::AddMesh(): NUM VERTS-----------------[24]
2016-08-22 13:33:45:635[cInfo        ] BufferInfo::AddMesh(): NUM INDICES---------------[36]
2016-08-22 13:33:45:636[cInfo        ] BufferInfo::AddMesh(): VERT OFFSET---------------[0]
2016-08-22 13:33:45:637[cInfo        ] BufferInfo::AddMesh(): INDICES OFFSET (BYTES)----[0]
2016-08-22 13:33:45:638[cInfo        ] --------------------|  END BUFFER MESH INFO  |--------------------------------------
2016-08-22 13:33:45:640[cInfo        ] 

2016-08-22 13:33:45:642[Process      ] BufferInfo::Initialize() successful.
2016-08-22 13:33:45:643[cInfo        ] 
-----------------------------------------------------------------------
 BufferInfo::CreateBuffers()[1] Created buffers:| VERTEX [11] with [1000000] bytes. || INDEX [12] with [1000000] bytes |
-----------------------------------------------------------------------

2016-08-22 13:33:45:646[cInfo        ] --------BufferInfo::AddMesh() Added mesh successfully-------
2016-08-22 13:33:45:647[cInfo        ] 
2016-08-22 13:33:45:647[cInfo        ] --------------------| START BUFFER MESH INFO |-------------------------------------
2016-08-22 13:33:45:649[cInfo        ] BufferInfo::AddMesh(): NUM VERTS-----------------[1536]
2016-08-22 13:33:45:650[cInfo        ] BufferInfo::AddMesh(): NUM INDICES---------------[3072]
2016-08-22 13:33:45:651[cInfo        ] BufferInfo::AddMesh(): VERT OFFSET---------------[0]
2016-08-22 13:33:45:652[cInfo        ] BufferInfo::AddMesh(): INDICES OFFSET (BYTES)----[0]
2016-08-22 13:33:45:653[cInfo        ] --------------------|  END BUFFER MESH INFO  |--------------------------------------
2016-08-22 13:33:45:654[cInfo        ] 

2016-08-22 13:33:45:655[cInfo        ] 
-----------------------------------------------------------------------
 BufferInfo::CreateBuffers()[0] Created buffers:| VERTEX [13] with [3936] bytes. || INDEX [14] with [0] bytes |
-----------------------------------------------------------------------

2016-08-22 13:33:45:658[cInfo        ] --------BufferInfo::AddMesh() Added mesh successfully-------
2016-08-22 13:33:45:659[cInfo        ] 
2016-08-22 13:33:45:659[cInfo        ] --------------------| START BUFFER MESH INFO |-------------------------------------
2016-08-22 13:33:45:660[cInfo        ] BufferInfo::AddMesh(): NUM VERTS-----------------[164]
2016-08-22 13:33:45:661[cInfo        ] BufferInfo::AddMesh(): NUM INDICES---------------[0]
2016-08-22 13:33:45:662[cInfo        ] BufferInfo::AddMesh(): VERT OFFSET---------------[0]
2016-08-22 13:33:45:663[cInfo        ] BufferInfo::AddMesh(): INDICES OFFSET (BYTES)----[0]
2016-08-22 13:33:45:664[cInfo        ] --------------------|  END BUFFER MESH INFO  |--------------------------------------
2016-08-22 13:33:45:665[cInfo        ] 

2016-08-22 13:33:45:665[cProcess     ] ShapeGenerator initialized successfully.
2016-08-22 13:33:45:666[cProcess     ] Camera::Initialize() successful.
2016-08-22 13:33:45:666[cProcess     ] Keyboard::Initialize() successful
2016-08-22 13:33:45:669[cProcess     ] Keyboard::Initialize() successful
2016-08-22 13:33:45:682[cInfo        ] 
-----------------------------------------------------------------------
 BufferInfo::CreateBuffers()[0] Created buffers:| VERTEX [15] with [10810368] bytes. || INDEX [16] with [0] bytes |
-----------------------------------------------------------------------

2016-08-22 13:33:45:713[cInfo        ] --------BufferInfo::AddMesh() Added mesh successfully-------
2016-08-22 13:33:45:714[cInfo        ] 
2016-08-22 13:33:45:715[cInfo        ] --------------------| START BUFFER MESH INFO |-------------------------------------
2016-08-22 13:33:45:718[cInfo        ] BufferInfo::AddMesh(): NUM VERTS-----------------[337824]
2016-08-22 13:33:45:720[cInfo        ] BufferInfo::AddMesh(): NUM INDICES---------------[0]
2016-08-22 13:33:45:721[cInfo        ] BufferInfo::AddMesh(): VERT OFFSET---------------[0]
2016-08-22 13:33:45:722[cInfo        ] BufferInfo::AddMesh(): INDICES OFFSET (BYTES)----[0]
2016-08-22 13:33:45:724[cInfo        ] --------------------|  END BUFFER MESH INFO  |--------------------------------------
2016-08-22 13:33:45:726[cInfo        ] 

2016-08-22 13:33:45:766[Info         ] ShapeGenerator::ReadSceneFile(): Added new scene [..\Data\Scenes\Dargon.ptn.scene] successfully.
2016-08-22 13:33:45:766[cInfo        ] EntityManager::BuildPlayerEntity(): Built [Dargon] successfully
2016-08-22 13:33:45:771[Process      ] BufferInfo::Initialize() successful.
2016-08-22 13:33:45:778[cInfo        ] 
-----------------------------------------------------------------------
 BufferInfo::CreateBuffers()[2] Created buffers:| VERTEX [17] with [1000000] bytes. || INDEX [18] with [1000000] bytes |
-----------------------------------------------------------------------

2016-08-22 13:33:45:785[cInfo        ] --------BufferInfo::AddMesh() Added mesh successfully-------
2016-08-22 13:33:45:786[cInfo        ] 
2016-08-22 13:33:45:787[cInfo        ] --------------------| START BUFFER MESH INFO |-------------------------------------
2016-08-22 13:33:45:789[cInfo        ] BufferInfo::AddMesh(): NUM VERTS-----------------[36]
2016-08-22 13:33:45:789[cInfo        ] BufferInfo::AddMesh(): NUM INDICES---------------[0]
2016-08-22 13:33:45:791[cInfo        ] BufferInfo::AddMesh(): VERT OFFSET---------------[0]
2016-08-22 13:33:45:791[cInfo        ] BufferInfo::AddMesh(): INDICES OFFSET (BYTES)----[0]
2016-08-22 13:33:45:792[cInfo        ] --------------------|  END BUFFER MESH INFO  |--------------------------------------
2016-08-22 13:33:45:793[cInfo        ] 

2016-08-22 13:33:45:794[Info         ] ShapeGenerator::ReadSceneFile(): Added new scene [..\Data\Scenes\Cube.pn.scene] successfully.
2016-08-22 13:33:45:794[Process      ] BufferInfo::Initialize() successful.
2016-08-22 13:33:45:794[cInfo        ] 
-----------------------------------------------------------------------
 BufferInfo::CreateBuffers()[3] Created buffers:| VERTEX [19] with [1000000] bytes. || INDEX [20] with [1000000] bytes |
-----------------------------------------------------------------------

2016-08-22 13:33:45:800[cInfo        ] --------BufferInfo::AddMesh() Added mesh successfully-------
2016-08-22 13:33:45:800[cInfo        ] 
2016-08-22 13:33:45:801[cInfo        ] --------------------| START BUFFER MESH INFO |-------------------------------------
2016-08-22 13:33:45:802[cInfo        ] BufferInfo::AddMesh(): NUM VERTS-----------------[8718]
2016-08-22 13:33:45:803[cInfo        ] BufferInfo::AddMesh(): NUM INDICES---------------[0]
2016-08-22 13:33:45:803[cInfo        ] BufferInfo::AddMesh(): VERT OFFSET---------------[0]
2016-08-22 13:33:45:804[cInfo        ] BufferInfo::AddMesh(): INDICES OFFSET (BYTES)----[0]
2016-08-22 13:33:45:805[cInfo        ] --------------------|  END BUFFER MESH INFO  |--------------------------------------
2016-08-22 13:33:45:806[cInfo        ] 

2016-08-22 13:33:45:809[Info         ] ShapeGenerator::ReadSceneFile(): Added new scene [..\Data\Scenes\AIWorld.ptn.scene] successfully.
2016-08-22 13:33:45:810[cInfo        ] --------BufferInfo::AddMesh() Added mesh successfully-------
2016-08-22 13:33:45:811[cInfo        ] 
2016-08-22 13:33:45:811[cInfo        ] --------------------| START BUFFER MESH INFO |-------------------------------------
2016-08-22 13:33:45:812[cInfo        ] BufferInfo::AddMesh(): NUM VERTS-----------------[18]
2016-08-22 13:33:45:813[cInfo        ] BufferInfo::AddMesh(): NUM INDICES---------------[0]
2016-08-22 13:33:45:813[cInfo        ] BufferInfo::AddMesh(): VERT OFFSET---------------[36]
2016-08-22 13:33:45:814[cInfo        ] BufferInfo::AddMesh(): INDICES OFFSET (BYTES)----[0]
2016-08-22 13:33:45:815[cInfo        ] --------------------|  END BUFFER MESH INFO  |--------------------------------------
2016-08-22 13:33:45:816[cInfo        ] 

2016-08-22 13:33:45:817[Info         ] ShapeGenerator::ReadSceneFile(): Added new scene [..\Data\Scenes\Pyramid.pn.scene] successfully.
2016-08-22 13:33:45:825[cInfo        ] 
-----------------------------------------------------------------------
 BufferInfo::CreateBuffers()[0] Created buffers:| VERTEX [21] with [5529600] bytes. || INDEX [22] with [0] bytes |
-----------------------------------------------------------------------

2016-08-22 13:33:45:838[cInfo        ] --------BufferInfo::AddMesh() Added mesh successfully-------
2016-08-22 13:33:45:839[cInfo        ] 
2016-08-22 13:33:45:840[cInfo        ] --------------------| START BUFFER MESH INFO |-------------------------------------
2016-08-22 13:33:45:842[cInfo        ] BufferInfo::AddMesh(): NUM VERTS-----------------[172800]
2016-08-22 13:33:45:843[cInfo        ] BufferInfo::AddMesh(): NUM INDICES---------------[0]
2016-08-22 13:33:45:845[cInfo        ] BufferInfo::AddMesh(): VERT OFFSET---------------[0]
2016-08-22 13:33:45:846[cInfo        ] BufferInfo::AddMesh(): INDICES OFFSET (BYTES)----[0]
2016-08-22 13:33:45:847[cInfo        ] --------------------|  END BUFFER MESH INFO  |--------------------------------------
2016-08-22 13:33:45:850[cInfo        ] 

2016-08-22 13:33:45:851[Info         ] ShapeGenerator::ReadSceneFile(): Added new scene [..\Data\Scenes\WaterPlane.ptn.scene] successfully.
2016-08-22 13:33:45:852[cProcess     ] Camera::Initialize() successful.
2016-08-22 13:33:45:853[cInfo        ] --------BufferInfo::AddMesh() Added mesh successfully-------
2016-08-22 13:33:45:855[cInfo        ] 
2016-08-22 13:33:45:855[cInfo        ] --------------------| START BUFFER MESH INFO |-------------------------------------
2016-08-22 13:33:45:857[cInfo        ] BufferInfo::AddMesh(): NUM VERTS-----------------[3180]
2016-08-22 13:33:45:857[cInfo        ] BufferInfo::AddMesh(): NUM INDICES---------------[0]
2016-08-22 13:33:45:858[cInfo        ] BufferInfo::AddMesh(): VERT OFFSET---------------[36]
2016-08-22 13:33:45:859[cInfo        ] BufferInfo::AddMesh(): INDICES OFFSET (BYTES)----[0]
2016-08-22 13:33:45:860[cInfo        ] --------------------|  END BUFFER MESH INFO  |--------------------------------------
2016-08-22 13:33:45:861[cInfo        ] 

2016-08-22 13:33:45:862[Info         ] ShapeGenerator::ReadSceneFile(): Added new scene [..\Data\Scenes\Cat.pn.scene] successfully.
2016-08-22 13:33:45:862[cInfo        ] --------BufferInfo::AddMesh() Added mesh successfully-------
2016-08-22 13:33:45:863[cInfo        ] 
2016-08-22 13:33:45:863[cInfo        ] --------------------| START BUFFER MESH INFO |-------------------------------------
2016-08-22 13:33:45:866[cInfo        ] BufferInfo::AddMesh(): NUM VERTS-----------------[6]
2016-08-22 13:33:45:867[cInfo        ] BufferInfo::AddMesh(): NUM INDICES---------------[0]
2016-08-22 13:33:45:868[cInfo        ] BufferInfo::AddMesh(): VERT OFFSET---------------[54]
2016-08-22 13:33:45:869[cInfo        ] BufferInfo::AddMesh(): INDICES OFFSET (BYTES)----[0]
2016-08-22 13:33:45:870[cInfo        ] --------------------|  END BUFFER MESH INFO  |--------------------------------------
2016-08-22 13:33:45:871[cInfo        ] 

2016-08-22 13:33:45:871[cProcess     ] BodaciousQuest::Initialize() successful.
2016-08-22 13:33:45:872[Process      ] GameTime::Initialize() ok

2016-08-22 13:33:45:872[cProcess     ] MyWindow::Initialize() successful!
2016-08-22 13:33:55:270[cProcess     ] BufferManager::Shutdown() successful.
2016-08-22 13:33:55:271[cProcess     ] RenderEngine::Shutdown() successful.
2016-08-22 13:33:55:272[cProcess     ] Camera::Shutdown() successful.
2016-08-22 13:33:55:273[Info         ] Shader  [2] deleting...
2016-08-22 13:33:55:273[Info         ] Shader  [2] deleted successfully.
2016-08-22 13:33:55:273[Info         ] Shader  [3] deleting...
2016-08-22 13:33:55:273[Info         ] Shader  [3] deleted successfully.
2016-08-22 13:33:55:273[Info         ] All shaders deleted successfully.
2016-08-22 13:33:55:273[cInfo        ] Program [1] deleted successfully.
2016-08-22 13:33:55:274[Process      ] ShaderProgram[1]::Shutdown successful!
2016-08-22 13:33:55:274[Info         ] Shader  [5] deleting...
2016-08-22 13:33:55:274[Info         ] Shader  [5] deleted successfully.
2016-08-22 13:33:55:274[Info         ] Shader  [6] deleting...
2016-08-22 13:33:55:274[Info         ] Shader  [6] deleted successfully.
2016-08-22 13:33:55:274[Info         ] All shaders deleted successfully.
2016-08-22 13:33:55:274[cInfo        ] Program [4] deleted successfully.
2016-08-22 13:33:55:275[Process      ] ShaderProgram[4]::Shutdown successful!
2016-08-22 13:33:55:275[Info         ] Shader  [8] deleting...
2016-08-22 13:33:55:275[Info         ] Shader  [8] deleted successfully.
2016-08-22 13:33:55:275[Info         ] Shader  [9] deleting...
2016-08-22 13:33:55:275[Info         ] Shader  [9] deleted successfully.
2016-08-22 13:33:55:275[Info         ] All shaders deleted successfully.
2016-08-22 13:33:55:275[cInfo        ] Program [7] deleted successfully.
2016-08-22 13:33:55:276[Process      ] ShaderProgram[7]::Shutdown successful!
2016-08-22 13:33:55:276[Info         ] Shader  [11] deleting...
2016-08-22 13:33:55:276[Info         ] Shader  [11] deleted successfully.
2016-08-22 13:33:55:276[Info         ] Shader  [12] deleting...
2016-08-22 13:33:55:276[Info         ] Shader  [12] deleted successfully.
2016-08-22 13:33:55:276[Info         ] All shaders deleted successfully.
2016-08-22 13:33:55:276[cInfo        ] Program [10] deleted successfully.
2016-08-22 13:33:55:276[Process      ] ShaderProgram[10]::Shutdown successful!
2016-08-22 13:33:55:277[Info         ] Shader  [14] deleting...
2016-08-22 13:33:55:277[Info         ] Shader  [14] deleted successfully.
2016-08-22 13:33:55:277[Info         ] Shader  [15] deleting...
2016-08-22 13:33:55:277[Info         ] Shader  [15] deleted successfully.
2016-08-22 13:33:55:277[Info         ] All shaders deleted successfully.
2016-08-22 13:33:55:277[cInfo        ] Program [13] deleted successfully.
2016-08-22 13:33:55:277[Process      ] ShaderProgram[13]::Shutdown successful!
2016-08-22 13:33:55:278[Info         ] Shader  [17] deleting...
2016-08-22 13:33:55:278[Info         ] Shader  [17] deleted successfully.
2016-08-22 13:33:55:278[Info         ] Shader  [18] deleting...
2016-08-22 13:33:55:278[Info         ] Shader  [18] deleted successfully.
2016-08-22 13:33:55:278[Info         ] All shaders deleted successfully.
2016-08-22 13:33:55:278[cInfo        ] Program [16] deleted successfully.
2016-08-22 13:33:55:278[Process      ] ShaderProgram[16]::Shutdown successful!
2016-08-22 13:33:55:278[Info         ] Shader  [20] deleting...
2016-08-22 13:33:55:279[Info         ] Shader  [20] deleted successfully.
2016-08-22 13:33:55:279[Info         ] Shader  [21] deleting...
2016-08-22 13:33:55:279[Info         ] Shader  [21] deleted successfully.
2016-08-22 13:33:55:279[Info         ] All shaders deleted successfully.
2016-08-22 13:33:55:279[cInfo        ] Program [19] deleted successfully.
2016-08-22 13:33:55:279[Process      ] ShaderProgram[19]::Shutdown successful!
2016-08-22 13:33:55:279[cProcess     ] MyWindow::Shutdown() successful!
2016-08-22 13:33:55:280[cProcess     ] BodaciousQuest::Shutdown() successful.
2016-08-22 13:33:55:292[Process      ] ConfigReader shut down successfully
2016-08-22 13:33:55:292[Process      ] GameLogger::ShutDown() successful
