2016-08-21 14:06:23:889[Process      ] GameLogger::Initialize() opened log file [..\Data\LogFiles\2016-08-21 14-06-23.BodaciousQuest.log] for writing
2016-08-21 14:06:23:889[Info         ] GameLogger::Initialize() successful
2016-08-21 14:06:23:889[Process      ] ConfigReader opened [..\Data\BodaciousQuest.config] successfully
2016-08-21 14:06:23:889[Info         ] ConfigReader initialized successfully
2016-08-21 14:06:23:889[Info         ] Valid KVP [BodaciousQuest.ShowFullScreen] [false] added
2016-08-21 14:06:23:889[Info         ] Valid KVP [BodaciousQuest.FpsInterval] [5.0] added
2016-08-21 14:06:23:890[Info         ] Valid KVP [BodaciousQuest.EnableControls] [true] added
2016-08-21 14:06:23:890[Info         ] Valid KVP [BodaciousQuest.LoadCubeFirst] [true] added
2016-08-21 14:06:23:890[Info         ] Valid KVP [BodaciousQuest.CameraWalkMode] [false] added
2016-08-21 14:06:23:890[Info         ] Valid KVP [BodaciousQuest.GridSize] [40] added
2016-08-21 14:06:23:890[Info         ] Valid KVP [BodaciousQuest.LightingTest.Ambient.Color] [1.0  1.0  1.0] added
2016-08-21 14:06:23:890[Info         ] Valid KVP [BodaciousQuest.LightingTest.Diffuse.Color] [1.0  1.0  1.0] added
2016-08-21 14:06:23:890[Info         ] Valid KVP [BodaciousQuest.LightingTest.Specular.Color] [0.0  0.0  0.0] added
2016-08-21 14:06:23:890[Info         ] Valid KVP [BodaciousQuest.LightingTest.Ambient.Reflectivity] [0.01] added
2016-08-21 14:06:23:890[Info         ] Valid KVP [BodaciousQuest.LightingTest.Diffuse.Reflectivity] [0.8] added
2016-08-21 14:06:23:890[Info         ] Valid KVP [BodaciousQuest.LightingTest.Specular.Reflectivity] [0.5] added
2016-08-21 14:06:23:890[Info         ] Valid KVP [BodaciousQuest.LightingTest.Specular.Shininess] [1.0] added
2016-08-21 14:06:23:890[Info         ] Valid KVP [BodaciousQuest.LightingTest.Falloff.A] [1.0] added
2016-08-21 14:06:23:890[Info         ] Valid KVP [BodaciousQuest.LightingTest.Falloff.B] [0.01] added
2016-08-21 14:06:23:890[Info         ] Valid KVP [BodaciousQuest.LightingTest.Falloff.C] [0.0001] added
2016-08-21 14:06:23:890[Info         ] Valid KVP [BodaciousQuest.LightingTest.Directional] [false] added
2016-08-21 14:06:23:890[Info         ] Valid KVP [BodaciousQuest.LightingTest.Direction] [-1.0 0.0 1.0] added
2016-08-21 14:06:23:890[Info         ] Valid KVP [BodaciousQuest.LightingTest.Light.Position] [-0.875458 3.673020 1.043331] added
2016-08-21 14:06:23:890[Info         ] Valid KVP [BodaciousQuest.LightingTest.Dargon.Color] [1.0 1.0 0.4] added
2016-08-21 14:06:23:890[Info         ] Valid KVP [ObjConverter.Mode.VertexType] [pn] added
2016-08-21 14:06:23:890[Info         ] Valid KVP [ObjConverter.Mode.Analyze] [false] added
2016-08-21 14:06:23:890[Info         ] Valid KVP [ObjConverter.Model] [Dargon] added
2016-08-21 14:06:23:890[Info         ] Valid KVP [ObjConverter.Shader] [4] added
2016-08-21 14:06:23:890[Info         ] Valid KVP [ObjConverter.Color] [random] added
2016-08-21 14:06:23:890[Info         ] Valid KVP [ObjConverter.Obj.InputFileFolder] [..\\Data\\Objs\\] added
2016-08-21 14:06:23:890[Info         ] Valid KVP [ObjConverter.Scene.OutputFileFolder] [..\\Data\\Scenes\\] added
2016-08-21 14:06:23:890[Info         ] Valid KVP [ObjConverter.Model.Dargon.NumVerts] [57967] added
2016-08-21 14:06:23:890[Info         ] Valid KVP [ObjConverter.Model.Dargon.NumIndices] [337824] added
2016-08-21 14:06:23:890[Info         ] Valid KVP [ObjConverter.Model.Dargon.NumTexCoords] [60175] added
2016-08-21 14:06:23:890[Info         ] Valid KVP [ObjConverter.Model.Dargon.NumNormals] [337824] added
2016-08-21 14:06:23:890[Info         ] Valid KVP [ObjConverter.Model.Swamp.NumVerts] [2735] added
2016-08-21 14:06:23:890[Info         ] Valid KVP [ObjConverter.Model.Swamp.NumIndices] [8556] added
2016-08-21 14:06:23:890[Info         ] Valid KVP [ObjConverter.Model.Swamp.NumTexCoords] [3622] added
2016-08-21 14:06:23:890[Info         ] Valid KVP [ObjConverter.Model.Swamp.NumNormals] [5156] added
2016-08-21 14:06:23:890[Info         ] Valid KVP [ObjConverter.Model.Pyramid.NumVerts] [5] added
2016-08-21 14:06:23:890[Info         ] Valid KVP [ObjConverter.Model.Pyramid.NumIndices] [18] added
2016-08-21 14:06:23:890[Info         ] Valid KVP [ObjConverter.Model.Pyramid.NumTexCoords] [10] added
2016-08-21 14:06:23:890[Info         ] Valid KVP [ObjConverter.Model.Pyramid.NumNormals] [16] added
2016-08-21 14:06:23:890[Info         ] Valid KVP [ObjConverter.Model.AIWorld.NumVerts] [1957] added
2016-08-21 14:06:23:890[Info         ] Valid KVP [ObjConverter.Model.AIWorld.NumIndices] [8718] added
2016-08-21 14:06:23:890[Info         ] Valid KVP [ObjConverter.Model.AIWorld.NumTexCoords] [4186] added
2016-08-21 14:06:23:890[Info         ] Valid KVP [ObjConverter.Model.AIWorld.NumNormals] [5418] added
2016-08-21 14:06:23:890[Info         ] Valid KVP [ObjConverter.Model.GameWeapon.NumVerts] [2068] added
2016-08-21 14:06:23:890[Info         ] Valid KVP [ObjConverter.Model.GameWeapon.NumIndices] [9894] added
2016-08-21 14:06:23:890[Info         ] Valid KVP [ObjConverter.Model.GameWeapon.NumTexCoords] [0] added
2016-08-21 14:06:23:890[Info         ] Valid KVP [ObjConverter.Model.GameWeapon.NumNormals] [0] added
2016-08-21 14:06:23:890[Info         ] Valid KVP [ObjConverter.Model.Chicken.NumVerts] [224] added
2016-08-21 14:06:23:890[Info         ] Valid KVP [ObjConverter.Model.Chicken.NumIndices] [1374] added
2016-08-21 14:06:23:890[Info         ] Valid KVP [ObjConverter.Model.Chicken.NumTexCoords] [472] added
2016-08-21 14:06:23:890[Info         ] Valid KVP [ObjConverter.Model.Chicken.NumNormals] [565] added
2016-08-21 14:06:23:890[Info         ] Valid KVP [ObjConverter.Model.WaterPlane.NumVerts] [29282] added
2016-08-21 14:06:23:891[Info         ] Valid KVP [ObjConverter.Model.WaterPlane.NumIndices] [172800] added
2016-08-21 14:06:23:891[Info         ] Valid KVP [ObjConverter.Model.WaterPlane.NumTexCoords] [29282] added
2016-08-21 14:06:23:891[Info         ] Valid KVP [ObjConverter.Model.WaterPlane.NumNormals] [172800] added
2016-08-21 14:06:23:891[Info         ] Valid KVP [ObjConverter.Model.Cube.NumVerts] [8] added
2016-08-21 14:06:23:891[Info         ] Valid KVP [ObjConverter.Model.Cube.NumIndices] [36] added
2016-08-21 14:06:23:891[Info         ] Valid KVP [ObjConverter.Model.Cube.NumTexCoords] [14] added
2016-08-21 14:06:23:891[Info         ] Valid KVP [ObjConverter.Model.Cube.NumNormals] [24] added
2016-08-21 14:06:23:891[Info         ] Valid KVP [ObjConverter.Model.Barrel.NumVerts] [172] added
2016-08-21 14:06:23:891[Info         ] Valid KVP [ObjConverter.Model.Barrel.NumIndices] [1008] added
2016-08-21 14:06:23:891[Info         ] Valid KVP [ObjConverter.Model.Barrel.NumTexCoords] [328] added
2016-08-21 14:06:23:891[Info         ] Valid KVP [ObjConverter.Model.Barrel.NumNormals] [204] added
2016-08-21 14:06:23:891[Info         ] Valid KVP [ObjConverter.Model.SkyBox.NumVerts] [8] added
2016-08-21 14:06:23:891[Info         ] Valid KVP [ObjConverter.Model.SkyBox.NumIndices] [36] added
2016-08-21 14:06:23:891[Info         ] Valid KVP [ObjConverter.Model.SkyBox.NumTexCoords] [18] added
2016-08-21 14:06:23:891[Info         ] Valid KVP [ObjConverter.Model.SkyBox.NumNormals] [24] added
2016-08-21 14:06:23:957[cInfo        ] Config reader opened [..\Data\BodaciousQuest.config] for reading!
2016-08-21 14:06:24:010[Process      ] ShaderManager Initialized successfully
2016-08-21 14:06:24:010[Info         ] Shader Init started
2016-08-21 14:06:24:010[Info         ] Shader Program created.
2016-08-21 14:06:24:010[Process      ] ShaderProgram::Initialize()[1] successful!
2016-08-21 14:06:24:011[Debug        ] File [..\Data\shaders\debug.vert.shader] Opened successfully! Buffer Length:[291]
2016-08-21 14:06:24:011[Debug        ] Shader file [..\Data\shaders\debug.vert.shader] contents:
//BEGIN
#version 430 core

layout(location = 0)  in vec3 vPosition;

layout(location = 15) uniform vec3 colorin;
layout(location = 16) uniform mat4 MAT;

out vec4 color;

void main()
{
	vec4 vertPos = vec4(vPosition, 1.0);
	gl_Position = MAT *  vertPos;
	color = vec4(colorin, 1.0);
}
//END

2016-08-21 14:06:24:011[Debug        ]  ShaderProgram::AddShader() file with data was read in
2016-08-21 14:06:24:011[Debug        ] ShaderProgram::AddShader() : glShaderSource() successful
2016-08-21 14:06:24:011[Debug        ] ShaderProgram::AddShader() : glCompileShader() successful
2016-08-21 14:06:24:011[Info         ] ShaderProgram::CheckShaderCompileStatus(2) successful.
2016-08-21 14:06:24:012[Debug        ] ShaderProgram::AddShader() : glCompileShader() successful
2016-08-21 14:06:24:012[Info         ] ShaderInfo saved successfully.
2016-08-21 14:06:24:012[Debug        ] ShaderProgram::AddShader() : glAttachShader() successful
2016-08-21 14:06:24:012[Info         ] ShaderProgram::AddShader [2] successful.
2016-08-21 14:06:24:012[Debug        ] File [..\Data\shaders\debug.frag.shader] Opened successfully! Buffer Length:[104]
2016-08-21 14:06:24:012[Debug        ] Shader file [..\Data\shaders\debug.frag.shader] contents:
//BEGIN
#version 430 core


in  vec4 color;
out vec4 outColor;

void main()
{
	outColor = color;
}


//END

2016-08-21 14:06:24:012[Debug        ]  ShaderProgram::AddShader() file with data was read in
2016-08-21 14:06:24:012[Debug        ] ShaderProgram::AddShader() : glShaderSource() successful
2016-08-21 14:06:24:012[Debug        ] ShaderProgram::AddShader() : glCompileShader() successful
2016-08-21 14:06:24:012[Info         ] ShaderProgram::CheckShaderCompileStatus(3) successful.
2016-08-21 14:06:24:012[Debug        ] ShaderProgram::AddShader() : glCompileShader() successful
2016-08-21 14:06:24:012[Info         ] ShaderInfo saved successfully.
2016-08-21 14:06:24:012[Debug        ] ShaderProgram::AddShader() : glAttachShader() successful
2016-08-21 14:06:24:012[Info         ] ShaderProgram::AddShader [3] successful.
2016-08-21 14:06:24:013[Info         ] CheckProgramStatus() successful!
2016-08-21 14:06:24:013[Info         ] CheckProgramStatus() successful!
2016-08-21 14:06:24:013[Info         ] Shader Init started
2016-08-21 14:06:24:013[Info         ] Shader Program created.
2016-08-21 14:06:24:013[Process      ] ShaderProgram::Initialize()[4] successful!
2016-08-21 14:06:24:013[Debug        ] File [..\Data\shaders\play.vert.shader] Opened successfully! Buffer Length:[343]
2016-08-21 14:06:24:013[Debug        ] Shader file [..\Data\shaders\play.vert.shader] contents:
//BEGIN
#version 430 core

layout (location = 0)  in vec3 vPosition;
layout (location = 1)  in vec3 vColor;
layout (location = 15) uniform vec3 colorin;
layout (location = 16) uniform mat4 MAT;

out vec4 color;

void main()
{
	vec4 vertPos = vec4(vPosition, 1.0);
	gl_Position = MAT *  vertPos;
	color = vec4((vColor + colorin), 1.0);
}
//END

2016-08-21 14:06:24:013[Debug        ]  ShaderProgram::AddShader() file with data was read in
2016-08-21 14:06:24:013[Debug        ] ShaderProgram::AddShader() : glShaderSource() successful
2016-08-21 14:06:24:014[Debug        ] ShaderProgram::AddShader() : glCompileShader() successful
2016-08-21 14:06:24:014[Info         ] ShaderProgram::CheckShaderCompileStatus(5) successful.
2016-08-21 14:06:24:014[Debug        ] ShaderProgram::AddShader() : glCompileShader() successful
2016-08-21 14:06:24:014[Info         ] ShaderInfo saved successfully.
2016-08-21 14:06:24:014[Debug        ] ShaderProgram::AddShader() : glAttachShader() successful
2016-08-21 14:06:24:014[Info         ] ShaderProgram::AddShader [5] successful.
2016-08-21 14:06:24:014[Debug        ] File [..\Data\shaders\play.frag.shader] Opened successfully! Buffer Length:[391]
2016-08-21 14:06:24:014[Debug        ] Shader file [..\Data\shaders\play.frag.shader] contents:
//BEGIN
#version 430 core


in  vec4 color;
out vec4 outColor;

void main()
{

	//if (color.r < .7) discard;
	outColor = color;

	//if(((gl_FragCoord.x  > 600)&& (gl_FragCoord.y < 300)) || ((gl_FragCoord.y < 300)  && (gl_FragCoord.x  < 600) )) {
	//discard;
	//}

	//vec2 scrPos = vec2(gl_FragCoord) - vec2(350,150);
	//float len =  length(scrPos);
	//if(len < 50 )discard;
}


//END

2016-08-21 14:06:24:014[Debug        ]  ShaderProgram::AddShader() file with data was read in
2016-08-21 14:06:24:014[Debug        ] ShaderProgram::AddShader() : glShaderSource() successful
2016-08-21 14:06:24:014[Debug        ] ShaderProgram::AddShader() : glCompileShader() successful
2016-08-21 14:06:24:014[Info         ] ShaderProgram::CheckShaderCompileStatus(6) successful.
2016-08-21 14:06:24:014[Debug        ] ShaderProgram::AddShader() : glCompileShader() successful
2016-08-21 14:06:24:014[Info         ] ShaderInfo saved successfully.
2016-08-21 14:06:24:014[Debug        ] ShaderProgram::AddShader() : glAttachShader() successful
2016-08-21 14:06:24:014[Info         ] ShaderProgram::AddShader [6] successful.
2016-08-21 14:06:24:015[Info         ] CheckProgramStatus() successful!
2016-08-21 14:06:24:015[Info         ] CheckProgramStatus() successful!
2016-08-21 14:06:24:015[Info         ] Shader Init started
2016-08-21 14:06:24:015[Info         ] Shader Program created.
2016-08-21 14:06:24:015[Process      ] ShaderProgram::Initialize()[7] successful!
2016-08-21 14:06:24:015[Debug        ] File [..\Data\shaders\texture.vert.shader] Opened successfully! Buffer Length:[305]
2016-08-21 14:06:24:015[Debug        ] Shader file [..\Data\shaders\texture.vert.shader] contents:
//BEGIN
#version 430 core

layout (location = 0)  in vec3 vPosition;
layout (location = 1)  in vec2 vUV;

layout (location = 16) uniform mat4 MAT;

//out data
out vec2 UV;

//out vec4 color;

void main()
{
	vec4 vertPos = vec4(vPosition, 1.0);
	gl_Position = MAT *  vertPos;

	UV = vUV;
	
	
}
//END

2016-08-21 14:06:24:015[Debug        ]  ShaderProgram::AddShader() file with data was read in
2016-08-21 14:06:24:015[Debug        ] ShaderProgram::AddShader() : glShaderSource() successful
2016-08-21 14:06:24:015[Debug        ] ShaderProgram::AddShader() : glCompileShader() successful
2016-08-21 14:06:24:015[Info         ] ShaderProgram::CheckShaderCompileStatus(8) successful.
2016-08-21 14:06:24:015[Debug        ] ShaderProgram::AddShader() : glCompileShader() successful
2016-08-21 14:06:24:015[Info         ] ShaderInfo saved successfully.
2016-08-21 14:06:24:015[Debug        ] ShaderProgram::AddShader() : glAttachShader() successful
2016-08-21 14:06:24:015[Info         ] ShaderProgram::AddShader [8] successful.
2016-08-21 14:06:24:015[Debug        ] File [..\Data\shaders\texture.frag.shader] Opened successfully! Buffer Length:[482]
2016-08-21 14:06:24:015[Debug        ] Shader file [..\Data\shaders\texture.frag.shader] contents:
//BEGIN
#version 430 core


in  vec2 UV;
out vec4 outColor;

layout(location = 20) uniform sampler2D textureSampler;

void main()
{

	//if (color.r < .7) discard;
	outColor = vec4(texture(textureSampler, UV).rgb, 1.0);

	//if(((gl_FragCoord.x  > 600)&& (gl_FragCoord.y < 300)) || ((gl_FragCoord.y < 300)  && (gl_FragCoord.x  < 600) )) {
	//discard;
	//}
	//vec2 scrPos = vec2(gl_FragCoord) - vec2(350,150);
	//float len =  length(scrPos);
	//if(len < 50 )discard;
}


//END

2016-08-21 14:06:24:015[Debug        ]  ShaderProgram::AddShader() file with data was read in
2016-08-21 14:06:24:015[Debug        ] ShaderProgram::AddShader() : glShaderSource() successful
2016-08-21 14:06:24:016[Debug        ] ShaderProgram::AddShader() : glCompileShader() successful
2016-08-21 14:06:24:016[Info         ] ShaderProgram::CheckShaderCompileStatus(9) successful.
2016-08-21 14:06:24:016[Debug        ] ShaderProgram::AddShader() : glCompileShader() successful
2016-08-21 14:06:24:016[Info         ] ShaderInfo saved successfully.
2016-08-21 14:06:24:016[Debug        ] ShaderProgram::AddShader() : glAttachShader() successful
2016-08-21 14:06:24:016[Info         ] ShaderProgram::AddShader [9] successful.
2016-08-21 14:06:24:017[Info         ] CheckProgramStatus() successful!
2016-08-21 14:06:24:017[Info         ] CheckProgramStatus() successful!
2016-08-21 14:06:24:017[Info         ] Shader Init started
2016-08-21 14:06:24:017[Info         ] Shader Program created.
2016-08-21 14:06:24:017[Process      ] ShaderProgram::Initialize()[10] successful!
2016-08-21 14:06:24:017[Debug        ] File [..\Data\shaders\framebuffer.vert.shader] Opened successfully! Buffer Length:[305]
2016-08-21 14:06:24:017[Debug        ] Shader file [..\Data\shaders\framebuffer.vert.shader] contents:
//BEGIN
#version 430 core

layout (location = 0)  in vec3 vPosition;
layout (location = 1)  in vec2 vUV;

layout (location = 16) uniform mat4 MAT;

//out data
out vec2 UV;

//out vec4 color;

void main()
{
	vec4 vertPos = vec4(vPosition, 1.0);
	gl_Position = MAT *  vertPos;

	UV = vUV;
	
	
}
//END

2016-08-21 14:06:24:017[Debug        ]  ShaderProgram::AddShader() file with data was read in
2016-08-21 14:06:24:017[Debug        ] ShaderProgram::AddShader() : glShaderSource() successful
2016-08-21 14:06:24:017[Debug        ] ShaderProgram::AddShader() : glCompileShader() successful
2016-08-21 14:06:24:017[Info         ] ShaderProgram::CheckShaderCompileStatus(11) successful.
2016-08-21 14:06:24:017[Debug        ] ShaderProgram::AddShader() : glCompileShader() successful
2016-08-21 14:06:24:017[Info         ] ShaderInfo saved successfully.
2016-08-21 14:06:24:017[Debug        ] ShaderProgram::AddShader() : glAttachShader() successful
2016-08-21 14:06:24:017[Info         ] ShaderProgram::AddShader [11] successful.
2016-08-21 14:06:24:017[Debug        ] File [..\Data\shaders\framebuffer.frag.shader] Opened successfully! Buffer Length:[275]
2016-08-21 14:06:24:017[Debug        ] Shader file [..\Data\shaders\framebuffer.frag.shader] contents:
//BEGIN
#version 430 core


in  vec2 UV;
out vec4 outColor;

layout(location = 20) uniform sampler2D textureSampler;

void main()
{


	vec3 tempCol = texture(textureSampler, UV).rgb;

	outColor = vec4(tempCol.r / 1.5f, tempCol.g / 1.5f, tempCol.b / 1.5f, 1.0f);
}


//END

2016-08-21 14:06:24:017[Debug        ]  ShaderProgram::AddShader() file with data was read in
2016-08-21 14:06:24:017[Debug        ] ShaderProgram::AddShader() : glShaderSource() successful
2016-08-21 14:06:24:017[Debug        ] ShaderProgram::AddShader() : glCompileShader() successful
2016-08-21 14:06:24:017[Info         ] ShaderProgram::CheckShaderCompileStatus(12) successful.
2016-08-21 14:06:24:017[Debug        ] ShaderProgram::AddShader() : glCompileShader() successful
2016-08-21 14:06:24:017[Info         ] ShaderInfo saved successfully.
2016-08-21 14:06:24:017[Debug        ] ShaderProgram::AddShader() : glAttachShader() successful
2016-08-21 14:06:24:017[Info         ] ShaderProgram::AddShader [12] successful.
2016-08-21 14:06:24:018[Info         ] CheckProgramStatus() successful!
2016-08-21 14:06:24:018[Info         ] CheckProgramStatus() successful!
2016-08-21 14:06:24:018[Info         ] Shader Init started
2016-08-21 14:06:24:019[Info         ] Shader Program created.
2016-08-21 14:06:24:019[Process      ] ShaderProgram::Initialize()[13] successful!
2016-08-21 14:06:24:019[Debug        ] File [..\Data\shaders\lighting.vert.shader] Opened successfully! Buffer Length:[1145]
2016-08-21 14:06:24:019[cDebug       ] Shader file [..\Data\shaders\lighting.vert.shader] is too big to display contents.
2016-08-21 14:06:24:020[Debug        ]  ShaderProgram::AddShader() file with data was read in
2016-08-21 14:06:24:020[Debug        ] ShaderProgram::AddShader() : glShaderSource() successful
2016-08-21 14:06:24:020[Debug        ] ShaderProgram::AddShader() : glCompileShader() successful
2016-08-21 14:06:24:020[Info         ] ShaderProgram::CheckShaderCompileStatus(14) successful.
2016-08-21 14:06:24:020[Debug        ] ShaderProgram::AddShader() : glCompileShader() successful
2016-08-21 14:06:24:021[Info         ] ShaderInfo saved successfully.
2016-08-21 14:06:24:021[Debug        ] ShaderProgram::AddShader() : glAttachShader() successful
2016-08-21 14:06:24:021[Info         ] ShaderProgram::AddShader [14] successful.
2016-08-21 14:06:24:021[Debug        ] File [..\Data\shaders\lighting.frag.shader] Opened successfully! Buffer Length:[1744]
2016-08-21 14:06:24:021[cDebug       ] Shader file [..\Data\shaders\lighting.frag.shader] is too big to display contents.
2016-08-21 14:06:24:022[Debug        ]  ShaderProgram::AddShader() file with data was read in
2016-08-21 14:06:24:022[Debug        ] ShaderProgram::AddShader() : glShaderSource() successful
2016-08-21 14:06:24:022[Debug        ] ShaderProgram::AddShader() : glCompileShader() successful
2016-08-21 14:06:24:022[Info         ] ShaderProgram::CheckShaderCompileStatus(15) successful.
2016-08-21 14:06:24:022[Debug        ] ShaderProgram::AddShader() : glCompileShader() successful
2016-08-21 14:06:24:022[Info         ] ShaderInfo saved successfully.
2016-08-21 14:06:24:022[Debug        ] ShaderProgram::AddShader() : glAttachShader() successful
2016-08-21 14:06:24:022[Info         ] ShaderProgram::AddShader [15] successful.
2016-08-21 14:06:24:025[Info         ] CheckProgramStatus() successful!
2016-08-21 14:06:24:025[Info         ] CheckProgramStatus() successful!
2016-08-21 14:06:24:025[Info         ] Shader Init started
2016-08-21 14:06:24:025[Info         ] Shader Program created.
2016-08-21 14:06:24:025[Process      ] ShaderProgram::Initialize()[16] successful!
2016-08-21 14:06:24:025[Debug        ] File [..\Data\shaders\texlighting.vert.shader] Opened successfully! Buffer Length:[1110]
2016-08-21 14:06:24:025[cDebug       ] Shader file [..\Data\shaders\texlighting.vert.shader] is too big to display contents.
2016-08-21 14:06:24:027[Debug        ]  ShaderProgram::AddShader() file with data was read in
2016-08-21 14:06:24:027[Debug        ] ShaderProgram::AddShader() : glShaderSource() successful
2016-08-21 14:06:24:027[Debug        ] ShaderProgram::AddShader() : glCompileShader() successful
2016-08-21 14:06:24:027[Info         ] ShaderProgram::CheckShaderCompileStatus(17) successful.
2016-08-21 14:06:24:027[Debug        ] ShaderProgram::AddShader() : glCompileShader() successful
2016-08-21 14:06:24:027[Info         ] ShaderInfo saved successfully.
2016-08-21 14:06:24:027[Debug        ] ShaderProgram::AddShader() : glAttachShader() successful
2016-08-21 14:06:24:027[Info         ] ShaderProgram::AddShader [17] successful.
2016-08-21 14:06:24:028[Debug        ] File [..\Data\shaders\texlighting.frag.shader] Opened successfully! Buffer Length:[1717]
2016-08-21 14:06:24:028[cDebug       ] Shader file [..\Data\shaders\texlighting.frag.shader] is too big to display contents.
2016-08-21 14:06:24:032[Debug        ]  ShaderProgram::AddShader() file with data was read in
2016-08-21 14:06:24:032[Debug        ] ShaderProgram::AddShader() : glShaderSource() successful
2016-08-21 14:06:24:032[Debug        ] ShaderProgram::AddShader() : glCompileShader() successful
2016-08-21 14:06:24:032[Info         ] ShaderProgram::CheckShaderCompileStatus(18) successful.
2016-08-21 14:06:24:032[Debug        ] ShaderProgram::AddShader() : glCompileShader() successful
2016-08-21 14:06:24:032[Info         ] ShaderInfo saved successfully.
2016-08-21 14:06:24:032[Debug        ] ShaderProgram::AddShader() : glAttachShader() successful
2016-08-21 14:06:24:032[Info         ] ShaderProgram::AddShader [18] successful.
2016-08-21 14:06:24:035[Info         ] CheckProgramStatus() successful!
2016-08-21 14:06:24:035[Info         ] CheckProgramStatus() successful!
2016-08-21 14:06:24:035[Info         ] Shader Init started
2016-08-21 14:06:24:035[Info         ] Shader Program created.
2016-08-21 14:06:24:035[Process      ] ShaderProgram::Initialize()[19] successful!
2016-08-21 14:06:24:035[Debug        ] File [..\Data\shaders\water.vert.shader] Opened successfully! Buffer Length:[1400]
2016-08-21 14:06:24:036[cDebug       ] Shader file [..\Data\shaders\water.vert.shader] is too big to display contents.
2016-08-21 14:06:24:037[Debug        ]  ShaderProgram::AddShader() file with data was read in
2016-08-21 14:06:24:037[Debug        ] ShaderProgram::AddShader() : glShaderSource() successful
2016-08-21 14:06:24:037[Debug        ] ShaderProgram::AddShader() : glCompileShader() successful
2016-08-21 14:06:24:037[Info         ] ShaderProgram::CheckShaderCompileStatus(20) successful.
2016-08-21 14:06:24:037[Debug        ] ShaderProgram::AddShader() : glCompileShader() successful
2016-08-21 14:06:24:037[Info         ] ShaderInfo saved successfully.
2016-08-21 14:06:24:037[Debug        ] ShaderProgram::AddShader() : glAttachShader() successful
2016-08-21 14:06:24:037[Info         ] ShaderProgram::AddShader [20] successful.
2016-08-21 14:06:24:038[Debug        ] File [..\Data\shaders\water.frag.shader] Opened successfully! Buffer Length:[2436]
2016-08-21 14:06:24:038[cDebug       ] Shader file [..\Data\shaders\water.frag.shader] is too big to display contents.
2016-08-21 14:06:24:040[Debug        ]  ShaderProgram::AddShader() file with data was read in
2016-08-21 14:06:24:040[Debug        ] ShaderProgram::AddShader() : glShaderSource() successful
2016-08-21 14:06:24:040[Debug        ] ShaderProgram::AddShader() : glCompileShader() successful
2016-08-21 14:06:24:041[Info         ] ShaderProgram::CheckShaderCompileStatus(21) successful.
2016-08-21 14:06:24:041[Debug        ] ShaderProgram::AddShader() : glCompileShader() successful
2016-08-21 14:06:24:041[Info         ] ShaderInfo saved successfully.
2016-08-21 14:06:24:041[Debug        ] ShaderProgram::AddShader() : glAttachShader() successful
2016-08-21 14:06:24:041[Info         ] ShaderProgram::AddShader [21] successful.
2016-08-21 14:06:24:043[Info         ] CheckProgramStatus() successful!
2016-08-21 14:06:24:044[Info         ] CheckProgramStatus() successful!
2016-08-21 14:06:24:044[Info         ] GetAttribLocation [vPosition] successful.
2016-08-21 14:06:24:044[Info         ] GetUniformLocation [colorin] successful.
2016-08-21 14:06:24:044[Info         ] GetUniformLocation [MAT] successful.
2016-08-21 14:06:24:044[cProcess     ] RenderEngine::Initialize() successful.
2016-08-21 14:06:24:046[cInfo        ] 
-----------------------------------------------------------------------
 BufferInfo::CreateBuffers()[0] Created buffers:| VERTEX [1] with [80] bytes. || INDEX [2] with [24] bytes |
-----------------------------------------------------------------------

2016-08-21 14:06:24:053[cInfo        ] --------BufferInfo::AddMesh() Added mesh successfully-------
2016-08-21 14:06:24:054[cInfo        ] 
2016-08-21 14:06:24:055[cInfo        ] --------------------| START BUFFER MESH INFO |-------------------------------------
2016-08-21 14:06:24:056[cInfo        ] BufferInfo::AddMesh(): NUM VERTS-----------------[4]
2016-08-21 14:06:24:059[cInfo        ] BufferInfo::AddMesh(): NUM INDICES---------------[6]
2016-08-21 14:06:24:061[cInfo        ] BufferInfo::AddMesh(): VERT OFFSET---------------[0]
2016-08-21 14:06:24:063[cInfo        ] BufferInfo::AddMesh(): INDICES OFFSET (BYTES)----[0]
2016-08-21 14:06:24:064[cInfo        ] --------------------|  END BUFFER MESH INFO  |--------------------------------------
2016-08-21 14:06:24:066[cInfo        ] 

2016-08-21 14:06:24:067[cInfo        ] 
-----------------------------------------------------------------------
 BufferInfo::CreateBuffers()[0] Created buffers:| VERTEX [3] with [96] bytes. || INDEX [4] with [48] bytes |
-----------------------------------------------------------------------

2016-08-21 14:06:24:074[cInfo        ] --------BufferInfo::AddMesh() Added mesh successfully-------
2016-08-21 14:06:24:075[cInfo        ] 
2016-08-21 14:06:24:076[cInfo        ] --------------------| START BUFFER MESH INFO |-------------------------------------
2016-08-21 14:06:24:080[cInfo        ] BufferInfo::AddMesh(): NUM VERTS-----------------[8]
2016-08-21 14:06:24:081[cInfo        ] BufferInfo::AddMesh(): NUM INDICES---------------[24]
2016-08-21 14:06:24:082[cInfo        ] BufferInfo::AddMesh(): VERT OFFSET---------------[0]
2016-08-21 14:06:24:083[cInfo        ] BufferInfo::AddMesh(): INDICES OFFSET (BYTES)----[0]
2016-08-21 14:06:24:084[cInfo        ] --------------------|  END BUFFER MESH INFO  |--------------------------------------
2016-08-21 14:06:24:085[cInfo        ] 

2016-08-21 14:06:24:086[cInfo        ] 
-----------------------------------------------------------------------
 BufferInfo::CreateBuffers()[0] Created buffers:| VERTEX [5] with [864] bytes. || INDEX [6] with [0] bytes |
-----------------------------------------------------------------------

2016-08-21 14:06:24:091[cInfo        ] --------BufferInfo::AddMesh() Added mesh successfully-------
2016-08-21 14:06:24:093[cInfo        ] 
2016-08-21 14:06:24:093[cInfo        ] --------------------| START BUFFER MESH INFO |-------------------------------------
2016-08-21 14:06:24:096[cInfo        ] BufferInfo::AddMesh(): NUM VERTS-----------------[36]
2016-08-21 14:06:24:097[cInfo        ] BufferInfo::AddMesh(): NUM INDICES---------------[0]
2016-08-21 14:06:24:098[cInfo        ] BufferInfo::AddMesh(): VERT OFFSET---------------[0]
2016-08-21 14:06:24:100[cInfo        ] BufferInfo::AddMesh(): INDICES OFFSET (BYTES)----[0]
2016-08-21 14:06:24:101[cInfo        ] --------------------|  END BUFFER MESH INFO  |--------------------------------------
2016-08-21 14:06:24:104[cInfo        ] 

2016-08-21 14:06:24:105[cInfo        ] 
-----------------------------------------------------------------------
 BufferInfo::CreateBuffers()[0] Created buffers:| VERTEX [7] with [144] bytes. || INDEX [8] with [0] bytes |
-----------------------------------------------------------------------

2016-08-21 14:06:24:110[cInfo        ] --------BufferInfo::AddMesh() Added mesh successfully-------
2016-08-21 14:06:24:111[cInfo        ] 
2016-08-21 14:06:24:112[cInfo        ] --------------------| START BUFFER MESH INFO |-------------------------------------
2016-08-21 14:06:24:114[cInfo        ] BufferInfo::AddMesh(): NUM VERTS-----------------[6]
2016-08-21 14:06:24:115[cInfo        ] BufferInfo::AddMesh(): NUM INDICES---------------[0]
2016-08-21 14:06:24:117[cInfo        ] BufferInfo::AddMesh(): VERT OFFSET---------------[0]
2016-08-21 14:06:24:118[cInfo        ] BufferInfo::AddMesh(): INDICES OFFSET (BYTES)----[0]
2016-08-21 14:06:24:121[cInfo        ] --------------------|  END BUFFER MESH INFO  |--------------------------------------
2016-08-21 14:06:24:122[cInfo        ] 

2016-08-21 14:06:24:123[Process      ] BufferInfo::Initialize() successful.
2016-08-21 14:06:24:123[cInfo        ] 
-----------------------------------------------------------------------
 BufferInfo::CreateBuffers()[0] Created buffers:| VERTEX [9] with [1000000] bytes. || INDEX [10] with [1000000] bytes |
-----------------------------------------------------------------------

2016-08-21 14:06:24:128[cInfo        ] --------BufferInfo::AddMesh() Added mesh successfully-------
2016-08-21 14:06:24:130[cInfo        ] 
2016-08-21 14:06:24:131[cInfo        ] --------------------| START BUFFER MESH INFO |-------------------------------------
2016-08-21 14:06:24:133[cInfo        ] BufferInfo::AddMesh(): NUM VERTS-----------------[24]
2016-08-21 14:06:24:134[cInfo        ] BufferInfo::AddMesh(): NUM INDICES---------------[36]
2016-08-21 14:06:24:136[cInfo        ] BufferInfo::AddMesh(): VERT OFFSET---------------[0]
2016-08-21 14:06:24:137[cInfo        ] BufferInfo::AddMesh(): INDICES OFFSET (BYTES)----[0]
2016-08-21 14:06:24:138[cInfo        ] --------------------|  END BUFFER MESH INFO  |--------------------------------------
2016-08-21 14:06:24:140[cInfo        ] 

2016-08-21 14:06:24:142[Process      ] BufferInfo::Initialize() successful.
2016-08-21 14:06:24:142[cInfo        ] 
-----------------------------------------------------------------------
 BufferInfo::CreateBuffers()[1] Created buffers:| VERTEX [11] with [1000000] bytes. || INDEX [12] with [1000000] bytes |
-----------------------------------------------------------------------

2016-08-21 14:06:24:147[cInfo        ] --------BufferInfo::AddMesh() Added mesh successfully-------
2016-08-21 14:06:24:148[cInfo        ] 
2016-08-21 14:06:24:148[cInfo        ] --------------------| START BUFFER MESH INFO |-------------------------------------
2016-08-21 14:06:24:150[cInfo        ] BufferInfo::AddMesh(): NUM VERTS-----------------[1536]
2016-08-21 14:06:24:151[cInfo        ] BufferInfo::AddMesh(): NUM INDICES---------------[3072]
2016-08-21 14:06:24:152[cInfo        ] BufferInfo::AddMesh(): VERT OFFSET---------------[0]
2016-08-21 14:06:24:153[cInfo        ] BufferInfo::AddMesh(): INDICES OFFSET (BYTES)----[0]
2016-08-21 14:06:24:154[cInfo        ] --------------------|  END BUFFER MESH INFO  |--------------------------------------
2016-08-21 14:06:24:155[cInfo        ] 

2016-08-21 14:06:24:156[cInfo        ] 
-----------------------------------------------------------------------
 BufferInfo::CreateBuffers()[0] Created buffers:| VERTEX [13] with [3936] bytes. || INDEX [14] with [0] bytes |
-----------------------------------------------------------------------

2016-08-21 14:06:24:161[cInfo        ] --------BufferInfo::AddMesh() Added mesh successfully-------
2016-08-21 14:06:24:162[cInfo        ] 
2016-08-21 14:06:24:163[cInfo        ] --------------------| START BUFFER MESH INFO |-------------------------------------
2016-08-21 14:06:24:164[cInfo        ] BufferInfo::AddMesh(): NUM VERTS-----------------[164]
2016-08-21 14:06:24:165[cInfo        ] BufferInfo::AddMesh(): NUM INDICES---------------[0]
2016-08-21 14:06:24:166[cInfo        ] BufferInfo::AddMesh(): VERT OFFSET---------------[0]
2016-08-21 14:06:24:167[cInfo        ] BufferInfo::AddMesh(): INDICES OFFSET (BYTES)----[0]
2016-08-21 14:06:24:168[cInfo        ] --------------------|  END BUFFER MESH INFO  |--------------------------------------
2016-08-21 14:06:24:170[cInfo        ] 

2016-08-21 14:06:24:171[cProcess     ] ShapeGenerator initialized successfully.
2016-08-21 14:06:24:172[cProcess     ] Camera::Initialize() successful.
2016-08-21 14:06:24:172[cProcess     ] Keyboard::Initialize() successful
2016-08-21 14:06:24:173[cProcess     ] Keyboard::Initialize() successful
2016-08-21 14:06:24:186[cInfo        ] 
-----------------------------------------------------------------------
 BufferInfo::CreateBuffers()[0] Created buffers:| VERTEX [15] with [10810368] bytes. || INDEX [16] with [0] bytes |
-----------------------------------------------------------------------

2016-08-21 14:06:24:215[cInfo        ] --------BufferInfo::AddMesh() Added mesh successfully-------
2016-08-21 14:06:24:216[cInfo        ] 
2016-08-21 14:06:24:217[cInfo        ] --------------------| START BUFFER MESH INFO |-------------------------------------
2016-08-21 14:06:24:218[cInfo        ] BufferInfo::AddMesh(): NUM VERTS-----------------[337824]
2016-08-21 14:06:24:219[cInfo        ] BufferInfo::AddMesh(): NUM INDICES---------------[0]
2016-08-21 14:06:24:220[cInfo        ] BufferInfo::AddMesh(): VERT OFFSET---------------[0]
2016-08-21 14:06:24:221[cInfo        ] BufferInfo::AddMesh(): INDICES OFFSET (BYTES)----[0]
2016-08-21 14:06:24:222[cInfo        ] --------------------|  END BUFFER MESH INFO  |--------------------------------------
2016-08-21 14:06:24:223[cInfo        ] 

2016-08-21 14:06:24:274[Info         ] ShapeGenerator::ReadSceneFile(): Added new scene [..\Data\Scenes\Dargon.ptn.scene] successfully.
2016-08-21 14:06:24:274[cInfo        ] EntityManager::BuildPlayerEntity(): Built [Dargon] successfully
2016-08-21 14:06:24:279[Process      ] BufferInfo::Initialize() successful.
2016-08-21 14:06:24:286[cInfo        ] 
-----------------------------------------------------------------------
 BufferInfo::CreateBuffers()[2] Created buffers:| VERTEX [17] with [1000000] bytes. || INDEX [18] with [1000000] bytes |
-----------------------------------------------------------------------

2016-08-21 14:06:24:290[cInfo        ] --------BufferInfo::AddMesh() Added mesh successfully-------
2016-08-21 14:06:24:291[cInfo        ] 
2016-08-21 14:06:24:291[cInfo        ] --------------------| START BUFFER MESH INFO |-------------------------------------
2016-08-21 14:06:24:294[cInfo        ] BufferInfo::AddMesh(): NUM VERTS-----------------[36]
2016-08-21 14:06:24:295[cInfo        ] BufferInfo::AddMesh(): NUM INDICES---------------[0]
2016-08-21 14:06:24:296[cInfo        ] BufferInfo::AddMesh(): VERT OFFSET---------------[0]
2016-08-21 14:06:24:297[cInfo        ] BufferInfo::AddMesh(): INDICES OFFSET (BYTES)----[0]
2016-08-21 14:06:24:298[cInfo        ] --------------------|  END BUFFER MESH INFO  |--------------------------------------
2016-08-21 14:06:24:299[cInfo        ] 

2016-08-21 14:06:24:300[Info         ] ShapeGenerator::ReadSceneFile(): Added new scene [..\Data\Scenes\Cube.pn.scene] successfully.
2016-08-21 14:06:24:300[Process      ] BufferInfo::Initialize() successful.
2016-08-21 14:06:24:301[cInfo        ] 
-----------------------------------------------------------------------
 BufferInfo::CreateBuffers()[3] Created buffers:| VERTEX [19] with [1000000] bytes. || INDEX [20] with [1000000] bytes |
-----------------------------------------------------------------------

2016-08-21 14:06:24:306[cInfo        ] --------BufferInfo::AddMesh() Added mesh successfully-------
2016-08-21 14:06:24:307[cInfo        ] 
2016-08-21 14:06:24:308[cInfo        ] --------------------| START BUFFER MESH INFO |-------------------------------------
2016-08-21 14:06:24:310[cInfo        ] BufferInfo::AddMesh(): NUM VERTS-----------------[8718]
2016-08-21 14:06:24:311[cInfo        ] BufferInfo::AddMesh(): NUM INDICES---------------[0]
2016-08-21 14:06:24:313[cInfo        ] BufferInfo::AddMesh(): VERT OFFSET---------------[0]
2016-08-21 14:06:24:314[cInfo        ] BufferInfo::AddMesh(): INDICES OFFSET (BYTES)----[0]
2016-08-21 14:06:24:315[cInfo        ] --------------------|  END BUFFER MESH INFO  |--------------------------------------
2016-08-21 14:06:24:316[cInfo        ] 

2016-08-21 14:06:24:319[Info         ] ShapeGenerator::ReadSceneFile(): Added new scene [..\Data\Scenes\AIWorld.ptn.scene] successfully.
2016-08-21 14:06:24:319[cInfo        ] --------BufferInfo::AddMesh() Added mesh successfully-------
2016-08-21 14:06:24:320[cInfo        ] 
2016-08-21 14:06:24:321[cInfo        ] --------------------| START BUFFER MESH INFO |-------------------------------------
2016-08-21 14:06:24:323[cInfo        ] BufferInfo::AddMesh(): NUM VERTS-----------------[18]
2016-08-21 14:06:24:324[cInfo        ] BufferInfo::AddMesh(): NUM INDICES---------------[0]
2016-08-21 14:06:24:325[cInfo        ] BufferInfo::AddMesh(): VERT OFFSET---------------[36]
2016-08-21 14:06:24:326[cInfo        ] BufferInfo::AddMesh(): INDICES OFFSET (BYTES)----[0]
2016-08-21 14:06:24:327[cInfo        ] --------------------|  END BUFFER MESH INFO  |--------------------------------------
2016-08-21 14:06:24:328[cInfo        ] 

2016-08-21 14:06:24:329[Info         ] ShapeGenerator::ReadSceneFile(): Added new scene [..\Data\Scenes\Pyramid.pn.scene] successfully.
2016-08-21 14:06:24:335[cInfo        ] 
-----------------------------------------------------------------------
 BufferInfo::CreateBuffers()[0] Created buffers:| VERTEX [21] with [5529600] bytes. || INDEX [22] with [0] bytes |
-----------------------------------------------------------------------

2016-08-21 14:06:24:349[cInfo        ] --------BufferInfo::AddMesh() Added mesh successfully-------
2016-08-21 14:06:24:351[cInfo        ] 
2016-08-21 14:06:24:351[cInfo        ] --------------------| START BUFFER MESH INFO |-------------------------------------
2016-08-21 14:06:24:354[cInfo        ] BufferInfo::AddMesh(): NUM VERTS-----------------[172800]
2016-08-21 14:06:24:355[cInfo        ] BufferInfo::AddMesh(): NUM INDICES---------------[0]
2016-08-21 14:06:24:356[cInfo        ] BufferInfo::AddMesh(): VERT OFFSET---------------[0]
2016-08-21 14:06:24:357[cInfo        ] BufferInfo::AddMesh(): INDICES OFFSET (BYTES)----[0]
2016-08-21 14:06:24:358[cInfo        ] --------------------|  END BUFFER MESH INFO  |--------------------------------------
2016-08-21 14:06:24:360[cInfo        ] 

2016-08-21 14:06:24:361[Info         ] ShapeGenerator::ReadSceneFile(): Added new scene [..\Data\Scenes\WaterPlane.ptn.scene] successfully.
2016-08-21 14:06:24:362[cProcess     ] Camera::Initialize() successful.
2016-08-21 14:06:24:372[Process      ] BufferInfo::Initialize() successful.
2016-08-21 14:06:24:372[cInfo        ] 
-----------------------------------------------------------------------
 BufferInfo::CreateBuffers()[4] Created buffers:| VERTEX [23] with [8107776] bytes. || INDEX [24] with [0] bytes |
-----------------------------------------------------------------------

2016-08-21 14:06:24:394[cInfo        ] --------BufferInfo::AddMesh() Added mesh successfully-------
2016-08-21 14:06:24:396[cInfo        ] 
2016-08-21 14:06:24:397[cInfo        ] --------------------| START BUFFER MESH INFO |-------------------------------------
2016-08-21 14:06:24:398[cInfo        ] BufferInfo::AddMesh(): NUM VERTS-----------------[337824]
2016-08-21 14:06:24:399[cInfo        ] BufferInfo::AddMesh(): NUM INDICES---------------[0]
2016-08-21 14:06:24:400[cInfo        ] BufferInfo::AddMesh(): VERT OFFSET---------------[0]
2016-08-21 14:06:24:401[cInfo        ] BufferInfo::AddMesh(): INDICES OFFSET (BYTES)----[0]
2016-08-21 14:06:24:402[cInfo        ] --------------------|  END BUFFER MESH INFO  |--------------------------------------
2016-08-21 14:06:24:403[cInfo        ] 

2016-08-21 14:06:24:405[Info         ] ShapeGenerator::ReadSceneFile(): Added new scene [..\Data\Scenes\Dargon.pn.scene] successfully.
2016-08-21 14:06:24:405[Process      ] BufferInfo::Initialize() successful.
2016-08-21 14:06:24:405[cInfo        ] 
-----------------------------------------------------------------------
 BufferInfo::CreateBuffers()[5] Created buffers:| VERTEX [25] with [1000000] bytes. || INDEX [26] with [1000000] bytes |
-----------------------------------------------------------------------

2016-08-21 14:06:24:409[cInfo        ] --------BufferInfo::AddMesh() Added mesh successfully-------
2016-08-21 14:06:24:410[cInfo        ] 
2016-08-21 14:06:24:410[cInfo        ] --------------------| START BUFFER MESH INFO |-------------------------------------
2016-08-21 14:06:24:411[cInfo        ] BufferInfo::AddMesh(): NUM VERTS-----------------[6]
2016-08-21 14:06:24:412[cInfo        ] BufferInfo::AddMesh(): NUM INDICES---------------[0]
2016-08-21 14:06:24:413[cInfo        ] BufferInfo::AddMesh(): VERT OFFSET---------------[0]
2016-08-21 14:06:24:415[cInfo        ] BufferInfo::AddMesh(): INDICES OFFSET (BYTES)----[0]
2016-08-21 14:06:24:416[cInfo        ] --------------------|  END BUFFER MESH INFO  |--------------------------------------
2016-08-21 14:06:24:417[cInfo        ] 

2016-08-21 14:06:24:417[cProcess     ] BodaciousQuest::Initialize() successful.
2016-08-21 14:06:24:418[Process      ] GameTime::Initialize() ok

2016-08-21 14:06:24:418[cProcess     ] MyWindow::Initialize() successful!
2016-08-21 14:06:29:342[cProcess     ] BufferManager::Shutdown() successful.
2016-08-21 14:06:29:343[cProcess     ] RenderEngine::Shutdown() successful.
2016-08-21 14:06:29:345[cProcess     ] Camera::Shutdown() successful.
2016-08-21 14:06:29:346[Info         ] Shader  [2] deleting...
2016-08-21 14:06:29:346[Info         ] Shader  [2] deleted successfully.
2016-08-21 14:06:29:346[Info         ] Shader  [3] deleting...
2016-08-21 14:06:29:346[Info         ] Shader  [3] deleted successfully.
2016-08-21 14:06:29:346[Info         ] All shaders deleted successfully.
2016-08-21 14:06:29:346[cInfo        ] Program [1] deleted successfully.
2016-08-21 14:06:29:346[Process      ] ShaderProgram[1]::Shutdown successful!
2016-08-21 14:06:29:347[Info         ] Shader  [5] deleting...
2016-08-21 14:06:29:347[Info         ] Shader  [5] deleted successfully.
2016-08-21 14:06:29:347[Info         ] Shader  [6] deleting...
2016-08-21 14:06:29:347[Info         ] Shader  [6] deleted successfully.
2016-08-21 14:06:29:347[Info         ] All shaders deleted successfully.
2016-08-21 14:06:29:347[cInfo        ] Program [4] deleted successfully.
2016-08-21 14:06:29:347[Process      ] ShaderProgram[4]::Shutdown successful!
2016-08-21 14:06:29:347[Info         ] Shader  [8] deleting...
2016-08-21 14:06:29:347[Info         ] Shader  [8] deleted successfully.
2016-08-21 14:06:29:347[Info         ] Shader  [9] deleting...
2016-08-21 14:06:29:347[Info         ] Shader  [9] deleted successfully.
2016-08-21 14:06:29:347[Info         ] All shaders deleted successfully.
2016-08-21 14:06:29:348[cInfo        ] Program [7] deleted successfully.
2016-08-21 14:06:29:348[Process      ] ShaderProgram[7]::Shutdown successful!
2016-08-21 14:06:29:348[Info         ] Shader  [11] deleting...
2016-08-21 14:06:29:348[Info         ] Shader  [11] deleted successfully.
2016-08-21 14:06:29:348[Info         ] Shader  [12] deleting...
2016-08-21 14:06:29:348[Info         ] Shader  [12] deleted successfully.
2016-08-21 14:06:29:348[Info         ] All shaders deleted successfully.
2016-08-21 14:06:29:348[cInfo        ] Program [10] deleted successfully.
2016-08-21 14:06:29:349[Process      ] ShaderProgram[10]::Shutdown successful!
2016-08-21 14:06:29:349[Info         ] Shader  [14] deleting...
2016-08-21 14:06:29:349[Info         ] Shader  [14] deleted successfully.
2016-08-21 14:06:29:349[Info         ] Shader  [15] deleting...
2016-08-21 14:06:29:349[Info         ] Shader  [15] deleted successfully.
2016-08-21 14:06:29:349[Info         ] All shaders deleted successfully.
2016-08-21 14:06:29:349[cInfo        ] Program [13] deleted successfully.
2016-08-21 14:06:29:350[Process      ] ShaderProgram[13]::Shutdown successful!
2016-08-21 14:06:29:350[Info         ] Shader  [17] deleting...
2016-08-21 14:06:29:350[Info         ] Shader  [17] deleted successfully.
2016-08-21 14:06:29:350[Info         ] Shader  [18] deleting...
2016-08-21 14:06:29:350[Info         ] Shader  [18] deleted successfully.
2016-08-21 14:06:29:350[Info         ] All shaders deleted successfully.
2016-08-21 14:06:29:350[cInfo        ] Program [16] deleted successfully.
2016-08-21 14:06:29:353[Process      ] ShaderProgram[16]::Shutdown successful!
2016-08-21 14:06:29:353[Info         ] Shader  [20] deleting...
2016-08-21 14:06:29:353[Info         ] Shader  [20] deleted successfully.
2016-08-21 14:06:29:353[Info         ] Shader  [21] deleting...
2016-08-21 14:06:29:353[Info         ] Shader  [21] deleted successfully.
2016-08-21 14:06:29:353[Info         ] All shaders deleted successfully.
2016-08-21 14:06:29:353[cInfo        ] Program [19] deleted successfully.
2016-08-21 14:06:29:354[Process      ] ShaderProgram[19]::Shutdown successful!
2016-08-21 14:06:29:354[cProcess     ] MyWindow::Shutdown() successful!
2016-08-21 14:06:29:355[cProcess     ] BodaciousQuest::Shutdown() successful.
2016-08-21 14:06:29:365[Process      ] ConfigReader shut down successfully
2016-08-21 14:06:29:365[Process      ] GameLogger::ShutDown() successful
