2016-08-21 15:09:48:446[Process      ] GameLogger::Initialize() opened log file [..\Data\LogFiles\2016-08-21 15-09-48.BodaciousQuest.log] for writing
2016-08-21 15:09:48:446[Info         ] GameLogger::Initialize() successful
2016-08-21 15:09:48:446[Process      ] ConfigReader opened [..\Data\BodaciousQuest.config] successfully
2016-08-21 15:09:48:446[Info         ] ConfigReader initialized successfully
2016-08-21 15:09:48:446[Info         ] Valid KVP [BodaciousQuest.ShowFullScreen] [false] added
2016-08-21 15:09:48:446[Info         ] Valid KVP [BodaciousQuest.FpsInterval] [5.0] added
2016-08-21 15:09:48:449[Info         ] Valid KVP [BodaciousQuest.EnableControls] [true] added
2016-08-21 15:09:48:449[Info         ] Valid KVP [BodaciousQuest.LoadCubeFirst] [true] added
2016-08-21 15:09:48:449[Info         ] Valid KVP [BodaciousQuest.CameraWalkMode] [false] added
2016-08-21 15:09:48:449[Info         ] Valid KVP [BodaciousQuest.GridSize] [40] added
2016-08-21 15:09:48:449[Info         ] Valid KVP [BodaciousQuest.LightingTest.Ambient.Color] [1.0  1.0  1.0] added
2016-08-21 15:09:48:449[Info         ] Valid KVP [BodaciousQuest.LightingTest.Diffuse.Color] [1.0  1.0  1.0] added
2016-08-21 15:09:48:449[Info         ] Valid KVP [BodaciousQuest.LightingTest.Specular.Color] [0.0  0.0  0.0] added
2016-08-21 15:09:48:449[Info         ] Valid KVP [BodaciousQuest.LightingTest.Ambient.Reflectivity] [0.01] added
2016-08-21 15:09:48:449[Info         ] Valid KVP [BodaciousQuest.LightingTest.Diffuse.Reflectivity] [0.8] added
2016-08-21 15:09:48:449[Info         ] Valid KVP [BodaciousQuest.LightingTest.Specular.Reflectivity] [0.5] added
2016-08-21 15:09:48:449[Info         ] Valid KVP [BodaciousQuest.LightingTest.Specular.Shininess] [1.0] added
2016-08-21 15:09:48:449[Info         ] Valid KVP [BodaciousQuest.LightingTest.Falloff.A] [1.0] added
2016-08-21 15:09:48:449[Info         ] Valid KVP [BodaciousQuest.LightingTest.Falloff.B] [0.01] added
2016-08-21 15:09:48:449[Info         ] Valid KVP [BodaciousQuest.LightingTest.Falloff.C] [0.0001] added
2016-08-21 15:09:48:449[Info         ] Valid KVP [BodaciousQuest.LightingTest.Directional] [false] added
2016-08-21 15:09:48:449[Info         ] Valid KVP [BodaciousQuest.LightingTest.Direction] [-1.0 0.0 1.0] added
2016-08-21 15:09:48:449[Info         ] Valid KVP [BodaciousQuest.LightingTest.Light.Position] [-0.875458 3.673020 1.043331] added
2016-08-21 15:09:48:449[Info         ] Valid KVP [BodaciousQuest.LightingTest.Dargon.Color] [1.0 1.0 0.4] added
2016-08-21 15:09:48:449[Info         ] Valid KVP [ObjConverter.Mode.VertexType] [pn] added
2016-08-21 15:09:48:449[Info         ] Valid KVP [ObjConverter.Mode.Analyze] [false] added
2016-08-21 15:09:48:449[Info         ] Valid KVP [ObjConverter.Model] [Dargon] added
2016-08-21 15:09:48:449[Info         ] Valid KVP [ObjConverter.Shader] [4] added
2016-08-21 15:09:48:449[Info         ] Valid KVP [ObjConverter.Color] [random] added
2016-08-21 15:09:48:449[Info         ] Valid KVP [ObjConverter.Obj.InputFileFolder] [..\\Data\\Objs\\] added
2016-08-21 15:09:48:449[Info         ] Valid KVP [ObjConverter.Scene.OutputFileFolder] [..\\Data\\Scenes\\] added
2016-08-21 15:09:48:449[Info         ] Valid KVP [ObjConverter.Model.Dargon.NumVerts] [57967] added
2016-08-21 15:09:48:449[Info         ] Valid KVP [ObjConverter.Model.Dargon.NumIndices] [337824] added
2016-08-21 15:09:48:449[Info         ] Valid KVP [ObjConverter.Model.Dargon.NumTexCoords] [60175] added
2016-08-21 15:09:48:449[Info         ] Valid KVP [ObjConverter.Model.Dargon.NumNormals] [337824] added
2016-08-21 15:09:48:449[Info         ] Valid KVP [ObjConverter.Model.Swamp.NumVerts] [2735] added
2016-08-21 15:09:48:449[Info         ] Valid KVP [ObjConverter.Model.Swamp.NumIndices] [8556] added
2016-08-21 15:09:48:449[Info         ] Valid KVP [ObjConverter.Model.Swamp.NumTexCoords] [3622] added
2016-08-21 15:09:48:449[Info         ] Valid KVP [ObjConverter.Model.Swamp.NumNormals] [5156] added
2016-08-21 15:09:48:449[Info         ] Valid KVP [ObjConverter.Model.Pyramid.NumVerts] [5] added
2016-08-21 15:09:48:449[Info         ] Valid KVP [ObjConverter.Model.Pyramid.NumIndices] [18] added
2016-08-21 15:09:48:449[Info         ] Valid KVP [ObjConverter.Model.Pyramid.NumTexCoords] [10] added
2016-08-21 15:09:48:450[Info         ] Valid KVP [ObjConverter.Model.Pyramid.NumNormals] [16] added
2016-08-21 15:09:48:450[Info         ] Valid KVP [ObjConverter.Model.AIWorld.NumVerts] [1957] added
2016-08-21 15:09:48:450[Info         ] Valid KVP [ObjConverter.Model.AIWorld.NumIndices] [8718] added
2016-08-21 15:09:48:450[Info         ] Valid KVP [ObjConverter.Model.AIWorld.NumTexCoords] [4186] added
2016-08-21 15:09:48:450[Info         ] Valid KVP [ObjConverter.Model.AIWorld.NumNormals] [5418] added
2016-08-21 15:09:48:450[Info         ] Valid KVP [ObjConverter.Model.GameWeapon.NumVerts] [2068] added
2016-08-21 15:09:48:450[Info         ] Valid KVP [ObjConverter.Model.GameWeapon.NumIndices] [9894] added
2016-08-21 15:09:48:450[Info         ] Valid KVP [ObjConverter.Model.GameWeapon.NumTexCoords] [0] added
2016-08-21 15:09:48:450[Info         ] Valid KVP [ObjConverter.Model.GameWeapon.NumNormals] [0] added
2016-08-21 15:09:48:450[Info         ] Valid KVP [ObjConverter.Model.Chicken.NumVerts] [224] added
2016-08-21 15:09:48:450[Info         ] Valid KVP [ObjConverter.Model.Chicken.NumIndices] [1374] added
2016-08-21 15:09:48:450[Info         ] Valid KVP [ObjConverter.Model.Chicken.NumTexCoords] [472] added
2016-08-21 15:09:48:450[Info         ] Valid KVP [ObjConverter.Model.Chicken.NumNormals] [565] added
2016-08-21 15:09:48:450[Info         ] Valid KVP [ObjConverter.Model.WaterPlane.NumVerts] [29282] added
2016-08-21 15:09:48:450[Info         ] Valid KVP [ObjConverter.Model.WaterPlane.NumIndices] [172800] added
2016-08-21 15:09:48:450[Info         ] Valid KVP [ObjConverter.Model.WaterPlane.NumTexCoords] [29282] added
2016-08-21 15:09:48:450[Info         ] Valid KVP [ObjConverter.Model.WaterPlane.NumNormals] [172800] added
2016-08-21 15:09:48:450[Info         ] Valid KVP [ObjConverter.Model.Cube.NumVerts] [8] added
2016-08-21 15:09:48:450[Info         ] Valid KVP [ObjConverter.Model.Cube.NumIndices] [36] added
2016-08-21 15:09:48:450[Info         ] Valid KVP [ObjConverter.Model.Cube.NumTexCoords] [14] added
2016-08-21 15:09:48:450[Info         ] Valid KVP [ObjConverter.Model.Cube.NumNormals] [24] added
2016-08-21 15:09:48:450[Info         ] Valid KVP [ObjConverter.Model.Barrel.NumVerts] [172] added
2016-08-21 15:09:48:450[Info         ] Valid KVP [ObjConverter.Model.Barrel.NumIndices] [1008] added
2016-08-21 15:09:48:450[Info         ] Valid KVP [ObjConverter.Model.Barrel.NumTexCoords] [328] added
2016-08-21 15:09:48:450[Info         ] Valid KVP [ObjConverter.Model.Barrel.NumNormals] [204] added
2016-08-21 15:09:48:450[Info         ] Valid KVP [ObjConverter.Model.SkyBox.NumVerts] [8] added
2016-08-21 15:09:48:450[Info         ] Valid KVP [ObjConverter.Model.SkyBox.NumIndices] [36] added
2016-08-21 15:09:48:450[Info         ] Valid KVP [ObjConverter.Model.SkyBox.NumTexCoords] [18] added
2016-08-21 15:09:48:450[Info         ] Valid KVP [ObjConverter.Model.SkyBox.NumNormals] [24] added
2016-08-21 15:09:48:519[cInfo        ] Config reader opened [..\Data\BodaciousQuest.config] for reading!
2016-08-21 15:09:48:598[Process      ] ShaderManager Initialized successfully
2016-08-21 15:09:48:598[Info         ] Shader Init started
2016-08-21 15:09:48:598[Info         ] Shader Program created.
2016-08-21 15:09:48:598[Process      ] ShaderProgram::Initialize()[1] successful!
2016-08-21 15:09:48:598[Debug        ] File [..\Data\shaders\debug.vert.shader] Opened successfully! Buffer Length:[291]
2016-08-21 15:09:48:598[Debug        ] Shader file [..\Data\shaders\debug.vert.shader] contents:
//BEGIN
#version 430 core

layout(location = 0)  in vec3 vPosition;

layout(location = 15) uniform vec3 colorin;
layout(location = 16) uniform mat4 MAT;

out vec4 color;

void main()
{
	vec4 vertPos = vec4(vPosition, 1.0);
	gl_Position = MAT *  vertPos;
	color = vec4(colorin, 1.0);
}
//END

2016-08-21 15:09:48:598[Debug        ]  ShaderProgram::AddShader() file with data was read in
2016-08-21 15:09:48:598[Debug        ] ShaderProgram::AddShader() : glShaderSource() successful
2016-08-21 15:09:48:599[Debug        ] ShaderProgram::AddShader() : glCompileShader() successful
2016-08-21 15:09:48:599[Info         ] ShaderProgram::CheckShaderCompileStatus(2) successful.
2016-08-21 15:09:48:599[Debug        ] ShaderProgram::AddShader() : glCompileShader() successful
2016-08-21 15:09:48:599[Info         ] ShaderInfo saved successfully.
2016-08-21 15:09:48:599[Debug        ] ShaderProgram::AddShader() : glAttachShader() successful
2016-08-21 15:09:48:599[Info         ] ShaderProgram::AddShader [2] successful.
2016-08-21 15:09:48:599[Debug        ] File [..\Data\shaders\debug.frag.shader] Opened successfully! Buffer Length:[104]
2016-08-21 15:09:48:599[Debug        ] Shader file [..\Data\shaders\debug.frag.shader] contents:
//BEGIN
#version 430 core


in  vec4 color;
out vec4 outColor;

void main()
{
	outColor = color;
}


//END

2016-08-21 15:09:48:599[Debug        ]  ShaderProgram::AddShader() file with data was read in
2016-08-21 15:09:48:599[Debug        ] ShaderProgram::AddShader() : glShaderSource() successful
2016-08-21 15:09:48:599[Debug        ] ShaderProgram::AddShader() : glCompileShader() successful
2016-08-21 15:09:48:599[Info         ] ShaderProgram::CheckShaderCompileStatus(3) successful.
2016-08-21 15:09:48:599[Debug        ] ShaderProgram::AddShader() : glCompileShader() successful
2016-08-21 15:09:48:599[Info         ] ShaderInfo saved successfully.
2016-08-21 15:09:48:599[Debug        ] ShaderProgram::AddShader() : glAttachShader() successful
2016-08-21 15:09:48:599[Info         ] ShaderProgram::AddShader [3] successful.
2016-08-21 15:09:48:600[Info         ] CheckProgramStatus() successful!
2016-08-21 15:09:48:600[Info         ] CheckProgramStatus() successful!
2016-08-21 15:09:48:600[Info         ] Shader Init started
2016-08-21 15:09:48:600[Info         ] Shader Program created.
2016-08-21 15:09:48:601[Process      ] ShaderProgram::Initialize()[4] successful!
2016-08-21 15:09:48:601[Debug        ] File [..\Data\shaders\play.vert.shader] Opened successfully! Buffer Length:[343]
2016-08-21 15:09:48:601[Debug        ] Shader file [..\Data\shaders\play.vert.shader] contents:
//BEGIN
#version 430 core

layout (location = 0)  in vec3 vPosition;
layout (location = 1)  in vec3 vColor;
layout (location = 15) uniform vec3 colorin;
layout (location = 16) uniform mat4 MAT;

out vec4 color;

void main()
{
	vec4 vertPos = vec4(vPosition, 1.0);
	gl_Position = MAT *  vertPos;
	color = vec4((vColor + colorin), 1.0);
}
//END

2016-08-21 15:09:48:601[Debug        ]  ShaderProgram::AddShader() file with data was read in
2016-08-21 15:09:48:601[Debug        ] ShaderProgram::AddShader() : glShaderSource() successful
2016-08-21 15:09:48:601[Debug        ] ShaderProgram::AddShader() : glCompileShader() successful
2016-08-21 15:09:48:601[Info         ] ShaderProgram::CheckShaderCompileStatus(5) successful.
2016-08-21 15:09:48:601[Debug        ] ShaderProgram::AddShader() : glCompileShader() successful
2016-08-21 15:09:48:601[Info         ] ShaderInfo saved successfully.
2016-08-21 15:09:48:601[Debug        ] ShaderProgram::AddShader() : glAttachShader() successful
2016-08-21 15:09:48:601[Info         ] ShaderProgram::AddShader [5] successful.
2016-08-21 15:09:48:601[Debug        ] File [..\Data\shaders\play.frag.shader] Opened successfully! Buffer Length:[391]
2016-08-21 15:09:48:601[Debug        ] Shader file [..\Data\shaders\play.frag.shader] contents:
//BEGIN
#version 430 core


in  vec4 color;
out vec4 outColor;

void main()
{

	//if (color.r < .7) discard;
	outColor = color;

	//if(((gl_FragCoord.x  > 600)&& (gl_FragCoord.y < 300)) || ((gl_FragCoord.y < 300)  && (gl_FragCoord.x  < 600) )) {
	//discard;
	//}

	//vec2 scrPos = vec2(gl_FragCoord) - vec2(350,150);
	//float len =  length(scrPos);
	//if(len < 50 )discard;
}


//END

2016-08-21 15:09:48:601[Debug        ]  ShaderProgram::AddShader() file with data was read in
2016-08-21 15:09:48:601[Debug        ] ShaderProgram::AddShader() : glShaderSource() successful
2016-08-21 15:09:48:602[Debug        ] ShaderProgram::AddShader() : glCompileShader() successful
2016-08-21 15:09:48:602[Info         ] ShaderProgram::CheckShaderCompileStatus(6) successful.
2016-08-21 15:09:48:602[Debug        ] ShaderProgram::AddShader() : glCompileShader() successful
2016-08-21 15:09:48:602[Info         ] ShaderInfo saved successfully.
2016-08-21 15:09:48:602[Debug        ] ShaderProgram::AddShader() : glAttachShader() successful
2016-08-21 15:09:48:602[Info         ] ShaderProgram::AddShader [6] successful.
2016-08-21 15:09:48:603[Info         ] CheckProgramStatus() successful!
2016-08-21 15:09:48:603[Info         ] CheckProgramStatus() successful!
2016-08-21 15:09:48:603[Info         ] Shader Init started
2016-08-21 15:09:48:603[Info         ] Shader Program created.
2016-08-21 15:09:48:603[Process      ] ShaderProgram::Initialize()[7] successful!
2016-08-21 15:09:48:603[Debug        ] File [..\Data\shaders\texture.vert.shader] Opened successfully! Buffer Length:[305]
2016-08-21 15:09:48:603[Debug        ] Shader file [..\Data\shaders\texture.vert.shader] contents:
//BEGIN
#version 430 core

layout (location = 0)  in vec3 vPosition;
layout (location = 1)  in vec2 vUV;

layout (location = 16) uniform mat4 MAT;

//out data
out vec2 UV;

//out vec4 color;

void main()
{
	vec4 vertPos = vec4(vPosition, 1.0);
	gl_Position = MAT *  vertPos;

	UV = vUV;
	
	
}
//END

2016-08-21 15:09:48:603[Debug        ]  ShaderProgram::AddShader() file with data was read in
2016-08-21 15:09:48:603[Debug        ] ShaderProgram::AddShader() : glShaderSource() successful
2016-08-21 15:09:48:604[Debug        ] ShaderProgram::AddShader() : glCompileShader() successful
2016-08-21 15:09:48:604[Info         ] ShaderProgram::CheckShaderCompileStatus(8) successful.
2016-08-21 15:09:48:604[Debug        ] ShaderProgram::AddShader() : glCompileShader() successful
2016-08-21 15:09:48:604[Info         ] ShaderInfo saved successfully.
2016-08-21 15:09:48:604[Debug        ] ShaderProgram::AddShader() : glAttachShader() successful
2016-08-21 15:09:48:604[Info         ] ShaderProgram::AddShader [8] successful.
2016-08-21 15:09:48:604[Debug        ] File [..\Data\shaders\texture.frag.shader] Opened successfully! Buffer Length:[482]
2016-08-21 15:09:48:604[Debug        ] Shader file [..\Data\shaders\texture.frag.shader] contents:
//BEGIN
#version 430 core


in  vec2 UV;
out vec4 outColor;

layout(location = 20) uniform sampler2D textureSampler;

void main()
{

	//if (color.r < .7) discard;
	outColor = vec4(texture(textureSampler, UV).rgb, 1.0);

	//if(((gl_FragCoord.x  > 600)&& (gl_FragCoord.y < 300)) || ((gl_FragCoord.y < 300)  && (gl_FragCoord.x  < 600) )) {
	//discard;
	//}
	//vec2 scrPos = vec2(gl_FragCoord) - vec2(350,150);
	//float len =  length(scrPos);
	//if(len < 50 )discard;
}


//END

2016-08-21 15:09:48:604[Debug        ]  ShaderProgram::AddShader() file with data was read in
2016-08-21 15:09:48:604[Debug        ] ShaderProgram::AddShader() : glShaderSource() successful
2016-08-21 15:09:48:604[Debug        ] ShaderProgram::AddShader() : glCompileShader() successful
2016-08-21 15:09:48:604[Info         ] ShaderProgram::CheckShaderCompileStatus(9) successful.
2016-08-21 15:09:48:604[Debug        ] ShaderProgram::AddShader() : glCompileShader() successful
2016-08-21 15:09:48:604[Info         ] ShaderInfo saved successfully.
2016-08-21 15:09:48:604[Debug        ] ShaderProgram::AddShader() : glAttachShader() successful
2016-08-21 15:09:48:604[Info         ] ShaderProgram::AddShader [9] successful.
2016-08-21 15:09:48:605[Info         ] CheckProgramStatus() successful!
2016-08-21 15:09:48:605[Info         ] CheckProgramStatus() successful!
2016-08-21 15:09:48:605[Info         ] Shader Init started
2016-08-21 15:09:48:605[Info         ] Shader Program created.
2016-08-21 15:09:48:606[Process      ] ShaderProgram::Initialize()[10] successful!
2016-08-21 15:09:48:606[Debug        ] File [..\Data\shaders\framebuffer.vert.shader] Opened successfully! Buffer Length:[305]
2016-08-21 15:09:48:606[Debug        ] Shader file [..\Data\shaders\framebuffer.vert.shader] contents:
//BEGIN
#version 430 core

layout (location = 0)  in vec3 vPosition;
layout (location = 1)  in vec2 vUV;

layout (location = 16) uniform mat4 MAT;

//out data
out vec2 UV;

//out vec4 color;

void main()
{
	vec4 vertPos = vec4(vPosition, 1.0);
	gl_Position = MAT *  vertPos;

	UV = vUV;
	
	
}
//END

2016-08-21 15:09:48:606[Debug        ]  ShaderProgram::AddShader() file with data was read in
2016-08-21 15:09:48:606[Debug        ] ShaderProgram::AddShader() : glShaderSource() successful
2016-08-21 15:09:48:606[Debug        ] ShaderProgram::AddShader() : glCompileShader() successful
2016-08-21 15:09:48:606[Info         ] ShaderProgram::CheckShaderCompileStatus(11) successful.
2016-08-21 15:09:48:606[Debug        ] ShaderProgram::AddShader() : glCompileShader() successful
2016-08-21 15:09:48:606[Info         ] ShaderInfo saved successfully.
2016-08-21 15:09:48:606[Debug        ] ShaderProgram::AddShader() : glAttachShader() successful
2016-08-21 15:09:48:606[Info         ] ShaderProgram::AddShader [11] successful.
2016-08-21 15:09:48:606[Debug        ] File [..\Data\shaders\framebuffer.frag.shader] Opened successfully! Buffer Length:[275]
2016-08-21 15:09:48:606[Debug        ] Shader file [..\Data\shaders\framebuffer.frag.shader] contents:
//BEGIN
#version 430 core


in  vec2 UV;
out vec4 outColor;

layout(location = 20) uniform sampler2D textureSampler;

void main()
{


	vec3 tempCol = texture(textureSampler, UV).rgb;

	outColor = vec4(tempCol.r / 1.5f, tempCol.g / 1.5f, tempCol.b / 1.5f, 1.0f);
}


//END

2016-08-21 15:09:48:606[Debug        ]  ShaderProgram::AddShader() file with data was read in
2016-08-21 15:09:48:606[Debug        ] ShaderProgram::AddShader() : glShaderSource() successful
2016-08-21 15:09:48:606[Debug        ] ShaderProgram::AddShader() : glCompileShader() successful
2016-08-21 15:09:48:606[Info         ] ShaderProgram::CheckShaderCompileStatus(12) successful.
2016-08-21 15:09:48:606[Debug        ] ShaderProgram::AddShader() : glCompileShader() successful
2016-08-21 15:09:48:606[Info         ] ShaderInfo saved successfully.
2016-08-21 15:09:48:606[Debug        ] ShaderProgram::AddShader() : glAttachShader() successful
2016-08-21 15:09:48:606[Info         ] ShaderProgram::AddShader [12] successful.
2016-08-21 15:09:48:607[Info         ] CheckProgramStatus() successful!
2016-08-21 15:09:48:608[Info         ] CheckProgramStatus() successful!
2016-08-21 15:09:48:608[Info         ] Shader Init started
2016-08-21 15:09:48:608[Info         ] Shader Program created.
2016-08-21 15:09:48:608[Process      ] ShaderProgram::Initialize()[13] successful!
2016-08-21 15:09:48:608[Debug        ] File [..\Data\shaders\lighting.vert.shader] Opened successfully! Buffer Length:[1145]
2016-08-21 15:09:48:608[cDebug       ] Shader file [..\Data\shaders\lighting.vert.shader] is too big to display contents.
2016-08-21 15:09:48:610[Debug        ]  ShaderProgram::AddShader() file with data was read in
2016-08-21 15:09:48:610[Debug        ] ShaderProgram::AddShader() : glShaderSource() successful
2016-08-21 15:09:48:611[Debug        ] ShaderProgram::AddShader() : glCompileShader() successful
2016-08-21 15:09:48:611[Info         ] ShaderProgram::CheckShaderCompileStatus(14) successful.
2016-08-21 15:09:48:611[Debug        ] ShaderProgram::AddShader() : glCompileShader() successful
2016-08-21 15:09:48:611[Info         ] ShaderInfo saved successfully.
2016-08-21 15:09:48:611[Debug        ] ShaderProgram::AddShader() : glAttachShader() successful
2016-08-21 15:09:48:611[Info         ] ShaderProgram::AddShader [14] successful.
2016-08-21 15:09:48:611[Debug        ] File [..\Data\shaders\lighting.frag.shader] Opened successfully! Buffer Length:[1744]
2016-08-21 15:09:48:611[cDebug       ] Shader file [..\Data\shaders\lighting.frag.shader] is too big to display contents.
2016-08-21 15:09:48:613[Debug        ]  ShaderProgram::AddShader() file with data was read in
2016-08-21 15:09:48:613[Debug        ] ShaderProgram::AddShader() : glShaderSource() successful
2016-08-21 15:09:48:614[Debug        ] ShaderProgram::AddShader() : glCompileShader() successful
2016-08-21 15:09:48:614[Info         ] ShaderProgram::CheckShaderCompileStatus(15) successful.
2016-08-21 15:09:48:614[Debug        ] ShaderProgram::AddShader() : glCompileShader() successful
2016-08-21 15:09:48:614[Info         ] ShaderInfo saved successfully.
2016-08-21 15:09:48:614[Debug        ] ShaderProgram::AddShader() : glAttachShader() successful
2016-08-21 15:09:48:614[Info         ] ShaderProgram::AddShader [15] successful.
2016-08-21 15:09:48:620[Info         ] CheckProgramStatus() successful!
2016-08-21 15:09:48:620[Info         ] CheckProgramStatus() successful!
2016-08-21 15:09:48:620[Info         ] Shader Init started
2016-08-21 15:09:48:620[Info         ] Shader Program created.
2016-08-21 15:09:48:620[Process      ] ShaderProgram::Initialize()[16] successful!
2016-08-21 15:09:48:620[Debug        ] File [..\Data\shaders\texlighting.vert.shader] Opened successfully! Buffer Length:[1110]
2016-08-21 15:09:48:620[cDebug       ] Shader file [..\Data\shaders\texlighting.vert.shader] is too big to display contents.
2016-08-21 15:09:48:621[Debug        ]  ShaderProgram::AddShader() file with data was read in
2016-08-21 15:09:48:621[Debug        ] ShaderProgram::AddShader() : glShaderSource() successful
2016-08-21 15:09:48:622[Debug        ] ShaderProgram::AddShader() : glCompileShader() successful
2016-08-21 15:09:48:622[Info         ] ShaderProgram::CheckShaderCompileStatus(17) successful.
2016-08-21 15:09:48:622[Debug        ] ShaderProgram::AddShader() : glCompileShader() successful
2016-08-21 15:09:48:622[Info         ] ShaderInfo saved successfully.
2016-08-21 15:09:48:622[Debug        ] ShaderProgram::AddShader() : glAttachShader() successful
2016-08-21 15:09:48:622[Info         ] ShaderProgram::AddShader [17] successful.
2016-08-21 15:09:48:622[Debug        ] File [..\Data\shaders\texlighting.frag.shader] Opened successfully! Buffer Length:[1717]
2016-08-21 15:09:48:622[cDebug       ] Shader file [..\Data\shaders\texlighting.frag.shader] is too big to display contents.
2016-08-21 15:09:48:623[Debug        ]  ShaderProgram::AddShader() file with data was read in
2016-08-21 15:09:48:623[Debug        ] ShaderProgram::AddShader() : glShaderSource() successful
2016-08-21 15:09:48:624[Debug        ] ShaderProgram::AddShader() : glCompileShader() successful
2016-08-21 15:09:48:624[Info         ] ShaderProgram::CheckShaderCompileStatus(18) successful.
2016-08-21 15:09:48:624[Debug        ] ShaderProgram::AddShader() : glCompileShader() successful
2016-08-21 15:09:48:624[Info         ] ShaderInfo saved successfully.
2016-08-21 15:09:48:624[Debug        ] ShaderProgram::AddShader() : glAttachShader() successful
2016-08-21 15:09:48:624[Info         ] ShaderProgram::AddShader [18] successful.
2016-08-21 15:09:48:627[Info         ] CheckProgramStatus() successful!
2016-08-21 15:09:48:627[Info         ] CheckProgramStatus() successful!
2016-08-21 15:09:48:627[Info         ] Shader Init started
2016-08-21 15:09:48:627[Info         ] Shader Program created.
2016-08-21 15:09:48:627[Process      ] ShaderProgram::Initialize()[19] successful!
2016-08-21 15:09:48:627[Debug        ] File [..\Data\shaders\water.vert.shader] Opened successfully! Buffer Length:[1400]
2016-08-21 15:09:48:627[cDebug       ] Shader file [..\Data\shaders\water.vert.shader] is too big to display contents.
2016-08-21 15:09:48:628[Debug        ]  ShaderProgram::AddShader() file with data was read in
2016-08-21 15:09:48:629[Debug        ] ShaderProgram::AddShader() : glShaderSource() successful
2016-08-21 15:09:48:629[Debug        ] ShaderProgram::AddShader() : glCompileShader() successful
2016-08-21 15:09:48:629[Info         ] ShaderProgram::CheckShaderCompileStatus(20) successful.
2016-08-21 15:09:48:629[Debug        ] ShaderProgram::AddShader() : glCompileShader() successful
2016-08-21 15:09:48:629[Info         ] ShaderInfo saved successfully.
2016-08-21 15:09:48:629[Debug        ] ShaderProgram::AddShader() : glAttachShader() successful
2016-08-21 15:09:48:629[Info         ] ShaderProgram::AddShader [20] successful.
2016-08-21 15:09:48:630[Debug        ] File [..\Data\shaders\water.frag.shader] Opened successfully! Buffer Length:[2436]
2016-08-21 15:09:48:630[cDebug       ] Shader file [..\Data\shaders\water.frag.shader] is too big to display contents.
2016-08-21 15:09:48:631[Debug        ]  ShaderProgram::AddShader() file with data was read in
2016-08-21 15:09:48:631[Debug        ] ShaderProgram::AddShader() : glShaderSource() successful
2016-08-21 15:09:48:632[Debug        ] ShaderProgram::AddShader() : glCompileShader() successful
2016-08-21 15:09:48:632[Info         ] ShaderProgram::CheckShaderCompileStatus(21) successful.
2016-08-21 15:09:48:632[Debug        ] ShaderProgram::AddShader() : glCompileShader() successful
2016-08-21 15:09:48:632[Info         ] ShaderInfo saved successfully.
2016-08-21 15:09:48:632[Debug        ] ShaderProgram::AddShader() : glAttachShader() successful
2016-08-21 15:09:48:632[Info         ] ShaderProgram::AddShader [21] successful.
2016-08-21 15:09:48:635[Info         ] CheckProgramStatus() successful!
2016-08-21 15:09:48:635[Info         ] CheckProgramStatus() successful!
2016-08-21 15:09:48:636[Info         ] GetAttribLocation [vPosition] successful.
2016-08-21 15:09:48:636[Info         ] GetUniformLocation [colorin] successful.
2016-08-21 15:09:48:636[Info         ] GetUniformLocation [MAT] successful.
2016-08-21 15:09:48:636[cProcess     ] RenderEngine::Initialize() successful.
2016-08-21 15:09:48:636[cInfo        ] 
-----------------------------------------------------------------------
 BufferInfo::CreateBuffers()[0] Created buffers:| VERTEX [1] with [80] bytes. || INDEX [2] with [24] bytes |
-----------------------------------------------------------------------

2016-08-21 15:09:48:641[cInfo        ] --------BufferInfo::AddMesh() Added mesh successfully-------
2016-08-21 15:09:48:642[cInfo        ] 
2016-08-21 15:09:48:642[cInfo        ] --------------------| START BUFFER MESH INFO |-------------------------------------
2016-08-21 15:09:48:644[cInfo        ] BufferInfo::AddMesh(): NUM VERTS-----------------[4]
2016-08-21 15:09:48:645[cInfo        ] BufferInfo::AddMesh(): NUM INDICES---------------[6]
2016-08-21 15:09:48:645[cInfo        ] BufferInfo::AddMesh(): VERT OFFSET---------------[0]
2016-08-21 15:09:48:650[cInfo        ] BufferInfo::AddMesh(): INDICES OFFSET (BYTES)----[0]
2016-08-21 15:09:48:651[cInfo        ] --------------------|  END BUFFER MESH INFO  |--------------------------------------
2016-08-21 15:09:48:652[cInfo        ] 

2016-08-21 15:09:48:653[cInfo        ] 
-----------------------------------------------------------------------
 BufferInfo::CreateBuffers()[0] Created buffers:| VERTEX [3] with [96] bytes. || INDEX [4] with [48] bytes |
-----------------------------------------------------------------------

2016-08-21 15:09:48:656[cInfo        ] --------BufferInfo::AddMesh() Added mesh successfully-------
2016-08-21 15:09:48:658[cInfo        ] 
2016-08-21 15:09:48:658[cInfo        ] --------------------| START BUFFER MESH INFO |-------------------------------------
2016-08-21 15:09:48:661[cInfo        ] BufferInfo::AddMesh(): NUM VERTS-----------------[8]
2016-08-21 15:09:48:662[cInfo        ] BufferInfo::AddMesh(): NUM INDICES---------------[24]
2016-08-21 15:09:48:664[cInfo        ] BufferInfo::AddMesh(): VERT OFFSET---------------[0]
2016-08-21 15:09:48:665[cInfo        ] BufferInfo::AddMesh(): INDICES OFFSET (BYTES)----[0]
2016-08-21 15:09:48:667[cInfo        ] --------------------|  END BUFFER MESH INFO  |--------------------------------------
2016-08-21 15:09:48:668[cInfo        ] 

2016-08-21 15:09:48:671[cInfo        ] 
-----------------------------------------------------------------------
 BufferInfo::CreateBuffers()[0] Created buffers:| VERTEX [5] with [864] bytes. || INDEX [6] with [0] bytes |
-----------------------------------------------------------------------

2016-08-21 15:09:48:676[cInfo        ] --------BufferInfo::AddMesh() Added mesh successfully-------
2016-08-21 15:09:48:676[cInfo        ] 
2016-08-21 15:09:48:677[cInfo        ] --------------------| START BUFFER MESH INFO |-------------------------------------
2016-08-21 15:09:48:678[cInfo        ] BufferInfo::AddMesh(): NUM VERTS-----------------[36]
2016-08-21 15:09:48:682[cInfo        ] BufferInfo::AddMesh(): NUM INDICES---------------[0]
2016-08-21 15:09:48:683[cInfo        ] BufferInfo::AddMesh(): VERT OFFSET---------------[0]
2016-08-21 15:09:48:684[cInfo        ] BufferInfo::AddMesh(): INDICES OFFSET (BYTES)----[0]
2016-08-21 15:09:48:685[cInfo        ] --------------------|  END BUFFER MESH INFO  |--------------------------------------
2016-08-21 15:09:48:686[cInfo        ] 

2016-08-21 15:09:48:687[cInfo        ] 
-----------------------------------------------------------------------
 BufferInfo::CreateBuffers()[0] Created buffers:| VERTEX [7] with [144] bytes. || INDEX [8] with [0] bytes |
-----------------------------------------------------------------------

2016-08-21 15:09:48:692[cInfo        ] --------BufferInfo::AddMesh() Added mesh successfully-------
2016-08-21 15:09:48:693[cInfo        ] 
2016-08-21 15:09:48:693[cInfo        ] --------------------| START BUFFER MESH INFO |-------------------------------------
2016-08-21 15:09:48:695[cInfo        ] BufferInfo::AddMesh(): NUM VERTS-----------------[6]
2016-08-21 15:09:48:696[cInfo        ] BufferInfo::AddMesh(): NUM INDICES---------------[0]
2016-08-21 15:09:48:697[cInfo        ] BufferInfo::AddMesh(): VERT OFFSET---------------[0]
2016-08-21 15:09:48:698[cInfo        ] BufferInfo::AddMesh(): INDICES OFFSET (BYTES)----[0]
2016-08-21 15:09:48:699[cInfo        ] --------------------|  END BUFFER MESH INFO  |--------------------------------------
2016-08-21 15:09:48:702[cInfo        ] 

2016-08-21 15:09:48:703[Process      ] BufferInfo::Initialize() successful.
2016-08-21 15:09:48:703[cInfo        ] 
-----------------------------------------------------------------------
 BufferInfo::CreateBuffers()[0] Created buffers:| VERTEX [9] with [1000000] bytes. || INDEX [10] with [1000000] bytes |
-----------------------------------------------------------------------

2016-08-21 15:09:48:707[cInfo        ] --------BufferInfo::AddMesh() Added mesh successfully-------
2016-08-21 15:09:48:708[cInfo        ] 
2016-08-21 15:09:48:708[cInfo        ] --------------------| START BUFFER MESH INFO |-------------------------------------
2016-08-21 15:09:48:709[cInfo        ] BufferInfo::AddMesh(): NUM VERTS-----------------[24]
2016-08-21 15:09:48:711[cInfo        ] BufferInfo::AddMesh(): NUM INDICES---------------[36]
2016-08-21 15:09:48:713[cInfo        ] BufferInfo::AddMesh(): VERT OFFSET---------------[0]
2016-08-21 15:09:48:714[cInfo        ] BufferInfo::AddMesh(): INDICES OFFSET (BYTES)----[0]
2016-08-21 15:09:48:716[cInfo        ] --------------------|  END BUFFER MESH INFO  |--------------------------------------
2016-08-21 15:09:48:717[cInfo        ] 

2016-08-21 15:09:48:719[Process      ] BufferInfo::Initialize() successful.
2016-08-21 15:09:48:719[cInfo        ] 
-----------------------------------------------------------------------
 BufferInfo::CreateBuffers()[1] Created buffers:| VERTEX [11] with [1000000] bytes. || INDEX [12] with [1000000] bytes |
-----------------------------------------------------------------------

2016-08-21 15:09:48:726[cInfo        ] --------BufferInfo::AddMesh() Added mesh successfully-------
2016-08-21 15:09:48:727[cInfo        ] 
2016-08-21 15:09:48:728[cInfo        ] --------------------| START BUFFER MESH INFO |-------------------------------------
2016-08-21 15:09:48:730[cInfo        ] BufferInfo::AddMesh(): NUM VERTS-----------------[1536]
2016-08-21 15:09:48:733[cInfo        ] BufferInfo::AddMesh(): NUM INDICES---------------[3072]
2016-08-21 15:09:48:735[cInfo        ] BufferInfo::AddMesh(): VERT OFFSET---------------[0]
2016-08-21 15:09:48:736[cInfo        ] BufferInfo::AddMesh(): INDICES OFFSET (BYTES)----[0]
2016-08-21 15:09:48:736[cInfo        ] --------------------|  END BUFFER MESH INFO  |--------------------------------------
2016-08-21 15:09:48:738[cInfo        ] 

2016-08-21 15:09:48:739[cInfo        ] 
-----------------------------------------------------------------------
 BufferInfo::CreateBuffers()[0] Created buffers:| VERTEX [13] with [3936] bytes. || INDEX [14] with [0] bytes |
-----------------------------------------------------------------------

2016-08-21 15:09:48:744[cInfo        ] --------BufferInfo::AddMesh() Added mesh successfully-------
2016-08-21 15:09:48:745[cInfo        ] 
2016-08-21 15:09:48:746[cInfo        ] --------------------| START BUFFER MESH INFO |-------------------------------------
2016-08-21 15:09:48:747[cInfo        ] BufferInfo::AddMesh(): NUM VERTS-----------------[164]
2016-08-21 15:09:48:749[cInfo        ] BufferInfo::AddMesh(): NUM INDICES---------------[0]
2016-08-21 15:09:48:750[cInfo        ] BufferInfo::AddMesh(): VERT OFFSET---------------[0]
2016-08-21 15:09:48:751[cInfo        ] BufferInfo::AddMesh(): INDICES OFFSET (BYTES)----[0]
2016-08-21 15:09:48:751[cInfo        ] --------------------|  END BUFFER MESH INFO  |--------------------------------------
2016-08-21 15:09:48:754[cInfo        ] 

2016-08-21 15:09:48:755[cProcess     ] ShapeGenerator initialized successfully.
2016-08-21 15:09:48:756[cProcess     ] Camera::Initialize() successful.
2016-08-21 15:09:48:757[cProcess     ] Keyboard::Initialize() successful
2016-08-21 15:09:48:758[cProcess     ] Keyboard::Initialize() successful
2016-08-21 15:09:51:648[cInfo        ] 
-----------------------------------------------------------------------
 BufferInfo::CreateBuffers()[0] Created buffers:| VERTEX [15] with [10810368] bytes. || INDEX [16] with [0] bytes |
-----------------------------------------------------------------------

2016-08-21 15:09:51:668[cInfo        ] --------BufferInfo::AddMesh() Added mesh successfully-------
2016-08-21 15:09:51:668[cInfo        ] 
2016-08-21 15:09:51:669[cInfo        ] --------------------| START BUFFER MESH INFO |-------------------------------------
2016-08-21 15:09:51:670[cInfo        ] BufferInfo::AddMesh(): NUM VERTS-----------------[337824]
2016-08-21 15:09:51:671[cInfo        ] BufferInfo::AddMesh(): NUM INDICES---------------[0]
2016-08-21 15:09:51:672[cInfo        ] BufferInfo::AddMesh(): VERT OFFSET---------------[0]
2016-08-21 15:09:51:673[cInfo        ] BufferInfo::AddMesh(): INDICES OFFSET (BYTES)----[0]
2016-08-21 15:09:51:674[cInfo        ] --------------------|  END BUFFER MESH INFO  |--------------------------------------
2016-08-21 15:09:51:675[cInfo        ] 

2016-08-21 15:09:51:707[Info         ] ShapeGenerator::ReadSceneFile(): Added new scene [..\Data\Scenes\Dargon.ptn.scene] successfully.
2016-08-21 15:09:51:707[cInfo        ] EntityManager::BuildPlayerEntity(): Built [Dargon] successfully
2016-08-21 15:09:51:713[Process      ] BufferInfo::Initialize() successful.
2016-08-21 15:09:51:717[cInfo        ] 
-----------------------------------------------------------------------
 BufferInfo::CreateBuffers()[2] Created buffers:| VERTEX [17] with [1000000] bytes. || INDEX [18] with [1000000] bytes |
-----------------------------------------------------------------------

2016-08-21 15:09:51:721[cInfo        ] --------BufferInfo::AddMesh() Added mesh successfully-------
2016-08-21 15:09:51:722[cInfo        ] 
2016-08-21 15:09:51:723[cInfo        ] --------------------| START BUFFER MESH INFO |-------------------------------------
2016-08-21 15:09:51:724[cInfo        ] BufferInfo::AddMesh(): NUM VERTS-----------------[36]
2016-08-21 15:09:51:726[cInfo        ] BufferInfo::AddMesh(): NUM INDICES---------------[0]
2016-08-21 15:09:51:727[cInfo        ] BufferInfo::AddMesh(): VERT OFFSET---------------[0]
2016-08-21 15:09:51:728[cInfo        ] BufferInfo::AddMesh(): INDICES OFFSET (BYTES)----[0]
2016-08-21 15:09:51:729[cInfo        ] --------------------|  END BUFFER MESH INFO  |--------------------------------------
2016-08-21 15:09:51:730[cInfo        ] 

2016-08-21 15:09:51:731[Info         ] ShapeGenerator::ReadSceneFile(): Added new scene [..\Data\Scenes\Cube.pn.scene] successfully.
2016-08-21 15:09:51:732[Process      ] BufferInfo::Initialize() successful.
2016-08-21 15:09:51:732[cInfo        ] 
-----------------------------------------------------------------------
 BufferInfo::CreateBuffers()[3] Created buffers:| VERTEX [19] with [1000000] bytes. || INDEX [20] with [1000000] bytes |
-----------------------------------------------------------------------

2016-08-21 15:09:51:737[cInfo        ] --------BufferInfo::AddMesh() Added mesh successfully-------
2016-08-21 15:09:51:738[cInfo        ] 
2016-08-21 15:09:51:738[cInfo        ] --------------------| START BUFFER MESH INFO |-------------------------------------
2016-08-21 15:09:51:739[cInfo        ] BufferInfo::AddMesh(): NUM VERTS-----------------[8718]
2016-08-21 15:09:51:740[cInfo        ] BufferInfo::AddMesh(): NUM INDICES---------------[0]
2016-08-21 15:09:51:741[cInfo        ] BufferInfo::AddMesh(): VERT OFFSET---------------[0]
2016-08-21 15:09:51:742[cInfo        ] BufferInfo::AddMesh(): INDICES OFFSET (BYTES)----[0]
2016-08-21 15:09:51:743[cInfo        ] --------------------|  END BUFFER MESH INFO  |--------------------------------------
2016-08-21 15:09:51:744[cInfo        ] 

2016-08-21 15:09:51:748[Info         ] ShapeGenerator::ReadSceneFile(): Added new scene [..\Data\Scenes\AIWorld.ptn.scene] successfully.
2016-08-21 15:09:51:748[cInfo        ] --------BufferInfo::AddMesh() Added mesh successfully-------
2016-08-21 15:09:51:750[cInfo        ] 
2016-08-21 15:09:51:750[cInfo        ] --------------------| START BUFFER MESH INFO |-------------------------------------
2016-08-21 15:09:51:751[cInfo        ] BufferInfo::AddMesh(): NUM VERTS-----------------[18]
2016-08-21 15:09:51:752[cInfo        ] BufferInfo::AddMesh(): NUM INDICES---------------[0]
2016-08-21 15:09:51:754[cInfo        ] BufferInfo::AddMesh(): VERT OFFSET---------------[36]
2016-08-21 15:09:51:756[cInfo        ] BufferInfo::AddMesh(): INDICES OFFSET (BYTES)----[0]
2016-08-21 15:09:51:757[cInfo        ] --------------------|  END BUFFER MESH INFO  |--------------------------------------
2016-08-21 15:09:51:758[cInfo        ] 

2016-08-21 15:09:51:759[Info         ] ShapeGenerator::ReadSceneFile(): Added new scene [..\Data\Scenes\Pyramid.pn.scene] successfully.
2016-08-21 15:09:51:764[cInfo        ] 
-----------------------------------------------------------------------
 BufferInfo::CreateBuffers()[0] Created buffers:| VERTEX [21] with [5529600] bytes. || INDEX [22] with [0] bytes |
-----------------------------------------------------------------------

2016-08-21 15:09:51:780[cInfo        ] --------BufferInfo::AddMesh() Added mesh successfully-------
2016-08-21 15:09:51:780[cInfo        ] 
2016-08-21 15:09:51:781[cInfo        ] --------------------| START BUFFER MESH INFO |-------------------------------------
2016-08-21 15:09:51:782[cInfo        ] BufferInfo::AddMesh(): NUM VERTS-----------------[172800]
2016-08-21 15:09:51:783[cInfo        ] BufferInfo::AddMesh(): NUM INDICES---------------[0]
2016-08-21 15:09:51:785[cInfo        ] BufferInfo::AddMesh(): VERT OFFSET---------------[0]
2016-08-21 15:09:51:786[cInfo        ] BufferInfo::AddMesh(): INDICES OFFSET (BYTES)----[0]
2016-08-21 15:09:51:787[cInfo        ] --------------------|  END BUFFER MESH INFO  |--------------------------------------
2016-08-21 15:09:51:788[cInfo        ] 

2016-08-21 15:09:51:788[Info         ] ShapeGenerator::ReadSceneFile(): Added new scene [..\Data\Scenes\WaterPlane.ptn.scene] successfully.
2016-08-21 15:09:51:789[cProcess     ] Camera::Initialize() successful.
2016-08-21 15:09:51:799[Process      ] BufferInfo::Initialize() successful.
2016-08-21 15:09:51:799[cInfo        ] 
-----------------------------------------------------------------------
 BufferInfo::CreateBuffers()[4] Created buffers:| VERTEX [23] with [8107776] bytes. || INDEX [24] with [0] bytes |
-----------------------------------------------------------------------

2016-08-21 15:09:51:815[cInfo        ] --------BufferInfo::AddMesh() Added mesh successfully-------
2016-08-21 15:09:51:816[cInfo        ] 
2016-08-21 15:09:51:817[cInfo        ] --------------------| START BUFFER MESH INFO |-------------------------------------
2016-08-21 15:09:51:819[cInfo        ] BufferInfo::AddMesh(): NUM VERTS-----------------[337824]
2016-08-21 15:09:51:820[cInfo        ] BufferInfo::AddMesh(): NUM INDICES---------------[0]
2016-08-21 15:09:51:821[cInfo        ] BufferInfo::AddMesh(): VERT OFFSET---------------[0]
2016-08-21 15:09:51:823[cInfo        ] BufferInfo::AddMesh(): INDICES OFFSET (BYTES)----[0]
2016-08-21 15:09:51:825[cInfo        ] --------------------|  END BUFFER MESH INFO  |--------------------------------------
2016-08-21 15:09:51:826[cInfo        ] 

2016-08-21 15:09:51:827[Info         ] ShapeGenerator::ReadSceneFile(): Added new scene [..\Data\Scenes\Dargon.pn.scene] successfully.
2016-08-21 15:09:51:827[Process      ] BufferInfo::Initialize() successful.
2016-08-21 15:09:51:827[cInfo        ] 
-----------------------------------------------------------------------
 BufferInfo::CreateBuffers()[5] Created buffers:| VERTEX [25] with [1000000] bytes. || INDEX [26] with [1000000] bytes |
-----------------------------------------------------------------------

2016-08-21 15:09:51:832[cInfo        ] --------BufferInfo::AddMesh() Added mesh successfully-------
2016-08-21 15:09:51:833[cInfo        ] 
2016-08-21 15:09:51:834[cInfo        ] --------------------| START BUFFER MESH INFO |-------------------------------------
2016-08-21 15:09:51:835[cInfo        ] BufferInfo::AddMesh(): NUM VERTS-----------------[6]
2016-08-21 15:09:51:835[cInfo        ] BufferInfo::AddMesh(): NUM INDICES---------------[0]
2016-08-21 15:09:51:836[cInfo        ] BufferInfo::AddMesh(): VERT OFFSET---------------[0]
2016-08-21 15:09:51:837[cInfo        ] BufferInfo::AddMesh(): INDICES OFFSET (BYTES)----[0]
2016-08-21 15:09:51:838[cInfo        ] --------------------|  END BUFFER MESH INFO  |--------------------------------------
2016-08-21 15:09:51:839[cInfo        ] 

2016-08-21 15:09:51:840[cProcess     ] BodaciousQuest::Initialize() successful.
2016-08-21 15:09:51:840[Process      ] GameTime::Initialize() ok

2016-08-21 15:09:51:840[cProcess     ] MyWindow::Initialize() successful!
2016-08-21 15:10:00:553[cProcess     ] BufferManager::Shutdown() successful.
2016-08-21 15:10:00:554[cProcess     ] RenderEngine::Shutdown() successful.
2016-08-21 15:10:00:555[cProcess     ] Camera::Shutdown() successful.
2016-08-21 15:10:00:556[Info         ] Shader  [2] deleting...
2016-08-21 15:10:00:556[Info         ] Shader  [2] deleted successfully.
2016-08-21 15:10:00:556[Info         ] Shader  [3] deleting...
2016-08-21 15:10:00:556[Info         ] Shader  [3] deleted successfully.
2016-08-21 15:10:00:556[Info         ] All shaders deleted successfully.
2016-08-21 15:10:00:556[cInfo        ] Program [1] deleted successfully.
2016-08-21 15:10:00:557[Process      ] ShaderProgram[1]::Shutdown successful!
2016-08-21 15:10:00:557[Info         ] Shader  [5] deleting...
2016-08-21 15:10:00:557[Info         ] Shader  [5] deleted successfully.
2016-08-21 15:10:00:557[Info         ] Shader  [6] deleting...
2016-08-21 15:10:00:557[Info         ] Shader  [6] deleted successfully.
2016-08-21 15:10:00:557[Info         ] All shaders deleted successfully.
2016-08-21 15:10:00:557[cInfo        ] Program [4] deleted successfully.
2016-08-21 15:10:00:558[Process      ] ShaderProgram[4]::Shutdown successful!
2016-08-21 15:10:00:558[Info         ] Shader  [8] deleting...
2016-08-21 15:10:00:558[Info         ] Shader  [8] deleted successfully.
2016-08-21 15:10:00:558[Info         ] Shader  [9] deleting...
2016-08-21 15:10:00:558[Info         ] Shader  [9] deleted successfully.
2016-08-21 15:10:00:558[Info         ] All shaders deleted successfully.
2016-08-21 15:10:00:558[cInfo        ] Program [7] deleted successfully.
2016-08-21 15:10:00:559[Process      ] ShaderProgram[7]::Shutdown successful!
2016-08-21 15:10:00:559[Info         ] Shader  [11] deleting...
2016-08-21 15:10:00:559[Info         ] Shader  [11] deleted successfully.
2016-08-21 15:10:00:559[Info         ] Shader  [12] deleting...
2016-08-21 15:10:00:559[Info         ] Shader  [12] deleted successfully.
2016-08-21 15:10:00:559[Info         ] All shaders deleted successfully.
2016-08-21 15:10:00:559[cInfo        ] Program [10] deleted successfully.
2016-08-21 15:10:00:560[Process      ] ShaderProgram[10]::Shutdown successful!
2016-08-21 15:10:00:560[Info         ] Shader  [14] deleting...
2016-08-21 15:10:00:560[Info         ] Shader  [14] deleted successfully.
2016-08-21 15:10:00:560[Info         ] Shader  [15] deleting...
2016-08-21 15:10:00:560[Info         ] Shader  [15] deleted successfully.
2016-08-21 15:10:00:560[Info         ] All shaders deleted successfully.
2016-08-21 15:10:00:560[cInfo        ] Program [13] deleted successfully.
2016-08-21 15:10:00:561[Process      ] ShaderProgram[13]::Shutdown successful!
2016-08-21 15:10:00:561[Info         ] Shader  [17] deleting...
2016-08-21 15:10:00:561[Info         ] Shader  [17] deleted successfully.
2016-08-21 15:10:00:561[Info         ] Shader  [18] deleting...
2016-08-21 15:10:00:561[Info         ] Shader  [18] deleted successfully.
2016-08-21 15:10:00:561[Info         ] All shaders deleted successfully.
2016-08-21 15:10:00:561[cInfo        ] Program [16] deleted successfully.
2016-08-21 15:10:00:565[Process      ] ShaderProgram[16]::Shutdown successful!
2016-08-21 15:10:00:566[Info         ] Shader  [20] deleting...
2016-08-21 15:10:00:566[Info         ] Shader  [20] deleted successfully.
2016-08-21 15:10:00:566[Info         ] Shader  [21] deleting...
2016-08-21 15:10:00:566[Info         ] Shader  [21] deleted successfully.
2016-08-21 15:10:00:566[Info         ] All shaders deleted successfully.
2016-08-21 15:10:00:566[cInfo        ] Program [19] deleted successfully.
2016-08-21 15:10:00:567[Process      ] ShaderProgram[19]::Shutdown successful!
2016-08-21 15:10:00:567[cProcess     ] MyWindow::Shutdown() successful!
2016-08-21 15:10:00:567[cProcess     ] BodaciousQuest::Shutdown() successful.
2016-08-21 15:10:00:579[Process      ] ConfigReader shut down successfully
2016-08-21 15:10:00:579[Process      ] GameLogger::ShutDown() successful
