2016-08-21 12:35:59:657[Process      ] GameLogger::Initialize() opened log file [..\Data\LogFiles\2016-08-21 12-35-59.BodaciousQuest.log] for writing
2016-08-21 12:35:59:657[Info         ] GameLogger::Initialize() successful
2016-08-21 12:35:59:657[Process      ] ConfigReader opened [..\Data\BodaciousQuest.config] successfully
2016-08-21 12:35:59:657[Info         ] ConfigReader initialized successfully
2016-08-21 12:35:59:657[Info         ] Valid KVP [BodaciousQuest.ShowFullScreen] [false] added
2016-08-21 12:35:59:657[Info         ] Valid KVP [BodaciousQuest.FpsInterval] [5.0] added
2016-08-21 12:35:59:658[Info         ] Valid KVP [BodaciousQuest.EnableControls] [true] added
2016-08-21 12:35:59:658[Info         ] Valid KVP [BodaciousQuest.LoadCubeFirst] [true] added
2016-08-21 12:35:59:658[Info         ] Valid KVP [BodaciousQuest.CameraWalkMode] [false] added
2016-08-21 12:35:59:658[Info         ] Valid KVP [BodaciousQuest.GridSize] [40] added
2016-08-21 12:35:59:658[Info         ] Valid KVP [BodaciousQuest.LightingTest.Ambient.Color] [1.0  1.0  1.0] added
2016-08-21 12:35:59:658[Info         ] Valid KVP [BodaciousQuest.LightingTest.Diffuse.Color] [1.0  1.0  1.0] added
2016-08-21 12:35:59:658[Info         ] Valid KVP [BodaciousQuest.LightingTest.Specular.Color] [0.0  0.0  0.0] added
2016-08-21 12:35:59:658[Info         ] Valid KVP [BodaciousQuest.LightingTest.Ambient.Reflectivity] [0.01] added
2016-08-21 12:35:59:658[Info         ] Valid KVP [BodaciousQuest.LightingTest.Diffuse.Reflectivity] [0.8] added
2016-08-21 12:35:59:658[Info         ] Valid KVP [BodaciousQuest.LightingTest.Specular.Reflectivity] [0.5] added
2016-08-21 12:35:59:658[Info         ] Valid KVP [BodaciousQuest.LightingTest.Specular.Shininess] [1.0] added
2016-08-21 12:35:59:658[Info         ] Valid KVP [BodaciousQuest.LightingTest.Falloff.A] [1.0] added
2016-08-21 12:35:59:658[Info         ] Valid KVP [BodaciousQuest.LightingTest.Falloff.B] [0.01] added
2016-08-21 12:35:59:658[Info         ] Valid KVP [BodaciousQuest.LightingTest.Falloff.C] [0.0001] added
2016-08-21 12:35:59:658[Info         ] Valid KVP [BodaciousQuest.LightingTest.Directional] [false] added
2016-08-21 12:35:59:658[Info         ] Valid KVP [BodaciousQuest.LightingTest.Direction] [-1.0 0.0 1.0] added
2016-08-21 12:35:59:658[Info         ] Valid KVP [BodaciousQuest.LightingTest.Light.Position] [-0.875458 3.673020 1.043331] added
2016-08-21 12:35:59:658[Info         ] Valid KVP [BodaciousQuest.LightingTest.Dargon.Color] [1.0 1.0 0.4] added
2016-08-21 12:35:59:658[Info         ] Valid KVP [ObjConverter.Mode.VertexType] [pn] added
2016-08-21 12:35:59:658[Info         ] Valid KVP [ObjConverter.Mode.Analyze] [false] added
2016-08-21 12:35:59:658[Info         ] Valid KVP [ObjConverter.Model] [Dargon] added
2016-08-21 12:35:59:658[Info         ] Valid KVP [ObjConverter.Shader] [4] added
2016-08-21 12:35:59:658[Info         ] Valid KVP [ObjConverter.Color] [random] added
2016-08-21 12:35:59:658[Info         ] Valid KVP [ObjConverter.Obj.InputFileFolder] [..\\Data\\Objs\\] added
2016-08-21 12:35:59:658[Info         ] Valid KVP [ObjConverter.Scene.OutputFileFolder] [..\\Data\\Scenes\\] added
2016-08-21 12:35:59:658[Info         ] Valid KVP [ObjConverter.Model.Dargon.NumVerts] [57967] added
2016-08-21 12:35:59:658[Info         ] Valid KVP [ObjConverter.Model.Dargon.NumIndices] [337824] added
2016-08-21 12:35:59:658[Info         ] Valid KVP [ObjConverter.Model.Dargon.NumTexCoords] [60175] added
2016-08-21 12:35:59:658[Info         ] Valid KVP [ObjConverter.Model.Dargon.NumNormals] [337824] added
2016-08-21 12:35:59:658[Info         ] Valid KVP [ObjConverter.Model.Swamp.NumVerts] [2735] added
2016-08-21 12:35:59:658[Info         ] Valid KVP [ObjConverter.Model.Swamp.NumIndices] [8556] added
2016-08-21 12:35:59:658[Info         ] Valid KVP [ObjConverter.Model.Swamp.NumTexCoords] [3622] added
2016-08-21 12:35:59:658[Info         ] Valid KVP [ObjConverter.Model.Swamp.NumNormals] [5156] added
2016-08-21 12:35:59:658[Info         ] Valid KVP [ObjConverter.Model.Pyramid.NumVerts] [5] added
2016-08-21 12:35:59:658[Info         ] Valid KVP [ObjConverter.Model.Pyramid.NumIndices] [18] added
2016-08-21 12:35:59:658[Info         ] Valid KVP [ObjConverter.Model.Pyramid.NumTexCoords] [10] added
2016-08-21 12:35:59:658[Info         ] Valid KVP [ObjConverter.Model.Pyramid.NumNormals] [16] added
2016-08-21 12:35:59:658[Info         ] Valid KVP [ObjConverter.Model.AIWorld.NumVerts] [1957] added
2016-08-21 12:35:59:658[Info         ] Valid KVP [ObjConverter.Model.AIWorld.NumIndices] [8718] added
2016-08-21 12:35:59:658[Info         ] Valid KVP [ObjConverter.Model.AIWorld.NumTexCoords] [4186] added
2016-08-21 12:35:59:658[Info         ] Valid KVP [ObjConverter.Model.AIWorld.NumNormals] [5418] added
2016-08-21 12:35:59:658[Info         ] Valid KVP [ObjConverter.Model.GameWeapon.NumVerts] [2068] added
2016-08-21 12:35:59:658[Info         ] Valid KVP [ObjConverter.Model.GameWeapon.NumIndices] [9894] added
2016-08-21 12:35:59:659[Info         ] Valid KVP [ObjConverter.Model.GameWeapon.NumTexCoords] [0] added
2016-08-21 12:35:59:659[Info         ] Valid KVP [ObjConverter.Model.GameWeapon.NumNormals] [0] added
2016-08-21 12:35:59:659[Info         ] Valid KVP [ObjConverter.Model.Chicken.NumVerts] [224] added
2016-08-21 12:35:59:659[Info         ] Valid KVP [ObjConverter.Model.Chicken.NumIndices] [1374] added
2016-08-21 12:35:59:659[Info         ] Valid KVP [ObjConverter.Model.Chicken.NumTexCoords] [472] added
2016-08-21 12:35:59:659[Info         ] Valid KVP [ObjConverter.Model.Chicken.NumNormals] [565] added
2016-08-21 12:35:59:659[Info         ] Valid KVP [ObjConverter.Model.WaterPlane.NumVerts] [29282] added
2016-08-21 12:35:59:659[Info         ] Valid KVP [ObjConverter.Model.WaterPlane.NumIndices] [172800] added
2016-08-21 12:35:59:659[Info         ] Valid KVP [ObjConverter.Model.WaterPlane.NumTexCoords] [29282] added
2016-08-21 12:35:59:659[Info         ] Valid KVP [ObjConverter.Model.WaterPlane.NumNormals] [172800] added
2016-08-21 12:35:59:659[Info         ] Valid KVP [ObjConverter.Model.Cube.NumVerts] [8] added
2016-08-21 12:35:59:659[Info         ] Valid KVP [ObjConverter.Model.Cube.NumIndices] [36] added
2016-08-21 12:35:59:659[Info         ] Valid KVP [ObjConverter.Model.Cube.NumTexCoords] [14] added
2016-08-21 12:35:59:659[Info         ] Valid KVP [ObjConverter.Model.Cube.NumNormals] [24] added
2016-08-21 12:35:59:659[Info         ] Valid KVP [ObjConverter.Model.Barrel.NumVerts] [172] added
2016-08-21 12:35:59:659[Info         ] Valid KVP [ObjConverter.Model.Barrel.NumIndices] [1008] added
2016-08-21 12:35:59:659[Info         ] Valid KVP [ObjConverter.Model.Barrel.NumTexCoords] [328] added
2016-08-21 12:35:59:659[Info         ] Valid KVP [ObjConverter.Model.Barrel.NumNormals] [204] added
2016-08-21 12:35:59:659[Info         ] Valid KVP [ObjConverter.Model.SkyBox.NumVerts] [8] added
2016-08-21 12:35:59:659[Info         ] Valid KVP [ObjConverter.Model.SkyBox.NumIndices] [36] added
2016-08-21 12:35:59:659[Info         ] Valid KVP [ObjConverter.Model.SkyBox.NumTexCoords] [18] added
2016-08-21 12:35:59:659[Info         ] Valid KVP [ObjConverter.Model.SkyBox.NumNormals] [24] added
2016-08-21 12:35:59:738[cInfo        ] Config reader opened [..\Data\BodaciousQuest.config] for reading!
2016-08-21 12:35:59:811[Process      ] ShaderManager Initialized successfully
2016-08-21 12:35:59:811[Info         ] Shader Init started
2016-08-21 12:35:59:812[Info         ] Shader Program created.
2016-08-21 12:35:59:812[Process      ] ShaderProgram::Initialize()[1] successful!
2016-08-21 12:35:59:812[Debug        ] File [..\Data\shaders\debug.vert.shader] Opened successfully! Buffer Length:[291]
2016-08-21 12:35:59:812[Debug        ] Shader file [..\Data\shaders\debug.vert.shader] contents:
//BEGIN
#version 430 core

layout(location = 0)  in vec3 vPosition;

layout(location = 15) uniform vec3 colorin;
layout(location = 16) uniform mat4 MAT;

out vec4 color;

void main()
{
	vec4 vertPos = vec4(vPosition, 1.0);
	gl_Position = MAT *  vertPos;
	color = vec4(colorin, 1.0);
}
//END

2016-08-21 12:35:59:812[Debug        ]  ShaderProgram::AddShader() file with data was read in
2016-08-21 12:35:59:812[Debug        ] ShaderProgram::AddShader() : glShaderSource() successful
2016-08-21 12:35:59:813[Debug        ] ShaderProgram::AddShader() : glCompileShader() successful
2016-08-21 12:35:59:813[Info         ] ShaderProgram::CheckShaderCompileStatus(2) successful.
2016-08-21 12:35:59:813[Debug        ] ShaderProgram::AddShader() : glCompileShader() successful
2016-08-21 12:35:59:813[Info         ] ShaderInfo saved successfully.
2016-08-21 12:35:59:813[Debug        ] ShaderProgram::AddShader() : glAttachShader() successful
2016-08-21 12:35:59:813[Info         ] ShaderProgram::AddShader [2] successful.
2016-08-21 12:35:59:813[Debug        ] File [..\Data\shaders\debug.frag.shader] Opened successfully! Buffer Length:[104]
2016-08-21 12:35:59:813[Debug        ] Shader file [..\Data\shaders\debug.frag.shader] contents:
//BEGIN
#version 430 core


in  vec4 color;
out vec4 outColor;

void main()
{
	outColor = color;
}


//END

2016-08-21 12:35:59:813[Debug        ]  ShaderProgram::AddShader() file with data was read in
2016-08-21 12:35:59:813[Debug        ] ShaderProgram::AddShader() : glShaderSource() successful
2016-08-21 12:35:59:813[Debug        ] ShaderProgram::AddShader() : glCompileShader() successful
2016-08-21 12:35:59:813[Info         ] ShaderProgram::CheckShaderCompileStatus(3) successful.
2016-08-21 12:35:59:813[Debug        ] ShaderProgram::AddShader() : glCompileShader() successful
2016-08-21 12:35:59:813[Info         ] ShaderInfo saved successfully.
2016-08-21 12:35:59:813[Debug        ] ShaderProgram::AddShader() : glAttachShader() successful
2016-08-21 12:35:59:813[Info         ] ShaderProgram::AddShader [3] successful.
2016-08-21 12:35:59:816[Info         ] CheckProgramStatus() successful!
2016-08-21 12:35:59:816[Info         ] CheckProgramStatus() successful!
2016-08-21 12:35:59:816[Info         ] Shader Init started
2016-08-21 12:35:59:816[Info         ] Shader Program created.
2016-08-21 12:35:59:816[Process      ] ShaderProgram::Initialize()[4] successful!
2016-08-21 12:35:59:817[Debug        ] File [..\Data\shaders\play.vert.shader] Opened successfully! Buffer Length:[343]
2016-08-21 12:35:59:817[Debug        ] Shader file [..\Data\shaders\play.vert.shader] contents:
//BEGIN
#version 430 core

layout (location = 0)  in vec3 vPosition;
layout (location = 1)  in vec3 vColor;
layout (location = 15) uniform vec3 colorin;
layout (location = 16) uniform mat4 MAT;

out vec4 color;

void main()
{
	vec4 vertPos = vec4(vPosition, 1.0);
	gl_Position = MAT *  vertPos;
	color = vec4((vColor + colorin), 1.0);
}
//END

2016-08-21 12:35:59:817[Debug        ]  ShaderProgram::AddShader() file with data was read in
2016-08-21 12:35:59:817[Debug        ] ShaderProgram::AddShader() : glShaderSource() successful
2016-08-21 12:35:59:817[Debug        ] ShaderProgram::AddShader() : glCompileShader() successful
2016-08-21 12:35:59:817[Info         ] ShaderProgram::CheckShaderCompileStatus(5) successful.
2016-08-21 12:35:59:817[Debug        ] ShaderProgram::AddShader() : glCompileShader() successful
2016-08-21 12:35:59:817[Info         ] ShaderInfo saved successfully.
2016-08-21 12:35:59:817[Debug        ] ShaderProgram::AddShader() : glAttachShader() successful
2016-08-21 12:35:59:817[Info         ] ShaderProgram::AddShader [5] successful.
2016-08-21 12:35:59:817[Debug        ] File [..\Data\shaders\play.frag.shader] Opened successfully! Buffer Length:[391]
2016-08-21 12:35:59:817[Debug        ] Shader file [..\Data\shaders\play.frag.shader] contents:
//BEGIN
#version 430 core


in  vec4 color;
out vec4 outColor;

void main()
{

	//if (color.r < .7) discard;
	outColor = color;

	//if(((gl_FragCoord.x  > 600)&& (gl_FragCoord.y < 300)) || ((gl_FragCoord.y < 300)  && (gl_FragCoord.x  < 600) )) {
	//discard;
	//}

	//vec2 scrPos = vec2(gl_FragCoord) - vec2(350,150);
	//float len =  length(scrPos);
	//if(len < 50 )discard;
}


//END

2016-08-21 12:35:59:817[Debug        ]  ShaderProgram::AddShader() file with data was read in
2016-08-21 12:35:59:817[Debug        ] ShaderProgram::AddShader() : glShaderSource() successful
2016-08-21 12:35:59:817[Debug        ] ShaderProgram::AddShader() : glCompileShader() successful
2016-08-21 12:35:59:817[Info         ] ShaderProgram::CheckShaderCompileStatus(6) successful.
2016-08-21 12:35:59:817[Debug        ] ShaderProgram::AddShader() : glCompileShader() successful
2016-08-21 12:35:59:817[Info         ] ShaderInfo saved successfully.
2016-08-21 12:35:59:817[Debug        ] ShaderProgram::AddShader() : glAttachShader() successful
2016-08-21 12:35:59:817[Info         ] ShaderProgram::AddShader [6] successful.
2016-08-21 12:35:59:818[Info         ] CheckProgramStatus() successful!
2016-08-21 12:35:59:818[Info         ] CheckProgramStatus() successful!
2016-08-21 12:35:59:818[Info         ] Shader Init started
2016-08-21 12:35:59:818[Info         ] Shader Program created.
2016-08-21 12:35:59:818[Process      ] ShaderProgram::Initialize()[7] successful!
2016-08-21 12:35:59:818[Debug        ] File [..\Data\shaders\texture.vert.shader] Opened successfully! Buffer Length:[305]
2016-08-21 12:35:59:818[Debug        ] Shader file [..\Data\shaders\texture.vert.shader] contents:
//BEGIN
#version 430 core

layout (location = 0)  in vec3 vPosition;
layout (location = 1)  in vec2 vUV;

layout (location = 16) uniform mat4 MAT;

//out data
out vec2 UV;

//out vec4 color;

void main()
{
	vec4 vertPos = vec4(vPosition, 1.0);
	gl_Position = MAT *  vertPos;

	UV = vUV;
	
	
}
//END

2016-08-21 12:35:59:818[Debug        ]  ShaderProgram::AddShader() file with data was read in
2016-08-21 12:35:59:818[Debug        ] ShaderProgram::AddShader() : glShaderSource() successful
2016-08-21 12:35:59:819[Debug        ] ShaderProgram::AddShader() : glCompileShader() successful
2016-08-21 12:35:59:819[Info         ] ShaderProgram::CheckShaderCompileStatus(8) successful.
2016-08-21 12:35:59:819[Debug        ] ShaderProgram::AddShader() : glCompileShader() successful
2016-08-21 12:35:59:819[Info         ] ShaderInfo saved successfully.
2016-08-21 12:35:59:819[Debug        ] ShaderProgram::AddShader() : glAttachShader() successful
2016-08-21 12:35:59:819[Info         ] ShaderProgram::AddShader [8] successful.
2016-08-21 12:35:59:819[Debug        ] File [..\Data\shaders\texture.frag.shader] Opened successfully! Buffer Length:[482]
2016-08-21 12:35:59:819[Debug        ] Shader file [..\Data\shaders\texture.frag.shader] contents:
//BEGIN
#version 430 core


in  vec2 UV;
out vec4 outColor;

layout(location = 20) uniform sampler2D textureSampler;

void main()
{

	//if (color.r < .7) discard;
	outColor = vec4(texture(textureSampler, UV).rgb, 1.0);

	//if(((gl_FragCoord.x  > 600)&& (gl_FragCoord.y < 300)) || ((gl_FragCoord.y < 300)  && (gl_FragCoord.x  < 600) )) {
	//discard;
	//}
	//vec2 scrPos = vec2(gl_FragCoord) - vec2(350,150);
	//float len =  length(scrPos);
	//if(len < 50 )discard;
}


//END

2016-08-21 12:35:59:819[Debug        ]  ShaderProgram::AddShader() file with data was read in
2016-08-21 12:35:59:819[Debug        ] ShaderProgram::AddShader() : glShaderSource() successful
2016-08-21 12:35:59:819[Debug        ] ShaderProgram::AddShader() : glCompileShader() successful
2016-08-21 12:35:59:819[Info         ] ShaderProgram::CheckShaderCompileStatus(9) successful.
2016-08-21 12:35:59:819[Debug        ] ShaderProgram::AddShader() : glCompileShader() successful
2016-08-21 12:35:59:819[Info         ] ShaderInfo saved successfully.
2016-08-21 12:35:59:819[Debug        ] ShaderProgram::AddShader() : glAttachShader() successful
2016-08-21 12:35:59:819[Info         ] ShaderProgram::AddShader [9] successful.
2016-08-21 12:35:59:820[Info         ] CheckProgramStatus() successful!
2016-08-21 12:35:59:820[Info         ] CheckProgramStatus() successful!
2016-08-21 12:35:59:820[Info         ] Shader Init started
2016-08-21 12:35:59:820[Info         ] Shader Program created.
2016-08-21 12:35:59:820[Process      ] ShaderProgram::Initialize()[10] successful!
2016-08-21 12:35:59:820[Debug        ] File [..\Data\shaders\framebuffer.vert.shader] Opened successfully! Buffer Length:[305]
2016-08-21 12:35:59:821[Debug        ] Shader file [..\Data\shaders\framebuffer.vert.shader] contents:
//BEGIN
#version 430 core

layout (location = 0)  in vec3 vPosition;
layout (location = 1)  in vec2 vUV;

layout (location = 16) uniform mat4 MAT;

//out data
out vec2 UV;

//out vec4 color;

void main()
{
	vec4 vertPos = vec4(vPosition, 1.0);
	gl_Position = MAT *  vertPos;

	UV = vUV;
	
	
}
//END

2016-08-21 12:35:59:821[Debug        ]  ShaderProgram::AddShader() file with data was read in
2016-08-21 12:35:59:821[Debug        ] ShaderProgram::AddShader() : glShaderSource() successful
2016-08-21 12:35:59:821[Debug        ] ShaderProgram::AddShader() : glCompileShader() successful
2016-08-21 12:35:59:821[Info         ] ShaderProgram::CheckShaderCompileStatus(11) successful.
2016-08-21 12:35:59:821[Debug        ] ShaderProgram::AddShader() : glCompileShader() successful
2016-08-21 12:35:59:821[Info         ] ShaderInfo saved successfully.
2016-08-21 12:35:59:821[Debug        ] ShaderProgram::AddShader() : glAttachShader() successful
2016-08-21 12:35:59:821[Info         ] ShaderProgram::AddShader [11] successful.
2016-08-21 12:35:59:821[Debug        ] File [..\Data\shaders\framebuffer.frag.shader] Opened successfully! Buffer Length:[275]
2016-08-21 12:35:59:821[Debug        ] Shader file [..\Data\shaders\framebuffer.frag.shader] contents:
//BEGIN
#version 430 core


in  vec2 UV;
out vec4 outColor;

layout(location = 20) uniform sampler2D textureSampler;

void main()
{


	vec3 tempCol = texture(textureSampler, UV).rgb;

	outColor = vec4(tempCol.r / 1.5f, tempCol.g / 1.5f, tempCol.b / 1.5f, 1.0f);
}


//END

2016-08-21 12:35:59:821[Debug        ]  ShaderProgram::AddShader() file with data was read in
2016-08-21 12:35:59:821[Debug        ] ShaderProgram::AddShader() : glShaderSource() successful
2016-08-21 12:35:59:821[Debug        ] ShaderProgram::AddShader() : glCompileShader() successful
2016-08-21 12:35:59:821[Info         ] ShaderProgram::CheckShaderCompileStatus(12) successful.
2016-08-21 12:35:59:821[Debug        ] ShaderProgram::AddShader() : glCompileShader() successful
2016-08-21 12:35:59:821[Info         ] ShaderInfo saved successfully.
2016-08-21 12:35:59:821[Debug        ] ShaderProgram::AddShader() : glAttachShader() successful
2016-08-21 12:35:59:821[Info         ] ShaderProgram::AddShader [12] successful.
2016-08-21 12:35:59:822[Info         ] CheckProgramStatus() successful!
2016-08-21 12:35:59:822[Info         ] CheckProgramStatus() successful!
2016-08-21 12:35:59:822[Info         ] Shader Init started
2016-08-21 12:35:59:822[Info         ] Shader Program created.
2016-08-21 12:35:59:822[Process      ] ShaderProgram::Initialize()[13] successful!
2016-08-21 12:35:59:822[Debug        ] File [..\Data\shaders\lighting.vert.shader] Opened successfully! Buffer Length:[1145]
2016-08-21 12:35:59:823[cDebug       ] Shader file [..\Data\shaders\lighting.vert.shader] is too big to display contents.
2016-08-21 12:35:59:824[Debug        ]  ShaderProgram::AddShader() file with data was read in
2016-08-21 12:35:59:824[Debug        ] ShaderProgram::AddShader() : glShaderSource() successful
2016-08-21 12:35:59:825[Debug        ] ShaderProgram::AddShader() : glCompileShader() successful
2016-08-21 12:35:59:825[Info         ] ShaderProgram::CheckShaderCompileStatus(14) successful.
2016-08-21 12:35:59:825[Debug        ] ShaderProgram::AddShader() : glCompileShader() successful
2016-08-21 12:35:59:825[Info         ] ShaderInfo saved successfully.
2016-08-21 12:35:59:825[Debug        ] ShaderProgram::AddShader() : glAttachShader() successful
2016-08-21 12:35:59:825[Info         ] ShaderProgram::AddShader [14] successful.
2016-08-21 12:35:59:825[Debug        ] File [..\Data\shaders\lighting.frag.shader] Opened successfully! Buffer Length:[1744]
2016-08-21 12:35:59:825[cDebug       ] Shader file [..\Data\shaders\lighting.frag.shader] is too big to display contents.
2016-08-21 12:35:59:827[Debug        ]  ShaderProgram::AddShader() file with data was read in
2016-08-21 12:35:59:827[Debug        ] ShaderProgram::AddShader() : glShaderSource() successful
2016-08-21 12:35:59:828[Debug        ] ShaderProgram::AddShader() : glCompileShader() successful
2016-08-21 12:35:59:828[Info         ] ShaderProgram::CheckShaderCompileStatus(15) successful.
2016-08-21 12:35:59:828[Debug        ] ShaderProgram::AddShader() : glCompileShader() successful
2016-08-21 12:35:59:828[Info         ] ShaderInfo saved successfully.
2016-08-21 12:35:59:828[Debug        ] ShaderProgram::AddShader() : glAttachShader() successful
2016-08-21 12:35:59:828[Info         ] ShaderProgram::AddShader [15] successful.
2016-08-21 12:35:59:832[Info         ] CheckProgramStatus() successful!
2016-08-21 12:35:59:832[Info         ] CheckProgramStatus() successful!
2016-08-21 12:35:59:832[Info         ] Shader Init started
2016-08-21 12:35:59:832[Info         ] Shader Program created.
2016-08-21 12:35:59:832[Process      ] ShaderProgram::Initialize()[16] successful!
2016-08-21 12:35:59:832[Debug        ] File [..\Data\shaders\texlighting.vert.shader] Opened successfully! Buffer Length:[1110]
2016-08-21 12:35:59:833[cDebug       ] Shader file [..\Data\shaders\texlighting.vert.shader] is too big to display contents.
2016-08-21 12:35:59:834[Debug        ]  ShaderProgram::AddShader() file with data was read in
2016-08-21 12:35:59:834[Debug        ] ShaderProgram::AddShader() : glShaderSource() successful
2016-08-21 12:35:59:835[Debug        ] ShaderProgram::AddShader() : glCompileShader() successful
2016-08-21 12:35:59:835[Info         ] ShaderProgram::CheckShaderCompileStatus(17) successful.
2016-08-21 12:35:59:835[Debug        ] ShaderProgram::AddShader() : glCompileShader() successful
2016-08-21 12:35:59:835[Info         ] ShaderInfo saved successfully.
2016-08-21 12:35:59:835[Debug        ] ShaderProgram::AddShader() : glAttachShader() successful
2016-08-21 12:35:59:835[Info         ] ShaderProgram::AddShader [17] successful.
2016-08-21 12:35:59:835[Debug        ] File [..\Data\shaders\texlighting.frag.shader] Opened successfully! Buffer Length:[1717]
2016-08-21 12:35:59:835[cDebug       ] Shader file [..\Data\shaders\texlighting.frag.shader] is too big to display contents.
2016-08-21 12:35:59:837[Debug        ]  ShaderProgram::AddShader() file with data was read in
2016-08-21 12:35:59:837[Debug        ] ShaderProgram::AddShader() : glShaderSource() successful
2016-08-21 12:35:59:837[Debug        ] ShaderProgram::AddShader() : glCompileShader() successful
2016-08-21 12:35:59:838[Info         ] ShaderProgram::CheckShaderCompileStatus(18) successful.
2016-08-21 12:35:59:838[Debug        ] ShaderProgram::AddShader() : glCompileShader() successful
2016-08-21 12:35:59:838[Info         ] ShaderInfo saved successfully.
2016-08-21 12:35:59:838[Debug        ] ShaderProgram::AddShader() : glAttachShader() successful
2016-08-21 12:35:59:838[Info         ] ShaderProgram::AddShader [18] successful.
2016-08-21 12:35:59:841[Info         ] CheckProgramStatus() successful!
2016-08-21 12:35:59:841[Info         ] CheckProgramStatus() successful!
2016-08-21 12:35:59:841[Info         ] Shader Init started
2016-08-21 12:35:59:841[Info         ] Shader Program created.
2016-08-21 12:35:59:841[Process      ] ShaderProgram::Initialize()[19] successful!
2016-08-21 12:35:59:841[Debug        ] File [..\Data\shaders\water.vert.shader] Opened successfully! Buffer Length:[1400]
2016-08-21 12:35:59:841[cDebug       ] Shader file [..\Data\shaders\water.vert.shader] is too big to display contents.
2016-08-21 12:35:59:843[Debug        ]  ShaderProgram::AddShader() file with data was read in
2016-08-21 12:35:59:843[Debug        ] ShaderProgram::AddShader() : glShaderSource() successful
2016-08-21 12:35:59:844[Debug        ] ShaderProgram::AddShader() : glCompileShader() successful
2016-08-21 12:35:59:844[Info         ] ShaderProgram::CheckShaderCompileStatus(20) successful.
2016-08-21 12:35:59:844[Debug        ] ShaderProgram::AddShader() : glCompileShader() successful
2016-08-21 12:35:59:844[Info         ] ShaderInfo saved successfully.
2016-08-21 12:35:59:844[Debug        ] ShaderProgram::AddShader() : glAttachShader() successful
2016-08-21 12:35:59:844[Info         ] ShaderProgram::AddShader [20] successful.
2016-08-21 12:35:59:844[Debug        ] File [..\Data\shaders\water.frag.shader] Opened successfully! Buffer Length:[2436]
2016-08-21 12:35:59:844[cDebug       ] Shader file [..\Data\shaders\water.frag.shader] is too big to display contents.
2016-08-21 12:35:59:847[Debug        ]  ShaderProgram::AddShader() file with data was read in
2016-08-21 12:35:59:847[Debug        ] ShaderProgram::AddShader() : glShaderSource() successful
2016-08-21 12:35:59:848[Debug        ] ShaderProgram::AddShader() : glCompileShader() successful
2016-08-21 12:35:59:848[Info         ] ShaderProgram::CheckShaderCompileStatus(21) successful.
2016-08-21 12:35:59:848[Debug        ] ShaderProgram::AddShader() : glCompileShader() successful
2016-08-21 12:35:59:848[Info         ] ShaderInfo saved successfully.
2016-08-21 12:35:59:848[Debug        ] ShaderProgram::AddShader() : glAttachShader() successful
2016-08-21 12:35:59:848[Info         ] ShaderProgram::AddShader [21] successful.
2016-08-21 12:35:59:851[Info         ] CheckProgramStatus() successful!
2016-08-21 12:35:59:851[Info         ] CheckProgramStatus() successful!
2016-08-21 12:35:59:851[Info         ] GetAttribLocation [vPosition] successful.
2016-08-21 12:35:59:851[Info         ] GetUniformLocation [colorin] successful.
2016-08-21 12:35:59:851[Info         ] GetUniformLocation [MAT] successful.
2016-08-21 12:35:59:851[cProcess     ] RenderEngine::Initialize() successful.
2016-08-21 12:35:59:852[cInfo        ] 
-----------------------------------------------------------------------
 BufferInfo::CreateBuffers()[0] Created buffers:| VERTEX [1] with [80] bytes. || INDEX [2] with [24] bytes |
-----------------------------------------------------------------------

2016-08-21 12:35:59:857[cInfo        ] --------BufferInfo::AddMesh() Added mesh successfully-------
2016-08-21 12:35:59:858[cInfo        ] 
2016-08-21 12:35:59:858[cInfo        ] --------------------| START BUFFER MESH INFO |-------------------------------------
2016-08-21 12:35:59:860[cInfo        ] BufferInfo::AddMesh(): NUM VERTS-----------------[4]
2016-08-21 12:35:59:861[cInfo        ] BufferInfo::AddMesh(): NUM INDICES---------------[6]
2016-08-21 12:35:59:862[cInfo        ] BufferInfo::AddMesh(): VERT OFFSET---------------[0]
2016-08-21 12:35:59:863[cInfo        ] BufferInfo::AddMesh(): INDICES OFFSET (BYTES)----[0]
2016-08-21 12:35:59:865[cInfo        ] --------------------|  END BUFFER MESH INFO  |--------------------------------------
2016-08-21 12:35:59:866[cInfo        ] 

2016-08-21 12:35:59:866[cInfo        ] 
-----------------------------------------------------------------------
 BufferInfo::CreateBuffers()[0] Created buffers:| VERTEX [3] with [96] bytes. || INDEX [4] with [48] bytes |
-----------------------------------------------------------------------

2016-08-21 12:35:59:871[cInfo        ] --------BufferInfo::AddMesh() Added mesh successfully-------
2016-08-21 12:35:59:872[cInfo        ] 
2016-08-21 12:35:59:872[cInfo        ] --------------------| START BUFFER MESH INFO |-------------------------------------
2016-08-21 12:35:59:873[cInfo        ] BufferInfo::AddMesh(): NUM VERTS-----------------[8]
2016-08-21 12:35:59:874[cInfo        ] BufferInfo::AddMesh(): NUM INDICES---------------[24]
2016-08-21 12:35:59:875[cInfo        ] BufferInfo::AddMesh(): VERT OFFSET---------------[0]
2016-08-21 12:35:59:876[cInfo        ] BufferInfo::AddMesh(): INDICES OFFSET (BYTES)----[0]
2016-08-21 12:35:59:877[cInfo        ] --------------------|  END BUFFER MESH INFO  |--------------------------------------
2016-08-21 12:35:59:880[cInfo        ] 

2016-08-21 12:35:59:882[cInfo        ] 
-----------------------------------------------------------------------
 BufferInfo::CreateBuffers()[0] Created buffers:| VERTEX [5] with [864] bytes. || INDEX [6] with [0] bytes |
-----------------------------------------------------------------------

2016-08-21 12:35:59:885[cInfo        ] --------BufferInfo::AddMesh() Added mesh successfully-------
2016-08-21 12:35:59:886[cInfo        ] 
2016-08-21 12:35:59:886[cInfo        ] --------------------| START BUFFER MESH INFO |-------------------------------------
2016-08-21 12:35:59:889[cInfo        ] BufferInfo::AddMesh(): NUM VERTS-----------------[36]
2016-08-21 12:35:59:890[cInfo        ] BufferInfo::AddMesh(): NUM INDICES---------------[0]
2016-08-21 12:35:59:890[cInfo        ] BufferInfo::AddMesh(): VERT OFFSET---------------[0]
2016-08-21 12:35:59:891[cInfo        ] BufferInfo::AddMesh(): INDICES OFFSET (BYTES)----[0]
2016-08-21 12:35:59:892[cInfo        ] --------------------|  END BUFFER MESH INFO  |--------------------------------------
2016-08-21 12:35:59:893[cInfo        ] 

2016-08-21 12:35:59:894[cInfo        ] 
-----------------------------------------------------------------------
 BufferInfo::CreateBuffers()[0] Created buffers:| VERTEX [7] with [144] bytes. || INDEX [8] with [0] bytes |
-----------------------------------------------------------------------

2016-08-21 12:35:59:899[cInfo        ] --------BufferInfo::AddMesh() Added mesh successfully-------
2016-08-21 12:35:59:900[cInfo        ] 
2016-08-21 12:35:59:901[cInfo        ] --------------------| START BUFFER MESH INFO |-------------------------------------
2016-08-21 12:35:59:902[cInfo        ] BufferInfo::AddMesh(): NUM VERTS-----------------[6]
2016-08-21 12:35:59:903[cInfo        ] BufferInfo::AddMesh(): NUM INDICES---------------[0]
2016-08-21 12:35:59:904[cInfo        ] BufferInfo::AddMesh(): VERT OFFSET---------------[0]
2016-08-21 12:35:59:905[cInfo        ] BufferInfo::AddMesh(): INDICES OFFSET (BYTES)----[0]
2016-08-21 12:35:59:905[cInfo        ] --------------------|  END BUFFER MESH INFO  |--------------------------------------
2016-08-21 12:35:59:908[cInfo        ] 

2016-08-21 12:35:59:909[cProcess     ] BufferManager::Initialize() successful.
2016-08-21 12:35:59:910[cInfo        ] 
-----------------------------------------------------------------------
 BufferInfo::CreateBuffers()[0] Created buffers:| VERTEX [9] with [1000000] bytes. || INDEX [10] with [1000000] bytes |
-----------------------------------------------------------------------

2016-08-21 12:35:59:914[cInfo        ] --------BufferInfo::AddMesh() Added mesh successfully-------
2016-08-21 12:35:59:915[cInfo        ] 
2016-08-21 12:35:59:915[cInfo        ] --------------------| START BUFFER MESH INFO |-------------------------------------
2016-08-21 12:35:59:918[cInfo        ] BufferInfo::AddMesh(): NUM VERTS-----------------[24]
2016-08-21 12:35:59:919[cInfo        ] BufferInfo::AddMesh(): NUM INDICES---------------[36]
2016-08-21 12:35:59:921[cInfo        ] BufferInfo::AddMesh(): VERT OFFSET---------------[0]
2016-08-21 12:35:59:922[cInfo        ] BufferInfo::AddMesh(): INDICES OFFSET (BYTES)----[0]
2016-08-21 12:35:59:924[cInfo        ] --------------------|  END BUFFER MESH INFO  |--------------------------------------
2016-08-21 12:35:59:925[cInfo        ] 

2016-08-21 12:35:59:929[cProcess     ] BufferManager::Initialize() successful.
2016-08-21 12:35:59:930[cInfo        ] 
-----------------------------------------------------------------------
 BufferInfo::CreateBuffers()[1] Created buffers:| VERTEX [11] with [1000000] bytes. || INDEX [12] with [1000000] bytes |
-----------------------------------------------------------------------

2016-08-21 12:35:59:934[cInfo        ] --------BufferInfo::AddMesh() Added mesh successfully-------
2016-08-21 12:35:59:935[cInfo        ] 
2016-08-21 12:35:59:935[cInfo        ] --------------------| START BUFFER MESH INFO |-------------------------------------
2016-08-21 12:35:59:936[cInfo        ] BufferInfo::AddMesh(): NUM VERTS-----------------[1536]
2016-08-21 12:35:59:938[cInfo        ] BufferInfo::AddMesh(): NUM INDICES---------------[3072]
2016-08-21 12:35:59:939[cInfo        ] BufferInfo::AddMesh(): VERT OFFSET---------------[0]
2016-08-21 12:35:59:940[cInfo        ] BufferInfo::AddMesh(): INDICES OFFSET (BYTES)----[0]
2016-08-21 12:35:59:941[cInfo        ] --------------------|  END BUFFER MESH INFO  |--------------------------------------
2016-08-21 12:35:59:942[cInfo        ] 

2016-08-21 12:35:59:944[cInfo        ] 
-----------------------------------------------------------------------
 BufferInfo::CreateBuffers()[0] Created buffers:| VERTEX [13] with [3936] bytes. || INDEX [14] with [0] bytes |
-----------------------------------------------------------------------

2016-08-21 12:35:59:949[cInfo        ] --------BufferInfo::AddMesh() Added mesh successfully-------
2016-08-21 12:35:59:950[cInfo        ] 
2016-08-21 12:35:59:950[cInfo        ] --------------------| START BUFFER MESH INFO |-------------------------------------
2016-08-21 12:35:59:951[cInfo        ] BufferInfo::AddMesh(): NUM VERTS-----------------[164]
2016-08-21 12:35:59:952[cInfo        ] BufferInfo::AddMesh(): NUM INDICES---------------[0]
2016-08-21 12:35:59:953[cInfo        ] BufferInfo::AddMesh(): VERT OFFSET---------------[0]
2016-08-21 12:35:59:954[cInfo        ] BufferInfo::AddMesh(): INDICES OFFSET (BYTES)----[0]
2016-08-21 12:35:59:955[cInfo        ] --------------------|  END BUFFER MESH INFO  |--------------------------------------
2016-08-21 12:35:59:957[cInfo        ] 

2016-08-21 12:35:59:958[cProcess     ] ShapeGenerator initialized successfully.
2016-08-21 12:35:59:959[cProcess     ] Camera::Initialize() successful.
2016-08-21 12:35:59:960[cProcess     ] Keyboard::Initialize() successful
2016-08-21 12:35:59:960[cProcess     ] Keyboard::Initialize() successful
2016-08-21 12:35:59:974[cInfo        ] 
-----------------------------------------------------------------------
 BufferInfo::CreateBuffers()[0] Created buffers:| VERTEX [15] with [10810368] bytes. || INDEX [16] with [0] bytes |
-----------------------------------------------------------------------

2016-08-21 12:35:59:999[cInfo        ] --------BufferInfo::AddMesh() Added mesh successfully-------
2016-08-21 12:36:00:001[cInfo        ] 
2016-08-21 12:36:00:001[cInfo        ] --------------------| START BUFFER MESH INFO |-------------------------------------
2016-08-21 12:36:00:002[cInfo        ] BufferInfo::AddMesh(): NUM VERTS-----------------[337824]
2016-08-21 12:36:00:004[cInfo        ] BufferInfo::AddMesh(): NUM INDICES---------------[0]
2016-08-21 12:36:00:005[cInfo        ] BufferInfo::AddMesh(): VERT OFFSET---------------[0]
2016-08-21 12:36:00:006[cInfo        ] BufferInfo::AddMesh(): INDICES OFFSET (BYTES)----[0]
2016-08-21 12:36:00:007[cInfo        ] --------------------|  END BUFFER MESH INFO  |--------------------------------------
2016-08-21 12:36:00:010[cInfo        ] 

2016-08-21 12:36:00:048[Info         ] ShapeGenerator::ReadSceneFile(): Added new scene [..\Data\Scenes\Dargon.ptn.scene] successfully.
2016-08-21 12:36:00:048[cInfo        ] EntityManager::BuildPlayerEntity(): Built [Dargon] successfully
2016-08-21 12:36:00:056[cProcess     ] BufferManager::Initialize() successful.
2016-08-21 12:36:00:061[cInfo        ] 
-----------------------------------------------------------------------
 BufferInfo::CreateBuffers()[2] Created buffers:| VERTEX [17] with [1000000] bytes. || INDEX [18] with [1000000] bytes |
-----------------------------------------------------------------------

2016-08-21 12:36:00:069[cInfo        ] --------BufferInfo::AddMesh() Added mesh successfully-------
2016-08-21 12:36:00:070[cInfo        ] 
2016-08-21 12:36:00:071[cInfo        ] --------------------| START BUFFER MESH INFO |-------------------------------------
2016-08-21 12:36:00:072[cInfo        ] BufferInfo::AddMesh(): NUM VERTS-----------------[36]
2016-08-21 12:36:00:073[cInfo        ] BufferInfo::AddMesh(): NUM INDICES---------------[0]
2016-08-21 12:36:00:074[cInfo        ] BufferInfo::AddMesh(): VERT OFFSET---------------[0]
2016-08-21 12:36:00:075[cInfo        ] BufferInfo::AddMesh(): INDICES OFFSET (BYTES)----[0]
2016-08-21 12:36:00:077[cInfo        ] --------------------|  END BUFFER MESH INFO  |--------------------------------------
2016-08-21 12:36:00:078[cInfo        ] 

2016-08-21 12:36:00:080[Info         ] ShapeGenerator::ReadSceneFile(): Added new scene [..\Data\Scenes\Cube.pn.scene] successfully.
2016-08-21 12:36:00:081[cProcess     ] BufferManager::Initialize() successful.
2016-08-21 12:36:00:081[cInfo        ] 
-----------------------------------------------------------------------
 BufferInfo::CreateBuffers()[3] Created buffers:| VERTEX [19] with [1000000] bytes. || INDEX [20] with [1000000] bytes |
-----------------------------------------------------------------------

2016-08-21 12:36:00:087[cInfo        ] --------BufferInfo::AddMesh() Added mesh successfully-------
2016-08-21 12:36:00:088[cInfo        ] 
2016-08-21 12:36:00:088[cInfo        ] --------------------| START BUFFER MESH INFO |-------------------------------------
2016-08-21 12:36:00:089[cInfo        ] BufferInfo::AddMesh(): NUM VERTS-----------------[8718]
2016-08-21 12:36:00:090[cInfo        ] BufferInfo::AddMesh(): NUM INDICES---------------[0]
2016-08-21 12:36:00:091[cInfo        ] BufferInfo::AddMesh(): VERT OFFSET---------------[0]
2016-08-21 12:36:00:092[cInfo        ] BufferInfo::AddMesh(): INDICES OFFSET (BYTES)----[0]
2016-08-21 12:36:00:093[cInfo        ] --------------------|  END BUFFER MESH INFO  |--------------------------------------
2016-08-21 12:36:00:094[cInfo        ] 

2016-08-21 12:36:00:098[Info         ] ShapeGenerator::ReadSceneFile(): Added new scene [..\Data\Scenes\AIWorld.ptn.scene] successfully.
2016-08-21 12:36:00:099[cInfo        ] --------BufferInfo::AddMesh() Added mesh successfully-------
2016-08-21 12:36:00:100[cInfo        ] 
2016-08-21 12:36:00:100[cInfo        ] --------------------| START BUFFER MESH INFO |-------------------------------------
2016-08-21 12:36:00:101[cInfo        ] BufferInfo::AddMesh(): NUM VERTS-----------------[18]
2016-08-21 12:36:00:102[cInfo        ] BufferInfo::AddMesh(): NUM INDICES---------------[0]
2016-08-21 12:36:00:103[cInfo        ] BufferInfo::AddMesh(): VERT OFFSET---------------[36]
2016-08-21 12:36:00:104[cInfo        ] BufferInfo::AddMesh(): INDICES OFFSET (BYTES)----[0]
2016-08-21 12:36:00:105[cInfo        ] --------------------|  END BUFFER MESH INFO  |--------------------------------------
2016-08-21 12:36:00:106[cInfo        ] 

2016-08-21 12:36:00:108[Info         ] ShapeGenerator::ReadSceneFile(): Added new scene [..\Data\Scenes\Pyramid.pn.scene] successfully.
2016-08-21 12:36:00:116[cInfo        ] 
-----------------------------------------------------------------------
 BufferInfo::CreateBuffers()[0] Created buffers:| VERTEX [21] with [5529600] bytes. || INDEX [22] with [0] bytes |
-----------------------------------------------------------------------

2016-08-21 12:36:00:126[cInfo        ] --------BufferInfo::AddMesh() Added mesh successfully-------
2016-08-21 12:36:00:127[cInfo        ] 
2016-08-21 12:36:00:128[cInfo        ] --------------------| START BUFFER MESH INFO |-------------------------------------
2016-08-21 12:36:00:129[cInfo        ] BufferInfo::AddMesh(): NUM VERTS-----------------[172800]
2016-08-21 12:36:00:130[cInfo        ] BufferInfo::AddMesh(): NUM INDICES---------------[0]
2016-08-21 12:36:00:131[cInfo        ] BufferInfo::AddMesh(): VERT OFFSET---------------[0]
2016-08-21 12:36:00:132[cInfo        ] BufferInfo::AddMesh(): INDICES OFFSET (BYTES)----[0]
2016-08-21 12:36:00:132[cInfo        ] --------------------|  END BUFFER MESH INFO  |--------------------------------------
2016-08-21 12:36:00:133[cInfo        ] 

2016-08-21 12:36:00:134[Info         ] ShapeGenerator::ReadSceneFile(): Added new scene [..\Data\Scenes\WaterPlane.ptn.scene] successfully.
2016-08-21 12:36:00:135[cProcess     ] Camera::Initialize() successful.
2016-08-21 12:36:00:149[cProcess     ] BufferManager::Initialize() successful.
2016-08-21 12:36:00:150[cInfo        ] 
-----------------------------------------------------------------------
 BufferInfo::CreateBuffers()[4] Created buffers:| VERTEX [23] with [8107776] bytes. || INDEX [24] with [0] bytes |
-----------------------------------------------------------------------

2016-08-21 12:36:00:163[cInfo        ] --------BufferInfo::AddMesh() Added mesh successfully-------
2016-08-21 12:36:00:164[cInfo        ] 
2016-08-21 12:36:00:164[cInfo        ] --------------------| START BUFFER MESH INFO |-------------------------------------
2016-08-21 12:36:00:166[cInfo        ] BufferInfo::AddMesh(): NUM VERTS-----------------[337824]
2016-08-21 12:36:00:167[cInfo        ] BufferInfo::AddMesh(): NUM INDICES---------------[0]
2016-08-21 12:36:00:168[cInfo        ] BufferInfo::AddMesh(): VERT OFFSET---------------[0]
2016-08-21 12:36:00:169[cInfo        ] BufferInfo::AddMesh(): INDICES OFFSET (BYTES)----[0]
2016-08-21 12:36:00:170[cInfo        ] --------------------|  END BUFFER MESH INFO  |--------------------------------------
2016-08-21 12:36:00:171[cInfo        ] 

2016-08-21 12:36:00:172[Info         ] ShapeGenerator::ReadSceneFile(): Added new scene [..\Data\Scenes\Dargon.pn.scene] successfully.
2016-08-21 12:36:00:172[cProcess     ] BufferManager::Initialize() successful.
2016-08-21 12:36:00:173[cInfo        ] 
-----------------------------------------------------------------------
 BufferInfo::CreateBuffers()[5] Created buffers:| VERTEX [25] with [1000000] bytes. || INDEX [26] with [1000000] bytes |
-----------------------------------------------------------------------

2016-08-21 12:36:00:178[cInfo        ] --------BufferInfo::AddMesh() Added mesh successfully-------
2016-08-21 12:36:00:179[cInfo        ] 
2016-08-21 12:36:00:180[cInfo        ] --------------------| START BUFFER MESH INFO |-------------------------------------
2016-08-21 12:36:00:181[cInfo        ] BufferInfo::AddMesh(): NUM VERTS-----------------[6]
2016-08-21 12:36:00:182[cInfo        ] BufferInfo::AddMesh(): NUM INDICES---------------[0]
2016-08-21 12:36:00:183[cInfo        ] BufferInfo::AddMesh(): VERT OFFSET---------------[0]
2016-08-21 12:36:00:183[cInfo        ] BufferInfo::AddMesh(): INDICES OFFSET (BYTES)----[0]
2016-08-21 12:36:00:186[cInfo        ] --------------------|  END BUFFER MESH INFO  |--------------------------------------
2016-08-21 12:36:00:187[cInfo        ] 

2016-08-21 12:36:00:187[cProcess     ] BodaciousQuest::Initialize() successful.
2016-08-21 12:36:00:188[Process      ] GameTime::Initialize() ok

2016-08-21 12:36:00:188[cProcess     ] MyWindow::Initialize() successful!
2016-08-21 12:36:09:458[cProcess     ] BufferManager::Shutdown() successful.
2016-08-21 12:36:09:459[cProcess     ] RenderEngine::Shutdown() successful.
2016-08-21 12:36:09:460[cProcess     ] Camera::Shutdown() successful.
2016-08-21 12:36:09:461[Info         ] Shader  [2] deleting...
2016-08-21 12:36:09:461[Info         ] Shader  [2] deleted successfully.
2016-08-21 12:36:09:461[Info         ] Shader  [3] deleting...
2016-08-21 12:36:09:461[Info         ] Shader  [3] deleted successfully.
2016-08-21 12:36:09:461[Info         ] All shaders deleted successfully.
2016-08-21 12:36:09:461[cInfo        ] Program [1] deleted successfully.
2016-08-21 12:36:09:462[Process      ] ShaderProgram[1]::Shutdown successful!
2016-08-21 12:36:09:462[Info         ] Shader  [5] deleting...
2016-08-21 12:36:09:462[Info         ] Shader  [5] deleted successfully.
2016-08-21 12:36:09:462[Info         ] Shader  [6] deleting...
2016-08-21 12:36:09:462[Info         ] Shader  [6] deleted successfully.
2016-08-21 12:36:09:462[Info         ] All shaders deleted successfully.
2016-08-21 12:36:09:462[cInfo        ] Program [4] deleted successfully.
2016-08-21 12:36:09:463[Process      ] ShaderProgram[4]::Shutdown successful!
2016-08-21 12:36:09:463[Info         ] Shader  [8] deleting...
2016-08-21 12:36:09:463[Info         ] Shader  [8] deleted successfully.
2016-08-21 12:36:09:463[Info         ] Shader  [9] deleting...
2016-08-21 12:36:09:463[Info         ] Shader  [9] deleted successfully.
2016-08-21 12:36:09:463[Info         ] All shaders deleted successfully.
2016-08-21 12:36:09:463[cInfo        ] Program [7] deleted successfully.
2016-08-21 12:36:09:464[Process      ] ShaderProgram[7]::Shutdown successful!
2016-08-21 12:36:09:464[Info         ] Shader  [11] deleting...
2016-08-21 12:36:09:464[Info         ] Shader  [11] deleted successfully.
2016-08-21 12:36:09:464[Info         ] Shader  [12] deleting...
2016-08-21 12:36:09:464[Info         ] Shader  [12] deleted successfully.
2016-08-21 12:36:09:464[Info         ] All shaders deleted successfully.
2016-08-21 12:36:09:464[cInfo        ] Program [10] deleted successfully.
2016-08-21 12:36:09:465[Process      ] ShaderProgram[10]::Shutdown successful!
2016-08-21 12:36:09:465[Info         ] Shader  [14] deleting...
2016-08-21 12:36:09:465[Info         ] Shader  [14] deleted successfully.
2016-08-21 12:36:09:465[Info         ] Shader  [15] deleting...
2016-08-21 12:36:09:465[Info         ] Shader  [15] deleted successfully.
2016-08-21 12:36:09:465[Info         ] All shaders deleted successfully.
2016-08-21 12:36:09:465[cInfo        ] Program [13] deleted successfully.
2016-08-21 12:36:09:466[Process      ] ShaderProgram[13]::Shutdown successful!
2016-08-21 12:36:09:466[Info         ] Shader  [17] deleting...
2016-08-21 12:36:09:466[Info         ] Shader  [17] deleted successfully.
2016-08-21 12:36:09:466[Info         ] Shader  [18] deleting...
2016-08-21 12:36:09:466[Info         ] Shader  [18] deleted successfully.
2016-08-21 12:36:09:467[Info         ] All shaders deleted successfully.
2016-08-21 12:36:09:467[cInfo        ] Program [16] deleted successfully.
2016-08-21 12:36:09:469[Process      ] ShaderProgram[16]::Shutdown successful!
2016-08-21 12:36:09:469[Info         ] Shader  [20] deleting...
2016-08-21 12:36:09:469[Info         ] Shader  [20] deleted successfully.
2016-08-21 12:36:09:470[Info         ] Shader  [21] deleting...
2016-08-21 12:36:09:470[Info         ] Shader  [21] deleted successfully.
2016-08-21 12:36:09:470[Info         ] All shaders deleted successfully.
2016-08-21 12:36:09:470[cInfo        ] Program [19] deleted successfully.
2016-08-21 12:36:09:470[Process      ] ShaderProgram[19]::Shutdown successful!
2016-08-21 12:36:09:470[cProcess     ] MyWindow::Shutdown() successful!
2016-08-21 12:36:09:471[cProcess     ] BodaciousQuest::Shutdown() successful.
2016-08-21 12:36:09:482[Process      ] ConfigReader shut down successfully
2016-08-21 12:36:09:482[Process      ] GameLogger::ShutDown() successful
