2016-08-18 14:34:53:433[Process      ] GameLogger::Initialize() opened log file [..\Data\LogFiles\2016-08-18 14-34-53.BodaciousQuest.log] for writing
2016-08-18 14:34:53:433[Info         ] GameLogger::Initialize() successful
2016-08-18 14:34:53:433[Process      ] ConfigReader opened [..\Data\BodaciousQuest.config] successfully
2016-08-18 14:34:53:433[Info         ] ConfigReader initialized successfully
2016-08-18 14:34:53:433[Info         ] Valid KVP [BodaciousQuest.ShowFullScreen] [false] added
2016-08-18 14:34:53:433[Info         ] Valid KVP [BodaciousQuest.FpsInterval] [5.0] added
2016-08-18 14:34:53:436[Info         ] Valid KVP [BodaciousQuest.EnableControls] [true] added
2016-08-18 14:34:53:436[Info         ] Valid KVP [BodaciousQuest.LoadCubeFirst] [true] added
2016-08-18 14:34:53:436[Info         ] Valid KVP [BodaciousQuest.CameraWalkMode] [false] added
2016-08-18 14:34:53:436[Info         ] Valid KVP [BodaciousQuest.GridSize] [40] added
2016-08-18 14:34:53:436[Info         ] Valid KVP [BodaciousQuest.LightingTest.Ambient.Color] [1.0  1.0  1.0] added
2016-08-18 14:34:53:436[Info         ] Valid KVP [BodaciousQuest.LightingTest.Diffuse.Color] [1.0  1.0  1.0] added
2016-08-18 14:34:53:436[Info         ] Valid KVP [BodaciousQuest.LightingTest.Specular.Color] [0.0  0.0  0.0] added
2016-08-18 14:34:53:436[Info         ] Valid KVP [BodaciousQuest.LightingTest.Ambient.Reflectivity] [0.01] added
2016-08-18 14:34:53:436[Info         ] Valid KVP [BodaciousQuest.LightingTest.Diffuse.Reflectivity] [0.6] added
2016-08-18 14:34:53:436[Info         ] Valid KVP [BodaciousQuest.LightingTest.Specular.Reflectivity] [0.5] added
2016-08-18 14:34:53:436[Info         ] Valid KVP [BodaciousQuest.LightingTest.Specular.Shininess] [1.0] added
2016-08-18 14:34:53:436[Info         ] Valid KVP [BodaciousQuest.LightingTest.Falloff.A] [1.0] added
2016-08-18 14:34:53:436[Info         ] Valid KVP [BodaciousQuest.LightingTest.Falloff.B] [0.01] added
2016-08-18 14:34:53:436[Info         ] Valid KVP [BodaciousQuest.LightingTest.Falloff.C] [0.1] added
2016-08-18 14:34:53:436[Info         ] Valid KVP [BodaciousQuest.LightingTest.Directional] [false] added
2016-08-18 14:34:53:436[Info         ] Valid KVP [BodaciousQuest.LightingTest.Direction] [-1.0 0.0 1.0] added
2016-08-18 14:34:53:436[Info         ] Valid KVP [BodaciousQuest.LightingTest.Light.Position] [-0.875458 3.673020 1.043331] added
2016-08-18 14:34:53:436[Info         ] Valid KVP [BodaciousQuest.LightingTest.Dargon.Color] [1.0 1.0 0.4] added
2016-08-18 14:34:53:436[Info         ] Valid KVP [ObjConverter.Mode.VertexType] [p] added
2016-08-18 14:34:53:436[Info         ] Valid KVP [ObjConverter.Mode.Analyze] [false] added
2016-08-18 14:34:53:436[Info         ] Valid KVP [ObjConverter.Model] [AIWorld] added
2016-08-18 14:34:53:436[Info         ] Valid KVP [ObjConverter.Shader] [0] added
2016-08-18 14:34:53:436[Info         ] Valid KVP [ObjConverter.Color] [random] added
2016-08-18 14:34:53:436[Info         ] Valid KVP [ObjConverter.Obj.InputFileFolder] [..\\Data\\Objs\\] added
2016-08-18 14:34:53:436[Info         ] Valid KVP [ObjConverter.Scene.OutputFileFolder] [..\\Data\\Scenes\\] added
2016-08-18 14:34:53:436[Info         ] Valid KVP [ObjConverter.Model.Dargon.NumVerts] [57967] added
2016-08-18 14:34:53:436[Info         ] Valid KVP [ObjConverter.Model.Dargon.NumIndices] [337824] added
2016-08-18 14:34:53:436[Info         ] Valid KVP [ObjConverter.Model.Dargon.NumTexCoords] [60175] added
2016-08-18 14:34:53:436[Info         ] Valid KVP [ObjConverter.Model.Dargon.NumNormals] [337824] added
2016-08-18 14:34:53:436[Info         ] Valid KVP [ObjConverter.Model.Swamp.NumVerts] [2735] added
2016-08-18 14:34:53:436[Info         ] Valid KVP [ObjConverter.Model.Swamp.NumIndices] [8556] added
2016-08-18 14:34:53:436[Info         ] Valid KVP [ObjConverter.Model.Swamp.NumTexCoords] [3622] added
2016-08-18 14:34:53:436[Info         ] Valid KVP [ObjConverter.Model.Swamp.NumNormals] [5156] added
2016-08-18 14:34:53:436[Info         ] Valid KVP [ObjConverter.Model.Pyramid.NumVerts] [5] added
2016-08-18 14:34:53:436[Info         ] Valid KVP [ObjConverter.Model.Pyramid.NumIndices] [18] added
2016-08-18 14:34:53:436[Info         ] Valid KVP [ObjConverter.Model.Pyramid.NumTexCoords] [10] added
2016-08-18 14:34:53:436[Info         ] Valid KVP [ObjConverter.Model.Pyramid.NumNormals] [16] added
2016-08-18 14:34:53:436[Info         ] Valid KVP [ObjConverter.Model.AIWorld.NumVerts] [1957] added
2016-08-18 14:34:53:436[Info         ] Valid KVP [ObjConverter.Model.AIWorld.NumIndices] [8718] added
2016-08-18 14:34:53:436[Info         ] Valid KVP [ObjConverter.Model.AIWorld.NumTexCoords] [4186] added
2016-08-18 14:34:53:436[Info         ] Valid KVP [ObjConverter.Model.AIWorld.NumNormals] [5418] added
2016-08-18 14:34:53:436[Info         ] Valid KVP [ObjConverter.Model.GameWeapon.NumVerts] [2068] added
2016-08-18 14:34:53:436[Info         ] Valid KVP [ObjConverter.Model.GameWeapon.NumIndices] [9894] added
2016-08-18 14:34:53:436[Info         ] Valid KVP [ObjConverter.Model.GameWeapon.NumTexCoords] [0] added
2016-08-18 14:34:53:436[Info         ] Valid KVP [ObjConverter.Model.GameWeapon.NumNormals] [0] added
2016-08-18 14:34:53:436[Info         ] Valid KVP [ObjConverter.Model.Chicken.NumVerts] [224] added
2016-08-18 14:34:53:437[Info         ] Valid KVP [ObjConverter.Model.Chicken.NumIndices] [1374] added
2016-08-18 14:34:53:437[Info         ] Valid KVP [ObjConverter.Model.Chicken.NumTexCoords] [472] added
2016-08-18 14:34:53:437[Info         ] Valid KVP [ObjConverter.Model.Chicken.NumNormals] [565] added
2016-08-18 14:34:53:437[Info         ] Valid KVP [ObjConverter.Model.WaterPlane.NumVerts] [29282] added
2016-08-18 14:34:53:437[Info         ] Valid KVP [ObjConverter.Model.WaterPlane.NumIndices] [172800] added
2016-08-18 14:34:53:437[Info         ] Valid KVP [ObjConverter.Model.WaterPlane.NumTexCoords] [29282] added
2016-08-18 14:34:53:437[Info         ] Valid KVP [ObjConverter.Model.WaterPlane.NumNormals] [172800] added
2016-08-18 14:34:53:437[Info         ] Valid KVP [ObjConverter.Model.Cube.NumVerts] [8] added
2016-08-18 14:34:53:437[Info         ] Valid KVP [ObjConverter.Model.Cube.NumIndices] [36] added
2016-08-18 14:34:53:437[Info         ] Valid KVP [ObjConverter.Model.Cube.NumTexCoords] [14] added
2016-08-18 14:34:53:437[Info         ] Valid KVP [ObjConverter.Model.Cube.NumNormals] [24] added
2016-08-18 14:34:53:437[Info         ] Valid KVP [ObjConverter.Model.Barrel.NumVerts] [172] added
2016-08-18 14:34:53:437[Info         ] Valid KVP [ObjConverter.Model.Barrel.NumIndices] [1008] added
2016-08-18 14:34:53:437[Info         ] Valid KVP [ObjConverter.Model.Barrel.NumTexCoords] [328] added
2016-08-18 14:34:53:437[Info         ] Valid KVP [ObjConverter.Model.Barrel.NumNormals] [204] added
2016-08-18 14:34:53:437[Info         ] Valid KVP [ObjConverter.Model.SkyBox.NumVerts] [8] added
2016-08-18 14:34:53:437[Info         ] Valid KVP [ObjConverter.Model.SkyBox.NumIndices] [36] added
2016-08-18 14:34:53:437[Info         ] Valid KVP [ObjConverter.Model.SkyBox.NumTexCoords] [18] added
2016-08-18 14:34:53:437[Info         ] Valid KVP [ObjConverter.Model.SkyBox.NumNormals] [24] added
2016-08-18 14:34:53:502[cInfo        ] Config reader opened [..\Data\BodaciousQuest.config] for reading!
2016-08-18 14:34:53:581[Process      ] ShaderManager Initialized successfully
2016-08-18 14:34:53:582[Info         ] Shader Init started
2016-08-18 14:34:53:582[Info         ] Shader Program created.
2016-08-18 14:34:53:582[Process      ] ShaderProgram::Initialize()[1] successful!
2016-08-18 14:34:53:582[Debug        ] File [..\Data\shaders\debug.vert.shader] Opened successfully! Buffer Length:[291]
2016-08-18 14:34:53:582[Debug        ] Shader file [..\Data\shaders\debug.vert.shader] contents:
//BEGIN
#version 430 core

layout(location = 0)  in vec3 vPosition;

layout(location = 15) uniform vec3 colorin;
layout(location = 16) uniform mat4 MAT;

out vec4 color;

void main()
{
	vec4 vertPos = vec4(vPosition, 1.0);
	gl_Position = MAT *  vertPos;
	color = vec4(colorin, 1.0);
}
//END

2016-08-18 14:34:53:582[Debug        ]  ShaderProgram::AddShader() file with data was read in
2016-08-18 14:34:53:582[Debug        ] ShaderProgram::AddShader() : glShaderSource() successful
2016-08-18 14:34:53:583[Debug        ] ShaderProgram::AddShader() : glCompileShader() successful
2016-08-18 14:34:53:583[Info         ] ShaderProgram::CheckShaderCompileStatus(2) successful.
2016-08-18 14:34:53:583[Debug        ] ShaderProgram::AddShader() : glCompileShader() successful
2016-08-18 14:34:53:583[Info         ] ShaderInfo saved successfully.
2016-08-18 14:34:53:583[Debug        ] ShaderProgram::AddShader() : glAttachShader() successful
2016-08-18 14:34:53:583[Info         ] ShaderProgram::AddShader [2] successful.
2016-08-18 14:34:53:583[Debug        ] File [..\Data\shaders\debug.frag.shader] Opened successfully! Buffer Length:[104]
2016-08-18 14:34:53:583[Debug        ] Shader file [..\Data\shaders\debug.frag.shader] contents:
//BEGIN
#version 430 core


in  vec4 color;
out vec4 outColor;

void main()
{
	outColor = color;
}


//END

2016-08-18 14:34:53:583[Debug        ]  ShaderProgram::AddShader() file with data was read in
2016-08-18 14:34:53:583[Debug        ] ShaderProgram::AddShader() : glShaderSource() successful
2016-08-18 14:34:53:583[Debug        ] ShaderProgram::AddShader() : glCompileShader() successful
2016-08-18 14:34:53:583[Info         ] ShaderProgram::CheckShaderCompileStatus(3) successful.
2016-08-18 14:34:53:583[Debug        ] ShaderProgram::AddShader() : glCompileShader() successful
2016-08-18 14:34:53:583[Info         ] ShaderInfo saved successfully.
2016-08-18 14:34:53:583[Debug        ] ShaderProgram::AddShader() : glAttachShader() successful
2016-08-18 14:34:53:583[Info         ] ShaderProgram::AddShader [3] successful.
2016-08-18 14:34:53:584[Info         ] CheckProgramStatus() successful!
2016-08-18 14:34:53:585[Info         ] CheckProgramStatus() successful!
2016-08-18 14:34:53:585[Info         ] Shader Init started
2016-08-18 14:34:53:585[Info         ] Shader Program created.
2016-08-18 14:34:53:585[Process      ] ShaderProgram::Initialize()[4] successful!
2016-08-18 14:34:53:585[Debug        ] File [..\Data\shaders\play.vert.shader] Opened successfully! Buffer Length:[343]
2016-08-18 14:34:53:585[Debug        ] Shader file [..\Data\shaders\play.vert.shader] contents:
//BEGIN
#version 430 core

layout (location = 0)  in vec3 vPosition;
layout (location = 1)  in vec3 vColor;
layout (location = 15) uniform vec3 colorin;
layout (location = 16) uniform mat4 MAT;

out vec4 color;

void main()
{
	vec4 vertPos = vec4(vPosition, 1.0);
	gl_Position = MAT *  vertPos;
	color = vec4((vColor + colorin), 1.0);
}
//END

2016-08-18 14:34:53:585[Debug        ]  ShaderProgram::AddShader() file with data was read in
2016-08-18 14:34:53:585[Debug        ] ShaderProgram::AddShader() : glShaderSource() successful
2016-08-18 14:34:53:585[Debug        ] ShaderProgram::AddShader() : glCompileShader() successful
2016-08-18 14:34:53:585[Info         ] ShaderProgram::CheckShaderCompileStatus(5) successful.
2016-08-18 14:34:53:585[Debug        ] ShaderProgram::AddShader() : glCompileShader() successful
2016-08-18 14:34:53:585[Info         ] ShaderInfo saved successfully.
2016-08-18 14:34:53:585[Debug        ] ShaderProgram::AddShader() : glAttachShader() successful
2016-08-18 14:34:53:585[Info         ] ShaderProgram::AddShader [5] successful.
2016-08-18 14:34:53:585[Debug        ] File [..\Data\shaders\play.frag.shader] Opened successfully! Buffer Length:[391]
2016-08-18 14:34:53:585[Debug        ] Shader file [..\Data\shaders\play.frag.shader] contents:
//BEGIN
#version 430 core


in  vec4 color;
out vec4 outColor;

void main()
{

	//if (color.r < .7) discard;
	outColor = color;

	//if(((gl_FragCoord.x  > 600)&& (gl_FragCoord.y < 300)) || ((gl_FragCoord.y < 300)  && (gl_FragCoord.x  < 600) )) {
	//discard;
	//}

	//vec2 scrPos = vec2(gl_FragCoord) - vec2(350,150);
	//float len =  length(scrPos);
	//if(len < 50 )discard;
}


//END

2016-08-18 14:34:53:585[Debug        ]  ShaderProgram::AddShader() file with data was read in
2016-08-18 14:34:53:586[Debug        ] ShaderProgram::AddShader() : glShaderSource() successful
2016-08-18 14:34:53:586[Debug        ] ShaderProgram::AddShader() : glCompileShader() successful
2016-08-18 14:34:53:586[Info         ] ShaderProgram::CheckShaderCompileStatus(6) successful.
2016-08-18 14:34:53:586[Debug        ] ShaderProgram::AddShader() : glCompileShader() successful
2016-08-18 14:34:53:586[Info         ] ShaderInfo saved successfully.
2016-08-18 14:34:53:586[Debug        ] ShaderProgram::AddShader() : glAttachShader() successful
2016-08-18 14:34:53:586[Info         ] ShaderProgram::AddShader [6] successful.
2016-08-18 14:34:53:587[Info         ] CheckProgramStatus() successful!
2016-08-18 14:34:53:587[Info         ] CheckProgramStatus() successful!
2016-08-18 14:34:53:587[Info         ] Shader Init started
2016-08-18 14:34:53:587[Info         ] Shader Program created.
2016-08-18 14:34:53:587[Process      ] ShaderProgram::Initialize()[7] successful!
2016-08-18 14:34:53:588[Debug        ] File [..\Data\shaders\texture.vert.shader] Opened successfully! Buffer Length:[305]
2016-08-18 14:34:53:588[Debug        ] Shader file [..\Data\shaders\texture.vert.shader] contents:
//BEGIN
#version 430 core

layout (location = 0)  in vec3 vPosition;
layout (location = 1)  in vec2 vUV;

layout (location = 16) uniform mat4 MAT;

//out data
out vec2 UV;

//out vec4 color;

void main()
{
	vec4 vertPos = vec4(vPosition, 1.0);
	gl_Position = MAT *  vertPos;

	UV = vUV;
	
	
}
//END

2016-08-18 14:34:53:588[Debug        ]  ShaderProgram::AddShader() file with data was read in
2016-08-18 14:34:53:588[Debug        ] ShaderProgram::AddShader() : glShaderSource() successful
2016-08-18 14:34:53:588[Debug        ] ShaderProgram::AddShader() : glCompileShader() successful
2016-08-18 14:34:53:588[Info         ] ShaderProgram::CheckShaderCompileStatus(8) successful.
2016-08-18 14:34:53:588[Debug        ] ShaderProgram::AddShader() : glCompileShader() successful
2016-08-18 14:34:53:588[Info         ] ShaderInfo saved successfully.
2016-08-18 14:34:53:588[Debug        ] ShaderProgram::AddShader() : glAttachShader() successful
2016-08-18 14:34:53:588[Info         ] ShaderProgram::AddShader [8] successful.
2016-08-18 14:34:53:588[Debug        ] File [..\Data\shaders\texture.frag.shader] Opened successfully! Buffer Length:[482]
2016-08-18 14:34:53:588[Debug        ] Shader file [..\Data\shaders\texture.frag.shader] contents:
//BEGIN
#version 430 core


in  vec2 UV;
out vec4 outColor;

layout(location = 20) uniform sampler2D textureSampler;

void main()
{

	//if (color.r < .7) discard;
	outColor = vec4(texture(textureSampler, UV).rgb, 1.0);

	//if(((gl_FragCoord.x  > 600)&& (gl_FragCoord.y < 300)) || ((gl_FragCoord.y < 300)  && (gl_FragCoord.x  < 600) )) {
	//discard;
	//}
	//vec2 scrPos = vec2(gl_FragCoord) - vec2(350,150);
	//float len =  length(scrPos);
	//if(len < 50 )discard;
}


//END

2016-08-18 14:34:53:588[Debug        ]  ShaderProgram::AddShader() file with data was read in
2016-08-18 14:34:53:588[Debug        ] ShaderProgram::AddShader() : glShaderSource() successful
2016-08-18 14:34:53:589[Debug        ] ShaderProgram::AddShader() : glCompileShader() successful
2016-08-18 14:34:53:589[Info         ] ShaderProgram::CheckShaderCompileStatus(9) successful.
2016-08-18 14:34:53:589[Debug        ] ShaderProgram::AddShader() : glCompileShader() successful
2016-08-18 14:34:53:589[Info         ] ShaderInfo saved successfully.
2016-08-18 14:34:53:589[Debug        ] ShaderProgram::AddShader() : glAttachShader() successful
2016-08-18 14:34:53:589[Info         ] ShaderProgram::AddShader [9] successful.
2016-08-18 14:34:53:590[Info         ] CheckProgramStatus() successful!
2016-08-18 14:34:53:591[Info         ] CheckProgramStatus() successful!
2016-08-18 14:34:53:591[Info         ] Shader Init started
2016-08-18 14:34:53:591[Info         ] Shader Program created.
2016-08-18 14:34:53:591[Process      ] ShaderProgram::Initialize()[10] successful!
2016-08-18 14:34:53:591[Debug        ] File [..\Data\shaders\framebuffer.vert.shader] Opened successfully! Buffer Length:[305]
2016-08-18 14:34:53:591[Debug        ] Shader file [..\Data\shaders\framebuffer.vert.shader] contents:
//BEGIN
#version 430 core

layout (location = 0)  in vec3 vPosition;
layout (location = 1)  in vec2 vUV;

layout (location = 16) uniform mat4 MAT;

//out data
out vec2 UV;

//out vec4 color;

void main()
{
	vec4 vertPos = vec4(vPosition, 1.0);
	gl_Position = MAT *  vertPos;

	UV = vUV;
	
	
}
//END

2016-08-18 14:34:53:591[Debug        ]  ShaderProgram::AddShader() file with data was read in
2016-08-18 14:34:53:591[Debug        ] ShaderProgram::AddShader() : glShaderSource() successful
2016-08-18 14:34:53:591[Debug        ] ShaderProgram::AddShader() : glCompileShader() successful
2016-08-18 14:34:53:591[Info         ] ShaderProgram::CheckShaderCompileStatus(11) successful.
2016-08-18 14:34:53:591[Debug        ] ShaderProgram::AddShader() : glCompileShader() successful
2016-08-18 14:34:53:591[Info         ] ShaderInfo saved successfully.
2016-08-18 14:34:53:591[Debug        ] ShaderProgram::AddShader() : glAttachShader() successful
2016-08-18 14:34:53:591[Info         ] ShaderProgram::AddShader [11] successful.
2016-08-18 14:34:53:591[Debug        ] File [..\Data\shaders\framebuffer.frag.shader] Opened successfully! Buffer Length:[275]
2016-08-18 14:34:53:591[Debug        ] Shader file [..\Data\shaders\framebuffer.frag.shader] contents:
//BEGIN
#version 430 core


in  vec2 UV;
out vec4 outColor;

layout(location = 20) uniform sampler2D textureSampler;

void main()
{


	vec3 tempCol = texture(textureSampler, UV).rgb;

	outColor = vec4(tempCol.r / 1.5f, tempCol.g / 1.5f, tempCol.b / 1.5f, 1.0f);
}


//END

2016-08-18 14:34:53:591[Debug        ]  ShaderProgram::AddShader() file with data was read in
2016-08-18 14:34:53:591[Debug        ] ShaderProgram::AddShader() : glShaderSource() successful
2016-08-18 14:34:53:591[Debug        ] ShaderProgram::AddShader() : glCompileShader() successful
2016-08-18 14:34:53:592[Info         ] ShaderProgram::CheckShaderCompileStatus(12) successful.
2016-08-18 14:34:53:592[Debug        ] ShaderProgram::AddShader() : glCompileShader() successful
2016-08-18 14:34:53:592[Info         ] ShaderInfo saved successfully.
2016-08-18 14:34:53:592[Debug        ] ShaderProgram::AddShader() : glAttachShader() successful
2016-08-18 14:34:53:592[Info         ] ShaderProgram::AddShader [12] successful.
2016-08-18 14:34:53:593[Info         ] CheckProgramStatus() successful!
2016-08-18 14:34:53:593[Info         ] CheckProgramStatus() successful!
2016-08-18 14:34:53:593[Info         ] Shader Init started
2016-08-18 14:34:53:593[Info         ] Shader Program created.
2016-08-18 14:34:53:593[Process      ] ShaderProgram::Initialize()[13] successful!
2016-08-18 14:34:53:593[Debug        ] File [..\Data\shaders\lighting.vert.shader] Opened successfully! Buffer Length:[1137]
2016-08-18 14:34:53:593[cDebug       ] Shader file [..\Data\shaders\lighting.vert.shader] is too big to display contents.
2016-08-18 14:34:53:594[Debug        ]  ShaderProgram::AddShader() file with data was read in
2016-08-18 14:34:53:594[Debug        ] ShaderProgram::AddShader() : glShaderSource() successful
2016-08-18 14:34:53:595[Debug        ] ShaderProgram::AddShader() : glCompileShader() successful
2016-08-18 14:34:53:595[Info         ] ShaderProgram::CheckShaderCompileStatus(14) successful.
2016-08-18 14:34:53:595[Debug        ] ShaderProgram::AddShader() : glCompileShader() successful
2016-08-18 14:34:53:595[Info         ] ShaderInfo saved successfully.
2016-08-18 14:34:53:595[Debug        ] ShaderProgram::AddShader() : glAttachShader() successful
2016-08-18 14:34:53:595[Info         ] ShaderProgram::AddShader [14] successful.
2016-08-18 14:34:53:595[Debug        ] File [..\Data\shaders\lighting.frag.shader] Opened successfully! Buffer Length:[1744]
2016-08-18 14:34:53:595[cDebug       ] Shader file [..\Data\shaders\lighting.frag.shader] is too big to display contents.
2016-08-18 14:34:53:596[Debug        ]  ShaderProgram::AddShader() file with data was read in
2016-08-18 14:34:53:596[Debug        ] ShaderProgram::AddShader() : glShaderSource() successful
2016-08-18 14:34:53:597[Debug        ] ShaderProgram::AddShader() : glCompileShader() successful
2016-08-18 14:34:53:597[Info         ] ShaderProgram::CheckShaderCompileStatus(15) successful.
2016-08-18 14:34:53:597[Debug        ] ShaderProgram::AddShader() : glCompileShader() successful
2016-08-18 14:34:53:597[Info         ] ShaderInfo saved successfully.
2016-08-18 14:34:53:597[Debug        ] ShaderProgram::AddShader() : glAttachShader() successful
2016-08-18 14:34:53:597[Info         ] ShaderProgram::AddShader [15] successful.
2016-08-18 14:34:53:602[Info         ] CheckProgramStatus() successful!
2016-08-18 14:34:53:602[Info         ] CheckProgramStatus() successful!
2016-08-18 14:34:53:602[Info         ] Shader Init started
2016-08-18 14:34:53:602[Info         ] Shader Program created.
2016-08-18 14:34:53:602[Process      ] ShaderProgram::Initialize()[16] successful!
2016-08-18 14:34:53:602[Debug        ] File [..\Data\shaders\texlighting.vert.shader] Opened successfully! Buffer Length:[1110]
2016-08-18 14:34:53:602[cDebug       ] Shader file [..\Data\shaders\texlighting.vert.shader] is too big to display contents.
2016-08-18 14:34:53:604[Debug        ]  ShaderProgram::AddShader() file with data was read in
2016-08-18 14:34:53:604[Debug        ] ShaderProgram::AddShader() : glShaderSource() successful
2016-08-18 14:34:53:604[Debug        ] ShaderProgram::AddShader() : glCompileShader() successful
2016-08-18 14:34:53:604[Info         ] ShaderProgram::CheckShaderCompileStatus(17) successful.
2016-08-18 14:34:53:604[Debug        ] ShaderProgram::AddShader() : glCompileShader() successful
2016-08-18 14:34:53:604[Info         ] ShaderInfo saved successfully.
2016-08-18 14:34:53:604[Debug        ] ShaderProgram::AddShader() : glAttachShader() successful
2016-08-18 14:34:53:604[Info         ] ShaderProgram::AddShader [17] successful.
2016-08-18 14:34:53:605[Debug        ] File [..\Data\shaders\texlighting.frag.shader] Opened successfully! Buffer Length:[1717]
2016-08-18 14:34:53:605[cDebug       ] Shader file [..\Data\shaders\texlighting.frag.shader] is too big to display contents.
2016-08-18 14:34:53:606[Debug        ]  ShaderProgram::AddShader() file with data was read in
2016-08-18 14:34:53:606[Debug        ] ShaderProgram::AddShader() : glShaderSource() successful
2016-08-18 14:34:53:606[Debug        ] ShaderProgram::AddShader() : glCompileShader() successful
2016-08-18 14:34:53:606[Info         ] ShaderProgram::CheckShaderCompileStatus(18) successful.
2016-08-18 14:34:53:606[Debug        ] ShaderProgram::AddShader() : glCompileShader() successful
2016-08-18 14:34:53:606[Info         ] ShaderInfo saved successfully.
2016-08-18 14:34:53:606[Debug        ] ShaderProgram::AddShader() : glAttachShader() successful
2016-08-18 14:34:53:606[Info         ] ShaderProgram::AddShader [18] successful.
2016-08-18 14:34:53:610[Info         ] CheckProgramStatus() successful!
2016-08-18 14:34:53:610[Info         ] CheckProgramStatus() successful!
2016-08-18 14:34:53:610[Info         ] Shader Init started
2016-08-18 14:34:53:610[Info         ] Shader Program created.
2016-08-18 14:34:53:610[Process      ] ShaderProgram::Initialize()[19] successful!
2016-08-18 14:34:53:610[Debug        ] File [..\Data\shaders\water.vert.shader] Opened successfully! Buffer Length:[1400]
2016-08-18 14:34:53:610[cDebug       ] Shader file [..\Data\shaders\water.vert.shader] is too big to display contents.
2016-08-18 14:34:53:611[Debug        ]  ShaderProgram::AddShader() file with data was read in
2016-08-18 14:34:53:611[Debug        ] ShaderProgram::AddShader() : glShaderSource() successful
2016-08-18 14:34:53:612[Debug        ] ShaderProgram::AddShader() : glCompileShader() successful
2016-08-18 14:34:53:612[Info         ] ShaderProgram::CheckShaderCompileStatus(20) successful.
2016-08-18 14:34:53:612[Debug        ] ShaderProgram::AddShader() : glCompileShader() successful
2016-08-18 14:34:53:612[Info         ] ShaderInfo saved successfully.
2016-08-18 14:34:53:612[Debug        ] ShaderProgram::AddShader() : glAttachShader() successful
2016-08-18 14:34:53:612[Info         ] ShaderProgram::AddShader [20] successful.
2016-08-18 14:34:53:612[Debug        ] File [..\Data\shaders\water.frag.shader] Opened successfully! Buffer Length:[2436]
2016-08-18 14:34:53:613[cDebug       ] Shader file [..\Data\shaders\water.frag.shader] is too big to display contents.
2016-08-18 14:34:53:615[Debug        ]  ShaderProgram::AddShader() file with data was read in
2016-08-18 14:34:53:615[Debug        ] ShaderProgram::AddShader() : glShaderSource() successful
2016-08-18 14:34:53:616[Debug        ] ShaderProgram::AddShader() : glCompileShader() successful
2016-08-18 14:34:53:616[Info         ] ShaderProgram::CheckShaderCompileStatus(21) successful.
2016-08-18 14:34:53:616[Debug        ] ShaderProgram::AddShader() : glCompileShader() successful
2016-08-18 14:34:53:616[Info         ] ShaderInfo saved successfully.
2016-08-18 14:34:53:616[Debug        ] ShaderProgram::AddShader() : glAttachShader() successful
2016-08-18 14:34:53:616[Info         ] ShaderProgram::AddShader [21] successful.
2016-08-18 14:34:53:620[Info         ] CheckProgramStatus() successful!
2016-08-18 14:34:53:620[Info         ] CheckProgramStatus() successful!
2016-08-18 14:34:53:621[Info         ] GetAttribLocation [vPosition] successful.
2016-08-18 14:34:53:621[Info         ] GetUniformLocation [colorin] successful.
2016-08-18 14:34:53:621[Info         ] GetUniformLocation [MAT] successful.
2016-08-18 14:34:53:621[cProcess     ] RenderEngine::Initialize() successful.
2016-08-18 14:34:53:622[cInfo        ] 
-----------------------------------------------------------------------
 BufferInfo::CreateBuffers()[0] Created buffers:| VERTEX [1] with [80] bytes. || INDEX [2] with [24] bytes |
-----------------------------------------------------------------------

2016-08-18 14:34:53:627[cInfo        ] --------BufferInfo::AddMesh() Added mesh successfully-------
2016-08-18 14:34:53:628[cInfo        ] 
2016-08-18 14:34:53:628[cInfo        ] --------------------| START BUFFER MESH INFO |-------------------------------------
2016-08-18 14:34:53:630[cInfo        ] BufferInfo::AddMesh(): NUM VERTS-----------------[4]
2016-08-18 14:34:53:634[cInfo        ] BufferInfo::AddMesh(): NUM INDICES---------------[6]
2016-08-18 14:34:53:635[cInfo        ] BufferInfo::AddMesh(): VERT OFFSET---------------[0]
2016-08-18 14:34:53:636[cInfo        ] BufferInfo::AddMesh(): INDICES OFFSET (BYTES)----[0]
2016-08-18 14:34:53:637[cInfo        ] --------------------|  END BUFFER MESH INFO  |--------------------------------------
2016-08-18 14:34:53:638[cInfo        ] 

2016-08-18 14:34:53:639[cInfo        ] 
-----------------------------------------------------------------------
 BufferInfo::CreateBuffers()[0] Created buffers:| VERTEX [3] with [96] bytes. || INDEX [4] with [48] bytes |
-----------------------------------------------------------------------

2016-08-18 14:34:53:644[cInfo        ] --------BufferInfo::AddMesh() Added mesh successfully-------
2016-08-18 14:34:53:645[cInfo        ] 
2016-08-18 14:34:53:646[cInfo        ] --------------------| START BUFFER MESH INFO |-------------------------------------
2016-08-18 14:34:53:648[cInfo        ] BufferInfo::AddMesh(): NUM VERTS-----------------[8]
2016-08-18 14:34:53:650[cInfo        ] BufferInfo::AddMesh(): NUM INDICES---------------[24]
2016-08-18 14:34:53:651[cInfo        ] BufferInfo::AddMesh(): VERT OFFSET---------------[0]
2016-08-18 14:34:53:653[cInfo        ] BufferInfo::AddMesh(): INDICES OFFSET (BYTES)----[0]
2016-08-18 14:34:53:654[cInfo        ] --------------------|  END BUFFER MESH INFO  |--------------------------------------
2016-08-18 14:34:53:656[cInfo        ] 

2016-08-18 14:34:53:658[cInfo        ] 
-----------------------------------------------------------------------
 BufferInfo::CreateBuffers()[0] Created buffers:| VERTEX [5] with [864] bytes. || INDEX [6] with [0] bytes |
-----------------------------------------------------------------------

2016-08-18 14:34:53:663[cInfo        ] --------BufferInfo::AddMesh() Added mesh successfully-------
2016-08-18 14:34:53:665[cInfo        ] 
2016-08-18 14:34:53:666[cInfo        ] --------------------| START BUFFER MESH INFO |-------------------------------------
2016-08-18 14:34:53:667[cInfo        ] BufferInfo::AddMesh(): NUM VERTS-----------------[36]
2016-08-18 14:34:53:668[cInfo        ] BufferInfo::AddMesh(): NUM INDICES---------------[0]
2016-08-18 14:34:53:669[cInfo        ] BufferInfo::AddMesh(): VERT OFFSET---------------[0]
2016-08-18 14:34:53:670[cInfo        ] BufferInfo::AddMesh(): INDICES OFFSET (BYTES)----[0]
2016-08-18 14:34:53:671[cInfo        ] --------------------|  END BUFFER MESH INFO  |--------------------------------------
2016-08-18 14:34:53:673[cInfo        ] 

2016-08-18 14:34:53:674[cInfo        ] 
-----------------------------------------------------------------------
 BufferInfo::CreateBuffers()[0] Created buffers:| VERTEX [7] with [144] bytes. || INDEX [8] with [0] bytes |
-----------------------------------------------------------------------

2016-08-18 14:34:53:678[cInfo        ] --------BufferInfo::AddMesh() Added mesh successfully-------
2016-08-18 14:34:53:679[cInfo        ] 
2016-08-18 14:34:53:679[cInfo        ] --------------------| START BUFFER MESH INFO |-------------------------------------
2016-08-18 14:34:53:681[cInfo        ] BufferInfo::AddMesh(): NUM VERTS-----------------[6]
2016-08-18 14:34:53:684[cInfo        ] BufferInfo::AddMesh(): NUM INDICES---------------[0]
2016-08-18 14:34:53:685[cInfo        ] BufferInfo::AddMesh(): VERT OFFSET---------------[0]
2016-08-18 14:34:53:686[cInfo        ] BufferInfo::AddMesh(): INDICES OFFSET (BYTES)----[0]
2016-08-18 14:34:53:687[cInfo        ] --------------------|  END BUFFER MESH INFO  |--------------------------------------
2016-08-18 14:34:53:688[cInfo        ] 

2016-08-18 14:34:53:689[cProcess     ] BufferManager::Initialize() successful.
2016-08-18 14:34:53:689[cInfo        ] 
-----------------------------------------------------------------------
 BufferInfo::CreateBuffers()[0] Created buffers:| VERTEX [9] with [1000000] bytes. || INDEX [10] with [1000000] bytes |
-----------------------------------------------------------------------

2016-08-18 14:34:53:693[cInfo        ] --------BufferInfo::AddMesh() Added mesh successfully-------
2016-08-18 14:34:53:696[cInfo        ] 
2016-08-18 14:34:53:696[cInfo        ] --------------------| START BUFFER MESH INFO |-------------------------------------
2016-08-18 14:34:53:697[cInfo        ] BufferInfo::AddMesh(): NUM VERTS-----------------[24]
2016-08-18 14:34:53:698[cInfo        ] BufferInfo::AddMesh(): NUM INDICES---------------[36]
2016-08-18 14:34:53:700[cInfo        ] BufferInfo::AddMesh(): VERT OFFSET---------------[0]
2016-08-18 14:34:53:701[cInfo        ] BufferInfo::AddMesh(): INDICES OFFSET (BYTES)----[0]
2016-08-18 14:34:53:701[cInfo        ] --------------------|  END BUFFER MESH INFO  |--------------------------------------
2016-08-18 14:34:53:704[cInfo        ] 

2016-08-18 14:34:53:706[cProcess     ] BufferManager::Initialize() successful.
2016-08-18 14:34:53:707[cInfo        ] 
-----------------------------------------------------------------------
 BufferInfo::CreateBuffers()[1] Created buffers:| VERTEX [11] with [1000000] bytes. || INDEX [12] with [1000000] bytes |
-----------------------------------------------------------------------

2016-08-18 14:34:53:711[cInfo        ] --------BufferInfo::AddMesh() Added mesh successfully-------
2016-08-18 14:34:53:716[cInfo        ] 
2016-08-18 14:34:53:717[cInfo        ] --------------------| START BUFFER MESH INFO |-------------------------------------
2016-08-18 14:34:53:718[cInfo        ] BufferInfo::AddMesh(): NUM VERTS-----------------[1536]
2016-08-18 14:34:53:718[cInfo        ] BufferInfo::AddMesh(): NUM INDICES---------------[3072]
2016-08-18 14:34:53:719[cInfo        ] BufferInfo::AddMesh(): VERT OFFSET---------------[0]
2016-08-18 14:34:53:720[cInfo        ] BufferInfo::AddMesh(): INDICES OFFSET (BYTES)----[0]
2016-08-18 14:34:53:721[cInfo        ] --------------------|  END BUFFER MESH INFO  |--------------------------------------
2016-08-18 14:34:53:722[cInfo        ] 

2016-08-18 14:34:53:723[cInfo        ] 
-----------------------------------------------------------------------
 BufferInfo::CreateBuffers()[0] Created buffers:| VERTEX [13] with [3936] bytes. || INDEX [14] with [0] bytes |
-----------------------------------------------------------------------

2016-08-18 14:34:53:733[cInfo        ] --------BufferInfo::AddMesh() Added mesh successfully-------
2016-08-18 14:34:53:735[cInfo        ] 
2016-08-18 14:34:53:738[cInfo        ] --------------------| START BUFFER MESH INFO |-------------------------------------
2016-08-18 14:34:53:740[cInfo        ] BufferInfo::AddMesh(): NUM VERTS-----------------[164]
2016-08-18 14:34:53:742[cInfo        ] BufferInfo::AddMesh(): NUM INDICES---------------[0]
2016-08-18 14:34:53:743[cInfo        ] BufferInfo::AddMesh(): VERT OFFSET---------------[0]
2016-08-18 14:34:53:744[cInfo        ] BufferInfo::AddMesh(): INDICES OFFSET (BYTES)----[0]
2016-08-18 14:34:53:745[cInfo        ] --------------------|  END BUFFER MESH INFO  |--------------------------------------
2016-08-18 14:34:53:746[cInfo        ] 

2016-08-18 14:34:53:751[cProcess     ] ShapeGenerator initialized successfully.
2016-08-18 14:34:53:752[cProcess     ] Camera::Initialize() successful.
2016-08-18 14:34:53:753[cProcess     ] Keyboard::Initialize() successful
2016-08-18 14:34:53:755[cProcess     ] Keyboard::Initialize() successful
2016-08-18 14:34:53:772[cInfo        ] 
-----------------------------------------------------------------------
 BufferInfo::CreateBuffers()[0] Created buffers:| VERTEX [15] with [10810368] bytes. || INDEX [16] with [0] bytes |
-----------------------------------------------------------------------

2016-08-18 14:34:53:791[cInfo        ] --------BufferInfo::AddMesh() Added mesh successfully-------
2016-08-18 14:34:53:791[cInfo        ] 
2016-08-18 14:34:53:792[cInfo        ] --------------------| START BUFFER MESH INFO |-------------------------------------
2016-08-18 14:34:53:794[cInfo        ] BufferInfo::AddMesh(): NUM VERTS-----------------[337824]
2016-08-18 14:34:53:795[cInfo        ] BufferInfo::AddMesh(): NUM INDICES---------------[0]
2016-08-18 14:34:53:796[cInfo        ] BufferInfo::AddMesh(): VERT OFFSET---------------[0]
2016-08-18 14:34:53:797[cInfo        ] BufferInfo::AddMesh(): INDICES OFFSET (BYTES)----[0]
2016-08-18 14:34:53:799[cInfo        ] --------------------|  END BUFFER MESH INFO  |--------------------------------------
2016-08-18 14:34:53:801[cInfo        ] 

2016-08-18 14:34:53:839[Info         ] ShapeGenerator::ReadSceneFile(): Added new scene [..\Data\Scenes\Dargon.ptn.scene] successfully.
2016-08-18 14:34:53:839[cInfo        ] EntityManager::BuildPlayerEntity(): Built [Dargon] successfully
2016-08-18 14:34:53:842[cProcess     ] BufferManager::Initialize() successful.
2016-08-18 14:34:53:853[cInfo        ] 
-----------------------------------------------------------------------
 BufferInfo::CreateBuffers()[2] Created buffers:| VERTEX [17] with [1000000] bytes. || INDEX [18] with [1000000] bytes |
-----------------------------------------------------------------------

2016-08-18 14:34:53:859[cInfo        ] --------BufferInfo::AddMesh() Added mesh successfully-------
2016-08-18 14:34:53:859[cInfo        ] 
2016-08-18 14:34:53:860[cInfo        ] --------------------| START BUFFER MESH INFO |-------------------------------------
2016-08-18 14:34:53:862[cInfo        ] BufferInfo::AddMesh(): NUM VERTS-----------------[36]
2016-08-18 14:34:53:863[cInfo        ] BufferInfo::AddMesh(): NUM INDICES---------------[0]
2016-08-18 14:34:53:865[cInfo        ] BufferInfo::AddMesh(): VERT OFFSET---------------[0]
2016-08-18 14:34:53:867[cInfo        ] BufferInfo::AddMesh(): INDICES OFFSET (BYTES)----[0]
2016-08-18 14:34:53:867[cInfo        ] --------------------|  END BUFFER MESH INFO  |--------------------------------------
2016-08-18 14:34:53:869[cInfo        ] 

2016-08-18 14:34:53:869[Info         ] ShapeGenerator::ReadSceneFile(): Added new scene [..\Data\Scenes\Cube.pn.scene] successfully.
2016-08-18 14:34:53:870[cInfo        ] --------BufferInfo::AddMesh() Added mesh successfully-------
2016-08-18 14:34:53:871[cInfo        ] 
2016-08-18 14:34:53:872[cInfo        ] --------------------| START BUFFER MESH INFO |-------------------------------------
2016-08-18 14:34:53:873[cInfo        ] BufferInfo::AddMesh(): NUM VERTS-----------------[18]
2016-08-18 14:34:53:874[cInfo        ] BufferInfo::AddMesh(): NUM INDICES---------------[0]
2016-08-18 14:34:53:875[cInfo        ] BufferInfo::AddMesh(): VERT OFFSET---------------[36]
2016-08-18 14:34:53:876[cInfo        ] BufferInfo::AddMesh(): INDICES OFFSET (BYTES)----[0]
2016-08-18 14:34:53:877[cInfo        ] --------------------|  END BUFFER MESH INFO  |--------------------------------------
2016-08-18 14:34:53:878[cInfo        ] 

2016-08-18 14:34:53:879[Info         ] ShapeGenerator::ReadSceneFile(): Added new scene [..\Data\Scenes\Pyramid.pn.scene] successfully.
2016-08-18 14:34:53:887[cInfo        ] 
-----------------------------------------------------------------------
 BufferInfo::CreateBuffers()[0] Created buffers:| VERTEX [19] with [5529600] bytes. || INDEX [20] with [0] bytes |
-----------------------------------------------------------------------

2016-08-18 14:34:53:899[cInfo        ] --------BufferInfo::AddMesh() Added mesh successfully-------
2016-08-18 14:34:53:900[cInfo        ] 
2016-08-18 14:34:53:900[cInfo        ] --------------------| START BUFFER MESH INFO |-------------------------------------
2016-08-18 14:34:53:901[cInfo        ] BufferInfo::AddMesh(): NUM VERTS-----------------[172800]
2016-08-18 14:34:53:902[cInfo        ] BufferInfo::AddMesh(): NUM INDICES---------------[0]
2016-08-18 14:34:53:904[cInfo        ] BufferInfo::AddMesh(): VERT OFFSET---------------[0]
2016-08-18 14:34:53:905[cInfo        ] BufferInfo::AddMesh(): INDICES OFFSET (BYTES)----[0]
2016-08-18 14:34:53:906[cInfo        ] --------------------|  END BUFFER MESH INFO  |--------------------------------------
2016-08-18 14:34:53:907[cInfo        ] 

2016-08-18 14:34:53:908[Info         ] ShapeGenerator::ReadSceneFile(): Added new scene [..\Data\Scenes\WaterPlane.ptn.scene] successfully.
2016-08-18 14:34:53:909[cProcess     ] Camera::Initialize() successful.
2016-08-18 14:34:53:919[cProcess     ] BufferManager::Initialize() successful.
2016-08-18 14:34:53:920[cInfo        ] 
-----------------------------------------------------------------------
 BufferInfo::CreateBuffers()[3] Created buffers:| VERTEX [21] with [8107776] bytes. || INDEX [22] with [0] bytes |
-----------------------------------------------------------------------

2016-08-18 14:34:53:934[cInfo        ] --------BufferInfo::AddMesh() Added mesh successfully-------
2016-08-18 14:34:53:935[cInfo        ] 
2016-08-18 14:34:53:935[cInfo        ] --------------------| START BUFFER MESH INFO |-------------------------------------
2016-08-18 14:34:53:936[cInfo        ] BufferInfo::AddMesh(): NUM VERTS-----------------[337824]
2016-08-18 14:34:53:937[cInfo        ] BufferInfo::AddMesh(): NUM INDICES---------------[0]
2016-08-18 14:34:53:938[cInfo        ] BufferInfo::AddMesh(): VERT OFFSET---------------[0]
2016-08-18 14:34:53:939[cInfo        ] BufferInfo::AddMesh(): INDICES OFFSET (BYTES)----[0]
2016-08-18 14:34:53:940[cInfo        ] --------------------|  END BUFFER MESH INFO  |--------------------------------------
2016-08-18 14:34:53:942[cInfo        ] 

2016-08-18 14:34:53:943[Info         ] ShapeGenerator::ReadSceneFile(): Added new scene [..\Data\Scenes\Dargon.pn.scene] successfully.
2016-08-18 14:34:53:943[cProcess     ] BufferManager::Initialize() successful.
2016-08-18 14:34:53:943[cInfo        ] 
-----------------------------------------------------------------------
 BufferInfo::CreateBuffers()[4] Created buffers:| VERTEX [23] with [1000000] bytes. || INDEX [24] with [1000000] bytes |
-----------------------------------------------------------------------

2016-08-18 14:34:53:947[cInfo        ] --------BufferInfo::AddMesh() Added mesh successfully-------
2016-08-18 14:34:53:948[cInfo        ] 
2016-08-18 14:34:53:949[cInfo        ] --------------------| START BUFFER MESH INFO |-------------------------------------
2016-08-18 14:34:53:952[cInfo        ] BufferInfo::AddMesh(): NUM VERTS-----------------[6]
2016-08-18 14:34:53:953[cInfo        ] BufferInfo::AddMesh(): NUM INDICES---------------[0]
2016-08-18 14:34:53:953[cInfo        ] BufferInfo::AddMesh(): VERT OFFSET---------------[0]
2016-08-18 14:34:53:954[cInfo        ] BufferInfo::AddMesh(): INDICES OFFSET (BYTES)----[0]
2016-08-18 14:34:53:955[cInfo        ] --------------------|  END BUFFER MESH INFO  |--------------------------------------
2016-08-18 14:34:53:957[cInfo        ] 

2016-08-18 14:34:53:957[cProcess     ] BodaciousQuest::Initialize() successful.
2016-08-18 14:34:53:958[Process      ] GameTime::Initialize() ok

2016-08-18 14:34:53:958[cProcess     ] MyWindow::Initialize() successful!
