2016-08-18 17:01:02:329[Process      ] GameLogger::Initialize() opened log file [..\Data\LogFiles\2016-08-18 17-01-02.BodaciousQuest.log] for writing
2016-08-18 17:01:02:329[Info         ] GameLogger::Initialize() successful
2016-08-18 17:01:02:329[Process      ] ConfigReader opened [..\Data\BodaciousQuest.config] successfully
2016-08-18 17:01:02:329[Info         ] ConfigReader initialized successfully
2016-08-18 17:01:02:329[Info         ] Valid KVP [BodaciousQuest.ShowFullScreen] [false] added
2016-08-18 17:01:02:329[Info         ] Valid KVP [BodaciousQuest.FpsInterval] [5.0] added
2016-08-18 17:01:02:329[Info         ] Valid KVP [BodaciousQuest.EnableControls] [true] added
2016-08-18 17:01:02:329[Info         ] Valid KVP [BodaciousQuest.LoadCubeFirst] [true] added
2016-08-18 17:01:02:329[Info         ] Valid KVP [BodaciousQuest.CameraWalkMode] [false] added
2016-08-18 17:01:02:329[Info         ] Valid KVP [BodaciousQuest.GridSize] [40] added
2016-08-18 17:01:02:329[Info         ] Valid KVP [BodaciousQuest.LightingTest.Ambient.Color] [1.0  1.0  1.0] added
2016-08-18 17:01:02:329[Info         ] Valid KVP [BodaciousQuest.LightingTest.Diffuse.Color] [1.0  1.0  1.0] added
2016-08-18 17:01:02:329[Info         ] Valid KVP [BodaciousQuest.LightingTest.Specular.Color] [0.0  0.0  0.0] added
2016-08-18 17:01:02:329[Info         ] Valid KVP [BodaciousQuest.LightingTest.Ambient.Reflectivity] [0.01] added
2016-08-18 17:01:02:329[Info         ] Valid KVP [BodaciousQuest.LightingTest.Diffuse.Reflectivity] [0.6] added
2016-08-18 17:01:02:330[Info         ] Valid KVP [BodaciousQuest.LightingTest.Specular.Reflectivity] [0.5] added
2016-08-18 17:01:02:330[Info         ] Valid KVP [BodaciousQuest.LightingTest.Specular.Shininess] [1.0] added
2016-08-18 17:01:02:330[Info         ] Valid KVP [BodaciousQuest.LightingTest.Falloff.A] [1.0] added
2016-08-18 17:01:02:330[Info         ] Valid KVP [BodaciousQuest.LightingTest.Falloff.B] [0.01] added
2016-08-18 17:01:02:330[Info         ] Valid KVP [BodaciousQuest.LightingTest.Falloff.C] [0.1] added
2016-08-18 17:01:02:330[Info         ] Valid KVP [BodaciousQuest.LightingTest.Directional] [false] added
2016-08-18 17:01:02:330[Info         ] Valid KVP [BodaciousQuest.LightingTest.Direction] [-1.0 0.0 1.0] added
2016-08-18 17:01:02:330[Info         ] Valid KVP [BodaciousQuest.LightingTest.Light.Position] [-0.875458 3.673020 1.043331] added
2016-08-18 17:01:02:330[Info         ] Valid KVP [BodaciousQuest.LightingTest.Dargon.Color] [1.0 1.0 0.4] added
2016-08-18 17:01:02:330[Info         ] Valid KVP [ObjConverter.Mode.VertexType] [p] added
2016-08-18 17:01:02:330[Info         ] Valid KVP [ObjConverter.Mode.Analyze] [false] added
2016-08-18 17:01:02:330[Info         ] Valid KVP [ObjConverter.Model] [AIWorld] added
2016-08-18 17:01:02:330[Info         ] Valid KVP [ObjConverter.Shader] [0] added
2016-08-18 17:01:02:330[Info         ] Valid KVP [ObjConverter.Color] [random] added
2016-08-18 17:01:02:330[Info         ] Valid KVP [ObjConverter.Obj.InputFileFolder] [..\\Data\\Objs\\] added
2016-08-18 17:01:02:330[Info         ] Valid KVP [ObjConverter.Scene.OutputFileFolder] [..\\Data\\Scenes\\] added
2016-08-18 17:01:02:330[Info         ] Valid KVP [ObjConverter.Model.Dargon.NumVerts] [57967] added
2016-08-18 17:01:02:330[Info         ] Valid KVP [ObjConverter.Model.Dargon.NumIndices] [337824] added
2016-08-18 17:01:02:330[Info         ] Valid KVP [ObjConverter.Model.Dargon.NumTexCoords] [60175] added
2016-08-18 17:01:02:330[Info         ] Valid KVP [ObjConverter.Model.Dargon.NumNormals] [337824] added
2016-08-18 17:01:02:330[Info         ] Valid KVP [ObjConverter.Model.Swamp.NumVerts] [2735] added
2016-08-18 17:01:02:330[Info         ] Valid KVP [ObjConverter.Model.Swamp.NumIndices] [8556] added
2016-08-18 17:01:02:330[Info         ] Valid KVP [ObjConverter.Model.Swamp.NumTexCoords] [3622] added
2016-08-18 17:01:02:330[Info         ] Valid KVP [ObjConverter.Model.Swamp.NumNormals] [5156] added
2016-08-18 17:01:02:330[Info         ] Valid KVP [ObjConverter.Model.Pyramid.NumVerts] [5] added
2016-08-18 17:01:02:330[Info         ] Valid KVP [ObjConverter.Model.Pyramid.NumIndices] [18] added
2016-08-18 17:01:02:330[Info         ] Valid KVP [ObjConverter.Model.Pyramid.NumTexCoords] [10] added
2016-08-18 17:01:02:330[Info         ] Valid KVP [ObjConverter.Model.Pyramid.NumNormals] [16] added
2016-08-18 17:01:02:330[Info         ] Valid KVP [ObjConverter.Model.AIWorld.NumVerts] [1957] added
2016-08-18 17:01:02:330[Info         ] Valid KVP [ObjConverter.Model.AIWorld.NumIndices] [8718] added
2016-08-18 17:01:02:330[Info         ] Valid KVP [ObjConverter.Model.AIWorld.NumTexCoords] [4186] added
2016-08-18 17:01:02:330[Info         ] Valid KVP [ObjConverter.Model.AIWorld.NumNormals] [5418] added
2016-08-18 17:01:02:330[Info         ] Valid KVP [ObjConverter.Model.GameWeapon.NumVerts] [2068] added
2016-08-18 17:01:02:330[Info         ] Valid KVP [ObjConverter.Model.GameWeapon.NumIndices] [9894] added
2016-08-18 17:01:02:330[Info         ] Valid KVP [ObjConverter.Model.GameWeapon.NumTexCoords] [0] added
2016-08-18 17:01:02:330[Info         ] Valid KVP [ObjConverter.Model.GameWeapon.NumNormals] [0] added
2016-08-18 17:01:02:330[Info         ] Valid KVP [ObjConverter.Model.Chicken.NumVerts] [224] added
2016-08-18 17:01:02:330[Info         ] Valid KVP [ObjConverter.Model.Chicken.NumIndices] [1374] added
2016-08-18 17:01:02:330[Info         ] Valid KVP [ObjConverter.Model.Chicken.NumTexCoords] [472] added
2016-08-18 17:01:02:330[Info         ] Valid KVP [ObjConverter.Model.Chicken.NumNormals] [565] added
2016-08-18 17:01:02:330[Info         ] Valid KVP [ObjConverter.Model.WaterPlane.NumVerts] [29282] added
2016-08-18 17:01:02:330[Info         ] Valid KVP [ObjConverter.Model.WaterPlane.NumIndices] [172800] added
2016-08-18 17:01:02:330[Info         ] Valid KVP [ObjConverter.Model.WaterPlane.NumTexCoords] [29282] added
2016-08-18 17:01:02:330[Info         ] Valid KVP [ObjConverter.Model.WaterPlane.NumNormals] [172800] added
2016-08-18 17:01:02:330[Info         ] Valid KVP [ObjConverter.Model.Cube.NumVerts] [8] added
2016-08-18 17:01:02:330[Info         ] Valid KVP [ObjConverter.Model.Cube.NumIndices] [36] added
2016-08-18 17:01:02:330[Info         ] Valid KVP [ObjConverter.Model.Cube.NumTexCoords] [14] added
2016-08-18 17:01:02:330[Info         ] Valid KVP [ObjConverter.Model.Cube.NumNormals] [24] added
2016-08-18 17:01:02:330[Info         ] Valid KVP [ObjConverter.Model.Barrel.NumVerts] [172] added
2016-08-18 17:01:02:331[Info         ] Valid KVP [ObjConverter.Model.Barrel.NumIndices] [1008] added
2016-08-18 17:01:02:331[Info         ] Valid KVP [ObjConverter.Model.Barrel.NumTexCoords] [328] added
2016-08-18 17:01:02:331[Info         ] Valid KVP [ObjConverter.Model.Barrel.NumNormals] [204] added
2016-08-18 17:01:02:331[Info         ] Valid KVP [ObjConverter.Model.SkyBox.NumVerts] [8] added
2016-08-18 17:01:02:331[Info         ] Valid KVP [ObjConverter.Model.SkyBox.NumIndices] [36] added
2016-08-18 17:01:02:331[Info         ] Valid KVP [ObjConverter.Model.SkyBox.NumTexCoords] [18] added
2016-08-18 17:01:02:331[Info         ] Valid KVP [ObjConverter.Model.SkyBox.NumNormals] [24] added
2016-08-18 17:01:02:406[cInfo        ] Config reader opened [..\Data\BodaciousQuest.config] for reading!
2016-08-18 17:01:02:474[Process      ] ShaderManager Initialized successfully
2016-08-18 17:01:02:474[Info         ] Shader Init started
2016-08-18 17:01:02:474[Info         ] Shader Program created.
2016-08-18 17:01:02:474[Process      ] ShaderProgram::Initialize()[1] successful!
2016-08-18 17:01:02:474[Debug        ] File [..\Data\shaders\debug.vert.shader] Opened successfully! Buffer Length:[291]
2016-08-18 17:01:02:474[Debug        ] Shader file [..\Data\shaders\debug.vert.shader] contents:
//BEGIN
#version 430 core

layout(location = 0)  in vec3 vPosition;

layout(location = 15) uniform vec3 colorin;
layout(location = 16) uniform mat4 MAT;

out vec4 color;

void main()
{
	vec4 vertPos = vec4(vPosition, 1.0);
	gl_Position = MAT *  vertPos;
	color = vec4(colorin, 1.0);
}
//END

2016-08-18 17:01:02:474[Debug        ]  ShaderProgram::AddShader() file with data was read in
2016-08-18 17:01:02:474[Debug        ] ShaderProgram::AddShader() : glShaderSource() successful
2016-08-18 17:01:02:475[Debug        ] ShaderProgram::AddShader() : glCompileShader() successful
2016-08-18 17:01:02:475[Info         ] ShaderProgram::CheckShaderCompileStatus(2) successful.
2016-08-18 17:01:02:475[Debug        ] ShaderProgram::AddShader() : glCompileShader() successful
2016-08-18 17:01:02:475[Info         ] ShaderInfo saved successfully.
2016-08-18 17:01:02:475[Debug        ] ShaderProgram::AddShader() : glAttachShader() successful
2016-08-18 17:01:02:475[Info         ] ShaderProgram::AddShader [2] successful.
2016-08-18 17:01:02:475[Debug        ] File [..\Data\shaders\debug.frag.shader] Opened successfully! Buffer Length:[104]
2016-08-18 17:01:02:475[Debug        ] Shader file [..\Data\shaders\debug.frag.shader] contents:
//BEGIN
#version 430 core


in  vec4 color;
out vec4 outColor;

void main()
{
	outColor = color;
}


//END

2016-08-18 17:01:02:475[Debug        ]  ShaderProgram::AddShader() file with data was read in
2016-08-18 17:01:02:475[Debug        ] ShaderProgram::AddShader() : glShaderSource() successful
2016-08-18 17:01:02:476[Debug        ] ShaderProgram::AddShader() : glCompileShader() successful
2016-08-18 17:01:02:476[Info         ] ShaderProgram::CheckShaderCompileStatus(3) successful.
2016-08-18 17:01:02:476[Debug        ] ShaderProgram::AddShader() : glCompileShader() successful
2016-08-18 17:01:02:476[Info         ] ShaderInfo saved successfully.
2016-08-18 17:01:02:476[Debug        ] ShaderProgram::AddShader() : glAttachShader() successful
2016-08-18 17:01:02:476[Info         ] ShaderProgram::AddShader [3] successful.
2016-08-18 17:01:02:477[Info         ] CheckProgramStatus() successful!
2016-08-18 17:01:02:477[Info         ] CheckProgramStatus() successful!
2016-08-18 17:01:02:477[Info         ] Shader Init started
2016-08-18 17:01:02:477[Info         ] Shader Program created.
2016-08-18 17:01:02:477[Process      ] ShaderProgram::Initialize()[4] successful!
2016-08-18 17:01:02:477[Debug        ] File [..\Data\shaders\play.vert.shader] Opened successfully! Buffer Length:[343]
2016-08-18 17:01:02:477[Debug        ] Shader file [..\Data\shaders\play.vert.shader] contents:
//BEGIN
#version 430 core

layout (location = 0)  in vec3 vPosition;
layout (location = 1)  in vec3 vColor;
layout (location = 15) uniform vec3 colorin;
layout (location = 16) uniform mat4 MAT;

out vec4 color;

void main()
{
	vec4 vertPos = vec4(vPosition, 1.0);
	gl_Position = MAT *  vertPos;
	color = vec4((vColor + colorin), 1.0);
}
//END

2016-08-18 17:01:02:477[Debug        ]  ShaderProgram::AddShader() file with data was read in
2016-08-18 17:01:02:477[Debug        ] ShaderProgram::AddShader() : glShaderSource() successful
2016-08-18 17:01:02:478[Debug        ] ShaderProgram::AddShader() : glCompileShader() successful
2016-08-18 17:01:02:478[Info         ] ShaderProgram::CheckShaderCompileStatus(5) successful.
2016-08-18 17:01:02:478[Debug        ] ShaderProgram::AddShader() : glCompileShader() successful
2016-08-18 17:01:02:478[Info         ] ShaderInfo saved successfully.
2016-08-18 17:01:02:478[Debug        ] ShaderProgram::AddShader() : glAttachShader() successful
2016-08-18 17:01:02:478[Info         ] ShaderProgram::AddShader [5] successful.
2016-08-18 17:01:02:478[Debug        ] File [..\Data\shaders\play.frag.shader] Opened successfully! Buffer Length:[391]
2016-08-18 17:01:02:478[Debug        ] Shader file [..\Data\shaders\play.frag.shader] contents:
//BEGIN
#version 430 core


in  vec4 color;
out vec4 outColor;

void main()
{

	//if (color.r < .7) discard;
	outColor = color;

	//if(((gl_FragCoord.x  > 600)&& (gl_FragCoord.y < 300)) || ((gl_FragCoord.y < 300)  && (gl_FragCoord.x  < 600) )) {
	//discard;
	//}

	//vec2 scrPos = vec2(gl_FragCoord) - vec2(350,150);
	//float len =  length(scrPos);
	//if(len < 50 )discard;
}


//END

2016-08-18 17:01:02:478[Debug        ]  ShaderProgram::AddShader() file with data was read in
2016-08-18 17:01:02:478[Debug        ] ShaderProgram::AddShader() : glShaderSource() successful
2016-08-18 17:01:02:478[Debug        ] ShaderProgram::AddShader() : glCompileShader() successful
2016-08-18 17:01:02:478[Info         ] ShaderProgram::CheckShaderCompileStatus(6) successful.
2016-08-18 17:01:02:478[Debug        ] ShaderProgram::AddShader() : glCompileShader() successful
2016-08-18 17:01:02:478[Info         ] ShaderInfo saved successfully.
2016-08-18 17:01:02:478[Debug        ] ShaderProgram::AddShader() : glAttachShader() successful
2016-08-18 17:01:02:478[Info         ] ShaderProgram::AddShader [6] successful.
2016-08-18 17:01:02:479[Info         ] CheckProgramStatus() successful!
2016-08-18 17:01:02:479[Info         ] CheckProgramStatus() successful!
2016-08-18 17:01:02:479[Info         ] Shader Init started
2016-08-18 17:01:02:479[Info         ] Shader Program created.
2016-08-18 17:01:02:479[Process      ] ShaderProgram::Initialize()[7] successful!
2016-08-18 17:01:02:479[Debug        ] File [..\Data\shaders\texture.vert.shader] Opened successfully! Buffer Length:[305]
2016-08-18 17:01:02:479[Debug        ] Shader file [..\Data\shaders\texture.vert.shader] contents:
//BEGIN
#version 430 core

layout (location = 0)  in vec3 vPosition;
layout (location = 1)  in vec2 vUV;

layout (location = 16) uniform mat4 MAT;

//out data
out vec2 UV;

//out vec4 color;

void main()
{
	vec4 vertPos = vec4(vPosition, 1.0);
	gl_Position = MAT *  vertPos;

	UV = vUV;
	
	
}
//END

2016-08-18 17:01:02:479[Debug        ]  ShaderProgram::AddShader() file with data was read in
2016-08-18 17:01:02:479[Debug        ] ShaderProgram::AddShader() : glShaderSource() successful
2016-08-18 17:01:02:479[Debug        ] ShaderProgram::AddShader() : glCompileShader() successful
2016-08-18 17:01:02:479[Info         ] ShaderProgram::CheckShaderCompileStatus(8) successful.
2016-08-18 17:01:02:479[Debug        ] ShaderProgram::AddShader() : glCompileShader() successful
2016-08-18 17:01:02:479[Info         ] ShaderInfo saved successfully.
2016-08-18 17:01:02:479[Debug        ] ShaderProgram::AddShader() : glAttachShader() successful
2016-08-18 17:01:02:479[Info         ] ShaderProgram::AddShader [8] successful.
2016-08-18 17:01:02:480[Debug        ] File [..\Data\shaders\texture.frag.shader] Opened successfully! Buffer Length:[482]
2016-08-18 17:01:02:480[Debug        ] Shader file [..\Data\shaders\texture.frag.shader] contents:
//BEGIN
#version 430 core


in  vec2 UV;
out vec4 outColor;

layout(location = 20) uniform sampler2D textureSampler;

void main()
{

	//if (color.r < .7) discard;
	outColor = vec4(texture(textureSampler, UV).rgb, 1.0);

	//if(((gl_FragCoord.x  > 600)&& (gl_FragCoord.y < 300)) || ((gl_FragCoord.y < 300)  && (gl_FragCoord.x  < 600) )) {
	//discard;
	//}
	//vec2 scrPos = vec2(gl_FragCoord) - vec2(350,150);
	//float len =  length(scrPos);
	//if(len < 50 )discard;
}


//END

2016-08-18 17:01:02:480[Debug        ]  ShaderProgram::AddShader() file with data was read in
2016-08-18 17:01:02:480[Debug        ] ShaderProgram::AddShader() : glShaderSource() successful
2016-08-18 17:01:02:480[Debug        ] ShaderProgram::AddShader() : glCompileShader() successful
2016-08-18 17:01:02:480[Info         ] ShaderProgram::CheckShaderCompileStatus(9) successful.
2016-08-18 17:01:02:480[Debug        ] ShaderProgram::AddShader() : glCompileShader() successful
2016-08-18 17:01:02:480[Info         ] ShaderInfo saved successfully.
2016-08-18 17:01:02:480[Debug        ] ShaderProgram::AddShader() : glAttachShader() successful
2016-08-18 17:01:02:480[Info         ] ShaderProgram::AddShader [9] successful.
2016-08-18 17:01:02:481[Info         ] CheckProgramStatus() successful!
2016-08-18 17:01:02:481[Info         ] CheckProgramStatus() successful!
2016-08-18 17:01:02:481[Info         ] Shader Init started
2016-08-18 17:01:02:481[Info         ] Shader Program created.
2016-08-18 17:01:02:481[Process      ] ShaderProgram::Initialize()[10] successful!
2016-08-18 17:01:02:481[Debug        ] File [..\Data\shaders\framebuffer.vert.shader] Opened successfully! Buffer Length:[305]
2016-08-18 17:01:02:481[Debug        ] Shader file [..\Data\shaders\framebuffer.vert.shader] contents:
//BEGIN
#version 430 core

layout (location = 0)  in vec3 vPosition;
layout (location = 1)  in vec2 vUV;

layout (location = 16) uniform mat4 MAT;

//out data
out vec2 UV;

//out vec4 color;

void main()
{
	vec4 vertPos = vec4(vPosition, 1.0);
	gl_Position = MAT *  vertPos;

	UV = vUV;
	
	
}
//END

2016-08-18 17:01:02:481[Debug        ]  ShaderProgram::AddShader() file with data was read in
2016-08-18 17:01:02:481[Debug        ] ShaderProgram::AddShader() : glShaderSource() successful
2016-08-18 17:01:02:481[Debug        ] ShaderProgram::AddShader() : glCompileShader() successful
2016-08-18 17:01:02:481[Info         ] ShaderProgram::CheckShaderCompileStatus(11) successful.
2016-08-18 17:01:02:481[Debug        ] ShaderProgram::AddShader() : glCompileShader() successful
2016-08-18 17:01:02:481[Info         ] ShaderInfo saved successfully.
2016-08-18 17:01:02:481[Debug        ] ShaderProgram::AddShader() : glAttachShader() successful
2016-08-18 17:01:02:481[Info         ] ShaderProgram::AddShader [11] successful.
2016-08-18 17:01:02:482[Debug        ] File [..\Data\shaders\framebuffer.frag.shader] Opened successfully! Buffer Length:[275]
2016-08-18 17:01:02:482[Debug        ] Shader file [..\Data\shaders\framebuffer.frag.shader] contents:
//BEGIN
#version 430 core


in  vec2 UV;
out vec4 outColor;

layout(location = 20) uniform sampler2D textureSampler;

void main()
{


	vec3 tempCol = texture(textureSampler, UV).rgb;

	outColor = vec4(tempCol.r / 1.5f, tempCol.g / 1.5f, tempCol.b / 1.5f, 1.0f);
}


//END

2016-08-18 17:01:02:482[Debug        ]  ShaderProgram::AddShader() file with data was read in
2016-08-18 17:01:02:482[Debug        ] ShaderProgram::AddShader() : glShaderSource() successful
2016-08-18 17:01:02:482[Debug        ] ShaderProgram::AddShader() : glCompileShader() successful
2016-08-18 17:01:02:482[Info         ] ShaderProgram::CheckShaderCompileStatus(12) successful.
2016-08-18 17:01:02:482[Debug        ] ShaderProgram::AddShader() : glCompileShader() successful
2016-08-18 17:01:02:482[Info         ] ShaderInfo saved successfully.
2016-08-18 17:01:02:482[Debug        ] ShaderProgram::AddShader() : glAttachShader() successful
2016-08-18 17:01:02:482[Info         ] ShaderProgram::AddShader [12] successful.
2016-08-18 17:01:02:484[Info         ] CheckProgramStatus() successful!
2016-08-18 17:01:02:484[Info         ] CheckProgramStatus() successful!
2016-08-18 17:01:02:484[Info         ] Shader Init started
2016-08-18 17:01:02:484[Info         ] Shader Program created.
2016-08-18 17:01:02:484[Process      ] ShaderProgram::Initialize()[13] successful!
2016-08-18 17:01:02:484[Debug        ] File [..\Data\shaders\lighting.vert.shader] Opened successfully! Buffer Length:[1137]
2016-08-18 17:01:02:484[cDebug       ] Shader file [..\Data\shaders\lighting.vert.shader] is too big to display contents.
2016-08-18 17:01:02:486[Debug        ]  ShaderProgram::AddShader() file with data was read in
2016-08-18 17:01:02:486[Debug        ] ShaderProgram::AddShader() : glShaderSource() successful
2016-08-18 17:01:02:487[Debug        ] ShaderProgram::AddShader() : glCompileShader() successful
2016-08-18 17:01:02:487[Info         ] ShaderProgram::CheckShaderCompileStatus(14) successful.
2016-08-18 17:01:02:487[Debug        ] ShaderProgram::AddShader() : glCompileShader() successful
2016-08-18 17:01:02:487[Info         ] ShaderInfo saved successfully.
2016-08-18 17:01:02:487[Debug        ] ShaderProgram::AddShader() : glAttachShader() successful
2016-08-18 17:01:02:487[Info         ] ShaderProgram::AddShader [14] successful.
2016-08-18 17:01:02:487[Debug        ] File [..\Data\shaders\lighting.frag.shader] Opened successfully! Buffer Length:[1744]
2016-08-18 17:01:02:487[cDebug       ] Shader file [..\Data\shaders\lighting.frag.shader] is too big to display contents.
2016-08-18 17:01:02:488[Debug        ]  ShaderProgram::AddShader() file with data was read in
2016-08-18 17:01:02:489[Debug        ] ShaderProgram::AddShader() : glShaderSource() successful
2016-08-18 17:01:02:489[Debug        ] ShaderProgram::AddShader() : glCompileShader() successful
2016-08-18 17:01:02:489[Info         ] ShaderProgram::CheckShaderCompileStatus(15) successful.
2016-08-18 17:01:02:489[Debug        ] ShaderProgram::AddShader() : glCompileShader() successful
2016-08-18 17:01:02:489[Info         ] ShaderInfo saved successfully.
2016-08-18 17:01:02:489[Debug        ] ShaderProgram::AddShader() : glAttachShader() successful
2016-08-18 17:01:02:489[Info         ] ShaderProgram::AddShader [15] successful.
2016-08-18 17:01:02:492[Info         ] CheckProgramStatus() successful!
2016-08-18 17:01:02:493[Info         ] CheckProgramStatus() successful!
2016-08-18 17:01:02:493[Info         ] Shader Init started
2016-08-18 17:01:02:493[Info         ] Shader Program created.
2016-08-18 17:01:02:493[Process      ] ShaderProgram::Initialize()[16] successful!
2016-08-18 17:01:02:493[Debug        ] File [..\Data\shaders\texlighting.vert.shader] Opened successfully! Buffer Length:[1110]
2016-08-18 17:01:02:493[cDebug       ] Shader file [..\Data\shaders\texlighting.vert.shader] is too big to display contents.
2016-08-18 17:01:02:496[Debug        ]  ShaderProgram::AddShader() file with data was read in
2016-08-18 17:01:02:496[Debug        ] ShaderProgram::AddShader() : glShaderSource() successful
2016-08-18 17:01:02:497[Debug        ] ShaderProgram::AddShader() : glCompileShader() successful
2016-08-18 17:01:02:497[Info         ] ShaderProgram::CheckShaderCompileStatus(17) successful.
2016-08-18 17:01:02:497[Debug        ] ShaderProgram::AddShader() : glCompileShader() successful
2016-08-18 17:01:02:497[Info         ] ShaderInfo saved successfully.
2016-08-18 17:01:02:497[Debug        ] ShaderProgram::AddShader() : glAttachShader() successful
2016-08-18 17:01:02:497[Info         ] ShaderProgram::AddShader [17] successful.
2016-08-18 17:01:02:497[Debug        ] File [..\Data\shaders\texlighting.frag.shader] Opened successfully! Buffer Length:[1717]
2016-08-18 17:01:02:497[cDebug       ] Shader file [..\Data\shaders\texlighting.frag.shader] is too big to display contents.
2016-08-18 17:01:02:498[Debug        ]  ShaderProgram::AddShader() file with data was read in
2016-08-18 17:01:02:499[Debug        ] ShaderProgram::AddShader() : glShaderSource() successful
2016-08-18 17:01:02:499[Debug        ] ShaderProgram::AddShader() : glCompileShader() successful
2016-08-18 17:01:02:499[Info         ] ShaderProgram::CheckShaderCompileStatus(18) successful.
2016-08-18 17:01:02:499[Debug        ] ShaderProgram::AddShader() : glCompileShader() successful
2016-08-18 17:01:02:499[Info         ] ShaderInfo saved successfully.
2016-08-18 17:01:02:499[Debug        ] ShaderProgram::AddShader() : glAttachShader() successful
2016-08-18 17:01:02:499[Info         ] ShaderProgram::AddShader [18] successful.
2016-08-18 17:01:02:503[Info         ] CheckProgramStatus() successful!
2016-08-18 17:01:02:504[Info         ] CheckProgramStatus() successful!
2016-08-18 17:01:02:504[Info         ] Shader Init started
2016-08-18 17:01:02:504[Info         ] Shader Program created.
2016-08-18 17:01:02:504[Process      ] ShaderProgram::Initialize()[19] successful!
2016-08-18 17:01:02:504[Debug        ] File [..\Data\shaders\water.vert.shader] Opened successfully! Buffer Length:[1400]
2016-08-18 17:01:02:504[cDebug       ] Shader file [..\Data\shaders\water.vert.shader] is too big to display contents.
2016-08-18 17:01:02:505[Debug        ]  ShaderProgram::AddShader() file with data was read in
2016-08-18 17:01:02:505[Debug        ] ShaderProgram::AddShader() : glShaderSource() successful
2016-08-18 17:01:02:505[Debug        ] ShaderProgram::AddShader() : glCompileShader() successful
2016-08-18 17:01:02:505[Info         ] ShaderProgram::CheckShaderCompileStatus(20) successful.
2016-08-18 17:01:02:505[Debug        ] ShaderProgram::AddShader() : glCompileShader() successful
2016-08-18 17:01:02:505[Info         ] ShaderInfo saved successfully.
2016-08-18 17:01:02:505[Debug        ] ShaderProgram::AddShader() : glAttachShader() successful
2016-08-18 17:01:02:505[Info         ] ShaderProgram::AddShader [20] successful.
2016-08-18 17:01:02:505[Debug        ] File [..\Data\shaders\water.frag.shader] Opened successfully! Buffer Length:[2436]
2016-08-18 17:01:02:505[cDebug       ] Shader file [..\Data\shaders\water.frag.shader] is too big to display contents.
2016-08-18 17:01:02:506[Debug        ]  ShaderProgram::AddShader() file with data was read in
2016-08-18 17:01:02:506[Debug        ] ShaderProgram::AddShader() : glShaderSource() successful
2016-08-18 17:01:02:507[Debug        ] ShaderProgram::AddShader() : glCompileShader() successful
2016-08-18 17:01:02:507[Info         ] ShaderProgram::CheckShaderCompileStatus(21) successful.
2016-08-18 17:01:02:507[Debug        ] ShaderProgram::AddShader() : glCompileShader() successful
2016-08-18 17:01:02:507[Info         ] ShaderInfo saved successfully.
2016-08-18 17:01:02:507[Debug        ] ShaderProgram::AddShader() : glAttachShader() successful
2016-08-18 17:01:02:507[Info         ] ShaderProgram::AddShader [21] successful.
2016-08-18 17:01:02:511[Info         ] CheckProgramStatus() successful!
2016-08-18 17:01:02:511[Info         ] CheckProgramStatus() successful!
2016-08-18 17:01:02:511[Info         ] GetAttribLocation [vPosition] successful.
2016-08-18 17:01:02:511[Info         ] GetUniformLocation [colorin] successful.
2016-08-18 17:01:02:511[Info         ] GetUniformLocation [MAT] successful.
2016-08-18 17:01:02:511[cProcess     ] RenderEngine::Initialize() successful.
2016-08-18 17:01:02:512[cInfo        ] 
-----------------------------------------------------------------------
 BufferInfo::CreateBuffers()[0] Created buffers:| VERTEX [1] with [80] bytes. || INDEX [2] with [24] bytes |
-----------------------------------------------------------------------

2016-08-18 17:01:02:518[cInfo        ] --------BufferInfo::AddMesh() Added mesh successfully-------
2016-08-18 17:01:02:520[cInfo        ] 
2016-08-18 17:01:02:521[cInfo        ] --------------------| START BUFFER MESH INFO |-------------------------------------
2016-08-18 17:01:02:523[cInfo        ] BufferInfo::AddMesh(): NUM VERTS-----------------[4]
2016-08-18 17:01:02:524[cInfo        ] BufferInfo::AddMesh(): NUM INDICES---------------[6]
2016-08-18 17:01:02:525[cInfo        ] BufferInfo::AddMesh(): VERT OFFSET---------------[0]
2016-08-18 17:01:02:528[cInfo        ] BufferInfo::AddMesh(): INDICES OFFSET (BYTES)----[0]
2016-08-18 17:01:02:529[cInfo        ] --------------------|  END BUFFER MESH INFO  |--------------------------------------
2016-08-18 17:01:02:531[cInfo        ] 

2016-08-18 17:01:02:531[cInfo        ] 
-----------------------------------------------------------------------
 BufferInfo::CreateBuffers()[0] Created buffers:| VERTEX [3] with [96] bytes. || INDEX [4] with [48] bytes |
-----------------------------------------------------------------------

2016-08-18 17:01:02:536[cInfo        ] --------BufferInfo::AddMesh() Added mesh successfully-------
2016-08-18 17:01:02:537[cInfo        ] 
2016-08-18 17:01:02:537[cInfo        ] --------------------| START BUFFER MESH INFO |-------------------------------------
2016-08-18 17:01:02:538[cInfo        ] BufferInfo::AddMesh(): NUM VERTS-----------------[8]
2016-08-18 17:01:02:539[cInfo        ] BufferInfo::AddMesh(): NUM INDICES---------------[24]
2016-08-18 17:01:02:540[cInfo        ] BufferInfo::AddMesh(): VERT OFFSET---------------[0]
2016-08-18 17:01:02:541[cInfo        ] BufferInfo::AddMesh(): INDICES OFFSET (BYTES)----[0]
2016-08-18 17:01:02:543[cInfo        ] --------------------|  END BUFFER MESH INFO  |--------------------------------------
2016-08-18 17:01:02:544[cInfo        ] 

2016-08-18 17:01:02:545[cInfo        ] 
-----------------------------------------------------------------------
 BufferInfo::CreateBuffers()[0] Created buffers:| VERTEX [5] with [864] bytes. || INDEX [6] with [0] bytes |
-----------------------------------------------------------------------

2016-08-18 17:01:02:548[cInfo        ] --------BufferInfo::AddMesh() Added mesh successfully-------
2016-08-18 17:01:02:549[cInfo        ] 
2016-08-18 17:01:02:549[cInfo        ] --------------------| START BUFFER MESH INFO |-------------------------------------
2016-08-18 17:01:02:551[cInfo        ] BufferInfo::AddMesh(): NUM VERTS-----------------[36]
2016-08-18 17:01:02:553[cInfo        ] BufferInfo::AddMesh(): NUM INDICES---------------[0]
2016-08-18 17:01:02:554[cInfo        ] BufferInfo::AddMesh(): VERT OFFSET---------------[0]
2016-08-18 17:01:02:555[cInfo        ] BufferInfo::AddMesh(): INDICES OFFSET (BYTES)----[0]
2016-08-18 17:01:02:555[cInfo        ] --------------------|  END BUFFER MESH INFO  |--------------------------------------
2016-08-18 17:01:02:556[cInfo        ] 

2016-08-18 17:01:02:559[cInfo        ] 
-----------------------------------------------------------------------
 BufferInfo::CreateBuffers()[0] Created buffers:| VERTEX [7] with [144] bytes. || INDEX [8] with [0] bytes |
-----------------------------------------------------------------------

2016-08-18 17:01:02:563[cInfo        ] --------BufferInfo::AddMesh() Added mesh successfully-------
2016-08-18 17:01:02:563[cInfo        ] 
2016-08-18 17:01:02:564[cInfo        ] --------------------| START BUFFER MESH INFO |-------------------------------------
2016-08-18 17:01:02:565[cInfo        ] BufferInfo::AddMesh(): NUM VERTS-----------------[6]
2016-08-18 17:01:02:566[cInfo        ] BufferInfo::AddMesh(): NUM INDICES---------------[0]
2016-08-18 17:01:02:567[cInfo        ] BufferInfo::AddMesh(): VERT OFFSET---------------[0]
2016-08-18 17:01:02:570[cInfo        ] BufferInfo::AddMesh(): INDICES OFFSET (BYTES)----[0]
2016-08-18 17:01:02:571[cInfo        ] --------------------|  END BUFFER MESH INFO  |--------------------------------------
2016-08-18 17:01:02:572[cInfo        ] 

2016-08-18 17:01:02:573[cProcess     ] BufferManager::Initialize() successful.
2016-08-18 17:01:02:575[cInfo        ] 
-----------------------------------------------------------------------
 BufferInfo::CreateBuffers()[0] Created buffers:| VERTEX [9] with [1000000] bytes. || INDEX [10] with [1000000] bytes |
-----------------------------------------------------------------------

2016-08-18 17:01:02:581[cInfo        ] --------BufferInfo::AddMesh() Added mesh successfully-------
2016-08-18 17:01:02:582[cInfo        ] 
2016-08-18 17:01:02:583[cInfo        ] --------------------| START BUFFER MESH INFO |-------------------------------------
2016-08-18 17:01:02:584[cInfo        ] BufferInfo::AddMesh(): NUM VERTS-----------------[24]
2016-08-18 17:01:02:586[cInfo        ] BufferInfo::AddMesh(): NUM INDICES---------------[36]
2016-08-18 17:01:02:588[cInfo        ] BufferInfo::AddMesh(): VERT OFFSET---------------[0]
2016-08-18 17:01:02:590[cInfo        ] BufferInfo::AddMesh(): INDICES OFFSET (BYTES)----[0]
2016-08-18 17:01:02:591[cInfo        ] --------------------|  END BUFFER MESH INFO  |--------------------------------------
2016-08-18 17:01:02:593[cInfo        ] 

2016-08-18 17:01:02:595[cProcess     ] BufferManager::Initialize() successful.
2016-08-18 17:01:02:596[cInfo        ] 
-----------------------------------------------------------------------
 BufferInfo::CreateBuffers()[1] Created buffers:| VERTEX [11] with [1000000] bytes. || INDEX [12] with [1000000] bytes |
-----------------------------------------------------------------------

2016-08-18 17:01:02:601[cInfo        ] --------BufferInfo::AddMesh() Added mesh successfully-------
2016-08-18 17:01:02:602[cInfo        ] 
2016-08-18 17:01:02:603[cInfo        ] --------------------| START BUFFER MESH INFO |-------------------------------------
2016-08-18 17:01:02:605[cInfo        ] BufferInfo::AddMesh(): NUM VERTS-----------------[1536]
2016-08-18 17:01:02:606[cInfo        ] BufferInfo::AddMesh(): NUM INDICES---------------[3072]
2016-08-18 17:01:02:607[cInfo        ] BufferInfo::AddMesh(): VERT OFFSET---------------[0]
2016-08-18 17:01:02:608[cInfo        ] BufferInfo::AddMesh(): INDICES OFFSET (BYTES)----[0]
2016-08-18 17:01:02:608[cInfo        ] --------------------|  END BUFFER MESH INFO  |--------------------------------------
2016-08-18 17:01:02:610[cInfo        ] 

2016-08-18 17:01:02:610[cInfo        ] 
-----------------------------------------------------------------------
 BufferInfo::CreateBuffers()[0] Created buffers:| VERTEX [13] with [3936] bytes. || INDEX [14] with [0] bytes |
-----------------------------------------------------------------------

2016-08-18 17:01:02:614[cInfo        ] --------BufferInfo::AddMesh() Added mesh successfully-------
2016-08-18 17:01:02:615[cInfo        ] 
2016-08-18 17:01:02:615[cInfo        ] --------------------| START BUFFER MESH INFO |-------------------------------------
2016-08-18 17:01:02:616[cInfo        ] BufferInfo::AddMesh(): NUM VERTS-----------------[164]
2016-08-18 17:01:02:617[cInfo        ] BufferInfo::AddMesh(): NUM INDICES---------------[0]
2016-08-18 17:01:02:618[cInfo        ] BufferInfo::AddMesh(): VERT OFFSET---------------[0]
2016-08-18 17:01:02:619[cInfo        ] BufferInfo::AddMesh(): INDICES OFFSET (BYTES)----[0]
2016-08-18 17:01:02:621[cInfo        ] --------------------|  END BUFFER MESH INFO  |--------------------------------------
2016-08-18 17:01:02:623[cInfo        ] 

2016-08-18 17:01:02:623[cProcess     ] ShapeGenerator initialized successfully.
2016-08-18 17:01:02:624[cProcess     ] Camera::Initialize() successful.
2016-08-18 17:01:02:625[cProcess     ] Keyboard::Initialize() successful
2016-08-18 17:01:02:627[cProcess     ] Keyboard::Initialize() successful
2016-08-18 17:01:02:640[cInfo        ] 
-----------------------------------------------------------------------
 BufferInfo::CreateBuffers()[0] Created buffers:| VERTEX [15] with [10810368] bytes. || INDEX [16] with [0] bytes |
-----------------------------------------------------------------------

2016-08-18 17:01:02:666[cInfo        ] --------BufferInfo::AddMesh() Added mesh successfully-------
2016-08-18 17:01:02:667[cInfo        ] 
2016-08-18 17:01:02:668[cInfo        ] --------------------| START BUFFER MESH INFO |-------------------------------------
2016-08-18 17:01:02:670[cInfo        ] BufferInfo::AddMesh(): NUM VERTS-----------------[337824]
2016-08-18 17:01:02:671[cInfo        ] BufferInfo::AddMesh(): NUM INDICES---------------[0]
2016-08-18 17:01:02:673[cInfo        ] BufferInfo::AddMesh(): VERT OFFSET---------------[0]
2016-08-18 17:01:02:674[cInfo        ] BufferInfo::AddMesh(): INDICES OFFSET (BYTES)----[0]
2016-08-18 17:01:02:675[cInfo        ] --------------------|  END BUFFER MESH INFO  |--------------------------------------
2016-08-18 17:01:02:677[cInfo        ] 

2016-08-18 17:01:02:717[Info         ] ShapeGenerator::ReadSceneFile(): Added new scene [..\Data\Scenes\Dargon.ptn.scene] successfully.
2016-08-18 17:01:02:718[cInfo        ] EntityManager::BuildPlayerEntity(): Built [Dargon] successfully
2016-08-18 17:01:02:723[cProcess     ] BufferManager::Initialize() successful.
2016-08-18 17:01:02:730[cInfo        ] 
-----------------------------------------------------------------------
 BufferInfo::CreateBuffers()[2] Created buffers:| VERTEX [17] with [1000000] bytes. || INDEX [18] with [1000000] bytes |
-----------------------------------------------------------------------

2016-08-18 17:01:02:734[cInfo        ] --------BufferInfo::AddMesh() Added mesh successfully-------
2016-08-18 17:01:02:735[cInfo        ] 
2016-08-18 17:01:02:735[cInfo        ] --------------------| START BUFFER MESH INFO |-------------------------------------
2016-08-18 17:01:02:736[cInfo        ] BufferInfo::AddMesh(): NUM VERTS-----------------[36]
2016-08-18 17:01:02:737[cInfo        ] BufferInfo::AddMesh(): NUM INDICES---------------[0]
2016-08-18 17:01:02:738[cInfo        ] BufferInfo::AddMesh(): VERT OFFSET---------------[0]
2016-08-18 17:01:02:739[cInfo        ] BufferInfo::AddMesh(): INDICES OFFSET (BYTES)----[0]
2016-08-18 17:01:02:740[cInfo        ] --------------------|  END BUFFER MESH INFO  |--------------------------------------
2016-08-18 17:01:02:741[cInfo        ] 

2016-08-18 17:01:02:741[Info         ] ShapeGenerator::ReadSceneFile(): Added new scene [..\Data\Scenes\Cube.pn.scene] successfully.
2016-08-18 17:01:02:742[cInfo        ] --------BufferInfo::AddMesh() Added mesh successfully-------
2016-08-18 17:01:02:744[cInfo        ] 
2016-08-18 17:01:02:745[cInfo        ] --------------------| START BUFFER MESH INFO |-------------------------------------
2016-08-18 17:01:02:746[cInfo        ] BufferInfo::AddMesh(): NUM VERTS-----------------[18]
2016-08-18 17:01:02:746[cInfo        ] BufferInfo::AddMesh(): NUM INDICES---------------[0]
2016-08-18 17:01:02:747[cInfo        ] BufferInfo::AddMesh(): VERT OFFSET---------------[36]
2016-08-18 17:01:02:748[cInfo        ] BufferInfo::AddMesh(): INDICES OFFSET (BYTES)----[0]
2016-08-18 17:01:02:749[cInfo        ] --------------------|  END BUFFER MESH INFO  |--------------------------------------
2016-08-18 17:01:02:750[cInfo        ] 

2016-08-18 17:01:02:751[Info         ] ShapeGenerator::ReadSceneFile(): Added new scene [..\Data\Scenes\Pyramid.pn.scene] successfully.
2016-08-18 17:01:02:757[cInfo        ] 
-----------------------------------------------------------------------
 BufferInfo::CreateBuffers()[0] Created buffers:| VERTEX [19] with [5529600] bytes. || INDEX [20] with [0] bytes |
-----------------------------------------------------------------------

2016-08-18 17:01:02:773[cInfo        ] --------BufferInfo::AddMesh() Added mesh successfully-------
2016-08-18 17:01:02:774[cInfo        ] 
2016-08-18 17:01:02:775[cInfo        ] --------------------| START BUFFER MESH INFO |-------------------------------------
2016-08-18 17:01:02:776[cInfo        ] BufferInfo::AddMesh(): NUM VERTS-----------------[172800]
2016-08-18 17:01:02:777[cInfo        ] BufferInfo::AddMesh(): NUM INDICES---------------[0]
2016-08-18 17:01:02:778[cInfo        ] BufferInfo::AddMesh(): VERT OFFSET---------------[0]
2016-08-18 17:01:02:778[cInfo        ] BufferInfo::AddMesh(): INDICES OFFSET (BYTES)----[0]
2016-08-18 17:01:02:779[cInfo        ] --------------------|  END BUFFER MESH INFO  |--------------------------------------
2016-08-18 17:01:02:780[cInfo        ] 

2016-08-18 17:01:02:781[Info         ] ShapeGenerator::ReadSceneFile(): Added new scene [..\Data\Scenes\WaterPlane.ptn.scene] successfully.
2016-08-18 17:01:02:782[cProcess     ] Camera::Initialize() successful.
2016-08-18 17:01:02:792[cProcess     ] BufferManager::Initialize() successful.
2016-08-18 17:01:02:793[cInfo        ] 
-----------------------------------------------------------------------
 BufferInfo::CreateBuffers()[3] Created buffers:| VERTEX [21] with [8107776] bytes. || INDEX [22] with [0] bytes |
-----------------------------------------------------------------------

2016-08-18 17:01:02:811[cInfo        ] --------BufferInfo::AddMesh() Added mesh successfully-------
2016-08-18 17:01:02:812[cInfo        ] 
2016-08-18 17:01:02:813[cInfo        ] --------------------| START BUFFER MESH INFO |-------------------------------------
2016-08-18 17:01:02:814[cInfo        ] BufferInfo::AddMesh(): NUM VERTS-----------------[337824]
2016-08-18 17:01:02:816[cInfo        ] BufferInfo::AddMesh(): NUM INDICES---------------[0]
2016-08-18 17:01:02:817[cInfo        ] BufferInfo::AddMesh(): VERT OFFSET---------------[0]
2016-08-18 17:01:02:819[cInfo        ] BufferInfo::AddMesh(): INDICES OFFSET (BYTES)----[0]
2016-08-18 17:01:02:820[cInfo        ] --------------------|  END BUFFER MESH INFO  |--------------------------------------
2016-08-18 17:01:02:822[cInfo        ] 

2016-08-18 17:01:02:823[Info         ] ShapeGenerator::ReadSceneFile(): Added new scene [..\Data\Scenes\Dargon.pn.scene] successfully.
2016-08-18 17:01:02:823[cProcess     ] BufferManager::Initialize() successful.
2016-08-18 17:01:02:824[cInfo        ] 
-----------------------------------------------------------------------
 BufferInfo::CreateBuffers()[4] Created buffers:| VERTEX [23] with [1000000] bytes. || INDEX [24] with [1000000] bytes |
-----------------------------------------------------------------------

2016-08-18 17:01:02:827[cInfo        ] --------BufferInfo::AddMesh() Added mesh successfully-------
2016-08-18 17:01:02:828[cInfo        ] 
2016-08-18 17:01:02:828[cInfo        ] --------------------| START BUFFER MESH INFO |-------------------------------------
2016-08-18 17:01:02:829[cInfo        ] BufferInfo::AddMesh(): NUM VERTS-----------------[6]
2016-08-18 17:01:02:830[cInfo        ] BufferInfo::AddMesh(): NUM INDICES---------------[0]
2016-08-18 17:01:02:831[cInfo        ] BufferInfo::AddMesh(): VERT OFFSET---------------[0]
2016-08-18 17:01:02:832[cInfo        ] BufferInfo::AddMesh(): INDICES OFFSET (BYTES)----[0]
2016-08-18 17:01:02:833[cInfo        ] --------------------|  END BUFFER MESH INFO  |--------------------------------------
2016-08-18 17:01:02:834[cInfo        ] 

2016-08-18 17:01:02:835[cProcess     ] BodaciousQuest::Initialize() successful.
2016-08-18 17:01:02:837[Process      ] GameTime::Initialize() ok

2016-08-18 17:01:02:837[cProcess     ] MyWindow::Initialize() successful!
2016-08-18 17:01:45:618[cProcess     ] BufferManager::Shutdown() successful.
2016-08-18 17:01:45:620[cProcess     ] RenderEngine::Shutdown() successful.
2016-08-18 17:01:45:621[cProcess     ] Camera::Shutdown() successful.
2016-08-18 17:01:45:623[Info         ] Shader  [2] deleting...
2016-08-18 17:01:45:623[Info         ] Shader  [2] deleted successfully.
2016-08-18 17:01:45:623[Info         ] Shader  [3] deleting...
2016-08-18 17:01:45:623[Info         ] Shader  [3] deleted successfully.
2016-08-18 17:01:45:623[Info         ] All shaders deleted successfully.
2016-08-18 17:01:45:623[cInfo        ] Program [1] deleted successfully.
2016-08-18 17:01:45:624[Process      ] ShaderProgram[1]::Shutdown successful!
2016-08-18 17:01:45:624[Info         ] Shader  [5] deleting...
2016-08-18 17:01:45:625[Info         ] Shader  [5] deleted successfully.
2016-08-18 17:01:45:625[Info         ] Shader  [6] deleting...
2016-08-18 17:01:45:625[Info         ] Shader  [6] deleted successfully.
2016-08-18 17:01:45:625[Info         ] All shaders deleted successfully.
2016-08-18 17:01:45:625[cInfo        ] Program [4] deleted successfully.
2016-08-18 17:01:45:626[Process      ] ShaderProgram[4]::Shutdown successful!
2016-08-18 17:01:45:626[Info         ] Shader  [8] deleting...
2016-08-18 17:01:45:626[Info         ] Shader  [8] deleted successfully.
2016-08-18 17:01:45:626[Info         ] Shader  [9] deleting...
2016-08-18 17:01:45:626[Info         ] Shader  [9] deleted successfully.
2016-08-18 17:01:45:626[Info         ] All shaders deleted successfully.
2016-08-18 17:01:45:626[cInfo        ] Program [7] deleted successfully.
2016-08-18 17:01:45:627[Process      ] ShaderProgram[7]::Shutdown successful!
2016-08-18 17:01:45:627[Info         ] Shader  [11] deleting...
2016-08-18 17:01:45:627[Info         ] Shader  [11] deleted successfully.
2016-08-18 17:01:45:627[Info         ] Shader  [12] deleting...
2016-08-18 17:01:45:627[Info         ] Shader  [12] deleted successfully.
2016-08-18 17:01:45:627[Info         ] All shaders deleted successfully.
2016-08-18 17:01:45:628[cInfo        ] Program [10] deleted successfully.
2016-08-18 17:01:45:628[Process      ] ShaderProgram[10]::Shutdown successful!
2016-08-18 17:01:45:629[Info         ] Shader  [14] deleting...
2016-08-18 17:01:45:629[Info         ] Shader  [14] deleted successfully.
2016-08-18 17:01:45:629[Info         ] Shader  [15] deleting...
2016-08-18 17:01:45:629[Info         ] Shader  [15] deleted successfully.
2016-08-18 17:01:45:629[Info         ] All shaders deleted successfully.
2016-08-18 17:01:45:629[cInfo        ] Program [13] deleted successfully.
2016-08-18 17:01:45:630[Process      ] ShaderProgram[13]::Shutdown successful!
2016-08-18 17:01:45:630[Info         ] Shader  [17] deleting...
2016-08-18 17:01:45:630[Info         ] Shader  [17] deleted successfully.
2016-08-18 17:01:45:630[Info         ] Shader  [18] deleting...
2016-08-18 17:01:45:630[Info         ] Shader  [18] deleted successfully.
2016-08-18 17:01:45:630[Info         ] All shaders deleted successfully.
2016-08-18 17:01:45:630[cInfo        ] Program [16] deleted successfully.
2016-08-18 17:01:45:631[Process      ] ShaderProgram[16]::Shutdown successful!
2016-08-18 17:01:45:631[Info         ] Shader  [20] deleting...
2016-08-18 17:01:45:631[Info         ] Shader  [20] deleted successfully.
2016-08-18 17:01:45:631[Info         ] Shader  [21] deleting...
2016-08-18 17:01:45:631[Info         ] Shader  [21] deleted successfully.
2016-08-18 17:01:45:631[Info         ] All shaders deleted successfully.
2016-08-18 17:01:45:631[cInfo        ] Program [19] deleted successfully.
2016-08-18 17:01:45:632[Process      ] ShaderProgram[19]::Shutdown successful!
2016-08-18 17:01:45:632[cProcess     ] MyWindow::Shutdown() successful!
2016-08-18 17:01:45:632[cProcess     ] BodaciousQuest::Shutdown() successful.
2016-08-18 17:01:45:643[Process      ] ConfigReader shut down successfully
2016-08-18 17:01:45:643[Process      ] GameLogger::ShutDown() successful
