2016-08-18 14:42:20:338[Process      ] GameLogger::Initialize() opened log file [..\Data\LogFiles\2016-08-18 14-42-20.BodaciousQuest.log] for writing
2016-08-18 14:42:20:338[Info         ] GameLogger::Initialize() successful
2016-08-18 14:42:20:338[Process      ] ConfigReader opened [..\Data\BodaciousQuest.config] successfully
2016-08-18 14:42:20:338[Info         ] ConfigReader initialized successfully
2016-08-18 14:42:20:338[Info         ] Valid KVP [BodaciousQuest.ShowFullScreen] [false] added
2016-08-18 14:42:20:338[Info         ] Valid KVP [BodaciousQuest.FpsInterval] [5.0] added
2016-08-18 14:42:20:339[Info         ] Valid KVP [BodaciousQuest.EnableControls] [true] added
2016-08-18 14:42:20:339[Info         ] Valid KVP [BodaciousQuest.LoadCubeFirst] [true] added
2016-08-18 14:42:20:339[Info         ] Valid KVP [BodaciousQuest.CameraWalkMode] [false] added
2016-08-18 14:42:20:339[Info         ] Valid KVP [BodaciousQuest.GridSize] [40] added
2016-08-18 14:42:20:339[Info         ] Valid KVP [BodaciousQuest.LightingTest.Ambient.Color] [1.0  1.0  1.0] added
2016-08-18 14:42:20:339[Info         ] Valid KVP [BodaciousQuest.LightingTest.Diffuse.Color] [1.0  1.0  1.0] added
2016-08-18 14:42:20:339[Info         ] Valid KVP [BodaciousQuest.LightingTest.Specular.Color] [0.0  0.0  0.0] added
2016-08-18 14:42:20:339[Info         ] Valid KVP [BodaciousQuest.LightingTest.Ambient.Reflectivity] [0.01] added
2016-08-18 14:42:20:339[Info         ] Valid KVP [BodaciousQuest.LightingTest.Diffuse.Reflectivity] [0.6] added
2016-08-18 14:42:20:339[Info         ] Valid KVP [BodaciousQuest.LightingTest.Specular.Reflectivity] [0.5] added
2016-08-18 14:42:20:339[Info         ] Valid KVP [BodaciousQuest.LightingTest.Specular.Shininess] [1.0] added
2016-08-18 14:42:20:339[Info         ] Valid KVP [BodaciousQuest.LightingTest.Falloff.A] [1.0] added
2016-08-18 14:42:20:339[Info         ] Valid KVP [BodaciousQuest.LightingTest.Falloff.B] [0.01] added
2016-08-18 14:42:20:339[Info         ] Valid KVP [BodaciousQuest.LightingTest.Falloff.C] [0.1] added
2016-08-18 14:42:20:339[Info         ] Valid KVP [BodaciousQuest.LightingTest.Directional] [false] added
2016-08-18 14:42:20:339[Info         ] Valid KVP [BodaciousQuest.LightingTest.Direction] [-1.0 0.0 1.0] added
2016-08-18 14:42:20:339[Info         ] Valid KVP [BodaciousQuest.LightingTest.Light.Position] [-0.875458 3.673020 1.043331] added
2016-08-18 14:42:20:339[Info         ] Valid KVP [BodaciousQuest.LightingTest.Dargon.Color] [1.0 1.0 0.4] added
2016-08-18 14:42:20:339[Info         ] Valid KVP [ObjConverter.Mode.VertexType] [p] added
2016-08-18 14:42:20:339[Info         ] Valid KVP [ObjConverter.Mode.Analyze] [false] added
2016-08-18 14:42:20:339[Info         ] Valid KVP [ObjConverter.Model] [AIWorld] added
2016-08-18 14:42:20:339[Info         ] Valid KVP [ObjConverter.Shader] [0] added
2016-08-18 14:42:20:339[Info         ] Valid KVP [ObjConverter.Color] [random] added
2016-08-18 14:42:20:339[Info         ] Valid KVP [ObjConverter.Obj.InputFileFolder] [..\\Data\\Objs\\] added
2016-08-18 14:42:20:339[Info         ] Valid KVP [ObjConverter.Scene.OutputFileFolder] [..\\Data\\Scenes\\] added
2016-08-18 14:42:20:339[Info         ] Valid KVP [ObjConverter.Model.Dargon.NumVerts] [57967] added
2016-08-18 14:42:20:339[Info         ] Valid KVP [ObjConverter.Model.Dargon.NumIndices] [337824] added
2016-08-18 14:42:20:339[Info         ] Valid KVP [ObjConverter.Model.Dargon.NumTexCoords] [60175] added
2016-08-18 14:42:20:339[Info         ] Valid KVP [ObjConverter.Model.Dargon.NumNormals] [337824] added
2016-08-18 14:42:20:339[Info         ] Valid KVP [ObjConverter.Model.Swamp.NumVerts] [2735] added
2016-08-18 14:42:20:339[Info         ] Valid KVP [ObjConverter.Model.Swamp.NumIndices] [8556] added
2016-08-18 14:42:20:339[Info         ] Valid KVP [ObjConverter.Model.Swamp.NumTexCoords] [3622] added
2016-08-18 14:42:20:339[Info         ] Valid KVP [ObjConverter.Model.Swamp.NumNormals] [5156] added
2016-08-18 14:42:20:339[Info         ] Valid KVP [ObjConverter.Model.Pyramid.NumVerts] [5] added
2016-08-18 14:42:20:339[Info         ] Valid KVP [ObjConverter.Model.Pyramid.NumIndices] [18] added
2016-08-18 14:42:20:339[Info         ] Valid KVP [ObjConverter.Model.Pyramid.NumTexCoords] [10] added
2016-08-18 14:42:20:339[Info         ] Valid KVP [ObjConverter.Model.Pyramid.NumNormals] [16] added
2016-08-18 14:42:20:339[Info         ] Valid KVP [ObjConverter.Model.AIWorld.NumVerts] [1957] added
2016-08-18 14:42:20:339[Info         ] Valid KVP [ObjConverter.Model.AIWorld.NumIndices] [8718] added
2016-08-18 14:42:20:339[Info         ] Valid KVP [ObjConverter.Model.AIWorld.NumTexCoords] [4186] added
2016-08-18 14:42:20:340[Info         ] Valid KVP [ObjConverter.Model.AIWorld.NumNormals] [5418] added
2016-08-18 14:42:20:340[Info         ] Valid KVP [ObjConverter.Model.GameWeapon.NumVerts] [2068] added
2016-08-18 14:42:20:340[Info         ] Valid KVP [ObjConverter.Model.GameWeapon.NumIndices] [9894] added
2016-08-18 14:42:20:340[Info         ] Valid KVP [ObjConverter.Model.GameWeapon.NumTexCoords] [0] added
2016-08-18 14:42:20:340[Info         ] Valid KVP [ObjConverter.Model.GameWeapon.NumNormals] [0] added
2016-08-18 14:42:20:340[Info         ] Valid KVP [ObjConverter.Model.Chicken.NumVerts] [224] added
2016-08-18 14:42:20:340[Info         ] Valid KVP [ObjConverter.Model.Chicken.NumIndices] [1374] added
2016-08-18 14:42:20:340[Info         ] Valid KVP [ObjConverter.Model.Chicken.NumTexCoords] [472] added
2016-08-18 14:42:20:340[Info         ] Valid KVP [ObjConverter.Model.Chicken.NumNormals] [565] added
2016-08-18 14:42:20:340[Info         ] Valid KVP [ObjConverter.Model.WaterPlane.NumVerts] [29282] added
2016-08-18 14:42:20:340[Info         ] Valid KVP [ObjConverter.Model.WaterPlane.NumIndices] [172800] added
2016-08-18 14:42:20:340[Info         ] Valid KVP [ObjConverter.Model.WaterPlane.NumTexCoords] [29282] added
2016-08-18 14:42:20:340[Info         ] Valid KVP [ObjConverter.Model.WaterPlane.NumNormals] [172800] added
2016-08-18 14:42:20:340[Info         ] Valid KVP [ObjConverter.Model.Cube.NumVerts] [8] added
2016-08-18 14:42:20:340[Info         ] Valid KVP [ObjConverter.Model.Cube.NumIndices] [36] added
2016-08-18 14:42:20:340[Info         ] Valid KVP [ObjConverter.Model.Cube.NumTexCoords] [14] added
2016-08-18 14:42:20:340[Info         ] Valid KVP [ObjConverter.Model.Cube.NumNormals] [24] added
2016-08-18 14:42:20:340[Info         ] Valid KVP [ObjConverter.Model.Barrel.NumVerts] [172] added
2016-08-18 14:42:20:340[Info         ] Valid KVP [ObjConverter.Model.Barrel.NumIndices] [1008] added
2016-08-18 14:42:20:340[Info         ] Valid KVP [ObjConverter.Model.Barrel.NumTexCoords] [328] added
2016-08-18 14:42:20:340[Info         ] Valid KVP [ObjConverter.Model.Barrel.NumNormals] [204] added
2016-08-18 14:42:20:340[Info         ] Valid KVP [ObjConverter.Model.SkyBox.NumVerts] [8] added
2016-08-18 14:42:20:340[Info         ] Valid KVP [ObjConverter.Model.SkyBox.NumIndices] [36] added
2016-08-18 14:42:20:340[Info         ] Valid KVP [ObjConverter.Model.SkyBox.NumTexCoords] [18] added
2016-08-18 14:42:20:340[Info         ] Valid KVP [ObjConverter.Model.SkyBox.NumNormals] [24] added
2016-08-18 14:42:20:417[cInfo        ] Config reader opened [..\Data\BodaciousQuest.config] for reading!
2016-08-18 14:42:20:478[Process      ] ShaderManager Initialized successfully
2016-08-18 14:42:20:478[Info         ] Shader Init started
2016-08-18 14:42:20:478[Info         ] Shader Program created.
2016-08-18 14:42:20:478[Process      ] ShaderProgram::Initialize()[1] successful!
2016-08-18 14:42:20:478[Debug        ] File [..\Data\shaders\debug.vert.shader] Opened successfully! Buffer Length:[291]
2016-08-18 14:42:20:479[Debug        ] Shader file [..\Data\shaders\debug.vert.shader] contents:
//BEGIN
#version 430 core

layout(location = 0)  in vec3 vPosition;

layout(location = 15) uniform vec3 colorin;
layout(location = 16) uniform mat4 MAT;

out vec4 color;

void main()
{
	vec4 vertPos = vec4(vPosition, 1.0);
	gl_Position = MAT *  vertPos;
	color = vec4(colorin, 1.0);
}
//END

2016-08-18 14:42:20:479[Debug        ]  ShaderProgram::AddShader() file with data was read in
2016-08-18 14:42:20:479[Debug        ] ShaderProgram::AddShader() : glShaderSource() successful
2016-08-18 14:42:20:479[Debug        ] ShaderProgram::AddShader() : glCompileShader() successful
2016-08-18 14:42:20:479[Info         ] ShaderProgram::CheckShaderCompileStatus(2) successful.
2016-08-18 14:42:20:479[Debug        ] ShaderProgram::AddShader() : glCompileShader() successful
2016-08-18 14:42:20:479[Info         ] ShaderInfo saved successfully.
2016-08-18 14:42:20:479[Debug        ] ShaderProgram::AddShader() : glAttachShader() successful
2016-08-18 14:42:20:479[Info         ] ShaderProgram::AddShader [2] successful.
2016-08-18 14:42:20:479[Debug        ] File [..\Data\shaders\debug.frag.shader] Opened successfully! Buffer Length:[104]
2016-08-18 14:42:20:479[Debug        ] Shader file [..\Data\shaders\debug.frag.shader] contents:
//BEGIN
#version 430 core


in  vec4 color;
out vec4 outColor;

void main()
{
	outColor = color;
}


//END

2016-08-18 14:42:20:479[Debug        ]  ShaderProgram::AddShader() file with data was read in
2016-08-18 14:42:20:479[Debug        ] ShaderProgram::AddShader() : glShaderSource() successful
2016-08-18 14:42:20:480[Debug        ] ShaderProgram::AddShader() : glCompileShader() successful
2016-08-18 14:42:20:480[Info         ] ShaderProgram::CheckShaderCompileStatus(3) successful.
2016-08-18 14:42:20:480[Debug        ] ShaderProgram::AddShader() : glCompileShader() successful
2016-08-18 14:42:20:480[Info         ] ShaderInfo saved successfully.
2016-08-18 14:42:20:480[Debug        ] ShaderProgram::AddShader() : glAttachShader() successful
2016-08-18 14:42:20:480[Info         ] ShaderProgram::AddShader [3] successful.
2016-08-18 14:42:20:481[Info         ] CheckProgramStatus() successful!
2016-08-18 14:42:20:481[Info         ] CheckProgramStatus() successful!
2016-08-18 14:42:20:481[Info         ] Shader Init started
2016-08-18 14:42:20:481[Info         ] Shader Program created.
2016-08-18 14:42:20:481[Process      ] ShaderProgram::Initialize()[4] successful!
2016-08-18 14:42:20:481[Debug        ] File [..\Data\shaders\play.vert.shader] Opened successfully! Buffer Length:[343]
2016-08-18 14:42:20:482[Debug        ] Shader file [..\Data\shaders\play.vert.shader] contents:
//BEGIN
#version 430 core

layout (location = 0)  in vec3 vPosition;
layout (location = 1)  in vec3 vColor;
layout (location = 15) uniform vec3 colorin;
layout (location = 16) uniform mat4 MAT;

out vec4 color;

void main()
{
	vec4 vertPos = vec4(vPosition, 1.0);
	gl_Position = MAT *  vertPos;
	color = vec4((vColor + colorin), 1.0);
}
//END

2016-08-18 14:42:20:482[Debug        ]  ShaderProgram::AddShader() file with data was read in
2016-08-18 14:42:20:482[Debug        ] ShaderProgram::AddShader() : glShaderSource() successful
2016-08-18 14:42:20:482[Debug        ] ShaderProgram::AddShader() : glCompileShader() successful
2016-08-18 14:42:20:482[Info         ] ShaderProgram::CheckShaderCompileStatus(5) successful.
2016-08-18 14:42:20:482[Debug        ] ShaderProgram::AddShader() : glCompileShader() successful
2016-08-18 14:42:20:482[Info         ] ShaderInfo saved successfully.
2016-08-18 14:42:20:482[Debug        ] ShaderProgram::AddShader() : glAttachShader() successful
2016-08-18 14:42:20:482[Info         ] ShaderProgram::AddShader [5] successful.
2016-08-18 14:42:20:482[Debug        ] File [..\Data\shaders\play.frag.shader] Opened successfully! Buffer Length:[391]
2016-08-18 14:42:20:482[Debug        ] Shader file [..\Data\shaders\play.frag.shader] contents:
//BEGIN
#version 430 core


in  vec4 color;
out vec4 outColor;

void main()
{

	//if (color.r < .7) discard;
	outColor = color;

	//if(((gl_FragCoord.x  > 600)&& (gl_FragCoord.y < 300)) || ((gl_FragCoord.y < 300)  && (gl_FragCoord.x  < 600) )) {
	//discard;
	//}

	//vec2 scrPos = vec2(gl_FragCoord) - vec2(350,150);
	//float len =  length(scrPos);
	//if(len < 50 )discard;
}


//END

2016-08-18 14:42:20:482[Debug        ]  ShaderProgram::AddShader() file with data was read in
2016-08-18 14:42:20:482[Debug        ] ShaderProgram::AddShader() : glShaderSource() successful
2016-08-18 14:42:20:482[Debug        ] ShaderProgram::AddShader() : glCompileShader() successful
2016-08-18 14:42:20:482[Info         ] ShaderProgram::CheckShaderCompileStatus(6) successful.
2016-08-18 14:42:20:482[Debug        ] ShaderProgram::AddShader() : glCompileShader() successful
2016-08-18 14:42:20:482[Info         ] ShaderInfo saved successfully.
2016-08-18 14:42:20:482[Debug        ] ShaderProgram::AddShader() : glAttachShader() successful
2016-08-18 14:42:20:482[Info         ] ShaderProgram::AddShader [6] successful.
2016-08-18 14:42:20:484[Info         ] CheckProgramStatus() successful!
2016-08-18 14:42:20:484[Info         ] CheckProgramStatus() successful!
2016-08-18 14:42:20:484[Info         ] Shader Init started
2016-08-18 14:42:20:484[Info         ] Shader Program created.
2016-08-18 14:42:20:484[Process      ] ShaderProgram::Initialize()[7] successful!
2016-08-18 14:42:20:484[Debug        ] File [..\Data\shaders\texture.vert.shader] Opened successfully! Buffer Length:[305]
2016-08-18 14:42:20:484[Debug        ] Shader file [..\Data\shaders\texture.vert.shader] contents:
//BEGIN
#version 430 core

layout (location = 0)  in vec3 vPosition;
layout (location = 1)  in vec2 vUV;

layout (location = 16) uniform mat4 MAT;

//out data
out vec2 UV;

//out vec4 color;

void main()
{
	vec4 vertPos = vec4(vPosition, 1.0);
	gl_Position = MAT *  vertPos;

	UV = vUV;
	
	
}
//END

2016-08-18 14:42:20:484[Debug        ]  ShaderProgram::AddShader() file with data was read in
2016-08-18 14:42:20:484[Debug        ] ShaderProgram::AddShader() : glShaderSource() successful
2016-08-18 14:42:20:485[Debug        ] ShaderProgram::AddShader() : glCompileShader() successful
2016-08-18 14:42:20:485[Info         ] ShaderProgram::CheckShaderCompileStatus(8) successful.
2016-08-18 14:42:20:485[Debug        ] ShaderProgram::AddShader() : glCompileShader() successful
2016-08-18 14:42:20:485[Info         ] ShaderInfo saved successfully.
2016-08-18 14:42:20:485[Debug        ] ShaderProgram::AddShader() : glAttachShader() successful
2016-08-18 14:42:20:485[Info         ] ShaderProgram::AddShader [8] successful.
2016-08-18 14:42:20:485[Debug        ] File [..\Data\shaders\texture.frag.shader] Opened successfully! Buffer Length:[482]
2016-08-18 14:42:20:485[Debug        ] Shader file [..\Data\shaders\texture.frag.shader] contents:
//BEGIN
#version 430 core


in  vec2 UV;
out vec4 outColor;

layout(location = 20) uniform sampler2D textureSampler;

void main()
{

	//if (color.r < .7) discard;
	outColor = vec4(texture(textureSampler, UV).rgb, 1.0);

	//if(((gl_FragCoord.x  > 600)&& (gl_FragCoord.y < 300)) || ((gl_FragCoord.y < 300)  && (gl_FragCoord.x  < 600) )) {
	//discard;
	//}
	//vec2 scrPos = vec2(gl_FragCoord) - vec2(350,150);
	//float len =  length(scrPos);
	//if(len < 50 )discard;
}


//END

2016-08-18 14:42:20:485[Debug        ]  ShaderProgram::AddShader() file with data was read in
2016-08-18 14:42:20:485[Debug        ] ShaderProgram::AddShader() : glShaderSource() successful
2016-08-18 14:42:20:485[Debug        ] ShaderProgram::AddShader() : glCompileShader() successful
2016-08-18 14:42:20:485[Info         ] ShaderProgram::CheckShaderCompileStatus(9) successful.
2016-08-18 14:42:20:485[Debug        ] ShaderProgram::AddShader() : glCompileShader() successful
2016-08-18 14:42:20:485[Info         ] ShaderInfo saved successfully.
2016-08-18 14:42:20:485[Debug        ] ShaderProgram::AddShader() : glAttachShader() successful
2016-08-18 14:42:20:485[Info         ] ShaderProgram::AddShader [9] successful.
2016-08-18 14:42:20:486[Info         ] CheckProgramStatus() successful!
2016-08-18 14:42:20:486[Info         ] CheckProgramStatus() successful!
2016-08-18 14:42:20:486[Info         ] Shader Init started
2016-08-18 14:42:20:486[Info         ] Shader Program created.
2016-08-18 14:42:20:486[Process      ] ShaderProgram::Initialize()[10] successful!
2016-08-18 14:42:20:487[Debug        ] File [..\Data\shaders\framebuffer.vert.shader] Opened successfully! Buffer Length:[305]
2016-08-18 14:42:20:487[Debug        ] Shader file [..\Data\shaders\framebuffer.vert.shader] contents:
//BEGIN
#version 430 core

layout (location = 0)  in vec3 vPosition;
layout (location = 1)  in vec2 vUV;

layout (location = 16) uniform mat4 MAT;

//out data
out vec2 UV;

//out vec4 color;

void main()
{
	vec4 vertPos = vec4(vPosition, 1.0);
	gl_Position = MAT *  vertPos;

	UV = vUV;
	
	
}
//END

2016-08-18 14:42:20:487[Debug        ]  ShaderProgram::AddShader() file with data was read in
2016-08-18 14:42:20:487[Debug        ] ShaderProgram::AddShader() : glShaderSource() successful
2016-08-18 14:42:20:487[Debug        ] ShaderProgram::AddShader() : glCompileShader() successful
2016-08-18 14:42:20:487[Info         ] ShaderProgram::CheckShaderCompileStatus(11) successful.
2016-08-18 14:42:20:487[Debug        ] ShaderProgram::AddShader() : glCompileShader() successful
2016-08-18 14:42:20:487[Info         ] ShaderInfo saved successfully.
2016-08-18 14:42:20:487[Debug        ] ShaderProgram::AddShader() : glAttachShader() successful
2016-08-18 14:42:20:487[Info         ] ShaderProgram::AddShader [11] successful.
2016-08-18 14:42:20:487[Debug        ] File [..\Data\shaders\framebuffer.frag.shader] Opened successfully! Buffer Length:[275]
2016-08-18 14:42:20:487[Debug        ] Shader file [..\Data\shaders\framebuffer.frag.shader] contents:
//BEGIN
#version 430 core


in  vec2 UV;
out vec4 outColor;

layout(location = 20) uniform sampler2D textureSampler;

void main()
{


	vec3 tempCol = texture(textureSampler, UV).rgb;

	outColor = vec4(tempCol.r / 1.5f, tempCol.g / 1.5f, tempCol.b / 1.5f, 1.0f);
}


//END

2016-08-18 14:42:20:487[Debug        ]  ShaderProgram::AddShader() file with data was read in
2016-08-18 14:42:20:487[Debug        ] ShaderProgram::AddShader() : glShaderSource() successful
2016-08-18 14:42:20:487[Debug        ] ShaderProgram::AddShader() : glCompileShader() successful
2016-08-18 14:42:20:487[Info         ] ShaderProgram::CheckShaderCompileStatus(12) successful.
2016-08-18 14:42:20:487[Debug        ] ShaderProgram::AddShader() : glCompileShader() successful
2016-08-18 14:42:20:487[Info         ] ShaderInfo saved successfully.
2016-08-18 14:42:20:487[Debug        ] ShaderProgram::AddShader() : glAttachShader() successful
2016-08-18 14:42:20:487[Info         ] ShaderProgram::AddShader [12] successful.
2016-08-18 14:42:20:488[Info         ] CheckProgramStatus() successful!
2016-08-18 14:42:20:488[Info         ] CheckProgramStatus() successful!
2016-08-18 14:42:20:488[Info         ] Shader Init started
2016-08-18 14:42:20:488[Info         ] Shader Program created.
2016-08-18 14:42:20:488[Process      ] ShaderProgram::Initialize()[13] successful!
2016-08-18 14:42:20:488[Debug        ] File [..\Data\shaders\lighting.vert.shader] Opened successfully! Buffer Length:[1137]
2016-08-18 14:42:20:488[cDebug       ] Shader file [..\Data\shaders\lighting.vert.shader] is too big to display contents.
2016-08-18 14:42:20:490[Debug        ]  ShaderProgram::AddShader() file with data was read in
2016-08-18 14:42:20:490[Debug        ] ShaderProgram::AddShader() : glShaderSource() successful
2016-08-18 14:42:20:490[Debug        ] ShaderProgram::AddShader() : glCompileShader() successful
2016-08-18 14:42:20:490[Info         ] ShaderProgram::CheckShaderCompileStatus(14) successful.
2016-08-18 14:42:20:490[Debug        ] ShaderProgram::AddShader() : glCompileShader() successful
2016-08-18 14:42:20:490[Info         ] ShaderInfo saved successfully.
2016-08-18 14:42:20:490[Debug        ] ShaderProgram::AddShader() : glAttachShader() successful
2016-08-18 14:42:20:490[Info         ] ShaderProgram::AddShader [14] successful.
2016-08-18 14:42:20:490[Debug        ] File [..\Data\shaders\lighting.frag.shader] Opened successfully! Buffer Length:[1744]
2016-08-18 14:42:20:490[cDebug       ] Shader file [..\Data\shaders\lighting.frag.shader] is too big to display contents.
2016-08-18 14:42:20:492[Debug        ]  ShaderProgram::AddShader() file with data was read in
2016-08-18 14:42:20:492[Debug        ] ShaderProgram::AddShader() : glShaderSource() successful
2016-08-18 14:42:20:493[Debug        ] ShaderProgram::AddShader() : glCompileShader() successful
2016-08-18 14:42:20:493[Info         ] ShaderProgram::CheckShaderCompileStatus(15) successful.
2016-08-18 14:42:20:493[Debug        ] ShaderProgram::AddShader() : glCompileShader() successful
2016-08-18 14:42:20:493[Info         ] ShaderInfo saved successfully.
2016-08-18 14:42:20:493[Debug        ] ShaderProgram::AddShader() : glAttachShader() successful
2016-08-18 14:42:20:493[Info         ] ShaderProgram::AddShader [15] successful.
2016-08-18 14:42:20:496[Info         ] CheckProgramStatus() successful!
2016-08-18 14:42:20:496[Info         ] CheckProgramStatus() successful!
2016-08-18 14:42:20:496[Info         ] Shader Init started
2016-08-18 14:42:20:496[Info         ] Shader Program created.
2016-08-18 14:42:20:496[Process      ] ShaderProgram::Initialize()[16] successful!
2016-08-18 14:42:20:496[Debug        ] File [..\Data\shaders\texlighting.vert.shader] Opened successfully! Buffer Length:[1110]
2016-08-18 14:42:20:496[cDebug       ] Shader file [..\Data\shaders\texlighting.vert.shader] is too big to display contents.
2016-08-18 14:42:20:500[Debug        ]  ShaderProgram::AddShader() file with data was read in
2016-08-18 14:42:20:500[Debug        ] ShaderProgram::AddShader() : glShaderSource() successful
2016-08-18 14:42:20:501[Debug        ] ShaderProgram::AddShader() : glCompileShader() successful
2016-08-18 14:42:20:501[Info         ] ShaderProgram::CheckShaderCompileStatus(17) successful.
2016-08-18 14:42:20:501[Debug        ] ShaderProgram::AddShader() : glCompileShader() successful
2016-08-18 14:42:20:501[Info         ] ShaderInfo saved successfully.
2016-08-18 14:42:20:501[Debug        ] ShaderProgram::AddShader() : glAttachShader() successful
2016-08-18 14:42:20:501[Info         ] ShaderProgram::AddShader [17] successful.
2016-08-18 14:42:20:501[Debug        ] File [..\Data\shaders\texlighting.frag.shader] Opened successfully! Buffer Length:[1717]
2016-08-18 14:42:20:501[cDebug       ] Shader file [..\Data\shaders\texlighting.frag.shader] is too big to display contents.
2016-08-18 14:42:20:503[Debug        ]  ShaderProgram::AddShader() file with data was read in
2016-08-18 14:42:20:503[Debug        ] ShaderProgram::AddShader() : glShaderSource() successful
2016-08-18 14:42:20:503[Debug        ] ShaderProgram::AddShader() : glCompileShader() successful
2016-08-18 14:42:20:504[Info         ] ShaderProgram::CheckShaderCompileStatus(18) successful.
2016-08-18 14:42:20:504[Debug        ] ShaderProgram::AddShader() : glCompileShader() successful
2016-08-18 14:42:20:504[Info         ] ShaderInfo saved successfully.
2016-08-18 14:42:20:504[Debug        ] ShaderProgram::AddShader() : glAttachShader() successful
2016-08-18 14:42:20:504[Info         ] ShaderProgram::AddShader [18] successful.
2016-08-18 14:42:20:507[Info         ] CheckProgramStatus() successful!
2016-08-18 14:42:20:507[Info         ] CheckProgramStatus() successful!
2016-08-18 14:42:20:507[Info         ] Shader Init started
2016-08-18 14:42:20:507[Info         ] Shader Program created.
2016-08-18 14:42:20:507[Process      ] ShaderProgram::Initialize()[19] successful!
2016-08-18 14:42:20:507[Debug        ] File [..\Data\shaders\water.vert.shader] Opened successfully! Buffer Length:[1400]
2016-08-18 14:42:20:507[cDebug       ] Shader file [..\Data\shaders\water.vert.shader] is too big to display contents.
2016-08-18 14:42:20:508[Debug        ]  ShaderProgram::AddShader() file with data was read in
2016-08-18 14:42:20:508[Debug        ] ShaderProgram::AddShader() : glShaderSource() successful
2016-08-18 14:42:20:508[Debug        ] ShaderProgram::AddShader() : glCompileShader() successful
2016-08-18 14:42:20:508[Info         ] ShaderProgram::CheckShaderCompileStatus(20) successful.
2016-08-18 14:42:20:508[Debug        ] ShaderProgram::AddShader() : glCompileShader() successful
2016-08-18 14:42:20:508[Info         ] ShaderInfo saved successfully.
2016-08-18 14:42:20:508[Debug        ] ShaderProgram::AddShader() : glAttachShader() successful
2016-08-18 14:42:20:508[Info         ] ShaderProgram::AddShader [20] successful.
2016-08-18 14:42:20:508[Debug        ] File [..\Data\shaders\water.frag.shader] Opened successfully! Buffer Length:[2436]
2016-08-18 14:42:20:508[cDebug       ] Shader file [..\Data\shaders\water.frag.shader] is too big to display contents.
2016-08-18 14:42:20:511[Debug        ]  ShaderProgram::AddShader() file with data was read in
2016-08-18 14:42:20:511[Debug        ] ShaderProgram::AddShader() : glShaderSource() successful
2016-08-18 14:42:20:512[Debug        ] ShaderProgram::AddShader() : glCompileShader() successful
2016-08-18 14:42:20:512[Info         ] ShaderProgram::CheckShaderCompileStatus(21) successful.
2016-08-18 14:42:20:512[Debug        ] ShaderProgram::AddShader() : glCompileShader() successful
2016-08-18 14:42:20:512[Info         ] ShaderInfo saved successfully.
2016-08-18 14:42:20:512[Debug        ] ShaderProgram::AddShader() : glAttachShader() successful
2016-08-18 14:42:20:512[Info         ] ShaderProgram::AddShader [21] successful.
2016-08-18 14:42:20:515[Info         ] CheckProgramStatus() successful!
2016-08-18 14:42:20:515[Info         ] CheckProgramStatus() successful!
2016-08-18 14:42:20:516[Info         ] GetAttribLocation [vPosition] successful.
2016-08-18 14:42:20:516[Info         ] GetUniformLocation [colorin] successful.
2016-08-18 14:42:20:516[Info         ] GetUniformLocation [MAT] successful.
2016-08-18 14:42:20:516[cProcess     ] RenderEngine::Initialize() successful.
2016-08-18 14:42:20:517[cInfo        ] 
-----------------------------------------------------------------------
 BufferInfo::CreateBuffers()[0] Created buffers:| VERTEX [1] with [80] bytes. || INDEX [2] with [24] bytes |
-----------------------------------------------------------------------

2016-08-18 14:42:20:524[cInfo        ] --------BufferInfo::AddMesh() Added mesh successfully-------
2016-08-18 14:42:20:526[cInfo        ] 
2016-08-18 14:42:20:526[cInfo        ] --------------------| START BUFFER MESH INFO |-------------------------------------
2016-08-18 14:42:20:529[cInfo        ] BufferInfo::AddMesh(): NUM VERTS-----------------[4]
2016-08-18 14:42:20:530[cInfo        ] BufferInfo::AddMesh(): NUM INDICES---------------[6]
2016-08-18 14:42:20:531[cInfo        ] BufferInfo::AddMesh(): VERT OFFSET---------------[0]
2016-08-18 14:42:20:532[cInfo        ] BufferInfo::AddMesh(): INDICES OFFSET (BYTES)----[0]
2016-08-18 14:42:20:533[cInfo        ] --------------------|  END BUFFER MESH INFO  |--------------------------------------
2016-08-18 14:42:20:534[cInfo        ] 

2016-08-18 14:42:20:535[cInfo        ] 
-----------------------------------------------------------------------
 BufferInfo::CreateBuffers()[0] Created buffers:| VERTEX [3] with [96] bytes. || INDEX [4] with [48] bytes |
-----------------------------------------------------------------------

2016-08-18 14:42:20:540[cInfo        ] --------BufferInfo::AddMesh() Added mesh successfully-------
2016-08-18 14:42:20:541[cInfo        ] 
2016-08-18 14:42:20:541[cInfo        ] --------------------| START BUFFER MESH INFO |-------------------------------------
2016-08-18 14:42:20:542[cInfo        ] BufferInfo::AddMesh(): NUM VERTS-----------------[8]
2016-08-18 14:42:20:543[cInfo        ] BufferInfo::AddMesh(): NUM INDICES---------------[24]
2016-08-18 14:42:20:544[cInfo        ] BufferInfo::AddMesh(): VERT OFFSET---------------[0]
2016-08-18 14:42:20:545[cInfo        ] BufferInfo::AddMesh(): INDICES OFFSET (BYTES)----[0]
2016-08-18 14:42:20:545[cInfo        ] --------------------|  END BUFFER MESH INFO  |--------------------------------------
2016-08-18 14:42:20:547[cInfo        ] 

2016-08-18 14:42:20:551[cInfo        ] 
-----------------------------------------------------------------------
 BufferInfo::CreateBuffers()[0] Created buffers:| VERTEX [5] with [864] bytes. || INDEX [6] with [0] bytes |
-----------------------------------------------------------------------

2016-08-18 14:42:20:556[cInfo        ] --------BufferInfo::AddMesh() Added mesh successfully-------
2016-08-18 14:42:20:557[cInfo        ] 
2016-08-18 14:42:20:557[cInfo        ] --------------------| START BUFFER MESH INFO |-------------------------------------
2016-08-18 14:42:20:560[cInfo        ] BufferInfo::AddMesh(): NUM VERTS-----------------[36]
2016-08-18 14:42:20:561[cInfo        ] BufferInfo::AddMesh(): NUM INDICES---------------[0]
2016-08-18 14:42:20:563[cInfo        ] BufferInfo::AddMesh(): VERT OFFSET---------------[0]
2016-08-18 14:42:20:564[cInfo        ] BufferInfo::AddMesh(): INDICES OFFSET (BYTES)----[0]
2016-08-18 14:42:20:565[cInfo        ] --------------------|  END BUFFER MESH INFO  |--------------------------------------
2016-08-18 14:42:20:567[cInfo        ] 

2016-08-18 14:42:20:569[cInfo        ] 
-----------------------------------------------------------------------
 BufferInfo::CreateBuffers()[0] Created buffers:| VERTEX [7] with [144] bytes. || INDEX [8] with [0] bytes |
-----------------------------------------------------------------------

2016-08-18 14:42:20:576[cInfo        ] --------BufferInfo::AddMesh() Added mesh successfully-------
2016-08-18 14:42:20:577[cInfo        ] 
2016-08-18 14:42:20:578[cInfo        ] --------------------| START BUFFER MESH INFO |-------------------------------------
2016-08-18 14:42:20:581[cInfo        ] BufferInfo::AddMesh(): NUM VERTS-----------------[6]
2016-08-18 14:42:20:583[cInfo        ] BufferInfo::AddMesh(): NUM INDICES---------------[0]
2016-08-18 14:42:20:585[cInfo        ] BufferInfo::AddMesh(): VERT OFFSET---------------[0]
2016-08-18 14:42:20:586[cInfo        ] BufferInfo::AddMesh(): INDICES OFFSET (BYTES)----[0]
2016-08-18 14:42:20:587[cInfo        ] --------------------|  END BUFFER MESH INFO  |--------------------------------------
2016-08-18 14:42:20:590[cInfo        ] 

2016-08-18 14:42:20:591[cProcess     ] BufferManager::Initialize() successful.
2016-08-18 14:42:20:592[cInfo        ] 
-----------------------------------------------------------------------
 BufferInfo::CreateBuffers()[0] Created buffers:| VERTEX [9] with [1000000] bytes. || INDEX [10] with [1000000] bytes |
-----------------------------------------------------------------------

2016-08-18 14:42:20:596[cInfo        ] --------BufferInfo::AddMesh() Added mesh successfully-------
2016-08-18 14:42:20:597[cInfo        ] 
2016-08-18 14:42:20:600[cInfo        ] --------------------| START BUFFER MESH INFO |-------------------------------------
2016-08-18 14:42:20:601[cInfo        ] BufferInfo::AddMesh(): NUM VERTS-----------------[24]
2016-08-18 14:42:20:602[cInfo        ] BufferInfo::AddMesh(): NUM INDICES---------------[36]
2016-08-18 14:42:20:603[cInfo        ] BufferInfo::AddMesh(): VERT OFFSET---------------[0]
2016-08-18 14:42:20:604[cInfo        ] BufferInfo::AddMesh(): INDICES OFFSET (BYTES)----[0]
2016-08-18 14:42:20:605[cInfo        ] --------------------|  END BUFFER MESH INFO  |--------------------------------------
2016-08-18 14:42:20:606[cInfo        ] 

2016-08-18 14:42:20:607[cProcess     ] BufferManager::Initialize() successful.
2016-08-18 14:42:20:608[cInfo        ] 
-----------------------------------------------------------------------
 BufferInfo::CreateBuffers()[1] Created buffers:| VERTEX [11] with [1000000] bytes. || INDEX [12] with [1000000] bytes |
-----------------------------------------------------------------------

2016-08-18 14:42:20:613[cInfo        ] --------BufferInfo::AddMesh() Added mesh successfully-------
2016-08-18 14:42:20:614[cInfo        ] 
2016-08-18 14:42:20:614[cInfo        ] --------------------| START BUFFER MESH INFO |-------------------------------------
2016-08-18 14:42:20:616[cInfo        ] BufferInfo::AddMesh(): NUM VERTS-----------------[1536]
2016-08-18 14:42:20:617[cInfo        ] BufferInfo::AddMesh(): NUM INDICES---------------[3072]
2016-08-18 14:42:20:618[cInfo        ] BufferInfo::AddMesh(): VERT OFFSET---------------[0]
2016-08-18 14:42:20:620[cInfo        ] BufferInfo::AddMesh(): INDICES OFFSET (BYTES)----[0]
2016-08-18 14:42:20:621[cInfo        ] --------------------|  END BUFFER MESH INFO  |--------------------------------------
2016-08-18 14:42:20:622[cInfo        ] 

2016-08-18 14:42:20:623[cInfo        ] 
-----------------------------------------------------------------------
 BufferInfo::CreateBuffers()[0] Created buffers:| VERTEX [13] with [3936] bytes. || INDEX [14] with [0] bytes |
-----------------------------------------------------------------------

2016-08-18 14:42:20:627[cInfo        ] --------BufferInfo::AddMesh() Added mesh successfully-------
2016-08-18 14:42:20:628[cInfo        ] 
2016-08-18 14:42:20:628[cInfo        ] --------------------| START BUFFER MESH INFO |-------------------------------------
2016-08-18 14:42:20:630[cInfo        ] BufferInfo::AddMesh(): NUM VERTS-----------------[164]
2016-08-18 14:42:20:631[cInfo        ] BufferInfo::AddMesh(): NUM INDICES---------------[0]
2016-08-18 14:42:20:633[cInfo        ] BufferInfo::AddMesh(): VERT OFFSET---------------[0]
2016-08-18 14:42:20:634[cInfo        ] BufferInfo::AddMesh(): INDICES OFFSET (BYTES)----[0]
2016-08-18 14:42:20:634[cInfo        ] --------------------|  END BUFFER MESH INFO  |--------------------------------------
2016-08-18 14:42:20:636[cInfo        ] 

2016-08-18 14:42:20:636[cProcess     ] ShapeGenerator initialized successfully.
2016-08-18 14:42:20:637[cProcess     ] Camera::Initialize() successful.
2016-08-18 14:42:20:638[cProcess     ] Keyboard::Initialize() successful
2016-08-18 14:42:20:641[cProcess     ] Keyboard::Initialize() successful
2016-08-18 14:42:20:656[cInfo        ] 
-----------------------------------------------------------------------
 BufferInfo::CreateBuffers()[0] Created buffers:| VERTEX [15] with [10810368] bytes. || INDEX [16] with [0] bytes |
-----------------------------------------------------------------------

2016-08-18 14:42:20:671[cInfo        ] --------BufferInfo::AddMesh() Added mesh successfully-------
2016-08-18 14:42:20:672[cInfo        ] 
2016-08-18 14:42:20:673[cInfo        ] --------------------| START BUFFER MESH INFO |-------------------------------------
2016-08-18 14:42:20:675[cInfo        ] BufferInfo::AddMesh(): NUM VERTS-----------------[337824]
2016-08-18 14:42:20:676[cInfo        ] BufferInfo::AddMesh(): NUM INDICES---------------[0]
2016-08-18 14:42:20:677[cInfo        ] BufferInfo::AddMesh(): VERT OFFSET---------------[0]
2016-08-18 14:42:20:678[cInfo        ] BufferInfo::AddMesh(): INDICES OFFSET (BYTES)----[0]
2016-08-18 14:42:20:680[cInfo        ] --------------------|  END BUFFER MESH INFO  |--------------------------------------
2016-08-18 14:42:20:682[cInfo        ] 

2016-08-18 14:42:20:713[Info         ] ShapeGenerator::ReadSceneFile(): Added new scene [..\Data\Scenes\Dargon.ptn.scene] successfully.
2016-08-18 14:42:20:713[cInfo        ] EntityManager::BuildPlayerEntity(): Built [Dargon] successfully
2016-08-18 14:42:20:716[cProcess     ] BufferManager::Initialize() successful.
2016-08-18 14:42:20:722[cInfo        ] 
-----------------------------------------------------------------------
 BufferInfo::CreateBuffers()[2] Created buffers:| VERTEX [17] with [1000000] bytes. || INDEX [18] with [1000000] bytes |
-----------------------------------------------------------------------

2016-08-18 14:42:20:727[cInfo        ] --------BufferInfo::AddMesh() Added mesh successfully-------
2016-08-18 14:42:20:728[cInfo        ] 
2016-08-18 14:42:20:728[cInfo        ] --------------------| START BUFFER MESH INFO |-------------------------------------
2016-08-18 14:42:20:730[cInfo        ] BufferInfo::AddMesh(): NUM VERTS-----------------[36]
2016-08-18 14:42:20:731[cInfo        ] BufferInfo::AddMesh(): NUM INDICES---------------[0]
2016-08-18 14:42:20:733[cInfo        ] BufferInfo::AddMesh(): VERT OFFSET---------------[0]
2016-08-18 14:42:20:735[cInfo        ] BufferInfo::AddMesh(): INDICES OFFSET (BYTES)----[0]
2016-08-18 14:42:20:736[cInfo        ] --------------------|  END BUFFER MESH INFO  |--------------------------------------
2016-08-18 14:42:20:737[cInfo        ] 

2016-08-18 14:42:20:738[Info         ] ShapeGenerator::ReadSceneFile(): Added new scene [..\Data\Scenes\Cube.pn.scene] successfully.
2016-08-18 14:42:20:739[cInfo        ] --------BufferInfo::AddMesh() Added mesh successfully-------
2016-08-18 14:42:20:740[cInfo        ] 
2016-08-18 14:42:20:740[cInfo        ] --------------------| START BUFFER MESH INFO |-------------------------------------
2016-08-18 14:42:20:743[cInfo        ] BufferInfo::AddMesh(): NUM VERTS-----------------[18]
2016-08-18 14:42:20:744[cInfo        ] BufferInfo::AddMesh(): NUM INDICES---------------[0]
2016-08-18 14:42:20:745[cInfo        ] BufferInfo::AddMesh(): VERT OFFSET---------------[36]
2016-08-18 14:42:20:746[cInfo        ] BufferInfo::AddMesh(): INDICES OFFSET (BYTES)----[0]
2016-08-18 14:42:20:747[cInfo        ] --------------------|  END BUFFER MESH INFO  |--------------------------------------
2016-08-18 14:42:20:749[cInfo        ] 

2016-08-18 14:42:20:751[Info         ] ShapeGenerator::ReadSceneFile(): Added new scene [..\Data\Scenes\Pyramid.pn.scene] successfully.
2016-08-18 14:42:20:757[cInfo        ] 
-----------------------------------------------------------------------
 BufferInfo::CreateBuffers()[0] Created buffers:| VERTEX [19] with [5529600] bytes. || INDEX [20] with [0] bytes |
-----------------------------------------------------------------------

2016-08-18 14:42:20:775[cInfo        ] --------BufferInfo::AddMesh() Added mesh successfully-------
2016-08-18 14:42:20:776[cInfo        ] 
2016-08-18 14:42:20:777[cInfo        ] --------------------| START BUFFER MESH INFO |-------------------------------------
2016-08-18 14:42:20:778[cInfo        ] BufferInfo::AddMesh(): NUM VERTS-----------------[172800]
2016-08-18 14:42:20:780[cInfo        ] BufferInfo::AddMesh(): NUM INDICES---------------[0]
2016-08-18 14:42:20:783[cInfo        ] BufferInfo::AddMesh(): VERT OFFSET---------------[0]
2016-08-18 14:42:20:784[cInfo        ] BufferInfo::AddMesh(): INDICES OFFSET (BYTES)----[0]
2016-08-18 14:42:20:785[cInfo        ] --------------------|  END BUFFER MESH INFO  |--------------------------------------
2016-08-18 14:42:20:786[cInfo        ] 

2016-08-18 14:42:20:788[Info         ] ShapeGenerator::ReadSceneFile(): Added new scene [..\Data\Scenes\WaterPlane.ptn.scene] successfully.
2016-08-18 14:42:20:788[cProcess     ] Camera::Initialize() successful.
2016-08-18 14:42:20:798[cProcess     ] BufferManager::Initialize() successful.
2016-08-18 14:42:20:801[cInfo        ] 
-----------------------------------------------------------------------
 BufferInfo::CreateBuffers()[3] Created buffers:| VERTEX [21] with [8107776] bytes. || INDEX [22] with [0] bytes |
-----------------------------------------------------------------------

2016-08-18 14:42:20:814[cInfo        ] --------BufferInfo::AddMesh() Added mesh successfully-------
2016-08-18 14:42:20:816[cInfo        ] 
2016-08-18 14:42:20:816[cInfo        ] --------------------| START BUFFER MESH INFO |-------------------------------------
2016-08-18 14:42:20:818[cInfo        ] BufferInfo::AddMesh(): NUM VERTS-----------------[337824]
2016-08-18 14:42:20:820[cInfo        ] BufferInfo::AddMesh(): NUM INDICES---------------[0]
2016-08-18 14:42:20:821[cInfo        ] BufferInfo::AddMesh(): VERT OFFSET---------------[0]
2016-08-18 14:42:20:822[cInfo        ] BufferInfo::AddMesh(): INDICES OFFSET (BYTES)----[0]
2016-08-18 14:42:20:823[cInfo        ] --------------------|  END BUFFER MESH INFO  |--------------------------------------
2016-08-18 14:42:20:825[cInfo        ] 

2016-08-18 14:42:20:826[Info         ] ShapeGenerator::ReadSceneFile(): Added new scene [..\Data\Scenes\Dargon.pn.scene] successfully.
2016-08-18 14:42:20:826[cProcess     ] BufferManager::Initialize() successful.
2016-08-18 14:42:20:827[cInfo        ] 
-----------------------------------------------------------------------
 BufferInfo::CreateBuffers()[4] Created buffers:| VERTEX [23] with [1000000] bytes. || INDEX [24] with [1000000] bytes |
-----------------------------------------------------------------------

2016-08-18 14:42:20:832[cInfo        ] --------BufferInfo::AddMesh() Added mesh successfully-------
2016-08-18 14:42:20:833[cInfo        ] 
2016-08-18 14:42:20:834[cInfo        ] --------------------| START BUFFER MESH INFO |-------------------------------------
2016-08-18 14:42:20:835[cInfo        ] BufferInfo::AddMesh(): NUM VERTS-----------------[6]
2016-08-18 14:42:20:836[cInfo        ] BufferInfo::AddMesh(): NUM INDICES---------------[0]
2016-08-18 14:42:20:837[cInfo        ] BufferInfo::AddMesh(): VERT OFFSET---------------[0]
2016-08-18 14:42:20:838[cInfo        ] BufferInfo::AddMesh(): INDICES OFFSET (BYTES)----[0]
2016-08-18 14:42:20:840[cInfo        ] --------------------|  END BUFFER MESH INFO  |--------------------------------------
2016-08-18 14:42:20:841[cInfo        ] 

2016-08-18 14:42:20:842[cProcess     ] BodaciousQuest::Initialize() successful.
2016-08-18 14:42:20:843[Process      ] GameTime::Initialize() ok

2016-08-18 14:42:20:843[cProcess     ] MyWindow::Initialize() successful!
