2016-08-18 17:01:58:116[Process      ] GameLogger::Initialize() opened log file [..\Data\LogFiles\2016-08-18 17-01-58.BodaciousQuest.log] for writing
2016-08-18 17:01:58:116[Info         ] GameLogger::Initialize() successful
2016-08-18 17:01:58:116[Process      ] ConfigReader opened [..\Data\BodaciousQuest.config] successfully
2016-08-18 17:01:58:116[Info         ] ConfigReader initialized successfully
2016-08-18 17:01:58:116[Info         ] Valid KVP [BodaciousQuest.ShowFullScreen] [false] added
2016-08-18 17:01:58:116[Info         ] Valid KVP [BodaciousQuest.FpsInterval] [5.0] added
2016-08-18 17:01:58:117[Info         ] Valid KVP [BodaciousQuest.EnableControls] [true] added
2016-08-18 17:01:58:117[Info         ] Valid KVP [BodaciousQuest.LoadCubeFirst] [true] added
2016-08-18 17:01:58:117[Info         ] Valid KVP [BodaciousQuest.CameraWalkMode] [false] added
2016-08-18 17:01:58:117[Info         ] Valid KVP [BodaciousQuest.GridSize] [40] added
2016-08-18 17:01:58:117[Info         ] Valid KVP [BodaciousQuest.LightingTest.Ambient.Color] [1.0  1.0  1.0] added
2016-08-18 17:01:58:117[Info         ] Valid KVP [BodaciousQuest.LightingTest.Diffuse.Color] [1.0  1.0  1.0] added
2016-08-18 17:01:58:117[Info         ] Valid KVP [BodaciousQuest.LightingTest.Specular.Color] [0.0  0.0  0.0] added
2016-08-18 17:01:58:117[Info         ] Valid KVP [BodaciousQuest.LightingTest.Ambient.Reflectivity] [0.01] added
2016-08-18 17:01:58:117[Info         ] Valid KVP [BodaciousQuest.LightingTest.Diffuse.Reflectivity] [0.6] added
2016-08-18 17:01:58:117[Info         ] Valid KVP [BodaciousQuest.LightingTest.Specular.Reflectivity] [0.5] added
2016-08-18 17:01:58:117[Info         ] Valid KVP [BodaciousQuest.LightingTest.Specular.Shininess] [1.0] added
2016-08-18 17:01:58:117[Info         ] Valid KVP [BodaciousQuest.LightingTest.Falloff.A] [1.0] added
2016-08-18 17:01:58:117[Info         ] Valid KVP [BodaciousQuest.LightingTest.Falloff.B] [0.01] added
2016-08-18 17:01:58:117[Info         ] Valid KVP [BodaciousQuest.LightingTest.Falloff.C] [0.1] added
2016-08-18 17:01:58:117[Info         ] Valid KVP [BodaciousQuest.LightingTest.Directional] [false] added
2016-08-18 17:01:58:117[Info         ] Valid KVP [BodaciousQuest.LightingTest.Direction] [-1.0 0.0 1.0] added
2016-08-18 17:01:58:117[Info         ] Valid KVP [BodaciousQuest.LightingTest.Light.Position] [-0.875458 3.673020 1.043331] added
2016-08-18 17:01:58:117[Info         ] Valid KVP [BodaciousQuest.LightingTest.Dargon.Color] [1.0 1.0 0.4] added
2016-08-18 17:01:58:117[Info         ] Valid KVP [ObjConverter.Mode.VertexType] [p] added
2016-08-18 17:01:58:117[Info         ] Valid KVP [ObjConverter.Mode.Analyze] [false] added
2016-08-18 17:01:58:117[Info         ] Valid KVP [ObjConverter.Model] [AIWorld] added
2016-08-18 17:01:58:117[Info         ] Valid KVP [ObjConverter.Shader] [0] added
2016-08-18 17:01:58:117[Info         ] Valid KVP [ObjConverter.Color] [random] added
2016-08-18 17:01:58:117[Info         ] Valid KVP [ObjConverter.Obj.InputFileFolder] [..\\Data\\Objs\\] added
2016-08-18 17:01:58:117[Info         ] Valid KVP [ObjConverter.Scene.OutputFileFolder] [..\\Data\\Scenes\\] added
2016-08-18 17:01:58:117[Info         ] Valid KVP [ObjConverter.Model.Dargon.NumVerts] [57967] added
2016-08-18 17:01:58:117[Info         ] Valid KVP [ObjConverter.Model.Dargon.NumIndices] [337824] added
2016-08-18 17:01:58:117[Info         ] Valid KVP [ObjConverter.Model.Dargon.NumTexCoords] [60175] added
2016-08-18 17:01:58:117[Info         ] Valid KVP [ObjConverter.Model.Dargon.NumNormals] [337824] added
2016-08-18 17:01:58:117[Info         ] Valid KVP [ObjConverter.Model.Swamp.NumVerts] [2735] added
2016-08-18 17:01:58:117[Info         ] Valid KVP [ObjConverter.Model.Swamp.NumIndices] [8556] added
2016-08-18 17:01:58:117[Info         ] Valid KVP [ObjConverter.Model.Swamp.NumTexCoords] [3622] added
2016-08-18 17:01:58:117[Info         ] Valid KVP [ObjConverter.Model.Swamp.NumNormals] [5156] added
2016-08-18 17:01:58:117[Info         ] Valid KVP [ObjConverter.Model.Pyramid.NumVerts] [5] added
2016-08-18 17:01:58:117[Info         ] Valid KVP [ObjConverter.Model.Pyramid.NumIndices] [18] added
2016-08-18 17:01:58:117[Info         ] Valid KVP [ObjConverter.Model.Pyramid.NumTexCoords] [10] added
2016-08-18 17:01:58:117[Info         ] Valid KVP [ObjConverter.Model.Pyramid.NumNormals] [16] added
2016-08-18 17:01:58:117[Info         ] Valid KVP [ObjConverter.Model.AIWorld.NumVerts] [1957] added
2016-08-18 17:01:58:117[Info         ] Valid KVP [ObjConverter.Model.AIWorld.NumIndices] [8718] added
2016-08-18 17:01:58:117[Info         ] Valid KVP [ObjConverter.Model.AIWorld.NumTexCoords] [4186] added
2016-08-18 17:01:58:118[Info         ] Valid KVP [ObjConverter.Model.AIWorld.NumNormals] [5418] added
2016-08-18 17:01:58:118[Info         ] Valid KVP [ObjConverter.Model.GameWeapon.NumVerts] [2068] added
2016-08-18 17:01:58:118[Info         ] Valid KVP [ObjConverter.Model.GameWeapon.NumIndices] [9894] added
2016-08-18 17:01:58:118[Info         ] Valid KVP [ObjConverter.Model.GameWeapon.NumTexCoords] [0] added
2016-08-18 17:01:58:118[Info         ] Valid KVP [ObjConverter.Model.GameWeapon.NumNormals] [0] added
2016-08-18 17:01:58:118[Info         ] Valid KVP [ObjConverter.Model.Chicken.NumVerts] [224] added
2016-08-18 17:01:58:118[Info         ] Valid KVP [ObjConverter.Model.Chicken.NumIndices] [1374] added
2016-08-18 17:01:58:118[Info         ] Valid KVP [ObjConverter.Model.Chicken.NumTexCoords] [472] added
2016-08-18 17:01:58:118[Info         ] Valid KVP [ObjConverter.Model.Chicken.NumNormals] [565] added
2016-08-18 17:01:58:118[Info         ] Valid KVP [ObjConverter.Model.WaterPlane.NumVerts] [29282] added
2016-08-18 17:01:58:118[Info         ] Valid KVP [ObjConverter.Model.WaterPlane.NumIndices] [172800] added
2016-08-18 17:01:58:118[Info         ] Valid KVP [ObjConverter.Model.WaterPlane.NumTexCoords] [29282] added
2016-08-18 17:01:58:118[Info         ] Valid KVP [ObjConverter.Model.WaterPlane.NumNormals] [172800] added
2016-08-18 17:01:58:118[Info         ] Valid KVP [ObjConverter.Model.Cube.NumVerts] [8] added
2016-08-18 17:01:58:118[Info         ] Valid KVP [ObjConverter.Model.Cube.NumIndices] [36] added
2016-08-18 17:01:58:118[Info         ] Valid KVP [ObjConverter.Model.Cube.NumTexCoords] [14] added
2016-08-18 17:01:58:118[Info         ] Valid KVP [ObjConverter.Model.Cube.NumNormals] [24] added
2016-08-18 17:01:58:118[Info         ] Valid KVP [ObjConverter.Model.Barrel.NumVerts] [172] added
2016-08-18 17:01:58:118[Info         ] Valid KVP [ObjConverter.Model.Barrel.NumIndices] [1008] added
2016-08-18 17:01:58:118[Info         ] Valid KVP [ObjConverter.Model.Barrel.NumTexCoords] [328] added
2016-08-18 17:01:58:118[Info         ] Valid KVP [ObjConverter.Model.Barrel.NumNormals] [204] added
2016-08-18 17:01:58:118[Info         ] Valid KVP [ObjConverter.Model.SkyBox.NumVerts] [8] added
2016-08-18 17:01:58:118[Info         ] Valid KVP [ObjConverter.Model.SkyBox.NumIndices] [36] added
2016-08-18 17:01:58:118[Info         ] Valid KVP [ObjConverter.Model.SkyBox.NumTexCoords] [18] added
2016-08-18 17:01:58:118[Info         ] Valid KVP [ObjConverter.Model.SkyBox.NumNormals] [24] added
2016-08-18 17:01:58:201[cInfo        ] Config reader opened [..\Data\BodaciousQuest.config] for reading!
2016-08-18 17:01:58:288[Process      ] ShaderManager Initialized successfully
2016-08-18 17:01:58:288[Info         ] Shader Init started
2016-08-18 17:01:58:288[Info         ] Shader Program created.
2016-08-18 17:01:58:288[Process      ] ShaderProgram::Initialize()[1] successful!
2016-08-18 17:01:58:288[Debug        ] File [..\Data\shaders\debug.vert.shader] Opened successfully! Buffer Length:[291]
2016-08-18 17:01:58:288[Debug        ] Shader file [..\Data\shaders\debug.vert.shader] contents:
//BEGIN
#version 430 core

layout(location = 0)  in vec3 vPosition;

layout(location = 15) uniform vec3 colorin;
layout(location = 16) uniform mat4 MAT;

out vec4 color;

void main()
{
	vec4 vertPos = vec4(vPosition, 1.0);
	gl_Position = MAT *  vertPos;
	color = vec4(colorin, 1.0);
}
//END

2016-08-18 17:01:58:288[Debug        ]  ShaderProgram::AddShader() file with data was read in
2016-08-18 17:01:58:288[Debug        ] ShaderProgram::AddShader() : glShaderSource() successful
2016-08-18 17:01:58:289[Debug        ] ShaderProgram::AddShader() : glCompileShader() successful
2016-08-18 17:01:58:289[Info         ] ShaderProgram::CheckShaderCompileStatus(2) successful.
2016-08-18 17:01:58:289[Debug        ] ShaderProgram::AddShader() : glCompileShader() successful
2016-08-18 17:01:58:289[Info         ] ShaderInfo saved successfully.
2016-08-18 17:01:58:289[Debug        ] ShaderProgram::AddShader() : glAttachShader() successful
2016-08-18 17:01:58:289[Info         ] ShaderProgram::AddShader [2] successful.
2016-08-18 17:01:58:289[Debug        ] File [..\Data\shaders\debug.frag.shader] Opened successfully! Buffer Length:[104]
2016-08-18 17:01:58:289[Debug        ] Shader file [..\Data\shaders\debug.frag.shader] contents:
//BEGIN
#version 430 core


in  vec4 color;
out vec4 outColor;

void main()
{
	outColor = color;
}


//END

2016-08-18 17:01:58:289[Debug        ]  ShaderProgram::AddShader() file with data was read in
2016-08-18 17:01:58:289[Debug        ] ShaderProgram::AddShader() : glShaderSource() successful
2016-08-18 17:01:58:289[Debug        ] ShaderProgram::AddShader() : glCompileShader() successful
2016-08-18 17:01:58:289[Info         ] ShaderProgram::CheckShaderCompileStatus(3) successful.
2016-08-18 17:01:58:289[Debug        ] ShaderProgram::AddShader() : glCompileShader() successful
2016-08-18 17:01:58:290[Info         ] ShaderInfo saved successfully.
2016-08-18 17:01:58:290[Debug        ] ShaderProgram::AddShader() : glAttachShader() successful
2016-08-18 17:01:58:290[Info         ] ShaderProgram::AddShader [3] successful.
2016-08-18 17:01:58:291[Info         ] CheckProgramStatus() successful!
2016-08-18 17:01:58:291[Info         ] CheckProgramStatus() successful!
2016-08-18 17:01:58:291[Info         ] Shader Init started
2016-08-18 17:01:58:291[Info         ] Shader Program created.
2016-08-18 17:01:58:291[Process      ] ShaderProgram::Initialize()[4] successful!
2016-08-18 17:01:58:291[Debug        ] File [..\Data\shaders\play.vert.shader] Opened successfully! Buffer Length:[343]
2016-08-18 17:01:58:291[Debug        ] Shader file [..\Data\shaders\play.vert.shader] contents:
//BEGIN
#version 430 core

layout (location = 0)  in vec3 vPosition;
layout (location = 1)  in vec3 vColor;
layout (location = 15) uniform vec3 colorin;
layout (location = 16) uniform mat4 MAT;

out vec4 color;

void main()
{
	vec4 vertPos = vec4(vPosition, 1.0);
	gl_Position = MAT *  vertPos;
	color = vec4((vColor + colorin), 1.0);
}
//END

2016-08-18 17:01:58:291[Debug        ]  ShaderProgram::AddShader() file with data was read in
2016-08-18 17:01:58:291[Debug        ] ShaderProgram::AddShader() : glShaderSource() successful
2016-08-18 17:01:58:292[Debug        ] ShaderProgram::AddShader() : glCompileShader() successful
2016-08-18 17:01:58:292[Info         ] ShaderProgram::CheckShaderCompileStatus(5) successful.
2016-08-18 17:01:58:292[Debug        ] ShaderProgram::AddShader() : glCompileShader() successful
2016-08-18 17:01:58:292[Info         ] ShaderInfo saved successfully.
2016-08-18 17:01:58:292[Debug        ] ShaderProgram::AddShader() : glAttachShader() successful
2016-08-18 17:01:58:292[Info         ] ShaderProgram::AddShader [5] successful.
2016-08-18 17:01:58:292[Debug        ] File [..\Data\shaders\play.frag.shader] Opened successfully! Buffer Length:[391]
2016-08-18 17:01:58:292[Debug        ] Shader file [..\Data\shaders\play.frag.shader] contents:
//BEGIN
#version 430 core


in  vec4 color;
out vec4 outColor;

void main()
{

	//if (color.r < .7) discard;
	outColor = color;

	//if(((gl_FragCoord.x  > 600)&& (gl_FragCoord.y < 300)) || ((gl_FragCoord.y < 300)  && (gl_FragCoord.x  < 600) )) {
	//discard;
	//}

	//vec2 scrPos = vec2(gl_FragCoord) - vec2(350,150);
	//float len =  length(scrPos);
	//if(len < 50 )discard;
}


//END

2016-08-18 17:01:58:292[Debug        ]  ShaderProgram::AddShader() file with data was read in
2016-08-18 17:01:58:292[Debug        ] ShaderProgram::AddShader() : glShaderSource() successful
2016-08-18 17:01:58:292[Debug        ] ShaderProgram::AddShader() : glCompileShader() successful
2016-08-18 17:01:58:292[Info         ] ShaderProgram::CheckShaderCompileStatus(6) successful.
2016-08-18 17:01:58:292[Debug        ] ShaderProgram::AddShader() : glCompileShader() successful
2016-08-18 17:01:58:292[Info         ] ShaderInfo saved successfully.
2016-08-18 17:01:58:292[Debug        ] ShaderProgram::AddShader() : glAttachShader() successful
2016-08-18 17:01:58:292[Info         ] ShaderProgram::AddShader [6] successful.
2016-08-18 17:01:58:294[Info         ] CheckProgramStatus() successful!
2016-08-18 17:01:58:294[Info         ] CheckProgramStatus() successful!
2016-08-18 17:01:58:294[Info         ] Shader Init started
2016-08-18 17:01:58:294[Info         ] Shader Program created.
2016-08-18 17:01:58:294[Process      ] ShaderProgram::Initialize()[7] successful!
2016-08-18 17:01:58:294[Debug        ] File [..\Data\shaders\texture.vert.shader] Opened successfully! Buffer Length:[305]
2016-08-18 17:01:58:294[Debug        ] Shader file [..\Data\shaders\texture.vert.shader] contents:
//BEGIN
#version 430 core

layout (location = 0)  in vec3 vPosition;
layout (location = 1)  in vec2 vUV;

layout (location = 16) uniform mat4 MAT;

//out data
out vec2 UV;

//out vec4 color;

void main()
{
	vec4 vertPos = vec4(vPosition, 1.0);
	gl_Position = MAT *  vertPos;

	UV = vUV;
	
	
}
//END

2016-08-18 17:01:58:294[Debug        ]  ShaderProgram::AddShader() file with data was read in
2016-08-18 17:01:58:294[Debug        ] ShaderProgram::AddShader() : glShaderSource() successful
2016-08-18 17:01:58:294[Debug        ] ShaderProgram::AddShader() : glCompileShader() successful
2016-08-18 17:01:58:294[Info         ] ShaderProgram::CheckShaderCompileStatus(8) successful.
2016-08-18 17:01:58:294[Debug        ] ShaderProgram::AddShader() : glCompileShader() successful
2016-08-18 17:01:58:294[Info         ] ShaderInfo saved successfully.
2016-08-18 17:01:58:294[Debug        ] ShaderProgram::AddShader() : glAttachShader() successful
2016-08-18 17:01:58:294[Info         ] ShaderProgram::AddShader [8] successful.
2016-08-18 17:01:58:295[Debug        ] File [..\Data\shaders\texture.frag.shader] Opened successfully! Buffer Length:[482]
2016-08-18 17:01:58:295[Debug        ] Shader file [..\Data\shaders\texture.frag.shader] contents:
//BEGIN
#version 430 core


in  vec2 UV;
out vec4 outColor;

layout(location = 20) uniform sampler2D textureSampler;

void main()
{

	//if (color.r < .7) discard;
	outColor = vec4(texture(textureSampler, UV).rgb, 1.0);

	//if(((gl_FragCoord.x  > 600)&& (gl_FragCoord.y < 300)) || ((gl_FragCoord.y < 300)  && (gl_FragCoord.x  < 600) )) {
	//discard;
	//}
	//vec2 scrPos = vec2(gl_FragCoord) - vec2(350,150);
	//float len =  length(scrPos);
	//if(len < 50 )discard;
}


//END

2016-08-18 17:01:58:295[Debug        ]  ShaderProgram::AddShader() file with data was read in
2016-08-18 17:01:58:295[Debug        ] ShaderProgram::AddShader() : glShaderSource() successful
2016-08-18 17:01:58:295[Debug        ] ShaderProgram::AddShader() : glCompileShader() successful
2016-08-18 17:01:58:295[Info         ] ShaderProgram::CheckShaderCompileStatus(9) successful.
2016-08-18 17:01:58:295[Debug        ] ShaderProgram::AddShader() : glCompileShader() successful
2016-08-18 17:01:58:295[Info         ] ShaderInfo saved successfully.
2016-08-18 17:01:58:295[Debug        ] ShaderProgram::AddShader() : glAttachShader() successful
2016-08-18 17:01:58:295[Info         ] ShaderProgram::AddShader [9] successful.
2016-08-18 17:01:58:297[Info         ] CheckProgramStatus() successful!
2016-08-18 17:01:58:297[Info         ] CheckProgramStatus() successful!
2016-08-18 17:01:58:297[Info         ] Shader Init started
2016-08-18 17:01:58:297[Info         ] Shader Program created.
2016-08-18 17:01:58:297[Process      ] ShaderProgram::Initialize()[10] successful!
2016-08-18 17:01:58:297[Debug        ] File [..\Data\shaders\framebuffer.vert.shader] Opened successfully! Buffer Length:[305]
2016-08-18 17:01:58:297[Debug        ] Shader file [..\Data\shaders\framebuffer.vert.shader] contents:
//BEGIN
#version 430 core

layout (location = 0)  in vec3 vPosition;
layout (location = 1)  in vec2 vUV;

layout (location = 16) uniform mat4 MAT;

//out data
out vec2 UV;

//out vec4 color;

void main()
{
	vec4 vertPos = vec4(vPosition, 1.0);
	gl_Position = MAT *  vertPos;

	UV = vUV;
	
	
}
//END

2016-08-18 17:01:58:297[Debug        ]  ShaderProgram::AddShader() file with data was read in
2016-08-18 17:01:58:297[Debug        ] ShaderProgram::AddShader() : glShaderSource() successful
2016-08-18 17:01:58:297[Debug        ] ShaderProgram::AddShader() : glCompileShader() successful
2016-08-18 17:01:58:297[Info         ] ShaderProgram::CheckShaderCompileStatus(11) successful.
2016-08-18 17:01:58:298[Debug        ] ShaderProgram::AddShader() : glCompileShader() successful
2016-08-18 17:01:58:298[Info         ] ShaderInfo saved successfully.
2016-08-18 17:01:58:298[Debug        ] ShaderProgram::AddShader() : glAttachShader() successful
2016-08-18 17:01:58:298[Info         ] ShaderProgram::AddShader [11] successful.
2016-08-18 17:01:58:298[Debug        ] File [..\Data\shaders\framebuffer.frag.shader] Opened successfully! Buffer Length:[275]
2016-08-18 17:01:58:298[Debug        ] Shader file [..\Data\shaders\framebuffer.frag.shader] contents:
//BEGIN
#version 430 core


in  vec2 UV;
out vec4 outColor;

layout(location = 20) uniform sampler2D textureSampler;

void main()
{


	vec3 tempCol = texture(textureSampler, UV).rgb;

	outColor = vec4(tempCol.r / 1.5f, tempCol.g / 1.5f, tempCol.b / 1.5f, 1.0f);
}


//END

2016-08-18 17:01:58:298[Debug        ]  ShaderProgram::AddShader() file with data was read in
2016-08-18 17:01:58:298[Debug        ] ShaderProgram::AddShader() : glShaderSource() successful
2016-08-18 17:01:58:298[Debug        ] ShaderProgram::AddShader() : glCompileShader() successful
2016-08-18 17:01:58:298[Info         ] ShaderProgram::CheckShaderCompileStatus(12) successful.
2016-08-18 17:01:58:298[Debug        ] ShaderProgram::AddShader() : glCompileShader() successful
2016-08-18 17:01:58:298[Info         ] ShaderInfo saved successfully.
2016-08-18 17:01:58:298[Debug        ] ShaderProgram::AddShader() : glAttachShader() successful
2016-08-18 17:01:58:298[Info         ] ShaderProgram::AddShader [12] successful.
2016-08-18 17:01:58:299[Info         ] CheckProgramStatus() successful!
2016-08-18 17:01:58:299[Info         ] CheckProgramStatus() successful!
2016-08-18 17:01:58:299[Info         ] Shader Init started
2016-08-18 17:01:58:299[Info         ] Shader Program created.
2016-08-18 17:01:58:299[Process      ] ShaderProgram::Initialize()[13] successful!
2016-08-18 17:01:58:299[Debug        ] File [..\Data\shaders\lighting.vert.shader] Opened successfully! Buffer Length:[1137]
2016-08-18 17:01:58:299[cDebug       ] Shader file [..\Data\shaders\lighting.vert.shader] is too big to display contents.
2016-08-18 17:01:58:301[Debug        ]  ShaderProgram::AddShader() file with data was read in
2016-08-18 17:01:58:301[Debug        ] ShaderProgram::AddShader() : glShaderSource() successful
2016-08-18 17:01:58:301[Debug        ] ShaderProgram::AddShader() : glCompileShader() successful
2016-08-18 17:01:58:301[Info         ] ShaderProgram::CheckShaderCompileStatus(14) successful.
2016-08-18 17:01:58:301[Debug        ] ShaderProgram::AddShader() : glCompileShader() successful
2016-08-18 17:01:58:301[Info         ] ShaderInfo saved successfully.
2016-08-18 17:01:58:301[Debug        ] ShaderProgram::AddShader() : glAttachShader() successful
2016-08-18 17:01:58:301[Info         ] ShaderProgram::AddShader [14] successful.
2016-08-18 17:01:58:301[Debug        ] File [..\Data\shaders\lighting.frag.shader] Opened successfully! Buffer Length:[1744]
2016-08-18 17:01:58:301[cDebug       ] Shader file [..\Data\shaders\lighting.frag.shader] is too big to display contents.
2016-08-18 17:01:58:302[Debug        ]  ShaderProgram::AddShader() file with data was read in
2016-08-18 17:01:58:302[Debug        ] ShaderProgram::AddShader() : glShaderSource() successful
2016-08-18 17:01:58:304[Debug        ] ShaderProgram::AddShader() : glCompileShader() successful
2016-08-18 17:01:58:304[Info         ] ShaderProgram::CheckShaderCompileStatus(15) successful.
2016-08-18 17:01:58:304[Debug        ] ShaderProgram::AddShader() : glCompileShader() successful
2016-08-18 17:01:58:304[Info         ] ShaderInfo saved successfully.
2016-08-18 17:01:58:304[Debug        ] ShaderProgram::AddShader() : glAttachShader() successful
2016-08-18 17:01:58:304[Info         ] ShaderProgram::AddShader [15] successful.
2016-08-18 17:01:58:308[Info         ] CheckProgramStatus() successful!
2016-08-18 17:01:58:308[Info         ] CheckProgramStatus() successful!
2016-08-18 17:01:58:308[Info         ] Shader Init started
2016-08-18 17:01:58:308[Info         ] Shader Program created.
2016-08-18 17:01:58:308[Process      ] ShaderProgram::Initialize()[16] successful!
2016-08-18 17:01:58:308[Debug        ] File [..\Data\shaders\texlighting.vert.shader] Opened successfully! Buffer Length:[1110]
2016-08-18 17:01:58:308[cDebug       ] Shader file [..\Data\shaders\texlighting.vert.shader] is too big to display contents.
2016-08-18 17:01:58:310[Debug        ]  ShaderProgram::AddShader() file with data was read in
2016-08-18 17:01:58:310[Debug        ] ShaderProgram::AddShader() : glShaderSource() successful
2016-08-18 17:01:58:310[Debug        ] ShaderProgram::AddShader() : glCompileShader() successful
2016-08-18 17:01:58:310[Info         ] ShaderProgram::CheckShaderCompileStatus(17) successful.
2016-08-18 17:01:58:310[Debug        ] ShaderProgram::AddShader() : glCompileShader() successful
2016-08-18 17:01:58:310[Info         ] ShaderInfo saved successfully.
2016-08-18 17:01:58:310[Debug        ] ShaderProgram::AddShader() : glAttachShader() successful
2016-08-18 17:01:58:310[Info         ] ShaderProgram::AddShader [17] successful.
2016-08-18 17:01:58:311[Debug        ] File [..\Data\shaders\texlighting.frag.shader] Opened successfully! Buffer Length:[1717]
2016-08-18 17:01:58:311[cDebug       ] Shader file [..\Data\shaders\texlighting.frag.shader] is too big to display contents.
2016-08-18 17:01:58:312[Debug        ]  ShaderProgram::AddShader() file with data was read in
2016-08-18 17:01:58:312[Debug        ] ShaderProgram::AddShader() : glShaderSource() successful
2016-08-18 17:01:58:312[Debug        ] ShaderProgram::AddShader() : glCompileShader() successful
2016-08-18 17:01:58:312[Info         ] ShaderProgram::CheckShaderCompileStatus(18) successful.
2016-08-18 17:01:58:312[Debug        ] ShaderProgram::AddShader() : glCompileShader() successful
2016-08-18 17:01:58:312[Info         ] ShaderInfo saved successfully.
2016-08-18 17:01:58:312[Debug        ] ShaderProgram::AddShader() : glAttachShader() successful
2016-08-18 17:01:58:312[Info         ] ShaderProgram::AddShader [18] successful.
2016-08-18 17:01:58:316[Info         ] CheckProgramStatus() successful!
2016-08-18 17:01:58:316[Info         ] CheckProgramStatus() successful!
2016-08-18 17:01:58:316[Info         ] Shader Init started
2016-08-18 17:01:58:316[Info         ] Shader Program created.
2016-08-18 17:01:58:316[Process      ] ShaderProgram::Initialize()[19] successful!
2016-08-18 17:01:58:317[Debug        ] File [..\Data\shaders\water.vert.shader] Opened successfully! Buffer Length:[1400]
2016-08-18 17:01:58:317[cDebug       ] Shader file [..\Data\shaders\water.vert.shader] is too big to display contents.
2016-08-18 17:01:58:317[Debug        ]  ShaderProgram::AddShader() file with data was read in
2016-08-18 17:01:58:317[Debug        ] ShaderProgram::AddShader() : glShaderSource() successful
2016-08-18 17:01:58:318[Debug        ] ShaderProgram::AddShader() : glCompileShader() successful
2016-08-18 17:01:58:318[Info         ] ShaderProgram::CheckShaderCompileStatus(20) successful.
2016-08-18 17:01:58:318[Debug        ] ShaderProgram::AddShader() : glCompileShader() successful
2016-08-18 17:01:58:318[Info         ] ShaderInfo saved successfully.
2016-08-18 17:01:58:318[Debug        ] ShaderProgram::AddShader() : glAttachShader() successful
2016-08-18 17:01:58:319[Info         ] ShaderProgram::AddShader [20] successful.
2016-08-18 17:01:58:319[Debug        ] File [..\Data\shaders\water.frag.shader] Opened successfully! Buffer Length:[2436]
2016-08-18 17:01:58:319[cDebug       ] Shader file [..\Data\shaders\water.frag.shader] is too big to display contents.
2016-08-18 17:01:58:322[Debug        ]  ShaderProgram::AddShader() file with data was read in
2016-08-18 17:01:58:322[Debug        ] ShaderProgram::AddShader() : glShaderSource() successful
2016-08-18 17:01:58:322[Debug        ] ShaderProgram::AddShader() : glCompileShader() successful
2016-08-18 17:01:58:322[Info         ] ShaderProgram::CheckShaderCompileStatus(21) successful.
2016-08-18 17:01:58:322[Debug        ] ShaderProgram::AddShader() : glCompileShader() successful
2016-08-18 17:01:58:322[Info         ] ShaderInfo saved successfully.
2016-08-18 17:01:58:322[Debug        ] ShaderProgram::AddShader() : glAttachShader() successful
2016-08-18 17:01:58:322[Info         ] ShaderProgram::AddShader [21] successful.
2016-08-18 17:01:58:325[Info         ] CheckProgramStatus() successful!
2016-08-18 17:01:58:325[Info         ] CheckProgramStatus() successful!
2016-08-18 17:01:58:325[Info         ] GetAttribLocation [vPosition] successful.
2016-08-18 17:01:58:325[Info         ] GetUniformLocation [colorin] successful.
2016-08-18 17:01:58:325[Info         ] GetUniformLocation [MAT] successful.
2016-08-18 17:01:58:325[cProcess     ] RenderEngine::Initialize() successful.
2016-08-18 17:01:58:326[cInfo        ] 
-----------------------------------------------------------------------
 BufferInfo::CreateBuffers()[0] Created buffers:| VERTEX [1] with [80] bytes. || INDEX [2] with [24] bytes |
-----------------------------------------------------------------------

2016-08-18 17:01:58:329[cInfo        ] --------BufferInfo::AddMesh() Added mesh successfully-------
2016-08-18 17:01:58:332[cInfo        ] 
2016-08-18 17:01:58:332[cInfo        ] --------------------| START BUFFER MESH INFO |-------------------------------------
2016-08-18 17:01:58:333[cInfo        ] BufferInfo::AddMesh(): NUM VERTS-----------------[4]
2016-08-18 17:01:58:334[cInfo        ] BufferInfo::AddMesh(): NUM INDICES---------------[6]
2016-08-18 17:01:58:336[cInfo        ] BufferInfo::AddMesh(): VERT OFFSET---------------[0]
2016-08-18 17:01:58:337[cInfo        ] BufferInfo::AddMesh(): INDICES OFFSET (BYTES)----[0]
2016-08-18 17:01:58:337[cInfo        ] --------------------|  END BUFFER MESH INFO  |--------------------------------------
2016-08-18 17:01:58:338[cInfo        ] 

2016-08-18 17:01:58:339[cInfo        ] 
-----------------------------------------------------------------------
 BufferInfo::CreateBuffers()[0] Created buffers:| VERTEX [3] with [96] bytes. || INDEX [4] with [48] bytes |
-----------------------------------------------------------------------

2016-08-18 17:01:58:344[cInfo        ] --------BufferInfo::AddMesh() Added mesh successfully-------
2016-08-18 17:01:58:344[cInfo        ] 
2016-08-18 17:01:58:345[cInfo        ] --------------------| START BUFFER MESH INFO |-------------------------------------
2016-08-18 17:01:58:346[cInfo        ] BufferInfo::AddMesh(): NUM VERTS-----------------[8]
2016-08-18 17:01:58:347[cInfo        ] BufferInfo::AddMesh(): NUM INDICES---------------[24]
2016-08-18 17:01:58:347[cInfo        ] BufferInfo::AddMesh(): VERT OFFSET---------------[0]
2016-08-18 17:01:58:348[cInfo        ] BufferInfo::AddMesh(): INDICES OFFSET (BYTES)----[0]
2016-08-18 17:01:58:349[cInfo        ] --------------------|  END BUFFER MESH INFO  |--------------------------------------
2016-08-18 17:01:58:351[cInfo        ] 

2016-08-18 17:01:58:354[cInfo        ] 
-----------------------------------------------------------------------
 BufferInfo::CreateBuffers()[0] Created buffers:| VERTEX [5] with [864] bytes. || INDEX [6] with [0] bytes |
-----------------------------------------------------------------------

2016-08-18 17:01:58:357[cInfo        ] --------BufferInfo::AddMesh() Added mesh successfully-------
2016-08-18 17:01:58:358[cInfo        ] 
2016-08-18 17:01:58:359[cInfo        ] --------------------| START BUFFER MESH INFO |-------------------------------------
2016-08-18 17:01:58:361[cInfo        ] BufferInfo::AddMesh(): NUM VERTS-----------------[36]
2016-08-18 17:01:58:362[cInfo        ] BufferInfo::AddMesh(): NUM INDICES---------------[0]
2016-08-18 17:01:58:363[cInfo        ] BufferInfo::AddMesh(): VERT OFFSET---------------[0]
2016-08-18 17:01:58:364[cInfo        ] BufferInfo::AddMesh(): INDICES OFFSET (BYTES)----[0]
2016-08-18 17:01:58:364[cInfo        ] --------------------|  END BUFFER MESH INFO  |--------------------------------------
2016-08-18 17:01:58:365[cInfo        ] 

2016-08-18 17:01:58:366[cInfo        ] 
-----------------------------------------------------------------------
 BufferInfo::CreateBuffers()[0] Created buffers:| VERTEX [7] with [144] bytes. || INDEX [8] with [0] bytes |
-----------------------------------------------------------------------

2016-08-18 17:01:58:372[cInfo        ] --------BufferInfo::AddMesh() Added mesh successfully-------
2016-08-18 17:01:58:373[cInfo        ] 
2016-08-18 17:01:58:374[cInfo        ] --------------------| START BUFFER MESH INFO |-------------------------------------
2016-08-18 17:01:58:375[cInfo        ] BufferInfo::AddMesh(): NUM VERTS-----------------[6]
2016-08-18 17:01:58:376[cInfo        ] BufferInfo::AddMesh(): NUM INDICES---------------[0]
2016-08-18 17:01:58:377[cInfo        ] BufferInfo::AddMesh(): VERT OFFSET---------------[0]
2016-08-18 17:01:58:378[cInfo        ] BufferInfo::AddMesh(): INDICES OFFSET (BYTES)----[0]
2016-08-18 17:01:58:378[cInfo        ] --------------------|  END BUFFER MESH INFO  |--------------------------------------
2016-08-18 17:01:58:379[cInfo        ] 

2016-08-18 17:01:58:382[cProcess     ] BufferManager::Initialize() successful.
2016-08-18 17:01:58:382[cInfo        ] 
-----------------------------------------------------------------------
 BufferInfo::CreateBuffers()[0] Created buffers:| VERTEX [9] with [1000000] bytes. || INDEX [10] with [1000000] bytes |
-----------------------------------------------------------------------

2016-08-18 17:01:58:387[cInfo        ] --------BufferInfo::AddMesh() Added mesh successfully-------
2016-08-18 17:01:58:388[cInfo        ] 
2016-08-18 17:01:58:389[cInfo        ] --------------------| START BUFFER MESH INFO |-------------------------------------
2016-08-18 17:01:58:392[cInfo        ] BufferInfo::AddMesh(): NUM VERTS-----------------[24]
2016-08-18 17:01:58:393[cInfo        ] BufferInfo::AddMesh(): NUM INDICES---------------[36]
2016-08-18 17:01:58:394[cInfo        ] BufferInfo::AddMesh(): VERT OFFSET---------------[0]
2016-08-18 17:01:58:395[cInfo        ] BufferInfo::AddMesh(): INDICES OFFSET (BYTES)----[0]
2016-08-18 17:01:58:396[cInfo        ] --------------------|  END BUFFER MESH INFO  |--------------------------------------
2016-08-18 17:01:58:397[cInfo        ] 

2016-08-18 17:01:58:399[cProcess     ] BufferManager::Initialize() successful.
2016-08-18 17:01:58:402[cInfo        ] 
-----------------------------------------------------------------------
 BufferInfo::CreateBuffers()[1] Created buffers:| VERTEX [11] with [1000000] bytes. || INDEX [12] with [1000000] bytes |
-----------------------------------------------------------------------

2016-08-18 17:01:58:408[cInfo        ] --------BufferInfo::AddMesh() Added mesh successfully-------
2016-08-18 17:01:58:409[cInfo        ] 
2016-08-18 17:01:58:409[cInfo        ] --------------------| START BUFFER MESH INFO |-------------------------------------
2016-08-18 17:01:58:411[cInfo        ] BufferInfo::AddMesh(): NUM VERTS-----------------[1536]
2016-08-18 17:01:58:412[cInfo        ] BufferInfo::AddMesh(): NUM INDICES---------------[3072]
2016-08-18 17:01:58:413[cInfo        ] BufferInfo::AddMesh(): VERT OFFSET---------------[0]
2016-08-18 17:01:58:414[cInfo        ] BufferInfo::AddMesh(): INDICES OFFSET (BYTES)----[0]
2016-08-18 17:01:58:414[cInfo        ] --------------------|  END BUFFER MESH INFO  |--------------------------------------
2016-08-18 17:01:58:416[cInfo        ] 

2016-08-18 17:01:58:417[cInfo        ] 
-----------------------------------------------------------------------
 BufferInfo::CreateBuffers()[0] Created buffers:| VERTEX [13] with [3936] bytes. || INDEX [14] with [0] bytes |
-----------------------------------------------------------------------

2016-08-18 17:01:58:423[cInfo        ] --------BufferInfo::AddMesh() Added mesh successfully-------
2016-08-18 17:01:58:424[cInfo        ] 
2016-08-18 17:01:58:424[cInfo        ] --------------------| START BUFFER MESH INFO |-------------------------------------
2016-08-18 17:01:58:425[cInfo        ] BufferInfo::AddMesh(): NUM VERTS-----------------[164]
2016-08-18 17:01:58:426[cInfo        ] BufferInfo::AddMesh(): NUM INDICES---------------[0]
2016-08-18 17:01:58:427[cInfo        ] BufferInfo::AddMesh(): VERT OFFSET---------------[0]
2016-08-18 17:01:58:428[cInfo        ] BufferInfo::AddMesh(): INDICES OFFSET (BYTES)----[0]
2016-08-18 17:01:58:428[cInfo        ] --------------------|  END BUFFER MESH INFO  |--------------------------------------
2016-08-18 17:01:58:430[cInfo        ] 

2016-08-18 17:01:58:431[cProcess     ] ShapeGenerator initialized successfully.
2016-08-18 17:01:58:432[cProcess     ] Camera::Initialize() successful.
2016-08-18 17:01:58:433[cProcess     ] Keyboard::Initialize() successful
2016-08-18 17:01:58:434[cProcess     ] Keyboard::Initialize() successful
2016-08-18 17:01:58:447[cInfo        ] 
-----------------------------------------------------------------------
 BufferInfo::CreateBuffers()[0] Created buffers:| VERTEX [15] with [10810368] bytes. || INDEX [16] with [0] bytes |
-----------------------------------------------------------------------

2016-08-18 17:01:58:466[cInfo        ] --------BufferInfo::AddMesh() Added mesh successfully-------
2016-08-18 17:01:58:467[cInfo        ] 
2016-08-18 17:01:58:468[cInfo        ] --------------------| START BUFFER MESH INFO |-------------------------------------
2016-08-18 17:01:58:471[cInfo        ] BufferInfo::AddMesh(): NUM VERTS-----------------[337824]
2016-08-18 17:01:58:472[cInfo        ] BufferInfo::AddMesh(): NUM INDICES---------------[0]
2016-08-18 17:01:58:473[cInfo        ] BufferInfo::AddMesh(): VERT OFFSET---------------[0]
2016-08-18 17:01:58:474[cInfo        ] BufferInfo::AddMesh(): INDICES OFFSET (BYTES)----[0]
2016-08-18 17:01:58:475[cInfo        ] --------------------|  END BUFFER MESH INFO  |--------------------------------------
2016-08-18 17:01:58:476[cInfo        ] 

2016-08-18 17:01:58:510[Info         ] ShapeGenerator::ReadSceneFile(): Added new scene [..\Data\Scenes\Dargon.ptn.scene] successfully.
2016-08-18 17:01:58:510[cInfo        ] EntityManager::BuildPlayerEntity(): Built [Dargon] successfully
2016-08-18 17:01:58:513[cProcess     ] BufferManager::Initialize() successful.
2016-08-18 17:01:58:524[cInfo        ] 
-----------------------------------------------------------------------
 BufferInfo::CreateBuffers()[2] Created buffers:| VERTEX [17] with [1000000] bytes. || INDEX [18] with [1000000] bytes |
-----------------------------------------------------------------------

2016-08-18 17:01:58:528[cInfo        ] --------BufferInfo::AddMesh() Added mesh successfully-------
2016-08-18 17:01:58:528[cInfo        ] 
2016-08-18 17:01:58:529[cInfo        ] --------------------| START BUFFER MESH INFO |-------------------------------------
2016-08-18 17:01:58:531[cInfo        ] BufferInfo::AddMesh(): NUM VERTS-----------------[36]
2016-08-18 17:01:58:532[cInfo        ] BufferInfo::AddMesh(): NUM INDICES---------------[0]
2016-08-18 17:01:58:533[cInfo        ] BufferInfo::AddMesh(): VERT OFFSET---------------[0]
2016-08-18 17:01:58:534[cInfo        ] BufferInfo::AddMesh(): INDICES OFFSET (BYTES)----[0]
2016-08-18 17:01:58:535[cInfo        ] --------------------|  END BUFFER MESH INFO  |--------------------------------------
2016-08-18 17:01:58:537[cInfo        ] 

2016-08-18 17:01:58:537[Info         ] ShapeGenerator::ReadSceneFile(): Added new scene [..\Data\Scenes\Cube.pn.scene] successfully.
2016-08-18 17:01:58:538[cInfo        ] --------BufferInfo::AddMesh() Added mesh successfully-------
2016-08-18 17:01:58:539[cInfo        ] 
2016-08-18 17:01:58:539[cInfo        ] --------------------| START BUFFER MESH INFO |-------------------------------------
2016-08-18 17:01:58:541[cInfo        ] BufferInfo::AddMesh(): NUM VERTS-----------------[18]
2016-08-18 17:01:58:542[cInfo        ] BufferInfo::AddMesh(): NUM INDICES---------------[0]
2016-08-18 17:01:58:543[cInfo        ] BufferInfo::AddMesh(): VERT OFFSET---------------[36]
2016-08-18 17:01:58:544[cInfo        ] BufferInfo::AddMesh(): INDICES OFFSET (BYTES)----[0]
2016-08-18 17:01:58:545[cInfo        ] --------------------|  END BUFFER MESH INFO  |--------------------------------------
2016-08-18 17:01:58:546[cInfo        ] 

2016-08-18 17:01:58:547[Info         ] ShapeGenerator::ReadSceneFile(): Added new scene [..\Data\Scenes\Pyramid.pn.scene] successfully.
2016-08-18 17:01:58:555[cInfo        ] 
-----------------------------------------------------------------------
 BufferInfo::CreateBuffers()[0] Created buffers:| VERTEX [19] with [5529600] bytes. || INDEX [20] with [0] bytes |
-----------------------------------------------------------------------

2016-08-18 17:01:58:566[cInfo        ] --------BufferInfo::AddMesh() Added mesh successfully-------
2016-08-18 17:01:58:566[cInfo        ] 
2016-08-18 17:01:58:567[cInfo        ] --------------------| START BUFFER MESH INFO |-------------------------------------
2016-08-18 17:01:58:568[cInfo        ] BufferInfo::AddMesh(): NUM VERTS-----------------[172800]
2016-08-18 17:01:58:569[cInfo        ] BufferInfo::AddMesh(): NUM INDICES---------------[0]
2016-08-18 17:01:58:572[cInfo        ] BufferInfo::AddMesh(): VERT OFFSET---------------[0]
2016-08-18 17:01:58:573[cInfo        ] BufferInfo::AddMesh(): INDICES OFFSET (BYTES)----[0]
2016-08-18 17:01:58:574[cInfo        ] --------------------|  END BUFFER MESH INFO  |--------------------------------------
2016-08-18 17:01:58:575[cInfo        ] 

2016-08-18 17:01:58:576[Info         ] ShapeGenerator::ReadSceneFile(): Added new scene [..\Data\Scenes\WaterPlane.ptn.scene] successfully.
2016-08-18 17:01:58:576[cProcess     ] Camera::Initialize() successful.
2016-08-18 17:01:58:587[cProcess     ] BufferManager::Initialize() successful.
2016-08-18 17:01:58:588[cInfo        ] 
-----------------------------------------------------------------------
 BufferInfo::CreateBuffers()[3] Created buffers:| VERTEX [21] with [8107776] bytes. || INDEX [22] with [0] bytes |
-----------------------------------------------------------------------

2016-08-18 17:01:58:602[cInfo        ] --------BufferInfo::AddMesh() Added mesh successfully-------
2016-08-18 17:01:58:603[cInfo        ] 
2016-08-18 17:01:58:604[cInfo        ] --------------------| START BUFFER MESH INFO |-------------------------------------
2016-08-18 17:01:58:605[cInfo        ] BufferInfo::AddMesh(): NUM VERTS-----------------[337824]
2016-08-18 17:01:58:606[cInfo        ] BufferInfo::AddMesh(): NUM INDICES---------------[0]
2016-08-18 17:01:58:607[cInfo        ] BufferInfo::AddMesh(): VERT OFFSET---------------[0]
2016-08-18 17:01:58:607[cInfo        ] BufferInfo::AddMesh(): INDICES OFFSET (BYTES)----[0]
2016-08-18 17:01:58:608[cInfo        ] --------------------|  END BUFFER MESH INFO  |--------------------------------------
2016-08-18 17:01:58:610[cInfo        ] 

2016-08-18 17:01:58:611[Info         ] ShapeGenerator::ReadSceneFile(): Added new scene [..\Data\Scenes\Dargon.pn.scene] successfully.
2016-08-18 17:01:58:611[cProcess     ] BufferManager::Initialize() successful.
2016-08-18 17:01:58:612[cInfo        ] 
-----------------------------------------------------------------------
 BufferInfo::CreateBuffers()[4] Created buffers:| VERTEX [23] with [1000000] bytes. || INDEX [24] with [1000000] bytes |
-----------------------------------------------------------------------

2016-08-18 17:01:58:616[cInfo        ] --------BufferInfo::AddMesh() Added mesh successfully-------
2016-08-18 17:01:58:617[cInfo        ] 
2016-08-18 17:01:58:617[cInfo        ] --------------------| START BUFFER MESH INFO |-------------------------------------
2016-08-18 17:01:58:621[cInfo        ] BufferInfo::AddMesh(): NUM VERTS-----------------[6]
2016-08-18 17:01:58:622[cInfo        ] BufferInfo::AddMesh(): NUM INDICES---------------[0]
2016-08-18 17:01:58:623[cInfo        ] BufferInfo::AddMesh(): VERT OFFSET---------------[0]
2016-08-18 17:01:58:624[cInfo        ] BufferInfo::AddMesh(): INDICES OFFSET (BYTES)----[0]
2016-08-18 17:01:58:625[cInfo        ] --------------------|  END BUFFER MESH INFO  |--------------------------------------
2016-08-18 17:01:58:626[cInfo        ] 

2016-08-18 17:01:58:627[cProcess     ] BodaciousQuest::Initialize() successful.
2016-08-18 17:01:58:627[Process      ] GameTime::Initialize() ok

2016-08-18 17:01:58:627[cProcess     ] MyWindow::Initialize() successful!
