2016-08-18 13:57:20:610[Process      ] GameLogger::Initialize() opened log file [..\Data\LogFiles\2016-08-18 13-57-20.BodaciousQuest.log] for writing
2016-08-18 13:57:20:610[Info         ] GameLogger::Initialize() successful
2016-08-18 13:57:20:610[Process      ] ConfigReader opened [..\Data\BodaciousQuest.config] successfully
2016-08-18 13:57:20:610[Info         ] ConfigReader initialized successfully
2016-08-18 13:57:20:610[Info         ] Valid KVP [BodaciousQuest.ShowFullScreen] [false] added
2016-08-18 13:57:20:610[Info         ] Valid KVP [BodaciousQuest.FpsInterval] [5.0] added
2016-08-18 13:57:20:610[Info         ] Valid KVP [BodaciousQuest.EnableControls] [true] added
2016-08-18 13:57:20:610[Info         ] Valid KVP [BodaciousQuest.LoadCubeFirst] [true] added
2016-08-18 13:57:20:610[Info         ] Valid KVP [BodaciousQuest.CameraWalkMode] [false] added
2016-08-18 13:57:20:610[Info         ] Valid KVP [BodaciousQuest.GridSize] [40] added
2016-08-18 13:57:20:610[Info         ] Valid KVP [BodaciousQuest.LightingTest.Ambient.Color] [1.0  1.0  1.0] added
2016-08-18 13:57:20:610[Info         ] Valid KVP [BodaciousQuest.LightingTest.Diffuse.Color] [1.0  1.0  1.0] added
2016-08-18 13:57:20:610[Info         ] Valid KVP [BodaciousQuest.LightingTest.Specular.Color] [1.0  1.0  1.0] added
2016-08-18 13:57:20:610[Info         ] Valid KVP [BodaciousQuest.LightingTest.Ambient.Reflectivity] [0.01] added
2016-08-18 13:57:20:610[Info         ] Valid KVP [BodaciousQuest.LightingTest.Diffuse.Reflectivity] [0.6] added
2016-08-18 13:57:20:610[Info         ] Valid KVP [BodaciousQuest.LightingTest.Specular.Reflectivity] [0.5] added
2016-08-18 13:57:20:610[Info         ] Valid KVP [BodaciousQuest.LightingTest.Specular.Shininess] [0.4] added
2016-08-18 13:57:20:610[Info         ] Valid KVP [BodaciousQuest.LightingTest.Falloff.A] [1.0] added
2016-08-18 13:57:20:610[Info         ] Valid KVP [BodaciousQuest.LightingTest.Falloff.B] [0.01] added
2016-08-18 13:57:20:610[Info         ] Valid KVP [BodaciousQuest.LightingTest.Falloff.C] [0.1] added
2016-08-18 13:57:20:610[Info         ] Valid KVP [BodaciousQuest.LightingTest.Directional] [false] added
2016-08-18 13:57:20:610[Info         ] Valid KVP [BodaciousQuest.LightingTest.Direction] [-1.0 0.0 1.0] added
2016-08-18 13:57:20:610[Info         ] Valid KVP [BodaciousQuest.LightingTest.Light.Position] [-0.875458 3.673020 1.043331] added
2016-08-18 13:57:20:610[Info         ] Valid KVP [BodaciousQuest.LightingTest.Dargon.Color] [1.0 1.0 0.4] added
2016-08-18 13:57:20:610[Info         ] Valid KVP [ObjConverter.Mode.VertexType] [p] added
2016-08-18 13:57:20:611[Info         ] Valid KVP [ObjConverter.Mode.Analyze] [false] added
2016-08-18 13:57:20:611[Info         ] Valid KVP [ObjConverter.Model] [AIWorld] added
2016-08-18 13:57:20:611[Info         ] Valid KVP [ObjConverter.Shader] [0] added
2016-08-18 13:57:20:611[Info         ] Valid KVP [ObjConverter.Color] [random] added
2016-08-18 13:57:20:611[Info         ] Valid KVP [ObjConverter.Obj.InputFileFolder] [..\\Data\\Objs\\] added
2016-08-18 13:57:20:611[Info         ] Valid KVP [ObjConverter.Scene.OutputFileFolder] [..\\Data\\Scenes\\] added
2016-08-18 13:57:20:611[Info         ] Valid KVP [ObjConverter.Model.Dargon.NumVerts] [57967] added
2016-08-18 13:57:20:611[Info         ] Valid KVP [ObjConverter.Model.Dargon.NumIndices] [337824] added
2016-08-18 13:57:20:611[Info         ] Valid KVP [ObjConverter.Model.Dargon.NumTexCoords] [60175] added
2016-08-18 13:57:20:611[Info         ] Valid KVP [ObjConverter.Model.Dargon.NumNormals] [337824] added
2016-08-18 13:57:20:611[Info         ] Valid KVP [ObjConverter.Model.Swamp.NumVerts] [2735] added
2016-08-18 13:57:20:611[Info         ] Valid KVP [ObjConverter.Model.Swamp.NumIndices] [8556] added
2016-08-18 13:57:20:611[Info         ] Valid KVP [ObjConverter.Model.Swamp.NumTexCoords] [3622] added
2016-08-18 13:57:20:611[Info         ] Valid KVP [ObjConverter.Model.Swamp.NumNormals] [5156] added
2016-08-18 13:57:20:611[Info         ] Valid KVP [ObjConverter.Model.Pyramid.NumVerts] [5] added
2016-08-18 13:57:20:611[Info         ] Valid KVP [ObjConverter.Model.Pyramid.NumIndices] [18] added
2016-08-18 13:57:20:611[Info         ] Valid KVP [ObjConverter.Model.Pyramid.NumTexCoords] [10] added
2016-08-18 13:57:20:611[Info         ] Valid KVP [ObjConverter.Model.Pyramid.NumNormals] [16] added
2016-08-18 13:57:20:611[Info         ] Valid KVP [ObjConverter.Model.AIWorld.NumVerts] [1957] added
2016-08-18 13:57:20:611[Info         ] Valid KVP [ObjConverter.Model.AIWorld.NumIndices] [8718] added
2016-08-18 13:57:20:611[Info         ] Valid KVP [ObjConverter.Model.AIWorld.NumTexCoords] [4186] added
2016-08-18 13:57:20:611[Info         ] Valid KVP [ObjConverter.Model.AIWorld.NumNormals] [5418] added
2016-08-18 13:57:20:611[Info         ] Valid KVP [ObjConverter.Model.GameWeapon.NumVerts] [2068] added
2016-08-18 13:57:20:611[Info         ] Valid KVP [ObjConverter.Model.GameWeapon.NumIndices] [9894] added
2016-08-18 13:57:20:611[Info         ] Valid KVP [ObjConverter.Model.GameWeapon.NumTexCoords] [0] added
2016-08-18 13:57:20:611[Info         ] Valid KVP [ObjConverter.Model.GameWeapon.NumNormals] [0] added
2016-08-18 13:57:20:611[Info         ] Valid KVP [ObjConverter.Model.Chicken.NumVerts] [224] added
2016-08-18 13:57:20:611[Info         ] Valid KVP [ObjConverter.Model.Chicken.NumIndices] [1374] added
2016-08-18 13:57:20:611[Info         ] Valid KVP [ObjConverter.Model.Chicken.NumTexCoords] [472] added
2016-08-18 13:57:20:611[Info         ] Valid KVP [ObjConverter.Model.Chicken.NumNormals] [565] added
2016-08-18 13:57:20:611[Info         ] Valid KVP [ObjConverter.Model.WaterPlane.NumVerts] [29282] added
2016-08-18 13:57:20:611[Info         ] Valid KVP [ObjConverter.Model.WaterPlane.NumIndices] [172800] added
2016-08-18 13:57:20:611[Info         ] Valid KVP [ObjConverter.Model.WaterPlane.NumTexCoords] [29282] added
2016-08-18 13:57:20:611[Info         ] Valid KVP [ObjConverter.Model.WaterPlane.NumNormals] [172800] added
2016-08-18 13:57:20:611[Info         ] Valid KVP [ObjConverter.Model.Cube.NumVerts] [8] added
2016-08-18 13:57:20:611[Info         ] Valid KVP [ObjConverter.Model.Cube.NumIndices] [36] added
2016-08-18 13:57:20:611[Info         ] Valid KVP [ObjConverter.Model.Cube.NumTexCoords] [14] added
2016-08-18 13:57:20:611[Info         ] Valid KVP [ObjConverter.Model.Cube.NumNormals] [24] added
2016-08-18 13:57:20:611[Info         ] Valid KVP [ObjConverter.Model.Barrel.NumVerts] [172] added
2016-08-18 13:57:20:611[Info         ] Valid KVP [ObjConverter.Model.Barrel.NumIndices] [1008] added
2016-08-18 13:57:20:611[Info         ] Valid KVP [ObjConverter.Model.Barrel.NumTexCoords] [328] added
2016-08-18 13:57:20:611[Info         ] Valid KVP [ObjConverter.Model.Barrel.NumNormals] [204] added
2016-08-18 13:57:20:611[Info         ] Valid KVP [ObjConverter.Model.SkyBox.NumVerts] [8] added
2016-08-18 13:57:20:611[Info         ] Valid KVP [ObjConverter.Model.SkyBox.NumIndices] [36] added
2016-08-18 13:57:20:611[Info         ] Valid KVP [ObjConverter.Model.SkyBox.NumTexCoords] [18] added
2016-08-18 13:57:20:611[Info         ] Valid KVP [ObjConverter.Model.SkyBox.NumNormals] [24] added
2016-08-18 13:57:20:674[cInfo        ] Config reader opened [..\Data\BodaciousQuest.config] for reading!
2016-08-18 13:57:20:733[Process      ] ShaderManager Initialized successfully
2016-08-18 13:57:20:733[Info         ] Shader Init started
2016-08-18 13:57:20:733[Info         ] Shader Program created.
2016-08-18 13:57:20:733[Process      ] ShaderProgram::Initialize()[1] successful!
2016-08-18 13:57:20:733[Debug        ] File [..\Data\shaders\debug.vert.shader] Opened successfully! Buffer Length:[291]
2016-08-18 13:57:20:733[Debug        ] Shader file [..\Data\shaders\debug.vert.shader] contents:
//BEGIN
#version 430 core

layout(location = 0)  in vec3 vPosition;

layout(location = 15) uniform vec3 colorin;
layout(location = 16) uniform mat4 MAT;

out vec4 color;

void main()
{
	vec4 vertPos = vec4(vPosition, 1.0);
	gl_Position = MAT *  vertPos;
	color = vec4(colorin, 1.0);
}
//END

2016-08-18 13:57:20:733[Debug        ]  ShaderProgram::AddShader() file with data was read in
2016-08-18 13:57:20:733[Debug        ] ShaderProgram::AddShader() : glShaderSource() successful
2016-08-18 13:57:20:734[Debug        ] ShaderProgram::AddShader() : glCompileShader() successful
2016-08-18 13:57:20:734[Info         ] ShaderProgram::CheckShaderCompileStatus(2) successful.
2016-08-18 13:57:20:734[Debug        ] ShaderProgram::AddShader() : glCompileShader() successful
2016-08-18 13:57:20:734[Info         ] ShaderInfo saved successfully.
2016-08-18 13:57:20:734[Debug        ] ShaderProgram::AddShader() : glAttachShader() successful
2016-08-18 13:57:20:734[Info         ] ShaderProgram::AddShader [2] successful.
2016-08-18 13:57:20:734[Debug        ] File [..\Data\shaders\debug.frag.shader] Opened successfully! Buffer Length:[104]
2016-08-18 13:57:20:734[Debug        ] Shader file [..\Data\shaders\debug.frag.shader] contents:
//BEGIN
#version 430 core


in  vec4 color;
out vec4 outColor;

void main()
{
	outColor = color;
}


//END

2016-08-18 13:57:20:734[Debug        ]  ShaderProgram::AddShader() file with data was read in
2016-08-18 13:57:20:734[Debug        ] ShaderProgram::AddShader() : glShaderSource() successful
2016-08-18 13:57:20:734[Debug        ] ShaderProgram::AddShader() : glCompileShader() successful
2016-08-18 13:57:20:734[Info         ] ShaderProgram::CheckShaderCompileStatus(3) successful.
2016-08-18 13:57:20:734[Debug        ] ShaderProgram::AddShader() : glCompileShader() successful
2016-08-18 13:57:20:734[Info         ] ShaderInfo saved successfully.
2016-08-18 13:57:20:734[Debug        ] ShaderProgram::AddShader() : glAttachShader() successful
2016-08-18 13:57:20:734[Info         ] ShaderProgram::AddShader [3] successful.
2016-08-18 13:57:20:735[Info         ] CheckProgramStatus() successful!
2016-08-18 13:57:20:736[Info         ] CheckProgramStatus() successful!
2016-08-18 13:57:20:736[Info         ] Shader Init started
2016-08-18 13:57:20:736[Info         ] Shader Program created.
2016-08-18 13:57:20:736[Process      ] ShaderProgram::Initialize()[4] successful!
2016-08-18 13:57:20:736[Debug        ] File [..\Data\shaders\play.vert.shader] Opened successfully! Buffer Length:[343]
2016-08-18 13:57:20:736[Debug        ] Shader file [..\Data\shaders\play.vert.shader] contents:
//BEGIN
#version 430 core

layout (location = 0)  in vec3 vPosition;
layout (location = 1)  in vec3 vColor;
layout (location = 15) uniform vec3 colorin;
layout (location = 16) uniform mat4 MAT;

out vec4 color;

void main()
{
	vec4 vertPos = vec4(vPosition, 1.0);
	gl_Position = MAT *  vertPos;
	color = vec4((vColor + colorin), 1.0);
}
//END

2016-08-18 13:57:20:736[Debug        ]  ShaderProgram::AddShader() file with data was read in
2016-08-18 13:57:20:736[Debug        ] ShaderProgram::AddShader() : glShaderSource() successful
2016-08-18 13:57:20:736[Debug        ] ShaderProgram::AddShader() : glCompileShader() successful
2016-08-18 13:57:20:736[Info         ] ShaderProgram::CheckShaderCompileStatus(5) successful.
2016-08-18 13:57:20:736[Debug        ] ShaderProgram::AddShader() : glCompileShader() successful
2016-08-18 13:57:20:736[Info         ] ShaderInfo saved successfully.
2016-08-18 13:57:20:737[Debug        ] ShaderProgram::AddShader() : glAttachShader() successful
2016-08-18 13:57:20:737[Info         ] ShaderProgram::AddShader [5] successful.
2016-08-18 13:57:20:737[Debug        ] File [..\Data\shaders\play.frag.shader] Opened successfully! Buffer Length:[391]
2016-08-18 13:57:20:737[Debug        ] Shader file [..\Data\shaders\play.frag.shader] contents:
//BEGIN
#version 430 core


in  vec4 color;
out vec4 outColor;

void main()
{

	//if (color.r < .7) discard;
	outColor = color;

	//if(((gl_FragCoord.x  > 600)&& (gl_FragCoord.y < 300)) || ((gl_FragCoord.y < 300)  && (gl_FragCoord.x  < 600) )) {
	//discard;
	//}

	//vec2 scrPos = vec2(gl_FragCoord) - vec2(350,150);
	//float len =  length(scrPos);
	//if(len < 50 )discard;
}


//END

2016-08-18 13:57:20:737[Debug        ]  ShaderProgram::AddShader() file with data was read in
2016-08-18 13:57:20:737[Debug        ] ShaderProgram::AddShader() : glShaderSource() successful
2016-08-18 13:57:20:737[Debug        ] ShaderProgram::AddShader() : glCompileShader() successful
2016-08-18 13:57:20:737[Info         ] ShaderProgram::CheckShaderCompileStatus(6) successful.
2016-08-18 13:57:20:737[Debug        ] ShaderProgram::AddShader() : glCompileShader() successful
2016-08-18 13:57:20:737[Info         ] ShaderInfo saved successfully.
2016-08-18 13:57:20:737[Debug        ] ShaderProgram::AddShader() : glAttachShader() successful
2016-08-18 13:57:20:737[Info         ] ShaderProgram::AddShader [6] successful.
2016-08-18 13:57:20:739[Info         ] CheckProgramStatus() successful!
2016-08-18 13:57:20:739[Info         ] CheckProgramStatus() successful!
2016-08-18 13:57:20:739[Info         ] Shader Init started
2016-08-18 13:57:20:739[Info         ] Shader Program created.
2016-08-18 13:57:20:739[Process      ] ShaderProgram::Initialize()[7] successful!
2016-08-18 13:57:20:739[Debug        ] File [..\Data\shaders\texture.vert.shader] Opened successfully! Buffer Length:[305]
2016-08-18 13:57:20:739[Debug        ] Shader file [..\Data\shaders\texture.vert.shader] contents:
//BEGIN
#version 430 core

layout (location = 0)  in vec3 vPosition;
layout (location = 1)  in vec2 vUV;

layout (location = 16) uniform mat4 MAT;

//out data
out vec2 UV;

//out vec4 color;

void main()
{
	vec4 vertPos = vec4(vPosition, 1.0);
	gl_Position = MAT *  vertPos;

	UV = vUV;
	
	
}
//END

2016-08-18 13:57:20:739[Debug        ]  ShaderProgram::AddShader() file with data was read in
2016-08-18 13:57:20:739[Debug        ] ShaderProgram::AddShader() : glShaderSource() successful
2016-08-18 13:57:20:739[Debug        ] ShaderProgram::AddShader() : glCompileShader() successful
2016-08-18 13:57:20:739[Info         ] ShaderProgram::CheckShaderCompileStatus(8) successful.
2016-08-18 13:57:20:739[Debug        ] ShaderProgram::AddShader() : glCompileShader() successful
2016-08-18 13:57:20:739[Info         ] ShaderInfo saved successfully.
2016-08-18 13:57:20:739[Debug        ] ShaderProgram::AddShader() : glAttachShader() successful
2016-08-18 13:57:20:739[Info         ] ShaderProgram::AddShader [8] successful.
2016-08-18 13:57:20:739[Debug        ] File [..\Data\shaders\texture.frag.shader] Opened successfully! Buffer Length:[482]
2016-08-18 13:57:20:739[Debug        ] Shader file [..\Data\shaders\texture.frag.shader] contents:
//BEGIN
#version 430 core


in  vec2 UV;
out vec4 outColor;

layout(location = 20) uniform sampler2D textureSampler;

void main()
{

	//if (color.r < .7) discard;
	outColor = vec4(texture(textureSampler, UV).rgb, 1.0);

	//if(((gl_FragCoord.x  > 600)&& (gl_FragCoord.y < 300)) || ((gl_FragCoord.y < 300)  && (gl_FragCoord.x  < 600) )) {
	//discard;
	//}
	//vec2 scrPos = vec2(gl_FragCoord) - vec2(350,150);
	//float len =  length(scrPos);
	//if(len < 50 )discard;
}


//END

2016-08-18 13:57:20:740[Debug        ]  ShaderProgram::AddShader() file with data was read in
2016-08-18 13:57:20:740[Debug        ] ShaderProgram::AddShader() : glShaderSource() successful
2016-08-18 13:57:20:740[Debug        ] ShaderProgram::AddShader() : glCompileShader() successful
2016-08-18 13:57:20:740[Info         ] ShaderProgram::CheckShaderCompileStatus(9) successful.
2016-08-18 13:57:20:740[Debug        ] ShaderProgram::AddShader() : glCompileShader() successful
2016-08-18 13:57:20:740[Info         ] ShaderInfo saved successfully.
2016-08-18 13:57:20:740[Debug        ] ShaderProgram::AddShader() : glAttachShader() successful
2016-08-18 13:57:20:740[Info         ] ShaderProgram::AddShader [9] successful.
2016-08-18 13:57:20:741[Info         ] CheckProgramStatus() successful!
2016-08-18 13:57:20:741[Info         ] CheckProgramStatus() successful!
2016-08-18 13:57:20:741[Info         ] Shader Init started
2016-08-18 13:57:20:741[Info         ] Shader Program created.
2016-08-18 13:57:20:741[Process      ] ShaderProgram::Initialize()[10] successful!
2016-08-18 13:57:20:741[Debug        ] File [..\Data\shaders\framebuffer.vert.shader] Opened successfully! Buffer Length:[305]
2016-08-18 13:57:20:741[Debug        ] Shader file [..\Data\shaders\framebuffer.vert.shader] contents:
//BEGIN
#version 430 core

layout (location = 0)  in vec3 vPosition;
layout (location = 1)  in vec2 vUV;

layout (location = 16) uniform mat4 MAT;

//out data
out vec2 UV;

//out vec4 color;

void main()
{
	vec4 vertPos = vec4(vPosition, 1.0);
	gl_Position = MAT *  vertPos;

	UV = vUV;
	
	
}
//END

2016-08-18 13:57:20:741[Debug        ]  ShaderProgram::AddShader() file with data was read in
2016-08-18 13:57:20:741[Debug        ] ShaderProgram::AddShader() : glShaderSource() successful
2016-08-18 13:57:20:741[Debug        ] ShaderProgram::AddShader() : glCompileShader() successful
2016-08-18 13:57:20:741[Info         ] ShaderProgram::CheckShaderCompileStatus(11) successful.
2016-08-18 13:57:20:741[Debug        ] ShaderProgram::AddShader() : glCompileShader() successful
2016-08-18 13:57:20:741[Info         ] ShaderInfo saved successfully.
2016-08-18 13:57:20:741[Debug        ] ShaderProgram::AddShader() : glAttachShader() successful
2016-08-18 13:57:20:741[Info         ] ShaderProgram::AddShader [11] successful.
2016-08-18 13:57:20:741[Debug        ] File [..\Data\shaders\framebuffer.frag.shader] Opened successfully! Buffer Length:[275]
2016-08-18 13:57:20:742[Debug        ] Shader file [..\Data\shaders\framebuffer.frag.shader] contents:
//BEGIN
#version 430 core


in  vec2 UV;
out vec4 outColor;

layout(location = 20) uniform sampler2D textureSampler;

void main()
{


	vec3 tempCol = texture(textureSampler, UV).rgb;

	outColor = vec4(tempCol.r / 1.5f, tempCol.g / 1.5f, tempCol.b / 1.5f, 1.0f);
}


//END

2016-08-18 13:57:20:742[Debug        ]  ShaderProgram::AddShader() file with data was read in
2016-08-18 13:57:20:742[Debug        ] ShaderProgram::AddShader() : glShaderSource() successful
2016-08-18 13:57:20:742[Debug        ] ShaderProgram::AddShader() : glCompileShader() successful
2016-08-18 13:57:20:742[Info         ] ShaderProgram::CheckShaderCompileStatus(12) successful.
2016-08-18 13:57:20:742[Debug        ] ShaderProgram::AddShader() : glCompileShader() successful
2016-08-18 13:57:20:742[Info         ] ShaderInfo saved successfully.
2016-08-18 13:57:20:742[Debug        ] ShaderProgram::AddShader() : glAttachShader() successful
2016-08-18 13:57:20:742[Info         ] ShaderProgram::AddShader [12] successful.
2016-08-18 13:57:20:743[Info         ] CheckProgramStatus() successful!
2016-08-18 13:57:20:743[Info         ] CheckProgramStatus() successful!
2016-08-18 13:57:20:743[Info         ] Shader Init started
2016-08-18 13:57:20:743[Info         ] Shader Program created.
2016-08-18 13:57:20:743[Process      ] ShaderProgram::Initialize()[13] successful!
2016-08-18 13:57:20:743[Debug        ] File [..\Data\shaders\lighting.vert.shader] Opened successfully! Buffer Length:[1121]
2016-08-18 13:57:20:743[cDebug       ] Shader file [..\Data\shaders\lighting.vert.shader] is too big to display contents.
2016-08-18 13:57:20:745[Debug        ]  ShaderProgram::AddShader() file with data was read in
2016-08-18 13:57:20:745[Debug        ] ShaderProgram::AddShader() : glShaderSource() successful
2016-08-18 13:57:20:745[Debug        ] ShaderProgram::AddShader() : glCompileShader() successful
2016-08-18 13:57:20:745[Info         ] ShaderProgram::CheckShaderCompileStatus(14) successful.
2016-08-18 13:57:20:745[Debug        ] ShaderProgram::AddShader() : glCompileShader() successful
2016-08-18 13:57:20:745[Info         ] ShaderInfo saved successfully.
2016-08-18 13:57:20:745[Debug        ] ShaderProgram::AddShader() : glAttachShader() successful
2016-08-18 13:57:20:745[Info         ] ShaderProgram::AddShader [14] successful.
2016-08-18 13:57:20:745[Debug        ] File [..\Data\shaders\lighting.frag.shader] Opened successfully! Buffer Length:[1744]
2016-08-18 13:57:20:745[cDebug       ] Shader file [..\Data\shaders\lighting.frag.shader] is too big to display contents.
2016-08-18 13:57:20:747[Debug        ]  ShaderProgram::AddShader() file with data was read in
2016-08-18 13:57:20:747[Debug        ] ShaderProgram::AddShader() : glShaderSource() successful
2016-08-18 13:57:20:748[Debug        ] ShaderProgram::AddShader() : glCompileShader() successful
2016-08-18 13:57:20:748[Info         ] ShaderProgram::CheckShaderCompileStatus(15) successful.
2016-08-18 13:57:20:748[Debug        ] ShaderProgram::AddShader() : glCompileShader() successful
2016-08-18 13:57:20:748[Info         ] ShaderInfo saved successfully.
2016-08-18 13:57:20:748[Debug        ] ShaderProgram::AddShader() : glAttachShader() successful
2016-08-18 13:57:20:748[Info         ] ShaderProgram::AddShader [15] successful.
2016-08-18 13:57:20:751[Info         ] CheckProgramStatus() successful!
2016-08-18 13:57:20:751[Info         ] CheckProgramStatus() successful!
2016-08-18 13:57:20:751[Info         ] Shader Init started
2016-08-18 13:57:20:751[Info         ] Shader Program created.
2016-08-18 13:57:20:751[Process      ] ShaderProgram::Initialize()[16] successful!
2016-08-18 13:57:20:751[Debug        ] File [..\Data\shaders\texlighting.vert.shader] Opened successfully! Buffer Length:[1110]
2016-08-18 13:57:20:751[cDebug       ] Shader file [..\Data\shaders\texlighting.vert.shader] is too big to display contents.
2016-08-18 13:57:20:754[Debug        ]  ShaderProgram::AddShader() file with data was read in
2016-08-18 13:57:20:755[Debug        ] ShaderProgram::AddShader() : glShaderSource() successful
2016-08-18 13:57:20:755[Debug        ] ShaderProgram::AddShader() : glCompileShader() successful
2016-08-18 13:57:20:755[Info         ] ShaderProgram::CheckShaderCompileStatus(17) successful.
2016-08-18 13:57:20:755[Debug        ] ShaderProgram::AddShader() : glCompileShader() successful
2016-08-18 13:57:20:755[Info         ] ShaderInfo saved successfully.
2016-08-18 13:57:20:755[Debug        ] ShaderProgram::AddShader() : glAttachShader() successful
2016-08-18 13:57:20:755[Info         ] ShaderProgram::AddShader [17] successful.
2016-08-18 13:57:20:755[Debug        ] File [..\Data\shaders\texlighting.frag.shader] Opened successfully! Buffer Length:[1717]
2016-08-18 13:57:20:755[cDebug       ] Shader file [..\Data\shaders\texlighting.frag.shader] is too big to display contents.
2016-08-18 13:57:20:756[Debug        ]  ShaderProgram::AddShader() file with data was read in
2016-08-18 13:57:20:756[Debug        ] ShaderProgram::AddShader() : glShaderSource() successful
2016-08-18 13:57:20:757[Debug        ] ShaderProgram::AddShader() : glCompileShader() successful
2016-08-18 13:57:20:757[Info         ] ShaderProgram::CheckShaderCompileStatus(18) successful.
2016-08-18 13:57:20:757[Debug        ] ShaderProgram::AddShader() : glCompileShader() successful
2016-08-18 13:57:20:757[Info         ] ShaderInfo saved successfully.
2016-08-18 13:57:20:757[Debug        ] ShaderProgram::AddShader() : glAttachShader() successful
2016-08-18 13:57:20:757[Info         ] ShaderProgram::AddShader [18] successful.
2016-08-18 13:57:20:759[Info         ] CheckProgramStatus() successful!
2016-08-18 13:57:20:759[Info         ] CheckProgramStatus() successful!
2016-08-18 13:57:20:760[Info         ] Shader Init started
2016-08-18 13:57:20:760[Info         ] Shader Program created.
2016-08-18 13:57:20:760[Process      ] ShaderProgram::Initialize()[19] successful!
2016-08-18 13:57:20:760[Debug        ] File [..\Data\shaders\water.vert.shader] Opened successfully! Buffer Length:[1400]
2016-08-18 13:57:20:760[cDebug       ] Shader file [..\Data\shaders\water.vert.shader] is too big to display contents.
2016-08-18 13:57:20:761[Debug        ]  ShaderProgram::AddShader() file with data was read in
2016-08-18 13:57:20:761[Debug        ] ShaderProgram::AddShader() : glShaderSource() successful
2016-08-18 13:57:20:761[Debug        ] ShaderProgram::AddShader() : glCompileShader() successful
2016-08-18 13:57:20:761[Info         ] ShaderProgram::CheckShaderCompileStatus(20) successful.
2016-08-18 13:57:20:761[Debug        ] ShaderProgram::AddShader() : glCompileShader() successful
2016-08-18 13:57:20:761[Info         ] ShaderInfo saved successfully.
2016-08-18 13:57:20:761[Debug        ] ShaderProgram::AddShader() : glAttachShader() successful
2016-08-18 13:57:20:761[Info         ] ShaderProgram::AddShader [20] successful.
2016-08-18 13:57:20:761[Debug        ] File [..\Data\shaders\water.frag.shader] Opened successfully! Buffer Length:[2436]
2016-08-18 13:57:20:761[cDebug       ] Shader file [..\Data\shaders\water.frag.shader] is too big to display contents.
2016-08-18 13:57:20:762[Debug        ]  ShaderProgram::AddShader() file with data was read in
2016-08-18 13:57:20:762[Debug        ] ShaderProgram::AddShader() : glShaderSource() successful
2016-08-18 13:57:20:762[Debug        ] ShaderProgram::AddShader() : glCompileShader() successful
2016-08-18 13:57:20:762[Info         ] ShaderProgram::CheckShaderCompileStatus(21) successful.
2016-08-18 13:57:20:762[Debug        ] ShaderProgram::AddShader() : glCompileShader() successful
2016-08-18 13:57:20:762[Info         ] ShaderInfo saved successfully.
2016-08-18 13:57:20:762[Debug        ] ShaderProgram::AddShader() : glAttachShader() successful
2016-08-18 13:57:20:762[Info         ] ShaderProgram::AddShader [21] successful.
2016-08-18 13:57:20:765[Info         ] CheckProgramStatus() successful!
2016-08-18 13:57:20:765[Info         ] CheckProgramStatus() successful!
2016-08-18 13:57:20:765[Info         ] GetAttribLocation [vPosition] successful.
2016-08-18 13:57:20:765[Info         ] GetUniformLocation [colorin] successful.
2016-08-18 13:57:20:765[Info         ] GetUniformLocation [MAT] successful.
2016-08-18 13:57:20:765[cProcess     ] RenderEngine::Initialize() successful.
2016-08-18 13:57:20:766[cInfo        ] 
-----------------------------------------------------------------------
 BufferInfo::CreateBuffers()[0] Created buffers:| VERTEX [1] with [80] bytes. || INDEX [2] with [24] bytes |
-----------------------------------------------------------------------

2016-08-18 13:57:20:772[cInfo        ] --------BufferInfo::AddMesh() Added mesh successfully-------
2016-08-18 13:57:20:774[cInfo        ] 
2016-08-18 13:57:20:774[cInfo        ] --------------------| START BUFFER MESH INFO |-------------------------------------
2016-08-18 13:57:20:775[cInfo        ] BufferInfo::AddMesh(): NUM VERTS-----------------[4]
2016-08-18 13:57:20:776[cInfo        ] BufferInfo::AddMesh(): NUM INDICES---------------[6]
2016-08-18 13:57:20:777[cInfo        ] BufferInfo::AddMesh(): VERT OFFSET---------------[0]
2016-08-18 13:57:20:778[cInfo        ] BufferInfo::AddMesh(): INDICES OFFSET (BYTES)----[0]
2016-08-18 13:57:20:779[cInfo        ] --------------------|  END BUFFER MESH INFO  |--------------------------------------
2016-08-18 13:57:20:781[cInfo        ] 

2016-08-18 13:57:20:782[cInfo        ] 
-----------------------------------------------------------------------
 BufferInfo::CreateBuffers()[0] Created buffers:| VERTEX [3] with [96] bytes. || INDEX [4] with [48] bytes |
-----------------------------------------------------------------------

2016-08-18 13:57:20:789[cInfo        ] --------BufferInfo::AddMesh() Added mesh successfully-------
2016-08-18 13:57:20:790[cInfo        ] 
2016-08-18 13:57:20:791[cInfo        ] --------------------| START BUFFER MESH INFO |-------------------------------------
2016-08-18 13:57:20:793[cInfo        ] BufferInfo::AddMesh(): NUM VERTS-----------------[8]
2016-08-18 13:57:20:795[cInfo        ] BufferInfo::AddMesh(): NUM INDICES---------------[24]
2016-08-18 13:57:20:796[cInfo        ] BufferInfo::AddMesh(): VERT OFFSET---------------[0]
2016-08-18 13:57:20:797[cInfo        ] BufferInfo::AddMesh(): INDICES OFFSET (BYTES)----[0]
2016-08-18 13:57:20:798[cInfo        ] --------------------|  END BUFFER MESH INFO  |--------------------------------------
2016-08-18 13:57:20:800[cInfo        ] 

2016-08-18 13:57:20:802[cInfo        ] 
-----------------------------------------------------------------------
 BufferInfo::CreateBuffers()[0] Created buffers:| VERTEX [5] with [864] bytes. || INDEX [6] with [0] bytes |
-----------------------------------------------------------------------

2016-08-18 13:57:20:808[cInfo        ] --------BufferInfo::AddMesh() Added mesh successfully-------
2016-08-18 13:57:20:809[cInfo        ] 
2016-08-18 13:57:20:810[cInfo        ] --------------------| START BUFFER MESH INFO |-------------------------------------
2016-08-18 13:57:20:811[cInfo        ] BufferInfo::AddMesh(): NUM VERTS-----------------[36]
2016-08-18 13:57:20:811[cInfo        ] BufferInfo::AddMesh(): NUM INDICES---------------[0]
2016-08-18 13:57:20:812[cInfo        ] BufferInfo::AddMesh(): VERT OFFSET---------------[0]
2016-08-18 13:57:20:813[cInfo        ] BufferInfo::AddMesh(): INDICES OFFSET (BYTES)----[0]
2016-08-18 13:57:20:815[cInfo        ] --------------------|  END BUFFER MESH INFO  |--------------------------------------
2016-08-18 13:57:20:816[cInfo        ] 

2016-08-18 13:57:20:817[cInfo        ] 
-----------------------------------------------------------------------
 BufferInfo::CreateBuffers()[0] Created buffers:| VERTEX [7] with [144] bytes. || INDEX [8] with [0] bytes |
-----------------------------------------------------------------------

2016-08-18 13:57:20:821[cInfo        ] --------BufferInfo::AddMesh() Added mesh successfully-------
2016-08-18 13:57:20:822[cInfo        ] 
2016-08-18 13:57:20:823[cInfo        ] --------------------| START BUFFER MESH INFO |-------------------------------------
2016-08-18 13:57:20:825[cInfo        ] BufferInfo::AddMesh(): NUM VERTS-----------------[6]
2016-08-18 13:57:20:826[cInfo        ] BufferInfo::AddMesh(): NUM INDICES---------------[0]
2016-08-18 13:57:20:827[cInfo        ] BufferInfo::AddMesh(): VERT OFFSET---------------[0]
2016-08-18 13:57:20:828[cInfo        ] BufferInfo::AddMesh(): INDICES OFFSET (BYTES)----[0]
2016-08-18 13:57:20:830[cInfo        ] --------------------|  END BUFFER MESH INFO  |--------------------------------------
2016-08-18 13:57:20:831[cInfo        ] 

2016-08-18 13:57:20:831[cProcess     ] BufferManager::Initialize() successful.
2016-08-18 13:57:20:832[cInfo        ] 
-----------------------------------------------------------------------
 BufferInfo::CreateBuffers()[0] Created buffers:| VERTEX [9] with [1000000] bytes. || INDEX [10] with [1000000] bytes |
-----------------------------------------------------------------------

2016-08-18 13:57:20:838[cInfo        ] --------BufferInfo::AddMesh() Added mesh successfully-------
2016-08-18 13:57:20:839[cInfo        ] 
2016-08-18 13:57:20:839[cInfo        ] --------------------| START BUFFER MESH INFO |-------------------------------------
2016-08-18 13:57:20:840[cInfo        ] BufferInfo::AddMesh(): NUM VERTS-----------------[24]
2016-08-18 13:57:20:841[cInfo        ] BufferInfo::AddMesh(): NUM INDICES---------------[36]
2016-08-18 13:57:20:842[cInfo        ] BufferInfo::AddMesh(): VERT OFFSET---------------[0]
2016-08-18 13:57:20:842[cInfo        ] BufferInfo::AddMesh(): INDICES OFFSET (BYTES)----[0]
2016-08-18 13:57:20:843[cInfo        ] --------------------|  END BUFFER MESH INFO  |--------------------------------------
2016-08-18 13:57:20:846[cInfo        ] 

2016-08-18 13:57:20:847[cProcess     ] BufferManager::Initialize() successful.
2016-08-18 13:57:20:848[cInfo        ] 
-----------------------------------------------------------------------
 BufferInfo::CreateBuffers()[1] Created buffers:| VERTEX [11] with [1000000] bytes. || INDEX [12] with [1000000] bytes |
-----------------------------------------------------------------------

2016-08-18 13:57:20:852[cInfo        ] --------BufferInfo::AddMesh() Added mesh successfully-------
2016-08-18 13:57:20:853[cInfo        ] 
2016-08-18 13:57:20:853[cInfo        ] --------------------| START BUFFER MESH INFO |-------------------------------------
2016-08-18 13:57:20:856[cInfo        ] BufferInfo::AddMesh(): NUM VERTS-----------------[1536]
2016-08-18 13:57:20:857[cInfo        ] BufferInfo::AddMesh(): NUM INDICES---------------[3072]
2016-08-18 13:57:20:858[cInfo        ] BufferInfo::AddMesh(): VERT OFFSET---------------[0]
2016-08-18 13:57:20:859[cInfo        ] BufferInfo::AddMesh(): INDICES OFFSET (BYTES)----[0]
2016-08-18 13:57:20:860[cInfo        ] --------------------|  END BUFFER MESH INFO  |--------------------------------------
2016-08-18 13:57:20:861[cInfo        ] 

2016-08-18 13:57:20:862[cInfo        ] 
-----------------------------------------------------------------------
 BufferInfo::CreateBuffers()[0] Created buffers:| VERTEX [13] with [3936] bytes. || INDEX [14] with [0] bytes |
-----------------------------------------------------------------------

2016-08-18 13:57:20:866[cInfo        ] --------BufferInfo::AddMesh() Added mesh successfully-------
2016-08-18 13:57:20:867[cInfo        ] 
2016-08-18 13:57:20:868[cInfo        ] --------------------| START BUFFER MESH INFO |-------------------------------------
2016-08-18 13:57:20:869[cInfo        ] BufferInfo::AddMesh(): NUM VERTS-----------------[164]
2016-08-18 13:57:20:870[cInfo        ] BufferInfo::AddMesh(): NUM INDICES---------------[0]
2016-08-18 13:57:20:871[cInfo        ] BufferInfo::AddMesh(): VERT OFFSET---------------[0]
2016-08-18 13:57:20:872[cInfo        ] BufferInfo::AddMesh(): INDICES OFFSET (BYTES)----[0]
2016-08-18 13:57:20:873[cInfo        ] --------------------|  END BUFFER MESH INFO  |--------------------------------------
2016-08-18 13:57:20:876[cInfo        ] 

2016-08-18 13:57:20:877[cProcess     ] ShapeGenerator initialized successfully.
2016-08-18 13:57:20:877[cProcess     ] Camera::Initialize() successful.
2016-08-18 13:57:20:878[cProcess     ] Keyboard::Initialize() successful
2016-08-18 13:57:20:879[cProcess     ] Keyboard::Initialize() successful
2016-08-18 13:57:20:894[cInfo        ] 
-----------------------------------------------------------------------
 BufferInfo::CreateBuffers()[0] Created buffers:| VERTEX [15] with [10810368] bytes. || INDEX [16] with [0] bytes |
-----------------------------------------------------------------------

2016-08-18 13:57:20:911[cInfo        ] --------BufferInfo::AddMesh() Added mesh successfully-------
2016-08-18 13:57:20:912[cInfo        ] 
2016-08-18 13:57:20:913[cInfo        ] --------------------| START BUFFER MESH INFO |-------------------------------------
2016-08-18 13:57:20:916[cInfo        ] BufferInfo::AddMesh(): NUM VERTS-----------------[337824]
2016-08-18 13:57:20:917[cInfo        ] BufferInfo::AddMesh(): NUM INDICES---------------[0]
2016-08-18 13:57:20:919[cInfo        ] BufferInfo::AddMesh(): VERT OFFSET---------------[0]
2016-08-18 13:57:20:920[cInfo        ] BufferInfo::AddMesh(): INDICES OFFSET (BYTES)----[0]
2016-08-18 13:57:20:921[cInfo        ] --------------------|  END BUFFER MESH INFO  |--------------------------------------
2016-08-18 13:57:20:922[cInfo        ] 

2016-08-18 13:57:20:946[Info         ] ShapeGenerator::ReadSceneFile(): Added new scene [..\Data\Scenes\Dargon.ptn.scene] successfully.
2016-08-18 13:57:20:946[cInfo        ] EntityManager::BuildPlayerEntity(): Built [Dargon] successfully
2016-08-18 13:57:20:948[cProcess     ] BufferManager::Initialize() successful.
2016-08-18 13:57:20:953[cInfo        ] 
-----------------------------------------------------------------------
 BufferInfo::CreateBuffers()[2] Created buffers:| VERTEX [17] with [1000000] bytes. || INDEX [18] with [1000000] bytes |
-----------------------------------------------------------------------

2016-08-18 13:57:20:960[cInfo        ] --------BufferInfo::AddMesh() Added mesh successfully-------
2016-08-18 13:57:20:962[cInfo        ] 
2016-08-18 13:57:20:962[cInfo        ] --------------------| START BUFFER MESH INFO |-------------------------------------
2016-08-18 13:57:20:964[cInfo        ] BufferInfo::AddMesh(): NUM VERTS-----------------[36]
2016-08-18 13:57:20:965[cInfo        ] BufferInfo::AddMesh(): NUM INDICES---------------[0]
2016-08-18 13:57:20:966[cInfo        ] BufferInfo::AddMesh(): VERT OFFSET---------------[0]
2016-08-18 13:57:20:967[cInfo        ] BufferInfo::AddMesh(): INDICES OFFSET (BYTES)----[0]
2016-08-18 13:57:20:969[cInfo        ] --------------------|  END BUFFER MESH INFO  |--------------------------------------
2016-08-18 13:57:20:970[cInfo        ] 

2016-08-18 13:57:20:971[Info         ] ShapeGenerator::ReadSceneFile(): Added new scene [..\Data\Scenes\Cube.pn.scene] successfully.
2016-08-18 13:57:20:971[cInfo        ] --------BufferInfo::AddMesh() Added mesh successfully-------
2016-08-18 13:57:20:972[cInfo        ] 
2016-08-18 13:57:20:972[cInfo        ] --------------------| START BUFFER MESH INFO |-------------------------------------
2016-08-18 13:57:20:973[cInfo        ] BufferInfo::AddMesh(): NUM VERTS-----------------[18]
2016-08-18 13:57:20:974[cInfo        ] BufferInfo::AddMesh(): NUM INDICES---------------[0]
2016-08-18 13:57:20:976[cInfo        ] BufferInfo::AddMesh(): VERT OFFSET---------------[36]
2016-08-18 13:57:20:977[cInfo        ] BufferInfo::AddMesh(): INDICES OFFSET (BYTES)----[0]
2016-08-18 13:57:20:978[cInfo        ] --------------------|  END BUFFER MESH INFO  |--------------------------------------
2016-08-18 13:57:20:979[cInfo        ] 

2016-08-18 13:57:20:980[Info         ] ShapeGenerator::ReadSceneFile(): Added new scene [..\Data\Scenes\Pyramid.pn.scene] successfully.
2016-08-18 13:57:20:987[cInfo        ] 
-----------------------------------------------------------------------
 BufferInfo::CreateBuffers()[0] Created buffers:| VERTEX [19] with [5529600] bytes. || INDEX [20] with [0] bytes |
-----------------------------------------------------------------------

2016-08-18 13:57:20:999[cInfo        ] --------BufferInfo::AddMesh() Added mesh successfully-------
2016-08-18 13:57:21:001[cInfo        ] 
2016-08-18 13:57:21:001[cInfo        ] --------------------| START BUFFER MESH INFO |-------------------------------------
2016-08-18 13:57:21:003[cInfo        ] BufferInfo::AddMesh(): NUM VERTS-----------------[172800]
2016-08-18 13:57:21:004[cInfo        ] BufferInfo::AddMesh(): NUM INDICES---------------[0]
2016-08-18 13:57:21:006[cInfo        ] BufferInfo::AddMesh(): VERT OFFSET---------------[0]
2016-08-18 13:57:21:007[cInfo        ] BufferInfo::AddMesh(): INDICES OFFSET (BYTES)----[0]
2016-08-18 13:57:21:008[cInfo        ] --------------------|  END BUFFER MESH INFO  |--------------------------------------
2016-08-18 13:57:21:009[cInfo        ] 

2016-08-18 13:57:21:010[Info         ] ShapeGenerator::ReadSceneFile(): Added new scene [..\Data\Scenes\WaterPlane.ptn.scene] successfully.
2016-08-18 13:57:21:011[cProcess     ] Camera::Initialize() successful.
2016-08-18 13:57:21:022[cProcess     ] BufferManager::Initialize() successful.
2016-08-18 13:57:21:023[cInfo        ] 
-----------------------------------------------------------------------
 BufferInfo::CreateBuffers()[3] Created buffers:| VERTEX [21] with [8107776] bytes. || INDEX [22] with [0] bytes |
-----------------------------------------------------------------------

2016-08-18 13:57:21:043[cInfo        ] --------BufferInfo::AddMesh() Added mesh successfully-------
2016-08-18 13:57:21:044[cInfo        ] 
2016-08-18 13:57:21:045[cInfo        ] --------------------| START BUFFER MESH INFO |-------------------------------------
2016-08-18 13:57:21:047[cInfo        ] BufferInfo::AddMesh(): NUM VERTS-----------------[337824]
2016-08-18 13:57:21:048[cInfo        ] BufferInfo::AddMesh(): NUM INDICES---------------[0]
2016-08-18 13:57:21:049[cInfo        ] BufferInfo::AddMesh(): VERT OFFSET---------------[0]
2016-08-18 13:57:21:051[cInfo        ] BufferInfo::AddMesh(): INDICES OFFSET (BYTES)----[0]
2016-08-18 13:57:21:052[cInfo        ] --------------------|  END BUFFER MESH INFO  |--------------------------------------
2016-08-18 13:57:21:055[cInfo        ] 

2016-08-18 13:57:21:056[Info         ] ShapeGenerator::ReadSceneFile(): Added new scene [..\Data\Scenes\Dargon.pn.scene] successfully.
2016-08-18 13:57:21:056[cProcess     ] BufferManager::Initialize() successful.
2016-08-18 13:57:21:057[cInfo        ] 
-----------------------------------------------------------------------
 BufferInfo::CreateBuffers()[4] Created buffers:| VERTEX [23] with [1000000] bytes. || INDEX [24] with [1000000] bytes |
-----------------------------------------------------------------------

2016-08-18 13:57:21:063[cInfo        ] --------BufferInfo::AddMesh() Added mesh successfully-------
2016-08-18 13:57:21:065[cInfo        ] 
2016-08-18 13:57:21:066[cInfo        ] --------------------| START BUFFER MESH INFO |-------------------------------------
2016-08-18 13:57:21:067[cInfo        ] BufferInfo::AddMesh(): NUM VERTS-----------------[6]
2016-08-18 13:57:21:068[cInfo        ] BufferInfo::AddMesh(): NUM INDICES---------------[0]
2016-08-18 13:57:21:069[cInfo        ] BufferInfo::AddMesh(): VERT OFFSET---------------[0]
2016-08-18 13:57:21:070[cInfo        ] BufferInfo::AddMesh(): INDICES OFFSET (BYTES)----[0]
2016-08-18 13:57:21:071[cInfo        ] --------------------|  END BUFFER MESH INFO  |--------------------------------------
2016-08-18 13:57:21:072[cInfo        ] 

2016-08-18 13:57:21:073[cProcess     ] BodaciousQuest::Initialize() successful.
2016-08-18 13:57:21:074[Process      ] GameTime::Initialize() ok

2016-08-18 13:57:21:075[cProcess     ] MyWindow::Initialize() successful!
2016-08-18 13:57:29:929[cProcess     ] BufferManager::Shutdown() successful.
2016-08-18 13:57:29:931[cProcess     ] RenderEngine::Shutdown() successful.
2016-08-18 13:57:29:933[cProcess     ] Camera::Shutdown() successful.
2016-08-18 13:57:29:934[Info         ] Shader  [2] deleting...
2016-08-18 13:57:29:935[Info         ] Shader  [2] deleted successfully.
2016-08-18 13:57:29:935[Info         ] Shader  [3] deleting...
2016-08-18 13:57:29:935[Info         ] Shader  [3] deleted successfully.
2016-08-18 13:57:29:935[Info         ] All shaders deleted successfully.
2016-08-18 13:57:29:935[cInfo        ] Program [1] deleted successfully.
2016-08-18 13:57:29:935[Process      ] ShaderProgram[1]::Shutdown successful!
2016-08-18 13:57:29:936[Info         ] Shader  [5] deleting...
2016-08-18 13:57:29:936[Info         ] Shader  [5] deleted successfully.
2016-08-18 13:57:29:936[Info         ] Shader  [6] deleting...
2016-08-18 13:57:29:936[Info         ] Shader  [6] deleted successfully.
2016-08-18 13:57:29:936[Info         ] All shaders deleted successfully.
2016-08-18 13:57:29:936[cInfo        ] Program [4] deleted successfully.
2016-08-18 13:57:29:937[Process      ] ShaderProgram[4]::Shutdown successful!
2016-08-18 13:57:29:937[Info         ] Shader  [8] deleting...
2016-08-18 13:57:29:937[Info         ] Shader  [8] deleted successfully.
2016-08-18 13:57:29:937[Info         ] Shader  [9] deleting...
2016-08-18 13:57:29:937[Info         ] Shader  [9] deleted successfully.
2016-08-18 13:57:29:937[Info         ] All shaders deleted successfully.
2016-08-18 13:57:29:937[cInfo        ] Program [7] deleted successfully.
2016-08-18 13:57:29:938[Process      ] ShaderProgram[7]::Shutdown successful!
2016-08-18 13:57:29:938[Info         ] Shader  [11] deleting...
2016-08-18 13:57:29:938[Info         ] Shader  [11] deleted successfully.
2016-08-18 13:57:29:938[Info         ] Shader  [12] deleting...
2016-08-18 13:57:29:938[Info         ] Shader  [12] deleted successfully.
2016-08-18 13:57:29:938[Info         ] All shaders deleted successfully.
2016-08-18 13:57:29:938[cInfo        ] Program [10] deleted successfully.
2016-08-18 13:57:29:941[Process      ] ShaderProgram[10]::Shutdown successful!
2016-08-18 13:57:29:941[Info         ] Shader  [14] deleting...
2016-08-18 13:57:29:941[Info         ] Shader  [14] deleted successfully.
2016-08-18 13:57:29:941[Info         ] Shader  [15] deleting...
2016-08-18 13:57:29:941[Info         ] Shader  [15] deleted successfully.
2016-08-18 13:57:29:942[Info         ] All shaders deleted successfully.
2016-08-18 13:57:29:942[cInfo        ] Program [13] deleted successfully.
2016-08-18 13:57:29:942[Process      ] ShaderProgram[13]::Shutdown successful!
2016-08-18 13:57:29:943[Info         ] Shader  [17] deleting...
2016-08-18 13:57:29:943[Info         ] Shader  [17] deleted successfully.
2016-08-18 13:57:29:943[Info         ] Shader  [18] deleting...
2016-08-18 13:57:29:943[Info         ] Shader  [18] deleted successfully.
2016-08-18 13:57:29:943[Info         ] All shaders deleted successfully.
2016-08-18 13:57:29:943[cInfo        ] Program [16] deleted successfully.
2016-08-18 13:57:29:944[Process      ] ShaderProgram[16]::Shutdown successful!
2016-08-18 13:57:29:944[Info         ] Shader  [20] deleting...
2016-08-18 13:57:29:944[Info         ] Shader  [20] deleted successfully.
2016-08-18 13:57:29:944[Info         ] Shader  [21] deleting...
2016-08-18 13:57:29:944[Info         ] Shader  [21] deleted successfully.
2016-08-18 13:57:29:944[Info         ] All shaders deleted successfully.
2016-08-18 13:57:29:944[cInfo        ] Program [19] deleted successfully.
2016-08-18 13:57:29:945[Process      ] ShaderProgram[19]::Shutdown successful!
2016-08-18 13:57:29:945[cProcess     ] MyWindow::Shutdown() successful!
2016-08-18 13:57:29:946[cProcess     ] BodaciousQuest::Shutdown() successful.
2016-08-18 13:57:29:955[Process      ] ConfigReader shut down successfully
2016-08-18 13:57:29:955[Process      ] GameLogger::ShutDown() successful
