2016-08-18 13:48:38:620[Process      ] GameLogger::Initialize() opened log file [..\Data\LogFiles\2016-08-18 13-48-38.BodaciousQuest.log] for writing
2016-08-18 13:48:38:620[Info         ] GameLogger::Initialize() successful
2016-08-18 13:48:38:620[Process      ] ConfigReader opened [..\Data\BodaciousQuest.config] successfully
2016-08-18 13:48:38:620[Info         ] ConfigReader initialized successfully
2016-08-18 13:48:38:620[Info         ] Valid KVP [BodaciousQuest.ShowFullScreen] [false] added
2016-08-18 13:48:38:620[Info         ] Valid KVP [BodaciousQuest.FpsInterval] [5.0] added
2016-08-18 13:48:38:621[Info         ] Valid KVP [BodaciousQuest.EnableControls] [true] added
2016-08-18 13:48:38:621[Info         ] Valid KVP [BodaciousQuest.LoadCubeFirst] [true] added
2016-08-18 13:48:38:621[Info         ] Valid KVP [BodaciousQuest.CameraWalkMode] [false] added
2016-08-18 13:48:38:621[Info         ] Valid KVP [BodaciousQuest.GridSize] [40] added
2016-08-18 13:48:38:621[Info         ] Valid KVP [BodaciousQuest.LightingTest.Ambient.Color] [1.0  1.0  1.0] added
2016-08-18 13:48:38:621[Info         ] Valid KVP [BodaciousQuest.LightingTest.Diffuse.Color] [1.0  1.0  1.0] added
2016-08-18 13:48:38:621[Info         ] Valid KVP [BodaciousQuest.LightingTest.Specular.Color] [1.0  1.0  1.0] added
2016-08-18 13:48:38:621[Info         ] Valid KVP [BodaciousQuest.LightingTest.Ambient.Reflectivity] [0.01] added
2016-08-18 13:48:38:621[Info         ] Valid KVP [BodaciousQuest.LightingTest.Diffuse.Reflectivity] [0.6] added
2016-08-18 13:48:38:621[Info         ] Valid KVP [BodaciousQuest.LightingTest.Specular.Reflectivity] [0.0] added
2016-08-18 13:48:38:621[Info         ] Valid KVP [BodaciousQuest.LightingTest.Specular.Shininess] [1.0] added
2016-08-18 13:48:38:621[Info         ] Valid KVP [BodaciousQuest.LightingTest.Falloff.A] [1.0] added
2016-08-18 13:48:38:621[Info         ] Valid KVP [BodaciousQuest.LightingTest.Falloff.B] [0.01] added
2016-08-18 13:48:38:621[Info         ] Valid KVP [BodaciousQuest.LightingTest.Falloff.C] [0.1] added
2016-08-18 13:48:38:621[Info         ] Valid KVP [BodaciousQuest.LightingTest.Directional] [false] added
2016-08-18 13:48:38:621[Info         ] Valid KVP [BodaciousQuest.LightingTest.Direction] [-1.0 0.0 1.0] added
2016-08-18 13:48:38:621[Info         ] Valid KVP [BodaciousQuest.LightingTest.Light.Position] [-0.875458 3.673020 1.043331] added
2016-08-18 13:48:38:621[Info         ] Valid KVP [BodaciousQuest.LightingTest.Dargon.Color] [1.0 1.0 0.4] added
2016-08-18 13:48:38:621[Info         ] Valid KVP [ObjConverter.Mode.VertexType] [p] added
2016-08-18 13:48:38:621[Info         ] Valid KVP [ObjConverter.Mode.Analyze] [false] added
2016-08-18 13:48:38:621[Info         ] Valid KVP [ObjConverter.Model] [AIWorld] added
2016-08-18 13:48:38:621[Info         ] Valid KVP [ObjConverter.Shader] [0] added
2016-08-18 13:48:38:621[Info         ] Valid KVP [ObjConverter.Color] [random] added
2016-08-18 13:48:38:621[Info         ] Valid KVP [ObjConverter.Obj.InputFileFolder] [..\\Data\\Objs\\] added
2016-08-18 13:48:38:621[Info         ] Valid KVP [ObjConverter.Scene.OutputFileFolder] [..\\Data\\Scenes\\] added
2016-08-18 13:48:38:621[Info         ] Valid KVP [ObjConverter.Model.Dargon.NumVerts] [57967] added
2016-08-18 13:48:38:621[Info         ] Valid KVP [ObjConverter.Model.Dargon.NumIndices] [337824] added
2016-08-18 13:48:38:621[Info         ] Valid KVP [ObjConverter.Model.Dargon.NumTexCoords] [60175] added
2016-08-18 13:48:38:621[Info         ] Valid KVP [ObjConverter.Model.Dargon.NumNormals] [337824] added
2016-08-18 13:48:38:621[Info         ] Valid KVP [ObjConverter.Model.Swamp.NumVerts] [2735] added
2016-08-18 13:48:38:621[Info         ] Valid KVP [ObjConverter.Model.Swamp.NumIndices] [8556] added
2016-08-18 13:48:38:621[Info         ] Valid KVP [ObjConverter.Model.Swamp.NumTexCoords] [3622] added
2016-08-18 13:48:38:621[Info         ] Valid KVP [ObjConverter.Model.Swamp.NumNormals] [5156] added
2016-08-18 13:48:38:621[Info         ] Valid KVP [ObjConverter.Model.Pyramid.NumVerts] [5] added
2016-08-18 13:48:38:621[Info         ] Valid KVP [ObjConverter.Model.Pyramid.NumIndices] [18] added
2016-08-18 13:48:38:621[Info         ] Valid KVP [ObjConverter.Model.Pyramid.NumTexCoords] [10] added
2016-08-18 13:48:38:621[Info         ] Valid KVP [ObjConverter.Model.Pyramid.NumNormals] [16] added
2016-08-18 13:48:38:621[Info         ] Valid KVP [ObjConverter.Model.AIWorld.NumVerts] [1957] added
2016-08-18 13:48:38:621[Info         ] Valid KVP [ObjConverter.Model.AIWorld.NumIndices] [8718] added
2016-08-18 13:48:38:621[Info         ] Valid KVP [ObjConverter.Model.AIWorld.NumTexCoords] [4186] added
2016-08-18 13:48:38:621[Info         ] Valid KVP [ObjConverter.Model.AIWorld.NumNormals] [5418] added
2016-08-18 13:48:38:621[Info         ] Valid KVP [ObjConverter.Model.GameWeapon.NumVerts] [2068] added
2016-08-18 13:48:38:621[Info         ] Valid KVP [ObjConverter.Model.GameWeapon.NumIndices] [9894] added
2016-08-18 13:48:38:621[Info         ] Valid KVP [ObjConverter.Model.GameWeapon.NumTexCoords] [0] added
2016-08-18 13:48:38:621[Info         ] Valid KVP [ObjConverter.Model.GameWeapon.NumNormals] [0] added
2016-08-18 13:48:38:622[Info         ] Valid KVP [ObjConverter.Model.Chicken.NumVerts] [224] added
2016-08-18 13:48:38:622[Info         ] Valid KVP [ObjConverter.Model.Chicken.NumIndices] [1374] added
2016-08-18 13:48:38:622[Info         ] Valid KVP [ObjConverter.Model.Chicken.NumTexCoords] [472] added
2016-08-18 13:48:38:622[Info         ] Valid KVP [ObjConverter.Model.Chicken.NumNormals] [565] added
2016-08-18 13:48:38:622[Info         ] Valid KVP [ObjConverter.Model.WaterPlane.NumVerts] [29282] added
2016-08-18 13:48:38:622[Info         ] Valid KVP [ObjConverter.Model.WaterPlane.NumIndices] [172800] added
2016-08-18 13:48:38:622[Info         ] Valid KVP [ObjConverter.Model.WaterPlane.NumTexCoords] [29282] added
2016-08-18 13:48:38:622[Info         ] Valid KVP [ObjConverter.Model.WaterPlane.NumNormals] [172800] added
2016-08-18 13:48:38:622[Info         ] Valid KVP [ObjConverter.Model.Cube.NumVerts] [8] added
2016-08-18 13:48:38:622[Info         ] Valid KVP [ObjConverter.Model.Cube.NumIndices] [36] added
2016-08-18 13:48:38:622[Info         ] Valid KVP [ObjConverter.Model.Cube.NumTexCoords] [14] added
2016-08-18 13:48:38:622[Info         ] Valid KVP [ObjConverter.Model.Cube.NumNormals] [24] added
2016-08-18 13:48:38:622[Info         ] Valid KVP [ObjConverter.Model.Barrel.NumVerts] [172] added
2016-08-18 13:48:38:622[Info         ] Valid KVP [ObjConverter.Model.Barrel.NumIndices] [1008] added
2016-08-18 13:48:38:622[Info         ] Valid KVP [ObjConverter.Model.Barrel.NumTexCoords] [328] added
2016-08-18 13:48:38:622[Info         ] Valid KVP [ObjConverter.Model.Barrel.NumNormals] [204] added
2016-08-18 13:48:38:622[Info         ] Valid KVP [ObjConverter.Model.SkyBox.NumVerts] [8] added
2016-08-18 13:48:38:622[Info         ] Valid KVP [ObjConverter.Model.SkyBox.NumIndices] [36] added
2016-08-18 13:48:38:622[Info         ] Valid KVP [ObjConverter.Model.SkyBox.NumTexCoords] [18] added
2016-08-18 13:48:38:622[Info         ] Valid KVP [ObjConverter.Model.SkyBox.NumNormals] [24] added
2016-08-18 13:48:38:693[cInfo        ] Config reader opened [..\Data\BodaciousQuest.config] for reading!
2016-08-18 13:48:38:749[Process      ] ShaderManager Initialized successfully
2016-08-18 13:48:38:749[Info         ] Shader Init started
2016-08-18 13:48:38:749[Info         ] Shader Program created.
2016-08-18 13:48:38:749[Process      ] ShaderProgram::Initialize()[1] successful!
2016-08-18 13:48:38:749[Debug        ] File [..\Data\shaders\debug.vert.shader] Opened successfully! Buffer Length:[291]
2016-08-18 13:48:38:749[Debug        ] Shader file [..\Data\shaders\debug.vert.shader] contents:
//BEGIN
#version 430 core

layout(location = 0)  in vec3 vPosition;

layout(location = 15) uniform vec3 colorin;
layout(location = 16) uniform mat4 MAT;

out vec4 color;

void main()
{
	vec4 vertPos = vec4(vPosition, 1.0);
	gl_Position = MAT *  vertPos;
	color = vec4(colorin, 1.0);
}
//END

2016-08-18 13:48:38:749[Debug        ]  ShaderProgram::AddShader() file with data was read in
2016-08-18 13:48:38:749[Debug        ] ShaderProgram::AddShader() : glShaderSource() successful
2016-08-18 13:48:38:750[Debug        ] ShaderProgram::AddShader() : glCompileShader() successful
2016-08-18 13:48:38:750[Info         ] ShaderProgram::CheckShaderCompileStatus(2) successful.
2016-08-18 13:48:38:750[Debug        ] ShaderProgram::AddShader() : glCompileShader() successful
2016-08-18 13:48:38:750[Info         ] ShaderInfo saved successfully.
2016-08-18 13:48:38:750[Debug        ] ShaderProgram::AddShader() : glAttachShader() successful
2016-08-18 13:48:38:750[Info         ] ShaderProgram::AddShader [2] successful.
2016-08-18 13:48:38:750[Debug        ] File [..\Data\shaders\debug.frag.shader] Opened successfully! Buffer Length:[104]
2016-08-18 13:48:38:750[Debug        ] Shader file [..\Data\shaders\debug.frag.shader] contents:
//BEGIN
#version 430 core


in  vec4 color;
out vec4 outColor;

void main()
{
	outColor = color;
}


//END

2016-08-18 13:48:38:750[Debug        ]  ShaderProgram::AddShader() file with data was read in
2016-08-18 13:48:38:750[Debug        ] ShaderProgram::AddShader() : glShaderSource() successful
2016-08-18 13:48:38:750[Debug        ] ShaderProgram::AddShader() : glCompileShader() successful
2016-08-18 13:48:38:750[Info         ] ShaderProgram::CheckShaderCompileStatus(3) successful.
2016-08-18 13:48:38:750[Debug        ] ShaderProgram::AddShader() : glCompileShader() successful
2016-08-18 13:48:38:750[Info         ] ShaderInfo saved successfully.
2016-08-18 13:48:38:750[Debug        ] ShaderProgram::AddShader() : glAttachShader() successful
2016-08-18 13:48:38:750[Info         ] ShaderProgram::AddShader [3] successful.
2016-08-18 13:48:38:751[Info         ] CheckProgramStatus() successful!
2016-08-18 13:48:38:751[Info         ] CheckProgramStatus() successful!
2016-08-18 13:48:38:751[Info         ] Shader Init started
2016-08-18 13:48:38:751[Info         ] Shader Program created.
2016-08-18 13:48:38:751[Process      ] ShaderProgram::Initialize()[4] successful!
2016-08-18 13:48:38:751[Debug        ] File [..\Data\shaders\play.vert.shader] Opened successfully! Buffer Length:[343]
2016-08-18 13:48:38:751[Debug        ] Shader file [..\Data\shaders\play.vert.shader] contents:
//BEGIN
#version 430 core

layout (location = 0)  in vec3 vPosition;
layout (location = 1)  in vec3 vColor;
layout (location = 15) uniform vec3 colorin;
layout (location = 16) uniform mat4 MAT;

out vec4 color;

void main()
{
	vec4 vertPos = vec4(vPosition, 1.0);
	gl_Position = MAT *  vertPos;
	color = vec4((vColor + colorin), 1.0);
}
//END

2016-08-18 13:48:38:751[Debug        ]  ShaderProgram::AddShader() file with data was read in
2016-08-18 13:48:38:751[Debug        ] ShaderProgram::AddShader() : glShaderSource() successful
2016-08-18 13:48:38:752[Debug        ] ShaderProgram::AddShader() : glCompileShader() successful
2016-08-18 13:48:38:752[Info         ] ShaderProgram::CheckShaderCompileStatus(5) successful.
2016-08-18 13:48:38:752[Debug        ] ShaderProgram::AddShader() : glCompileShader() successful
2016-08-18 13:48:38:752[Info         ] ShaderInfo saved successfully.
2016-08-18 13:48:38:752[Debug        ] ShaderProgram::AddShader() : glAttachShader() successful
2016-08-18 13:48:38:752[Info         ] ShaderProgram::AddShader [5] successful.
2016-08-18 13:48:38:752[Debug        ] File [..\Data\shaders\play.frag.shader] Opened successfully! Buffer Length:[391]
2016-08-18 13:48:38:752[Debug        ] Shader file [..\Data\shaders\play.frag.shader] contents:
//BEGIN
#version 430 core


in  vec4 color;
out vec4 outColor;

void main()
{

	//if (color.r < .7) discard;
	outColor = color;

	//if(((gl_FragCoord.x  > 600)&& (gl_FragCoord.y < 300)) || ((gl_FragCoord.y < 300)  && (gl_FragCoord.x  < 600) )) {
	//discard;
	//}

	//vec2 scrPos = vec2(gl_FragCoord) - vec2(350,150);
	//float len =  length(scrPos);
	//if(len < 50 )discard;
}


//END

2016-08-18 13:48:38:752[Debug        ]  ShaderProgram::AddShader() file with data was read in
2016-08-18 13:48:38:752[Debug        ] ShaderProgram::AddShader() : glShaderSource() successful
2016-08-18 13:48:38:752[Debug        ] ShaderProgram::AddShader() : glCompileShader() successful
2016-08-18 13:48:38:752[Info         ] ShaderProgram::CheckShaderCompileStatus(6) successful.
2016-08-18 13:48:38:752[Debug        ] ShaderProgram::AddShader() : glCompileShader() successful
2016-08-18 13:48:38:752[Info         ] ShaderInfo saved successfully.
2016-08-18 13:48:38:752[Debug        ] ShaderProgram::AddShader() : glAttachShader() successful
2016-08-18 13:48:38:752[Info         ] ShaderProgram::AddShader [6] successful.
2016-08-18 13:48:38:753[Info         ] CheckProgramStatus() successful!
2016-08-18 13:48:38:753[Info         ] CheckProgramStatus() successful!
2016-08-18 13:48:38:753[Info         ] Shader Init started
2016-08-18 13:48:38:753[Info         ] Shader Program created.
2016-08-18 13:48:38:753[Process      ] ShaderProgram::Initialize()[7] successful!
2016-08-18 13:48:38:753[Debug        ] File [..\Data\shaders\texture.vert.shader] Opened successfully! Buffer Length:[305]
2016-08-18 13:48:38:753[Debug        ] Shader file [..\Data\shaders\texture.vert.shader] contents:
//BEGIN
#version 430 core

layout (location = 0)  in vec3 vPosition;
layout (location = 1)  in vec2 vUV;

layout (location = 16) uniform mat4 MAT;

//out data
out vec2 UV;

//out vec4 color;

void main()
{
	vec4 vertPos = vec4(vPosition, 1.0);
	gl_Position = MAT *  vertPos;

	UV = vUV;
	
	
}
//END

2016-08-18 13:48:38:753[Debug        ]  ShaderProgram::AddShader() file with data was read in
2016-08-18 13:48:38:753[Debug        ] ShaderProgram::AddShader() : glShaderSource() successful
2016-08-18 13:48:38:753[Debug        ] ShaderProgram::AddShader() : glCompileShader() successful
2016-08-18 13:48:38:753[Info         ] ShaderProgram::CheckShaderCompileStatus(8) successful.
2016-08-18 13:48:38:753[Debug        ] ShaderProgram::AddShader() : glCompileShader() successful
2016-08-18 13:48:38:753[Info         ] ShaderInfo saved successfully.
2016-08-18 13:48:38:753[Debug        ] ShaderProgram::AddShader() : glAttachShader() successful
2016-08-18 13:48:38:753[Info         ] ShaderProgram::AddShader [8] successful.
2016-08-18 13:48:38:753[Debug        ] File [..\Data\shaders\texture.frag.shader] Opened successfully! Buffer Length:[482]
2016-08-18 13:48:38:753[Debug        ] Shader file [..\Data\shaders\texture.frag.shader] contents:
//BEGIN
#version 430 core


in  vec2 UV;
out vec4 outColor;

layout(location = 20) uniform sampler2D textureSampler;

void main()
{

	//if (color.r < .7) discard;
	outColor = vec4(texture(textureSampler, UV).rgb, 1.0);

	//if(((gl_FragCoord.x  > 600)&& (gl_FragCoord.y < 300)) || ((gl_FragCoord.y < 300)  && (gl_FragCoord.x  < 600) )) {
	//discard;
	//}
	//vec2 scrPos = vec2(gl_FragCoord) - vec2(350,150);
	//float len =  length(scrPos);
	//if(len < 50 )discard;
}


//END

2016-08-18 13:48:38:753[Debug        ]  ShaderProgram::AddShader() file with data was read in
2016-08-18 13:48:38:753[Debug        ] ShaderProgram::AddShader() : glShaderSource() successful
2016-08-18 13:48:38:754[Debug        ] ShaderProgram::AddShader() : glCompileShader() successful
2016-08-18 13:48:38:754[Info         ] ShaderProgram::CheckShaderCompileStatus(9) successful.
2016-08-18 13:48:38:754[Debug        ] ShaderProgram::AddShader() : glCompileShader() successful
2016-08-18 13:48:38:754[Info         ] ShaderInfo saved successfully.
2016-08-18 13:48:38:754[Debug        ] ShaderProgram::AddShader() : glAttachShader() successful
2016-08-18 13:48:38:754[Info         ] ShaderProgram::AddShader [9] successful.
2016-08-18 13:48:38:755[Info         ] CheckProgramStatus() successful!
2016-08-18 13:48:38:755[Info         ] CheckProgramStatus() successful!
2016-08-18 13:48:38:755[Info         ] Shader Init started
2016-08-18 13:48:38:755[Info         ] Shader Program created.
2016-08-18 13:48:38:755[Process      ] ShaderProgram::Initialize()[10] successful!
2016-08-18 13:48:38:755[Debug        ] File [..\Data\shaders\framebuffer.vert.shader] Opened successfully! Buffer Length:[305]
2016-08-18 13:48:38:755[Debug        ] Shader file [..\Data\shaders\framebuffer.vert.shader] contents:
//BEGIN
#version 430 core

layout (location = 0)  in vec3 vPosition;
layout (location = 1)  in vec2 vUV;

layout (location = 16) uniform mat4 MAT;

//out data
out vec2 UV;

//out vec4 color;

void main()
{
	vec4 vertPos = vec4(vPosition, 1.0);
	gl_Position = MAT *  vertPos;

	UV = vUV;
	
	
}
//END

2016-08-18 13:48:38:755[Debug        ]  ShaderProgram::AddShader() file with data was read in
2016-08-18 13:48:38:755[Debug        ] ShaderProgram::AddShader() : glShaderSource() successful
2016-08-18 13:48:38:756[Debug        ] ShaderProgram::AddShader() : glCompileShader() successful
2016-08-18 13:48:38:756[Info         ] ShaderProgram::CheckShaderCompileStatus(11) successful.
2016-08-18 13:48:38:756[Debug        ] ShaderProgram::AddShader() : glCompileShader() successful
2016-08-18 13:48:38:756[Info         ] ShaderInfo saved successfully.
2016-08-18 13:48:38:756[Debug        ] ShaderProgram::AddShader() : glAttachShader() successful
2016-08-18 13:48:38:756[Info         ] ShaderProgram::AddShader [11] successful.
2016-08-18 13:48:38:756[Debug        ] File [..\Data\shaders\framebuffer.frag.shader] Opened successfully! Buffer Length:[275]
2016-08-18 13:48:38:756[Debug        ] Shader file [..\Data\shaders\framebuffer.frag.shader] contents:
//BEGIN
#version 430 core


in  vec2 UV;
out vec4 outColor;

layout(location = 20) uniform sampler2D textureSampler;

void main()
{


	vec3 tempCol = texture(textureSampler, UV).rgb;

	outColor = vec4(tempCol.r / 1.5f, tempCol.g / 1.5f, tempCol.b / 1.5f, 1.0f);
}


//END

2016-08-18 13:48:38:756[Debug        ]  ShaderProgram::AddShader() file with data was read in
2016-08-18 13:48:38:756[Debug        ] ShaderProgram::AddShader() : glShaderSource() successful
2016-08-18 13:48:38:756[Debug        ] ShaderProgram::AddShader() : glCompileShader() successful
2016-08-18 13:48:38:756[Info         ] ShaderProgram::CheckShaderCompileStatus(12) successful.
2016-08-18 13:48:38:756[Debug        ] ShaderProgram::AddShader() : glCompileShader() successful
2016-08-18 13:48:38:756[Info         ] ShaderInfo saved successfully.
2016-08-18 13:48:38:756[Debug        ] ShaderProgram::AddShader() : glAttachShader() successful
2016-08-18 13:48:38:756[Info         ] ShaderProgram::AddShader [12] successful.
2016-08-18 13:48:38:758[Info         ] CheckProgramStatus() successful!
2016-08-18 13:48:38:758[Info         ] CheckProgramStatus() successful!
2016-08-18 13:48:38:758[Info         ] Shader Init started
2016-08-18 13:48:38:758[Info         ] Shader Program created.
2016-08-18 13:48:38:758[Process      ] ShaderProgram::Initialize()[13] successful!
2016-08-18 13:48:38:759[Debug        ] File [..\Data\shaders\lighting.vert.shader] Opened successfully! Buffer Length:[1121]
2016-08-18 13:48:38:759[cDebug       ] Shader file [..\Data\shaders\lighting.vert.shader] is too big to display contents.
2016-08-18 13:48:38:761[Debug        ]  ShaderProgram::AddShader() file with data was read in
2016-08-18 13:48:38:761[Debug        ] ShaderProgram::AddShader() : glShaderSource() successful
2016-08-18 13:48:38:761[Debug        ] ShaderProgram::AddShader() : glCompileShader() successful
2016-08-18 13:48:38:761[Info         ] ShaderProgram::CheckShaderCompileStatus(14) successful.
2016-08-18 13:48:38:761[Debug        ] ShaderProgram::AddShader() : glCompileShader() successful
2016-08-18 13:48:38:761[Info         ] ShaderInfo saved successfully.
2016-08-18 13:48:38:761[Debug        ] ShaderProgram::AddShader() : glAttachShader() successful
2016-08-18 13:48:38:761[Info         ] ShaderProgram::AddShader [14] successful.
2016-08-18 13:48:38:761[Debug        ] File [..\Data\shaders\lighting.frag.shader] Opened successfully! Buffer Length:[1744]
2016-08-18 13:48:38:761[cDebug       ] Shader file [..\Data\shaders\lighting.frag.shader] is too big to display contents.
2016-08-18 13:48:38:763[Debug        ]  ShaderProgram::AddShader() file with data was read in
2016-08-18 13:48:38:763[Debug        ] ShaderProgram::AddShader() : glShaderSource() successful
2016-08-18 13:48:38:764[Debug        ] ShaderProgram::AddShader() : glCompileShader() successful
2016-08-18 13:48:38:764[Info         ] ShaderProgram::CheckShaderCompileStatus(15) successful.
2016-08-18 13:48:38:764[Debug        ] ShaderProgram::AddShader() : glCompileShader() successful
2016-08-18 13:48:38:764[Info         ] ShaderInfo saved successfully.
2016-08-18 13:48:38:764[Debug        ] ShaderProgram::AddShader() : glAttachShader() successful
2016-08-18 13:48:38:764[Info         ] ShaderProgram::AddShader [15] successful.
2016-08-18 13:48:38:767[Info         ] CheckProgramStatus() successful!
2016-08-18 13:48:38:767[Info         ] CheckProgramStatus() successful!
2016-08-18 13:48:38:767[Info         ] Shader Init started
2016-08-18 13:48:38:767[Info         ] Shader Program created.
2016-08-18 13:48:38:767[Process      ] ShaderProgram::Initialize()[16] successful!
2016-08-18 13:48:38:767[Debug        ] File [..\Data\shaders\texlighting.vert.shader] Opened successfully! Buffer Length:[1092]
2016-08-18 13:48:38:767[cDebug       ] Shader file [..\Data\shaders\texlighting.vert.shader] is too big to display contents.
2016-08-18 13:48:38:769[Debug        ]  ShaderProgram::AddShader() file with data was read in
2016-08-18 13:48:38:769[Debug        ] ShaderProgram::AddShader() : glShaderSource() successful
2016-08-18 13:48:38:770[Debug        ] ShaderProgram::AddShader() : glCompileShader() successful
2016-08-18 13:48:38:770[Info         ] ShaderProgram::CheckShaderCompileStatus(17) successful.
2016-08-18 13:48:38:770[Debug        ] ShaderProgram::AddShader() : glCompileShader() successful
2016-08-18 13:48:38:770[Info         ] ShaderInfo saved successfully.
2016-08-18 13:48:38:770[Debug        ] ShaderProgram::AddShader() : glAttachShader() successful
2016-08-18 13:48:38:770[Info         ] ShaderProgram::AddShader [17] successful.
2016-08-18 13:48:38:770[Debug        ] File [..\Data\shaders\texlighting.frag.shader] Opened successfully! Buffer Length:[1717]
2016-08-18 13:48:38:770[cDebug       ] Shader file [..\Data\shaders\texlighting.frag.shader] is too big to display contents.
2016-08-18 13:48:38:773[Debug        ]  ShaderProgram::AddShader() file with data was read in
2016-08-18 13:48:38:773[Debug        ] ShaderProgram::AddShader() : glShaderSource() successful
2016-08-18 13:48:38:773[Debug        ] ShaderProgram::AddShader() : glCompileShader() successful
2016-08-18 13:48:38:773[Info         ] ShaderProgram::CheckShaderCompileStatus(18) successful.
2016-08-18 13:48:38:773[Debug        ] ShaderProgram::AddShader() : glCompileShader() successful
2016-08-18 13:48:38:773[Info         ] ShaderInfo saved successfully.
2016-08-18 13:48:38:774[Debug        ] ShaderProgram::AddShader() : glAttachShader() successful
2016-08-18 13:48:38:774[Info         ] ShaderProgram::AddShader [18] successful.
2016-08-18 13:48:38:776[Info         ] CheckProgramStatus() successful!
2016-08-18 13:48:38:777[Info         ] CheckProgramStatus() successful!
2016-08-18 13:48:38:777[Info         ] Shader Init started
2016-08-18 13:48:38:777[Info         ] Shader Program created.
2016-08-18 13:48:38:777[Process      ] ShaderProgram::Initialize()[19] successful!
2016-08-18 13:48:38:777[Debug        ] File [..\Data\shaders\water.vert.shader] Opened successfully! Buffer Length:[1400]
2016-08-18 13:48:38:777[cDebug       ] Shader file [..\Data\shaders\water.vert.shader] is too big to display contents.
2016-08-18 13:48:38:779[Debug        ]  ShaderProgram::AddShader() file with data was read in
2016-08-18 13:48:38:779[Debug        ] ShaderProgram::AddShader() : glShaderSource() successful
2016-08-18 13:48:38:779[Debug        ] ShaderProgram::AddShader() : glCompileShader() successful
2016-08-18 13:48:38:779[Info         ] ShaderProgram::CheckShaderCompileStatus(20) successful.
2016-08-18 13:48:38:779[Debug        ] ShaderProgram::AddShader() : glCompileShader() successful
2016-08-18 13:48:38:779[Info         ] ShaderInfo saved successfully.
2016-08-18 13:48:38:779[Debug        ] ShaderProgram::AddShader() : glAttachShader() successful
2016-08-18 13:48:38:779[Info         ] ShaderProgram::AddShader [20] successful.
2016-08-18 13:48:38:779[Debug        ] File [..\Data\shaders\water.frag.shader] Opened successfully! Buffer Length:[2436]
2016-08-18 13:48:38:779[cDebug       ] Shader file [..\Data\shaders\water.frag.shader] is too big to display contents.
2016-08-18 13:48:38:781[Debug        ]  ShaderProgram::AddShader() file with data was read in
2016-08-18 13:48:38:781[Debug        ] ShaderProgram::AddShader() : glShaderSource() successful
2016-08-18 13:48:38:781[Debug        ] ShaderProgram::AddShader() : glCompileShader() successful
2016-08-18 13:48:38:781[Info         ] ShaderProgram::CheckShaderCompileStatus(21) successful.
2016-08-18 13:48:38:781[Debug        ] ShaderProgram::AddShader() : glCompileShader() successful
2016-08-18 13:48:38:781[Info         ] ShaderInfo saved successfully.
2016-08-18 13:48:38:781[Debug        ] ShaderProgram::AddShader() : glAttachShader() successful
2016-08-18 13:48:38:781[Info         ] ShaderProgram::AddShader [21] successful.
2016-08-18 13:48:38:784[Info         ] CheckProgramStatus() successful!
2016-08-18 13:48:38:784[Info         ] CheckProgramStatus() successful!
2016-08-18 13:48:38:784[Info         ] GetAttribLocation [vPosition] successful.
2016-08-18 13:48:38:784[Info         ] GetUniformLocation [colorin] successful.
2016-08-18 13:48:38:784[Info         ] GetUniformLocation [MAT] successful.
2016-08-18 13:48:38:784[cProcess     ] RenderEngine::Initialize() successful.
2016-08-18 13:48:38:784[cInfo        ] 
-----------------------------------------------------------------------
 BufferInfo::CreateBuffers()[0] Created buffers:| VERTEX [1] with [80] bytes. || INDEX [2] with [24] bytes |
-----------------------------------------------------------------------

2016-08-18 13:48:38:792[cInfo        ] --------BufferInfo::AddMesh() Added mesh successfully-------
2016-08-18 13:48:38:793[cInfo        ] 
2016-08-18 13:48:38:793[cInfo        ] --------------------| START BUFFER MESH INFO |-------------------------------------
2016-08-18 13:48:38:795[cInfo        ] BufferInfo::AddMesh(): NUM VERTS-----------------[4]
2016-08-18 13:48:38:797[cInfo        ] BufferInfo::AddMesh(): NUM INDICES---------------[6]
2016-08-18 13:48:38:798[cInfo        ] BufferInfo::AddMesh(): VERT OFFSET---------------[0]
2016-08-18 13:48:38:799[cInfo        ] BufferInfo::AddMesh(): INDICES OFFSET (BYTES)----[0]
2016-08-18 13:48:38:800[cInfo        ] --------------------|  END BUFFER MESH INFO  |--------------------------------------
2016-08-18 13:48:38:802[cInfo        ] 

2016-08-18 13:48:38:803[cInfo        ] 
-----------------------------------------------------------------------
 BufferInfo::CreateBuffers()[0] Created buffers:| VERTEX [3] with [96] bytes. || INDEX [4] with [48] bytes |
-----------------------------------------------------------------------

2016-08-18 13:48:38:808[cInfo        ] --------BufferInfo::AddMesh() Added mesh successfully-------
2016-08-18 13:48:38:809[cInfo        ] 
2016-08-18 13:48:38:810[cInfo        ] --------------------| START BUFFER MESH INFO |-------------------------------------
2016-08-18 13:48:38:811[cInfo        ] BufferInfo::AddMesh(): NUM VERTS-----------------[8]
2016-08-18 13:48:38:812[cInfo        ] BufferInfo::AddMesh(): NUM INDICES---------------[24]
2016-08-18 13:48:38:813[cInfo        ] BufferInfo::AddMesh(): VERT OFFSET---------------[0]
2016-08-18 13:48:38:814[cInfo        ] BufferInfo::AddMesh(): INDICES OFFSET (BYTES)----[0]
2016-08-18 13:48:38:814[cInfo        ] --------------------|  END BUFFER MESH INFO  |--------------------------------------
2016-08-18 13:48:38:817[cInfo        ] 

2016-08-18 13:48:38:817[cInfo        ] 
-----------------------------------------------------------------------
 BufferInfo::CreateBuffers()[0] Created buffers:| VERTEX [5] with [864] bytes. || INDEX [6] with [0] bytes |
-----------------------------------------------------------------------

2016-08-18 13:48:38:821[cInfo        ] --------BufferInfo::AddMesh() Added mesh successfully-------
2016-08-18 13:48:38:822[cInfo        ] 
2016-08-18 13:48:38:823[cInfo        ] --------------------| START BUFFER MESH INFO |-------------------------------------
2016-08-18 13:48:38:824[cInfo        ] BufferInfo::AddMesh(): NUM VERTS-----------------[36]
2016-08-18 13:48:38:826[cInfo        ] BufferInfo::AddMesh(): NUM INDICES---------------[0]
2016-08-18 13:48:38:827[cInfo        ] BufferInfo::AddMesh(): VERT OFFSET---------------[0]
2016-08-18 13:48:38:828[cInfo        ] BufferInfo::AddMesh(): INDICES OFFSET (BYTES)----[0]
2016-08-18 13:48:38:829[cInfo        ] --------------------|  END BUFFER MESH INFO  |--------------------------------------
2016-08-18 13:48:38:830[cInfo        ] 

2016-08-18 13:48:38:831[cInfo        ] 
-----------------------------------------------------------------------
 BufferInfo::CreateBuffers()[0] Created buffers:| VERTEX [7] with [144] bytes. || INDEX [8] with [0] bytes |
-----------------------------------------------------------------------

2016-08-18 13:48:38:835[cInfo        ] --------BufferInfo::AddMesh() Added mesh successfully-------
2016-08-18 13:48:38:837[cInfo        ] 
2016-08-18 13:48:38:837[cInfo        ] --------------------| START BUFFER MESH INFO |-------------------------------------
2016-08-18 13:48:38:839[cInfo        ] BufferInfo::AddMesh(): NUM VERTS-----------------[6]
2016-08-18 13:48:38:840[cInfo        ] BufferInfo::AddMesh(): NUM INDICES---------------[0]
2016-08-18 13:48:38:841[cInfo        ] BufferInfo::AddMesh(): VERT OFFSET---------------[0]
2016-08-18 13:48:38:841[cInfo        ] BufferInfo::AddMesh(): INDICES OFFSET (BYTES)----[0]
2016-08-18 13:48:38:842[cInfo        ] --------------------|  END BUFFER MESH INFO  |--------------------------------------
2016-08-18 13:48:38:843[cInfo        ] 

2016-08-18 13:48:38:844[cProcess     ] BufferManager::Initialize() successful.
2016-08-18 13:48:38:845[cInfo        ] 
-----------------------------------------------------------------------
 BufferInfo::CreateBuffers()[0] Created buffers:| VERTEX [9] with [1000000] bytes. || INDEX [10] with [1000000] bytes |
-----------------------------------------------------------------------

2016-08-18 13:48:38:850[cInfo        ] --------BufferInfo::AddMesh() Added mesh successfully-------
2016-08-18 13:48:38:850[cInfo        ] 
2016-08-18 13:48:38:851[cInfo        ] --------------------| START BUFFER MESH INFO |-------------------------------------
2016-08-18 13:48:38:852[cInfo        ] BufferInfo::AddMesh(): NUM VERTS-----------------[24]
2016-08-18 13:48:38:853[cInfo        ] BufferInfo::AddMesh(): NUM INDICES---------------[36]
2016-08-18 13:48:38:854[cInfo        ] BufferInfo::AddMesh(): VERT OFFSET---------------[0]
2016-08-18 13:48:38:855[cInfo        ] BufferInfo::AddMesh(): INDICES OFFSET (BYTES)----[0]
2016-08-18 13:48:38:858[cInfo        ] --------------------|  END BUFFER MESH INFO  |--------------------------------------
2016-08-18 13:48:38:859[cInfo        ] 

2016-08-18 13:48:38:861[cProcess     ] BufferManager::Initialize() successful.
2016-08-18 13:48:38:862[cInfo        ] 
-----------------------------------------------------------------------
 BufferInfo::CreateBuffers()[1] Created buffers:| VERTEX [11] with [1000000] bytes. || INDEX [12] with [1000000] bytes |
-----------------------------------------------------------------------

2016-08-18 13:48:38:865[cInfo        ] --------BufferInfo::AddMesh() Added mesh successfully-------
2016-08-18 13:48:38:868[cInfo        ] 
2016-08-18 13:48:38:868[cInfo        ] --------------------| START BUFFER MESH INFO |-------------------------------------
2016-08-18 13:48:38:869[cInfo        ] BufferInfo::AddMesh(): NUM VERTS-----------------[1536]
2016-08-18 13:48:38:870[cInfo        ] BufferInfo::AddMesh(): NUM INDICES---------------[3072]
2016-08-18 13:48:38:871[cInfo        ] BufferInfo::AddMesh(): VERT OFFSET---------------[0]
2016-08-18 13:48:38:872[cInfo        ] BufferInfo::AddMesh(): INDICES OFFSET (BYTES)----[0]
2016-08-18 13:48:38:873[cInfo        ] --------------------|  END BUFFER MESH INFO  |--------------------------------------
2016-08-18 13:48:38:874[cInfo        ] 

2016-08-18 13:48:38:875[cInfo        ] 
-----------------------------------------------------------------------
 BufferInfo::CreateBuffers()[0] Created buffers:| VERTEX [13] with [3936] bytes. || INDEX [14] with [0] bytes |
-----------------------------------------------------------------------

2016-08-18 13:48:38:880[cInfo        ] --------BufferInfo::AddMesh() Added mesh successfully-------
2016-08-18 13:48:38:881[cInfo        ] 
2016-08-18 13:48:38:881[cInfo        ] --------------------| START BUFFER MESH INFO |-------------------------------------
2016-08-18 13:48:38:882[cInfo        ] BufferInfo::AddMesh(): NUM VERTS-----------------[164]
2016-08-18 13:48:38:883[cInfo        ] BufferInfo::AddMesh(): NUM INDICES---------------[0]
2016-08-18 13:48:38:884[cInfo        ] BufferInfo::AddMesh(): VERT OFFSET---------------[0]
2016-08-18 13:48:38:885[cInfo        ] BufferInfo::AddMesh(): INDICES OFFSET (BYTES)----[0]
2016-08-18 13:48:38:886[cInfo        ] --------------------|  END BUFFER MESH INFO  |--------------------------------------
2016-08-18 13:48:38:888[cInfo        ] 

2016-08-18 13:48:38:889[cProcess     ] ShapeGenerator initialized successfully.
2016-08-18 13:48:38:890[cProcess     ] Camera::Initialize() successful.
2016-08-18 13:48:38:891[cProcess     ] Keyboard::Initialize() successful
2016-08-18 13:48:38:892[cProcess     ] Keyboard::Initialize() successful
2016-08-18 13:48:38:904[cInfo        ] 
-----------------------------------------------------------------------
 BufferInfo::CreateBuffers()[0] Created buffers:| VERTEX [15] with [10810368] bytes. || INDEX [16] with [0] bytes |
-----------------------------------------------------------------------

2016-08-18 13:48:38:930[cInfo        ] --------BufferInfo::AddMesh() Added mesh successfully-------
2016-08-18 13:48:38:932[cInfo        ] 
2016-08-18 13:48:38:933[cInfo        ] --------------------| START BUFFER MESH INFO |-------------------------------------
2016-08-18 13:48:38:935[cInfo        ] BufferInfo::AddMesh(): NUM VERTS-----------------[337824]
2016-08-18 13:48:38:936[cInfo        ] BufferInfo::AddMesh(): NUM INDICES---------------[0]
2016-08-18 13:48:38:937[cInfo        ] BufferInfo::AddMesh(): VERT OFFSET---------------[0]
2016-08-18 13:48:38:938[cInfo        ] BufferInfo::AddMesh(): INDICES OFFSET (BYTES)----[0]
2016-08-18 13:48:38:939[cInfo        ] --------------------|  END BUFFER MESH INFO  |--------------------------------------
2016-08-18 13:48:38:941[cInfo        ] 

2016-08-18 13:48:38:971[Info         ] ShapeGenerator::ReadSceneFile(): Added new scene [..\Data\Scenes\Dargon.ptn.scene] successfully.
2016-08-18 13:48:38:972[cInfo        ] EntityManager::BuildPlayerEntity(): Built [Dargon] successfully
2016-08-18 13:48:38:973[cProcess     ] BufferManager::Initialize() successful.
2016-08-18 13:48:38:979[cInfo        ] 
-----------------------------------------------------------------------
 BufferInfo::CreateBuffers()[2] Created buffers:| VERTEX [17] with [1000000] bytes. || INDEX [18] with [1000000] bytes |
-----------------------------------------------------------------------

2016-08-18 13:48:38:986[cInfo        ] --------BufferInfo::AddMesh() Added mesh successfully-------
2016-08-18 13:48:38:988[cInfo        ] 
2016-08-18 13:48:38:988[cInfo        ] --------------------| START BUFFER MESH INFO |-------------------------------------
2016-08-18 13:48:38:990[cInfo        ] BufferInfo::AddMesh(): NUM VERTS-----------------[36]
2016-08-18 13:48:38:991[cInfo        ] BufferInfo::AddMesh(): NUM INDICES---------------[0]
2016-08-18 13:48:38:992[cInfo        ] BufferInfo::AddMesh(): VERT OFFSET---------------[0]
2016-08-18 13:48:38:993[cInfo        ] BufferInfo::AddMesh(): INDICES OFFSET (BYTES)----[0]
2016-08-18 13:48:38:994[cInfo        ] --------------------|  END BUFFER MESH INFO  |--------------------------------------
2016-08-18 13:48:38:995[cInfo        ] 

2016-08-18 13:48:38:996[Info         ] ShapeGenerator::ReadSceneFile(): Added new scene [..\Data\Scenes\Cube.pn.scene] successfully.
2016-08-18 13:48:38:996[cInfo        ] --------BufferInfo::AddMesh() Added mesh successfully-------
2016-08-18 13:48:38:997[cInfo        ] 
2016-08-18 13:48:38:998[cInfo        ] --------------------| START BUFFER MESH INFO |-------------------------------------
2016-08-18 13:48:38:999[cInfo        ] BufferInfo::AddMesh(): NUM VERTS-----------------[18]
2016-08-18 13:48:39:001[cInfo        ] BufferInfo::AddMesh(): NUM INDICES---------------[0]
2016-08-18 13:48:39:002[cInfo        ] BufferInfo::AddMesh(): VERT OFFSET---------------[36]
2016-08-18 13:48:39:003[cInfo        ] BufferInfo::AddMesh(): INDICES OFFSET (BYTES)----[0]
2016-08-18 13:48:39:003[cInfo        ] --------------------|  END BUFFER MESH INFO  |--------------------------------------
2016-08-18 13:48:39:005[cInfo        ] 

2016-08-18 13:48:39:006[Info         ] ShapeGenerator::ReadSceneFile(): Added new scene [..\Data\Scenes\Pyramid.pn.scene] successfully.
2016-08-18 13:48:39:013[cInfo        ] 
-----------------------------------------------------------------------
 BufferInfo::CreateBuffers()[0] Created buffers:| VERTEX [19] with [5529600] bytes. || INDEX [20] with [0] bytes |
-----------------------------------------------------------------------

2016-08-18 13:48:39:025[cInfo        ] --------BufferInfo::AddMesh() Added mesh successfully-------
2016-08-18 13:48:39:026[cInfo        ] 
2016-08-18 13:48:39:027[cInfo        ] --------------------| START BUFFER MESH INFO |-------------------------------------
2016-08-18 13:48:39:029[cInfo        ] BufferInfo::AddMesh(): NUM VERTS-----------------[172800]
2016-08-18 13:48:39:031[cInfo        ] BufferInfo::AddMesh(): NUM INDICES---------------[0]
2016-08-18 13:48:39:033[cInfo        ] BufferInfo::AddMesh(): VERT OFFSET---------------[0]
2016-08-18 13:48:39:034[cInfo        ] BufferInfo::AddMesh(): INDICES OFFSET (BYTES)----[0]
2016-08-18 13:48:39:035[cInfo        ] --------------------|  END BUFFER MESH INFO  |--------------------------------------
2016-08-18 13:48:39:037[cInfo        ] 

2016-08-18 13:48:39:040[Info         ] ShapeGenerator::ReadSceneFile(): Added new scene [..\Data\Scenes\WaterPlane.ptn.scene] successfully.
2016-08-18 13:48:39:041[cProcess     ] Camera::Initialize() successful.
2016-08-18 13:48:39:052[cProcess     ] BufferManager::Initialize() successful.
2016-08-18 13:48:39:054[cInfo        ] 
-----------------------------------------------------------------------
 BufferInfo::CreateBuffers()[3] Created buffers:| VERTEX [21] with [8107776] bytes. || INDEX [22] with [0] bytes |
-----------------------------------------------------------------------

2016-08-18 13:48:39:067[cInfo        ] --------BufferInfo::AddMesh() Added mesh successfully-------
2016-08-18 13:48:39:069[cInfo        ] 
2016-08-18 13:48:39:069[cInfo        ] --------------------| START BUFFER MESH INFO |-------------------------------------
2016-08-18 13:48:39:070[cInfo        ] BufferInfo::AddMesh(): NUM VERTS-----------------[337824]
2016-08-18 13:48:39:072[cInfo        ] BufferInfo::AddMesh(): NUM INDICES---------------[0]
2016-08-18 13:48:39:073[cInfo        ] BufferInfo::AddMesh(): VERT OFFSET---------------[0]
2016-08-18 13:48:39:074[cInfo        ] BufferInfo::AddMesh(): INDICES OFFSET (BYTES)----[0]
2016-08-18 13:48:39:075[cInfo        ] --------------------|  END BUFFER MESH INFO  |--------------------------------------
2016-08-18 13:48:39:078[cInfo        ] 

2016-08-18 13:48:39:079[Info         ] ShapeGenerator::ReadSceneFile(): Added new scene [..\Data\Scenes\Dargon.pn.scene] successfully.
2016-08-18 13:48:39:079[cProcess     ] BufferManager::Initialize() successful.
2016-08-18 13:48:39:080[cInfo        ] 
-----------------------------------------------------------------------
 BufferInfo::CreateBuffers()[4] Created buffers:| VERTEX [23] with [1000000] bytes. || INDEX [24] with [1000000] bytes |
-----------------------------------------------------------------------

2016-08-18 13:48:39:083[cInfo        ] --------BufferInfo::AddMesh() Added mesh successfully-------
2016-08-18 13:48:39:084[cInfo        ] 
2016-08-18 13:48:39:085[cInfo        ] --------------------| START BUFFER MESH INFO |-------------------------------------
2016-08-18 13:48:39:086[cInfo        ] BufferInfo::AddMesh(): NUM VERTS-----------------[6]
2016-08-18 13:48:39:089[cInfo        ] BufferInfo::AddMesh(): NUM INDICES---------------[0]
2016-08-18 13:48:39:090[cInfo        ] BufferInfo::AddMesh(): VERT OFFSET---------------[0]
2016-08-18 13:48:39:090[cInfo        ] BufferInfo::AddMesh(): INDICES OFFSET (BYTES)----[0]
2016-08-18 13:48:39:091[cInfo        ] --------------------|  END BUFFER MESH INFO  |--------------------------------------
2016-08-18 13:48:39:093[cInfo        ] 

2016-08-18 13:48:39:093[cProcess     ] BodaciousQuest::Initialize() successful.
2016-08-18 13:48:39:094[Process      ] GameTime::Initialize() ok

2016-08-18 13:48:39:094[cProcess     ] MyWindow::Initialize() successful!
2016-08-18 13:49:09:460[cProcess     ] BufferManager::Shutdown() successful.
2016-08-18 13:49:09:462[cProcess     ] RenderEngine::Shutdown() successful.
2016-08-18 13:49:09:463[cProcess     ] Camera::Shutdown() successful.
2016-08-18 13:49:09:465[Info         ] Shader  [2] deleting...
2016-08-18 13:49:09:465[Info         ] Shader  [2] deleted successfully.
2016-08-18 13:49:09:465[Info         ] Shader  [3] deleting...
2016-08-18 13:49:09:465[Info         ] Shader  [3] deleted successfully.
2016-08-18 13:49:09:465[Info         ] All shaders deleted successfully.
2016-08-18 13:49:09:465[cInfo        ] Program [1] deleted successfully.
2016-08-18 13:49:09:466[Process      ] ShaderProgram[1]::Shutdown successful!
2016-08-18 13:49:09:467[Info         ] Shader  [5] deleting...
2016-08-18 13:49:09:467[Info         ] Shader  [5] deleted successfully.
2016-08-18 13:49:09:467[Info         ] Shader  [6] deleting...
2016-08-18 13:49:09:467[Info         ] Shader  [6] deleted successfully.
2016-08-18 13:49:09:467[Info         ] All shaders deleted successfully.
2016-08-18 13:49:09:467[cInfo        ] Program [4] deleted successfully.
2016-08-18 13:49:09:468[Process      ] ShaderProgram[4]::Shutdown successful!
2016-08-18 13:49:09:468[Info         ] Shader  [8] deleting...
2016-08-18 13:49:09:468[Info         ] Shader  [8] deleted successfully.
2016-08-18 13:49:09:468[Info         ] Shader  [9] deleting...
2016-08-18 13:49:09:468[Info         ] Shader  [9] deleted successfully.
2016-08-18 13:49:09:468[Info         ] All shaders deleted successfully.
2016-08-18 13:49:09:468[cInfo        ] Program [7] deleted successfully.
2016-08-18 13:49:09:469[Process      ] ShaderProgram[7]::Shutdown successful!
2016-08-18 13:49:09:469[Info         ] Shader  [11] deleting...
2016-08-18 13:49:09:469[Info         ] Shader  [11] deleted successfully.
2016-08-18 13:49:09:469[Info         ] Shader  [12] deleting...
2016-08-18 13:49:09:469[Info         ] Shader  [12] deleted successfully.
2016-08-18 13:49:09:469[Info         ] All shaders deleted successfully.
2016-08-18 13:49:09:469[cInfo        ] Program [10] deleted successfully.
2016-08-18 13:49:09:471[Process      ] ShaderProgram[10]::Shutdown successful!
2016-08-18 13:49:09:472[Info         ] Shader  [14] deleting...
2016-08-18 13:49:09:472[Info         ] Shader  [14] deleted successfully.
2016-08-18 13:49:09:472[Info         ] Shader  [15] deleting...
2016-08-18 13:49:09:472[Info         ] Shader  [15] deleted successfully.
2016-08-18 13:49:09:472[Info         ] All shaders deleted successfully.
2016-08-18 13:49:09:472[cInfo        ] Program [13] deleted successfully.
2016-08-18 13:49:09:472[Process      ] ShaderProgram[13]::Shutdown successful!
2016-08-18 13:49:09:473[Info         ] Shader  [17] deleting...
2016-08-18 13:49:09:473[Info         ] Shader  [17] deleted successfully.
2016-08-18 13:49:09:473[Info         ] Shader  [18] deleting...
2016-08-18 13:49:09:473[Info         ] Shader  [18] deleted successfully.
2016-08-18 13:49:09:473[Info         ] All shaders deleted successfully.
2016-08-18 13:49:09:473[cInfo        ] Program [16] deleted successfully.
2016-08-18 13:49:09:473[Process      ] ShaderProgram[16]::Shutdown successful!
2016-08-18 13:49:09:474[Info         ] Shader  [20] deleting...
2016-08-18 13:49:09:474[Info         ] Shader  [20] deleted successfully.
2016-08-18 13:49:09:474[Info         ] Shader  [21] deleting...
2016-08-18 13:49:09:474[Info         ] Shader  [21] deleted successfully.
2016-08-18 13:49:09:474[Info         ] All shaders deleted successfully.
2016-08-18 13:49:09:474[cInfo        ] Program [19] deleted successfully.
2016-08-18 13:49:09:474[Process      ] ShaderProgram[19]::Shutdown successful!
2016-08-18 13:49:09:474[cProcess     ] MyWindow::Shutdown() successful!
2016-08-18 13:49:09:475[cProcess     ] BodaciousQuest::Shutdown() successful.
2016-08-18 13:49:09:484[Process      ] ConfigReader shut down successfully
2016-08-18 13:49:09:484[Process      ] GameLogger::ShutDown() successful
