2016-08-21 15:03:21:391[Process      ] GameLogger::Initialize() opened log file [..\Data\LogFiles\2016-08-21 15-03-21.BodaciousQuest.log] for writing
2016-08-21 15:03:21:391[Info         ] GameLogger::Initialize() successful
2016-08-21 15:03:21:391[Process      ] ConfigReader opened [..\Data\BodaciousQuest.config] successfully
2016-08-21 15:03:21:391[Info         ] ConfigReader initialized successfully
2016-08-21 15:03:21:391[Info         ] Valid KVP [BodaciousQuest.ShowFullScreen] [false] added
2016-08-21 15:03:21:391[Info         ] Valid KVP [BodaciousQuest.FpsInterval] [5.0] added
2016-08-21 15:03:21:391[Info         ] Valid KVP [BodaciousQuest.EnableControls] [true] added
2016-08-21 15:03:21:391[Info         ] Valid KVP [BodaciousQuest.LoadCubeFirst] [true] added
2016-08-21 15:03:21:391[Info         ] Valid KVP [BodaciousQuest.CameraWalkMode] [false] added
2016-08-21 15:03:21:391[Info         ] Valid KVP [BodaciousQuest.GridSize] [40] added
2016-08-21 15:03:21:391[Info         ] Valid KVP [BodaciousQuest.LightingTest.Ambient.Color] [1.0  1.0  1.0] added
2016-08-21 15:03:21:391[Info         ] Valid KVP [BodaciousQuest.LightingTest.Diffuse.Color] [1.0  1.0  1.0] added
2016-08-21 15:03:21:391[Info         ] Valid KVP [BodaciousQuest.LightingTest.Specular.Color] [0.0  0.0  0.0] added
2016-08-21 15:03:21:391[Info         ] Valid KVP [BodaciousQuest.LightingTest.Ambient.Reflectivity] [0.01] added
2016-08-21 15:03:21:391[Info         ] Valid KVP [BodaciousQuest.LightingTest.Diffuse.Reflectivity] [0.8] added
2016-08-21 15:03:21:391[Info         ] Valid KVP [BodaciousQuest.LightingTest.Specular.Reflectivity] [0.5] added
2016-08-21 15:03:21:391[Info         ] Valid KVP [BodaciousQuest.LightingTest.Specular.Shininess] [1.0] added
2016-08-21 15:03:21:391[Info         ] Valid KVP [BodaciousQuest.LightingTest.Falloff.A] [1.0] added
2016-08-21 15:03:21:392[Info         ] Valid KVP [BodaciousQuest.LightingTest.Falloff.B] [0.01] added
2016-08-21 15:03:21:392[Info         ] Valid KVP [BodaciousQuest.LightingTest.Falloff.C] [0.0001] added
2016-08-21 15:03:21:392[Info         ] Valid KVP [BodaciousQuest.LightingTest.Directional] [false] added
2016-08-21 15:03:21:392[Info         ] Valid KVP [BodaciousQuest.LightingTest.Direction] [-1.0 0.0 1.0] added
2016-08-21 15:03:21:392[Info         ] Valid KVP [BodaciousQuest.LightingTest.Light.Position] [-0.875458 3.673020 1.043331] added
2016-08-21 15:03:21:392[Info         ] Valid KVP [BodaciousQuest.LightingTest.Dargon.Color] [1.0 1.0 0.4] added
2016-08-21 15:03:21:392[Info         ] Valid KVP [ObjConverter.Mode.VertexType] [pn] added
2016-08-21 15:03:21:392[Info         ] Valid KVP [ObjConverter.Mode.Analyze] [false] added
2016-08-21 15:03:21:392[Info         ] Valid KVP [ObjConverter.Model] [Dargon] added
2016-08-21 15:03:21:392[Info         ] Valid KVP [ObjConverter.Shader] [4] added
2016-08-21 15:03:21:392[Info         ] Valid KVP [ObjConverter.Color] [random] added
2016-08-21 15:03:21:392[Info         ] Valid KVP [ObjConverter.Obj.InputFileFolder] [..\\Data\\Objs\\] added
2016-08-21 15:03:21:392[Info         ] Valid KVP [ObjConverter.Scene.OutputFileFolder] [..\\Data\\Scenes\\] added
2016-08-21 15:03:21:392[Info         ] Valid KVP [ObjConverter.Model.Dargon.NumVerts] [57967] added
2016-08-21 15:03:21:392[Info         ] Valid KVP [ObjConverter.Model.Dargon.NumIndices] [337824] added
2016-08-21 15:03:21:392[Info         ] Valid KVP [ObjConverter.Model.Dargon.NumTexCoords] [60175] added
2016-08-21 15:03:21:392[Info         ] Valid KVP [ObjConverter.Model.Dargon.NumNormals] [337824] added
2016-08-21 15:03:21:392[Info         ] Valid KVP [ObjConverter.Model.Swamp.NumVerts] [2735] added
2016-08-21 15:03:21:392[Info         ] Valid KVP [ObjConverter.Model.Swamp.NumIndices] [8556] added
2016-08-21 15:03:21:392[Info         ] Valid KVP [ObjConverter.Model.Swamp.NumTexCoords] [3622] added
2016-08-21 15:03:21:392[Info         ] Valid KVP [ObjConverter.Model.Swamp.NumNormals] [5156] added
2016-08-21 15:03:21:392[Info         ] Valid KVP [ObjConverter.Model.Pyramid.NumVerts] [5] added
2016-08-21 15:03:21:392[Info         ] Valid KVP [ObjConverter.Model.Pyramid.NumIndices] [18] added
2016-08-21 15:03:21:392[Info         ] Valid KVP [ObjConverter.Model.Pyramid.NumTexCoords] [10] added
2016-08-21 15:03:21:392[Info         ] Valid KVP [ObjConverter.Model.Pyramid.NumNormals] [16] added
2016-08-21 15:03:21:392[Info         ] Valid KVP [ObjConverter.Model.AIWorld.NumVerts] [1957] added
2016-08-21 15:03:21:392[Info         ] Valid KVP [ObjConverter.Model.AIWorld.NumIndices] [8718] added
2016-08-21 15:03:21:392[Info         ] Valid KVP [ObjConverter.Model.AIWorld.NumTexCoords] [4186] added
2016-08-21 15:03:21:392[Info         ] Valid KVP [ObjConverter.Model.AIWorld.NumNormals] [5418] added
2016-08-21 15:03:21:392[Info         ] Valid KVP [ObjConverter.Model.GameWeapon.NumVerts] [2068] added
2016-08-21 15:03:21:392[Info         ] Valid KVP [ObjConverter.Model.GameWeapon.NumIndices] [9894] added
2016-08-21 15:03:21:392[Info         ] Valid KVP [ObjConverter.Model.GameWeapon.NumTexCoords] [0] added
2016-08-21 15:03:21:392[Info         ] Valid KVP [ObjConverter.Model.GameWeapon.NumNormals] [0] added
2016-08-21 15:03:21:392[Info         ] Valid KVP [ObjConverter.Model.Chicken.NumVerts] [224] added
2016-08-21 15:03:21:392[Info         ] Valid KVP [ObjConverter.Model.Chicken.NumIndices] [1374] added
2016-08-21 15:03:21:392[Info         ] Valid KVP [ObjConverter.Model.Chicken.NumTexCoords] [472] added
2016-08-21 15:03:21:392[Info         ] Valid KVP [ObjConverter.Model.Chicken.NumNormals] [565] added
2016-08-21 15:03:21:392[Info         ] Valid KVP [ObjConverter.Model.WaterPlane.NumVerts] [29282] added
2016-08-21 15:03:21:392[Info         ] Valid KVP [ObjConverter.Model.WaterPlane.NumIndices] [172800] added
2016-08-21 15:03:21:392[Info         ] Valid KVP [ObjConverter.Model.WaterPlane.NumTexCoords] [29282] added
2016-08-21 15:03:21:392[Info         ] Valid KVP [ObjConverter.Model.WaterPlane.NumNormals] [172800] added
2016-08-21 15:03:21:392[Info         ] Valid KVP [ObjConverter.Model.Cube.NumVerts] [8] added
2016-08-21 15:03:21:392[Info         ] Valid KVP [ObjConverter.Model.Cube.NumIndices] [36] added
2016-08-21 15:03:21:392[Info         ] Valid KVP [ObjConverter.Model.Cube.NumTexCoords] [14] added
2016-08-21 15:03:21:392[Info         ] Valid KVP [ObjConverter.Model.Cube.NumNormals] [24] added
2016-08-21 15:03:21:392[Info         ] Valid KVP [ObjConverter.Model.Barrel.NumVerts] [172] added
2016-08-21 15:03:21:392[Info         ] Valid KVP [ObjConverter.Model.Barrel.NumIndices] [1008] added
2016-08-21 15:03:21:392[Info         ] Valid KVP [ObjConverter.Model.Barrel.NumTexCoords] [328] added
2016-08-21 15:03:21:392[Info         ] Valid KVP [ObjConverter.Model.Barrel.NumNormals] [204] added
2016-08-21 15:03:21:392[Info         ] Valid KVP [ObjConverter.Model.SkyBox.NumVerts] [8] added
2016-08-21 15:03:21:392[Info         ] Valid KVP [ObjConverter.Model.SkyBox.NumIndices] [36] added
2016-08-21 15:03:21:393[Info         ] Valid KVP [ObjConverter.Model.SkyBox.NumTexCoords] [18] added
2016-08-21 15:03:21:393[Info         ] Valid KVP [ObjConverter.Model.SkyBox.NumNormals] [24] added
2016-08-21 15:03:21:461[cInfo        ] Config reader opened [..\Data\BodaciousQuest.config] for reading!
2016-08-21 15:03:21:515[Process      ] ShaderManager Initialized successfully
2016-08-21 15:03:21:515[Info         ] Shader Init started
2016-08-21 15:03:21:515[Info         ] Shader Program created.
2016-08-21 15:03:21:515[Process      ] ShaderProgram::Initialize()[1] successful!
2016-08-21 15:03:21:515[Debug        ] File [..\Data\shaders\debug.vert.shader] Opened successfully! Buffer Length:[291]
2016-08-21 15:03:21:515[Debug        ] Shader file [..\Data\shaders\debug.vert.shader] contents:
//BEGIN
#version 430 core

layout(location = 0)  in vec3 vPosition;

layout(location = 15) uniform vec3 colorin;
layout(location = 16) uniform mat4 MAT;

out vec4 color;

void main()
{
	vec4 vertPos = vec4(vPosition, 1.0);
	gl_Position = MAT *  vertPos;
	color = vec4(colorin, 1.0);
}
//END

2016-08-21 15:03:21:515[Debug        ]  ShaderProgram::AddShader() file with data was read in
2016-08-21 15:03:21:515[Debug        ] ShaderProgram::AddShader() : glShaderSource() successful
2016-08-21 15:03:21:516[Debug        ] ShaderProgram::AddShader() : glCompileShader() successful
2016-08-21 15:03:21:516[Info         ] ShaderProgram::CheckShaderCompileStatus(2) successful.
2016-08-21 15:03:21:516[Debug        ] ShaderProgram::AddShader() : glCompileShader() successful
2016-08-21 15:03:21:516[Info         ] ShaderInfo saved successfully.
2016-08-21 15:03:21:516[Debug        ] ShaderProgram::AddShader() : glAttachShader() successful
2016-08-21 15:03:21:516[Info         ] ShaderProgram::AddShader [2] successful.
2016-08-21 15:03:21:516[Debug        ] File [..\Data\shaders\debug.frag.shader] Opened successfully! Buffer Length:[104]
2016-08-21 15:03:21:516[Debug        ] Shader file [..\Data\shaders\debug.frag.shader] contents:
//BEGIN
#version 430 core


in  vec4 color;
out vec4 outColor;

void main()
{
	outColor = color;
}


//END

2016-08-21 15:03:21:516[Debug        ]  ShaderProgram::AddShader() file with data was read in
2016-08-21 15:03:21:516[Debug        ] ShaderProgram::AddShader() : glShaderSource() successful
2016-08-21 15:03:21:516[Debug        ] ShaderProgram::AddShader() : glCompileShader() successful
2016-08-21 15:03:21:516[Info         ] ShaderProgram::CheckShaderCompileStatus(3) successful.
2016-08-21 15:03:21:516[Debug        ] ShaderProgram::AddShader() : glCompileShader() successful
2016-08-21 15:03:21:516[Info         ] ShaderInfo saved successfully.
2016-08-21 15:03:21:516[Debug        ] ShaderProgram::AddShader() : glAttachShader() successful
2016-08-21 15:03:21:516[Info         ] ShaderProgram::AddShader [3] successful.
2016-08-21 15:03:21:517[Info         ] CheckProgramStatus() successful!
2016-08-21 15:03:21:517[Info         ] CheckProgramStatus() successful!
2016-08-21 15:03:21:517[Info         ] Shader Init started
2016-08-21 15:03:21:517[Info         ] Shader Program created.
2016-08-21 15:03:21:517[Process      ] ShaderProgram::Initialize()[4] successful!
2016-08-21 15:03:21:518[Debug        ] File [..\Data\shaders\play.vert.shader] Opened successfully! Buffer Length:[343]
2016-08-21 15:03:21:518[Debug        ] Shader file [..\Data\shaders\play.vert.shader] contents:
//BEGIN
#version 430 core

layout (location = 0)  in vec3 vPosition;
layout (location = 1)  in vec3 vColor;
layout (location = 15) uniform vec3 colorin;
layout (location = 16) uniform mat4 MAT;

out vec4 color;

void main()
{
	vec4 vertPos = vec4(vPosition, 1.0);
	gl_Position = MAT *  vertPos;
	color = vec4((vColor + colorin), 1.0);
}
//END

2016-08-21 15:03:21:518[Debug        ]  ShaderProgram::AddShader() file with data was read in
2016-08-21 15:03:21:518[Debug        ] ShaderProgram::AddShader() : glShaderSource() successful
2016-08-21 15:03:21:518[Debug        ] ShaderProgram::AddShader() : glCompileShader() successful
2016-08-21 15:03:21:518[Info         ] ShaderProgram::CheckShaderCompileStatus(5) successful.
2016-08-21 15:03:21:518[Debug        ] ShaderProgram::AddShader() : glCompileShader() successful
2016-08-21 15:03:21:518[Info         ] ShaderInfo saved successfully.
2016-08-21 15:03:21:518[Debug        ] ShaderProgram::AddShader() : glAttachShader() successful
2016-08-21 15:03:21:518[Info         ] ShaderProgram::AddShader [5] successful.
2016-08-21 15:03:21:518[Debug        ] File [..\Data\shaders\play.frag.shader] Opened successfully! Buffer Length:[391]
2016-08-21 15:03:21:518[Debug        ] Shader file [..\Data\shaders\play.frag.shader] contents:
//BEGIN
#version 430 core


in  vec4 color;
out vec4 outColor;

void main()
{

	//if (color.r < .7) discard;
	outColor = color;

	//if(((gl_FragCoord.x  > 600)&& (gl_FragCoord.y < 300)) || ((gl_FragCoord.y < 300)  && (gl_FragCoord.x  < 600) )) {
	//discard;
	//}

	//vec2 scrPos = vec2(gl_FragCoord) - vec2(350,150);
	//float len =  length(scrPos);
	//if(len < 50 )discard;
}


//END

2016-08-21 15:03:21:518[Debug        ]  ShaderProgram::AddShader() file with data was read in
2016-08-21 15:03:21:518[Debug        ] ShaderProgram::AddShader() : glShaderSource() successful
2016-08-21 15:03:21:518[Debug        ] ShaderProgram::AddShader() : glCompileShader() successful
2016-08-21 15:03:21:518[Info         ] ShaderProgram::CheckShaderCompileStatus(6) successful.
2016-08-21 15:03:21:518[Debug        ] ShaderProgram::AddShader() : glCompileShader() successful
2016-08-21 15:03:21:518[Info         ] ShaderInfo saved successfully.
2016-08-21 15:03:21:518[Debug        ] ShaderProgram::AddShader() : glAttachShader() successful
2016-08-21 15:03:21:518[Info         ] ShaderProgram::AddShader [6] successful.
2016-08-21 15:03:21:519[Info         ] CheckProgramStatus() successful!
2016-08-21 15:03:21:519[Info         ] CheckProgramStatus() successful!
2016-08-21 15:03:21:519[Info         ] Shader Init started
2016-08-21 15:03:21:519[Info         ] Shader Program created.
2016-08-21 15:03:21:519[Process      ] ShaderProgram::Initialize()[7] successful!
2016-08-21 15:03:21:519[Debug        ] File [..\Data\shaders\texture.vert.shader] Opened successfully! Buffer Length:[305]
2016-08-21 15:03:21:519[Debug        ] Shader file [..\Data\shaders\texture.vert.shader] contents:
//BEGIN
#version 430 core

layout (location = 0)  in vec3 vPosition;
layout (location = 1)  in vec2 vUV;

layout (location = 16) uniform mat4 MAT;

//out data
out vec2 UV;

//out vec4 color;

void main()
{
	vec4 vertPos = vec4(vPosition, 1.0);
	gl_Position = MAT *  vertPos;

	UV = vUV;
	
	
}
//END

2016-08-21 15:03:21:519[Debug        ]  ShaderProgram::AddShader() file with data was read in
2016-08-21 15:03:21:519[Debug        ] ShaderProgram::AddShader() : glShaderSource() successful
2016-08-21 15:03:21:519[Debug        ] ShaderProgram::AddShader() : glCompileShader() successful
2016-08-21 15:03:21:519[Info         ] ShaderProgram::CheckShaderCompileStatus(8) successful.
2016-08-21 15:03:21:519[Debug        ] ShaderProgram::AddShader() : glCompileShader() successful
2016-08-21 15:03:21:519[Info         ] ShaderInfo saved successfully.
2016-08-21 15:03:21:519[Debug        ] ShaderProgram::AddShader() : glAttachShader() successful
2016-08-21 15:03:21:519[Info         ] ShaderProgram::AddShader [8] successful.
2016-08-21 15:03:21:519[Debug        ] File [..\Data\shaders\texture.frag.shader] Opened successfully! Buffer Length:[482]
2016-08-21 15:03:21:520[Debug        ] Shader file [..\Data\shaders\texture.frag.shader] contents:
//BEGIN
#version 430 core


in  vec2 UV;
out vec4 outColor;

layout(location = 20) uniform sampler2D textureSampler;

void main()
{

	//if (color.r < .7) discard;
	outColor = vec4(texture(textureSampler, UV).rgb, 1.0);

	//if(((gl_FragCoord.x  > 600)&& (gl_FragCoord.y < 300)) || ((gl_FragCoord.y < 300)  && (gl_FragCoord.x  < 600) )) {
	//discard;
	//}
	//vec2 scrPos = vec2(gl_FragCoord) - vec2(350,150);
	//float len =  length(scrPos);
	//if(len < 50 )discard;
}


//END

2016-08-21 15:03:21:520[Debug        ]  ShaderProgram::AddShader() file with data was read in
2016-08-21 15:03:21:520[Debug        ] ShaderProgram::AddShader() : glShaderSource() successful
2016-08-21 15:03:21:520[Debug        ] ShaderProgram::AddShader() : glCompileShader() successful
2016-08-21 15:03:21:520[Info         ] ShaderProgram::CheckShaderCompileStatus(9) successful.
2016-08-21 15:03:21:520[Debug        ] ShaderProgram::AddShader() : glCompileShader() successful
2016-08-21 15:03:21:520[Info         ] ShaderInfo saved successfully.
2016-08-21 15:03:21:520[Debug        ] ShaderProgram::AddShader() : glAttachShader() successful
2016-08-21 15:03:21:520[Info         ] ShaderProgram::AddShader [9] successful.
2016-08-21 15:03:21:521[Info         ] CheckProgramStatus() successful!
2016-08-21 15:03:21:521[Info         ] CheckProgramStatus() successful!
2016-08-21 15:03:21:521[Info         ] Shader Init started
2016-08-21 15:03:21:521[Info         ] Shader Program created.
2016-08-21 15:03:21:521[Process      ] ShaderProgram::Initialize()[10] successful!
2016-08-21 15:03:21:521[Debug        ] File [..\Data\shaders\framebuffer.vert.shader] Opened successfully! Buffer Length:[305]
2016-08-21 15:03:21:521[Debug        ] Shader file [..\Data\shaders\framebuffer.vert.shader] contents:
//BEGIN
#version 430 core

layout (location = 0)  in vec3 vPosition;
layout (location = 1)  in vec2 vUV;

layout (location = 16) uniform mat4 MAT;

//out data
out vec2 UV;

//out vec4 color;

void main()
{
	vec4 vertPos = vec4(vPosition, 1.0);
	gl_Position = MAT *  vertPos;

	UV = vUV;
	
	
}
//END

2016-08-21 15:03:21:521[Debug        ]  ShaderProgram::AddShader() file with data was read in
2016-08-21 15:03:21:521[Debug        ] ShaderProgram::AddShader() : glShaderSource() successful
2016-08-21 15:03:21:521[Debug        ] ShaderProgram::AddShader() : glCompileShader() successful
2016-08-21 15:03:21:521[Info         ] ShaderProgram::CheckShaderCompileStatus(11) successful.
2016-08-21 15:03:21:521[Debug        ] ShaderProgram::AddShader() : glCompileShader() successful
2016-08-21 15:03:21:521[Info         ] ShaderInfo saved successfully.
2016-08-21 15:03:21:521[Debug        ] ShaderProgram::AddShader() : glAttachShader() successful
2016-08-21 15:03:21:521[Info         ] ShaderProgram::AddShader [11] successful.
2016-08-21 15:03:21:521[Debug        ] File [..\Data\shaders\framebuffer.frag.shader] Opened successfully! Buffer Length:[275]
2016-08-21 15:03:21:521[Debug        ] Shader file [..\Data\shaders\framebuffer.frag.shader] contents:
//BEGIN
#version 430 core


in  vec2 UV;
out vec4 outColor;

layout(location = 20) uniform sampler2D textureSampler;

void main()
{


	vec3 tempCol = texture(textureSampler, UV).rgb;

	outColor = vec4(tempCol.r / 1.5f, tempCol.g / 1.5f, tempCol.b / 1.5f, 1.0f);
}


//END

2016-08-21 15:03:21:521[Debug        ]  ShaderProgram::AddShader() file with data was read in
2016-08-21 15:03:21:521[Debug        ] ShaderProgram::AddShader() : glShaderSource() successful
2016-08-21 15:03:21:522[Debug        ] ShaderProgram::AddShader() : glCompileShader() successful
2016-08-21 15:03:21:522[Info         ] ShaderProgram::CheckShaderCompileStatus(12) successful.
2016-08-21 15:03:21:522[Debug        ] ShaderProgram::AddShader() : glCompileShader() successful
2016-08-21 15:03:21:522[Info         ] ShaderInfo saved successfully.
2016-08-21 15:03:21:522[Debug        ] ShaderProgram::AddShader() : glAttachShader() successful
2016-08-21 15:03:21:522[Info         ] ShaderProgram::AddShader [12] successful.
2016-08-21 15:03:21:523[Info         ] CheckProgramStatus() successful!
2016-08-21 15:03:21:523[Info         ] CheckProgramStatus() successful!
2016-08-21 15:03:21:523[Info         ] Shader Init started
2016-08-21 15:03:21:523[Info         ] Shader Program created.
2016-08-21 15:03:21:523[Process      ] ShaderProgram::Initialize()[13] successful!
2016-08-21 15:03:21:523[Debug        ] File [..\Data\shaders\lighting.vert.shader] Opened successfully! Buffer Length:[1145]
2016-08-21 15:03:21:523[cDebug       ] Shader file [..\Data\shaders\lighting.vert.shader] is too big to display contents.
2016-08-21 15:03:21:525[Debug        ]  ShaderProgram::AddShader() file with data was read in
2016-08-21 15:03:21:525[Debug        ] ShaderProgram::AddShader() : glShaderSource() successful
2016-08-21 15:03:21:525[Debug        ] ShaderProgram::AddShader() : glCompileShader() successful
2016-08-21 15:03:21:525[Info         ] ShaderProgram::CheckShaderCompileStatus(14) successful.
2016-08-21 15:03:21:525[Debug        ] ShaderProgram::AddShader() : glCompileShader() successful
2016-08-21 15:03:21:525[Info         ] ShaderInfo saved successfully.
2016-08-21 15:03:21:525[Debug        ] ShaderProgram::AddShader() : glAttachShader() successful
2016-08-21 15:03:21:525[Info         ] ShaderProgram::AddShader [14] successful.
2016-08-21 15:03:21:525[Debug        ] File [..\Data\shaders\lighting.frag.shader] Opened successfully! Buffer Length:[1744]
2016-08-21 15:03:21:525[cDebug       ] Shader file [..\Data\shaders\lighting.frag.shader] is too big to display contents.
2016-08-21 15:03:21:527[Debug        ]  ShaderProgram::AddShader() file with data was read in
2016-08-21 15:03:21:527[Debug        ] ShaderProgram::AddShader() : glShaderSource() successful
2016-08-21 15:03:21:528[Debug        ] ShaderProgram::AddShader() : glCompileShader() successful
2016-08-21 15:03:21:528[Info         ] ShaderProgram::CheckShaderCompileStatus(15) successful.
2016-08-21 15:03:21:528[Debug        ] ShaderProgram::AddShader() : glCompileShader() successful
2016-08-21 15:03:21:528[Info         ] ShaderInfo saved successfully.
2016-08-21 15:03:21:528[Debug        ] ShaderProgram::AddShader() : glAttachShader() successful
2016-08-21 15:03:21:528[Info         ] ShaderProgram::AddShader [15] successful.
2016-08-21 15:03:21:532[Info         ] CheckProgramStatus() successful!
2016-08-21 15:03:21:532[Info         ] CheckProgramStatus() successful!
2016-08-21 15:03:21:533[Info         ] Shader Init started
2016-08-21 15:03:21:533[Info         ] Shader Program created.
2016-08-21 15:03:21:533[Process      ] ShaderProgram::Initialize()[16] successful!
2016-08-21 15:03:21:533[Debug        ] File [..\Data\shaders\texlighting.vert.shader] Opened successfully! Buffer Length:[1110]
2016-08-21 15:03:21:533[cDebug       ] Shader file [..\Data\shaders\texlighting.vert.shader] is too big to display contents.
2016-08-21 15:03:21:534[Debug        ]  ShaderProgram::AddShader() file with data was read in
2016-08-21 15:03:21:534[Debug        ] ShaderProgram::AddShader() : glShaderSource() successful
2016-08-21 15:03:21:535[Debug        ] ShaderProgram::AddShader() : glCompileShader() successful
2016-08-21 15:03:21:535[Info         ] ShaderProgram::CheckShaderCompileStatus(17) successful.
2016-08-21 15:03:21:535[Debug        ] ShaderProgram::AddShader() : glCompileShader() successful
2016-08-21 15:03:21:535[Info         ] ShaderInfo saved successfully.
2016-08-21 15:03:21:535[Debug        ] ShaderProgram::AddShader() : glAttachShader() successful
2016-08-21 15:03:21:535[Info         ] ShaderProgram::AddShader [17] successful.
2016-08-21 15:03:21:535[Debug        ] File [..\Data\shaders\texlighting.frag.shader] Opened successfully! Buffer Length:[1717]
2016-08-21 15:03:21:535[cDebug       ] Shader file [..\Data\shaders\texlighting.frag.shader] is too big to display contents.
2016-08-21 15:03:21:536[Debug        ]  ShaderProgram::AddShader() file with data was read in
2016-08-21 15:03:21:536[Debug        ] ShaderProgram::AddShader() : glShaderSource() successful
2016-08-21 15:03:21:537[Debug        ] ShaderProgram::AddShader() : glCompileShader() successful
2016-08-21 15:03:21:537[Info         ] ShaderProgram::CheckShaderCompileStatus(18) successful.
2016-08-21 15:03:21:537[Debug        ] ShaderProgram::AddShader() : glCompileShader() successful
2016-08-21 15:03:21:537[Info         ] ShaderInfo saved successfully.
2016-08-21 15:03:21:537[Debug        ] ShaderProgram::AddShader() : glAttachShader() successful
2016-08-21 15:03:21:537[Info         ] ShaderProgram::AddShader [18] successful.
2016-08-21 15:03:21:540[Info         ] CheckProgramStatus() successful!
2016-08-21 15:03:21:540[Info         ] CheckProgramStatus() successful!
2016-08-21 15:03:21:540[Info         ] Shader Init started
2016-08-21 15:03:21:540[Info         ] Shader Program created.
2016-08-21 15:03:21:540[Process      ] ShaderProgram::Initialize()[19] successful!
2016-08-21 15:03:21:540[Debug        ] File [..\Data\shaders\water.vert.shader] Opened successfully! Buffer Length:[1400]
2016-08-21 15:03:21:540[cDebug       ] Shader file [..\Data\shaders\water.vert.shader] is too big to display contents.
2016-08-21 15:03:21:542[Debug        ]  ShaderProgram::AddShader() file with data was read in
2016-08-21 15:03:21:542[Debug        ] ShaderProgram::AddShader() : glShaderSource() successful
2016-08-21 15:03:21:543[Debug        ] ShaderProgram::AddShader() : glCompileShader() successful
2016-08-21 15:03:21:543[Info         ] ShaderProgram::CheckShaderCompileStatus(20) successful.
2016-08-21 15:03:21:543[Debug        ] ShaderProgram::AddShader() : glCompileShader() successful
2016-08-21 15:03:21:543[Info         ] ShaderInfo saved successfully.
2016-08-21 15:03:21:543[Debug        ] ShaderProgram::AddShader() : glAttachShader() successful
2016-08-21 15:03:21:543[Info         ] ShaderProgram::AddShader [20] successful.
2016-08-21 15:03:21:543[Debug        ] File [..\Data\shaders\water.frag.shader] Opened successfully! Buffer Length:[2436]
2016-08-21 15:03:21:543[cDebug       ] Shader file [..\Data\shaders\water.frag.shader] is too big to display contents.
2016-08-21 15:03:21:545[Debug        ]  ShaderProgram::AddShader() file with data was read in
2016-08-21 15:03:21:545[Debug        ] ShaderProgram::AddShader() : glShaderSource() successful
2016-08-21 15:03:21:545[Debug        ] ShaderProgram::AddShader() : glCompileShader() successful
2016-08-21 15:03:21:546[Info         ] ShaderProgram::CheckShaderCompileStatus(21) successful.
2016-08-21 15:03:21:546[Debug        ] ShaderProgram::AddShader() : glCompileShader() successful
2016-08-21 15:03:21:546[Info         ] ShaderInfo saved successfully.
2016-08-21 15:03:21:546[Debug        ] ShaderProgram::AddShader() : glAttachShader() successful
2016-08-21 15:03:21:546[Info         ] ShaderProgram::AddShader [21] successful.
2016-08-21 15:03:21:548[Info         ] CheckProgramStatus() successful!
2016-08-21 15:03:21:548[Info         ] CheckProgramStatus() successful!
2016-08-21 15:03:21:548[Info         ] GetAttribLocation [vPosition] successful.
2016-08-21 15:03:21:548[Info         ] GetUniformLocation [colorin] successful.
2016-08-21 15:03:21:548[Info         ] GetUniformLocation [MAT] successful.
2016-08-21 15:03:21:549[cProcess     ] RenderEngine::Initialize() successful.
2016-08-21 15:03:21:550[cInfo        ] 
-----------------------------------------------------------------------
 BufferInfo::CreateBuffers()[0] Created buffers:| VERTEX [1] with [80] bytes. || INDEX [2] with [24] bytes |
-----------------------------------------------------------------------

2016-08-21 15:03:21:555[cInfo        ] --------BufferInfo::AddMesh() Added mesh successfully-------
2016-08-21 15:03:21:556[cInfo        ] 
2016-08-21 15:03:21:557[cInfo        ] --------------------| START BUFFER MESH INFO |-------------------------------------
2016-08-21 15:03:21:558[cInfo        ] BufferInfo::AddMesh(): NUM VERTS-----------------[4]
2016-08-21 15:03:21:560[cInfo        ] BufferInfo::AddMesh(): NUM INDICES---------------[6]
2016-08-21 15:03:21:562[cInfo        ] BufferInfo::AddMesh(): VERT OFFSET---------------[0]
2016-08-21 15:03:21:563[cInfo        ] BufferInfo::AddMesh(): INDICES OFFSET (BYTES)----[0]
2016-08-21 15:03:21:564[cInfo        ] --------------------|  END BUFFER MESH INFO  |--------------------------------------
2016-08-21 15:03:21:566[cInfo        ] 

2016-08-21 15:03:21:567[cInfo        ] 
-----------------------------------------------------------------------
 BufferInfo::CreateBuffers()[0] Created buffers:| VERTEX [3] with [96] bytes. || INDEX [4] with [48] bytes |
-----------------------------------------------------------------------

2016-08-21 15:03:21:572[cInfo        ] --------BufferInfo::AddMesh() Added mesh successfully-------
2016-08-21 15:03:21:572[cInfo        ] 
2016-08-21 15:03:21:573[cInfo        ] --------------------| START BUFFER MESH INFO |-------------------------------------
2016-08-21 15:03:21:574[cInfo        ] BufferInfo::AddMesh(): NUM VERTS-----------------[8]
2016-08-21 15:03:21:575[cInfo        ] BufferInfo::AddMesh(): NUM INDICES---------------[24]
2016-08-21 15:03:21:576[cInfo        ] BufferInfo::AddMesh(): VERT OFFSET---------------[0]
2016-08-21 15:03:21:576[cInfo        ] BufferInfo::AddMesh(): INDICES OFFSET (BYTES)----[0]
2016-08-21 15:03:21:580[cInfo        ] --------------------|  END BUFFER MESH INFO  |--------------------------------------
2016-08-21 15:03:21:581[cInfo        ] 

2016-08-21 15:03:21:582[cInfo        ] 
-----------------------------------------------------------------------
 BufferInfo::CreateBuffers()[0] Created buffers:| VERTEX [5] with [864] bytes. || INDEX [6] with [0] bytes |
-----------------------------------------------------------------------

2016-08-21 15:03:21:585[cInfo        ] --------BufferInfo::AddMesh() Added mesh successfully-------
2016-08-21 15:03:21:586[cInfo        ] 
2016-08-21 15:03:21:586[cInfo        ] --------------------| START BUFFER MESH INFO |-------------------------------------
2016-08-21 15:03:21:588[cInfo        ] BufferInfo::AddMesh(): NUM VERTS-----------------[36]
2016-08-21 15:03:21:588[cInfo        ] BufferInfo::AddMesh(): NUM INDICES---------------[0]
2016-08-21 15:03:21:590[cInfo        ] BufferInfo::AddMesh(): VERT OFFSET---------------[0]
2016-08-21 15:03:21:591[cInfo        ] BufferInfo::AddMesh(): INDICES OFFSET (BYTES)----[0]
2016-08-21 15:03:21:592[cInfo        ] --------------------|  END BUFFER MESH INFO  |--------------------------------------
2016-08-21 15:03:21:593[cInfo        ] 

2016-08-21 15:03:21:594[cInfo        ] 
-----------------------------------------------------------------------
 BufferInfo::CreateBuffers()[0] Created buffers:| VERTEX [7] with [144] bytes. || INDEX [8] with [0] bytes |
-----------------------------------------------------------------------

2016-08-21 15:03:21:600[cInfo        ] --------BufferInfo::AddMesh() Added mesh successfully-------
2016-08-21 15:03:21:601[cInfo        ] 
2016-08-21 15:03:21:601[cInfo        ] --------------------| START BUFFER MESH INFO |-------------------------------------
2016-08-21 15:03:21:602[cInfo        ] BufferInfo::AddMesh(): NUM VERTS-----------------[6]
2016-08-21 15:03:21:603[cInfo        ] BufferInfo::AddMesh(): NUM INDICES---------------[0]
2016-08-21 15:03:21:604[cInfo        ] BufferInfo::AddMesh(): VERT OFFSET---------------[0]
2016-08-21 15:03:21:605[cInfo        ] BufferInfo::AddMesh(): INDICES OFFSET (BYTES)----[0]
2016-08-21 15:03:21:606[cInfo        ] --------------------|  END BUFFER MESH INFO  |--------------------------------------
2016-08-21 15:03:21:607[cInfo        ] 

2016-08-21 15:03:21:607[Process      ] BufferInfo::Initialize() successful.
2016-08-21 15:03:21:607[cInfo        ] 
-----------------------------------------------------------------------
 BufferInfo::CreateBuffers()[0] Created buffers:| VERTEX [9] with [1000000] bytes. || INDEX [10] with [1000000] bytes |
-----------------------------------------------------------------------

2016-08-21 15:03:21:613[cInfo        ] --------BufferInfo::AddMesh() Added mesh successfully-------
2016-08-21 15:03:21:614[cInfo        ] 
2016-08-21 15:03:21:614[cInfo        ] --------------------| START BUFFER MESH INFO |-------------------------------------
2016-08-21 15:03:21:615[cInfo        ] BufferInfo::AddMesh(): NUM VERTS-----------------[24]
2016-08-21 15:03:21:616[cInfo        ] BufferInfo::AddMesh(): NUM INDICES---------------[36]
2016-08-21 15:03:21:617[cInfo        ] BufferInfo::AddMesh(): VERT OFFSET---------------[0]
2016-08-21 15:03:21:618[cInfo        ] BufferInfo::AddMesh(): INDICES OFFSET (BYTES)----[0]
2016-08-21 15:03:21:620[cInfo        ] --------------------|  END BUFFER MESH INFO  |--------------------------------------
2016-08-21 15:03:21:621[cInfo        ] 

2016-08-21 15:03:21:622[Process      ] BufferInfo::Initialize() successful.
2016-08-21 15:03:21:623[cInfo        ] 
-----------------------------------------------------------------------
 BufferInfo::CreateBuffers()[1] Created buffers:| VERTEX [11] with [1000000] bytes. || INDEX [12] with [1000000] bytes |
-----------------------------------------------------------------------

2016-08-21 15:03:21:626[cInfo        ] --------BufferInfo::AddMesh() Added mesh successfully-------
2016-08-21 15:03:21:627[cInfo        ] 
2016-08-21 15:03:21:628[cInfo        ] --------------------| START BUFFER MESH INFO |-------------------------------------
2016-08-21 15:03:21:631[cInfo        ] BufferInfo::AddMesh(): NUM VERTS-----------------[1536]
2016-08-21 15:03:21:632[cInfo        ] BufferInfo::AddMesh(): NUM INDICES---------------[3072]
2016-08-21 15:03:21:633[cInfo        ] BufferInfo::AddMesh(): VERT OFFSET---------------[0]
2016-08-21 15:03:21:634[cInfo        ] BufferInfo::AddMesh(): INDICES OFFSET (BYTES)----[0]
2016-08-21 15:03:21:634[cInfo        ] --------------------|  END BUFFER MESH INFO  |--------------------------------------
2016-08-21 15:03:21:635[cInfo        ] 

2016-08-21 15:03:21:636[cInfo        ] 
-----------------------------------------------------------------------
 BufferInfo::CreateBuffers()[0] Created buffers:| VERTEX [13] with [3936] bytes. || INDEX [14] with [0] bytes |
-----------------------------------------------------------------------

2016-08-21 15:03:21:641[cInfo        ] --------BufferInfo::AddMesh() Added mesh successfully-------
2016-08-21 15:03:21:642[cInfo        ] 
2016-08-21 15:03:21:642[cInfo        ] --------------------| START BUFFER MESH INFO |-------------------------------------
2016-08-21 15:03:21:643[cInfo        ] BufferInfo::AddMesh(): NUM VERTS-----------------[164]
2016-08-21 15:03:21:644[cInfo        ] BufferInfo::AddMesh(): NUM INDICES---------------[0]
2016-08-21 15:03:21:645[cInfo        ] BufferInfo::AddMesh(): VERT OFFSET---------------[0]
2016-08-21 15:03:21:646[cInfo        ] BufferInfo::AddMesh(): INDICES OFFSET (BYTES)----[0]
2016-08-21 15:03:21:647[cInfo        ] --------------------|  END BUFFER MESH INFO  |--------------------------------------
2016-08-21 15:03:21:649[cInfo        ] 

2016-08-21 15:03:21:650[cProcess     ] ShapeGenerator initialized successfully.
2016-08-21 15:03:21:651[cProcess     ] Camera::Initialize() successful.
2016-08-21 15:03:21:651[cProcess     ] Keyboard::Initialize() successful
2016-08-21 15:03:21:652[cProcess     ] Keyboard::Initialize() successful
2016-08-21 15:03:21:666[cInfo        ] 
-----------------------------------------------------------------------
 BufferInfo::CreateBuffers()[0] Created buffers:| VERTEX [15] with [10810368] bytes. || INDEX [16] with [0] bytes |
-----------------------------------------------------------------------

2016-08-21 15:03:21:693[cInfo        ] --------BufferInfo::AddMesh() Added mesh successfully-------
2016-08-21 15:03:21:695[cInfo        ] 
2016-08-21 15:03:21:696[cInfo        ] --------------------| START BUFFER MESH INFO |-------------------------------------
2016-08-21 15:03:21:698[cInfo        ] BufferInfo::AddMesh(): NUM VERTS-----------------[337824]
2016-08-21 15:03:21:699[cInfo        ] BufferInfo::AddMesh(): NUM INDICES---------------[0]
2016-08-21 15:03:21:700[cInfo        ] BufferInfo::AddMesh(): VERT OFFSET---------------[0]
2016-08-21 15:03:21:701[cInfo        ] BufferInfo::AddMesh(): INDICES OFFSET (BYTES)----[0]
2016-08-21 15:03:21:702[cInfo        ] --------------------|  END BUFFER MESH INFO  |--------------------------------------
2016-08-21 15:03:21:704[cInfo        ] 

2016-08-21 15:03:21:756[Info         ] ShapeGenerator::ReadSceneFile(): Added new scene [..\Data\Scenes\Dargon.ptn.scene] successfully.
2016-08-21 15:03:21:756[cInfo        ] EntityManager::BuildPlayerEntity(): Built [Dargon] successfully
2016-08-21 15:03:21:762[Process      ] BufferInfo::Initialize() successful.
2016-08-21 15:03:21:768[cInfo        ] 
-----------------------------------------------------------------------
 BufferInfo::CreateBuffers()[2] Created buffers:| VERTEX [17] with [1000000] bytes. || INDEX [18] with [1000000] bytes |
-----------------------------------------------------------------------

2016-08-21 15:03:21:775[cInfo        ] --------BufferInfo::AddMesh() Added mesh successfully-------
2016-08-21 15:03:21:776[cInfo        ] 
2016-08-21 15:03:21:777[cInfo        ] --------------------| START BUFFER MESH INFO |-------------------------------------
2016-08-21 15:03:21:779[cInfo        ] BufferInfo::AddMesh(): NUM VERTS-----------------[36]
2016-08-21 15:03:21:779[cInfo        ] BufferInfo::AddMesh(): NUM INDICES---------------[0]
2016-08-21 15:03:21:780[cInfo        ] BufferInfo::AddMesh(): VERT OFFSET---------------[0]
2016-08-21 15:03:21:781[cInfo        ] BufferInfo::AddMesh(): INDICES OFFSET (BYTES)----[0]
2016-08-21 15:03:21:782[cInfo        ] --------------------|  END BUFFER MESH INFO  |--------------------------------------
2016-08-21 15:03:21:783[cInfo        ] 

2016-08-21 15:03:21:784[Info         ] ShapeGenerator::ReadSceneFile(): Added new scene [..\Data\Scenes\Cube.pn.scene] successfully.
2016-08-21 15:03:21:784[Process      ] BufferInfo::Initialize() successful.
2016-08-21 15:03:21:784[cInfo        ] 
-----------------------------------------------------------------------
 BufferInfo::CreateBuffers()[3] Created buffers:| VERTEX [19] with [1000000] bytes. || INDEX [20] with [1000000] bytes |
-----------------------------------------------------------------------

2016-08-21 15:03:21:789[cInfo        ] --------BufferInfo::AddMesh() Added mesh successfully-------
2016-08-21 15:03:21:790[cInfo        ] 
2016-08-21 15:03:21:791[cInfo        ] --------------------| START BUFFER MESH INFO |-------------------------------------
2016-08-21 15:03:21:792[cInfo        ] BufferInfo::AddMesh(): NUM VERTS-----------------[8718]
2016-08-21 15:03:21:793[cInfo        ] BufferInfo::AddMesh(): NUM INDICES---------------[0]
2016-08-21 15:03:21:794[cInfo        ] BufferInfo::AddMesh(): VERT OFFSET---------------[0]
2016-08-21 15:03:21:796[cInfo        ] BufferInfo::AddMesh(): INDICES OFFSET (BYTES)----[0]
2016-08-21 15:03:21:796[cInfo        ] --------------------|  END BUFFER MESH INFO  |--------------------------------------
2016-08-21 15:03:21:798[cInfo        ] 

2016-08-21 15:03:21:800[Info         ] ShapeGenerator::ReadSceneFile(): Added new scene [..\Data\Scenes\AIWorld.ptn.scene] successfully.
2016-08-21 15:03:21:801[cInfo        ] --------BufferInfo::AddMesh() Added mesh successfully-------
2016-08-21 15:03:21:802[cInfo        ] 
2016-08-21 15:03:21:803[cInfo        ] --------------------| START BUFFER MESH INFO |-------------------------------------
2016-08-21 15:03:21:806[cInfo        ] BufferInfo::AddMesh(): NUM VERTS-----------------[18]
2016-08-21 15:03:21:807[cInfo        ] BufferInfo::AddMesh(): NUM INDICES---------------[0]
2016-08-21 15:03:21:809[cInfo        ] BufferInfo::AddMesh(): VERT OFFSET---------------[36]
2016-08-21 15:03:21:811[cInfo        ] BufferInfo::AddMesh(): INDICES OFFSET (BYTES)----[0]
2016-08-21 15:03:21:812[cInfo        ] --------------------|  END BUFFER MESH INFO  |--------------------------------------
2016-08-21 15:03:21:814[cInfo        ] 

2016-08-21 15:03:21:816[Info         ] ShapeGenerator::ReadSceneFile(): Added new scene [..\Data\Scenes\Pyramid.pn.scene] successfully.
2016-08-21 15:03:21:822[cInfo        ] 
-----------------------------------------------------------------------
 BufferInfo::CreateBuffers()[0] Created buffers:| VERTEX [21] with [5529600] bytes. || INDEX [22] with [0] bytes |
-----------------------------------------------------------------------

2016-08-21 15:03:21:840[cInfo        ] --------BufferInfo::AddMesh() Added mesh successfully-------
2016-08-21 15:03:21:841[cInfo        ] 
2016-08-21 15:03:21:841[cInfo        ] --------------------| START BUFFER MESH INFO |-------------------------------------
2016-08-21 15:03:21:845[cInfo        ] BufferInfo::AddMesh(): NUM VERTS-----------------[172800]
2016-08-21 15:03:21:846[cInfo        ] BufferInfo::AddMesh(): NUM INDICES---------------[0]
2016-08-21 15:03:21:847[cInfo        ] BufferInfo::AddMesh(): VERT OFFSET---------------[0]
2016-08-21 15:03:21:849[cInfo        ] BufferInfo::AddMesh(): INDICES OFFSET (BYTES)----[0]
2016-08-21 15:03:21:850[cInfo        ] --------------------|  END BUFFER MESH INFO  |--------------------------------------
2016-08-21 15:03:21:851[cInfo        ] 

2016-08-21 15:03:21:853[Info         ] ShapeGenerator::ReadSceneFile(): Added new scene [..\Data\Scenes\WaterPlane.ptn.scene] successfully.
2016-08-21 15:03:21:854[cProcess     ] Camera::Initialize() successful.
2016-08-21 15:03:21:864[Process      ] BufferInfo::Initialize() successful.
2016-08-21 15:03:21:864[cInfo        ] 
-----------------------------------------------------------------------
 BufferInfo::CreateBuffers()[4] Created buffers:| VERTEX [23] with [8107776] bytes. || INDEX [24] with [0] bytes |
-----------------------------------------------------------------------

2016-08-21 15:03:21:891[cInfo        ] --------BufferInfo::AddMesh() Added mesh successfully-------
2016-08-21 15:03:21:892[cInfo        ] 
2016-08-21 15:03:21:893[cInfo        ] --------------------| START BUFFER MESH INFO |-------------------------------------
2016-08-21 15:03:21:894[cInfo        ] BufferInfo::AddMesh(): NUM VERTS-----------------[337824]
2016-08-21 15:03:21:895[cInfo        ] BufferInfo::AddMesh(): NUM INDICES---------------[0]
2016-08-21 15:03:21:896[cInfo        ] BufferInfo::AddMesh(): VERT OFFSET---------------[0]
2016-08-21 15:03:21:898[cInfo        ] BufferInfo::AddMesh(): INDICES OFFSET (BYTES)----[0]
2016-08-21 15:03:21:899[cInfo        ] --------------------|  END BUFFER MESH INFO  |--------------------------------------
2016-08-21 15:03:21:901[cInfo        ] 

2016-08-21 15:03:21:902[Info         ] ShapeGenerator::ReadSceneFile(): Added new scene [..\Data\Scenes\Dargon.pn.scene] successfully.
2016-08-21 15:03:21:902[Process      ] BufferInfo::Initialize() successful.
2016-08-21 15:03:21:902[cInfo        ] 
-----------------------------------------------------------------------
 BufferInfo::CreateBuffers()[5] Created buffers:| VERTEX [25] with [1000000] bytes. || INDEX [26] with [1000000] bytes |
-----------------------------------------------------------------------

2016-08-21 15:03:21:906[cInfo        ] --------BufferInfo::AddMesh() Added mesh successfully-------
2016-08-21 15:03:21:907[cInfo        ] 
2016-08-21 15:03:21:907[cInfo        ] --------------------| START BUFFER MESH INFO |-------------------------------------
2016-08-21 15:03:21:909[cInfo        ] BufferInfo::AddMesh(): NUM VERTS-----------------[6]
2016-08-21 15:03:21:911[cInfo        ] BufferInfo::AddMesh(): NUM INDICES---------------[0]
2016-08-21 15:03:21:912[cInfo        ] BufferInfo::AddMesh(): VERT OFFSET---------------[0]
2016-08-21 15:03:21:913[cInfo        ] BufferInfo::AddMesh(): INDICES OFFSET (BYTES)----[0]
2016-08-21 15:03:21:914[cInfo        ] --------------------|  END BUFFER MESH INFO  |--------------------------------------
2016-08-21 15:03:21:915[cInfo        ] 

2016-08-21 15:03:21:916[cProcess     ] BodaciousQuest::Initialize() successful.
2016-08-21 15:03:21:916[Process      ] GameTime::Initialize() ok

2016-08-21 15:03:21:916[cProcess     ] MyWindow::Initialize() successful!
2016-08-21 15:03:24:018[cProcess     ] BufferManager::Shutdown() successful.
2016-08-21 15:03:24:019[cProcess     ] RenderEngine::Shutdown() successful.
2016-08-21 15:03:24:021[cProcess     ] Camera::Shutdown() successful.
2016-08-21 15:03:24:022[Info         ] Shader  [2] deleting...
2016-08-21 15:03:24:022[Info         ] Shader  [2] deleted successfully.
2016-08-21 15:03:24:022[Info         ] Shader  [3] deleting...
2016-08-21 15:03:24:022[Info         ] Shader  [3] deleted successfully.
2016-08-21 15:03:24:022[Info         ] All shaders deleted successfully.
2016-08-21 15:03:24:022[cInfo        ] Program [1] deleted successfully.
2016-08-21 15:03:24:023[Process      ] ShaderProgram[1]::Shutdown successful!
2016-08-21 15:03:24:023[Info         ] Shader  [5] deleting...
2016-08-21 15:03:24:023[Info         ] Shader  [5] deleted successfully.
2016-08-21 15:03:24:023[Info         ] Shader  [6] deleting...
2016-08-21 15:03:24:023[Info         ] Shader  [6] deleted successfully.
2016-08-21 15:03:24:023[Info         ] All shaders deleted successfully.
2016-08-21 15:03:24:023[cInfo        ] Program [4] deleted successfully.
2016-08-21 15:03:24:024[Process      ] ShaderProgram[4]::Shutdown successful!
2016-08-21 15:03:24:025[Info         ] Shader  [8] deleting...
2016-08-21 15:03:24:025[Info         ] Shader  [8] deleted successfully.
2016-08-21 15:03:24:025[Info         ] Shader  [9] deleting...
2016-08-21 15:03:24:025[Info         ] Shader  [9] deleted successfully.
2016-08-21 15:03:24:025[Info         ] All shaders deleted successfully.
2016-08-21 15:03:24:025[cInfo        ] Program [7] deleted successfully.
2016-08-21 15:03:24:026[Process      ] ShaderProgram[7]::Shutdown successful!
2016-08-21 15:03:24:026[Info         ] Shader  [11] deleting...
2016-08-21 15:03:24:026[Info         ] Shader  [11] deleted successfully.
2016-08-21 15:03:24:026[Info         ] Shader  [12] deleting...
2016-08-21 15:03:24:026[Info         ] Shader  [12] deleted successfully.
2016-08-21 15:03:24:026[Info         ] All shaders deleted successfully.
2016-08-21 15:03:24:026[cInfo        ] Program [10] deleted successfully.
2016-08-21 15:03:24:027[Process      ] ShaderProgram[10]::Shutdown successful!
2016-08-21 15:03:24:027[Info         ] Shader  [14] deleting...
2016-08-21 15:03:24:027[Info         ] Shader  [14] deleted successfully.
2016-08-21 15:03:24:027[Info         ] Shader  [15] deleting...
2016-08-21 15:03:24:027[Info         ] Shader  [15] deleted successfully.
2016-08-21 15:03:24:027[Info         ] All shaders deleted successfully.
2016-08-21 15:03:24:027[cInfo        ] Program [13] deleted successfully.
2016-08-21 15:03:24:029[Process      ] ShaderProgram[13]::Shutdown successful!
2016-08-21 15:03:24:029[Info         ] Shader  [17] deleting...
2016-08-21 15:03:24:030[Info         ] Shader  [17] deleted successfully.
2016-08-21 15:03:24:030[Info         ] Shader  [18] deleting...
2016-08-21 15:03:24:030[Info         ] Shader  [18] deleted successfully.
2016-08-21 15:03:24:030[Info         ] All shaders deleted successfully.
2016-08-21 15:03:24:030[cInfo        ] Program [16] deleted successfully.
2016-08-21 15:03:24:030[Process      ] ShaderProgram[16]::Shutdown successful!
2016-08-21 15:03:24:031[Info         ] Shader  [20] deleting...
2016-08-21 15:03:24:031[Info         ] Shader  [20] deleted successfully.
2016-08-21 15:03:24:031[Info         ] Shader  [21] deleting...
2016-08-21 15:03:24:031[Info         ] Shader  [21] deleted successfully.
2016-08-21 15:03:24:031[Info         ] All shaders deleted successfully.
2016-08-21 15:03:24:031[cInfo        ] Program [19] deleted successfully.
2016-08-21 15:03:24:031[Process      ] ShaderProgram[19]::Shutdown successful!
2016-08-21 15:03:24:031[cProcess     ] MyWindow::Shutdown() successful!
2016-08-21 15:03:24:032[cProcess     ] BodaciousQuest::Shutdown() successful.
2016-08-21 15:03:24:043[Process      ] ConfigReader shut down successfully
2016-08-21 15:03:24:043[Process      ] GameLogger::ShutDown() successful
