2016-08-18 13:44:42:000[Process      ] GameLogger::Initialize() opened log file [..\Data\LogFiles\2016-08-18 13-44-42.BodaciousQuest.log] for writing
2016-08-18 13:44:42:001[Info         ] GameLogger::Initialize() successful
2016-08-18 13:44:42:001[Process      ] ConfigReader opened [..\Data\BodaciousQuest.config] successfully
2016-08-18 13:44:42:001[Info         ] ConfigReader initialized successfully
2016-08-18 13:44:42:001[Info         ] Valid KVP [BodaciousQuest.ShowFullScreen] [false] added
2016-08-18 13:44:42:001[Info         ] Valid KVP [BodaciousQuest.FpsInterval] [5.0] added
2016-08-18 13:44:42:001[Info         ] Valid KVP [BodaciousQuest.EnableControls] [true] added
2016-08-18 13:44:42:001[Info         ] Valid KVP [BodaciousQuest.LoadCubeFirst] [true] added
2016-08-18 13:44:42:001[Info         ] Valid KVP [BodaciousQuest.CameraWalkMode] [false] added
2016-08-18 13:44:42:001[Info         ] Valid KVP [BodaciousQuest.GridSize] [40] added
2016-08-18 13:44:42:001[Info         ] Valid KVP [BodaciousQuest.LightingTest.Ambient.Color] [1.0  1.0  1.0] added
2016-08-18 13:44:42:001[Info         ] Valid KVP [BodaciousQuest.LightingTest.Diffuse.Color] [1.0  1.0  1.0] added
2016-08-18 13:44:42:001[Info         ] Valid KVP [BodaciousQuest.LightingTest.Specular.Color] [1.0  1.0  1.0] added
2016-08-18 13:44:42:001[Info         ] Valid KVP [BodaciousQuest.LightingTest.Ambient.Reflectivity] [0.01] added
2016-08-18 13:44:42:001[Info         ] Valid KVP [BodaciousQuest.LightingTest.Diffuse.Reflectivity] [0.6] added
2016-08-18 13:44:42:001[Info         ] Valid KVP [BodaciousQuest.LightingTest.Specular.Reflectivity] [0.0] added
2016-08-18 13:44:42:001[Info         ] Valid KVP [BodaciousQuest.LightingTest.Specular.Shininess] [1.0] added
2016-08-18 13:44:42:001[Info         ] Valid KVP [BodaciousQuest.LightingTest.Falloff.A] [1.0] added
2016-08-18 13:44:42:001[Info         ] Valid KVP [BodaciousQuest.LightingTest.Falloff.B] [0.01] added
2016-08-18 13:44:42:001[Info         ] Valid KVP [BodaciousQuest.LightingTest.Falloff.C] [0.1] added
2016-08-18 13:44:42:001[Info         ] Valid KVP [BodaciousQuest.LightingTest.Directional] [false] added
2016-08-18 13:44:42:001[Info         ] Valid KVP [BodaciousQuest.LightingTest.Direction] [-1.0 0.0 1.0] added
2016-08-18 13:44:42:001[Info         ] Valid KVP [BodaciousQuest.LightingTest.Light.Position] [-0.875458 3.673020 1.043331] added
2016-08-18 13:44:42:001[Info         ] Valid KVP [BodaciousQuest.LightingTest.Dargon.Color] [1.0 1.0 0.4] added
2016-08-18 13:44:42:001[Info         ] Valid KVP [ObjConverter.Mode.VertexType] [p] added
2016-08-18 13:44:42:001[Info         ] Valid KVP [ObjConverter.Mode.Analyze] [false] added
2016-08-18 13:44:42:001[Info         ] Valid KVP [ObjConverter.Model] [AIWorld] added
2016-08-18 13:44:42:001[Info         ] Valid KVP [ObjConverter.Shader] [0] added
2016-08-18 13:44:42:001[Info         ] Valid KVP [ObjConverter.Color] [random] added
2016-08-18 13:44:42:001[Info         ] Valid KVP [ObjConverter.Obj.InputFileFolder] [..\\Data\\Objs\\] added
2016-08-18 13:44:42:001[Info         ] Valid KVP [ObjConverter.Scene.OutputFileFolder] [..\\Data\\Scenes\\] added
2016-08-18 13:44:42:002[Info         ] Valid KVP [ObjConverter.Model.Dargon.NumVerts] [57967] added
2016-08-18 13:44:42:002[Info         ] Valid KVP [ObjConverter.Model.Dargon.NumIndices] [337824] added
2016-08-18 13:44:42:002[Info         ] Valid KVP [ObjConverter.Model.Dargon.NumTexCoords] [60175] added
2016-08-18 13:44:42:002[Info         ] Valid KVP [ObjConverter.Model.Dargon.NumNormals] [337824] added
2016-08-18 13:44:42:002[Info         ] Valid KVP [ObjConverter.Model.Swamp.NumVerts] [2735] added
2016-08-18 13:44:42:002[Info         ] Valid KVP [ObjConverter.Model.Swamp.NumIndices] [8556] added
2016-08-18 13:44:42:002[Info         ] Valid KVP [ObjConverter.Model.Swamp.NumTexCoords] [3622] added
2016-08-18 13:44:42:002[Info         ] Valid KVP [ObjConverter.Model.Swamp.NumNormals] [5156] added
2016-08-18 13:44:42:002[Info         ] Valid KVP [ObjConverter.Model.Pyramid.NumVerts] [5] added
2016-08-18 13:44:42:002[Info         ] Valid KVP [ObjConverter.Model.Pyramid.NumIndices] [18] added
2016-08-18 13:44:42:002[Info         ] Valid KVP [ObjConverter.Model.Pyramid.NumTexCoords] [10] added
2016-08-18 13:44:42:002[Info         ] Valid KVP [ObjConverter.Model.Pyramid.NumNormals] [16] added
2016-08-18 13:44:42:002[Info         ] Valid KVP [ObjConverter.Model.AIWorld.NumVerts] [1957] added
2016-08-18 13:44:42:002[Info         ] Valid KVP [ObjConverter.Model.AIWorld.NumIndices] [8718] added
2016-08-18 13:44:42:002[Info         ] Valid KVP [ObjConverter.Model.AIWorld.NumTexCoords] [4186] added
2016-08-18 13:44:42:002[Info         ] Valid KVP [ObjConverter.Model.AIWorld.NumNormals] [5418] added
2016-08-18 13:44:42:002[Info         ] Valid KVP [ObjConverter.Model.GameWeapon.NumVerts] [2068] added
2016-08-18 13:44:42:002[Info         ] Valid KVP [ObjConverter.Model.GameWeapon.NumIndices] [9894] added
2016-08-18 13:44:42:002[Info         ] Valid KVP [ObjConverter.Model.GameWeapon.NumTexCoords] [0] added
2016-08-18 13:44:42:002[Info         ] Valid KVP [ObjConverter.Model.GameWeapon.NumNormals] [0] added
2016-08-18 13:44:42:002[Info         ] Valid KVP [ObjConverter.Model.Chicken.NumVerts] [224] added
2016-08-18 13:44:42:002[Info         ] Valid KVP [ObjConverter.Model.Chicken.NumIndices] [1374] added
2016-08-18 13:44:42:002[Info         ] Valid KVP [ObjConverter.Model.Chicken.NumTexCoords] [472] added
2016-08-18 13:44:42:002[Info         ] Valid KVP [ObjConverter.Model.Chicken.NumNormals] [565] added
2016-08-18 13:44:42:002[Info         ] Valid KVP [ObjConverter.Model.WaterPlane.NumVerts] [29282] added
2016-08-18 13:44:42:002[Info         ] Valid KVP [ObjConverter.Model.WaterPlane.NumIndices] [172800] added
2016-08-18 13:44:42:002[Info         ] Valid KVP [ObjConverter.Model.WaterPlane.NumTexCoords] [29282] added
2016-08-18 13:44:42:002[Info         ] Valid KVP [ObjConverter.Model.WaterPlane.NumNormals] [172800] added
2016-08-18 13:44:42:002[Info         ] Valid KVP [ObjConverter.Model.Cube.NumVerts] [8] added
2016-08-18 13:44:42:002[Info         ] Valid KVP [ObjConverter.Model.Cube.NumIndices] [36] added
2016-08-18 13:44:42:002[Info         ] Valid KVP [ObjConverter.Model.Cube.NumTexCoords] [14] added
2016-08-18 13:44:42:002[Info         ] Valid KVP [ObjConverter.Model.Cube.NumNormals] [24] added
2016-08-18 13:44:42:002[Info         ] Valid KVP [ObjConverter.Model.Barrel.NumVerts] [172] added
2016-08-18 13:44:42:002[Info         ] Valid KVP [ObjConverter.Model.Barrel.NumIndices] [1008] added
2016-08-18 13:44:42:002[Info         ] Valid KVP [ObjConverter.Model.Barrel.NumTexCoords] [328] added
2016-08-18 13:44:42:002[Info         ] Valid KVP [ObjConverter.Model.Barrel.NumNormals] [204] added
2016-08-18 13:44:42:002[Info         ] Valid KVP [ObjConverter.Model.SkyBox.NumVerts] [8] added
2016-08-18 13:44:42:002[Info         ] Valid KVP [ObjConverter.Model.SkyBox.NumIndices] [36] added
2016-08-18 13:44:42:002[Info         ] Valid KVP [ObjConverter.Model.SkyBox.NumTexCoords] [18] added
2016-08-18 13:44:42:002[Info         ] Valid KVP [ObjConverter.Model.SkyBox.NumNormals] [24] added
2016-08-18 13:44:42:068[cInfo        ] Config reader opened [..\Data\BodaciousQuest.config] for reading!
2016-08-18 13:44:42:124[Process      ] ShaderManager Initialized successfully
2016-08-18 13:44:42:124[Info         ] Shader Init started
2016-08-18 13:44:42:125[Info         ] Shader Program created.
2016-08-18 13:44:42:125[Process      ] ShaderProgram::Initialize()[1] successful!
2016-08-18 13:44:42:125[Debug        ] File [..\Data\shaders\debug.vert.shader] Opened successfully! Buffer Length:[291]
2016-08-18 13:44:42:125[Debug        ] Shader file [..\Data\shaders\debug.vert.shader] contents:
//BEGIN
#version 430 core

layout(location = 0)  in vec3 vPosition;

layout(location = 15) uniform vec3 colorin;
layout(location = 16) uniform mat4 MAT;

out vec4 color;

void main()
{
	vec4 vertPos = vec4(vPosition, 1.0);
	gl_Position = MAT *  vertPos;
	color = vec4(colorin, 1.0);
}
//END

2016-08-18 13:44:42:125[Debug        ]  ShaderProgram::AddShader() file with data was read in
2016-08-18 13:44:42:125[Debug        ] ShaderProgram::AddShader() : glShaderSource() successful
2016-08-18 13:44:42:125[Debug        ] ShaderProgram::AddShader() : glCompileShader() successful
2016-08-18 13:44:42:125[Info         ] ShaderProgram::CheckShaderCompileStatus(2) successful.
2016-08-18 13:44:42:125[Debug        ] ShaderProgram::AddShader() : glCompileShader() successful
2016-08-18 13:44:42:125[Info         ] ShaderInfo saved successfully.
2016-08-18 13:44:42:125[Debug        ] ShaderProgram::AddShader() : glAttachShader() successful
2016-08-18 13:44:42:125[Info         ] ShaderProgram::AddShader [2] successful.
2016-08-18 13:44:42:125[Debug        ] File [..\Data\shaders\debug.frag.shader] Opened successfully! Buffer Length:[104]
2016-08-18 13:44:42:125[Debug        ] Shader file [..\Data\shaders\debug.frag.shader] contents:
//BEGIN
#version 430 core


in  vec4 color;
out vec4 outColor;

void main()
{
	outColor = color;
}


//END

2016-08-18 13:44:42:126[Debug        ]  ShaderProgram::AddShader() file with data was read in
2016-08-18 13:44:42:126[Debug        ] ShaderProgram::AddShader() : glShaderSource() successful
2016-08-18 13:44:42:126[Debug        ] ShaderProgram::AddShader() : glCompileShader() successful
2016-08-18 13:44:42:126[Info         ] ShaderProgram::CheckShaderCompileStatus(3) successful.
2016-08-18 13:44:42:126[Debug        ] ShaderProgram::AddShader() : glCompileShader() successful
2016-08-18 13:44:42:126[Info         ] ShaderInfo saved successfully.
2016-08-18 13:44:42:126[Debug        ] ShaderProgram::AddShader() : glAttachShader() successful
2016-08-18 13:44:42:126[Info         ] ShaderProgram::AddShader [3] successful.
2016-08-18 13:44:42:127[Info         ] CheckProgramStatus() successful!
2016-08-18 13:44:42:127[Info         ] CheckProgramStatus() successful!
2016-08-18 13:44:42:127[Info         ] Shader Init started
2016-08-18 13:44:42:127[Info         ] Shader Program created.
2016-08-18 13:44:42:127[Process      ] ShaderProgram::Initialize()[4] successful!
2016-08-18 13:44:42:127[Debug        ] File [..\Data\shaders\play.vert.shader] Opened successfully! Buffer Length:[343]
2016-08-18 13:44:42:127[Debug        ] Shader file [..\Data\shaders\play.vert.shader] contents:
//BEGIN
#version 430 core

layout (location = 0)  in vec3 vPosition;
layout (location = 1)  in vec3 vColor;
layout (location = 15) uniform vec3 colorin;
layout (location = 16) uniform mat4 MAT;

out vec4 color;

void main()
{
	vec4 vertPos = vec4(vPosition, 1.0);
	gl_Position = MAT *  vertPos;
	color = vec4((vColor + colorin), 1.0);
}
//END

2016-08-18 13:44:42:127[Debug        ]  ShaderProgram::AddShader() file with data was read in
2016-08-18 13:44:42:127[Debug        ] ShaderProgram::AddShader() : glShaderSource() successful
2016-08-18 13:44:42:127[Debug        ] ShaderProgram::AddShader() : glCompileShader() successful
2016-08-18 13:44:42:128[Info         ] ShaderProgram::CheckShaderCompileStatus(5) successful.
2016-08-18 13:44:42:128[Debug        ] ShaderProgram::AddShader() : glCompileShader() successful
2016-08-18 13:44:42:128[Info         ] ShaderInfo saved successfully.
2016-08-18 13:44:42:128[Debug        ] ShaderProgram::AddShader() : glAttachShader() successful
2016-08-18 13:44:42:128[Info         ] ShaderProgram::AddShader [5] successful.
2016-08-18 13:44:42:128[Debug        ] File [..\Data\shaders\play.frag.shader] Opened successfully! Buffer Length:[391]
2016-08-18 13:44:42:128[Debug        ] Shader file [..\Data\shaders\play.frag.shader] contents:
//BEGIN
#version 430 core


in  vec4 color;
out vec4 outColor;

void main()
{

	//if (color.r < .7) discard;
	outColor = color;

	//if(((gl_FragCoord.x  > 600)&& (gl_FragCoord.y < 300)) || ((gl_FragCoord.y < 300)  && (gl_FragCoord.x  < 600) )) {
	//discard;
	//}

	//vec2 scrPos = vec2(gl_FragCoord) - vec2(350,150);
	//float len =  length(scrPos);
	//if(len < 50 )discard;
}


//END

2016-08-18 13:44:42:128[Debug        ]  ShaderProgram::AddShader() file with data was read in
2016-08-18 13:44:42:128[Debug        ] ShaderProgram::AddShader() : glShaderSource() successful
2016-08-18 13:44:42:128[Debug        ] ShaderProgram::AddShader() : glCompileShader() successful
2016-08-18 13:44:42:128[Info         ] ShaderProgram::CheckShaderCompileStatus(6) successful.
2016-08-18 13:44:42:128[Debug        ] ShaderProgram::AddShader() : glCompileShader() successful
2016-08-18 13:44:42:128[Info         ] ShaderInfo saved successfully.
2016-08-18 13:44:42:128[Debug        ] ShaderProgram::AddShader() : glAttachShader() successful
2016-08-18 13:44:42:128[Info         ] ShaderProgram::AddShader [6] successful.
2016-08-18 13:44:42:130[Info         ] CheckProgramStatus() successful!
2016-08-18 13:44:42:130[Info         ] CheckProgramStatus() successful!
2016-08-18 13:44:42:130[Info         ] Shader Init started
2016-08-18 13:44:42:130[Info         ] Shader Program created.
2016-08-18 13:44:42:130[Process      ] ShaderProgram::Initialize()[7] successful!
2016-08-18 13:44:42:130[Debug        ] File [..\Data\shaders\texture.vert.shader] Opened successfully! Buffer Length:[305]
2016-08-18 13:44:42:130[Debug        ] Shader file [..\Data\shaders\texture.vert.shader] contents:
//BEGIN
#version 430 core

layout (location = 0)  in vec3 vPosition;
layout (location = 1)  in vec2 vUV;

layout (location = 16) uniform mat4 MAT;

//out data
out vec2 UV;

//out vec4 color;

void main()
{
	vec4 vertPos = vec4(vPosition, 1.0);
	gl_Position = MAT *  vertPos;

	UV = vUV;
	
	
}
//END

2016-08-18 13:44:42:131[Debug        ]  ShaderProgram::AddShader() file with data was read in
2016-08-18 13:44:42:131[Debug        ] ShaderProgram::AddShader() : glShaderSource() successful
2016-08-18 13:44:42:131[Debug        ] ShaderProgram::AddShader() : glCompileShader() successful
2016-08-18 13:44:42:131[Info         ] ShaderProgram::CheckShaderCompileStatus(8) successful.
2016-08-18 13:44:42:131[Debug        ] ShaderProgram::AddShader() : glCompileShader() successful
2016-08-18 13:44:42:131[Info         ] ShaderInfo saved successfully.
2016-08-18 13:44:42:131[Debug        ] ShaderProgram::AddShader() : glAttachShader() successful
2016-08-18 13:44:42:131[Info         ] ShaderProgram::AddShader [8] successful.
2016-08-18 13:44:42:131[Debug        ] File [..\Data\shaders\texture.frag.shader] Opened successfully! Buffer Length:[482]
2016-08-18 13:44:42:131[Debug        ] Shader file [..\Data\shaders\texture.frag.shader] contents:
//BEGIN
#version 430 core


in  vec2 UV;
out vec4 outColor;

layout(location = 20) uniform sampler2D textureSampler;

void main()
{

	//if (color.r < .7) discard;
	outColor = vec4(texture(textureSampler, UV).rgb, 1.0);

	//if(((gl_FragCoord.x  > 600)&& (gl_FragCoord.y < 300)) || ((gl_FragCoord.y < 300)  && (gl_FragCoord.x  < 600) )) {
	//discard;
	//}
	//vec2 scrPos = vec2(gl_FragCoord) - vec2(350,150);
	//float len =  length(scrPos);
	//if(len < 50 )discard;
}


//END

2016-08-18 13:44:42:131[Debug        ]  ShaderProgram::AddShader() file with data was read in
2016-08-18 13:44:42:131[Debug        ] ShaderProgram::AddShader() : glShaderSource() successful
2016-08-18 13:44:42:132[Debug        ] ShaderProgram::AddShader() : glCompileShader() successful
2016-08-18 13:44:42:132[Info         ] ShaderProgram::CheckShaderCompileStatus(9) successful.
2016-08-18 13:44:42:132[Debug        ] ShaderProgram::AddShader() : glCompileShader() successful
2016-08-18 13:44:42:132[Info         ] ShaderInfo saved successfully.
2016-08-18 13:44:42:132[Debug        ] ShaderProgram::AddShader() : glAttachShader() successful
2016-08-18 13:44:42:132[Info         ] ShaderProgram::AddShader [9] successful.
2016-08-18 13:44:42:133[Info         ] CheckProgramStatus() successful!
2016-08-18 13:44:42:133[Info         ] CheckProgramStatus() successful!
2016-08-18 13:44:42:133[Info         ] Shader Init started
2016-08-18 13:44:42:133[Info         ] Shader Program created.
2016-08-18 13:44:42:133[Process      ] ShaderProgram::Initialize()[10] successful!
2016-08-18 13:44:42:133[Debug        ] File [..\Data\shaders\framebuffer.vert.shader] Opened successfully! Buffer Length:[305]
2016-08-18 13:44:42:133[Debug        ] Shader file [..\Data\shaders\framebuffer.vert.shader] contents:
//BEGIN
#version 430 core

layout (location = 0)  in vec3 vPosition;
layout (location = 1)  in vec2 vUV;

layout (location = 16) uniform mat4 MAT;

//out data
out vec2 UV;

//out vec4 color;

void main()
{
	vec4 vertPos = vec4(vPosition, 1.0);
	gl_Position = MAT *  vertPos;

	UV = vUV;
	
	
}
//END

2016-08-18 13:44:42:133[Debug        ]  ShaderProgram::AddShader() file with data was read in
2016-08-18 13:44:42:133[Debug        ] ShaderProgram::AddShader() : glShaderSource() successful
2016-08-18 13:44:42:133[Debug        ] ShaderProgram::AddShader() : glCompileShader() successful
2016-08-18 13:44:42:133[Info         ] ShaderProgram::CheckShaderCompileStatus(11) successful.
2016-08-18 13:44:42:134[Debug        ] ShaderProgram::AddShader() : glCompileShader() successful
2016-08-18 13:44:42:134[Info         ] ShaderInfo saved successfully.
2016-08-18 13:44:42:134[Debug        ] ShaderProgram::AddShader() : glAttachShader() successful
2016-08-18 13:44:42:134[Info         ] ShaderProgram::AddShader [11] successful.
2016-08-18 13:44:42:134[Debug        ] File [..\Data\shaders\framebuffer.frag.shader] Opened successfully! Buffer Length:[275]
2016-08-18 13:44:42:134[Debug        ] Shader file [..\Data\shaders\framebuffer.frag.shader] contents:
//BEGIN
#version 430 core


in  vec2 UV;
out vec4 outColor;

layout(location = 20) uniform sampler2D textureSampler;

void main()
{


	vec3 tempCol = texture(textureSampler, UV).rgb;

	outColor = vec4(tempCol.r / 1.5f, tempCol.g / 1.5f, tempCol.b / 1.5f, 1.0f);
}


//END

2016-08-18 13:44:42:134[Debug        ]  ShaderProgram::AddShader() file with data was read in
2016-08-18 13:44:42:134[Debug        ] ShaderProgram::AddShader() : glShaderSource() successful
2016-08-18 13:44:42:134[Debug        ] ShaderProgram::AddShader() : glCompileShader() successful
2016-08-18 13:44:42:134[Info         ] ShaderProgram::CheckShaderCompileStatus(12) successful.
2016-08-18 13:44:42:134[Debug        ] ShaderProgram::AddShader() : glCompileShader() successful
2016-08-18 13:44:42:134[Info         ] ShaderInfo saved successfully.
2016-08-18 13:44:42:134[Debug        ] ShaderProgram::AddShader() : glAttachShader() successful
2016-08-18 13:44:42:134[Info         ] ShaderProgram::AddShader [12] successful.
2016-08-18 13:44:42:135[Info         ] CheckProgramStatus() successful!
2016-08-18 13:44:42:135[Info         ] CheckProgramStatus() successful!
2016-08-18 13:44:42:135[Info         ] Shader Init started
2016-08-18 13:44:42:135[Info         ] Shader Program created.
2016-08-18 13:44:42:135[Process      ] ShaderProgram::Initialize()[13] successful!
2016-08-18 13:44:42:135[Debug        ] File [..\Data\shaders\lighting.vert.shader] Opened successfully! Buffer Length:[1121]
2016-08-18 13:44:42:135[cDebug       ] Shader file [..\Data\shaders\lighting.vert.shader] is too big to display contents.
2016-08-18 13:44:42:136[Debug        ]  ShaderProgram::AddShader() file with data was read in
2016-08-18 13:44:42:136[Debug        ] ShaderProgram::AddShader() : glShaderSource() successful
2016-08-18 13:44:42:136[Debug        ] ShaderProgram::AddShader() : glCompileShader() successful
2016-08-18 13:44:42:136[Info         ] ShaderProgram::CheckShaderCompileStatus(14) successful.
2016-08-18 13:44:42:136[Debug        ] ShaderProgram::AddShader() : glCompileShader() successful
2016-08-18 13:44:42:137[Info         ] ShaderInfo saved successfully.
2016-08-18 13:44:42:137[Debug        ] ShaderProgram::AddShader() : glAttachShader() successful
2016-08-18 13:44:42:137[Info         ] ShaderProgram::AddShader [14] successful.
2016-08-18 13:44:42:137[Debug        ] File [..\Data\shaders\lighting.frag.shader] Opened successfully! Buffer Length:[1744]
2016-08-18 13:44:42:137[cDebug       ] Shader file [..\Data\shaders\lighting.frag.shader] is too big to display contents.
2016-08-18 13:44:42:138[Debug        ]  ShaderProgram::AddShader() file with data was read in
2016-08-18 13:44:42:138[Debug        ] ShaderProgram::AddShader() : glShaderSource() successful
2016-08-18 13:44:42:138[Debug        ] ShaderProgram::AddShader() : glCompileShader() successful
2016-08-18 13:44:42:138[Info         ] ShaderProgram::CheckShaderCompileStatus(15) successful.
2016-08-18 13:44:42:138[Debug        ] ShaderProgram::AddShader() : glCompileShader() successful
2016-08-18 13:44:42:138[Info         ] ShaderInfo saved successfully.
2016-08-18 13:44:42:138[Debug        ] ShaderProgram::AddShader() : glAttachShader() successful
2016-08-18 13:44:42:138[Info         ] ShaderProgram::AddShader [15] successful.
2016-08-18 13:44:42:141[Info         ] CheckProgramStatus() successful!
2016-08-18 13:44:42:141[Info         ] CheckProgramStatus() successful!
2016-08-18 13:44:42:141[Info         ] Shader Init started
2016-08-18 13:44:42:141[Info         ] Shader Program created.
2016-08-18 13:44:42:141[Process      ] ShaderProgram::Initialize()[16] successful!
2016-08-18 13:44:42:141[Debug        ] File [..\Data\shaders\texlighting.vert.shader] Opened successfully! Buffer Length:[1092]
2016-08-18 13:44:42:141[cDebug       ] Shader file [..\Data\shaders\texlighting.vert.shader] is too big to display contents.
2016-08-18 13:44:42:142[Debug        ]  ShaderProgram::AddShader() file with data was read in
2016-08-18 13:44:42:142[Debug        ] ShaderProgram::AddShader() : glShaderSource() successful
2016-08-18 13:44:42:142[Debug        ] ShaderProgram::AddShader() : glCompileShader() successful
2016-08-18 13:44:42:142[Info         ] ShaderProgram::CheckShaderCompileStatus(17) successful.
2016-08-18 13:44:42:142[Debug        ] ShaderProgram::AddShader() : glCompileShader() successful
2016-08-18 13:44:42:142[Info         ] ShaderInfo saved successfully.
2016-08-18 13:44:42:142[Debug        ] ShaderProgram::AddShader() : glAttachShader() successful
2016-08-18 13:44:42:143[Info         ] ShaderProgram::AddShader [17] successful.
2016-08-18 13:44:42:143[Debug        ] File [..\Data\shaders\texlighting.frag.shader] Opened successfully! Buffer Length:[1717]
2016-08-18 13:44:42:143[cDebug       ] Shader file [..\Data\shaders\texlighting.frag.shader] is too big to display contents.
2016-08-18 13:44:42:143[Debug        ]  ShaderProgram::AddShader() file with data was read in
2016-08-18 13:44:42:143[Debug        ] ShaderProgram::AddShader() : glShaderSource() successful
2016-08-18 13:44:42:144[Debug        ] ShaderProgram::AddShader() : glCompileShader() successful
2016-08-18 13:44:42:144[Info         ] ShaderProgram::CheckShaderCompileStatus(18) successful.
2016-08-18 13:44:42:144[Debug        ] ShaderProgram::AddShader() : glCompileShader() successful
2016-08-18 13:44:42:144[Info         ] ShaderInfo saved successfully.
2016-08-18 13:44:42:144[Debug        ] ShaderProgram::AddShader() : glAttachShader() successful
2016-08-18 13:44:42:144[Info         ] ShaderProgram::AddShader [18] successful.
2016-08-18 13:44:42:148[Info         ] CheckProgramStatus() successful!
2016-08-18 13:44:42:148[Info         ] CheckProgramStatus() successful!
2016-08-18 13:44:42:148[Info         ] Shader Init started
2016-08-18 13:44:42:148[Info         ] Shader Program created.
2016-08-18 13:44:42:148[Process      ] ShaderProgram::Initialize()[19] successful!
2016-08-18 13:44:42:148[Debug        ] File [..\Data\shaders\water.vert.shader] Opened successfully! Buffer Length:[1400]
2016-08-18 13:44:42:148[cDebug       ] Shader file [..\Data\shaders\water.vert.shader] is too big to display contents.
2016-08-18 13:44:42:150[Debug        ]  ShaderProgram::AddShader() file with data was read in
2016-08-18 13:44:42:150[Debug        ] ShaderProgram::AddShader() : glShaderSource() successful
2016-08-18 13:44:42:150[Debug        ] ShaderProgram::AddShader() : glCompileShader() successful
2016-08-18 13:44:42:150[Info         ] ShaderProgram::CheckShaderCompileStatus(20) successful.
2016-08-18 13:44:42:150[Debug        ] ShaderProgram::AddShader() : glCompileShader() successful
2016-08-18 13:44:42:150[Info         ] ShaderInfo saved successfully.
2016-08-18 13:44:42:150[Debug        ] ShaderProgram::AddShader() : glAttachShader() successful
2016-08-18 13:44:42:150[Info         ] ShaderProgram::AddShader [20] successful.
2016-08-18 13:44:42:150[Debug        ] File [..\Data\shaders\water.frag.shader] Opened successfully! Buffer Length:[2436]
2016-08-18 13:44:42:151[cDebug       ] Shader file [..\Data\shaders\water.frag.shader] is too big to display contents.
2016-08-18 13:44:42:152[Debug        ]  ShaderProgram::AddShader() file with data was read in
2016-08-18 13:44:42:152[Debug        ] ShaderProgram::AddShader() : glShaderSource() successful
2016-08-18 13:44:42:152[Debug        ] ShaderProgram::AddShader() : glCompileShader() successful
2016-08-18 13:44:42:152[Info         ] ShaderProgram::CheckShaderCompileStatus(21) successful.
2016-08-18 13:44:42:152[Debug        ] ShaderProgram::AddShader() : glCompileShader() successful
2016-08-18 13:44:42:152[Info         ] ShaderInfo saved successfully.
2016-08-18 13:44:42:152[Debug        ] ShaderProgram::AddShader() : glAttachShader() successful
2016-08-18 13:44:42:152[Info         ] ShaderProgram::AddShader [21] successful.
2016-08-18 13:44:42:155[Info         ] CheckProgramStatus() successful!
2016-08-18 13:44:42:155[Info         ] CheckProgramStatus() successful!
2016-08-18 13:44:42:155[Info         ] GetAttribLocation [vPosition] successful.
2016-08-18 13:44:42:155[Info         ] GetUniformLocation [colorin] successful.
2016-08-18 13:44:42:155[Info         ] GetUniformLocation [MAT] successful.
2016-08-18 13:44:42:155[cProcess     ] RenderEngine::Initialize() successful.
2016-08-18 13:44:42:156[cInfo        ] 
-----------------------------------------------------------------------
 BufferInfo::CreateBuffers()[0] Created buffers:| VERTEX [1] with [80] bytes. || INDEX [2] with [24] bytes |
-----------------------------------------------------------------------

2016-08-18 13:44:42:160[cInfo        ] --------BufferInfo::AddMesh() Added mesh successfully-------
2016-08-18 13:44:42:160[cInfo        ] 
2016-08-18 13:44:42:161[cInfo        ] --------------------| START BUFFER MESH INFO |-------------------------------------
2016-08-18 13:44:42:163[cInfo        ] BufferInfo::AddMesh(): NUM VERTS-----------------[4]
2016-08-18 13:44:42:166[cInfo        ] BufferInfo::AddMesh(): NUM INDICES---------------[6]
2016-08-18 13:44:42:167[cInfo        ] BufferInfo::AddMesh(): VERT OFFSET---------------[0]
2016-08-18 13:44:42:168[cInfo        ] BufferInfo::AddMesh(): INDICES OFFSET (BYTES)----[0]
2016-08-18 13:44:42:169[cInfo        ] --------------------|  END BUFFER MESH INFO  |--------------------------------------
2016-08-18 13:44:42:170[cInfo        ] 

2016-08-18 13:44:42:171[cInfo        ] 
-----------------------------------------------------------------------
 BufferInfo::CreateBuffers()[0] Created buffers:| VERTEX [3] with [96] bytes. || INDEX [4] with [48] bytes |
-----------------------------------------------------------------------

2016-08-18 13:44:42:175[cInfo        ] --------BufferInfo::AddMesh() Added mesh successfully-------
2016-08-18 13:44:42:176[cInfo        ] 
2016-08-18 13:44:42:176[cInfo        ] --------------------| START BUFFER MESH INFO |-------------------------------------
2016-08-18 13:44:42:177[cInfo        ] BufferInfo::AddMesh(): NUM VERTS-----------------[8]
2016-08-18 13:44:42:178[cInfo        ] BufferInfo::AddMesh(): NUM INDICES---------------[24]
2016-08-18 13:44:42:180[cInfo        ] BufferInfo::AddMesh(): VERT OFFSET---------------[0]
2016-08-18 13:44:42:181[cInfo        ] BufferInfo::AddMesh(): INDICES OFFSET (BYTES)----[0]
2016-08-18 13:44:42:182[cInfo        ] --------------------|  END BUFFER MESH INFO  |--------------------------------------
2016-08-18 13:44:42:183[cInfo        ] 

2016-08-18 13:44:42:184[cInfo        ] 
-----------------------------------------------------------------------
 BufferInfo::CreateBuffers()[0] Created buffers:| VERTEX [5] with [864] bytes. || INDEX [6] with [0] bytes |
-----------------------------------------------------------------------

2016-08-18 13:44:42:189[cInfo        ] --------BufferInfo::AddMesh() Added mesh successfully-------
2016-08-18 13:44:42:190[cInfo        ] 
2016-08-18 13:44:42:190[cInfo        ] --------------------| START BUFFER MESH INFO |-------------------------------------
2016-08-18 13:44:42:191[cInfo        ] BufferInfo::AddMesh(): NUM VERTS-----------------[36]
2016-08-18 13:44:42:192[cInfo        ] BufferInfo::AddMesh(): NUM INDICES---------------[0]
2016-08-18 13:44:42:193[cInfo        ] BufferInfo::AddMesh(): VERT OFFSET---------------[0]
2016-08-18 13:44:42:194[cInfo        ] BufferInfo::AddMesh(): INDICES OFFSET (BYTES)----[0]
2016-08-18 13:44:42:197[cInfo        ] --------------------|  END BUFFER MESH INFO  |--------------------------------------
2016-08-18 13:44:42:198[cInfo        ] 

2016-08-18 13:44:42:199[cInfo        ] 
-----------------------------------------------------------------------
 BufferInfo::CreateBuffers()[0] Created buffers:| VERTEX [7] with [144] bytes. || INDEX [8] with [0] bytes |
-----------------------------------------------------------------------

2016-08-18 13:44:42:202[cInfo        ] --------BufferInfo::AddMesh() Added mesh successfully-------
2016-08-18 13:44:42:203[cInfo        ] 
2016-08-18 13:44:42:203[cInfo        ] --------------------| START BUFFER MESH INFO |-------------------------------------
2016-08-18 13:44:42:205[cInfo        ] BufferInfo::AddMesh(): NUM VERTS-----------------[6]
2016-08-18 13:44:42:206[cInfo        ] BufferInfo::AddMesh(): NUM INDICES---------------[0]
2016-08-18 13:44:42:207[cInfo        ] BufferInfo::AddMesh(): VERT OFFSET---------------[0]
2016-08-18 13:44:42:208[cInfo        ] BufferInfo::AddMesh(): INDICES OFFSET (BYTES)----[0]
2016-08-18 13:44:42:209[cInfo        ] --------------------|  END BUFFER MESH INFO  |--------------------------------------
2016-08-18 13:44:42:210[cInfo        ] 

2016-08-18 13:44:42:211[cProcess     ] BufferManager::Initialize() successful.
2016-08-18 13:44:42:212[cInfo        ] 
-----------------------------------------------------------------------
 BufferInfo::CreateBuffers()[0] Created buffers:| VERTEX [9] with [1000000] bytes. || INDEX [10] with [1000000] bytes |
-----------------------------------------------------------------------

2016-08-18 13:44:42:218[cInfo        ] --------BufferInfo::AddMesh() Added mesh successfully-------
2016-08-18 13:44:42:219[cInfo        ] 
2016-08-18 13:44:42:219[cInfo        ] --------------------| START BUFFER MESH INFO |-------------------------------------
2016-08-18 13:44:42:221[cInfo        ] BufferInfo::AddMesh(): NUM VERTS-----------------[24]
2016-08-18 13:44:42:221[cInfo        ] BufferInfo::AddMesh(): NUM INDICES---------------[36]
2016-08-18 13:44:42:222[cInfo        ] BufferInfo::AddMesh(): VERT OFFSET---------------[0]
2016-08-18 13:44:42:223[cInfo        ] BufferInfo::AddMesh(): INDICES OFFSET (BYTES)----[0]
2016-08-18 13:44:42:225[cInfo        ] --------------------|  END BUFFER MESH INFO  |--------------------------------------
2016-08-18 13:44:42:226[cInfo        ] 

2016-08-18 13:44:42:230[cProcess     ] BufferManager::Initialize() successful.
2016-08-18 13:44:42:231[cInfo        ] 
-----------------------------------------------------------------------
 BufferInfo::CreateBuffers()[1] Created buffers:| VERTEX [11] with [1000000] bytes. || INDEX [12] with [1000000] bytes |
-----------------------------------------------------------------------

2016-08-18 13:44:42:237[cInfo        ] --------BufferInfo::AddMesh() Added mesh successfully-------
2016-08-18 13:44:42:238[cInfo        ] 
2016-08-18 13:44:42:238[cInfo        ] --------------------| START BUFFER MESH INFO |-------------------------------------
2016-08-18 13:44:42:240[cInfo        ] BufferInfo::AddMesh(): NUM VERTS-----------------[1536]
2016-08-18 13:44:42:242[cInfo        ] BufferInfo::AddMesh(): NUM INDICES---------------[3072]
2016-08-18 13:44:42:242[cInfo        ] BufferInfo::AddMesh(): VERT OFFSET---------------[0]
2016-08-18 13:44:42:245[cInfo        ] BufferInfo::AddMesh(): INDICES OFFSET (BYTES)----[0]
2016-08-18 13:44:42:247[cInfo        ] --------------------|  END BUFFER MESH INFO  |--------------------------------------
2016-08-18 13:44:42:249[cInfo        ] 

2016-08-18 13:44:42:250[cInfo        ] 
-----------------------------------------------------------------------
 BufferInfo::CreateBuffers()[0] Created buffers:| VERTEX [13] with [3936] bytes. || INDEX [14] with [0] bytes |
-----------------------------------------------------------------------

2016-08-18 13:44:42:255[cInfo        ] --------BufferInfo::AddMesh() Added mesh successfully-------
2016-08-18 13:44:42:256[cInfo        ] 
2016-08-18 13:44:42:257[cInfo        ] --------------------| START BUFFER MESH INFO |-------------------------------------
2016-08-18 13:44:42:258[cInfo        ] BufferInfo::AddMesh(): NUM VERTS-----------------[164]
2016-08-18 13:44:42:259[cInfo        ] BufferInfo::AddMesh(): NUM INDICES---------------[0]
2016-08-18 13:44:42:260[cInfo        ] BufferInfo::AddMesh(): VERT OFFSET---------------[0]
2016-08-18 13:44:42:260[cInfo        ] BufferInfo::AddMesh(): INDICES OFFSET (BYTES)----[0]
2016-08-18 13:44:42:262[cInfo        ] --------------------|  END BUFFER MESH INFO  |--------------------------------------
2016-08-18 13:44:42:265[cInfo        ] 

2016-08-18 13:44:42:266[cProcess     ] ShapeGenerator initialized successfully.
2016-08-18 13:44:42:267[cProcess     ] Camera::Initialize() successful.
2016-08-18 13:44:42:267[cProcess     ] Keyboard::Initialize() successful
2016-08-18 13:44:42:268[cProcess     ] Keyboard::Initialize() successful
2016-08-18 13:44:42:282[cInfo        ] 
-----------------------------------------------------------------------
 BufferInfo::CreateBuffers()[0] Created buffers:| VERTEX [15] with [10810368] bytes. || INDEX [16] with [0] bytes |
-----------------------------------------------------------------------

2016-08-18 13:44:42:308[cInfo        ] --------BufferInfo::AddMesh() Added mesh successfully-------
2016-08-18 13:44:42:309[cInfo        ] 
2016-08-18 13:44:42:310[cInfo        ] --------------------| START BUFFER MESH INFO |-------------------------------------
2016-08-18 13:44:42:312[cInfo        ] BufferInfo::AddMesh(): NUM VERTS-----------------[337824]
2016-08-18 13:44:42:313[cInfo        ] BufferInfo::AddMesh(): NUM INDICES---------------[0]
2016-08-18 13:44:42:314[cInfo        ] BufferInfo::AddMesh(): VERT OFFSET---------------[0]
2016-08-18 13:44:42:315[cInfo        ] BufferInfo::AddMesh(): INDICES OFFSET (BYTES)----[0]
2016-08-18 13:44:42:316[cInfo        ] --------------------|  END BUFFER MESH INFO  |--------------------------------------
2016-08-18 13:44:42:318[cInfo        ] 

2016-08-18 13:44:42:360[Info         ] ShapeGenerator::ReadSceneFile(): Added new scene [..\Data\Scenes\Dargon.ptn.scene] successfully.
2016-08-18 13:44:42:360[cInfo        ] EntityManager::BuildPlayerEntity(): Built [Dargon] successfully
2016-08-18 13:44:42:365[cProcess     ] BufferManager::Initialize() successful.
2016-08-18 13:44:42:373[cInfo        ] 
-----------------------------------------------------------------------
 BufferInfo::CreateBuffers()[2] Created buffers:| VERTEX [17] with [1000000] bytes. || INDEX [18] with [1000000] bytes |
-----------------------------------------------------------------------

2016-08-18 13:44:42:378[cInfo        ] --------BufferInfo::AddMesh() Added mesh successfully-------
2016-08-18 13:44:42:381[cInfo        ] 
2016-08-18 13:44:42:381[cInfo        ] --------------------| START BUFFER MESH INFO |-------------------------------------
2016-08-18 13:44:42:382[cInfo        ] BufferInfo::AddMesh(): NUM VERTS-----------------[36]
2016-08-18 13:44:42:383[cInfo        ] BufferInfo::AddMesh(): NUM INDICES---------------[0]
2016-08-18 13:44:42:384[cInfo        ] BufferInfo::AddMesh(): VERT OFFSET---------------[0]
2016-08-18 13:44:42:385[cInfo        ] BufferInfo::AddMesh(): INDICES OFFSET (BYTES)----[0]
2016-08-18 13:44:42:386[cInfo        ] --------------------|  END BUFFER MESH INFO  |--------------------------------------
2016-08-18 13:44:42:387[cInfo        ] 

2016-08-18 13:44:42:390[Info         ] ShapeGenerator::ReadSceneFile(): Added new scene [..\Data\Scenes\Cube.pn.scene] successfully.
2016-08-18 13:44:42:390[cInfo        ] --------BufferInfo::AddMesh() Added mesh successfully-------
2016-08-18 13:44:42:391[cInfo        ] 
2016-08-18 13:44:42:392[cInfo        ] --------------------| START BUFFER MESH INFO |-------------------------------------
2016-08-18 13:44:42:393[cInfo        ] BufferInfo::AddMesh(): NUM VERTS-----------------[18]
2016-08-18 13:44:42:394[cInfo        ] BufferInfo::AddMesh(): NUM INDICES---------------[0]
2016-08-18 13:44:42:395[cInfo        ] BufferInfo::AddMesh(): VERT OFFSET---------------[36]
2016-08-18 13:44:42:396[cInfo        ] BufferInfo::AddMesh(): INDICES OFFSET (BYTES)----[0]
2016-08-18 13:44:42:397[cInfo        ] --------------------|  END BUFFER MESH INFO  |--------------------------------------
2016-08-18 13:44:42:399[cInfo        ] 

2016-08-18 13:44:42:400[Info         ] ShapeGenerator::ReadSceneFile(): Added new scene [..\Data\Scenes\Pyramid.pn.scene] successfully.
2016-08-18 13:44:42:406[cInfo        ] 
-----------------------------------------------------------------------
 BufferInfo::CreateBuffers()[0] Created buffers:| VERTEX [19] with [5529600] bytes. || INDEX [20] with [0] bytes |
-----------------------------------------------------------------------

2016-08-18 13:44:42:425[cInfo        ] --------BufferInfo::AddMesh() Added mesh successfully-------
2016-08-18 13:44:42:427[cInfo        ] 
2016-08-18 13:44:42:428[cInfo        ] --------------------| START BUFFER MESH INFO |-------------------------------------
2016-08-18 13:44:42:431[cInfo        ] BufferInfo::AddMesh(): NUM VERTS-----------------[172800]
2016-08-18 13:44:42:432[cInfo        ] BufferInfo::AddMesh(): NUM INDICES---------------[0]
2016-08-18 13:44:42:434[cInfo        ] BufferInfo::AddMesh(): VERT OFFSET---------------[0]
2016-08-18 13:44:42:435[cInfo        ] BufferInfo::AddMesh(): INDICES OFFSET (BYTES)----[0]
2016-08-18 13:44:42:437[cInfo        ] --------------------|  END BUFFER MESH INFO  |--------------------------------------
2016-08-18 13:44:42:439[cInfo        ] 

2016-08-18 13:44:42:441[Info         ] ShapeGenerator::ReadSceneFile(): Added new scene [..\Data\Scenes\WaterPlane.ptn.scene] successfully.
2016-08-18 13:44:42:441[cProcess     ] Camera::Initialize() successful.
2016-08-18 13:44:42:451[cProcess     ] BufferManager::Initialize() successful.
2016-08-18 13:44:42:453[cInfo        ] 
-----------------------------------------------------------------------
 BufferInfo::CreateBuffers()[3] Created buffers:| VERTEX [21] with [8107776] bytes. || INDEX [22] with [0] bytes |
-----------------------------------------------------------------------

2016-08-18 13:44:42:472[cInfo        ] --------BufferInfo::AddMesh() Added mesh successfully-------
2016-08-18 13:44:42:473[cInfo        ] 
2016-08-18 13:44:42:474[cInfo        ] --------------------| START BUFFER MESH INFO |-------------------------------------
2016-08-18 13:44:42:476[cInfo        ] BufferInfo::AddMesh(): NUM VERTS-----------------[337824]
2016-08-18 13:44:42:478[cInfo        ] BufferInfo::AddMesh(): NUM INDICES---------------[0]
2016-08-18 13:44:42:480[cInfo        ] BufferInfo::AddMesh(): VERT OFFSET---------------[0]
2016-08-18 13:44:42:482[cInfo        ] BufferInfo::AddMesh(): INDICES OFFSET (BYTES)----[0]
2016-08-18 13:44:42:483[cInfo        ] --------------------|  END BUFFER MESH INFO  |--------------------------------------
2016-08-18 13:44:42:484[cInfo        ] 

2016-08-18 13:44:42:485[Info         ] ShapeGenerator::ReadSceneFile(): Added new scene [..\Data\Scenes\Dargon.pn.scene] successfully.
2016-08-18 13:44:42:485[cProcess     ] BufferManager::Initialize() successful.
2016-08-18 13:44:42:486[cInfo        ] 
-----------------------------------------------------------------------
 BufferInfo::CreateBuffers()[4] Created buffers:| VERTEX [23] with [1000000] bytes. || INDEX [24] with [1000000] bytes |
-----------------------------------------------------------------------

2016-08-18 13:44:42:491[cInfo        ] --------BufferInfo::AddMesh() Added mesh successfully-------
2016-08-18 13:44:42:492[cInfo        ] 
2016-08-18 13:44:42:493[cInfo        ] --------------------| START BUFFER MESH INFO |-------------------------------------
2016-08-18 13:44:42:494[cInfo        ] BufferInfo::AddMesh(): NUM VERTS-----------------[6]
2016-08-18 13:44:42:495[cInfo        ] BufferInfo::AddMesh(): NUM INDICES---------------[0]
2016-08-18 13:44:42:496[cInfo        ] BufferInfo::AddMesh(): VERT OFFSET---------------[0]
2016-08-18 13:44:42:497[cInfo        ] BufferInfo::AddMesh(): INDICES OFFSET (BYTES)----[0]
2016-08-18 13:44:42:498[cInfo        ] --------------------|  END BUFFER MESH INFO  |--------------------------------------
2016-08-18 13:44:42:499[cInfo        ] 

2016-08-18 13:44:42:501[cProcess     ] BodaciousQuest::Initialize() successful.
2016-08-18 13:44:42:501[Process      ] GameTime::Initialize() ok

2016-08-18 13:44:42:501[cProcess     ] MyWindow::Initialize() successful!
2016-08-18 13:44:42:520[cFatalError  ] ShaderProgram::UseProgram(): glUseProgram() failed.
 GLErrorMsg:(GLInvalid Operation).
2016-08-18 13:44:42:522[Info         ] Shader  [20] deleting...
2016-08-18 13:44:42:522[Info         ] Shader  [20] deleted successfully.
2016-08-18 13:44:42:522[Info         ] Shader  [21] deleting...
2016-08-18 13:44:42:522[Info         ] Shader  [21] deleted successfully.
2016-08-18 13:44:42:522[Info         ] All shaders deleted successfully.
2016-08-18 13:44:42:522[cInfo        ] Program [19] deleted successfully.
2016-08-18 13:44:42:524[cProgError   ] ShaderManager::UseShader() failed
2016-08-18 13:44:42:525[cFatalError  ] Draw failed!
2016-08-18 13:44:42:527[cProcess     ] BufferManager::Shutdown() successful.
2016-08-18 13:44:42:528[cProcess     ] RenderEngine::Shutdown() successful.
2016-08-18 13:44:42:531[cProcess     ] Camera::Shutdown() successful.
2016-08-18 13:44:42:532[Info         ] Shader  [2] deleting...
2016-08-18 13:44:42:532[Info         ] Shader  [2] deleted successfully.
2016-08-18 13:44:42:532[Info         ] Shader  [3] deleting...
2016-08-18 13:44:42:532[Info         ] Shader  [3] deleted successfully.
2016-08-18 13:44:42:532[Info         ] All shaders deleted successfully.
2016-08-18 13:44:42:532[cInfo        ] Program [1] deleted successfully.
2016-08-18 13:44:42:532[Process      ] ShaderProgram[1]::Shutdown successful!
2016-08-18 13:44:42:532[Info         ] Shader  [5] deleting...
2016-08-18 13:44:42:532[Info         ] Shader  [5] deleted successfully.
2016-08-18 13:44:42:533[Info         ] Shader  [6] deleting...
2016-08-18 13:44:42:533[Info         ] Shader  [6] deleted successfully.
2016-08-18 13:44:42:533[Info         ] All shaders deleted successfully.
2016-08-18 13:44:42:533[cInfo        ] Program [4] deleted successfully.
2016-08-18 13:44:42:533[Process      ] ShaderProgram[4]::Shutdown successful!
2016-08-18 13:44:42:533[Info         ] Shader  [8] deleting...
2016-08-18 13:44:42:533[Info         ] Shader  [8] deleted successfully.
2016-08-18 13:44:42:533[Info         ] Shader  [9] deleting...
2016-08-18 13:44:42:533[Info         ] Shader  [9] deleted successfully.
2016-08-18 13:44:42:533[Info         ] All shaders deleted successfully.
2016-08-18 13:44:42:534[cInfo        ] Program [7] deleted successfully.
2016-08-18 13:44:42:534[Process      ] ShaderProgram[7]::Shutdown successful!
2016-08-18 13:44:42:534[Info         ] Shader  [11] deleting...
2016-08-18 13:44:42:534[Info         ] Shader  [11] deleted successfully.
2016-08-18 13:44:42:534[Info         ] Shader  [12] deleting...
2016-08-18 13:44:42:534[Info         ] Shader  [12] deleted successfully.
2016-08-18 13:44:42:534[Info         ] All shaders deleted successfully.
2016-08-18 13:44:42:534[cInfo        ] Program [10] deleted successfully.
2016-08-18 13:44:42:535[Process      ] ShaderProgram[10]::Shutdown successful!
2016-08-18 13:44:42:535[Info         ] Shader  [14] deleting...
2016-08-18 13:44:42:535[Info         ] Shader  [14] deleted successfully.
2016-08-18 13:44:42:535[Info         ] Shader  [15] deleting...
2016-08-18 13:44:42:535[Info         ] Shader  [15] deleted successfully.
2016-08-18 13:44:42:535[Info         ] All shaders deleted successfully.
2016-08-18 13:44:42:535[cInfo        ] Program [13] deleted successfully.
2016-08-18 13:44:42:536[Process      ] ShaderProgram[13]::Shutdown successful!
2016-08-18 13:44:42:536[Info         ] Shader  [17] deleting...
2016-08-18 13:44:42:536[Info         ] Shader  [17] deleted successfully.
2016-08-18 13:44:42:536[Info         ] Shader  [18] deleting...
2016-08-18 13:44:42:536[Info         ] Shader  [18] deleted successfully.
2016-08-18 13:44:42:536[Info         ] All shaders deleted successfully.
2016-08-18 13:44:42:536[cInfo        ] Program [16] deleted successfully.
2016-08-18 13:44:42:537[Process      ] ShaderProgram[16]::Shutdown successful!
2016-08-18 13:44:42:537[Info         ] All shaders deleted successfully.
2016-08-18 13:44:42:537[cInfo        ] Program [19] deleted successfully.
2016-08-18 13:44:42:538[Process      ] ShaderProgram[19]::Shutdown successful!
2016-08-18 13:44:42:538[cProcess     ] MyWindow::Shutdown() successful!
2016-08-18 13:44:42:538[cProcess     ] BodaciousQuest::Shutdown() successful.
2016-08-18 13:44:42:549[Process      ] ConfigReader shut down successfully
2016-08-18 13:44:42:549[Process      ] GameLogger::ShutDown() successful
