2016-08-24 10:06:12:996[Process      ] GameLogger::Initialize() opened log file [..\Data\LogFiles\2016-08-24 10-06-12.ObjConverter.log] for writing
2016-08-24 10:06:12:996[Info         ] GameLogger::Initialize() successful
2016-08-24 10:06:12:996[Process      ] ConfigReader opened [..\Data\BodaciousQuest.config] successfully
2016-08-24 10:06:12:996[Info         ] ConfigReader initialized successfully
2016-08-24 10:06:12:996[Info         ] Valid KVP [BodaciousQuest.ShowFullScreen] [false] added
2016-08-24 10:06:12:996[Info         ] Valid KVP [BodaciousQuest.FpsInterval] [5.0] added
2016-08-24 10:06:12:997[Info         ] Valid KVP [BodaciousQuest.EnableControls] [true] added
2016-08-24 10:06:12:997[Info         ] Valid KVP [BodaciousQuest.LoadCubeFirst] [true] added
2016-08-24 10:06:12:997[Info         ] Valid KVP [BodaciousQuest.CameraWalkMode] [false] added
2016-08-24 10:06:12:997[Info         ] Valid KVP [BodaciousQuest.GridSize] [40] added
2016-08-24 10:06:12:997[Info         ] Valid KVP [BodaciousQuest.LightingTest.Ambient.Color] [1.0  1.0  1.0] added
2016-08-24 10:06:12:997[Info         ] Valid KVP [BodaciousQuest.LightingTest.Diffuse.Color] [1.0  1.0  1.0] added
2016-08-24 10:06:12:997[Info         ] Valid KVP [BodaciousQuest.LightingTest.Specular.Color] [1.0  1.0  1.0] added
2016-08-24 10:06:12:997[Info         ] Valid KVP [BodaciousQuest.LightingTest.Ambient.Reflectivity] [0.1] added
2016-08-24 10:06:12:997[Info         ] Valid KVP [BodaciousQuest.LightingTest.Diffuse.Reflectivity] [0.9] added
2016-08-24 10:06:12:997[Info         ] Valid KVP [BodaciousQuest.LightingTest.Specular.Reflectivity] [0.2] added
2016-08-24 10:06:12:997[Info         ] Valid KVP [BodaciousQuest.LightingTest.Specular.Shininess] [2.0] added
2016-08-24 10:06:12:997[Info         ] Valid KVP [BodaciousQuest.LightingTest.Falloff.A] [1.0] added
2016-08-24 10:06:12:997[Info         ] Valid KVP [BodaciousQuest.LightingTest.Falloff.B] [0.01] added
2016-08-24 10:06:12:997[Info         ] Valid KVP [BodaciousQuest.LightingTest.Falloff.C] [0.001] added
2016-08-24 10:06:12:997[Info         ] Valid KVP [BodaciousQuest.LightingTest.Directional] [false] added
2016-08-24 10:06:12:997[Info         ] Valid KVP [BodaciousQuest.LightingTest.Direction] [-1.0 0.0 1.0] added
2016-08-24 10:06:12:997[Info         ] Valid KVP [BodaciousQuest.LightingTest.Light.Position] [-0.875458 3.673020 1.043331] added
2016-08-24 10:06:12:997[Info         ] Valid KVP [BodaciousQuest.LightingTest.Dargon.Color] [1.0 1.0 0.4] added
2016-08-24 10:06:12:997[Info         ] Valid KVP [ObjConverter.Mode.VertexType] [ptn] added
2016-08-24 10:06:12:997[Info         ] Valid KVP [ObjConverter.Mode.Analyze] [false] added
2016-08-24 10:06:12:997[Info         ] Valid KVP [ObjConverter.Model] [Chicken] added
2016-08-24 10:06:12:997[Info         ] Valid KVP [ObjConverter.Shader] [5] added
2016-08-24 10:06:12:997[Info         ] Valid KVP [ObjConverter.Color] [random] added
2016-08-24 10:06:12:997[Info         ] Valid KVP [ObjConverter.Obj.InputFileFolder] [..\\Data\\Objs\\] added
2016-08-24 10:06:12:997[Info         ] Valid KVP [ObjConverter.Scene.OutputFileFolder] [..\\Data\\Scenes\\] added
2016-08-24 10:06:12:997[Info         ] Valid KVP [ObjConverter.Model.Dargon.NumVerts] [57967] added
2016-08-24 10:06:12:997[Info         ] Valid KVP [ObjConverter.Model.Dargon.NumIndices] [337824] added
2016-08-24 10:06:12:997[Info         ] Valid KVP [ObjConverter.Model.Dargon.NumTexCoords] [60175] added
2016-08-24 10:06:12:997[Info         ] Valid KVP [ObjConverter.Model.Dargon.NumNormals] [337824] added
2016-08-24 10:06:12:997[Info         ] Valid KVP [ObjConverter.Model.DerpyDargon.NumVerts] [57967] added
2016-08-24 10:06:12:997[Info         ] Valid KVP [ObjConverter.Model.DerpyDargon.NumIndices] [337824] added
2016-08-24 10:06:12:997[Info         ] Valid KVP [ObjConverter.Model.DerpyDargon.NumTexCoords] [60175] added
2016-08-24 10:06:12:997[Info         ] Valid KVP [ObjConverter.Model.DerpyDargon.NumNormals] [337824] added
2016-08-24 10:06:12:997[Info         ] Valid KVP [ObjConverter.Model.Swamp.NumVerts] [2735] added
2016-08-24 10:06:12:997[Info         ] Valid KVP [ObjConverter.Model.Swamp.NumIndices] [8556] added
2016-08-24 10:06:12:997[Info         ] Valid KVP [ObjConverter.Model.Swamp.NumTexCoords] [3622] added
2016-08-24 10:06:12:997[Info         ] Valid KVP [ObjConverter.Model.Swamp.NumNormals] [5156] added
2016-08-24 10:06:12:997[Info         ] Valid KVP [ObjConverter.Model.Pyramid.NumVerts] [5] added
2016-08-24 10:06:12:997[Info         ] Valid KVP [ObjConverter.Model.Pyramid.NumIndices] [18] added
2016-08-24 10:06:12:997[Info         ] Valid KVP [ObjConverter.Model.Pyramid.NumTexCoords] [10] added
2016-08-24 10:06:12:997[Info         ] Valid KVP [ObjConverter.Model.Pyramid.NumNormals] [16] added
2016-08-24 10:06:12:997[Info         ] Valid KVP [ObjConverter.Model.AIWorld.NumVerts] [1957] added
2016-08-24 10:06:12:997[Info         ] Valid KVP [ObjConverter.Model.AIWorld.NumIndices] [8718] added
2016-08-24 10:06:12:998[Info         ] Valid KVP [ObjConverter.Model.AIWorld.NumTexCoords] [4186] added
2016-08-24 10:06:12:998[Info         ] Valid KVP [ObjConverter.Model.AIWorld.NumNormals] [5418] added
2016-08-24 10:06:12:998[Info         ] Valid KVP [ObjConverter.Model.GameWeapon.NumVerts] [2068] added
2016-08-24 10:06:12:998[Info         ] Valid KVP [ObjConverter.Model.GameWeapon.NumIndices] [9894] added
2016-08-24 10:06:12:998[Info         ] Valid KVP [ObjConverter.Model.GameWeapon.NumTexCoords] [0] added
2016-08-24 10:06:12:998[Info         ] Valid KVP [ObjConverter.Model.GameWeapon.NumNormals] [0] added
2016-08-24 10:06:12:998[Info         ] Valid KVP [ObjConverter.Model.Chicken.NumVerts] [224] added
2016-08-24 10:06:12:998[Info         ] Valid KVP [ObjConverter.Model.Chicken.NumIndices] [1374] added
2016-08-24 10:06:12:998[Info         ] Valid KVP [ObjConverter.Model.Chicken.NumTexCoords] [472] added
2016-08-24 10:06:12:998[Info         ] Valid KVP [ObjConverter.Model.Chicken.NumNormals] [565] added
2016-08-24 10:06:12:998[Info         ] Valid KVP [ObjConverter.Model.WaterPlane.NumVerts] [29282] added
2016-08-24 10:06:12:998[Info         ] Valid KVP [ObjConverter.Model.WaterPlane.NumIndices] [172800] added
2016-08-24 10:06:12:998[Info         ] Valid KVP [ObjConverter.Model.WaterPlane.NumTexCoords] [29282] added
2016-08-24 10:06:12:998[Info         ] Valid KVP [ObjConverter.Model.WaterPlane.NumNormals] [172800] added
2016-08-24 10:06:12:998[Info         ] Valid KVP [ObjConverter.Model.Cube.NumVerts] [8] added
2016-08-24 10:06:12:998[Info         ] Valid KVP [ObjConverter.Model.Cube.NumIndices] [36] added
2016-08-24 10:06:12:998[Info         ] Valid KVP [ObjConverter.Model.Cube.NumTexCoords] [14] added
2016-08-24 10:06:12:998[Info         ] Valid KVP [ObjConverter.Model.Cube.NumNormals] [24] added
2016-08-24 10:06:12:998[Info         ] Valid KVP [ObjConverter.Model.Barrel.NumVerts] [172] added
2016-08-24 10:06:12:998[Info         ] Valid KVP [ObjConverter.Model.Barrel.NumIndices] [1008] added
2016-08-24 10:06:12:998[Info         ] Valid KVP [ObjConverter.Model.Barrel.NumTexCoords] [328] added
2016-08-24 10:06:12:998[Info         ] Valid KVP [ObjConverter.Model.Barrel.NumNormals] [204] added
2016-08-24 10:06:12:998[Info         ] Valid KVP [ObjConverter.Model.SkyBox.NumVerts] [8] added
2016-08-24 10:06:12:998[Info         ] Valid KVP [ObjConverter.Model.SkyBox.NumIndices] [36] added
2016-08-24 10:06:12:998[Info         ] Valid KVP [ObjConverter.Model.SkyBox.NumTexCoords] [18] added
2016-08-24 10:06:12:998[Info         ] Valid KVP [ObjConverter.Model.SkyBox.NumNormals] [24] added
2016-08-24 10:06:12:998[Info         ] Valid KVP [ObjConverter.Model.Cat.NumVerts] [548] added
2016-08-24 10:06:12:998[Info         ] Valid KVP [ObjConverter.Model.Cat.NumIndices] [3180] added
2016-08-24 10:06:12:998[Info         ] Valid KVP [ObjConverter.Model.Cat.NumTexCoords] [771] added
2016-08-24 10:06:12:998[Info         ] Valid KVP [ObjConverter.Model.Cat.NumNormals] [714] added
2016-08-24 10:06:13:073[cInfo        ] Config reader opened [..\Data\BodaciousQuest.config] for reading!
2016-08-24 10:06:13:195[cInfo        ] ObjConverter::ReadFile() Read file ..\\Data\\Objs\\Chicken.obj successfully
2016-08-24 10:06:13:196[cInfo        ] NUM VERTS:     224
2016-08-24 10:06:13:197[cInfo        ] NUM INDICES:   1374
2016-08-24 10:06:13:198[cInfo        ] NUM TEXCOORDS: 472
2016-08-24 10:06:13:198[cInfo        ] NUM NORMALS:   565
2016-08-24 10:06:13:199[Process      ] ConfigReader shut down successfully
2016-08-24 10:06:13:199[Process      ] GameLogger::ShutDown() successful
