2016-08-22 14:05:46:003[Process      ] GameLogger::Initialize() opened log file [..\Data\LogFiles\2016-08-22 14-05-46.BodaciousQuest.log] for writing
2016-08-22 14:05:46:004[Info         ] GameLogger::Initialize() successful
2016-08-22 14:05:46:004[Process      ] ConfigReader opened [..\Data\BodaciousQuest.config] successfully
2016-08-22 14:05:46:004[Info         ] ConfigReader initialized successfully
2016-08-22 14:05:46:004[Info         ] Valid KVP [BodaciousQuest.ShowFullScreen] [false] added
2016-08-22 14:05:46:004[Info         ] Valid KVP [BodaciousQuest.FpsInterval] [5.0] added
2016-08-22 14:05:46:004[Info         ] Valid KVP [BodaciousQuest.EnableControls] [true] added
2016-08-22 14:05:46:004[Info         ] Valid KVP [BodaciousQuest.LoadCubeFirst] [true] added
2016-08-22 14:05:46:004[Info         ] Valid KVP [BodaciousQuest.CameraWalkMode] [false] added
2016-08-22 14:05:46:004[Info         ] Valid KVP [BodaciousQuest.GridSize] [40] added
2016-08-22 14:05:46:004[Info         ] Valid KVP [BodaciousQuest.LightingTest.Ambient.Color] [1.0  1.0  1.0] added
2016-08-22 14:05:46:004[Info         ] Valid KVP [BodaciousQuest.LightingTest.Diffuse.Color] [1.0  1.0  1.0] added
2016-08-22 14:05:46:004[Info         ] Valid KVP [BodaciousQuest.LightingTest.Specular.Color] [1.0  1.0  1.0] added
2016-08-22 14:05:46:004[Info         ] Valid KVP [BodaciousQuest.LightingTest.Ambient.Reflectivity] [0.01] added
2016-08-22 14:05:46:004[Info         ] Valid KVP [BodaciousQuest.LightingTest.Diffuse.Reflectivity] [0.7] added
2016-08-22 14:05:46:004[Info         ] Valid KVP [BodaciousQuest.LightingTest.Specular.Reflectivity] [0.5] added
2016-08-22 14:05:46:004[Info         ] Valid KVP [BodaciousQuest.LightingTest.Specular.Shininess] [1.50] added
2016-08-22 14:05:46:004[Info         ] Valid KVP [BodaciousQuest.LightingTest.Falloff.A] [1.0] added
2016-08-22 14:05:46:004[Info         ] Valid KVP [BodaciousQuest.LightingTest.Falloff.B] [0.001] added
2016-08-22 14:05:46:004[Info         ] Valid KVP [BodaciousQuest.LightingTest.Falloff.C] [0.0001] added
2016-08-22 14:05:46:004[Info         ] Valid KVP [BodaciousQuest.LightingTest.Directional] [false] added
2016-08-22 14:05:46:005[Info         ] Valid KVP [BodaciousQuest.LightingTest.Direction] [-1.0 0.0 1.0] added
2016-08-22 14:05:46:005[Info         ] Valid KVP [BodaciousQuest.LightingTest.Light.Position] [-0.875458 3.673020 1.043331] added
2016-08-22 14:05:46:005[Info         ] Valid KVP [BodaciousQuest.LightingTest.Dargon.Color] [1.0 1.0 0.4] added
2016-08-22 14:05:46:005[Info         ] Valid KVP [ObjConverter.Mode.VertexType] [pn] added
2016-08-22 14:05:46:005[Info         ] Valid KVP [ObjConverter.Mode.Analyze] [false] added
2016-08-22 14:05:46:005[Info         ] Valid KVP [ObjConverter.Model] [Cat] added
2016-08-22 14:05:46:005[Info         ] Valid KVP [ObjConverter.Shader] [4] added
2016-08-22 14:05:46:005[Info         ] Valid KVP [ObjConverter.Color] [random] added
2016-08-22 14:05:46:005[Info         ] Valid KVP [ObjConverter.Obj.InputFileFolder] [..\\Data\\Objs\\] added
2016-08-22 14:05:46:005[Info         ] Valid KVP [ObjConverter.Scene.OutputFileFolder] [..\\Data\\Scenes\\] added
2016-08-22 14:05:46:005[Info         ] Valid KVP [ObjConverter.Model.Dargon.NumVerts] [57967] added
2016-08-22 14:05:46:005[Info         ] Valid KVP [ObjConverter.Model.Dargon.NumIndices] [337824] added
2016-08-22 14:05:46:005[Info         ] Valid KVP [ObjConverter.Model.Dargon.NumTexCoords] [60175] added
2016-08-22 14:05:46:005[Info         ] Valid KVP [ObjConverter.Model.Dargon.NumNormals] [337824] added
2016-08-22 14:05:46:005[Info         ] Valid KVP [ObjConverter.Model.Swamp.NumVerts] [2735] added
2016-08-22 14:05:46:005[Info         ] Valid KVP [ObjConverter.Model.Swamp.NumIndices] [8556] added
2016-08-22 14:05:46:005[Info         ] Valid KVP [ObjConverter.Model.Swamp.NumTexCoords] [3622] added
2016-08-22 14:05:46:005[Info         ] Valid KVP [ObjConverter.Model.Swamp.NumNormals] [5156] added
2016-08-22 14:05:46:005[Info         ] Valid KVP [ObjConverter.Model.Pyramid.NumVerts] [5] added
2016-08-22 14:05:46:005[Info         ] Valid KVP [ObjConverter.Model.Pyramid.NumIndices] [18] added
2016-08-22 14:05:46:005[Info         ] Valid KVP [ObjConverter.Model.Pyramid.NumTexCoords] [10] added
2016-08-22 14:05:46:005[Info         ] Valid KVP [ObjConverter.Model.Pyramid.NumNormals] [16] added
2016-08-22 14:05:46:005[Info         ] Valid KVP [ObjConverter.Model.AIWorld.NumVerts] [1957] added
2016-08-22 14:05:46:005[Info         ] Valid KVP [ObjConverter.Model.AIWorld.NumIndices] [8718] added
2016-08-22 14:05:46:006[Info         ] Valid KVP [ObjConverter.Model.AIWorld.NumTexCoords] [4186] added
2016-08-22 14:05:46:006[Info         ] Valid KVP [ObjConverter.Model.AIWorld.NumNormals] [5418] added
2016-08-22 14:05:46:006[Info         ] Valid KVP [ObjConverter.Model.GameWeapon.NumVerts] [2068] added
2016-08-22 14:05:46:006[Info         ] Valid KVP [ObjConverter.Model.GameWeapon.NumIndices] [9894] added
2016-08-22 14:05:46:006[Info         ] Valid KVP [ObjConverter.Model.GameWeapon.NumTexCoords] [0] added
2016-08-22 14:05:46:006[Info         ] Valid KVP [ObjConverter.Model.GameWeapon.NumNormals] [0] added
2016-08-22 14:05:46:006[Info         ] Valid KVP [ObjConverter.Model.Chicken.NumVerts] [224] added
2016-08-22 14:05:46:006[Info         ] Valid KVP [ObjConverter.Model.Chicken.NumIndices] [1374] added
2016-08-22 14:05:46:006[Info         ] Valid KVP [ObjConverter.Model.Chicken.NumTexCoords] [472] added
2016-08-22 14:05:46:006[Info         ] Valid KVP [ObjConverter.Model.Chicken.NumNormals] [565] added
2016-08-22 14:05:46:006[Info         ] Valid KVP [ObjConverter.Model.WaterPlane.NumVerts] [29282] added
2016-08-22 14:05:46:006[Info         ] Valid KVP [ObjConverter.Model.WaterPlane.NumIndices] [172800] added
2016-08-22 14:05:46:006[Info         ] Valid KVP [ObjConverter.Model.WaterPlane.NumTexCoords] [29282] added
2016-08-22 14:05:46:006[Info         ] Valid KVP [ObjConverter.Model.WaterPlane.NumNormals] [172800] added
2016-08-22 14:05:46:006[Info         ] Valid KVP [ObjConverter.Model.Cube.NumVerts] [8] added
2016-08-22 14:05:46:006[Info         ] Valid KVP [ObjConverter.Model.Cube.NumIndices] [36] added
2016-08-22 14:05:46:006[Info         ] Valid KVP [ObjConverter.Model.Cube.NumTexCoords] [14] added
2016-08-22 14:05:46:006[Info         ] Valid KVP [ObjConverter.Model.Cube.NumNormals] [24] added
2016-08-22 14:05:46:006[Info         ] Valid KVP [ObjConverter.Model.Barrel.NumVerts] [172] added
2016-08-22 14:05:46:006[Info         ] Valid KVP [ObjConverter.Model.Barrel.NumIndices] [1008] added
2016-08-22 14:05:46:006[Info         ] Valid KVP [ObjConverter.Model.Barrel.NumTexCoords] [328] added
2016-08-22 14:05:46:006[Info         ] Valid KVP [ObjConverter.Model.Barrel.NumNormals] [204] added
2016-08-22 14:05:46:006[Info         ] Valid KVP [ObjConverter.Model.SkyBox.NumVerts] [8] added
2016-08-22 14:05:46:006[Info         ] Valid KVP [ObjConverter.Model.SkyBox.NumIndices] [36] added
2016-08-22 14:05:46:006[Info         ] Valid KVP [ObjConverter.Model.SkyBox.NumTexCoords] [18] added
2016-08-22 14:05:46:006[Info         ] Valid KVP [ObjConverter.Model.SkyBox.NumNormals] [24] added
2016-08-22 14:05:46:006[Info         ] Valid KVP [ObjConverter.Model.Cat.NumVerts] [548] added
2016-08-22 14:05:46:007[Info         ] Valid KVP [ObjConverter.Model.Cat.NumIndices] [3180] added
2016-08-22 14:05:46:007[Info         ] Valid KVP [ObjConverter.Model.Cat.NumTexCoords] [771] added
2016-08-22 14:05:46:007[Info         ] Valid KVP [ObjConverter.Model.Cat.NumNormals] [714] added
2016-08-22 14:05:46:079[cInfo        ] Config reader opened [..\Data\BodaciousQuest.config] for reading!
2016-08-22 14:05:46:141[Process      ] ShaderManager Initialized successfully
2016-08-22 14:05:46:141[Info         ] Shader Init started
2016-08-22 14:05:46:141[Info         ] Shader Program created.
2016-08-22 14:05:46:141[Process      ] ShaderProgram::Initialize()[1] successful!
2016-08-22 14:05:46:141[Debug        ] File [..\Data\shaders\debug.vert.shader] Opened successfully! Buffer Length:[291]
2016-08-22 14:05:46:141[Debug        ] Shader file [..\Data\shaders\debug.vert.shader] contents:
//BEGIN
#version 430 core

layout(location = 0)  in vec3 vPosition;

layout(location = 15) uniform vec3 colorin;
layout(location = 16) uniform mat4 MAT;

out vec4 color;

void main()
{
	vec4 vertPos = vec4(vPosition, 1.0);
	gl_Position = MAT *  vertPos;
	color = vec4(colorin, 1.0);
}
//END

2016-08-22 14:05:46:141[Debug        ]  ShaderProgram::AddShader() file with data was read in
2016-08-22 14:05:46:141[Debug        ] ShaderProgram::AddShader() : glShaderSource() successful
2016-08-22 14:05:46:142[Debug        ] ShaderProgram::AddShader() : glCompileShader() successful
2016-08-22 14:05:46:142[Info         ] ShaderProgram::CheckShaderCompileStatus(2) successful.
2016-08-22 14:05:46:142[Debug        ] ShaderProgram::AddShader() : glCompileShader() successful
2016-08-22 14:05:46:142[Info         ] ShaderInfo saved successfully.
2016-08-22 14:05:46:142[Debug        ] ShaderProgram::AddShader() : glAttachShader() successful
2016-08-22 14:05:46:142[Info         ] ShaderProgram::AddShader [2] successful.
2016-08-22 14:05:46:142[Debug        ] File [..\Data\shaders\debug.frag.shader] Opened successfully! Buffer Length:[104]
2016-08-22 14:05:46:142[Debug        ] Shader file [..\Data\shaders\debug.frag.shader] contents:
//BEGIN
#version 430 core


in  vec4 color;
out vec4 outColor;

void main()
{
	outColor = color;
}


//END

2016-08-22 14:05:46:142[Debug        ]  ShaderProgram::AddShader() file with data was read in
2016-08-22 14:05:46:142[Debug        ] ShaderProgram::AddShader() : glShaderSource() successful
2016-08-22 14:05:46:142[Debug        ] ShaderProgram::AddShader() : glCompileShader() successful
2016-08-22 14:05:46:142[Info         ] ShaderProgram::CheckShaderCompileStatus(3) successful.
2016-08-22 14:05:46:142[Debug        ] ShaderProgram::AddShader() : glCompileShader() successful
2016-08-22 14:05:46:142[Info         ] ShaderInfo saved successfully.
2016-08-22 14:05:46:142[Debug        ] ShaderProgram::AddShader() : glAttachShader() successful
2016-08-22 14:05:46:142[Info         ] ShaderProgram::AddShader [3] successful.
2016-08-22 14:05:46:143[Info         ] CheckProgramStatus() successful!
2016-08-22 14:05:46:144[Info         ] CheckProgramStatus() successful!
2016-08-22 14:05:46:144[Info         ] Shader Init started
2016-08-22 14:05:46:144[Info         ] Shader Program created.
2016-08-22 14:05:46:144[Process      ] ShaderProgram::Initialize()[4] successful!
2016-08-22 14:05:46:144[Debug        ] File [..\Data\shaders\play.vert.shader] Opened successfully! Buffer Length:[343]
2016-08-22 14:05:46:144[Debug        ] Shader file [..\Data\shaders\play.vert.shader] contents:
//BEGIN
#version 430 core

layout (location = 0)  in vec3 vPosition;
layout (location = 1)  in vec3 vColor;
layout (location = 15) uniform vec3 colorin;
layout (location = 16) uniform mat4 MAT;

out vec4 color;

void main()
{
	vec4 vertPos = vec4(vPosition, 1.0);
	gl_Position = MAT *  vertPos;
	color = vec4((vColor + colorin), 1.0);
}
//END

2016-08-22 14:05:46:144[Debug        ]  ShaderProgram::AddShader() file with data was read in
2016-08-22 14:05:46:144[Debug        ] ShaderProgram::AddShader() : glShaderSource() successful
2016-08-22 14:05:46:144[Debug        ] ShaderProgram::AddShader() : glCompileShader() successful
2016-08-22 14:05:46:144[Info         ] ShaderProgram::CheckShaderCompileStatus(5) successful.
2016-08-22 14:05:46:144[Debug        ] ShaderProgram::AddShader() : glCompileShader() successful
2016-08-22 14:05:46:144[Info         ] ShaderInfo saved successfully.
2016-08-22 14:05:46:144[Debug        ] ShaderProgram::AddShader() : glAttachShader() successful
2016-08-22 14:05:46:144[Info         ] ShaderProgram::AddShader [5] successful.
2016-08-22 14:05:46:144[Debug        ] File [..\Data\shaders\play.frag.shader] Opened successfully! Buffer Length:[391]
2016-08-22 14:05:46:144[Debug        ] Shader file [..\Data\shaders\play.frag.shader] contents:
//BEGIN
#version 430 core


in  vec4 color;
out vec4 outColor;

void main()
{

	//if (color.r < .7) discard;
	outColor = color;

	//if(((gl_FragCoord.x  > 600)&& (gl_FragCoord.y < 300)) || ((gl_FragCoord.y < 300)  && (gl_FragCoord.x  < 600) )) {
	//discard;
	//}

	//vec2 scrPos = vec2(gl_FragCoord) - vec2(350,150);
	//float len =  length(scrPos);
	//if(len < 50 )discard;
}


//END

2016-08-22 14:05:46:144[Debug        ]  ShaderProgram::AddShader() file with data was read in
2016-08-22 14:05:46:144[Debug        ] ShaderProgram::AddShader() : glShaderSource() successful
2016-08-22 14:05:46:144[Debug        ] ShaderProgram::AddShader() : glCompileShader() successful
2016-08-22 14:05:46:144[Info         ] ShaderProgram::CheckShaderCompileStatus(6) successful.
2016-08-22 14:05:46:144[Debug        ] ShaderProgram::AddShader() : glCompileShader() successful
2016-08-22 14:05:46:144[Info         ] ShaderInfo saved successfully.
2016-08-22 14:05:46:144[Debug        ] ShaderProgram::AddShader() : glAttachShader() successful
2016-08-22 14:05:46:144[Info         ] ShaderProgram::AddShader [6] successful.
2016-08-22 14:05:46:145[Info         ] CheckProgramStatus() successful!
2016-08-22 14:05:46:145[Info         ] CheckProgramStatus() successful!
2016-08-22 14:05:46:145[Info         ] Shader Init started
2016-08-22 14:05:46:145[Info         ] Shader Program created.
2016-08-22 14:05:46:145[Process      ] ShaderProgram::Initialize()[7] successful!
2016-08-22 14:05:46:145[Debug        ] File [..\Data\shaders\texture.vert.shader] Opened successfully! Buffer Length:[305]
2016-08-22 14:05:46:145[Debug        ] Shader file [..\Data\shaders\texture.vert.shader] contents:
//BEGIN
#version 430 core

layout (location = 0)  in vec3 vPosition;
layout (location = 1)  in vec2 vUV;

layout (location = 16) uniform mat4 MAT;

//out data
out vec2 UV;

//out vec4 color;

void main()
{
	vec4 vertPos = vec4(vPosition, 1.0);
	gl_Position = MAT *  vertPos;

	UV = vUV;
	
	
}
//END

2016-08-22 14:05:46:145[Debug        ]  ShaderProgram::AddShader() file with data was read in
2016-08-22 14:05:46:145[Debug        ] ShaderProgram::AddShader() : glShaderSource() successful
2016-08-22 14:05:46:146[Debug        ] ShaderProgram::AddShader() : glCompileShader() successful
2016-08-22 14:05:46:146[Info         ] ShaderProgram::CheckShaderCompileStatus(8) successful.
2016-08-22 14:05:46:146[Debug        ] ShaderProgram::AddShader() : glCompileShader() successful
2016-08-22 14:05:46:146[Info         ] ShaderInfo saved successfully.
2016-08-22 14:05:46:146[Debug        ] ShaderProgram::AddShader() : glAttachShader() successful
2016-08-22 14:05:46:146[Info         ] ShaderProgram::AddShader [8] successful.
2016-08-22 14:05:46:146[Debug        ] File [..\Data\shaders\texture.frag.shader] Opened successfully! Buffer Length:[482]
2016-08-22 14:05:46:146[Debug        ] Shader file [..\Data\shaders\texture.frag.shader] contents:
//BEGIN
#version 430 core


in  vec2 UV;
out vec4 outColor;

layout(location = 20) uniform sampler2D textureSampler;

void main()
{

	//if (color.r < .7) discard;
	outColor = vec4(texture(textureSampler, UV).rgb, 1.0);

	//if(((gl_FragCoord.x  > 600)&& (gl_FragCoord.y < 300)) || ((gl_FragCoord.y < 300)  && (gl_FragCoord.x  < 600) )) {
	//discard;
	//}
	//vec2 scrPos = vec2(gl_FragCoord) - vec2(350,150);
	//float len =  length(scrPos);
	//if(len < 50 )discard;
}


//END

2016-08-22 14:05:46:146[Debug        ]  ShaderProgram::AddShader() file with data was read in
2016-08-22 14:05:46:146[Debug        ] ShaderProgram::AddShader() : glShaderSource() successful
2016-08-22 14:05:46:146[Debug        ] ShaderProgram::AddShader() : glCompileShader() successful
2016-08-22 14:05:46:146[Info         ] ShaderProgram::CheckShaderCompileStatus(9) successful.
2016-08-22 14:05:46:146[Debug        ] ShaderProgram::AddShader() : glCompileShader() successful
2016-08-22 14:05:46:146[Info         ] ShaderInfo saved successfully.
2016-08-22 14:05:46:146[Debug        ] ShaderProgram::AddShader() : glAttachShader() successful
2016-08-22 14:05:46:146[Info         ] ShaderProgram::AddShader [9] successful.
2016-08-22 14:05:46:147[Info         ] CheckProgramStatus() successful!
2016-08-22 14:05:46:147[Info         ] CheckProgramStatus() successful!
2016-08-22 14:05:46:147[Info         ] Shader Init started
2016-08-22 14:05:46:147[Info         ] Shader Program created.
2016-08-22 14:05:46:147[Process      ] ShaderProgram::Initialize()[10] successful!
2016-08-22 14:05:46:147[Debug        ] File [..\Data\shaders\framebuffer.vert.shader] Opened successfully! Buffer Length:[305]
2016-08-22 14:05:46:148[Debug        ] Shader file [..\Data\shaders\framebuffer.vert.shader] contents:
//BEGIN
#version 430 core

layout (location = 0)  in vec3 vPosition;
layout (location = 1)  in vec2 vUV;

layout (location = 16) uniform mat4 MAT;

//out data
out vec2 UV;

//out vec4 color;

void main()
{
	vec4 vertPos = vec4(vPosition, 1.0);
	gl_Position = MAT *  vertPos;

	UV = vUV;
	
	
}
//END

2016-08-22 14:05:46:148[Debug        ]  ShaderProgram::AddShader() file with data was read in
2016-08-22 14:05:46:148[Debug        ] ShaderProgram::AddShader() : glShaderSource() successful
2016-08-22 14:05:46:148[Debug        ] ShaderProgram::AddShader() : glCompileShader() successful
2016-08-22 14:05:46:148[Info         ] ShaderProgram::CheckShaderCompileStatus(11) successful.
2016-08-22 14:05:46:148[Debug        ] ShaderProgram::AddShader() : glCompileShader() successful
2016-08-22 14:05:46:148[Info         ] ShaderInfo saved successfully.
2016-08-22 14:05:46:148[Debug        ] ShaderProgram::AddShader() : glAttachShader() successful
2016-08-22 14:05:46:148[Info         ] ShaderProgram::AddShader [11] successful.
2016-08-22 14:05:46:148[Debug        ] File [..\Data\shaders\framebuffer.frag.shader] Opened successfully! Buffer Length:[275]
2016-08-22 14:05:46:148[Debug        ] Shader file [..\Data\shaders\framebuffer.frag.shader] contents:
//BEGIN
#version 430 core


in  vec2 UV;
out vec4 outColor;

layout(location = 20) uniform sampler2D textureSampler;

void main()
{


	vec3 tempCol = texture(textureSampler, UV).rgb;

	outColor = vec4(tempCol.r / 1.5f, tempCol.g / 1.5f, tempCol.b / 1.5f, 1.0f);
}


//END

2016-08-22 14:05:46:148[Debug        ]  ShaderProgram::AddShader() file with data was read in
2016-08-22 14:05:46:148[Debug        ] ShaderProgram::AddShader() : glShaderSource() successful
2016-08-22 14:05:46:148[Debug        ] ShaderProgram::AddShader() : glCompileShader() successful
2016-08-22 14:05:46:148[Info         ] ShaderProgram::CheckShaderCompileStatus(12) successful.
2016-08-22 14:05:46:148[Debug        ] ShaderProgram::AddShader() : glCompileShader() successful
2016-08-22 14:05:46:148[Info         ] ShaderInfo saved successfully.
2016-08-22 14:05:46:148[Debug        ] ShaderProgram::AddShader() : glAttachShader() successful
2016-08-22 14:05:46:148[Info         ] ShaderProgram::AddShader [12] successful.
2016-08-22 14:05:46:149[Info         ] CheckProgramStatus() successful!
2016-08-22 14:05:46:149[Info         ] CheckProgramStatus() successful!
2016-08-22 14:05:46:149[Info         ] Shader Init started
2016-08-22 14:05:46:149[Info         ] Shader Program created.
2016-08-22 14:05:46:149[Process      ] ShaderProgram::Initialize()[13] successful!
2016-08-22 14:05:46:149[Debug        ] File [..\Data\shaders\lighting.vert.shader] Opened successfully! Buffer Length:[1145]
2016-08-22 14:05:46:149[cDebug       ] Shader file [..\Data\shaders\lighting.vert.shader] is too big to display contents.
2016-08-22 14:05:46:151[Debug        ]  ShaderProgram::AddShader() file with data was read in
2016-08-22 14:05:46:151[Debug        ] ShaderProgram::AddShader() : glShaderSource() successful
2016-08-22 14:05:46:151[Debug        ] ShaderProgram::AddShader() : glCompileShader() successful
2016-08-22 14:05:46:151[Info         ] ShaderProgram::CheckShaderCompileStatus(14) successful.
2016-08-22 14:05:46:151[Debug        ] ShaderProgram::AddShader() : glCompileShader() successful
2016-08-22 14:05:46:151[Info         ] ShaderInfo saved successfully.
2016-08-22 14:05:46:151[Debug        ] ShaderProgram::AddShader() : glAttachShader() successful
2016-08-22 14:05:46:152[Info         ] ShaderProgram::AddShader [14] successful.
2016-08-22 14:05:46:152[Debug        ] File [..\Data\shaders\lighting.frag.shader] Opened successfully! Buffer Length:[1743]
2016-08-22 14:05:46:152[cDebug       ] Shader file [..\Data\shaders\lighting.frag.shader] is too big to display contents.
2016-08-22 14:05:46:153[Debug        ]  ShaderProgram::AddShader() file with data was read in
2016-08-22 14:05:46:153[Debug        ] ShaderProgram::AddShader() : glShaderSource() successful
2016-08-22 14:05:46:154[Debug        ] ShaderProgram::AddShader() : glCompileShader() successful
2016-08-22 14:05:46:154[Info         ] ShaderProgram::CheckShaderCompileStatus(15) successful.
2016-08-22 14:05:46:154[Debug        ] ShaderProgram::AddShader() : glCompileShader() successful
2016-08-22 14:05:46:154[Info         ] ShaderInfo saved successfully.
2016-08-22 14:05:46:154[Debug        ] ShaderProgram::AddShader() : glAttachShader() successful
2016-08-22 14:05:46:154[Info         ] ShaderProgram::AddShader [15] successful.
2016-08-22 14:05:46:158[Info         ] CheckProgramStatus() successful!
2016-08-22 14:05:46:158[Info         ] CheckProgramStatus() successful!
2016-08-22 14:05:46:158[Info         ] Shader Init started
2016-08-22 14:05:46:159[Info         ] Shader Program created.
2016-08-22 14:05:46:159[Process      ] ShaderProgram::Initialize()[16] successful!
2016-08-22 14:05:46:159[Debug        ] File [..\Data\shaders\texlighting.vert.shader] Opened successfully! Buffer Length:[1110]
2016-08-22 14:05:46:159[cDebug       ] Shader file [..\Data\shaders\texlighting.vert.shader] is too big to display contents.
2016-08-22 14:05:46:161[Debug        ]  ShaderProgram::AddShader() file with data was read in
2016-08-22 14:05:46:161[Debug        ] ShaderProgram::AddShader() : glShaderSource() successful
2016-08-22 14:05:46:161[Debug        ] ShaderProgram::AddShader() : glCompileShader() successful
2016-08-22 14:05:46:161[Info         ] ShaderProgram::CheckShaderCompileStatus(17) successful.
2016-08-22 14:05:46:161[Debug        ] ShaderProgram::AddShader() : glCompileShader() successful
2016-08-22 14:05:46:161[Info         ] ShaderInfo saved successfully.
2016-08-22 14:05:46:161[Debug        ] ShaderProgram::AddShader() : glAttachShader() successful
2016-08-22 14:05:46:161[Info         ] ShaderProgram::AddShader [17] successful.
2016-08-22 14:05:46:161[Debug        ] File [..\Data\shaders\texlighting.frag.shader] Opened successfully! Buffer Length:[1717]
2016-08-22 14:05:46:161[cDebug       ] Shader file [..\Data\shaders\texlighting.frag.shader] is too big to display contents.
2016-08-22 14:05:46:164[Debug        ]  ShaderProgram::AddShader() file with data was read in
2016-08-22 14:05:46:164[Debug        ] ShaderProgram::AddShader() : glShaderSource() successful
2016-08-22 14:05:46:164[Debug        ] ShaderProgram::AddShader() : glCompileShader() successful
2016-08-22 14:05:46:165[Info         ] ShaderProgram::CheckShaderCompileStatus(18) successful.
2016-08-22 14:05:46:165[Debug        ] ShaderProgram::AddShader() : glCompileShader() successful
2016-08-22 14:05:46:165[Info         ] ShaderInfo saved successfully.
2016-08-22 14:05:46:165[Debug        ] ShaderProgram::AddShader() : glAttachShader() successful
2016-08-22 14:05:46:165[Info         ] ShaderProgram::AddShader [18] successful.
2016-08-22 14:05:46:167[Info         ] CheckProgramStatus() successful!
2016-08-22 14:05:46:168[Info         ] CheckProgramStatus() successful!
2016-08-22 14:05:46:168[Info         ] Shader Init started
2016-08-22 14:05:46:168[Info         ] Shader Program created.
2016-08-22 14:05:46:168[Process      ] ShaderProgram::Initialize()[19] successful!
2016-08-22 14:05:46:168[Debug        ] File [..\Data\shaders\water.vert.shader] Opened successfully! Buffer Length:[1400]
2016-08-22 14:05:46:168[cDebug       ] Shader file [..\Data\shaders\water.vert.shader] is too big to display contents.
2016-08-22 14:05:46:171[Debug        ]  ShaderProgram::AddShader() file with data was read in
2016-08-22 14:05:46:172[Debug        ] ShaderProgram::AddShader() : glShaderSource() successful
2016-08-22 14:05:46:172[Debug        ] ShaderProgram::AddShader() : glCompileShader() successful
2016-08-22 14:05:46:173[Info         ] ShaderProgram::CheckShaderCompileStatus(20) successful.
2016-08-22 14:05:46:173[Debug        ] ShaderProgram::AddShader() : glCompileShader() successful
2016-08-22 14:05:46:173[Info         ] ShaderInfo saved successfully.
2016-08-22 14:05:46:173[Debug        ] ShaderProgram::AddShader() : glAttachShader() successful
2016-08-22 14:05:46:173[Info         ] ShaderProgram::AddShader [20] successful.
2016-08-22 14:05:46:173[Debug        ] File [..\Data\shaders\water.frag.shader] Opened successfully! Buffer Length:[2455]
2016-08-22 14:05:46:173[cDebug       ] Shader file [..\Data\shaders\water.frag.shader] is too big to display contents.
2016-08-22 14:05:46:174[Debug        ]  ShaderProgram::AddShader() file with data was read in
2016-08-22 14:05:46:174[Debug        ] ShaderProgram::AddShader() : glShaderSource() successful
2016-08-22 14:05:46:174[Debug        ] ShaderProgram::AddShader() : glCompileShader() successful
2016-08-22 14:05:46:174[Info         ] ShaderProgram::CheckShaderCompileStatus(21) successful.
2016-08-22 14:05:46:174[Debug        ] ShaderProgram::AddShader() : glCompileShader() successful
2016-08-22 14:05:46:174[Info         ] ShaderInfo saved successfully.
2016-08-22 14:05:46:175[Debug        ] ShaderProgram::AddShader() : glAttachShader() successful
2016-08-22 14:05:46:175[Info         ] ShaderProgram::AddShader [21] successful.
2016-08-22 14:05:46:177[Info         ] CheckProgramStatus() successful!
2016-08-22 14:05:46:177[Info         ] CheckProgramStatus() successful!
2016-08-22 14:05:46:177[Info         ] GetAttribLocation [vPosition] successful.
2016-08-22 14:05:46:177[Info         ] GetUniformLocation [colorin] successful.
2016-08-22 14:05:46:177[Info         ] GetUniformLocation [MAT] successful.
2016-08-22 14:05:46:177[cProcess     ] RenderEngine::Initialize() successful.
2016-08-22 14:05:46:178[cInfo        ] 
-----------------------------------------------------------------------
 BufferInfo::CreateBuffers()[0] Created buffers:| VERTEX [1] with [80] bytes. || INDEX [2] with [24] bytes |
-----------------------------------------------------------------------

2016-08-22 14:05:46:185[cInfo        ] --------BufferInfo::AddMesh() Added mesh successfully-------
2016-08-22 14:05:46:186[cInfo        ] 
2016-08-22 14:05:46:187[cInfo        ] --------------------| START BUFFER MESH INFO |-------------------------------------
2016-08-22 14:05:46:191[cInfo        ] BufferInfo::AddMesh(): NUM VERTS-----------------[4]
2016-08-22 14:05:46:192[cInfo        ] BufferInfo::AddMesh(): NUM INDICES---------------[6]
2016-08-22 14:05:46:193[cInfo        ] BufferInfo::AddMesh(): VERT OFFSET---------------[0]
2016-08-22 14:05:46:194[cInfo        ] BufferInfo::AddMesh(): INDICES OFFSET (BYTES)----[0]
2016-08-22 14:05:46:195[cInfo        ] --------------------|  END BUFFER MESH INFO  |--------------------------------------
2016-08-22 14:05:46:197[cInfo        ] 

2016-08-22 14:05:46:198[cInfo        ] 
-----------------------------------------------------------------------
 BufferInfo::CreateBuffers()[0] Created buffers:| VERTEX [3] with [96] bytes. || INDEX [4] with [48] bytes |
-----------------------------------------------------------------------

2016-08-22 14:05:46:203[cInfo        ] --------BufferInfo::AddMesh() Added mesh successfully-------
2016-08-22 14:05:46:204[cInfo        ] 
2016-08-22 14:05:46:204[cInfo        ] --------------------| START BUFFER MESH INFO |-------------------------------------
2016-08-22 14:05:46:206[cInfo        ] BufferInfo::AddMesh(): NUM VERTS-----------------[8]
2016-08-22 14:05:46:207[cInfo        ] BufferInfo::AddMesh(): NUM INDICES---------------[24]
2016-08-22 14:05:46:208[cInfo        ] BufferInfo::AddMesh(): VERT OFFSET---------------[0]
2016-08-22 14:05:46:210[cInfo        ] BufferInfo::AddMesh(): INDICES OFFSET (BYTES)----[0]
2016-08-22 14:05:46:211[cInfo        ] --------------------|  END BUFFER MESH INFO  |--------------------------------------
2016-08-22 14:05:46:212[cInfo        ] 

2016-08-22 14:05:46:213[cInfo        ] 
-----------------------------------------------------------------------
 BufferInfo::CreateBuffers()[0] Created buffers:| VERTEX [5] with [864] bytes. || INDEX [6] with [0] bytes |
-----------------------------------------------------------------------

2016-08-22 14:05:46:217[cInfo        ] --------BufferInfo::AddMesh() Added mesh successfully-------
2016-08-22 14:05:46:218[cInfo        ] 
2016-08-22 14:05:46:218[cInfo        ] --------------------| START BUFFER MESH INFO |-------------------------------------
2016-08-22 14:05:46:220[cInfo        ] BufferInfo::AddMesh(): NUM VERTS-----------------[36]
2016-08-22 14:05:46:222[cInfo        ] BufferInfo::AddMesh(): NUM INDICES---------------[0]
2016-08-22 14:05:46:223[cInfo        ] BufferInfo::AddMesh(): VERT OFFSET---------------[0]
2016-08-22 14:05:46:224[cInfo        ] BufferInfo::AddMesh(): INDICES OFFSET (BYTES)----[0]
2016-08-22 14:05:46:225[cInfo        ] --------------------|  END BUFFER MESH INFO  |--------------------------------------
2016-08-22 14:05:46:227[cInfo        ] 

2016-08-22 14:05:46:228[cInfo        ] 
-----------------------------------------------------------------------
 BufferInfo::CreateBuffers()[0] Created buffers:| VERTEX [7] with [144] bytes. || INDEX [8] with [0] bytes |
-----------------------------------------------------------------------

2016-08-22 14:05:46:233[cInfo        ] --------BufferInfo::AddMesh() Added mesh successfully-------
2016-08-22 14:05:46:234[cInfo        ] 
2016-08-22 14:05:46:234[cInfo        ] --------------------| START BUFFER MESH INFO |-------------------------------------
2016-08-22 14:05:46:235[cInfo        ] BufferInfo::AddMesh(): NUM VERTS-----------------[6]
2016-08-22 14:05:46:236[cInfo        ] BufferInfo::AddMesh(): NUM INDICES---------------[0]
2016-08-22 14:05:46:237[cInfo        ] BufferInfo::AddMesh(): VERT OFFSET---------------[0]
2016-08-22 14:05:46:240[cInfo        ] BufferInfo::AddMesh(): INDICES OFFSET (BYTES)----[0]
2016-08-22 14:05:46:241[cInfo        ] --------------------|  END BUFFER MESH INFO  |--------------------------------------
2016-08-22 14:05:46:242[cInfo        ] 

2016-08-22 14:05:46:242[Process      ] BufferInfo::Initialize() successful.
2016-08-22 14:05:46:242[cInfo        ] 
-----------------------------------------------------------------------
 BufferInfo::CreateBuffers()[0] Created buffers:| VERTEX [9] with [1000000] bytes. || INDEX [10] with [1000000] bytes |
-----------------------------------------------------------------------

2016-08-22 14:05:46:246[cInfo        ] --------BufferInfo::AddMesh() Added mesh successfully-------
2016-08-22 14:05:46:247[cInfo        ] 
2016-08-22 14:05:46:247[cInfo        ] --------------------| START BUFFER MESH INFO |-------------------------------------
2016-08-22 14:05:46:249[cInfo        ] BufferInfo::AddMesh(): NUM VERTS-----------------[24]
2016-08-22 14:05:46:250[cInfo        ] BufferInfo::AddMesh(): NUM INDICES---------------[36]
2016-08-22 14:05:46:251[cInfo        ] BufferInfo::AddMesh(): VERT OFFSET---------------[0]
2016-08-22 14:05:46:252[cInfo        ] BufferInfo::AddMesh(): INDICES OFFSET (BYTES)----[0]
2016-08-22 14:05:46:253[cInfo        ] --------------------|  END BUFFER MESH INFO  |--------------------------------------
2016-08-22 14:05:46:254[cInfo        ] 

2016-08-22 14:05:46:256[Process      ] BufferInfo::Initialize() successful.
2016-08-22 14:05:46:257[cInfo        ] 
-----------------------------------------------------------------------
 BufferInfo::CreateBuffers()[1] Created buffers:| VERTEX [11] with [1000000] bytes. || INDEX [12] with [1000000] bytes |
-----------------------------------------------------------------------

2016-08-22 14:05:46:262[cInfo        ] --------BufferInfo::AddMesh() Added mesh successfully-------
2016-08-22 14:05:46:263[cInfo        ] 
2016-08-22 14:05:46:263[cInfo        ] --------------------| START BUFFER MESH INFO |-------------------------------------
2016-08-22 14:05:46:264[cInfo        ] BufferInfo::AddMesh(): NUM VERTS-----------------[1536]
2016-08-22 14:05:46:265[cInfo        ] BufferInfo::AddMesh(): NUM INDICES---------------[3072]
2016-08-22 14:05:46:266[cInfo        ] BufferInfo::AddMesh(): VERT OFFSET---------------[0]
2016-08-22 14:05:46:268[cInfo        ] BufferInfo::AddMesh(): INDICES OFFSET (BYTES)----[0]
2016-08-22 14:05:46:269[cInfo        ] --------------------|  END BUFFER MESH INFO  |--------------------------------------
2016-08-22 14:05:46:271[cInfo        ] 

2016-08-22 14:05:46:272[cInfo        ] 
-----------------------------------------------------------------------
 BufferInfo::CreateBuffers()[0] Created buffers:| VERTEX [13] with [3936] bytes. || INDEX [14] with [0] bytes |
-----------------------------------------------------------------------

2016-08-22 14:05:46:276[cInfo        ] --------BufferInfo::AddMesh() Added mesh successfully-------
2016-08-22 14:05:46:278[cInfo        ] 
2016-08-22 14:05:46:278[cInfo        ] --------------------| START BUFFER MESH INFO |-------------------------------------
2016-08-22 14:05:46:280[cInfo        ] BufferInfo::AddMesh(): NUM VERTS-----------------[164]
2016-08-22 14:05:46:280[cInfo        ] BufferInfo::AddMesh(): NUM INDICES---------------[0]
2016-08-22 14:05:46:281[cInfo        ] BufferInfo::AddMesh(): VERT OFFSET---------------[0]
2016-08-22 14:05:46:282[cInfo        ] BufferInfo::AddMesh(): INDICES OFFSET (BYTES)----[0]
2016-08-22 14:05:46:283[cInfo        ] --------------------|  END BUFFER MESH INFO  |--------------------------------------
2016-08-22 14:05:46:284[cInfo        ] 

2016-08-22 14:05:46:285[cProcess     ] ShapeGenerator initialized successfully.
2016-08-22 14:05:46:285[cProcess     ] Camera::Initialize() successful.
2016-08-22 14:05:46:286[cProcess     ] Keyboard::Initialize() successful
2016-08-22 14:05:46:290[cProcess     ] Keyboard::Initialize() successful
2016-08-22 14:05:46:302[cInfo        ] 
-----------------------------------------------------------------------
 BufferInfo::CreateBuffers()[0] Created buffers:| VERTEX [15] with [10810368] bytes. || INDEX [16] with [0] bytes |
-----------------------------------------------------------------------

2016-08-22 14:05:46:331[cInfo        ] --------BufferInfo::AddMesh() Added mesh successfully-------
2016-08-22 14:05:46:332[cInfo        ] 
2016-08-22 14:05:46:333[cInfo        ] --------------------| START BUFFER MESH INFO |-------------------------------------
2016-08-22 14:05:46:334[cInfo        ] BufferInfo::AddMesh(): NUM VERTS-----------------[337824]
2016-08-22 14:05:46:335[cInfo        ] BufferInfo::AddMesh(): NUM INDICES---------------[0]
2016-08-22 14:05:46:336[cInfo        ] BufferInfo::AddMesh(): VERT OFFSET---------------[0]
2016-08-22 14:05:46:337[cInfo        ] BufferInfo::AddMesh(): INDICES OFFSET (BYTES)----[0]
2016-08-22 14:05:46:339[cInfo        ] --------------------|  END BUFFER MESH INFO  |--------------------------------------
2016-08-22 14:05:46:342[cInfo        ] 

2016-08-22 14:05:46:382[Info         ] ShapeGenerator::ReadSceneFile(): Added new scene [..\Data\Scenes\Dargon.ptn.scene] successfully.
2016-08-22 14:05:46:382[cInfo        ] EntityManager::BuildPlayerEntity(): Built [Dargon] successfully
2016-08-22 14:05:46:387[Process      ] BufferInfo::Initialize() successful.
2016-08-22 14:05:46:394[cInfo        ] 
-----------------------------------------------------------------------
 BufferInfo::CreateBuffers()[2] Created buffers:| VERTEX [17] with [1000000] bytes. || INDEX [18] with [1000000] bytes |
-----------------------------------------------------------------------

2016-08-22 14:05:46:399[cInfo        ] --------BufferInfo::AddMesh() Added mesh successfully-------
2016-08-22 14:05:46:399[cInfo        ] 
2016-08-22 14:05:46:401[cInfo        ] --------------------| START BUFFER MESH INFO |-------------------------------------
2016-08-22 14:05:46:403[cInfo        ] BufferInfo::AddMesh(): NUM VERTS-----------------[36]
2016-08-22 14:05:46:404[cInfo        ] BufferInfo::AddMesh(): NUM INDICES---------------[0]
2016-08-22 14:05:46:405[cInfo        ] BufferInfo::AddMesh(): VERT OFFSET---------------[0]
2016-08-22 14:05:46:406[cInfo        ] BufferInfo::AddMesh(): INDICES OFFSET (BYTES)----[0]
2016-08-22 14:05:46:407[cInfo        ] --------------------|  END BUFFER MESH INFO  |--------------------------------------
2016-08-22 14:05:46:408[cInfo        ] 

2016-08-22 14:05:46:409[Info         ] ShapeGenerator::ReadSceneFile(): Added new scene [..\Data\Scenes\Cube.pn.scene] successfully.
2016-08-22 14:05:46:409[Process      ] BufferInfo::Initialize() successful.
2016-08-22 14:05:46:409[cInfo        ] 
-----------------------------------------------------------------------
 BufferInfo::CreateBuffers()[3] Created buffers:| VERTEX [19] with [1000000] bytes. || INDEX [20] with [1000000] bytes |
-----------------------------------------------------------------------

2016-08-22 14:05:46:415[cInfo        ] --------BufferInfo::AddMesh() Added mesh successfully-------
2016-08-22 14:05:46:416[cInfo        ] 
2016-08-22 14:05:46:416[cInfo        ] --------------------| START BUFFER MESH INFO |-------------------------------------
2016-08-22 14:05:46:417[cInfo        ] BufferInfo::AddMesh(): NUM VERTS-----------------[8718]
2016-08-22 14:05:46:418[cInfo        ] BufferInfo::AddMesh(): NUM INDICES---------------[0]
2016-08-22 14:05:46:418[cInfo        ] BufferInfo::AddMesh(): VERT OFFSET---------------[0]
2016-08-22 14:05:46:419[cInfo        ] BufferInfo::AddMesh(): INDICES OFFSET (BYTES)----[0]
2016-08-22 14:05:46:422[cInfo        ] --------------------|  END BUFFER MESH INFO  |--------------------------------------
2016-08-22 14:05:46:423[cInfo        ] 

2016-08-22 14:05:46:426[Info         ] ShapeGenerator::ReadSceneFile(): Added new scene [..\Data\Scenes\AIWorld.ptn.scene] successfully.
2016-08-22 14:05:46:426[cInfo        ] --------BufferInfo::AddMesh() Added mesh successfully-------
2016-08-22 14:05:46:427[cInfo        ] 
2016-08-22 14:05:46:427[cInfo        ] --------------------| START BUFFER MESH INFO |-------------------------------------
2016-08-22 14:05:46:428[cInfo        ] BufferInfo::AddMesh(): NUM VERTS-----------------[18]
2016-08-22 14:05:46:429[cInfo        ] BufferInfo::AddMesh(): NUM INDICES---------------[0]
2016-08-22 14:05:46:431[cInfo        ] BufferInfo::AddMesh(): VERT OFFSET---------------[36]
2016-08-22 14:05:46:432[cInfo        ] BufferInfo::AddMesh(): INDICES OFFSET (BYTES)----[0]
2016-08-22 14:05:46:433[cInfo        ] --------------------|  END BUFFER MESH INFO  |--------------------------------------
2016-08-22 14:05:46:435[cInfo        ] 

2016-08-22 14:05:46:436[Info         ] ShapeGenerator::ReadSceneFile(): Added new scene [..\Data\Scenes\Pyramid.pn.scene] successfully.
2016-08-22 14:05:46:443[cInfo        ] 
-----------------------------------------------------------------------
 BufferInfo::CreateBuffers()[0] Created buffers:| VERTEX [21] with [5529600] bytes. || INDEX [22] with [0] bytes |
-----------------------------------------------------------------------

2016-08-22 14:05:46:464[cInfo        ] --------BufferInfo::AddMesh() Added mesh successfully-------
2016-08-22 14:05:46:465[cInfo        ] 
2016-08-22 14:05:46:466[cInfo        ] --------------------| START BUFFER MESH INFO |-------------------------------------
2016-08-22 14:05:46:468[cInfo        ] BufferInfo::AddMesh(): NUM VERTS-----------------[172800]
2016-08-22 14:05:46:469[cInfo        ] BufferInfo::AddMesh(): NUM INDICES---------------[0]
2016-08-22 14:05:46:470[cInfo        ] BufferInfo::AddMesh(): VERT OFFSET---------------[0]
2016-08-22 14:05:46:471[cInfo        ] BufferInfo::AddMesh(): INDICES OFFSET (BYTES)----[0]
2016-08-22 14:05:46:472[cInfo        ] --------------------|  END BUFFER MESH INFO  |--------------------------------------
2016-08-22 14:05:46:475[cInfo        ] 

2016-08-22 14:05:46:476[Info         ] ShapeGenerator::ReadSceneFile(): Added new scene [..\Data\Scenes\WaterPlane.ptn.scene] successfully.
2016-08-22 14:05:46:477[cProcess     ] Camera::Initialize() successful.
2016-08-22 14:05:46:478[cInfo        ] --------BufferInfo::AddMesh() Added mesh successfully-------
2016-08-22 14:05:46:479[cInfo        ] 
2016-08-22 14:05:46:479[cInfo        ] --------------------| START BUFFER MESH INFO |-------------------------------------
2016-08-22 14:05:46:481[cInfo        ] BufferInfo::AddMesh(): NUM VERTS-----------------[3180]
2016-08-22 14:05:46:482[cInfo        ] BufferInfo::AddMesh(): NUM INDICES---------------[0]
2016-08-22 14:05:46:484[cInfo        ] BufferInfo::AddMesh(): VERT OFFSET---------------[36]
2016-08-22 14:05:46:485[cInfo        ] BufferInfo::AddMesh(): INDICES OFFSET (BYTES)----[0]
2016-08-22 14:05:46:487[cInfo        ] --------------------|  END BUFFER MESH INFO  |--------------------------------------
2016-08-22 14:05:46:488[cInfo        ] 

2016-08-22 14:05:46:489[Info         ] ShapeGenerator::ReadSceneFile(): Added new scene [..\Data\Scenes\Cat.pn.scene] successfully.
2016-08-22 14:05:46:489[cInfo        ] --------BufferInfo::AddMesh() Added mesh successfully-------
2016-08-22 14:05:46:490[cInfo        ] 
2016-08-22 14:05:46:490[cInfo        ] --------------------| START BUFFER MESH INFO |-------------------------------------
2016-08-22 14:05:46:491[cInfo        ] BufferInfo::AddMesh(): NUM VERTS-----------------[6]
2016-08-22 14:05:46:492[cInfo        ] BufferInfo::AddMesh(): NUM INDICES---------------[0]
2016-08-22 14:05:46:494[cInfo        ] BufferInfo::AddMesh(): VERT OFFSET---------------[54]
2016-08-22 14:05:46:495[cInfo        ] BufferInfo::AddMesh(): INDICES OFFSET (BYTES)----[0]
2016-08-22 14:05:46:496[cInfo        ] --------------------|  END BUFFER MESH INFO  |--------------------------------------
2016-08-22 14:05:46:497[cInfo        ] 

2016-08-22 14:05:46:497[cProcess     ] BodaciousQuest::Initialize() successful.
2016-08-22 14:05:46:498[Process      ] GameTime::Initialize() ok

2016-08-22 14:05:46:498[cProcess     ] MyWindow::Initialize() successful!
2016-08-22 14:05:49:524[cProcess     ] BufferManager::Shutdown() successful.
2016-08-22 14:05:49:525[cProcess     ] RenderEngine::Shutdown() successful.
2016-08-22 14:05:49:527[cProcess     ] Camera::Shutdown() successful.
2016-08-22 14:05:49:528[Info         ] Shader  [2] deleting...
2016-08-22 14:05:49:528[Info         ] Shader  [2] deleted successfully.
2016-08-22 14:05:49:528[Info         ] Shader  [3] deleting...
2016-08-22 14:05:49:528[Info         ] Shader  [3] deleted successfully.
2016-08-22 14:05:49:528[Info         ] All shaders deleted successfully.
2016-08-22 14:05:49:528[cInfo        ] Program [1] deleted successfully.
2016-08-22 14:05:49:529[Process      ] ShaderProgram[1]::Shutdown successful!
2016-08-22 14:05:49:529[Info         ] Shader  [5] deleting...
2016-08-22 14:05:49:529[Info         ] Shader  [5] deleted successfully.
2016-08-22 14:05:49:529[Info         ] Shader  [6] deleting...
2016-08-22 14:05:49:529[Info         ] Shader  [6] deleted successfully.
2016-08-22 14:05:49:529[Info         ] All shaders deleted successfully.
2016-08-22 14:05:49:529[cInfo        ] Program [4] deleted successfully.
2016-08-22 14:05:49:530[Process      ] ShaderProgram[4]::Shutdown successful!
2016-08-22 14:05:49:530[Info         ] Shader  [8] deleting...
2016-08-22 14:05:49:530[Info         ] Shader  [8] deleted successfully.
2016-08-22 14:05:49:531[Info         ] Shader  [9] deleting...
2016-08-22 14:05:49:531[Info         ] Shader  [9] deleted successfully.
2016-08-22 14:05:49:531[Info         ] All shaders deleted successfully.
2016-08-22 14:05:49:531[cInfo        ] Program [7] deleted successfully.
2016-08-22 14:05:49:531[Process      ] ShaderProgram[7]::Shutdown successful!
2016-08-22 14:05:49:532[Info         ] Shader  [11] deleting...
2016-08-22 14:05:49:532[Info         ] Shader  [11] deleted successfully.
2016-08-22 14:05:49:532[Info         ] Shader  [12] deleting...
2016-08-22 14:05:49:532[Info         ] Shader  [12] deleted successfully.
2016-08-22 14:05:49:532[Info         ] All shaders deleted successfully.
2016-08-22 14:05:49:532[cInfo        ] Program [10] deleted successfully.
2016-08-22 14:05:49:532[Process      ] ShaderProgram[10]::Shutdown successful!
2016-08-22 14:05:49:533[Info         ] Shader  [14] deleting...
2016-08-22 14:05:49:533[Info         ] Shader  [14] deleted successfully.
2016-08-22 14:05:49:533[Info         ] Shader  [15] deleting...
2016-08-22 14:05:49:533[Info         ] Shader  [15] deleted successfully.
2016-08-22 14:05:49:533[Info         ] All shaders deleted successfully.
2016-08-22 14:05:49:533[cInfo        ] Program [13] deleted successfully.
2016-08-22 14:05:49:535[Process      ] ShaderProgram[13]::Shutdown successful!
2016-08-22 14:05:49:536[Info         ] Shader  [17] deleting...
2016-08-22 14:05:49:536[Info         ] Shader  [17] deleted successfully.
2016-08-22 14:05:49:536[Info         ] Shader  [18] deleting...
2016-08-22 14:05:49:536[Info         ] Shader  [18] deleted successfully.
2016-08-22 14:05:49:536[Info         ] All shaders deleted successfully.
2016-08-22 14:05:49:536[cInfo        ] Program [16] deleted successfully.
2016-08-22 14:05:49:536[Process      ] ShaderProgram[16]::Shutdown successful!
2016-08-22 14:05:49:537[Info         ] Shader  [20] deleting...
2016-08-22 14:05:49:537[Info         ] Shader  [20] deleted successfully.
2016-08-22 14:05:49:537[Info         ] Shader  [21] deleting...
2016-08-22 14:05:49:537[Info         ] Shader  [21] deleted successfully.
2016-08-22 14:05:49:537[Info         ] All shaders deleted successfully.
2016-08-22 14:05:49:537[cInfo        ] Program [19] deleted successfully.
2016-08-22 14:05:49:537[Process      ] ShaderProgram[19]::Shutdown successful!
2016-08-22 14:05:49:537[cProcess     ] MyWindow::Shutdown() successful!
2016-08-22 14:05:49:538[cProcess     ] BodaciousQuest::Shutdown() successful.
2016-08-22 14:05:49:548[Process      ] ConfigReader shut down successfully
2016-08-22 14:05:49:548[Process      ] GameLogger::ShutDown() successful
