2016-08-21 15:10:33:796[Process      ] GameLogger::Initialize() opened log file [..\Data\LogFiles\2016-08-21 15-10-33.BodaciousQuest.log] for writing
2016-08-21 15:10:33:796[Info         ] GameLogger::Initialize() successful
2016-08-21 15:10:33:796[Process      ] ConfigReader opened [..\Data\BodaciousQuest.config] successfully
2016-08-21 15:10:33:796[Info         ] ConfigReader initialized successfully
2016-08-21 15:10:33:796[Info         ] Valid KVP [BodaciousQuest.ShowFullScreen] [false] added
2016-08-21 15:10:33:796[Info         ] Valid KVP [BodaciousQuest.FpsInterval] [5.0] added
2016-08-21 15:10:33:798[Info         ] Valid KVP [BodaciousQuest.EnableControls] [true] added
2016-08-21 15:10:33:798[Info         ] Valid KVP [BodaciousQuest.LoadCubeFirst] [true] added
2016-08-21 15:10:33:798[Info         ] Valid KVP [BodaciousQuest.CameraWalkMode] [false] added
2016-08-21 15:10:33:798[Info         ] Valid KVP [BodaciousQuest.GridSize] [40] added
2016-08-21 15:10:33:798[Info         ] Valid KVP [BodaciousQuest.LightingTest.Ambient.Color] [1.0  1.0  1.0] added
2016-08-21 15:10:33:798[Info         ] Valid KVP [BodaciousQuest.LightingTest.Diffuse.Color] [1.0  1.0  1.0] added
2016-08-21 15:10:33:798[Info         ] Valid KVP [BodaciousQuest.LightingTest.Specular.Color] [0.0  0.0  0.0] added
2016-08-21 15:10:33:798[Info         ] Valid KVP [BodaciousQuest.LightingTest.Ambient.Reflectivity] [0.01] added
2016-08-21 15:10:33:798[Info         ] Valid KVP [BodaciousQuest.LightingTest.Diffuse.Reflectivity] [0.8] added
2016-08-21 15:10:33:798[Info         ] Valid KVP [BodaciousQuest.LightingTest.Specular.Reflectivity] [0.5] added
2016-08-21 15:10:33:798[Info         ] Valid KVP [BodaciousQuest.LightingTest.Specular.Shininess] [1.0] added
2016-08-21 15:10:33:798[Info         ] Valid KVP [BodaciousQuest.LightingTest.Falloff.A] [1.0] added
2016-08-21 15:10:33:799[Info         ] Valid KVP [BodaciousQuest.LightingTest.Falloff.B] [0.01] added
2016-08-21 15:10:33:799[Info         ] Valid KVP [BodaciousQuest.LightingTest.Falloff.C] [0.0001] added
2016-08-21 15:10:33:799[Info         ] Valid KVP [BodaciousQuest.LightingTest.Directional] [false] added
2016-08-21 15:10:33:799[Info         ] Valid KVP [BodaciousQuest.LightingTest.Direction] [-1.0 0.0 1.0] added
2016-08-21 15:10:33:799[Info         ] Valid KVP [BodaciousQuest.LightingTest.Light.Position] [-0.875458 3.673020 1.043331] added
2016-08-21 15:10:33:799[Info         ] Valid KVP [BodaciousQuest.LightingTest.Dargon.Color] [1.0 1.0 0.4] added
2016-08-21 15:10:33:799[Info         ] Valid KVP [ObjConverter.Mode.VertexType] [pn] added
2016-08-21 15:10:33:799[Info         ] Valid KVP [ObjConverter.Mode.Analyze] [false] added
2016-08-21 15:10:33:799[Info         ] Valid KVP [ObjConverter.Model] [Dargon] added
2016-08-21 15:10:33:799[Info         ] Valid KVP [ObjConverter.Shader] [4] added
2016-08-21 15:10:33:799[Info         ] Valid KVP [ObjConverter.Color] [random] added
2016-08-21 15:10:33:799[Info         ] Valid KVP [ObjConverter.Obj.InputFileFolder] [..\\Data\\Objs\\] added
2016-08-21 15:10:33:799[Info         ] Valid KVP [ObjConverter.Scene.OutputFileFolder] [..\\Data\\Scenes\\] added
2016-08-21 15:10:33:799[Info         ] Valid KVP [ObjConverter.Model.Dargon.NumVerts] [57967] added
2016-08-21 15:10:33:799[Info         ] Valid KVP [ObjConverter.Model.Dargon.NumIndices] [337824] added
2016-08-21 15:10:33:799[Info         ] Valid KVP [ObjConverter.Model.Dargon.NumTexCoords] [60175] added
2016-08-21 15:10:33:799[Info         ] Valid KVP [ObjConverter.Model.Dargon.NumNormals] [337824] added
2016-08-21 15:10:33:799[Info         ] Valid KVP [ObjConverter.Model.Swamp.NumVerts] [2735] added
2016-08-21 15:10:33:799[Info         ] Valid KVP [ObjConverter.Model.Swamp.NumIndices] [8556] added
2016-08-21 15:10:33:799[Info         ] Valid KVP [ObjConverter.Model.Swamp.NumTexCoords] [3622] added
2016-08-21 15:10:33:799[Info         ] Valid KVP [ObjConverter.Model.Swamp.NumNormals] [5156] added
2016-08-21 15:10:33:799[Info         ] Valid KVP [ObjConverter.Model.Pyramid.NumVerts] [5] added
2016-08-21 15:10:33:799[Info         ] Valid KVP [ObjConverter.Model.Pyramid.NumIndices] [18] added
2016-08-21 15:10:33:799[Info         ] Valid KVP [ObjConverter.Model.Pyramid.NumTexCoords] [10] added
2016-08-21 15:10:33:799[Info         ] Valid KVP [ObjConverter.Model.Pyramid.NumNormals] [16] added
2016-08-21 15:10:33:799[Info         ] Valid KVP [ObjConverter.Model.AIWorld.NumVerts] [1957] added
2016-08-21 15:10:33:799[Info         ] Valid KVP [ObjConverter.Model.AIWorld.NumIndices] [8718] added
2016-08-21 15:10:33:799[Info         ] Valid KVP [ObjConverter.Model.AIWorld.NumTexCoords] [4186] added
2016-08-21 15:10:33:799[Info         ] Valid KVP [ObjConverter.Model.AIWorld.NumNormals] [5418] added
2016-08-21 15:10:33:799[Info         ] Valid KVP [ObjConverter.Model.GameWeapon.NumVerts] [2068] added
2016-08-21 15:10:33:799[Info         ] Valid KVP [ObjConverter.Model.GameWeapon.NumIndices] [9894] added
2016-08-21 15:10:33:799[Info         ] Valid KVP [ObjConverter.Model.GameWeapon.NumTexCoords] [0] added
2016-08-21 15:10:33:799[Info         ] Valid KVP [ObjConverter.Model.GameWeapon.NumNormals] [0] added
2016-08-21 15:10:33:799[Info         ] Valid KVP [ObjConverter.Model.Chicken.NumVerts] [224] added
2016-08-21 15:10:33:799[Info         ] Valid KVP [ObjConverter.Model.Chicken.NumIndices] [1374] added
2016-08-21 15:10:33:799[Info         ] Valid KVP [ObjConverter.Model.Chicken.NumTexCoords] [472] added
2016-08-21 15:10:33:799[Info         ] Valid KVP [ObjConverter.Model.Chicken.NumNormals] [565] added
2016-08-21 15:10:33:799[Info         ] Valid KVP [ObjConverter.Model.WaterPlane.NumVerts] [29282] added
2016-08-21 15:10:33:799[Info         ] Valid KVP [ObjConverter.Model.WaterPlane.NumIndices] [172800] added
2016-08-21 15:10:33:799[Info         ] Valid KVP [ObjConverter.Model.WaterPlane.NumTexCoords] [29282] added
2016-08-21 15:10:33:799[Info         ] Valid KVP [ObjConverter.Model.WaterPlane.NumNormals] [172800] added
2016-08-21 15:10:33:799[Info         ] Valid KVP [ObjConverter.Model.Cube.NumVerts] [8] added
2016-08-21 15:10:33:799[Info         ] Valid KVP [ObjConverter.Model.Cube.NumIndices] [36] added
2016-08-21 15:10:33:799[Info         ] Valid KVP [ObjConverter.Model.Cube.NumTexCoords] [14] added
2016-08-21 15:10:33:799[Info         ] Valid KVP [ObjConverter.Model.Cube.NumNormals] [24] added
2016-08-21 15:10:33:799[Info         ] Valid KVP [ObjConverter.Model.Barrel.NumVerts] [172] added
2016-08-21 15:10:33:799[Info         ] Valid KVP [ObjConverter.Model.Barrel.NumIndices] [1008] added
2016-08-21 15:10:33:799[Info         ] Valid KVP [ObjConverter.Model.Barrel.NumTexCoords] [328] added
2016-08-21 15:10:33:799[Info         ] Valid KVP [ObjConverter.Model.Barrel.NumNormals] [204] added
2016-08-21 15:10:33:799[Info         ] Valid KVP [ObjConverter.Model.SkyBox.NumVerts] [8] added
2016-08-21 15:10:33:799[Info         ] Valid KVP [ObjConverter.Model.SkyBox.NumIndices] [36] added
2016-08-21 15:10:33:799[Info         ] Valid KVP [ObjConverter.Model.SkyBox.NumTexCoords] [18] added
2016-08-21 15:10:33:800[Info         ] Valid KVP [ObjConverter.Model.SkyBox.NumNormals] [24] added
2016-08-21 15:10:33:879[cInfo        ] Config reader opened [..\Data\BodaciousQuest.config] for reading!
2016-08-21 15:10:33:977[Process      ] ShaderManager Initialized successfully
2016-08-21 15:10:33:977[Info         ] Shader Init started
2016-08-21 15:10:33:977[Info         ] Shader Program created.
2016-08-21 15:10:33:977[Process      ] ShaderProgram::Initialize()[1] successful!
2016-08-21 15:10:33:977[Debug        ] File [..\Data\shaders\debug.vert.shader] Opened successfully! Buffer Length:[291]
2016-08-21 15:10:33:977[Debug        ] Shader file [..\Data\shaders\debug.vert.shader] contents:
//BEGIN
#version 430 core

layout(location = 0)  in vec3 vPosition;

layout(location = 15) uniform vec3 colorin;
layout(location = 16) uniform mat4 MAT;

out vec4 color;

void main()
{
	vec4 vertPos = vec4(vPosition, 1.0);
	gl_Position = MAT *  vertPos;
	color = vec4(colorin, 1.0);
}
//END

2016-08-21 15:10:33:978[Debug        ]  ShaderProgram::AddShader() file with data was read in
2016-08-21 15:10:33:978[Debug        ] ShaderProgram::AddShader() : glShaderSource() successful
2016-08-21 15:10:33:978[Debug        ] ShaderProgram::AddShader() : glCompileShader() successful
2016-08-21 15:10:33:979[Info         ] ShaderProgram::CheckShaderCompileStatus(2) successful.
2016-08-21 15:10:33:979[Debug        ] ShaderProgram::AddShader() : glCompileShader() successful
2016-08-21 15:10:33:979[Info         ] ShaderInfo saved successfully.
2016-08-21 15:10:33:979[Debug        ] ShaderProgram::AddShader() : glAttachShader() successful
2016-08-21 15:10:33:979[Info         ] ShaderProgram::AddShader [2] successful.
2016-08-21 15:10:33:979[Debug        ] File [..\Data\shaders\debug.frag.shader] Opened successfully! Buffer Length:[104]
2016-08-21 15:10:33:979[Debug        ] Shader file [..\Data\shaders\debug.frag.shader] contents:
//BEGIN
#version 430 core


in  vec4 color;
out vec4 outColor;

void main()
{
	outColor = color;
}


//END

2016-08-21 15:10:33:979[Debug        ]  ShaderProgram::AddShader() file with data was read in
2016-08-21 15:10:33:979[Debug        ] ShaderProgram::AddShader() : glShaderSource() successful
2016-08-21 15:10:33:979[Debug        ] ShaderProgram::AddShader() : glCompileShader() successful
2016-08-21 15:10:33:979[Info         ] ShaderProgram::CheckShaderCompileStatus(3) successful.
2016-08-21 15:10:33:979[Debug        ] ShaderProgram::AddShader() : glCompileShader() successful
2016-08-21 15:10:33:979[Info         ] ShaderInfo saved successfully.
2016-08-21 15:10:33:979[Debug        ] ShaderProgram::AddShader() : glAttachShader() successful
2016-08-21 15:10:33:979[Info         ] ShaderProgram::AddShader [3] successful.
2016-08-21 15:10:33:980[Info         ] CheckProgramStatus() successful!
2016-08-21 15:10:33:980[Info         ] CheckProgramStatus() successful!
2016-08-21 15:10:33:981[Info         ] Shader Init started
2016-08-21 15:10:33:981[Info         ] Shader Program created.
2016-08-21 15:10:33:981[Process      ] ShaderProgram::Initialize()[4] successful!
2016-08-21 15:10:33:981[Debug        ] File [..\Data\shaders\play.vert.shader] Opened successfully! Buffer Length:[343]
2016-08-21 15:10:33:981[Debug        ] Shader file [..\Data\shaders\play.vert.shader] contents:
//BEGIN
#version 430 core

layout (location = 0)  in vec3 vPosition;
layout (location = 1)  in vec3 vColor;
layout (location = 15) uniform vec3 colorin;
layout (location = 16) uniform mat4 MAT;

out vec4 color;

void main()
{
	vec4 vertPos = vec4(vPosition, 1.0);
	gl_Position = MAT *  vertPos;
	color = vec4((vColor + colorin), 1.0);
}
//END

2016-08-21 15:10:33:981[Debug        ]  ShaderProgram::AddShader() file with data was read in
2016-08-21 15:10:33:981[Debug        ] ShaderProgram::AddShader() : glShaderSource() successful
2016-08-21 15:10:33:981[Debug        ] ShaderProgram::AddShader() : glCompileShader() successful
2016-08-21 15:10:33:981[Info         ] ShaderProgram::CheckShaderCompileStatus(5) successful.
2016-08-21 15:10:33:981[Debug        ] ShaderProgram::AddShader() : glCompileShader() successful
2016-08-21 15:10:33:981[Info         ] ShaderInfo saved successfully.
2016-08-21 15:10:33:981[Debug        ] ShaderProgram::AddShader() : glAttachShader() successful
2016-08-21 15:10:33:981[Info         ] ShaderProgram::AddShader [5] successful.
2016-08-21 15:10:33:981[Debug        ] File [..\Data\shaders\play.frag.shader] Opened successfully! Buffer Length:[391]
2016-08-21 15:10:33:981[Debug        ] Shader file [..\Data\shaders\play.frag.shader] contents:
//BEGIN
#version 430 core


in  vec4 color;
out vec4 outColor;

void main()
{

	//if (color.r < .7) discard;
	outColor = color;

	//if(((gl_FragCoord.x  > 600)&& (gl_FragCoord.y < 300)) || ((gl_FragCoord.y < 300)  && (gl_FragCoord.x  < 600) )) {
	//discard;
	//}

	//vec2 scrPos = vec2(gl_FragCoord) - vec2(350,150);
	//float len =  length(scrPos);
	//if(len < 50 )discard;
}


//END

2016-08-21 15:10:33:981[Debug        ]  ShaderProgram::AddShader() file with data was read in
2016-08-21 15:10:33:981[Debug        ] ShaderProgram::AddShader() : glShaderSource() successful
2016-08-21 15:10:33:981[Debug        ] ShaderProgram::AddShader() : glCompileShader() successful
2016-08-21 15:10:33:982[Info         ] ShaderProgram::CheckShaderCompileStatus(6) successful.
2016-08-21 15:10:33:982[Debug        ] ShaderProgram::AddShader() : glCompileShader() successful
2016-08-21 15:10:33:982[Info         ] ShaderInfo saved successfully.
2016-08-21 15:10:33:982[Debug        ] ShaderProgram::AddShader() : glAttachShader() successful
2016-08-21 15:10:33:982[Info         ] ShaderProgram::AddShader [6] successful.
2016-08-21 15:10:33:983[Info         ] CheckProgramStatus() successful!
2016-08-21 15:10:33:983[Info         ] CheckProgramStatus() successful!
2016-08-21 15:10:33:983[Info         ] Shader Init started
2016-08-21 15:10:33:983[Info         ] Shader Program created.
2016-08-21 15:10:33:983[Process      ] ShaderProgram::Initialize()[7] successful!
2016-08-21 15:10:33:983[Debug        ] File [..\Data\shaders\texture.vert.shader] Opened successfully! Buffer Length:[305]
2016-08-21 15:10:33:983[Debug        ] Shader file [..\Data\shaders\texture.vert.shader] contents:
//BEGIN
#version 430 core

layout (location = 0)  in vec3 vPosition;
layout (location = 1)  in vec2 vUV;

layout (location = 16) uniform mat4 MAT;

//out data
out vec2 UV;

//out vec4 color;

void main()
{
	vec4 vertPos = vec4(vPosition, 1.0);
	gl_Position = MAT *  vertPos;

	UV = vUV;
	
	
}
//END

2016-08-21 15:10:33:983[Debug        ]  ShaderProgram::AddShader() file with data was read in
2016-08-21 15:10:33:983[Debug        ] ShaderProgram::AddShader() : glShaderSource() successful
2016-08-21 15:10:33:983[Debug        ] ShaderProgram::AddShader() : glCompileShader() successful
2016-08-21 15:10:33:983[Info         ] ShaderProgram::CheckShaderCompileStatus(8) successful.
2016-08-21 15:10:33:983[Debug        ] ShaderProgram::AddShader() : glCompileShader() successful
2016-08-21 15:10:33:983[Info         ] ShaderInfo saved successfully.
2016-08-21 15:10:33:983[Debug        ] ShaderProgram::AddShader() : glAttachShader() successful
2016-08-21 15:10:33:983[Info         ] ShaderProgram::AddShader [8] successful.
2016-08-21 15:10:33:983[Debug        ] File [..\Data\shaders\texture.frag.shader] Opened successfully! Buffer Length:[482]
2016-08-21 15:10:33:983[Debug        ] Shader file [..\Data\shaders\texture.frag.shader] contents:
//BEGIN
#version 430 core


in  vec2 UV;
out vec4 outColor;

layout(location = 20) uniform sampler2D textureSampler;

void main()
{

	//if (color.r < .7) discard;
	outColor = vec4(texture(textureSampler, UV).rgb, 1.0);

	//if(((gl_FragCoord.x  > 600)&& (gl_FragCoord.y < 300)) || ((gl_FragCoord.y < 300)  && (gl_FragCoord.x  < 600) )) {
	//discard;
	//}
	//vec2 scrPos = vec2(gl_FragCoord) - vec2(350,150);
	//float len =  length(scrPos);
	//if(len < 50 )discard;
}


//END

2016-08-21 15:10:33:983[Debug        ]  ShaderProgram::AddShader() file with data was read in
2016-08-21 15:10:33:983[Debug        ] ShaderProgram::AddShader() : glShaderSource() successful
2016-08-21 15:10:33:984[Debug        ] ShaderProgram::AddShader() : glCompileShader() successful
2016-08-21 15:10:33:984[Info         ] ShaderProgram::CheckShaderCompileStatus(9) successful.
2016-08-21 15:10:33:984[Debug        ] ShaderProgram::AddShader() : glCompileShader() successful
2016-08-21 15:10:33:984[Info         ] ShaderInfo saved successfully.
2016-08-21 15:10:33:984[Debug        ] ShaderProgram::AddShader() : glAttachShader() successful
2016-08-21 15:10:33:984[Info         ] ShaderProgram::AddShader [9] successful.
2016-08-21 15:10:33:985[Info         ] CheckProgramStatus() successful!
2016-08-21 15:10:33:985[Info         ] CheckProgramStatus() successful!
2016-08-21 15:10:33:985[Info         ] Shader Init started
2016-08-21 15:10:33:985[Info         ] Shader Program created.
2016-08-21 15:10:33:985[Process      ] ShaderProgram::Initialize()[10] successful!
2016-08-21 15:10:33:985[Debug        ] File [..\Data\shaders\framebuffer.vert.shader] Opened successfully! Buffer Length:[305]
2016-08-21 15:10:33:986[Debug        ] Shader file [..\Data\shaders\framebuffer.vert.shader] contents:
//BEGIN
#version 430 core

layout (location = 0)  in vec3 vPosition;
layout (location = 1)  in vec2 vUV;

layout (location = 16) uniform mat4 MAT;

//out data
out vec2 UV;

//out vec4 color;

void main()
{
	vec4 vertPos = vec4(vPosition, 1.0);
	gl_Position = MAT *  vertPos;

	UV = vUV;
	
	
}
//END

2016-08-21 15:10:33:986[Debug        ]  ShaderProgram::AddShader() file with data was read in
2016-08-21 15:10:33:986[Debug        ] ShaderProgram::AddShader() : glShaderSource() successful
2016-08-21 15:10:33:986[Debug        ] ShaderProgram::AddShader() : glCompileShader() successful
2016-08-21 15:10:33:986[Info         ] ShaderProgram::CheckShaderCompileStatus(11) successful.
2016-08-21 15:10:33:986[Debug        ] ShaderProgram::AddShader() : glCompileShader() successful
2016-08-21 15:10:33:986[Info         ] ShaderInfo saved successfully.
2016-08-21 15:10:33:986[Debug        ] ShaderProgram::AddShader() : glAttachShader() successful
2016-08-21 15:10:33:986[Info         ] ShaderProgram::AddShader [11] successful.
2016-08-21 15:10:33:986[Debug        ] File [..\Data\shaders\framebuffer.frag.shader] Opened successfully! Buffer Length:[275]
2016-08-21 15:10:33:986[Debug        ] Shader file [..\Data\shaders\framebuffer.frag.shader] contents:
//BEGIN
#version 430 core


in  vec2 UV;
out vec4 outColor;

layout(location = 20) uniform sampler2D textureSampler;

void main()
{


	vec3 tempCol = texture(textureSampler, UV).rgb;

	outColor = vec4(tempCol.r / 1.5f, tempCol.g / 1.5f, tempCol.b / 1.5f, 1.0f);
}


//END

2016-08-21 15:10:33:986[Debug        ]  ShaderProgram::AddShader() file with data was read in
2016-08-21 15:10:33:986[Debug        ] ShaderProgram::AddShader() : glShaderSource() successful
2016-08-21 15:10:33:986[Debug        ] ShaderProgram::AddShader() : glCompileShader() successful
2016-08-21 15:10:33:986[Info         ] ShaderProgram::CheckShaderCompileStatus(12) successful.
2016-08-21 15:10:33:986[Debug        ] ShaderProgram::AddShader() : glCompileShader() successful
2016-08-21 15:10:33:986[Info         ] ShaderInfo saved successfully.
2016-08-21 15:10:33:986[Debug        ] ShaderProgram::AddShader() : glAttachShader() successful
2016-08-21 15:10:33:986[Info         ] ShaderProgram::AddShader [12] successful.
2016-08-21 15:10:33:987[Info         ] CheckProgramStatus() successful!
2016-08-21 15:10:33:987[Info         ] CheckProgramStatus() successful!
2016-08-21 15:10:33:987[Info         ] Shader Init started
2016-08-21 15:10:33:988[Info         ] Shader Program created.
2016-08-21 15:10:33:988[Process      ] ShaderProgram::Initialize()[13] successful!
2016-08-21 15:10:33:988[Debug        ] File [..\Data\shaders\lighting.vert.shader] Opened successfully! Buffer Length:[1145]
2016-08-21 15:10:33:988[cDebug       ] Shader file [..\Data\shaders\lighting.vert.shader] is too big to display contents.
2016-08-21 15:10:33:990[Debug        ]  ShaderProgram::AddShader() file with data was read in
2016-08-21 15:10:33:990[Debug        ] ShaderProgram::AddShader() : glShaderSource() successful
2016-08-21 15:10:33:990[Debug        ] ShaderProgram::AddShader() : glCompileShader() successful
2016-08-21 15:10:33:990[Info         ] ShaderProgram::CheckShaderCompileStatus(14) successful.
2016-08-21 15:10:33:990[Debug        ] ShaderProgram::AddShader() : glCompileShader() successful
2016-08-21 15:10:33:990[Info         ] ShaderInfo saved successfully.
2016-08-21 15:10:33:990[Debug        ] ShaderProgram::AddShader() : glAttachShader() successful
2016-08-21 15:10:33:990[Info         ] ShaderProgram::AddShader [14] successful.
2016-08-21 15:10:33:990[Debug        ] File [..\Data\shaders\lighting.frag.shader] Opened successfully! Buffer Length:[1744]
2016-08-21 15:10:33:990[cDebug       ] Shader file [..\Data\shaders\lighting.frag.shader] is too big to display contents.
2016-08-21 15:10:33:992[Debug        ]  ShaderProgram::AddShader() file with data was read in
2016-08-21 15:10:33:993[Debug        ] ShaderProgram::AddShader() : glShaderSource() successful
2016-08-21 15:10:33:993[Debug        ] ShaderProgram::AddShader() : glCompileShader() successful
2016-08-21 15:10:33:993[Info         ] ShaderProgram::CheckShaderCompileStatus(15) successful.
2016-08-21 15:10:33:993[Debug        ] ShaderProgram::AddShader() : glCompileShader() successful
2016-08-21 15:10:33:993[Info         ] ShaderInfo saved successfully.
2016-08-21 15:10:33:993[Debug        ] ShaderProgram::AddShader() : glAttachShader() successful
2016-08-21 15:10:33:993[Info         ] ShaderProgram::AddShader [15] successful.
2016-08-21 15:10:33:997[Info         ] CheckProgramStatus() successful!
2016-08-21 15:10:33:997[Info         ] CheckProgramStatus() successful!
2016-08-21 15:10:33:997[Info         ] Shader Init started
2016-08-21 15:10:33:997[Info         ] Shader Program created.
2016-08-21 15:10:33:997[Process      ] ShaderProgram::Initialize()[16] successful!
2016-08-21 15:10:33:997[Debug        ] File [..\Data\shaders\texlighting.vert.shader] Opened successfully! Buffer Length:[1110]
2016-08-21 15:10:33:997[cDebug       ] Shader file [..\Data\shaders\texlighting.vert.shader] is too big to display contents.
2016-08-21 15:10:33:999[Debug        ]  ShaderProgram::AddShader() file with data was read in
2016-08-21 15:10:33:999[Debug        ] ShaderProgram::AddShader() : glShaderSource() successful
2016-08-21 15:10:34:000[Debug        ] ShaderProgram::AddShader() : glCompileShader() successful
2016-08-21 15:10:34:000[Info         ] ShaderProgram::CheckShaderCompileStatus(17) successful.
2016-08-21 15:10:34:000[Debug        ] ShaderProgram::AddShader() : glCompileShader() successful
2016-08-21 15:10:34:000[Info         ] ShaderInfo saved successfully.
2016-08-21 15:10:34:000[Debug        ] ShaderProgram::AddShader() : glAttachShader() successful
2016-08-21 15:10:34:000[Info         ] ShaderProgram::AddShader [17] successful.
2016-08-21 15:10:34:000[Debug        ] File [..\Data\shaders\texlighting.frag.shader] Opened successfully! Buffer Length:[1717]
2016-08-21 15:10:34:000[cDebug       ] Shader file [..\Data\shaders\texlighting.frag.shader] is too big to display contents.
2016-08-21 15:10:34:001[Debug        ]  ShaderProgram::AddShader() file with data was read in
2016-08-21 15:10:34:002[Debug        ] ShaderProgram::AddShader() : glShaderSource() successful
2016-08-21 15:10:34:002[Debug        ] ShaderProgram::AddShader() : glCompileShader() successful
2016-08-21 15:10:34:002[Info         ] ShaderProgram::CheckShaderCompileStatus(18) successful.
2016-08-21 15:10:34:002[Debug        ] ShaderProgram::AddShader() : glCompileShader() successful
2016-08-21 15:10:34:002[Info         ] ShaderInfo saved successfully.
2016-08-21 15:10:34:002[Debug        ] ShaderProgram::AddShader() : glAttachShader() successful
2016-08-21 15:10:34:002[Info         ] ShaderProgram::AddShader [18] successful.
2016-08-21 15:10:34:005[Info         ] CheckProgramStatus() successful!
2016-08-21 15:10:34:005[Info         ] CheckProgramStatus() successful!
2016-08-21 15:10:34:005[Info         ] Shader Init started
2016-08-21 15:10:34:005[Info         ] Shader Program created.
2016-08-21 15:10:34:005[Process      ] ShaderProgram::Initialize()[19] successful!
2016-08-21 15:10:34:006[Debug        ] File [..\Data\shaders\water.vert.shader] Opened successfully! Buffer Length:[1400]
2016-08-21 15:10:34:006[cDebug       ] Shader file [..\Data\shaders\water.vert.shader] is too big to display contents.
2016-08-21 15:10:34:007[Debug        ]  ShaderProgram::AddShader() file with data was read in
2016-08-21 15:10:34:007[Debug        ] ShaderProgram::AddShader() : glShaderSource() successful
2016-08-21 15:10:34:007[Debug        ] ShaderProgram::AddShader() : glCompileShader() successful
2016-08-21 15:10:34:007[Info         ] ShaderProgram::CheckShaderCompileStatus(20) successful.
2016-08-21 15:10:34:008[Debug        ] ShaderProgram::AddShader() : glCompileShader() successful
2016-08-21 15:10:34:008[Info         ] ShaderInfo saved successfully.
2016-08-21 15:10:34:008[Debug        ] ShaderProgram::AddShader() : glAttachShader() successful
2016-08-21 15:10:34:008[Info         ] ShaderProgram::AddShader [20] successful.
2016-08-21 15:10:34:008[Debug        ] File [..\Data\shaders\water.frag.shader] Opened successfully! Buffer Length:[2436]
2016-08-21 15:10:34:008[cDebug       ] Shader file [..\Data\shaders\water.frag.shader] is too big to display contents.
2016-08-21 15:10:34:010[Debug        ]  ShaderProgram::AddShader() file with data was read in
2016-08-21 15:10:34:010[Debug        ] ShaderProgram::AddShader() : glShaderSource() successful
2016-08-21 15:10:34:010[Debug        ] ShaderProgram::AddShader() : glCompileShader() successful
2016-08-21 15:10:34:010[Info         ] ShaderProgram::CheckShaderCompileStatus(21) successful.
2016-08-21 15:10:34:010[Debug        ] ShaderProgram::AddShader() : glCompileShader() successful
2016-08-21 15:10:34:010[Info         ] ShaderInfo saved successfully.
2016-08-21 15:10:34:010[Debug        ] ShaderProgram::AddShader() : glAttachShader() successful
2016-08-21 15:10:34:010[Info         ] ShaderProgram::AddShader [21] successful.
2016-08-21 15:10:34:014[Info         ] CheckProgramStatus() successful!
2016-08-21 15:10:34:014[Info         ] CheckProgramStatus() successful!
2016-08-21 15:10:34:015[Info         ] GetAttribLocation [vPosition] successful.
2016-08-21 15:10:34:015[Info         ] GetUniformLocation [colorin] successful.
2016-08-21 15:10:34:015[Info         ] GetUniformLocation [MAT] successful.
2016-08-21 15:10:34:015[cProcess     ] RenderEngine::Initialize() successful.
2016-08-21 15:10:34:015[cInfo        ] 
-----------------------------------------------------------------------
 BufferInfo::CreateBuffers()[0] Created buffers:| VERTEX [1] with [80] bytes. || INDEX [2] with [24] bytes |
-----------------------------------------------------------------------

2016-08-21 15:10:34:023[cInfo        ] --------BufferInfo::AddMesh() Added mesh successfully-------
2016-08-21 15:10:34:024[cInfo        ] 
2016-08-21 15:10:34:025[cInfo        ] --------------------| START BUFFER MESH INFO |-------------------------------------
2016-08-21 15:10:34:029[cInfo        ] BufferInfo::AddMesh(): NUM VERTS-----------------[4]
2016-08-21 15:10:34:031[cInfo        ] BufferInfo::AddMesh(): NUM INDICES---------------[6]
2016-08-21 15:10:34:032[cInfo        ] BufferInfo::AddMesh(): VERT OFFSET---------------[0]
2016-08-21 15:10:34:033[cInfo        ] BufferInfo::AddMesh(): INDICES OFFSET (BYTES)----[0]
2016-08-21 15:10:34:035[cInfo        ] --------------------|  END BUFFER MESH INFO  |--------------------------------------
2016-08-21 15:10:34:036[cInfo        ] 

2016-08-21 15:10:34:038[cInfo        ] 
-----------------------------------------------------------------------
 BufferInfo::CreateBuffers()[0] Created buffers:| VERTEX [3] with [96] bytes. || INDEX [4] with [48] bytes |
-----------------------------------------------------------------------

2016-08-21 15:10:34:043[cInfo        ] --------BufferInfo::AddMesh() Added mesh successfully-------
2016-08-21 15:10:34:044[cInfo        ] 
2016-08-21 15:10:34:045[cInfo        ] --------------------| START BUFFER MESH INFO |-------------------------------------
2016-08-21 15:10:34:048[cInfo        ] BufferInfo::AddMesh(): NUM VERTS-----------------[8]
2016-08-21 15:10:34:049[cInfo        ] BufferInfo::AddMesh(): NUM INDICES---------------[24]
2016-08-21 15:10:34:051[cInfo        ] BufferInfo::AddMesh(): VERT OFFSET---------------[0]
2016-08-21 15:10:34:052[cInfo        ] BufferInfo::AddMesh(): INDICES OFFSET (BYTES)----[0]
2016-08-21 15:10:34:053[cInfo        ] --------------------|  END BUFFER MESH INFO  |--------------------------------------
2016-08-21 15:10:34:055[cInfo        ] 

2016-08-21 15:10:34:056[cInfo        ] 
-----------------------------------------------------------------------
 BufferInfo::CreateBuffers()[0] Created buffers:| VERTEX [5] with [864] bytes. || INDEX [6] with [0] bytes |
-----------------------------------------------------------------------

2016-08-21 15:10:34:063[cInfo        ] --------BufferInfo::AddMesh() Added mesh successfully-------
2016-08-21 15:10:34:063[cInfo        ] 
2016-08-21 15:10:34:064[cInfo        ] --------------------| START BUFFER MESH INFO |-------------------------------------
2016-08-21 15:10:34:066[cInfo        ] BufferInfo::AddMesh(): NUM VERTS-----------------[36]
2016-08-21 15:10:34:068[cInfo        ] BufferInfo::AddMesh(): NUM INDICES---------------[0]
2016-08-21 15:10:34:069[cInfo        ] BufferInfo::AddMesh(): VERT OFFSET---------------[0]
2016-08-21 15:10:34:070[cInfo        ] BufferInfo::AddMesh(): INDICES OFFSET (BYTES)----[0]
2016-08-21 15:10:34:070[cInfo        ] --------------------|  END BUFFER MESH INFO  |--------------------------------------
2016-08-21 15:10:34:072[cInfo        ] 

2016-08-21 15:10:34:072[cInfo        ] 
-----------------------------------------------------------------------
 BufferInfo::CreateBuffers()[0] Created buffers:| VERTEX [7] with [144] bytes. || INDEX [8] with [0] bytes |
-----------------------------------------------------------------------

2016-08-21 15:10:34:077[cInfo        ] --------BufferInfo::AddMesh() Added mesh successfully-------
2016-08-21 15:10:34:081[cInfo        ] 
2016-08-21 15:10:34:081[cInfo        ] --------------------| START BUFFER MESH INFO |-------------------------------------
2016-08-21 15:10:34:083[cInfo        ] BufferInfo::AddMesh(): NUM VERTS-----------------[6]
2016-08-21 15:10:34:084[cInfo        ] BufferInfo::AddMesh(): NUM INDICES---------------[0]
2016-08-21 15:10:34:086[cInfo        ] BufferInfo::AddMesh(): VERT OFFSET---------------[0]
2016-08-21 15:10:34:087[cInfo        ] BufferInfo::AddMesh(): INDICES OFFSET (BYTES)----[0]
2016-08-21 15:10:34:088[cInfo        ] --------------------|  END BUFFER MESH INFO  |--------------------------------------
2016-08-21 15:10:34:091[cInfo        ] 

2016-08-21 15:10:34:093[Process      ] BufferInfo::Initialize() successful.
2016-08-21 15:10:34:093[cInfo        ] 
-----------------------------------------------------------------------
 BufferInfo::CreateBuffers()[0] Created buffers:| VERTEX [9] with [1000000] bytes. || INDEX [10] with [1000000] bytes |
-----------------------------------------------------------------------

2016-08-21 15:10:34:101[cInfo        ] --------BufferInfo::AddMesh() Added mesh successfully-------
2016-08-21 15:10:34:102[cInfo        ] 
2016-08-21 15:10:34:102[cInfo        ] --------------------| START BUFFER MESH INFO |-------------------------------------
2016-08-21 15:10:34:104[cInfo        ] BufferInfo::AddMesh(): NUM VERTS-----------------[24]
2016-08-21 15:10:34:105[cInfo        ] BufferInfo::AddMesh(): NUM INDICES---------------[36]
2016-08-21 15:10:34:106[cInfo        ] BufferInfo::AddMesh(): VERT OFFSET---------------[0]
2016-08-21 15:10:34:107[cInfo        ] BufferInfo::AddMesh(): INDICES OFFSET (BYTES)----[0]
2016-08-21 15:10:34:107[cInfo        ] --------------------|  END BUFFER MESH INFO  |--------------------------------------
2016-08-21 15:10:34:110[cInfo        ] 

2016-08-21 15:10:34:114[Process      ] BufferInfo::Initialize() successful.
2016-08-21 15:10:34:114[cInfo        ] 
-----------------------------------------------------------------------
 BufferInfo::CreateBuffers()[1] Created buffers:| VERTEX [11] with [1000000] bytes. || INDEX [12] with [1000000] bytes |
-----------------------------------------------------------------------

2016-08-21 15:10:34:122[cInfo        ] --------BufferInfo::AddMesh() Added mesh successfully-------
2016-08-21 15:10:34:123[cInfo        ] 
2016-08-21 15:10:34:123[cInfo        ] --------------------| START BUFFER MESH INFO |-------------------------------------
2016-08-21 15:10:34:124[cInfo        ] BufferInfo::AddMesh(): NUM VERTS-----------------[1536]
2016-08-21 15:10:34:125[cInfo        ] BufferInfo::AddMesh(): NUM INDICES---------------[3072]
2016-08-21 15:10:34:127[cInfo        ] BufferInfo::AddMesh(): VERT OFFSET---------------[0]
2016-08-21 15:10:34:129[cInfo        ] BufferInfo::AddMesh(): INDICES OFFSET (BYTES)----[0]
2016-08-21 15:10:34:131[cInfo        ] --------------------|  END BUFFER MESH INFO  |--------------------------------------
2016-08-21 15:10:34:133[cInfo        ] 

2016-08-21 15:10:34:135[cInfo        ] 
-----------------------------------------------------------------------
 BufferInfo::CreateBuffers()[0] Created buffers:| VERTEX [13] with [3936] bytes. || INDEX [14] with [0] bytes |
-----------------------------------------------------------------------

2016-08-21 15:10:34:138[cInfo        ] --------BufferInfo::AddMesh() Added mesh successfully-------
2016-08-21 15:10:34:139[cInfo        ] 
2016-08-21 15:10:34:141[cInfo        ] --------------------| START BUFFER MESH INFO |-------------------------------------
2016-08-21 15:10:34:143[cInfo        ] BufferInfo::AddMesh(): NUM VERTS-----------------[164]
2016-08-21 15:10:34:144[cInfo        ] BufferInfo::AddMesh(): NUM INDICES---------------[0]
2016-08-21 15:10:34:145[cInfo        ] BufferInfo::AddMesh(): VERT OFFSET---------------[0]
2016-08-21 15:10:34:146[cInfo        ] BufferInfo::AddMesh(): INDICES OFFSET (BYTES)----[0]
2016-08-21 15:10:34:147[cInfo        ] --------------------|  END BUFFER MESH INFO  |--------------------------------------
2016-08-21 15:10:34:148[cInfo        ] 

2016-08-21 15:10:34:149[cProcess     ] ShapeGenerator initialized successfully.
2016-08-21 15:10:34:149[cProcess     ] Camera::Initialize() successful.
2016-08-21 15:10:34:152[cProcess     ] Keyboard::Initialize() successful
2016-08-21 15:10:34:153[cProcess     ] Keyboard::Initialize() successful
2016-08-21 15:10:34:166[cInfo        ] 
-----------------------------------------------------------------------
 BufferInfo::CreateBuffers()[0] Created buffers:| VERTEX [15] with [10810368] bytes. || INDEX [16] with [0] bytes |
-----------------------------------------------------------------------

2016-08-21 15:10:34:182[cInfo        ] --------BufferInfo::AddMesh() Added mesh successfully-------
2016-08-21 15:10:34:183[cInfo        ] 
2016-08-21 15:10:34:184[cInfo        ] --------------------| START BUFFER MESH INFO |-------------------------------------
2016-08-21 15:10:34:185[cInfo        ] BufferInfo::AddMesh(): NUM VERTS-----------------[337824]
2016-08-21 15:10:34:186[cInfo        ] BufferInfo::AddMesh(): NUM INDICES---------------[0]
2016-08-21 15:10:34:188[cInfo        ] BufferInfo::AddMesh(): VERT OFFSET---------------[0]
2016-08-21 15:10:34:189[cInfo        ] BufferInfo::AddMesh(): INDICES OFFSET (BYTES)----[0]
2016-08-21 15:10:34:190[cInfo        ] --------------------|  END BUFFER MESH INFO  |--------------------------------------
2016-08-21 15:10:34:194[cInfo        ] 

2016-08-21 15:10:34:231[Info         ] ShapeGenerator::ReadSceneFile(): Added new scene [..\Data\Scenes\Dargon.ptn.scene] successfully.
2016-08-21 15:10:34:231[cInfo        ] EntityManager::BuildPlayerEntity(): Built [Dargon] successfully
2016-08-21 15:10:34:234[Process      ] BufferInfo::Initialize() successful.
2016-08-21 15:10:34:238[cInfo        ] 
-----------------------------------------------------------------------
 BufferInfo::CreateBuffers()[2] Created buffers:| VERTEX [17] with [1000000] bytes. || INDEX [18] with [1000000] bytes |
-----------------------------------------------------------------------

2016-08-21 15:10:34:244[cInfo        ] --------BufferInfo::AddMesh() Added mesh successfully-------
2016-08-21 15:10:34:246[cInfo        ] 
2016-08-21 15:10:34:247[cInfo        ] --------------------| START BUFFER MESH INFO |-------------------------------------
2016-08-21 15:10:34:248[cInfo        ] BufferInfo::AddMesh(): NUM VERTS-----------------[36]
2016-08-21 15:10:34:249[cInfo        ] BufferInfo::AddMesh(): NUM INDICES---------------[0]
2016-08-21 15:10:34:250[cInfo        ] BufferInfo::AddMesh(): VERT OFFSET---------------[0]
2016-08-21 15:10:34:251[cInfo        ] BufferInfo::AddMesh(): INDICES OFFSET (BYTES)----[0]
2016-08-21 15:10:34:254[cInfo        ] --------------------|  END BUFFER MESH INFO  |--------------------------------------
2016-08-21 15:10:34:255[cInfo        ] 

2016-08-21 15:10:34:256[Info         ] ShapeGenerator::ReadSceneFile(): Added new scene [..\Data\Scenes\Cube.pn.scene] successfully.
2016-08-21 15:10:34:256[Process      ] BufferInfo::Initialize() successful.
2016-08-21 15:10:34:257[cInfo        ] 
-----------------------------------------------------------------------
 BufferInfo::CreateBuffers()[3] Created buffers:| VERTEX [19] with [1000000] bytes. || INDEX [20] with [1000000] bytes |
-----------------------------------------------------------------------

2016-08-21 15:10:34:262[cInfo        ] --------BufferInfo::AddMesh() Added mesh successfully-------
2016-08-21 15:10:34:264[cInfo        ] 
2016-08-21 15:10:34:265[cInfo        ] --------------------| START BUFFER MESH INFO |-------------------------------------
2016-08-21 15:10:34:266[cInfo        ] BufferInfo::AddMesh(): NUM VERTS-----------------[8718]
2016-08-21 15:10:34:267[cInfo        ] BufferInfo::AddMesh(): NUM INDICES---------------[0]
2016-08-21 15:10:34:268[cInfo        ] BufferInfo::AddMesh(): VERT OFFSET---------------[0]
2016-08-21 15:10:34:269[cInfo        ] BufferInfo::AddMesh(): INDICES OFFSET (BYTES)----[0]
2016-08-21 15:10:34:270[cInfo        ] --------------------|  END BUFFER MESH INFO  |--------------------------------------
2016-08-21 15:10:34:271[cInfo        ] 

2016-08-21 15:10:34:276[Info         ] ShapeGenerator::ReadSceneFile(): Added new scene [..\Data\Scenes\AIWorld.ptn.scene] successfully.
2016-08-21 15:10:34:276[cInfo        ] --------BufferInfo::AddMesh() Added mesh successfully-------
2016-08-21 15:10:34:278[cInfo        ] 
2016-08-21 15:10:34:278[cInfo        ] --------------------| START BUFFER MESH INFO |-------------------------------------
2016-08-21 15:10:34:279[cInfo        ] BufferInfo::AddMesh(): NUM VERTS-----------------[18]
2016-08-21 15:10:34:280[cInfo        ] BufferInfo::AddMesh(): NUM INDICES---------------[0]
2016-08-21 15:10:34:281[cInfo        ] BufferInfo::AddMesh(): VERT OFFSET---------------[36]
2016-08-21 15:10:34:284[cInfo        ] BufferInfo::AddMesh(): INDICES OFFSET (BYTES)----[0]
2016-08-21 15:10:34:285[cInfo        ] --------------------|  END BUFFER MESH INFO  |--------------------------------------
2016-08-21 15:10:34:286[cInfo        ] 

2016-08-21 15:10:34:287[Info         ] ShapeGenerator::ReadSceneFile(): Added new scene [..\Data\Scenes\Pyramid.pn.scene] successfully.
2016-08-21 15:10:34:296[cInfo        ] 
-----------------------------------------------------------------------
 BufferInfo::CreateBuffers()[0] Created buffers:| VERTEX [21] with [5529600] bytes. || INDEX [22] with [0] bytes |
-----------------------------------------------------------------------

2016-08-21 15:10:34:305[cInfo        ] --------BufferInfo::AddMesh() Added mesh successfully-------
2016-08-21 15:10:34:306[cInfo        ] 
2016-08-21 15:10:34:306[cInfo        ] --------------------| START BUFFER MESH INFO |-------------------------------------
2016-08-21 15:10:34:308[cInfo        ] BufferInfo::AddMesh(): NUM VERTS-----------------[172800]
2016-08-21 15:10:34:308[cInfo        ] BufferInfo::AddMesh(): NUM INDICES---------------[0]
2016-08-21 15:10:34:309[cInfo        ] BufferInfo::AddMesh(): VERT OFFSET---------------[0]
2016-08-21 15:10:34:311[cInfo        ] BufferInfo::AddMesh(): INDICES OFFSET (BYTES)----[0]
2016-08-21 15:10:34:313[cInfo        ] --------------------|  END BUFFER MESH INFO  |--------------------------------------
2016-08-21 15:10:34:314[cInfo        ] 

2016-08-21 15:10:34:315[Info         ] ShapeGenerator::ReadSceneFile(): Added new scene [..\Data\Scenes\WaterPlane.ptn.scene] successfully.
2016-08-21 15:10:34:316[cProcess     ] Camera::Initialize() successful.
2016-08-21 15:10:34:329[Process      ] BufferInfo::Initialize() successful.
2016-08-21 15:10:34:329[cInfo        ] 
-----------------------------------------------------------------------
 BufferInfo::CreateBuffers()[4] Created buffers:| VERTEX [23] with [8107776] bytes. || INDEX [24] with [0] bytes |
-----------------------------------------------------------------------

2016-08-21 15:10:34:342[cInfo        ] --------BufferInfo::AddMesh() Added mesh successfully-------
2016-08-21 15:10:34:343[cInfo        ] 
2016-08-21 15:10:34:343[cInfo        ] --------------------| START BUFFER MESH INFO |-------------------------------------
2016-08-21 15:10:34:345[cInfo        ] BufferInfo::AddMesh(): NUM VERTS-----------------[337824]
2016-08-21 15:10:34:346[cInfo        ] BufferInfo::AddMesh(): NUM INDICES---------------[0]
2016-08-21 15:10:34:347[cInfo        ] BufferInfo::AddMesh(): VERT OFFSET---------------[0]
2016-08-21 15:10:34:347[cInfo        ] BufferInfo::AddMesh(): INDICES OFFSET (BYTES)----[0]
2016-08-21 15:10:34:348[cInfo        ] --------------------|  END BUFFER MESH INFO  |--------------------------------------
2016-08-21 15:10:34:349[cInfo        ] 

2016-08-21 15:10:34:350[Info         ] ShapeGenerator::ReadSceneFile(): Added new scene [..\Data\Scenes\Dargon.pn.scene] successfully.
2016-08-21 15:10:34:351[Process      ] BufferInfo::Initialize() successful.
2016-08-21 15:10:34:351[cInfo        ] 
-----------------------------------------------------------------------
 BufferInfo::CreateBuffers()[5] Created buffers:| VERTEX [25] with [1000000] bytes. || INDEX [26] with [1000000] bytes |
-----------------------------------------------------------------------

2016-08-21 15:10:34:356[cInfo        ] --------BufferInfo::AddMesh() Added mesh successfully-------
2016-08-21 15:10:34:357[cInfo        ] 
2016-08-21 15:10:34:358[cInfo        ] --------------------| START BUFFER MESH INFO |-------------------------------------
2016-08-21 15:10:34:359[cInfo        ] BufferInfo::AddMesh(): NUM VERTS-----------------[6]
2016-08-21 15:10:34:360[cInfo        ] BufferInfo::AddMesh(): NUM INDICES---------------[0]
2016-08-21 15:10:34:363[cInfo        ] BufferInfo::AddMesh(): VERT OFFSET---------------[0]
2016-08-21 15:10:34:364[cInfo        ] BufferInfo::AddMesh(): INDICES OFFSET (BYTES)----[0]
2016-08-21 15:10:34:364[cInfo        ] --------------------|  END BUFFER MESH INFO  |--------------------------------------
2016-08-21 15:10:34:365[cInfo        ] 

2016-08-21 15:10:34:367[cProcess     ] BodaciousQuest::Initialize() successful.
2016-08-21 15:10:34:367[Process      ] GameTime::Initialize() ok

2016-08-21 15:10:34:367[cProcess     ] MyWindow::Initialize() successful!
