2016-08-22 14:12:33:004[Process      ] GameLogger::Initialize() opened log file [..\Data\LogFiles\2016-08-22 14-12-33.BodaciousQuest.log] for writing
2016-08-22 14:12:33:004[Info         ] GameLogger::Initialize() successful
2016-08-22 14:12:33:004[Process      ] ConfigReader opened [..\Data\BodaciousQuest.config] successfully
2016-08-22 14:12:33:004[Info         ] ConfigReader initialized successfully
2016-08-22 14:12:33:004[Info         ] Valid KVP [BodaciousQuest.ShowFullScreen] [false] added
2016-08-22 14:12:33:004[Info         ] Valid KVP [BodaciousQuest.FpsInterval] [5.0] added
2016-08-22 14:12:33:005[Info         ] Valid KVP [BodaciousQuest.EnableControls] [true] added
2016-08-22 14:12:33:005[Info         ] Valid KVP [BodaciousQuest.LoadCubeFirst] [true] added
2016-08-22 14:12:33:005[Info         ] Valid KVP [BodaciousQuest.CameraWalkMode] [false] added
2016-08-22 14:12:33:005[Info         ] Valid KVP [BodaciousQuest.GridSize] [40] added
2016-08-22 14:12:33:005[Info         ] Valid KVP [BodaciousQuest.LightingTest.Ambient.Color] [1.0  1.0  1.0] added
2016-08-22 14:12:33:005[Info         ] Valid KVP [BodaciousQuest.LightingTest.Diffuse.Color] [1.0  1.0  1.0] added
2016-08-22 14:12:33:005[Info         ] Valid KVP [BodaciousQuest.LightingTest.Specular.Color] [1.0  1.0  1.0] added
2016-08-22 14:12:33:005[Info         ] Valid KVP [BodaciousQuest.LightingTest.Ambient.Reflectivity] [0.01] added
2016-08-22 14:12:33:005[Info         ] Valid KVP [BodaciousQuest.LightingTest.Diffuse.Reflectivity] [0.7] added
2016-08-22 14:12:33:005[Info         ] Valid KVP [BodaciousQuest.LightingTest.Specular.Reflectivity] [0.5] added
2016-08-22 14:12:33:005[Info         ] Valid KVP [BodaciousQuest.LightingTest.Specular.Shininess] [1.50] added
2016-08-22 14:12:33:005[Info         ] Valid KVP [BodaciousQuest.LightingTest.Falloff.A] [1.0] added
2016-08-22 14:12:33:005[Info         ] Valid KVP [BodaciousQuest.LightingTest.Falloff.B] [0.001] added
2016-08-22 14:12:33:005[Info         ] Valid KVP [BodaciousQuest.LightingTest.Falloff.C] [0.0001] added
2016-08-22 14:12:33:005[Info         ] Valid KVP [BodaciousQuest.LightingTest.Directional] [false] added
2016-08-22 14:12:33:005[Info         ] Valid KVP [BodaciousQuest.LightingTest.Direction] [-1.0 0.0 1.0] added
2016-08-22 14:12:33:005[Info         ] Valid KVP [BodaciousQuest.LightingTest.Light.Position] [-0.875458 3.673020 1.043331] added
2016-08-22 14:12:33:005[Info         ] Valid KVP [BodaciousQuest.LightingTest.Dargon.Color] [1.0 1.0 0.4] added
2016-08-22 14:12:33:005[Info         ] Valid KVP [ObjConverter.Mode.VertexType] [pn] added
2016-08-22 14:12:33:005[Info         ] Valid KVP [ObjConverter.Mode.Analyze] [false] added
2016-08-22 14:12:33:005[Info         ] Valid KVP [ObjConverter.Model] [Cat] added
2016-08-22 14:12:33:005[Info         ] Valid KVP [ObjConverter.Shader] [4] added
2016-08-22 14:12:33:005[Info         ] Valid KVP [ObjConverter.Color] [random] added
2016-08-22 14:12:33:005[Info         ] Valid KVP [ObjConverter.Obj.InputFileFolder] [..\\Data\\Objs\\] added
2016-08-22 14:12:33:005[Info         ] Valid KVP [ObjConverter.Scene.OutputFileFolder] [..\\Data\\Scenes\\] added
2016-08-22 14:12:33:005[Info         ] Valid KVP [ObjConverter.Model.Dargon.NumVerts] [57967] added
2016-08-22 14:12:33:005[Info         ] Valid KVP [ObjConverter.Model.Dargon.NumIndices] [337824] added
2016-08-22 14:12:33:005[Info         ] Valid KVP [ObjConverter.Model.Dargon.NumTexCoords] [60175] added
2016-08-22 14:12:33:005[Info         ] Valid KVP [ObjConverter.Model.Dargon.NumNormals] [337824] added
2016-08-22 14:12:33:005[Info         ] Valid KVP [ObjConverter.Model.Swamp.NumVerts] [2735] added
2016-08-22 14:12:33:005[Info         ] Valid KVP [ObjConverter.Model.Swamp.NumIndices] [8556] added
2016-08-22 14:12:33:005[Info         ] Valid KVP [ObjConverter.Model.Swamp.NumTexCoords] [3622] added
2016-08-22 14:12:33:005[Info         ] Valid KVP [ObjConverter.Model.Swamp.NumNormals] [5156] added
2016-08-22 14:12:33:005[Info         ] Valid KVP [ObjConverter.Model.Pyramid.NumVerts] [5] added
2016-08-22 14:12:33:005[Info         ] Valid KVP [ObjConverter.Model.Pyramid.NumIndices] [18] added
2016-08-22 14:12:33:005[Info         ] Valid KVP [ObjConverter.Model.Pyramid.NumTexCoords] [10] added
2016-08-22 14:12:33:005[Info         ] Valid KVP [ObjConverter.Model.Pyramid.NumNormals] [16] added
2016-08-22 14:12:33:005[Info         ] Valid KVP [ObjConverter.Model.AIWorld.NumVerts] [1957] added
2016-08-22 14:12:33:005[Info         ] Valid KVP [ObjConverter.Model.AIWorld.NumIndices] [8718] added
2016-08-22 14:12:33:005[Info         ] Valid KVP [ObjConverter.Model.AIWorld.NumTexCoords] [4186] added
2016-08-22 14:12:33:005[Info         ] Valid KVP [ObjConverter.Model.AIWorld.NumNormals] [5418] added
2016-08-22 14:12:33:005[Info         ] Valid KVP [ObjConverter.Model.GameWeapon.NumVerts] [2068] added
2016-08-22 14:12:33:005[Info         ] Valid KVP [ObjConverter.Model.GameWeapon.NumIndices] [9894] added
2016-08-22 14:12:33:005[Info         ] Valid KVP [ObjConverter.Model.GameWeapon.NumTexCoords] [0] added
2016-08-22 14:12:33:005[Info         ] Valid KVP [ObjConverter.Model.GameWeapon.NumNormals] [0] added
2016-08-22 14:12:33:005[Info         ] Valid KVP [ObjConverter.Model.Chicken.NumVerts] [224] added
2016-08-22 14:12:33:005[Info         ] Valid KVP [ObjConverter.Model.Chicken.NumIndices] [1374] added
2016-08-22 14:12:33:006[Info         ] Valid KVP [ObjConverter.Model.Chicken.NumTexCoords] [472] added
2016-08-22 14:12:33:006[Info         ] Valid KVP [ObjConverter.Model.Chicken.NumNormals] [565] added
2016-08-22 14:12:33:006[Info         ] Valid KVP [ObjConverter.Model.WaterPlane.NumVerts] [29282] added
2016-08-22 14:12:33:006[Info         ] Valid KVP [ObjConverter.Model.WaterPlane.NumIndices] [172800] added
2016-08-22 14:12:33:006[Info         ] Valid KVP [ObjConverter.Model.WaterPlane.NumTexCoords] [29282] added
2016-08-22 14:12:33:006[Info         ] Valid KVP [ObjConverter.Model.WaterPlane.NumNormals] [172800] added
2016-08-22 14:12:33:006[Info         ] Valid KVP [ObjConverter.Model.Cube.NumVerts] [8] added
2016-08-22 14:12:33:006[Info         ] Valid KVP [ObjConverter.Model.Cube.NumIndices] [36] added
2016-08-22 14:12:33:006[Info         ] Valid KVP [ObjConverter.Model.Cube.NumTexCoords] [14] added
2016-08-22 14:12:33:006[Info         ] Valid KVP [ObjConverter.Model.Cube.NumNormals] [24] added
2016-08-22 14:12:33:006[Info         ] Valid KVP [ObjConverter.Model.Barrel.NumVerts] [172] added
2016-08-22 14:12:33:006[Info         ] Valid KVP [ObjConverter.Model.Barrel.NumIndices] [1008] added
2016-08-22 14:12:33:006[Info         ] Valid KVP [ObjConverter.Model.Barrel.NumTexCoords] [328] added
2016-08-22 14:12:33:006[Info         ] Valid KVP [ObjConverter.Model.Barrel.NumNormals] [204] added
2016-08-22 14:12:33:006[Info         ] Valid KVP [ObjConverter.Model.SkyBox.NumVerts] [8] added
2016-08-22 14:12:33:006[Info         ] Valid KVP [ObjConverter.Model.SkyBox.NumIndices] [36] added
2016-08-22 14:12:33:006[Info         ] Valid KVP [ObjConverter.Model.SkyBox.NumTexCoords] [18] added
2016-08-22 14:12:33:006[Info         ] Valid KVP [ObjConverter.Model.SkyBox.NumNormals] [24] added
2016-08-22 14:12:33:006[Info         ] Valid KVP [ObjConverter.Model.Cat.NumVerts] [548] added
2016-08-22 14:12:33:006[Info         ] Valid KVP [ObjConverter.Model.Cat.NumIndices] [3180] added
2016-08-22 14:12:33:006[Info         ] Valid KVP [ObjConverter.Model.Cat.NumTexCoords] [771] added
2016-08-22 14:12:33:006[Info         ] Valid KVP [ObjConverter.Model.Cat.NumNormals] [714] added
2016-08-22 14:12:33:072[cInfo        ] Config reader opened [..\Data\BodaciousQuest.config] for reading!
2016-08-22 14:12:33:134[Process      ] ShaderManager Initialized successfully
2016-08-22 14:12:33:134[Info         ] Shader Init started
2016-08-22 14:12:33:134[Info         ] Shader Program created.
2016-08-22 14:12:33:134[Process      ] ShaderProgram::Initialize()[1] successful!
2016-08-22 14:12:33:135[Debug        ] File [..\Data\shaders\debug.vert.shader] Opened successfully! Buffer Length:[291]
2016-08-22 14:12:33:135[Debug        ] Shader file [..\Data\shaders\debug.vert.shader] contents:
//BEGIN
#version 430 core

layout(location = 0)  in vec3 vPosition;

layout(location = 15) uniform vec3 colorin;
layout(location = 16) uniform mat4 MAT;

out vec4 color;

void main()
{
	vec4 vertPos = vec4(vPosition, 1.0);
	gl_Position = MAT *  vertPos;
	color = vec4(colorin, 1.0);
}
//END

2016-08-22 14:12:33:135[Debug        ]  ShaderProgram::AddShader() file with data was read in
2016-08-22 14:12:33:135[Debug        ] ShaderProgram::AddShader() : glShaderSource() successful
2016-08-22 14:12:33:136[Debug        ] ShaderProgram::AddShader() : glCompileShader() successful
2016-08-22 14:12:33:136[Info         ] ShaderProgram::CheckShaderCompileStatus(2) successful.
2016-08-22 14:12:33:136[Debug        ] ShaderProgram::AddShader() : glCompileShader() successful
2016-08-22 14:12:33:136[Info         ] ShaderInfo saved successfully.
2016-08-22 14:12:33:137[Debug        ] ShaderProgram::AddShader() : glAttachShader() successful
2016-08-22 14:12:33:137[Info         ] ShaderProgram::AddShader [2] successful.
2016-08-22 14:12:33:137[Debug        ] File [..\Data\shaders\debug.frag.shader] Opened successfully! Buffer Length:[104]
2016-08-22 14:12:33:137[Debug        ] Shader file [..\Data\shaders\debug.frag.shader] contents:
//BEGIN
#version 430 core


in  vec4 color;
out vec4 outColor;

void main()
{
	outColor = color;
}


//END

2016-08-22 14:12:33:137[Debug        ]  ShaderProgram::AddShader() file with data was read in
2016-08-22 14:12:33:137[Debug        ] ShaderProgram::AddShader() : glShaderSource() successful
2016-08-22 14:12:33:137[Debug        ] ShaderProgram::AddShader() : glCompileShader() successful
2016-08-22 14:12:33:137[Info         ] ShaderProgram::CheckShaderCompileStatus(3) successful.
2016-08-22 14:12:33:137[Debug        ] ShaderProgram::AddShader() : glCompileShader() successful
2016-08-22 14:12:33:137[Info         ] ShaderInfo saved successfully.
2016-08-22 14:12:33:137[Debug        ] ShaderProgram::AddShader() : glAttachShader() successful
2016-08-22 14:12:33:137[Info         ] ShaderProgram::AddShader [3] successful.
2016-08-22 14:12:33:139[Info         ] CheckProgramStatus() successful!
2016-08-22 14:12:33:139[Info         ] CheckProgramStatus() successful!
2016-08-22 14:12:33:139[Info         ] Shader Init started
2016-08-22 14:12:33:139[Info         ] Shader Program created.
2016-08-22 14:12:33:139[Process      ] ShaderProgram::Initialize()[4] successful!
2016-08-22 14:12:33:139[Debug        ] File [..\Data\shaders\play.vert.shader] Opened successfully! Buffer Length:[343]
2016-08-22 14:12:33:139[Debug        ] Shader file [..\Data\shaders\play.vert.shader] contents:
//BEGIN
#version 430 core

layout (location = 0)  in vec3 vPosition;
layout (location = 1)  in vec3 vColor;
layout (location = 15) uniform vec3 colorin;
layout (location = 16) uniform mat4 MAT;

out vec4 color;

void main()
{
	vec4 vertPos = vec4(vPosition, 1.0);
	gl_Position = MAT *  vertPos;
	color = vec4((vColor + colorin), 1.0);
}
//END

2016-08-22 14:12:33:139[Debug        ]  ShaderProgram::AddShader() file with data was read in
2016-08-22 14:12:33:139[Debug        ] ShaderProgram::AddShader() : glShaderSource() successful
2016-08-22 14:12:33:139[Debug        ] ShaderProgram::AddShader() : glCompileShader() successful
2016-08-22 14:12:33:139[Info         ] ShaderProgram::CheckShaderCompileStatus(5) successful.
2016-08-22 14:12:33:139[Debug        ] ShaderProgram::AddShader() : glCompileShader() successful
2016-08-22 14:12:33:139[Info         ] ShaderInfo saved successfully.
2016-08-22 14:12:33:139[Debug        ] ShaderProgram::AddShader() : glAttachShader() successful
2016-08-22 14:12:33:139[Info         ] ShaderProgram::AddShader [5] successful.
2016-08-22 14:12:33:139[Debug        ] File [..\Data\shaders\play.frag.shader] Opened successfully! Buffer Length:[391]
2016-08-22 14:12:33:140[Debug        ] Shader file [..\Data\shaders\play.frag.shader] contents:
//BEGIN
#version 430 core


in  vec4 color;
out vec4 outColor;

void main()
{

	//if (color.r < .7) discard;
	outColor = color;

	//if(((gl_FragCoord.x  > 600)&& (gl_FragCoord.y < 300)) || ((gl_FragCoord.y < 300)  && (gl_FragCoord.x  < 600) )) {
	//discard;
	//}

	//vec2 scrPos = vec2(gl_FragCoord) - vec2(350,150);
	//float len =  length(scrPos);
	//if(len < 50 )discard;
}


//END

2016-08-22 14:12:33:140[Debug        ]  ShaderProgram::AddShader() file with data was read in
2016-08-22 14:12:33:140[Debug        ] ShaderProgram::AddShader() : glShaderSource() successful
2016-08-22 14:12:33:140[Debug        ] ShaderProgram::AddShader() : glCompileShader() successful
2016-08-22 14:12:33:140[Info         ] ShaderProgram::CheckShaderCompileStatus(6) successful.
2016-08-22 14:12:33:140[Debug        ] ShaderProgram::AddShader() : glCompileShader() successful
2016-08-22 14:12:33:140[Info         ] ShaderInfo saved successfully.
2016-08-22 14:12:33:140[Debug        ] ShaderProgram::AddShader() : glAttachShader() successful
2016-08-22 14:12:33:140[Info         ] ShaderProgram::AddShader [6] successful.
2016-08-22 14:12:33:141[Info         ] CheckProgramStatus() successful!
2016-08-22 14:12:33:141[Info         ] CheckProgramStatus() successful!
2016-08-22 14:12:33:141[Info         ] Shader Init started
2016-08-22 14:12:33:141[Info         ] Shader Program created.
2016-08-22 14:12:33:141[Process      ] ShaderProgram::Initialize()[7] successful!
2016-08-22 14:12:33:141[Debug        ] File [..\Data\shaders\texture.vert.shader] Opened successfully! Buffer Length:[305]
2016-08-22 14:12:33:141[Debug        ] Shader file [..\Data\shaders\texture.vert.shader] contents:
//BEGIN
#version 430 core

layout (location = 0)  in vec3 vPosition;
layout (location = 1)  in vec2 vUV;

layout (location = 16) uniform mat4 MAT;

//out data
out vec2 UV;

//out vec4 color;

void main()
{
	vec4 vertPos = vec4(vPosition, 1.0);
	gl_Position = MAT *  vertPos;

	UV = vUV;
	
	
}
//END

2016-08-22 14:12:33:141[Debug        ]  ShaderProgram::AddShader() file with data was read in
2016-08-22 14:12:33:141[Debug        ] ShaderProgram::AddShader() : glShaderSource() successful
2016-08-22 14:12:33:141[Debug        ] ShaderProgram::AddShader() : glCompileShader() successful
2016-08-22 14:12:33:141[Info         ] ShaderProgram::CheckShaderCompileStatus(8) successful.
2016-08-22 14:12:33:141[Debug        ] ShaderProgram::AddShader() : glCompileShader() successful
2016-08-22 14:12:33:141[Info         ] ShaderInfo saved successfully.
2016-08-22 14:12:33:141[Debug        ] ShaderProgram::AddShader() : glAttachShader() successful
2016-08-22 14:12:33:141[Info         ] ShaderProgram::AddShader [8] successful.
2016-08-22 14:12:33:141[Debug        ] File [..\Data\shaders\texture.frag.shader] Opened successfully! Buffer Length:[482]
2016-08-22 14:12:33:141[Debug        ] Shader file [..\Data\shaders\texture.frag.shader] contents:
//BEGIN
#version 430 core


in  vec2 UV;
out vec4 outColor;

layout(location = 20) uniform sampler2D textureSampler;

void main()
{

	//if (color.r < .7) discard;
	outColor = vec4(texture(textureSampler, UV).rgb, 1.0);

	//if(((gl_FragCoord.x  > 600)&& (gl_FragCoord.y < 300)) || ((gl_FragCoord.y < 300)  && (gl_FragCoord.x  < 600) )) {
	//discard;
	//}
	//vec2 scrPos = vec2(gl_FragCoord) - vec2(350,150);
	//float len =  length(scrPos);
	//if(len < 50 )discard;
}


//END

2016-08-22 14:12:33:141[Debug        ]  ShaderProgram::AddShader() file with data was read in
2016-08-22 14:12:33:141[Debug        ] ShaderProgram::AddShader() : glShaderSource() successful
2016-08-22 14:12:33:142[Debug        ] ShaderProgram::AddShader() : glCompileShader() successful
2016-08-22 14:12:33:142[Info         ] ShaderProgram::CheckShaderCompileStatus(9) successful.
2016-08-22 14:12:33:142[Debug        ] ShaderProgram::AddShader() : glCompileShader() successful
2016-08-22 14:12:33:142[Info         ] ShaderInfo saved successfully.
2016-08-22 14:12:33:142[Debug        ] ShaderProgram::AddShader() : glAttachShader() successful
2016-08-22 14:12:33:142[Info         ] ShaderProgram::AddShader [9] successful.
2016-08-22 14:12:33:143[Info         ] CheckProgramStatus() successful!
2016-08-22 14:12:33:143[Info         ] CheckProgramStatus() successful!
2016-08-22 14:12:33:143[Info         ] Shader Init started
2016-08-22 14:12:33:143[Info         ] Shader Program created.
2016-08-22 14:12:33:143[Process      ] ShaderProgram::Initialize()[10] successful!
2016-08-22 14:12:33:143[Debug        ] File [..\Data\shaders\framebuffer.vert.shader] Opened successfully! Buffer Length:[305]
2016-08-22 14:12:33:143[Debug        ] Shader file [..\Data\shaders\framebuffer.vert.shader] contents:
//BEGIN
#version 430 core

layout (location = 0)  in vec3 vPosition;
layout (location = 1)  in vec2 vUV;

layout (location = 16) uniform mat4 MAT;

//out data
out vec2 UV;

//out vec4 color;

void main()
{
	vec4 vertPos = vec4(vPosition, 1.0);
	gl_Position = MAT *  vertPos;

	UV = vUV;
	
	
}
//END

2016-08-22 14:12:33:143[Debug        ]  ShaderProgram::AddShader() file with data was read in
2016-08-22 14:12:33:143[Debug        ] ShaderProgram::AddShader() : glShaderSource() successful
2016-08-22 14:12:33:143[Debug        ] ShaderProgram::AddShader() : glCompileShader() successful
2016-08-22 14:12:33:143[Info         ] ShaderProgram::CheckShaderCompileStatus(11) successful.
2016-08-22 14:12:33:143[Debug        ] ShaderProgram::AddShader() : glCompileShader() successful
2016-08-22 14:12:33:143[Info         ] ShaderInfo saved successfully.
2016-08-22 14:12:33:143[Debug        ] ShaderProgram::AddShader() : glAttachShader() successful
2016-08-22 14:12:33:143[Info         ] ShaderProgram::AddShader [11] successful.
2016-08-22 14:12:33:143[Debug        ] File [..\Data\shaders\framebuffer.frag.shader] Opened successfully! Buffer Length:[275]
2016-08-22 14:12:33:143[Debug        ] Shader file [..\Data\shaders\framebuffer.frag.shader] contents:
//BEGIN
#version 430 core


in  vec2 UV;
out vec4 outColor;

layout(location = 20) uniform sampler2D textureSampler;

void main()
{


	vec3 tempCol = texture(textureSampler, UV).rgb;

	outColor = vec4(tempCol.r / 1.5f, tempCol.g / 1.5f, tempCol.b / 1.5f, 1.0f);
}


//END

2016-08-22 14:12:33:143[Debug        ]  ShaderProgram::AddShader() file with data was read in
2016-08-22 14:12:33:143[Debug        ] ShaderProgram::AddShader() : glShaderSource() successful
2016-08-22 14:12:33:143[Debug        ] ShaderProgram::AddShader() : glCompileShader() successful
2016-08-22 14:12:33:143[Info         ] ShaderProgram::CheckShaderCompileStatus(12) successful.
2016-08-22 14:12:33:143[Debug        ] ShaderProgram::AddShader() : glCompileShader() successful
2016-08-22 14:12:33:143[Info         ] ShaderInfo saved successfully.
2016-08-22 14:12:33:144[Debug        ] ShaderProgram::AddShader() : glAttachShader() successful
2016-08-22 14:12:33:144[Info         ] ShaderProgram::AddShader [12] successful.
2016-08-22 14:12:33:144[Info         ] CheckProgramStatus() successful!
2016-08-22 14:12:33:145[Info         ] CheckProgramStatus() successful!
2016-08-22 14:12:33:145[Info         ] Shader Init started
2016-08-22 14:12:33:145[Info         ] Shader Program created.
2016-08-22 14:12:33:145[Process      ] ShaderProgram::Initialize()[13] successful!
2016-08-22 14:12:33:145[Debug        ] File [..\Data\shaders\lighting.vert.shader] Opened successfully! Buffer Length:[1145]
2016-08-22 14:12:33:145[cDebug       ] Shader file [..\Data\shaders\lighting.vert.shader] is too big to display contents.
2016-08-22 14:12:33:146[Debug        ]  ShaderProgram::AddShader() file with data was read in
2016-08-22 14:12:33:146[Debug        ] ShaderProgram::AddShader() : glShaderSource() successful
2016-08-22 14:12:33:147[Debug        ] ShaderProgram::AddShader() : glCompileShader() successful
2016-08-22 14:12:33:147[Info         ] ShaderProgram::CheckShaderCompileStatus(14) successful.
2016-08-22 14:12:33:147[Debug        ] ShaderProgram::AddShader() : glCompileShader() successful
2016-08-22 14:12:33:147[Info         ] ShaderInfo saved successfully.
2016-08-22 14:12:33:147[Debug        ] ShaderProgram::AddShader() : glAttachShader() successful
2016-08-22 14:12:33:147[Info         ] ShaderProgram::AddShader [14] successful.
2016-08-22 14:12:33:147[Debug        ] File [..\Data\shaders\lighting.frag.shader] Opened successfully! Buffer Length:[1743]
2016-08-22 14:12:33:147[cDebug       ] Shader file [..\Data\shaders\lighting.frag.shader] is too big to display contents.
2016-08-22 14:12:33:149[Debug        ]  ShaderProgram::AddShader() file with data was read in
2016-08-22 14:12:33:149[Debug        ] ShaderProgram::AddShader() : glShaderSource() successful
2016-08-22 14:12:33:149[Debug        ] ShaderProgram::AddShader() : glCompileShader() successful
2016-08-22 14:12:33:149[Info         ] ShaderProgram::CheckShaderCompileStatus(15) successful.
2016-08-22 14:12:33:149[Debug        ] ShaderProgram::AddShader() : glCompileShader() successful
2016-08-22 14:12:33:149[Info         ] ShaderInfo saved successfully.
2016-08-22 14:12:33:149[Debug        ] ShaderProgram::AddShader() : glAttachShader() successful
2016-08-22 14:12:33:149[Info         ] ShaderProgram::AddShader [15] successful.
2016-08-22 14:12:33:154[Info         ] CheckProgramStatus() successful!
2016-08-22 14:12:33:154[Info         ] CheckProgramStatus() successful!
2016-08-22 14:12:33:154[Info         ] Shader Init started
2016-08-22 14:12:33:154[Info         ] Shader Program created.
2016-08-22 14:12:33:154[Process      ] ShaderProgram::Initialize()[16] successful!
2016-08-22 14:12:33:154[Debug        ] File [..\Data\shaders\texlighting.vert.shader] Opened successfully! Buffer Length:[1110]
2016-08-22 14:12:33:154[cDebug       ] Shader file [..\Data\shaders\texlighting.vert.shader] is too big to display contents.
2016-08-22 14:12:33:156[Debug        ]  ShaderProgram::AddShader() file with data was read in
2016-08-22 14:12:33:156[Debug        ] ShaderProgram::AddShader() : glShaderSource() successful
2016-08-22 14:12:33:156[Debug        ] ShaderProgram::AddShader() : glCompileShader() successful
2016-08-22 14:12:33:156[Info         ] ShaderProgram::CheckShaderCompileStatus(17) successful.
2016-08-22 14:12:33:156[Debug        ] ShaderProgram::AddShader() : glCompileShader() successful
2016-08-22 14:12:33:156[Info         ] ShaderInfo saved successfully.
2016-08-22 14:12:33:157[Debug        ] ShaderProgram::AddShader() : glAttachShader() successful
2016-08-22 14:12:33:157[Info         ] ShaderProgram::AddShader [17] successful.
2016-08-22 14:12:33:157[Debug        ] File [..\Data\shaders\texlighting.frag.shader] Opened successfully! Buffer Length:[1717]
2016-08-22 14:12:33:157[cDebug       ] Shader file [..\Data\shaders\texlighting.frag.shader] is too big to display contents.
2016-08-22 14:12:33:158[Debug        ]  ShaderProgram::AddShader() file with data was read in
2016-08-22 14:12:33:158[Debug        ] ShaderProgram::AddShader() : glShaderSource() successful
2016-08-22 14:12:33:159[Debug        ] ShaderProgram::AddShader() : glCompileShader() successful
2016-08-22 14:12:33:159[Info         ] ShaderProgram::CheckShaderCompileStatus(18) successful.
2016-08-22 14:12:33:159[Debug        ] ShaderProgram::AddShader() : glCompileShader() successful
2016-08-22 14:12:33:159[Info         ] ShaderInfo saved successfully.
2016-08-22 14:12:33:159[Debug        ] ShaderProgram::AddShader() : glAttachShader() successful
2016-08-22 14:12:33:159[Info         ] ShaderProgram::AddShader [18] successful.
2016-08-22 14:12:33:162[Info         ] CheckProgramStatus() successful!
2016-08-22 14:12:33:162[Info         ] CheckProgramStatus() successful!
2016-08-22 14:12:33:162[Info         ] Shader Init started
2016-08-22 14:12:33:162[Info         ] Shader Program created.
2016-08-22 14:12:33:162[Process      ] ShaderProgram::Initialize()[19] successful!
2016-08-22 14:12:33:162[Debug        ] File [..\Data\shaders\water.vert.shader] Opened successfully! Buffer Length:[1400]
2016-08-22 14:12:33:162[cDebug       ] Shader file [..\Data\shaders\water.vert.shader] is too big to display contents.
2016-08-22 14:12:33:164[Debug        ]  ShaderProgram::AddShader() file with data was read in
2016-08-22 14:12:33:164[Debug        ] ShaderProgram::AddShader() : glShaderSource() successful
2016-08-22 14:12:33:164[Debug        ] ShaderProgram::AddShader() : glCompileShader() successful
2016-08-22 14:12:33:164[Info         ] ShaderProgram::CheckShaderCompileStatus(20) successful.
2016-08-22 14:12:33:164[Debug        ] ShaderProgram::AddShader() : glCompileShader() successful
2016-08-22 14:12:33:164[Info         ] ShaderInfo saved successfully.
2016-08-22 14:12:33:164[Debug        ] ShaderProgram::AddShader() : glAttachShader() successful
2016-08-22 14:12:33:164[Info         ] ShaderProgram::AddShader [20] successful.
2016-08-22 14:12:33:164[Debug        ] File [..\Data\shaders\water.frag.shader] Opened successfully! Buffer Length:[2455]
2016-08-22 14:12:33:164[cDebug       ] Shader file [..\Data\shaders\water.frag.shader] is too big to display contents.
2016-08-22 14:12:33:166[Debug        ]  ShaderProgram::AddShader() file with data was read in
2016-08-22 14:12:33:166[Debug        ] ShaderProgram::AddShader() : glShaderSource() successful
2016-08-22 14:12:33:166[Debug        ] ShaderProgram::AddShader() : glCompileShader() successful
2016-08-22 14:12:33:167[Info         ] ShaderProgram::CheckShaderCompileStatus(21) successful.
2016-08-22 14:12:33:167[Debug        ] ShaderProgram::AddShader() : glCompileShader() successful
2016-08-22 14:12:33:167[Info         ] ShaderInfo saved successfully.
2016-08-22 14:12:33:167[Debug        ] ShaderProgram::AddShader() : glAttachShader() successful
2016-08-22 14:12:33:167[Info         ] ShaderProgram::AddShader [21] successful.
2016-08-22 14:12:33:169[Info         ] CheckProgramStatus() successful!
2016-08-22 14:12:33:169[Info         ] CheckProgramStatus() successful!
2016-08-22 14:12:33:170[Info         ] GetAttribLocation [vPosition] successful.
2016-08-22 14:12:33:170[Info         ] GetUniformLocation [colorin] successful.
2016-08-22 14:12:33:170[Info         ] GetUniformLocation [MAT] successful.
2016-08-22 14:12:33:170[cProcess     ] RenderEngine::Initialize() successful.
2016-08-22 14:12:33:171[cInfo        ] 
-----------------------------------------------------------------------
 BufferInfo::CreateBuffers()[0] Created buffers:| VERTEX [1] with [80] bytes. || INDEX [2] with [24] bytes |
-----------------------------------------------------------------------

2016-08-22 14:12:33:176[cInfo        ] --------BufferInfo::AddMesh() Added mesh successfully-------
2016-08-22 14:12:33:177[cInfo        ] 
2016-08-22 14:12:33:177[cInfo        ] --------------------| START BUFFER MESH INFO |-------------------------------------
2016-08-22 14:12:33:179[cInfo        ] BufferInfo::AddMesh(): NUM VERTS-----------------[4]
2016-08-22 14:12:33:179[cInfo        ] BufferInfo::AddMesh(): NUM INDICES---------------[6]
2016-08-22 14:12:33:180[cInfo        ] BufferInfo::AddMesh(): VERT OFFSET---------------[0]
2016-08-22 14:12:33:182[cInfo        ] BufferInfo::AddMesh(): INDICES OFFSET (BYTES)----[0]
2016-08-22 14:12:33:183[cInfo        ] --------------------|  END BUFFER MESH INFO  |--------------------------------------
2016-08-22 14:12:33:184[cInfo        ] 

2016-08-22 14:12:33:186[cInfo        ] 
-----------------------------------------------------------------------
 BufferInfo::CreateBuffers()[0] Created buffers:| VERTEX [3] with [96] bytes. || INDEX [4] with [48] bytes |
-----------------------------------------------------------------------

2016-08-22 14:12:33:190[cInfo        ] --------BufferInfo::AddMesh() Added mesh successfully-------
2016-08-22 14:12:33:192[cInfo        ] 
2016-08-22 14:12:33:192[cInfo        ] --------------------| START BUFFER MESH INFO |-------------------------------------
2016-08-22 14:12:33:193[cInfo        ] BufferInfo::AddMesh(): NUM VERTS-----------------[8]
2016-08-22 14:12:33:194[cInfo        ] BufferInfo::AddMesh(): NUM INDICES---------------[24]
2016-08-22 14:12:33:195[cInfo        ] BufferInfo::AddMesh(): VERT OFFSET---------------[0]
2016-08-22 14:12:33:196[cInfo        ] BufferInfo::AddMesh(): INDICES OFFSET (BYTES)----[0]
2016-08-22 14:12:33:197[cInfo        ] --------------------|  END BUFFER MESH INFO  |--------------------------------------
2016-08-22 14:12:33:198[cInfo        ] 

2016-08-22 14:12:33:199[cInfo        ] 
-----------------------------------------------------------------------
 BufferInfo::CreateBuffers()[0] Created buffers:| VERTEX [5] with [864] bytes. || INDEX [6] with [0] bytes |
-----------------------------------------------------------------------

2016-08-22 14:12:33:205[cInfo        ] --------BufferInfo::AddMesh() Added mesh successfully-------
2016-08-22 14:12:33:206[cInfo        ] 
2016-08-22 14:12:33:207[cInfo        ] --------------------| START BUFFER MESH INFO |-------------------------------------
2016-08-22 14:12:33:208[cInfo        ] BufferInfo::AddMesh(): NUM VERTS-----------------[36]
2016-08-22 14:12:33:210[cInfo        ] BufferInfo::AddMesh(): NUM INDICES---------------[0]
2016-08-22 14:12:33:211[cInfo        ] BufferInfo::AddMesh(): VERT OFFSET---------------[0]
2016-08-22 14:12:33:213[cInfo        ] BufferInfo::AddMesh(): INDICES OFFSET (BYTES)----[0]
2016-08-22 14:12:33:214[cInfo        ] --------------------|  END BUFFER MESH INFO  |--------------------------------------
2016-08-22 14:12:33:215[cInfo        ] 

2016-08-22 14:12:33:215[cInfo        ] 
-----------------------------------------------------------------------
 BufferInfo::CreateBuffers()[0] Created buffers:| VERTEX [7] with [144] bytes. || INDEX [8] with [0] bytes |
-----------------------------------------------------------------------

2016-08-22 14:12:33:220[cInfo        ] --------BufferInfo::AddMesh() Added mesh successfully-------
2016-08-22 14:12:33:221[cInfo        ] 
2016-08-22 14:12:33:222[cInfo        ] --------------------| START BUFFER MESH INFO |-------------------------------------
2016-08-22 14:12:33:224[cInfo        ] BufferInfo::AddMesh(): NUM VERTS-----------------[6]
2016-08-22 14:12:33:224[cInfo        ] BufferInfo::AddMesh(): NUM INDICES---------------[0]
2016-08-22 14:12:33:225[cInfo        ] BufferInfo::AddMesh(): VERT OFFSET---------------[0]
2016-08-22 14:12:33:226[cInfo        ] BufferInfo::AddMesh(): INDICES OFFSET (BYTES)----[0]
2016-08-22 14:12:33:227[cInfo        ] --------------------|  END BUFFER MESH INFO  |--------------------------------------
2016-08-22 14:12:33:228[cInfo        ] 

2016-08-22 14:12:33:229[Process      ] BufferInfo::Initialize() successful.
2016-08-22 14:12:33:229[cInfo        ] 
-----------------------------------------------------------------------
 BufferInfo::CreateBuffers()[0] Created buffers:| VERTEX [9] with [1000000] bytes. || INDEX [10] with [1000000] bytes |
-----------------------------------------------------------------------

2016-08-22 14:12:33:234[cInfo        ] --------BufferInfo::AddMesh() Added mesh successfully-------
2016-08-22 14:12:33:236[cInfo        ] 
2016-08-22 14:12:33:236[cInfo        ] --------------------| START BUFFER MESH INFO |-------------------------------------
2016-08-22 14:12:33:237[cInfo        ] BufferInfo::AddMesh(): NUM VERTS-----------------[24]
2016-08-22 14:12:33:238[cInfo        ] BufferInfo::AddMesh(): NUM INDICES---------------[36]
2016-08-22 14:12:33:239[cInfo        ] BufferInfo::AddMesh(): VERT OFFSET---------------[0]
2016-08-22 14:12:33:240[cInfo        ] BufferInfo::AddMesh(): INDICES OFFSET (BYTES)----[0]
2016-08-22 14:12:33:242[cInfo        ] --------------------|  END BUFFER MESH INFO  |--------------------------------------
2016-08-22 14:12:33:243[cInfo        ] 

2016-08-22 14:12:33:244[Process      ] BufferInfo::Initialize() successful.
2016-08-22 14:12:33:245[cInfo        ] 
-----------------------------------------------------------------------
 BufferInfo::CreateBuffers()[1] Created buffers:| VERTEX [11] with [1000000] bytes. || INDEX [12] with [1000000] bytes |
-----------------------------------------------------------------------

2016-08-22 14:12:33:248[cInfo        ] --------BufferInfo::AddMesh() Added mesh successfully-------
2016-08-22 14:12:33:249[cInfo        ] 
2016-08-22 14:12:33:250[cInfo        ] --------------------| START BUFFER MESH INFO |-------------------------------------
2016-08-22 14:12:33:253[cInfo        ] BufferInfo::AddMesh(): NUM VERTS-----------------[1536]
2016-08-22 14:12:33:254[cInfo        ] BufferInfo::AddMesh(): NUM INDICES---------------[3072]
2016-08-22 14:12:33:255[cInfo        ] BufferInfo::AddMesh(): VERT OFFSET---------------[0]
2016-08-22 14:12:33:256[cInfo        ] BufferInfo::AddMesh(): INDICES OFFSET (BYTES)----[0]
2016-08-22 14:12:33:257[cInfo        ] --------------------|  END BUFFER MESH INFO  |--------------------------------------
2016-08-22 14:12:33:258[cInfo        ] 

2016-08-22 14:12:33:259[cInfo        ] 
-----------------------------------------------------------------------
 BufferInfo::CreateBuffers()[0] Created buffers:| VERTEX [13] with [3936] bytes. || INDEX [14] with [0] bytes |
-----------------------------------------------------------------------

2016-08-22 14:12:33:264[cInfo        ] --------BufferInfo::AddMesh() Added mesh successfully-------
2016-08-22 14:12:33:265[cInfo        ] 
2016-08-22 14:12:33:265[cInfo        ] --------------------| START BUFFER MESH INFO |-------------------------------------
2016-08-22 14:12:33:266[cInfo        ] BufferInfo::AddMesh(): NUM VERTS-----------------[164]
2016-08-22 14:12:33:267[cInfo        ] BufferInfo::AddMesh(): NUM INDICES---------------[0]
2016-08-22 14:12:33:268[cInfo        ] BufferInfo::AddMesh(): VERT OFFSET---------------[0]
2016-08-22 14:12:33:269[cInfo        ] BufferInfo::AddMesh(): INDICES OFFSET (BYTES)----[0]
2016-08-22 14:12:33:270[cInfo        ] --------------------|  END BUFFER MESH INFO  |--------------------------------------
2016-08-22 14:12:33:271[cInfo        ] 

2016-08-22 14:12:33:273[cProcess     ] ShapeGenerator initialized successfully.
2016-08-22 14:12:33:274[cProcess     ] Camera::Initialize() successful.
2016-08-22 14:12:33:274[cProcess     ] Keyboard::Initialize() successful
2016-08-22 14:12:33:275[cProcess     ] Keyboard::Initialize() successful
2016-08-22 14:12:33:288[cInfo        ] 
-----------------------------------------------------------------------
 BufferInfo::CreateBuffers()[0] Created buffers:| VERTEX [15] with [10810368] bytes. || INDEX [16] with [0] bytes |
-----------------------------------------------------------------------

2016-08-22 14:12:33:318[cInfo        ] --------BufferInfo::AddMesh() Added mesh successfully-------
2016-08-22 14:12:33:319[cInfo        ] 
2016-08-22 14:12:33:320[cInfo        ] --------------------| START BUFFER MESH INFO |-------------------------------------
2016-08-22 14:12:33:321[cInfo        ] BufferInfo::AddMesh(): NUM VERTS-----------------[337824]
2016-08-22 14:12:33:323[cInfo        ] BufferInfo::AddMesh(): NUM INDICES---------------[0]
2016-08-22 14:12:33:324[cInfo        ] BufferInfo::AddMesh(): VERT OFFSET---------------[0]
2016-08-22 14:12:33:325[cInfo        ] BufferInfo::AddMesh(): INDICES OFFSET (BYTES)----[0]
2016-08-22 14:12:33:328[cInfo        ] --------------------|  END BUFFER MESH INFO  |--------------------------------------
2016-08-22 14:12:33:330[cInfo        ] 

2016-08-22 14:12:33:363[Info         ] ShapeGenerator::ReadSceneFile(): Added new scene [..\Data\Scenes\Dargon.ptn.scene] successfully.
2016-08-22 14:12:33:363[cInfo        ] EntityManager::BuildPlayerEntity(): Built [Dargon] successfully
2016-08-22 14:12:33:367[Process      ] BufferInfo::Initialize() successful.
2016-08-22 14:12:33:374[cInfo        ] 
-----------------------------------------------------------------------
 BufferInfo::CreateBuffers()[2] Created buffers:| VERTEX [17] with [1000000] bytes. || INDEX [18] with [1000000] bytes |
-----------------------------------------------------------------------

2016-08-22 14:12:33:379[cInfo        ] --------BufferInfo::AddMesh() Added mesh successfully-------
2016-08-22 14:12:33:380[cInfo        ] 
2016-08-22 14:12:33:382[cInfo        ] --------------------| START BUFFER MESH INFO |-------------------------------------
2016-08-22 14:12:33:383[cInfo        ] BufferInfo::AddMesh(): NUM VERTS-----------------[36]
2016-08-22 14:12:33:384[cInfo        ] BufferInfo::AddMesh(): NUM INDICES---------------[0]
2016-08-22 14:12:33:385[cInfo        ] BufferInfo::AddMesh(): VERT OFFSET---------------[0]
2016-08-22 14:12:33:386[cInfo        ] BufferInfo::AddMesh(): INDICES OFFSET (BYTES)----[0]
2016-08-22 14:12:33:387[cInfo        ] --------------------|  END BUFFER MESH INFO  |--------------------------------------
2016-08-22 14:12:33:388[cInfo        ] 

2016-08-22 14:12:33:389[Info         ] ShapeGenerator::ReadSceneFile(): Added new scene [..\Data\Scenes\Cube.pn.scene] successfully.
2016-08-22 14:12:33:389[Process      ] BufferInfo::Initialize() successful.
2016-08-22 14:12:33:389[cInfo        ] 
-----------------------------------------------------------------------
 BufferInfo::CreateBuffers()[3] Created buffers:| VERTEX [19] with [1000000] bytes. || INDEX [20] with [1000000] bytes |
-----------------------------------------------------------------------

2016-08-22 14:12:33:395[cInfo        ] --------BufferInfo::AddMesh() Added mesh successfully-------
2016-08-22 14:12:33:396[cInfo        ] 
2016-08-22 14:12:33:396[cInfo        ] --------------------| START BUFFER MESH INFO |-------------------------------------
2016-08-22 14:12:33:397[cInfo        ] BufferInfo::AddMesh(): NUM VERTS-----------------[8718]
2016-08-22 14:12:33:398[cInfo        ] BufferInfo::AddMesh(): NUM INDICES---------------[0]
2016-08-22 14:12:33:399[cInfo        ] BufferInfo::AddMesh(): VERT OFFSET---------------[0]
2016-08-22 14:12:33:400[cInfo        ] BufferInfo::AddMesh(): INDICES OFFSET (BYTES)----[0]
2016-08-22 14:12:33:402[cInfo        ] --------------------|  END BUFFER MESH INFO  |--------------------------------------
2016-08-22 14:12:33:403[cInfo        ] 

2016-08-22 14:12:33:406[Info         ] ShapeGenerator::ReadSceneFile(): Added new scene [..\Data\Scenes\AIWorld.ptn.scene] successfully.
2016-08-22 14:12:33:406[cInfo        ] --------BufferInfo::AddMesh() Added mesh successfully-------
2016-08-22 14:12:33:408[cInfo        ] 
2016-08-22 14:12:33:408[cInfo        ] --------------------| START BUFFER MESH INFO |-------------------------------------
2016-08-22 14:12:33:409[cInfo        ] BufferInfo::AddMesh(): NUM VERTS-----------------[18]
2016-08-22 14:12:33:410[cInfo        ] BufferInfo::AddMesh(): NUM INDICES---------------[0]
2016-08-22 14:12:33:412[cInfo        ] BufferInfo::AddMesh(): VERT OFFSET---------------[36]
2016-08-22 14:12:33:413[cInfo        ] BufferInfo::AddMesh(): INDICES OFFSET (BYTES)----[0]
2016-08-22 14:12:33:414[cInfo        ] --------------------|  END BUFFER MESH INFO  |--------------------------------------
2016-08-22 14:12:33:415[cInfo        ] 

2016-08-22 14:12:33:415[Info         ] ShapeGenerator::ReadSceneFile(): Added new scene [..\Data\Scenes\Pyramid.pn.scene] successfully.
2016-08-22 14:12:33:422[cInfo        ] 
-----------------------------------------------------------------------
 BufferInfo::CreateBuffers()[0] Created buffers:| VERTEX [21] with [5529600] bytes. || INDEX [22] with [0] bytes |
-----------------------------------------------------------------------

2016-08-22 14:12:33:444[cInfo        ] --------BufferInfo::AddMesh() Added mesh successfully-------
2016-08-22 14:12:33:445[cInfo        ] 
2016-08-22 14:12:33:445[cInfo        ] --------------------| START BUFFER MESH INFO |-------------------------------------
2016-08-22 14:12:33:447[cInfo        ] BufferInfo::AddMesh(): NUM VERTS-----------------[172800]
2016-08-22 14:12:33:448[cInfo        ] BufferInfo::AddMesh(): NUM INDICES---------------[0]
2016-08-22 14:12:33:450[cInfo        ] BufferInfo::AddMesh(): VERT OFFSET---------------[0]
2016-08-22 14:12:33:451[cInfo        ] BufferInfo::AddMesh(): INDICES OFFSET (BYTES)----[0]
2016-08-22 14:12:33:454[cInfo        ] --------------------|  END BUFFER MESH INFO  |--------------------------------------
2016-08-22 14:12:33:455[cInfo        ] 

2016-08-22 14:12:33:456[Info         ] ShapeGenerator::ReadSceneFile(): Added new scene [..\Data\Scenes\WaterPlane.ptn.scene] successfully.
2016-08-22 14:12:33:457[cProcess     ] Camera::Initialize() successful.
2016-08-22 14:12:33:459[cInfo        ] --------BufferInfo::AddMesh() Added mesh successfully-------
2016-08-22 14:12:33:460[cInfo        ] 
2016-08-22 14:12:33:460[cInfo        ] --------------------| START BUFFER MESH INFO |-------------------------------------
2016-08-22 14:12:33:463[cInfo        ] BufferInfo::AddMesh(): NUM VERTS-----------------[3180]
2016-08-22 14:12:33:464[cInfo        ] BufferInfo::AddMesh(): NUM INDICES---------------[0]
2016-08-22 14:12:33:465[cInfo        ] BufferInfo::AddMesh(): VERT OFFSET---------------[36]
2016-08-22 14:12:33:467[cInfo        ] BufferInfo::AddMesh(): INDICES OFFSET (BYTES)----[0]
2016-08-22 14:12:33:468[cInfo        ] --------------------|  END BUFFER MESH INFO  |--------------------------------------
2016-08-22 14:12:33:469[cInfo        ] 

2016-08-22 14:12:33:470[Info         ] ShapeGenerator::ReadSceneFile(): Added new scene [..\Data\Scenes\Cat.pn.scene] successfully.
2016-08-22 14:12:33:470[cInfo        ] --------BufferInfo::AddMesh() Added mesh successfully-------
2016-08-22 14:12:33:471[cInfo        ] 
2016-08-22 14:12:33:471[cInfo        ] --------------------| START BUFFER MESH INFO |-------------------------------------
2016-08-22 14:12:33:474[cInfo        ] BufferInfo::AddMesh(): NUM VERTS-----------------[6]
2016-08-22 14:12:33:475[cInfo        ] BufferInfo::AddMesh(): NUM INDICES---------------[0]
2016-08-22 14:12:33:475[cInfo        ] BufferInfo::AddMesh(): VERT OFFSET---------------[54]
2016-08-22 14:12:33:476[cInfo        ] BufferInfo::AddMesh(): INDICES OFFSET (BYTES)----[0]
2016-08-22 14:12:33:478[cInfo        ] --------------------|  END BUFFER MESH INFO  |--------------------------------------
2016-08-22 14:12:33:479[cInfo        ] 

2016-08-22 14:12:33:480[cProcess     ] BodaciousQuest::Initialize() successful.
2016-08-22 14:12:33:481[Process      ] GameTime::Initialize() ok

2016-08-22 14:12:33:481[cProcess     ] MyWindow::Initialize() successful!
2016-08-22 14:12:51:227[cProcess     ] BufferManager::Shutdown() successful.
2016-08-22 14:12:51:228[cProcess     ] RenderEngine::Shutdown() successful.
2016-08-22 14:12:51:230[cProcess     ] Camera::Shutdown() successful.
2016-08-22 14:12:51:231[Info         ] Shader  [2] deleting...
2016-08-22 14:12:51:231[Info         ] Shader  [2] deleted successfully.
2016-08-22 14:12:51:231[Info         ] Shader  [3] deleting...
2016-08-22 14:12:51:231[Info         ] Shader  [3] deleted successfully.
2016-08-22 14:12:51:231[Info         ] All shaders deleted successfully.
2016-08-22 14:12:51:231[cInfo        ] Program [1] deleted successfully.
2016-08-22 14:12:51:232[Process      ] ShaderProgram[1]::Shutdown successful!
2016-08-22 14:12:51:232[Info         ] Shader  [5] deleting...
2016-08-22 14:12:51:232[Info         ] Shader  [5] deleted successfully.
2016-08-22 14:12:51:232[Info         ] Shader  [6] deleting...
2016-08-22 14:12:51:232[Info         ] Shader  [6] deleted successfully.
2016-08-22 14:12:51:232[Info         ] All shaders deleted successfully.
2016-08-22 14:12:51:232[cInfo        ] Program [4] deleted successfully.
2016-08-22 14:12:51:233[Process      ] ShaderProgram[4]::Shutdown successful!
2016-08-22 14:12:51:233[Info         ] Shader  [8] deleting...
2016-08-22 14:12:51:233[Info         ] Shader  [8] deleted successfully.
2016-08-22 14:12:51:233[Info         ] Shader  [9] deleting...
2016-08-22 14:12:51:233[Info         ] Shader  [9] deleted successfully.
2016-08-22 14:12:51:233[Info         ] All shaders deleted successfully.
2016-08-22 14:12:51:233[cInfo        ] Program [7] deleted successfully.
2016-08-22 14:12:51:234[Process      ] ShaderProgram[7]::Shutdown successful!
2016-08-22 14:12:51:234[Info         ] Shader  [11] deleting...
2016-08-22 14:12:51:234[Info         ] Shader  [11] deleted successfully.
2016-08-22 14:12:51:234[Info         ] Shader  [12] deleting...
2016-08-22 14:12:51:234[Info         ] Shader  [12] deleted successfully.
2016-08-22 14:12:51:234[Info         ] All shaders deleted successfully.
2016-08-22 14:12:51:234[cInfo        ] Program [10] deleted successfully.
2016-08-22 14:12:51:234[Process      ] ShaderProgram[10]::Shutdown successful!
2016-08-22 14:12:51:235[Info         ] Shader  [14] deleting...
2016-08-22 14:12:51:235[Info         ] Shader  [14] deleted successfully.
2016-08-22 14:12:51:235[Info         ] Shader  [15] deleting...
2016-08-22 14:12:51:235[Info         ] Shader  [15] deleted successfully.
2016-08-22 14:12:51:235[Info         ] All shaders deleted successfully.
2016-08-22 14:12:51:235[cInfo        ] Program [13] deleted successfully.
2016-08-22 14:12:51:235[Process      ] ShaderProgram[13]::Shutdown successful!
2016-08-22 14:12:51:236[Info         ] Shader  [17] deleting...
2016-08-22 14:12:51:236[Info         ] Shader  [17] deleted successfully.
2016-08-22 14:12:51:236[Info         ] Shader  [18] deleting...
2016-08-22 14:12:51:236[Info         ] Shader  [18] deleted successfully.
2016-08-22 14:12:51:236[Info         ] All shaders deleted successfully.
2016-08-22 14:12:51:236[cInfo        ] Program [16] deleted successfully.
2016-08-22 14:12:51:238[Process      ] ShaderProgram[16]::Shutdown successful!
2016-08-22 14:12:51:238[Info         ] Shader  [20] deleting...
2016-08-22 14:12:51:238[Info         ] Shader  [20] deleted successfully.
2016-08-22 14:12:51:238[Info         ] Shader  [21] deleting...
2016-08-22 14:12:51:238[Info         ] Shader  [21] deleted successfully.
2016-08-22 14:12:51:238[Info         ] All shaders deleted successfully.
2016-08-22 14:12:51:238[cInfo        ] Program [19] deleted successfully.
2016-08-22 14:12:51:239[Process      ] ShaderProgram[19]::Shutdown successful!
2016-08-22 14:12:51:239[cProcess     ] MyWindow::Shutdown() successful!
2016-08-22 14:12:51:240[cProcess     ] BodaciousQuest::Shutdown() successful.
2016-08-22 14:12:51:251[Process      ] ConfigReader shut down successfully
2016-08-22 14:12:51:251[Process      ] GameLogger::ShutDown() successful
