2016-08-21 13:44:04:358[Process      ] GameLogger::Initialize() opened log file [..\Data\LogFiles\2016-08-21 13-44-04.BodaciousQuest.log] for writing
2016-08-21 13:44:04:358[Info         ] GameLogger::Initialize() successful
2016-08-21 13:44:04:358[Process      ] ConfigReader opened [..\Data\BodaciousQuest.config] successfully
2016-08-21 13:44:04:358[Info         ] ConfigReader initialized successfully
2016-08-21 13:44:04:358[Info         ] Valid KVP [BodaciousQuest.ShowFullScreen] [false] added
2016-08-21 13:44:04:358[Info         ] Valid KVP [BodaciousQuest.FpsInterval] [5.0] added
2016-08-21 13:44:04:359[Info         ] Valid KVP [BodaciousQuest.EnableControls] [true] added
2016-08-21 13:44:04:359[Info         ] Valid KVP [BodaciousQuest.LoadCubeFirst] [true] added
2016-08-21 13:44:04:359[Info         ] Valid KVP [BodaciousQuest.CameraWalkMode] [false] added
2016-08-21 13:44:04:359[Info         ] Valid KVP [BodaciousQuest.GridSize] [40] added
2016-08-21 13:44:04:359[Info         ] Valid KVP [BodaciousQuest.LightingTest.Ambient.Color] [1.0  1.0  1.0] added
2016-08-21 13:44:04:359[Info         ] Valid KVP [BodaciousQuest.LightingTest.Diffuse.Color] [1.0  1.0  1.0] added
2016-08-21 13:44:04:359[Info         ] Valid KVP [BodaciousQuest.LightingTest.Specular.Color] [0.0  0.0  0.0] added
2016-08-21 13:44:04:359[Info         ] Valid KVP [BodaciousQuest.LightingTest.Ambient.Reflectivity] [0.01] added
2016-08-21 13:44:04:359[Info         ] Valid KVP [BodaciousQuest.LightingTest.Diffuse.Reflectivity] [0.8] added
2016-08-21 13:44:04:359[Info         ] Valid KVP [BodaciousQuest.LightingTest.Specular.Reflectivity] [0.5] added
2016-08-21 13:44:04:359[Info         ] Valid KVP [BodaciousQuest.LightingTest.Specular.Shininess] [1.0] added
2016-08-21 13:44:04:359[Info         ] Valid KVP [BodaciousQuest.LightingTest.Falloff.A] [1.0] added
2016-08-21 13:44:04:359[Info         ] Valid KVP [BodaciousQuest.LightingTest.Falloff.B] [0.01] added
2016-08-21 13:44:04:359[Info         ] Valid KVP [BodaciousQuest.LightingTest.Falloff.C] [0.0001] added
2016-08-21 13:44:04:359[Info         ] Valid KVP [BodaciousQuest.LightingTest.Directional] [false] added
2016-08-21 13:44:04:359[Info         ] Valid KVP [BodaciousQuest.LightingTest.Direction] [-1.0 0.0 1.0] added
2016-08-21 13:44:04:359[Info         ] Valid KVP [BodaciousQuest.LightingTest.Light.Position] [-0.875458 3.673020 1.043331] added
2016-08-21 13:44:04:359[Info         ] Valid KVP [BodaciousQuest.LightingTest.Dargon.Color] [1.0 1.0 0.4] added
2016-08-21 13:44:04:359[Info         ] Valid KVP [ObjConverter.Mode.VertexType] [pn] added
2016-08-21 13:44:04:359[Info         ] Valid KVP [ObjConverter.Mode.Analyze] [false] added
2016-08-21 13:44:04:359[Info         ] Valid KVP [ObjConverter.Model] [Dargon] added
2016-08-21 13:44:04:360[Info         ] Valid KVP [ObjConverter.Shader] [4] added
2016-08-21 13:44:04:360[Info         ] Valid KVP [ObjConverter.Color] [random] added
2016-08-21 13:44:04:360[Info         ] Valid KVP [ObjConverter.Obj.InputFileFolder] [..\\Data\\Objs\\] added
2016-08-21 13:44:04:360[Info         ] Valid KVP [ObjConverter.Scene.OutputFileFolder] [..\\Data\\Scenes\\] added
2016-08-21 13:44:04:360[Info         ] Valid KVP [ObjConverter.Model.Dargon.NumVerts] [57967] added
2016-08-21 13:44:04:360[Info         ] Valid KVP [ObjConverter.Model.Dargon.NumIndices] [337824] added
2016-08-21 13:44:04:360[Info         ] Valid KVP [ObjConverter.Model.Dargon.NumTexCoords] [60175] added
2016-08-21 13:44:04:360[Info         ] Valid KVP [ObjConverter.Model.Dargon.NumNormals] [337824] added
2016-08-21 13:44:04:360[Info         ] Valid KVP [ObjConverter.Model.Swamp.NumVerts] [2735] added
2016-08-21 13:44:04:360[Info         ] Valid KVP [ObjConverter.Model.Swamp.NumIndices] [8556] added
2016-08-21 13:44:04:360[Info         ] Valid KVP [ObjConverter.Model.Swamp.NumTexCoords] [3622] added
2016-08-21 13:44:04:360[Info         ] Valid KVP [ObjConverter.Model.Swamp.NumNormals] [5156] added
2016-08-21 13:44:04:360[Info         ] Valid KVP [ObjConverter.Model.Pyramid.NumVerts] [5] added
2016-08-21 13:44:04:360[Info         ] Valid KVP [ObjConverter.Model.Pyramid.NumIndices] [18] added
2016-08-21 13:44:04:360[Info         ] Valid KVP [ObjConverter.Model.Pyramid.NumTexCoords] [10] added
2016-08-21 13:44:04:360[Info         ] Valid KVP [ObjConverter.Model.Pyramid.NumNormals] [16] added
2016-08-21 13:44:04:360[Info         ] Valid KVP [ObjConverter.Model.AIWorld.NumVerts] [1957] added
2016-08-21 13:44:04:360[Info         ] Valid KVP [ObjConverter.Model.AIWorld.NumIndices] [8718] added
2016-08-21 13:44:04:360[Info         ] Valid KVP [ObjConverter.Model.AIWorld.NumTexCoords] [4186] added
2016-08-21 13:44:04:360[Info         ] Valid KVP [ObjConverter.Model.AIWorld.NumNormals] [5418] added
2016-08-21 13:44:04:360[Info         ] Valid KVP [ObjConverter.Model.GameWeapon.NumVerts] [2068] added
2016-08-21 13:44:04:360[Info         ] Valid KVP [ObjConverter.Model.GameWeapon.NumIndices] [9894] added
2016-08-21 13:44:04:361[Info         ] Valid KVP [ObjConverter.Model.GameWeapon.NumTexCoords] [0] added
2016-08-21 13:44:04:361[Info         ] Valid KVP [ObjConverter.Model.GameWeapon.NumNormals] [0] added
2016-08-21 13:44:04:361[Info         ] Valid KVP [ObjConverter.Model.Chicken.NumVerts] [224] added
2016-08-21 13:44:04:361[Info         ] Valid KVP [ObjConverter.Model.Chicken.NumIndices] [1374] added
2016-08-21 13:44:04:361[Info         ] Valid KVP [ObjConverter.Model.Chicken.NumTexCoords] [472] added
2016-08-21 13:44:04:361[Info         ] Valid KVP [ObjConverter.Model.Chicken.NumNormals] [565] added
2016-08-21 13:44:04:361[Info         ] Valid KVP [ObjConverter.Model.WaterPlane.NumVerts] [29282] added
2016-08-21 13:44:04:361[Info         ] Valid KVP [ObjConverter.Model.WaterPlane.NumIndices] [172800] added
2016-08-21 13:44:04:361[Info         ] Valid KVP [ObjConverter.Model.WaterPlane.NumTexCoords] [29282] added
2016-08-21 13:44:04:361[Info         ] Valid KVP [ObjConverter.Model.WaterPlane.NumNormals] [172800] added
2016-08-21 13:44:04:361[Info         ] Valid KVP [ObjConverter.Model.Cube.NumVerts] [8] added
2016-08-21 13:44:04:361[Info         ] Valid KVP [ObjConverter.Model.Cube.NumIndices] [36] added
2016-08-21 13:44:04:361[Info         ] Valid KVP [ObjConverter.Model.Cube.NumTexCoords] [14] added
2016-08-21 13:44:04:361[Info         ] Valid KVP [ObjConverter.Model.Cube.NumNormals] [24] added
2016-08-21 13:44:04:361[Info         ] Valid KVP [ObjConverter.Model.Barrel.NumVerts] [172] added
2016-08-21 13:44:04:361[Info         ] Valid KVP [ObjConverter.Model.Barrel.NumIndices] [1008] added
2016-08-21 13:44:04:361[Info         ] Valid KVP [ObjConverter.Model.Barrel.NumTexCoords] [328] added
2016-08-21 13:44:04:361[Info         ] Valid KVP [ObjConverter.Model.Barrel.NumNormals] [204] added
2016-08-21 13:44:04:361[Info         ] Valid KVP [ObjConverter.Model.SkyBox.NumVerts] [8] added
2016-08-21 13:44:04:361[Info         ] Valid KVP [ObjConverter.Model.SkyBox.NumIndices] [36] added
2016-08-21 13:44:04:361[Info         ] Valid KVP [ObjConverter.Model.SkyBox.NumTexCoords] [18] added
2016-08-21 13:44:04:362[Info         ] Valid KVP [ObjConverter.Model.SkyBox.NumNormals] [24] added
2016-08-21 13:44:04:432[cInfo        ] Config reader opened [..\Data\BodaciousQuest.config] for reading!
2016-08-21 13:44:04:496[Process      ] ShaderManager Initialized successfully
2016-08-21 13:44:04:496[Info         ] Shader Init started
2016-08-21 13:44:04:496[Info         ] Shader Program created.
2016-08-21 13:44:04:496[Process      ] ShaderProgram::Initialize()[1] successful!
2016-08-21 13:44:04:496[Debug        ] File [..\Data\shaders\debug.vert.shader] Opened successfully! Buffer Length:[291]
2016-08-21 13:44:04:496[Debug        ] Shader file [..\Data\shaders\debug.vert.shader] contents:
//BEGIN
#version 430 core

layout(location = 0)  in vec3 vPosition;

layout(location = 15) uniform vec3 colorin;
layout(location = 16) uniform mat4 MAT;

out vec4 color;

void main()
{
	vec4 vertPos = vec4(vPosition, 1.0);
	gl_Position = MAT *  vertPos;
	color = vec4(colorin, 1.0);
}
//END

2016-08-21 13:44:04:497[Debug        ]  ShaderProgram::AddShader() file with data was read in
2016-08-21 13:44:04:497[Debug        ] ShaderProgram::AddShader() : glShaderSource() successful
2016-08-21 13:44:04:498[Debug        ] ShaderProgram::AddShader() : glCompileShader() successful
2016-08-21 13:44:04:498[Info         ] ShaderProgram::CheckShaderCompileStatus(2) successful.
2016-08-21 13:44:04:498[Debug        ] ShaderProgram::AddShader() : glCompileShader() successful
2016-08-21 13:44:04:498[Info         ] ShaderInfo saved successfully.
2016-08-21 13:44:04:498[Debug        ] ShaderProgram::AddShader() : glAttachShader() successful
2016-08-21 13:44:04:498[Info         ] ShaderProgram::AddShader [2] successful.
2016-08-21 13:44:04:499[Debug        ] File [..\Data\shaders\debug.frag.shader] Opened successfully! Buffer Length:[104]
2016-08-21 13:44:04:499[Debug        ] Shader file [..\Data\shaders\debug.frag.shader] contents:
//BEGIN
#version 430 core


in  vec4 color;
out vec4 outColor;

void main()
{
	outColor = color;
}


//END

2016-08-21 13:44:04:499[Debug        ]  ShaderProgram::AddShader() file with data was read in
2016-08-21 13:44:04:499[Debug        ] ShaderProgram::AddShader() : glShaderSource() successful
2016-08-21 13:44:04:500[Debug        ] ShaderProgram::AddShader() : glCompileShader() successful
2016-08-21 13:44:04:500[Info         ] ShaderProgram::CheckShaderCompileStatus(3) successful.
2016-08-21 13:44:04:500[Debug        ] ShaderProgram::AddShader() : glCompileShader() successful
2016-08-21 13:44:04:500[Info         ] ShaderInfo saved successfully.
2016-08-21 13:44:04:500[Debug        ] ShaderProgram::AddShader() : glAttachShader() successful
2016-08-21 13:44:04:500[Info         ] ShaderProgram::AddShader [3] successful.
2016-08-21 13:44:04:504[Info         ] CheckProgramStatus() successful!
2016-08-21 13:44:04:506[Info         ] CheckProgramStatus() successful!
2016-08-21 13:44:04:506[Info         ] Shader Init started
2016-08-21 13:44:04:506[Info         ] Shader Program created.
2016-08-21 13:44:04:506[Process      ] ShaderProgram::Initialize()[4] successful!
2016-08-21 13:44:04:506[Debug        ] File [..\Data\shaders\play.vert.shader] Opened successfully! Buffer Length:[343]
2016-08-21 13:44:04:506[Debug        ] Shader file [..\Data\shaders\play.vert.shader] contents:
//BEGIN
#version 430 core

layout (location = 0)  in vec3 vPosition;
layout (location = 1)  in vec3 vColor;
layout (location = 15) uniform vec3 colorin;
layout (location = 16) uniform mat4 MAT;

out vec4 color;

void main()
{
	vec4 vertPos = vec4(vPosition, 1.0);
	gl_Position = MAT *  vertPos;
	color = vec4((vColor + colorin), 1.0);
}
//END

2016-08-21 13:44:04:506[Debug        ]  ShaderProgram::AddShader() file with data was read in
2016-08-21 13:44:04:506[Debug        ] ShaderProgram::AddShader() : glShaderSource() successful
2016-08-21 13:44:04:506[Debug        ] ShaderProgram::AddShader() : glCompileShader() successful
2016-08-21 13:44:04:507[Info         ] ShaderProgram::CheckShaderCompileStatus(5) successful.
2016-08-21 13:44:04:507[Debug        ] ShaderProgram::AddShader() : glCompileShader() successful
2016-08-21 13:44:04:507[Info         ] ShaderInfo saved successfully.
2016-08-21 13:44:04:507[Debug        ] ShaderProgram::AddShader() : glAttachShader() successful
2016-08-21 13:44:04:507[Info         ] ShaderProgram::AddShader [5] successful.
2016-08-21 13:44:04:507[Debug        ] File [..\Data\shaders\play.frag.shader] Opened successfully! Buffer Length:[391]
2016-08-21 13:44:04:507[Debug        ] Shader file [..\Data\shaders\play.frag.shader] contents:
//BEGIN
#version 430 core


in  vec4 color;
out vec4 outColor;

void main()
{

	//if (color.r < .7) discard;
	outColor = color;

	//if(((gl_FragCoord.x  > 600)&& (gl_FragCoord.y < 300)) || ((gl_FragCoord.y < 300)  && (gl_FragCoord.x  < 600) )) {
	//discard;
	//}

	//vec2 scrPos = vec2(gl_FragCoord) - vec2(350,150);
	//float len =  length(scrPos);
	//if(len < 50 )discard;
}


//END

2016-08-21 13:44:04:507[Debug        ]  ShaderProgram::AddShader() file with data was read in
2016-08-21 13:44:04:507[Debug        ] ShaderProgram::AddShader() : glShaderSource() successful
2016-08-21 13:44:04:507[Debug        ] ShaderProgram::AddShader() : glCompileShader() successful
2016-08-21 13:44:04:507[Info         ] ShaderProgram::CheckShaderCompileStatus(6) successful.
2016-08-21 13:44:04:507[Debug        ] ShaderProgram::AddShader() : glCompileShader() successful
2016-08-21 13:44:04:507[Info         ] ShaderInfo saved successfully.
2016-08-21 13:44:04:507[Debug        ] ShaderProgram::AddShader() : glAttachShader() successful
2016-08-21 13:44:04:507[Info         ] ShaderProgram::AddShader [6] successful.
2016-08-21 13:44:04:509[Info         ] CheckProgramStatus() successful!
2016-08-21 13:44:04:510[Info         ] CheckProgramStatus() successful!
2016-08-21 13:44:04:510[Info         ] Shader Init started
2016-08-21 13:44:04:510[Info         ] Shader Program created.
2016-08-21 13:44:04:510[Process      ] ShaderProgram::Initialize()[7] successful!
2016-08-21 13:44:04:510[Debug        ] File [..\Data\shaders\texture.vert.shader] Opened successfully! Buffer Length:[305]
2016-08-21 13:44:04:510[Debug        ] Shader file [..\Data\shaders\texture.vert.shader] contents:
//BEGIN
#version 430 core

layout (location = 0)  in vec3 vPosition;
layout (location = 1)  in vec2 vUV;

layout (location = 16) uniform mat4 MAT;

//out data
out vec2 UV;

//out vec4 color;

void main()
{
	vec4 vertPos = vec4(vPosition, 1.0);
	gl_Position = MAT *  vertPos;

	UV = vUV;
	
	
}
//END

2016-08-21 13:44:04:510[Debug        ]  ShaderProgram::AddShader() file with data was read in
2016-08-21 13:44:04:510[Debug        ] ShaderProgram::AddShader() : glShaderSource() successful
2016-08-21 13:44:04:511[Debug        ] ShaderProgram::AddShader() : glCompileShader() successful
2016-08-21 13:44:04:511[Info         ] ShaderProgram::CheckShaderCompileStatus(8) successful.
2016-08-21 13:44:04:511[Debug        ] ShaderProgram::AddShader() : glCompileShader() successful
2016-08-21 13:44:04:511[Info         ] ShaderInfo saved successfully.
2016-08-21 13:44:04:511[Debug        ] ShaderProgram::AddShader() : glAttachShader() successful
2016-08-21 13:44:04:511[Info         ] ShaderProgram::AddShader [8] successful.
2016-08-21 13:44:04:511[Debug        ] File [..\Data\shaders\texture.frag.shader] Opened successfully! Buffer Length:[482]
2016-08-21 13:44:04:511[Debug        ] Shader file [..\Data\shaders\texture.frag.shader] contents:
//BEGIN
#version 430 core


in  vec2 UV;
out vec4 outColor;

layout(location = 20) uniform sampler2D textureSampler;

void main()
{

	//if (color.r < .7) discard;
	outColor = vec4(texture(textureSampler, UV).rgb, 1.0);

	//if(((gl_FragCoord.x  > 600)&& (gl_FragCoord.y < 300)) || ((gl_FragCoord.y < 300)  && (gl_FragCoord.x  < 600) )) {
	//discard;
	//}
	//vec2 scrPos = vec2(gl_FragCoord) - vec2(350,150);
	//float len =  length(scrPos);
	//if(len < 50 )discard;
}


//END

2016-08-21 13:44:04:511[Debug        ]  ShaderProgram::AddShader() file with data was read in
2016-08-21 13:44:04:511[Debug        ] ShaderProgram::AddShader() : glShaderSource() successful
2016-08-21 13:44:04:512[Debug        ] ShaderProgram::AddShader() : glCompileShader() successful
2016-08-21 13:44:04:512[Info         ] ShaderProgram::CheckShaderCompileStatus(9) successful.
2016-08-21 13:44:04:512[Debug        ] ShaderProgram::AddShader() : glCompileShader() successful
2016-08-21 13:44:04:512[Info         ] ShaderInfo saved successfully.
2016-08-21 13:44:04:512[Debug        ] ShaderProgram::AddShader() : glAttachShader() successful
2016-08-21 13:44:04:512[Info         ] ShaderProgram::AddShader [9] successful.
2016-08-21 13:44:04:513[Info         ] CheckProgramStatus() successful!
2016-08-21 13:44:04:513[Info         ] CheckProgramStatus() successful!
2016-08-21 13:44:04:513[Info         ] Shader Init started
2016-08-21 13:44:04:513[Info         ] Shader Program created.
2016-08-21 13:44:04:513[Process      ] ShaderProgram::Initialize()[10] successful!
2016-08-21 13:44:04:514[Debug        ] File [..\Data\shaders\framebuffer.vert.shader] Opened successfully! Buffer Length:[305]
2016-08-21 13:44:04:514[Debug        ] Shader file [..\Data\shaders\framebuffer.vert.shader] contents:
//BEGIN
#version 430 core

layout (location = 0)  in vec3 vPosition;
layout (location = 1)  in vec2 vUV;

layout (location = 16) uniform mat4 MAT;

//out data
out vec2 UV;

//out vec4 color;

void main()
{
	vec4 vertPos = vec4(vPosition, 1.0);
	gl_Position = MAT *  vertPos;

	UV = vUV;
	
	
}
//END

2016-08-21 13:44:04:514[Debug        ]  ShaderProgram::AddShader() file with data was read in
2016-08-21 13:44:04:514[Debug        ] ShaderProgram::AddShader() : glShaderSource() successful
2016-08-21 13:44:04:514[Debug        ] ShaderProgram::AddShader() : glCompileShader() successful
2016-08-21 13:44:04:514[Info         ] ShaderProgram::CheckShaderCompileStatus(11) successful.
2016-08-21 13:44:04:514[Debug        ] ShaderProgram::AddShader() : glCompileShader() successful
2016-08-21 13:44:04:514[Info         ] ShaderInfo saved successfully.
2016-08-21 13:44:04:514[Debug        ] ShaderProgram::AddShader() : glAttachShader() successful
2016-08-21 13:44:04:514[Info         ] ShaderProgram::AddShader [11] successful.
2016-08-21 13:44:04:514[Debug        ] File [..\Data\shaders\framebuffer.frag.shader] Opened successfully! Buffer Length:[275]
2016-08-21 13:44:04:514[Debug        ] Shader file [..\Data\shaders\framebuffer.frag.shader] contents:
//BEGIN
#version 430 core


in  vec2 UV;
out vec4 outColor;

layout(location = 20) uniform sampler2D textureSampler;

void main()
{


	vec3 tempCol = texture(textureSampler, UV).rgb;

	outColor = vec4(tempCol.r / 1.5f, tempCol.g / 1.5f, tempCol.b / 1.5f, 1.0f);
}


//END

2016-08-21 13:44:04:514[Debug        ]  ShaderProgram::AddShader() file with data was read in
2016-08-21 13:44:04:514[Debug        ] ShaderProgram::AddShader() : glShaderSource() successful
2016-08-21 13:44:04:515[Debug        ] ShaderProgram::AddShader() : glCompileShader() successful
2016-08-21 13:44:04:515[Info         ] ShaderProgram::CheckShaderCompileStatus(12) successful.
2016-08-21 13:44:04:515[Debug        ] ShaderProgram::AddShader() : glCompileShader() successful
2016-08-21 13:44:04:515[Info         ] ShaderInfo saved successfully.
2016-08-21 13:44:04:515[Debug        ] ShaderProgram::AddShader() : glAttachShader() successful
2016-08-21 13:44:04:515[Info         ] ShaderProgram::AddShader [12] successful.
2016-08-21 13:44:04:517[Info         ] CheckProgramStatus() successful!
2016-08-21 13:44:04:517[Info         ] CheckProgramStatus() successful!
2016-08-21 13:44:04:517[Info         ] Shader Init started
2016-08-21 13:44:04:517[Info         ] Shader Program created.
2016-08-21 13:44:04:517[Process      ] ShaderProgram::Initialize()[13] successful!
2016-08-21 13:44:04:517[Debug        ] File [..\Data\shaders\lighting.vert.shader] Opened successfully! Buffer Length:[1145]
2016-08-21 13:44:04:518[cDebug       ] Shader file [..\Data\shaders\lighting.vert.shader] is too big to display contents.
2016-08-21 13:44:04:520[Debug        ]  ShaderProgram::AddShader() file with data was read in
2016-08-21 13:44:04:520[Debug        ] ShaderProgram::AddShader() : glShaderSource() successful
2016-08-21 13:44:04:520[Debug        ] ShaderProgram::AddShader() : glCompileShader() successful
2016-08-21 13:44:04:520[Info         ] ShaderProgram::CheckShaderCompileStatus(14) successful.
2016-08-21 13:44:04:520[Debug        ] ShaderProgram::AddShader() : glCompileShader() successful
2016-08-21 13:44:04:520[Info         ] ShaderInfo saved successfully.
2016-08-21 13:44:04:520[Debug        ] ShaderProgram::AddShader() : glAttachShader() successful
2016-08-21 13:44:04:520[Info         ] ShaderProgram::AddShader [14] successful.
2016-08-21 13:44:04:521[Debug        ] File [..\Data\shaders\lighting.frag.shader] Opened successfully! Buffer Length:[1744]
2016-08-21 13:44:04:521[cDebug       ] Shader file [..\Data\shaders\lighting.frag.shader] is too big to display contents.
2016-08-21 13:44:04:522[Debug        ]  ShaderProgram::AddShader() file with data was read in
2016-08-21 13:44:04:522[Debug        ] ShaderProgram::AddShader() : glShaderSource() successful
2016-08-21 13:44:04:523[Debug        ] ShaderProgram::AddShader() : glCompileShader() successful
2016-08-21 13:44:04:523[Info         ] ShaderProgram::CheckShaderCompileStatus(15) successful.
2016-08-21 13:44:04:523[Debug        ] ShaderProgram::AddShader() : glCompileShader() successful
2016-08-21 13:44:04:523[Info         ] ShaderInfo saved successfully.
2016-08-21 13:44:04:523[Debug        ] ShaderProgram::AddShader() : glAttachShader() successful
2016-08-21 13:44:04:523[Info         ] ShaderProgram::AddShader [15] successful.
2016-08-21 13:44:04:529[Info         ] CheckProgramStatus() successful!
2016-08-21 13:44:04:530[Info         ] CheckProgramStatus() successful!
2016-08-21 13:44:04:530[Info         ] Shader Init started
2016-08-21 13:44:04:530[Info         ] Shader Program created.
2016-08-21 13:44:04:530[Process      ] ShaderProgram::Initialize()[16] successful!
2016-08-21 13:44:04:530[Debug        ] File [..\Data\shaders\texlighting.vert.shader] Opened successfully! Buffer Length:[1110]
2016-08-21 13:44:04:530[cDebug       ] Shader file [..\Data\shaders\texlighting.vert.shader] is too big to display contents.
2016-08-21 13:44:04:531[Debug        ]  ShaderProgram::AddShader() file with data was read in
2016-08-21 13:44:04:531[Debug        ] ShaderProgram::AddShader() : glShaderSource() successful
2016-08-21 13:44:04:532[Debug        ] ShaderProgram::AddShader() : glCompileShader() successful
2016-08-21 13:44:04:532[Info         ] ShaderProgram::CheckShaderCompileStatus(17) successful.
2016-08-21 13:44:04:532[Debug        ] ShaderProgram::AddShader() : glCompileShader() successful
2016-08-21 13:44:04:532[Info         ] ShaderInfo saved successfully.
2016-08-21 13:44:04:532[Debug        ] ShaderProgram::AddShader() : glAttachShader() successful
2016-08-21 13:44:04:532[Info         ] ShaderProgram::AddShader [17] successful.
2016-08-21 13:44:04:532[Debug        ] File [..\Data\shaders\texlighting.frag.shader] Opened successfully! Buffer Length:[1717]
2016-08-21 13:44:04:532[cDebug       ] Shader file [..\Data\shaders\texlighting.frag.shader] is too big to display contents.
2016-08-21 13:44:04:534[Debug        ]  ShaderProgram::AddShader() file with data was read in
2016-08-21 13:44:04:534[Debug        ] ShaderProgram::AddShader() : glShaderSource() successful
2016-08-21 13:44:04:534[Debug        ] ShaderProgram::AddShader() : glCompileShader() successful
2016-08-21 13:44:04:534[Info         ] ShaderProgram::CheckShaderCompileStatus(18) successful.
2016-08-21 13:44:04:534[Debug        ] ShaderProgram::AddShader() : glCompileShader() successful
2016-08-21 13:44:04:534[Info         ] ShaderInfo saved successfully.
2016-08-21 13:44:04:534[Debug        ] ShaderProgram::AddShader() : glAttachShader() successful
2016-08-21 13:44:04:534[Info         ] ShaderProgram::AddShader [18] successful.
2016-08-21 13:44:04:539[Info         ] CheckProgramStatus() successful!
2016-08-21 13:44:04:539[Info         ] CheckProgramStatus() successful!
2016-08-21 13:44:04:539[Info         ] Shader Init started
2016-08-21 13:44:04:539[Info         ] Shader Program created.
2016-08-21 13:44:04:539[Process      ] ShaderProgram::Initialize()[19] successful!
2016-08-21 13:44:04:539[Debug        ] File [..\Data\shaders\water.vert.shader] Opened successfully! Buffer Length:[1400]
2016-08-21 13:44:04:539[cDebug       ] Shader file [..\Data\shaders\water.vert.shader] is too big to display contents.
2016-08-21 13:44:04:540[Debug        ]  ShaderProgram::AddShader() file with data was read in
2016-08-21 13:44:04:540[Debug        ] ShaderProgram::AddShader() : glShaderSource() successful
2016-08-21 13:44:04:541[Debug        ] ShaderProgram::AddShader() : glCompileShader() successful
2016-08-21 13:44:04:541[Info         ] ShaderProgram::CheckShaderCompileStatus(20) successful.
2016-08-21 13:44:04:541[Debug        ] ShaderProgram::AddShader() : glCompileShader() successful
2016-08-21 13:44:04:541[Info         ] ShaderInfo saved successfully.
2016-08-21 13:44:04:541[Debug        ] ShaderProgram::AddShader() : glAttachShader() successful
2016-08-21 13:44:04:541[Info         ] ShaderProgram::AddShader [20] successful.
2016-08-21 13:44:04:542[Debug        ] File [..\Data\shaders\water.frag.shader] Opened successfully! Buffer Length:[2436]
2016-08-21 13:44:04:542[cDebug       ] Shader file [..\Data\shaders\water.frag.shader] is too big to display contents.
2016-08-21 13:44:04:543[Debug        ]  ShaderProgram::AddShader() file with data was read in
2016-08-21 13:44:04:543[Debug        ] ShaderProgram::AddShader() : glShaderSource() successful
2016-08-21 13:44:04:544[Debug        ] ShaderProgram::AddShader() : glCompileShader() successful
2016-08-21 13:44:04:544[Info         ] ShaderProgram::CheckShaderCompileStatus(21) successful.
2016-08-21 13:44:04:544[Debug        ] ShaderProgram::AddShader() : glCompileShader() successful
2016-08-21 13:44:04:544[Info         ] ShaderInfo saved successfully.
2016-08-21 13:44:04:544[Debug        ] ShaderProgram::AddShader() : glAttachShader() successful
2016-08-21 13:44:04:544[Info         ] ShaderProgram::AddShader [21] successful.
2016-08-21 13:44:04:549[Info         ] CheckProgramStatus() successful!
2016-08-21 13:44:04:550[Info         ] CheckProgramStatus() successful!
2016-08-21 13:44:04:550[Info         ] GetAttribLocation [vPosition] successful.
2016-08-21 13:44:04:550[Info         ] GetUniformLocation [colorin] successful.
2016-08-21 13:44:04:550[Info         ] GetUniformLocation [MAT] successful.
2016-08-21 13:44:04:550[cProcess     ] RenderEngine::Initialize() successful.
2016-08-21 13:44:04:552[cInfo        ] 
-----------------------------------------------------------------------
 BufferInfo::CreateBuffers()[0] Created buffers:| VERTEX [1] with [80] bytes. || INDEX [2] with [24] bytes |
-----------------------------------------------------------------------

2016-08-21 13:44:04:560[cInfo        ] --------BufferInfo::AddMesh() Added mesh successfully-------
2016-08-21 13:44:04:563[cInfo        ] 
2016-08-21 13:44:04:563[cInfo        ] --------------------| START BUFFER MESH INFO |-------------------------------------
2016-08-21 13:44:04:565[cInfo        ] BufferInfo::AddMesh(): NUM VERTS-----------------[4]
2016-08-21 13:44:04:566[cInfo        ] BufferInfo::AddMesh(): NUM INDICES---------------[6]
2016-08-21 13:44:04:567[cInfo        ] BufferInfo::AddMesh(): VERT OFFSET---------------[0]
2016-08-21 13:44:04:568[cInfo        ] BufferInfo::AddMesh(): INDICES OFFSET (BYTES)----[0]
2016-08-21 13:44:04:570[cInfo        ] --------------------|  END BUFFER MESH INFO  |--------------------------------------
2016-08-21 13:44:04:572[cInfo        ] 

2016-08-21 13:44:04:572[cInfo        ] 
-----------------------------------------------------------------------
 BufferInfo::CreateBuffers()[0] Created buffers:| VERTEX [3] with [96] bytes. || INDEX [4] with [48] bytes |
-----------------------------------------------------------------------

2016-08-21 13:44:04:578[cInfo        ] --------BufferInfo::AddMesh() Added mesh successfully-------
2016-08-21 13:44:04:580[cInfo        ] 
2016-08-21 13:44:04:581[cInfo        ] --------------------| START BUFFER MESH INFO |-------------------------------------
2016-08-21 13:44:04:582[cInfo        ] BufferInfo::AddMesh(): NUM VERTS-----------------[8]
2016-08-21 13:44:04:583[cInfo        ] BufferInfo::AddMesh(): NUM INDICES---------------[24]
2016-08-21 13:44:04:584[cInfo        ] BufferInfo::AddMesh(): VERT OFFSET---------------[0]
2016-08-21 13:44:04:585[cInfo        ] BufferInfo::AddMesh(): INDICES OFFSET (BYTES)----[0]
2016-08-21 13:44:04:586[cInfo        ] --------------------|  END BUFFER MESH INFO  |--------------------------------------
2016-08-21 13:44:04:587[cInfo        ] 

2016-08-21 13:44:04:589[cInfo        ] 
-----------------------------------------------------------------------
 BufferInfo::CreateBuffers()[0] Created buffers:| VERTEX [5] with [864] bytes. || INDEX [6] with [0] bytes |
-----------------------------------------------------------------------

2016-08-21 13:44:04:601[cInfo        ] --------BufferInfo::AddMesh() Added mesh successfully-------
2016-08-21 13:44:04:602[cInfo        ] 
2016-08-21 13:44:04:603[cInfo        ] --------------------| START BUFFER MESH INFO |-------------------------------------
2016-08-21 13:44:04:604[cInfo        ] BufferInfo::AddMesh(): NUM VERTS-----------------[36]
2016-08-21 13:44:04:605[cInfo        ] BufferInfo::AddMesh(): NUM INDICES---------------[0]
2016-08-21 13:44:04:606[cInfo        ] BufferInfo::AddMesh(): VERT OFFSET---------------[0]
2016-08-21 13:44:04:607[cInfo        ] BufferInfo::AddMesh(): INDICES OFFSET (BYTES)----[0]
2016-08-21 13:44:04:608[cInfo        ] --------------------|  END BUFFER MESH INFO  |--------------------------------------
2016-08-21 13:44:04:611[cInfo        ] 

2016-08-21 13:44:04:612[cInfo        ] 
-----------------------------------------------------------------------
 BufferInfo::CreateBuffers()[0] Created buffers:| VERTEX [7] with [144] bytes. || INDEX [8] with [0] bytes |
-----------------------------------------------------------------------

2016-08-21 13:44:04:616[cInfo        ] --------BufferInfo::AddMesh() Added mesh successfully-------
2016-08-21 13:44:04:617[cInfo        ] 
2016-08-21 13:44:04:617[cInfo        ] --------------------| START BUFFER MESH INFO |-------------------------------------
2016-08-21 13:44:04:618[cInfo        ] BufferInfo::AddMesh(): NUM VERTS-----------------[6]
2016-08-21 13:44:04:619[cInfo        ] BufferInfo::AddMesh(): NUM INDICES---------------[0]
2016-08-21 13:44:04:621[cInfo        ] BufferInfo::AddMesh(): VERT OFFSET---------------[0]
2016-08-21 13:44:04:622[cInfo        ] BufferInfo::AddMesh(): INDICES OFFSET (BYTES)----[0]
2016-08-21 13:44:04:623[cInfo        ] --------------------|  END BUFFER MESH INFO  |--------------------------------------
2016-08-21 13:44:04:624[cInfo        ] 

2016-08-21 13:44:04:625[Process      ] BufferInfo::Initialize() successful.
2016-08-21 13:44:04:625[cInfo        ] 
-----------------------------------------------------------------------
 BufferInfo::CreateBuffers()[0] Created buffers:| VERTEX [9] with [1000000] bytes. || INDEX [10] with [1000000] bytes |
-----------------------------------------------------------------------

2016-08-21 13:44:04:629[cInfo        ] --------BufferInfo::AddMesh() Added mesh successfully-------
2016-08-21 13:44:04:631[cInfo        ] 
2016-08-21 13:44:04:632[cInfo        ] --------------------| START BUFFER MESH INFO |-------------------------------------
2016-08-21 13:44:04:633[cInfo        ] BufferInfo::AddMesh(): NUM VERTS-----------------[24]
2016-08-21 13:44:04:633[cInfo        ] BufferInfo::AddMesh(): NUM INDICES---------------[36]
2016-08-21 13:44:04:634[cInfo        ] BufferInfo::AddMesh(): VERT OFFSET---------------[0]
2016-08-21 13:44:04:635[cInfo        ] BufferInfo::AddMesh(): INDICES OFFSET (BYTES)----[0]
2016-08-21 13:44:04:636[cInfo        ] --------------------|  END BUFFER MESH INFO  |--------------------------------------
2016-08-21 13:44:04:637[cInfo        ] 

2016-08-21 13:44:04:638[Process      ] BufferInfo::Initialize() successful.
2016-08-21 13:44:04:638[cInfo        ] 
-----------------------------------------------------------------------
 BufferInfo::CreateBuffers()[1] Created buffers:| VERTEX [11] with [1000000] bytes. || INDEX [12] with [1000000] bytes |
-----------------------------------------------------------------------

2016-08-21 13:44:04:644[cInfo        ] --------BufferInfo::AddMesh() Added mesh successfully-------
2016-08-21 13:44:04:644[cInfo        ] 
2016-08-21 13:44:04:645[cInfo        ] --------------------| START BUFFER MESH INFO |-------------------------------------
2016-08-21 13:44:04:646[cInfo        ] BufferInfo::AddMesh(): NUM VERTS-----------------[1536]
2016-08-21 13:44:04:647[cInfo        ] BufferInfo::AddMesh(): NUM INDICES---------------[3072]
2016-08-21 13:44:04:647[cInfo        ] BufferInfo::AddMesh(): VERT OFFSET---------------[0]
2016-08-21 13:44:04:648[cInfo        ] BufferInfo::AddMesh(): INDICES OFFSET (BYTES)----[0]
2016-08-21 13:44:04:651[cInfo        ] --------------------|  END BUFFER MESH INFO  |--------------------------------------
2016-08-21 13:44:04:652[cInfo        ] 

2016-08-21 13:44:04:653[cInfo        ] 
-----------------------------------------------------------------------
 BufferInfo::CreateBuffers()[0] Created buffers:| VERTEX [13] with [3936] bytes. || INDEX [14] with [0] bytes |
-----------------------------------------------------------------------

2016-08-21 13:44:04:656[cInfo        ] --------BufferInfo::AddMesh() Added mesh successfully-------
2016-08-21 13:44:04:657[cInfo        ] 
2016-08-21 13:44:04:657[cInfo        ] --------------------| START BUFFER MESH INFO |-------------------------------------
2016-08-21 13:44:04:658[cInfo        ] BufferInfo::AddMesh(): NUM VERTS-----------------[164]
2016-08-21 13:44:04:661[cInfo        ] BufferInfo::AddMesh(): NUM INDICES---------------[0]
2016-08-21 13:44:04:661[cInfo        ] BufferInfo::AddMesh(): VERT OFFSET---------------[0]
2016-08-21 13:44:04:662[cInfo        ] BufferInfo::AddMesh(): INDICES OFFSET (BYTES)----[0]
2016-08-21 13:44:04:663[cInfo        ] --------------------|  END BUFFER MESH INFO  |--------------------------------------
2016-08-21 13:44:04:664[cInfo        ] 

2016-08-21 13:44:04:664[cProcess     ] ShapeGenerator initialized successfully.
2016-08-21 13:44:04:665[cProcess     ] Camera::Initialize() successful.
2016-08-21 13:44:04:666[cProcess     ] Keyboard::Initialize() successful
2016-08-21 13:44:04:666[cProcess     ] Keyboard::Initialize() successful
2016-08-21 13:44:04:680[cInfo        ] 
-----------------------------------------------------------------------
 BufferInfo::CreateBuffers()[0] Created buffers:| VERTEX [15] with [10810368] bytes. || INDEX [16] with [0] bytes |
-----------------------------------------------------------------------

2016-08-21 13:44:04:690[cInfo        ] --------BufferInfo::AddMesh() Added mesh successfully-------
2016-08-21 13:44:04:691[cInfo        ] 
2016-08-21 13:44:04:692[cInfo        ] --------------------| START BUFFER MESH INFO |-------------------------------------
2016-08-21 13:44:04:694[cInfo        ] BufferInfo::AddMesh(): NUM VERTS-----------------[337824]
2016-08-21 13:44:04:694[cInfo        ] BufferInfo::AddMesh(): NUM INDICES---------------[0]
2016-08-21 13:44:04:695[cInfo        ] BufferInfo::AddMesh(): VERT OFFSET---------------[0]
2016-08-21 13:44:04:696[cInfo        ] BufferInfo::AddMesh(): INDICES OFFSET (BYTES)----[0]
2016-08-21 13:44:04:697[cInfo        ] --------------------|  END BUFFER MESH INFO  |--------------------------------------
2016-08-21 13:44:04:698[cInfo        ] 

2016-08-21 13:44:04:720[Info         ] ShapeGenerator::ReadSceneFile(): Added new scene [..\Data\Scenes\Dargon.ptn.scene] successfully.
2016-08-21 13:44:04:720[cInfo        ] EntityManager::BuildPlayerEntity(): Built [Dargon] successfully
2016-08-21 13:44:04:722[Process      ] BufferInfo::Initialize() successful.
2016-08-21 13:44:04:727[cInfo        ] 
-----------------------------------------------------------------------
 BufferInfo::CreateBuffers()[2] Created buffers:| VERTEX [17] with [1000000] bytes. || INDEX [18] with [1000000] bytes |
-----------------------------------------------------------------------

2016-08-21 13:44:04:734[cInfo        ] --------BufferInfo::AddMesh() Added mesh successfully-------
2016-08-21 13:44:04:735[cInfo        ] 
2016-08-21 13:44:04:735[cInfo        ] --------------------| START BUFFER MESH INFO |-------------------------------------
2016-08-21 13:44:04:736[cInfo        ] BufferInfo::AddMesh(): NUM VERTS-----------------[36]
2016-08-21 13:44:04:738[cInfo        ] BufferInfo::AddMesh(): NUM INDICES---------------[0]
2016-08-21 13:44:04:739[cInfo        ] BufferInfo::AddMesh(): VERT OFFSET---------------[0]
2016-08-21 13:44:04:741[cInfo        ] BufferInfo::AddMesh(): INDICES OFFSET (BYTES)----[0]
2016-08-21 13:44:04:743[cInfo        ] --------------------|  END BUFFER MESH INFO  |--------------------------------------
2016-08-21 13:44:04:744[cInfo        ] 

2016-08-21 13:44:04:745[Info         ] ShapeGenerator::ReadSceneFile(): Added new scene [..\Data\Scenes\Cube.pn.scene] successfully.
2016-08-21 13:44:04:746[Process      ] BufferInfo::Initialize() successful.
2016-08-21 13:44:04:746[cInfo        ] 
-----------------------------------------------------------------------
 BufferInfo::CreateBuffers()[3] Created buffers:| VERTEX [19] with [1000000] bytes. || INDEX [20] with [1000000] bytes |
-----------------------------------------------------------------------

2016-08-21 13:44:04:750[cInfo        ] --------BufferInfo::AddMesh() Added mesh successfully-------
2016-08-21 13:44:04:752[cInfo        ] 
2016-08-21 13:44:04:752[cInfo        ] --------------------| START BUFFER MESH INFO |-------------------------------------
2016-08-21 13:44:04:753[cInfo        ] BufferInfo::AddMesh(): NUM VERTS-----------------[8718]
2016-08-21 13:44:04:754[cInfo        ] BufferInfo::AddMesh(): NUM INDICES---------------[0]
2016-08-21 13:44:04:755[cInfo        ] BufferInfo::AddMesh(): VERT OFFSET---------------[0]
2016-08-21 13:44:04:756[cInfo        ] BufferInfo::AddMesh(): INDICES OFFSET (BYTES)----[0]
2016-08-21 13:44:04:757[cInfo        ] --------------------|  END BUFFER MESH INFO  |--------------------------------------
2016-08-21 13:44:04:758[cInfo        ] 

2016-08-21 13:44:04:760[Info         ] ShapeGenerator::ReadSceneFile(): Added new scene [..\Data\Scenes\AIWorld.ptn.scene] successfully.
2016-08-21 13:44:04:761[cInfo        ] --------BufferInfo::AddMesh() Added mesh successfully-------
2016-08-21 13:44:04:762[cInfo        ] 
2016-08-21 13:44:04:762[cInfo        ] --------------------| START BUFFER MESH INFO |-------------------------------------
2016-08-21 13:44:04:763[cInfo        ] BufferInfo::AddMesh(): NUM VERTS-----------------[18]
2016-08-21 13:44:04:764[cInfo        ] BufferInfo::AddMesh(): NUM INDICES---------------[0]
2016-08-21 13:44:04:765[cInfo        ] BufferInfo::AddMesh(): VERT OFFSET---------------[36]
2016-08-21 13:44:04:766[cInfo        ] BufferInfo::AddMesh(): INDICES OFFSET (BYTES)----[0]
2016-08-21 13:44:04:767[cInfo        ] --------------------|  END BUFFER MESH INFO  |--------------------------------------
2016-08-21 13:44:04:768[cInfo        ] 

2016-08-21 13:44:04:769[Info         ] ShapeGenerator::ReadSceneFile(): Added new scene [..\Data\Scenes\Pyramid.pn.scene] successfully.
2016-08-21 13:44:04:775[cInfo        ] 
-----------------------------------------------------------------------
 BufferInfo::CreateBuffers()[0] Created buffers:| VERTEX [21] with [5529600] bytes. || INDEX [22] with [0] bytes |
-----------------------------------------------------------------------

2016-08-21 13:44:04:789[cInfo        ] --------BufferInfo::AddMesh() Added mesh successfully-------
2016-08-21 13:44:04:791[cInfo        ] 
2016-08-21 13:44:04:792[cInfo        ] --------------------| START BUFFER MESH INFO |-------------------------------------
2016-08-21 13:44:04:794[cInfo        ] BufferInfo::AddMesh(): NUM VERTS-----------------[172800]
2016-08-21 13:44:04:795[cInfo        ] BufferInfo::AddMesh(): NUM INDICES---------------[0]
2016-08-21 13:44:04:796[cInfo        ] BufferInfo::AddMesh(): VERT OFFSET---------------[0]
2016-08-21 13:44:04:798[cInfo        ] BufferInfo::AddMesh(): INDICES OFFSET (BYTES)----[0]
2016-08-21 13:44:04:799[cInfo        ] --------------------|  END BUFFER MESH INFO  |--------------------------------------
2016-08-21 13:44:04:801[cInfo        ] 

2016-08-21 13:44:04:803[Info         ] ShapeGenerator::ReadSceneFile(): Added new scene [..\Data\Scenes\WaterPlane.ptn.scene] successfully.
2016-08-21 13:44:04:804[cProcess     ] Camera::Initialize() successful.
2016-08-21 13:44:04:814[Process      ] BufferInfo::Initialize() successful.
2016-08-21 13:44:04:814[cInfo        ] 
-----------------------------------------------------------------------
 BufferInfo::CreateBuffers()[4] Created buffers:| VERTEX [23] with [8107776] bytes. || INDEX [24] with [0] bytes |
-----------------------------------------------------------------------

2016-08-21 13:44:04:834[cInfo        ] --------BufferInfo::AddMesh() Added mesh successfully-------
2016-08-21 13:44:04:835[cInfo        ] 
2016-08-21 13:44:04:835[cInfo        ] --------------------| START BUFFER MESH INFO |-------------------------------------
2016-08-21 13:44:04:838[cInfo        ] BufferInfo::AddMesh(): NUM VERTS-----------------[337824]
2016-08-21 13:44:04:839[cInfo        ] BufferInfo::AddMesh(): NUM INDICES---------------[0]
2016-08-21 13:44:04:840[cInfo        ] BufferInfo::AddMesh(): VERT OFFSET---------------[0]
2016-08-21 13:44:04:840[cInfo        ] BufferInfo::AddMesh(): INDICES OFFSET (BYTES)----[0]
2016-08-21 13:44:04:842[cInfo        ] --------------------|  END BUFFER MESH INFO  |--------------------------------------
2016-08-21 13:44:04:843[cInfo        ] 

2016-08-21 13:44:04:844[Info         ] ShapeGenerator::ReadSceneFile(): Added new scene [..\Data\Scenes\Dargon.pn.scene] successfully.
2016-08-21 13:44:04:844[Process      ] BufferInfo::Initialize() successful.
2016-08-21 13:44:04:844[cInfo        ] 
-----------------------------------------------------------------------
 BufferInfo::CreateBuffers()[5] Created buffers:| VERTEX [25] with [1000000] bytes. || INDEX [26] with [1000000] bytes |
-----------------------------------------------------------------------

2016-08-21 13:44:04:849[cInfo        ] --------BufferInfo::AddMesh() Added mesh successfully-------
2016-08-21 13:44:04:850[cInfo        ] 
2016-08-21 13:44:04:850[cInfo        ] --------------------| START BUFFER MESH INFO |-------------------------------------
2016-08-21 13:44:04:851[cInfo        ] BufferInfo::AddMesh(): NUM VERTS-----------------[6]
2016-08-21 13:44:04:852[cInfo        ] BufferInfo::AddMesh(): NUM INDICES---------------[0]
2016-08-21 13:44:04:853[cInfo        ] BufferInfo::AddMesh(): VERT OFFSET---------------[0]
2016-08-21 13:44:04:854[cInfo        ] BufferInfo::AddMesh(): INDICES OFFSET (BYTES)----[0]
2016-08-21 13:44:04:856[cInfo        ] --------------------|  END BUFFER MESH INFO  |--------------------------------------
2016-08-21 13:44:04:857[cInfo        ] 

2016-08-21 13:44:04:858[cProcess     ] BodaciousQuest::Initialize() successful.
2016-08-21 13:44:04:858[Process      ] GameTime::Initialize() ok

2016-08-21 13:44:04:858[cProcess     ] MyWindow::Initialize() successful!
2016-08-21 13:44:52:369[cInfo        ] Cube Position: -0.875458 3.673020 1.043331
2016-08-21 13:45:11:438[cProcess     ] BufferManager::Shutdown() successful.
2016-08-21 13:45:11:439[cProcess     ] RenderEngine::Shutdown() successful.
2016-08-21 13:45:11:440[cProcess     ] Camera::Shutdown() successful.
2016-08-21 13:45:11:442[Info         ] Shader  [2] deleting...
2016-08-21 13:45:11:442[Info         ] Shader  [2] deleted successfully.
2016-08-21 13:45:11:442[Info         ] Shader  [3] deleting...
2016-08-21 13:45:11:442[Info         ] Shader  [3] deleted successfully.
2016-08-21 13:45:11:442[Info         ] All shaders deleted successfully.
2016-08-21 13:45:11:442[cInfo        ] Program [1] deleted successfully.
2016-08-21 13:45:11:443[Process      ] ShaderProgram[1]::Shutdown successful!
2016-08-21 13:45:11:443[Info         ] Shader  [5] deleting...
2016-08-21 13:45:11:443[Info         ] Shader  [5] deleted successfully.
2016-08-21 13:45:11:443[Info         ] Shader  [6] deleting...
2016-08-21 13:45:11:443[Info         ] Shader  [6] deleted successfully.
2016-08-21 13:45:11:443[Info         ] All shaders deleted successfully.
2016-08-21 13:45:11:443[cInfo        ] Program [4] deleted successfully.
2016-08-21 13:45:11:444[Process      ] ShaderProgram[4]::Shutdown successful!
2016-08-21 13:45:11:444[Info         ] Shader  [8] deleting...
2016-08-21 13:45:11:444[Info         ] Shader  [8] deleted successfully.
2016-08-21 13:45:11:444[Info         ] Shader  [9] deleting...
2016-08-21 13:45:11:444[Info         ] Shader  [9] deleted successfully.
2016-08-21 13:45:11:444[Info         ] All shaders deleted successfully.
2016-08-21 13:45:11:444[cInfo        ] Program [7] deleted successfully.
2016-08-21 13:45:11:444[Process      ] ShaderProgram[7]::Shutdown successful!
2016-08-21 13:45:11:445[Info         ] Shader  [11] deleting...
2016-08-21 13:45:11:445[Info         ] Shader  [11] deleted successfully.
2016-08-21 13:45:11:445[Info         ] Shader  [12] deleting...
2016-08-21 13:45:11:445[Info         ] Shader  [12] deleted successfully.
2016-08-21 13:45:11:445[Info         ] All shaders deleted successfully.
2016-08-21 13:45:11:445[cInfo        ] Program [10] deleted successfully.
2016-08-21 13:45:11:445[Process      ] ShaderProgram[10]::Shutdown successful!
2016-08-21 13:45:11:446[Info         ] Shader  [14] deleting...
2016-08-21 13:45:11:446[Info         ] Shader  [14] deleted successfully.
2016-08-21 13:45:11:446[Info         ] Shader  [15] deleting...
2016-08-21 13:45:11:446[Info         ] Shader  [15] deleted successfully.
2016-08-21 13:45:11:446[Info         ] All shaders deleted successfully.
2016-08-21 13:45:11:446[cInfo        ] Program [13] deleted successfully.
2016-08-21 13:45:11:448[Process      ] ShaderProgram[13]::Shutdown successful!
2016-08-21 13:45:11:448[Info         ] Shader  [17] deleting...
2016-08-21 13:45:11:448[Info         ] Shader  [17] deleted successfully.
2016-08-21 13:45:11:448[Info         ] Shader  [18] deleting...
2016-08-21 13:45:11:448[Info         ] Shader  [18] deleted successfully.
2016-08-21 13:45:11:448[Info         ] All shaders deleted successfully.
2016-08-21 13:45:11:448[cInfo        ] Program [16] deleted successfully.
2016-08-21 13:45:11:449[Process      ] ShaderProgram[16]::Shutdown successful!
2016-08-21 13:45:11:449[Info         ] Shader  [20] deleting...
2016-08-21 13:45:11:449[Info         ] Shader  [20] deleted successfully.
2016-08-21 13:45:11:449[Info         ] Shader  [21] deleting...
2016-08-21 13:45:11:449[Info         ] Shader  [21] deleted successfully.
2016-08-21 13:45:11:449[Info         ] All shaders deleted successfully.
2016-08-21 13:45:11:449[cInfo        ] Program [19] deleted successfully.
2016-08-21 13:45:11:450[Process      ] ShaderProgram[19]::Shutdown successful!
2016-08-21 13:45:11:450[cProcess     ] MyWindow::Shutdown() successful!
2016-08-21 13:45:11:451[cProcess     ] BodaciousQuest::Shutdown() successful.
2016-08-21 13:45:11:462[Process      ] ConfigReader shut down successfully
2016-08-21 13:45:11:462[Process      ] GameLogger::ShutDown() successful
