2016-08-20 16:18:27:148[Process      ] GameLogger::Initialize() opened log file [..\Data\LogFiles\2016-08-20 16-18-27.BodaciousQuest.log] for writing
2016-08-20 16:18:27:148[Info         ] GameLogger::Initialize() successful
2016-08-20 16:18:27:148[Process      ] ConfigReader opened [..\Data\BodaciousQuest.config] successfully
2016-08-20 16:18:27:148[Info         ] ConfigReader initialized successfully
2016-08-20 16:18:27:148[Info         ] Valid KVP [BodaciousQuest.ShowFullScreen] [false] added
2016-08-20 16:18:27:148[Info         ] Valid KVP [BodaciousQuest.FpsInterval] [5.0] added
2016-08-20 16:18:27:148[Info         ] Valid KVP [BodaciousQuest.EnableControls] [true] added
2016-08-20 16:18:27:148[Info         ] Valid KVP [BodaciousQuest.LoadCubeFirst] [true] added
2016-08-20 16:18:27:148[Info         ] Valid KVP [BodaciousQuest.CameraWalkMode] [false] added
2016-08-20 16:18:27:148[Info         ] Valid KVP [BodaciousQuest.GridSize] [40] added
2016-08-20 16:18:27:149[Info         ] Valid KVP [BodaciousQuest.LightingTest.Ambient.Color] [1.0  1.0  1.0] added
2016-08-20 16:18:27:149[Info         ] Valid KVP [BodaciousQuest.LightingTest.Diffuse.Color] [1.0  1.0  1.0] added
2016-08-20 16:18:27:149[Info         ] Valid KVP [BodaciousQuest.LightingTest.Specular.Color] [0.0  0.0  0.0] added
2016-08-20 16:18:27:149[Info         ] Valid KVP [BodaciousQuest.LightingTest.Ambient.Reflectivity] [0.01] added
2016-08-20 16:18:27:149[Info         ] Valid KVP [BodaciousQuest.LightingTest.Diffuse.Reflectivity] [0.8] added
2016-08-20 16:18:27:149[Info         ] Valid KVP [BodaciousQuest.LightingTest.Specular.Reflectivity] [0.5] added
2016-08-20 16:18:27:149[Info         ] Valid KVP [BodaciousQuest.LightingTest.Specular.Shininess] [1.0] added
2016-08-20 16:18:27:149[Info         ] Valid KVP [BodaciousQuest.LightingTest.Falloff.A] [1.0] added
2016-08-20 16:18:27:149[Info         ] Valid KVP [BodaciousQuest.LightingTest.Falloff.B] [0.01] added
2016-08-20 16:18:27:149[Info         ] Valid KVP [BodaciousQuest.LightingTest.Falloff.C] [0.0001] added
2016-08-20 16:18:27:149[Info         ] Valid KVP [BodaciousQuest.LightingTest.Directional] [false] added
2016-08-20 16:18:27:149[Info         ] Valid KVP [BodaciousQuest.LightingTest.Direction] [-1.0 0.0 1.0] added
2016-08-20 16:18:27:149[Info         ] Valid KVP [BodaciousQuest.LightingTest.Light.Position] [-0.875458 3.673020 1.043331] added
2016-08-20 16:18:27:149[Info         ] Valid KVP [BodaciousQuest.LightingTest.Dargon.Color] [1.0 1.0 0.4] added
2016-08-20 16:18:27:149[Info         ] Valid KVP [ObjConverter.Mode.VertexType] [pn] added
2016-08-20 16:18:27:149[Info         ] Valid KVP [ObjConverter.Mode.Analyze] [false] added
2016-08-20 16:18:27:149[Info         ] Valid KVP [ObjConverter.Model] [Dargon] added
2016-08-20 16:18:27:149[Info         ] Valid KVP [ObjConverter.Shader] [4] added
2016-08-20 16:18:27:149[Info         ] Valid KVP [ObjConverter.Color] [random] added
2016-08-20 16:18:27:149[Info         ] Valid KVP [ObjConverter.Obj.InputFileFolder] [..\\Data\\Objs\\] added
2016-08-20 16:18:27:149[Info         ] Valid KVP [ObjConverter.Scene.OutputFileFolder] [..\\Data\\Scenes\\] added
2016-08-20 16:18:27:149[Info         ] Valid KVP [ObjConverter.Model.Dargon.NumVerts] [57967] added
2016-08-20 16:18:27:149[Info         ] Valid KVP [ObjConverter.Model.Dargon.NumIndices] [337824] added
2016-08-20 16:18:27:149[Info         ] Valid KVP [ObjConverter.Model.Dargon.NumTexCoords] [60175] added
2016-08-20 16:18:27:149[Info         ] Valid KVP [ObjConverter.Model.Dargon.NumNormals] [337824] added
2016-08-20 16:18:27:149[Info         ] Valid KVP [ObjConverter.Model.Swamp.NumVerts] [2735] added
2016-08-20 16:18:27:149[Info         ] Valid KVP [ObjConverter.Model.Swamp.NumIndices] [8556] added
2016-08-20 16:18:27:149[Info         ] Valid KVP [ObjConverter.Model.Swamp.NumTexCoords] [3622] added
2016-08-20 16:18:27:149[Info         ] Valid KVP [ObjConverter.Model.Swamp.NumNormals] [5156] added
2016-08-20 16:18:27:149[Info         ] Valid KVP [ObjConverter.Model.Pyramid.NumVerts] [5] added
2016-08-20 16:18:27:149[Info         ] Valid KVP [ObjConverter.Model.Pyramid.NumIndices] [18] added
2016-08-20 16:18:27:149[Info         ] Valid KVP [ObjConverter.Model.Pyramid.NumTexCoords] [10] added
2016-08-20 16:18:27:149[Info         ] Valid KVP [ObjConverter.Model.Pyramid.NumNormals] [16] added
2016-08-20 16:18:27:149[Info         ] Valid KVP [ObjConverter.Model.AIWorld.NumVerts] [1957] added
2016-08-20 16:18:27:149[Info         ] Valid KVP [ObjConverter.Model.AIWorld.NumIndices] [8718] added
2016-08-20 16:18:27:149[Info         ] Valid KVP [ObjConverter.Model.AIWorld.NumTexCoords] [4186] added
2016-08-20 16:18:27:149[Info         ] Valid KVP [ObjConverter.Model.AIWorld.NumNormals] [5418] added
2016-08-20 16:18:27:149[Info         ] Valid KVP [ObjConverter.Model.GameWeapon.NumVerts] [2068] added
2016-08-20 16:18:27:149[Info         ] Valid KVP [ObjConverter.Model.GameWeapon.NumIndices] [9894] added
2016-08-20 16:18:27:149[Info         ] Valid KVP [ObjConverter.Model.GameWeapon.NumTexCoords] [0] added
2016-08-20 16:18:27:149[Info         ] Valid KVP [ObjConverter.Model.GameWeapon.NumNormals] [0] added
2016-08-20 16:18:27:149[Info         ] Valid KVP [ObjConverter.Model.Chicken.NumVerts] [224] added
2016-08-20 16:18:27:149[Info         ] Valid KVP [ObjConverter.Model.Chicken.NumIndices] [1374] added
2016-08-20 16:18:27:149[Info         ] Valid KVP [ObjConverter.Model.Chicken.NumTexCoords] [472] added
2016-08-20 16:18:27:149[Info         ] Valid KVP [ObjConverter.Model.Chicken.NumNormals] [565] added
2016-08-20 16:18:27:149[Info         ] Valid KVP [ObjConverter.Model.WaterPlane.NumVerts] [29282] added
2016-08-20 16:18:27:150[Info         ] Valid KVP [ObjConverter.Model.WaterPlane.NumIndices] [172800] added
2016-08-20 16:18:27:150[Info         ] Valid KVP [ObjConverter.Model.WaterPlane.NumTexCoords] [29282] added
2016-08-20 16:18:27:150[Info         ] Valid KVP [ObjConverter.Model.WaterPlane.NumNormals] [172800] added
2016-08-20 16:18:27:150[Info         ] Valid KVP [ObjConverter.Model.Cube.NumVerts] [8] added
2016-08-20 16:18:27:150[Info         ] Valid KVP [ObjConverter.Model.Cube.NumIndices] [36] added
2016-08-20 16:18:27:150[Info         ] Valid KVP [ObjConverter.Model.Cube.NumTexCoords] [14] added
2016-08-20 16:18:27:150[Info         ] Valid KVP [ObjConverter.Model.Cube.NumNormals] [24] added
2016-08-20 16:18:27:150[Info         ] Valid KVP [ObjConverter.Model.Barrel.NumVerts] [172] added
2016-08-20 16:18:27:150[Info         ] Valid KVP [ObjConverter.Model.Barrel.NumIndices] [1008] added
2016-08-20 16:18:27:150[Info         ] Valid KVP [ObjConverter.Model.Barrel.NumTexCoords] [328] added
2016-08-20 16:18:27:150[Info         ] Valid KVP [ObjConverter.Model.Barrel.NumNormals] [204] added
2016-08-20 16:18:27:150[Info         ] Valid KVP [ObjConverter.Model.SkyBox.NumVerts] [8] added
2016-08-20 16:18:27:150[Info         ] Valid KVP [ObjConverter.Model.SkyBox.NumIndices] [36] added
2016-08-20 16:18:27:150[Info         ] Valid KVP [ObjConverter.Model.SkyBox.NumTexCoords] [18] added
2016-08-20 16:18:27:150[Info         ] Valid KVP [ObjConverter.Model.SkyBox.NumNormals] [24] added
2016-08-20 16:18:27:226[cInfo        ] Config reader opened [..\Data\BodaciousQuest.config] for reading!
2016-08-20 16:18:27:282[Process      ] ShaderManager Initialized successfully
2016-08-20 16:18:27:282[Info         ] Shader Init started
2016-08-20 16:18:27:282[Info         ] Shader Program created.
2016-08-20 16:18:27:282[Process      ] ShaderProgram::Initialize()[1] successful!
2016-08-20 16:18:27:282[Debug        ] File [..\Data\shaders\debug.vert.shader] Opened successfully! Buffer Length:[291]
2016-08-20 16:18:27:282[Debug        ] Shader file [..\Data\shaders\debug.vert.shader] contents:
//BEGIN
#version 430 core

layout(location = 0)  in vec3 vPosition;

layout(location = 15) uniform vec3 colorin;
layout(location = 16) uniform mat4 MAT;

out vec4 color;

void main()
{
	vec4 vertPos = vec4(vPosition, 1.0);
	gl_Position = MAT *  vertPos;
	color = vec4(colorin, 1.0);
}
//END

2016-08-20 16:18:27:282[Debug        ]  ShaderProgram::AddShader() file with data was read in
2016-08-20 16:18:27:282[Debug        ] ShaderProgram::AddShader() : glShaderSource() successful
2016-08-20 16:18:27:283[Debug        ] ShaderProgram::AddShader() : glCompileShader() successful
2016-08-20 16:18:27:283[Info         ] ShaderProgram::CheckShaderCompileStatus(2) successful.
2016-08-20 16:18:27:283[Debug        ] ShaderProgram::AddShader() : glCompileShader() successful
2016-08-20 16:18:27:283[Info         ] ShaderInfo saved successfully.
2016-08-20 16:18:27:283[Debug        ] ShaderProgram::AddShader() : glAttachShader() successful
2016-08-20 16:18:27:283[Info         ] ShaderProgram::AddShader [2] successful.
2016-08-20 16:18:27:284[Debug        ] File [..\Data\shaders\debug.frag.shader] Opened successfully! Buffer Length:[104]
2016-08-20 16:18:27:284[Debug        ] Shader file [..\Data\shaders\debug.frag.shader] contents:
//BEGIN
#version 430 core


in  vec4 color;
out vec4 outColor;

void main()
{
	outColor = color;
}


//END

2016-08-20 16:18:27:284[Debug        ]  ShaderProgram::AddShader() file with data was read in
2016-08-20 16:18:27:284[Debug        ] ShaderProgram::AddShader() : glShaderSource() successful
2016-08-20 16:18:27:284[Debug        ] ShaderProgram::AddShader() : glCompileShader() successful
2016-08-20 16:18:27:284[Info         ] ShaderProgram::CheckShaderCompileStatus(3) successful.
2016-08-20 16:18:27:284[Debug        ] ShaderProgram::AddShader() : glCompileShader() successful
2016-08-20 16:18:27:284[Info         ] ShaderInfo saved successfully.
2016-08-20 16:18:27:284[Debug        ] ShaderProgram::AddShader() : glAttachShader() successful
2016-08-20 16:18:27:284[Info         ] ShaderProgram::AddShader [3] successful.
2016-08-20 16:18:27:286[Info         ] CheckProgramStatus() successful!
2016-08-20 16:18:27:286[Info         ] CheckProgramStatus() successful!
2016-08-20 16:18:27:286[Info         ] Shader Init started
2016-08-20 16:18:27:286[Info         ] Shader Program created.
2016-08-20 16:18:27:286[Process      ] ShaderProgram::Initialize()[4] successful!
2016-08-20 16:18:27:286[Debug        ] File [..\Data\shaders\play.vert.shader] Opened successfully! Buffer Length:[343]
2016-08-20 16:18:27:286[Debug        ] Shader file [..\Data\shaders\play.vert.shader] contents:
//BEGIN
#version 430 core

layout (location = 0)  in vec3 vPosition;
layout (location = 1)  in vec3 vColor;
layout (location = 15) uniform vec3 colorin;
layout (location = 16) uniform mat4 MAT;

out vec4 color;

void main()
{
	vec4 vertPos = vec4(vPosition, 1.0);
	gl_Position = MAT *  vertPos;
	color = vec4((vColor + colorin), 1.0);
}
//END

2016-08-20 16:18:27:286[Debug        ]  ShaderProgram::AddShader() file with data was read in
2016-08-20 16:18:27:286[Debug        ] ShaderProgram::AddShader() : glShaderSource() successful
2016-08-20 16:18:27:286[Debug        ] ShaderProgram::AddShader() : glCompileShader() successful
2016-08-20 16:18:27:286[Info         ] ShaderProgram::CheckShaderCompileStatus(5) successful.
2016-08-20 16:18:27:286[Debug        ] ShaderProgram::AddShader() : glCompileShader() successful
2016-08-20 16:18:27:286[Info         ] ShaderInfo saved successfully.
2016-08-20 16:18:27:286[Debug        ] ShaderProgram::AddShader() : glAttachShader() successful
2016-08-20 16:18:27:286[Info         ] ShaderProgram::AddShader [5] successful.
2016-08-20 16:18:27:286[Debug        ] File [..\Data\shaders\play.frag.shader] Opened successfully! Buffer Length:[391]
2016-08-20 16:18:27:287[Debug        ] Shader file [..\Data\shaders\play.frag.shader] contents:
//BEGIN
#version 430 core


in  vec4 color;
out vec4 outColor;

void main()
{

	//if (color.r < .7) discard;
	outColor = color;

	//if(((gl_FragCoord.x  > 600)&& (gl_FragCoord.y < 300)) || ((gl_FragCoord.y < 300)  && (gl_FragCoord.x  < 600) )) {
	//discard;
	//}

	//vec2 scrPos = vec2(gl_FragCoord) - vec2(350,150);
	//float len =  length(scrPos);
	//if(len < 50 )discard;
}


//END

2016-08-20 16:18:27:287[Debug        ]  ShaderProgram::AddShader() file with data was read in
2016-08-20 16:18:27:287[Debug        ] ShaderProgram::AddShader() : glShaderSource() successful
2016-08-20 16:18:27:287[Debug        ] ShaderProgram::AddShader() : glCompileShader() successful
2016-08-20 16:18:27:287[Info         ] ShaderProgram::CheckShaderCompileStatus(6) successful.
2016-08-20 16:18:27:287[Debug        ] ShaderProgram::AddShader() : glCompileShader() successful
2016-08-20 16:18:27:287[Info         ] ShaderInfo saved successfully.
2016-08-20 16:18:27:287[Debug        ] ShaderProgram::AddShader() : glAttachShader() successful
2016-08-20 16:18:27:287[Info         ] ShaderProgram::AddShader [6] successful.
2016-08-20 16:18:27:288[Info         ] CheckProgramStatus() successful!
2016-08-20 16:18:27:288[Info         ] CheckProgramStatus() successful!
2016-08-20 16:18:27:288[Info         ] Shader Init started
2016-08-20 16:18:27:288[Info         ] Shader Program created.
2016-08-20 16:18:27:288[Process      ] ShaderProgram::Initialize()[7] successful!
2016-08-20 16:18:27:288[Debug        ] File [..\Data\shaders\texture.vert.shader] Opened successfully! Buffer Length:[305]
2016-08-20 16:18:27:288[Debug        ] Shader file [..\Data\shaders\texture.vert.shader] contents:
//BEGIN
#version 430 core

layout (location = 0)  in vec3 vPosition;
layout (location = 1)  in vec2 vUV;

layout (location = 16) uniform mat4 MAT;

//out data
out vec2 UV;

//out vec4 color;

void main()
{
	vec4 vertPos = vec4(vPosition, 1.0);
	gl_Position = MAT *  vertPos;

	UV = vUV;
	
	
}
//END

2016-08-20 16:18:27:288[Debug        ]  ShaderProgram::AddShader() file with data was read in
2016-08-20 16:18:27:288[Debug        ] ShaderProgram::AddShader() : glShaderSource() successful
2016-08-20 16:18:27:288[Debug        ] ShaderProgram::AddShader() : glCompileShader() successful
2016-08-20 16:18:27:288[Info         ] ShaderProgram::CheckShaderCompileStatus(8) successful.
2016-08-20 16:18:27:288[Debug        ] ShaderProgram::AddShader() : glCompileShader() successful
2016-08-20 16:18:27:288[Info         ] ShaderInfo saved successfully.
2016-08-20 16:18:27:288[Debug        ] ShaderProgram::AddShader() : glAttachShader() successful
2016-08-20 16:18:27:288[Info         ] ShaderProgram::AddShader [8] successful.
2016-08-20 16:18:27:288[Debug        ] File [..\Data\shaders\texture.frag.shader] Opened successfully! Buffer Length:[482]
2016-08-20 16:18:27:288[Debug        ] Shader file [..\Data\shaders\texture.frag.shader] contents:
//BEGIN
#version 430 core


in  vec2 UV;
out vec4 outColor;

layout(location = 20) uniform sampler2D textureSampler;

void main()
{

	//if (color.r < .7) discard;
	outColor = vec4(texture(textureSampler, UV).rgb, 1.0);

	//if(((gl_FragCoord.x  > 600)&& (gl_FragCoord.y < 300)) || ((gl_FragCoord.y < 300)  && (gl_FragCoord.x  < 600) )) {
	//discard;
	//}
	//vec2 scrPos = vec2(gl_FragCoord) - vec2(350,150);
	//float len =  length(scrPos);
	//if(len < 50 )discard;
}


//END

2016-08-20 16:18:27:288[Debug        ]  ShaderProgram::AddShader() file with data was read in
2016-08-20 16:18:27:288[Debug        ] ShaderProgram::AddShader() : glShaderSource() successful
2016-08-20 16:18:27:288[Debug        ] ShaderProgram::AddShader() : glCompileShader() successful
2016-08-20 16:18:27:289[Info         ] ShaderProgram::CheckShaderCompileStatus(9) successful.
2016-08-20 16:18:27:289[Debug        ] ShaderProgram::AddShader() : glCompileShader() successful
2016-08-20 16:18:27:289[Info         ] ShaderInfo saved successfully.
2016-08-20 16:18:27:289[Debug        ] ShaderProgram::AddShader() : glAttachShader() successful
2016-08-20 16:18:27:289[Info         ] ShaderProgram::AddShader [9] successful.
2016-08-20 16:18:27:289[Info         ] CheckProgramStatus() successful!
2016-08-20 16:18:27:289[Info         ] CheckProgramStatus() successful!
2016-08-20 16:18:27:289[Info         ] Shader Init started
2016-08-20 16:18:27:290[Info         ] Shader Program created.
2016-08-20 16:18:27:290[Process      ] ShaderProgram::Initialize()[10] successful!
2016-08-20 16:18:27:290[Debug        ] File [..\Data\shaders\framebuffer.vert.shader] Opened successfully! Buffer Length:[305]
2016-08-20 16:18:27:290[Debug        ] Shader file [..\Data\shaders\framebuffer.vert.shader] contents:
//BEGIN
#version 430 core

layout (location = 0)  in vec3 vPosition;
layout (location = 1)  in vec2 vUV;

layout (location = 16) uniform mat4 MAT;

//out data
out vec2 UV;

//out vec4 color;

void main()
{
	vec4 vertPos = vec4(vPosition, 1.0);
	gl_Position = MAT *  vertPos;

	UV = vUV;
	
	
}
//END

2016-08-20 16:18:27:290[Debug        ]  ShaderProgram::AddShader() file with data was read in
2016-08-20 16:18:27:290[Debug        ] ShaderProgram::AddShader() : glShaderSource() successful
2016-08-20 16:18:27:290[Debug        ] ShaderProgram::AddShader() : glCompileShader() successful
2016-08-20 16:18:27:290[Info         ] ShaderProgram::CheckShaderCompileStatus(11) successful.
2016-08-20 16:18:27:290[Debug        ] ShaderProgram::AddShader() : glCompileShader() successful
2016-08-20 16:18:27:290[Info         ] ShaderInfo saved successfully.
2016-08-20 16:18:27:290[Debug        ] ShaderProgram::AddShader() : glAttachShader() successful
2016-08-20 16:18:27:290[Info         ] ShaderProgram::AddShader [11] successful.
2016-08-20 16:18:27:290[Debug        ] File [..\Data\shaders\framebuffer.frag.shader] Opened successfully! Buffer Length:[275]
2016-08-20 16:18:27:290[Debug        ] Shader file [..\Data\shaders\framebuffer.frag.shader] contents:
//BEGIN
#version 430 core


in  vec2 UV;
out vec4 outColor;

layout(location = 20) uniform sampler2D textureSampler;

void main()
{


	vec3 tempCol = texture(textureSampler, UV).rgb;

	outColor = vec4(tempCol.r / 1.5f, tempCol.g / 1.5f, tempCol.b / 1.5f, 1.0f);
}


//END

2016-08-20 16:18:27:290[Debug        ]  ShaderProgram::AddShader() file with data was read in
2016-08-20 16:18:27:290[Debug        ] ShaderProgram::AddShader() : glShaderSource() successful
2016-08-20 16:18:27:290[Debug        ] ShaderProgram::AddShader() : glCompileShader() successful
2016-08-20 16:18:27:290[Info         ] ShaderProgram::CheckShaderCompileStatus(12) successful.
2016-08-20 16:18:27:290[Debug        ] ShaderProgram::AddShader() : glCompileShader() successful
2016-08-20 16:18:27:290[Info         ] ShaderInfo saved successfully.
2016-08-20 16:18:27:290[Debug        ] ShaderProgram::AddShader() : glAttachShader() successful
2016-08-20 16:18:27:290[Info         ] ShaderProgram::AddShader [12] successful.
2016-08-20 16:18:27:291[Info         ] CheckProgramStatus() successful!
2016-08-20 16:18:27:291[Info         ] CheckProgramStatus() successful!
2016-08-20 16:18:27:291[Info         ] Shader Init started
2016-08-20 16:18:27:291[Info         ] Shader Program created.
2016-08-20 16:18:27:291[Process      ] ShaderProgram::Initialize()[13] successful!
2016-08-20 16:18:27:291[Debug        ] File [..\Data\shaders\lighting.vert.shader] Opened successfully! Buffer Length:[1145]
2016-08-20 16:18:27:291[cDebug       ] Shader file [..\Data\shaders\lighting.vert.shader] is too big to display contents.
2016-08-20 16:18:27:293[Debug        ]  ShaderProgram::AddShader() file with data was read in
2016-08-20 16:18:27:293[Debug        ] ShaderProgram::AddShader() : glShaderSource() successful
2016-08-20 16:18:27:293[Debug        ] ShaderProgram::AddShader() : glCompileShader() successful
2016-08-20 16:18:27:293[Info         ] ShaderProgram::CheckShaderCompileStatus(14) successful.
2016-08-20 16:18:27:293[Debug        ] ShaderProgram::AddShader() : glCompileShader() successful
2016-08-20 16:18:27:293[Info         ] ShaderInfo saved successfully.
2016-08-20 16:18:27:293[Debug        ] ShaderProgram::AddShader() : glAttachShader() successful
2016-08-20 16:18:27:293[Info         ] ShaderProgram::AddShader [14] successful.
2016-08-20 16:18:27:294[Debug        ] File [..\Data\shaders\lighting.frag.shader] Opened successfully! Buffer Length:[1744]
2016-08-20 16:18:27:294[cDebug       ] Shader file [..\Data\shaders\lighting.frag.shader] is too big to display contents.
2016-08-20 16:18:27:295[Debug        ]  ShaderProgram::AddShader() file with data was read in
2016-08-20 16:18:27:295[Debug        ] ShaderProgram::AddShader() : glShaderSource() successful
2016-08-20 16:18:27:296[Debug        ] ShaderProgram::AddShader() : glCompileShader() successful
2016-08-20 16:18:27:296[Info         ] ShaderProgram::CheckShaderCompileStatus(15) successful.
2016-08-20 16:18:27:296[Debug        ] ShaderProgram::AddShader() : glCompileShader() successful
2016-08-20 16:18:27:296[Info         ] ShaderInfo saved successfully.
2016-08-20 16:18:27:296[Debug        ] ShaderProgram::AddShader() : glAttachShader() successful
2016-08-20 16:18:27:296[Info         ] ShaderProgram::AddShader [15] successful.
2016-08-20 16:18:27:299[Info         ] CheckProgramStatus() successful!
2016-08-20 16:18:27:299[Info         ] CheckProgramStatus() successful!
2016-08-20 16:18:27:299[Info         ] Shader Init started
2016-08-20 16:18:27:299[Info         ] Shader Program created.
2016-08-20 16:18:27:299[Process      ] ShaderProgram::Initialize()[16] successful!
2016-08-20 16:18:27:299[Debug        ] File [..\Data\shaders\texlighting.vert.shader] Opened successfully! Buffer Length:[1110]
2016-08-20 16:18:27:299[cDebug       ] Shader file [..\Data\shaders\texlighting.vert.shader] is too big to display contents.
2016-08-20 16:18:27:303[Debug        ]  ShaderProgram::AddShader() file with data was read in
2016-08-20 16:18:27:303[Debug        ] ShaderProgram::AddShader() : glShaderSource() successful
2016-08-20 16:18:27:303[Debug        ] ShaderProgram::AddShader() : glCompileShader() successful
2016-08-20 16:18:27:303[Info         ] ShaderProgram::CheckShaderCompileStatus(17) successful.
2016-08-20 16:18:27:303[Debug        ] ShaderProgram::AddShader() : glCompileShader() successful
2016-08-20 16:18:27:303[Info         ] ShaderInfo saved successfully.
2016-08-20 16:18:27:303[Debug        ] ShaderProgram::AddShader() : glAttachShader() successful
2016-08-20 16:18:27:303[Info         ] ShaderProgram::AddShader [17] successful.
2016-08-20 16:18:27:304[Debug        ] File [..\Data\shaders\texlighting.frag.shader] Opened successfully! Buffer Length:[1717]
2016-08-20 16:18:27:304[cDebug       ] Shader file [..\Data\shaders\texlighting.frag.shader] is too big to display contents.
2016-08-20 16:18:27:305[Debug        ]  ShaderProgram::AddShader() file with data was read in
2016-08-20 16:18:27:305[Debug        ] ShaderProgram::AddShader() : glShaderSource() successful
2016-08-20 16:18:27:306[Debug        ] ShaderProgram::AddShader() : glCompileShader() successful
2016-08-20 16:18:27:306[Info         ] ShaderProgram::CheckShaderCompileStatus(18) successful.
2016-08-20 16:18:27:306[Debug        ] ShaderProgram::AddShader() : glCompileShader() successful
2016-08-20 16:18:27:306[Info         ] ShaderInfo saved successfully.
2016-08-20 16:18:27:306[Debug        ] ShaderProgram::AddShader() : glAttachShader() successful
2016-08-20 16:18:27:306[Info         ] ShaderProgram::AddShader [18] successful.
2016-08-20 16:18:27:308[Info         ] CheckProgramStatus() successful!
2016-08-20 16:18:27:309[Info         ] CheckProgramStatus() successful!
2016-08-20 16:18:27:309[Info         ] Shader Init started
2016-08-20 16:18:27:309[Info         ] Shader Program created.
2016-08-20 16:18:27:309[Process      ] ShaderProgram::Initialize()[19] successful!
2016-08-20 16:18:27:309[Debug        ] File [..\Data\shaders\water.vert.shader] Opened successfully! Buffer Length:[1400]
2016-08-20 16:18:27:309[cDebug       ] Shader file [..\Data\shaders\water.vert.shader] is too big to display contents.
2016-08-20 16:18:27:310[Debug        ]  ShaderProgram::AddShader() file with data was read in
2016-08-20 16:18:27:310[Debug        ] ShaderProgram::AddShader() : glShaderSource() successful
2016-08-20 16:18:27:310[Debug        ] ShaderProgram::AddShader() : glCompileShader() successful
2016-08-20 16:18:27:310[Info         ] ShaderProgram::CheckShaderCompileStatus(20) successful.
2016-08-20 16:18:27:310[Debug        ] ShaderProgram::AddShader() : glCompileShader() successful
2016-08-20 16:18:27:310[Info         ] ShaderInfo saved successfully.
2016-08-20 16:18:27:310[Debug        ] ShaderProgram::AddShader() : glAttachShader() successful
2016-08-20 16:18:27:310[Info         ] ShaderProgram::AddShader [20] successful.
2016-08-20 16:18:27:310[Debug        ] File [..\Data\shaders\water.frag.shader] Opened successfully! Buffer Length:[2436]
2016-08-20 16:18:27:310[cDebug       ] Shader file [..\Data\shaders\water.frag.shader] is too big to display contents.
2016-08-20 16:18:27:312[Debug        ]  ShaderProgram::AddShader() file with data was read in
2016-08-20 16:18:27:312[Debug        ] ShaderProgram::AddShader() : glShaderSource() successful
2016-08-20 16:18:27:312[Debug        ] ShaderProgram::AddShader() : glCompileShader() successful
2016-08-20 16:18:27:312[Info         ] ShaderProgram::CheckShaderCompileStatus(21) successful.
2016-08-20 16:18:27:312[Debug        ] ShaderProgram::AddShader() : glCompileShader() successful
2016-08-20 16:18:27:312[Info         ] ShaderInfo saved successfully.
2016-08-20 16:18:27:312[Debug        ] ShaderProgram::AddShader() : glAttachShader() successful
2016-08-20 16:18:27:312[Info         ] ShaderProgram::AddShader [21] successful.
2016-08-20 16:18:27:315[Info         ] CheckProgramStatus() successful!
2016-08-20 16:18:27:315[Info         ] CheckProgramStatus() successful!
2016-08-20 16:18:27:315[Info         ] GetAttribLocation [vPosition] successful.
2016-08-20 16:18:27:315[Info         ] GetUniformLocation [colorin] successful.
2016-08-20 16:18:27:315[Info         ] GetUniformLocation [MAT] successful.
2016-08-20 16:18:27:315[cProcess     ] RenderEngine::Initialize() successful.
2016-08-20 16:18:27:316[cInfo        ] 
-----------------------------------------------------------------------
 BufferInfo::CreateBuffers()[0] Created buffers:| VERTEX [1] with [80] bytes. || INDEX [2] with [24] bytes |
-----------------------------------------------------------------------

2016-08-20 16:18:27:323[cInfo        ] --------BufferInfo::AddMesh() Added mesh successfully-------
2016-08-20 16:18:27:324[cInfo        ] 
2016-08-20 16:18:27:324[cInfo        ] --------------------| START BUFFER MESH INFO |-------------------------------------
2016-08-20 16:18:27:326[cInfo        ] BufferInfo::AddMesh(): NUM VERTS-----------------[4]
2016-08-20 16:18:27:326[cInfo        ] BufferInfo::AddMesh(): NUM INDICES---------------[6]
2016-08-20 16:18:27:327[cInfo        ] BufferInfo::AddMesh(): VERT OFFSET---------------[0]
2016-08-20 16:18:27:328[cInfo        ] BufferInfo::AddMesh(): INDICES OFFSET (BYTES)----[0]
2016-08-20 16:18:27:329[cInfo        ] --------------------|  END BUFFER MESH INFO  |--------------------------------------
2016-08-20 16:18:27:331[cInfo        ] 

2016-08-20 16:18:27:332[cInfo        ] 
-----------------------------------------------------------------------
 BufferInfo::CreateBuffers()[0] Created buffers:| VERTEX [3] with [96] bytes. || INDEX [4] with [48] bytes |
-----------------------------------------------------------------------

2016-08-20 16:18:27:335[cInfo        ] --------BufferInfo::AddMesh() Added mesh successfully-------
2016-08-20 16:18:27:336[cInfo        ] 
2016-08-20 16:18:27:336[cInfo        ] --------------------| START BUFFER MESH INFO |-------------------------------------
2016-08-20 16:18:27:338[cInfo        ] BufferInfo::AddMesh(): NUM VERTS-----------------[8]
2016-08-20 16:18:27:338[cInfo        ] BufferInfo::AddMesh(): NUM INDICES---------------[24]
2016-08-20 16:18:27:340[cInfo        ] BufferInfo::AddMesh(): VERT OFFSET---------------[0]
2016-08-20 16:18:27:341[cInfo        ] BufferInfo::AddMesh(): INDICES OFFSET (BYTES)----[0]
2016-08-20 16:18:27:342[cInfo        ] --------------------|  END BUFFER MESH INFO  |--------------------------------------
2016-08-20 16:18:27:343[cInfo        ] 

2016-08-20 16:18:27:344[cInfo        ] 
-----------------------------------------------------------------------
 BufferInfo::CreateBuffers()[0] Created buffers:| VERTEX [5] with [864] bytes. || INDEX [6] with [0] bytes |
-----------------------------------------------------------------------

2016-08-20 16:18:27:347[cInfo        ] --------BufferInfo::AddMesh() Added mesh successfully-------
2016-08-20 16:18:27:348[cInfo        ] 
2016-08-20 16:18:27:350[cInfo        ] --------------------| START BUFFER MESH INFO |-------------------------------------
2016-08-20 16:18:27:352[cInfo        ] BufferInfo::AddMesh(): NUM VERTS-----------------[36]
2016-08-20 16:18:27:352[cInfo        ] BufferInfo::AddMesh(): NUM INDICES---------------[0]
2016-08-20 16:18:27:353[cInfo        ] BufferInfo::AddMesh(): VERT OFFSET---------------[0]
2016-08-20 16:18:27:354[cInfo        ] BufferInfo::AddMesh(): INDICES OFFSET (BYTES)----[0]
2016-08-20 16:18:27:355[cInfo        ] --------------------|  END BUFFER MESH INFO  |--------------------------------------
2016-08-20 16:18:27:356[cInfo        ] 

2016-08-20 16:18:27:357[cInfo        ] 
-----------------------------------------------------------------------
 BufferInfo::CreateBuffers()[0] Created buffers:| VERTEX [7] with [144] bytes. || INDEX [8] with [0] bytes |
-----------------------------------------------------------------------

2016-08-20 16:18:27:361[cInfo        ] --------BufferInfo::AddMesh() Added mesh successfully-------
2016-08-20 16:18:27:362[cInfo        ] 
2016-08-20 16:18:27:362[cInfo        ] --------------------| START BUFFER MESH INFO |-------------------------------------
2016-08-20 16:18:27:363[cInfo        ] BufferInfo::AddMesh(): NUM VERTS-----------------[6]
2016-08-20 16:18:27:364[cInfo        ] BufferInfo::AddMesh(): NUM INDICES---------------[0]
2016-08-20 16:18:27:365[cInfo        ] BufferInfo::AddMesh(): VERT OFFSET---------------[0]
2016-08-20 16:18:27:366[cInfo        ] BufferInfo::AddMesh(): INDICES OFFSET (BYTES)----[0]
2016-08-20 16:18:27:367[cInfo        ] --------------------|  END BUFFER MESH INFO  |--------------------------------------
2016-08-20 16:18:27:369[cInfo        ] 

2016-08-20 16:18:27:370[cProcess     ] BufferManager::Initialize() successful.
2016-08-20 16:18:27:371[cInfo        ] 
-----------------------------------------------------------------------
 BufferInfo::CreateBuffers()[0] Created buffers:| VERTEX [9] with [1000000] bytes. || INDEX [10] with [1000000] bytes |
-----------------------------------------------------------------------

2016-08-20 16:18:27:374[cInfo        ] --------BufferInfo::AddMesh() Added mesh successfully-------
2016-08-20 16:18:27:375[cInfo        ] 
2016-08-20 16:18:27:375[cInfo        ] --------------------| START BUFFER MESH INFO |-------------------------------------
2016-08-20 16:18:27:376[cInfo        ] BufferInfo::AddMesh(): NUM VERTS-----------------[24]
2016-08-20 16:18:27:377[cInfo        ] BufferInfo::AddMesh(): NUM INDICES---------------[36]
2016-08-20 16:18:27:379[cInfo        ] BufferInfo::AddMesh(): VERT OFFSET---------------[0]
2016-08-20 16:18:27:380[cInfo        ] BufferInfo::AddMesh(): INDICES OFFSET (BYTES)----[0]
2016-08-20 16:18:27:381[cInfo        ] --------------------|  END BUFFER MESH INFO  |--------------------------------------
2016-08-20 16:18:27:383[cInfo        ] 

2016-08-20 16:18:27:385[cProcess     ] BufferManager::Initialize() successful.
2016-08-20 16:18:27:387[cInfo        ] 
-----------------------------------------------------------------------
 BufferInfo::CreateBuffers()[1] Created buffers:| VERTEX [11] with [1000000] bytes. || INDEX [12] with [1000000] bytes |
-----------------------------------------------------------------------

2016-08-20 16:18:27:392[cInfo        ] --------BufferInfo::AddMesh() Added mesh successfully-------
2016-08-20 16:18:27:393[cInfo        ] 
2016-08-20 16:18:27:394[cInfo        ] --------------------| START BUFFER MESH INFO |-------------------------------------
2016-08-20 16:18:27:395[cInfo        ] BufferInfo::AddMesh(): NUM VERTS-----------------[1536]
2016-08-20 16:18:27:396[cInfo        ] BufferInfo::AddMesh(): NUM INDICES---------------[3072]
2016-08-20 16:18:27:397[cInfo        ] BufferInfo::AddMesh(): VERT OFFSET---------------[0]
2016-08-20 16:18:27:398[cInfo        ] BufferInfo::AddMesh(): INDICES OFFSET (BYTES)----[0]
2016-08-20 16:18:27:399[cInfo        ] --------------------|  END BUFFER MESH INFO  |--------------------------------------
2016-08-20 16:18:27:401[cInfo        ] 

2016-08-20 16:18:27:402[cInfo        ] 
-----------------------------------------------------------------------
 BufferInfo::CreateBuffers()[0] Created buffers:| VERTEX [13] with [3936] bytes. || INDEX [14] with [0] bytes |
-----------------------------------------------------------------------

2016-08-20 16:18:27:405[cInfo        ] --------BufferInfo::AddMesh() Added mesh successfully-------
2016-08-20 16:18:27:406[cInfo        ] 
2016-08-20 16:18:27:407[cInfo        ] --------------------| START BUFFER MESH INFO |-------------------------------------
2016-08-20 16:18:27:408[cInfo        ] BufferInfo::AddMesh(): NUM VERTS-----------------[164]
2016-08-20 16:18:27:410[cInfo        ] BufferInfo::AddMesh(): NUM INDICES---------------[0]
2016-08-20 16:18:27:410[cInfo        ] BufferInfo::AddMesh(): VERT OFFSET---------------[0]
2016-08-20 16:18:27:411[cInfo        ] BufferInfo::AddMesh(): INDICES OFFSET (BYTES)----[0]
2016-08-20 16:18:27:412[cInfo        ] --------------------|  END BUFFER MESH INFO  |--------------------------------------
2016-08-20 16:18:27:413[cInfo        ] 

2016-08-20 16:18:27:414[cProcess     ] ShapeGenerator initialized successfully.
2016-08-20 16:18:27:414[cProcess     ] Camera::Initialize() successful.
2016-08-20 16:18:27:415[cProcess     ] Keyboard::Initialize() successful
2016-08-20 16:18:27:418[cProcess     ] Keyboard::Initialize() successful
2016-08-20 16:18:27:431[cInfo        ] 
-----------------------------------------------------------------------
 BufferInfo::CreateBuffers()[0] Created buffers:| VERTEX [15] with [10810368] bytes. || INDEX [16] with [0] bytes |
-----------------------------------------------------------------------

2016-08-20 16:18:27:464[cInfo        ] --------BufferInfo::AddMesh() Added mesh successfully-------
2016-08-20 16:18:27:466[cInfo        ] 
2016-08-20 16:18:27:467[cInfo        ] --------------------| START BUFFER MESH INFO |-------------------------------------
2016-08-20 16:18:27:469[cInfo        ] BufferInfo::AddMesh(): NUM VERTS-----------------[337824]
2016-08-20 16:18:27:471[cInfo        ] BufferInfo::AddMesh(): NUM INDICES---------------[0]
2016-08-20 16:18:27:472[cInfo        ] BufferInfo::AddMesh(): VERT OFFSET---------------[0]
2016-08-20 16:18:27:473[cInfo        ] BufferInfo::AddMesh(): INDICES OFFSET (BYTES)----[0]
2016-08-20 16:18:27:475[cInfo        ] --------------------|  END BUFFER MESH INFO  |--------------------------------------
2016-08-20 16:18:27:476[cInfo        ] 

2016-08-20 16:18:27:519[Info         ] ShapeGenerator::ReadSceneFile(): Added new scene [..\Data\Scenes\Dargon.ptn.scene] successfully.
2016-08-20 16:18:27:519[cInfo        ] EntityManager::BuildPlayerEntity(): Built [Dargon] successfully
2016-08-20 16:18:27:524[cProcess     ] BufferManager::Initialize() successful.
2016-08-20 16:18:27:531[cInfo        ] 
-----------------------------------------------------------------------
 BufferInfo::CreateBuffers()[2] Created buffers:| VERTEX [17] with [1000000] bytes. || INDEX [18] with [1000000] bytes |
-----------------------------------------------------------------------

2016-08-20 16:18:27:537[cInfo        ] --------BufferInfo::AddMesh() Added mesh successfully-------
2016-08-20 16:18:27:539[cInfo        ] 
2016-08-20 16:18:27:539[cInfo        ] --------------------| START BUFFER MESH INFO |-------------------------------------
2016-08-20 16:18:27:541[cInfo        ] BufferInfo::AddMesh(): NUM VERTS-----------------[36]
2016-08-20 16:18:27:543[cInfo        ] BufferInfo::AddMesh(): NUM INDICES---------------[0]
2016-08-20 16:18:27:544[cInfo        ] BufferInfo::AddMesh(): VERT OFFSET---------------[0]
2016-08-20 16:18:27:545[cInfo        ] BufferInfo::AddMesh(): INDICES OFFSET (BYTES)----[0]
2016-08-20 16:18:27:547[cInfo        ] --------------------|  END BUFFER MESH INFO  |--------------------------------------
2016-08-20 16:18:27:549[cInfo        ] 

2016-08-20 16:18:27:550[Info         ] ShapeGenerator::ReadSceneFile(): Added new scene [..\Data\Scenes\Cube.pn.scene] successfully.
2016-08-20 16:18:27:551[cProcess     ] BufferManager::Initialize() successful.
2016-08-20 16:18:27:552[cInfo        ] 
-----------------------------------------------------------------------
 BufferInfo::CreateBuffers()[3] Created buffers:| VERTEX [19] with [1000000] bytes. || INDEX [20] with [1000000] bytes |
-----------------------------------------------------------------------

2016-08-20 16:18:27:558[cInfo        ] --------BufferInfo::AddMesh() Added mesh successfully-------
2016-08-20 16:18:27:559[cInfo        ] 
2016-08-20 16:18:27:560[cInfo        ] --------------------| START BUFFER MESH INFO |-------------------------------------
2016-08-20 16:18:27:561[cInfo        ] BufferInfo::AddMesh(): NUM VERTS-----------------[8718]
2016-08-20 16:18:27:562[cInfo        ] BufferInfo::AddMesh(): NUM INDICES---------------[0]
2016-08-20 16:18:27:562[cInfo        ] BufferInfo::AddMesh(): VERT OFFSET---------------[0]
2016-08-20 16:18:27:563[cInfo        ] BufferInfo::AddMesh(): INDICES OFFSET (BYTES)----[0]
2016-08-20 16:18:27:564[cInfo        ] --------------------|  END BUFFER MESH INFO  |--------------------------------------
2016-08-20 16:18:27:567[cInfo        ] 

2016-08-20 16:18:27:569[Info         ] ShapeGenerator::ReadSceneFile(): Added new scene [..\Data\Scenes\AIWorld.ptn.scene] successfully.
2016-08-20 16:18:27:570[cInfo        ] --------BufferInfo::AddMesh() Added mesh successfully-------
2016-08-20 16:18:27:571[cInfo        ] 
2016-08-20 16:18:27:571[cInfo        ] --------------------| START BUFFER MESH INFO |-------------------------------------
2016-08-20 16:18:27:572[cInfo        ] BufferInfo::AddMesh(): NUM VERTS-----------------[18]
2016-08-20 16:18:27:573[cInfo        ] BufferInfo::AddMesh(): NUM INDICES---------------[0]
2016-08-20 16:18:27:575[cInfo        ] BufferInfo::AddMesh(): VERT OFFSET---------------[36]
2016-08-20 16:18:27:576[cInfo        ] BufferInfo::AddMesh(): INDICES OFFSET (BYTES)----[0]
2016-08-20 16:18:27:577[cInfo        ] --------------------|  END BUFFER MESH INFO  |--------------------------------------
2016-08-20 16:18:27:578[cInfo        ] 

2016-08-20 16:18:27:580[Info         ] ShapeGenerator::ReadSceneFile(): Added new scene [..\Data\Scenes\Pyramid.pn.scene] successfully.
2016-08-20 16:18:27:586[cInfo        ] 
-----------------------------------------------------------------------
 BufferInfo::CreateBuffers()[0] Created buffers:| VERTEX [21] with [5529600] bytes. || INDEX [22] with [0] bytes |
-----------------------------------------------------------------------

2016-08-20 16:18:27:608[cInfo        ] --------BufferInfo::AddMesh() Added mesh successfully-------
2016-08-20 16:18:27:610[cInfo        ] 
2016-08-20 16:18:27:610[cInfo        ] --------------------| START BUFFER MESH INFO |-------------------------------------
2016-08-20 16:18:27:611[cInfo        ] BufferInfo::AddMesh(): NUM VERTS-----------------[172800]
2016-08-20 16:18:27:612[cInfo        ] BufferInfo::AddMesh(): NUM INDICES---------------[0]
2016-08-20 16:18:27:613[cInfo        ] BufferInfo::AddMesh(): VERT OFFSET---------------[0]
2016-08-20 16:18:27:614[cInfo        ] BufferInfo::AddMesh(): INDICES OFFSET (BYTES)----[0]
2016-08-20 16:18:27:615[cInfo        ] --------------------|  END BUFFER MESH INFO  |--------------------------------------
2016-08-20 16:18:27:617[cInfo        ] 

2016-08-20 16:18:27:618[Info         ] ShapeGenerator::ReadSceneFile(): Added new scene [..\Data\Scenes\WaterPlane.ptn.scene] successfully.
2016-08-20 16:18:27:619[cProcess     ] Camera::Initialize() successful.
2016-08-20 16:18:27:629[cProcess     ] BufferManager::Initialize() successful.
2016-08-20 16:18:27:630[cInfo        ] 
-----------------------------------------------------------------------
 BufferInfo::CreateBuffers()[4] Created buffers:| VERTEX [23] with [8107776] bytes. || INDEX [24] with [0] bytes |
-----------------------------------------------------------------------

2016-08-20 16:18:27:650[cInfo        ] --------BufferInfo::AddMesh() Added mesh successfully-------
2016-08-20 16:18:27:651[cInfo        ] 
2016-08-20 16:18:27:652[cInfo        ] --------------------| START BUFFER MESH INFO |-------------------------------------
2016-08-20 16:18:27:653[cInfo        ] BufferInfo::AddMesh(): NUM VERTS-----------------[337824]
2016-08-20 16:18:27:655[cInfo        ] BufferInfo::AddMesh(): NUM INDICES---------------[0]
2016-08-20 16:18:27:655[cInfo        ] BufferInfo::AddMesh(): VERT OFFSET---------------[0]
2016-08-20 16:18:27:656[cInfo        ] BufferInfo::AddMesh(): INDICES OFFSET (BYTES)----[0]
2016-08-20 16:18:27:658[cInfo        ] --------------------|  END BUFFER MESH INFO  |--------------------------------------
2016-08-20 16:18:27:659[cInfo        ] 

2016-08-20 16:18:27:660[Info         ] ShapeGenerator::ReadSceneFile(): Added new scene [..\Data\Scenes\Dargon.pn.scene] successfully.
2016-08-20 16:18:27:660[cProcess     ] BufferManager::Initialize() successful.
2016-08-20 16:18:27:660[cInfo        ] 
-----------------------------------------------------------------------
 BufferInfo::CreateBuffers()[5] Created buffers:| VERTEX [25] with [1000000] bytes. || INDEX [26] with [1000000] bytes |
-----------------------------------------------------------------------

2016-08-20 16:18:27:666[cInfo        ] --------BufferInfo::AddMesh() Added mesh successfully-------
2016-08-20 16:18:27:667[cInfo        ] 
2016-08-20 16:18:27:667[cInfo        ] --------------------| START BUFFER MESH INFO |-------------------------------------
2016-08-20 16:18:27:668[cInfo        ] BufferInfo::AddMesh(): NUM VERTS-----------------[6]
2016-08-20 16:18:27:669[cInfo        ] BufferInfo::AddMesh(): NUM INDICES---------------[0]
2016-08-20 16:18:27:670[cInfo        ] BufferInfo::AddMesh(): VERT OFFSET---------------[0]
2016-08-20 16:18:27:671[cInfo        ] BufferInfo::AddMesh(): INDICES OFFSET (BYTES)----[0]
2016-08-20 16:18:27:672[cInfo        ] --------------------|  END BUFFER MESH INFO  |--------------------------------------
2016-08-20 16:18:27:674[cInfo        ] 

2016-08-20 16:18:27:674[cProcess     ] BodaciousQuest::Initialize() successful.
2016-08-20 16:18:27:675[Process      ] GameTime::Initialize() ok

2016-08-20 16:18:27:675[cProcess     ] MyWindow::Initialize() successful!
2016-08-20 16:18:30:297[cProcess     ] BufferManager::Shutdown() successful.
2016-08-20 16:18:30:299[cProcess     ] RenderEngine::Shutdown() successful.
2016-08-20 16:18:30:300[cProcess     ] Camera::Shutdown() successful.
2016-08-20 16:18:30:301[Info         ] Shader  [2] deleting...
2016-08-20 16:18:30:301[Info         ] Shader  [2] deleted successfully.
2016-08-20 16:18:30:301[Info         ] Shader  [3] deleting...
2016-08-20 16:18:30:301[Info         ] Shader  [3] deleted successfully.
2016-08-20 16:18:30:301[Info         ] All shaders deleted successfully.
2016-08-20 16:18:30:301[cInfo        ] Program [1] deleted successfully.
2016-08-20 16:18:30:301[Process      ] ShaderProgram[1]::Shutdown successful!
2016-08-20 16:18:30:302[Info         ] Shader  [5] deleting...
2016-08-20 16:18:30:302[Info         ] Shader  [5] deleted successfully.
2016-08-20 16:18:30:302[Info         ] Shader  [6] deleting...
2016-08-20 16:18:30:302[Info         ] Shader  [6] deleted successfully.
2016-08-20 16:18:30:302[Info         ] All shaders deleted successfully.
2016-08-20 16:18:30:302[cInfo        ] Program [4] deleted successfully.
2016-08-20 16:18:30:302[Process      ] ShaderProgram[4]::Shutdown successful!
2016-08-20 16:18:30:303[Info         ] Shader  [8] deleting...
2016-08-20 16:18:30:303[Info         ] Shader  [8] deleted successfully.
2016-08-20 16:18:30:303[Info         ] Shader  [9] deleting...
2016-08-20 16:18:30:303[Info         ] Shader  [9] deleted successfully.
2016-08-20 16:18:30:303[Info         ] All shaders deleted successfully.
2016-08-20 16:18:30:303[cInfo        ] Program [7] deleted successfully.
2016-08-20 16:18:30:303[Process      ] ShaderProgram[7]::Shutdown successful!
2016-08-20 16:18:30:303[Info         ] Shader  [11] deleting...
2016-08-20 16:18:30:303[Info         ] Shader  [11] deleted successfully.
2016-08-20 16:18:30:303[Info         ] Shader  [12] deleting...
2016-08-20 16:18:30:304[Info         ] Shader  [12] deleted successfully.
2016-08-20 16:18:30:304[Info         ] All shaders deleted successfully.
2016-08-20 16:18:30:304[cInfo        ] Program [10] deleted successfully.
2016-08-20 16:18:30:304[Process      ] ShaderProgram[10]::Shutdown successful!
2016-08-20 16:18:30:304[Info         ] Shader  [14] deleting...
2016-08-20 16:18:30:304[Info         ] Shader  [14] deleted successfully.
2016-08-20 16:18:30:304[Info         ] Shader  [15] deleting...
2016-08-20 16:18:30:304[Info         ] Shader  [15] deleted successfully.
2016-08-20 16:18:30:304[Info         ] All shaders deleted successfully.
2016-08-20 16:18:30:304[cInfo        ] Program [13] deleted successfully.
2016-08-20 16:18:30:305[Process      ] ShaderProgram[13]::Shutdown successful!
2016-08-20 16:18:30:305[Info         ] Shader  [17] deleting...
2016-08-20 16:18:30:305[Info         ] Shader  [17] deleted successfully.
2016-08-20 16:18:30:305[Info         ] Shader  [18] deleting...
2016-08-20 16:18:30:305[Info         ] Shader  [18] deleted successfully.
2016-08-20 16:18:30:305[Info         ] All shaders deleted successfully.
2016-08-20 16:18:30:305[cInfo        ] Program [16] deleted successfully.
2016-08-20 16:18:30:306[Process      ] ShaderProgram[16]::Shutdown successful!
2016-08-20 16:18:30:306[Info         ] Shader  [20] deleting...
2016-08-20 16:18:30:306[Info         ] Shader  [20] deleted successfully.
2016-08-20 16:18:30:306[Info         ] Shader  [21] deleting...
2016-08-20 16:18:30:306[Info         ] Shader  [21] deleted successfully.
2016-08-20 16:18:30:306[Info         ] All shaders deleted successfully.
2016-08-20 16:18:30:306[cInfo        ] Program [19] deleted successfully.
2016-08-20 16:18:30:308[Process      ] ShaderProgram[19]::Shutdown successful!
2016-08-20 16:18:30:308[cProcess     ] MyWindow::Shutdown() successful!
2016-08-20 16:18:30:309[cProcess     ] BodaciousQuest::Shutdown() successful.
2016-08-20 16:18:30:320[Process      ] ConfigReader shut down successfully
2016-08-20 16:18:30:320[Process      ] GameLogger::ShutDown() successful
