2016-08-18 17:04:13:867[Process      ] GameLogger::Initialize() opened log file [..\Data\LogFiles\2016-08-18 17-04-13.BodaciousQuest.log] for writing
2016-08-18 17:04:13:867[Info         ] GameLogger::Initialize() successful
2016-08-18 17:04:13:867[Process      ] ConfigReader opened [..\Data\BodaciousQuest.config] successfully
2016-08-18 17:04:13:867[Info         ] ConfigReader initialized successfully
2016-08-18 17:04:13:867[Info         ] Valid KVP [BodaciousQuest.ShowFullScreen] [false] added
2016-08-18 17:04:13:867[Info         ] Valid KVP [BodaciousQuest.FpsInterval] [5.0] added
2016-08-18 17:04:13:868[Info         ] Valid KVP [BodaciousQuest.EnableControls] [true] added
2016-08-18 17:04:13:868[Info         ] Valid KVP [BodaciousQuest.LoadCubeFirst] [true] added
2016-08-18 17:04:13:868[Info         ] Valid KVP [BodaciousQuest.CameraWalkMode] [false] added
2016-08-18 17:04:13:868[Info         ] Valid KVP [BodaciousQuest.GridSize] [40] added
2016-08-18 17:04:13:868[Info         ] Valid KVP [BodaciousQuest.LightingTest.Ambient.Color] [1.0  1.0  1.0] added
2016-08-18 17:04:13:868[Info         ] Valid KVP [BodaciousQuest.LightingTest.Diffuse.Color] [1.0  1.0  1.0] added
2016-08-18 17:04:13:868[Info         ] Valid KVP [BodaciousQuest.LightingTest.Specular.Color] [0.0  0.0  0.0] added
2016-08-18 17:04:13:868[Info         ] Valid KVP [BodaciousQuest.LightingTest.Ambient.Reflectivity] [0.01] added
2016-08-18 17:04:13:868[Info         ] Valid KVP [BodaciousQuest.LightingTest.Diffuse.Reflectivity] [0.6] added
2016-08-18 17:04:13:868[Info         ] Valid KVP [BodaciousQuest.LightingTest.Specular.Reflectivity] [0.5] added
2016-08-18 17:04:13:868[Info         ] Valid KVP [BodaciousQuest.LightingTest.Specular.Shininess] [1.0] added
2016-08-18 17:04:13:868[Info         ] Valid KVP [BodaciousQuest.LightingTest.Falloff.A] [1.0] added
2016-08-18 17:04:13:868[Info         ] Valid KVP [BodaciousQuest.LightingTest.Falloff.B] [0.01] added
2016-08-18 17:04:13:868[Info         ] Valid KVP [BodaciousQuest.LightingTest.Falloff.C] [0.1] added
2016-08-18 17:04:13:868[Info         ] Valid KVP [BodaciousQuest.LightingTest.Directional] [false] added
2016-08-18 17:04:13:868[Info         ] Valid KVP [BodaciousQuest.LightingTest.Direction] [-1.0 0.0 1.0] added
2016-08-18 17:04:13:868[Info         ] Valid KVP [BodaciousQuest.LightingTest.Light.Position] [-0.875458 3.673020 1.043331] added
2016-08-18 17:04:13:868[Info         ] Valid KVP [BodaciousQuest.LightingTest.Dargon.Color] [1.0 1.0 0.4] added
2016-08-18 17:04:13:868[Info         ] Valid KVP [ObjConverter.Mode.VertexType] [p] added
2016-08-18 17:04:13:868[Info         ] Valid KVP [ObjConverter.Mode.Analyze] [false] added
2016-08-18 17:04:13:868[Info         ] Valid KVP [ObjConverter.Model] [AIWorld] added
2016-08-18 17:04:13:868[Info         ] Valid KVP [ObjConverter.Shader] [0] added
2016-08-18 17:04:13:868[Info         ] Valid KVP [ObjConverter.Color] [random] added
2016-08-18 17:04:13:868[Info         ] Valid KVP [ObjConverter.Obj.InputFileFolder] [..\\Data\\Objs\\] added
2016-08-18 17:04:13:868[Info         ] Valid KVP [ObjConverter.Scene.OutputFileFolder] [..\\Data\\Scenes\\] added
2016-08-18 17:04:13:868[Info         ] Valid KVP [ObjConverter.Model.Dargon.NumVerts] [57967] added
2016-08-18 17:04:13:868[Info         ] Valid KVP [ObjConverter.Model.Dargon.NumIndices] [337824] added
2016-08-18 17:04:13:868[Info         ] Valid KVP [ObjConverter.Model.Dargon.NumTexCoords] [60175] added
2016-08-18 17:04:13:868[Info         ] Valid KVP [ObjConverter.Model.Dargon.NumNormals] [337824] added
2016-08-18 17:04:13:868[Info         ] Valid KVP [ObjConverter.Model.Swamp.NumVerts] [2735] added
2016-08-18 17:04:13:868[Info         ] Valid KVP [ObjConverter.Model.Swamp.NumIndices] [8556] added
2016-08-18 17:04:13:868[Info         ] Valid KVP [ObjConverter.Model.Swamp.NumTexCoords] [3622] added
2016-08-18 17:04:13:868[Info         ] Valid KVP [ObjConverter.Model.Swamp.NumNormals] [5156] added
2016-08-18 17:04:13:868[Info         ] Valid KVP [ObjConverter.Model.Pyramid.NumVerts] [5] added
2016-08-18 17:04:13:868[Info         ] Valid KVP [ObjConverter.Model.Pyramid.NumIndices] [18] added
2016-08-18 17:04:13:868[Info         ] Valid KVP [ObjConverter.Model.Pyramid.NumTexCoords] [10] added
2016-08-18 17:04:13:868[Info         ] Valid KVP [ObjConverter.Model.Pyramid.NumNormals] [16] added
2016-08-18 17:04:13:868[Info         ] Valid KVP [ObjConverter.Model.AIWorld.NumVerts] [1957] added
2016-08-18 17:04:13:868[Info         ] Valid KVP [ObjConverter.Model.AIWorld.NumIndices] [8718] added
2016-08-18 17:04:13:868[Info         ] Valid KVP [ObjConverter.Model.AIWorld.NumTexCoords] [4186] added
2016-08-18 17:04:13:868[Info         ] Valid KVP [ObjConverter.Model.AIWorld.NumNormals] [5418] added
2016-08-18 17:04:13:868[Info         ] Valid KVP [ObjConverter.Model.GameWeapon.NumVerts] [2068] added
2016-08-18 17:04:13:868[Info         ] Valid KVP [ObjConverter.Model.GameWeapon.NumIndices] [9894] added
2016-08-18 17:04:13:868[Info         ] Valid KVP [ObjConverter.Model.GameWeapon.NumTexCoords] [0] added
2016-08-18 17:04:13:868[Info         ] Valid KVP [ObjConverter.Model.GameWeapon.NumNormals] [0] added
2016-08-18 17:04:13:868[Info         ] Valid KVP [ObjConverter.Model.Chicken.NumVerts] [224] added
2016-08-18 17:04:13:868[Info         ] Valid KVP [ObjConverter.Model.Chicken.NumIndices] [1374] added
2016-08-18 17:04:13:868[Info         ] Valid KVP [ObjConverter.Model.Chicken.NumTexCoords] [472] added
2016-08-18 17:04:13:869[Info         ] Valid KVP [ObjConverter.Model.Chicken.NumNormals] [565] added
2016-08-18 17:04:13:869[Info         ] Valid KVP [ObjConverter.Model.WaterPlane.NumVerts] [29282] added
2016-08-18 17:04:13:869[Info         ] Valid KVP [ObjConverter.Model.WaterPlane.NumIndices] [172800] added
2016-08-18 17:04:13:869[Info         ] Valid KVP [ObjConverter.Model.WaterPlane.NumTexCoords] [29282] added
2016-08-18 17:04:13:869[Info         ] Valid KVP [ObjConverter.Model.WaterPlane.NumNormals] [172800] added
2016-08-18 17:04:13:869[Info         ] Valid KVP [ObjConverter.Model.Cube.NumVerts] [8] added
2016-08-18 17:04:13:869[Info         ] Valid KVP [ObjConverter.Model.Cube.NumIndices] [36] added
2016-08-18 17:04:13:869[Info         ] Valid KVP [ObjConverter.Model.Cube.NumTexCoords] [14] added
2016-08-18 17:04:13:869[Info         ] Valid KVP [ObjConverter.Model.Cube.NumNormals] [24] added
2016-08-18 17:04:13:869[Info         ] Valid KVP [ObjConverter.Model.Barrel.NumVerts] [172] added
2016-08-18 17:04:13:869[Info         ] Valid KVP [ObjConverter.Model.Barrel.NumIndices] [1008] added
2016-08-18 17:04:13:869[Info         ] Valid KVP [ObjConverter.Model.Barrel.NumTexCoords] [328] added
2016-08-18 17:04:13:869[Info         ] Valid KVP [ObjConverter.Model.Barrel.NumNormals] [204] added
2016-08-18 17:04:13:869[Info         ] Valid KVP [ObjConverter.Model.SkyBox.NumVerts] [8] added
2016-08-18 17:04:13:869[Info         ] Valid KVP [ObjConverter.Model.SkyBox.NumIndices] [36] added
2016-08-18 17:04:13:869[Info         ] Valid KVP [ObjConverter.Model.SkyBox.NumTexCoords] [18] added
2016-08-18 17:04:13:869[Info         ] Valid KVP [ObjConverter.Model.SkyBox.NumNormals] [24] added
2016-08-18 17:04:13:943[cInfo        ] Config reader opened [..\Data\BodaciousQuest.config] for reading!
2016-08-18 17:04:14:031[Process      ] ShaderManager Initialized successfully
2016-08-18 17:04:14:031[Info         ] Shader Init started
2016-08-18 17:04:14:031[Info         ] Shader Program created.
2016-08-18 17:04:14:031[Process      ] ShaderProgram::Initialize()[1] successful!
2016-08-18 17:04:14:031[Debug        ] File [..\Data\shaders\debug.vert.shader] Opened successfully! Buffer Length:[291]
2016-08-18 17:04:14:031[Debug        ] Shader file [..\Data\shaders\debug.vert.shader] contents:
//BEGIN
#version 430 core

layout(location = 0)  in vec3 vPosition;

layout(location = 15) uniform vec3 colorin;
layout(location = 16) uniform mat4 MAT;

out vec4 color;

void main()
{
	vec4 vertPos = vec4(vPosition, 1.0);
	gl_Position = MAT *  vertPos;
	color = vec4(colorin, 1.0);
}
//END

2016-08-18 17:04:14:031[Debug        ]  ShaderProgram::AddShader() file with data was read in
2016-08-18 17:04:14:031[Debug        ] ShaderProgram::AddShader() : glShaderSource() successful
2016-08-18 17:04:14:032[Debug        ] ShaderProgram::AddShader() : glCompileShader() successful
2016-08-18 17:04:14:032[Info         ] ShaderProgram::CheckShaderCompileStatus(2) successful.
2016-08-18 17:04:14:032[Debug        ] ShaderProgram::AddShader() : glCompileShader() successful
2016-08-18 17:04:14:032[Info         ] ShaderInfo saved successfully.
2016-08-18 17:04:14:032[Debug        ] ShaderProgram::AddShader() : glAttachShader() successful
2016-08-18 17:04:14:032[Info         ] ShaderProgram::AddShader [2] successful.
2016-08-18 17:04:14:032[Debug        ] File [..\Data\shaders\debug.frag.shader] Opened successfully! Buffer Length:[104]
2016-08-18 17:04:14:032[Debug        ] Shader file [..\Data\shaders\debug.frag.shader] contents:
//BEGIN
#version 430 core


in  vec4 color;
out vec4 outColor;

void main()
{
	outColor = color;
}


//END

2016-08-18 17:04:14:032[Debug        ]  ShaderProgram::AddShader() file with data was read in
2016-08-18 17:04:14:032[Debug        ] ShaderProgram::AddShader() : glShaderSource() successful
2016-08-18 17:04:14:032[Debug        ] ShaderProgram::AddShader() : glCompileShader() successful
2016-08-18 17:04:14:032[Info         ] ShaderProgram::CheckShaderCompileStatus(3) successful.
2016-08-18 17:04:14:032[Debug        ] ShaderProgram::AddShader() : glCompileShader() successful
2016-08-18 17:04:14:032[Info         ] ShaderInfo saved successfully.
2016-08-18 17:04:14:032[Debug        ] ShaderProgram::AddShader() : glAttachShader() successful
2016-08-18 17:04:14:032[Info         ] ShaderProgram::AddShader [3] successful.
2016-08-18 17:04:14:034[Info         ] CheckProgramStatus() successful!
2016-08-18 17:04:14:034[Info         ] CheckProgramStatus() successful!
2016-08-18 17:04:14:034[Info         ] Shader Init started
2016-08-18 17:04:14:034[Info         ] Shader Program created.
2016-08-18 17:04:14:034[Process      ] ShaderProgram::Initialize()[4] successful!
2016-08-18 17:04:14:034[Debug        ] File [..\Data\shaders\play.vert.shader] Opened successfully! Buffer Length:[343]
2016-08-18 17:04:14:034[Debug        ] Shader file [..\Data\shaders\play.vert.shader] contents:
//BEGIN
#version 430 core

layout (location = 0)  in vec3 vPosition;
layout (location = 1)  in vec3 vColor;
layout (location = 15) uniform vec3 colorin;
layout (location = 16) uniform mat4 MAT;

out vec4 color;

void main()
{
	vec4 vertPos = vec4(vPosition, 1.0);
	gl_Position = MAT *  vertPos;
	color = vec4((vColor + colorin), 1.0);
}
//END

2016-08-18 17:04:14:034[Debug        ]  ShaderProgram::AddShader() file with data was read in
2016-08-18 17:04:14:034[Debug        ] ShaderProgram::AddShader() : glShaderSource() successful
2016-08-18 17:04:14:034[Debug        ] ShaderProgram::AddShader() : glCompileShader() successful
2016-08-18 17:04:14:034[Info         ] ShaderProgram::CheckShaderCompileStatus(5) successful.
2016-08-18 17:04:14:034[Debug        ] ShaderProgram::AddShader() : glCompileShader() successful
2016-08-18 17:04:14:034[Info         ] ShaderInfo saved successfully.
2016-08-18 17:04:14:034[Debug        ] ShaderProgram::AddShader() : glAttachShader() successful
2016-08-18 17:04:14:034[Info         ] ShaderProgram::AddShader [5] successful.
2016-08-18 17:04:14:034[Debug        ] File [..\Data\shaders\play.frag.shader] Opened successfully! Buffer Length:[391]
2016-08-18 17:04:14:034[Debug        ] Shader file [..\Data\shaders\play.frag.shader] contents:
//BEGIN
#version 430 core


in  vec4 color;
out vec4 outColor;

void main()
{

	//if (color.r < .7) discard;
	outColor = color;

	//if(((gl_FragCoord.x  > 600)&& (gl_FragCoord.y < 300)) || ((gl_FragCoord.y < 300)  && (gl_FragCoord.x  < 600) )) {
	//discard;
	//}

	//vec2 scrPos = vec2(gl_FragCoord) - vec2(350,150);
	//float len =  length(scrPos);
	//if(len < 50 )discard;
}


//END

2016-08-18 17:04:14:034[Debug        ]  ShaderProgram::AddShader() file with data was read in
2016-08-18 17:04:14:034[Debug        ] ShaderProgram::AddShader() : glShaderSource() successful
2016-08-18 17:04:14:035[Debug        ] ShaderProgram::AddShader() : glCompileShader() successful
2016-08-18 17:04:14:035[Info         ] ShaderProgram::CheckShaderCompileStatus(6) successful.
2016-08-18 17:04:14:035[Debug        ] ShaderProgram::AddShader() : glCompileShader() successful
2016-08-18 17:04:14:035[Info         ] ShaderInfo saved successfully.
2016-08-18 17:04:14:035[Debug        ] ShaderProgram::AddShader() : glAttachShader() successful
2016-08-18 17:04:14:035[Info         ] ShaderProgram::AddShader [6] successful.
2016-08-18 17:04:14:035[Info         ] CheckProgramStatus() successful!
2016-08-18 17:04:14:036[Info         ] CheckProgramStatus() successful!
2016-08-18 17:04:14:036[Info         ] Shader Init started
2016-08-18 17:04:14:036[Info         ] Shader Program created.
2016-08-18 17:04:14:036[Process      ] ShaderProgram::Initialize()[7] successful!
2016-08-18 17:04:14:036[Debug        ] File [..\Data\shaders\texture.vert.shader] Opened successfully! Buffer Length:[305]
2016-08-18 17:04:14:036[Debug        ] Shader file [..\Data\shaders\texture.vert.shader] contents:
//BEGIN
#version 430 core

layout (location = 0)  in vec3 vPosition;
layout (location = 1)  in vec2 vUV;

layout (location = 16) uniform mat4 MAT;

//out data
out vec2 UV;

//out vec4 color;

void main()
{
	vec4 vertPos = vec4(vPosition, 1.0);
	gl_Position = MAT *  vertPos;

	UV = vUV;
	
	
}
//END

2016-08-18 17:04:14:036[Debug        ]  ShaderProgram::AddShader() file with data was read in
2016-08-18 17:04:14:036[Debug        ] ShaderProgram::AddShader() : glShaderSource() successful
2016-08-18 17:04:14:036[Debug        ] ShaderProgram::AddShader() : glCompileShader() successful
2016-08-18 17:04:14:036[Info         ] ShaderProgram::CheckShaderCompileStatus(8) successful.
2016-08-18 17:04:14:036[Debug        ] ShaderProgram::AddShader() : glCompileShader() successful
2016-08-18 17:04:14:036[Info         ] ShaderInfo saved successfully.
2016-08-18 17:04:14:036[Debug        ] ShaderProgram::AddShader() : glAttachShader() successful
2016-08-18 17:04:14:036[Info         ] ShaderProgram::AddShader [8] successful.
2016-08-18 17:04:14:036[Debug        ] File [..\Data\shaders\texture.frag.shader] Opened successfully! Buffer Length:[482]
2016-08-18 17:04:14:036[Debug        ] Shader file [..\Data\shaders\texture.frag.shader] contents:
//BEGIN
#version 430 core


in  vec2 UV;
out vec4 outColor;

layout(location = 20) uniform sampler2D textureSampler;

void main()
{

	//if (color.r < .7) discard;
	outColor = vec4(texture(textureSampler, UV).rgb, 1.0);

	//if(((gl_FragCoord.x  > 600)&& (gl_FragCoord.y < 300)) || ((gl_FragCoord.y < 300)  && (gl_FragCoord.x  < 600) )) {
	//discard;
	//}
	//vec2 scrPos = vec2(gl_FragCoord) - vec2(350,150);
	//float len =  length(scrPos);
	//if(len < 50 )discard;
}


//END

2016-08-18 17:04:14:036[Debug        ]  ShaderProgram::AddShader() file with data was read in
2016-08-18 17:04:14:036[Debug        ] ShaderProgram::AddShader() : glShaderSource() successful
2016-08-18 17:04:14:037[Debug        ] ShaderProgram::AddShader() : glCompileShader() successful
2016-08-18 17:04:14:037[Info         ] ShaderProgram::CheckShaderCompileStatus(9) successful.
2016-08-18 17:04:14:037[Debug        ] ShaderProgram::AddShader() : glCompileShader() successful
2016-08-18 17:04:14:037[Info         ] ShaderInfo saved successfully.
2016-08-18 17:04:14:037[Debug        ] ShaderProgram::AddShader() : glAttachShader() successful
2016-08-18 17:04:14:037[Info         ] ShaderProgram::AddShader [9] successful.
2016-08-18 17:04:14:038[Info         ] CheckProgramStatus() successful!
2016-08-18 17:04:14:038[Info         ] CheckProgramStatus() successful!
2016-08-18 17:04:14:038[Info         ] Shader Init started
2016-08-18 17:04:14:038[Info         ] Shader Program created.
2016-08-18 17:04:14:038[Process      ] ShaderProgram::Initialize()[10] successful!
2016-08-18 17:04:14:038[Debug        ] File [..\Data\shaders\framebuffer.vert.shader] Opened successfully! Buffer Length:[305]
2016-08-18 17:04:14:038[Debug        ] Shader file [..\Data\shaders\framebuffer.vert.shader] contents:
//BEGIN
#version 430 core

layout (location = 0)  in vec3 vPosition;
layout (location = 1)  in vec2 vUV;

layout (location = 16) uniform mat4 MAT;

//out data
out vec2 UV;

//out vec4 color;

void main()
{
	vec4 vertPos = vec4(vPosition, 1.0);
	gl_Position = MAT *  vertPos;

	UV = vUV;
	
	
}
//END

2016-08-18 17:04:14:038[Debug        ]  ShaderProgram::AddShader() file with data was read in
2016-08-18 17:04:14:038[Debug        ] ShaderProgram::AddShader() : glShaderSource() successful
2016-08-18 17:04:14:038[Debug        ] ShaderProgram::AddShader() : glCompileShader() successful
2016-08-18 17:04:14:038[Info         ] ShaderProgram::CheckShaderCompileStatus(11) successful.
2016-08-18 17:04:14:038[Debug        ] ShaderProgram::AddShader() : glCompileShader() successful
2016-08-18 17:04:14:038[Info         ] ShaderInfo saved successfully.
2016-08-18 17:04:14:038[Debug        ] ShaderProgram::AddShader() : glAttachShader() successful
2016-08-18 17:04:14:038[Info         ] ShaderProgram::AddShader [11] successful.
2016-08-18 17:04:14:038[Debug        ] File [..\Data\shaders\framebuffer.frag.shader] Opened successfully! Buffer Length:[275]
2016-08-18 17:04:14:038[Debug        ] Shader file [..\Data\shaders\framebuffer.frag.shader] contents:
//BEGIN
#version 430 core


in  vec2 UV;
out vec4 outColor;

layout(location = 20) uniform sampler2D textureSampler;

void main()
{


	vec3 tempCol = texture(textureSampler, UV).rgb;

	outColor = vec4(tempCol.r / 1.5f, tempCol.g / 1.5f, tempCol.b / 1.5f, 1.0f);
}


//END

2016-08-18 17:04:14:038[Debug        ]  ShaderProgram::AddShader() file with data was read in
2016-08-18 17:04:14:038[Debug        ] ShaderProgram::AddShader() : glShaderSource() successful
2016-08-18 17:04:14:038[Debug        ] ShaderProgram::AddShader() : glCompileShader() successful
2016-08-18 17:04:14:038[Info         ] ShaderProgram::CheckShaderCompileStatus(12) successful.
2016-08-18 17:04:14:038[Debug        ] ShaderProgram::AddShader() : glCompileShader() successful
2016-08-18 17:04:14:038[Info         ] ShaderInfo saved successfully.
2016-08-18 17:04:14:038[Debug        ] ShaderProgram::AddShader() : glAttachShader() successful
2016-08-18 17:04:14:038[Info         ] ShaderProgram::AddShader [12] successful.
2016-08-18 17:04:14:040[Info         ] CheckProgramStatus() successful!
2016-08-18 17:04:14:040[Info         ] CheckProgramStatus() successful!
2016-08-18 17:04:14:040[Info         ] Shader Init started
2016-08-18 17:04:14:040[Info         ] Shader Program created.
2016-08-18 17:04:14:040[Process      ] ShaderProgram::Initialize()[13] successful!
2016-08-18 17:04:14:040[Debug        ] File [..\Data\shaders\lighting.vert.shader] Opened successfully! Buffer Length:[1137]
2016-08-18 17:04:14:040[cDebug       ] Shader file [..\Data\shaders\lighting.vert.shader] is too big to display contents.
2016-08-18 17:04:14:041[Debug        ]  ShaderProgram::AddShader() file with data was read in
2016-08-18 17:04:14:041[Debug        ] ShaderProgram::AddShader() : glShaderSource() successful
2016-08-18 17:04:14:041[Debug        ] ShaderProgram::AddShader() : glCompileShader() successful
2016-08-18 17:04:14:041[Info         ] ShaderProgram::CheckShaderCompileStatus(14) successful.
2016-08-18 17:04:14:041[Debug        ] ShaderProgram::AddShader() : glCompileShader() successful
2016-08-18 17:04:14:041[Info         ] ShaderInfo saved successfully.
2016-08-18 17:04:14:041[Debug        ] ShaderProgram::AddShader() : glAttachShader() successful
2016-08-18 17:04:14:041[Info         ] ShaderProgram::AddShader [14] successful.
2016-08-18 17:04:14:041[Debug        ] File [..\Data\shaders\lighting.frag.shader] Opened successfully! Buffer Length:[1744]
2016-08-18 17:04:14:042[cDebug       ] Shader file [..\Data\shaders\lighting.frag.shader] is too big to display contents.
2016-08-18 17:04:14:042[Debug        ]  ShaderProgram::AddShader() file with data was read in
2016-08-18 17:04:14:042[Debug        ] ShaderProgram::AddShader() : glShaderSource() successful
2016-08-18 17:04:14:043[Debug        ] ShaderProgram::AddShader() : glCompileShader() successful
2016-08-18 17:04:14:043[Info         ] ShaderProgram::CheckShaderCompileStatus(15) successful.
2016-08-18 17:04:14:043[Debug        ] ShaderProgram::AddShader() : glCompileShader() successful
2016-08-18 17:04:14:043[Info         ] ShaderInfo saved successfully.
2016-08-18 17:04:14:043[Debug        ] ShaderProgram::AddShader() : glAttachShader() successful
2016-08-18 17:04:14:043[Info         ] ShaderProgram::AddShader [15] successful.
2016-08-18 17:04:14:047[Info         ] CheckProgramStatus() successful!
2016-08-18 17:04:14:048[Info         ] CheckProgramStatus() successful!
2016-08-18 17:04:14:048[Info         ] Shader Init started
2016-08-18 17:04:14:048[Info         ] Shader Program created.
2016-08-18 17:04:14:048[Process      ] ShaderProgram::Initialize()[16] successful!
2016-08-18 17:04:14:048[Debug        ] File [..\Data\shaders\texlighting.vert.shader] Opened successfully! Buffer Length:[1110]
2016-08-18 17:04:14:048[cDebug       ] Shader file [..\Data\shaders\texlighting.vert.shader] is too big to display contents.
2016-08-18 17:04:14:049[Debug        ]  ShaderProgram::AddShader() file with data was read in
2016-08-18 17:04:14:049[Debug        ] ShaderProgram::AddShader() : glShaderSource() successful
2016-08-18 17:04:14:049[Debug        ] ShaderProgram::AddShader() : glCompileShader() successful
2016-08-18 17:04:14:049[Info         ] ShaderProgram::CheckShaderCompileStatus(17) successful.
2016-08-18 17:04:14:049[Debug        ] ShaderProgram::AddShader() : glCompileShader() successful
2016-08-18 17:04:14:049[Info         ] ShaderInfo saved successfully.
2016-08-18 17:04:14:049[Debug        ] ShaderProgram::AddShader() : glAttachShader() successful
2016-08-18 17:04:14:049[Info         ] ShaderProgram::AddShader [17] successful.
2016-08-18 17:04:14:049[Debug        ] File [..\Data\shaders\texlighting.frag.shader] Opened successfully! Buffer Length:[1717]
2016-08-18 17:04:14:049[cDebug       ] Shader file [..\Data\shaders\texlighting.frag.shader] is too big to display contents.
2016-08-18 17:04:14:051[Debug        ]  ShaderProgram::AddShader() file with data was read in
2016-08-18 17:04:14:051[Debug        ] ShaderProgram::AddShader() : glShaderSource() successful
2016-08-18 17:04:14:051[Debug        ] ShaderProgram::AddShader() : glCompileShader() successful
2016-08-18 17:04:14:051[Info         ] ShaderProgram::CheckShaderCompileStatus(18) successful.
2016-08-18 17:04:14:051[Debug        ] ShaderProgram::AddShader() : glCompileShader() successful
2016-08-18 17:04:14:051[Info         ] ShaderInfo saved successfully.
2016-08-18 17:04:14:051[Debug        ] ShaderProgram::AddShader() : glAttachShader() successful
2016-08-18 17:04:14:051[Info         ] ShaderProgram::AddShader [18] successful.
2016-08-18 17:04:14:054[Info         ] CheckProgramStatus() successful!
2016-08-18 17:04:14:054[Info         ] CheckProgramStatus() successful!
2016-08-18 17:04:14:054[Info         ] Shader Init started
2016-08-18 17:04:14:054[Info         ] Shader Program created.
2016-08-18 17:04:14:054[Process      ] ShaderProgram::Initialize()[19] successful!
2016-08-18 17:04:14:055[Debug        ] File [..\Data\shaders\water.vert.shader] Opened successfully! Buffer Length:[1400]
2016-08-18 17:04:14:055[cDebug       ] Shader file [..\Data\shaders\water.vert.shader] is too big to display contents.
2016-08-18 17:04:14:055[Debug        ]  ShaderProgram::AddShader() file with data was read in
2016-08-18 17:04:14:056[Debug        ] ShaderProgram::AddShader() : glShaderSource() successful
2016-08-18 17:04:14:056[Debug        ] ShaderProgram::AddShader() : glCompileShader() successful
2016-08-18 17:04:14:056[Info         ] ShaderProgram::CheckShaderCompileStatus(20) successful.
2016-08-18 17:04:14:056[Debug        ] ShaderProgram::AddShader() : glCompileShader() successful
2016-08-18 17:04:14:056[Info         ] ShaderInfo saved successfully.
2016-08-18 17:04:14:056[Debug        ] ShaderProgram::AddShader() : glAttachShader() successful
2016-08-18 17:04:14:056[Info         ] ShaderProgram::AddShader [20] successful.
2016-08-18 17:04:14:056[Debug        ] File [..\Data\shaders\water.frag.shader] Opened successfully! Buffer Length:[2436]
2016-08-18 17:04:14:056[cDebug       ] Shader file [..\Data\shaders\water.frag.shader] is too big to display contents.
2016-08-18 17:04:14:057[Debug        ]  ShaderProgram::AddShader() file with data was read in
2016-08-18 17:04:14:057[Debug        ] ShaderProgram::AddShader() : glShaderSource() successful
2016-08-18 17:04:14:057[Debug        ] ShaderProgram::AddShader() : glCompileShader() successful
2016-08-18 17:04:14:057[Info         ] ShaderProgram::CheckShaderCompileStatus(21) successful.
2016-08-18 17:04:14:057[Debug        ] ShaderProgram::AddShader() : glCompileShader() successful
2016-08-18 17:04:14:058[Info         ] ShaderInfo saved successfully.
2016-08-18 17:04:14:058[Debug        ] ShaderProgram::AddShader() : glAttachShader() successful
2016-08-18 17:04:14:058[Info         ] ShaderProgram::AddShader [21] successful.
2016-08-18 17:04:14:060[Info         ] CheckProgramStatus() successful!
2016-08-18 17:04:14:060[Info         ] CheckProgramStatus() successful!
2016-08-18 17:04:14:061[Info         ] GetAttribLocation [vPosition] successful.
2016-08-18 17:04:14:061[Info         ] GetUniformLocation [colorin] successful.
2016-08-18 17:04:14:061[Info         ] GetUniformLocation [MAT] successful.
2016-08-18 17:04:14:061[cProcess     ] RenderEngine::Initialize() successful.
2016-08-18 17:04:14:062[cInfo        ] 
-----------------------------------------------------------------------
 BufferInfo::CreateBuffers()[0] Created buffers:| VERTEX [1] with [80] bytes. || INDEX [2] with [24] bytes |
-----------------------------------------------------------------------

2016-08-18 17:04:14:066[cInfo        ] --------BufferInfo::AddMesh() Added mesh successfully-------
2016-08-18 17:04:14:067[cInfo        ] 
2016-08-18 17:04:14:067[cInfo        ] --------------------| START BUFFER MESH INFO |-------------------------------------
2016-08-18 17:04:14:069[cInfo        ] BufferInfo::AddMesh(): NUM VERTS-----------------[4]
2016-08-18 17:04:14:070[cInfo        ] BufferInfo::AddMesh(): NUM INDICES---------------[6]
2016-08-18 17:04:14:071[cInfo        ] BufferInfo::AddMesh(): VERT OFFSET---------------[0]
2016-08-18 17:04:14:072[cInfo        ] BufferInfo::AddMesh(): INDICES OFFSET (BYTES)----[0]
2016-08-18 17:04:14:073[cInfo        ] --------------------|  END BUFFER MESH INFO  |--------------------------------------
2016-08-18 17:04:14:075[cInfo        ] 

2016-08-18 17:04:14:076[cInfo        ] 
-----------------------------------------------------------------------
 BufferInfo::CreateBuffers()[0] Created buffers:| VERTEX [3] with [96] bytes. || INDEX [4] with [48] bytes |
-----------------------------------------------------------------------

2016-08-18 17:04:14:083[cInfo        ] --------BufferInfo::AddMesh() Added mesh successfully-------
2016-08-18 17:04:14:084[cInfo        ] 
2016-08-18 17:04:14:085[cInfo        ] --------------------| START BUFFER MESH INFO |-------------------------------------
2016-08-18 17:04:14:086[cInfo        ] BufferInfo::AddMesh(): NUM VERTS-----------------[8]
2016-08-18 17:04:14:087[cInfo        ] BufferInfo::AddMesh(): NUM INDICES---------------[24]
2016-08-18 17:04:14:089[cInfo        ] BufferInfo::AddMesh(): VERT OFFSET---------------[0]
2016-08-18 17:04:14:091[cInfo        ] BufferInfo::AddMesh(): INDICES OFFSET (BYTES)----[0]
2016-08-18 17:04:14:093[cInfo        ] --------------------|  END BUFFER MESH INFO  |--------------------------------------
2016-08-18 17:04:14:094[cInfo        ] 

2016-08-18 17:04:14:095[cInfo        ] 
-----------------------------------------------------------------------
 BufferInfo::CreateBuffers()[0] Created buffers:| VERTEX [5] with [864] bytes. || INDEX [6] with [0] bytes |
-----------------------------------------------------------------------

2016-08-18 17:04:14:103[cInfo        ] --------BufferInfo::AddMesh() Added mesh successfully-------
2016-08-18 17:04:14:104[cInfo        ] 
2016-08-18 17:04:14:104[cInfo        ] --------------------| START BUFFER MESH INFO |-------------------------------------
2016-08-18 17:04:14:106[cInfo        ] BufferInfo::AddMesh(): NUM VERTS-----------------[36]
2016-08-18 17:04:14:107[cInfo        ] BufferInfo::AddMesh(): NUM INDICES---------------[0]
2016-08-18 17:04:14:107[cInfo        ] BufferInfo::AddMesh(): VERT OFFSET---------------[0]
2016-08-18 17:04:14:108[cInfo        ] BufferInfo::AddMesh(): INDICES OFFSET (BYTES)----[0]
2016-08-18 17:04:14:109[cInfo        ] --------------------|  END BUFFER MESH INFO  |--------------------------------------
2016-08-18 17:04:14:112[cInfo        ] 

2016-08-18 17:04:14:114[cInfo        ] 
-----------------------------------------------------------------------
 BufferInfo::CreateBuffers()[0] Created buffers:| VERTEX [7] with [144] bytes. || INDEX [8] with [0] bytes |
-----------------------------------------------------------------------

2016-08-18 17:04:14:119[cInfo        ] --------BufferInfo::AddMesh() Added mesh successfully-------
2016-08-18 17:04:14:119[cInfo        ] 
2016-08-18 17:04:14:122[cInfo        ] --------------------| START BUFFER MESH INFO |-------------------------------------
2016-08-18 17:04:14:124[cInfo        ] BufferInfo::AddMesh(): NUM VERTS-----------------[6]
2016-08-18 17:04:14:125[cInfo        ] BufferInfo::AddMesh(): NUM INDICES---------------[0]
2016-08-18 17:04:14:126[cInfo        ] BufferInfo::AddMesh(): VERT OFFSET---------------[0]
2016-08-18 17:04:14:127[cInfo        ] BufferInfo::AddMesh(): INDICES OFFSET (BYTES)----[0]
2016-08-18 17:04:14:128[cInfo        ] --------------------|  END BUFFER MESH INFO  |--------------------------------------
2016-08-18 17:04:14:129[cInfo        ] 

2016-08-18 17:04:14:133[cProcess     ] BufferManager::Initialize() successful.
2016-08-18 17:04:14:134[cInfo        ] 
-----------------------------------------------------------------------
 BufferInfo::CreateBuffers()[0] Created buffers:| VERTEX [9] with [1000000] bytes. || INDEX [10] with [1000000] bytes |
-----------------------------------------------------------------------

2016-08-18 17:04:14:138[cInfo        ] --------BufferInfo::AddMesh() Added mesh successfully-------
2016-08-18 17:04:14:139[cInfo        ] 
2016-08-18 17:04:14:139[cInfo        ] --------------------| START BUFFER MESH INFO |-------------------------------------
2016-08-18 17:04:14:142[cInfo        ] BufferInfo::AddMesh(): NUM VERTS-----------------[24]
2016-08-18 17:04:14:143[cInfo        ] BufferInfo::AddMesh(): NUM INDICES---------------[36]
2016-08-18 17:04:14:144[cInfo        ] BufferInfo::AddMesh(): VERT OFFSET---------------[0]
2016-08-18 17:04:14:145[cInfo        ] BufferInfo::AddMesh(): INDICES OFFSET (BYTES)----[0]
2016-08-18 17:04:14:146[cInfo        ] --------------------|  END BUFFER MESH INFO  |--------------------------------------
2016-08-18 17:04:14:147[cInfo        ] 

2016-08-18 17:04:14:150[cProcess     ] BufferManager::Initialize() successful.
2016-08-18 17:04:14:154[cInfo        ] 
-----------------------------------------------------------------------
 BufferInfo::CreateBuffers()[1] Created buffers:| VERTEX [11] with [1000000] bytes. || INDEX [12] with [1000000] bytes |
-----------------------------------------------------------------------

2016-08-18 17:04:14:158[cInfo        ] --------BufferInfo::AddMesh() Added mesh successfully-------
2016-08-18 17:04:14:159[cInfo        ] 
2016-08-18 17:04:14:160[cInfo        ] --------------------| START BUFFER MESH INFO |-------------------------------------
2016-08-18 17:04:14:161[cInfo        ] BufferInfo::AddMesh(): NUM VERTS-----------------[1536]
2016-08-18 17:04:14:165[cInfo        ] BufferInfo::AddMesh(): NUM INDICES---------------[3072]
2016-08-18 17:04:14:166[cInfo        ] BufferInfo::AddMesh(): VERT OFFSET---------------[0]
2016-08-18 17:04:14:167[cInfo        ] BufferInfo::AddMesh(): INDICES OFFSET (BYTES)----[0]
2016-08-18 17:04:14:168[cInfo        ] --------------------|  END BUFFER MESH INFO  |--------------------------------------
2016-08-18 17:04:14:169[cInfo        ] 

2016-08-18 17:04:14:170[cInfo        ] 
-----------------------------------------------------------------------
 BufferInfo::CreateBuffers()[0] Created buffers:| VERTEX [13] with [3936] bytes. || INDEX [14] with [0] bytes |
-----------------------------------------------------------------------

2016-08-18 17:04:14:176[cInfo        ] --------BufferInfo::AddMesh() Added mesh successfully-------
2016-08-18 17:04:14:177[cInfo        ] 
2016-08-18 17:04:14:178[cInfo        ] --------------------| START BUFFER MESH INFO |-------------------------------------
2016-08-18 17:04:14:179[cInfo        ] BufferInfo::AddMesh(): NUM VERTS-----------------[164]
2016-08-18 17:04:14:180[cInfo        ] BufferInfo::AddMesh(): NUM INDICES---------------[0]
2016-08-18 17:04:14:181[cInfo        ] BufferInfo::AddMesh(): VERT OFFSET---------------[0]
2016-08-18 17:04:14:182[cInfo        ] BufferInfo::AddMesh(): INDICES OFFSET (BYTES)----[0]
2016-08-18 17:04:14:183[cInfo        ] --------------------|  END BUFFER MESH INFO  |--------------------------------------
2016-08-18 17:04:14:185[cInfo        ] 

2016-08-18 17:04:14:186[cProcess     ] ShapeGenerator initialized successfully.
2016-08-18 17:04:14:187[cProcess     ] Camera::Initialize() successful.
2016-08-18 17:04:14:188[cProcess     ] Keyboard::Initialize() successful
2016-08-18 17:04:14:189[cProcess     ] Keyboard::Initialize() successful
2016-08-18 17:04:14:206[cInfo        ] 
-----------------------------------------------------------------------
 BufferInfo::CreateBuffers()[0] Created buffers:| VERTEX [15] with [10810368] bytes. || INDEX [16] with [0] bytes |
-----------------------------------------------------------------------

2016-08-18 17:04:14:225[cInfo        ] --------BufferInfo::AddMesh() Added mesh successfully-------
2016-08-18 17:04:14:226[cInfo        ] 
2016-08-18 17:04:14:227[cInfo        ] --------------------| START BUFFER MESH INFO |-------------------------------------
2016-08-18 17:04:14:229[cInfo        ] BufferInfo::AddMesh(): NUM VERTS-----------------[337824]
2016-08-18 17:04:14:230[cInfo        ] BufferInfo::AddMesh(): NUM INDICES---------------[0]
2016-08-18 17:04:14:231[cInfo        ] BufferInfo::AddMesh(): VERT OFFSET---------------[0]
2016-08-18 17:04:14:232[cInfo        ] BufferInfo::AddMesh(): INDICES OFFSET (BYTES)----[0]
2016-08-18 17:04:14:233[cInfo        ] --------------------|  END BUFFER MESH INFO  |--------------------------------------
2016-08-18 17:04:14:236[cInfo        ] 

2016-08-18 17:04:14:268[Info         ] ShapeGenerator::ReadSceneFile(): Added new scene [..\Data\Scenes\Dargon.ptn.scene] successfully.
2016-08-18 17:04:14:269[cInfo        ] EntityManager::BuildPlayerEntity(): Built [Dargon] successfully
2016-08-18 17:04:14:270[cProcess     ] BufferManager::Initialize() successful.
2016-08-18 17:04:14:282[cInfo        ] 
-----------------------------------------------------------------------
 BufferInfo::CreateBuffers()[2] Created buffers:| VERTEX [17] with [1000000] bytes. || INDEX [18] with [1000000] bytes |
-----------------------------------------------------------------------

2016-08-18 17:04:14:286[cInfo        ] --------BufferInfo::AddMesh() Added mesh successfully-------
2016-08-18 17:04:14:287[cInfo        ] 
2016-08-18 17:04:14:288[cInfo        ] --------------------| START BUFFER MESH INFO |-------------------------------------
2016-08-18 17:04:14:289[cInfo        ] BufferInfo::AddMesh(): NUM VERTS-----------------[36]
2016-08-18 17:04:14:290[cInfo        ] BufferInfo::AddMesh(): NUM INDICES---------------[0]
2016-08-18 17:04:14:291[cInfo        ] BufferInfo::AddMesh(): VERT OFFSET---------------[0]
2016-08-18 17:04:14:292[cInfo        ] BufferInfo::AddMesh(): INDICES OFFSET (BYTES)----[0]
2016-08-18 17:04:14:293[cInfo        ] --------------------|  END BUFFER MESH INFO  |--------------------------------------
2016-08-18 17:04:14:294[cInfo        ] 

2016-08-18 17:04:14:297[Info         ] ShapeGenerator::ReadSceneFile(): Added new scene [..\Data\Scenes\Cube.pn.scene] successfully.
2016-08-18 17:04:14:297[cInfo        ] --------BufferInfo::AddMesh() Added mesh successfully-------
2016-08-18 17:04:14:299[cInfo        ] 
2016-08-18 17:04:14:300[cInfo        ] --------------------| START BUFFER MESH INFO |-------------------------------------
2016-08-18 17:04:14:301[cInfo        ] BufferInfo::AddMesh(): NUM VERTS-----------------[18]
2016-08-18 17:04:14:302[cInfo        ] BufferInfo::AddMesh(): NUM INDICES---------------[0]
2016-08-18 17:04:14:303[cInfo        ] BufferInfo::AddMesh(): VERT OFFSET---------------[36]
2016-08-18 17:04:14:304[cInfo        ] BufferInfo::AddMesh(): INDICES OFFSET (BYTES)----[0]
2016-08-18 17:04:14:304[cInfo        ] --------------------|  END BUFFER MESH INFO  |--------------------------------------
2016-08-18 17:04:14:305[cInfo        ] 

2016-08-18 17:04:14:306[Info         ] ShapeGenerator::ReadSceneFile(): Added new scene [..\Data\Scenes\Pyramid.pn.scene] successfully.
2016-08-18 17:04:14:314[cInfo        ] 
-----------------------------------------------------------------------
 BufferInfo::CreateBuffers()[0] Created buffers:| VERTEX [19] with [5529600] bytes. || INDEX [20] with [0] bytes |
-----------------------------------------------------------------------

2016-08-18 17:04:14:323[cInfo        ] --------BufferInfo::AddMesh() Added mesh successfully-------
2016-08-18 17:04:14:324[cInfo        ] 
2016-08-18 17:04:14:325[cInfo        ] --------------------| START BUFFER MESH INFO |-------------------------------------
2016-08-18 17:04:14:326[cInfo        ] BufferInfo::AddMesh(): NUM VERTS-----------------[172800]
2016-08-18 17:04:14:327[cInfo        ] BufferInfo::AddMesh(): NUM INDICES---------------[0]
2016-08-18 17:04:14:330[cInfo        ] BufferInfo::AddMesh(): VERT OFFSET---------------[0]
2016-08-18 17:04:14:331[cInfo        ] BufferInfo::AddMesh(): INDICES OFFSET (BYTES)----[0]
2016-08-18 17:04:14:332[cInfo        ] --------------------|  END BUFFER MESH INFO  |--------------------------------------
2016-08-18 17:04:14:333[cInfo        ] 

2016-08-18 17:04:14:334[Info         ] ShapeGenerator::ReadSceneFile(): Added new scene [..\Data\Scenes\WaterPlane.ptn.scene] successfully.
2016-08-18 17:04:14:334[cProcess     ] Camera::Initialize() successful.
2016-08-18 17:04:14:343[cProcess     ] BufferManager::Initialize() successful.
2016-08-18 17:04:14:344[cInfo        ] 
-----------------------------------------------------------------------
 BufferInfo::CreateBuffers()[3] Created buffers:| VERTEX [21] with [8107776] bytes. || INDEX [22] with [0] bytes |
-----------------------------------------------------------------------

2016-08-18 17:04:14:364[cInfo        ] --------BufferInfo::AddMesh() Added mesh successfully-------
2016-08-18 17:04:14:365[cInfo        ] 
2016-08-18 17:04:14:367[cInfo        ] --------------------| START BUFFER MESH INFO |-------------------------------------
2016-08-18 17:04:14:369[cInfo        ] BufferInfo::AddMesh(): NUM VERTS-----------------[337824]
2016-08-18 17:04:14:370[cInfo        ] BufferInfo::AddMesh(): NUM INDICES---------------[0]
2016-08-18 17:04:14:371[cInfo        ] BufferInfo::AddMesh(): VERT OFFSET---------------[0]
2016-08-18 17:04:14:372[cInfo        ] BufferInfo::AddMesh(): INDICES OFFSET (BYTES)----[0]
2016-08-18 17:04:14:374[cInfo        ] --------------------|  END BUFFER MESH INFO  |--------------------------------------
2016-08-18 17:04:14:375[cInfo        ] 

2016-08-18 17:04:14:376[Info         ] ShapeGenerator::ReadSceneFile(): Added new scene [..\Data\Scenes\Dargon.pn.scene] successfully.
2016-08-18 17:04:14:376[cProcess     ] BufferManager::Initialize() successful.
2016-08-18 17:04:14:378[cInfo        ] 
-----------------------------------------------------------------------
 BufferInfo::CreateBuffers()[4] Created buffers:| VERTEX [23] with [1000000] bytes. || INDEX [24] with [1000000] bytes |
-----------------------------------------------------------------------

2016-08-18 17:04:14:381[cInfo        ] --------BufferInfo::AddMesh() Added mesh successfully-------
2016-08-18 17:04:14:382[cInfo        ] 
2016-08-18 17:04:14:383[cInfo        ] --------------------| START BUFFER MESH INFO |-------------------------------------
2016-08-18 17:04:14:384[cInfo        ] BufferInfo::AddMesh(): NUM VERTS-----------------[6]
2016-08-18 17:04:14:385[cInfo        ] BufferInfo::AddMesh(): NUM INDICES---------------[0]
2016-08-18 17:04:14:387[cInfo        ] BufferInfo::AddMesh(): VERT OFFSET---------------[0]
2016-08-18 17:04:14:388[cInfo        ] BufferInfo::AddMesh(): INDICES OFFSET (BYTES)----[0]
2016-08-18 17:04:14:389[cInfo        ] --------------------|  END BUFFER MESH INFO  |--------------------------------------
2016-08-18 17:04:14:390[cInfo        ] 

2016-08-18 17:04:14:391[cProcess     ] BodaciousQuest::Initialize() successful.
2016-08-18 17:04:14:392[Process      ] GameTime::Initialize() ok

2016-08-18 17:04:14:392[cProcess     ] MyWindow::Initialize() successful!
