2016-08-18 19:46:34:054[Process      ] GameLogger::Initialize() opened log file [..\Data\LogFiles\2016-08-18 19-46-34.BodaciousQuest.log] for writing
2016-08-18 19:46:34:054[Info         ] GameLogger::Initialize() successful
2016-08-18 19:46:34:054[Process      ] ConfigReader opened [..\Data\BodaciousQuest.config] successfully
2016-08-18 19:46:34:054[Info         ] ConfigReader initialized successfully
2016-08-18 19:46:34:055[Info         ] Valid KVP [BodaciousQuest.ShowFullScreen] [false] added
2016-08-18 19:46:34:055[Info         ] Valid KVP [BodaciousQuest.FpsInterval] [5.0] added
2016-08-18 19:46:34:057[Info         ] Valid KVP [BodaciousQuest.EnableControls] [true] added
2016-08-18 19:46:34:057[Info         ] Valid KVP [BodaciousQuest.LoadCubeFirst] [true] added
2016-08-18 19:46:34:057[Info         ] Valid KVP [BodaciousQuest.CameraWalkMode] [false] added
2016-08-18 19:46:34:057[Info         ] Valid KVP [BodaciousQuest.GridSize] [40] added
2016-08-18 19:46:34:057[Info         ] Valid KVP [BodaciousQuest.LightingTest.Ambient.Color] [1.0  1.0  1.0] added
2016-08-18 19:46:34:057[Info         ] Valid KVP [BodaciousQuest.LightingTest.Diffuse.Color] [1.0  1.0  1.0] added
2016-08-18 19:46:34:057[Info         ] Valid KVP [BodaciousQuest.LightingTest.Specular.Color] [0.0  0.0  0.0] added
2016-08-18 19:46:34:057[Info         ] Valid KVP [BodaciousQuest.LightingTest.Ambient.Reflectivity] [0.01] added
2016-08-18 19:46:34:057[Info         ] Valid KVP [BodaciousQuest.LightingTest.Diffuse.Reflectivity] [0.8] added
2016-08-18 19:46:34:057[Info         ] Valid KVP [BodaciousQuest.LightingTest.Specular.Reflectivity] [0.5] added
2016-08-18 19:46:34:057[Info         ] Valid KVP [BodaciousQuest.LightingTest.Specular.Shininess] [1.0] added
2016-08-18 19:46:34:057[Info         ] Valid KVP [BodaciousQuest.LightingTest.Falloff.A] [1.0] added
2016-08-18 19:46:34:057[Info         ] Valid KVP [BodaciousQuest.LightingTest.Falloff.B] [0.01] added
2016-08-18 19:46:34:057[Info         ] Valid KVP [BodaciousQuest.LightingTest.Falloff.C] [0.0001] added
2016-08-18 19:46:34:057[Info         ] Valid KVP [BodaciousQuest.LightingTest.Directional] [false] added
2016-08-18 19:46:34:057[Info         ] Valid KVP [BodaciousQuest.LightingTest.Direction] [-1.0 0.0 1.0] added
2016-08-18 19:46:34:057[Info         ] Valid KVP [BodaciousQuest.LightingTest.Light.Position] [-0.875458 3.673020 1.043331] added
2016-08-18 19:46:34:057[Info         ] Valid KVP [BodaciousQuest.LightingTest.Dargon.Color] [1.0 1.0 0.4] added
2016-08-18 19:46:34:057[Info         ] Valid KVP [ObjConverter.Mode.VertexType] [p] added
2016-08-18 19:46:34:057[Info         ] Valid KVP [ObjConverter.Mode.Analyze] [false] added
2016-08-18 19:46:34:057[Info         ] Valid KVP [ObjConverter.Model] [AIWorld] added
2016-08-18 19:46:34:057[Info         ] Valid KVP [ObjConverter.Shader] [0] added
2016-08-18 19:46:34:057[Info         ] Valid KVP [ObjConverter.Color] [random] added
2016-08-18 19:46:34:057[Info         ] Valid KVP [ObjConverter.Obj.InputFileFolder] [..\\Data\\Objs\\] added
2016-08-18 19:46:34:057[Info         ] Valid KVP [ObjConverter.Scene.OutputFileFolder] [..\\Data\\Scenes\\] added
2016-08-18 19:46:34:057[Info         ] Valid KVP [ObjConverter.Model.Dargon.NumVerts] [57967] added
2016-08-18 19:46:34:057[Info         ] Valid KVP [ObjConverter.Model.Dargon.NumIndices] [337824] added
2016-08-18 19:46:34:057[Info         ] Valid KVP [ObjConverter.Model.Dargon.NumTexCoords] [60175] added
2016-08-18 19:46:34:057[Info         ] Valid KVP [ObjConverter.Model.Dargon.NumNormals] [337824] added
2016-08-18 19:46:34:057[Info         ] Valid KVP [ObjConverter.Model.Swamp.NumVerts] [2735] added
2016-08-18 19:46:34:057[Info         ] Valid KVP [ObjConverter.Model.Swamp.NumIndices] [8556] added
2016-08-18 19:46:34:057[Info         ] Valid KVP [ObjConverter.Model.Swamp.NumTexCoords] [3622] added
2016-08-18 19:46:34:057[Info         ] Valid KVP [ObjConverter.Model.Swamp.NumNormals] [5156] added
2016-08-18 19:46:34:057[Info         ] Valid KVP [ObjConverter.Model.Pyramid.NumVerts] [5] added
2016-08-18 19:46:34:057[Info         ] Valid KVP [ObjConverter.Model.Pyramid.NumIndices] [18] added
2016-08-18 19:46:34:057[Info         ] Valid KVP [ObjConverter.Model.Pyramid.NumTexCoords] [10] added
2016-08-18 19:46:34:057[Info         ] Valid KVP [ObjConverter.Model.Pyramid.NumNormals] [16] added
2016-08-18 19:46:34:057[Info         ] Valid KVP [ObjConverter.Model.AIWorld.NumVerts] [1957] added
2016-08-18 19:46:34:057[Info         ] Valid KVP [ObjConverter.Model.AIWorld.NumIndices] [8718] added
2016-08-18 19:46:34:058[Info         ] Valid KVP [ObjConverter.Model.AIWorld.NumTexCoords] [4186] added
2016-08-18 19:46:34:058[Info         ] Valid KVP [ObjConverter.Model.AIWorld.NumNormals] [5418] added
2016-08-18 19:46:34:058[Info         ] Valid KVP [ObjConverter.Model.GameWeapon.NumVerts] [2068] added
2016-08-18 19:46:34:058[Info         ] Valid KVP [ObjConverter.Model.GameWeapon.NumIndices] [9894] added
2016-08-18 19:46:34:058[Info         ] Valid KVP [ObjConverter.Model.GameWeapon.NumTexCoords] [0] added
2016-08-18 19:46:34:058[Info         ] Valid KVP [ObjConverter.Model.GameWeapon.NumNormals] [0] added
2016-08-18 19:46:34:058[Info         ] Valid KVP [ObjConverter.Model.Chicken.NumVerts] [224] added
2016-08-18 19:46:34:058[Info         ] Valid KVP [ObjConverter.Model.Chicken.NumIndices] [1374] added
2016-08-18 19:46:34:058[Info         ] Valid KVP [ObjConverter.Model.Chicken.NumTexCoords] [472] added
2016-08-18 19:46:34:058[Info         ] Valid KVP [ObjConverter.Model.Chicken.NumNormals] [565] added
2016-08-18 19:46:34:058[Info         ] Valid KVP [ObjConverter.Model.WaterPlane.NumVerts] [29282] added
2016-08-18 19:46:34:058[Info         ] Valid KVP [ObjConverter.Model.WaterPlane.NumIndices] [172800] added
2016-08-18 19:46:34:058[Info         ] Valid KVP [ObjConverter.Model.WaterPlane.NumTexCoords] [29282] added
2016-08-18 19:46:34:058[Info         ] Valid KVP [ObjConverter.Model.WaterPlane.NumNormals] [172800] added
2016-08-18 19:46:34:058[Info         ] Valid KVP [ObjConverter.Model.Cube.NumVerts] [8] added
2016-08-18 19:46:34:058[Info         ] Valid KVP [ObjConverter.Model.Cube.NumIndices] [36] added
2016-08-18 19:46:34:058[Info         ] Valid KVP [ObjConverter.Model.Cube.NumTexCoords] [14] added
2016-08-18 19:46:34:058[Info         ] Valid KVP [ObjConverter.Model.Cube.NumNormals] [24] added
2016-08-18 19:46:34:058[Info         ] Valid KVP [ObjConverter.Model.Barrel.NumVerts] [172] added
2016-08-18 19:46:34:058[Info         ] Valid KVP [ObjConverter.Model.Barrel.NumIndices] [1008] added
2016-08-18 19:46:34:058[Info         ] Valid KVP [ObjConverter.Model.Barrel.NumTexCoords] [328] added
2016-08-18 19:46:34:058[Info         ] Valid KVP [ObjConverter.Model.Barrel.NumNormals] [204] added
2016-08-18 19:46:34:058[Info         ] Valid KVP [ObjConverter.Model.SkyBox.NumVerts] [8] added
2016-08-18 19:46:34:058[Info         ] Valid KVP [ObjConverter.Model.SkyBox.NumIndices] [36] added
2016-08-18 19:46:34:058[Info         ] Valid KVP [ObjConverter.Model.SkyBox.NumTexCoords] [18] added
2016-08-18 19:46:34:058[Info         ] Valid KVP [ObjConverter.Model.SkyBox.NumNormals] [24] added
2016-08-18 19:46:34:124[cInfo        ] Config reader opened [..\Data\BodaciousQuest.config] for reading!
2016-08-18 19:46:34:184[Process      ] ShaderManager Initialized successfully
2016-08-18 19:46:34:184[Info         ] Shader Init started
2016-08-18 19:46:34:184[Info         ] Shader Program created.
2016-08-18 19:46:34:184[Process      ] ShaderProgram::Initialize()[1] successful!
2016-08-18 19:46:34:184[Debug        ] File [..\Data\shaders\debug.vert.shader] Opened successfully! Buffer Length:[291]
2016-08-18 19:46:34:184[Debug        ] Shader file [..\Data\shaders\debug.vert.shader] contents:
//BEGIN
#version 430 core

layout(location = 0)  in vec3 vPosition;

layout(location = 15) uniform vec3 colorin;
layout(location = 16) uniform mat4 MAT;

out vec4 color;

void main()
{
	vec4 vertPos = vec4(vPosition, 1.0);
	gl_Position = MAT *  vertPos;
	color = vec4(colorin, 1.0);
}
//END

2016-08-18 19:46:34:184[Debug        ]  ShaderProgram::AddShader() file with data was read in
2016-08-18 19:46:34:184[Debug        ] ShaderProgram::AddShader() : glShaderSource() successful
2016-08-18 19:46:34:185[Debug        ] ShaderProgram::AddShader() : glCompileShader() successful
2016-08-18 19:46:34:185[Info         ] ShaderProgram::CheckShaderCompileStatus(2) successful.
2016-08-18 19:46:34:185[Debug        ] ShaderProgram::AddShader() : glCompileShader() successful
2016-08-18 19:46:34:185[Info         ] ShaderInfo saved successfully.
2016-08-18 19:46:34:185[Debug        ] ShaderProgram::AddShader() : glAttachShader() successful
2016-08-18 19:46:34:185[Info         ] ShaderProgram::AddShader [2] successful.
2016-08-18 19:46:34:185[Debug        ] File [..\Data\shaders\debug.frag.shader] Opened successfully! Buffer Length:[104]
2016-08-18 19:46:34:185[Debug        ] Shader file [..\Data\shaders\debug.frag.shader] contents:
//BEGIN
#version 430 core


in  vec4 color;
out vec4 outColor;

void main()
{
	outColor = color;
}


//END

2016-08-18 19:46:34:185[Debug        ]  ShaderProgram::AddShader() file with data was read in
2016-08-18 19:46:34:185[Debug        ] ShaderProgram::AddShader() : glShaderSource() successful
2016-08-18 19:46:34:185[Debug        ] ShaderProgram::AddShader() : glCompileShader() successful
2016-08-18 19:46:34:185[Info         ] ShaderProgram::CheckShaderCompileStatus(3) successful.
2016-08-18 19:46:34:185[Debug        ] ShaderProgram::AddShader() : glCompileShader() successful
2016-08-18 19:46:34:185[Info         ] ShaderInfo saved successfully.
2016-08-18 19:46:34:185[Debug        ] ShaderProgram::AddShader() : glAttachShader() successful
2016-08-18 19:46:34:185[Info         ] ShaderProgram::AddShader [3] successful.
2016-08-18 19:46:34:187[Info         ] CheckProgramStatus() successful!
2016-08-18 19:46:34:187[Info         ] CheckProgramStatus() successful!
2016-08-18 19:46:34:187[Info         ] Shader Init started
2016-08-18 19:46:34:187[Info         ] Shader Program created.
2016-08-18 19:46:34:187[Process      ] ShaderProgram::Initialize()[4] successful!
2016-08-18 19:46:34:187[Debug        ] File [..\Data\shaders\play.vert.shader] Opened successfully! Buffer Length:[343]
2016-08-18 19:46:34:187[Debug        ] Shader file [..\Data\shaders\play.vert.shader] contents:
//BEGIN
#version 430 core

layout (location = 0)  in vec3 vPosition;
layout (location = 1)  in vec3 vColor;
layout (location = 15) uniform vec3 colorin;
layout (location = 16) uniform mat4 MAT;

out vec4 color;

void main()
{
	vec4 vertPos = vec4(vPosition, 1.0);
	gl_Position = MAT *  vertPos;
	color = vec4((vColor + colorin), 1.0);
}
//END

2016-08-18 19:46:34:187[Debug        ]  ShaderProgram::AddShader() file with data was read in
2016-08-18 19:46:34:187[Debug        ] ShaderProgram::AddShader() : glShaderSource() successful
2016-08-18 19:46:34:187[Debug        ] ShaderProgram::AddShader() : glCompileShader() successful
2016-08-18 19:46:34:187[Info         ] ShaderProgram::CheckShaderCompileStatus(5) successful.
2016-08-18 19:46:34:187[Debug        ] ShaderProgram::AddShader() : glCompileShader() successful
2016-08-18 19:46:34:187[Info         ] ShaderInfo saved successfully.
2016-08-18 19:46:34:187[Debug        ] ShaderProgram::AddShader() : glAttachShader() successful
2016-08-18 19:46:34:187[Info         ] ShaderProgram::AddShader [5] successful.
2016-08-18 19:46:34:187[Debug        ] File [..\Data\shaders\play.frag.shader] Opened successfully! Buffer Length:[391]
2016-08-18 19:46:34:188[Debug        ] Shader file [..\Data\shaders\play.frag.shader] contents:
//BEGIN
#version 430 core


in  vec4 color;
out vec4 outColor;

void main()
{

	//if (color.r < .7) discard;
	outColor = color;

	//if(((gl_FragCoord.x  > 600)&& (gl_FragCoord.y < 300)) || ((gl_FragCoord.y < 300)  && (gl_FragCoord.x  < 600) )) {
	//discard;
	//}

	//vec2 scrPos = vec2(gl_FragCoord) - vec2(350,150);
	//float len =  length(scrPos);
	//if(len < 50 )discard;
}


//END

2016-08-18 19:46:34:188[Debug        ]  ShaderProgram::AddShader() file with data was read in
2016-08-18 19:46:34:188[Debug        ] ShaderProgram::AddShader() : glShaderSource() successful
2016-08-18 19:46:34:188[Debug        ] ShaderProgram::AddShader() : glCompileShader() successful
2016-08-18 19:46:34:188[Info         ] ShaderProgram::CheckShaderCompileStatus(6) successful.
2016-08-18 19:46:34:188[Debug        ] ShaderProgram::AddShader() : glCompileShader() successful
2016-08-18 19:46:34:188[Info         ] ShaderInfo saved successfully.
2016-08-18 19:46:34:188[Debug        ] ShaderProgram::AddShader() : glAttachShader() successful
2016-08-18 19:46:34:188[Info         ] ShaderProgram::AddShader [6] successful.
2016-08-18 19:46:34:188[Info         ] CheckProgramStatus() successful!
2016-08-18 19:46:34:189[Info         ] CheckProgramStatus() successful!
2016-08-18 19:46:34:189[Info         ] Shader Init started
2016-08-18 19:46:34:189[Info         ] Shader Program created.
2016-08-18 19:46:34:189[Process      ] ShaderProgram::Initialize()[7] successful!
2016-08-18 19:46:34:189[Debug        ] File [..\Data\shaders\texture.vert.shader] Opened successfully! Buffer Length:[305]
2016-08-18 19:46:34:189[Debug        ] Shader file [..\Data\shaders\texture.vert.shader] contents:
//BEGIN
#version 430 core

layout (location = 0)  in vec3 vPosition;
layout (location = 1)  in vec2 vUV;

layout (location = 16) uniform mat4 MAT;

//out data
out vec2 UV;

//out vec4 color;

void main()
{
	vec4 vertPos = vec4(vPosition, 1.0);
	gl_Position = MAT *  vertPos;

	UV = vUV;
	
	
}
//END

2016-08-18 19:46:34:189[Debug        ]  ShaderProgram::AddShader() file with data was read in
2016-08-18 19:46:34:189[Debug        ] ShaderProgram::AddShader() : glShaderSource() successful
2016-08-18 19:46:34:189[Debug        ] ShaderProgram::AddShader() : glCompileShader() successful
2016-08-18 19:46:34:189[Info         ] ShaderProgram::CheckShaderCompileStatus(8) successful.
2016-08-18 19:46:34:189[Debug        ] ShaderProgram::AddShader() : glCompileShader() successful
2016-08-18 19:46:34:189[Info         ] ShaderInfo saved successfully.
2016-08-18 19:46:34:189[Debug        ] ShaderProgram::AddShader() : glAttachShader() successful
2016-08-18 19:46:34:189[Info         ] ShaderProgram::AddShader [8] successful.
2016-08-18 19:46:34:189[Debug        ] File [..\Data\shaders\texture.frag.shader] Opened successfully! Buffer Length:[482]
2016-08-18 19:46:34:189[Debug        ] Shader file [..\Data\shaders\texture.frag.shader] contents:
//BEGIN
#version 430 core


in  vec2 UV;
out vec4 outColor;

layout(location = 20) uniform sampler2D textureSampler;

void main()
{

	//if (color.r < .7) discard;
	outColor = vec4(texture(textureSampler, UV).rgb, 1.0);

	//if(((gl_FragCoord.x  > 600)&& (gl_FragCoord.y < 300)) || ((gl_FragCoord.y < 300)  && (gl_FragCoord.x  < 600) )) {
	//discard;
	//}
	//vec2 scrPos = vec2(gl_FragCoord) - vec2(350,150);
	//float len =  length(scrPos);
	//if(len < 50 )discard;
}


//END

2016-08-18 19:46:34:189[Debug        ]  ShaderProgram::AddShader() file with data was read in
2016-08-18 19:46:34:189[Debug        ] ShaderProgram::AddShader() : glShaderSource() successful
2016-08-18 19:46:34:190[Debug        ] ShaderProgram::AddShader() : glCompileShader() successful
2016-08-18 19:46:34:190[Info         ] ShaderProgram::CheckShaderCompileStatus(9) successful.
2016-08-18 19:46:34:190[Debug        ] ShaderProgram::AddShader() : glCompileShader() successful
2016-08-18 19:46:34:190[Info         ] ShaderInfo saved successfully.
2016-08-18 19:46:34:190[Debug        ] ShaderProgram::AddShader() : glAttachShader() successful
2016-08-18 19:46:34:190[Info         ] ShaderProgram::AddShader [9] successful.
2016-08-18 19:46:34:190[Info         ] CheckProgramStatus() successful!
2016-08-18 19:46:34:191[Info         ] CheckProgramStatus() successful!
2016-08-18 19:46:34:191[Info         ] Shader Init started
2016-08-18 19:46:34:191[Info         ] Shader Program created.
2016-08-18 19:46:34:191[Process      ] ShaderProgram::Initialize()[10] successful!
2016-08-18 19:46:34:191[Debug        ] File [..\Data\shaders\framebuffer.vert.shader] Opened successfully! Buffer Length:[305]
2016-08-18 19:46:34:191[Debug        ] Shader file [..\Data\shaders\framebuffer.vert.shader] contents:
//BEGIN
#version 430 core

layout (location = 0)  in vec3 vPosition;
layout (location = 1)  in vec2 vUV;

layout (location = 16) uniform mat4 MAT;

//out data
out vec2 UV;

//out vec4 color;

void main()
{
	vec4 vertPos = vec4(vPosition, 1.0);
	gl_Position = MAT *  vertPos;

	UV = vUV;
	
	
}
//END

2016-08-18 19:46:34:191[Debug        ]  ShaderProgram::AddShader() file with data was read in
2016-08-18 19:46:34:191[Debug        ] ShaderProgram::AddShader() : glShaderSource() successful
2016-08-18 19:46:34:191[Debug        ] ShaderProgram::AddShader() : glCompileShader() successful
2016-08-18 19:46:34:191[Info         ] ShaderProgram::CheckShaderCompileStatus(11) successful.
2016-08-18 19:46:34:191[Debug        ] ShaderProgram::AddShader() : glCompileShader() successful
2016-08-18 19:46:34:191[Info         ] ShaderInfo saved successfully.
2016-08-18 19:46:34:191[Debug        ] ShaderProgram::AddShader() : glAttachShader() successful
2016-08-18 19:46:34:191[Info         ] ShaderProgram::AddShader [11] successful.
2016-08-18 19:46:34:191[Debug        ] File [..\Data\shaders\framebuffer.frag.shader] Opened successfully! Buffer Length:[275]
2016-08-18 19:46:34:191[Debug        ] Shader file [..\Data\shaders\framebuffer.frag.shader] contents:
//BEGIN
#version 430 core


in  vec2 UV;
out vec4 outColor;

layout(location = 20) uniform sampler2D textureSampler;

void main()
{


	vec3 tempCol = texture(textureSampler, UV).rgb;

	outColor = vec4(tempCol.r / 1.5f, tempCol.g / 1.5f, tempCol.b / 1.5f, 1.0f);
}


//END

2016-08-18 19:46:34:191[Debug        ]  ShaderProgram::AddShader() file with data was read in
2016-08-18 19:46:34:191[Debug        ] ShaderProgram::AddShader() : glShaderSource() successful
2016-08-18 19:46:34:191[Debug        ] ShaderProgram::AddShader() : glCompileShader() successful
2016-08-18 19:46:34:191[Info         ] ShaderProgram::CheckShaderCompileStatus(12) successful.
2016-08-18 19:46:34:191[Debug        ] ShaderProgram::AddShader() : glCompileShader() successful
2016-08-18 19:46:34:191[Info         ] ShaderInfo saved successfully.
2016-08-18 19:46:34:191[Debug        ] ShaderProgram::AddShader() : glAttachShader() successful
2016-08-18 19:46:34:192[Info         ] ShaderProgram::AddShader [12] successful.
2016-08-18 19:46:34:193[Info         ] CheckProgramStatus() successful!
2016-08-18 19:46:34:193[Info         ] CheckProgramStatus() successful!
2016-08-18 19:46:34:193[Info         ] Shader Init started
2016-08-18 19:46:34:193[Info         ] Shader Program created.
2016-08-18 19:46:34:193[Process      ] ShaderProgram::Initialize()[13] successful!
2016-08-18 19:46:34:193[Debug        ] File [..\Data\shaders\lighting.vert.shader] Opened successfully! Buffer Length:[1137]
2016-08-18 19:46:34:193[cDebug       ] Shader file [..\Data\shaders\lighting.vert.shader] is too big to display contents.
2016-08-18 19:46:34:196[Debug        ]  ShaderProgram::AddShader() file with data was read in
2016-08-18 19:46:34:196[Debug        ] ShaderProgram::AddShader() : glShaderSource() successful
2016-08-18 19:46:34:196[Debug        ] ShaderProgram::AddShader() : glCompileShader() successful
2016-08-18 19:46:34:196[Info         ] ShaderProgram::CheckShaderCompileStatus(14) successful.
2016-08-18 19:46:34:196[Debug        ] ShaderProgram::AddShader() : glCompileShader() successful
2016-08-18 19:46:34:196[Info         ] ShaderInfo saved successfully.
2016-08-18 19:46:34:196[Debug        ] ShaderProgram::AddShader() : glAttachShader() successful
2016-08-18 19:46:34:196[Info         ] ShaderProgram::AddShader [14] successful.
2016-08-18 19:46:34:196[Debug        ] File [..\Data\shaders\lighting.frag.shader] Opened successfully! Buffer Length:[1744]
2016-08-18 19:46:34:196[cDebug       ] Shader file [..\Data\shaders\lighting.frag.shader] is too big to display contents.
2016-08-18 19:46:34:199[Debug        ]  ShaderProgram::AddShader() file with data was read in
2016-08-18 19:46:34:199[Debug        ] ShaderProgram::AddShader() : glShaderSource() successful
2016-08-18 19:46:34:200[Debug        ] ShaderProgram::AddShader() : glCompileShader() successful
2016-08-18 19:46:34:200[Info         ] ShaderProgram::CheckShaderCompileStatus(15) successful.
2016-08-18 19:46:34:200[Debug        ] ShaderProgram::AddShader() : glCompileShader() successful
2016-08-18 19:46:34:200[Info         ] ShaderInfo saved successfully.
2016-08-18 19:46:34:200[Debug        ] ShaderProgram::AddShader() : glAttachShader() successful
2016-08-18 19:46:34:200[Info         ] ShaderProgram::AddShader [15] successful.
2016-08-18 19:46:34:204[Info         ] CheckProgramStatus() successful!
2016-08-18 19:46:34:204[Info         ] CheckProgramStatus() successful!
2016-08-18 19:46:34:204[Info         ] Shader Init started
2016-08-18 19:46:34:204[Info         ] Shader Program created.
2016-08-18 19:46:34:204[Process      ] ShaderProgram::Initialize()[16] successful!
2016-08-18 19:46:34:204[Debug        ] File [..\Data\shaders\texlighting.vert.shader] Opened successfully! Buffer Length:[1118]
2016-08-18 19:46:34:204[cDebug       ] Shader file [..\Data\shaders\texlighting.vert.shader] is too big to display contents.
2016-08-18 19:46:34:206[Debug        ]  ShaderProgram::AddShader() file with data was read in
2016-08-18 19:46:34:206[Debug        ] ShaderProgram::AddShader() : glShaderSource() successful
2016-08-18 19:46:34:206[Debug        ] ShaderProgram::AddShader() : glCompileShader() successful
2016-08-18 19:46:34:206[Info         ] ShaderProgram::CheckShaderCompileStatus(17) successful.
2016-08-18 19:46:34:206[Debug        ] ShaderProgram::AddShader() : glCompileShader() successful
2016-08-18 19:46:34:206[Info         ] ShaderInfo saved successfully.
2016-08-18 19:46:34:206[Debug        ] ShaderProgram::AddShader() : glAttachShader() successful
2016-08-18 19:46:34:206[Info         ] ShaderProgram::AddShader [17] successful.
2016-08-18 19:46:34:206[Debug        ] File [..\Data\shaders\texlighting.frag.shader] Opened successfully! Buffer Length:[1727]
2016-08-18 19:46:34:206[cDebug       ] Shader file [..\Data\shaders\texlighting.frag.shader] is too big to display contents.
2016-08-18 19:46:34:208[Debug        ]  ShaderProgram::AddShader() file with data was read in
2016-08-18 19:46:34:208[Debug        ] ShaderProgram::AddShader() : glShaderSource() successful
2016-08-18 19:46:34:208[Debug        ] ShaderProgram::AddShader() : glCompileShader() successful
2016-08-18 19:46:34:208[Info         ] ShaderProgram::CheckShaderCompileStatus(18) successful.
2016-08-18 19:46:34:208[Debug        ] ShaderProgram::AddShader() : glCompileShader() successful
2016-08-18 19:46:34:208[Info         ] ShaderInfo saved successfully.
2016-08-18 19:46:34:208[Debug        ] ShaderProgram::AddShader() : glAttachShader() successful
2016-08-18 19:46:34:208[Info         ] ShaderProgram::AddShader [18] successful.
2016-08-18 19:46:34:212[Info         ] CheckProgramStatus() successful!
2016-08-18 19:46:34:212[Info         ] CheckProgramStatus() successful!
2016-08-18 19:46:34:212[Info         ] Shader Init started
2016-08-18 19:46:34:212[Info         ] Shader Program created.
2016-08-18 19:46:34:212[Process      ] ShaderProgram::Initialize()[19] successful!
2016-08-18 19:46:34:212[Debug        ] File [..\Data\shaders\water.vert.shader] Opened successfully! Buffer Length:[1400]
2016-08-18 19:46:34:212[cDebug       ] Shader file [..\Data\shaders\water.vert.shader] is too big to display contents.
2016-08-18 19:46:34:214[Debug        ]  ShaderProgram::AddShader() file with data was read in
2016-08-18 19:46:34:214[Debug        ] ShaderProgram::AddShader() : glShaderSource() successful
2016-08-18 19:46:34:215[Debug        ] ShaderProgram::AddShader() : glCompileShader() successful
2016-08-18 19:46:34:215[Info         ] ShaderProgram::CheckShaderCompileStatus(20) successful.
2016-08-18 19:46:34:215[Debug        ] ShaderProgram::AddShader() : glCompileShader() successful
2016-08-18 19:46:34:215[Info         ] ShaderInfo saved successfully.
2016-08-18 19:46:34:215[Debug        ] ShaderProgram::AddShader() : glAttachShader() successful
2016-08-18 19:46:34:215[Info         ] ShaderProgram::AddShader [20] successful.
2016-08-18 19:46:34:215[Debug        ] File [..\Data\shaders\water.frag.shader] Opened successfully! Buffer Length:[2436]
2016-08-18 19:46:34:216[cDebug       ] Shader file [..\Data\shaders\water.frag.shader] is too big to display contents.
2016-08-18 19:46:34:218[Debug        ]  ShaderProgram::AddShader() file with data was read in
2016-08-18 19:46:34:218[Debug        ] ShaderProgram::AddShader() : glShaderSource() successful
2016-08-18 19:46:34:218[Debug        ] ShaderProgram::AddShader() : glCompileShader() successful
2016-08-18 19:46:34:218[Info         ] ShaderProgram::CheckShaderCompileStatus(21) successful.
2016-08-18 19:46:34:218[Debug        ] ShaderProgram::AddShader() : glCompileShader() successful
2016-08-18 19:46:34:218[Info         ] ShaderInfo saved successfully.
2016-08-18 19:46:34:218[Debug        ] ShaderProgram::AddShader() : glAttachShader() successful
2016-08-18 19:46:34:218[Info         ] ShaderProgram::AddShader [21] successful.
2016-08-18 19:46:34:221[Info         ] CheckProgramStatus() successful!
2016-08-18 19:46:34:221[Info         ] CheckProgramStatus() successful!
2016-08-18 19:46:34:222[Info         ] GetAttribLocation [vPosition] successful.
2016-08-18 19:46:34:222[Info         ] GetUniformLocation [colorin] successful.
2016-08-18 19:46:34:222[Info         ] GetUniformLocation [MAT] successful.
2016-08-18 19:46:34:222[cProcess     ] RenderEngine::Initialize() successful.
2016-08-18 19:46:34:223[cInfo        ] 
-----------------------------------------------------------------------
 BufferInfo::CreateBuffers()[0] Created buffers:| VERTEX [1] with [80] bytes. || INDEX [2] with [24] bytes |
-----------------------------------------------------------------------

2016-08-18 19:46:34:232[cInfo        ] --------BufferInfo::AddMesh() Added mesh successfully-------
2016-08-18 19:46:34:234[cInfo        ] 
2016-08-18 19:46:34:235[cInfo        ] --------------------| START BUFFER MESH INFO |-------------------------------------
2016-08-18 19:46:34:237[cInfo        ] BufferInfo::AddMesh(): NUM VERTS-----------------[4]
2016-08-18 19:46:34:238[cInfo        ] BufferInfo::AddMesh(): NUM INDICES---------------[6]
2016-08-18 19:46:34:241[cInfo        ] BufferInfo::AddMesh(): VERT OFFSET---------------[0]
2016-08-18 19:46:34:242[cInfo        ] BufferInfo::AddMesh(): INDICES OFFSET (BYTES)----[0]
2016-08-18 19:46:34:243[cInfo        ] --------------------|  END BUFFER MESH INFO  |--------------------------------------
2016-08-18 19:46:34:244[cInfo        ] 

2016-08-18 19:46:34:244[cInfo        ] 
-----------------------------------------------------------------------
 BufferInfo::CreateBuffers()[0] Created buffers:| VERTEX [3] with [96] bytes. || INDEX [4] with [48] bytes |
-----------------------------------------------------------------------

2016-08-18 19:46:34:248[cInfo        ] --------BufferInfo::AddMesh() Added mesh successfully-------
2016-08-18 19:46:34:250[cInfo        ] 
2016-08-18 19:46:34:251[cInfo        ] --------------------| START BUFFER MESH INFO |-------------------------------------
2016-08-18 19:46:34:252[cInfo        ] BufferInfo::AddMesh(): NUM VERTS-----------------[8]
2016-08-18 19:46:34:253[cInfo        ] BufferInfo::AddMesh(): NUM INDICES---------------[24]
2016-08-18 19:46:34:254[cInfo        ] BufferInfo::AddMesh(): VERT OFFSET---------------[0]
2016-08-18 19:46:34:255[cInfo        ] BufferInfo::AddMesh(): INDICES OFFSET (BYTES)----[0]
2016-08-18 19:46:34:256[cInfo        ] --------------------|  END BUFFER MESH INFO  |--------------------------------------
2016-08-18 19:46:34:257[cInfo        ] 

2016-08-18 19:46:34:258[cInfo        ] 
-----------------------------------------------------------------------
 BufferInfo::CreateBuffers()[0] Created buffers:| VERTEX [5] with [864] bytes. || INDEX [6] with [0] bytes |
-----------------------------------------------------------------------

2016-08-18 19:46:34:263[cInfo        ] --------BufferInfo::AddMesh() Added mesh successfully-------
2016-08-18 19:46:34:264[cInfo        ] 
2016-08-18 19:46:34:264[cInfo        ] --------------------| START BUFFER MESH INFO |-------------------------------------
2016-08-18 19:46:34:266[cInfo        ] BufferInfo::AddMesh(): NUM VERTS-----------------[36]
2016-08-18 19:46:34:267[cInfo        ] BufferInfo::AddMesh(): NUM INDICES---------------[0]
2016-08-18 19:46:34:268[cInfo        ] BufferInfo::AddMesh(): VERT OFFSET---------------[0]
2016-08-18 19:46:34:269[cInfo        ] BufferInfo::AddMesh(): INDICES OFFSET (BYTES)----[0]
2016-08-18 19:46:34:270[cInfo        ] --------------------|  END BUFFER MESH INFO  |--------------------------------------
2016-08-18 19:46:34:272[cInfo        ] 

2016-08-18 19:46:34:273[cInfo        ] 
-----------------------------------------------------------------------
 BufferInfo::CreateBuffers()[0] Created buffers:| VERTEX [7] with [144] bytes. || INDEX [8] with [0] bytes |
-----------------------------------------------------------------------

2016-08-18 19:46:34:276[cInfo        ] --------BufferInfo::AddMesh() Added mesh successfully-------
2016-08-18 19:46:34:277[cInfo        ] 
2016-08-18 19:46:34:277[cInfo        ] --------------------| START BUFFER MESH INFO |-------------------------------------
2016-08-18 19:46:34:278[cInfo        ] BufferInfo::AddMesh(): NUM VERTS-----------------[6]
2016-08-18 19:46:34:280[cInfo        ] BufferInfo::AddMesh(): NUM INDICES---------------[0]
2016-08-18 19:46:34:281[cInfo        ] BufferInfo::AddMesh(): VERT OFFSET---------------[0]
2016-08-18 19:46:34:283[cInfo        ] BufferInfo::AddMesh(): INDICES OFFSET (BYTES)----[0]
2016-08-18 19:46:34:284[cInfo        ] --------------------|  END BUFFER MESH INFO  |--------------------------------------
2016-08-18 19:46:34:285[cInfo        ] 

2016-08-18 19:46:34:285[cProcess     ] BufferManager::Initialize() successful.
2016-08-18 19:46:34:286[cInfo        ] 
-----------------------------------------------------------------------
 BufferInfo::CreateBuffers()[0] Created buffers:| VERTEX [9] with [1000000] bytes. || INDEX [10] with [1000000] bytes |
-----------------------------------------------------------------------

2016-08-18 19:46:34:290[cInfo        ] --------BufferInfo::AddMesh() Added mesh successfully-------
2016-08-18 19:46:34:291[cInfo        ] 
2016-08-18 19:46:34:292[cInfo        ] --------------------| START BUFFER MESH INFO |-------------------------------------
2016-08-18 19:46:34:293[cInfo        ] BufferInfo::AddMesh(): NUM VERTS-----------------[24]
2016-08-18 19:46:34:294[cInfo        ] BufferInfo::AddMesh(): NUM INDICES---------------[36]
2016-08-18 19:46:34:295[cInfo        ] BufferInfo::AddMesh(): VERT OFFSET---------------[0]
2016-08-18 19:46:34:296[cInfo        ] BufferInfo::AddMesh(): INDICES OFFSET (BYTES)----[0]
2016-08-18 19:46:34:296[cInfo        ] --------------------|  END BUFFER MESH INFO  |--------------------------------------
2016-08-18 19:46:34:299[cInfo        ] 

2016-08-18 19:46:34:301[cProcess     ] BufferManager::Initialize() successful.
2016-08-18 19:46:34:303[cInfo        ] 
-----------------------------------------------------------------------
 BufferInfo::CreateBuffers()[1] Created buffers:| VERTEX [11] with [1000000] bytes. || INDEX [12] with [1000000] bytes |
-----------------------------------------------------------------------

2016-08-18 19:46:34:309[cInfo        ] --------BufferInfo::AddMesh() Added mesh successfully-------
2016-08-18 19:46:34:310[cInfo        ] 
2016-08-18 19:46:34:310[cInfo        ] --------------------| START BUFFER MESH INFO |-------------------------------------
2016-08-18 19:46:34:311[cInfo        ] BufferInfo::AddMesh(): NUM VERTS-----------------[1536]
2016-08-18 19:46:34:312[cInfo        ] BufferInfo::AddMesh(): NUM INDICES---------------[3072]
2016-08-18 19:46:34:313[cInfo        ] BufferInfo::AddMesh(): VERT OFFSET---------------[0]
2016-08-18 19:46:34:314[cInfo        ] BufferInfo::AddMesh(): INDICES OFFSET (BYTES)----[0]
2016-08-18 19:46:34:315[cInfo        ] --------------------|  END BUFFER MESH INFO  |--------------------------------------
2016-08-18 19:46:34:316[cInfo        ] 

2016-08-18 19:46:34:319[cInfo        ] 
-----------------------------------------------------------------------
 BufferInfo::CreateBuffers()[0] Created buffers:| VERTEX [13] with [3936] bytes. || INDEX [14] with [0] bytes |
-----------------------------------------------------------------------

2016-08-18 19:46:34:323[cInfo        ] --------BufferInfo::AddMesh() Added mesh successfully-------
2016-08-18 19:46:34:323[cInfo        ] 
2016-08-18 19:46:34:324[cInfo        ] --------------------| START BUFFER MESH INFO |-------------------------------------
2016-08-18 19:46:34:325[cInfo        ] BufferInfo::AddMesh(): NUM VERTS-----------------[164]
2016-08-18 19:46:34:328[cInfo        ] BufferInfo::AddMesh(): NUM INDICES---------------[0]
2016-08-18 19:46:34:329[cInfo        ] BufferInfo::AddMesh(): VERT OFFSET---------------[0]
2016-08-18 19:46:34:332[cInfo        ] BufferInfo::AddMesh(): INDICES OFFSET (BYTES)----[0]
2016-08-18 19:46:34:333[cInfo        ] --------------------|  END BUFFER MESH INFO  |--------------------------------------
2016-08-18 19:46:34:335[cInfo        ] 

2016-08-18 19:46:34:337[cProcess     ] ShapeGenerator initialized successfully.
2016-08-18 19:46:34:339[cProcess     ] Camera::Initialize() successful.
2016-08-18 19:46:34:339[cProcess     ] Keyboard::Initialize() successful
2016-08-18 19:46:34:340[cProcess     ] Keyboard::Initialize() successful
2016-08-18 19:46:34:354[cInfo        ] 
-----------------------------------------------------------------------
 BufferInfo::CreateBuffers()[0] Created buffers:| VERTEX [15] with [10810368] bytes. || INDEX [16] with [0] bytes |
-----------------------------------------------------------------------

2016-08-18 19:46:34:383[cInfo        ] --------BufferInfo::AddMesh() Added mesh successfully-------
2016-08-18 19:46:34:385[cInfo        ] 
2016-08-18 19:46:34:386[cInfo        ] --------------------| START BUFFER MESH INFO |-------------------------------------
2016-08-18 19:46:34:388[cInfo        ] BufferInfo::AddMesh(): NUM VERTS-----------------[337824]
2016-08-18 19:46:34:389[cInfo        ] BufferInfo::AddMesh(): NUM INDICES---------------[0]
2016-08-18 19:46:34:390[cInfo        ] BufferInfo::AddMesh(): VERT OFFSET---------------[0]
2016-08-18 19:46:34:392[cInfo        ] BufferInfo::AddMesh(): INDICES OFFSET (BYTES)----[0]
2016-08-18 19:46:34:394[cInfo        ] --------------------|  END BUFFER MESH INFO  |--------------------------------------
2016-08-18 19:46:34:395[cInfo        ] 

2016-08-18 19:46:34:433[Info         ] ShapeGenerator::ReadSceneFile(): Added new scene [..\Data\Scenes\Dargon.ptn.scene] successfully.
2016-08-18 19:46:34:433[cInfo        ] EntityManager::BuildPlayerEntity(): Built [Dargon] successfully
2016-08-18 19:46:34:435[cProcess     ] BufferManager::Initialize() successful.
2016-08-18 19:46:34:444[cInfo        ] 
-----------------------------------------------------------------------
 BufferInfo::CreateBuffers()[2] Created buffers:| VERTEX [17] with [1000000] bytes. || INDEX [18] with [1000000] bytes |
-----------------------------------------------------------------------

2016-08-18 19:46:34:451[cInfo        ] --------BufferInfo::AddMesh() Added mesh successfully-------
2016-08-18 19:46:34:454[cInfo        ] 
2016-08-18 19:46:34:454[cInfo        ] --------------------| START BUFFER MESH INFO |-------------------------------------
2016-08-18 19:46:34:455[cInfo        ] BufferInfo::AddMesh(): NUM VERTS-----------------[36]
2016-08-18 19:46:34:456[cInfo        ] BufferInfo::AddMesh(): NUM INDICES---------------[0]
2016-08-18 19:46:34:457[cInfo        ] BufferInfo::AddMesh(): VERT OFFSET---------------[0]
2016-08-18 19:46:34:458[cInfo        ] BufferInfo::AddMesh(): INDICES OFFSET (BYTES)----[0]
2016-08-18 19:46:34:459[cInfo        ] --------------------|  END BUFFER MESH INFO  |--------------------------------------
2016-08-18 19:46:34:460[cInfo        ] 

2016-08-18 19:46:34:461[Info         ] ShapeGenerator::ReadSceneFile(): Added new scene [..\Data\Scenes\Cube.pn.scene] successfully.
2016-08-18 19:46:34:461[cInfo        ] --------BufferInfo::AddMesh() Added mesh successfully-------
2016-08-18 19:46:34:463[cInfo        ] 
2016-08-18 19:46:34:464[cInfo        ] --------------------| START BUFFER MESH INFO |-------------------------------------
2016-08-18 19:46:34:465[cInfo        ] BufferInfo::AddMesh(): NUM VERTS-----------------[18]
2016-08-18 19:46:34:466[cInfo        ] BufferInfo::AddMesh(): NUM INDICES---------------[0]
2016-08-18 19:46:34:467[cInfo        ] BufferInfo::AddMesh(): VERT OFFSET---------------[36]
2016-08-18 19:46:34:468[cInfo        ] BufferInfo::AddMesh(): INDICES OFFSET (BYTES)----[0]
2016-08-18 19:46:34:468[cInfo        ] --------------------|  END BUFFER MESH INFO  |--------------------------------------
2016-08-18 19:46:34:470[cInfo        ] 

2016-08-18 19:46:34:470[Info         ] ShapeGenerator::ReadSceneFile(): Added new scene [..\Data\Scenes\Pyramid.pn.scene] successfully.
2016-08-18 19:46:34:476[cInfo        ] 
-----------------------------------------------------------------------
 BufferInfo::CreateBuffers()[0] Created buffers:| VERTEX [19] with [5529600] bytes. || INDEX [20] with [0] bytes |
-----------------------------------------------------------------------

2016-08-18 19:46:34:492[cInfo        ] --------BufferInfo::AddMesh() Added mesh successfully-------
2016-08-18 19:46:34:494[cInfo        ] 
2016-08-18 19:46:34:495[cInfo        ] --------------------| START BUFFER MESH INFO |-------------------------------------
2016-08-18 19:46:34:497[cInfo        ] BufferInfo::AddMesh(): NUM VERTS-----------------[172800]
2016-08-18 19:46:34:500[cInfo        ] BufferInfo::AddMesh(): NUM INDICES---------------[0]
2016-08-18 19:46:34:501[cInfo        ] BufferInfo::AddMesh(): VERT OFFSET---------------[0]
2016-08-18 19:46:34:502[cInfo        ] BufferInfo::AddMesh(): INDICES OFFSET (BYTES)----[0]
2016-08-18 19:46:34:503[cInfo        ] --------------------|  END BUFFER MESH INFO  |--------------------------------------
2016-08-18 19:46:34:504[cInfo        ] 

2016-08-18 19:46:34:505[Info         ] ShapeGenerator::ReadSceneFile(): Added new scene [..\Data\Scenes\WaterPlane.ptn.scene] successfully.
2016-08-18 19:46:34:506[cProcess     ] Camera::Initialize() successful.
2016-08-18 19:46:34:516[cProcess     ] BufferManager::Initialize() successful.
2016-08-18 19:46:34:518[cInfo        ] 
-----------------------------------------------------------------------
 BufferInfo::CreateBuffers()[3] Created buffers:| VERTEX [21] with [8107776] bytes. || INDEX [22] with [0] bytes |
-----------------------------------------------------------------------

2016-08-18 19:46:34:539[cInfo        ] --------BufferInfo::AddMesh() Added mesh successfully-------
2016-08-18 19:46:34:540[cInfo        ] 
2016-08-18 19:46:34:541[cInfo        ] --------------------| START BUFFER MESH INFO |-------------------------------------
2016-08-18 19:46:34:543[cInfo        ] BufferInfo::AddMesh(): NUM VERTS-----------------[337824]
2016-08-18 19:46:34:545[cInfo        ] BufferInfo::AddMesh(): NUM INDICES---------------[0]
2016-08-18 19:46:34:546[cInfo        ] BufferInfo::AddMesh(): VERT OFFSET---------------[0]
2016-08-18 19:46:34:547[cInfo        ] BufferInfo::AddMesh(): INDICES OFFSET (BYTES)----[0]
2016-08-18 19:46:34:549[cInfo        ] --------------------|  END BUFFER MESH INFO  |--------------------------------------
2016-08-18 19:46:34:551[cInfo        ] 

2016-08-18 19:46:34:552[Info         ] ShapeGenerator::ReadSceneFile(): Added new scene [..\Data\Scenes\Dargon.pn.scene] successfully.
2016-08-18 19:46:34:552[cProcess     ] BufferManager::Initialize() successful.
2016-08-18 19:46:34:553[cInfo        ] 
-----------------------------------------------------------------------
 BufferInfo::CreateBuffers()[4] Created buffers:| VERTEX [23] with [1000000] bytes. || INDEX [24] with [1000000] bytes |
-----------------------------------------------------------------------

2016-08-18 19:46:34:559[cInfo        ] --------BufferInfo::AddMesh() Added mesh successfully-------
2016-08-18 19:46:34:560[cInfo        ] 
2016-08-18 19:46:34:561[cInfo        ] --------------------| START BUFFER MESH INFO |-------------------------------------
2016-08-18 19:46:34:562[cInfo        ] BufferInfo::AddMesh(): NUM VERTS-----------------[6]
2016-08-18 19:46:34:563[cInfo        ] BufferInfo::AddMesh(): NUM INDICES---------------[0]
2016-08-18 19:46:34:564[cInfo        ] BufferInfo::AddMesh(): VERT OFFSET---------------[0]
2016-08-18 19:46:34:565[cInfo        ] BufferInfo::AddMesh(): INDICES OFFSET (BYTES)----[0]
2016-08-18 19:46:34:566[cInfo        ] --------------------|  END BUFFER MESH INFO  |--------------------------------------
2016-08-18 19:46:34:567[cInfo        ] 

2016-08-18 19:46:34:568[cProcess     ] BodaciousQuest::Initialize() successful.
2016-08-18 19:46:34:569[Process      ] GameTime::Initialize() ok

2016-08-18 19:46:34:569[cProcess     ] MyWindow::Initialize() successful!
2016-08-18 19:46:45:689[cProcess     ] BufferManager::Shutdown() successful.
2016-08-18 19:46:45:690[cProcess     ] RenderEngine::Shutdown() successful.
2016-08-18 19:46:45:691[cProcess     ] Camera::Shutdown() successful.
2016-08-18 19:46:45:693[Info         ] Shader  [2] deleting...
2016-08-18 19:46:45:693[Info         ] Shader  [2] deleted successfully.
2016-08-18 19:46:45:693[Info         ] Shader  [3] deleting...
2016-08-18 19:46:45:693[Info         ] Shader  [3] deleted successfully.
2016-08-18 19:46:45:693[Info         ] All shaders deleted successfully.
2016-08-18 19:46:45:693[cInfo        ] Program [1] deleted successfully.
2016-08-18 19:46:45:694[Process      ] ShaderProgram[1]::Shutdown successful!
2016-08-18 19:46:45:694[Info         ] Shader  [5] deleting...
2016-08-18 19:46:45:694[Info         ] Shader  [5] deleted successfully.
2016-08-18 19:46:45:694[Info         ] Shader  [6] deleting...
2016-08-18 19:46:45:694[Info         ] Shader  [6] deleted successfully.
2016-08-18 19:46:45:694[Info         ] All shaders deleted successfully.
2016-08-18 19:46:45:694[cInfo        ] Program [4] deleted successfully.
2016-08-18 19:46:45:695[Process      ] ShaderProgram[4]::Shutdown successful!
2016-08-18 19:46:45:695[Info         ] Shader  [8] deleting...
2016-08-18 19:46:45:695[Info         ] Shader  [8] deleted successfully.
2016-08-18 19:46:45:695[Info         ] Shader  [9] deleting...
2016-08-18 19:46:45:696[Info         ] Shader  [9] deleted successfully.
2016-08-18 19:46:45:696[Info         ] All shaders deleted successfully.
2016-08-18 19:46:45:696[cInfo        ] Program [7] deleted successfully.
2016-08-18 19:46:45:696[Process      ] ShaderProgram[7]::Shutdown successful!
2016-08-18 19:46:45:697[Info         ] Shader  [11] deleting...
2016-08-18 19:46:45:697[Info         ] Shader  [11] deleted successfully.
2016-08-18 19:46:45:697[Info         ] Shader  [12] deleting...
2016-08-18 19:46:45:697[Info         ] Shader  [12] deleted successfully.
2016-08-18 19:46:45:697[Info         ] All shaders deleted successfully.
2016-08-18 19:46:45:697[cInfo        ] Program [10] deleted successfully.
2016-08-18 19:46:45:698[Process      ] ShaderProgram[10]::Shutdown successful!
2016-08-18 19:46:45:698[Info         ] Shader  [14] deleting...
2016-08-18 19:46:45:698[Info         ] Shader  [14] deleted successfully.
2016-08-18 19:46:45:698[Info         ] Shader  [15] deleting...
2016-08-18 19:46:45:698[Info         ] Shader  [15] deleted successfully.
2016-08-18 19:46:45:698[Info         ] All shaders deleted successfully.
2016-08-18 19:46:45:698[cInfo        ] Program [13] deleted successfully.
2016-08-18 19:46:45:701[Process      ] ShaderProgram[13]::Shutdown successful!
2016-08-18 19:46:45:701[Info         ] Shader  [17] deleting...
2016-08-18 19:46:45:701[Info         ] Shader  [17] deleted successfully.
2016-08-18 19:46:45:701[Info         ] Shader  [18] deleting...
2016-08-18 19:46:45:701[Info         ] Shader  [18] deleted successfully.
2016-08-18 19:46:45:701[Info         ] All shaders deleted successfully.
2016-08-18 19:46:45:702[cInfo        ] Program [16] deleted successfully.
2016-08-18 19:46:45:702[Process      ] ShaderProgram[16]::Shutdown successful!
2016-08-18 19:46:45:703[Info         ] Shader  [20] deleting...
2016-08-18 19:46:45:703[Info         ] Shader  [20] deleted successfully.
2016-08-18 19:46:45:703[Info         ] Shader  [21] deleting...
2016-08-18 19:46:45:703[Info         ] Shader  [21] deleted successfully.
2016-08-18 19:46:45:703[Info         ] All shaders deleted successfully.
2016-08-18 19:46:45:703[cInfo        ] Program [19] deleted successfully.
2016-08-18 19:46:45:703[Process      ] ShaderProgram[19]::Shutdown successful!
2016-08-18 19:46:45:703[cProcess     ] MyWindow::Shutdown() successful!
2016-08-18 19:46:45:704[cProcess     ] BodaciousQuest::Shutdown() successful.
2016-08-18 19:46:45:714[Process      ] ConfigReader shut down successfully
2016-08-18 19:46:45:714[Process      ] GameLogger::ShutDown() successful
