2016-08-24 09:38:23:411[Process      ] GameLogger::Initialize() opened log file [..\Data\LogFiles\2016-08-24 09-38-23.BodaciousQuest.log] for writing
2016-08-24 09:38:23:411[Info         ] GameLogger::Initialize() successful
2016-08-24 09:38:23:412[Process      ] ConfigReader opened [..\Data\BodaciousQuest.config] successfully
2016-08-24 09:38:23:412[Info         ] ConfigReader initialized successfully
2016-08-24 09:38:23:412[Info         ] Valid KVP [BodaciousQuest.ShowFullScreen] [false] added
2016-08-24 09:38:23:412[Info         ] Valid KVP [BodaciousQuest.FpsInterval] [5.0] added
2016-08-24 09:38:23:412[Info         ] Valid KVP [BodaciousQuest.EnableControls] [true] added
2016-08-24 09:38:23:412[Info         ] Valid KVP [BodaciousQuest.LoadCubeFirst] [true] added
2016-08-24 09:38:23:412[Info         ] Valid KVP [BodaciousQuest.CameraWalkMode] [false] added
2016-08-24 09:38:23:412[Info         ] Valid KVP [BodaciousQuest.GridSize] [40] added
2016-08-24 09:38:23:412[Info         ] Valid KVP [BodaciousQuest.LightingTest.Ambient.Color] [1.0  1.0  1.0] added
2016-08-24 09:38:23:412[Info         ] Valid KVP [BodaciousQuest.LightingTest.Diffuse.Color] [1.0  1.0  1.0] added
2016-08-24 09:38:23:412[Info         ] Valid KVP [BodaciousQuest.LightingTest.Specular.Color] [1.0  1.0  1.0] added
2016-08-24 09:38:23:412[Info         ] Valid KVP [BodaciousQuest.LightingTest.Ambient.Reflectivity] [0.1] added
2016-08-24 09:38:23:412[Info         ] Valid KVP [BodaciousQuest.LightingTest.Diffuse.Reflectivity] [0.9] added
2016-08-24 09:38:23:412[Info         ] Valid KVP [BodaciousQuest.LightingTest.Specular.Reflectivity] [0.2] added
2016-08-24 09:38:23:412[Info         ] Valid KVP [BodaciousQuest.LightingTest.Specular.Shininess] [2.0] added
2016-08-24 09:38:23:412[Info         ] Valid KVP [BodaciousQuest.LightingTest.Falloff.A] [1.0] added
2016-08-24 09:38:23:412[Info         ] Valid KVP [BodaciousQuest.LightingTest.Falloff.B] [0.01] added
2016-08-24 09:38:23:413[Info         ] Valid KVP [BodaciousQuest.LightingTest.Falloff.C] [0.001] added
2016-08-24 09:38:23:413[Info         ] Valid KVP [BodaciousQuest.LightingTest.Directional] [false] added
2016-08-24 09:38:23:413[Info         ] Valid KVP [BodaciousQuest.LightingTest.Direction] [-1.0 0.0 1.0] added
2016-08-24 09:38:23:413[Info         ] Valid KVP [BodaciousQuest.LightingTest.Light.Position] [-0.875458 3.673020 1.043331] added
2016-08-24 09:38:23:413[Info         ] Valid KVP [BodaciousQuest.LightingTest.Dargon.Color] [1.0 1.0 0.4] added
2016-08-24 09:38:23:413[Info         ] Valid KVP [ObjConverter.Mode.VertexType] [pn] added
2016-08-24 09:38:23:413[Info         ] Valid KVP [ObjConverter.Mode.Analyze] [false] added
2016-08-24 09:38:23:413[Info         ] Valid KVP [ObjConverter.Model] [Cat] added
2016-08-24 09:38:23:413[Info         ] Valid KVP [ObjConverter.Shader] [4] added
2016-08-24 09:38:23:413[Info         ] Valid KVP [ObjConverter.Color] [random] added
2016-08-24 09:38:23:413[Info         ] Valid KVP [ObjConverter.Obj.InputFileFolder] [..\\Data\\Objs\\] added
2016-08-24 09:38:23:413[Info         ] Valid KVP [ObjConverter.Scene.OutputFileFolder] [..\\Data\\Scenes\\] added
2016-08-24 09:38:23:413[Info         ] Valid KVP [ObjConverter.Model.Dargon.NumVerts] [57967] added
2016-08-24 09:38:23:413[Info         ] Valid KVP [ObjConverter.Model.Dargon.NumIndices] [337824] added
2016-08-24 09:38:23:413[Info         ] Valid KVP [ObjConverter.Model.Dargon.NumTexCoords] [60175] added
2016-08-24 09:38:23:413[Info         ] Valid KVP [ObjConverter.Model.Dargon.NumNormals] [337824] added
2016-08-24 09:38:23:413[Info         ] Valid KVP [ObjConverter.Model.Swamp.NumVerts] [2735] added
2016-08-24 09:38:23:413[Info         ] Valid KVP [ObjConverter.Model.Swamp.NumIndices] [8556] added
2016-08-24 09:38:23:413[Info         ] Valid KVP [ObjConverter.Model.Swamp.NumTexCoords] [3622] added
2016-08-24 09:38:23:413[Info         ] Valid KVP [ObjConverter.Model.Swamp.NumNormals] [5156] added
2016-08-24 09:38:23:413[Info         ] Valid KVP [ObjConverter.Model.Pyramid.NumVerts] [5] added
2016-08-24 09:38:23:413[Info         ] Valid KVP [ObjConverter.Model.Pyramid.NumIndices] [18] added
2016-08-24 09:38:23:413[Info         ] Valid KVP [ObjConverter.Model.Pyramid.NumTexCoords] [10] added
2016-08-24 09:38:23:413[Info         ] Valid KVP [ObjConverter.Model.Pyramid.NumNormals] [16] added
2016-08-24 09:38:23:413[Info         ] Valid KVP [ObjConverter.Model.AIWorld.NumVerts] [1957] added
2016-08-24 09:38:23:413[Info         ] Valid KVP [ObjConverter.Model.AIWorld.NumIndices] [8718] added
2016-08-24 09:38:23:413[Info         ] Valid KVP [ObjConverter.Model.AIWorld.NumTexCoords] [4186] added
2016-08-24 09:38:23:413[Info         ] Valid KVP [ObjConverter.Model.AIWorld.NumNormals] [5418] added
2016-08-24 09:38:23:413[Info         ] Valid KVP [ObjConverter.Model.GameWeapon.NumVerts] [2068] added
2016-08-24 09:38:23:413[Info         ] Valid KVP [ObjConverter.Model.GameWeapon.NumIndices] [9894] added
2016-08-24 09:38:23:413[Info         ] Valid KVP [ObjConverter.Model.GameWeapon.NumTexCoords] [0] added
2016-08-24 09:38:23:413[Info         ] Valid KVP [ObjConverter.Model.GameWeapon.NumNormals] [0] added
2016-08-24 09:38:23:413[Info         ] Valid KVP [ObjConverter.Model.Chicken.NumVerts] [224] added
2016-08-24 09:38:23:413[Info         ] Valid KVP [ObjConverter.Model.Chicken.NumIndices] [1374] added
2016-08-24 09:38:23:413[Info         ] Valid KVP [ObjConverter.Model.Chicken.NumTexCoords] [472] added
2016-08-24 09:38:23:413[Info         ] Valid KVP [ObjConverter.Model.Chicken.NumNormals] [565] added
2016-08-24 09:38:23:413[Info         ] Valid KVP [ObjConverter.Model.WaterPlane.NumVerts] [29282] added
2016-08-24 09:38:23:413[Info         ] Valid KVP [ObjConverter.Model.WaterPlane.NumIndices] [172800] added
2016-08-24 09:38:23:413[Info         ] Valid KVP [ObjConverter.Model.WaterPlane.NumTexCoords] [29282] added
2016-08-24 09:38:23:413[Info         ] Valid KVP [ObjConverter.Model.WaterPlane.NumNormals] [172800] added
2016-08-24 09:38:23:413[Info         ] Valid KVP [ObjConverter.Model.Cube.NumVerts] [8] added
2016-08-24 09:38:23:413[Info         ] Valid KVP [ObjConverter.Model.Cube.NumIndices] [36] added
2016-08-24 09:38:23:413[Info         ] Valid KVP [ObjConverter.Model.Cube.NumTexCoords] [14] added
2016-08-24 09:38:23:413[Info         ] Valid KVP [ObjConverter.Model.Cube.NumNormals] [24] added
2016-08-24 09:38:23:413[Info         ] Valid KVP [ObjConverter.Model.Barrel.NumVerts] [172] added
2016-08-24 09:38:23:413[Info         ] Valid KVP [ObjConverter.Model.Barrel.NumIndices] [1008] added
2016-08-24 09:38:23:413[Info         ] Valid KVP [ObjConverter.Model.Barrel.NumTexCoords] [328] added
2016-08-24 09:38:23:413[Info         ] Valid KVP [ObjConverter.Model.Barrel.NumNormals] [204] added
2016-08-24 09:38:23:413[Info         ] Valid KVP [ObjConverter.Model.SkyBox.NumVerts] [8] added
2016-08-24 09:38:23:413[Info         ] Valid KVP [ObjConverter.Model.SkyBox.NumIndices] [36] added
2016-08-24 09:38:23:413[Info         ] Valid KVP [ObjConverter.Model.SkyBox.NumTexCoords] [18] added
2016-08-24 09:38:23:413[Info         ] Valid KVP [ObjConverter.Model.SkyBox.NumNormals] [24] added
2016-08-24 09:38:23:414[Info         ] Valid KVP [ObjConverter.Model.Cat.NumVerts] [548] added
2016-08-24 09:38:23:414[Info         ] Valid KVP [ObjConverter.Model.Cat.NumIndices] [3180] added
2016-08-24 09:38:23:414[Info         ] Valid KVP [ObjConverter.Model.Cat.NumTexCoords] [771] added
2016-08-24 09:38:23:414[Info         ] Valid KVP [ObjConverter.Model.Cat.NumNormals] [714] added
2016-08-24 09:38:23:488[cInfo        ] Config reader opened [..\Data\BodaciousQuest.config] for reading!
2016-08-24 09:38:23:541[Process      ] ShaderManager Initialized successfully
2016-08-24 09:38:23:541[Info         ] Shader Init started
2016-08-24 09:38:23:541[Info         ] Shader Program created.
2016-08-24 09:38:23:541[Process      ] ShaderProgram::Initialize()[1] successful!
2016-08-24 09:38:23:541[Debug        ] File [..\Data\shaders\debug.vert.shader] Opened successfully! Buffer Length:[291]
2016-08-24 09:38:23:541[Debug        ] Shader file [..\Data\shaders\debug.vert.shader] contents:
//BEGIN
#version 430 core

layout(location = 0)  in vec3 vPosition;

layout(location = 15) uniform vec3 colorin;
layout(location = 16) uniform mat4 MAT;

out vec4 color;

void main()
{
	vec4 vertPos = vec4(vPosition, 1.0);
	gl_Position = MAT *  vertPos;
	color = vec4(colorin, 1.0);
}
//END

2016-08-24 09:38:23:541[Debug        ]  ShaderProgram::AddShader() file with data was read in
2016-08-24 09:38:23:541[Debug        ] ShaderProgram::AddShader() : glShaderSource() successful
2016-08-24 09:38:23:542[Debug        ] ShaderProgram::AddShader() : glCompileShader() successful
2016-08-24 09:38:23:542[Info         ] ShaderProgram::CheckShaderCompileStatus(2) successful.
2016-08-24 09:38:23:542[Debug        ] ShaderProgram::AddShader() : glCompileShader() successful
2016-08-24 09:38:23:542[Info         ] ShaderInfo saved successfully.
2016-08-24 09:38:23:542[Debug        ] ShaderProgram::AddShader() : glAttachShader() successful
2016-08-24 09:38:23:542[Info         ] ShaderProgram::AddShader [2] successful.
2016-08-24 09:38:23:542[Debug        ] File [..\Data\shaders\debug.frag.shader] Opened successfully! Buffer Length:[104]
2016-08-24 09:38:23:542[Debug        ] Shader file [..\Data\shaders\debug.frag.shader] contents:
//BEGIN
#version 430 core


in  vec4 color;
out vec4 outColor;

void main()
{
	outColor = color;
}


//END

2016-08-24 09:38:23:542[Debug        ]  ShaderProgram::AddShader() file with data was read in
2016-08-24 09:38:23:542[Debug        ] ShaderProgram::AddShader() : glShaderSource() successful
2016-08-24 09:38:23:542[Debug        ] ShaderProgram::AddShader() : glCompileShader() successful
2016-08-24 09:38:23:542[Info         ] ShaderProgram::CheckShaderCompileStatus(3) successful.
2016-08-24 09:38:23:542[Debug        ] ShaderProgram::AddShader() : glCompileShader() successful
2016-08-24 09:38:23:542[Info         ] ShaderInfo saved successfully.
2016-08-24 09:38:23:542[Debug        ] ShaderProgram::AddShader() : glAttachShader() successful
2016-08-24 09:38:23:542[Info         ] ShaderProgram::AddShader [3] successful.
2016-08-24 09:38:23:544[Info         ] CheckProgramStatus() successful!
2016-08-24 09:38:23:544[Info         ] CheckProgramStatus() successful!
2016-08-24 09:38:23:544[Info         ] Shader Init started
2016-08-24 09:38:23:544[Info         ] Shader Program created.
2016-08-24 09:38:23:544[Process      ] ShaderProgram::Initialize()[4] successful!
2016-08-24 09:38:23:544[Debug        ] File [..\Data\shaders\play.vert.shader] Opened successfully! Buffer Length:[343]
2016-08-24 09:38:23:544[Debug        ] Shader file [..\Data\shaders\play.vert.shader] contents:
//BEGIN
#version 430 core

layout (location = 0)  in vec3 vPosition;
layout (location = 1)  in vec3 vColor;
layout (location = 15) uniform vec3 colorin;
layout (location = 16) uniform mat4 MAT;

out vec4 color;

void main()
{
	vec4 vertPos = vec4(vPosition, 1.0);
	gl_Position = MAT *  vertPos;
	color = vec4((vColor + colorin), 1.0);
}
//END

2016-08-24 09:38:23:544[Debug        ]  ShaderProgram::AddShader() file with data was read in
2016-08-24 09:38:23:544[Debug        ] ShaderProgram::AddShader() : glShaderSource() successful
2016-08-24 09:38:23:544[Debug        ] ShaderProgram::AddShader() : glCompileShader() successful
2016-08-24 09:38:23:544[Info         ] ShaderProgram::CheckShaderCompileStatus(5) successful.
2016-08-24 09:38:23:544[Debug        ] ShaderProgram::AddShader() : glCompileShader() successful
2016-08-24 09:38:23:544[Info         ] ShaderInfo saved successfully.
2016-08-24 09:38:23:544[Debug        ] ShaderProgram::AddShader() : glAttachShader() successful
2016-08-24 09:38:23:544[Info         ] ShaderProgram::AddShader [5] successful.
2016-08-24 09:38:23:544[Debug        ] File [..\Data\shaders\play.frag.shader] Opened successfully! Buffer Length:[391]
2016-08-24 09:38:23:545[Debug        ] Shader file [..\Data\shaders\play.frag.shader] contents:
//BEGIN
#version 430 core


in  vec4 color;
out vec4 outColor;

void main()
{

	//if (color.r < .7) discard;
	outColor = color;

	//if(((gl_FragCoord.x  > 600)&& (gl_FragCoord.y < 300)) || ((gl_FragCoord.y < 300)  && (gl_FragCoord.x  < 600) )) {
	//discard;
	//}

	//vec2 scrPos = vec2(gl_FragCoord) - vec2(350,150);
	//float len =  length(scrPos);
	//if(len < 50 )discard;
}


//END

2016-08-24 09:38:23:545[Debug        ]  ShaderProgram::AddShader() file with data was read in
2016-08-24 09:38:23:545[Debug        ] ShaderProgram::AddShader() : glShaderSource() successful
2016-08-24 09:38:23:545[Debug        ] ShaderProgram::AddShader() : glCompileShader() successful
2016-08-24 09:38:23:545[Info         ] ShaderProgram::CheckShaderCompileStatus(6) successful.
2016-08-24 09:38:23:545[Debug        ] ShaderProgram::AddShader() : glCompileShader() successful
2016-08-24 09:38:23:545[Info         ] ShaderInfo saved successfully.
2016-08-24 09:38:23:545[Debug        ] ShaderProgram::AddShader() : glAttachShader() successful
2016-08-24 09:38:23:545[Info         ] ShaderProgram::AddShader [6] successful.
2016-08-24 09:38:23:546[Info         ] CheckProgramStatus() successful!
2016-08-24 09:38:23:546[Info         ] CheckProgramStatus() successful!
2016-08-24 09:38:23:546[Info         ] Shader Init started
2016-08-24 09:38:23:546[Info         ] Shader Program created.
2016-08-24 09:38:23:546[Process      ] ShaderProgram::Initialize()[7] successful!
2016-08-24 09:38:23:546[Debug        ] File [..\Data\shaders\texture.vert.shader] Opened successfully! Buffer Length:[305]
2016-08-24 09:38:23:546[Debug        ] Shader file [..\Data\shaders\texture.vert.shader] contents:
//BEGIN
#version 430 core

layout (location = 0)  in vec3 vPosition;
layout (location = 1)  in vec2 vUV;

layout (location = 16) uniform mat4 MAT;

//out data
out vec2 UV;

//out vec4 color;

void main()
{
	vec4 vertPos = vec4(vPosition, 1.0);
	gl_Position = MAT *  vertPos;

	UV = vUV;
	
	
}
//END

2016-08-24 09:38:23:546[Debug        ]  ShaderProgram::AddShader() file with data was read in
2016-08-24 09:38:23:546[Debug        ] ShaderProgram::AddShader() : glShaderSource() successful
2016-08-24 09:38:23:546[Debug        ] ShaderProgram::AddShader() : glCompileShader() successful
2016-08-24 09:38:23:546[Info         ] ShaderProgram::CheckShaderCompileStatus(8) successful.
2016-08-24 09:38:23:546[Debug        ] ShaderProgram::AddShader() : glCompileShader() successful
2016-08-24 09:38:23:546[Info         ] ShaderInfo saved successfully.
2016-08-24 09:38:23:546[Debug        ] ShaderProgram::AddShader() : glAttachShader() successful
2016-08-24 09:38:23:546[Info         ] ShaderProgram::AddShader [8] successful.
2016-08-24 09:38:23:546[Debug        ] File [..\Data\shaders\texture.frag.shader] Opened successfully! Buffer Length:[482]
2016-08-24 09:38:23:546[Debug        ] Shader file [..\Data\shaders\texture.frag.shader] contents:
//BEGIN
#version 430 core


in  vec2 UV;
out vec4 outColor;

layout(location = 20) uniform sampler2D textureSampler;

void main()
{

	//if (color.r < .7) discard;
	outColor = vec4(texture(textureSampler, UV).rgb, 1.0);

	//if(((gl_FragCoord.x  > 600)&& (gl_FragCoord.y < 300)) || ((gl_FragCoord.y < 300)  && (gl_FragCoord.x  < 600) )) {
	//discard;
	//}
	//vec2 scrPos = vec2(gl_FragCoord) - vec2(350,150);
	//float len =  length(scrPos);
	//if(len < 50 )discard;
}


//END

2016-08-24 09:38:23:546[Debug        ]  ShaderProgram::AddShader() file with data was read in
2016-08-24 09:38:23:546[Debug        ] ShaderProgram::AddShader() : glShaderSource() successful
2016-08-24 09:38:23:547[Debug        ] ShaderProgram::AddShader() : glCompileShader() successful
2016-08-24 09:38:23:547[Info         ] ShaderProgram::CheckShaderCompileStatus(9) successful.
2016-08-24 09:38:23:547[Debug        ] ShaderProgram::AddShader() : glCompileShader() successful
2016-08-24 09:38:23:547[Info         ] ShaderInfo saved successfully.
2016-08-24 09:38:23:547[Debug        ] ShaderProgram::AddShader() : glAttachShader() successful
2016-08-24 09:38:23:547[Info         ] ShaderProgram::AddShader [9] successful.
2016-08-24 09:38:23:548[Info         ] CheckProgramStatus() successful!
2016-08-24 09:38:23:548[Info         ] CheckProgramStatus() successful!
2016-08-24 09:38:23:548[Info         ] Shader Init started
2016-08-24 09:38:23:548[Info         ] Shader Program created.
2016-08-24 09:38:23:548[Process      ] ShaderProgram::Initialize()[10] successful!
2016-08-24 09:38:23:548[Debug        ] File [..\Data\shaders\framebuffer.vert.shader] Opened successfully! Buffer Length:[305]
2016-08-24 09:38:23:548[Debug        ] Shader file [..\Data\shaders\framebuffer.vert.shader] contents:
//BEGIN
#version 430 core

layout (location = 0)  in vec3 vPosition;
layout (location = 1)  in vec2 vUV;

layout (location = 16) uniform mat4 MAT;

//out data
out vec2 UV;

//out vec4 color;

void main()
{
	vec4 vertPos = vec4(vPosition, 1.0);
	gl_Position = MAT *  vertPos;

	UV = vUV;
	
	
}
//END

2016-08-24 09:38:23:548[Debug        ]  ShaderProgram::AddShader() file with data was read in
2016-08-24 09:38:23:548[Debug        ] ShaderProgram::AddShader() : glShaderSource() successful
2016-08-24 09:38:23:548[Debug        ] ShaderProgram::AddShader() : glCompileShader() successful
2016-08-24 09:38:23:548[Info         ] ShaderProgram::CheckShaderCompileStatus(11) successful.
2016-08-24 09:38:23:548[Debug        ] ShaderProgram::AddShader() : glCompileShader() successful
2016-08-24 09:38:23:548[Info         ] ShaderInfo saved successfully.
2016-08-24 09:38:23:548[Debug        ] ShaderProgram::AddShader() : glAttachShader() successful
2016-08-24 09:38:23:548[Info         ] ShaderProgram::AddShader [11] successful.
2016-08-24 09:38:23:548[Debug        ] File [..\Data\shaders\framebuffer.frag.shader] Opened successfully! Buffer Length:[275]
2016-08-24 09:38:23:548[Debug        ] Shader file [..\Data\shaders\framebuffer.frag.shader] contents:
//BEGIN
#version 430 core


in  vec2 UV;
out vec4 outColor;

layout(location = 20) uniform sampler2D textureSampler;

void main()
{


	vec3 tempCol = texture(textureSampler, UV).rgb;

	outColor = vec4(tempCol.r / 1.5f, tempCol.g / 1.5f, tempCol.b / 1.5f, 1.0f);
}


//END

2016-08-24 09:38:23:548[Debug        ]  ShaderProgram::AddShader() file with data was read in
2016-08-24 09:38:23:548[Debug        ] ShaderProgram::AddShader() : glShaderSource() successful
2016-08-24 09:38:23:548[Debug        ] ShaderProgram::AddShader() : glCompileShader() successful
2016-08-24 09:38:23:549[Info         ] ShaderProgram::CheckShaderCompileStatus(12) successful.
2016-08-24 09:38:23:549[Debug        ] ShaderProgram::AddShader() : glCompileShader() successful
2016-08-24 09:38:23:549[Info         ] ShaderInfo saved successfully.
2016-08-24 09:38:23:549[Debug        ] ShaderProgram::AddShader() : glAttachShader() successful
2016-08-24 09:38:23:549[Info         ] ShaderProgram::AddShader [12] successful.
2016-08-24 09:38:23:550[Info         ] CheckProgramStatus() successful!
2016-08-24 09:38:23:550[Info         ] CheckProgramStatus() successful!
2016-08-24 09:38:23:550[Info         ] Shader Init started
2016-08-24 09:38:23:550[Info         ] Shader Program created.
2016-08-24 09:38:23:550[Process      ] ShaderProgram::Initialize()[13] successful!
2016-08-24 09:38:23:550[Debug        ] File [..\Data\shaders\lighting.vert.shader] Opened successfully! Buffer Length:[1004]
2016-08-24 09:38:23:550[cDebug       ] Shader file [..\Data\shaders\lighting.vert.shader] is too big to display contents.
2016-08-24 09:38:23:552[Debug        ]  ShaderProgram::AddShader() file with data was read in
2016-08-24 09:38:23:553[Debug        ] ShaderProgram::AddShader() : glShaderSource() successful
2016-08-24 09:38:23:553[Debug        ] ShaderProgram::AddShader() : glCompileShader() successful
2016-08-24 09:38:23:553[Info         ] ShaderProgram::CheckShaderCompileStatus(14) successful.
2016-08-24 09:38:23:553[Debug        ] ShaderProgram::AddShader() : glCompileShader() successful
2016-08-24 09:38:23:553[Info         ] ShaderInfo saved successfully.
2016-08-24 09:38:23:553[Debug        ] ShaderProgram::AddShader() : glAttachShader() successful
2016-08-24 09:38:23:553[Info         ] ShaderProgram::AddShader [14] successful.
2016-08-24 09:38:23:553[Debug        ] File [..\Data\shaders\lighting.frag.shader] Opened successfully! Buffer Length:[1824]
2016-08-24 09:38:23:553[cDebug       ] Shader file [..\Data\shaders\lighting.frag.shader] is too big to display contents.
2016-08-24 09:38:23:555[Debug        ]  ShaderProgram::AddShader() file with data was read in
2016-08-24 09:38:23:555[Debug        ] ShaderProgram::AddShader() : glShaderSource() successful
2016-08-24 09:38:23:555[Debug        ] ShaderProgram::AddShader() : glCompileShader() successful
2016-08-24 09:38:23:555[Info         ] ShaderProgram::CheckShaderCompileStatus(15) successful.
2016-08-24 09:38:23:555[Debug        ] ShaderProgram::AddShader() : glCompileShader() successful
2016-08-24 09:38:23:555[Info         ] ShaderInfo saved successfully.
2016-08-24 09:38:23:555[Debug        ] ShaderProgram::AddShader() : glAttachShader() successful
2016-08-24 09:38:23:555[Info         ] ShaderProgram::AddShader [15] successful.
2016-08-24 09:38:23:558[Info         ] CheckProgramStatus() successful!
2016-08-24 09:38:23:558[Info         ] CheckProgramStatus() successful!
2016-08-24 09:38:23:558[Info         ] Shader Init started
2016-08-24 09:38:23:558[Info         ] Shader Program created.
2016-08-24 09:38:23:558[Process      ] ShaderProgram::Initialize()[16] successful!
2016-08-24 09:38:23:558[Debug        ] File [..\Data\shaders\texlighting.vert.shader] Opened successfully! Buffer Length:[1051]
2016-08-24 09:38:23:558[cDebug       ] Shader file [..\Data\shaders\texlighting.vert.shader] is too big to display contents.
2016-08-24 09:38:23:561[Debug        ]  ShaderProgram::AddShader() file with data was read in
2016-08-24 09:38:23:561[Debug        ] ShaderProgram::AddShader() : glShaderSource() successful
2016-08-24 09:38:23:562[Debug        ] ShaderProgram::AddShader() : glCompileShader() successful
2016-08-24 09:38:23:562[Info         ] ShaderProgram::CheckShaderCompileStatus(17) successful.
2016-08-24 09:38:23:562[Debug        ] ShaderProgram::AddShader() : glCompileShader() successful
2016-08-24 09:38:23:562[Info         ] ShaderInfo saved successfully.
2016-08-24 09:38:23:562[Debug        ] ShaderProgram::AddShader() : glAttachShader() successful
2016-08-24 09:38:23:562[Info         ] ShaderProgram::AddShader [17] successful.
2016-08-24 09:38:23:562[Debug        ] File [..\Data\shaders\texlighting.frag.shader] Opened successfully! Buffer Length:[1885]
2016-08-24 09:38:23:562[cDebug       ] Shader file [..\Data\shaders\texlighting.frag.shader] is too big to display contents.
2016-08-24 09:38:23:564[Debug        ]  ShaderProgram::AddShader() file with data was read in
2016-08-24 09:38:23:564[Debug        ] ShaderProgram::AddShader() : glShaderSource() successful
2016-08-24 09:38:23:565[Debug        ] ShaderProgram::AddShader() : glCompileShader() successful
2016-08-24 09:38:23:565[Info         ] ShaderProgram::CheckShaderCompileStatus(18) successful.
2016-08-24 09:38:23:565[Debug        ] ShaderProgram::AddShader() : glCompileShader() successful
2016-08-24 09:38:23:565[Info         ] ShaderInfo saved successfully.
2016-08-24 09:38:23:565[Debug        ] ShaderProgram::AddShader() : glAttachShader() successful
2016-08-24 09:38:23:565[Info         ] ShaderProgram::AddShader [18] successful.
2016-08-24 09:38:23:569[Info         ] CheckProgramStatus() successful!
2016-08-24 09:38:23:569[Info         ] CheckProgramStatus() successful!
2016-08-24 09:38:23:569[Info         ] Shader Init started
2016-08-24 09:38:23:569[Info         ] Shader Program created.
2016-08-24 09:38:23:569[Process      ] ShaderProgram::Initialize()[19] successful!
2016-08-24 09:38:23:569[Debug        ] File [..\Data\shaders\water.vert.shader] Opened successfully! Buffer Length:[1400]
2016-08-24 09:38:23:569[cDebug       ] Shader file [..\Data\shaders\water.vert.shader] is too big to display contents.
2016-08-24 09:38:23:570[Debug        ]  ShaderProgram::AddShader() file with data was read in
2016-08-24 09:38:23:570[Debug        ] ShaderProgram::AddShader() : glShaderSource() successful
2016-08-24 09:38:23:571[Debug        ] ShaderProgram::AddShader() : glCompileShader() successful
2016-08-24 09:38:23:571[Info         ] ShaderProgram::CheckShaderCompileStatus(20) successful.
2016-08-24 09:38:23:571[Debug        ] ShaderProgram::AddShader() : glCompileShader() successful
2016-08-24 09:38:23:571[Info         ] ShaderInfo saved successfully.
2016-08-24 09:38:23:571[Debug        ] ShaderProgram::AddShader() : glAttachShader() successful
2016-08-24 09:38:23:571[Info         ] ShaderProgram::AddShader [20] successful.
2016-08-24 09:38:23:571[Debug        ] File [..\Data\shaders\water.frag.shader] Opened successfully! Buffer Length:[2455]
2016-08-24 09:38:23:571[cDebug       ] Shader file [..\Data\shaders\water.frag.shader] is too big to display contents.
2016-08-24 09:38:23:572[Debug        ]  ShaderProgram::AddShader() file with data was read in
2016-08-24 09:38:23:572[Debug        ] ShaderProgram::AddShader() : glShaderSource() successful
2016-08-24 09:38:23:573[Debug        ] ShaderProgram::AddShader() : glCompileShader() successful
2016-08-24 09:38:23:573[Info         ] ShaderProgram::CheckShaderCompileStatus(21) successful.
2016-08-24 09:38:23:573[Debug        ] ShaderProgram::AddShader() : glCompileShader() successful
2016-08-24 09:38:23:573[Info         ] ShaderInfo saved successfully.
2016-08-24 09:38:23:573[Debug        ] ShaderProgram::AddShader() : glAttachShader() successful
2016-08-24 09:38:23:573[Info         ] ShaderProgram::AddShader [21] successful.
2016-08-24 09:38:23:574[Info         ] CheckProgramStatus() successful!
2016-08-24 09:38:23:574[Info         ] CheckProgramStatus() successful!
2016-08-24 09:38:23:575[Info         ] GetAttribLocation [vPosition] successful.
2016-08-24 09:38:23:575[Info         ] GetUniformLocation [colorin] successful.
2016-08-24 09:38:23:575[Info         ] GetUniformLocation [MAT] successful.
2016-08-24 09:38:23:575[cProcess     ] RenderEngine::Initialize() successful.
2016-08-24 09:38:23:577[cInfo        ] 
-----------------------------------------------------------------------
 BufferInfo::CreateBuffers()[0] Created buffers:| VERTEX [1] with [80] bytes. || INDEX [2] with [24] bytes |
-----------------------------------------------------------------------

2016-08-24 09:38:23:584[cInfo        ] --------BufferInfo::AddMesh() Added mesh successfully-------
2016-08-24 09:38:23:586[cInfo        ] 
2016-08-24 09:38:23:587[cInfo        ] --------------------| START BUFFER MESH INFO |-------------------------------------
2016-08-24 09:38:23:588[cInfo        ] BufferInfo::AddMesh(): NUM VERTS-----------------[4]
2016-08-24 09:38:23:589[cInfo        ] BufferInfo::AddMesh(): NUM INDICES---------------[6]
2016-08-24 09:38:23:591[cInfo        ] BufferInfo::AddMesh(): VERT OFFSET---------------[0]
2016-08-24 09:38:23:593[cInfo        ] BufferInfo::AddMesh(): INDICES OFFSET (BYTES)----[0]
2016-08-24 09:38:23:594[cInfo        ] --------------------|  END BUFFER MESH INFO  |--------------------------------------
2016-08-24 09:38:23:596[cInfo        ] 

2016-08-24 09:38:23:597[cInfo        ] 
-----------------------------------------------------------------------
 BufferInfo::CreateBuffers()[0] Created buffers:| VERTEX [3] with [96] bytes. || INDEX [4] with [48] bytes |
-----------------------------------------------------------------------

2016-08-24 09:38:23:603[cInfo        ] --------BufferInfo::AddMesh() Added mesh successfully-------
2016-08-24 09:38:23:604[cInfo        ] 
2016-08-24 09:38:23:605[cInfo        ] --------------------| START BUFFER MESH INFO |-------------------------------------
2016-08-24 09:38:23:606[cInfo        ] BufferInfo::AddMesh(): NUM VERTS-----------------[8]
2016-08-24 09:38:23:608[cInfo        ] BufferInfo::AddMesh(): NUM INDICES---------------[24]
2016-08-24 09:38:23:610[cInfo        ] BufferInfo::AddMesh(): VERT OFFSET---------------[0]
2016-08-24 09:38:23:611[cInfo        ] BufferInfo::AddMesh(): INDICES OFFSET (BYTES)----[0]
2016-08-24 09:38:23:612[cInfo        ] --------------------|  END BUFFER MESH INFO  |--------------------------------------
2016-08-24 09:38:23:614[cInfo        ] 

2016-08-24 09:38:23:615[cInfo        ] 
-----------------------------------------------------------------------
 BufferInfo::CreateBuffers()[0] Created buffers:| VERTEX [5] with [864] bytes. || INDEX [6] with [0] bytes |
-----------------------------------------------------------------------

2016-08-24 09:38:23:621[cInfo        ] --------BufferInfo::AddMesh() Added mesh successfully-------
2016-08-24 09:38:23:622[cInfo        ] 
2016-08-24 09:38:23:624[cInfo        ] --------------------| START BUFFER MESH INFO |-------------------------------------
2016-08-24 09:38:23:625[cInfo        ] BufferInfo::AddMesh(): NUM VERTS-----------------[36]
2016-08-24 09:38:23:626[cInfo        ] BufferInfo::AddMesh(): NUM INDICES---------------[0]
2016-08-24 09:38:23:628[cInfo        ] BufferInfo::AddMesh(): VERT OFFSET---------------[0]
2016-08-24 09:38:23:629[cInfo        ] BufferInfo::AddMesh(): INDICES OFFSET (BYTES)----[0]
2016-08-24 09:38:23:630[cInfo        ] --------------------|  END BUFFER MESH INFO  |--------------------------------------
2016-08-24 09:38:23:632[cInfo        ] 

2016-08-24 09:38:23:633[cInfo        ] 
-----------------------------------------------------------------------
 BufferInfo::CreateBuffers()[0] Created buffers:| VERTEX [7] with [144] bytes. || INDEX [8] with [0] bytes |
-----------------------------------------------------------------------

2016-08-24 09:38:23:640[cInfo        ] --------BufferInfo::AddMesh() Added mesh successfully-------
2016-08-24 09:38:23:642[cInfo        ] 
2016-08-24 09:38:23:642[cInfo        ] --------------------| START BUFFER MESH INFO |-------------------------------------
2016-08-24 09:38:23:644[cInfo        ] BufferInfo::AddMesh(): NUM VERTS-----------------[6]
2016-08-24 09:38:23:645[cInfo        ] BufferInfo::AddMesh(): NUM INDICES---------------[0]
2016-08-24 09:38:23:647[cInfo        ] BufferInfo::AddMesh(): VERT OFFSET---------------[0]
2016-08-24 09:38:23:648[cInfo        ] BufferInfo::AddMesh(): INDICES OFFSET (BYTES)----[0]
2016-08-24 09:38:23:650[cInfo        ] --------------------|  END BUFFER MESH INFO  |--------------------------------------
2016-08-24 09:38:23:652[cInfo        ] 

2016-08-24 09:38:23:653[Process      ] BufferInfo::Initialize() successful.
2016-08-24 09:38:23:653[cInfo        ] 
-----------------------------------------------------------------------
 BufferInfo::CreateBuffers()[0] Created buffers:| VERTEX [9] with [1000000] bytes. || INDEX [10] with [1000000] bytes |
-----------------------------------------------------------------------

2016-08-24 09:38:23:659[cInfo        ] --------BufferInfo::AddMesh() Added mesh successfully-------
2016-08-24 09:38:23:660[cInfo        ] 
2016-08-24 09:38:23:661[cInfo        ] --------------------| START BUFFER MESH INFO |-------------------------------------
2016-08-24 09:38:23:662[cInfo        ] BufferInfo::AddMesh(): NUM VERTS-----------------[24]
2016-08-24 09:38:23:664[cInfo        ] BufferInfo::AddMesh(): NUM INDICES---------------[36]
2016-08-24 09:38:23:665[cInfo        ] BufferInfo::AddMesh(): VERT OFFSET---------------[0]
2016-08-24 09:38:23:666[cInfo        ] BufferInfo::AddMesh(): INDICES OFFSET (BYTES)----[0]
2016-08-24 09:38:23:667[cInfo        ] --------------------|  END BUFFER MESH INFO  |--------------------------------------
2016-08-24 09:38:23:671[cInfo        ] 

2016-08-24 09:38:23:672[Process      ] BufferInfo::Initialize() successful.
2016-08-24 09:38:23:673[cInfo        ] 
-----------------------------------------------------------------------
 BufferInfo::CreateBuffers()[1] Created buffers:| VERTEX [11] with [1000000] bytes. || INDEX [12] with [1000000] bytes |
-----------------------------------------------------------------------

2016-08-24 09:38:23:676[cInfo        ] --------BufferInfo::AddMesh() Added mesh successfully-------
2016-08-24 09:38:23:677[cInfo        ] 
2016-08-24 09:38:23:677[cInfo        ] --------------------| START BUFFER MESH INFO |-------------------------------------
2016-08-24 09:38:23:679[cInfo        ] BufferInfo::AddMesh(): NUM VERTS-----------------[1536]
2016-08-24 09:38:23:679[cInfo        ] BufferInfo::AddMesh(): NUM INDICES---------------[3072]
2016-08-24 09:38:23:680[cInfo        ] BufferInfo::AddMesh(): VERT OFFSET---------------[0]
2016-08-24 09:38:23:681[cInfo        ] BufferInfo::AddMesh(): INDICES OFFSET (BYTES)----[0]
2016-08-24 09:38:23:682[cInfo        ] --------------------|  END BUFFER MESH INFO  |--------------------------------------
2016-08-24 09:38:23:683[cInfo        ] 

2016-08-24 09:38:23:684[cInfo        ] 
-----------------------------------------------------------------------
 BufferInfo::CreateBuffers()[0] Created buffers:| VERTEX [13] with [3936] bytes. || INDEX [14] with [0] bytes |
-----------------------------------------------------------------------

2016-08-24 09:38:23:690[cInfo        ] --------BufferInfo::AddMesh() Added mesh successfully-------
2016-08-24 09:38:23:691[cInfo        ] 
2016-08-24 09:38:23:692[cInfo        ] --------------------| START BUFFER MESH INFO |-------------------------------------
2016-08-24 09:38:23:694[cInfo        ] BufferInfo::AddMesh(): NUM VERTS-----------------[164]
2016-08-24 09:38:23:695[cInfo        ] BufferInfo::AddMesh(): NUM INDICES---------------[0]
2016-08-24 09:38:23:696[cInfo        ] BufferInfo::AddMesh(): VERT OFFSET---------------[0]
2016-08-24 09:38:23:698[cInfo        ] BufferInfo::AddMesh(): INDICES OFFSET (BYTES)----[0]
2016-08-24 09:38:23:699[cInfo        ] --------------------|  END BUFFER MESH INFO  |--------------------------------------
2016-08-24 09:38:23:702[cInfo        ] 

2016-08-24 09:38:23:703[cProcess     ] ShapeGenerator initialized successfully.
2016-08-24 09:38:23:704[cProcess     ] Camera::Initialize() successful.
2016-08-24 09:38:23:704[cProcess     ] Keyboard::Initialize() successful
2016-08-24 09:38:23:705[cProcess     ] Keyboard::Initialize() successful
2016-08-24 09:38:23:718[cInfo        ] 
-----------------------------------------------------------------------
 BufferInfo::CreateBuffers()[0] Created buffers:| VERTEX [15] with [10810368] bytes. || INDEX [16] with [0] bytes |
-----------------------------------------------------------------------

2016-08-24 09:38:23:744[cInfo        ] --------BufferInfo::AddMesh() Added mesh successfully-------
2016-08-24 09:38:23:746[cInfo        ] 
2016-08-24 09:38:23:746[cInfo        ] --------------------| START BUFFER MESH INFO |-------------------------------------
2016-08-24 09:38:23:750[cInfo        ] BufferInfo::AddMesh(): NUM VERTS-----------------[337824]
2016-08-24 09:38:23:751[cInfo        ] BufferInfo::AddMesh(): NUM INDICES---------------[0]
2016-08-24 09:38:23:753[cInfo        ] BufferInfo::AddMesh(): VERT OFFSET---------------[0]
2016-08-24 09:38:23:754[cInfo        ] BufferInfo::AddMesh(): INDICES OFFSET (BYTES)----[0]
2016-08-24 09:38:23:755[cInfo        ] --------------------|  END BUFFER MESH INFO  |--------------------------------------
2016-08-24 09:38:23:757[cInfo        ] 

2016-08-24 09:38:23:796[Info         ] ShapeGenerator::ReadSceneFile(): Added new scene [..\Data\Scenes\Dargon.ptn.scene] successfully.
2016-08-24 09:38:23:796[cInfo        ] EntityManager::BuildPlayerEntity(): Built [Dargon] successfully
2016-08-24 09:38:23:803[Process      ] BufferInfo::Initialize() successful.
2016-08-24 09:38:23:808[cInfo        ] 
-----------------------------------------------------------------------
 BufferInfo::CreateBuffers()[2] Created buffers:| VERTEX [17] with [1000000] bytes. || INDEX [18] with [1000000] bytes |
-----------------------------------------------------------------------

2016-08-24 09:38:23:813[cInfo        ] --------BufferInfo::AddMesh() Added mesh successfully-------
2016-08-24 09:38:23:815[cInfo        ] 
2016-08-24 09:38:23:815[cInfo        ] --------------------| START BUFFER MESH INFO |-------------------------------------
2016-08-24 09:38:23:817[cInfo        ] BufferInfo::AddMesh(): NUM VERTS-----------------[36]
2016-08-24 09:38:23:818[cInfo        ] BufferInfo::AddMesh(): NUM INDICES---------------[0]
2016-08-24 09:38:23:819[cInfo        ] BufferInfo::AddMesh(): VERT OFFSET---------------[0]
2016-08-24 09:38:23:821[cInfo        ] BufferInfo::AddMesh(): INDICES OFFSET (BYTES)----[0]
2016-08-24 09:38:23:822[cInfo        ] --------------------|  END BUFFER MESH INFO  |--------------------------------------
2016-08-24 09:38:23:824[cInfo        ] 

2016-08-24 09:38:23:825[Info         ] ShapeGenerator::ReadSceneFile(): Added new scene [..\Data\Scenes\Cube.pn.scene] successfully.
2016-08-24 09:38:23:825[Process      ] BufferInfo::Initialize() successful.
2016-08-24 09:38:23:825[cInfo        ] 
-----------------------------------------------------------------------
 BufferInfo::CreateBuffers()[3] Created buffers:| VERTEX [19] with [1000000] bytes. || INDEX [20] with [1000000] bytes |
-----------------------------------------------------------------------

2016-08-24 09:38:23:831[cInfo        ] --------BufferInfo::AddMesh() Added mesh successfully-------
2016-08-24 09:38:23:831[cInfo        ] 
2016-08-24 09:38:23:832[cInfo        ] --------------------| START BUFFER MESH INFO |-------------------------------------
2016-08-24 09:38:23:833[cInfo        ] BufferInfo::AddMesh(): NUM VERTS-----------------[8718]
2016-08-24 09:38:23:834[cInfo        ] BufferInfo::AddMesh(): NUM INDICES---------------[0]
2016-08-24 09:38:23:835[cInfo        ] BufferInfo::AddMesh(): VERT OFFSET---------------[0]
2016-08-24 09:38:23:836[cInfo        ] BufferInfo::AddMesh(): INDICES OFFSET (BYTES)----[0]
2016-08-24 09:38:23:836[cInfo        ] --------------------|  END BUFFER MESH INFO  |--------------------------------------
2016-08-24 09:38:23:838[cInfo        ] 

2016-08-24 09:38:23:840[Info         ] ShapeGenerator::ReadSceneFile(): Added new scene [..\Data\Scenes\AIWorld.ptn.scene] successfully.
2016-08-24 09:38:23:843[cInfo        ] --------BufferInfo::AddMesh() Added mesh successfully-------
2016-08-24 09:38:23:843[cInfo        ] 
2016-08-24 09:38:23:844[cInfo        ] --------------------| START BUFFER MESH INFO |-------------------------------------
2016-08-24 09:38:23:845[cInfo        ] BufferInfo::AddMesh(): NUM VERTS-----------------[18]
2016-08-24 09:38:23:846[cInfo        ] BufferInfo::AddMesh(): NUM INDICES---------------[0]
2016-08-24 09:38:23:847[cInfo        ] BufferInfo::AddMesh(): VERT OFFSET---------------[36]
2016-08-24 09:38:23:848[cInfo        ] BufferInfo::AddMesh(): INDICES OFFSET (BYTES)----[0]
2016-08-24 09:38:23:848[cInfo        ] --------------------|  END BUFFER MESH INFO  |--------------------------------------
2016-08-24 09:38:23:850[cInfo        ] 

2016-08-24 09:38:23:850[Info         ] ShapeGenerator::ReadSceneFile(): Added new scene [..\Data\Scenes\Pyramid.pn.scene] successfully.
2016-08-24 09:38:23:856[cInfo        ] 
-----------------------------------------------------------------------
 BufferInfo::CreateBuffers()[0] Created buffers:| VERTEX [21] with [5529600] bytes. || INDEX [22] with [0] bytes |
-----------------------------------------------------------------------

2016-08-24 09:38:23:874[cInfo        ] --------BufferInfo::AddMesh() Added mesh successfully-------
2016-08-24 09:38:23:875[cInfo        ] 
2016-08-24 09:38:23:876[cInfo        ] --------------------| START BUFFER MESH INFO |-------------------------------------
2016-08-24 09:38:23:878[cInfo        ] BufferInfo::AddMesh(): NUM VERTS-----------------[172800]
2016-08-24 09:38:23:879[cInfo        ] BufferInfo::AddMesh(): NUM INDICES---------------[0]
2016-08-24 09:38:23:881[cInfo        ] BufferInfo::AddMesh(): VERT OFFSET---------------[0]
2016-08-24 09:38:23:882[cInfo        ] BufferInfo::AddMesh(): INDICES OFFSET (BYTES)----[0]
2016-08-24 09:38:23:883[cInfo        ] --------------------|  END BUFFER MESH INFO  |--------------------------------------
2016-08-24 09:38:23:885[cInfo        ] 

2016-08-24 09:38:23:886[Info         ] ShapeGenerator::ReadSceneFile(): Added new scene [..\Data\Scenes\WaterPlane.ptn.scene] successfully.
2016-08-24 09:38:23:887[cProcess     ] Camera::Initialize() successful.
2016-08-24 09:38:23:890[cInfo        ] --------BufferInfo::AddMesh() Added mesh successfully-------
2016-08-24 09:38:23:891[cInfo        ] 
2016-08-24 09:38:23:891[cInfo        ] --------------------| START BUFFER MESH INFO |-------------------------------------
2016-08-24 09:38:23:893[cInfo        ] BufferInfo::AddMesh(): NUM VERTS-----------------[3180]
2016-08-24 09:38:23:893[cInfo        ] BufferInfo::AddMesh(): NUM INDICES---------------[0]
2016-08-24 09:38:23:895[cInfo        ] BufferInfo::AddMesh(): VERT OFFSET---------------[36]
2016-08-24 09:38:23:896[cInfo        ] BufferInfo::AddMesh(): INDICES OFFSET (BYTES)----[0]
2016-08-24 09:38:23:897[cInfo        ] --------------------|  END BUFFER MESH INFO  |--------------------------------------
2016-08-24 09:38:23:899[cInfo        ] 

2016-08-24 09:38:23:900[Info         ] ShapeGenerator::ReadSceneFile(): Added new scene [..\Data\Scenes\Cat.pn.scene] successfully.
2016-08-24 09:38:23:900[cInfo        ] --------BufferInfo::AddMesh() Added mesh successfully-------
2016-08-24 09:38:23:901[cInfo        ] 
2016-08-24 09:38:23:901[cInfo        ] --------------------| START BUFFER MESH INFO |-------------------------------------
2016-08-24 09:38:23:903[cInfo        ] BufferInfo::AddMesh(): NUM VERTS-----------------[6]
2016-08-24 09:38:23:906[cInfo        ] BufferInfo::AddMesh(): NUM INDICES---------------[0]
2016-08-24 09:38:23:907[cInfo        ] BufferInfo::AddMesh(): VERT OFFSET---------------[54]
2016-08-24 09:38:23:908[cInfo        ] BufferInfo::AddMesh(): INDICES OFFSET (BYTES)----[0]
2016-08-24 09:38:23:909[cInfo        ] --------------------|  END BUFFER MESH INFO  |--------------------------------------
2016-08-24 09:38:23:911[cInfo        ] 

2016-08-24 09:38:23:912[cProcess     ] BodaciousQuest::Initialize() successful.
2016-08-24 09:38:23:913[Process      ] GameTime::Initialize() ok

2016-08-24 09:38:23:913[cProcess     ] MyWindow::Initialize() successful!
2016-08-24 09:41:32:671[cProcess     ] BufferManager::Shutdown() successful.
2016-08-24 09:41:32:672[cProcess     ] RenderEngine::Shutdown() successful.
2016-08-24 09:41:32:673[cProcess     ] Camera::Shutdown() successful.
2016-08-24 09:41:32:675[Info         ] Shader  [2] deleting...
2016-08-24 09:41:32:675[Info         ] Shader  [2] deleted successfully.
2016-08-24 09:41:32:675[Info         ] Shader  [3] deleting...
2016-08-24 09:41:32:675[Info         ] Shader  [3] deleted successfully.
2016-08-24 09:41:32:675[Info         ] All shaders deleted successfully.
2016-08-24 09:41:32:675[cInfo        ] Program [1] deleted successfully.
2016-08-24 09:41:32:675[Process      ] ShaderProgram[1]::Shutdown successful!
2016-08-24 09:41:32:675[Info         ] Shader  [5] deleting...
2016-08-24 09:41:32:676[Info         ] Shader  [5] deleted successfully.
2016-08-24 09:41:32:676[Info         ] Shader  [6] deleting...
2016-08-24 09:41:32:676[Info         ] Shader  [6] deleted successfully.
2016-08-24 09:41:32:676[Info         ] All shaders deleted successfully.
2016-08-24 09:41:32:676[cInfo        ] Program [4] deleted successfully.
2016-08-24 09:41:32:676[Process      ] ShaderProgram[4]::Shutdown successful!
2016-08-24 09:41:32:676[Info         ] Shader  [8] deleting...
2016-08-24 09:41:32:676[Info         ] Shader  [8] deleted successfully.
2016-08-24 09:41:32:676[Info         ] Shader  [9] deleting...
2016-08-24 09:41:32:676[Info         ] Shader  [9] deleted successfully.
2016-08-24 09:41:32:676[Info         ] All shaders deleted successfully.
2016-08-24 09:41:32:677[cInfo        ] Program [7] deleted successfully.
2016-08-24 09:41:32:677[Process      ] ShaderProgram[7]::Shutdown successful!
2016-08-24 09:41:32:677[Info         ] Shader  [11] deleting...
2016-08-24 09:41:32:677[Info         ] Shader  [11] deleted successfully.
2016-08-24 09:41:32:677[Info         ] Shader  [12] deleting...
2016-08-24 09:41:32:677[Info         ] Shader  [12] deleted successfully.
2016-08-24 09:41:32:677[Info         ] All shaders deleted successfully.
2016-08-24 09:41:32:677[cInfo        ] Program [10] deleted successfully.
2016-08-24 09:41:32:678[Process      ] ShaderProgram[10]::Shutdown successful!
2016-08-24 09:41:32:678[Info         ] Shader  [14] deleting...
2016-08-24 09:41:32:678[Info         ] Shader  [14] deleted successfully.
2016-08-24 09:41:32:678[Info         ] Shader  [15] deleting...
2016-08-24 09:41:32:678[Info         ] Shader  [15] deleted successfully.
2016-08-24 09:41:32:678[Info         ] All shaders deleted successfully.
2016-08-24 09:41:32:678[cInfo        ] Program [13] deleted successfully.
2016-08-24 09:41:32:679[Process      ] ShaderProgram[13]::Shutdown successful!
2016-08-24 09:41:32:679[Info         ] Shader  [17] deleting...
2016-08-24 09:41:32:679[Info         ] Shader  [17] deleted successfully.
2016-08-24 09:41:32:679[Info         ] Shader  [18] deleting...
2016-08-24 09:41:32:679[Info         ] Shader  [18] deleted successfully.
2016-08-24 09:41:32:679[Info         ] All shaders deleted successfully.
2016-08-24 09:41:32:679[cInfo        ] Program [16] deleted successfully.
2016-08-24 09:41:32:680[Process      ] ShaderProgram[16]::Shutdown successful!
2016-08-24 09:41:32:681[Info         ] Shader  [20] deleting...
2016-08-24 09:41:32:681[Info         ] Shader  [20] deleted successfully.
2016-08-24 09:41:32:681[Info         ] Shader  [21] deleting...
2016-08-24 09:41:32:681[Info         ] Shader  [21] deleted successfully.
2016-08-24 09:41:32:681[Info         ] All shaders deleted successfully.
2016-08-24 09:41:32:681[cInfo        ] Program [19] deleted successfully.
2016-08-24 09:41:32:681[Process      ] ShaderProgram[19]::Shutdown successful!
2016-08-24 09:41:32:681[cProcess     ] MyWindow::Shutdown() successful!
2016-08-24 09:41:32:682[cProcess     ] BodaciousQuest::Shutdown() successful.
2016-08-24 09:41:32:692[Process      ] ConfigReader shut down successfully
2016-08-24 09:41:32:692[Process      ] GameLogger::ShutDown() successful
