2016-08-21 13:33:28:580[Process      ] GameLogger::Initialize() opened log file [..\Data\LogFiles\2016-08-21 13-33-28.BodaciousQuest.log] for writing
2016-08-21 13:33:28:580[Info         ] GameLogger::Initialize() successful
2016-08-21 13:33:28:580[Process      ] ConfigReader opened [..\Data\BodaciousQuest.config] successfully
2016-08-21 13:33:28:580[Info         ] ConfigReader initialized successfully
2016-08-21 13:33:28:580[Info         ] Valid KVP [BodaciousQuest.ShowFullScreen] [false] added
2016-08-21 13:33:28:580[Info         ] Valid KVP [BodaciousQuest.FpsInterval] [5.0] added
2016-08-21 13:33:28:583[Info         ] Valid KVP [BodaciousQuest.EnableControls] [true] added
2016-08-21 13:33:28:583[Info         ] Valid KVP [BodaciousQuest.LoadCubeFirst] [true] added
2016-08-21 13:33:28:583[Info         ] Valid KVP [BodaciousQuest.CameraWalkMode] [false] added
2016-08-21 13:33:28:583[Info         ] Valid KVP [BodaciousQuest.GridSize] [40] added
2016-08-21 13:33:28:583[Info         ] Valid KVP [BodaciousQuest.LightingTest.Ambient.Color] [1.0  1.0  1.0] added
2016-08-21 13:33:28:583[Info         ] Valid KVP [BodaciousQuest.LightingTest.Diffuse.Color] [1.0  1.0  1.0] added
2016-08-21 13:33:28:583[Info         ] Valid KVP [BodaciousQuest.LightingTest.Specular.Color] [0.0  0.0  0.0] added
2016-08-21 13:33:28:583[Info         ] Valid KVP [BodaciousQuest.LightingTest.Ambient.Reflectivity] [0.01] added
2016-08-21 13:33:28:583[Info         ] Valid KVP [BodaciousQuest.LightingTest.Diffuse.Reflectivity] [0.8] added
2016-08-21 13:33:28:583[Info         ] Valid KVP [BodaciousQuest.LightingTest.Specular.Reflectivity] [0.5] added
2016-08-21 13:33:28:583[Info         ] Valid KVP [BodaciousQuest.LightingTest.Specular.Shininess] [1.0] added
2016-08-21 13:33:28:583[Info         ] Valid KVP [BodaciousQuest.LightingTest.Falloff.A] [1.0] added
2016-08-21 13:33:28:583[Info         ] Valid KVP [BodaciousQuest.LightingTest.Falloff.B] [0.01] added
2016-08-21 13:33:28:583[Info         ] Valid KVP [BodaciousQuest.LightingTest.Falloff.C] [0.0001] added
2016-08-21 13:33:28:583[Info         ] Valid KVP [BodaciousQuest.LightingTest.Directional] [false] added
2016-08-21 13:33:28:583[Info         ] Valid KVP [BodaciousQuest.LightingTest.Direction] [-1.0 0.0 1.0] added
2016-08-21 13:33:28:583[Info         ] Valid KVP [BodaciousQuest.LightingTest.Light.Position] [-0.875458 3.673020 1.043331] added
2016-08-21 13:33:28:583[Info         ] Valid KVP [BodaciousQuest.LightingTest.Dargon.Color] [1.0 1.0 0.4] added
2016-08-21 13:33:28:583[Info         ] Valid KVP [ObjConverter.Mode.VertexType] [pn] added
2016-08-21 13:33:28:583[Info         ] Valid KVP [ObjConverter.Mode.Analyze] [false] added
2016-08-21 13:33:28:583[Info         ] Valid KVP [ObjConverter.Model] [Dargon] added
2016-08-21 13:33:28:583[Info         ] Valid KVP [ObjConverter.Shader] [4] added
2016-08-21 13:33:28:583[Info         ] Valid KVP [ObjConverter.Color] [random] added
2016-08-21 13:33:28:583[Info         ] Valid KVP [ObjConverter.Obj.InputFileFolder] [..\\Data\\Objs\\] added
2016-08-21 13:33:28:583[Info         ] Valid KVP [ObjConverter.Scene.OutputFileFolder] [..\\Data\\Scenes\\] added
2016-08-21 13:33:28:583[Info         ] Valid KVP [ObjConverter.Model.Dargon.NumVerts] [57967] added
2016-08-21 13:33:28:583[Info         ] Valid KVP [ObjConverter.Model.Dargon.NumIndices] [337824] added
2016-08-21 13:33:28:583[Info         ] Valid KVP [ObjConverter.Model.Dargon.NumTexCoords] [60175] added
2016-08-21 13:33:28:583[Info         ] Valid KVP [ObjConverter.Model.Dargon.NumNormals] [337824] added
2016-08-21 13:33:28:583[Info         ] Valid KVP [ObjConverter.Model.Swamp.NumVerts] [2735] added
2016-08-21 13:33:28:583[Info         ] Valid KVP [ObjConverter.Model.Swamp.NumIndices] [8556] added
2016-08-21 13:33:28:583[Info         ] Valid KVP [ObjConverter.Model.Swamp.NumTexCoords] [3622] added
2016-08-21 13:33:28:583[Info         ] Valid KVP [ObjConverter.Model.Swamp.NumNormals] [5156] added
2016-08-21 13:33:28:584[Info         ] Valid KVP [ObjConverter.Model.Pyramid.NumVerts] [5] added
2016-08-21 13:33:28:584[Info         ] Valid KVP [ObjConverter.Model.Pyramid.NumIndices] [18] added
2016-08-21 13:33:28:584[Info         ] Valid KVP [ObjConverter.Model.Pyramid.NumTexCoords] [10] added
2016-08-21 13:33:28:584[Info         ] Valid KVP [ObjConverter.Model.Pyramid.NumNormals] [16] added
2016-08-21 13:33:28:584[Info         ] Valid KVP [ObjConverter.Model.AIWorld.NumVerts] [1957] added
2016-08-21 13:33:28:584[Info         ] Valid KVP [ObjConverter.Model.AIWorld.NumIndices] [8718] added
2016-08-21 13:33:28:584[Info         ] Valid KVP [ObjConverter.Model.AIWorld.NumTexCoords] [4186] added
2016-08-21 13:33:28:584[Info         ] Valid KVP [ObjConverter.Model.AIWorld.NumNormals] [5418] added
2016-08-21 13:33:28:584[Info         ] Valid KVP [ObjConverter.Model.GameWeapon.NumVerts] [2068] added
2016-08-21 13:33:28:584[Info         ] Valid KVP [ObjConverter.Model.GameWeapon.NumIndices] [9894] added
2016-08-21 13:33:28:584[Info         ] Valid KVP [ObjConverter.Model.GameWeapon.NumTexCoords] [0] added
2016-08-21 13:33:28:584[Info         ] Valid KVP [ObjConverter.Model.GameWeapon.NumNormals] [0] added
2016-08-21 13:33:28:584[Info         ] Valid KVP [ObjConverter.Model.Chicken.NumVerts] [224] added
2016-08-21 13:33:28:584[Info         ] Valid KVP [ObjConverter.Model.Chicken.NumIndices] [1374] added
2016-08-21 13:33:28:584[Info         ] Valid KVP [ObjConverter.Model.Chicken.NumTexCoords] [472] added
2016-08-21 13:33:28:584[Info         ] Valid KVP [ObjConverter.Model.Chicken.NumNormals] [565] added
2016-08-21 13:33:28:584[Info         ] Valid KVP [ObjConverter.Model.WaterPlane.NumVerts] [29282] added
2016-08-21 13:33:28:584[Info         ] Valid KVP [ObjConverter.Model.WaterPlane.NumIndices] [172800] added
2016-08-21 13:33:28:584[Info         ] Valid KVP [ObjConverter.Model.WaterPlane.NumTexCoords] [29282] added
2016-08-21 13:33:28:584[Info         ] Valid KVP [ObjConverter.Model.WaterPlane.NumNormals] [172800] added
2016-08-21 13:33:28:584[Info         ] Valid KVP [ObjConverter.Model.Cube.NumVerts] [8] added
2016-08-21 13:33:28:584[Info         ] Valid KVP [ObjConverter.Model.Cube.NumIndices] [36] added
2016-08-21 13:33:28:584[Info         ] Valid KVP [ObjConverter.Model.Cube.NumTexCoords] [14] added
2016-08-21 13:33:28:584[Info         ] Valid KVP [ObjConverter.Model.Cube.NumNormals] [24] added
2016-08-21 13:33:28:584[Info         ] Valid KVP [ObjConverter.Model.Barrel.NumVerts] [172] added
2016-08-21 13:33:28:584[Info         ] Valid KVP [ObjConverter.Model.Barrel.NumIndices] [1008] added
2016-08-21 13:33:28:584[Info         ] Valid KVP [ObjConverter.Model.Barrel.NumTexCoords] [328] added
2016-08-21 13:33:28:584[Info         ] Valid KVP [ObjConverter.Model.Barrel.NumNormals] [204] added
2016-08-21 13:33:28:584[Info         ] Valid KVP [ObjConverter.Model.SkyBox.NumVerts] [8] added
2016-08-21 13:33:28:584[Info         ] Valid KVP [ObjConverter.Model.SkyBox.NumIndices] [36] added
2016-08-21 13:33:28:584[Info         ] Valid KVP [ObjConverter.Model.SkyBox.NumTexCoords] [18] added
2016-08-21 13:33:28:584[Info         ] Valid KVP [ObjConverter.Model.SkyBox.NumNormals] [24] added
2016-08-21 13:33:28:655[cInfo        ] Config reader opened [..\Data\BodaciousQuest.config] for reading!
2016-08-21 13:33:28:709[Process      ] ShaderManager Initialized successfully
2016-08-21 13:33:28:709[Info         ] Shader Init started
2016-08-21 13:33:28:709[Info         ] Shader Program created.
2016-08-21 13:33:28:709[Process      ] ShaderProgram::Initialize()[1] successful!
2016-08-21 13:33:28:709[Debug        ] File [..\Data\shaders\debug.vert.shader] Opened successfully! Buffer Length:[291]
2016-08-21 13:33:28:709[Debug        ] Shader file [..\Data\shaders\debug.vert.shader] contents:
//BEGIN
#version 430 core

layout(location = 0)  in vec3 vPosition;

layout(location = 15) uniform vec3 colorin;
layout(location = 16) uniform mat4 MAT;

out vec4 color;

void main()
{
	vec4 vertPos = vec4(vPosition, 1.0);
	gl_Position = MAT *  vertPos;
	color = vec4(colorin, 1.0);
}
//END

2016-08-21 13:33:28:709[Debug        ]  ShaderProgram::AddShader() file with data was read in
2016-08-21 13:33:28:709[Debug        ] ShaderProgram::AddShader() : glShaderSource() successful
2016-08-21 13:33:28:710[Debug        ] ShaderProgram::AddShader() : glCompileShader() successful
2016-08-21 13:33:28:710[Info         ] ShaderProgram::CheckShaderCompileStatus(2) successful.
2016-08-21 13:33:28:710[Debug        ] ShaderProgram::AddShader() : glCompileShader() successful
2016-08-21 13:33:28:710[Info         ] ShaderInfo saved successfully.
2016-08-21 13:33:28:710[Debug        ] ShaderProgram::AddShader() : glAttachShader() successful
2016-08-21 13:33:28:710[Info         ] ShaderProgram::AddShader [2] successful.
2016-08-21 13:33:28:710[Debug        ] File [..\Data\shaders\debug.frag.shader] Opened successfully! Buffer Length:[104]
2016-08-21 13:33:28:710[Debug        ] Shader file [..\Data\shaders\debug.frag.shader] contents:
//BEGIN
#version 430 core


in  vec4 color;
out vec4 outColor;

void main()
{
	outColor = color;
}


//END

2016-08-21 13:33:28:710[Debug        ]  ShaderProgram::AddShader() file with data was read in
2016-08-21 13:33:28:710[Debug        ] ShaderProgram::AddShader() : glShaderSource() successful
2016-08-21 13:33:28:710[Debug        ] ShaderProgram::AddShader() : glCompileShader() successful
2016-08-21 13:33:28:710[Info         ] ShaderProgram::CheckShaderCompileStatus(3) successful.
2016-08-21 13:33:28:710[Debug        ] ShaderProgram::AddShader() : glCompileShader() successful
2016-08-21 13:33:28:710[Info         ] ShaderInfo saved successfully.
2016-08-21 13:33:28:710[Debug        ] ShaderProgram::AddShader() : glAttachShader() successful
2016-08-21 13:33:28:710[Info         ] ShaderProgram::AddShader [3] successful.
2016-08-21 13:33:28:712[Info         ] CheckProgramStatus() successful!
2016-08-21 13:33:28:712[Info         ] CheckProgramStatus() successful!
2016-08-21 13:33:28:712[Info         ] Shader Init started
2016-08-21 13:33:28:712[Info         ] Shader Program created.
2016-08-21 13:33:28:712[Process      ] ShaderProgram::Initialize()[4] successful!
2016-08-21 13:33:28:713[Debug        ] File [..\Data\shaders\play.vert.shader] Opened successfully! Buffer Length:[343]
2016-08-21 13:33:28:713[Debug        ] Shader file [..\Data\shaders\play.vert.shader] contents:
//BEGIN
#version 430 core

layout (location = 0)  in vec3 vPosition;
layout (location = 1)  in vec3 vColor;
layout (location = 15) uniform vec3 colorin;
layout (location = 16) uniform mat4 MAT;

out vec4 color;

void main()
{
	vec4 vertPos = vec4(vPosition, 1.0);
	gl_Position = MAT *  vertPos;
	color = vec4((vColor + colorin), 1.0);
}
//END

2016-08-21 13:33:28:713[Debug        ]  ShaderProgram::AddShader() file with data was read in
2016-08-21 13:33:28:713[Debug        ] ShaderProgram::AddShader() : glShaderSource() successful
2016-08-21 13:33:28:713[Debug        ] ShaderProgram::AddShader() : glCompileShader() successful
2016-08-21 13:33:28:713[Info         ] ShaderProgram::CheckShaderCompileStatus(5) successful.
2016-08-21 13:33:28:713[Debug        ] ShaderProgram::AddShader() : glCompileShader() successful
2016-08-21 13:33:28:713[Info         ] ShaderInfo saved successfully.
2016-08-21 13:33:28:713[Debug        ] ShaderProgram::AddShader() : glAttachShader() successful
2016-08-21 13:33:28:713[Info         ] ShaderProgram::AddShader [5] successful.
2016-08-21 13:33:28:713[Debug        ] File [..\Data\shaders\play.frag.shader] Opened successfully! Buffer Length:[391]
2016-08-21 13:33:28:713[Debug        ] Shader file [..\Data\shaders\play.frag.shader] contents:
//BEGIN
#version 430 core


in  vec4 color;
out vec4 outColor;

void main()
{

	//if (color.r < .7) discard;
	outColor = color;

	//if(((gl_FragCoord.x  > 600)&& (gl_FragCoord.y < 300)) || ((gl_FragCoord.y < 300)  && (gl_FragCoord.x  < 600) )) {
	//discard;
	//}

	//vec2 scrPos = vec2(gl_FragCoord) - vec2(350,150);
	//float len =  length(scrPos);
	//if(len < 50 )discard;
}


//END

2016-08-21 13:33:28:713[Debug        ]  ShaderProgram::AddShader() file with data was read in
2016-08-21 13:33:28:713[Debug        ] ShaderProgram::AddShader() : glShaderSource() successful
2016-08-21 13:33:28:713[Debug        ] ShaderProgram::AddShader() : glCompileShader() successful
2016-08-21 13:33:28:713[Info         ] ShaderProgram::CheckShaderCompileStatus(6) successful.
2016-08-21 13:33:28:713[Debug        ] ShaderProgram::AddShader() : glCompileShader() successful
2016-08-21 13:33:28:713[Info         ] ShaderInfo saved successfully.
2016-08-21 13:33:28:713[Debug        ] ShaderProgram::AddShader() : glAttachShader() successful
2016-08-21 13:33:28:713[Info         ] ShaderProgram::AddShader [6] successful.
2016-08-21 13:33:28:714[Info         ] CheckProgramStatus() successful!
2016-08-21 13:33:28:714[Info         ] CheckProgramStatus() successful!
2016-08-21 13:33:28:714[Info         ] Shader Init started
2016-08-21 13:33:28:714[Info         ] Shader Program created.
2016-08-21 13:33:28:714[Process      ] ShaderProgram::Initialize()[7] successful!
2016-08-21 13:33:28:714[Debug        ] File [..\Data\shaders\texture.vert.shader] Opened successfully! Buffer Length:[305]
2016-08-21 13:33:28:714[Debug        ] Shader file [..\Data\shaders\texture.vert.shader] contents:
//BEGIN
#version 430 core

layout (location = 0)  in vec3 vPosition;
layout (location = 1)  in vec2 vUV;

layout (location = 16) uniform mat4 MAT;

//out data
out vec2 UV;

//out vec4 color;

void main()
{
	vec4 vertPos = vec4(vPosition, 1.0);
	gl_Position = MAT *  vertPos;

	UV = vUV;
	
	
}
//END

2016-08-21 13:33:28:714[Debug        ]  ShaderProgram::AddShader() file with data was read in
2016-08-21 13:33:28:714[Debug        ] ShaderProgram::AddShader() : glShaderSource() successful
2016-08-21 13:33:28:714[Debug        ] ShaderProgram::AddShader() : glCompileShader() successful
2016-08-21 13:33:28:714[Info         ] ShaderProgram::CheckShaderCompileStatus(8) successful.
2016-08-21 13:33:28:714[Debug        ] ShaderProgram::AddShader() : glCompileShader() successful
2016-08-21 13:33:28:714[Info         ] ShaderInfo saved successfully.
2016-08-21 13:33:28:714[Debug        ] ShaderProgram::AddShader() : glAttachShader() successful
2016-08-21 13:33:28:714[Info         ] ShaderProgram::AddShader [8] successful.
2016-08-21 13:33:28:715[Debug        ] File [..\Data\shaders\texture.frag.shader] Opened successfully! Buffer Length:[482]
2016-08-21 13:33:28:715[Debug        ] Shader file [..\Data\shaders\texture.frag.shader] contents:
//BEGIN
#version 430 core


in  vec2 UV;
out vec4 outColor;

layout(location = 20) uniform sampler2D textureSampler;

void main()
{

	//if (color.r < .7) discard;
	outColor = vec4(texture(textureSampler, UV).rgb, 1.0);

	//if(((gl_FragCoord.x  > 600)&& (gl_FragCoord.y < 300)) || ((gl_FragCoord.y < 300)  && (gl_FragCoord.x  < 600) )) {
	//discard;
	//}
	//vec2 scrPos = vec2(gl_FragCoord) - vec2(350,150);
	//float len =  length(scrPos);
	//if(len < 50 )discard;
}


//END

2016-08-21 13:33:28:715[Debug        ]  ShaderProgram::AddShader() file with data was read in
2016-08-21 13:33:28:715[Debug        ] ShaderProgram::AddShader() : glShaderSource() successful
2016-08-21 13:33:28:715[Debug        ] ShaderProgram::AddShader() : glCompileShader() successful
2016-08-21 13:33:28:715[Info         ] ShaderProgram::CheckShaderCompileStatus(9) successful.
2016-08-21 13:33:28:715[Debug        ] ShaderProgram::AddShader() : glCompileShader() successful
2016-08-21 13:33:28:715[Info         ] ShaderInfo saved successfully.
2016-08-21 13:33:28:715[Debug        ] ShaderProgram::AddShader() : glAttachShader() successful
2016-08-21 13:33:28:715[Info         ] ShaderProgram::AddShader [9] successful.
2016-08-21 13:33:28:716[Info         ] CheckProgramStatus() successful!
2016-08-21 13:33:28:716[Info         ] CheckProgramStatus() successful!
2016-08-21 13:33:28:716[Info         ] Shader Init started
2016-08-21 13:33:28:716[Info         ] Shader Program created.
2016-08-21 13:33:28:716[Process      ] ShaderProgram::Initialize()[10] successful!
2016-08-21 13:33:28:716[Debug        ] File [..\Data\shaders\framebuffer.vert.shader] Opened successfully! Buffer Length:[305]
2016-08-21 13:33:28:716[Debug        ] Shader file [..\Data\shaders\framebuffer.vert.shader] contents:
//BEGIN
#version 430 core

layout (location = 0)  in vec3 vPosition;
layout (location = 1)  in vec2 vUV;

layout (location = 16) uniform mat4 MAT;

//out data
out vec2 UV;

//out vec4 color;

void main()
{
	vec4 vertPos = vec4(vPosition, 1.0);
	gl_Position = MAT *  vertPos;

	UV = vUV;
	
	
}
//END

2016-08-21 13:33:28:716[Debug        ]  ShaderProgram::AddShader() file with data was read in
2016-08-21 13:33:28:716[Debug        ] ShaderProgram::AddShader() : glShaderSource() successful
2016-08-21 13:33:28:716[Debug        ] ShaderProgram::AddShader() : glCompileShader() successful
2016-08-21 13:33:28:716[Info         ] ShaderProgram::CheckShaderCompileStatus(11) successful.
2016-08-21 13:33:28:716[Debug        ] ShaderProgram::AddShader() : glCompileShader() successful
2016-08-21 13:33:28:716[Info         ] ShaderInfo saved successfully.
2016-08-21 13:33:28:716[Debug        ] ShaderProgram::AddShader() : glAttachShader() successful
2016-08-21 13:33:28:716[Info         ] ShaderProgram::AddShader [11] successful.
2016-08-21 13:33:28:716[Debug        ] File [..\Data\shaders\framebuffer.frag.shader] Opened successfully! Buffer Length:[275]
2016-08-21 13:33:28:716[Debug        ] Shader file [..\Data\shaders\framebuffer.frag.shader] contents:
//BEGIN
#version 430 core


in  vec2 UV;
out vec4 outColor;

layout(location = 20) uniform sampler2D textureSampler;

void main()
{


	vec3 tempCol = texture(textureSampler, UV).rgb;

	outColor = vec4(tempCol.r / 1.5f, tempCol.g / 1.5f, tempCol.b / 1.5f, 1.0f);
}


//END

2016-08-21 13:33:28:717[Debug        ]  ShaderProgram::AddShader() file with data was read in
2016-08-21 13:33:28:717[Debug        ] ShaderProgram::AddShader() : glShaderSource() successful
2016-08-21 13:33:28:717[Debug        ] ShaderProgram::AddShader() : glCompileShader() successful
2016-08-21 13:33:28:717[Info         ] ShaderProgram::CheckShaderCompileStatus(12) successful.
2016-08-21 13:33:28:717[Debug        ] ShaderProgram::AddShader() : glCompileShader() successful
2016-08-21 13:33:28:717[Info         ] ShaderInfo saved successfully.
2016-08-21 13:33:28:717[Debug        ] ShaderProgram::AddShader() : glAttachShader() successful
2016-08-21 13:33:28:717[Info         ] ShaderProgram::AddShader [12] successful.
2016-08-21 13:33:28:718[Info         ] CheckProgramStatus() successful!
2016-08-21 13:33:28:718[Info         ] CheckProgramStatus() successful!
2016-08-21 13:33:28:718[Info         ] Shader Init started
2016-08-21 13:33:28:718[Info         ] Shader Program created.
2016-08-21 13:33:28:718[Process      ] ShaderProgram::Initialize()[13] successful!
2016-08-21 13:33:28:718[Debug        ] File [..\Data\shaders\lighting.vert.shader] Opened successfully! Buffer Length:[1145]
2016-08-21 13:33:28:718[cDebug       ] Shader file [..\Data\shaders\lighting.vert.shader] is too big to display contents.
2016-08-21 13:33:28:720[Debug        ]  ShaderProgram::AddShader() file with data was read in
2016-08-21 13:33:28:720[Debug        ] ShaderProgram::AddShader() : glShaderSource() successful
2016-08-21 13:33:28:720[Debug        ] ShaderProgram::AddShader() : glCompileShader() successful
2016-08-21 13:33:28:720[Info         ] ShaderProgram::CheckShaderCompileStatus(14) successful.
2016-08-21 13:33:28:720[Debug        ] ShaderProgram::AddShader() : glCompileShader() successful
2016-08-21 13:33:28:720[Info         ] ShaderInfo saved successfully.
2016-08-21 13:33:28:720[Debug        ] ShaderProgram::AddShader() : glAttachShader() successful
2016-08-21 13:33:28:720[Info         ] ShaderProgram::AddShader [14] successful.
2016-08-21 13:33:28:720[Debug        ] File [..\Data\shaders\lighting.frag.shader] Opened successfully! Buffer Length:[1744]
2016-08-21 13:33:28:720[cDebug       ] Shader file [..\Data\shaders\lighting.frag.shader] is too big to display contents.
2016-08-21 13:33:28:721[Debug        ]  ShaderProgram::AddShader() file with data was read in
2016-08-21 13:33:28:721[Debug        ] ShaderProgram::AddShader() : glShaderSource() successful
2016-08-21 13:33:28:722[Debug        ] ShaderProgram::AddShader() : glCompileShader() successful
2016-08-21 13:33:28:722[Info         ] ShaderProgram::CheckShaderCompileStatus(15) successful.
2016-08-21 13:33:28:722[Debug        ] ShaderProgram::AddShader() : glCompileShader() successful
2016-08-21 13:33:28:722[Info         ] ShaderInfo saved successfully.
2016-08-21 13:33:28:722[Debug        ] ShaderProgram::AddShader() : glAttachShader() successful
2016-08-21 13:33:28:722[Info         ] ShaderProgram::AddShader [15] successful.
2016-08-21 13:33:28:725[Info         ] CheckProgramStatus() successful!
2016-08-21 13:33:28:725[Info         ] CheckProgramStatus() successful!
2016-08-21 13:33:28:725[Info         ] Shader Init started
2016-08-21 13:33:28:725[Info         ] Shader Program created.
2016-08-21 13:33:28:725[Process      ] ShaderProgram::Initialize()[16] successful!
2016-08-21 13:33:28:725[Debug        ] File [..\Data\shaders\texlighting.vert.shader] Opened successfully! Buffer Length:[1110]
2016-08-21 13:33:28:725[cDebug       ] Shader file [..\Data\shaders\texlighting.vert.shader] is too big to display contents.
2016-08-21 13:33:28:729[Debug        ]  ShaderProgram::AddShader() file with data was read in
2016-08-21 13:33:28:729[Debug        ] ShaderProgram::AddShader() : glShaderSource() successful
2016-08-21 13:33:28:729[Debug        ] ShaderProgram::AddShader() : glCompileShader() successful
2016-08-21 13:33:28:729[Info         ] ShaderProgram::CheckShaderCompileStatus(17) successful.
2016-08-21 13:33:28:729[Debug        ] ShaderProgram::AddShader() : glCompileShader() successful
2016-08-21 13:33:28:729[Info         ] ShaderInfo saved successfully.
2016-08-21 13:33:28:729[Debug        ] ShaderProgram::AddShader() : glAttachShader() successful
2016-08-21 13:33:28:729[Info         ] ShaderProgram::AddShader [17] successful.
2016-08-21 13:33:28:730[Debug        ] File [..\Data\shaders\texlighting.frag.shader] Opened successfully! Buffer Length:[1717]
2016-08-21 13:33:28:730[cDebug       ] Shader file [..\Data\shaders\texlighting.frag.shader] is too big to display contents.
2016-08-21 13:33:28:731[Debug        ]  ShaderProgram::AddShader() file with data was read in
2016-08-21 13:33:28:731[Debug        ] ShaderProgram::AddShader() : glShaderSource() successful
2016-08-21 13:33:28:731[Debug        ] ShaderProgram::AddShader() : glCompileShader() successful
2016-08-21 13:33:28:731[Info         ] ShaderProgram::CheckShaderCompileStatus(18) successful.
2016-08-21 13:33:28:731[Debug        ] ShaderProgram::AddShader() : glCompileShader() successful
2016-08-21 13:33:28:731[Info         ] ShaderInfo saved successfully.
2016-08-21 13:33:28:731[Debug        ] ShaderProgram::AddShader() : glAttachShader() successful
2016-08-21 13:33:28:731[Info         ] ShaderProgram::AddShader [18] successful.
2016-08-21 13:33:28:734[Info         ] CheckProgramStatus() successful!
2016-08-21 13:33:28:734[Info         ] CheckProgramStatus() successful!
2016-08-21 13:33:28:734[Info         ] Shader Init started
2016-08-21 13:33:28:734[Info         ] Shader Program created.
2016-08-21 13:33:28:734[Process      ] ShaderProgram::Initialize()[19] successful!
2016-08-21 13:33:28:734[Debug        ] File [..\Data\shaders\water.vert.shader] Opened successfully! Buffer Length:[1400]
2016-08-21 13:33:28:734[cDebug       ] Shader file [..\Data\shaders\water.vert.shader] is too big to display contents.
2016-08-21 13:33:28:736[Debug        ]  ShaderProgram::AddShader() file with data was read in
2016-08-21 13:33:28:736[Debug        ] ShaderProgram::AddShader() : glShaderSource() successful
2016-08-21 13:33:28:736[Debug        ] ShaderProgram::AddShader() : glCompileShader() successful
2016-08-21 13:33:28:736[Info         ] ShaderProgram::CheckShaderCompileStatus(20) successful.
2016-08-21 13:33:28:736[Debug        ] ShaderProgram::AddShader() : glCompileShader() successful
2016-08-21 13:33:28:736[Info         ] ShaderInfo saved successfully.
2016-08-21 13:33:28:736[Debug        ] ShaderProgram::AddShader() : glAttachShader() successful
2016-08-21 13:33:28:736[Info         ] ShaderProgram::AddShader [20] successful.
2016-08-21 13:33:28:736[Debug        ] File [..\Data\shaders\water.frag.shader] Opened successfully! Buffer Length:[2436]
2016-08-21 13:33:28:736[cDebug       ] Shader file [..\Data\shaders\water.frag.shader] is too big to display contents.
2016-08-21 13:33:28:738[Debug        ]  ShaderProgram::AddShader() file with data was read in
2016-08-21 13:33:28:738[Debug        ] ShaderProgram::AddShader() : glShaderSource() successful
2016-08-21 13:33:28:739[Debug        ] ShaderProgram::AddShader() : glCompileShader() successful
2016-08-21 13:33:28:739[Info         ] ShaderProgram::CheckShaderCompileStatus(21) successful.
2016-08-21 13:33:28:739[Debug        ] ShaderProgram::AddShader() : glCompileShader() successful
2016-08-21 13:33:28:739[Info         ] ShaderInfo saved successfully.
2016-08-21 13:33:28:739[Debug        ] ShaderProgram::AddShader() : glAttachShader() successful
2016-08-21 13:33:28:739[Info         ] ShaderProgram::AddShader [21] successful.
2016-08-21 13:33:28:741[Info         ] CheckProgramStatus() successful!
2016-08-21 13:33:28:741[Info         ] CheckProgramStatus() successful!
2016-08-21 13:33:28:742[Info         ] GetAttribLocation [vPosition] successful.
2016-08-21 13:33:28:742[Info         ] GetUniformLocation [colorin] successful.
2016-08-21 13:33:28:742[Info         ] GetUniformLocation [MAT] successful.
2016-08-21 13:33:28:742[cProcess     ] RenderEngine::Initialize() successful.
2016-08-21 13:33:28:744[cInfo        ] 
-----------------------------------------------------------------------
 BufferInfo::CreateBuffers()[0] Created buffers:| VERTEX [1] with [80] bytes. || INDEX [2] with [24] bytes |
-----------------------------------------------------------------------

2016-08-21 13:33:28:750[cInfo        ] --------BufferInfo::AddMesh() Added mesh successfully-------
2016-08-21 13:33:28:751[cInfo        ] 
2016-08-21 13:33:28:751[cInfo        ] --------------------| START BUFFER MESH INFO |-------------------------------------
2016-08-21 13:33:28:752[cInfo        ] BufferInfo::AddMesh(): NUM VERTS-----------------[4]
2016-08-21 13:33:28:753[cInfo        ] BufferInfo::AddMesh(): NUM INDICES---------------[6]
2016-08-21 13:33:28:754[cInfo        ] BufferInfo::AddMesh(): VERT OFFSET---------------[0]
2016-08-21 13:33:28:755[cInfo        ] BufferInfo::AddMesh(): INDICES OFFSET (BYTES)----[0]
2016-08-21 13:33:28:756[cInfo        ] --------------------|  END BUFFER MESH INFO  |--------------------------------------
2016-08-21 13:33:28:758[cInfo        ] 

2016-08-21 13:33:28:758[cInfo        ] 
-----------------------------------------------------------------------
 BufferInfo::CreateBuffers()[0] Created buffers:| VERTEX [3] with [96] bytes. || INDEX [4] with [48] bytes |
-----------------------------------------------------------------------

2016-08-21 13:33:28:762[cInfo        ] --------BufferInfo::AddMesh() Added mesh successfully-------
2016-08-21 13:33:28:763[cInfo        ] 
2016-08-21 13:33:28:763[cInfo        ] --------------------| START BUFFER MESH INFO |-------------------------------------
2016-08-21 13:33:28:766[cInfo        ] BufferInfo::AddMesh(): NUM VERTS-----------------[8]
2016-08-21 13:33:28:766[cInfo        ] BufferInfo::AddMesh(): NUM INDICES---------------[24]
2016-08-21 13:33:28:767[cInfo        ] BufferInfo::AddMesh(): VERT OFFSET---------------[0]
2016-08-21 13:33:28:768[cInfo        ] BufferInfo::AddMesh(): INDICES OFFSET (BYTES)----[0]
2016-08-21 13:33:28:769[cInfo        ] --------------------|  END BUFFER MESH INFO  |--------------------------------------
2016-08-21 13:33:28:770[cInfo        ] 

2016-08-21 13:33:28:771[cInfo        ] 
-----------------------------------------------------------------------
 BufferInfo::CreateBuffers()[0] Created buffers:| VERTEX [5] with [864] bytes. || INDEX [6] with [0] bytes |
-----------------------------------------------------------------------

2016-08-21 13:33:28:776[cInfo        ] --------BufferInfo::AddMesh() Added mesh successfully-------
2016-08-21 13:33:28:777[cInfo        ] 
2016-08-21 13:33:28:777[cInfo        ] --------------------| START BUFFER MESH INFO |-------------------------------------
2016-08-21 13:33:28:779[cInfo        ] BufferInfo::AddMesh(): NUM VERTS-----------------[36]
2016-08-21 13:33:28:780[cInfo        ] BufferInfo::AddMesh(): NUM INDICES---------------[0]
2016-08-21 13:33:28:781[cInfo        ] BufferInfo::AddMesh(): VERT OFFSET---------------[0]
2016-08-21 13:33:28:782[cInfo        ] BufferInfo::AddMesh(): INDICES OFFSET (BYTES)----[0]
2016-08-21 13:33:28:783[cInfo        ] --------------------|  END BUFFER MESH INFO  |--------------------------------------
2016-08-21 13:33:28:784[cInfo        ] 

2016-08-21 13:33:28:784[cInfo        ] 
-----------------------------------------------------------------------
 BufferInfo::CreateBuffers()[0] Created buffers:| VERTEX [7] with [144] bytes. || INDEX [8] with [0] bytes |
-----------------------------------------------------------------------

2016-08-21 13:33:28:789[cInfo        ] --------BufferInfo::AddMesh() Added mesh successfully-------
2016-08-21 13:33:28:790[cInfo        ] 
2016-08-21 13:33:28:791[cInfo        ] --------------------| START BUFFER MESH INFO |-------------------------------------
2016-08-21 13:33:28:792[cInfo        ] BufferInfo::AddMesh(): NUM VERTS-----------------[6]
2016-08-21 13:33:28:793[cInfo        ] BufferInfo::AddMesh(): NUM INDICES---------------[0]
2016-08-21 13:33:28:794[cInfo        ] BufferInfo::AddMesh(): VERT OFFSET---------------[0]
2016-08-21 13:33:28:796[cInfo        ] BufferInfo::AddMesh(): INDICES OFFSET (BYTES)----[0]
2016-08-21 13:33:28:797[cInfo        ] --------------------|  END BUFFER MESH INFO  |--------------------------------------
2016-08-21 13:33:28:798[cInfo        ] 

2016-08-21 13:33:28:799[Process      ] BufferInfo::Initialize() successful.
2016-08-21 13:33:28:799[cInfo        ] 
-----------------------------------------------------------------------
 BufferInfo::CreateBuffers()[0] Created buffers:| VERTEX [9] with [1000000] bytes. || INDEX [10] with [1000000] bytes |
-----------------------------------------------------------------------

2016-08-21 13:33:28:803[cInfo        ] --------BufferInfo::AddMesh() Added mesh successfully-------
2016-08-21 13:33:28:803[cInfo        ] 
2016-08-21 13:33:28:804[cInfo        ] --------------------| START BUFFER MESH INFO |-------------------------------------
2016-08-21 13:33:28:806[cInfo        ] BufferInfo::AddMesh(): NUM VERTS-----------------[24]
2016-08-21 13:33:28:807[cInfo        ] BufferInfo::AddMesh(): NUM INDICES---------------[36]
2016-08-21 13:33:28:808[cInfo        ] BufferInfo::AddMesh(): VERT OFFSET---------------[0]
2016-08-21 13:33:28:809[cInfo        ] BufferInfo::AddMesh(): INDICES OFFSET (BYTES)----[0]
2016-08-21 13:33:28:810[cInfo        ] --------------------|  END BUFFER MESH INFO  |--------------------------------------
2016-08-21 13:33:28:811[cInfo        ] 

2016-08-21 13:33:28:813[Process      ] BufferInfo::Initialize() successful.
2016-08-21 13:33:28:813[cInfo        ] 
-----------------------------------------------------------------------
 BufferInfo::CreateBuffers()[1] Created buffers:| VERTEX [11] with [1000000] bytes. || INDEX [12] with [1000000] bytes |
-----------------------------------------------------------------------

2016-08-21 13:33:28:818[cInfo        ] --------BufferInfo::AddMesh() Added mesh successfully-------
2016-08-21 13:33:28:819[cInfo        ] 
2016-08-21 13:33:28:819[cInfo        ] --------------------| START BUFFER MESH INFO |-------------------------------------
2016-08-21 13:33:28:821[cInfo        ] BufferInfo::AddMesh(): NUM VERTS-----------------[1536]
2016-08-21 13:33:28:822[cInfo        ] BufferInfo::AddMesh(): NUM INDICES---------------[3072]
2016-08-21 13:33:28:823[cInfo        ] BufferInfo::AddMesh(): VERT OFFSET---------------[0]
2016-08-21 13:33:28:826[cInfo        ] BufferInfo::AddMesh(): INDICES OFFSET (BYTES)----[0]
2016-08-21 13:33:28:827[cInfo        ] --------------------|  END BUFFER MESH INFO  |--------------------------------------
2016-08-21 13:33:28:829[cInfo        ] 

2016-08-21 13:33:28:830[cInfo        ] 
-----------------------------------------------------------------------
 BufferInfo::CreateBuffers()[0] Created buffers:| VERTEX [13] with [3936] bytes. || INDEX [14] with [0] bytes |
-----------------------------------------------------------------------

2016-08-21 13:33:28:834[cInfo        ] --------BufferInfo::AddMesh() Added mesh successfully-------
2016-08-21 13:33:28:836[cInfo        ] 
2016-08-21 13:33:28:836[cInfo        ] --------------------| START BUFFER MESH INFO |-------------------------------------
2016-08-21 13:33:28:838[cInfo        ] BufferInfo::AddMesh(): NUM VERTS-----------------[164]
2016-08-21 13:33:28:839[cInfo        ] BufferInfo::AddMesh(): NUM INDICES---------------[0]
2016-08-21 13:33:28:840[cInfo        ] BufferInfo::AddMesh(): VERT OFFSET---------------[0]
2016-08-21 13:33:28:840[cInfo        ] BufferInfo::AddMesh(): INDICES OFFSET (BYTES)----[0]
2016-08-21 13:33:28:841[cInfo        ] --------------------|  END BUFFER MESH INFO  |--------------------------------------
2016-08-21 13:33:28:843[cInfo        ] 

2016-08-21 13:33:28:844[cProcess     ] ShapeGenerator initialized successfully.
2016-08-21 13:33:28:846[cProcess     ] Camera::Initialize() successful.
2016-08-21 13:33:28:847[cProcess     ] Keyboard::Initialize() successful
2016-08-21 13:33:28:848[cProcess     ] Keyboard::Initialize() successful
2016-08-21 13:33:28:861[cInfo        ] 
-----------------------------------------------------------------------
 BufferInfo::CreateBuffers()[0] Created buffers:| VERTEX [15] with [10810368] bytes. || INDEX [16] with [0] bytes |
-----------------------------------------------------------------------

2016-08-21 13:33:28:887[cInfo        ] --------BufferInfo::AddMesh() Added mesh successfully-------
2016-08-21 13:33:28:887[cInfo        ] 
2016-08-21 13:33:28:888[cInfo        ] --------------------| START BUFFER MESH INFO |-------------------------------------
2016-08-21 13:33:28:889[cInfo        ] BufferInfo::AddMesh(): NUM VERTS-----------------[337824]
2016-08-21 13:33:28:890[cInfo        ] BufferInfo::AddMesh(): NUM INDICES---------------[0]
2016-08-21 13:33:28:891[cInfo        ] BufferInfo::AddMesh(): VERT OFFSET---------------[0]
2016-08-21 13:33:28:892[cInfo        ] BufferInfo::AddMesh(): INDICES OFFSET (BYTES)----[0]
2016-08-21 13:33:28:893[cInfo        ] --------------------|  END BUFFER MESH INFO  |--------------------------------------
2016-08-21 13:33:28:894[cInfo        ] 

2016-08-21 13:33:28:923[Info         ] ShapeGenerator::ReadSceneFile(): Added new scene [..\Data\Scenes\Dargon.ptn.scene] successfully.
2016-08-21 13:33:28:923[cInfo        ] EntityManager::BuildPlayerEntity(): Built [Dargon] successfully
2016-08-21 13:33:28:925[Process      ] BufferInfo::Initialize() successful.
2016-08-21 13:33:28:928[cInfo        ] 
-----------------------------------------------------------------------
 BufferInfo::CreateBuffers()[2] Created buffers:| VERTEX [17] with [1000000] bytes. || INDEX [18] with [1000000] bytes |
-----------------------------------------------------------------------

2016-08-21 13:33:28:935[cInfo        ] --------BufferInfo::AddMesh() Added mesh successfully-------
2016-08-21 13:33:28:936[cInfo        ] 
2016-08-21 13:33:28:936[cInfo        ] --------------------| START BUFFER MESH INFO |-------------------------------------
2016-08-21 13:33:28:937[cInfo        ] BufferInfo::AddMesh(): NUM VERTS-----------------[36]
2016-08-21 13:33:28:938[cInfo        ] BufferInfo::AddMesh(): NUM INDICES---------------[0]
2016-08-21 13:33:28:939[cInfo        ] BufferInfo::AddMesh(): VERT OFFSET---------------[0]
2016-08-21 13:33:28:940[cInfo        ] BufferInfo::AddMesh(): INDICES OFFSET (BYTES)----[0]
2016-08-21 13:33:28:941[cInfo        ] --------------------|  END BUFFER MESH INFO  |--------------------------------------
2016-08-21 13:33:28:942[cInfo        ] 

2016-08-21 13:33:28:945[Info         ] ShapeGenerator::ReadSceneFile(): Added new scene [..\Data\Scenes\Cube.pn.scene] successfully.
2016-08-21 13:33:28:946[Process      ] BufferInfo::Initialize() successful.
2016-08-21 13:33:28:946[cInfo        ] 
-----------------------------------------------------------------------
 BufferInfo::CreateBuffers()[3] Created buffers:| VERTEX [19] with [1000000] bytes. || INDEX [20] with [1000000] bytes |
-----------------------------------------------------------------------

2016-08-21 13:33:28:950[cInfo        ] --------BufferInfo::AddMesh() Added mesh successfully-------
2016-08-21 13:33:28:950[cInfo        ] 
2016-08-21 13:33:28:951[cInfo        ] --------------------| START BUFFER MESH INFO |-------------------------------------
2016-08-21 13:33:28:952[cInfo        ] BufferInfo::AddMesh(): NUM VERTS-----------------[8718]
2016-08-21 13:33:28:954[cInfo        ] BufferInfo::AddMesh(): NUM INDICES---------------[0]
2016-08-21 13:33:28:955[cInfo        ] BufferInfo::AddMesh(): VERT OFFSET---------------[0]
2016-08-21 13:33:28:956[cInfo        ] BufferInfo::AddMesh(): INDICES OFFSET (BYTES)----[0]
2016-08-21 13:33:28:956[cInfo        ] --------------------|  END BUFFER MESH INFO  |--------------------------------------
2016-08-21 13:33:28:958[cInfo        ] 

2016-08-21 13:33:28:961[Info         ] ShapeGenerator::ReadSceneFile(): Added new scene [..\Data\Scenes\AIWorld.ptn.scene] successfully.
2016-08-21 13:33:28:961[cInfo        ] --------BufferInfo::AddMesh() Added mesh successfully-------
2016-08-21 13:33:28:964[cInfo        ] 
2016-08-21 13:33:28:965[cInfo        ] --------------------| START BUFFER MESH INFO |-------------------------------------
2016-08-21 13:33:28:966[cInfo        ] BufferInfo::AddMesh(): NUM VERTS-----------------[18]
2016-08-21 13:33:28:967[cInfo        ] BufferInfo::AddMesh(): NUM INDICES---------------[0]
2016-08-21 13:33:28:967[cInfo        ] BufferInfo::AddMesh(): VERT OFFSET---------------[36]
2016-08-21 13:33:28:968[cInfo        ] BufferInfo::AddMesh(): INDICES OFFSET (BYTES)----[0]
2016-08-21 13:33:28:969[cInfo        ] --------------------|  END BUFFER MESH INFO  |--------------------------------------
2016-08-21 13:33:28:970[cInfo        ] 

2016-08-21 13:33:28:971[Info         ] ShapeGenerator::ReadSceneFile(): Added new scene [..\Data\Scenes\Pyramid.pn.scene] successfully.
2016-08-21 13:33:28:980[cInfo        ] 
-----------------------------------------------------------------------
 BufferInfo::CreateBuffers()[0] Created buffers:| VERTEX [21] with [5529600] bytes. || INDEX [22] with [0] bytes |
-----------------------------------------------------------------------

2016-08-21 13:33:28:989[cInfo        ] --------BufferInfo::AddMesh() Added mesh successfully-------
2016-08-21 13:33:28:989[cInfo        ] 
2016-08-21 13:33:28:990[cInfo        ] --------------------| START BUFFER MESH INFO |-------------------------------------
2016-08-21 13:33:28:991[cInfo        ] BufferInfo::AddMesh(): NUM VERTS-----------------[172800]
2016-08-21 13:33:28:993[cInfo        ] BufferInfo::AddMesh(): NUM INDICES---------------[0]
2016-08-21 13:33:28:994[cInfo        ] BufferInfo::AddMesh(): VERT OFFSET---------------[0]
2016-08-21 13:33:28:995[cInfo        ] BufferInfo::AddMesh(): INDICES OFFSET (BYTES)----[0]
2016-08-21 13:33:28:996[cInfo        ] --------------------|  END BUFFER MESH INFO  |--------------------------------------
2016-08-21 13:33:28:997[cInfo        ] 

2016-08-21 13:33:28:998[Info         ] ShapeGenerator::ReadSceneFile(): Added new scene [..\Data\Scenes\WaterPlane.ptn.scene] successfully.
2016-08-21 13:33:28:999[cProcess     ] Camera::Initialize() successful.
2016-08-21 13:33:29:011[Process      ] BufferInfo::Initialize() successful.
2016-08-21 13:33:29:011[cInfo        ] 
-----------------------------------------------------------------------
 BufferInfo::CreateBuffers()[4] Created buffers:| VERTEX [23] with [8107776] bytes. || INDEX [24] with [0] bytes |
-----------------------------------------------------------------------

2016-08-21 13:33:29:022[cInfo        ] --------BufferInfo::AddMesh() Added mesh successfully-------
2016-08-21 13:33:29:023[cInfo        ] 
2016-08-21 13:33:29:023[cInfo        ] --------------------| START BUFFER MESH INFO |-------------------------------------
2016-08-21 13:33:29:024[cInfo        ] BufferInfo::AddMesh(): NUM VERTS-----------------[337824]
2016-08-21 13:33:29:025[cInfo        ] BufferInfo::AddMesh(): NUM INDICES---------------[0]
2016-08-21 13:33:29:026[cInfo        ] BufferInfo::AddMesh(): VERT OFFSET---------------[0]
2016-08-21 13:33:29:027[cInfo        ] BufferInfo::AddMesh(): INDICES OFFSET (BYTES)----[0]
2016-08-21 13:33:29:028[cInfo        ] --------------------|  END BUFFER MESH INFO  |--------------------------------------
2016-08-21 13:33:29:029[cInfo        ] 

2016-08-21 13:33:29:030[Info         ] ShapeGenerator::ReadSceneFile(): Added new scene [..\Data\Scenes\Dargon.pn.scene] successfully.
2016-08-21 13:33:29:030[Process      ] BufferInfo::Initialize() successful.
2016-08-21 13:33:29:030[cInfo        ] 
-----------------------------------------------------------------------
 BufferInfo::CreateBuffers()[5] Created buffers:| VERTEX [25] with [1000000] bytes. || INDEX [26] with [1000000] bytes |
-----------------------------------------------------------------------

2016-08-21 13:33:29:035[cInfo        ] --------BufferInfo::AddMesh() Added mesh successfully-------
2016-08-21 13:33:29:036[cInfo        ] 
2016-08-21 13:33:29:036[cInfo        ] --------------------| START BUFFER MESH INFO |-------------------------------------
2016-08-21 13:33:29:037[cInfo        ] BufferInfo::AddMesh(): NUM VERTS-----------------[6]
2016-08-21 13:33:29:038[cInfo        ] BufferInfo::AddMesh(): NUM INDICES---------------[0]
2016-08-21 13:33:29:039[cInfo        ] BufferInfo::AddMesh(): VERT OFFSET---------------[0]
2016-08-21 13:33:29:040[cInfo        ] BufferInfo::AddMesh(): INDICES OFFSET (BYTES)----[0]
2016-08-21 13:33:29:042[cInfo        ] --------------------|  END BUFFER MESH INFO  |--------------------------------------
2016-08-21 13:33:29:043[cInfo        ] 

2016-08-21 13:33:29:044[cProcess     ] BodaciousQuest::Initialize() successful.
2016-08-21 13:33:29:045[Process      ] GameTime::Initialize() ok

2016-08-21 13:33:29:045[cProcess     ] MyWindow::Initialize() successful!
2016-08-21 13:33:32:164[Process      ] ConfigReader opened [..\Data\BodaciousQuest.config] successfully
2016-08-21 13:33:32:164[Info         ] ConfigReader initialized successfully
2016-08-21 13:33:32:164[Info         ] Valid KVP [BodaciousQuest.ShowFullScreen] [false] added
2016-08-21 13:33:32:164[Info         ] Valid KVP [BodaciousQuest.FpsInterval] [5.0] added
2016-08-21 13:33:32:164[Info         ] Valid KVP [BodaciousQuest.EnableControls] [true] added
2016-08-21 13:33:32:164[Info         ] Valid KVP [BodaciousQuest.LoadCubeFirst] [true] added
2016-08-21 13:33:32:164[Info         ] Valid KVP [BodaciousQuest.CameraWalkMode] [false] added
2016-08-21 13:33:32:164[Info         ] Valid KVP [BodaciousQuest.GridSize] [40] added
2016-08-21 13:33:32:164[Info         ] Valid KVP [BodaciousQuest.LightingTest.Ambient.Color] [1.0  1.0  1.0] added
2016-08-21 13:33:32:164[Info         ] Valid KVP [BodaciousQuest.LightingTest.Diffuse.Color] [1.0  1.0  1.0] added
2016-08-21 13:33:32:164[Info         ] Valid KVP [BodaciousQuest.LightingTest.Specular.Color] [0.0  0.0  0.0] added
2016-08-21 13:33:32:164[Info         ] Valid KVP [BodaciousQuest.LightingTest.Ambient.Reflectivity] [0.01] added
2016-08-21 13:33:32:165[Info         ] Valid KVP [BodaciousQuest.LightingTest.Diffuse.Reflectivity] [0.8] added
2016-08-21 13:33:32:165[Info         ] Valid KVP [BodaciousQuest.LightingTest.Specular.Reflectivity] [0.5] added
2016-08-21 13:33:32:165[Info         ] Valid KVP [BodaciousQuest.LightingTest.Specular.Shininess] [1.0] added
2016-08-21 13:33:32:165[Info         ] Valid KVP [BodaciousQuest.LightingTest.Falloff.A] [1.0] added
2016-08-21 13:33:32:165[Info         ] Valid KVP [BodaciousQuest.LightingTest.Falloff.B] [0.01] added
2016-08-21 13:33:32:165[Info         ] Valid KVP [BodaciousQuest.LightingTest.Falloff.C] [0.0001] added
2016-08-21 13:33:32:165[Info         ] Valid KVP [BodaciousQuest.LightingTest.Directional] [false] added
2016-08-21 13:33:32:165[Info         ] Valid KVP [BodaciousQuest.LightingTest.Direction] [-1.0 0.0 1.0] added
2016-08-21 13:33:32:165[Info         ] Valid KVP [BodaciousQuest.LightingTest.Light.Position] [-0.875458 3.673020 1.043331] added
2016-08-21 13:33:32:165[Info         ] Valid KVP [BodaciousQuest.LightingTest.Dargon.Color] [1.0 1.0 0.4] added
2016-08-21 13:33:32:165[Info         ] Valid KVP [ObjConverter.Mode.VertexType] [pn] added
2016-08-21 13:33:32:165[Info         ] Valid KVP [ObjConverter.Mode.Analyze] [false] added
2016-08-21 13:33:32:165[Info         ] Valid KVP [ObjConverter.Model] [Dargon] added
2016-08-21 13:33:32:165[Info         ] Valid KVP [ObjConverter.Shader] [4] added
2016-08-21 13:33:32:165[Info         ] Valid KVP [ObjConverter.Color] [random] added
2016-08-21 13:33:32:165[Info         ] Valid KVP [ObjConverter.Obj.InputFileFolder] [..\\Data\\Objs\\] added
2016-08-21 13:33:32:165[Info         ] Valid KVP [ObjConverter.Scene.OutputFileFolder] [..\\Data\\Scenes\\] added
2016-08-21 13:33:32:165[Info         ] Valid KVP [ObjConverter.Model.Dargon.NumVerts] [57967] added
2016-08-21 13:33:32:165[Info         ] Valid KVP [ObjConverter.Model.Dargon.NumIndices] [337824] added
2016-08-21 13:33:32:165[Info         ] Valid KVP [ObjConverter.Model.Dargon.NumTexCoords] [60175] added
2016-08-21 13:33:32:165[Info         ] Valid KVP [ObjConverter.Model.Dargon.NumNormals] [337824] added
2016-08-21 13:33:32:165[Info         ] Valid KVP [ObjConverter.Model.Swamp.NumVerts] [2735] added
2016-08-21 13:33:32:165[Info         ] Valid KVP [ObjConverter.Model.Swamp.NumIndices] [8556] added
2016-08-21 13:33:32:165[Info         ] Valid KVP [ObjConverter.Model.Swamp.NumTexCoords] [3622] added
2016-08-21 13:33:32:165[Info         ] Valid KVP [ObjConverter.Model.Swamp.NumNormals] [5156] added
2016-08-21 13:33:32:165[Info         ] Valid KVP [ObjConverter.Model.Pyramid.NumVerts] [5] added
2016-08-21 13:33:32:165[Info         ] Valid KVP [ObjConverter.Model.Pyramid.NumIndices] [18] added
2016-08-21 13:33:32:165[Info         ] Valid KVP [ObjConverter.Model.Pyramid.NumTexCoords] [10] added
2016-08-21 13:33:32:165[Info         ] Valid KVP [ObjConverter.Model.Pyramid.NumNormals] [16] added
2016-08-21 13:33:32:165[Info         ] Valid KVP [ObjConverter.Model.AIWorld.NumVerts] [1957] added
2016-08-21 13:33:32:165[Info         ] Valid KVP [ObjConverter.Model.AIWorld.NumIndices] [8718] added
2016-08-21 13:33:32:165[Info         ] Valid KVP [ObjConverter.Model.AIWorld.NumTexCoords] [4186] added
2016-08-21 13:33:32:165[Info         ] Valid KVP [ObjConverter.Model.AIWorld.NumNormals] [5418] added
2016-08-21 13:33:32:165[Info         ] Valid KVP [ObjConverter.Model.GameWeapon.NumVerts] [2068] added
2016-08-21 13:33:32:165[Info         ] Valid KVP [ObjConverter.Model.GameWeapon.NumIndices] [9894] added
2016-08-21 13:33:32:165[Info         ] Valid KVP [ObjConverter.Model.GameWeapon.NumTexCoords] [0] added
2016-08-21 13:33:32:165[Info         ] Valid KVP [ObjConverter.Model.GameWeapon.NumNormals] [0] added
2016-08-21 13:33:32:165[Info         ] Valid KVP [ObjConverter.Model.Chicken.NumVerts] [224] added
2016-08-21 13:33:32:165[Info         ] Valid KVP [ObjConverter.Model.Chicken.NumIndices] [1374] added
2016-08-21 13:33:32:165[Info         ] Valid KVP [ObjConverter.Model.Chicken.NumTexCoords] [472] added
2016-08-21 13:33:32:165[Info         ] Valid KVP [ObjConverter.Model.Chicken.NumNormals] [565] added
2016-08-21 13:33:32:165[Info         ] Valid KVP [ObjConverter.Model.WaterPlane.NumVerts] [29282] added
2016-08-21 13:33:32:165[Info         ] Valid KVP [ObjConverter.Model.WaterPlane.NumIndices] [172800] added
2016-08-21 13:33:32:165[Info         ] Valid KVP [ObjConverter.Model.WaterPlane.NumTexCoords] [29282] added
2016-08-21 13:33:32:165[Info         ] Valid KVP [ObjConverter.Model.WaterPlane.NumNormals] [172800] added
2016-08-21 13:33:32:165[Info         ] Valid KVP [ObjConverter.Model.Cube.NumVerts] [8] added
2016-08-21 13:33:32:165[Info         ] Valid KVP [ObjConverter.Model.Cube.NumIndices] [36] added
2016-08-21 13:33:32:165[Info         ] Valid KVP [ObjConverter.Model.Cube.NumTexCoords] [14] added
2016-08-21 13:33:32:165[Info         ] Valid KVP [ObjConverter.Model.Cube.NumNormals] [24] added
2016-08-21 13:33:32:165[Info         ] Valid KVP [ObjConverter.Model.Barrel.NumVerts] [172] added
2016-08-21 13:33:32:165[Info         ] Valid KVP [ObjConverter.Model.Barrel.NumIndices] [1008] added
2016-08-21 13:33:32:166[Info         ] Valid KVP [ObjConverter.Model.Barrel.NumTexCoords] [328] added
2016-08-21 13:33:32:166[Info         ] Valid KVP [ObjConverter.Model.Barrel.NumNormals] [204] added
2016-08-21 13:33:32:166[Info         ] Valid KVP [ObjConverter.Model.SkyBox.NumVerts] [8] added
2016-08-21 13:33:32:166[Info         ] Valid KVP [ObjConverter.Model.SkyBox.NumIndices] [36] added
2016-08-21 13:33:32:166[Info         ] Valid KVP [ObjConverter.Model.SkyBox.NumTexCoords] [18] added
2016-08-21 13:33:32:166[Info         ] Valid KVP [ObjConverter.Model.SkyBox.NumNormals] [24] added
2016-08-21 13:33:32:961[cInfo        ] Cube Position: -0.875458 3.673020 1.043331
2016-08-21 13:33:35:357[cInfo        ] Cube Position: -nan(ind) 1.000000 -nan(ind)
2016-08-21 13:33:36:382[cProcess     ] BufferManager::Shutdown() successful.
2016-08-21 13:33:36:384[cProcess     ] RenderEngine::Shutdown() successful.
2016-08-21 13:33:36:385[cProcess     ] Camera::Shutdown() successful.
2016-08-21 13:33:36:386[Info         ] Shader  [2] deleting...
2016-08-21 13:33:36:386[Info         ] Shader  [2] deleted successfully.
2016-08-21 13:33:36:386[Info         ] Shader  [3] deleting...
2016-08-21 13:33:36:386[Info         ] Shader  [3] deleted successfully.
2016-08-21 13:33:36:386[Info         ] All shaders deleted successfully.
2016-08-21 13:33:36:386[cInfo        ] Program [1] deleted successfully.
2016-08-21 13:33:36:387[Process      ] ShaderProgram[1]::Shutdown successful!
2016-08-21 13:33:36:387[Info         ] Shader  [5] deleting...
2016-08-21 13:33:36:387[Info         ] Shader  [5] deleted successfully.
2016-08-21 13:33:36:387[Info         ] Shader  [6] deleting...
2016-08-21 13:33:36:387[Info         ] Shader  [6] deleted successfully.
2016-08-21 13:33:36:387[Info         ] All shaders deleted successfully.
2016-08-21 13:33:36:387[cInfo        ] Program [4] deleted successfully.
2016-08-21 13:33:36:388[Process      ] ShaderProgram[4]::Shutdown successful!
2016-08-21 13:33:36:388[Info         ] Shader  [8] deleting...
2016-08-21 13:33:36:388[Info         ] Shader  [8] deleted successfully.
2016-08-21 13:33:36:388[Info         ] Shader  [9] deleting...
2016-08-21 13:33:36:388[Info         ] Shader  [9] deleted successfully.
2016-08-21 13:33:36:388[Info         ] All shaders deleted successfully.
2016-08-21 13:33:36:388[cInfo        ] Program [7] deleted successfully.
2016-08-21 13:33:36:389[Process      ] ShaderProgram[7]::Shutdown successful!
2016-08-21 13:33:36:389[Info         ] Shader  [11] deleting...
2016-08-21 13:33:36:389[Info         ] Shader  [11] deleted successfully.
2016-08-21 13:33:36:389[Info         ] Shader  [12] deleting...
2016-08-21 13:33:36:389[Info         ] Shader  [12] deleted successfully.
2016-08-21 13:33:36:389[Info         ] All shaders deleted successfully.
2016-08-21 13:33:36:389[cInfo        ] Program [10] deleted successfully.
2016-08-21 13:33:36:390[Process      ] ShaderProgram[10]::Shutdown successful!
2016-08-21 13:33:36:390[Info         ] Shader  [14] deleting...
2016-08-21 13:33:36:390[Info         ] Shader  [14] deleted successfully.
2016-08-21 13:33:36:390[Info         ] Shader  [15] deleting...
2016-08-21 13:33:36:390[Info         ] Shader  [15] deleted successfully.
2016-08-21 13:33:36:390[Info         ] All shaders deleted successfully.
2016-08-21 13:33:36:390[cInfo        ] Program [13] deleted successfully.
2016-08-21 13:33:36:391[Process      ] ShaderProgram[13]::Shutdown successful!
2016-08-21 13:33:36:391[Info         ] Shader  [17] deleting...
2016-08-21 13:33:36:391[Info         ] Shader  [17] deleted successfully.
2016-08-21 13:33:36:391[Info         ] Shader  [18] deleting...
2016-08-21 13:33:36:391[Info         ] Shader  [18] deleted successfully.
2016-08-21 13:33:36:391[Info         ] All shaders deleted successfully.
2016-08-21 13:33:36:391[cInfo        ] Program [16] deleted successfully.
2016-08-21 13:33:36:393[Process      ] ShaderProgram[16]::Shutdown successful!
2016-08-21 13:33:36:393[Info         ] Shader  [20] deleting...
2016-08-21 13:33:36:393[Info         ] Shader  [20] deleted successfully.
2016-08-21 13:33:36:393[Info         ] Shader  [21] deleting...
2016-08-21 13:33:36:393[Info         ] Shader  [21] deleted successfully.
2016-08-21 13:33:36:393[Info         ] All shaders deleted successfully.
2016-08-21 13:33:36:393[cInfo        ] Program [19] deleted successfully.
2016-08-21 13:33:36:394[Process      ] ShaderProgram[19]::Shutdown successful!
2016-08-21 13:33:36:394[cProcess     ] MyWindow::Shutdown() successful!
2016-08-21 13:33:36:395[cProcess     ] BodaciousQuest::Shutdown() successful.
2016-08-21 13:33:36:405[Process      ] ConfigReader shut down successfully
2016-08-21 13:33:36:406[Process      ] GameLogger::ShutDown() successful
