2016-08-18 15:10:37:950[Process      ] GameLogger::Initialize() opened log file [..\Data\LogFiles\2016-08-18 15-10-37.BodaciousQuest.log] for writing
2016-08-18 15:10:37:950[Info         ] GameLogger::Initialize() successful
2016-08-18 15:10:37:950[Process      ] ConfigReader opened [..\Data\BodaciousQuest.config] successfully
2016-08-18 15:10:37:950[Info         ] ConfigReader initialized successfully
2016-08-18 15:10:37:950[Info         ] Valid KVP [BodaciousQuest.ShowFullScreen] [false] added
2016-08-18 15:10:37:950[Info         ] Valid KVP [BodaciousQuest.FpsInterval] [5.0] added
2016-08-18 15:10:37:950[Info         ] Valid KVP [BodaciousQuest.EnableControls] [true] added
2016-08-18 15:10:37:950[Info         ] Valid KVP [BodaciousQuest.LoadCubeFirst] [true] added
2016-08-18 15:10:37:950[Info         ] Valid KVP [BodaciousQuest.CameraWalkMode] [false] added
2016-08-18 15:10:37:950[Info         ] Valid KVP [BodaciousQuest.GridSize] [40] added
2016-08-18 15:10:37:950[Info         ] Valid KVP [BodaciousQuest.LightingTest.Ambient.Color] [1.0  1.0  1.0] added
2016-08-18 15:10:37:950[Info         ] Valid KVP [BodaciousQuest.LightingTest.Diffuse.Color] [1.0  1.0  1.0] added
2016-08-18 15:10:37:950[Info         ] Valid KVP [BodaciousQuest.LightingTest.Specular.Color] [0.0  0.0  0.0] added
2016-08-18 15:10:37:950[Info         ] Valid KVP [BodaciousQuest.LightingTest.Ambient.Reflectivity] [0.01] added
2016-08-18 15:10:37:950[Info         ] Valid KVP [BodaciousQuest.LightingTest.Diffuse.Reflectivity] [0.6] added
2016-08-18 15:10:37:950[Info         ] Valid KVP [BodaciousQuest.LightingTest.Specular.Reflectivity] [0.5] added
2016-08-18 15:10:37:950[Info         ] Valid KVP [BodaciousQuest.LightingTest.Specular.Shininess] [1.0] added
2016-08-18 15:10:37:950[Info         ] Valid KVP [BodaciousQuest.LightingTest.Falloff.A] [1.0] added
2016-08-18 15:10:37:950[Info         ] Valid KVP [BodaciousQuest.LightingTest.Falloff.B] [0.01] added
2016-08-18 15:10:37:950[Info         ] Valid KVP [BodaciousQuest.LightingTest.Falloff.C] [0.1] added
2016-08-18 15:10:37:950[Info         ] Valid KVP [BodaciousQuest.LightingTest.Directional] [false] added
2016-08-18 15:10:37:951[Info         ] Valid KVP [BodaciousQuest.LightingTest.Direction] [-1.0 0.0 1.0] added
2016-08-18 15:10:37:951[Info         ] Valid KVP [BodaciousQuest.LightingTest.Light.Position] [-0.875458 3.673020 1.043331] added
2016-08-18 15:10:37:951[Info         ] Valid KVP [BodaciousQuest.LightingTest.Dargon.Color] [1.0 1.0 0.4] added
2016-08-18 15:10:37:951[Info         ] Valid KVP [ObjConverter.Mode.VertexType] [p] added
2016-08-18 15:10:37:951[Info         ] Valid KVP [ObjConverter.Mode.Analyze] [false] added
2016-08-18 15:10:37:951[Info         ] Valid KVP [ObjConverter.Model] [AIWorld] added
2016-08-18 15:10:37:951[Info         ] Valid KVP [ObjConverter.Shader] [0] added
2016-08-18 15:10:37:951[Info         ] Valid KVP [ObjConverter.Color] [random] added
2016-08-18 15:10:37:951[Info         ] Valid KVP [ObjConverter.Obj.InputFileFolder] [..\\Data\\Objs\\] added
2016-08-18 15:10:37:951[Info         ] Valid KVP [ObjConverter.Scene.OutputFileFolder] [..\\Data\\Scenes\\] added
2016-08-18 15:10:37:951[Info         ] Valid KVP [ObjConverter.Model.Dargon.NumVerts] [57967] added
2016-08-18 15:10:37:951[Info         ] Valid KVP [ObjConverter.Model.Dargon.NumIndices] [337824] added
2016-08-18 15:10:37:951[Info         ] Valid KVP [ObjConverter.Model.Dargon.NumTexCoords] [60175] added
2016-08-18 15:10:37:951[Info         ] Valid KVP [ObjConverter.Model.Dargon.NumNormals] [337824] added
2016-08-18 15:10:37:951[Info         ] Valid KVP [ObjConverter.Model.Swamp.NumVerts] [2735] added
2016-08-18 15:10:37:951[Info         ] Valid KVP [ObjConverter.Model.Swamp.NumIndices] [8556] added
2016-08-18 15:10:37:951[Info         ] Valid KVP [ObjConverter.Model.Swamp.NumTexCoords] [3622] added
2016-08-18 15:10:37:951[Info         ] Valid KVP [ObjConverter.Model.Swamp.NumNormals] [5156] added
2016-08-18 15:10:37:951[Info         ] Valid KVP [ObjConverter.Model.Pyramid.NumVerts] [5] added
2016-08-18 15:10:37:951[Info         ] Valid KVP [ObjConverter.Model.Pyramid.NumIndices] [18] added
2016-08-18 15:10:37:951[Info         ] Valid KVP [ObjConverter.Model.Pyramid.NumTexCoords] [10] added
2016-08-18 15:10:37:951[Info         ] Valid KVP [ObjConverter.Model.Pyramid.NumNormals] [16] added
2016-08-18 15:10:37:951[Info         ] Valid KVP [ObjConverter.Model.AIWorld.NumVerts] [1957] added
2016-08-18 15:10:37:951[Info         ] Valid KVP [ObjConverter.Model.AIWorld.NumIndices] [8718] added
2016-08-18 15:10:37:951[Info         ] Valid KVP [ObjConverter.Model.AIWorld.NumTexCoords] [4186] added
2016-08-18 15:10:37:951[Info         ] Valid KVP [ObjConverter.Model.AIWorld.NumNormals] [5418] added
2016-08-18 15:10:37:951[Info         ] Valid KVP [ObjConverter.Model.GameWeapon.NumVerts] [2068] added
2016-08-18 15:10:37:951[Info         ] Valid KVP [ObjConverter.Model.GameWeapon.NumIndices] [9894] added
2016-08-18 15:10:37:951[Info         ] Valid KVP [ObjConverter.Model.GameWeapon.NumTexCoords] [0] added
2016-08-18 15:10:37:951[Info         ] Valid KVP [ObjConverter.Model.GameWeapon.NumNormals] [0] added
2016-08-18 15:10:37:951[Info         ] Valid KVP [ObjConverter.Model.Chicken.NumVerts] [224] added
2016-08-18 15:10:37:951[Info         ] Valid KVP [ObjConverter.Model.Chicken.NumIndices] [1374] added
2016-08-18 15:10:37:951[Info         ] Valid KVP [ObjConverter.Model.Chicken.NumTexCoords] [472] added
2016-08-18 15:10:37:951[Info         ] Valid KVP [ObjConverter.Model.Chicken.NumNormals] [565] added
2016-08-18 15:10:37:951[Info         ] Valid KVP [ObjConverter.Model.WaterPlane.NumVerts] [29282] added
2016-08-18 15:10:37:951[Info         ] Valid KVP [ObjConverter.Model.WaterPlane.NumIndices] [172800] added
2016-08-18 15:10:37:951[Info         ] Valid KVP [ObjConverter.Model.WaterPlane.NumTexCoords] [29282] added
2016-08-18 15:10:37:951[Info         ] Valid KVP [ObjConverter.Model.WaterPlane.NumNormals] [172800] added
2016-08-18 15:10:37:951[Info         ] Valid KVP [ObjConverter.Model.Cube.NumVerts] [8] added
2016-08-18 15:10:37:951[Info         ] Valid KVP [ObjConverter.Model.Cube.NumIndices] [36] added
2016-08-18 15:10:37:951[Info         ] Valid KVP [ObjConverter.Model.Cube.NumTexCoords] [14] added
2016-08-18 15:10:37:951[Info         ] Valid KVP [ObjConverter.Model.Cube.NumNormals] [24] added
2016-08-18 15:10:37:951[Info         ] Valid KVP [ObjConverter.Model.Barrel.NumVerts] [172] added
2016-08-18 15:10:37:951[Info         ] Valid KVP [ObjConverter.Model.Barrel.NumIndices] [1008] added
2016-08-18 15:10:37:951[Info         ] Valid KVP [ObjConverter.Model.Barrel.NumTexCoords] [328] added
2016-08-18 15:10:37:951[Info         ] Valid KVP [ObjConverter.Model.Barrel.NumNormals] [204] added
2016-08-18 15:10:37:951[Info         ] Valid KVP [ObjConverter.Model.SkyBox.NumVerts] [8] added
2016-08-18 15:10:37:951[Info         ] Valid KVP [ObjConverter.Model.SkyBox.NumIndices] [36] added
2016-08-18 15:10:37:951[Info         ] Valid KVP [ObjConverter.Model.SkyBox.NumTexCoords] [18] added
2016-08-18 15:10:37:951[Info         ] Valid KVP [ObjConverter.Model.SkyBox.NumNormals] [24] added
2016-08-18 15:10:38:022[cInfo        ] Config reader opened [..\Data\BodaciousQuest.config] for reading!
2016-08-18 15:10:38:078[Process      ] ShaderManager Initialized successfully
2016-08-18 15:10:38:078[Info         ] Shader Init started
2016-08-18 15:10:38:078[Info         ] Shader Program created.
2016-08-18 15:10:38:078[Process      ] ShaderProgram::Initialize()[1] successful!
2016-08-18 15:10:38:078[Debug        ] File [..\Data\shaders\debug.vert.shader] Opened successfully! Buffer Length:[291]
2016-08-18 15:10:38:078[Debug        ] Shader file [..\Data\shaders\debug.vert.shader] contents:
//BEGIN
#version 430 core

layout(location = 0)  in vec3 vPosition;

layout(location = 15) uniform vec3 colorin;
layout(location = 16) uniform mat4 MAT;

out vec4 color;

void main()
{
	vec4 vertPos = vec4(vPosition, 1.0);
	gl_Position = MAT *  vertPos;
	color = vec4(colorin, 1.0);
}
//END

2016-08-18 15:10:38:078[Debug        ]  ShaderProgram::AddShader() file with data was read in
2016-08-18 15:10:38:078[Debug        ] ShaderProgram::AddShader() : glShaderSource() successful
2016-08-18 15:10:38:079[Debug        ] ShaderProgram::AddShader() : glCompileShader() successful
2016-08-18 15:10:38:079[Info         ] ShaderProgram::CheckShaderCompileStatus(2) successful.
2016-08-18 15:10:38:079[Debug        ] ShaderProgram::AddShader() : glCompileShader() successful
2016-08-18 15:10:38:079[Info         ] ShaderInfo saved successfully.
2016-08-18 15:10:38:079[Debug        ] ShaderProgram::AddShader() : glAttachShader() successful
2016-08-18 15:10:38:079[Info         ] ShaderProgram::AddShader [2] successful.
2016-08-18 15:10:38:079[Debug        ] File [..\Data\shaders\debug.frag.shader] Opened successfully! Buffer Length:[104]
2016-08-18 15:10:38:079[Debug        ] Shader file [..\Data\shaders\debug.frag.shader] contents:
//BEGIN
#version 430 core


in  vec4 color;
out vec4 outColor;

void main()
{
	outColor = color;
}


//END

2016-08-18 15:10:38:079[Debug        ]  ShaderProgram::AddShader() file with data was read in
2016-08-18 15:10:38:079[Debug        ] ShaderProgram::AddShader() : glShaderSource() successful
2016-08-18 15:10:38:079[Debug        ] ShaderProgram::AddShader() : glCompileShader() successful
2016-08-18 15:10:38:079[Info         ] ShaderProgram::CheckShaderCompileStatus(3) successful.
2016-08-18 15:10:38:079[Debug        ] ShaderProgram::AddShader() : glCompileShader() successful
2016-08-18 15:10:38:079[Info         ] ShaderInfo saved successfully.
2016-08-18 15:10:38:079[Debug        ] ShaderProgram::AddShader() : glAttachShader() successful
2016-08-18 15:10:38:079[Info         ] ShaderProgram::AddShader [3] successful.
2016-08-18 15:10:38:080[Info         ] CheckProgramStatus() successful!
2016-08-18 15:10:38:080[Info         ] CheckProgramStatus() successful!
2016-08-18 15:10:38:080[Info         ] Shader Init started
2016-08-18 15:10:38:080[Info         ] Shader Program created.
2016-08-18 15:10:38:080[Process      ] ShaderProgram::Initialize()[4] successful!
2016-08-18 15:10:38:080[Debug        ] File [..\Data\shaders\play.vert.shader] Opened successfully! Buffer Length:[343]
2016-08-18 15:10:38:080[Debug        ] Shader file [..\Data\shaders\play.vert.shader] contents:
//BEGIN
#version 430 core

layout (location = 0)  in vec3 vPosition;
layout (location = 1)  in vec3 vColor;
layout (location = 15) uniform vec3 colorin;
layout (location = 16) uniform mat4 MAT;

out vec4 color;

void main()
{
	vec4 vertPos = vec4(vPosition, 1.0);
	gl_Position = MAT *  vertPos;
	color = vec4((vColor + colorin), 1.0);
}
//END

2016-08-18 15:10:38:080[Debug        ]  ShaderProgram::AddShader() file with data was read in
2016-08-18 15:10:38:081[Debug        ] ShaderProgram::AddShader() : glShaderSource() successful
2016-08-18 15:10:38:081[Debug        ] ShaderProgram::AddShader() : glCompileShader() successful
2016-08-18 15:10:38:081[Info         ] ShaderProgram::CheckShaderCompileStatus(5) successful.
2016-08-18 15:10:38:081[Debug        ] ShaderProgram::AddShader() : glCompileShader() successful
2016-08-18 15:10:38:081[Info         ] ShaderInfo saved successfully.
2016-08-18 15:10:38:081[Debug        ] ShaderProgram::AddShader() : glAttachShader() successful
2016-08-18 15:10:38:081[Info         ] ShaderProgram::AddShader [5] successful.
2016-08-18 15:10:38:081[Debug        ] File [..\Data\shaders\play.frag.shader] Opened successfully! Buffer Length:[391]
2016-08-18 15:10:38:081[Debug        ] Shader file [..\Data\shaders\play.frag.shader] contents:
//BEGIN
#version 430 core


in  vec4 color;
out vec4 outColor;

void main()
{

	//if (color.r < .7) discard;
	outColor = color;

	//if(((gl_FragCoord.x  > 600)&& (gl_FragCoord.y < 300)) || ((gl_FragCoord.y < 300)  && (gl_FragCoord.x  < 600) )) {
	//discard;
	//}

	//vec2 scrPos = vec2(gl_FragCoord) - vec2(350,150);
	//float len =  length(scrPos);
	//if(len < 50 )discard;
}


//END

2016-08-18 15:10:38:081[Debug        ]  ShaderProgram::AddShader() file with data was read in
2016-08-18 15:10:38:081[Debug        ] ShaderProgram::AddShader() : glShaderSource() successful
2016-08-18 15:10:38:081[Debug        ] ShaderProgram::AddShader() : glCompileShader() successful
2016-08-18 15:10:38:081[Info         ] ShaderProgram::CheckShaderCompileStatus(6) successful.
2016-08-18 15:10:38:081[Debug        ] ShaderProgram::AddShader() : glCompileShader() successful
2016-08-18 15:10:38:081[Info         ] ShaderInfo saved successfully.
2016-08-18 15:10:38:081[Debug        ] ShaderProgram::AddShader() : glAttachShader() successful
2016-08-18 15:10:38:081[Info         ] ShaderProgram::AddShader [6] successful.
2016-08-18 15:10:38:082[Info         ] CheckProgramStatus() successful!
2016-08-18 15:10:38:082[Info         ] CheckProgramStatus() successful!
2016-08-18 15:10:38:082[Info         ] Shader Init started
2016-08-18 15:10:38:082[Info         ] Shader Program created.
2016-08-18 15:10:38:082[Process      ] ShaderProgram::Initialize()[7] successful!
2016-08-18 15:10:38:082[Debug        ] File [..\Data\shaders\texture.vert.shader] Opened successfully! Buffer Length:[305]
2016-08-18 15:10:38:082[Debug        ] Shader file [..\Data\shaders\texture.vert.shader] contents:
//BEGIN
#version 430 core

layout (location = 0)  in vec3 vPosition;
layout (location = 1)  in vec2 vUV;

layout (location = 16) uniform mat4 MAT;

//out data
out vec2 UV;

//out vec4 color;

void main()
{
	vec4 vertPos = vec4(vPosition, 1.0);
	gl_Position = MAT *  vertPos;

	UV = vUV;
	
	
}
//END

2016-08-18 15:10:38:082[Debug        ]  ShaderProgram::AddShader() file with data was read in
2016-08-18 15:10:38:082[Debug        ] ShaderProgram::AddShader() : glShaderSource() successful
2016-08-18 15:10:38:082[Debug        ] ShaderProgram::AddShader() : glCompileShader() successful
2016-08-18 15:10:38:082[Info         ] ShaderProgram::CheckShaderCompileStatus(8) successful.
2016-08-18 15:10:38:082[Debug        ] ShaderProgram::AddShader() : glCompileShader() successful
2016-08-18 15:10:38:082[Info         ] ShaderInfo saved successfully.
2016-08-18 15:10:38:082[Debug        ] ShaderProgram::AddShader() : glAttachShader() successful
2016-08-18 15:10:38:082[Info         ] ShaderProgram::AddShader [8] successful.
2016-08-18 15:10:38:082[Debug        ] File [..\Data\shaders\texture.frag.shader] Opened successfully! Buffer Length:[482]
2016-08-18 15:10:38:082[Debug        ] Shader file [..\Data\shaders\texture.frag.shader] contents:
//BEGIN
#version 430 core


in  vec2 UV;
out vec4 outColor;

layout(location = 20) uniform sampler2D textureSampler;

void main()
{

	//if (color.r < .7) discard;
	outColor = vec4(texture(textureSampler, UV).rgb, 1.0);

	//if(((gl_FragCoord.x  > 600)&& (gl_FragCoord.y < 300)) || ((gl_FragCoord.y < 300)  && (gl_FragCoord.x  < 600) )) {
	//discard;
	//}
	//vec2 scrPos = vec2(gl_FragCoord) - vec2(350,150);
	//float len =  length(scrPos);
	//if(len < 50 )discard;
}


//END

2016-08-18 15:10:38:082[Debug        ]  ShaderProgram::AddShader() file with data was read in
2016-08-18 15:10:38:082[Debug        ] ShaderProgram::AddShader() : glShaderSource() successful
2016-08-18 15:10:38:083[Debug        ] ShaderProgram::AddShader() : glCompileShader() successful
2016-08-18 15:10:38:083[Info         ] ShaderProgram::CheckShaderCompileStatus(9) successful.
2016-08-18 15:10:38:083[Debug        ] ShaderProgram::AddShader() : glCompileShader() successful
2016-08-18 15:10:38:083[Info         ] ShaderInfo saved successfully.
2016-08-18 15:10:38:083[Debug        ] ShaderProgram::AddShader() : glAttachShader() successful
2016-08-18 15:10:38:083[Info         ] ShaderProgram::AddShader [9] successful.
2016-08-18 15:10:38:084[Info         ] CheckProgramStatus() successful!
2016-08-18 15:10:38:084[Info         ] CheckProgramStatus() successful!
2016-08-18 15:10:38:084[Info         ] Shader Init started
2016-08-18 15:10:38:084[Info         ] Shader Program created.
2016-08-18 15:10:38:084[Process      ] ShaderProgram::Initialize()[10] successful!
2016-08-18 15:10:38:084[Debug        ] File [..\Data\shaders\framebuffer.vert.shader] Opened successfully! Buffer Length:[305]
2016-08-18 15:10:38:084[Debug        ] Shader file [..\Data\shaders\framebuffer.vert.shader] contents:
//BEGIN
#version 430 core

layout (location = 0)  in vec3 vPosition;
layout (location = 1)  in vec2 vUV;

layout (location = 16) uniform mat4 MAT;

//out data
out vec2 UV;

//out vec4 color;

void main()
{
	vec4 vertPos = vec4(vPosition, 1.0);
	gl_Position = MAT *  vertPos;

	UV = vUV;
	
	
}
//END

2016-08-18 15:10:38:084[Debug        ]  ShaderProgram::AddShader() file with data was read in
2016-08-18 15:10:38:084[Debug        ] ShaderProgram::AddShader() : glShaderSource() successful
2016-08-18 15:10:38:084[Debug        ] ShaderProgram::AddShader() : glCompileShader() successful
2016-08-18 15:10:38:084[Info         ] ShaderProgram::CheckShaderCompileStatus(11) successful.
2016-08-18 15:10:38:084[Debug        ] ShaderProgram::AddShader() : glCompileShader() successful
2016-08-18 15:10:38:084[Info         ] ShaderInfo saved successfully.
2016-08-18 15:10:38:084[Debug        ] ShaderProgram::AddShader() : glAttachShader() successful
2016-08-18 15:10:38:084[Info         ] ShaderProgram::AddShader [11] successful.
2016-08-18 15:10:38:084[Debug        ] File [..\Data\shaders\framebuffer.frag.shader] Opened successfully! Buffer Length:[275]
2016-08-18 15:10:38:084[Debug        ] Shader file [..\Data\shaders\framebuffer.frag.shader] contents:
//BEGIN
#version 430 core


in  vec2 UV;
out vec4 outColor;

layout(location = 20) uniform sampler2D textureSampler;

void main()
{


	vec3 tempCol = texture(textureSampler, UV).rgb;

	outColor = vec4(tempCol.r / 1.5f, tempCol.g / 1.5f, tempCol.b / 1.5f, 1.0f);
}


//END

2016-08-18 15:10:38:084[Debug        ]  ShaderProgram::AddShader() file with data was read in
2016-08-18 15:10:38:084[Debug        ] ShaderProgram::AddShader() : glShaderSource() successful
2016-08-18 15:10:38:085[Debug        ] ShaderProgram::AddShader() : glCompileShader() successful
2016-08-18 15:10:38:085[Info         ] ShaderProgram::CheckShaderCompileStatus(12) successful.
2016-08-18 15:10:38:085[Debug        ] ShaderProgram::AddShader() : glCompileShader() successful
2016-08-18 15:10:38:085[Info         ] ShaderInfo saved successfully.
2016-08-18 15:10:38:085[Debug        ] ShaderProgram::AddShader() : glAttachShader() successful
2016-08-18 15:10:38:085[Info         ] ShaderProgram::AddShader [12] successful.
2016-08-18 15:10:38:086[Info         ] CheckProgramStatus() successful!
2016-08-18 15:10:38:086[Info         ] CheckProgramStatus() successful!
2016-08-18 15:10:38:086[Info         ] Shader Init started
2016-08-18 15:10:38:086[Info         ] Shader Program created.
2016-08-18 15:10:38:086[Process      ] ShaderProgram::Initialize()[13] successful!
2016-08-18 15:10:38:086[Debug        ] File [..\Data\shaders\lighting.vert.shader] Opened successfully! Buffer Length:[1137]
2016-08-18 15:10:38:086[cDebug       ] Shader file [..\Data\shaders\lighting.vert.shader] is too big to display contents.
2016-08-18 15:10:38:089[Debug        ]  ShaderProgram::AddShader() file with data was read in
2016-08-18 15:10:38:089[Debug        ] ShaderProgram::AddShader() : glShaderSource() successful
2016-08-18 15:10:38:090[Debug        ] ShaderProgram::AddShader() : glCompileShader() successful
2016-08-18 15:10:38:090[Info         ] ShaderProgram::CheckShaderCompileStatus(14) successful.
2016-08-18 15:10:38:090[Debug        ] ShaderProgram::AddShader() : glCompileShader() successful
2016-08-18 15:10:38:090[Info         ] ShaderInfo saved successfully.
2016-08-18 15:10:38:090[Debug        ] ShaderProgram::AddShader() : glAttachShader() successful
2016-08-18 15:10:38:090[Info         ] ShaderProgram::AddShader [14] successful.
2016-08-18 15:10:38:090[Debug        ] File [..\Data\shaders\lighting.frag.shader] Opened successfully! Buffer Length:[1744]
2016-08-18 15:10:38:090[cDebug       ] Shader file [..\Data\shaders\lighting.frag.shader] is too big to display contents.
2016-08-18 15:10:38:092[Debug        ]  ShaderProgram::AddShader() file with data was read in
2016-08-18 15:10:38:092[Debug        ] ShaderProgram::AddShader() : glShaderSource() successful
2016-08-18 15:10:38:093[Debug        ] ShaderProgram::AddShader() : glCompileShader() successful
2016-08-18 15:10:38:093[Info         ] ShaderProgram::CheckShaderCompileStatus(15) successful.
2016-08-18 15:10:38:093[Debug        ] ShaderProgram::AddShader() : glCompileShader() successful
2016-08-18 15:10:38:093[Info         ] ShaderInfo saved successfully.
2016-08-18 15:10:38:093[Debug        ] ShaderProgram::AddShader() : glAttachShader() successful
2016-08-18 15:10:38:093[Info         ] ShaderProgram::AddShader [15] successful.
2016-08-18 15:10:38:096[Info         ] CheckProgramStatus() successful!
2016-08-18 15:10:38:096[Info         ] CheckProgramStatus() successful!
2016-08-18 15:10:38:096[Info         ] Shader Init started
2016-08-18 15:10:38:096[Info         ] Shader Program created.
2016-08-18 15:10:38:096[Process      ] ShaderProgram::Initialize()[16] successful!
2016-08-18 15:10:38:096[Debug        ] File [..\Data\shaders\texlighting.vert.shader] Opened successfully! Buffer Length:[1110]
2016-08-18 15:10:38:096[cDebug       ] Shader file [..\Data\shaders\texlighting.vert.shader] is too big to display contents.
2016-08-18 15:10:38:098[Debug        ]  ShaderProgram::AddShader() file with data was read in
2016-08-18 15:10:38:098[Debug        ] ShaderProgram::AddShader() : glShaderSource() successful
2016-08-18 15:10:38:099[Debug        ] ShaderProgram::AddShader() : glCompileShader() successful
2016-08-18 15:10:38:099[Info         ] ShaderProgram::CheckShaderCompileStatus(17) successful.
2016-08-18 15:10:38:099[Debug        ] ShaderProgram::AddShader() : glCompileShader() successful
2016-08-18 15:10:38:099[Info         ] ShaderInfo saved successfully.
2016-08-18 15:10:38:099[Debug        ] ShaderProgram::AddShader() : glAttachShader() successful
2016-08-18 15:10:38:099[Info         ] ShaderProgram::AddShader [17] successful.
2016-08-18 15:10:38:099[Debug        ] File [..\Data\shaders\texlighting.frag.shader] Opened successfully! Buffer Length:[1717]
2016-08-18 15:10:38:099[cDebug       ] Shader file [..\Data\shaders\texlighting.frag.shader] is too big to display contents.
2016-08-18 15:10:38:100[Debug        ]  ShaderProgram::AddShader() file with data was read in
2016-08-18 15:10:38:100[Debug        ] ShaderProgram::AddShader() : glShaderSource() successful
2016-08-18 15:10:38:101[Debug        ] ShaderProgram::AddShader() : glCompileShader() successful
2016-08-18 15:10:38:101[Info         ] ShaderProgram::CheckShaderCompileStatus(18) successful.
2016-08-18 15:10:38:101[Debug        ] ShaderProgram::AddShader() : glCompileShader() successful
2016-08-18 15:10:38:101[Info         ] ShaderInfo saved successfully.
2016-08-18 15:10:38:101[Debug        ] ShaderProgram::AddShader() : glAttachShader() successful
2016-08-18 15:10:38:101[Info         ] ShaderProgram::AddShader [18] successful.
2016-08-18 15:10:38:105[Info         ] CheckProgramStatus() successful!
2016-08-18 15:10:38:105[Info         ] CheckProgramStatus() successful!
2016-08-18 15:10:38:105[Info         ] Shader Init started
2016-08-18 15:10:38:105[Info         ] Shader Program created.
2016-08-18 15:10:38:105[Process      ] ShaderProgram::Initialize()[19] successful!
2016-08-18 15:10:38:105[Debug        ] File [..\Data\shaders\water.vert.shader] Opened successfully! Buffer Length:[1400]
2016-08-18 15:10:38:105[cDebug       ] Shader file [..\Data\shaders\water.vert.shader] is too big to display contents.
2016-08-18 15:10:38:108[Debug        ]  ShaderProgram::AddShader() file with data was read in
2016-08-18 15:10:38:108[Debug        ] ShaderProgram::AddShader() : glShaderSource() successful
2016-08-18 15:10:38:108[Debug        ] ShaderProgram::AddShader() : glCompileShader() successful
2016-08-18 15:10:38:108[Info         ] ShaderProgram::CheckShaderCompileStatus(20) successful.
2016-08-18 15:10:38:108[Debug        ] ShaderProgram::AddShader() : glCompileShader() successful
2016-08-18 15:10:38:108[Info         ] ShaderInfo saved successfully.
2016-08-18 15:10:38:108[Debug        ] ShaderProgram::AddShader() : glAttachShader() successful
2016-08-18 15:10:38:108[Info         ] ShaderProgram::AddShader [20] successful.
2016-08-18 15:10:38:108[Debug        ] File [..\Data\shaders\water.frag.shader] Opened successfully! Buffer Length:[2436]
2016-08-18 15:10:38:109[cDebug       ] Shader file [..\Data\shaders\water.frag.shader] is too big to display contents.
2016-08-18 15:10:38:110[Debug        ]  ShaderProgram::AddShader() file with data was read in
2016-08-18 15:10:38:110[Debug        ] ShaderProgram::AddShader() : glShaderSource() successful
2016-08-18 15:10:38:110[Debug        ] ShaderProgram::AddShader() : glCompileShader() successful
2016-08-18 15:10:38:110[Info         ] ShaderProgram::CheckShaderCompileStatus(21) successful.
2016-08-18 15:10:38:110[Debug        ] ShaderProgram::AddShader() : glCompileShader() successful
2016-08-18 15:10:38:110[Info         ] ShaderInfo saved successfully.
2016-08-18 15:10:38:110[Debug        ] ShaderProgram::AddShader() : glAttachShader() successful
2016-08-18 15:10:38:110[Info         ] ShaderProgram::AddShader [21] successful.
2016-08-18 15:10:38:113[Info         ] CheckProgramStatus() successful!
2016-08-18 15:10:38:113[Info         ] CheckProgramStatus() successful!
2016-08-18 15:10:38:113[Info         ] GetAttribLocation [vPosition] successful.
2016-08-18 15:10:38:113[Info         ] GetUniformLocation [colorin] successful.
2016-08-18 15:10:38:113[Info         ] GetUniformLocation [MAT] successful.
2016-08-18 15:10:38:113[cProcess     ] RenderEngine::Initialize() successful.
2016-08-18 15:10:38:114[cInfo        ] 
-----------------------------------------------------------------------
 BufferInfo::CreateBuffers()[0] Created buffers:| VERTEX [1] with [80] bytes. || INDEX [2] with [24] bytes |
-----------------------------------------------------------------------

2016-08-18 15:10:38:122[cInfo        ] --------BufferInfo::AddMesh() Added mesh successfully-------
2016-08-18 15:10:38:124[cInfo        ] 
2016-08-18 15:10:38:125[cInfo        ] --------------------| START BUFFER MESH INFO |-------------------------------------
2016-08-18 15:10:38:127[cInfo        ] BufferInfo::AddMesh(): NUM VERTS-----------------[4]
2016-08-18 15:10:38:128[cInfo        ] BufferInfo::AddMesh(): NUM INDICES---------------[6]
2016-08-18 15:10:38:130[cInfo        ] BufferInfo::AddMesh(): VERT OFFSET---------------[0]
2016-08-18 15:10:38:131[cInfo        ] BufferInfo::AddMesh(): INDICES OFFSET (BYTES)----[0]
2016-08-18 15:10:38:132[cInfo        ] --------------------|  END BUFFER MESH INFO  |--------------------------------------
2016-08-18 15:10:38:133[cInfo        ] 

2016-08-18 15:10:38:136[cInfo        ] 
-----------------------------------------------------------------------
 BufferInfo::CreateBuffers()[0] Created buffers:| VERTEX [3] with [96] bytes. || INDEX [4] with [48] bytes |
-----------------------------------------------------------------------

2016-08-18 15:10:38:144[cInfo        ] --------BufferInfo::AddMesh() Added mesh successfully-------
2016-08-18 15:10:38:146[cInfo        ] 
2016-08-18 15:10:38:147[cInfo        ] --------------------| START BUFFER MESH INFO |-------------------------------------
2016-08-18 15:10:38:149[cInfo        ] BufferInfo::AddMesh(): NUM VERTS-----------------[8]
2016-08-18 15:10:38:150[cInfo        ] BufferInfo::AddMesh(): NUM INDICES---------------[24]
2016-08-18 15:10:38:151[cInfo        ] BufferInfo::AddMesh(): VERT OFFSET---------------[0]
2016-08-18 15:10:38:152[cInfo        ] BufferInfo::AddMesh(): INDICES OFFSET (BYTES)----[0]
2016-08-18 15:10:38:154[cInfo        ] --------------------|  END BUFFER MESH INFO  |--------------------------------------
2016-08-18 15:10:38:157[cInfo        ] 

2016-08-18 15:10:38:159[cInfo        ] 
-----------------------------------------------------------------------
 BufferInfo::CreateBuffers()[0] Created buffers:| VERTEX [5] with [864] bytes. || INDEX [6] with [0] bytes |
-----------------------------------------------------------------------

2016-08-18 15:10:38:163[cInfo        ] --------BufferInfo::AddMesh() Added mesh successfully-------
2016-08-18 15:10:38:164[cInfo        ] 
2016-08-18 15:10:38:166[cInfo        ] --------------------| START BUFFER MESH INFO |-------------------------------------
2016-08-18 15:10:38:167[cInfo        ] BufferInfo::AddMesh(): NUM VERTS-----------------[36]
2016-08-18 15:10:38:168[cInfo        ] BufferInfo::AddMesh(): NUM INDICES---------------[0]
2016-08-18 15:10:38:169[cInfo        ] BufferInfo::AddMesh(): VERT OFFSET---------------[0]
2016-08-18 15:10:38:171[cInfo        ] BufferInfo::AddMesh(): INDICES OFFSET (BYTES)----[0]
2016-08-18 15:10:38:172[cInfo        ] --------------------|  END BUFFER MESH INFO  |--------------------------------------
2016-08-18 15:10:38:175[cInfo        ] 

2016-08-18 15:10:38:177[cInfo        ] 
-----------------------------------------------------------------------
 BufferInfo::CreateBuffers()[0] Created buffers:| VERTEX [7] with [144] bytes. || INDEX [8] with [0] bytes |
-----------------------------------------------------------------------

2016-08-18 15:10:38:180[cInfo        ] --------BufferInfo::AddMesh() Added mesh successfully-------
2016-08-18 15:10:38:181[cInfo        ] 
2016-08-18 15:10:38:182[cInfo        ] --------------------| START BUFFER MESH INFO |-------------------------------------
2016-08-18 15:10:38:183[cInfo        ] BufferInfo::AddMesh(): NUM VERTS-----------------[6]
2016-08-18 15:10:38:184[cInfo        ] BufferInfo::AddMesh(): NUM INDICES---------------[0]
2016-08-18 15:10:38:186[cInfo        ] BufferInfo::AddMesh(): VERT OFFSET---------------[0]
2016-08-18 15:10:38:187[cInfo        ] BufferInfo::AddMesh(): INDICES OFFSET (BYTES)----[0]
2016-08-18 15:10:38:189[cInfo        ] --------------------|  END BUFFER MESH INFO  |--------------------------------------
2016-08-18 15:10:38:190[cInfo        ] 

2016-08-18 15:10:38:191[cProcess     ] BufferManager::Initialize() successful.
2016-08-18 15:10:38:191[cInfo        ] 
-----------------------------------------------------------------------
 BufferInfo::CreateBuffers()[0] Created buffers:| VERTEX [9] with [1000000] bytes. || INDEX [10] with [1000000] bytes |
-----------------------------------------------------------------------

2016-08-18 15:10:38:196[cInfo        ] --------BufferInfo::AddMesh() Added mesh successfully-------
2016-08-18 15:10:38:197[cInfo        ] 
2016-08-18 15:10:38:197[cInfo        ] --------------------| START BUFFER MESH INFO |-------------------------------------
2016-08-18 15:10:38:199[cInfo        ] BufferInfo::AddMesh(): NUM VERTS-----------------[24]
2016-08-18 15:10:38:199[cInfo        ] BufferInfo::AddMesh(): NUM INDICES---------------[36]
2016-08-18 15:10:38:200[cInfo        ] BufferInfo::AddMesh(): VERT OFFSET---------------[0]
2016-08-18 15:10:38:201[cInfo        ] BufferInfo::AddMesh(): INDICES OFFSET (BYTES)----[0]
2016-08-18 15:10:38:202[cInfo        ] --------------------|  END BUFFER MESH INFO  |--------------------------------------
2016-08-18 15:10:38:204[cInfo        ] 

2016-08-18 15:10:38:207[cProcess     ] BufferManager::Initialize() successful.
2016-08-18 15:10:38:208[cInfo        ] 
-----------------------------------------------------------------------
 BufferInfo::CreateBuffers()[1] Created buffers:| VERTEX [11] with [1000000] bytes. || INDEX [12] with [1000000] bytes |
-----------------------------------------------------------------------

2016-08-18 15:10:38:211[cInfo        ] --------BufferInfo::AddMesh() Added mesh successfully-------
2016-08-18 15:10:38:212[cInfo        ] 
2016-08-18 15:10:38:213[cInfo        ] --------------------| START BUFFER MESH INFO |-------------------------------------
2016-08-18 15:10:38:214[cInfo        ] BufferInfo::AddMesh(): NUM VERTS-----------------[1536]
2016-08-18 15:10:38:216[cInfo        ] BufferInfo::AddMesh(): NUM INDICES---------------[3072]
2016-08-18 15:10:38:217[cInfo        ] BufferInfo::AddMesh(): VERT OFFSET---------------[0]
2016-08-18 15:10:38:218[cInfo        ] BufferInfo::AddMesh(): INDICES OFFSET (BYTES)----[0]
2016-08-18 15:10:38:219[cInfo        ] --------------------|  END BUFFER MESH INFO  |--------------------------------------
2016-08-18 15:10:38:220[cInfo        ] 

2016-08-18 15:10:38:222[cInfo        ] 
-----------------------------------------------------------------------
 BufferInfo::CreateBuffers()[0] Created buffers:| VERTEX [13] with [3936] bytes. || INDEX [14] with [0] bytes |
-----------------------------------------------------------------------

2016-08-18 15:10:38:226[cInfo        ] --------BufferInfo::AddMesh() Added mesh successfully-------
2016-08-18 15:10:38:227[cInfo        ] 
2016-08-18 15:10:38:228[cInfo        ] --------------------| START BUFFER MESH INFO |-------------------------------------
2016-08-18 15:10:38:229[cInfo        ] BufferInfo::AddMesh(): NUM VERTS-----------------[164]
2016-08-18 15:10:38:230[cInfo        ] BufferInfo::AddMesh(): NUM INDICES---------------[0]
2016-08-18 15:10:38:230[cInfo        ] BufferInfo::AddMesh(): VERT OFFSET---------------[0]
2016-08-18 15:10:38:231[cInfo        ] BufferInfo::AddMesh(): INDICES OFFSET (BYTES)----[0]
2016-08-18 15:10:38:232[cInfo        ] --------------------|  END BUFFER MESH INFO  |--------------------------------------
2016-08-18 15:10:38:233[cInfo        ] 

2016-08-18 15:10:38:234[cProcess     ] ShapeGenerator initialized successfully.
2016-08-18 15:10:38:236[cProcess     ] Camera::Initialize() successful.
2016-08-18 15:10:38:237[cProcess     ] Keyboard::Initialize() successful
2016-08-18 15:10:38:238[cProcess     ] Keyboard::Initialize() successful
2016-08-18 15:10:38:250[cInfo        ] 
-----------------------------------------------------------------------
 BufferInfo::CreateBuffers()[0] Created buffers:| VERTEX [15] with [10810368] bytes. || INDEX [16] with [0] bytes |
-----------------------------------------------------------------------

2016-08-18 15:10:38:278[cInfo        ] --------BufferInfo::AddMesh() Added mesh successfully-------
2016-08-18 15:10:38:280[cInfo        ] 
2016-08-18 15:10:38:280[cInfo        ] --------------------| START BUFFER MESH INFO |-------------------------------------
2016-08-18 15:10:38:282[cInfo        ] BufferInfo::AddMesh(): NUM VERTS-----------------[337824]
2016-08-18 15:10:38:284[cInfo        ] BufferInfo::AddMesh(): NUM INDICES---------------[0]
2016-08-18 15:10:38:285[cInfo        ] BufferInfo::AddMesh(): VERT OFFSET---------------[0]
2016-08-18 15:10:38:286[cInfo        ] BufferInfo::AddMesh(): INDICES OFFSET (BYTES)----[0]
2016-08-18 15:10:38:288[cInfo        ] --------------------|  END BUFFER MESH INFO  |--------------------------------------
2016-08-18 15:10:38:290[cInfo        ] 

2016-08-18 15:10:38:329[Info         ] ShapeGenerator::ReadSceneFile(): Added new scene [..\Data\Scenes\Dargon.ptn.scene] successfully.
2016-08-18 15:10:38:329[cInfo        ] EntityManager::BuildPlayerEntity(): Built [Dargon] successfully
2016-08-18 15:10:38:334[cProcess     ] BufferManager::Initialize() successful.
2016-08-18 15:10:38:340[cInfo        ] 
-----------------------------------------------------------------------
 BufferInfo::CreateBuffers()[2] Created buffers:| VERTEX [17] with [1000000] bytes. || INDEX [18] with [1000000] bytes |
-----------------------------------------------------------------------

2016-08-18 15:10:38:344[cInfo        ] --------BufferInfo::AddMesh() Added mesh successfully-------
2016-08-18 15:10:38:345[cInfo        ] 
2016-08-18 15:10:38:345[cInfo        ] --------------------| START BUFFER MESH INFO |-------------------------------------
2016-08-18 15:10:38:348[cInfo        ] BufferInfo::AddMesh(): NUM VERTS-----------------[36]
2016-08-18 15:10:38:348[cInfo        ] BufferInfo::AddMesh(): NUM INDICES---------------[0]
2016-08-18 15:10:38:349[cInfo        ] BufferInfo::AddMesh(): VERT OFFSET---------------[0]
2016-08-18 15:10:38:350[cInfo        ] BufferInfo::AddMesh(): INDICES OFFSET (BYTES)----[0]
2016-08-18 15:10:38:351[cInfo        ] --------------------|  END BUFFER MESH INFO  |--------------------------------------
2016-08-18 15:10:38:352[cInfo        ] 

2016-08-18 15:10:38:353[Info         ] ShapeGenerator::ReadSceneFile(): Added new scene [..\Data\Scenes\Cube.pn.scene] successfully.
2016-08-18 15:10:38:354[cInfo        ] --------BufferInfo::AddMesh() Added mesh successfully-------
2016-08-18 15:10:38:354[cInfo        ] 
2016-08-18 15:10:38:355[cInfo        ] --------------------| START BUFFER MESH INFO |-------------------------------------
2016-08-18 15:10:38:356[cInfo        ] BufferInfo::AddMesh(): NUM VERTS-----------------[18]
2016-08-18 15:10:38:358[cInfo        ] BufferInfo::AddMesh(): NUM INDICES---------------[0]
2016-08-18 15:10:38:359[cInfo        ] BufferInfo::AddMesh(): VERT OFFSET---------------[36]
2016-08-18 15:10:38:360[cInfo        ] BufferInfo::AddMesh(): INDICES OFFSET (BYTES)----[0]
2016-08-18 15:10:38:361[cInfo        ] --------------------|  END BUFFER MESH INFO  |--------------------------------------
2016-08-18 15:10:38:362[cInfo        ] 

2016-08-18 15:10:38:363[Info         ] ShapeGenerator::ReadSceneFile(): Added new scene [..\Data\Scenes\Pyramid.pn.scene] successfully.
2016-08-18 15:10:38:370[cInfo        ] 
-----------------------------------------------------------------------
 BufferInfo::CreateBuffers()[0] Created buffers:| VERTEX [19] with [5529600] bytes. || INDEX [20] with [0] bytes |
-----------------------------------------------------------------------

2016-08-18 15:10:38:381[cInfo        ] --------BufferInfo::AddMesh() Added mesh successfully-------
2016-08-18 15:10:38:383[cInfo        ] 
2016-08-18 15:10:38:383[cInfo        ] --------------------| START BUFFER MESH INFO |-------------------------------------
2016-08-18 15:10:38:385[cInfo        ] BufferInfo::AddMesh(): NUM VERTS-----------------[172800]
2016-08-18 15:10:38:388[cInfo        ] BufferInfo::AddMesh(): NUM INDICES---------------[0]
2016-08-18 15:10:38:391[cInfo        ] BufferInfo::AddMesh(): VERT OFFSET---------------[0]
2016-08-18 15:10:38:392[cInfo        ] BufferInfo::AddMesh(): INDICES OFFSET (BYTES)----[0]
2016-08-18 15:10:38:393[cInfo        ] --------------------|  END BUFFER MESH INFO  |--------------------------------------
2016-08-18 15:10:38:395[cInfo        ] 

2016-08-18 15:10:38:396[Info         ] ShapeGenerator::ReadSceneFile(): Added new scene [..\Data\Scenes\WaterPlane.ptn.scene] successfully.
2016-08-18 15:10:38:397[cProcess     ] Camera::Initialize() successful.
2016-08-18 15:10:38:408[cProcess     ] BufferManager::Initialize() successful.
2016-08-18 15:10:38:410[cInfo        ] 
-----------------------------------------------------------------------
 BufferInfo::CreateBuffers()[3] Created buffers:| VERTEX [21] with [8107776] bytes. || INDEX [22] with [0] bytes |
-----------------------------------------------------------------------

2016-08-18 15:10:38:430[cInfo        ] --------BufferInfo::AddMesh() Added mesh successfully-------
2016-08-18 15:10:38:432[cInfo        ] 
2016-08-18 15:10:38:433[cInfo        ] --------------------| START BUFFER MESH INFO |-------------------------------------
2016-08-18 15:10:38:435[cInfo        ] BufferInfo::AddMesh(): NUM VERTS-----------------[337824]
2016-08-18 15:10:38:436[cInfo        ] BufferInfo::AddMesh(): NUM INDICES---------------[0]
2016-08-18 15:10:38:437[cInfo        ] BufferInfo::AddMesh(): VERT OFFSET---------------[0]
2016-08-18 15:10:38:438[cInfo        ] BufferInfo::AddMesh(): INDICES OFFSET (BYTES)----[0]
2016-08-18 15:10:38:439[cInfo        ] --------------------|  END BUFFER MESH INFO  |--------------------------------------
2016-08-18 15:10:38:440[cInfo        ] 

2016-08-18 15:10:38:441[Info         ] ShapeGenerator::ReadSceneFile(): Added new scene [..\Data\Scenes\Dargon.pn.scene] successfully.
2016-08-18 15:10:38:441[cProcess     ] BufferManager::Initialize() successful.
2016-08-18 15:10:38:442[cInfo        ] 
-----------------------------------------------------------------------
 BufferInfo::CreateBuffers()[4] Created buffers:| VERTEX [23] with [1000000] bytes. || INDEX [24] with [1000000] bytes |
-----------------------------------------------------------------------

2016-08-18 15:10:38:448[cInfo        ] --------BufferInfo::AddMesh() Added mesh successfully-------
2016-08-18 15:10:38:449[cInfo        ] 
2016-08-18 15:10:38:449[cInfo        ] --------------------| START BUFFER MESH INFO |-------------------------------------
2016-08-18 15:10:38:451[cInfo        ] BufferInfo::AddMesh(): NUM VERTS-----------------[6]
2016-08-18 15:10:38:452[cInfo        ] BufferInfo::AddMesh(): NUM INDICES---------------[0]
2016-08-18 15:10:38:454[cInfo        ] BufferInfo::AddMesh(): VERT OFFSET---------------[0]
2016-08-18 15:10:38:455[cInfo        ] BufferInfo::AddMesh(): INDICES OFFSET (BYTES)----[0]
2016-08-18 15:10:38:456[cInfo        ] --------------------|  END BUFFER MESH INFO  |--------------------------------------
2016-08-18 15:10:38:458[cInfo        ] 

2016-08-18 15:10:38:458[cProcess     ] BodaciousQuest::Initialize() successful.
2016-08-18 15:10:38:459[Process      ] GameTime::Initialize() ok

2016-08-18 15:10:38:459[cProcess     ] MyWindow::Initialize() successful!
2016-08-18 15:10:48:559[cProcess     ] BufferManager::Shutdown() successful.
2016-08-18 15:10:48:561[cProcess     ] RenderEngine::Shutdown() successful.
2016-08-18 15:10:48:562[cProcess     ] Camera::Shutdown() successful.
2016-08-18 15:10:48:564[Info         ] Shader  [2] deleting...
2016-08-18 15:10:48:564[Info         ] Shader  [2] deleted successfully.
2016-08-18 15:10:48:564[Info         ] Shader  [3] deleting...
2016-08-18 15:10:48:564[Info         ] Shader  [3] deleted successfully.
2016-08-18 15:10:48:564[Info         ] All shaders deleted successfully.
2016-08-18 15:10:48:564[cInfo        ] Program [1] deleted successfully.
2016-08-18 15:10:48:565[Process      ] ShaderProgram[1]::Shutdown successful!
2016-08-18 15:10:48:565[Info         ] Shader  [5] deleting...
2016-08-18 15:10:48:565[Info         ] Shader  [5] deleted successfully.
2016-08-18 15:10:48:565[Info         ] Shader  [6] deleting...
2016-08-18 15:10:48:565[Info         ] Shader  [6] deleted successfully.
2016-08-18 15:10:48:565[Info         ] All shaders deleted successfully.
2016-08-18 15:10:48:565[cInfo        ] Program [4] deleted successfully.
2016-08-18 15:10:48:567[Process      ] ShaderProgram[4]::Shutdown successful!
2016-08-18 15:10:48:567[Info         ] Shader  [8] deleting...
2016-08-18 15:10:48:567[Info         ] Shader  [8] deleted successfully.
2016-08-18 15:10:48:567[Info         ] Shader  [9] deleting...
2016-08-18 15:10:48:567[Info         ] Shader  [9] deleted successfully.
2016-08-18 15:10:48:567[Info         ] All shaders deleted successfully.
2016-08-18 15:10:48:567[cInfo        ] Program [7] deleted successfully.
2016-08-18 15:10:48:568[Process      ] ShaderProgram[7]::Shutdown successful!
2016-08-18 15:10:48:568[Info         ] Shader  [11] deleting...
2016-08-18 15:10:48:568[Info         ] Shader  [11] deleted successfully.
2016-08-18 15:10:48:568[Info         ] Shader  [12] deleting...
2016-08-18 15:10:48:568[Info         ] Shader  [12] deleted successfully.
2016-08-18 15:10:48:568[Info         ] All shaders deleted successfully.
2016-08-18 15:10:48:568[cInfo        ] Program [10] deleted successfully.
2016-08-18 15:10:48:570[Process      ] ShaderProgram[10]::Shutdown successful!
2016-08-18 15:10:48:570[Info         ] Shader  [14] deleting...
2016-08-18 15:10:48:570[Info         ] Shader  [14] deleted successfully.
2016-08-18 15:10:48:570[Info         ] Shader  [15] deleting...
2016-08-18 15:10:48:570[Info         ] Shader  [15] deleted successfully.
2016-08-18 15:10:48:570[Info         ] All shaders deleted successfully.
2016-08-18 15:10:48:571[cInfo        ] Program [13] deleted successfully.
2016-08-18 15:10:48:571[Process      ] ShaderProgram[13]::Shutdown successful!
2016-08-18 15:10:48:571[Info         ] Shader  [17] deleting...
2016-08-18 15:10:48:571[Info         ] Shader  [17] deleted successfully.
2016-08-18 15:10:48:571[Info         ] Shader  [18] deleting...
2016-08-18 15:10:48:571[Info         ] Shader  [18] deleted successfully.
2016-08-18 15:10:48:571[Info         ] All shaders deleted successfully.
2016-08-18 15:10:48:572[cInfo        ] Program [16] deleted successfully.
2016-08-18 15:10:48:572[Process      ] ShaderProgram[16]::Shutdown successful!
2016-08-18 15:10:48:572[Info         ] Shader  [20] deleting...
2016-08-18 15:10:48:572[Info         ] Shader  [20] deleted successfully.
2016-08-18 15:10:48:572[Info         ] Shader  [21] deleting...
2016-08-18 15:10:48:572[Info         ] Shader  [21] deleted successfully.
2016-08-18 15:10:48:572[Info         ] All shaders deleted successfully.
2016-08-18 15:10:48:572[cInfo        ] Program [19] deleted successfully.
2016-08-18 15:10:48:573[Process      ] ShaderProgram[19]::Shutdown successful!
2016-08-18 15:10:48:573[cProcess     ] MyWindow::Shutdown() successful!
2016-08-18 15:10:48:574[cProcess     ] BodaciousQuest::Shutdown() successful.
2016-08-18 15:10:48:583[Process      ] ConfigReader shut down successfully
2016-08-18 15:10:48:583[Process      ] GameLogger::ShutDown() successful
