2016-08-22 14:17:33:956[Process      ] GameLogger::Initialize() opened log file [..\Data\LogFiles\2016-08-22 14-17-33.BodaciousQuest.log] for writing
2016-08-22 14:17:33:956[Info         ] GameLogger::Initialize() successful
2016-08-22 14:17:33:956[Process      ] ConfigReader opened [..\Data\BodaciousQuest.config] successfully
2016-08-22 14:17:33:956[Info         ] ConfigReader initialized successfully
2016-08-22 14:17:33:956[Info         ] Valid KVP [BodaciousQuest.ShowFullScreen] [false] added
2016-08-22 14:17:33:956[Info         ] Valid KVP [BodaciousQuest.FpsInterval] [5.0] added
2016-08-22 14:17:33:957[Info         ] Valid KVP [BodaciousQuest.EnableControls] [true] added
2016-08-22 14:17:33:957[Info         ] Valid KVP [BodaciousQuest.LoadCubeFirst] [true] added
2016-08-22 14:17:33:957[Info         ] Valid KVP [BodaciousQuest.CameraWalkMode] [false] added
2016-08-22 14:17:33:957[Info         ] Valid KVP [BodaciousQuest.GridSize] [40] added
2016-08-22 14:17:33:957[Info         ] Valid KVP [BodaciousQuest.LightingTest.Ambient.Color] [1.0  1.0  1.0] added
2016-08-22 14:17:33:957[Info         ] Valid KVP [BodaciousQuest.LightingTest.Diffuse.Color] [1.0  1.0  1.0] added
2016-08-22 14:17:33:957[Info         ] Valid KVP [BodaciousQuest.LightingTest.Specular.Color] [1.0  1.0  1.0] added
2016-08-22 14:17:33:957[Info         ] Valid KVP [BodaciousQuest.LightingTest.Ambient.Reflectivity] [0.01] added
2016-08-22 14:17:33:957[Info         ] Valid KVP [BodaciousQuest.LightingTest.Diffuse.Reflectivity] [0.7] added
2016-08-22 14:17:33:957[Info         ] Valid KVP [BodaciousQuest.LightingTest.Specular.Reflectivity] [0.5] added
2016-08-22 14:17:33:957[Info         ] Valid KVP [BodaciousQuest.LightingTest.Specular.Shininess] [1.50] added
2016-08-22 14:17:33:958[Info         ] Valid KVP [BodaciousQuest.LightingTest.Falloff.A] [1.0] added
2016-08-22 14:17:33:958[Info         ] Valid KVP [BodaciousQuest.LightingTest.Falloff.B] [0.001] added
2016-08-22 14:17:33:958[Info         ] Valid KVP [BodaciousQuest.LightingTest.Falloff.C] [0.0001] added
2016-08-22 14:17:33:958[Info         ] Valid KVP [BodaciousQuest.LightingTest.Directional] [false] added
2016-08-22 14:17:33:958[Info         ] Valid KVP [BodaciousQuest.LightingTest.Direction] [-1.0 0.0 1.0] added
2016-08-22 14:17:33:958[Info         ] Valid KVP [BodaciousQuest.LightingTest.Light.Position] [-0.875458 3.673020 1.043331] added
2016-08-22 14:17:33:958[Info         ] Valid KVP [BodaciousQuest.LightingTest.Dargon.Color] [1.0 1.0 0.4] added
2016-08-22 14:17:33:958[Info         ] Valid KVP [ObjConverter.Mode.VertexType] [pn] added
2016-08-22 14:17:33:958[Info         ] Valid KVP [ObjConverter.Mode.Analyze] [false] added
2016-08-22 14:17:33:958[Info         ] Valid KVP [ObjConverter.Model] [Cat] added
2016-08-22 14:17:33:958[Info         ] Valid KVP [ObjConverter.Shader] [4] added
2016-08-22 14:17:33:958[Info         ] Valid KVP [ObjConverter.Color] [random] added
2016-08-22 14:17:33:958[Info         ] Valid KVP [ObjConverter.Obj.InputFileFolder] [..\\Data\\Objs\\] added
2016-08-22 14:17:33:958[Info         ] Valid KVP [ObjConverter.Scene.OutputFileFolder] [..\\Data\\Scenes\\] added
2016-08-22 14:17:33:958[Info         ] Valid KVP [ObjConverter.Model.Dargon.NumVerts] [57967] added
2016-08-22 14:17:33:958[Info         ] Valid KVP [ObjConverter.Model.Dargon.NumIndices] [337824] added
2016-08-22 14:17:33:958[Info         ] Valid KVP [ObjConverter.Model.Dargon.NumTexCoords] [60175] added
2016-08-22 14:17:33:958[Info         ] Valid KVP [ObjConverter.Model.Dargon.NumNormals] [337824] added
2016-08-22 14:17:33:958[Info         ] Valid KVP [ObjConverter.Model.Swamp.NumVerts] [2735] added
2016-08-22 14:17:33:958[Info         ] Valid KVP [ObjConverter.Model.Swamp.NumIndices] [8556] added
2016-08-22 14:17:33:958[Info         ] Valid KVP [ObjConverter.Model.Swamp.NumTexCoords] [3622] added
2016-08-22 14:17:33:958[Info         ] Valid KVP [ObjConverter.Model.Swamp.NumNormals] [5156] added
2016-08-22 14:17:33:958[Info         ] Valid KVP [ObjConverter.Model.Pyramid.NumVerts] [5] added
2016-08-22 14:17:33:958[Info         ] Valid KVP [ObjConverter.Model.Pyramid.NumIndices] [18] added
2016-08-22 14:17:33:958[Info         ] Valid KVP [ObjConverter.Model.Pyramid.NumTexCoords] [10] added
2016-08-22 14:17:33:958[Info         ] Valid KVP [ObjConverter.Model.Pyramid.NumNormals] [16] added
2016-08-22 14:17:33:958[Info         ] Valid KVP [ObjConverter.Model.AIWorld.NumVerts] [1957] added
2016-08-22 14:17:33:958[Info         ] Valid KVP [ObjConverter.Model.AIWorld.NumIndices] [8718] added
2016-08-22 14:17:33:958[Info         ] Valid KVP [ObjConverter.Model.AIWorld.NumTexCoords] [4186] added
2016-08-22 14:17:33:958[Info         ] Valid KVP [ObjConverter.Model.AIWorld.NumNormals] [5418] added
2016-08-22 14:17:33:958[Info         ] Valid KVP [ObjConverter.Model.GameWeapon.NumVerts] [2068] added
2016-08-22 14:17:33:958[Info         ] Valid KVP [ObjConverter.Model.GameWeapon.NumIndices] [9894] added
2016-08-22 14:17:33:958[Info         ] Valid KVP [ObjConverter.Model.GameWeapon.NumTexCoords] [0] added
2016-08-22 14:17:33:958[Info         ] Valid KVP [ObjConverter.Model.GameWeapon.NumNormals] [0] added
2016-08-22 14:17:33:958[Info         ] Valid KVP [ObjConverter.Model.Chicken.NumVerts] [224] added
2016-08-22 14:17:33:958[Info         ] Valid KVP [ObjConverter.Model.Chicken.NumIndices] [1374] added
2016-08-22 14:17:33:958[Info         ] Valid KVP [ObjConverter.Model.Chicken.NumTexCoords] [472] added
2016-08-22 14:17:33:958[Info         ] Valid KVP [ObjConverter.Model.Chicken.NumNormals] [565] added
2016-08-22 14:17:33:958[Info         ] Valid KVP [ObjConverter.Model.WaterPlane.NumVerts] [29282] added
2016-08-22 14:17:33:958[Info         ] Valid KVP [ObjConverter.Model.WaterPlane.NumIndices] [172800] added
2016-08-22 14:17:33:958[Info         ] Valid KVP [ObjConverter.Model.WaterPlane.NumTexCoords] [29282] added
2016-08-22 14:17:33:958[Info         ] Valid KVP [ObjConverter.Model.WaterPlane.NumNormals] [172800] added
2016-08-22 14:17:33:958[Info         ] Valid KVP [ObjConverter.Model.Cube.NumVerts] [8] added
2016-08-22 14:17:33:958[Info         ] Valid KVP [ObjConverter.Model.Cube.NumIndices] [36] added
2016-08-22 14:17:33:958[Info         ] Valid KVP [ObjConverter.Model.Cube.NumTexCoords] [14] added
2016-08-22 14:17:33:958[Info         ] Valid KVP [ObjConverter.Model.Cube.NumNormals] [24] added
2016-08-22 14:17:33:958[Info         ] Valid KVP [ObjConverter.Model.Barrel.NumVerts] [172] added
2016-08-22 14:17:33:958[Info         ] Valid KVP [ObjConverter.Model.Barrel.NumIndices] [1008] added
2016-08-22 14:17:33:958[Info         ] Valid KVP [ObjConverter.Model.Barrel.NumTexCoords] [328] added
2016-08-22 14:17:33:959[Info         ] Valid KVP [ObjConverter.Model.Barrel.NumNormals] [204] added
2016-08-22 14:17:33:959[Info         ] Valid KVP [ObjConverter.Model.SkyBox.NumVerts] [8] added
2016-08-22 14:17:33:959[Info         ] Valid KVP [ObjConverter.Model.SkyBox.NumIndices] [36] added
2016-08-22 14:17:33:959[Info         ] Valid KVP [ObjConverter.Model.SkyBox.NumTexCoords] [18] added
2016-08-22 14:17:33:959[Info         ] Valid KVP [ObjConverter.Model.SkyBox.NumNormals] [24] added
2016-08-22 14:17:33:959[Info         ] Valid KVP [ObjConverter.Model.Cat.NumVerts] [548] added
2016-08-22 14:17:33:959[Info         ] Valid KVP [ObjConverter.Model.Cat.NumIndices] [3180] added
2016-08-22 14:17:33:959[Info         ] Valid KVP [ObjConverter.Model.Cat.NumTexCoords] [771] added
2016-08-22 14:17:33:959[Info         ] Valid KVP [ObjConverter.Model.Cat.NumNormals] [714] added
2016-08-22 14:17:34:026[cInfo        ] Config reader opened [..\Data\BodaciousQuest.config] for reading!
2016-08-22 14:17:34:090[Process      ] ShaderManager Initialized successfully
2016-08-22 14:17:34:090[Info         ] Shader Init started
2016-08-22 14:17:34:090[Info         ] Shader Program created.
2016-08-22 14:17:34:090[Process      ] ShaderProgram::Initialize()[1] successful!
2016-08-22 14:17:34:090[Debug        ] File [..\Data\shaders\debug.vert.shader] Opened successfully! Buffer Length:[291]
2016-08-22 14:17:34:090[Debug        ] Shader file [..\Data\shaders\debug.vert.shader] contents:
//BEGIN
#version 430 core

layout(location = 0)  in vec3 vPosition;

layout(location = 15) uniform vec3 colorin;
layout(location = 16) uniform mat4 MAT;

out vec4 color;

void main()
{
	vec4 vertPos = vec4(vPosition, 1.0);
	gl_Position = MAT *  vertPos;
	color = vec4(colorin, 1.0);
}
//END

2016-08-22 14:17:34:090[Debug        ]  ShaderProgram::AddShader() file with data was read in
2016-08-22 14:17:34:090[Debug        ] ShaderProgram::AddShader() : glShaderSource() successful
2016-08-22 14:17:34:091[Debug        ] ShaderProgram::AddShader() : glCompileShader() successful
2016-08-22 14:17:34:091[Info         ] ShaderProgram::CheckShaderCompileStatus(2) successful.
2016-08-22 14:17:34:091[Debug        ] ShaderProgram::AddShader() : glCompileShader() successful
2016-08-22 14:17:34:091[Info         ] ShaderInfo saved successfully.
2016-08-22 14:17:34:091[Debug        ] ShaderProgram::AddShader() : glAttachShader() successful
2016-08-22 14:17:34:091[Info         ] ShaderProgram::AddShader [2] successful.
2016-08-22 14:17:34:091[Debug        ] File [..\Data\shaders\debug.frag.shader] Opened successfully! Buffer Length:[104]
2016-08-22 14:17:34:091[Debug        ] Shader file [..\Data\shaders\debug.frag.shader] contents:
//BEGIN
#version 430 core


in  vec4 color;
out vec4 outColor;

void main()
{
	outColor = color;
}


//END

2016-08-22 14:17:34:091[Debug        ]  ShaderProgram::AddShader() file with data was read in
2016-08-22 14:17:34:091[Debug        ] ShaderProgram::AddShader() : glShaderSource() successful
2016-08-22 14:17:34:092[Debug        ] ShaderProgram::AddShader() : glCompileShader() successful
2016-08-22 14:17:34:092[Info         ] ShaderProgram::CheckShaderCompileStatus(3) successful.
2016-08-22 14:17:34:092[Debug        ] ShaderProgram::AddShader() : glCompileShader() successful
2016-08-22 14:17:34:092[Info         ] ShaderInfo saved successfully.
2016-08-22 14:17:34:092[Debug        ] ShaderProgram::AddShader() : glAttachShader() successful
2016-08-22 14:17:34:092[Info         ] ShaderProgram::AddShader [3] successful.
2016-08-22 14:17:34:093[Info         ] CheckProgramStatus() successful!
2016-08-22 14:17:34:093[Info         ] CheckProgramStatus() successful!
2016-08-22 14:17:34:093[Info         ] Shader Init started
2016-08-22 14:17:34:093[Info         ] Shader Program created.
2016-08-22 14:17:34:093[Process      ] ShaderProgram::Initialize()[4] successful!
2016-08-22 14:17:34:093[Debug        ] File [..\Data\shaders\play.vert.shader] Opened successfully! Buffer Length:[343]
2016-08-22 14:17:34:093[Debug        ] Shader file [..\Data\shaders\play.vert.shader] contents:
//BEGIN
#version 430 core

layout (location = 0)  in vec3 vPosition;
layout (location = 1)  in vec3 vColor;
layout (location = 15) uniform vec3 colorin;
layout (location = 16) uniform mat4 MAT;

out vec4 color;

void main()
{
	vec4 vertPos = vec4(vPosition, 1.0);
	gl_Position = MAT *  vertPos;
	color = vec4((vColor + colorin), 1.0);
}
//END

2016-08-22 14:17:34:093[Debug        ]  ShaderProgram::AddShader() file with data was read in
2016-08-22 14:17:34:094[Debug        ] ShaderProgram::AddShader() : glShaderSource() successful
2016-08-22 14:17:34:094[Debug        ] ShaderProgram::AddShader() : glCompileShader() successful
2016-08-22 14:17:34:094[Info         ] ShaderProgram::CheckShaderCompileStatus(5) successful.
2016-08-22 14:17:34:094[Debug        ] ShaderProgram::AddShader() : glCompileShader() successful
2016-08-22 14:17:34:094[Info         ] ShaderInfo saved successfully.
2016-08-22 14:17:34:094[Debug        ] ShaderProgram::AddShader() : glAttachShader() successful
2016-08-22 14:17:34:094[Info         ] ShaderProgram::AddShader [5] successful.
2016-08-22 14:17:34:094[Debug        ] File [..\Data\shaders\play.frag.shader] Opened successfully! Buffer Length:[391]
2016-08-22 14:17:34:094[Debug        ] Shader file [..\Data\shaders\play.frag.shader] contents:
//BEGIN
#version 430 core


in  vec4 color;
out vec4 outColor;

void main()
{

	//if (color.r < .7) discard;
	outColor = color;

	//if(((gl_FragCoord.x  > 600)&& (gl_FragCoord.y < 300)) || ((gl_FragCoord.y < 300)  && (gl_FragCoord.x  < 600) )) {
	//discard;
	//}

	//vec2 scrPos = vec2(gl_FragCoord) - vec2(350,150);
	//float len =  length(scrPos);
	//if(len < 50 )discard;
}


//END

2016-08-22 14:17:34:094[Debug        ]  ShaderProgram::AddShader() file with data was read in
2016-08-22 14:17:34:094[Debug        ] ShaderProgram::AddShader() : glShaderSource() successful
2016-08-22 14:17:34:094[Debug        ] ShaderProgram::AddShader() : glCompileShader() successful
2016-08-22 14:17:34:094[Info         ] ShaderProgram::CheckShaderCompileStatus(6) successful.
2016-08-22 14:17:34:094[Debug        ] ShaderProgram::AddShader() : glCompileShader() successful
2016-08-22 14:17:34:094[Info         ] ShaderInfo saved successfully.
2016-08-22 14:17:34:094[Debug        ] ShaderProgram::AddShader() : glAttachShader() successful
2016-08-22 14:17:34:094[Info         ] ShaderProgram::AddShader [6] successful.
2016-08-22 14:17:34:095[Info         ] CheckProgramStatus() successful!
2016-08-22 14:17:34:095[Info         ] CheckProgramStatus() successful!
2016-08-22 14:17:34:095[Info         ] Shader Init started
2016-08-22 14:17:34:095[Info         ] Shader Program created.
2016-08-22 14:17:34:095[Process      ] ShaderProgram::Initialize()[7] successful!
2016-08-22 14:17:34:095[Debug        ] File [..\Data\shaders\texture.vert.shader] Opened successfully! Buffer Length:[305]
2016-08-22 14:17:34:095[Debug        ] Shader file [..\Data\shaders\texture.vert.shader] contents:
//BEGIN
#version 430 core

layout (location = 0)  in vec3 vPosition;
layout (location = 1)  in vec2 vUV;

layout (location = 16) uniform mat4 MAT;

//out data
out vec2 UV;

//out vec4 color;

void main()
{
	vec4 vertPos = vec4(vPosition, 1.0);
	gl_Position = MAT *  vertPos;

	UV = vUV;
	
	
}
//END

2016-08-22 14:17:34:095[Debug        ]  ShaderProgram::AddShader() file with data was read in
2016-08-22 14:17:34:095[Debug        ] ShaderProgram::AddShader() : glShaderSource() successful
2016-08-22 14:17:34:095[Debug        ] ShaderProgram::AddShader() : glCompileShader() successful
2016-08-22 14:17:34:095[Info         ] ShaderProgram::CheckShaderCompileStatus(8) successful.
2016-08-22 14:17:34:095[Debug        ] ShaderProgram::AddShader() : glCompileShader() successful
2016-08-22 14:17:34:095[Info         ] ShaderInfo saved successfully.
2016-08-22 14:17:34:095[Debug        ] ShaderProgram::AddShader() : glAttachShader() successful
2016-08-22 14:17:34:095[Info         ] ShaderProgram::AddShader [8] successful.
2016-08-22 14:17:34:095[Debug        ] File [..\Data\shaders\texture.frag.shader] Opened successfully! Buffer Length:[482]
2016-08-22 14:17:34:096[Debug        ] Shader file [..\Data\shaders\texture.frag.shader] contents:
//BEGIN
#version 430 core


in  vec2 UV;
out vec4 outColor;

layout(location = 20) uniform sampler2D textureSampler;

void main()
{

	//if (color.r < .7) discard;
	outColor = vec4(texture(textureSampler, UV).rgb, 1.0);

	//if(((gl_FragCoord.x  > 600)&& (gl_FragCoord.y < 300)) || ((gl_FragCoord.y < 300)  && (gl_FragCoord.x  < 600) )) {
	//discard;
	//}
	//vec2 scrPos = vec2(gl_FragCoord) - vec2(350,150);
	//float len =  length(scrPos);
	//if(len < 50 )discard;
}


//END

2016-08-22 14:17:34:096[Debug        ]  ShaderProgram::AddShader() file with data was read in
2016-08-22 14:17:34:096[Debug        ] ShaderProgram::AddShader() : glShaderSource() successful
2016-08-22 14:17:34:096[Debug        ] ShaderProgram::AddShader() : glCompileShader() successful
2016-08-22 14:17:34:096[Info         ] ShaderProgram::CheckShaderCompileStatus(9) successful.
2016-08-22 14:17:34:096[Debug        ] ShaderProgram::AddShader() : glCompileShader() successful
2016-08-22 14:17:34:096[Info         ] ShaderInfo saved successfully.
2016-08-22 14:17:34:096[Debug        ] ShaderProgram::AddShader() : glAttachShader() successful
2016-08-22 14:17:34:096[Info         ] ShaderProgram::AddShader [9] successful.
2016-08-22 14:17:34:097[Info         ] CheckProgramStatus() successful!
2016-08-22 14:17:34:097[Info         ] CheckProgramStatus() successful!
2016-08-22 14:17:34:097[Info         ] Shader Init started
2016-08-22 14:17:34:097[Info         ] Shader Program created.
2016-08-22 14:17:34:097[Process      ] ShaderProgram::Initialize()[10] successful!
2016-08-22 14:17:34:097[Debug        ] File [..\Data\shaders\framebuffer.vert.shader] Opened successfully! Buffer Length:[305]
2016-08-22 14:17:34:097[Debug        ] Shader file [..\Data\shaders\framebuffer.vert.shader] contents:
//BEGIN
#version 430 core

layout (location = 0)  in vec3 vPosition;
layout (location = 1)  in vec2 vUV;

layout (location = 16) uniform mat4 MAT;

//out data
out vec2 UV;

//out vec4 color;

void main()
{
	vec4 vertPos = vec4(vPosition, 1.0);
	gl_Position = MAT *  vertPos;

	UV = vUV;
	
	
}
//END

2016-08-22 14:17:34:097[Debug        ]  ShaderProgram::AddShader() file with data was read in
2016-08-22 14:17:34:097[Debug        ] ShaderProgram::AddShader() : glShaderSource() successful
2016-08-22 14:17:34:097[Debug        ] ShaderProgram::AddShader() : glCompileShader() successful
2016-08-22 14:17:34:097[Info         ] ShaderProgram::CheckShaderCompileStatus(11) successful.
2016-08-22 14:17:34:097[Debug        ] ShaderProgram::AddShader() : glCompileShader() successful
2016-08-22 14:17:34:097[Info         ] ShaderInfo saved successfully.
2016-08-22 14:17:34:098[Debug        ] ShaderProgram::AddShader() : glAttachShader() successful
2016-08-22 14:17:34:098[Info         ] ShaderProgram::AddShader [11] successful.
2016-08-22 14:17:34:098[Debug        ] File [..\Data\shaders\framebuffer.frag.shader] Opened successfully! Buffer Length:[275]
2016-08-22 14:17:34:098[Debug        ] Shader file [..\Data\shaders\framebuffer.frag.shader] contents:
//BEGIN
#version 430 core


in  vec2 UV;
out vec4 outColor;

layout(location = 20) uniform sampler2D textureSampler;

void main()
{


	vec3 tempCol = texture(textureSampler, UV).rgb;

	outColor = vec4(tempCol.r / 1.5f, tempCol.g / 1.5f, tempCol.b / 1.5f, 1.0f);
}


//END

2016-08-22 14:17:34:098[Debug        ]  ShaderProgram::AddShader() file with data was read in
2016-08-22 14:17:34:098[Debug        ] ShaderProgram::AddShader() : glShaderSource() successful
2016-08-22 14:17:34:098[Debug        ] ShaderProgram::AddShader() : glCompileShader() successful
2016-08-22 14:17:34:098[Info         ] ShaderProgram::CheckShaderCompileStatus(12) successful.
2016-08-22 14:17:34:098[Debug        ] ShaderProgram::AddShader() : glCompileShader() successful
2016-08-22 14:17:34:098[Info         ] ShaderInfo saved successfully.
2016-08-22 14:17:34:098[Debug        ] ShaderProgram::AddShader() : glAttachShader() successful
2016-08-22 14:17:34:098[Info         ] ShaderProgram::AddShader [12] successful.
2016-08-22 14:17:34:099[Info         ] CheckProgramStatus() successful!
2016-08-22 14:17:34:099[Info         ] CheckProgramStatus() successful!
2016-08-22 14:17:34:099[Info         ] Shader Init started
2016-08-22 14:17:34:099[Info         ] Shader Program created.
2016-08-22 14:17:34:099[Process      ] ShaderProgram::Initialize()[13] successful!
2016-08-22 14:17:34:099[Debug        ] File [..\Data\shaders\lighting.vert.shader] Opened successfully! Buffer Length:[1145]
2016-08-22 14:17:34:099[cDebug       ] Shader file [..\Data\shaders\lighting.vert.shader] is too big to display contents.
2016-08-22 14:17:34:101[Debug        ]  ShaderProgram::AddShader() file with data was read in
2016-08-22 14:17:34:101[Debug        ] ShaderProgram::AddShader() : glShaderSource() successful
2016-08-22 14:17:34:101[Debug        ] ShaderProgram::AddShader() : glCompileShader() successful
2016-08-22 14:17:34:101[Info         ] ShaderProgram::CheckShaderCompileStatus(14) successful.
2016-08-22 14:17:34:101[Debug        ] ShaderProgram::AddShader() : glCompileShader() successful
2016-08-22 14:17:34:101[Info         ] ShaderInfo saved successfully.
2016-08-22 14:17:34:101[Debug        ] ShaderProgram::AddShader() : glAttachShader() successful
2016-08-22 14:17:34:101[Info         ] ShaderProgram::AddShader [14] successful.
2016-08-22 14:17:34:102[Debug        ] File [..\Data\shaders\lighting.frag.shader] Opened successfully! Buffer Length:[1743]
2016-08-22 14:17:34:102[cDebug       ] Shader file [..\Data\shaders\lighting.frag.shader] is too big to display contents.
2016-08-22 14:17:34:103[Debug        ]  ShaderProgram::AddShader() file with data was read in
2016-08-22 14:17:34:103[Debug        ] ShaderProgram::AddShader() : glShaderSource() successful
2016-08-22 14:17:34:104[Debug        ] ShaderProgram::AddShader() : glCompileShader() successful
2016-08-22 14:17:34:105[Info         ] ShaderProgram::CheckShaderCompileStatus(15) successful.
2016-08-22 14:17:34:105[Debug        ] ShaderProgram::AddShader() : glCompileShader() successful
2016-08-22 14:17:34:105[Info         ] ShaderInfo saved successfully.
2016-08-22 14:17:34:105[Debug        ] ShaderProgram::AddShader() : glAttachShader() successful
2016-08-22 14:17:34:105[Info         ] ShaderProgram::AddShader [15] successful.
2016-08-22 14:17:34:108[Info         ] CheckProgramStatus() successful!
2016-08-22 14:17:34:108[Info         ] CheckProgramStatus() successful!
2016-08-22 14:17:34:108[Info         ] Shader Init started
2016-08-22 14:17:34:108[Info         ] Shader Program created.
2016-08-22 14:17:34:108[Process      ] ShaderProgram::Initialize()[16] successful!
2016-08-22 14:17:34:108[Debug        ] File [..\Data\shaders\texlighting.vert.shader] Opened successfully! Buffer Length:[1110]
2016-08-22 14:17:34:108[cDebug       ] Shader file [..\Data\shaders\texlighting.vert.shader] is too big to display contents.
2016-08-22 14:17:34:112[Debug        ]  ShaderProgram::AddShader() file with data was read in
2016-08-22 14:17:34:112[Debug        ] ShaderProgram::AddShader() : glShaderSource() successful
2016-08-22 14:17:34:112[Debug        ] ShaderProgram::AddShader() : glCompileShader() successful
2016-08-22 14:17:34:112[Info         ] ShaderProgram::CheckShaderCompileStatus(17) successful.
2016-08-22 14:17:34:112[Debug        ] ShaderProgram::AddShader() : glCompileShader() successful
2016-08-22 14:17:34:112[Info         ] ShaderInfo saved successfully.
2016-08-22 14:17:34:112[Debug        ] ShaderProgram::AddShader() : glAttachShader() successful
2016-08-22 14:17:34:112[Info         ] ShaderProgram::AddShader [17] successful.
2016-08-22 14:17:34:113[Debug        ] File [..\Data\shaders\texlighting.frag.shader] Opened successfully! Buffer Length:[1717]
2016-08-22 14:17:34:113[cDebug       ] Shader file [..\Data\shaders\texlighting.frag.shader] is too big to display contents.
2016-08-22 14:17:34:114[Debug        ]  ShaderProgram::AddShader() file with data was read in
2016-08-22 14:17:34:114[Debug        ] ShaderProgram::AddShader() : glShaderSource() successful
2016-08-22 14:17:34:115[Debug        ] ShaderProgram::AddShader() : glCompileShader() successful
2016-08-22 14:17:34:115[Info         ] ShaderProgram::CheckShaderCompileStatus(18) successful.
2016-08-22 14:17:34:115[Debug        ] ShaderProgram::AddShader() : glCompileShader() successful
2016-08-22 14:17:34:115[Info         ] ShaderInfo saved successfully.
2016-08-22 14:17:34:115[Debug        ] ShaderProgram::AddShader() : glAttachShader() successful
2016-08-22 14:17:34:115[Info         ] ShaderProgram::AddShader [18] successful.
2016-08-22 14:17:34:119[Info         ] CheckProgramStatus() successful!
2016-08-22 14:17:34:119[Info         ] CheckProgramStatus() successful!
2016-08-22 14:17:34:119[Info         ] Shader Init started
2016-08-22 14:17:34:119[Info         ] Shader Program created.
2016-08-22 14:17:34:119[Process      ] ShaderProgram::Initialize()[19] successful!
2016-08-22 14:17:34:119[Debug        ] File [..\Data\shaders\water.vert.shader] Opened successfully! Buffer Length:[1400]
2016-08-22 14:17:34:119[cDebug       ] Shader file [..\Data\shaders\water.vert.shader] is too big to display contents.
2016-08-22 14:17:34:122[Debug        ]  ShaderProgram::AddShader() file with data was read in
2016-08-22 14:17:34:122[Debug        ] ShaderProgram::AddShader() : glShaderSource() successful
2016-08-22 14:17:34:123[Debug        ] ShaderProgram::AddShader() : glCompileShader() successful
2016-08-22 14:17:34:123[Info         ] ShaderProgram::CheckShaderCompileStatus(20) successful.
2016-08-22 14:17:34:123[Debug        ] ShaderProgram::AddShader() : glCompileShader() successful
2016-08-22 14:17:34:123[Info         ] ShaderInfo saved successfully.
2016-08-22 14:17:34:123[Debug        ] ShaderProgram::AddShader() : glAttachShader() successful
2016-08-22 14:17:34:123[Info         ] ShaderProgram::AddShader [20] successful.
2016-08-22 14:17:34:123[Debug        ] File [..\Data\shaders\water.frag.shader] Opened successfully! Buffer Length:[2455]
2016-08-22 14:17:34:123[cDebug       ] Shader file [..\Data\shaders\water.frag.shader] is too big to display contents.
2016-08-22 14:17:34:125[Debug        ]  ShaderProgram::AddShader() file with data was read in
2016-08-22 14:17:34:125[Debug        ] ShaderProgram::AddShader() : glShaderSource() successful
2016-08-22 14:17:34:125[Debug        ] ShaderProgram::AddShader() : glCompileShader() successful
2016-08-22 14:17:34:125[Info         ] ShaderProgram::CheckShaderCompileStatus(21) successful.
2016-08-22 14:17:34:125[Debug        ] ShaderProgram::AddShader() : glCompileShader() successful
2016-08-22 14:17:34:125[Info         ] ShaderInfo saved successfully.
2016-08-22 14:17:34:125[Debug        ] ShaderProgram::AddShader() : glAttachShader() successful
2016-08-22 14:17:34:125[Info         ] ShaderProgram::AddShader [21] successful.
2016-08-22 14:17:34:127[Info         ] CheckProgramStatus() successful!
2016-08-22 14:17:34:127[Info         ] CheckProgramStatus() successful!
2016-08-22 14:17:34:127[Info         ] GetAttribLocation [vPosition] successful.
2016-08-22 14:17:34:127[Info         ] GetUniformLocation [colorin] successful.
2016-08-22 14:17:34:127[Info         ] GetUniformLocation [MAT] successful.
2016-08-22 14:17:34:127[cProcess     ] RenderEngine::Initialize() successful.
2016-08-22 14:17:34:129[cInfo        ] 
-----------------------------------------------------------------------
 BufferInfo::CreateBuffers()[0] Created buffers:| VERTEX [1] with [80] bytes. || INDEX [2] with [24] bytes |
-----------------------------------------------------------------------

2016-08-22 14:17:34:134[cInfo        ] --------BufferInfo::AddMesh() Added mesh successfully-------
2016-08-22 14:17:34:135[cInfo        ] 
2016-08-22 14:17:34:135[cInfo        ] --------------------| START BUFFER MESH INFO |-------------------------------------
2016-08-22 14:17:34:141[cInfo        ] BufferInfo::AddMesh(): NUM VERTS-----------------[4]
2016-08-22 14:17:34:142[cInfo        ] BufferInfo::AddMesh(): NUM INDICES---------------[6]
2016-08-22 14:17:34:143[cInfo        ] BufferInfo::AddMesh(): VERT OFFSET---------------[0]
2016-08-22 14:17:34:144[cInfo        ] BufferInfo::AddMesh(): INDICES OFFSET (BYTES)----[0]
2016-08-22 14:17:34:145[cInfo        ] --------------------|  END BUFFER MESH INFO  |--------------------------------------
2016-08-22 14:17:34:147[cInfo        ] 

2016-08-22 14:17:34:148[cInfo        ] 
-----------------------------------------------------------------------
 BufferInfo::CreateBuffers()[0] Created buffers:| VERTEX [3] with [96] bytes. || INDEX [4] with [48] bytes |
-----------------------------------------------------------------------

2016-08-22 14:17:34:157[cInfo        ] --------BufferInfo::AddMesh() Added mesh successfully-------
2016-08-22 14:17:34:159[cInfo        ] 
2016-08-22 14:17:34:160[cInfo        ] --------------------| START BUFFER MESH INFO |-------------------------------------
2016-08-22 14:17:34:162[cInfo        ] BufferInfo::AddMesh(): NUM VERTS-----------------[8]
2016-08-22 14:17:34:163[cInfo        ] BufferInfo::AddMesh(): NUM INDICES---------------[24]
2016-08-22 14:17:34:165[cInfo        ] BufferInfo::AddMesh(): VERT OFFSET---------------[0]
2016-08-22 14:17:34:166[cInfo        ] BufferInfo::AddMesh(): INDICES OFFSET (BYTES)----[0]
2016-08-22 14:17:34:167[cInfo        ] --------------------|  END BUFFER MESH INFO  |--------------------------------------
2016-08-22 14:17:34:172[cInfo        ] 

2016-08-22 14:17:34:173[cInfo        ] 
-----------------------------------------------------------------------
 BufferInfo::CreateBuffers()[0] Created buffers:| VERTEX [5] with [864] bytes. || INDEX [6] with [0] bytes |
-----------------------------------------------------------------------

2016-08-22 14:17:34:178[cInfo        ] --------BufferInfo::AddMesh() Added mesh successfully-------
2016-08-22 14:17:34:179[cInfo        ] 
2016-08-22 14:17:34:181[cInfo        ] --------------------| START BUFFER MESH INFO |-------------------------------------
2016-08-22 14:17:34:182[cInfo        ] BufferInfo::AddMesh(): NUM VERTS-----------------[36]
2016-08-22 14:17:34:184[cInfo        ] BufferInfo::AddMesh(): NUM INDICES---------------[0]
2016-08-22 14:17:34:186[cInfo        ] BufferInfo::AddMesh(): VERT OFFSET---------------[0]
2016-08-22 14:17:34:187[cInfo        ] BufferInfo::AddMesh(): INDICES OFFSET (BYTES)----[0]
2016-08-22 14:17:34:188[cInfo        ] --------------------|  END BUFFER MESH INFO  |--------------------------------------
2016-08-22 14:17:34:190[cInfo        ] 

2016-08-22 14:17:34:191[cInfo        ] 
-----------------------------------------------------------------------
 BufferInfo::CreateBuffers()[0] Created buffers:| VERTEX [7] with [144] bytes. || INDEX [8] with [0] bytes |
-----------------------------------------------------------------------

2016-08-22 14:17:34:194[cInfo        ] --------BufferInfo::AddMesh() Added mesh successfully-------
2016-08-22 14:17:34:195[cInfo        ] 
2016-08-22 14:17:34:196[cInfo        ] --------------------| START BUFFER MESH INFO |-------------------------------------
2016-08-22 14:17:34:197[cInfo        ] BufferInfo::AddMesh(): NUM VERTS-----------------[6]
2016-08-22 14:17:34:197[cInfo        ] BufferInfo::AddMesh(): NUM INDICES---------------[0]
2016-08-22 14:17:34:198[cInfo        ] BufferInfo::AddMesh(): VERT OFFSET---------------[0]
2016-08-22 14:17:34:200[cInfo        ] BufferInfo::AddMesh(): INDICES OFFSET (BYTES)----[0]
2016-08-22 14:17:34:201[cInfo        ] --------------------|  END BUFFER MESH INFO  |--------------------------------------
2016-08-22 14:17:34:202[cInfo        ] 

2016-08-22 14:17:34:204[Process      ] BufferInfo::Initialize() successful.
2016-08-22 14:17:34:204[cInfo        ] 
-----------------------------------------------------------------------
 BufferInfo::CreateBuffers()[0] Created buffers:| VERTEX [9] with [1000000] bytes. || INDEX [10] with [1000000] bytes |
-----------------------------------------------------------------------

2016-08-22 14:17:34:207[cInfo        ] --------BufferInfo::AddMesh() Added mesh successfully-------
2016-08-22 14:17:34:208[cInfo        ] 
2016-08-22 14:17:34:209[cInfo        ] --------------------| START BUFFER MESH INFO |-------------------------------------
2016-08-22 14:17:34:211[cInfo        ] BufferInfo::AddMesh(): NUM VERTS-----------------[24]
2016-08-22 14:17:34:212[cInfo        ] BufferInfo::AddMesh(): NUM INDICES---------------[36]
2016-08-22 14:17:34:212[cInfo        ] BufferInfo::AddMesh(): VERT OFFSET---------------[0]
2016-08-22 14:17:34:213[cInfo        ] BufferInfo::AddMesh(): INDICES OFFSET (BYTES)----[0]
2016-08-22 14:17:34:214[cInfo        ] --------------------|  END BUFFER MESH INFO  |--------------------------------------
2016-08-22 14:17:34:215[cInfo        ] 

2016-08-22 14:17:34:216[Process      ] BufferInfo::Initialize() successful.
2016-08-22 14:17:34:216[cInfo        ] 
-----------------------------------------------------------------------
 BufferInfo::CreateBuffers()[1] Created buffers:| VERTEX [11] with [1000000] bytes. || INDEX [12] with [1000000] bytes |
-----------------------------------------------------------------------

2016-08-22 14:17:34:222[cInfo        ] --------BufferInfo::AddMesh() Added mesh successfully-------
2016-08-22 14:17:34:223[cInfo        ] 
2016-08-22 14:17:34:224[cInfo        ] --------------------| START BUFFER MESH INFO |-------------------------------------
2016-08-22 14:17:34:225[cInfo        ] BufferInfo::AddMesh(): NUM VERTS-----------------[1536]
2016-08-22 14:17:34:225[cInfo        ] BufferInfo::AddMesh(): NUM INDICES---------------[3072]
2016-08-22 14:17:34:226[cInfo        ] BufferInfo::AddMesh(): VERT OFFSET---------------[0]
2016-08-22 14:17:34:227[cInfo        ] BufferInfo::AddMesh(): INDICES OFFSET (BYTES)----[0]
2016-08-22 14:17:34:228[cInfo        ] --------------------|  END BUFFER MESH INFO  |--------------------------------------
2016-08-22 14:17:34:229[cInfo        ] 

2016-08-22 14:17:34:231[cInfo        ] 
-----------------------------------------------------------------------
 BufferInfo::CreateBuffers()[0] Created buffers:| VERTEX [13] with [3936] bytes. || INDEX [14] with [0] bytes |
-----------------------------------------------------------------------

2016-08-22 14:17:34:234[cInfo        ] --------BufferInfo::AddMesh() Added mesh successfully-------
2016-08-22 14:17:34:235[cInfo        ] 
2016-08-22 14:17:34:236[cInfo        ] --------------------| START BUFFER MESH INFO |-------------------------------------
2016-08-22 14:17:34:237[cInfo        ] BufferInfo::AddMesh(): NUM VERTS-----------------[164]
2016-08-22 14:17:34:238[cInfo        ] BufferInfo::AddMesh(): NUM INDICES---------------[0]
2016-08-22 14:17:34:240[cInfo        ] BufferInfo::AddMesh(): VERT OFFSET---------------[0]
2016-08-22 14:17:34:241[cInfo        ] BufferInfo::AddMesh(): INDICES OFFSET (BYTES)----[0]
2016-08-22 14:17:34:242[cInfo        ] --------------------|  END BUFFER MESH INFO  |--------------------------------------
2016-08-22 14:17:34:243[cInfo        ] 

2016-08-22 14:17:34:244[cProcess     ] ShapeGenerator initialized successfully.
2016-08-22 14:17:34:244[cProcess     ] Camera::Initialize() successful.
2016-08-22 14:17:34:245[cProcess     ] Keyboard::Initialize() successful
2016-08-22 14:17:34:246[cProcess     ] Keyboard::Initialize() successful
2016-08-22 14:17:34:261[cInfo        ] 
-----------------------------------------------------------------------
 BufferInfo::CreateBuffers()[0] Created buffers:| VERTEX [15] with [10810368] bytes. || INDEX [16] with [0] bytes |
-----------------------------------------------------------------------

2016-08-22 14:17:34:276[cInfo        ] --------BufferInfo::AddMesh() Added mesh successfully-------
2016-08-22 14:17:34:277[cInfo        ] 
2016-08-22 14:17:34:278[cInfo        ] --------------------| START BUFFER MESH INFO |-------------------------------------
2016-08-22 14:17:34:279[cInfo        ] BufferInfo::AddMesh(): NUM VERTS-----------------[337824]
2016-08-22 14:17:34:280[cInfo        ] BufferInfo::AddMesh(): NUM INDICES---------------[0]
2016-08-22 14:17:34:282[cInfo        ] BufferInfo::AddMesh(): VERT OFFSET---------------[0]
2016-08-22 14:17:34:283[cInfo        ] BufferInfo::AddMesh(): INDICES OFFSET (BYTES)----[0]
2016-08-22 14:17:34:284[cInfo        ] --------------------|  END BUFFER MESH INFO  |--------------------------------------
2016-08-22 14:17:34:286[cInfo        ] 

2016-08-22 14:17:34:311[Info         ] ShapeGenerator::ReadSceneFile(): Added new scene [..\Data\Scenes\Dargon.ptn.scene] successfully.
2016-08-22 14:17:34:311[cInfo        ] EntityManager::BuildPlayerEntity(): Built [Dargon] successfully
2016-08-22 14:17:34:313[Process      ] BufferInfo::Initialize() successful.
2016-08-22 14:17:34:318[cInfo        ] 
-----------------------------------------------------------------------
 BufferInfo::CreateBuffers()[2] Created buffers:| VERTEX [17] with [1000000] bytes. || INDEX [18] with [1000000] bytes |
-----------------------------------------------------------------------

2016-08-22 14:17:34:324[cInfo        ] --------BufferInfo::AddMesh() Added mesh successfully-------
2016-08-22 14:17:34:325[cInfo        ] 
2016-08-22 14:17:34:325[cInfo        ] --------------------| START BUFFER MESH INFO |-------------------------------------
2016-08-22 14:17:34:326[cInfo        ] BufferInfo::AddMesh(): NUM VERTS-----------------[36]
2016-08-22 14:17:34:327[cInfo        ] BufferInfo::AddMesh(): NUM INDICES---------------[0]
2016-08-22 14:17:34:328[cInfo        ] BufferInfo::AddMesh(): VERT OFFSET---------------[0]
2016-08-22 14:17:34:329[cInfo        ] BufferInfo::AddMesh(): INDICES OFFSET (BYTES)----[0]
2016-08-22 14:17:34:330[cInfo        ] --------------------|  END BUFFER MESH INFO  |--------------------------------------
2016-08-22 14:17:34:332[cInfo        ] 

2016-08-22 14:17:34:332[Info         ] ShapeGenerator::ReadSceneFile(): Added new scene [..\Data\Scenes\Cube.pn.scene] successfully.
2016-08-22 14:17:34:333[Process      ] BufferInfo::Initialize() successful.
2016-08-22 14:17:34:333[cInfo        ] 
-----------------------------------------------------------------------
 BufferInfo::CreateBuffers()[3] Created buffers:| VERTEX [19] with [1000000] bytes. || INDEX [20] with [1000000] bytes |
-----------------------------------------------------------------------

2016-08-22 14:17:34:337[cInfo        ] --------BufferInfo::AddMesh() Added mesh successfully-------
2016-08-22 14:17:34:338[cInfo        ] 
2016-08-22 14:17:34:339[cInfo        ] --------------------| START BUFFER MESH INFO |-------------------------------------
2016-08-22 14:17:34:341[cInfo        ] BufferInfo::AddMesh(): NUM VERTS-----------------[8718]
2016-08-22 14:17:34:341[cInfo        ] BufferInfo::AddMesh(): NUM INDICES---------------[0]
2016-08-22 14:17:34:342[cInfo        ] BufferInfo::AddMesh(): VERT OFFSET---------------[0]
2016-08-22 14:17:34:343[cInfo        ] BufferInfo::AddMesh(): INDICES OFFSET (BYTES)----[0]
2016-08-22 14:17:34:344[cInfo        ] --------------------|  END BUFFER MESH INFO  |--------------------------------------
2016-08-22 14:17:34:345[cInfo        ] 

2016-08-22 14:17:34:347[Info         ] ShapeGenerator::ReadSceneFile(): Added new scene [..\Data\Scenes\AIWorld.ptn.scene] successfully.
2016-08-22 14:17:34:347[cInfo        ] --------BufferInfo::AddMesh() Added mesh successfully-------
2016-08-22 14:17:34:350[cInfo        ] 
2016-08-22 14:17:34:350[cInfo        ] --------------------| START BUFFER MESH INFO |-------------------------------------
2016-08-22 14:17:34:351[cInfo        ] BufferInfo::AddMesh(): NUM VERTS-----------------[18]
2016-08-22 14:17:34:352[cInfo        ] BufferInfo::AddMesh(): NUM INDICES---------------[0]
2016-08-22 14:17:34:353[cInfo        ] BufferInfo::AddMesh(): VERT OFFSET---------------[36]
2016-08-22 14:17:34:354[cInfo        ] BufferInfo::AddMesh(): INDICES OFFSET (BYTES)----[0]
2016-08-22 14:17:34:355[cInfo        ] --------------------|  END BUFFER MESH INFO  |--------------------------------------
2016-08-22 14:17:34:356[cInfo        ] 

2016-08-22 14:17:34:357[Info         ] ShapeGenerator::ReadSceneFile(): Added new scene [..\Data\Scenes\Pyramid.pn.scene] successfully.
2016-08-22 14:17:34:363[cInfo        ] 
-----------------------------------------------------------------------
 BufferInfo::CreateBuffers()[0] Created buffers:| VERTEX [21] with [5529600] bytes. || INDEX [22] with [0] bytes |
-----------------------------------------------------------------------

2016-08-22 14:17:34:378[cInfo        ] --------BufferInfo::AddMesh() Added mesh successfully-------
2016-08-22 14:17:34:380[cInfo        ] 
2016-08-22 14:17:34:381[cInfo        ] --------------------| START BUFFER MESH INFO |-------------------------------------
2016-08-22 14:17:34:383[cInfo        ] BufferInfo::AddMesh(): NUM VERTS-----------------[172800]
2016-08-22 14:17:34:384[cInfo        ] BufferInfo::AddMesh(): NUM INDICES---------------[0]
2016-08-22 14:17:34:386[cInfo        ] BufferInfo::AddMesh(): VERT OFFSET---------------[0]
2016-08-22 14:17:34:387[cInfo        ] BufferInfo::AddMesh(): INDICES OFFSET (BYTES)----[0]
2016-08-22 14:17:34:389[cInfo        ] --------------------|  END BUFFER MESH INFO  |--------------------------------------
2016-08-22 14:17:34:390[cInfo        ] 

2016-08-22 14:17:34:392[Info         ] ShapeGenerator::ReadSceneFile(): Added new scene [..\Data\Scenes\WaterPlane.ptn.scene] successfully.
2016-08-22 14:17:34:393[cProcess     ] Camera::Initialize() successful.
2016-08-22 14:17:34:394[cInfo        ] --------BufferInfo::AddMesh() Added mesh successfully-------
2016-08-22 14:17:34:395[cInfo        ] 
2016-08-22 14:17:34:395[cInfo        ] --------------------| START BUFFER MESH INFO |-------------------------------------
2016-08-22 14:17:34:397[cInfo        ] BufferInfo::AddMesh(): NUM VERTS-----------------[3180]
2016-08-22 14:17:34:399[cInfo        ] BufferInfo::AddMesh(): NUM INDICES---------------[0]
2016-08-22 14:17:34:400[cInfo        ] BufferInfo::AddMesh(): VERT OFFSET---------------[36]
2016-08-22 14:17:34:401[cInfo        ] BufferInfo::AddMesh(): INDICES OFFSET (BYTES)----[0]
2016-08-22 14:17:34:402[cInfo        ] --------------------|  END BUFFER MESH INFO  |--------------------------------------
2016-08-22 14:17:34:403[cInfo        ] 

2016-08-22 14:17:34:404[Info         ] ShapeGenerator::ReadSceneFile(): Added new scene [..\Data\Scenes\Cat.pn.scene] successfully.
2016-08-22 14:17:34:404[cInfo        ] --------BufferInfo::AddMesh() Added mesh successfully-------
2016-08-22 14:17:34:405[cInfo        ] 
2016-08-22 14:17:34:405[cInfo        ] --------------------| START BUFFER MESH INFO |-------------------------------------
2016-08-22 14:17:34:406[cInfo        ] BufferInfo::AddMesh(): NUM VERTS-----------------[6]
2016-08-22 14:17:34:407[cInfo        ] BufferInfo::AddMesh(): NUM INDICES---------------[0]
2016-08-22 14:17:34:409[cInfo        ] BufferInfo::AddMesh(): VERT OFFSET---------------[54]
2016-08-22 14:17:34:410[cInfo        ] BufferInfo::AddMesh(): INDICES OFFSET (BYTES)----[0]
2016-08-22 14:17:34:411[cInfo        ] --------------------|  END BUFFER MESH INFO  |--------------------------------------
2016-08-22 14:17:34:412[cInfo        ] 

2016-08-22 14:17:34:413[cProcess     ] BodaciousQuest::Initialize() successful.
2016-08-22 14:17:34:413[Process      ] GameTime::Initialize() ok

2016-08-22 14:17:34:413[cProcess     ] MyWindow::Initialize() successful!
2016-08-22 14:18:11:740[Process      ] ConfigReader shut down successfully
2016-08-22 14:18:11:740[Process      ] GameLogger::ShutDown() successful
