2016-08-22 11:14:45:091[Process      ] GameLogger::Initialize() opened log file [..\Data\LogFiles\2016-08-22 11-14-45.BodaciousQuest.log] for writing
2016-08-22 11:14:45:091[Info         ] GameLogger::Initialize() successful
2016-08-22 11:14:45:091[Process      ] ConfigReader opened [..\Data\BodaciousQuest.config] successfully
2016-08-22 11:14:45:091[Info         ] ConfigReader initialized successfully
2016-08-22 11:14:45:091[Info         ] Valid KVP [BodaciousQuest.ShowFullScreen] [false] added
2016-08-22 11:14:45:091[Info         ] Valid KVP [BodaciousQuest.FpsInterval] [5.0] added
2016-08-22 11:14:45:091[Info         ] Valid KVP [BodaciousQuest.EnableControls] [true] added
2016-08-22 11:14:45:091[Info         ] Valid KVP [BodaciousQuest.LoadCubeFirst] [true] added
2016-08-22 11:14:45:091[Info         ] Valid KVP [BodaciousQuest.CameraWalkMode] [false] added
2016-08-22 11:14:45:091[Info         ] Valid KVP [BodaciousQuest.GridSize] [40] added
2016-08-22 11:14:45:092[Info         ] Valid KVP [BodaciousQuest.LightingTest.Ambient.Color] [1.0  1.0  1.0] added
2016-08-22 11:14:45:092[Info         ] Valid KVP [BodaciousQuest.LightingTest.Diffuse.Color] [1.0  1.0  1.0] added
2016-08-22 11:14:45:092[Info         ] Valid KVP [BodaciousQuest.LightingTest.Specular.Color] [0.0  0.0  0.0] added
2016-08-22 11:14:45:092[Info         ] Valid KVP [BodaciousQuest.LightingTest.Ambient.Reflectivity] [0.01] added
2016-08-22 11:14:45:092[Info         ] Valid KVP [BodaciousQuest.LightingTest.Diffuse.Reflectivity] [0.8] added
2016-08-22 11:14:45:092[Info         ] Valid KVP [BodaciousQuest.LightingTest.Specular.Reflectivity] [0.5] added
2016-08-22 11:14:45:092[Info         ] Valid KVP [BodaciousQuest.LightingTest.Specular.Shininess] [1.0] added
2016-08-22 11:14:45:092[Info         ] Valid KVP [BodaciousQuest.LightingTest.Falloff.A] [1.0] added
2016-08-22 11:14:45:092[Info         ] Valid KVP [BodaciousQuest.LightingTest.Falloff.B] [0.001] added
2016-08-22 11:14:45:092[Info         ] Valid KVP [BodaciousQuest.LightingTest.Falloff.C] [0.0001] added
2016-08-22 11:14:45:092[Info         ] Valid KVP [BodaciousQuest.LightingTest.Directional] [false] added
2016-08-22 11:14:45:092[Info         ] Valid KVP [BodaciousQuest.LightingTest.Direction] [-1.0 0.0 1.0] added
2016-08-22 11:14:45:092[Info         ] Valid KVP [BodaciousQuest.LightingTest.Light.Position] [-0.875458 3.673020 1.043331] added
2016-08-22 11:14:45:092[Info         ] Valid KVP [BodaciousQuest.LightingTest.Dargon.Color] [1.0 1.0 0.4] added
2016-08-22 11:14:45:092[Info         ] Valid KVP [ObjConverter.Mode.VertexType] [pn] added
2016-08-22 11:14:45:092[Info         ] Valid KVP [ObjConverter.Mode.Analyze] [false] added
2016-08-22 11:14:45:092[Info         ] Valid KVP [ObjConverter.Model] [Dargon] added
2016-08-22 11:14:45:092[Info         ] Valid KVP [ObjConverter.Shader] [4] added
2016-08-22 11:14:45:092[Info         ] Valid KVP [ObjConverter.Color] [random] added
2016-08-22 11:14:45:092[Info         ] Valid KVP [ObjConverter.Obj.InputFileFolder] [..\\Data\\Objs\\] added
2016-08-22 11:14:45:092[Info         ] Valid KVP [ObjConverter.Scene.OutputFileFolder] [..\\Data\\Scenes\\] added
2016-08-22 11:14:45:092[Info         ] Valid KVP [ObjConverter.Model.Dargon.NumVerts] [57967] added
2016-08-22 11:14:45:092[Info         ] Valid KVP [ObjConverter.Model.Dargon.NumIndices] [337824] added
2016-08-22 11:14:45:092[Info         ] Valid KVP [ObjConverter.Model.Dargon.NumTexCoords] [60175] added
2016-08-22 11:14:45:092[Info         ] Valid KVP [ObjConverter.Model.Dargon.NumNormals] [337824] added
2016-08-22 11:14:45:092[Info         ] Valid KVP [ObjConverter.Model.Swamp.NumVerts] [2735] added
2016-08-22 11:14:45:092[Info         ] Valid KVP [ObjConverter.Model.Swamp.NumIndices] [8556] added
2016-08-22 11:14:45:092[Info         ] Valid KVP [ObjConverter.Model.Swamp.NumTexCoords] [3622] added
2016-08-22 11:14:45:092[Info         ] Valid KVP [ObjConverter.Model.Swamp.NumNormals] [5156] added
2016-08-22 11:14:45:092[Info         ] Valid KVP [ObjConverter.Model.Pyramid.NumVerts] [5] added
2016-08-22 11:14:45:092[Info         ] Valid KVP [ObjConverter.Model.Pyramid.NumIndices] [18] added
2016-08-22 11:14:45:092[Info         ] Valid KVP [ObjConverter.Model.Pyramid.NumTexCoords] [10] added
2016-08-22 11:14:45:092[Info         ] Valid KVP [ObjConverter.Model.Pyramid.NumNormals] [16] added
2016-08-22 11:14:45:092[Info         ] Valid KVP [ObjConverter.Model.AIWorld.NumVerts] [1957] added
2016-08-22 11:14:45:092[Info         ] Valid KVP [ObjConverter.Model.AIWorld.NumIndices] [8718] added
2016-08-22 11:14:45:092[Info         ] Valid KVP [ObjConverter.Model.AIWorld.NumTexCoords] [4186] added
2016-08-22 11:14:45:092[Info         ] Valid KVP [ObjConverter.Model.AIWorld.NumNormals] [5418] added
2016-08-22 11:14:45:092[Info         ] Valid KVP [ObjConverter.Model.GameWeapon.NumVerts] [2068] added
2016-08-22 11:14:45:092[Info         ] Valid KVP [ObjConverter.Model.GameWeapon.NumIndices] [9894] added
2016-08-22 11:14:45:092[Info         ] Valid KVP [ObjConverter.Model.GameWeapon.NumTexCoords] [0] added
2016-08-22 11:14:45:092[Info         ] Valid KVP [ObjConverter.Model.GameWeapon.NumNormals] [0] added
2016-08-22 11:14:45:092[Info         ] Valid KVP [ObjConverter.Model.Chicken.NumVerts] [224] added
2016-08-22 11:14:45:092[Info         ] Valid KVP [ObjConverter.Model.Chicken.NumIndices] [1374] added
2016-08-22 11:14:45:092[Info         ] Valid KVP [ObjConverter.Model.Chicken.NumTexCoords] [472] added
2016-08-22 11:14:45:092[Info         ] Valid KVP [ObjConverter.Model.Chicken.NumNormals] [565] added
2016-08-22 11:14:45:092[Info         ] Valid KVP [ObjConverter.Model.WaterPlane.NumVerts] [29282] added
2016-08-22 11:14:45:093[Info         ] Valid KVP [ObjConverter.Model.WaterPlane.NumIndices] [172800] added
2016-08-22 11:14:45:093[Info         ] Valid KVP [ObjConverter.Model.WaterPlane.NumTexCoords] [29282] added
2016-08-22 11:14:45:093[Info         ] Valid KVP [ObjConverter.Model.WaterPlane.NumNormals] [172800] added
2016-08-22 11:14:45:093[Info         ] Valid KVP [ObjConverter.Model.Cube.NumVerts] [8] added
2016-08-22 11:14:45:093[Info         ] Valid KVP [ObjConverter.Model.Cube.NumIndices] [36] added
2016-08-22 11:14:45:093[Info         ] Valid KVP [ObjConverter.Model.Cube.NumTexCoords] [14] added
2016-08-22 11:14:45:093[Info         ] Valid KVP [ObjConverter.Model.Cube.NumNormals] [24] added
2016-08-22 11:14:45:093[Info         ] Valid KVP [ObjConverter.Model.Barrel.NumVerts] [172] added
2016-08-22 11:14:45:093[Info         ] Valid KVP [ObjConverter.Model.Barrel.NumIndices] [1008] added
2016-08-22 11:14:45:093[Info         ] Valid KVP [ObjConverter.Model.Barrel.NumTexCoords] [328] added
2016-08-22 11:14:45:093[Info         ] Valid KVP [ObjConverter.Model.Barrel.NumNormals] [204] added
2016-08-22 11:14:45:093[Info         ] Valid KVP [ObjConverter.Model.SkyBox.NumVerts] [8] added
2016-08-22 11:14:45:093[Info         ] Valid KVP [ObjConverter.Model.SkyBox.NumIndices] [36] added
2016-08-22 11:14:45:093[Info         ] Valid KVP [ObjConverter.Model.SkyBox.NumTexCoords] [18] added
2016-08-22 11:14:45:093[Info         ] Valid KVP [ObjConverter.Model.SkyBox.NumNormals] [24] added
2016-08-22 11:14:45:158[cInfo        ] Config reader opened [..\Data\BodaciousQuest.config] for reading!
2016-08-22 11:14:45:208[Process      ] ShaderManager Initialized successfully
2016-08-22 11:14:45:208[Info         ] Shader Init started
2016-08-22 11:14:45:208[Info         ] Shader Program created.
2016-08-22 11:14:45:208[Process      ] ShaderProgram::Initialize()[1] successful!
2016-08-22 11:14:45:209[Debug        ] File [..\Data\shaders\debug.vert.shader] Opened successfully! Buffer Length:[291]
2016-08-22 11:14:45:209[Debug        ] Shader file [..\Data\shaders\debug.vert.shader] contents:
//BEGIN
#version 430 core

layout(location = 0)  in vec3 vPosition;

layout(location = 15) uniform vec3 colorin;
layout(location = 16) uniform mat4 MAT;

out vec4 color;

void main()
{
	vec4 vertPos = vec4(vPosition, 1.0);
	gl_Position = MAT *  vertPos;
	color = vec4(colorin, 1.0);
}
//END

2016-08-22 11:14:45:209[Debug        ]  ShaderProgram::AddShader() file with data was read in
2016-08-22 11:14:45:209[Debug        ] ShaderProgram::AddShader() : glShaderSource() successful
2016-08-22 11:14:45:209[Debug        ] ShaderProgram::AddShader() : glCompileShader() successful
2016-08-22 11:14:45:209[Info         ] ShaderProgram::CheckShaderCompileStatus(2) successful.
2016-08-22 11:14:45:209[Debug        ] ShaderProgram::AddShader() : glCompileShader() successful
2016-08-22 11:14:45:209[Info         ] ShaderInfo saved successfully.
2016-08-22 11:14:45:209[Debug        ] ShaderProgram::AddShader() : glAttachShader() successful
2016-08-22 11:14:45:209[Info         ] ShaderProgram::AddShader [2] successful.
2016-08-22 11:14:45:209[Debug        ] File [..\Data\shaders\debug.frag.shader] Opened successfully! Buffer Length:[104]
2016-08-22 11:14:45:210[Debug        ] Shader file [..\Data\shaders\debug.frag.shader] contents:
//BEGIN
#version 430 core


in  vec4 color;
out vec4 outColor;

void main()
{
	outColor = color;
}


//END

2016-08-22 11:14:45:210[Debug        ]  ShaderProgram::AddShader() file with data was read in
2016-08-22 11:14:45:210[Debug        ] ShaderProgram::AddShader() : glShaderSource() successful
2016-08-22 11:14:45:210[Debug        ] ShaderProgram::AddShader() : glCompileShader() successful
2016-08-22 11:14:45:210[Info         ] ShaderProgram::CheckShaderCompileStatus(3) successful.
2016-08-22 11:14:45:210[Debug        ] ShaderProgram::AddShader() : glCompileShader() successful
2016-08-22 11:14:45:210[Info         ] ShaderInfo saved successfully.
2016-08-22 11:14:45:210[Debug        ] ShaderProgram::AddShader() : glAttachShader() successful
2016-08-22 11:14:45:210[Info         ] ShaderProgram::AddShader [3] successful.
2016-08-22 11:14:45:211[Info         ] CheckProgramStatus() successful!
2016-08-22 11:14:45:211[Info         ] CheckProgramStatus() successful!
2016-08-22 11:14:45:211[Info         ] Shader Init started
2016-08-22 11:14:45:211[Info         ] Shader Program created.
2016-08-22 11:14:45:211[Process      ] ShaderProgram::Initialize()[4] successful!
2016-08-22 11:14:45:211[Debug        ] File [..\Data\shaders\play.vert.shader] Opened successfully! Buffer Length:[343]
2016-08-22 11:14:45:211[Debug        ] Shader file [..\Data\shaders\play.vert.shader] contents:
//BEGIN
#version 430 core

layout (location = 0)  in vec3 vPosition;
layout (location = 1)  in vec3 vColor;
layout (location = 15) uniform vec3 colorin;
layout (location = 16) uniform mat4 MAT;

out vec4 color;

void main()
{
	vec4 vertPos = vec4(vPosition, 1.0);
	gl_Position = MAT *  vertPos;
	color = vec4((vColor + colorin), 1.0);
}
//END

2016-08-22 11:14:45:211[Debug        ]  ShaderProgram::AddShader() file with data was read in
2016-08-22 11:14:45:211[Debug        ] ShaderProgram::AddShader() : glShaderSource() successful
2016-08-22 11:14:45:212[Debug        ] ShaderProgram::AddShader() : glCompileShader() successful
2016-08-22 11:14:45:212[Info         ] ShaderProgram::CheckShaderCompileStatus(5) successful.
2016-08-22 11:14:45:212[Debug        ] ShaderProgram::AddShader() : glCompileShader() successful
2016-08-22 11:14:45:212[Info         ] ShaderInfo saved successfully.
2016-08-22 11:14:45:212[Debug        ] ShaderProgram::AddShader() : glAttachShader() successful
2016-08-22 11:14:45:212[Info         ] ShaderProgram::AddShader [5] successful.
2016-08-22 11:14:45:212[Debug        ] File [..\Data\shaders\play.frag.shader] Opened successfully! Buffer Length:[391]
2016-08-22 11:14:45:212[Debug        ] Shader file [..\Data\shaders\play.frag.shader] contents:
//BEGIN
#version 430 core


in  vec4 color;
out vec4 outColor;

void main()
{

	//if (color.r < .7) discard;
	outColor = color;

	//if(((gl_FragCoord.x  > 600)&& (gl_FragCoord.y < 300)) || ((gl_FragCoord.y < 300)  && (gl_FragCoord.x  < 600) )) {
	//discard;
	//}

	//vec2 scrPos = vec2(gl_FragCoord) - vec2(350,150);
	//float len =  length(scrPos);
	//if(len < 50 )discard;
}


//END

2016-08-22 11:14:45:212[Debug        ]  ShaderProgram::AddShader() file with data was read in
2016-08-22 11:14:45:212[Debug        ] ShaderProgram::AddShader() : glShaderSource() successful
2016-08-22 11:14:45:212[Debug        ] ShaderProgram::AddShader() : glCompileShader() successful
2016-08-22 11:14:45:212[Info         ] ShaderProgram::CheckShaderCompileStatus(6) successful.
2016-08-22 11:14:45:212[Debug        ] ShaderProgram::AddShader() : glCompileShader() successful
2016-08-22 11:14:45:212[Info         ] ShaderInfo saved successfully.
2016-08-22 11:14:45:212[Debug        ] ShaderProgram::AddShader() : glAttachShader() successful
2016-08-22 11:14:45:212[Info         ] ShaderProgram::AddShader [6] successful.
2016-08-22 11:14:45:213[Info         ] CheckProgramStatus() successful!
2016-08-22 11:14:45:213[Info         ] CheckProgramStatus() successful!
2016-08-22 11:14:45:213[Info         ] Shader Init started
2016-08-22 11:14:45:213[Info         ] Shader Program created.
2016-08-22 11:14:45:213[Process      ] ShaderProgram::Initialize()[7] successful!
2016-08-22 11:14:45:213[Debug        ] File [..\Data\shaders\texture.vert.shader] Opened successfully! Buffer Length:[305]
2016-08-22 11:14:45:213[Debug        ] Shader file [..\Data\shaders\texture.vert.shader] contents:
//BEGIN
#version 430 core

layout (location = 0)  in vec3 vPosition;
layout (location = 1)  in vec2 vUV;

layout (location = 16) uniform mat4 MAT;

//out data
out vec2 UV;

//out vec4 color;

void main()
{
	vec4 vertPos = vec4(vPosition, 1.0);
	gl_Position = MAT *  vertPos;

	UV = vUV;
	
	
}
//END

2016-08-22 11:14:45:213[Debug        ]  ShaderProgram::AddShader() file with data was read in
2016-08-22 11:14:45:213[Debug        ] ShaderProgram::AddShader() : glShaderSource() successful
2016-08-22 11:14:45:213[Debug        ] ShaderProgram::AddShader() : glCompileShader() successful
2016-08-22 11:14:45:213[Info         ] ShaderProgram::CheckShaderCompileStatus(8) successful.
2016-08-22 11:14:45:213[Debug        ] ShaderProgram::AddShader() : glCompileShader() successful
2016-08-22 11:14:45:213[Info         ] ShaderInfo saved successfully.
2016-08-22 11:14:45:213[Debug        ] ShaderProgram::AddShader() : glAttachShader() successful
2016-08-22 11:14:45:213[Info         ] ShaderProgram::AddShader [8] successful.
2016-08-22 11:14:45:213[Debug        ] File [..\Data\shaders\texture.frag.shader] Opened successfully! Buffer Length:[482]
2016-08-22 11:14:45:213[Debug        ] Shader file [..\Data\shaders\texture.frag.shader] contents:
//BEGIN
#version 430 core


in  vec2 UV;
out vec4 outColor;

layout(location = 20) uniform sampler2D textureSampler;

void main()
{

	//if (color.r < .7) discard;
	outColor = vec4(texture(textureSampler, UV).rgb, 1.0);

	//if(((gl_FragCoord.x  > 600)&& (gl_FragCoord.y < 300)) || ((gl_FragCoord.y < 300)  && (gl_FragCoord.x  < 600) )) {
	//discard;
	//}
	//vec2 scrPos = vec2(gl_FragCoord) - vec2(350,150);
	//float len =  length(scrPos);
	//if(len < 50 )discard;
}


//END

2016-08-22 11:14:45:213[Debug        ]  ShaderProgram::AddShader() file with data was read in
2016-08-22 11:14:45:213[Debug        ] ShaderProgram::AddShader() : glShaderSource() successful
2016-08-22 11:14:45:214[Debug        ] ShaderProgram::AddShader() : glCompileShader() successful
2016-08-22 11:14:45:214[Info         ] ShaderProgram::CheckShaderCompileStatus(9) successful.
2016-08-22 11:14:45:214[Debug        ] ShaderProgram::AddShader() : glCompileShader() successful
2016-08-22 11:14:45:214[Info         ] ShaderInfo saved successfully.
2016-08-22 11:14:45:214[Debug        ] ShaderProgram::AddShader() : glAttachShader() successful
2016-08-22 11:14:45:214[Info         ] ShaderProgram::AddShader [9] successful.
2016-08-22 11:14:45:215[Info         ] CheckProgramStatus() successful!
2016-08-22 11:14:45:215[Info         ] CheckProgramStatus() successful!
2016-08-22 11:14:45:215[Info         ] Shader Init started
2016-08-22 11:14:45:215[Info         ] Shader Program created.
2016-08-22 11:14:45:215[Process      ] ShaderProgram::Initialize()[10] successful!
2016-08-22 11:14:45:215[Debug        ] File [..\Data\shaders\framebuffer.vert.shader] Opened successfully! Buffer Length:[305]
2016-08-22 11:14:45:215[Debug        ] Shader file [..\Data\shaders\framebuffer.vert.shader] contents:
//BEGIN
#version 430 core

layout (location = 0)  in vec3 vPosition;
layout (location = 1)  in vec2 vUV;

layout (location = 16) uniform mat4 MAT;

//out data
out vec2 UV;

//out vec4 color;

void main()
{
	vec4 vertPos = vec4(vPosition, 1.0);
	gl_Position = MAT *  vertPos;

	UV = vUV;
	
	
}
//END

2016-08-22 11:14:45:215[Debug        ]  ShaderProgram::AddShader() file with data was read in
2016-08-22 11:14:45:215[Debug        ] ShaderProgram::AddShader() : glShaderSource() successful
2016-08-22 11:14:45:215[Debug        ] ShaderProgram::AddShader() : glCompileShader() successful
2016-08-22 11:14:45:215[Info         ] ShaderProgram::CheckShaderCompileStatus(11) successful.
2016-08-22 11:14:45:215[Debug        ] ShaderProgram::AddShader() : glCompileShader() successful
2016-08-22 11:14:45:215[Info         ] ShaderInfo saved successfully.
2016-08-22 11:14:45:215[Debug        ] ShaderProgram::AddShader() : glAttachShader() successful
2016-08-22 11:14:45:215[Info         ] ShaderProgram::AddShader [11] successful.
2016-08-22 11:14:45:215[Debug        ] File [..\Data\shaders\framebuffer.frag.shader] Opened successfully! Buffer Length:[275]
2016-08-22 11:14:45:215[Debug        ] Shader file [..\Data\shaders\framebuffer.frag.shader] contents:
//BEGIN
#version 430 core


in  vec2 UV;
out vec4 outColor;

layout(location = 20) uniform sampler2D textureSampler;

void main()
{


	vec3 tempCol = texture(textureSampler, UV).rgb;

	outColor = vec4(tempCol.r / 1.5f, tempCol.g / 1.5f, tempCol.b / 1.5f, 1.0f);
}


//END

2016-08-22 11:14:45:215[Debug        ]  ShaderProgram::AddShader() file with data was read in
2016-08-22 11:14:45:215[Debug        ] ShaderProgram::AddShader() : glShaderSource() successful
2016-08-22 11:14:45:215[Debug        ] ShaderProgram::AddShader() : glCompileShader() successful
2016-08-22 11:14:45:215[Info         ] ShaderProgram::CheckShaderCompileStatus(12) successful.
2016-08-22 11:14:45:216[Debug        ] ShaderProgram::AddShader() : glCompileShader() successful
2016-08-22 11:14:45:216[Info         ] ShaderInfo saved successfully.
2016-08-22 11:14:45:216[Debug        ] ShaderProgram::AddShader() : glAttachShader() successful
2016-08-22 11:14:45:216[Info         ] ShaderProgram::AddShader [12] successful.
2016-08-22 11:14:45:216[Info         ] CheckProgramStatus() successful!
2016-08-22 11:14:45:217[Info         ] CheckProgramStatus() successful!
2016-08-22 11:14:45:217[Info         ] Shader Init started
2016-08-22 11:14:45:217[Info         ] Shader Program created.
2016-08-22 11:14:45:217[Process      ] ShaderProgram::Initialize()[13] successful!
2016-08-22 11:14:45:217[Debug        ] File [..\Data\shaders\lighting.vert.shader] Opened successfully! Buffer Length:[1145]
2016-08-22 11:14:45:217[cDebug       ] Shader file [..\Data\shaders\lighting.vert.shader] is too big to display contents.
2016-08-22 11:14:45:218[Debug        ]  ShaderProgram::AddShader() file with data was read in
2016-08-22 11:14:45:218[Debug        ] ShaderProgram::AddShader() : glShaderSource() successful
2016-08-22 11:14:45:218[Debug        ] ShaderProgram::AddShader() : glCompileShader() successful
2016-08-22 11:14:45:219[Info         ] ShaderProgram::CheckShaderCompileStatus(14) successful.
2016-08-22 11:14:45:219[Debug        ] ShaderProgram::AddShader() : glCompileShader() successful
2016-08-22 11:14:45:219[Info         ] ShaderInfo saved successfully.
2016-08-22 11:14:45:219[Debug        ] ShaderProgram::AddShader() : glAttachShader() successful
2016-08-22 11:14:45:219[Info         ] ShaderProgram::AddShader [14] successful.
2016-08-22 11:14:45:219[Debug        ] File [..\Data\shaders\lighting.frag.shader] Opened successfully! Buffer Length:[1744]
2016-08-22 11:14:45:219[cDebug       ] Shader file [..\Data\shaders\lighting.frag.shader] is too big to display contents.
2016-08-22 11:14:45:220[Debug        ]  ShaderProgram::AddShader() file with data was read in
2016-08-22 11:14:45:220[Debug        ] ShaderProgram::AddShader() : glShaderSource() successful
2016-08-22 11:14:45:221[Debug        ] ShaderProgram::AddShader() : glCompileShader() successful
2016-08-22 11:14:45:221[Info         ] ShaderProgram::CheckShaderCompileStatus(15) successful.
2016-08-22 11:14:45:221[Debug        ] ShaderProgram::AddShader() : glCompileShader() successful
2016-08-22 11:14:45:221[Info         ] ShaderInfo saved successfully.
2016-08-22 11:14:45:221[Debug        ] ShaderProgram::AddShader() : glAttachShader() successful
2016-08-22 11:14:45:221[Info         ] ShaderProgram::AddShader [15] successful.
2016-08-22 11:14:45:224[Info         ] CheckProgramStatus() successful!
2016-08-22 11:14:45:224[Info         ] CheckProgramStatus() successful!
2016-08-22 11:14:45:224[Info         ] Shader Init started
2016-08-22 11:14:45:224[Info         ] Shader Program created.
2016-08-22 11:14:45:225[Process      ] ShaderProgram::Initialize()[16] successful!
2016-08-22 11:14:45:225[Debug        ] File [..\Data\shaders\texlighting.vert.shader] Opened successfully! Buffer Length:[1110]
2016-08-22 11:14:45:225[cDebug       ] Shader file [..\Data\shaders\texlighting.vert.shader] is too big to display contents.
2016-08-22 11:14:45:226[Debug        ]  ShaderProgram::AddShader() file with data was read in
2016-08-22 11:14:45:226[Debug        ] ShaderProgram::AddShader() : glShaderSource() successful
2016-08-22 11:14:45:227[Debug        ] ShaderProgram::AddShader() : glCompileShader() successful
2016-08-22 11:14:45:227[Info         ] ShaderProgram::CheckShaderCompileStatus(17) successful.
2016-08-22 11:14:45:227[Debug        ] ShaderProgram::AddShader() : glCompileShader() successful
2016-08-22 11:14:45:227[Info         ] ShaderInfo saved successfully.
2016-08-22 11:14:45:227[Debug        ] ShaderProgram::AddShader() : glAttachShader() successful
2016-08-22 11:14:45:227[Info         ] ShaderProgram::AddShader [17] successful.
2016-08-22 11:14:45:227[Debug        ] File [..\Data\shaders\texlighting.frag.shader] Opened successfully! Buffer Length:[1717]
2016-08-22 11:14:45:227[cDebug       ] Shader file [..\Data\shaders\texlighting.frag.shader] is too big to display contents.
2016-08-22 11:14:45:228[Debug        ]  ShaderProgram::AddShader() file with data was read in
2016-08-22 11:14:45:228[Debug        ] ShaderProgram::AddShader() : glShaderSource() successful
2016-08-22 11:14:45:228[Debug        ] ShaderProgram::AddShader() : glCompileShader() successful
2016-08-22 11:14:45:228[Info         ] ShaderProgram::CheckShaderCompileStatus(18) successful.
2016-08-22 11:14:45:228[Debug        ] ShaderProgram::AddShader() : glCompileShader() successful
2016-08-22 11:14:45:228[Info         ] ShaderInfo saved successfully.
2016-08-22 11:14:45:228[Debug        ] ShaderProgram::AddShader() : glAttachShader() successful
2016-08-22 11:14:45:228[Info         ] ShaderProgram::AddShader [18] successful.
2016-08-22 11:14:45:231[Info         ] CheckProgramStatus() successful!
2016-08-22 11:14:45:231[Info         ] CheckProgramStatus() successful!
2016-08-22 11:14:45:231[Info         ] Shader Init started
2016-08-22 11:14:45:231[Info         ] Shader Program created.
2016-08-22 11:14:45:231[Process      ] ShaderProgram::Initialize()[19] successful!
2016-08-22 11:14:45:232[Debug        ] File [..\Data\shaders\water.vert.shader] Opened successfully! Buffer Length:[1400]
2016-08-22 11:14:45:232[cDebug       ] Shader file [..\Data\shaders\water.vert.shader] is too big to display contents.
2016-08-22 11:14:45:233[Debug        ]  ShaderProgram::AddShader() file with data was read in
2016-08-22 11:14:45:233[Debug        ] ShaderProgram::AddShader() : glShaderSource() successful
2016-08-22 11:14:45:233[Debug        ] ShaderProgram::AddShader() : glCompileShader() successful
2016-08-22 11:14:45:234[Info         ] ShaderProgram::CheckShaderCompileStatus(20) successful.
2016-08-22 11:14:45:234[Debug        ] ShaderProgram::AddShader() : glCompileShader() successful
2016-08-22 11:14:45:234[Info         ] ShaderInfo saved successfully.
2016-08-22 11:14:45:234[Debug        ] ShaderProgram::AddShader() : glAttachShader() successful
2016-08-22 11:14:45:234[Info         ] ShaderProgram::AddShader [20] successful.
2016-08-22 11:14:45:234[Debug        ] File [..\Data\shaders\water.frag.shader] Opened successfully! Buffer Length:[2436]
2016-08-22 11:14:45:234[cDebug       ] Shader file [..\Data\shaders\water.frag.shader] is too big to display contents.
2016-08-22 11:14:45:235[Debug        ]  ShaderProgram::AddShader() file with data was read in
2016-08-22 11:14:45:235[Debug        ] ShaderProgram::AddShader() : glShaderSource() successful
2016-08-22 11:14:45:236[Debug        ] ShaderProgram::AddShader() : glCompileShader() successful
2016-08-22 11:14:45:236[Info         ] ShaderProgram::CheckShaderCompileStatus(21) successful.
2016-08-22 11:14:45:236[Debug        ] ShaderProgram::AddShader() : glCompileShader() successful
2016-08-22 11:14:45:236[Info         ] ShaderInfo saved successfully.
2016-08-22 11:14:45:236[Debug        ] ShaderProgram::AddShader() : glAttachShader() successful
2016-08-22 11:14:45:236[Info         ] ShaderProgram::AddShader [21] successful.
2016-08-22 11:14:45:238[Info         ] CheckProgramStatus() successful!
2016-08-22 11:14:45:238[Info         ] CheckProgramStatus() successful!
2016-08-22 11:14:45:238[Info         ] GetAttribLocation [vPosition] successful.
2016-08-22 11:14:45:238[Info         ] GetUniformLocation [colorin] successful.
2016-08-22 11:14:45:238[Info         ] GetUniformLocation [MAT] successful.
2016-08-22 11:14:45:238[cProcess     ] RenderEngine::Initialize() successful.
2016-08-22 11:14:45:240[cInfo        ] 
-----------------------------------------------------------------------
 BufferInfo::CreateBuffers()[0] Created buffers:| VERTEX [1] with [80] bytes. || INDEX [2] with [24] bytes |
-----------------------------------------------------------------------

2016-08-22 11:14:45:246[cInfo        ] --------BufferInfo::AddMesh() Added mesh successfully-------
2016-08-22 11:14:45:248[cInfo        ] 
2016-08-22 11:14:45:249[cInfo        ] --------------------| START BUFFER MESH INFO |-------------------------------------
2016-08-22 11:14:45:251[cInfo        ] BufferInfo::AddMesh(): NUM VERTS-----------------[4]
2016-08-22 11:14:45:252[cInfo        ] BufferInfo::AddMesh(): NUM INDICES---------------[6]
2016-08-22 11:14:45:254[cInfo        ] BufferInfo::AddMesh(): VERT OFFSET---------------[0]
2016-08-22 11:14:45:255[cInfo        ] BufferInfo::AddMesh(): INDICES OFFSET (BYTES)----[0]
2016-08-22 11:14:45:257[cInfo        ] --------------------|  END BUFFER MESH INFO  |--------------------------------------
2016-08-22 11:14:45:259[cInfo        ] 

2016-08-22 11:14:45:260[cInfo        ] 
-----------------------------------------------------------------------
 BufferInfo::CreateBuffers()[0] Created buffers:| VERTEX [3] with [96] bytes. || INDEX [4] with [48] bytes |
-----------------------------------------------------------------------

2016-08-22 11:14:45:266[cInfo        ] --------BufferInfo::AddMesh() Added mesh successfully-------
2016-08-22 11:14:45:268[cInfo        ] 
2016-08-22 11:14:45:268[cInfo        ] --------------------| START BUFFER MESH INFO |-------------------------------------
2016-08-22 11:14:45:269[cInfo        ] BufferInfo::AddMesh(): NUM VERTS-----------------[8]
2016-08-22 11:14:45:271[cInfo        ] BufferInfo::AddMesh(): NUM INDICES---------------[24]
2016-08-22 11:14:45:272[cInfo        ] BufferInfo::AddMesh(): VERT OFFSET---------------[0]
2016-08-22 11:14:45:273[cInfo        ] BufferInfo::AddMesh(): INDICES OFFSET (BYTES)----[0]
2016-08-22 11:14:45:274[cInfo        ] --------------------|  END BUFFER MESH INFO  |--------------------------------------
2016-08-22 11:14:45:276[cInfo        ] 

2016-08-22 11:14:45:279[cInfo        ] 
-----------------------------------------------------------------------
 BufferInfo::CreateBuffers()[0] Created buffers:| VERTEX [5] with [864] bytes. || INDEX [6] with [0] bytes |
-----------------------------------------------------------------------

2016-08-22 11:14:45:282[cInfo        ] --------BufferInfo::AddMesh() Added mesh successfully-------
2016-08-22 11:14:45:283[cInfo        ] 
2016-08-22 11:14:45:283[cInfo        ] --------------------| START BUFFER MESH INFO |-------------------------------------
2016-08-22 11:14:45:284[cInfo        ] BufferInfo::AddMesh(): NUM VERTS-----------------[36]
2016-08-22 11:14:45:285[cInfo        ] BufferInfo::AddMesh(): NUM INDICES---------------[0]
2016-08-22 11:14:45:286[cInfo        ] BufferInfo::AddMesh(): VERT OFFSET---------------[0]
2016-08-22 11:14:45:287[cInfo        ] BufferInfo::AddMesh(): INDICES OFFSET (BYTES)----[0]
2016-08-22 11:14:45:288[cInfo        ] --------------------|  END BUFFER MESH INFO  |--------------------------------------
2016-08-22 11:14:45:289[cInfo        ] 

2016-08-22 11:14:45:289[cInfo        ] 
-----------------------------------------------------------------------
 BufferInfo::CreateBuffers()[0] Created buffers:| VERTEX [7] with [144] bytes. || INDEX [8] with [0] bytes |
-----------------------------------------------------------------------

2016-08-22 11:14:45:295[cInfo        ] --------BufferInfo::AddMesh() Added mesh successfully-------
2016-08-22 11:14:45:296[cInfo        ] 
2016-08-22 11:14:45:296[cInfo        ] --------------------| START BUFFER MESH INFO |-------------------------------------
2016-08-22 11:14:45:297[cInfo        ] BufferInfo::AddMesh(): NUM VERTS-----------------[6]
2016-08-22 11:14:45:298[cInfo        ] BufferInfo::AddMesh(): NUM INDICES---------------[0]
2016-08-22 11:14:45:299[cInfo        ] BufferInfo::AddMesh(): VERT OFFSET---------------[0]
2016-08-22 11:14:45:299[cInfo        ] BufferInfo::AddMesh(): INDICES OFFSET (BYTES)----[0]
2016-08-22 11:14:45:300[cInfo        ] --------------------|  END BUFFER MESH INFO  |--------------------------------------
2016-08-22 11:14:45:301[cInfo        ] 

2016-08-22 11:14:45:302[Process      ] BufferInfo::Initialize() successful.
2016-08-22 11:14:45:302[cInfo        ] 
-----------------------------------------------------------------------
 BufferInfo::CreateBuffers()[0] Created buffers:| VERTEX [9] with [1000000] bytes. || INDEX [10] with [1000000] bytes |
-----------------------------------------------------------------------

2016-08-22 11:14:45:305[cInfo        ] --------BufferInfo::AddMesh() Added mesh successfully-------
2016-08-22 11:14:45:306[cInfo        ] 
2016-08-22 11:14:45:306[cInfo        ] --------------------| START BUFFER MESH INFO |-------------------------------------
2016-08-22 11:14:45:309[cInfo        ] BufferInfo::AddMesh(): NUM VERTS-----------------[24]
2016-08-22 11:14:45:310[cInfo        ] BufferInfo::AddMesh(): NUM INDICES---------------[36]
2016-08-22 11:14:45:311[cInfo        ] BufferInfo::AddMesh(): VERT OFFSET---------------[0]
2016-08-22 11:14:45:312[cInfo        ] BufferInfo::AddMesh(): INDICES OFFSET (BYTES)----[0]
2016-08-22 11:14:45:313[cInfo        ] --------------------|  END BUFFER MESH INFO  |--------------------------------------
2016-08-22 11:14:45:315[cInfo        ] 

2016-08-22 11:14:45:317[Process      ] BufferInfo::Initialize() successful.
2016-08-22 11:14:45:317[cInfo        ] 
-----------------------------------------------------------------------
 BufferInfo::CreateBuffers()[1] Created buffers:| VERTEX [11] with [1000000] bytes. || INDEX [12] with [1000000] bytes |
-----------------------------------------------------------------------

2016-08-22 11:14:45:321[cInfo        ] --------BufferInfo::AddMesh() Added mesh successfully-------
2016-08-22 11:14:45:321[cInfo        ] 
2016-08-22 11:14:45:322[cInfo        ] --------------------| START BUFFER MESH INFO |-------------------------------------
2016-08-22 11:14:45:323[cInfo        ] BufferInfo::AddMesh(): NUM VERTS-----------------[1536]
2016-08-22 11:14:45:325[cInfo        ] BufferInfo::AddMesh(): NUM INDICES---------------[3072]
2016-08-22 11:14:45:326[cInfo        ] BufferInfo::AddMesh(): VERT OFFSET---------------[0]
2016-08-22 11:14:45:327[cInfo        ] BufferInfo::AddMesh(): INDICES OFFSET (BYTES)----[0]
2016-08-22 11:14:45:328[cInfo        ] --------------------|  END BUFFER MESH INFO  |--------------------------------------
2016-08-22 11:14:45:329[cInfo        ] 

2016-08-22 11:14:45:330[cInfo        ] 
-----------------------------------------------------------------------
 BufferInfo::CreateBuffers()[0] Created buffers:| VERTEX [13] with [3936] bytes. || INDEX [14] with [0] bytes |
-----------------------------------------------------------------------

2016-08-22 11:14:45:333[cInfo        ] --------BufferInfo::AddMesh() Added mesh successfully-------
2016-08-22 11:14:45:334[cInfo        ] 
2016-08-22 11:14:45:334[cInfo        ] --------------------| START BUFFER MESH INFO |-------------------------------------
2016-08-22 11:14:45:335[cInfo        ] BufferInfo::AddMesh(): NUM VERTS-----------------[164]
2016-08-22 11:14:45:336[cInfo        ] BufferInfo::AddMesh(): NUM INDICES---------------[0]
2016-08-22 11:14:45:337[cInfo        ] BufferInfo::AddMesh(): VERT OFFSET---------------[0]
2016-08-22 11:14:45:337[cInfo        ] BufferInfo::AddMesh(): INDICES OFFSET (BYTES)----[0]
2016-08-22 11:14:45:338[cInfo        ] --------------------|  END BUFFER MESH INFO  |--------------------------------------
2016-08-22 11:14:45:341[cInfo        ] 

2016-08-22 11:14:45:342[cProcess     ] ShapeGenerator initialized successfully.
2016-08-22 11:14:45:343[cProcess     ] Camera::Initialize() successful.
2016-08-22 11:14:45:343[cProcess     ] Keyboard::Initialize() successful
2016-08-22 11:14:45:344[cProcess     ] Keyboard::Initialize() successful
2016-08-22 11:14:45:355[cInfo        ] 
-----------------------------------------------------------------------
 BufferInfo::CreateBuffers()[0] Created buffers:| VERTEX [15] with [10810368] bytes. || INDEX [16] with [0] bytes |
-----------------------------------------------------------------------

2016-08-22 11:14:45:387[cInfo        ] --------BufferInfo::AddMesh() Added mesh successfully-------
2016-08-22 11:14:45:388[cInfo        ] 
2016-08-22 11:14:45:388[cInfo        ] --------------------| START BUFFER MESH INFO |-------------------------------------
2016-08-22 11:14:45:390[cInfo        ] BufferInfo::AddMesh(): NUM VERTS-----------------[337824]
2016-08-22 11:14:45:392[cInfo        ] BufferInfo::AddMesh(): NUM INDICES---------------[0]
2016-08-22 11:14:45:393[cInfo        ] BufferInfo::AddMesh(): VERT OFFSET---------------[0]
2016-08-22 11:14:45:394[cInfo        ] BufferInfo::AddMesh(): INDICES OFFSET (BYTES)----[0]
2016-08-22 11:14:45:396[cInfo        ] --------------------|  END BUFFER MESH INFO  |--------------------------------------
2016-08-22 11:14:45:398[cInfo        ] 

2016-08-22 11:14:45:438[Info         ] ShapeGenerator::ReadSceneFile(): Added new scene [..\Data\Scenes\Dargon.ptn.scene] successfully.
2016-08-22 11:14:45:438[cInfo        ] EntityManager::BuildPlayerEntity(): Built [Dargon] successfully
2016-08-22 11:14:45:444[Process      ] BufferInfo::Initialize() successful.
2016-08-22 11:14:45:449[cInfo        ] 
-----------------------------------------------------------------------
 BufferInfo::CreateBuffers()[2] Created buffers:| VERTEX [17] with [1000000] bytes. || INDEX [18] with [1000000] bytes |
-----------------------------------------------------------------------

2016-08-22 11:14:45:455[cInfo        ] --------BufferInfo::AddMesh() Added mesh successfully-------
2016-08-22 11:14:45:457[cInfo        ] 
2016-08-22 11:14:45:457[cInfo        ] --------------------| START BUFFER MESH INFO |-------------------------------------
2016-08-22 11:14:45:458[cInfo        ] BufferInfo::AddMesh(): NUM VERTS-----------------[36]
2016-08-22 11:14:45:460[cInfo        ] BufferInfo::AddMesh(): NUM INDICES---------------[0]
2016-08-22 11:14:45:461[cInfo        ] BufferInfo::AddMesh(): VERT OFFSET---------------[0]
2016-08-22 11:14:45:462[cInfo        ] BufferInfo::AddMesh(): INDICES OFFSET (BYTES)----[0]
2016-08-22 11:14:45:464[cInfo        ] --------------------|  END BUFFER MESH INFO  |--------------------------------------
2016-08-22 11:14:45:466[cInfo        ] 

2016-08-22 11:14:45:467[Info         ] ShapeGenerator::ReadSceneFile(): Added new scene [..\Data\Scenes\Cube.pn.scene] successfully.
2016-08-22 11:14:45:468[Process      ] BufferInfo::Initialize() successful.
2016-08-22 11:14:45:468[cInfo        ] 
-----------------------------------------------------------------------
 BufferInfo::CreateBuffers()[3] Created buffers:| VERTEX [19] with [1000000] bytes. || INDEX [20] with [1000000] bytes |
-----------------------------------------------------------------------

2016-08-22 11:14:45:471[cInfo        ] --------BufferInfo::AddMesh() Added mesh successfully-------
2016-08-22 11:14:45:472[cInfo        ] 
2016-08-22 11:14:45:473[cInfo        ] --------------------| START BUFFER MESH INFO |-------------------------------------
2016-08-22 11:14:45:474[cInfo        ] BufferInfo::AddMesh(): NUM VERTS-----------------[8718]
2016-08-22 11:14:45:475[cInfo        ] BufferInfo::AddMesh(): NUM INDICES---------------[0]
2016-08-22 11:14:45:476[cInfo        ] BufferInfo::AddMesh(): VERT OFFSET---------------[0]
2016-08-22 11:14:45:476[cInfo        ] BufferInfo::AddMesh(): INDICES OFFSET (BYTES)----[0]
2016-08-22 11:14:45:477[cInfo        ] --------------------|  END BUFFER MESH INFO  |--------------------------------------
2016-08-22 11:14:45:478[cInfo        ] 

2016-08-22 11:14:45:481[Info         ] ShapeGenerator::ReadSceneFile(): Added new scene [..\Data\Scenes\AIWorld.ptn.scene] successfully.
2016-08-22 11:14:45:482[cInfo        ] --------BufferInfo::AddMesh() Added mesh successfully-------
2016-08-22 11:14:45:484[cInfo        ] 
2016-08-22 11:14:45:484[cInfo        ] --------------------| START BUFFER MESH INFO |-------------------------------------
2016-08-22 11:14:45:485[cInfo        ] BufferInfo::AddMesh(): NUM VERTS-----------------[18]
2016-08-22 11:14:45:486[cInfo        ] BufferInfo::AddMesh(): NUM INDICES---------------[0]
2016-08-22 11:14:45:487[cInfo        ] BufferInfo::AddMesh(): VERT OFFSET---------------[36]
2016-08-22 11:14:45:488[cInfo        ] BufferInfo::AddMesh(): INDICES OFFSET (BYTES)----[0]
2016-08-22 11:14:45:489[cInfo        ] --------------------|  END BUFFER MESH INFO  |--------------------------------------
2016-08-22 11:14:45:490[cInfo        ] 

2016-08-22 11:14:45:493[Info         ] ShapeGenerator::ReadSceneFile(): Added new scene [..\Data\Scenes\Pyramid.pn.scene] successfully.
2016-08-22 11:14:45:499[cInfo        ] 
-----------------------------------------------------------------------
 BufferInfo::CreateBuffers()[0] Created buffers:| VERTEX [21] with [5529600] bytes. || INDEX [22] with [0] bytes |
-----------------------------------------------------------------------

2016-08-22 11:14:45:517[cInfo        ] --------BufferInfo::AddMesh() Added mesh successfully-------
2016-08-22 11:14:45:518[cInfo        ] 
2016-08-22 11:14:45:519[cInfo        ] --------------------| START BUFFER MESH INFO |-------------------------------------
2016-08-22 11:14:45:521[cInfo        ] BufferInfo::AddMesh(): NUM VERTS-----------------[172800]
2016-08-22 11:14:45:522[cInfo        ] BufferInfo::AddMesh(): NUM INDICES---------------[0]
2016-08-22 11:14:45:524[cInfo        ] BufferInfo::AddMesh(): VERT OFFSET---------------[0]
2016-08-22 11:14:45:525[cInfo        ] BufferInfo::AddMesh(): INDICES OFFSET (BYTES)----[0]
2016-08-22 11:14:45:527[cInfo        ] --------------------|  END BUFFER MESH INFO  |--------------------------------------
2016-08-22 11:14:45:530[cInfo        ] 

2016-08-22 11:14:45:531[Info         ] ShapeGenerator::ReadSceneFile(): Added new scene [..\Data\Scenes\WaterPlane.ptn.scene] successfully.
2016-08-22 11:14:45:531[cProcess     ] Camera::Initialize() successful.
2016-08-22 11:14:45:540[Process      ] BufferInfo::Initialize() successful.
2016-08-22 11:14:45:540[cInfo        ] 
-----------------------------------------------------------------------
 BufferInfo::CreateBuffers()[4] Created buffers:| VERTEX [23] with [8107776] bytes. || INDEX [24] with [0] bytes |
-----------------------------------------------------------------------

2016-08-22 11:14:45:562[cInfo        ] --------BufferInfo::AddMesh() Added mesh successfully-------
2016-08-22 11:14:45:564[cInfo        ] 
2016-08-22 11:14:45:564[cInfo        ] --------------------| START BUFFER MESH INFO |-------------------------------------
2016-08-22 11:14:45:566[cInfo        ] BufferInfo::AddMesh(): NUM VERTS-----------------[337824]
2016-08-22 11:14:45:568[cInfo        ] BufferInfo::AddMesh(): NUM INDICES---------------[0]
2016-08-22 11:14:45:569[cInfo        ] BufferInfo::AddMesh(): VERT OFFSET---------------[0]
2016-08-22 11:14:45:570[cInfo        ] BufferInfo::AddMesh(): INDICES OFFSET (BYTES)----[0]
2016-08-22 11:14:45:572[cInfo        ] --------------------|  END BUFFER MESH INFO  |--------------------------------------
2016-08-22 11:14:45:575[cInfo        ] 

2016-08-22 11:14:45:577[Info         ] ShapeGenerator::ReadSceneFile(): Added new scene [..\Data\Scenes\Dargon.pn.scene] successfully.
2016-08-22 11:14:45:577[Process      ] BufferInfo::Initialize() successful.
2016-08-22 11:14:45:577[cInfo        ] 
-----------------------------------------------------------------------
 BufferInfo::CreateBuffers()[5] Created buffers:| VERTEX [25] with [1000000] bytes. || INDEX [26] with [1000000] bytes |
-----------------------------------------------------------------------

2016-08-22 11:14:45:581[cInfo        ] --------BufferInfo::AddMesh() Added mesh successfully-------
2016-08-22 11:14:45:582[cInfo        ] 
2016-08-22 11:14:45:582[cInfo        ] --------------------| START BUFFER MESH INFO |-------------------------------------
2016-08-22 11:14:45:583[cInfo        ] BufferInfo::AddMesh(): NUM VERTS-----------------[6]
2016-08-22 11:14:45:584[cInfo        ] BufferInfo::AddMesh(): NUM INDICES---------------[0]
2016-08-22 11:14:45:585[cInfo        ] BufferInfo::AddMesh(): VERT OFFSET---------------[0]
2016-08-22 11:14:45:586[cInfo        ] BufferInfo::AddMesh(): INDICES OFFSET (BYTES)----[0]
2016-08-22 11:14:45:587[cInfo        ] --------------------|  END BUFFER MESH INFO  |--------------------------------------
2016-08-22 11:14:45:588[cInfo        ] 

2016-08-22 11:14:45:589[cProcess     ] BodaciousQuest::Initialize() successful.
2016-08-22 11:14:45:592[Process      ] GameTime::Initialize() ok

2016-08-22 11:14:45:592[cProcess     ] MyWindow::Initialize() successful!
2016-08-22 11:14:58:614[cInfo        ] Cube Position: -0.875458 3.673020 1.043331
2016-08-22 11:15:17:005[cProcess     ] BufferManager::Shutdown() successful.
2016-08-22 11:15:17:006[cProcess     ] RenderEngine::Shutdown() successful.
2016-08-22 11:15:17:008[cProcess     ] Camera::Shutdown() successful.
2016-08-22 11:15:17:009[Info         ] Shader  [2] deleting...
2016-08-22 11:15:17:009[Info         ] Shader  [2] deleted successfully.
2016-08-22 11:15:17:009[Info         ] Shader  [3] deleting...
2016-08-22 11:15:17:009[Info         ] Shader  [3] deleted successfully.
2016-08-22 11:15:17:009[Info         ] All shaders deleted successfully.
2016-08-22 11:15:17:009[cInfo        ] Program [1] deleted successfully.
2016-08-22 11:15:17:010[Process      ] ShaderProgram[1]::Shutdown successful!
2016-08-22 11:15:17:010[Info         ] Shader  [5] deleting...
2016-08-22 11:15:17:010[Info         ] Shader  [5] deleted successfully.
2016-08-22 11:15:17:010[Info         ] Shader  [6] deleting...
2016-08-22 11:15:17:010[Info         ] Shader  [6] deleted successfully.
2016-08-22 11:15:17:010[Info         ] All shaders deleted successfully.
2016-08-22 11:15:17:010[cInfo        ] Program [4] deleted successfully.
2016-08-22 11:15:17:011[Process      ] ShaderProgram[4]::Shutdown successful!
2016-08-22 11:15:17:011[Info         ] Shader  [8] deleting...
2016-08-22 11:15:17:011[Info         ] Shader  [8] deleted successfully.
2016-08-22 11:15:17:011[Info         ] Shader  [9] deleting...
2016-08-22 11:15:17:011[Info         ] Shader  [9] deleted successfully.
2016-08-22 11:15:17:011[Info         ] All shaders deleted successfully.
2016-08-22 11:15:17:011[cInfo        ] Program [7] deleted successfully.
2016-08-22 11:15:17:012[Process      ] ShaderProgram[7]::Shutdown successful!
2016-08-22 11:15:17:012[Info         ] Shader  [11] deleting...
2016-08-22 11:15:17:012[Info         ] Shader  [11] deleted successfully.
2016-08-22 11:15:17:012[Info         ] Shader  [12] deleting...
2016-08-22 11:15:17:012[Info         ] Shader  [12] deleted successfully.
2016-08-22 11:15:17:012[Info         ] All shaders deleted successfully.
2016-08-22 11:15:17:012[cInfo        ] Program [10] deleted successfully.
2016-08-22 11:15:17:013[Process      ] ShaderProgram[10]::Shutdown successful!
2016-08-22 11:15:17:013[Info         ] Shader  [14] deleting...
2016-08-22 11:15:17:013[Info         ] Shader  [14] deleted successfully.
2016-08-22 11:15:17:013[Info         ] Shader  [15] deleting...
2016-08-22 11:15:17:013[Info         ] Shader  [15] deleted successfully.
2016-08-22 11:15:17:013[Info         ] All shaders deleted successfully.
2016-08-22 11:15:17:013[cInfo        ] Program [13] deleted successfully.
2016-08-22 11:15:17:014[Process      ] ShaderProgram[13]::Shutdown successful!
2016-08-22 11:15:17:014[Info         ] Shader  [17] deleting...
2016-08-22 11:15:17:014[Info         ] Shader  [17] deleted successfully.
2016-08-22 11:15:17:014[Info         ] Shader  [18] deleting...
2016-08-22 11:15:17:014[Info         ] Shader  [18] deleted successfully.
2016-08-22 11:15:17:014[Info         ] All shaders deleted successfully.
2016-08-22 11:15:17:014[cInfo        ] Program [16] deleted successfully.
2016-08-22 11:15:17:014[Process      ] ShaderProgram[16]::Shutdown successful!
2016-08-22 11:15:17:015[Info         ] Shader  [20] deleting...
2016-08-22 11:15:17:015[Info         ] Shader  [20] deleted successfully.
2016-08-22 11:15:17:015[Info         ] Shader  [21] deleting...
2016-08-22 11:15:17:015[Info         ] Shader  [21] deleted successfully.
2016-08-22 11:15:17:015[Info         ] All shaders deleted successfully.
2016-08-22 11:15:17:015[cInfo        ] Program [19] deleted successfully.
2016-08-22 11:15:17:015[Process      ] ShaderProgram[19]::Shutdown successful!
2016-08-22 11:15:17:015[cProcess     ] MyWindow::Shutdown() successful!
2016-08-22 11:15:17:016[cProcess     ] BodaciousQuest::Shutdown() successful.
2016-08-22 11:15:17:026[Process      ] ConfigReader shut down successfully
2016-08-22 11:15:17:026[Process      ] GameLogger::ShutDown() successful
