2016-08-18 13:36:19:949[Process      ] GameLogger::Initialize() opened log file [..\Data\LogFiles\2016-08-18 13-36-19.BodaciousQuest.log] for writing
2016-08-18 13:36:19:949[Info         ] GameLogger::Initialize() successful
2016-08-18 13:36:19:949[Process      ] ConfigReader opened [..\Data\BodaciousQuest.config] successfully
2016-08-18 13:36:19:949[Info         ] ConfigReader initialized successfully
2016-08-18 13:36:19:950[Info         ] Valid KVP [BodaciousQuest.ShowFullScreen] [false] added
2016-08-18 13:36:19:950[Info         ] Valid KVP [BodaciousQuest.FpsInterval] [5.0] added
2016-08-18 13:36:19:952[Info         ] Valid KVP [BodaciousQuest.EnableControls] [true] added
2016-08-18 13:36:19:952[Info         ] Valid KVP [BodaciousQuest.LoadCubeFirst] [true] added
2016-08-18 13:36:19:952[Info         ] Valid KVP [BodaciousQuest.CameraWalkMode] [false] added
2016-08-18 13:36:19:952[Info         ] Valid KVP [BodaciousQuest.GridSize] [40] added
2016-08-18 13:36:19:952[Info         ] Valid KVP [BodaciousQuest.LightingTest.Ambient.Color] [1.0  1.0  1.0] added
2016-08-18 13:36:19:952[Info         ] Valid KVP [BodaciousQuest.LightingTest.Diffuse.Color] [1.0  1.0  1.0] added
2016-08-18 13:36:19:952[Info         ] Valid KVP [BodaciousQuest.LightingTest.Specular.Color] [1.0  1.0  1.0] added
2016-08-18 13:36:19:952[Info         ] Valid KVP [BodaciousQuest.LightingTest.Ambient.Reflectivity] [0.01] added
2016-08-18 13:36:19:952[Info         ] Valid KVP [BodaciousQuest.LightingTest.Diffuse.Reflectivity] [0.6] added
2016-08-18 13:36:19:952[Info         ] Valid KVP [BodaciousQuest.LightingTest.Specular.Reflectivity] [0.0] added
2016-08-18 13:36:19:952[Info         ] Valid KVP [BodaciousQuest.LightingTest.Specular.Shininess] [1.0] added
2016-08-18 13:36:19:952[Info         ] Valid KVP [BodaciousQuest.LightingTest.Falloff.A] [1.0] added
2016-08-18 13:36:19:952[Info         ] Valid KVP [BodaciousQuest.LightingTest.Falloff.B] [0.01] added
2016-08-18 13:36:19:952[Info         ] Valid KVP [BodaciousQuest.LightingTest.Falloff.C] [0.1] added
2016-08-18 13:36:19:952[Info         ] Valid KVP [BodaciousQuest.LightingTest.Directional] [false] added
2016-08-18 13:36:19:952[Info         ] Valid KVP [BodaciousQuest.LightingTest.Direction] [-1.0 0.0 1.0] added
2016-08-18 13:36:19:952[Info         ] Valid KVP [BodaciousQuest.LightingTest.Light.Position] [-0.875458 3.673020 1.043331] added
2016-08-18 13:36:19:952[Info         ] Valid KVP [BodaciousQuest.LightingTest.Dargon.Color] [1.0 1.0 0.4] added
2016-08-18 13:36:19:952[Info         ] Valid KVP [ObjConverter.Mode.VertexType] [p] added
2016-08-18 13:36:19:952[Info         ] Valid KVP [ObjConverter.Mode.Analyze] [false] added
2016-08-18 13:36:19:952[Info         ] Valid KVP [ObjConverter.Model] [AIWorld] added
2016-08-18 13:36:19:952[Info         ] Valid KVP [ObjConverter.Shader] [0] added
2016-08-18 13:36:19:952[Info         ] Valid KVP [ObjConverter.Color] [random] added
2016-08-18 13:36:19:952[Info         ] Valid KVP [ObjConverter.Obj.InputFileFolder] [..\\Data\\Objs\\] added
2016-08-18 13:36:19:952[Info         ] Valid KVP [ObjConverter.Scene.OutputFileFolder] [..\\Data\\Scenes\\] added
2016-08-18 13:36:19:952[Info         ] Valid KVP [ObjConverter.Model.Dargon.NumVerts] [57967] added
2016-08-18 13:36:19:952[Info         ] Valid KVP [ObjConverter.Model.Dargon.NumIndices] [337824] added
2016-08-18 13:36:19:952[Info         ] Valid KVP [ObjConverter.Model.Dargon.NumTexCoords] [60175] added
2016-08-18 13:36:19:952[Info         ] Valid KVP [ObjConverter.Model.Dargon.NumNormals] [337824] added
2016-08-18 13:36:19:952[Info         ] Valid KVP [ObjConverter.Model.Swamp.NumVerts] [2735] added
2016-08-18 13:36:19:952[Info         ] Valid KVP [ObjConverter.Model.Swamp.NumIndices] [8556] added
2016-08-18 13:36:19:952[Info         ] Valid KVP [ObjConverter.Model.Swamp.NumTexCoords] [3622] added
2016-08-18 13:36:19:952[Info         ] Valid KVP [ObjConverter.Model.Swamp.NumNormals] [5156] added
2016-08-18 13:36:19:952[Info         ] Valid KVP [ObjConverter.Model.Pyramid.NumVerts] [5] added
2016-08-18 13:36:19:952[Info         ] Valid KVP [ObjConverter.Model.Pyramid.NumIndices] [18] added
2016-08-18 13:36:19:952[Info         ] Valid KVP [ObjConverter.Model.Pyramid.NumTexCoords] [10] added
2016-08-18 13:36:19:952[Info         ] Valid KVP [ObjConverter.Model.Pyramid.NumNormals] [16] added
2016-08-18 13:36:19:952[Info         ] Valid KVP [ObjConverter.Model.AIWorld.NumVerts] [1957] added
2016-08-18 13:36:19:952[Info         ] Valid KVP [ObjConverter.Model.AIWorld.NumIndices] [8718] added
2016-08-18 13:36:19:952[Info         ] Valid KVP [ObjConverter.Model.AIWorld.NumTexCoords] [4186] added
2016-08-18 13:36:19:952[Info         ] Valid KVP [ObjConverter.Model.AIWorld.NumNormals] [5418] added
2016-08-18 13:36:19:952[Info         ] Valid KVP [ObjConverter.Model.GameWeapon.NumVerts] [2068] added
2016-08-18 13:36:19:952[Info         ] Valid KVP [ObjConverter.Model.GameWeapon.NumIndices] [9894] added
2016-08-18 13:36:19:952[Info         ] Valid KVP [ObjConverter.Model.GameWeapon.NumTexCoords] [0] added
2016-08-18 13:36:19:953[Info         ] Valid KVP [ObjConverter.Model.GameWeapon.NumNormals] [0] added
2016-08-18 13:36:19:953[Info         ] Valid KVP [ObjConverter.Model.Chicken.NumVerts] [224] added
2016-08-18 13:36:19:953[Info         ] Valid KVP [ObjConverter.Model.Chicken.NumIndices] [1374] added
2016-08-18 13:36:19:953[Info         ] Valid KVP [ObjConverter.Model.Chicken.NumTexCoords] [472] added
2016-08-18 13:36:19:953[Info         ] Valid KVP [ObjConverter.Model.Chicken.NumNormals] [565] added
2016-08-18 13:36:19:953[Info         ] Valid KVP [ObjConverter.Model.WaterPlane.NumVerts] [29282] added
2016-08-18 13:36:19:953[Info         ] Valid KVP [ObjConverter.Model.WaterPlane.NumIndices] [172800] added
2016-08-18 13:36:19:953[Info         ] Valid KVP [ObjConverter.Model.WaterPlane.NumTexCoords] [29282] added
2016-08-18 13:36:19:953[Info         ] Valid KVP [ObjConverter.Model.WaterPlane.NumNormals] [172800] added
2016-08-18 13:36:19:953[Info         ] Valid KVP [ObjConverter.Model.Cube.NumVerts] [8] added
2016-08-18 13:36:19:953[Info         ] Valid KVP [ObjConverter.Model.Cube.NumIndices] [36] added
2016-08-18 13:36:19:953[Info         ] Valid KVP [ObjConverter.Model.Cube.NumTexCoords] [14] added
2016-08-18 13:36:19:953[Info         ] Valid KVP [ObjConverter.Model.Cube.NumNormals] [24] added
2016-08-18 13:36:19:953[Info         ] Valid KVP [ObjConverter.Model.Barrel.NumVerts] [172] added
2016-08-18 13:36:19:953[Info         ] Valid KVP [ObjConverter.Model.Barrel.NumIndices] [1008] added
2016-08-18 13:36:19:953[Info         ] Valid KVP [ObjConverter.Model.Barrel.NumTexCoords] [328] added
2016-08-18 13:36:19:953[Info         ] Valid KVP [ObjConverter.Model.Barrel.NumNormals] [204] added
2016-08-18 13:36:19:953[Info         ] Valid KVP [ObjConverter.Model.SkyBox.NumVerts] [8] added
2016-08-18 13:36:19:953[Info         ] Valid KVP [ObjConverter.Model.SkyBox.NumIndices] [36] added
2016-08-18 13:36:19:953[Info         ] Valid KVP [ObjConverter.Model.SkyBox.NumTexCoords] [18] added
2016-08-18 13:36:19:953[Info         ] Valid KVP [ObjConverter.Model.SkyBox.NumNormals] [24] added
2016-08-18 13:36:20:022[cInfo        ] Config reader opened [..\Data\BodaciousQuest.config] for reading!
2016-08-18 13:36:20:081[Process      ] ShaderManager Initialized successfully
2016-08-18 13:36:20:081[Info         ] Shader Init started
2016-08-18 13:36:20:081[Info         ] Shader Program created.
2016-08-18 13:36:20:081[Process      ] ShaderProgram::Initialize()[1] successful!
2016-08-18 13:36:20:081[Debug        ] File [..\Data\shaders\debug.vert.shader] Opened successfully! Buffer Length:[291]
2016-08-18 13:36:20:081[Debug        ] Shader file [..\Data\shaders\debug.vert.shader] contents:
//BEGIN
#version 430 core

layout(location = 0)  in vec3 vPosition;

layout(location = 15) uniform vec3 colorin;
layout(location = 16) uniform mat4 MAT;

out vec4 color;

void main()
{
	vec4 vertPos = vec4(vPosition, 1.0);
	gl_Position = MAT *  vertPos;
	color = vec4(colorin, 1.0);
}
//END

2016-08-18 13:36:20:081[Debug        ]  ShaderProgram::AddShader() file with data was read in
2016-08-18 13:36:20:081[Debug        ] ShaderProgram::AddShader() : glShaderSource() successful
2016-08-18 13:36:20:082[Debug        ] ShaderProgram::AddShader() : glCompileShader() successful
2016-08-18 13:36:20:082[Info         ] ShaderProgram::CheckShaderCompileStatus(2) successful.
2016-08-18 13:36:20:082[Debug        ] ShaderProgram::AddShader() : glCompileShader() successful
2016-08-18 13:36:20:082[Info         ] ShaderInfo saved successfully.
2016-08-18 13:36:20:082[Debug        ] ShaderProgram::AddShader() : glAttachShader() successful
2016-08-18 13:36:20:082[Info         ] ShaderProgram::AddShader [2] successful.
2016-08-18 13:36:20:082[Debug        ] File [..\Data\shaders\debug.frag.shader] Opened successfully! Buffer Length:[104]
2016-08-18 13:36:20:082[Debug        ] Shader file [..\Data\shaders\debug.frag.shader] contents:
//BEGIN
#version 430 core


in  vec4 color;
out vec4 outColor;

void main()
{
	outColor = color;
}


//END

2016-08-18 13:36:20:082[Debug        ]  ShaderProgram::AddShader() file with data was read in
2016-08-18 13:36:20:082[Debug        ] ShaderProgram::AddShader() : glShaderSource() successful
2016-08-18 13:36:20:082[Debug        ] ShaderProgram::AddShader() : glCompileShader() successful
2016-08-18 13:36:20:082[Info         ] ShaderProgram::CheckShaderCompileStatus(3) successful.
2016-08-18 13:36:20:082[Debug        ] ShaderProgram::AddShader() : glCompileShader() successful
2016-08-18 13:36:20:082[Info         ] ShaderInfo saved successfully.
2016-08-18 13:36:20:082[Debug        ] ShaderProgram::AddShader() : glAttachShader() successful
2016-08-18 13:36:20:082[Info         ] ShaderProgram::AddShader [3] successful.
2016-08-18 13:36:20:083[Info         ] CheckProgramStatus() successful!
2016-08-18 13:36:20:083[Info         ] CheckProgramStatus() successful!
2016-08-18 13:36:20:083[Info         ] Shader Init started
2016-08-18 13:36:20:083[Info         ] Shader Program created.
2016-08-18 13:36:20:083[Process      ] ShaderProgram::Initialize()[4] successful!
2016-08-18 13:36:20:084[Debug        ] File [..\Data\shaders\play.vert.shader] Opened successfully! Buffer Length:[343]
2016-08-18 13:36:20:084[Debug        ] Shader file [..\Data\shaders\play.vert.shader] contents:
//BEGIN
#version 430 core

layout (location = 0)  in vec3 vPosition;
layout (location = 1)  in vec3 vColor;
layout (location = 15) uniform vec3 colorin;
layout (location = 16) uniform mat4 MAT;

out vec4 color;

void main()
{
	vec4 vertPos = vec4(vPosition, 1.0);
	gl_Position = MAT *  vertPos;
	color = vec4((vColor + colorin), 1.0);
}
//END

2016-08-18 13:36:20:084[Debug        ]  ShaderProgram::AddShader() file with data was read in
2016-08-18 13:36:20:084[Debug        ] ShaderProgram::AddShader() : glShaderSource() successful
2016-08-18 13:36:20:084[Debug        ] ShaderProgram::AddShader() : glCompileShader() successful
2016-08-18 13:36:20:084[Info         ] ShaderProgram::CheckShaderCompileStatus(5) successful.
2016-08-18 13:36:20:084[Debug        ] ShaderProgram::AddShader() : glCompileShader() successful
2016-08-18 13:36:20:084[Info         ] ShaderInfo saved successfully.
2016-08-18 13:36:20:084[Debug        ] ShaderProgram::AddShader() : glAttachShader() successful
2016-08-18 13:36:20:084[Info         ] ShaderProgram::AddShader [5] successful.
2016-08-18 13:36:20:084[Debug        ] File [..\Data\shaders\play.frag.shader] Opened successfully! Buffer Length:[391]
2016-08-18 13:36:20:084[Debug        ] Shader file [..\Data\shaders\play.frag.shader] contents:
//BEGIN
#version 430 core


in  vec4 color;
out vec4 outColor;

void main()
{

	//if (color.r < .7) discard;
	outColor = color;

	//if(((gl_FragCoord.x  > 600)&& (gl_FragCoord.y < 300)) || ((gl_FragCoord.y < 300)  && (gl_FragCoord.x  < 600) )) {
	//discard;
	//}

	//vec2 scrPos = vec2(gl_FragCoord) - vec2(350,150);
	//float len =  length(scrPos);
	//if(len < 50 )discard;
}


//END

2016-08-18 13:36:20:084[Debug        ]  ShaderProgram::AddShader() file with data was read in
2016-08-18 13:36:20:084[Debug        ] ShaderProgram::AddShader() : glShaderSource() successful
2016-08-18 13:36:20:084[Debug        ] ShaderProgram::AddShader() : glCompileShader() successful
2016-08-18 13:36:20:084[Info         ] ShaderProgram::CheckShaderCompileStatus(6) successful.
2016-08-18 13:36:20:084[Debug        ] ShaderProgram::AddShader() : glCompileShader() successful
2016-08-18 13:36:20:084[Info         ] ShaderInfo saved successfully.
2016-08-18 13:36:20:084[Debug        ] ShaderProgram::AddShader() : glAttachShader() successful
2016-08-18 13:36:20:084[Info         ] ShaderProgram::AddShader [6] successful.
2016-08-18 13:36:20:085[Info         ] CheckProgramStatus() successful!
2016-08-18 13:36:20:085[Info         ] CheckProgramStatus() successful!
2016-08-18 13:36:20:085[Info         ] Shader Init started
2016-08-18 13:36:20:085[Info         ] Shader Program created.
2016-08-18 13:36:20:085[Process      ] ShaderProgram::Initialize()[7] successful!
2016-08-18 13:36:20:085[Debug        ] File [..\Data\shaders\texture.vert.shader] Opened successfully! Buffer Length:[305]
2016-08-18 13:36:20:085[Debug        ] Shader file [..\Data\shaders\texture.vert.shader] contents:
//BEGIN
#version 430 core

layout (location = 0)  in vec3 vPosition;
layout (location = 1)  in vec2 vUV;

layout (location = 16) uniform mat4 MAT;

//out data
out vec2 UV;

//out vec4 color;

void main()
{
	vec4 vertPos = vec4(vPosition, 1.0);
	gl_Position = MAT *  vertPos;

	UV = vUV;
	
	
}
//END

2016-08-18 13:36:20:085[Debug        ]  ShaderProgram::AddShader() file with data was read in
2016-08-18 13:36:20:085[Debug        ] ShaderProgram::AddShader() : glShaderSource() successful
2016-08-18 13:36:20:085[Debug        ] ShaderProgram::AddShader() : glCompileShader() successful
2016-08-18 13:36:20:085[Info         ] ShaderProgram::CheckShaderCompileStatus(8) successful.
2016-08-18 13:36:20:085[Debug        ] ShaderProgram::AddShader() : glCompileShader() successful
2016-08-18 13:36:20:085[Info         ] ShaderInfo saved successfully.
2016-08-18 13:36:20:085[Debug        ] ShaderProgram::AddShader() : glAttachShader() successful
2016-08-18 13:36:20:085[Info         ] ShaderProgram::AddShader [8] successful.
2016-08-18 13:36:20:086[Debug        ] File [..\Data\shaders\texture.frag.shader] Opened successfully! Buffer Length:[482]
2016-08-18 13:36:20:086[Debug        ] Shader file [..\Data\shaders\texture.frag.shader] contents:
//BEGIN
#version 430 core


in  vec2 UV;
out vec4 outColor;

layout(location = 20) uniform sampler2D textureSampler;

void main()
{

	//if (color.r < .7) discard;
	outColor = vec4(texture(textureSampler, UV).rgb, 1.0);

	//if(((gl_FragCoord.x  > 600)&& (gl_FragCoord.y < 300)) || ((gl_FragCoord.y < 300)  && (gl_FragCoord.x  < 600) )) {
	//discard;
	//}
	//vec2 scrPos = vec2(gl_FragCoord) - vec2(350,150);
	//float len =  length(scrPos);
	//if(len < 50 )discard;
}


//END

2016-08-18 13:36:20:086[Debug        ]  ShaderProgram::AddShader() file with data was read in
2016-08-18 13:36:20:086[Debug        ] ShaderProgram::AddShader() : glShaderSource() successful
2016-08-18 13:36:20:086[Debug        ] ShaderProgram::AddShader() : glCompileShader() successful
2016-08-18 13:36:20:086[Info         ] ShaderProgram::CheckShaderCompileStatus(9) successful.
2016-08-18 13:36:20:086[Debug        ] ShaderProgram::AddShader() : glCompileShader() successful
2016-08-18 13:36:20:086[Info         ] ShaderInfo saved successfully.
2016-08-18 13:36:20:086[Debug        ] ShaderProgram::AddShader() : glAttachShader() successful
2016-08-18 13:36:20:086[Info         ] ShaderProgram::AddShader [9] successful.
2016-08-18 13:36:20:087[Info         ] CheckProgramStatus() successful!
2016-08-18 13:36:20:087[Info         ] CheckProgramStatus() successful!
2016-08-18 13:36:20:087[Info         ] Shader Init started
2016-08-18 13:36:20:087[Info         ] Shader Program created.
2016-08-18 13:36:20:087[Process      ] ShaderProgram::Initialize()[10] successful!
2016-08-18 13:36:20:087[Debug        ] File [..\Data\shaders\framebuffer.vert.shader] Opened successfully! Buffer Length:[305]
2016-08-18 13:36:20:087[Debug        ] Shader file [..\Data\shaders\framebuffer.vert.shader] contents:
//BEGIN
#version 430 core

layout (location = 0)  in vec3 vPosition;
layout (location = 1)  in vec2 vUV;

layout (location = 16) uniform mat4 MAT;

//out data
out vec2 UV;

//out vec4 color;

void main()
{
	vec4 vertPos = vec4(vPosition, 1.0);
	gl_Position = MAT *  vertPos;

	UV = vUV;
	
	
}
//END

2016-08-18 13:36:20:087[Debug        ]  ShaderProgram::AddShader() file with data was read in
2016-08-18 13:36:20:087[Debug        ] ShaderProgram::AddShader() : glShaderSource() successful
2016-08-18 13:36:20:087[Debug        ] ShaderProgram::AddShader() : glCompileShader() successful
2016-08-18 13:36:20:087[Info         ] ShaderProgram::CheckShaderCompileStatus(11) successful.
2016-08-18 13:36:20:087[Debug        ] ShaderProgram::AddShader() : glCompileShader() successful
2016-08-18 13:36:20:087[Info         ] ShaderInfo saved successfully.
2016-08-18 13:36:20:087[Debug        ] ShaderProgram::AddShader() : glAttachShader() successful
2016-08-18 13:36:20:087[Info         ] ShaderProgram::AddShader [11] successful.
2016-08-18 13:36:20:088[Debug        ] File [..\Data\shaders\framebuffer.frag.shader] Opened successfully! Buffer Length:[275]
2016-08-18 13:36:20:088[Debug        ] Shader file [..\Data\shaders\framebuffer.frag.shader] contents:
//BEGIN
#version 430 core


in  vec2 UV;
out vec4 outColor;

layout(location = 20) uniform sampler2D textureSampler;

void main()
{


	vec3 tempCol = texture(textureSampler, UV).rgb;

	outColor = vec4(tempCol.r / 1.5f, tempCol.g / 1.5f, tempCol.b / 1.5f, 1.0f);
}


//END

2016-08-18 13:36:20:088[Debug        ]  ShaderProgram::AddShader() file with data was read in
2016-08-18 13:36:20:088[Debug        ] ShaderProgram::AddShader() : glShaderSource() successful
2016-08-18 13:36:20:088[Debug        ] ShaderProgram::AddShader() : glCompileShader() successful
2016-08-18 13:36:20:088[Info         ] ShaderProgram::CheckShaderCompileStatus(12) successful.
2016-08-18 13:36:20:088[Debug        ] ShaderProgram::AddShader() : glCompileShader() successful
2016-08-18 13:36:20:088[Info         ] ShaderInfo saved successfully.
2016-08-18 13:36:20:088[Debug        ] ShaderProgram::AddShader() : glAttachShader() successful
2016-08-18 13:36:20:088[Info         ] ShaderProgram::AddShader [12] successful.
2016-08-18 13:36:20:089[Info         ] CheckProgramStatus() successful!
2016-08-18 13:36:20:089[Info         ] CheckProgramStatus() successful!
2016-08-18 13:36:20:089[Info         ] Shader Init started
2016-08-18 13:36:20:089[Info         ] Shader Program created.
2016-08-18 13:36:20:089[Process      ] ShaderProgram::Initialize()[13] successful!
2016-08-18 13:36:20:089[Debug        ] File [..\Data\shaders\lighting.vert.shader] Opened successfully! Buffer Length:[1121]
2016-08-18 13:36:20:089[cDebug       ] Shader file [..\Data\shaders\lighting.vert.shader] is too big to display contents.
2016-08-18 13:36:20:091[Debug        ]  ShaderProgram::AddShader() file with data was read in
2016-08-18 13:36:20:091[Debug        ] ShaderProgram::AddShader() : glShaderSource() successful
2016-08-18 13:36:20:091[Debug        ] ShaderProgram::AddShader() : glCompileShader() successful
2016-08-18 13:36:20:091[Info         ] ShaderProgram::CheckShaderCompileStatus(14) successful.
2016-08-18 13:36:20:091[Debug        ] ShaderProgram::AddShader() : glCompileShader() successful
2016-08-18 13:36:20:091[Info         ] ShaderInfo saved successfully.
2016-08-18 13:36:20:091[Debug        ] ShaderProgram::AddShader() : glAttachShader() successful
2016-08-18 13:36:20:091[Info         ] ShaderProgram::AddShader [14] successful.
2016-08-18 13:36:20:091[Debug        ] File [..\Data\shaders\lighting.frag.shader] Opened successfully! Buffer Length:[1744]
2016-08-18 13:36:20:091[cDebug       ] Shader file [..\Data\shaders\lighting.frag.shader] is too big to display contents.
2016-08-18 13:36:20:094[Debug        ]  ShaderProgram::AddShader() file with data was read in
2016-08-18 13:36:20:094[Debug        ] ShaderProgram::AddShader() : glShaderSource() successful
2016-08-18 13:36:20:095[Debug        ] ShaderProgram::AddShader() : glCompileShader() successful
2016-08-18 13:36:20:095[Info         ] ShaderProgram::CheckShaderCompileStatus(15) successful.
2016-08-18 13:36:20:095[Debug        ] ShaderProgram::AddShader() : glCompileShader() successful
2016-08-18 13:36:20:095[Info         ] ShaderInfo saved successfully.
2016-08-18 13:36:20:095[Debug        ] ShaderProgram::AddShader() : glAttachShader() successful
2016-08-18 13:36:20:095[Info         ] ShaderProgram::AddShader [15] successful.
2016-08-18 13:36:20:098[Info         ] CheckProgramStatus() successful!
2016-08-18 13:36:20:098[Info         ] CheckProgramStatus() successful!
2016-08-18 13:36:20:098[Info         ] Shader Init started
2016-08-18 13:36:20:098[Info         ] Shader Program created.
2016-08-18 13:36:20:098[Process      ] ShaderProgram::Initialize()[16] successful!
2016-08-18 13:36:20:099[Debug        ] File [..\Data\shaders\texlighting.vert.shader] Opened successfully! Buffer Length:[1090]
2016-08-18 13:36:20:099[cDebug       ] Shader file [..\Data\shaders\texlighting.vert.shader] is too big to display contents.
2016-08-18 13:36:20:100[Debug        ]  ShaderProgram::AddShader() file with data was read in
2016-08-18 13:36:20:100[Debug        ] ShaderProgram::AddShader() : glShaderSource() successful
2016-08-18 13:36:20:100[Debug        ] ShaderProgram::AddShader() : glCompileShader() successful
2016-08-18 13:36:20:100[Info         ] ShaderProgram::CheckShaderCompileStatus(17) successful.
2016-08-18 13:36:20:100[Debug        ] ShaderProgram::AddShader() : glCompileShader() successful
2016-08-18 13:36:20:100[Info         ] ShaderInfo saved successfully.
2016-08-18 13:36:20:100[Debug        ] ShaderProgram::AddShader() : glAttachShader() successful
2016-08-18 13:36:20:100[Info         ] ShaderProgram::AddShader [17] successful.
2016-08-18 13:36:20:100[Debug        ] File [..\Data\shaders\texlighting.frag.shader] Opened successfully! Buffer Length:[1717]
2016-08-18 13:36:20:100[cDebug       ] Shader file [..\Data\shaders\texlighting.frag.shader] is too big to display contents.
2016-08-18 13:36:20:102[Debug        ]  ShaderProgram::AddShader() file with data was read in
2016-08-18 13:36:20:102[Debug        ] ShaderProgram::AddShader() : glShaderSource() successful
2016-08-18 13:36:20:102[Debug        ] ShaderProgram::AddShader() : glCompileShader() successful
2016-08-18 13:36:20:102[Info         ] ShaderProgram::CheckShaderCompileStatus(18) successful.
2016-08-18 13:36:20:102[Debug        ] ShaderProgram::AddShader() : glCompileShader() successful
2016-08-18 13:36:20:102[Info         ] ShaderInfo saved successfully.
2016-08-18 13:36:20:102[Debug        ] ShaderProgram::AddShader() : glAttachShader() successful
2016-08-18 13:36:20:102[Info         ] ShaderProgram::AddShader [18] successful.
2016-08-18 13:36:20:105[Info         ] CheckProgramStatus() successful!
2016-08-18 13:36:20:105[Info         ] CheckProgramStatus() successful!
2016-08-18 13:36:20:105[Info         ] Shader Init started
2016-08-18 13:36:20:105[Info         ] Shader Program created.
2016-08-18 13:36:20:105[Process      ] ShaderProgram::Initialize()[19] successful!
2016-08-18 13:36:20:106[Debug        ] File [..\Data\shaders\water.vert.shader] Opened successfully! Buffer Length:[1400]
2016-08-18 13:36:20:106[cDebug       ] Shader file [..\Data\shaders\water.vert.shader] is too big to display contents.
2016-08-18 13:36:20:107[Debug        ]  ShaderProgram::AddShader() file with data was read in
2016-08-18 13:36:20:107[Debug        ] ShaderProgram::AddShader() : glShaderSource() successful
2016-08-18 13:36:20:108[Debug        ] ShaderProgram::AddShader() : glCompileShader() successful
2016-08-18 13:36:20:108[Info         ] ShaderProgram::CheckShaderCompileStatus(20) successful.
2016-08-18 13:36:20:108[Debug        ] ShaderProgram::AddShader() : glCompileShader() successful
2016-08-18 13:36:20:108[Info         ] ShaderInfo saved successfully.
2016-08-18 13:36:20:108[Debug        ] ShaderProgram::AddShader() : glAttachShader() successful
2016-08-18 13:36:20:108[Info         ] ShaderProgram::AddShader [20] successful.
2016-08-18 13:36:20:108[Debug        ] File [..\Data\shaders\water.frag.shader] Opened successfully! Buffer Length:[2436]
2016-08-18 13:36:20:108[cDebug       ] Shader file [..\Data\shaders\water.frag.shader] is too big to display contents.
2016-08-18 13:36:20:112[Debug        ]  ShaderProgram::AddShader() file with data was read in
2016-08-18 13:36:20:112[Debug        ] ShaderProgram::AddShader() : glShaderSource() successful
2016-08-18 13:36:20:112[Debug        ] ShaderProgram::AddShader() : glCompileShader() successful
2016-08-18 13:36:20:112[Info         ] ShaderProgram::CheckShaderCompileStatus(21) successful.
2016-08-18 13:36:20:112[Debug        ] ShaderProgram::AddShader() : glCompileShader() successful
2016-08-18 13:36:20:112[Info         ] ShaderInfo saved successfully.
2016-08-18 13:36:20:112[Debug        ] ShaderProgram::AddShader() : glAttachShader() successful
2016-08-18 13:36:20:112[Info         ] ShaderProgram::AddShader [21] successful.
2016-08-18 13:36:20:115[Info         ] CheckProgramStatus() successful!
2016-08-18 13:36:20:115[Info         ] CheckProgramStatus() successful!
2016-08-18 13:36:20:116[Info         ] GetAttribLocation [vPosition] successful.
2016-08-18 13:36:20:116[Info         ] GetUniformLocation [colorin] successful.
2016-08-18 13:36:20:116[Info         ] GetUniformLocation [MAT] successful.
2016-08-18 13:36:20:116[cProcess     ] RenderEngine::Initialize() successful.
2016-08-18 13:36:20:117[cInfo        ] 
-----------------------------------------------------------------------
 BufferInfo::CreateBuffers()[0] Created buffers:| VERTEX [1] with [80] bytes. || INDEX [2] with [24] bytes |
-----------------------------------------------------------------------

2016-08-18 13:36:20:122[cInfo        ] --------BufferInfo::AddMesh() Added mesh successfully-------
2016-08-18 13:36:20:123[cInfo        ] 
2016-08-18 13:36:20:123[cInfo        ] --------------------| START BUFFER MESH INFO |-------------------------------------
2016-08-18 13:36:20:125[cInfo        ] BufferInfo::AddMesh(): NUM VERTS-----------------[4]
2016-08-18 13:36:20:126[cInfo        ] BufferInfo::AddMesh(): NUM INDICES---------------[6]
2016-08-18 13:36:20:129[cInfo        ] BufferInfo::AddMesh(): VERT OFFSET---------------[0]
2016-08-18 13:36:20:130[cInfo        ] BufferInfo::AddMesh(): INDICES OFFSET (BYTES)----[0]
2016-08-18 13:36:20:131[cInfo        ] --------------------|  END BUFFER MESH INFO  |--------------------------------------
2016-08-18 13:36:20:132[cInfo        ] 

2016-08-18 13:36:20:133[cInfo        ] 
-----------------------------------------------------------------------
 BufferInfo::CreateBuffers()[0] Created buffers:| VERTEX [3] with [96] bytes. || INDEX [4] with [48] bytes |
-----------------------------------------------------------------------

2016-08-18 13:36:20:137[cInfo        ] --------BufferInfo::AddMesh() Added mesh successfully-------
2016-08-18 13:36:20:140[cInfo        ] 
2016-08-18 13:36:20:140[cInfo        ] --------------------| START BUFFER MESH INFO |-------------------------------------
2016-08-18 13:36:20:142[cInfo        ] BufferInfo::AddMesh(): NUM VERTS-----------------[8]
2016-08-18 13:36:20:143[cInfo        ] BufferInfo::AddMesh(): NUM INDICES---------------[24]
2016-08-18 13:36:20:145[cInfo        ] BufferInfo::AddMesh(): VERT OFFSET---------------[0]
2016-08-18 13:36:20:146[cInfo        ] BufferInfo::AddMesh(): INDICES OFFSET (BYTES)----[0]
2016-08-18 13:36:20:147[cInfo        ] --------------------|  END BUFFER MESH INFO  |--------------------------------------
2016-08-18 13:36:20:149[cInfo        ] 

2016-08-18 13:36:20:151[cInfo        ] 
-----------------------------------------------------------------------
 BufferInfo::CreateBuffers()[0] Created buffers:| VERTEX [5] with [864] bytes. || INDEX [6] with [0] bytes |
-----------------------------------------------------------------------

2016-08-18 13:36:20:155[cInfo        ] --------BufferInfo::AddMesh() Added mesh successfully-------
2016-08-18 13:36:20:156[cInfo        ] 
2016-08-18 13:36:20:156[cInfo        ] --------------------| START BUFFER MESH INFO |-------------------------------------
2016-08-18 13:36:20:157[cInfo        ] BufferInfo::AddMesh(): NUM VERTS-----------------[36]
2016-08-18 13:36:20:162[cInfo        ] BufferInfo::AddMesh(): NUM INDICES---------------[0]
2016-08-18 13:36:20:163[cInfo        ] BufferInfo::AddMesh(): VERT OFFSET---------------[0]
2016-08-18 13:36:20:164[cInfo        ] BufferInfo::AddMesh(): INDICES OFFSET (BYTES)----[0]
2016-08-18 13:36:20:165[cInfo        ] --------------------|  END BUFFER MESH INFO  |--------------------------------------
2016-08-18 13:36:20:166[cInfo        ] 

2016-08-18 13:36:20:167[cInfo        ] 
-----------------------------------------------------------------------
 BufferInfo::CreateBuffers()[0] Created buffers:| VERTEX [7] with [144] bytes. || INDEX [8] with [0] bytes |
-----------------------------------------------------------------------

2016-08-18 13:36:20:172[cInfo        ] --------BufferInfo::AddMesh() Added mesh successfully-------
2016-08-18 13:36:20:173[cInfo        ] 
2016-08-18 13:36:20:173[cInfo        ] --------------------| START BUFFER MESH INFO |-------------------------------------
2016-08-18 13:36:20:175[cInfo        ] BufferInfo::AddMesh(): NUM VERTS-----------------[6]
2016-08-18 13:36:20:177[cInfo        ] BufferInfo::AddMesh(): NUM INDICES---------------[0]
2016-08-18 13:36:20:180[cInfo        ] BufferInfo::AddMesh(): VERT OFFSET---------------[0]
2016-08-18 13:36:20:181[cInfo        ] BufferInfo::AddMesh(): INDICES OFFSET (BYTES)----[0]
2016-08-18 13:36:20:182[cInfo        ] --------------------|  END BUFFER MESH INFO  |--------------------------------------
2016-08-18 13:36:20:183[cInfo        ] 

2016-08-18 13:36:20:184[cProcess     ] BufferManager::Initialize() successful.
2016-08-18 13:36:20:184[cInfo        ] 
-----------------------------------------------------------------------
 BufferInfo::CreateBuffers()[0] Created buffers:| VERTEX [9] with [1000000] bytes. || INDEX [10] with [1000000] bytes |
-----------------------------------------------------------------------

2016-08-18 13:36:20:188[cInfo        ] --------BufferInfo::AddMesh() Added mesh successfully-------
2016-08-18 13:36:20:189[cInfo        ] 
2016-08-18 13:36:20:190[cInfo        ] --------------------| START BUFFER MESH INFO |-------------------------------------
2016-08-18 13:36:20:191[cInfo        ] BufferInfo::AddMesh(): NUM VERTS-----------------[24]
2016-08-18 13:36:20:193[cInfo        ] BufferInfo::AddMesh(): NUM INDICES---------------[36]
2016-08-18 13:36:20:194[cInfo        ] BufferInfo::AddMesh(): VERT OFFSET---------------[0]
2016-08-18 13:36:20:195[cInfo        ] BufferInfo::AddMesh(): INDICES OFFSET (BYTES)----[0]
2016-08-18 13:36:20:196[cInfo        ] --------------------|  END BUFFER MESH INFO  |--------------------------------------
2016-08-18 13:36:20:197[cInfo        ] 

2016-08-18 13:36:20:199[cProcess     ] BufferManager::Initialize() successful.
2016-08-18 13:36:20:201[cInfo        ] 
-----------------------------------------------------------------------
 BufferInfo::CreateBuffers()[1] Created buffers:| VERTEX [11] with [1000000] bytes. || INDEX [12] with [1000000] bytes |
-----------------------------------------------------------------------

2016-08-18 13:36:20:205[cInfo        ] --------BufferInfo::AddMesh() Added mesh successfully-------
2016-08-18 13:36:20:205[cInfo        ] 
2016-08-18 13:36:20:206[cInfo        ] --------------------| START BUFFER MESH INFO |-------------------------------------
2016-08-18 13:36:20:207[cInfo        ] BufferInfo::AddMesh(): NUM VERTS-----------------[1536]
2016-08-18 13:36:20:208[cInfo        ] BufferInfo::AddMesh(): NUM INDICES---------------[3072]
2016-08-18 13:36:20:211[cInfo        ] BufferInfo::AddMesh(): VERT OFFSET---------------[0]
2016-08-18 13:36:20:212[cInfo        ] BufferInfo::AddMesh(): INDICES OFFSET (BYTES)----[0]
2016-08-18 13:36:20:212[cInfo        ] --------------------|  END BUFFER MESH INFO  |--------------------------------------
2016-08-18 13:36:20:214[cInfo        ] 

2016-08-18 13:36:20:214[cInfo        ] 
-----------------------------------------------------------------------
 BufferInfo::CreateBuffers()[0] Created buffers:| VERTEX [13] with [3936] bytes. || INDEX [14] with [0] bytes |
-----------------------------------------------------------------------

2016-08-18 13:36:20:218[cInfo        ] --------BufferInfo::AddMesh() Added mesh successfully-------
2016-08-18 13:36:20:219[cInfo        ] 
2016-08-18 13:36:20:220[cInfo        ] --------------------| START BUFFER MESH INFO |-------------------------------------
2016-08-18 13:36:20:221[cInfo        ] BufferInfo::AddMesh(): NUM VERTS-----------------[164]
2016-08-18 13:36:20:222[cInfo        ] BufferInfo::AddMesh(): NUM INDICES---------------[0]
2016-08-18 13:36:20:223[cInfo        ] BufferInfo::AddMesh(): VERT OFFSET---------------[0]
2016-08-18 13:36:20:224[cInfo        ] BufferInfo::AddMesh(): INDICES OFFSET (BYTES)----[0]
2016-08-18 13:36:20:225[cInfo        ] --------------------|  END BUFFER MESH INFO  |--------------------------------------
2016-08-18 13:36:20:227[cInfo        ] 

2016-08-18 13:36:20:227[cProcess     ] ShapeGenerator initialized successfully.
2016-08-18 13:36:20:228[cProcess     ] Camera::Initialize() successful.
2016-08-18 13:36:20:229[cProcess     ] Keyboard::Initialize() successful
2016-08-18 13:36:20:231[cProcess     ] Keyboard::Initialize() successful
2016-08-18 13:36:20:245[cInfo        ] 
-----------------------------------------------------------------------
 BufferInfo::CreateBuffers()[0] Created buffers:| VERTEX [15] with [10810368] bytes. || INDEX [16] with [0] bytes |
-----------------------------------------------------------------------

2016-08-18 13:36:20:270[cInfo        ] --------BufferInfo::AddMesh() Added mesh successfully-------
2016-08-18 13:36:20:272[cInfo        ] 
2016-08-18 13:36:20:272[cInfo        ] --------------------| START BUFFER MESH INFO |-------------------------------------
2016-08-18 13:36:20:274[cInfo        ] BufferInfo::AddMesh(): NUM VERTS-----------------[337824]
2016-08-18 13:36:20:276[cInfo        ] BufferInfo::AddMesh(): NUM INDICES---------------[0]
2016-08-18 13:36:20:277[cInfo        ] BufferInfo::AddMesh(): VERT OFFSET---------------[0]
2016-08-18 13:36:20:279[cInfo        ] BufferInfo::AddMesh(): INDICES OFFSET (BYTES)----[0]
2016-08-18 13:36:20:281[cInfo        ] --------------------|  END BUFFER MESH INFO  |--------------------------------------
2016-08-18 13:36:20:283[cInfo        ] 

2016-08-18 13:36:20:315[Info         ] ShapeGenerator::ReadSceneFile(): Added new scene [..\Data\Scenes\Dargon.ptn.scene] successfully.
2016-08-18 13:36:20:315[cInfo        ] EntityManager::BuildPlayerEntity(): Built [Dargon] successfully
2016-08-18 13:36:20:317[cProcess     ] BufferManager::Initialize() successful.
2016-08-18 13:36:20:322[cInfo        ] 
-----------------------------------------------------------------------
 BufferInfo::CreateBuffers()[2] Created buffers:| VERTEX [17] with [1000000] bytes. || INDEX [18] with [1000000] bytes |
-----------------------------------------------------------------------

2016-08-18 13:36:20:330[cInfo        ] --------BufferInfo::AddMesh() Added mesh successfully-------
2016-08-18 13:36:20:331[cInfo        ] 
2016-08-18 13:36:20:331[cInfo        ] --------------------| START BUFFER MESH INFO |-------------------------------------
2016-08-18 13:36:20:332[cInfo        ] BufferInfo::AddMesh(): NUM VERTS-----------------[36]
2016-08-18 13:36:20:333[cInfo        ] BufferInfo::AddMesh(): NUM INDICES---------------[0]
2016-08-18 13:36:20:334[cInfo        ] BufferInfo::AddMesh(): VERT OFFSET---------------[0]
2016-08-18 13:36:20:336[cInfo        ] BufferInfo::AddMesh(): INDICES OFFSET (BYTES)----[0]
2016-08-18 13:36:20:337[cInfo        ] --------------------|  END BUFFER MESH INFO  |--------------------------------------
2016-08-18 13:36:20:338[cInfo        ] 

2016-08-18 13:36:20:339[Info         ] ShapeGenerator::ReadSceneFile(): Added new scene [..\Data\Scenes\Cube.pn.scene] successfully.
2016-08-18 13:36:20:339[cInfo        ] --------BufferInfo::AddMesh() Added mesh successfully-------
2016-08-18 13:36:20:340[cInfo        ] 
2016-08-18 13:36:20:340[cInfo        ] --------------------| START BUFFER MESH INFO |-------------------------------------
2016-08-18 13:36:20:341[cInfo        ] BufferInfo::AddMesh(): NUM VERTS-----------------[18]
2016-08-18 13:36:20:343[cInfo        ] BufferInfo::AddMesh(): NUM INDICES---------------[0]
2016-08-18 13:36:20:343[cInfo        ] BufferInfo::AddMesh(): VERT OFFSET---------------[36]
2016-08-18 13:36:20:345[cInfo        ] BufferInfo::AddMesh(): INDICES OFFSET (BYTES)----[0]
2016-08-18 13:36:20:346[cInfo        ] --------------------|  END BUFFER MESH INFO  |--------------------------------------
2016-08-18 13:36:20:347[cInfo        ] 

2016-08-18 13:36:20:348[Info         ] ShapeGenerator::ReadSceneFile(): Added new scene [..\Data\Scenes\Pyramid.pn.scene] successfully.
2016-08-18 13:36:20:355[cInfo        ] 
-----------------------------------------------------------------------
 BufferInfo::CreateBuffers()[0] Created buffers:| VERTEX [19] with [5529600] bytes. || INDEX [20] with [0] bytes |
-----------------------------------------------------------------------

2016-08-18 13:36:20:364[cInfo        ] --------BufferInfo::AddMesh() Added mesh successfully-------
2016-08-18 13:36:20:366[cInfo        ] 
2016-08-18 13:36:20:366[cInfo        ] --------------------| START BUFFER MESH INFO |-------------------------------------
2016-08-18 13:36:20:367[cInfo        ] BufferInfo::AddMesh(): NUM VERTS-----------------[172800]
2016-08-18 13:36:20:368[cInfo        ] BufferInfo::AddMesh(): NUM INDICES---------------[0]
2016-08-18 13:36:20:369[cInfo        ] BufferInfo::AddMesh(): VERT OFFSET---------------[0]
2016-08-18 13:36:20:369[cInfo        ] BufferInfo::AddMesh(): INDICES OFFSET (BYTES)----[0]
2016-08-18 13:36:20:370[cInfo        ] --------------------|  END BUFFER MESH INFO  |--------------------------------------
2016-08-18 13:36:20:372[cInfo        ] 

2016-08-18 13:36:20:372[Info         ] ShapeGenerator::ReadSceneFile(): Added new scene [..\Data\Scenes\WaterPlane.ptn.scene] successfully.
2016-08-18 13:36:20:373[cProcess     ] Camera::Initialize() successful.
2016-08-18 13:36:20:385[cProcess     ] BufferManager::Initialize() successful.
2016-08-18 13:36:20:387[cInfo        ] 
-----------------------------------------------------------------------
 BufferInfo::CreateBuffers()[3] Created buffers:| VERTEX [21] with [8107776] bytes. || INDEX [22] with [0] bytes |
-----------------------------------------------------------------------

2016-08-18 13:36:20:395[cInfo        ] --------BufferInfo::AddMesh() Added mesh successfully-------
2016-08-18 13:36:20:397[cInfo        ] 
2016-08-18 13:36:20:397[cInfo        ] --------------------| START BUFFER MESH INFO |-------------------------------------
2016-08-18 13:36:20:399[cInfo        ] BufferInfo::AddMesh(): NUM VERTS-----------------[337824]
2016-08-18 13:36:20:400[cInfo        ] BufferInfo::AddMesh(): NUM INDICES---------------[0]
2016-08-18 13:36:20:401[cInfo        ] BufferInfo::AddMesh(): VERT OFFSET---------------[0]
2016-08-18 13:36:20:402[cInfo        ] BufferInfo::AddMesh(): INDICES OFFSET (BYTES)----[0]
2016-08-18 13:36:20:403[cInfo        ] --------------------|  END BUFFER MESH INFO  |--------------------------------------
2016-08-18 13:36:20:405[cInfo        ] 

2016-08-18 13:36:20:406[Info         ] ShapeGenerator::ReadSceneFile(): Added new scene [..\Data\Scenes\Dargon.pn.scene] successfully.
2016-08-18 13:36:20:406[cProcess     ] BufferManager::Initialize() successful.
2016-08-18 13:36:20:407[cInfo        ] 
-----------------------------------------------------------------------
 BufferInfo::CreateBuffers()[4] Created buffers:| VERTEX [23] with [1000000] bytes. || INDEX [24] with [1000000] bytes |
-----------------------------------------------------------------------

2016-08-18 13:36:20:411[cInfo        ] --------BufferInfo::AddMesh() Added mesh successfully-------
2016-08-18 13:36:20:412[cInfo        ] 
2016-08-18 13:36:20:412[cInfo        ] --------------------| START BUFFER MESH INFO |-------------------------------------
2016-08-18 13:36:20:415[cInfo        ] BufferInfo::AddMesh(): NUM VERTS-----------------[6]
2016-08-18 13:36:20:416[cInfo        ] BufferInfo::AddMesh(): NUM INDICES---------------[0]
2016-08-18 13:36:20:417[cInfo        ] BufferInfo::AddMesh(): VERT OFFSET---------------[0]
2016-08-18 13:36:20:417[cInfo        ] BufferInfo::AddMesh(): INDICES OFFSET (BYTES)----[0]
2016-08-18 13:36:20:418[cInfo        ] --------------------|  END BUFFER MESH INFO  |--------------------------------------
2016-08-18 13:36:20:420[cInfo        ] 

2016-08-18 13:36:20:420[cProcess     ] BodaciousQuest::Initialize() successful.
2016-08-18 13:36:20:421[Process      ] GameTime::Initialize() ok

2016-08-18 13:36:20:421[cProcess     ] MyWindow::Initialize() successful!
2016-08-18 13:36:20:430[cFatalError  ] ShaderProgram::UseProgram(): glUseProgram() failed.
 GLErrorMsg:(GLInvalid Operation).
2016-08-18 13:36:20:433[Info         ] Shader  [20] deleting...
2016-08-18 13:36:20:433[Info         ] Shader  [20] deleted successfully.
2016-08-18 13:36:20:433[Info         ] Shader  [21] deleting...
2016-08-18 13:36:20:433[Info         ] Shader  [21] deleted successfully.
2016-08-18 13:36:20:433[Info         ] All shaders deleted successfully.
2016-08-18 13:36:20:433[cInfo        ] Program [19] deleted successfully.
2016-08-18 13:36:20:434[cProgError   ] ShaderManager::UseShader() failed
2016-08-18 13:36:20:436[cFatalError  ] Draw failed!
2016-08-18 13:36:20:439[cProcess     ] BufferManager::Shutdown() successful.
2016-08-18 13:36:20:440[cProcess     ] RenderEngine::Shutdown() successful.
2016-08-18 13:36:20:441[cProcess     ] Camera::Shutdown() successful.
2016-08-18 13:36:20:443[Info         ] Shader  [2] deleting...
2016-08-18 13:36:20:443[Info         ] Shader  [2] deleted successfully.
2016-08-18 13:36:20:443[Info         ] Shader  [3] deleting...
2016-08-18 13:36:20:443[Info         ] Shader  [3] deleted successfully.
2016-08-18 13:36:20:443[Info         ] All shaders deleted successfully.
2016-08-18 13:36:20:443[cInfo        ] Program [1] deleted successfully.
2016-08-18 13:36:20:444[Process      ] ShaderProgram[1]::Shutdown successful!
2016-08-18 13:36:20:444[Info         ] Shader  [5] deleting...
2016-08-18 13:36:20:444[Info         ] Shader  [5] deleted successfully.
2016-08-18 13:36:20:444[Info         ] Shader  [6] deleting...
2016-08-18 13:36:20:444[Info         ] Shader  [6] deleted successfully.
2016-08-18 13:36:20:444[Info         ] All shaders deleted successfully.
2016-08-18 13:36:20:444[cInfo        ] Program [4] deleted successfully.
2016-08-18 13:36:20:446[Process      ] ShaderProgram[4]::Shutdown successful!
2016-08-18 13:36:20:446[Info         ] Shader  [8] deleting...
2016-08-18 13:36:20:446[Info         ] Shader  [8] deleted successfully.
2016-08-18 13:36:20:446[Info         ] Shader  [9] deleting...
2016-08-18 13:36:20:446[Info         ] Shader  [9] deleted successfully.
2016-08-18 13:36:20:446[Info         ] All shaders deleted successfully.
2016-08-18 13:36:20:447[cInfo        ] Program [7] deleted successfully.
2016-08-18 13:36:20:447[Process      ] ShaderProgram[7]::Shutdown successful!
2016-08-18 13:36:20:447[Info         ] Shader  [11] deleting...
2016-08-18 13:36:20:447[Info         ] Shader  [11] deleted successfully.
2016-08-18 13:36:20:447[Info         ] Shader  [12] deleting...
2016-08-18 13:36:20:447[Info         ] Shader  [12] deleted successfully.
2016-08-18 13:36:20:447[Info         ] All shaders deleted successfully.
2016-08-18 13:36:20:448[cInfo        ] Program [10] deleted successfully.
2016-08-18 13:36:20:448[Process      ] ShaderProgram[10]::Shutdown successful!
2016-08-18 13:36:20:448[Info         ] Shader  [14] deleting...
2016-08-18 13:36:20:448[Info         ] Shader  [14] deleted successfully.
2016-08-18 13:36:20:448[Info         ] Shader  [15] deleting...
2016-08-18 13:36:20:448[Info         ] Shader  [15] deleted successfully.
2016-08-18 13:36:20:448[Info         ] All shaders deleted successfully.
2016-08-18 13:36:20:448[cInfo        ] Program [13] deleted successfully.
2016-08-18 13:36:20:449[Process      ] ShaderProgram[13]::Shutdown successful!
2016-08-18 13:36:20:449[Info         ] Shader  [17] deleting...
2016-08-18 13:36:20:449[Info         ] Shader  [17] deleted successfully.
2016-08-18 13:36:20:449[Info         ] Shader  [18] deleting...
2016-08-18 13:36:20:449[Info         ] Shader  [18] deleted successfully.
2016-08-18 13:36:20:449[Info         ] All shaders deleted successfully.
2016-08-18 13:36:20:449[cInfo        ] Program [16] deleted successfully.
2016-08-18 13:36:20:450[Process      ] ShaderProgram[16]::Shutdown successful!
2016-08-18 13:36:20:450[Info         ] All shaders deleted successfully.
2016-08-18 13:36:20:450[cInfo        ] Program [19] deleted successfully.
2016-08-18 13:36:20:451[Process      ] ShaderProgram[19]::Shutdown successful!
2016-08-18 13:36:20:451[cProcess     ] MyWindow::Shutdown() successful!
2016-08-18 13:36:20:451[cProcess     ] BodaciousQuest::Shutdown() successful.
2016-08-18 13:36:20:462[Process      ] ConfigReader shut down successfully
2016-08-18 13:36:20:462[Process      ] GameLogger::ShutDown() successful
