2016-08-20 14:47:14:142[Process      ] GameLogger::Initialize() opened log file [..\Data\LogFiles\2016-08-20 14-47-14.BodaciousQuest.log] for writing
2016-08-20 14:47:14:142[Info         ] GameLogger::Initialize() successful
2016-08-20 14:47:14:142[Process      ] ConfigReader opened [..\Data\BodaciousQuest.config] successfully
2016-08-20 14:47:14:142[Info         ] ConfigReader initialized successfully
2016-08-20 14:47:14:142[Info         ] Valid KVP [BodaciousQuest.ShowFullScreen] [false] added
2016-08-20 14:47:14:143[Info         ] Valid KVP [BodaciousQuest.FpsInterval] [5.0] added
2016-08-20 14:47:14:145[Info         ] Valid KVP [BodaciousQuest.EnableControls] [true] added
2016-08-20 14:47:14:145[Info         ] Valid KVP [BodaciousQuest.LoadCubeFirst] [true] added
2016-08-20 14:47:14:145[Info         ] Valid KVP [BodaciousQuest.CameraWalkMode] [false] added
2016-08-20 14:47:14:145[Info         ] Valid KVP [BodaciousQuest.GridSize] [40] added
2016-08-20 14:47:14:145[Info         ] Valid KVP [BodaciousQuest.LightingTest.Ambient.Color] [1.0  1.0  1.0] added
2016-08-20 14:47:14:145[Info         ] Valid KVP [BodaciousQuest.LightingTest.Diffuse.Color] [1.0  1.0  1.0] added
2016-08-20 14:47:14:145[Info         ] Valid KVP [BodaciousQuest.LightingTest.Specular.Color] [0.0  0.0  0.0] added
2016-08-20 14:47:14:145[Info         ] Valid KVP [BodaciousQuest.LightingTest.Ambient.Reflectivity] [0.01] added
2016-08-20 14:47:14:145[Info         ] Valid KVP [BodaciousQuest.LightingTest.Diffuse.Reflectivity] [0.8] added
2016-08-20 14:47:14:145[Info         ] Valid KVP [BodaciousQuest.LightingTest.Specular.Reflectivity] [0.5] added
2016-08-20 14:47:14:145[Info         ] Valid KVP [BodaciousQuest.LightingTest.Specular.Shininess] [1.0] added
2016-08-20 14:47:14:145[Info         ] Valid KVP [BodaciousQuest.LightingTest.Falloff.A] [1.0] added
2016-08-20 14:47:14:145[Info         ] Valid KVP [BodaciousQuest.LightingTest.Falloff.B] [0.01] added
2016-08-20 14:47:14:145[Info         ] Valid KVP [BodaciousQuest.LightingTest.Falloff.C] [0.0001] added
2016-08-20 14:47:14:145[Info         ] Valid KVP [BodaciousQuest.LightingTest.Directional] [false] added
2016-08-20 14:47:14:145[Info         ] Valid KVP [BodaciousQuest.LightingTest.Direction] [-1.0 0.0 1.0] added
2016-08-20 14:47:14:145[Info         ] Valid KVP [BodaciousQuest.LightingTest.Light.Position] [-0.875458 3.673020 1.043331] added
2016-08-20 14:47:14:145[Info         ] Valid KVP [BodaciousQuest.LightingTest.Dargon.Color] [1.0 1.0 0.4] added
2016-08-20 14:47:14:145[Info         ] Valid KVP [ObjConverter.Mode.VertexType] [pn] added
2016-08-20 14:47:14:145[Info         ] Valid KVP [ObjConverter.Mode.Analyze] [false] added
2016-08-20 14:47:14:145[Info         ] Valid KVP [ObjConverter.Model] [Dargon] added
2016-08-20 14:47:14:145[Info         ] Valid KVP [ObjConverter.Shader] [4] added
2016-08-20 14:47:14:145[Info         ] Valid KVP [ObjConverter.Color] [random] added
2016-08-20 14:47:14:145[Info         ] Valid KVP [ObjConverter.Obj.InputFileFolder] [..\\Data\\Objs\\] added
2016-08-20 14:47:14:145[Info         ] Valid KVP [ObjConverter.Scene.OutputFileFolder] [..\\Data\\Scenes\\] added
2016-08-20 14:47:14:145[Info         ] Valid KVP [ObjConverter.Model.Dargon.NumVerts] [57967] added
2016-08-20 14:47:14:145[Info         ] Valid KVP [ObjConverter.Model.Dargon.NumIndices] [337824] added
2016-08-20 14:47:14:145[Info         ] Valid KVP [ObjConverter.Model.Dargon.NumTexCoords] [60175] added
2016-08-20 14:47:14:145[Info         ] Valid KVP [ObjConverter.Model.Dargon.NumNormals] [337824] added
2016-08-20 14:47:14:145[Info         ] Valid KVP [ObjConverter.Model.Swamp.NumVerts] [2735] added
2016-08-20 14:47:14:145[Info         ] Valid KVP [ObjConverter.Model.Swamp.NumIndices] [8556] added
2016-08-20 14:47:14:145[Info         ] Valid KVP [ObjConverter.Model.Swamp.NumTexCoords] [3622] added
2016-08-20 14:47:14:145[Info         ] Valid KVP [ObjConverter.Model.Swamp.NumNormals] [5156] added
2016-08-20 14:47:14:145[Info         ] Valid KVP [ObjConverter.Model.Pyramid.NumVerts] [5] added
2016-08-20 14:47:14:145[Info         ] Valid KVP [ObjConverter.Model.Pyramid.NumIndices] [18] added
2016-08-20 14:47:14:145[Info         ] Valid KVP [ObjConverter.Model.Pyramid.NumTexCoords] [10] added
2016-08-20 14:47:14:145[Info         ] Valid KVP [ObjConverter.Model.Pyramid.NumNormals] [16] added
2016-08-20 14:47:14:145[Info         ] Valid KVP [ObjConverter.Model.AIWorld.NumVerts] [1957] added
2016-08-20 14:47:14:146[Info         ] Valid KVP [ObjConverter.Model.AIWorld.NumIndices] [8718] added
2016-08-20 14:47:14:146[Info         ] Valid KVP [ObjConverter.Model.AIWorld.NumTexCoords] [4186] added
2016-08-20 14:47:14:146[Info         ] Valid KVP [ObjConverter.Model.AIWorld.NumNormals] [5418] added
2016-08-20 14:47:14:146[Info         ] Valid KVP [ObjConverter.Model.GameWeapon.NumVerts] [2068] added
2016-08-20 14:47:14:146[Info         ] Valid KVP [ObjConverter.Model.GameWeapon.NumIndices] [9894] added
2016-08-20 14:47:14:146[Info         ] Valid KVP [ObjConverter.Model.GameWeapon.NumTexCoords] [0] added
2016-08-20 14:47:14:146[Info         ] Valid KVP [ObjConverter.Model.GameWeapon.NumNormals] [0] added
2016-08-20 14:47:14:146[Info         ] Valid KVP [ObjConverter.Model.Chicken.NumVerts] [224] added
2016-08-20 14:47:14:146[Info         ] Valid KVP [ObjConverter.Model.Chicken.NumIndices] [1374] added
2016-08-20 14:47:14:146[Info         ] Valid KVP [ObjConverter.Model.Chicken.NumTexCoords] [472] added
2016-08-20 14:47:14:146[Info         ] Valid KVP [ObjConverter.Model.Chicken.NumNormals] [565] added
2016-08-20 14:47:14:146[Info         ] Valid KVP [ObjConverter.Model.WaterPlane.NumVerts] [29282] added
2016-08-20 14:47:14:146[Info         ] Valid KVP [ObjConverter.Model.WaterPlane.NumIndices] [172800] added
2016-08-20 14:47:14:146[Info         ] Valid KVP [ObjConverter.Model.WaterPlane.NumTexCoords] [29282] added
2016-08-20 14:47:14:146[Info         ] Valid KVP [ObjConverter.Model.WaterPlane.NumNormals] [172800] added
2016-08-20 14:47:14:146[Info         ] Valid KVP [ObjConverter.Model.Cube.NumVerts] [8] added
2016-08-20 14:47:14:146[Info         ] Valid KVP [ObjConverter.Model.Cube.NumIndices] [36] added
2016-08-20 14:47:14:146[Info         ] Valid KVP [ObjConverter.Model.Cube.NumTexCoords] [14] added
2016-08-20 14:47:14:146[Info         ] Valid KVP [ObjConverter.Model.Cube.NumNormals] [24] added
2016-08-20 14:47:14:146[Info         ] Valid KVP [ObjConverter.Model.Barrel.NumVerts] [172] added
2016-08-20 14:47:14:146[Info         ] Valid KVP [ObjConverter.Model.Barrel.NumIndices] [1008] added
2016-08-20 14:47:14:146[Info         ] Valid KVP [ObjConverter.Model.Barrel.NumTexCoords] [328] added
2016-08-20 14:47:14:146[Info         ] Valid KVP [ObjConverter.Model.Barrel.NumNormals] [204] added
2016-08-20 14:47:14:146[Info         ] Valid KVP [ObjConverter.Model.SkyBox.NumVerts] [8] added
2016-08-20 14:47:14:146[Info         ] Valid KVP [ObjConverter.Model.SkyBox.NumIndices] [36] added
2016-08-20 14:47:14:146[Info         ] Valid KVP [ObjConverter.Model.SkyBox.NumTexCoords] [18] added
2016-08-20 14:47:14:146[Info         ] Valid KVP [ObjConverter.Model.SkyBox.NumNormals] [24] added
2016-08-20 14:47:14:239[cInfo        ] Config reader opened [..\Data\BodaciousQuest.config] for reading!
2016-08-20 14:47:14:342[Process      ] ShaderManager Initialized successfully
2016-08-20 14:47:14:342[Info         ] Shader Init started
2016-08-20 14:47:14:342[Info         ] Shader Program created.
2016-08-20 14:47:14:342[Process      ] ShaderProgram::Initialize()[1] successful!
2016-08-20 14:47:14:342[Debug        ] File [..\Data\shaders\debug.vert.shader] Opened successfully! Buffer Length:[291]
2016-08-20 14:47:14:342[Debug        ] Shader file [..\Data\shaders\debug.vert.shader] contents:
//BEGIN
#version 430 core

layout(location = 0)  in vec3 vPosition;

layout(location = 15) uniform vec3 colorin;
layout(location = 16) uniform mat4 MAT;

out vec4 color;

void main()
{
	vec4 vertPos = vec4(vPosition, 1.0);
	gl_Position = MAT *  vertPos;
	color = vec4(colorin, 1.0);
}
//END

2016-08-20 14:47:14:343[Debug        ]  ShaderProgram::AddShader() file with data was read in
2016-08-20 14:47:14:343[Debug        ] ShaderProgram::AddShader() : glShaderSource() successful
2016-08-20 14:47:14:343[Debug        ] ShaderProgram::AddShader() : glCompileShader() successful
2016-08-20 14:47:14:343[Info         ] ShaderProgram::CheckShaderCompileStatus(2) successful.
2016-08-20 14:47:14:343[Debug        ] ShaderProgram::AddShader() : glCompileShader() successful
2016-08-20 14:47:14:343[Info         ] ShaderInfo saved successfully.
2016-08-20 14:47:14:343[Debug        ] ShaderProgram::AddShader() : glAttachShader() successful
2016-08-20 14:47:14:343[Info         ] ShaderProgram::AddShader [2] successful.
2016-08-20 14:47:14:343[Debug        ] File [..\Data\shaders\debug.frag.shader] Opened successfully! Buffer Length:[104]
2016-08-20 14:47:14:343[Debug        ] Shader file [..\Data\shaders\debug.frag.shader] contents:
//BEGIN
#version 430 core


in  vec4 color;
out vec4 outColor;

void main()
{
	outColor = color;
}


//END

2016-08-20 14:47:14:343[Debug        ]  ShaderProgram::AddShader() file with data was read in
2016-08-20 14:47:14:343[Debug        ] ShaderProgram::AddShader() : glShaderSource() successful
2016-08-20 14:47:14:344[Debug        ] ShaderProgram::AddShader() : glCompileShader() successful
2016-08-20 14:47:14:344[Info         ] ShaderProgram::CheckShaderCompileStatus(3) successful.
2016-08-20 14:47:14:344[Debug        ] ShaderProgram::AddShader() : glCompileShader() successful
2016-08-20 14:47:14:344[Info         ] ShaderInfo saved successfully.
2016-08-20 14:47:14:344[Debug        ] ShaderProgram::AddShader() : glAttachShader() successful
2016-08-20 14:47:14:344[Info         ] ShaderProgram::AddShader [3] successful.
2016-08-20 14:47:14:345[Info         ] CheckProgramStatus() successful!
2016-08-20 14:47:14:345[Info         ] CheckProgramStatus() successful!
2016-08-20 14:47:14:345[Info         ] Shader Init started
2016-08-20 14:47:14:345[Info         ] Shader Program created.
2016-08-20 14:47:14:345[Process      ] ShaderProgram::Initialize()[4] successful!
2016-08-20 14:47:14:345[Debug        ] File [..\Data\shaders\play.vert.shader] Opened successfully! Buffer Length:[343]
2016-08-20 14:47:14:345[Debug        ] Shader file [..\Data\shaders\play.vert.shader] contents:
//BEGIN
#version 430 core

layout (location = 0)  in vec3 vPosition;
layout (location = 1)  in vec3 vColor;
layout (location = 15) uniform vec3 colorin;
layout (location = 16) uniform mat4 MAT;

out vec4 color;

void main()
{
	vec4 vertPos = vec4(vPosition, 1.0);
	gl_Position = MAT *  vertPos;
	color = vec4((vColor + colorin), 1.0);
}
//END

2016-08-20 14:47:14:345[Debug        ]  ShaderProgram::AddShader() file with data was read in
2016-08-20 14:47:14:345[Debug        ] ShaderProgram::AddShader() : glShaderSource() successful
2016-08-20 14:47:14:346[Debug        ] ShaderProgram::AddShader() : glCompileShader() successful
2016-08-20 14:47:14:346[Info         ] ShaderProgram::CheckShaderCompileStatus(5) successful.
2016-08-20 14:47:14:346[Debug        ] ShaderProgram::AddShader() : glCompileShader() successful
2016-08-20 14:47:14:346[Info         ] ShaderInfo saved successfully.
2016-08-20 14:47:14:346[Debug        ] ShaderProgram::AddShader() : glAttachShader() successful
2016-08-20 14:47:14:346[Info         ] ShaderProgram::AddShader [5] successful.
2016-08-20 14:47:14:346[Debug        ] File [..\Data\shaders\play.frag.shader] Opened successfully! Buffer Length:[391]
2016-08-20 14:47:14:346[Debug        ] Shader file [..\Data\shaders\play.frag.shader] contents:
//BEGIN
#version 430 core


in  vec4 color;
out vec4 outColor;

void main()
{

	//if (color.r < .7) discard;
	outColor = color;

	//if(((gl_FragCoord.x  > 600)&& (gl_FragCoord.y < 300)) || ((gl_FragCoord.y < 300)  && (gl_FragCoord.x  < 600) )) {
	//discard;
	//}

	//vec2 scrPos = vec2(gl_FragCoord) - vec2(350,150);
	//float len =  length(scrPos);
	//if(len < 50 )discard;
}


//END

2016-08-20 14:47:14:346[Debug        ]  ShaderProgram::AddShader() file with data was read in
2016-08-20 14:47:14:346[Debug        ] ShaderProgram::AddShader() : glShaderSource() successful
2016-08-20 14:47:14:346[Debug        ] ShaderProgram::AddShader() : glCompileShader() successful
2016-08-20 14:47:14:346[Info         ] ShaderProgram::CheckShaderCompileStatus(6) successful.
2016-08-20 14:47:14:346[Debug        ] ShaderProgram::AddShader() : glCompileShader() successful
2016-08-20 14:47:14:346[Info         ] ShaderInfo saved successfully.
2016-08-20 14:47:14:346[Debug        ] ShaderProgram::AddShader() : glAttachShader() successful
2016-08-20 14:47:14:346[Info         ] ShaderProgram::AddShader [6] successful.
2016-08-20 14:47:14:347[Info         ] CheckProgramStatus() successful!
2016-08-20 14:47:14:347[Info         ] CheckProgramStatus() successful!
2016-08-20 14:47:14:347[Info         ] Shader Init started
2016-08-20 14:47:14:347[Info         ] Shader Program created.
2016-08-20 14:47:14:347[Process      ] ShaderProgram::Initialize()[7] successful!
2016-08-20 14:47:14:347[Debug        ] File [..\Data\shaders\texture.vert.shader] Opened successfully! Buffer Length:[305]
2016-08-20 14:47:14:347[Debug        ] Shader file [..\Data\shaders\texture.vert.shader] contents:
//BEGIN
#version 430 core

layout (location = 0)  in vec3 vPosition;
layout (location = 1)  in vec2 vUV;

layout (location = 16) uniform mat4 MAT;

//out data
out vec2 UV;

//out vec4 color;

void main()
{
	vec4 vertPos = vec4(vPosition, 1.0);
	gl_Position = MAT *  vertPos;

	UV = vUV;
	
	
}
//END

2016-08-20 14:47:14:347[Debug        ]  ShaderProgram::AddShader() file with data was read in
2016-08-20 14:47:14:347[Debug        ] ShaderProgram::AddShader() : glShaderSource() successful
2016-08-20 14:47:14:347[Debug        ] ShaderProgram::AddShader() : glCompileShader() successful
2016-08-20 14:47:14:347[Info         ] ShaderProgram::CheckShaderCompileStatus(8) successful.
2016-08-20 14:47:14:347[Debug        ] ShaderProgram::AddShader() : glCompileShader() successful
2016-08-20 14:47:14:347[Info         ] ShaderInfo saved successfully.
2016-08-20 14:47:14:347[Debug        ] ShaderProgram::AddShader() : glAttachShader() successful
2016-08-20 14:47:14:347[Info         ] ShaderProgram::AddShader [8] successful.
2016-08-20 14:47:14:347[Debug        ] File [..\Data\shaders\texture.frag.shader] Opened successfully! Buffer Length:[482]
2016-08-20 14:47:14:347[Debug        ] Shader file [..\Data\shaders\texture.frag.shader] contents:
//BEGIN
#version 430 core


in  vec2 UV;
out vec4 outColor;

layout(location = 20) uniform sampler2D textureSampler;

void main()
{

	//if (color.r < .7) discard;
	outColor = vec4(texture(textureSampler, UV).rgb, 1.0);

	//if(((gl_FragCoord.x  > 600)&& (gl_FragCoord.y < 300)) || ((gl_FragCoord.y < 300)  && (gl_FragCoord.x  < 600) )) {
	//discard;
	//}
	//vec2 scrPos = vec2(gl_FragCoord) - vec2(350,150);
	//float len =  length(scrPos);
	//if(len < 50 )discard;
}


//END

2016-08-20 14:47:14:347[Debug        ]  ShaderProgram::AddShader() file with data was read in
2016-08-20 14:47:14:348[Debug        ] ShaderProgram::AddShader() : glShaderSource() successful
2016-08-20 14:47:14:348[Debug        ] ShaderProgram::AddShader() : glCompileShader() successful
2016-08-20 14:47:14:348[Info         ] ShaderProgram::CheckShaderCompileStatus(9) successful.
2016-08-20 14:47:14:348[Debug        ] ShaderProgram::AddShader() : glCompileShader() successful
2016-08-20 14:47:14:348[Info         ] ShaderInfo saved successfully.
2016-08-20 14:47:14:348[Debug        ] ShaderProgram::AddShader() : glAttachShader() successful
2016-08-20 14:47:14:348[Info         ] ShaderProgram::AddShader [9] successful.
2016-08-20 14:47:14:349[Info         ] CheckProgramStatus() successful!
2016-08-20 14:47:14:349[Info         ] CheckProgramStatus() successful!
2016-08-20 14:47:14:349[Info         ] Shader Init started
2016-08-20 14:47:14:349[Info         ] Shader Program created.
2016-08-20 14:47:14:349[Process      ] ShaderProgram::Initialize()[10] successful!
2016-08-20 14:47:14:349[Debug        ] File [..\Data\shaders\framebuffer.vert.shader] Opened successfully! Buffer Length:[305]
2016-08-20 14:47:14:349[Debug        ] Shader file [..\Data\shaders\framebuffer.vert.shader] contents:
//BEGIN
#version 430 core

layout (location = 0)  in vec3 vPosition;
layout (location = 1)  in vec2 vUV;

layout (location = 16) uniform mat4 MAT;

//out data
out vec2 UV;

//out vec4 color;

void main()
{
	vec4 vertPos = vec4(vPosition, 1.0);
	gl_Position = MAT *  vertPos;

	UV = vUV;
	
	
}
//END

2016-08-20 14:47:14:349[Debug        ]  ShaderProgram::AddShader() file with data was read in
2016-08-20 14:47:14:349[Debug        ] ShaderProgram::AddShader() : glShaderSource() successful
2016-08-20 14:47:14:349[Debug        ] ShaderProgram::AddShader() : glCompileShader() successful
2016-08-20 14:47:14:349[Info         ] ShaderProgram::CheckShaderCompileStatus(11) successful.
2016-08-20 14:47:14:349[Debug        ] ShaderProgram::AddShader() : glCompileShader() successful
2016-08-20 14:47:14:349[Info         ] ShaderInfo saved successfully.
2016-08-20 14:47:14:349[Debug        ] ShaderProgram::AddShader() : glAttachShader() successful
2016-08-20 14:47:14:349[Info         ] ShaderProgram::AddShader [11] successful.
2016-08-20 14:47:14:350[Debug        ] File [..\Data\shaders\framebuffer.frag.shader] Opened successfully! Buffer Length:[275]
2016-08-20 14:47:14:350[Debug        ] Shader file [..\Data\shaders\framebuffer.frag.shader] contents:
//BEGIN
#version 430 core


in  vec2 UV;
out vec4 outColor;

layout(location = 20) uniform sampler2D textureSampler;

void main()
{


	vec3 tempCol = texture(textureSampler, UV).rgb;

	outColor = vec4(tempCol.r / 1.5f, tempCol.g / 1.5f, tempCol.b / 1.5f, 1.0f);
}


//END

2016-08-20 14:47:14:350[Debug        ]  ShaderProgram::AddShader() file with data was read in
2016-08-20 14:47:14:350[Debug        ] ShaderProgram::AddShader() : glShaderSource() successful
2016-08-20 14:47:14:350[Debug        ] ShaderProgram::AddShader() : glCompileShader() successful
2016-08-20 14:47:14:350[Info         ] ShaderProgram::CheckShaderCompileStatus(12) successful.
2016-08-20 14:47:14:350[Debug        ] ShaderProgram::AddShader() : glCompileShader() successful
2016-08-20 14:47:14:350[Info         ] ShaderInfo saved successfully.
2016-08-20 14:47:14:350[Debug        ] ShaderProgram::AddShader() : glAttachShader() successful
2016-08-20 14:47:14:350[Info         ] ShaderProgram::AddShader [12] successful.
2016-08-20 14:47:14:351[Info         ] CheckProgramStatus() successful!
2016-08-20 14:47:14:351[Info         ] CheckProgramStatus() successful!
2016-08-20 14:47:14:351[Info         ] Shader Init started
2016-08-20 14:47:14:351[Info         ] Shader Program created.
2016-08-20 14:47:14:351[Process      ] ShaderProgram::Initialize()[13] successful!
2016-08-20 14:47:14:351[Debug        ] File [..\Data\shaders\lighting.vert.shader] Opened successfully! Buffer Length:[1145]
2016-08-20 14:47:14:351[cDebug       ] Shader file [..\Data\shaders\lighting.vert.shader] is too big to display contents.
2016-08-20 14:47:14:352[Debug        ]  ShaderProgram::AddShader() file with data was read in
2016-08-20 14:47:14:352[Debug        ] ShaderProgram::AddShader() : glShaderSource() successful
2016-08-20 14:47:14:352[Debug        ] ShaderProgram::AddShader() : glCompileShader() successful
2016-08-20 14:47:14:352[Info         ] ShaderProgram::CheckShaderCompileStatus(14) successful.
2016-08-20 14:47:14:352[Debug        ] ShaderProgram::AddShader() : glCompileShader() successful
2016-08-20 14:47:14:352[Info         ] ShaderInfo saved successfully.
2016-08-20 14:47:14:352[Debug        ] ShaderProgram::AddShader() : glAttachShader() successful
2016-08-20 14:47:14:352[Info         ] ShaderProgram::AddShader [14] successful.
2016-08-20 14:47:14:352[Debug        ] File [..\Data\shaders\lighting.frag.shader] Opened successfully! Buffer Length:[1744]
2016-08-20 14:47:14:353[cDebug       ] Shader file [..\Data\shaders\lighting.frag.shader] is too big to display contents.
2016-08-20 14:47:14:353[Debug        ]  ShaderProgram::AddShader() file with data was read in
2016-08-20 14:47:14:353[Debug        ] ShaderProgram::AddShader() : glShaderSource() successful
2016-08-20 14:47:14:354[Debug        ] ShaderProgram::AddShader() : glCompileShader() successful
2016-08-20 14:47:14:354[Info         ] ShaderProgram::CheckShaderCompileStatus(15) successful.
2016-08-20 14:47:14:354[Debug        ] ShaderProgram::AddShader() : glCompileShader() successful
2016-08-20 14:47:14:354[Info         ] ShaderInfo saved successfully.
2016-08-20 14:47:14:354[Debug        ] ShaderProgram::AddShader() : glAttachShader() successful
2016-08-20 14:47:14:354[Info         ] ShaderProgram::AddShader [15] successful.
2016-08-20 14:47:14:357[Info         ] CheckProgramStatus() successful!
2016-08-20 14:47:14:357[Info         ] CheckProgramStatus() successful!
2016-08-20 14:47:14:357[Info         ] Shader Init started
2016-08-20 14:47:14:357[Info         ] Shader Program created.
2016-08-20 14:47:14:358[Process      ] ShaderProgram::Initialize()[16] successful!
2016-08-20 14:47:14:358[Debug        ] File [..\Data\shaders\texlighting.vert.shader] Opened successfully! Buffer Length:[1110]
2016-08-20 14:47:14:358[cDebug       ] Shader file [..\Data\shaders\texlighting.vert.shader] is too big to display contents.
2016-08-20 14:47:14:359[Debug        ]  ShaderProgram::AddShader() file with data was read in
2016-08-20 14:47:14:359[Debug        ] ShaderProgram::AddShader() : glShaderSource() successful
2016-08-20 14:47:14:359[Debug        ] ShaderProgram::AddShader() : glCompileShader() successful
2016-08-20 14:47:14:359[Info         ] ShaderProgram::CheckShaderCompileStatus(17) successful.
2016-08-20 14:47:14:359[Debug        ] ShaderProgram::AddShader() : glCompileShader() successful
2016-08-20 14:47:14:359[Info         ] ShaderInfo saved successfully.
2016-08-20 14:47:14:360[Debug        ] ShaderProgram::AddShader() : glAttachShader() successful
2016-08-20 14:47:14:360[Info         ] ShaderProgram::AddShader [17] successful.
2016-08-20 14:47:14:360[Debug        ] File [..\Data\shaders\texlighting.frag.shader] Opened successfully! Buffer Length:[1717]
2016-08-20 14:47:14:360[cDebug       ] Shader file [..\Data\shaders\texlighting.frag.shader] is too big to display contents.
2016-08-20 14:47:14:361[Debug        ]  ShaderProgram::AddShader() file with data was read in
2016-08-20 14:47:14:361[Debug        ] ShaderProgram::AddShader() : glShaderSource() successful
2016-08-20 14:47:14:362[Debug        ] ShaderProgram::AddShader() : glCompileShader() successful
2016-08-20 14:47:14:362[Info         ] ShaderProgram::CheckShaderCompileStatus(18) successful.
2016-08-20 14:47:14:362[Debug        ] ShaderProgram::AddShader() : glCompileShader() successful
2016-08-20 14:47:14:362[Info         ] ShaderInfo saved successfully.
2016-08-20 14:47:14:362[Debug        ] ShaderProgram::AddShader() : glAttachShader() successful
2016-08-20 14:47:14:362[Info         ] ShaderProgram::AddShader [18] successful.
2016-08-20 14:47:14:365[Info         ] CheckProgramStatus() successful!
2016-08-20 14:47:14:365[Info         ] CheckProgramStatus() successful!
2016-08-20 14:47:14:365[Info         ] Shader Init started
2016-08-20 14:47:14:365[Info         ] Shader Program created.
2016-08-20 14:47:14:365[Process      ] ShaderProgram::Initialize()[19] successful!
2016-08-20 14:47:14:365[Debug        ] File [..\Data\shaders\water.vert.shader] Opened successfully! Buffer Length:[1400]
2016-08-20 14:47:14:365[cDebug       ] Shader file [..\Data\shaders\water.vert.shader] is too big to display contents.
2016-08-20 14:47:14:367[Debug        ]  ShaderProgram::AddShader() file with data was read in
2016-08-20 14:47:14:367[Debug        ] ShaderProgram::AddShader() : glShaderSource() successful
2016-08-20 14:47:14:367[Debug        ] ShaderProgram::AddShader() : glCompileShader() successful
2016-08-20 14:47:14:367[Info         ] ShaderProgram::CheckShaderCompileStatus(20) successful.
2016-08-20 14:47:14:367[Debug        ] ShaderProgram::AddShader() : glCompileShader() successful
2016-08-20 14:47:14:367[Info         ] ShaderInfo saved successfully.
2016-08-20 14:47:14:367[Debug        ] ShaderProgram::AddShader() : glAttachShader() successful
2016-08-20 14:47:14:367[Info         ] ShaderProgram::AddShader [20] successful.
2016-08-20 14:47:14:368[Debug        ] File [..\Data\shaders\water.frag.shader] Opened successfully! Buffer Length:[2436]
2016-08-20 14:47:14:368[cDebug       ] Shader file [..\Data\shaders\water.frag.shader] is too big to display contents.
2016-08-20 14:47:14:370[Debug        ]  ShaderProgram::AddShader() file with data was read in
2016-08-20 14:47:14:370[Debug        ] ShaderProgram::AddShader() : glShaderSource() successful
2016-08-20 14:47:14:370[Debug        ] ShaderProgram::AddShader() : glCompileShader() successful
2016-08-20 14:47:14:370[Info         ] ShaderProgram::CheckShaderCompileStatus(21) successful.
2016-08-20 14:47:14:370[Debug        ] ShaderProgram::AddShader() : glCompileShader() successful
2016-08-20 14:47:14:370[Info         ] ShaderInfo saved successfully.
2016-08-20 14:47:14:370[Debug        ] ShaderProgram::AddShader() : glAttachShader() successful
2016-08-20 14:47:14:370[Info         ] ShaderProgram::AddShader [21] successful.
2016-08-20 14:47:14:373[Info         ] CheckProgramStatus() successful!
2016-08-20 14:47:14:373[Info         ] CheckProgramStatus() successful!
2016-08-20 14:47:14:373[Info         ] GetAttribLocation [vPosition] successful.
2016-08-20 14:47:14:373[Info         ] GetUniformLocation [colorin] successful.
2016-08-20 14:47:14:373[Info         ] GetUniformLocation [MAT] successful.
2016-08-20 14:47:14:373[cProcess     ] RenderEngine::Initialize() successful.
2016-08-20 14:47:14:374[cInfo        ] 
-----------------------------------------------------------------------
 BufferInfo::CreateBuffers()[0] Created buffers:| VERTEX [1] with [80] bytes. || INDEX [2] with [24] bytes |
-----------------------------------------------------------------------

2016-08-20 14:47:14:382[cInfo        ] --------BufferInfo::AddMesh() Added mesh successfully-------
2016-08-20 14:47:14:383[cInfo        ] 
2016-08-20 14:47:14:384[cInfo        ] --------------------| START BUFFER MESH INFO |-------------------------------------
2016-08-20 14:47:14:386[cInfo        ] BufferInfo::AddMesh(): NUM VERTS-----------------[4]
2016-08-20 14:47:14:389[cInfo        ] BufferInfo::AddMesh(): NUM INDICES---------------[6]
2016-08-20 14:47:14:390[cInfo        ] BufferInfo::AddMesh(): VERT OFFSET---------------[0]
2016-08-20 14:47:14:392[cInfo        ] BufferInfo::AddMesh(): INDICES OFFSET (BYTES)----[0]
2016-08-20 14:47:14:394[cInfo        ] --------------------|  END BUFFER MESH INFO  |--------------------------------------
2016-08-20 14:47:14:396[cInfo        ] 

2016-08-20 14:47:14:399[cInfo        ] 
-----------------------------------------------------------------------
 BufferInfo::CreateBuffers()[0] Created buffers:| VERTEX [3] with [96] bytes. || INDEX [4] with [48] bytes |
-----------------------------------------------------------------------

2016-08-20 14:47:14:405[cInfo        ] --------BufferInfo::AddMesh() Added mesh successfully-------
2016-08-20 14:47:14:409[cInfo        ] 
2016-08-20 14:47:14:410[cInfo        ] --------------------| START BUFFER MESH INFO |-------------------------------------
2016-08-20 14:47:14:411[cInfo        ] BufferInfo::AddMesh(): NUM VERTS-----------------[8]
2016-08-20 14:47:14:413[cInfo        ] BufferInfo::AddMesh(): NUM INDICES---------------[24]
2016-08-20 14:47:14:414[cInfo        ] BufferInfo::AddMesh(): VERT OFFSET---------------[0]
2016-08-20 14:47:14:415[cInfo        ] BufferInfo::AddMesh(): INDICES OFFSET (BYTES)----[0]
2016-08-20 14:47:14:416[cInfo        ] --------------------|  END BUFFER MESH INFO  |--------------------------------------
2016-08-20 14:47:14:418[cInfo        ] 

2016-08-20 14:47:14:419[cInfo        ] 
-----------------------------------------------------------------------
 BufferInfo::CreateBuffers()[0] Created buffers:| VERTEX [5] with [864] bytes. || INDEX [6] with [0] bytes |
-----------------------------------------------------------------------

2016-08-20 14:47:14:424[cInfo        ] --------BufferInfo::AddMesh() Added mesh successfully-------
2016-08-20 14:47:14:425[cInfo        ] 
2016-08-20 14:47:14:426[cInfo        ] --------------------| START BUFFER MESH INFO |-------------------------------------
2016-08-20 14:47:14:428[cInfo        ] BufferInfo::AddMesh(): NUM VERTS-----------------[36]
2016-08-20 14:47:14:430[cInfo        ] BufferInfo::AddMesh(): NUM INDICES---------------[0]
2016-08-20 14:47:14:431[cInfo        ] BufferInfo::AddMesh(): VERT OFFSET---------------[0]
2016-08-20 14:47:14:432[cInfo        ] BufferInfo::AddMesh(): INDICES OFFSET (BYTES)----[0]
2016-08-20 14:47:14:434[cInfo        ] --------------------|  END BUFFER MESH INFO  |--------------------------------------
2016-08-20 14:47:14:435[cInfo        ] 

2016-08-20 14:47:14:436[cInfo        ] 
-----------------------------------------------------------------------
 BufferInfo::CreateBuffers()[0] Created buffers:| VERTEX [7] with [144] bytes. || INDEX [8] with [0] bytes |
-----------------------------------------------------------------------

2016-08-20 14:47:14:442[cInfo        ] --------BufferInfo::AddMesh() Added mesh successfully-------
2016-08-20 14:47:14:443[cInfo        ] 
2016-08-20 14:47:14:444[cInfo        ] --------------------| START BUFFER MESH INFO |-------------------------------------
2016-08-20 14:47:14:445[cInfo        ] BufferInfo::AddMesh(): NUM VERTS-----------------[6]
2016-08-20 14:47:14:447[cInfo        ] BufferInfo::AddMesh(): NUM INDICES---------------[0]
2016-08-20 14:47:14:448[cInfo        ] BufferInfo::AddMesh(): VERT OFFSET---------------[0]
2016-08-20 14:47:14:449[cInfo        ] BufferInfo::AddMesh(): INDICES OFFSET (BYTES)----[0]
2016-08-20 14:47:14:450[cInfo        ] --------------------|  END BUFFER MESH INFO  |--------------------------------------
2016-08-20 14:47:14:451[cInfo        ] 

2016-08-20 14:47:14:452[cProcess     ] BufferManager::Initialize() successful.
2016-08-20 14:47:14:452[cInfo        ] 
-----------------------------------------------------------------------
 BufferInfo::CreateBuffers()[0] Created buffers:| VERTEX [9] with [1000000] bytes. || INDEX [10] with [1000000] bytes |
-----------------------------------------------------------------------

2016-08-20 14:47:14:458[cInfo        ] --------BufferInfo::AddMesh() Added mesh successfully-------
2016-08-20 14:47:14:459[cInfo        ] 
2016-08-20 14:47:14:459[cInfo        ] --------------------| START BUFFER MESH INFO |-------------------------------------
2016-08-20 14:47:14:460[cInfo        ] BufferInfo::AddMesh(): NUM VERTS-----------------[24]
2016-08-20 14:47:14:461[cInfo        ] BufferInfo::AddMesh(): NUM INDICES---------------[36]
2016-08-20 14:47:14:462[cInfo        ] BufferInfo::AddMesh(): VERT OFFSET---------------[0]
2016-08-20 14:47:14:463[cInfo        ] BufferInfo::AddMesh(): INDICES OFFSET (BYTES)----[0]
2016-08-20 14:47:14:464[cInfo        ] --------------------|  END BUFFER MESH INFO  |--------------------------------------
2016-08-20 14:47:14:466[cInfo        ] 

2016-08-20 14:47:14:468[cProcess     ] BufferManager::Initialize() successful.
2016-08-20 14:47:14:469[cInfo        ] 
-----------------------------------------------------------------------
 BufferInfo::CreateBuffers()[1] Created buffers:| VERTEX [11] with [1000000] bytes. || INDEX [12] with [1000000] bytes |
-----------------------------------------------------------------------

2016-08-20 14:47:14:473[cInfo        ] --------BufferInfo::AddMesh() Added mesh successfully-------
2016-08-20 14:47:14:474[cInfo        ] 
2016-08-20 14:47:14:477[cInfo        ] --------------------| START BUFFER MESH INFO |-------------------------------------
2016-08-20 14:47:14:478[cInfo        ] BufferInfo::AddMesh(): NUM VERTS-----------------[1536]
2016-08-20 14:47:14:479[cInfo        ] BufferInfo::AddMesh(): NUM INDICES---------------[3072]
2016-08-20 14:47:14:480[cInfo        ] BufferInfo::AddMesh(): VERT OFFSET---------------[0]
2016-08-20 14:47:14:481[cInfo        ] BufferInfo::AddMesh(): INDICES OFFSET (BYTES)----[0]
2016-08-20 14:47:14:482[cInfo        ] --------------------|  END BUFFER MESH INFO  |--------------------------------------
2016-08-20 14:47:14:483[cInfo        ] 

2016-08-20 14:47:14:484[cInfo        ] 
-----------------------------------------------------------------------
 BufferInfo::CreateBuffers()[0] Created buffers:| VERTEX [13] with [3936] bytes. || INDEX [14] with [0] bytes |
-----------------------------------------------------------------------

2016-08-20 14:47:14:488[cInfo        ] --------BufferInfo::AddMesh() Added mesh successfully-------
2016-08-20 14:47:14:489[cInfo        ] 
2016-08-20 14:47:14:490[cInfo        ] --------------------| START BUFFER MESH INFO |-------------------------------------
2016-08-20 14:47:14:491[cInfo        ] BufferInfo::AddMesh(): NUM VERTS-----------------[164]
2016-08-20 14:47:14:492[cInfo        ] BufferInfo::AddMesh(): NUM INDICES---------------[0]
2016-08-20 14:47:14:493[cInfo        ] BufferInfo::AddMesh(): VERT OFFSET---------------[0]
2016-08-20 14:47:14:494[cInfo        ] BufferInfo::AddMesh(): INDICES OFFSET (BYTES)----[0]
2016-08-20 14:47:14:494[cInfo        ] --------------------|  END BUFFER MESH INFO  |--------------------------------------
2016-08-20 14:47:14:497[cInfo        ] 

2016-08-20 14:47:14:498[cProcess     ] ShapeGenerator initialized successfully.
2016-08-20 14:47:14:498[cProcess     ] Camera::Initialize() successful.
2016-08-20 14:47:14:499[cProcess     ] Keyboard::Initialize() successful
2016-08-20 14:47:14:500[cProcess     ] Keyboard::Initialize() successful
2016-08-20 14:47:14:514[cInfo        ] 
-----------------------------------------------------------------------
 BufferInfo::CreateBuffers()[0] Created buffers:| VERTEX [15] with [10810368] bytes. || INDEX [16] with [0] bytes |
-----------------------------------------------------------------------

2016-08-20 14:47:14:527[cInfo        ] --------BufferInfo::AddMesh() Added mesh successfully-------
2016-08-20 14:47:14:528[cInfo        ] 
2016-08-20 14:47:14:528[cInfo        ] --------------------| START BUFFER MESH INFO |-------------------------------------
2016-08-20 14:47:14:529[cInfo        ] BufferInfo::AddMesh(): NUM VERTS-----------------[337824]
2016-08-20 14:47:14:530[cInfo        ] BufferInfo::AddMesh(): NUM INDICES---------------[0]
2016-08-20 14:47:14:531[cInfo        ] BufferInfo::AddMesh(): VERT OFFSET---------------[0]
2016-08-20 14:47:14:532[cInfo        ] BufferInfo::AddMesh(): INDICES OFFSET (BYTES)----[0]
2016-08-20 14:47:14:533[cInfo        ] --------------------|  END BUFFER MESH INFO  |--------------------------------------
2016-08-20 14:47:14:534[cInfo        ] 

2016-08-20 14:47:14:561[Info         ] ShapeGenerator::ReadSceneFile(): Added new scene [..\Data\Scenes\Dargon.ptn.scene] successfully.
2016-08-20 14:47:14:561[cInfo        ] EntityManager::BuildPlayerEntity(): Built [Dargon] successfully
2016-08-20 14:47:14:566[cProcess     ] BufferManager::Initialize() successful.
2016-08-20 14:47:14:571[cInfo        ] 
-----------------------------------------------------------------------
 BufferInfo::CreateBuffers()[2] Created buffers:| VERTEX [17] with [1000000] bytes. || INDEX [18] with [1000000] bytes |
-----------------------------------------------------------------------

2016-08-20 14:47:14:576[cInfo        ] --------BufferInfo::AddMesh() Added mesh successfully-------
2016-08-20 14:47:14:577[cInfo        ] 
2016-08-20 14:47:14:577[cInfo        ] --------------------| START BUFFER MESH INFO |-------------------------------------
2016-08-20 14:47:14:579[cInfo        ] BufferInfo::AddMesh(): NUM VERTS-----------------[36]
2016-08-20 14:47:14:582[cInfo        ] BufferInfo::AddMesh(): NUM INDICES---------------[0]
2016-08-20 14:47:14:583[cInfo        ] BufferInfo::AddMesh(): VERT OFFSET---------------[0]
2016-08-20 14:47:14:584[cInfo        ] BufferInfo::AddMesh(): INDICES OFFSET (BYTES)----[0]
2016-08-20 14:47:14:585[cInfo        ] --------------------|  END BUFFER MESH INFO  |--------------------------------------
2016-08-20 14:47:14:586[cInfo        ] 

2016-08-20 14:47:14:587[Info         ] ShapeGenerator::ReadSceneFile(): Added new scene [..\Data\Scenes\Cube.pn.scene] successfully.
2016-08-20 14:47:14:587[cProcess     ] BufferManager::Initialize() successful.
2016-08-20 14:47:14:588[cInfo        ] 
-----------------------------------------------------------------------
 BufferInfo::CreateBuffers()[3] Created buffers:| VERTEX [19] with [1000000] bytes. || INDEX [20] with [1000000] bytes |
-----------------------------------------------------------------------

2016-08-20 14:47:14:595[cInfo        ] --------BufferInfo::AddMesh() Added mesh successfully-------
2016-08-20 14:47:14:596[cInfo        ] 
2016-08-20 14:47:14:597[cInfo        ] --------------------| START BUFFER MESH INFO |-------------------------------------
2016-08-20 14:47:14:598[cInfo        ] BufferInfo::AddMesh(): NUM VERTS-----------------[8718]
2016-08-20 14:47:14:599[cInfo        ] BufferInfo::AddMesh(): NUM INDICES---------------[0]
2016-08-20 14:47:14:599[cInfo        ] BufferInfo::AddMesh(): VERT OFFSET---------------[0]
2016-08-20 14:47:14:600[cInfo        ] BufferInfo::AddMesh(): INDICES OFFSET (BYTES)----[0]
2016-08-20 14:47:14:603[cInfo        ] --------------------|  END BUFFER MESH INFO  |--------------------------------------
2016-08-20 14:47:14:604[cInfo        ] 

2016-08-20 14:47:14:607[Info         ] ShapeGenerator::ReadSceneFile(): Added new scene [..\Data\Scenes\AIWorld.ptn.scene] successfully.
2016-08-20 14:47:14:608[cInfo        ] --------BufferInfo::AddMesh() Added mesh successfully-------
2016-08-20 14:47:14:609[cInfo        ] 
2016-08-20 14:47:14:610[cInfo        ] --------------------| START BUFFER MESH INFO |-------------------------------------
2016-08-20 14:47:14:611[cInfo        ] BufferInfo::AddMesh(): NUM VERTS-----------------[18]
2016-08-20 14:47:14:613[cInfo        ] BufferInfo::AddMesh(): NUM INDICES---------------[0]
2016-08-20 14:47:14:614[cInfo        ] BufferInfo::AddMesh(): VERT OFFSET---------------[36]
2016-08-20 14:47:14:615[cInfo        ] BufferInfo::AddMesh(): INDICES OFFSET (BYTES)----[0]
2016-08-20 14:47:14:615[cInfo        ] --------------------|  END BUFFER MESH INFO  |--------------------------------------
2016-08-20 14:47:14:617[cInfo        ] 

2016-08-20 14:47:14:617[Info         ] ShapeGenerator::ReadSceneFile(): Added new scene [..\Data\Scenes\Pyramid.pn.scene] successfully.
2016-08-20 14:47:14:625[cInfo        ] 
-----------------------------------------------------------------------
 BufferInfo::CreateBuffers()[0] Created buffers:| VERTEX [21] with [5529600] bytes. || INDEX [22] with [0] bytes |
-----------------------------------------------------------------------

2016-08-20 14:47:14:635[cInfo        ] --------BufferInfo::AddMesh() Added mesh successfully-------
2016-08-20 14:47:14:636[cInfo        ] 
2016-08-20 14:47:14:637[cInfo        ] --------------------| START BUFFER MESH INFO |-------------------------------------
2016-08-20 14:47:14:638[cInfo        ] BufferInfo::AddMesh(): NUM VERTS-----------------[172800]
2016-08-20 14:47:14:639[cInfo        ] BufferInfo::AddMesh(): NUM INDICES---------------[0]
2016-08-20 14:47:14:639[cInfo        ] BufferInfo::AddMesh(): VERT OFFSET---------------[0]
2016-08-20 14:47:14:640[cInfo        ] BufferInfo::AddMesh(): INDICES OFFSET (BYTES)----[0]
2016-08-20 14:47:14:643[cInfo        ] --------------------|  END BUFFER MESH INFO  |--------------------------------------
2016-08-20 14:47:14:644[cInfo        ] 

2016-08-20 14:47:14:645[Info         ] ShapeGenerator::ReadSceneFile(): Added new scene [..\Data\Scenes\WaterPlane.ptn.scene] successfully.
2016-08-20 14:47:14:646[cProcess     ] Camera::Initialize() successful.
2016-08-20 14:47:14:656[cProcess     ] BufferManager::Initialize() successful.
2016-08-20 14:47:14:656[cInfo        ] 
-----------------------------------------------------------------------
 BufferInfo::CreateBuffers()[4] Created buffers:| VERTEX [23] with [8107776] bytes. || INDEX [24] with [0] bytes |
-----------------------------------------------------------------------

2016-08-20 14:47:14:672[cInfo        ] --------BufferInfo::AddMesh() Added mesh successfully-------
2016-08-20 14:47:14:673[cInfo        ] 
2016-08-20 14:47:14:675[cInfo        ] --------------------| START BUFFER MESH INFO |-------------------------------------
2016-08-20 14:47:14:676[cInfo        ] BufferInfo::AddMesh(): NUM VERTS-----------------[337824]
2016-08-20 14:47:14:677[cInfo        ] BufferInfo::AddMesh(): NUM INDICES---------------[0]
2016-08-20 14:47:14:678[cInfo        ] BufferInfo::AddMesh(): VERT OFFSET---------------[0]
2016-08-20 14:47:14:679[cInfo        ] BufferInfo::AddMesh(): INDICES OFFSET (BYTES)----[0]
2016-08-20 14:47:14:680[cInfo        ] --------------------|  END BUFFER MESH INFO  |--------------------------------------
2016-08-20 14:47:14:682[cInfo        ] 

2016-08-20 14:47:14:684[Info         ] ShapeGenerator::ReadSceneFile(): Added new scene [..\Data\Scenes\Dargon.pn.scene] successfully.
2016-08-20 14:47:14:684[cProcess     ] BufferManager::Initialize() successful.
2016-08-20 14:47:14:685[cInfo        ] 
-----------------------------------------------------------------------
 BufferInfo::CreateBuffers()[5] Created buffers:| VERTEX [25] with [1000000] bytes. || INDEX [26] with [1000000] bytes |
-----------------------------------------------------------------------

2016-08-20 14:47:14:690[cInfo        ] --------BufferInfo::AddMesh() Added mesh successfully-------
2016-08-20 14:47:14:694[cInfo        ] 
2016-08-20 14:47:14:695[cInfo        ] --------------------| START BUFFER MESH INFO |-------------------------------------
2016-08-20 14:47:14:696[cInfo        ] BufferInfo::AddMesh(): NUM VERTS-----------------[6]
2016-08-20 14:47:14:698[cInfo        ] BufferInfo::AddMesh(): NUM INDICES---------------[0]
2016-08-20 14:47:14:699[cInfo        ] BufferInfo::AddMesh(): VERT OFFSET---------------[0]
2016-08-20 14:47:14:699[cInfo        ] BufferInfo::AddMesh(): INDICES OFFSET (BYTES)----[0]
2016-08-20 14:47:14:700[cInfo        ] --------------------|  END BUFFER MESH INFO  |--------------------------------------
2016-08-20 14:47:14:703[cInfo        ] 

2016-08-20 14:47:14:704[cProcess     ] BodaciousQuest::Initialize() successful.
2016-08-20 14:47:14:704[Process      ] GameTime::Initialize() ok

2016-08-20 14:47:14:704[cProcess     ] MyWindow::Initialize() successful!
