2016-08-18 14:50:09:757[Process      ] GameLogger::Initialize() opened log file [..\Data\LogFiles\2016-08-18 14-50-09.BodaciousQuest.log] for writing
2016-08-18 14:50:09:758[Info         ] GameLogger::Initialize() successful
2016-08-18 14:50:09:758[Process      ] ConfigReader opened [..\Data\BodaciousQuest.config] successfully
2016-08-18 14:50:09:758[Info         ] ConfigReader initialized successfully
2016-08-18 14:50:09:758[Info         ] Valid KVP [BodaciousQuest.ShowFullScreen] [false] added
2016-08-18 14:50:09:758[Info         ] Valid KVP [BodaciousQuest.FpsInterval] [5.0] added
2016-08-18 14:50:09:758[Info         ] Valid KVP [BodaciousQuest.EnableControls] [true] added
2016-08-18 14:50:09:758[Info         ] Valid KVP [BodaciousQuest.LoadCubeFirst] [true] added
2016-08-18 14:50:09:758[Info         ] Valid KVP [BodaciousQuest.CameraWalkMode] [false] added
2016-08-18 14:50:09:758[Info         ] Valid KVP [BodaciousQuest.GridSize] [40] added
2016-08-18 14:50:09:758[Info         ] Valid KVP [BodaciousQuest.LightingTest.Ambient.Color] [1.0  1.0  1.0] added
2016-08-18 14:50:09:758[Info         ] Valid KVP [BodaciousQuest.LightingTest.Diffuse.Color] [1.0  1.0  1.0] added
2016-08-18 14:50:09:758[Info         ] Valid KVP [BodaciousQuest.LightingTest.Specular.Color] [0.0  0.0  0.0] added
2016-08-18 14:50:09:758[Info         ] Valid KVP [BodaciousQuest.LightingTest.Ambient.Reflectivity] [0.01] added
2016-08-18 14:50:09:758[Info         ] Valid KVP [BodaciousQuest.LightingTest.Diffuse.Reflectivity] [0.6] added
2016-08-18 14:50:09:759[Info         ] Valid KVP [BodaciousQuest.LightingTest.Specular.Reflectivity] [0.5] added
2016-08-18 14:50:09:759[Info         ] Valid KVP [BodaciousQuest.LightingTest.Specular.Shininess] [1.0] added
2016-08-18 14:50:09:759[Info         ] Valid KVP [BodaciousQuest.LightingTest.Falloff.A] [1.0] added
2016-08-18 14:50:09:759[Info         ] Valid KVP [BodaciousQuest.LightingTest.Falloff.B] [0.01] added
2016-08-18 14:50:09:759[Info         ] Valid KVP [BodaciousQuest.LightingTest.Falloff.C] [0.1] added
2016-08-18 14:50:09:759[Info         ] Valid KVP [BodaciousQuest.LightingTest.Directional] [false] added
2016-08-18 14:50:09:759[Info         ] Valid KVP [BodaciousQuest.LightingTest.Direction] [-1.0 0.0 1.0] added
2016-08-18 14:50:09:759[Info         ] Valid KVP [BodaciousQuest.LightingTest.Light.Position] [-0.875458 3.673020 1.043331] added
2016-08-18 14:50:09:759[Info         ] Valid KVP [BodaciousQuest.LightingTest.Dargon.Color] [1.0 1.0 0.4] added
2016-08-18 14:50:09:759[Info         ] Valid KVP [ObjConverter.Mode.VertexType] [p] added
2016-08-18 14:50:09:759[Info         ] Valid KVP [ObjConverter.Mode.Analyze] [false] added
2016-08-18 14:50:09:759[Info         ] Valid KVP [ObjConverter.Model] [AIWorld] added
2016-08-18 14:50:09:759[Info         ] Valid KVP [ObjConverter.Shader] [0] added
2016-08-18 14:50:09:759[Info         ] Valid KVP [ObjConverter.Color] [random] added
2016-08-18 14:50:09:759[Info         ] Valid KVP [ObjConverter.Obj.InputFileFolder] [..\\Data\\Objs\\] added
2016-08-18 14:50:09:759[Info         ] Valid KVP [ObjConverter.Scene.OutputFileFolder] [..\\Data\\Scenes\\] added
2016-08-18 14:50:09:759[Info         ] Valid KVP [ObjConverter.Model.Dargon.NumVerts] [57967] added
2016-08-18 14:50:09:759[Info         ] Valid KVP [ObjConverter.Model.Dargon.NumIndices] [337824] added
2016-08-18 14:50:09:759[Info         ] Valid KVP [ObjConverter.Model.Dargon.NumTexCoords] [60175] added
2016-08-18 14:50:09:759[Info         ] Valid KVP [ObjConverter.Model.Dargon.NumNormals] [337824] added
2016-08-18 14:50:09:759[Info         ] Valid KVP [ObjConverter.Model.Swamp.NumVerts] [2735] added
2016-08-18 14:50:09:759[Info         ] Valid KVP [ObjConverter.Model.Swamp.NumIndices] [8556] added
2016-08-18 14:50:09:759[Info         ] Valid KVP [ObjConverter.Model.Swamp.NumTexCoords] [3622] added
2016-08-18 14:50:09:759[Info         ] Valid KVP [ObjConverter.Model.Swamp.NumNormals] [5156] added
2016-08-18 14:50:09:759[Info         ] Valid KVP [ObjConverter.Model.Pyramid.NumVerts] [5] added
2016-08-18 14:50:09:759[Info         ] Valid KVP [ObjConverter.Model.Pyramid.NumIndices] [18] added
2016-08-18 14:50:09:759[Info         ] Valid KVP [ObjConverter.Model.Pyramid.NumTexCoords] [10] added
2016-08-18 14:50:09:759[Info         ] Valid KVP [ObjConverter.Model.Pyramid.NumNormals] [16] added
2016-08-18 14:50:09:759[Info         ] Valid KVP [ObjConverter.Model.AIWorld.NumVerts] [1957] added
2016-08-18 14:50:09:759[Info         ] Valid KVP [ObjConverter.Model.AIWorld.NumIndices] [8718] added
2016-08-18 14:50:09:759[Info         ] Valid KVP [ObjConverter.Model.AIWorld.NumTexCoords] [4186] added
2016-08-18 14:50:09:759[Info         ] Valid KVP [ObjConverter.Model.AIWorld.NumNormals] [5418] added
2016-08-18 14:50:09:759[Info         ] Valid KVP [ObjConverter.Model.GameWeapon.NumVerts] [2068] added
2016-08-18 14:50:09:759[Info         ] Valid KVP [ObjConverter.Model.GameWeapon.NumIndices] [9894] added
2016-08-18 14:50:09:759[Info         ] Valid KVP [ObjConverter.Model.GameWeapon.NumTexCoords] [0] added
2016-08-18 14:50:09:759[Info         ] Valid KVP [ObjConverter.Model.GameWeapon.NumNormals] [0] added
2016-08-18 14:50:09:759[Info         ] Valid KVP [ObjConverter.Model.Chicken.NumVerts] [224] added
2016-08-18 14:50:09:759[Info         ] Valid KVP [ObjConverter.Model.Chicken.NumIndices] [1374] added
2016-08-18 14:50:09:759[Info         ] Valid KVP [ObjConverter.Model.Chicken.NumTexCoords] [472] added
2016-08-18 14:50:09:759[Info         ] Valid KVP [ObjConverter.Model.Chicken.NumNormals] [565] added
2016-08-18 14:50:09:759[Info         ] Valid KVP [ObjConverter.Model.WaterPlane.NumVerts] [29282] added
2016-08-18 14:50:09:759[Info         ] Valid KVP [ObjConverter.Model.WaterPlane.NumIndices] [172800] added
2016-08-18 14:50:09:759[Info         ] Valid KVP [ObjConverter.Model.WaterPlane.NumTexCoords] [29282] added
2016-08-18 14:50:09:759[Info         ] Valid KVP [ObjConverter.Model.WaterPlane.NumNormals] [172800] added
2016-08-18 14:50:09:759[Info         ] Valid KVP [ObjConverter.Model.Cube.NumVerts] [8] added
2016-08-18 14:50:09:759[Info         ] Valid KVP [ObjConverter.Model.Cube.NumIndices] [36] added
2016-08-18 14:50:09:759[Info         ] Valid KVP [ObjConverter.Model.Cube.NumTexCoords] [14] added
2016-08-18 14:50:09:759[Info         ] Valid KVP [ObjConverter.Model.Cube.NumNormals] [24] added
2016-08-18 14:50:09:759[Info         ] Valid KVP [ObjConverter.Model.Barrel.NumVerts] [172] added
2016-08-18 14:50:09:759[Info         ] Valid KVP [ObjConverter.Model.Barrel.NumIndices] [1008] added
2016-08-18 14:50:09:759[Info         ] Valid KVP [ObjConverter.Model.Barrel.NumTexCoords] [328] added
2016-08-18 14:50:09:760[Info         ] Valid KVP [ObjConverter.Model.Barrel.NumNormals] [204] added
2016-08-18 14:50:09:760[Info         ] Valid KVP [ObjConverter.Model.SkyBox.NumVerts] [8] added
2016-08-18 14:50:09:760[Info         ] Valid KVP [ObjConverter.Model.SkyBox.NumIndices] [36] added
2016-08-18 14:50:09:760[Info         ] Valid KVP [ObjConverter.Model.SkyBox.NumTexCoords] [18] added
2016-08-18 14:50:09:760[Info         ] Valid KVP [ObjConverter.Model.SkyBox.NumNormals] [24] added
2016-08-18 14:50:09:827[cInfo        ] Config reader opened [..\Data\BodaciousQuest.config] for reading!
2016-08-18 14:50:09:882[Process      ] ShaderManager Initialized successfully
2016-08-18 14:50:09:882[Info         ] Shader Init started
2016-08-18 14:50:09:882[Info         ] Shader Program created.
2016-08-18 14:50:09:882[Process      ] ShaderProgram::Initialize()[1] successful!
2016-08-18 14:50:09:882[Debug        ] File [..\Data\shaders\debug.vert.shader] Opened successfully! Buffer Length:[291]
2016-08-18 14:50:09:882[Debug        ] Shader file [..\Data\shaders\debug.vert.shader] contents:
//BEGIN
#version 430 core

layout(location = 0)  in vec3 vPosition;

layout(location = 15) uniform vec3 colorin;
layout(location = 16) uniform mat4 MAT;

out vec4 color;

void main()
{
	vec4 vertPos = vec4(vPosition, 1.0);
	gl_Position = MAT *  vertPos;
	color = vec4(colorin, 1.0);
}
//END

2016-08-18 14:50:09:882[Debug        ]  ShaderProgram::AddShader() file with data was read in
2016-08-18 14:50:09:882[Debug        ] ShaderProgram::AddShader() : glShaderSource() successful
2016-08-18 14:50:09:883[Debug        ] ShaderProgram::AddShader() : glCompileShader() successful
2016-08-18 14:50:09:883[Info         ] ShaderProgram::CheckShaderCompileStatus(2) successful.
2016-08-18 14:50:09:883[Debug        ] ShaderProgram::AddShader() : glCompileShader() successful
2016-08-18 14:50:09:883[Info         ] ShaderInfo saved successfully.
2016-08-18 14:50:09:883[Debug        ] ShaderProgram::AddShader() : glAttachShader() successful
2016-08-18 14:50:09:883[Info         ] ShaderProgram::AddShader [2] successful.
2016-08-18 14:50:09:883[Debug        ] File [..\Data\shaders\debug.frag.shader] Opened successfully! Buffer Length:[104]
2016-08-18 14:50:09:883[Debug        ] Shader file [..\Data\shaders\debug.frag.shader] contents:
//BEGIN
#version 430 core


in  vec4 color;
out vec4 outColor;

void main()
{
	outColor = color;
}


//END

2016-08-18 14:50:09:883[Debug        ]  ShaderProgram::AddShader() file with data was read in
2016-08-18 14:50:09:883[Debug        ] ShaderProgram::AddShader() : glShaderSource() successful
2016-08-18 14:50:09:883[Debug        ] ShaderProgram::AddShader() : glCompileShader() successful
2016-08-18 14:50:09:883[Info         ] ShaderProgram::CheckShaderCompileStatus(3) successful.
2016-08-18 14:50:09:883[Debug        ] ShaderProgram::AddShader() : glCompileShader() successful
2016-08-18 14:50:09:883[Info         ] ShaderInfo saved successfully.
2016-08-18 14:50:09:883[Debug        ] ShaderProgram::AddShader() : glAttachShader() successful
2016-08-18 14:50:09:883[Info         ] ShaderProgram::AddShader [3] successful.
2016-08-18 14:50:09:884[Info         ] CheckProgramStatus() successful!
2016-08-18 14:50:09:885[Info         ] CheckProgramStatus() successful!
2016-08-18 14:50:09:885[Info         ] Shader Init started
2016-08-18 14:50:09:885[Info         ] Shader Program created.
2016-08-18 14:50:09:885[Process      ] ShaderProgram::Initialize()[4] successful!
2016-08-18 14:50:09:885[Debug        ] File [..\Data\shaders\play.vert.shader] Opened successfully! Buffer Length:[343]
2016-08-18 14:50:09:885[Debug        ] Shader file [..\Data\shaders\play.vert.shader] contents:
//BEGIN
#version 430 core

layout (location = 0)  in vec3 vPosition;
layout (location = 1)  in vec3 vColor;
layout (location = 15) uniform vec3 colorin;
layout (location = 16) uniform mat4 MAT;

out vec4 color;

void main()
{
	vec4 vertPos = vec4(vPosition, 1.0);
	gl_Position = MAT *  vertPos;
	color = vec4((vColor + colorin), 1.0);
}
//END

2016-08-18 14:50:09:885[Debug        ]  ShaderProgram::AddShader() file with data was read in
2016-08-18 14:50:09:885[Debug        ] ShaderProgram::AddShader() : glShaderSource() successful
2016-08-18 14:50:09:885[Debug        ] ShaderProgram::AddShader() : glCompileShader() successful
2016-08-18 14:50:09:885[Info         ] ShaderProgram::CheckShaderCompileStatus(5) successful.
2016-08-18 14:50:09:885[Debug        ] ShaderProgram::AddShader() : glCompileShader() successful
2016-08-18 14:50:09:885[Info         ] ShaderInfo saved successfully.
2016-08-18 14:50:09:885[Debug        ] ShaderProgram::AddShader() : glAttachShader() successful
2016-08-18 14:50:09:885[Info         ] ShaderProgram::AddShader [5] successful.
2016-08-18 14:50:09:885[Debug        ] File [..\Data\shaders\play.frag.shader] Opened successfully! Buffer Length:[391]
2016-08-18 14:50:09:885[Debug        ] Shader file [..\Data\shaders\play.frag.shader] contents:
//BEGIN
#version 430 core


in  vec4 color;
out vec4 outColor;

void main()
{

	//if (color.r < .7) discard;
	outColor = color;

	//if(((gl_FragCoord.x  > 600)&& (gl_FragCoord.y < 300)) || ((gl_FragCoord.y < 300)  && (gl_FragCoord.x  < 600) )) {
	//discard;
	//}

	//vec2 scrPos = vec2(gl_FragCoord) - vec2(350,150);
	//float len =  length(scrPos);
	//if(len < 50 )discard;
}


//END

2016-08-18 14:50:09:885[Debug        ]  ShaderProgram::AddShader() file with data was read in
2016-08-18 14:50:09:885[Debug        ] ShaderProgram::AddShader() : glShaderSource() successful
2016-08-18 14:50:09:885[Debug        ] ShaderProgram::AddShader() : glCompileShader() successful
2016-08-18 14:50:09:885[Info         ] ShaderProgram::CheckShaderCompileStatus(6) successful.
2016-08-18 14:50:09:885[Debug        ] ShaderProgram::AddShader() : glCompileShader() successful
2016-08-18 14:50:09:885[Info         ] ShaderInfo saved successfully.
2016-08-18 14:50:09:885[Debug        ] ShaderProgram::AddShader() : glAttachShader() successful
2016-08-18 14:50:09:885[Info         ] ShaderProgram::AddShader [6] successful.
2016-08-18 14:50:09:886[Info         ] CheckProgramStatus() successful!
2016-08-18 14:50:09:886[Info         ] CheckProgramStatus() successful!
2016-08-18 14:50:09:886[Info         ] Shader Init started
2016-08-18 14:50:09:886[Info         ] Shader Program created.
2016-08-18 14:50:09:886[Process      ] ShaderProgram::Initialize()[7] successful!
2016-08-18 14:50:09:886[Debug        ] File [..\Data\shaders\texture.vert.shader] Opened successfully! Buffer Length:[305]
2016-08-18 14:50:09:886[Debug        ] Shader file [..\Data\shaders\texture.vert.shader] contents:
//BEGIN
#version 430 core

layout (location = 0)  in vec3 vPosition;
layout (location = 1)  in vec2 vUV;

layout (location = 16) uniform mat4 MAT;

//out data
out vec2 UV;

//out vec4 color;

void main()
{
	vec4 vertPos = vec4(vPosition, 1.0);
	gl_Position = MAT *  vertPos;

	UV = vUV;
	
	
}
//END

2016-08-18 14:50:09:886[Debug        ]  ShaderProgram::AddShader() file with data was read in
2016-08-18 14:50:09:886[Debug        ] ShaderProgram::AddShader() : glShaderSource() successful
2016-08-18 14:50:09:886[Debug        ] ShaderProgram::AddShader() : glCompileShader() successful
2016-08-18 14:50:09:886[Info         ] ShaderProgram::CheckShaderCompileStatus(8) successful.
2016-08-18 14:50:09:887[Debug        ] ShaderProgram::AddShader() : glCompileShader() successful
2016-08-18 14:50:09:887[Info         ] ShaderInfo saved successfully.
2016-08-18 14:50:09:887[Debug        ] ShaderProgram::AddShader() : glAttachShader() successful
2016-08-18 14:50:09:887[Info         ] ShaderProgram::AddShader [8] successful.
2016-08-18 14:50:09:887[Debug        ] File [..\Data\shaders\texture.frag.shader] Opened successfully! Buffer Length:[482]
2016-08-18 14:50:09:887[Debug        ] Shader file [..\Data\shaders\texture.frag.shader] contents:
//BEGIN
#version 430 core


in  vec2 UV;
out vec4 outColor;

layout(location = 20) uniform sampler2D textureSampler;

void main()
{

	//if (color.r < .7) discard;
	outColor = vec4(texture(textureSampler, UV).rgb, 1.0);

	//if(((gl_FragCoord.x  > 600)&& (gl_FragCoord.y < 300)) || ((gl_FragCoord.y < 300)  && (gl_FragCoord.x  < 600) )) {
	//discard;
	//}
	//vec2 scrPos = vec2(gl_FragCoord) - vec2(350,150);
	//float len =  length(scrPos);
	//if(len < 50 )discard;
}


//END

2016-08-18 14:50:09:887[Debug        ]  ShaderProgram::AddShader() file with data was read in
2016-08-18 14:50:09:887[Debug        ] ShaderProgram::AddShader() : glShaderSource() successful
2016-08-18 14:50:09:887[Debug        ] ShaderProgram::AddShader() : glCompileShader() successful
2016-08-18 14:50:09:887[Info         ] ShaderProgram::CheckShaderCompileStatus(9) successful.
2016-08-18 14:50:09:887[Debug        ] ShaderProgram::AddShader() : glCompileShader() successful
2016-08-18 14:50:09:887[Info         ] ShaderInfo saved successfully.
2016-08-18 14:50:09:887[Debug        ] ShaderProgram::AddShader() : glAttachShader() successful
2016-08-18 14:50:09:887[Info         ] ShaderProgram::AddShader [9] successful.
2016-08-18 14:50:09:888[Info         ] CheckProgramStatus() successful!
2016-08-18 14:50:09:888[Info         ] CheckProgramStatus() successful!
2016-08-18 14:50:09:888[Info         ] Shader Init started
2016-08-18 14:50:09:888[Info         ] Shader Program created.
2016-08-18 14:50:09:888[Process      ] ShaderProgram::Initialize()[10] successful!
2016-08-18 14:50:09:888[Debug        ] File [..\Data\shaders\framebuffer.vert.shader] Opened successfully! Buffer Length:[305]
2016-08-18 14:50:09:888[Debug        ] Shader file [..\Data\shaders\framebuffer.vert.shader] contents:
//BEGIN
#version 430 core

layout (location = 0)  in vec3 vPosition;
layout (location = 1)  in vec2 vUV;

layout (location = 16) uniform mat4 MAT;

//out data
out vec2 UV;

//out vec4 color;

void main()
{
	vec4 vertPos = vec4(vPosition, 1.0);
	gl_Position = MAT *  vertPos;

	UV = vUV;
	
	
}
//END

2016-08-18 14:50:09:888[Debug        ]  ShaderProgram::AddShader() file with data was read in
2016-08-18 14:50:09:888[Debug        ] ShaderProgram::AddShader() : glShaderSource() successful
2016-08-18 14:50:09:888[Debug        ] ShaderProgram::AddShader() : glCompileShader() successful
2016-08-18 14:50:09:889[Info         ] ShaderProgram::CheckShaderCompileStatus(11) successful.
2016-08-18 14:50:09:889[Debug        ] ShaderProgram::AddShader() : glCompileShader() successful
2016-08-18 14:50:09:889[Info         ] ShaderInfo saved successfully.
2016-08-18 14:50:09:889[Debug        ] ShaderProgram::AddShader() : glAttachShader() successful
2016-08-18 14:50:09:889[Info         ] ShaderProgram::AddShader [11] successful.
2016-08-18 14:50:09:889[Debug        ] File [..\Data\shaders\framebuffer.frag.shader] Opened successfully! Buffer Length:[275]
2016-08-18 14:50:09:889[Debug        ] Shader file [..\Data\shaders\framebuffer.frag.shader] contents:
//BEGIN
#version 430 core


in  vec2 UV;
out vec4 outColor;

layout(location = 20) uniform sampler2D textureSampler;

void main()
{


	vec3 tempCol = texture(textureSampler, UV).rgb;

	outColor = vec4(tempCol.r / 1.5f, tempCol.g / 1.5f, tempCol.b / 1.5f, 1.0f);
}


//END

2016-08-18 14:50:09:889[Debug        ]  ShaderProgram::AddShader() file with data was read in
2016-08-18 14:50:09:889[Debug        ] ShaderProgram::AddShader() : glShaderSource() successful
2016-08-18 14:50:09:889[Debug        ] ShaderProgram::AddShader() : glCompileShader() successful
2016-08-18 14:50:09:889[Info         ] ShaderProgram::CheckShaderCompileStatus(12) successful.
2016-08-18 14:50:09:889[Debug        ] ShaderProgram::AddShader() : glCompileShader() successful
2016-08-18 14:50:09:889[Info         ] ShaderInfo saved successfully.
2016-08-18 14:50:09:889[Debug        ] ShaderProgram::AddShader() : glAttachShader() successful
2016-08-18 14:50:09:889[Info         ] ShaderProgram::AddShader [12] successful.
2016-08-18 14:50:09:891[Info         ] CheckProgramStatus() successful!
2016-08-18 14:50:09:891[Info         ] CheckProgramStatus() successful!
2016-08-18 14:50:09:891[Info         ] Shader Init started
2016-08-18 14:50:09:891[Info         ] Shader Program created.
2016-08-18 14:50:09:891[Process      ] ShaderProgram::Initialize()[13] successful!
2016-08-18 14:50:09:891[Debug        ] File [..\Data\shaders\lighting.vert.shader] Opened successfully! Buffer Length:[1137]
2016-08-18 14:50:09:891[cDebug       ] Shader file [..\Data\shaders\lighting.vert.shader] is too big to display contents.
2016-08-18 14:50:09:893[Debug        ]  ShaderProgram::AddShader() file with data was read in
2016-08-18 14:50:09:893[Debug        ] ShaderProgram::AddShader() : glShaderSource() successful
2016-08-18 14:50:09:893[Debug        ] ShaderProgram::AddShader() : glCompileShader() successful
2016-08-18 14:50:09:894[Info         ] ShaderProgram::CheckShaderCompileStatus(14) successful.
2016-08-18 14:50:09:894[Debug        ] ShaderProgram::AddShader() : glCompileShader() successful
2016-08-18 14:50:09:894[Info         ] ShaderInfo saved successfully.
2016-08-18 14:50:09:894[Debug        ] ShaderProgram::AddShader() : glAttachShader() successful
2016-08-18 14:50:09:894[Info         ] ShaderProgram::AddShader [14] successful.
2016-08-18 14:50:09:894[Debug        ] File [..\Data\shaders\lighting.frag.shader] Opened successfully! Buffer Length:[1744]
2016-08-18 14:50:09:894[cDebug       ] Shader file [..\Data\shaders\lighting.frag.shader] is too big to display contents.
2016-08-18 14:50:09:895[Debug        ]  ShaderProgram::AddShader() file with data was read in
2016-08-18 14:50:09:895[Debug        ] ShaderProgram::AddShader() : glShaderSource() successful
2016-08-18 14:50:09:895[Debug        ] ShaderProgram::AddShader() : glCompileShader() successful
2016-08-18 14:50:09:895[Info         ] ShaderProgram::CheckShaderCompileStatus(15) successful.
2016-08-18 14:50:09:895[Debug        ] ShaderProgram::AddShader() : glCompileShader() successful
2016-08-18 14:50:09:895[Info         ] ShaderInfo saved successfully.
2016-08-18 14:50:09:896[Debug        ] ShaderProgram::AddShader() : glAttachShader() successful
2016-08-18 14:50:09:896[Info         ] ShaderProgram::AddShader [15] successful.
2016-08-18 14:50:09:898[Info         ] CheckProgramStatus() successful!
2016-08-18 14:50:09:898[Info         ] CheckProgramStatus() successful!
2016-08-18 14:50:09:898[Info         ] Shader Init started
2016-08-18 14:50:09:898[Info         ] Shader Program created.
2016-08-18 14:50:09:898[Process      ] ShaderProgram::Initialize()[16] successful!
2016-08-18 14:50:09:899[Debug        ] File [..\Data\shaders\texlighting.vert.shader] Opened successfully! Buffer Length:[1110]
2016-08-18 14:50:09:899[cDebug       ] Shader file [..\Data\shaders\texlighting.vert.shader] is too big to display contents.
2016-08-18 14:50:09:900[Debug        ]  ShaderProgram::AddShader() file with data was read in
2016-08-18 14:50:09:900[Debug        ] ShaderProgram::AddShader() : glShaderSource() successful
2016-08-18 14:50:09:900[Debug        ] ShaderProgram::AddShader() : glCompileShader() successful
2016-08-18 14:50:09:900[Info         ] ShaderProgram::CheckShaderCompileStatus(17) successful.
2016-08-18 14:50:09:900[Debug        ] ShaderProgram::AddShader() : glCompileShader() successful
2016-08-18 14:50:09:900[Info         ] ShaderInfo saved successfully.
2016-08-18 14:50:09:900[Debug        ] ShaderProgram::AddShader() : glAttachShader() successful
2016-08-18 14:50:09:900[Info         ] ShaderProgram::AddShader [17] successful.
2016-08-18 14:50:09:901[Debug        ] File [..\Data\shaders\texlighting.frag.shader] Opened successfully! Buffer Length:[1717]
2016-08-18 14:50:09:901[cDebug       ] Shader file [..\Data\shaders\texlighting.frag.shader] is too big to display contents.
2016-08-18 14:50:09:903[Debug        ]  ShaderProgram::AddShader() file with data was read in
2016-08-18 14:50:09:903[Debug        ] ShaderProgram::AddShader() : glShaderSource() successful
2016-08-18 14:50:09:903[Debug        ] ShaderProgram::AddShader() : glCompileShader() successful
2016-08-18 14:50:09:903[Info         ] ShaderProgram::CheckShaderCompileStatus(18) successful.
2016-08-18 14:50:09:904[Debug        ] ShaderProgram::AddShader() : glCompileShader() successful
2016-08-18 14:50:09:904[Info         ] ShaderInfo saved successfully.
2016-08-18 14:50:09:904[Debug        ] ShaderProgram::AddShader() : glAttachShader() successful
2016-08-18 14:50:09:904[Info         ] ShaderProgram::AddShader [18] successful.
2016-08-18 14:50:09:908[Info         ] CheckProgramStatus() successful!
2016-08-18 14:50:09:908[Info         ] CheckProgramStatus() successful!
2016-08-18 14:50:09:908[Info         ] Shader Init started
2016-08-18 14:50:09:908[Info         ] Shader Program created.
2016-08-18 14:50:09:908[Process      ] ShaderProgram::Initialize()[19] successful!
2016-08-18 14:50:09:908[Debug        ] File [..\Data\shaders\water.vert.shader] Opened successfully! Buffer Length:[1400]
2016-08-18 14:50:09:908[cDebug       ] Shader file [..\Data\shaders\water.vert.shader] is too big to display contents.
2016-08-18 14:50:09:910[Debug        ]  ShaderProgram::AddShader() file with data was read in
2016-08-18 14:50:09:910[Debug        ] ShaderProgram::AddShader() : glShaderSource() successful
2016-08-18 14:50:09:910[Debug        ] ShaderProgram::AddShader() : glCompileShader() successful
2016-08-18 14:50:09:910[Info         ] ShaderProgram::CheckShaderCompileStatus(20) successful.
2016-08-18 14:50:09:910[Debug        ] ShaderProgram::AddShader() : glCompileShader() successful
2016-08-18 14:50:09:910[Info         ] ShaderInfo saved successfully.
2016-08-18 14:50:09:910[Debug        ] ShaderProgram::AddShader() : glAttachShader() successful
2016-08-18 14:50:09:910[Info         ] ShaderProgram::AddShader [20] successful.
2016-08-18 14:50:09:910[Debug        ] File [..\Data\shaders\water.frag.shader] Opened successfully! Buffer Length:[2436]
2016-08-18 14:50:09:910[cDebug       ] Shader file [..\Data\shaders\water.frag.shader] is too big to display contents.
2016-08-18 14:50:09:913[Debug        ]  ShaderProgram::AddShader() file with data was read in
2016-08-18 14:50:09:913[Debug        ] ShaderProgram::AddShader() : glShaderSource() successful
2016-08-18 14:50:09:914[Debug        ] ShaderProgram::AddShader() : glCompileShader() successful
2016-08-18 14:50:09:914[Info         ] ShaderProgram::CheckShaderCompileStatus(21) successful.
2016-08-18 14:50:09:914[Debug        ] ShaderProgram::AddShader() : glCompileShader() successful
2016-08-18 14:50:09:914[Info         ] ShaderInfo saved successfully.
2016-08-18 14:50:09:914[Debug        ] ShaderProgram::AddShader() : glAttachShader() successful
2016-08-18 14:50:09:914[Info         ] ShaderProgram::AddShader [21] successful.
2016-08-18 14:50:09:916[Info         ] CheckProgramStatus() successful!
2016-08-18 14:50:09:917[Info         ] CheckProgramStatus() successful!
2016-08-18 14:50:09:917[Info         ] GetAttribLocation [vPosition] successful.
2016-08-18 14:50:09:917[Info         ] GetUniformLocation [colorin] successful.
2016-08-18 14:50:09:917[Info         ] GetUniformLocation [MAT] successful.
2016-08-18 14:50:09:917[cProcess     ] RenderEngine::Initialize() successful.
2016-08-18 14:50:09:918[cInfo        ] 
-----------------------------------------------------------------------
 BufferInfo::CreateBuffers()[0] Created buffers:| VERTEX [1] with [80] bytes. || INDEX [2] with [24] bytes |
-----------------------------------------------------------------------

2016-08-18 14:50:09:926[cInfo        ] --------BufferInfo::AddMesh() Added mesh successfully-------
2016-08-18 14:50:09:927[cInfo        ] 
2016-08-18 14:50:09:928[cInfo        ] --------------------| START BUFFER MESH INFO |-------------------------------------
2016-08-18 14:50:09:930[cInfo        ] BufferInfo::AddMesh(): NUM VERTS-----------------[4]
2016-08-18 14:50:09:931[cInfo        ] BufferInfo::AddMesh(): NUM INDICES---------------[6]
2016-08-18 14:50:09:932[cInfo        ] BufferInfo::AddMesh(): VERT OFFSET---------------[0]
2016-08-18 14:50:09:933[cInfo        ] BufferInfo::AddMesh(): INDICES OFFSET (BYTES)----[0]
2016-08-18 14:50:09:934[cInfo        ] --------------------|  END BUFFER MESH INFO  |--------------------------------------
2016-08-18 14:50:09:935[cInfo        ] 

2016-08-18 14:50:09:936[cInfo        ] 
-----------------------------------------------------------------------
 BufferInfo::CreateBuffers()[0] Created buffers:| VERTEX [3] with [96] bytes. || INDEX [4] with [48] bytes |
-----------------------------------------------------------------------

2016-08-18 14:50:09:943[cInfo        ] --------BufferInfo::AddMesh() Added mesh successfully-------
2016-08-18 14:50:09:945[cInfo        ] 
2016-08-18 14:50:09:945[cInfo        ] --------------------| START BUFFER MESH INFO |-------------------------------------
2016-08-18 14:50:09:946[cInfo        ] BufferInfo::AddMesh(): NUM VERTS-----------------[8]
2016-08-18 14:50:09:947[cInfo        ] BufferInfo::AddMesh(): NUM INDICES---------------[24]
2016-08-18 14:50:09:948[cInfo        ] BufferInfo::AddMesh(): VERT OFFSET---------------[0]
2016-08-18 14:50:09:949[cInfo        ] BufferInfo::AddMesh(): INDICES OFFSET (BYTES)----[0]
2016-08-18 14:50:09:951[cInfo        ] --------------------|  END BUFFER MESH INFO  |--------------------------------------
2016-08-18 14:50:09:953[cInfo        ] 

2016-08-18 14:50:09:954[cInfo        ] 
-----------------------------------------------------------------------
 BufferInfo::CreateBuffers()[0] Created buffers:| VERTEX [5] with [864] bytes. || INDEX [6] with [0] bytes |
-----------------------------------------------------------------------

2016-08-18 14:50:09:959[cInfo        ] --------BufferInfo::AddMesh() Added mesh successfully-------
2016-08-18 14:50:09:962[cInfo        ] 
2016-08-18 14:50:09:962[cInfo        ] --------------------| START BUFFER MESH INFO |-------------------------------------
2016-08-18 14:50:09:964[cInfo        ] BufferInfo::AddMesh(): NUM VERTS-----------------[36]
2016-08-18 14:50:09:966[cInfo        ] BufferInfo::AddMesh(): NUM INDICES---------------[0]
2016-08-18 14:50:09:967[cInfo        ] BufferInfo::AddMesh(): VERT OFFSET---------------[0]
2016-08-18 14:50:09:968[cInfo        ] BufferInfo::AddMesh(): INDICES OFFSET (BYTES)----[0]
2016-08-18 14:50:09:970[cInfo        ] --------------------|  END BUFFER MESH INFO  |--------------------------------------
2016-08-18 14:50:09:972[cInfo        ] 

2016-08-18 14:50:09:973[cInfo        ] 
-----------------------------------------------------------------------
 BufferInfo::CreateBuffers()[0] Created buffers:| VERTEX [7] with [144] bytes. || INDEX [8] with [0] bytes |
-----------------------------------------------------------------------

2016-08-18 14:50:09:978[cInfo        ] --------BufferInfo::AddMesh() Added mesh successfully-------
2016-08-18 14:50:09:981[cInfo        ] 
2016-08-18 14:50:09:981[cInfo        ] --------------------| START BUFFER MESH INFO |-------------------------------------
2016-08-18 14:50:09:982[cInfo        ] BufferInfo::AddMesh(): NUM VERTS-----------------[6]
2016-08-18 14:50:09:983[cInfo        ] BufferInfo::AddMesh(): NUM INDICES---------------[0]
2016-08-18 14:50:09:984[cInfo        ] BufferInfo::AddMesh(): VERT OFFSET---------------[0]
2016-08-18 14:50:09:985[cInfo        ] BufferInfo::AddMesh(): INDICES OFFSET (BYTES)----[0]
2016-08-18 14:50:09:986[cInfo        ] --------------------|  END BUFFER MESH INFO  |--------------------------------------
2016-08-18 14:50:09:987[cInfo        ] 

2016-08-18 14:50:09:988[cProcess     ] BufferManager::Initialize() successful.
2016-08-18 14:50:09:989[cInfo        ] 
-----------------------------------------------------------------------
 BufferInfo::CreateBuffers()[0] Created buffers:| VERTEX [9] with [1000000] bytes. || INDEX [10] with [1000000] bytes |
-----------------------------------------------------------------------

2016-08-18 14:50:09:995[cInfo        ] --------BufferInfo::AddMesh() Added mesh successfully-------
2016-08-18 14:50:09:996[cInfo        ] 
2016-08-18 14:50:09:996[cInfo        ] --------------------| START BUFFER MESH INFO |-------------------------------------
2016-08-18 14:50:09:997[cInfo        ] BufferInfo::AddMesh(): NUM VERTS-----------------[24]
2016-08-18 14:50:09:998[cInfo        ] BufferInfo::AddMesh(): NUM INDICES---------------[36]
2016-08-18 14:50:09:999[cInfo        ] BufferInfo::AddMesh(): VERT OFFSET---------------[0]
2016-08-18 14:50:10:000[cInfo        ] BufferInfo::AddMesh(): INDICES OFFSET (BYTES)----[0]
2016-08-18 14:50:10:002[cInfo        ] --------------------|  END BUFFER MESH INFO  |--------------------------------------
2016-08-18 14:50:10:003[cInfo        ] 

2016-08-18 14:50:10:005[cProcess     ] BufferManager::Initialize() successful.
2016-08-18 14:50:10:006[cInfo        ] 
-----------------------------------------------------------------------
 BufferInfo::CreateBuffers()[1] Created buffers:| VERTEX [11] with [1000000] bytes. || INDEX [12] with [1000000] bytes |
-----------------------------------------------------------------------

2016-08-18 14:50:10:012[cInfo        ] --------BufferInfo::AddMesh() Added mesh successfully-------
2016-08-18 14:50:10:013[cInfo        ] 
2016-08-18 14:50:10:013[cInfo        ] --------------------| START BUFFER MESH INFO |-------------------------------------
2016-08-18 14:50:10:014[cInfo        ] BufferInfo::AddMesh(): NUM VERTS-----------------[1536]
2016-08-18 14:50:10:015[cInfo        ] BufferInfo::AddMesh(): NUM INDICES---------------[3072]
2016-08-18 14:50:10:016[cInfo        ] BufferInfo::AddMesh(): VERT OFFSET---------------[0]
2016-08-18 14:50:10:017[cInfo        ] BufferInfo::AddMesh(): INDICES OFFSET (BYTES)----[0]
2016-08-18 14:50:10:018[cInfo        ] --------------------|  END BUFFER MESH INFO  |--------------------------------------
2016-08-18 14:50:10:019[cInfo        ] 

2016-08-18 14:50:10:021[cInfo        ] 
-----------------------------------------------------------------------
 BufferInfo::CreateBuffers()[0] Created buffers:| VERTEX [13] with [3936] bytes. || INDEX [14] with [0] bytes |
-----------------------------------------------------------------------

2016-08-18 14:50:10:025[cInfo        ] --------BufferInfo::AddMesh() Added mesh successfully-------
2016-08-18 14:50:10:026[cInfo        ] 
2016-08-18 14:50:10:026[cInfo        ] --------------------| START BUFFER MESH INFO |-------------------------------------
2016-08-18 14:50:10:027[cInfo        ] BufferInfo::AddMesh(): NUM VERTS-----------------[164]
2016-08-18 14:50:10:028[cInfo        ] BufferInfo::AddMesh(): NUM INDICES---------------[0]
2016-08-18 14:50:10:029[cInfo        ] BufferInfo::AddMesh(): VERT OFFSET---------------[0]
2016-08-18 14:50:10:031[cInfo        ] BufferInfo::AddMesh(): INDICES OFFSET (BYTES)----[0]
2016-08-18 14:50:10:032[cInfo        ] --------------------|  END BUFFER MESH INFO  |--------------------------------------
2016-08-18 14:50:10:033[cInfo        ] 

2016-08-18 14:50:10:034[cProcess     ] ShapeGenerator initialized successfully.
2016-08-18 14:50:10:034[cProcess     ] Camera::Initialize() successful.
2016-08-18 14:50:10:035[cProcess     ] Keyboard::Initialize() successful
2016-08-18 14:50:10:036[cProcess     ] Keyboard::Initialize() successful
2016-08-18 14:50:10:050[cInfo        ] 
-----------------------------------------------------------------------
 BufferInfo::CreateBuffers()[0] Created buffers:| VERTEX [15] with [10810368] bytes. || INDEX [16] with [0] bytes |
-----------------------------------------------------------------------

2016-08-18 14:50:10:066[cInfo        ] --------BufferInfo::AddMesh() Added mesh successfully-------
2016-08-18 14:50:10:067[cInfo        ] 
2016-08-18 14:50:10:067[cInfo        ] --------------------| START BUFFER MESH INFO |-------------------------------------
2016-08-18 14:50:10:070[cInfo        ] BufferInfo::AddMesh(): NUM VERTS-----------------[337824]
2016-08-18 14:50:10:073[cInfo        ] BufferInfo::AddMesh(): NUM INDICES---------------[0]
2016-08-18 14:50:10:075[cInfo        ] BufferInfo::AddMesh(): VERT OFFSET---------------[0]
2016-08-18 14:50:10:077[cInfo        ] BufferInfo::AddMesh(): INDICES OFFSET (BYTES)----[0]
2016-08-18 14:50:10:078[cInfo        ] --------------------|  END BUFFER MESH INFO  |--------------------------------------
2016-08-18 14:50:10:081[cInfo        ] 

2016-08-18 14:50:10:115[Info         ] ShapeGenerator::ReadSceneFile(): Added new scene [..\Data\Scenes\Dargon.ptn.scene] successfully.
2016-08-18 14:50:10:115[cInfo        ] EntityManager::BuildPlayerEntity(): Built [Dargon] successfully
2016-08-18 14:50:10:118[cProcess     ] BufferManager::Initialize() successful.
2016-08-18 14:50:10:125[cInfo        ] 
-----------------------------------------------------------------------
 BufferInfo::CreateBuffers()[2] Created buffers:| VERTEX [17] with [1000000] bytes. || INDEX [18] with [1000000] bytes |
-----------------------------------------------------------------------

2016-08-18 14:50:10:134[cInfo        ] --------BufferInfo::AddMesh() Added mesh successfully-------
2016-08-18 14:50:10:136[cInfo        ] 
2016-08-18 14:50:10:136[cInfo        ] --------------------| START BUFFER MESH INFO |-------------------------------------
2016-08-18 14:50:10:137[cInfo        ] BufferInfo::AddMesh(): NUM VERTS-----------------[36]
2016-08-18 14:50:10:138[cInfo        ] BufferInfo::AddMesh(): NUM INDICES---------------[0]
2016-08-18 14:50:10:140[cInfo        ] BufferInfo::AddMesh(): VERT OFFSET---------------[0]
2016-08-18 14:50:10:141[cInfo        ] BufferInfo::AddMesh(): INDICES OFFSET (BYTES)----[0]
2016-08-18 14:50:10:143[cInfo        ] --------------------|  END BUFFER MESH INFO  |--------------------------------------
2016-08-18 14:50:10:146[cInfo        ] 

2016-08-18 14:50:10:147[Info         ] ShapeGenerator::ReadSceneFile(): Added new scene [..\Data\Scenes\Cube.pn.scene] successfully.
2016-08-18 14:50:10:147[cInfo        ] --------BufferInfo::AddMesh() Added mesh successfully-------
2016-08-18 14:50:10:148[cInfo        ] 
2016-08-18 14:50:10:149[cInfo        ] --------------------| START BUFFER MESH INFO |-------------------------------------
2016-08-18 14:50:10:150[cInfo        ] BufferInfo::AddMesh(): NUM VERTS-----------------[18]
2016-08-18 14:50:10:151[cInfo        ] BufferInfo::AddMesh(): NUM INDICES---------------[0]
2016-08-18 14:50:10:152[cInfo        ] BufferInfo::AddMesh(): VERT OFFSET---------------[36]
2016-08-18 14:50:10:153[cInfo        ] BufferInfo::AddMesh(): INDICES OFFSET (BYTES)----[0]
2016-08-18 14:50:10:156[cInfo        ] --------------------|  END BUFFER MESH INFO  |--------------------------------------
2016-08-18 14:50:10:157[cInfo        ] 

2016-08-18 14:50:10:158[Info         ] ShapeGenerator::ReadSceneFile(): Added new scene [..\Data\Scenes\Pyramid.pn.scene] successfully.
2016-08-18 14:50:10:164[cInfo        ] 
-----------------------------------------------------------------------
 BufferInfo::CreateBuffers()[0] Created buffers:| VERTEX [19] with [5529600] bytes. || INDEX [20] with [0] bytes |
-----------------------------------------------------------------------

2016-08-18 14:50:10:176[cInfo        ] --------BufferInfo::AddMesh() Added mesh successfully-------
2016-08-18 14:50:10:177[cInfo        ] 
2016-08-18 14:50:10:178[cInfo        ] --------------------| START BUFFER MESH INFO |-------------------------------------
2016-08-18 14:50:10:180[cInfo        ] BufferInfo::AddMesh(): NUM VERTS-----------------[172800]
2016-08-18 14:50:10:181[cInfo        ] BufferInfo::AddMesh(): NUM INDICES---------------[0]
2016-08-18 14:50:10:183[cInfo        ] BufferInfo::AddMesh(): VERT OFFSET---------------[0]
2016-08-18 14:50:10:186[cInfo        ] BufferInfo::AddMesh(): INDICES OFFSET (BYTES)----[0]
2016-08-18 14:50:10:187[cInfo        ] --------------------|  END BUFFER MESH INFO  |--------------------------------------
2016-08-18 14:50:10:188[cInfo        ] 

2016-08-18 14:50:10:189[Info         ] ShapeGenerator::ReadSceneFile(): Added new scene [..\Data\Scenes\WaterPlane.ptn.scene] successfully.
2016-08-18 14:50:10:190[cProcess     ] Camera::Initialize() successful.
2016-08-18 14:50:10:199[cProcess     ] BufferManager::Initialize() successful.
2016-08-18 14:50:10:201[cInfo        ] 
-----------------------------------------------------------------------
 BufferInfo::CreateBuffers()[3] Created buffers:| VERTEX [21] with [8107776] bytes. || INDEX [22] with [0] bytes |
-----------------------------------------------------------------------

2016-08-18 14:50:10:215[cInfo        ] --------BufferInfo::AddMesh() Added mesh successfully-------
2016-08-18 14:50:10:216[cInfo        ] 
2016-08-18 14:50:10:217[cInfo        ] --------------------| START BUFFER MESH INFO |-------------------------------------
2016-08-18 14:50:10:219[cInfo        ] BufferInfo::AddMesh(): NUM VERTS-----------------[337824]
2016-08-18 14:50:10:221[cInfo        ] BufferInfo::AddMesh(): NUM INDICES---------------[0]
2016-08-18 14:50:10:224[cInfo        ] BufferInfo::AddMesh(): VERT OFFSET---------------[0]
2016-08-18 14:50:10:226[cInfo        ] BufferInfo::AddMesh(): INDICES OFFSET (BYTES)----[0]
2016-08-18 14:50:10:227[cInfo        ] --------------------|  END BUFFER MESH INFO  |--------------------------------------
2016-08-18 14:50:10:229[cInfo        ] 

2016-08-18 14:50:10:231[Info         ] ShapeGenerator::ReadSceneFile(): Added new scene [..\Data\Scenes\Dargon.pn.scene] successfully.
2016-08-18 14:50:10:231[cProcess     ] BufferManager::Initialize() successful.
2016-08-18 14:50:10:232[cInfo        ] 
-----------------------------------------------------------------------
 BufferInfo::CreateBuffers()[4] Created buffers:| VERTEX [23] with [1000000] bytes. || INDEX [24] with [1000000] bytes |
-----------------------------------------------------------------------

2016-08-18 14:50:10:238[cInfo        ] --------BufferInfo::AddMesh() Added mesh successfully-------
2016-08-18 14:50:10:239[cInfo        ] 
2016-08-18 14:50:10:240[cInfo        ] --------------------| START BUFFER MESH INFO |-------------------------------------
2016-08-18 14:50:10:242[cInfo        ] BufferInfo::AddMesh(): NUM VERTS-----------------[6]
2016-08-18 14:50:10:244[cInfo        ] BufferInfo::AddMesh(): NUM INDICES---------------[0]
2016-08-18 14:50:10:246[cInfo        ] BufferInfo::AddMesh(): VERT OFFSET---------------[0]
2016-08-18 14:50:10:247[cInfo        ] BufferInfo::AddMesh(): INDICES OFFSET (BYTES)----[0]
2016-08-18 14:50:10:248[cInfo        ] --------------------|  END BUFFER MESH INFO  |--------------------------------------
2016-08-18 14:50:10:249[cInfo        ] 

2016-08-18 14:50:10:250[cProcess     ] BodaciousQuest::Initialize() successful.
2016-08-18 14:50:10:251[Process      ] GameTime::Initialize() ok

2016-08-18 14:50:10:251[cProcess     ] MyWindow::Initialize() successful!
2016-08-18 14:50:38:372[cProcess     ] BufferManager::Shutdown() successful.
2016-08-18 14:50:38:374[cProcess     ] RenderEngine::Shutdown() successful.
2016-08-18 14:50:38:375[cProcess     ] Camera::Shutdown() successful.
2016-08-18 14:50:38:377[Info         ] Shader  [2] deleting...
2016-08-18 14:50:38:377[Info         ] Shader  [2] deleted successfully.
2016-08-18 14:50:38:377[Info         ] Shader  [3] deleting...
2016-08-18 14:50:38:377[Info         ] Shader  [3] deleted successfully.
2016-08-18 14:50:38:377[Info         ] All shaders deleted successfully.
2016-08-18 14:50:38:377[cInfo        ] Program [1] deleted successfully.
2016-08-18 14:50:38:378[Process      ] ShaderProgram[1]::Shutdown successful!
2016-08-18 14:50:38:378[Info         ] Shader  [5] deleting...
2016-08-18 14:50:38:378[Info         ] Shader  [5] deleted successfully.
2016-08-18 14:50:38:378[Info         ] Shader  [6] deleting...
2016-08-18 14:50:38:378[Info         ] Shader  [6] deleted successfully.
2016-08-18 14:50:38:378[Info         ] All shaders deleted successfully.
2016-08-18 14:50:38:378[cInfo        ] Program [4] deleted successfully.
2016-08-18 14:50:38:379[Process      ] ShaderProgram[4]::Shutdown successful!
2016-08-18 14:50:38:380[Info         ] Shader  [8] deleting...
2016-08-18 14:50:38:380[Info         ] Shader  [8] deleted successfully.
2016-08-18 14:50:38:380[Info         ] Shader  [9] deleting...
2016-08-18 14:50:38:380[Info         ] Shader  [9] deleted successfully.
2016-08-18 14:50:38:380[Info         ] All shaders deleted successfully.
2016-08-18 14:50:38:380[cInfo        ] Program [7] deleted successfully.
2016-08-18 14:50:38:380[Process      ] ShaderProgram[7]::Shutdown successful!
2016-08-18 14:50:38:382[Info         ] Shader  [11] deleting...
2016-08-18 14:50:38:382[Info         ] Shader  [11] deleted successfully.
2016-08-18 14:50:38:382[Info         ] Shader  [12] deleting...
2016-08-18 14:50:38:382[Info         ] Shader  [12] deleted successfully.
2016-08-18 14:50:38:382[Info         ] All shaders deleted successfully.
2016-08-18 14:50:38:382[cInfo        ] Program [10] deleted successfully.
2016-08-18 14:50:38:383[Process      ] ShaderProgram[10]::Shutdown successful!
2016-08-18 14:50:38:383[Info         ] Shader  [14] deleting...
2016-08-18 14:50:38:383[Info         ] Shader  [14] deleted successfully.
2016-08-18 14:50:38:383[Info         ] Shader  [15] deleting...
2016-08-18 14:50:38:383[Info         ] Shader  [15] deleted successfully.
2016-08-18 14:50:38:383[Info         ] All shaders deleted successfully.
2016-08-18 14:50:38:383[cInfo        ] Program [13] deleted successfully.
2016-08-18 14:50:38:384[Process      ] ShaderProgram[13]::Shutdown successful!
2016-08-18 14:50:38:384[Info         ] Shader  [17] deleting...
2016-08-18 14:50:38:384[Info         ] Shader  [17] deleted successfully.
2016-08-18 14:50:38:384[Info         ] Shader  [18] deleting...
2016-08-18 14:50:38:384[Info         ] Shader  [18] deleted successfully.
2016-08-18 14:50:38:384[Info         ] All shaders deleted successfully.
2016-08-18 14:50:38:384[cInfo        ] Program [16] deleted successfully.
2016-08-18 14:50:38:385[Process      ] ShaderProgram[16]::Shutdown successful!
2016-08-18 14:50:38:385[Info         ] Shader  [20] deleting...
2016-08-18 14:50:38:385[Info         ] Shader  [20] deleted successfully.
2016-08-18 14:50:38:385[Info         ] Shader  [21] deleting...
2016-08-18 14:50:38:385[Info         ] Shader  [21] deleted successfully.
2016-08-18 14:50:38:385[Info         ] All shaders deleted successfully.
2016-08-18 14:50:38:385[cInfo        ] Program [19] deleted successfully.
2016-08-18 14:50:38:386[Process      ] ShaderProgram[19]::Shutdown successful!
2016-08-18 14:50:38:386[cProcess     ] MyWindow::Shutdown() successful!
2016-08-18 14:50:38:386[cProcess     ] BodaciousQuest::Shutdown() successful.
2016-08-18 14:50:38:396[Process      ] ConfigReader shut down successfully
2016-08-18 14:50:38:396[Process      ] GameLogger::ShutDown() successful
