2016-08-21 18:30:09:302[Process      ] GameLogger::Initialize() opened log file [..\Data\LogFiles\2016-08-21 18-30-09.BodaciousQuest.log] for writing
2016-08-21 18:30:09:302[Info         ] GameLogger::Initialize() successful
2016-08-21 18:30:09:302[Process      ] ConfigReader opened [..\Data\BodaciousQuest.config] successfully
2016-08-21 18:30:09:302[Info         ] ConfigReader initialized successfully
2016-08-21 18:30:09:302[Info         ] Valid KVP [BodaciousQuest.ShowFullScreen] [false] added
2016-08-21 18:30:09:302[Info         ] Valid KVP [BodaciousQuest.FpsInterval] [5.0] added
2016-08-21 18:30:09:302[Info         ] Valid KVP [BodaciousQuest.EnableControls] [true] added
2016-08-21 18:30:09:302[Info         ] Valid KVP [BodaciousQuest.LoadCubeFirst] [true] added
2016-08-21 18:30:09:302[Info         ] Valid KVP [BodaciousQuest.CameraWalkMode] [false] added
2016-08-21 18:30:09:302[Info         ] Valid KVP [BodaciousQuest.GridSize] [40] added
2016-08-21 18:30:09:302[Info         ] Valid KVP [BodaciousQuest.LightingTest.Ambient.Color] [1.0  1.0  1.0] added
2016-08-21 18:30:09:302[Info         ] Valid KVP [BodaciousQuest.LightingTest.Diffuse.Color] [1.0  1.0  1.0] added
2016-08-21 18:30:09:302[Info         ] Valid KVP [BodaciousQuest.LightingTest.Specular.Color] [0.0  0.0  0.0] added
2016-08-21 18:30:09:302[Info         ] Valid KVP [BodaciousQuest.LightingTest.Ambient.Reflectivity] [0.01] added
2016-08-21 18:30:09:302[Info         ] Valid KVP [BodaciousQuest.LightingTest.Diffuse.Reflectivity] [0.8] added
2016-08-21 18:30:09:302[Info         ] Valid KVP [BodaciousQuest.LightingTest.Specular.Reflectivity] [0.5] added
2016-08-21 18:30:09:302[Info         ] Valid KVP [BodaciousQuest.LightingTest.Specular.Shininess] [1.0] added
2016-08-21 18:30:09:302[Info         ] Valid KVP [BodaciousQuest.LightingTest.Falloff.A] [1.0] added
2016-08-21 18:30:09:302[Info         ] Valid KVP [BodaciousQuest.LightingTest.Falloff.B] [0.01] added
2016-08-21 18:30:09:302[Info         ] Valid KVP [BodaciousQuest.LightingTest.Falloff.C] [0.0001] added
2016-08-21 18:30:09:302[Info         ] Valid KVP [BodaciousQuest.LightingTest.Directional] [false] added
2016-08-21 18:30:09:302[Info         ] Valid KVP [BodaciousQuest.LightingTest.Direction] [-1.0 0.0 1.0] added
2016-08-21 18:30:09:302[Info         ] Valid KVP [BodaciousQuest.LightingTest.Light.Position] [-0.875458 3.673020 1.043331] added
2016-08-21 18:30:09:302[Info         ] Valid KVP [BodaciousQuest.LightingTest.Dargon.Color] [1.0 1.0 0.4] added
2016-08-21 18:30:09:303[Info         ] Valid KVP [ObjConverter.Mode.VertexType] [pn] added
2016-08-21 18:30:09:303[Info         ] Valid KVP [ObjConverter.Mode.Analyze] [false] added
2016-08-21 18:30:09:303[Info         ] Valid KVP [ObjConverter.Model] [Dargon] added
2016-08-21 18:30:09:303[Info         ] Valid KVP [ObjConverter.Shader] [4] added
2016-08-21 18:30:09:303[Info         ] Valid KVP [ObjConverter.Color] [random] added
2016-08-21 18:30:09:303[Info         ] Valid KVP [ObjConverter.Obj.InputFileFolder] [..\\Data\\Objs\\] added
2016-08-21 18:30:09:303[Info         ] Valid KVP [ObjConverter.Scene.OutputFileFolder] [..\\Data\\Scenes\\] added
2016-08-21 18:30:09:303[Info         ] Valid KVP [ObjConverter.Model.Dargon.NumVerts] [57967] added
2016-08-21 18:30:09:303[Info         ] Valid KVP [ObjConverter.Model.Dargon.NumIndices] [337824] added
2016-08-21 18:30:09:303[Info         ] Valid KVP [ObjConverter.Model.Dargon.NumTexCoords] [60175] added
2016-08-21 18:30:09:303[Info         ] Valid KVP [ObjConverter.Model.Dargon.NumNormals] [337824] added
2016-08-21 18:30:09:303[Info         ] Valid KVP [ObjConverter.Model.Swamp.NumVerts] [2735] added
2016-08-21 18:30:09:303[Info         ] Valid KVP [ObjConverter.Model.Swamp.NumIndices] [8556] added
2016-08-21 18:30:09:303[Info         ] Valid KVP [ObjConverter.Model.Swamp.NumTexCoords] [3622] added
2016-08-21 18:30:09:303[Info         ] Valid KVP [ObjConverter.Model.Swamp.NumNormals] [5156] added
2016-08-21 18:30:09:303[Info         ] Valid KVP [ObjConverter.Model.Pyramid.NumVerts] [5] added
2016-08-21 18:30:09:303[Info         ] Valid KVP [ObjConverter.Model.Pyramid.NumIndices] [18] added
2016-08-21 18:30:09:303[Info         ] Valid KVP [ObjConverter.Model.Pyramid.NumTexCoords] [10] added
2016-08-21 18:30:09:303[Info         ] Valid KVP [ObjConverter.Model.Pyramid.NumNormals] [16] added
2016-08-21 18:30:09:303[Info         ] Valid KVP [ObjConverter.Model.AIWorld.NumVerts] [1957] added
2016-08-21 18:30:09:303[Info         ] Valid KVP [ObjConverter.Model.AIWorld.NumIndices] [8718] added
2016-08-21 18:30:09:303[Info         ] Valid KVP [ObjConverter.Model.AIWorld.NumTexCoords] [4186] added
2016-08-21 18:30:09:303[Info         ] Valid KVP [ObjConverter.Model.AIWorld.NumNormals] [5418] added
2016-08-21 18:30:09:303[Info         ] Valid KVP [ObjConverter.Model.GameWeapon.NumVerts] [2068] added
2016-08-21 18:30:09:303[Info         ] Valid KVP [ObjConverter.Model.GameWeapon.NumIndices] [9894] added
2016-08-21 18:30:09:303[Info         ] Valid KVP [ObjConverter.Model.GameWeapon.NumTexCoords] [0] added
2016-08-21 18:30:09:303[Info         ] Valid KVP [ObjConverter.Model.GameWeapon.NumNormals] [0] added
2016-08-21 18:30:09:303[Info         ] Valid KVP [ObjConverter.Model.Chicken.NumVerts] [224] added
2016-08-21 18:30:09:303[Info         ] Valid KVP [ObjConverter.Model.Chicken.NumIndices] [1374] added
2016-08-21 18:30:09:303[Info         ] Valid KVP [ObjConverter.Model.Chicken.NumTexCoords] [472] added
2016-08-21 18:30:09:303[Info         ] Valid KVP [ObjConverter.Model.Chicken.NumNormals] [565] added
2016-08-21 18:30:09:303[Info         ] Valid KVP [ObjConverter.Model.WaterPlane.NumVerts] [29282] added
2016-08-21 18:30:09:303[Info         ] Valid KVP [ObjConverter.Model.WaterPlane.NumIndices] [172800] added
2016-08-21 18:30:09:303[Info         ] Valid KVP [ObjConverter.Model.WaterPlane.NumTexCoords] [29282] added
2016-08-21 18:30:09:303[Info         ] Valid KVP [ObjConverter.Model.WaterPlane.NumNormals] [172800] added
2016-08-21 18:30:09:303[Info         ] Valid KVP [ObjConverter.Model.Cube.NumVerts] [8] added
2016-08-21 18:30:09:303[Info         ] Valid KVP [ObjConverter.Model.Cube.NumIndices] [36] added
2016-08-21 18:30:09:303[Info         ] Valid KVP [ObjConverter.Model.Cube.NumTexCoords] [14] added
2016-08-21 18:30:09:303[Info         ] Valid KVP [ObjConverter.Model.Cube.NumNormals] [24] added
2016-08-21 18:30:09:303[Info         ] Valid KVP [ObjConverter.Model.Barrel.NumVerts] [172] added
2016-08-21 18:30:09:303[Info         ] Valid KVP [ObjConverter.Model.Barrel.NumIndices] [1008] added
2016-08-21 18:30:09:303[Info         ] Valid KVP [ObjConverter.Model.Barrel.NumTexCoords] [328] added
2016-08-21 18:30:09:303[Info         ] Valid KVP [ObjConverter.Model.Barrel.NumNormals] [204] added
2016-08-21 18:30:09:303[Info         ] Valid KVP [ObjConverter.Model.SkyBox.NumVerts] [8] added
2016-08-21 18:30:09:303[Info         ] Valid KVP [ObjConverter.Model.SkyBox.NumIndices] [36] added
2016-08-21 18:30:09:303[Info         ] Valid KVP [ObjConverter.Model.SkyBox.NumTexCoords] [18] added
2016-08-21 18:30:09:303[Info         ] Valid KVP [ObjConverter.Model.SkyBox.NumNormals] [24] added
2016-08-21 18:30:09:371[cInfo        ] Config reader opened [..\Data\BodaciousQuest.config] for reading!
2016-08-21 18:30:09:428[Process      ] ShaderManager Initialized successfully
2016-08-21 18:30:09:428[Info         ] Shader Init started
2016-08-21 18:30:09:428[Info         ] Shader Program created.
2016-08-21 18:30:09:428[Process      ] ShaderProgram::Initialize()[1] successful!
2016-08-21 18:30:09:428[Debug        ] File [..\Data\shaders\debug.vert.shader] Opened successfully! Buffer Length:[291]
2016-08-21 18:30:09:428[Debug        ] Shader file [..\Data\shaders\debug.vert.shader] contents:
//BEGIN
#version 430 core

layout(location = 0)  in vec3 vPosition;

layout(location = 15) uniform vec3 colorin;
layout(location = 16) uniform mat4 MAT;

out vec4 color;

void main()
{
	vec4 vertPos = vec4(vPosition, 1.0);
	gl_Position = MAT *  vertPos;
	color = vec4(colorin, 1.0);
}
//END

2016-08-21 18:30:09:428[Debug        ]  ShaderProgram::AddShader() file with data was read in
2016-08-21 18:30:09:428[Debug        ] ShaderProgram::AddShader() : glShaderSource() successful
2016-08-21 18:30:09:429[Debug        ] ShaderProgram::AddShader() : glCompileShader() successful
2016-08-21 18:30:09:429[Info         ] ShaderProgram::CheckShaderCompileStatus(2) successful.
2016-08-21 18:30:09:429[Debug        ] ShaderProgram::AddShader() : glCompileShader() successful
2016-08-21 18:30:09:429[Info         ] ShaderInfo saved successfully.
2016-08-21 18:30:09:429[Debug        ] ShaderProgram::AddShader() : glAttachShader() successful
2016-08-21 18:30:09:429[Info         ] ShaderProgram::AddShader [2] successful.
2016-08-21 18:30:09:429[Debug        ] File [..\Data\shaders\debug.frag.shader] Opened successfully! Buffer Length:[104]
2016-08-21 18:30:09:429[Debug        ] Shader file [..\Data\shaders\debug.frag.shader] contents:
//BEGIN
#version 430 core


in  vec4 color;
out vec4 outColor;

void main()
{
	outColor = color;
}


//END

2016-08-21 18:30:09:429[Debug        ]  ShaderProgram::AddShader() file with data was read in
2016-08-21 18:30:09:429[Debug        ] ShaderProgram::AddShader() : glShaderSource() successful
2016-08-21 18:30:09:429[Debug        ] ShaderProgram::AddShader() : glCompileShader() successful
2016-08-21 18:30:09:429[Info         ] ShaderProgram::CheckShaderCompileStatus(3) successful.
2016-08-21 18:30:09:429[Debug        ] ShaderProgram::AddShader() : glCompileShader() successful
2016-08-21 18:30:09:429[Info         ] ShaderInfo saved successfully.
2016-08-21 18:30:09:429[Debug        ] ShaderProgram::AddShader() : glAttachShader() successful
2016-08-21 18:30:09:429[Info         ] ShaderProgram::AddShader [3] successful.
2016-08-21 18:30:09:430[Info         ] CheckProgramStatus() successful!
2016-08-21 18:30:09:430[Info         ] CheckProgramStatus() successful!
2016-08-21 18:30:09:430[Info         ] Shader Init started
2016-08-21 18:30:09:430[Info         ] Shader Program created.
2016-08-21 18:30:09:430[Process      ] ShaderProgram::Initialize()[4] successful!
2016-08-21 18:30:09:430[Debug        ] File [..\Data\shaders\play.vert.shader] Opened successfully! Buffer Length:[343]
2016-08-21 18:30:09:430[Debug        ] Shader file [..\Data\shaders\play.vert.shader] contents:
//BEGIN
#version 430 core

layout (location = 0)  in vec3 vPosition;
layout (location = 1)  in vec3 vColor;
layout (location = 15) uniform vec3 colorin;
layout (location = 16) uniform mat4 MAT;

out vec4 color;

void main()
{
	vec4 vertPos = vec4(vPosition, 1.0);
	gl_Position = MAT *  vertPos;
	color = vec4((vColor + colorin), 1.0);
}
//END

2016-08-21 18:30:09:430[Debug        ]  ShaderProgram::AddShader() file with data was read in
2016-08-21 18:30:09:430[Debug        ] ShaderProgram::AddShader() : glShaderSource() successful
2016-08-21 18:30:09:431[Debug        ] ShaderProgram::AddShader() : glCompileShader() successful
2016-08-21 18:30:09:431[Info         ] ShaderProgram::CheckShaderCompileStatus(5) successful.
2016-08-21 18:30:09:431[Debug        ] ShaderProgram::AddShader() : glCompileShader() successful
2016-08-21 18:30:09:431[Info         ] ShaderInfo saved successfully.
2016-08-21 18:30:09:431[Debug        ] ShaderProgram::AddShader() : glAttachShader() successful
2016-08-21 18:30:09:431[Info         ] ShaderProgram::AddShader [5] successful.
2016-08-21 18:30:09:431[Debug        ] File [..\Data\shaders\play.frag.shader] Opened successfully! Buffer Length:[391]
2016-08-21 18:30:09:431[Debug        ] Shader file [..\Data\shaders\play.frag.shader] contents:
//BEGIN
#version 430 core


in  vec4 color;
out vec4 outColor;

void main()
{

	//if (color.r < .7) discard;
	outColor = color;

	//if(((gl_FragCoord.x  > 600)&& (gl_FragCoord.y < 300)) || ((gl_FragCoord.y < 300)  && (gl_FragCoord.x  < 600) )) {
	//discard;
	//}

	//vec2 scrPos = vec2(gl_FragCoord) - vec2(350,150);
	//float len =  length(scrPos);
	//if(len < 50 )discard;
}


//END

2016-08-21 18:30:09:431[Debug        ]  ShaderProgram::AddShader() file with data was read in
2016-08-21 18:30:09:431[Debug        ] ShaderProgram::AddShader() : glShaderSource() successful
2016-08-21 18:30:09:431[Debug        ] ShaderProgram::AddShader() : glCompileShader() successful
2016-08-21 18:30:09:431[Info         ] ShaderProgram::CheckShaderCompileStatus(6) successful.
2016-08-21 18:30:09:431[Debug        ] ShaderProgram::AddShader() : glCompileShader() successful
2016-08-21 18:30:09:431[Info         ] ShaderInfo saved successfully.
2016-08-21 18:30:09:431[Debug        ] ShaderProgram::AddShader() : glAttachShader() successful
2016-08-21 18:30:09:431[Info         ] ShaderProgram::AddShader [6] successful.
2016-08-21 18:30:09:432[Info         ] CheckProgramStatus() successful!
2016-08-21 18:30:09:432[Info         ] CheckProgramStatus() successful!
2016-08-21 18:30:09:432[Info         ] Shader Init started
2016-08-21 18:30:09:432[Info         ] Shader Program created.
2016-08-21 18:30:09:432[Process      ] ShaderProgram::Initialize()[7] successful!
2016-08-21 18:30:09:432[Debug        ] File [..\Data\shaders\texture.vert.shader] Opened successfully! Buffer Length:[305]
2016-08-21 18:30:09:432[Debug        ] Shader file [..\Data\shaders\texture.vert.shader] contents:
//BEGIN
#version 430 core

layout (location = 0)  in vec3 vPosition;
layout (location = 1)  in vec2 vUV;

layout (location = 16) uniform mat4 MAT;

//out data
out vec2 UV;

//out vec4 color;

void main()
{
	vec4 vertPos = vec4(vPosition, 1.0);
	gl_Position = MAT *  vertPos;

	UV = vUV;
	
	
}
//END

2016-08-21 18:30:09:432[Debug        ]  ShaderProgram::AddShader() file with data was read in
2016-08-21 18:30:09:432[Debug        ] ShaderProgram::AddShader() : glShaderSource() successful
2016-08-21 18:30:09:432[Debug        ] ShaderProgram::AddShader() : glCompileShader() successful
2016-08-21 18:30:09:432[Info         ] ShaderProgram::CheckShaderCompileStatus(8) successful.
2016-08-21 18:30:09:432[Debug        ] ShaderProgram::AddShader() : glCompileShader() successful
2016-08-21 18:30:09:432[Info         ] ShaderInfo saved successfully.
2016-08-21 18:30:09:432[Debug        ] ShaderProgram::AddShader() : glAttachShader() successful
2016-08-21 18:30:09:432[Info         ] ShaderProgram::AddShader [8] successful.
2016-08-21 18:30:09:432[Debug        ] File [..\Data\shaders\texture.frag.shader] Opened successfully! Buffer Length:[482]
2016-08-21 18:30:09:433[Debug        ] Shader file [..\Data\shaders\texture.frag.shader] contents:
//BEGIN
#version 430 core


in  vec2 UV;
out vec4 outColor;

layout(location = 20) uniform sampler2D textureSampler;

void main()
{

	//if (color.r < .7) discard;
	outColor = vec4(texture(textureSampler, UV).rgb, 1.0);

	//if(((gl_FragCoord.x  > 600)&& (gl_FragCoord.y < 300)) || ((gl_FragCoord.y < 300)  && (gl_FragCoord.x  < 600) )) {
	//discard;
	//}
	//vec2 scrPos = vec2(gl_FragCoord) - vec2(350,150);
	//float len =  length(scrPos);
	//if(len < 50 )discard;
}


//END

2016-08-21 18:30:09:433[Debug        ]  ShaderProgram::AddShader() file with data was read in
2016-08-21 18:30:09:433[Debug        ] ShaderProgram::AddShader() : glShaderSource() successful
2016-08-21 18:30:09:433[Debug        ] ShaderProgram::AddShader() : glCompileShader() successful
2016-08-21 18:30:09:433[Info         ] ShaderProgram::CheckShaderCompileStatus(9) successful.
2016-08-21 18:30:09:433[Debug        ] ShaderProgram::AddShader() : glCompileShader() successful
2016-08-21 18:30:09:433[Info         ] ShaderInfo saved successfully.
2016-08-21 18:30:09:433[Debug        ] ShaderProgram::AddShader() : glAttachShader() successful
2016-08-21 18:30:09:433[Info         ] ShaderProgram::AddShader [9] successful.
2016-08-21 18:30:09:434[Info         ] CheckProgramStatus() successful!
2016-08-21 18:30:09:434[Info         ] CheckProgramStatus() successful!
2016-08-21 18:30:09:434[Info         ] Shader Init started
2016-08-21 18:30:09:434[Info         ] Shader Program created.
2016-08-21 18:30:09:434[Process      ] ShaderProgram::Initialize()[10] successful!
2016-08-21 18:30:09:434[Debug        ] File [..\Data\shaders\framebuffer.vert.shader] Opened successfully! Buffer Length:[305]
2016-08-21 18:30:09:434[Debug        ] Shader file [..\Data\shaders\framebuffer.vert.shader] contents:
//BEGIN
#version 430 core

layout (location = 0)  in vec3 vPosition;
layout (location = 1)  in vec2 vUV;

layout (location = 16) uniform mat4 MAT;

//out data
out vec2 UV;

//out vec4 color;

void main()
{
	vec4 vertPos = vec4(vPosition, 1.0);
	gl_Position = MAT *  vertPos;

	UV = vUV;
	
	
}
//END

2016-08-21 18:30:09:434[Debug        ]  ShaderProgram::AddShader() file with data was read in
2016-08-21 18:30:09:434[Debug        ] ShaderProgram::AddShader() : glShaderSource() successful
2016-08-21 18:30:09:434[Debug        ] ShaderProgram::AddShader() : glCompileShader() successful
2016-08-21 18:30:09:434[Info         ] ShaderProgram::CheckShaderCompileStatus(11) successful.
2016-08-21 18:30:09:434[Debug        ] ShaderProgram::AddShader() : glCompileShader() successful
2016-08-21 18:30:09:434[Info         ] ShaderInfo saved successfully.
2016-08-21 18:30:09:434[Debug        ] ShaderProgram::AddShader() : glAttachShader() successful
2016-08-21 18:30:09:435[Info         ] ShaderProgram::AddShader [11] successful.
2016-08-21 18:30:09:435[Debug        ] File [..\Data\shaders\framebuffer.frag.shader] Opened successfully! Buffer Length:[275]
2016-08-21 18:30:09:435[Debug        ] Shader file [..\Data\shaders\framebuffer.frag.shader] contents:
//BEGIN
#version 430 core


in  vec2 UV;
out vec4 outColor;

layout(location = 20) uniform sampler2D textureSampler;

void main()
{


	vec3 tempCol = texture(textureSampler, UV).rgb;

	outColor = vec4(tempCol.r / 1.5f, tempCol.g / 1.5f, tempCol.b / 1.5f, 1.0f);
}


//END

2016-08-21 18:30:09:435[Debug        ]  ShaderProgram::AddShader() file with data was read in
2016-08-21 18:30:09:435[Debug        ] ShaderProgram::AddShader() : glShaderSource() successful
2016-08-21 18:30:09:435[Debug        ] ShaderProgram::AddShader() : glCompileShader() successful
2016-08-21 18:30:09:435[Info         ] ShaderProgram::CheckShaderCompileStatus(12) successful.
2016-08-21 18:30:09:435[Debug        ] ShaderProgram::AddShader() : glCompileShader() successful
2016-08-21 18:30:09:435[Info         ] ShaderInfo saved successfully.
2016-08-21 18:30:09:435[Debug        ] ShaderProgram::AddShader() : glAttachShader() successful
2016-08-21 18:30:09:435[Info         ] ShaderProgram::AddShader [12] successful.
2016-08-21 18:30:09:436[Info         ] CheckProgramStatus() successful!
2016-08-21 18:30:09:436[Info         ] CheckProgramStatus() successful!
2016-08-21 18:30:09:436[Info         ] Shader Init started
2016-08-21 18:30:09:436[Info         ] Shader Program created.
2016-08-21 18:30:09:436[Process      ] ShaderProgram::Initialize()[13] successful!
2016-08-21 18:30:09:436[Debug        ] File [..\Data\shaders\lighting.vert.shader] Opened successfully! Buffer Length:[1145]
2016-08-21 18:30:09:436[cDebug       ] Shader file [..\Data\shaders\lighting.vert.shader] is too big to display contents.
2016-08-21 18:30:09:438[Debug        ]  ShaderProgram::AddShader() file with data was read in
2016-08-21 18:30:09:438[Debug        ] ShaderProgram::AddShader() : glShaderSource() successful
2016-08-21 18:30:09:438[Debug        ] ShaderProgram::AddShader() : glCompileShader() successful
2016-08-21 18:30:09:438[Info         ] ShaderProgram::CheckShaderCompileStatus(14) successful.
2016-08-21 18:30:09:438[Debug        ] ShaderProgram::AddShader() : glCompileShader() successful
2016-08-21 18:30:09:438[Info         ] ShaderInfo saved successfully.
2016-08-21 18:30:09:438[Debug        ] ShaderProgram::AddShader() : glAttachShader() successful
2016-08-21 18:30:09:438[Info         ] ShaderProgram::AddShader [14] successful.
2016-08-21 18:30:09:438[Debug        ] File [..\Data\shaders\lighting.frag.shader] Opened successfully! Buffer Length:[1744]
2016-08-21 18:30:09:438[cDebug       ] Shader file [..\Data\shaders\lighting.frag.shader] is too big to display contents.
2016-08-21 18:30:09:439[Debug        ]  ShaderProgram::AddShader() file with data was read in
2016-08-21 18:30:09:439[Debug        ] ShaderProgram::AddShader() : glShaderSource() successful
2016-08-21 18:30:09:440[Debug        ] ShaderProgram::AddShader() : glCompileShader() successful
2016-08-21 18:30:09:440[Info         ] ShaderProgram::CheckShaderCompileStatus(15) successful.
2016-08-21 18:30:09:440[Debug        ] ShaderProgram::AddShader() : glCompileShader() successful
2016-08-21 18:30:09:440[Info         ] ShaderInfo saved successfully.
2016-08-21 18:30:09:440[Debug        ] ShaderProgram::AddShader() : glAttachShader() successful
2016-08-21 18:30:09:440[Info         ] ShaderProgram::AddShader [15] successful.
2016-08-21 18:30:09:443[Info         ] CheckProgramStatus() successful!
2016-08-21 18:30:09:443[Info         ] CheckProgramStatus() successful!
2016-08-21 18:30:09:443[Info         ] Shader Init started
2016-08-21 18:30:09:443[Info         ] Shader Program created.
2016-08-21 18:30:09:443[Process      ] ShaderProgram::Initialize()[16] successful!
2016-08-21 18:30:09:443[Debug        ] File [..\Data\shaders\texlighting.vert.shader] Opened successfully! Buffer Length:[1110]
2016-08-21 18:30:09:444[cDebug       ] Shader file [..\Data\shaders\texlighting.vert.shader] is too big to display contents.
2016-08-21 18:30:09:447[Debug        ]  ShaderProgram::AddShader() file with data was read in
2016-08-21 18:30:09:447[Debug        ] ShaderProgram::AddShader() : glShaderSource() successful
2016-08-21 18:30:09:447[Debug        ] ShaderProgram::AddShader() : glCompileShader() successful
2016-08-21 18:30:09:447[Info         ] ShaderProgram::CheckShaderCompileStatus(17) successful.
2016-08-21 18:30:09:447[Debug        ] ShaderProgram::AddShader() : glCompileShader() successful
2016-08-21 18:30:09:448[Info         ] ShaderInfo saved successfully.
2016-08-21 18:30:09:448[Debug        ] ShaderProgram::AddShader() : glAttachShader() successful
2016-08-21 18:30:09:448[Info         ] ShaderProgram::AddShader [17] successful.
2016-08-21 18:30:09:448[Debug        ] File [..\Data\shaders\texlighting.frag.shader] Opened successfully! Buffer Length:[1717]
2016-08-21 18:30:09:448[cDebug       ] Shader file [..\Data\shaders\texlighting.frag.shader] is too big to display contents.
2016-08-21 18:30:09:449[Debug        ]  ShaderProgram::AddShader() file with data was read in
2016-08-21 18:30:09:449[Debug        ] ShaderProgram::AddShader() : glShaderSource() successful
2016-08-21 18:30:09:450[Debug        ] ShaderProgram::AddShader() : glCompileShader() successful
2016-08-21 18:30:09:450[Info         ] ShaderProgram::CheckShaderCompileStatus(18) successful.
2016-08-21 18:30:09:450[Debug        ] ShaderProgram::AddShader() : glCompileShader() successful
2016-08-21 18:30:09:450[Info         ] ShaderInfo saved successfully.
2016-08-21 18:30:09:450[Debug        ] ShaderProgram::AddShader() : glAttachShader() successful
2016-08-21 18:30:09:450[Info         ] ShaderProgram::AddShader [18] successful.
2016-08-21 18:30:09:453[Info         ] CheckProgramStatus() successful!
2016-08-21 18:30:09:453[Info         ] CheckProgramStatus() successful!
2016-08-21 18:30:09:453[Info         ] Shader Init started
2016-08-21 18:30:09:453[Info         ] Shader Program created.
2016-08-21 18:30:09:453[Process      ] ShaderProgram::Initialize()[19] successful!
2016-08-21 18:30:09:453[Debug        ] File [..\Data\shaders\water.vert.shader] Opened successfully! Buffer Length:[1400]
2016-08-21 18:30:09:453[cDebug       ] Shader file [..\Data\shaders\water.vert.shader] is too big to display contents.
2016-08-21 18:30:09:456[Debug        ]  ShaderProgram::AddShader() file with data was read in
2016-08-21 18:30:09:456[Debug        ] ShaderProgram::AddShader() : glShaderSource() successful
2016-08-21 18:30:09:456[Debug        ] ShaderProgram::AddShader() : glCompileShader() successful
2016-08-21 18:30:09:456[Info         ] ShaderProgram::CheckShaderCompileStatus(20) successful.
2016-08-21 18:30:09:456[Debug        ] ShaderProgram::AddShader() : glCompileShader() successful
2016-08-21 18:30:09:456[Info         ] ShaderInfo saved successfully.
2016-08-21 18:30:09:456[Debug        ] ShaderProgram::AddShader() : glAttachShader() successful
2016-08-21 18:30:09:456[Info         ] ShaderProgram::AddShader [20] successful.
2016-08-21 18:30:09:456[Debug        ] File [..\Data\shaders\water.frag.shader] Opened successfully! Buffer Length:[2436]
2016-08-21 18:30:09:456[cDebug       ] Shader file [..\Data\shaders\water.frag.shader] is too big to display contents.
2016-08-21 18:30:09:457[Debug        ]  ShaderProgram::AddShader() file with data was read in
2016-08-21 18:30:09:457[Debug        ] ShaderProgram::AddShader() : glShaderSource() successful
2016-08-21 18:30:09:458[Debug        ] ShaderProgram::AddShader() : glCompileShader() successful
2016-08-21 18:30:09:458[Info         ] ShaderProgram::CheckShaderCompileStatus(21) successful.
2016-08-21 18:30:09:458[Debug        ] ShaderProgram::AddShader() : glCompileShader() successful
2016-08-21 18:30:09:458[Info         ] ShaderInfo saved successfully.
2016-08-21 18:30:09:458[Debug        ] ShaderProgram::AddShader() : glAttachShader() successful
2016-08-21 18:30:09:458[Info         ] ShaderProgram::AddShader [21] successful.
2016-08-21 18:30:09:461[Info         ] CheckProgramStatus() successful!
2016-08-21 18:30:09:461[Info         ] CheckProgramStatus() successful!
2016-08-21 18:30:09:461[Info         ] GetAttribLocation [vPosition] successful.
2016-08-21 18:30:09:461[Info         ] GetUniformLocation [colorin] successful.
2016-08-21 18:30:09:461[Info         ] GetUniformLocation [MAT] successful.
2016-08-21 18:30:09:461[cProcess     ] RenderEngine::Initialize() successful.
2016-08-21 18:30:09:462[cInfo        ] 
-----------------------------------------------------------------------
 BufferInfo::CreateBuffers()[0] Created buffers:| VERTEX [1] with [80] bytes. || INDEX [2] with [24] bytes |
-----------------------------------------------------------------------

2016-08-21 18:30:09:469[cInfo        ] --------BufferInfo::AddMesh() Added mesh successfully-------
2016-08-21 18:30:09:470[cInfo        ] 
2016-08-21 18:30:09:471[cInfo        ] --------------------| START BUFFER MESH INFO |-------------------------------------
2016-08-21 18:30:09:473[cInfo        ] BufferInfo::AddMesh(): NUM VERTS-----------------[4]
2016-08-21 18:30:09:475[cInfo        ] BufferInfo::AddMesh(): NUM INDICES---------------[6]
2016-08-21 18:30:09:476[cInfo        ] BufferInfo::AddMesh(): VERT OFFSET---------------[0]
2016-08-21 18:30:09:478[cInfo        ] BufferInfo::AddMesh(): INDICES OFFSET (BYTES)----[0]
2016-08-21 18:30:09:479[cInfo        ] --------------------|  END BUFFER MESH INFO  |--------------------------------------
2016-08-21 18:30:09:480[cInfo        ] 

2016-08-21 18:30:09:481[cInfo        ] 
-----------------------------------------------------------------------
 BufferInfo::CreateBuffers()[0] Created buffers:| VERTEX [3] with [96] bytes. || INDEX [4] with [48] bytes |
-----------------------------------------------------------------------

2016-08-21 18:30:09:486[cInfo        ] --------BufferInfo::AddMesh() Added mesh successfully-------
2016-08-21 18:30:09:487[cInfo        ] 
2016-08-21 18:30:09:488[cInfo        ] --------------------| START BUFFER MESH INFO |-------------------------------------
2016-08-21 18:30:09:490[cInfo        ] BufferInfo::AddMesh(): NUM VERTS-----------------[8]
2016-08-21 18:30:09:491[cInfo        ] BufferInfo::AddMesh(): NUM INDICES---------------[24]
2016-08-21 18:30:09:492[cInfo        ] BufferInfo::AddMesh(): VERT OFFSET---------------[0]
2016-08-21 18:30:09:493[cInfo        ] BufferInfo::AddMesh(): INDICES OFFSET (BYTES)----[0]
2016-08-21 18:30:09:496[cInfo        ] --------------------|  END BUFFER MESH INFO  |--------------------------------------
2016-08-21 18:30:09:497[cInfo        ] 

2016-08-21 18:30:09:498[cInfo        ] 
-----------------------------------------------------------------------
 BufferInfo::CreateBuffers()[0] Created buffers:| VERTEX [5] with [864] bytes. || INDEX [6] with [0] bytes |
-----------------------------------------------------------------------

2016-08-21 18:30:09:502[cInfo        ] --------BufferInfo::AddMesh() Added mesh successfully-------
2016-08-21 18:30:09:505[cInfo        ] 
2016-08-21 18:30:09:505[cInfo        ] --------------------| START BUFFER MESH INFO |-------------------------------------
2016-08-21 18:30:09:506[cInfo        ] BufferInfo::AddMesh(): NUM VERTS-----------------[36]
2016-08-21 18:30:09:507[cInfo        ] BufferInfo::AddMesh(): NUM INDICES---------------[0]
2016-08-21 18:30:09:508[cInfo        ] BufferInfo::AddMesh(): VERT OFFSET---------------[0]
2016-08-21 18:30:09:509[cInfo        ] BufferInfo::AddMesh(): INDICES OFFSET (BYTES)----[0]
2016-08-21 18:30:09:510[cInfo        ] --------------------|  END BUFFER MESH INFO  |--------------------------------------
2016-08-21 18:30:09:511[cInfo        ] 

2016-08-21 18:30:09:512[cInfo        ] 
-----------------------------------------------------------------------
 BufferInfo::CreateBuffers()[0] Created buffers:| VERTEX [7] with [144] bytes. || INDEX [8] with [0] bytes |
-----------------------------------------------------------------------

2016-08-21 18:30:09:517[cInfo        ] --------BufferInfo::AddMesh() Added mesh successfully-------
2016-08-21 18:30:09:518[cInfo        ] 
2016-08-21 18:30:09:518[cInfo        ] --------------------| START BUFFER MESH INFO |-------------------------------------
2016-08-21 18:30:09:519[cInfo        ] BufferInfo::AddMesh(): NUM VERTS-----------------[6]
2016-08-21 18:30:09:520[cInfo        ] BufferInfo::AddMesh(): NUM INDICES---------------[0]
2016-08-21 18:30:09:521[cInfo        ] BufferInfo::AddMesh(): VERT OFFSET---------------[0]
2016-08-21 18:30:09:522[cInfo        ] BufferInfo::AddMesh(): INDICES OFFSET (BYTES)----[0]
2016-08-21 18:30:09:522[cInfo        ] --------------------|  END BUFFER MESH INFO  |--------------------------------------
2016-08-21 18:30:09:525[cInfo        ] 

2016-08-21 18:30:09:525[Process      ] BufferInfo::Initialize() successful.
2016-08-21 18:30:09:525[cInfo        ] 
-----------------------------------------------------------------------
 BufferInfo::CreateBuffers()[0] Created buffers:| VERTEX [9] with [1000000] bytes. || INDEX [10] with [1000000] bytes |
-----------------------------------------------------------------------

2016-08-21 18:30:09:529[cInfo        ] --------BufferInfo::AddMesh() Added mesh successfully-------
2016-08-21 18:30:09:530[cInfo        ] 
2016-08-21 18:30:09:530[cInfo        ] --------------------| START BUFFER MESH INFO |-------------------------------------
2016-08-21 18:30:09:531[cInfo        ] BufferInfo::AddMesh(): NUM VERTS-----------------[24]
2016-08-21 18:30:09:532[cInfo        ] BufferInfo::AddMesh(): NUM INDICES---------------[36]
2016-08-21 18:30:09:534[cInfo        ] BufferInfo::AddMesh(): VERT OFFSET---------------[0]
2016-08-21 18:30:09:535[cInfo        ] BufferInfo::AddMesh(): INDICES OFFSET (BYTES)----[0]
2016-08-21 18:30:09:536[cInfo        ] --------------------|  END BUFFER MESH INFO  |--------------------------------------
2016-08-21 18:30:09:537[cInfo        ] 

2016-08-21 18:30:09:538[Process      ] BufferInfo::Initialize() successful.
2016-08-21 18:30:09:539[cInfo        ] 
-----------------------------------------------------------------------
 BufferInfo::CreateBuffers()[1] Created buffers:| VERTEX [11] with [1000000] bytes. || INDEX [12] with [1000000] bytes |
-----------------------------------------------------------------------

2016-08-21 18:30:09:542[cInfo        ] --------BufferInfo::AddMesh() Added mesh successfully-------
2016-08-21 18:30:09:545[cInfo        ] 
2016-08-21 18:30:09:546[cInfo        ] --------------------| START BUFFER MESH INFO |-------------------------------------
2016-08-21 18:30:09:547[cInfo        ] BufferInfo::AddMesh(): NUM VERTS-----------------[1536]
2016-08-21 18:30:09:548[cInfo        ] BufferInfo::AddMesh(): NUM INDICES---------------[3072]
2016-08-21 18:30:09:549[cInfo        ] BufferInfo::AddMesh(): VERT OFFSET---------------[0]
2016-08-21 18:30:09:550[cInfo        ] BufferInfo::AddMesh(): INDICES OFFSET (BYTES)----[0]
2016-08-21 18:30:09:550[cInfo        ] --------------------|  END BUFFER MESH INFO  |--------------------------------------
2016-08-21 18:30:09:552[cInfo        ] 

2016-08-21 18:30:09:552[cInfo        ] 
-----------------------------------------------------------------------
 BufferInfo::CreateBuffers()[0] Created buffers:| VERTEX [13] with [3936] bytes. || INDEX [14] with [0] bytes |
-----------------------------------------------------------------------

2016-08-21 18:30:09:557[cInfo        ] --------BufferInfo::AddMesh() Added mesh successfully-------
2016-08-21 18:30:09:558[cInfo        ] 
2016-08-21 18:30:09:559[cInfo        ] --------------------| START BUFFER MESH INFO |-------------------------------------
2016-08-21 18:30:09:561[cInfo        ] BufferInfo::AddMesh(): NUM VERTS-----------------[164]
2016-08-21 18:30:09:562[cInfo        ] BufferInfo::AddMesh(): NUM INDICES---------------[0]
2016-08-21 18:30:09:563[cInfo        ] BufferInfo::AddMesh(): VERT OFFSET---------------[0]
2016-08-21 18:30:09:566[cInfo        ] BufferInfo::AddMesh(): INDICES OFFSET (BYTES)----[0]
2016-08-21 18:30:09:567[cInfo        ] --------------------|  END BUFFER MESH INFO  |--------------------------------------
2016-08-21 18:30:09:569[cInfo        ] 

2016-08-21 18:30:09:569[cProcess     ] ShapeGenerator initialized successfully.
2016-08-21 18:30:09:570[cProcess     ] Camera::Initialize() successful.
2016-08-21 18:30:09:571[cProcess     ] Keyboard::Initialize() successful
2016-08-21 18:30:09:572[cProcess     ] Keyboard::Initialize() successful
2016-08-21 18:30:09:588[cInfo        ] 
-----------------------------------------------------------------------
 BufferInfo::CreateBuffers()[0] Created buffers:| VERTEX [15] with [10810368] bytes. || INDEX [16] with [0] bytes |
-----------------------------------------------------------------------

2016-08-21 18:30:09:602[cInfo        ] --------BufferInfo::AddMesh() Added mesh successfully-------
2016-08-21 18:30:09:604[cInfo        ] 
2016-08-21 18:30:09:605[cInfo        ] --------------------| START BUFFER MESH INFO |-------------------------------------
2016-08-21 18:30:09:606[cInfo        ] BufferInfo::AddMesh(): NUM VERTS-----------------[337824]
2016-08-21 18:30:09:607[cInfo        ] BufferInfo::AddMesh(): NUM INDICES---------------[0]
2016-08-21 18:30:09:608[cInfo        ] BufferInfo::AddMesh(): VERT OFFSET---------------[0]
2016-08-21 18:30:09:609[cInfo        ] BufferInfo::AddMesh(): INDICES OFFSET (BYTES)----[0]
2016-08-21 18:30:09:610[cInfo        ] --------------------|  END BUFFER MESH INFO  |--------------------------------------
2016-08-21 18:30:09:611[cInfo        ] 

2016-08-21 18:30:09:635[Info         ] ShapeGenerator::ReadSceneFile(): Added new scene [..\Data\Scenes\Dargon.ptn.scene] successfully.
2016-08-21 18:30:09:635[cInfo        ] EntityManager::BuildPlayerEntity(): Built [Dargon] successfully
2016-08-21 18:30:09:637[Process      ] BufferInfo::Initialize() successful.
2016-08-21 18:30:09:641[cInfo        ] 
-----------------------------------------------------------------------
 BufferInfo::CreateBuffers()[2] Created buffers:| VERTEX [17] with [1000000] bytes. || INDEX [18] with [1000000] bytes |
-----------------------------------------------------------------------

2016-08-21 18:30:09:648[cInfo        ] --------BufferInfo::AddMesh() Added mesh successfully-------
2016-08-21 18:30:09:649[cInfo        ] 
2016-08-21 18:30:09:649[cInfo        ] --------------------| START BUFFER MESH INFO |-------------------------------------
2016-08-21 18:30:09:650[cInfo        ] BufferInfo::AddMesh(): NUM VERTS-----------------[36]
2016-08-21 18:30:09:651[cInfo        ] BufferInfo::AddMesh(): NUM INDICES---------------[0]
2016-08-21 18:30:09:652[cInfo        ] BufferInfo::AddMesh(): VERT OFFSET---------------[0]
2016-08-21 18:30:09:653[cInfo        ] BufferInfo::AddMesh(): INDICES OFFSET (BYTES)----[0]
2016-08-21 18:30:09:654[cInfo        ] --------------------|  END BUFFER MESH INFO  |--------------------------------------
2016-08-21 18:30:09:656[cInfo        ] 

2016-08-21 18:30:09:657[Info         ] ShapeGenerator::ReadSceneFile(): Added new scene [..\Data\Scenes\Cube.pn.scene] successfully.
2016-08-21 18:30:09:657[Process      ] BufferInfo::Initialize() successful.
2016-08-21 18:30:09:657[cInfo        ] 
-----------------------------------------------------------------------
 BufferInfo::CreateBuffers()[3] Created buffers:| VERTEX [19] with [1000000] bytes. || INDEX [20] with [1000000] bytes |
-----------------------------------------------------------------------

2016-08-21 18:30:09:661[cInfo        ] --------BufferInfo::AddMesh() Added mesh successfully-------
2016-08-21 18:30:09:662[cInfo        ] 
2016-08-21 18:30:09:662[cInfo        ] --------------------| START BUFFER MESH INFO |-------------------------------------
2016-08-21 18:30:09:663[cInfo        ] BufferInfo::AddMesh(): NUM VERTS-----------------[8718]
2016-08-21 18:30:09:665[cInfo        ] BufferInfo::AddMesh(): NUM INDICES---------------[0]
2016-08-21 18:30:09:666[cInfo        ] BufferInfo::AddMesh(): VERT OFFSET---------------[0]
2016-08-21 18:30:09:667[cInfo        ] BufferInfo::AddMesh(): INDICES OFFSET (BYTES)----[0]
2016-08-21 18:30:09:668[cInfo        ] --------------------|  END BUFFER MESH INFO  |--------------------------------------
2016-08-21 18:30:09:669[cInfo        ] 

2016-08-21 18:30:09:671[Info         ] ShapeGenerator::ReadSceneFile(): Added new scene [..\Data\Scenes\AIWorld.ptn.scene] successfully.
2016-08-21 18:30:09:672[cInfo        ] --------BufferInfo::AddMesh() Added mesh successfully-------
2016-08-21 18:30:09:673[cInfo        ] 
2016-08-21 18:30:09:673[cInfo        ] --------------------| START BUFFER MESH INFO |-------------------------------------
2016-08-21 18:30:09:675[cInfo        ] BufferInfo::AddMesh(): NUM VERTS-----------------[18]
2016-08-21 18:30:09:676[cInfo        ] BufferInfo::AddMesh(): NUM INDICES---------------[0]
2016-08-21 18:30:09:677[cInfo        ] BufferInfo::AddMesh(): VERT OFFSET---------------[36]
2016-08-21 18:30:09:678[cInfo        ] BufferInfo::AddMesh(): INDICES OFFSET (BYTES)----[0]
2016-08-21 18:30:09:679[cInfo        ] --------------------|  END BUFFER MESH INFO  |--------------------------------------
2016-08-21 18:30:09:680[cInfo        ] 

2016-08-21 18:30:09:681[Info         ] ShapeGenerator::ReadSceneFile(): Added new scene [..\Data\Scenes\Pyramid.pn.scene] successfully.
2016-08-21 18:30:09:688[cInfo        ] 
-----------------------------------------------------------------------
 BufferInfo::CreateBuffers()[0] Created buffers:| VERTEX [21] with [5529600] bytes. || INDEX [22] with [0] bytes |
-----------------------------------------------------------------------

2016-08-21 18:30:09:704[cInfo        ] --------BufferInfo::AddMesh() Added mesh successfully-------
2016-08-21 18:30:09:706[cInfo        ] 
2016-08-21 18:30:09:706[cInfo        ] --------------------| START BUFFER MESH INFO |-------------------------------------
2016-08-21 18:30:09:708[cInfo        ] BufferInfo::AddMesh(): NUM VERTS-----------------[172800]
2016-08-21 18:30:09:710[cInfo        ] BufferInfo::AddMesh(): NUM INDICES---------------[0]
2016-08-21 18:30:09:711[cInfo        ] BufferInfo::AddMesh(): VERT OFFSET---------------[0]
2016-08-21 18:30:09:713[cInfo        ] BufferInfo::AddMesh(): INDICES OFFSET (BYTES)----[0]
2016-08-21 18:30:09:714[cInfo        ] --------------------|  END BUFFER MESH INFO  |--------------------------------------
2016-08-21 18:30:09:715[cInfo        ] 

2016-08-21 18:30:09:716[Info         ] ShapeGenerator::ReadSceneFile(): Added new scene [..\Data\Scenes\WaterPlane.ptn.scene] successfully.
2016-08-21 18:30:09:717[cProcess     ] Camera::Initialize() successful.
2016-08-21 18:30:09:728[Process      ] BufferInfo::Initialize() successful.
2016-08-21 18:30:09:728[cInfo        ] 
-----------------------------------------------------------------------
 BufferInfo::CreateBuffers()[4] Created buffers:| VERTEX [23] with [8107776] bytes. || INDEX [24] with [0] bytes |
-----------------------------------------------------------------------

2016-08-21 18:30:09:747[cInfo        ] --------BufferInfo::AddMesh() Added mesh successfully-------
2016-08-21 18:30:09:748[cInfo        ] 
2016-08-21 18:30:09:749[cInfo        ] --------------------| START BUFFER MESH INFO |-------------------------------------
2016-08-21 18:30:09:751[cInfo        ] BufferInfo::AddMesh(): NUM VERTS-----------------[337824]
2016-08-21 18:30:09:753[cInfo        ] BufferInfo::AddMesh(): NUM INDICES---------------[0]
2016-08-21 18:30:09:754[cInfo        ] BufferInfo::AddMesh(): VERT OFFSET---------------[0]
2016-08-21 18:30:09:756[cInfo        ] BufferInfo::AddMesh(): INDICES OFFSET (BYTES)----[0]
2016-08-21 18:30:09:757[cInfo        ] --------------------|  END BUFFER MESH INFO  |--------------------------------------
2016-08-21 18:30:09:758[cInfo        ] 

2016-08-21 18:30:09:759[Info         ] ShapeGenerator::ReadSceneFile(): Added new scene [..\Data\Scenes\Dargon.pn.scene] successfully.
2016-08-21 18:30:09:759[Process      ] BufferInfo::Initialize() successful.
2016-08-21 18:30:09:759[cInfo        ] 
-----------------------------------------------------------------------
 BufferInfo::CreateBuffers()[5] Created buffers:| VERTEX [25] with [1000000] bytes. || INDEX [26] with [1000000] bytes |
-----------------------------------------------------------------------

2016-08-21 18:30:09:766[cInfo        ] --------BufferInfo::AddMesh() Added mesh successfully-------
2016-08-21 18:30:09:768[cInfo        ] 
2016-08-21 18:30:09:768[cInfo        ] --------------------| START BUFFER MESH INFO |-------------------------------------
2016-08-21 18:30:09:771[cInfo        ] BufferInfo::AddMesh(): NUM VERTS-----------------[6]
2016-08-21 18:30:09:772[cInfo        ] BufferInfo::AddMesh(): NUM INDICES---------------[0]
2016-08-21 18:30:09:773[cInfo        ] BufferInfo::AddMesh(): VERT OFFSET---------------[0]
2016-08-21 18:30:09:775[cInfo        ] BufferInfo::AddMesh(): INDICES OFFSET (BYTES)----[0]
2016-08-21 18:30:09:777[cInfo        ] --------------------|  END BUFFER MESH INFO  |--------------------------------------
2016-08-21 18:30:09:779[cInfo        ] 

2016-08-21 18:30:09:781[cProcess     ] BodaciousQuest::Initialize() successful.
2016-08-21 18:30:09:782[Process      ] GameTime::Initialize() ok

2016-08-21 18:30:09:782[cProcess     ] MyWindow::Initialize() successful!
2016-08-21 18:30:12:201[cProcess     ] BufferManager::Shutdown() successful.
2016-08-21 18:30:12:202[cProcess     ] RenderEngine::Shutdown() successful.
2016-08-21 18:30:12:203[cProcess     ] Camera::Shutdown() successful.
2016-08-21 18:30:12:204[Info         ] Shader  [2] deleting...
2016-08-21 18:30:12:204[Info         ] Shader  [2] deleted successfully.
2016-08-21 18:30:12:204[Info         ] Shader  [3] deleting...
2016-08-21 18:30:12:204[Info         ] Shader  [3] deleted successfully.
2016-08-21 18:30:12:204[Info         ] All shaders deleted successfully.
2016-08-21 18:30:12:204[cInfo        ] Program [1] deleted successfully.
2016-08-21 18:30:12:205[Process      ] ShaderProgram[1]::Shutdown successful!
2016-08-21 18:30:12:205[Info         ] Shader  [5] deleting...
2016-08-21 18:30:12:205[Info         ] Shader  [5] deleted successfully.
2016-08-21 18:30:12:205[Info         ] Shader  [6] deleting...
2016-08-21 18:30:12:205[Info         ] Shader  [6] deleted successfully.
2016-08-21 18:30:12:205[Info         ] All shaders deleted successfully.
2016-08-21 18:30:12:205[cInfo        ] Program [4] deleted successfully.
2016-08-21 18:30:12:206[Process      ] ShaderProgram[4]::Shutdown successful!
2016-08-21 18:30:12:206[Info         ] Shader  [8] deleting...
2016-08-21 18:30:12:206[Info         ] Shader  [8] deleted successfully.
2016-08-21 18:30:12:206[Info         ] Shader  [9] deleting...
2016-08-21 18:30:12:206[Info         ] Shader  [9] deleted successfully.
2016-08-21 18:30:12:206[Info         ] All shaders deleted successfully.
2016-08-21 18:30:12:206[cInfo        ] Program [7] deleted successfully.
2016-08-21 18:30:12:207[Process      ] ShaderProgram[7]::Shutdown successful!
2016-08-21 18:30:12:207[Info         ] Shader  [11] deleting...
2016-08-21 18:30:12:207[Info         ] Shader  [11] deleted successfully.
2016-08-21 18:30:12:207[Info         ] Shader  [12] deleting...
2016-08-21 18:30:12:207[Info         ] Shader  [12] deleted successfully.
2016-08-21 18:30:12:207[Info         ] All shaders deleted successfully.
2016-08-21 18:30:12:207[cInfo        ] Program [10] deleted successfully.
2016-08-21 18:30:12:208[Process      ] ShaderProgram[10]::Shutdown successful!
2016-08-21 18:30:12:208[Info         ] Shader  [14] deleting...
2016-08-21 18:30:12:208[Info         ] Shader  [14] deleted successfully.
2016-08-21 18:30:12:208[Info         ] Shader  [15] deleting...
2016-08-21 18:30:12:208[Info         ] Shader  [15] deleted successfully.
2016-08-21 18:30:12:208[Info         ] All shaders deleted successfully.
2016-08-21 18:30:12:208[cInfo        ] Program [13] deleted successfully.
2016-08-21 18:30:12:209[Process      ] ShaderProgram[13]::Shutdown successful!
2016-08-21 18:30:12:209[Info         ] Shader  [17] deleting...
2016-08-21 18:30:12:209[Info         ] Shader  [17] deleted successfully.
2016-08-21 18:30:12:209[Info         ] Shader  [18] deleting...
2016-08-21 18:30:12:209[Info         ] Shader  [18] deleted successfully.
2016-08-21 18:30:12:209[Info         ] All shaders deleted successfully.
2016-08-21 18:30:12:209[cInfo        ] Program [16] deleted successfully.
2016-08-21 18:30:12:209[Process      ] ShaderProgram[16]::Shutdown successful!
2016-08-21 18:30:12:210[Info         ] Shader  [20] deleting...
2016-08-21 18:30:12:210[Info         ] Shader  [20] deleted successfully.
2016-08-21 18:30:12:210[Info         ] Shader  [21] deleting...
2016-08-21 18:30:12:210[Info         ] Shader  [21] deleted successfully.
2016-08-21 18:30:12:210[Info         ] All shaders deleted successfully.
2016-08-21 18:30:12:210[cInfo        ] Program [19] deleted successfully.
2016-08-21 18:30:12:212[Process      ] ShaderProgram[19]::Shutdown successful!
2016-08-21 18:30:12:212[cProcess     ] MyWindow::Shutdown() successful!
2016-08-21 18:30:12:213[cProcess     ] BodaciousQuest::Shutdown() successful.
2016-08-21 18:30:12:225[Process      ] ConfigReader shut down successfully
2016-08-21 18:30:12:225[Process      ] GameLogger::ShutDown() successful
