2016-08-21 13:33:23:590[Process      ] GameLogger::Initialize() opened log file [..\Data\LogFiles\2016-08-21 13-33-23.BodaciousQuest.log] for writing
2016-08-21 13:33:23:590[Info         ] GameLogger::Initialize() successful
2016-08-21 13:33:23:590[Process      ] ConfigReader opened [..\Data\BodaciousQuest.config] successfully
2016-08-21 13:33:23:590[Info         ] ConfigReader initialized successfully
2016-08-21 13:33:23:590[Info         ] Valid KVP [BodaciousQuest.ShowFullScreen] [false] added
2016-08-21 13:33:23:590[Info         ] Valid KVP [BodaciousQuest.FpsInterval] [5.0] added
2016-08-21 13:33:23:591[Info         ] Valid KVP [BodaciousQuest.EnableControls] [true] added
2016-08-21 13:33:23:591[Info         ] Valid KVP [BodaciousQuest.LoadCubeFirst] [true] added
2016-08-21 13:33:23:591[Info         ] Valid KVP [BodaciousQuest.CameraWalkMode] [false] added
2016-08-21 13:33:23:591[Info         ] Valid KVP [BodaciousQuest.GridSize] [40] added
2016-08-21 13:33:23:591[Info         ] Valid KVP [BodaciousQuest.LightingTest.Ambient.Color] [1.0  1.0  1.0] added
2016-08-21 13:33:23:591[Info         ] Valid KVP [BodaciousQuest.LightingTest.Diffuse.Color] [1.0  1.0  1.0] added
2016-08-21 13:33:23:591[Info         ] Valid KVP [BodaciousQuest.LightingTest.Specular.Color] [0.0  0.0  0.0] added
2016-08-21 13:33:23:591[Info         ] Valid KVP [BodaciousQuest.LightingTest.Ambient.Reflectivity] [0.01] added
2016-08-21 13:33:23:592[Info         ] Valid KVP [BodaciousQuest.LightingTest.Diffuse.Reflectivity] [0.8] added
2016-08-21 13:33:23:592[Info         ] Valid KVP [BodaciousQuest.LightingTest.Specular.Reflectivity] [0.5] added
2016-08-21 13:33:23:592[Info         ] Valid KVP [BodaciousQuest.LightingTest.Specular.Shininess] [1.0] added
2016-08-21 13:33:23:592[Info         ] Valid KVP [BodaciousQuest.LightingTest.Falloff.A] [1.0] added
2016-08-21 13:33:23:592[Info         ] Valid KVP [BodaciousQuest.LightingTest.Falloff.B] [0.01] added
2016-08-21 13:33:23:592[Info         ] Valid KVP [BodaciousQuest.LightingTest.Falloff.C] [0.0001] added
2016-08-21 13:33:23:592[Info         ] Valid KVP [BodaciousQuest.LightingTest.Directional] [false] added
2016-08-21 13:33:23:592[Info         ] Valid KVP [BodaciousQuest.LightingTest.Direction] [-1.0 0.0 1.0] added
2016-08-21 13:33:23:592[Info         ] Valid KVP [BodaciousQuest.LightingTest.Light.Position] [-0.875458 3.673020 1.043331] added
2016-08-21 13:33:23:592[Info         ] Valid KVP [BodaciousQuest.LightingTest.Dargon.Color] [1.0 1.0 0.4] added
2016-08-21 13:33:23:592[Info         ] Valid KVP [ObjConverter.Mode.VertexType] [pn] added
2016-08-21 13:33:23:592[Info         ] Valid KVP [ObjConverter.Mode.Analyze] [false] added
2016-08-21 13:33:23:592[Info         ] Valid KVP [ObjConverter.Model] [Dargon] added
2016-08-21 13:33:23:592[Info         ] Valid KVP [ObjConverter.Shader] [4] added
2016-08-21 13:33:23:592[Info         ] Valid KVP [ObjConverter.Color] [random] added
2016-08-21 13:33:23:592[Info         ] Valid KVP [ObjConverter.Obj.InputFileFolder] [..\\Data\\Objs\\] added
2016-08-21 13:33:23:592[Info         ] Valid KVP [ObjConverter.Scene.OutputFileFolder] [..\\Data\\Scenes\\] added
2016-08-21 13:33:23:592[Info         ] Valid KVP [ObjConverter.Model.Dargon.NumVerts] [57967] added
2016-08-21 13:33:23:592[Info         ] Valid KVP [ObjConverter.Model.Dargon.NumIndices] [337824] added
2016-08-21 13:33:23:592[Info         ] Valid KVP [ObjConverter.Model.Dargon.NumTexCoords] [60175] added
2016-08-21 13:33:23:592[Info         ] Valid KVP [ObjConverter.Model.Dargon.NumNormals] [337824] added
2016-08-21 13:33:23:592[Info         ] Valid KVP [ObjConverter.Model.Swamp.NumVerts] [2735] added
2016-08-21 13:33:23:592[Info         ] Valid KVP [ObjConverter.Model.Swamp.NumIndices] [8556] added
2016-08-21 13:33:23:592[Info         ] Valid KVP [ObjConverter.Model.Swamp.NumTexCoords] [3622] added
2016-08-21 13:33:23:592[Info         ] Valid KVP [ObjConverter.Model.Swamp.NumNormals] [5156] added
2016-08-21 13:33:23:592[Info         ] Valid KVP [ObjConverter.Model.Pyramid.NumVerts] [5] added
2016-08-21 13:33:23:592[Info         ] Valid KVP [ObjConverter.Model.Pyramid.NumIndices] [18] added
2016-08-21 13:33:23:592[Info         ] Valid KVP [ObjConverter.Model.Pyramid.NumTexCoords] [10] added
2016-08-21 13:33:23:592[Info         ] Valid KVP [ObjConverter.Model.Pyramid.NumNormals] [16] added
2016-08-21 13:33:23:592[Info         ] Valid KVP [ObjConverter.Model.AIWorld.NumVerts] [1957] added
2016-08-21 13:33:23:592[Info         ] Valid KVP [ObjConverter.Model.AIWorld.NumIndices] [8718] added
2016-08-21 13:33:23:592[Info         ] Valid KVP [ObjConverter.Model.AIWorld.NumTexCoords] [4186] added
2016-08-21 13:33:23:592[Info         ] Valid KVP [ObjConverter.Model.AIWorld.NumNormals] [5418] added
2016-08-21 13:33:23:592[Info         ] Valid KVP [ObjConverter.Model.GameWeapon.NumVerts] [2068] added
2016-08-21 13:33:23:592[Info         ] Valid KVP [ObjConverter.Model.GameWeapon.NumIndices] [9894] added
2016-08-21 13:33:23:592[Info         ] Valid KVP [ObjConverter.Model.GameWeapon.NumTexCoords] [0] added
2016-08-21 13:33:23:592[Info         ] Valid KVP [ObjConverter.Model.GameWeapon.NumNormals] [0] added
2016-08-21 13:33:23:592[Info         ] Valid KVP [ObjConverter.Model.Chicken.NumVerts] [224] added
2016-08-21 13:33:23:592[Info         ] Valid KVP [ObjConverter.Model.Chicken.NumIndices] [1374] added
2016-08-21 13:33:23:592[Info         ] Valid KVP [ObjConverter.Model.Chicken.NumTexCoords] [472] added
2016-08-21 13:33:23:592[Info         ] Valid KVP [ObjConverter.Model.Chicken.NumNormals] [565] added
2016-08-21 13:33:23:592[Info         ] Valid KVP [ObjConverter.Model.WaterPlane.NumVerts] [29282] added
2016-08-21 13:33:23:592[Info         ] Valid KVP [ObjConverter.Model.WaterPlane.NumIndices] [172800] added
2016-08-21 13:33:23:592[Info         ] Valid KVP [ObjConverter.Model.WaterPlane.NumTexCoords] [29282] added
2016-08-21 13:33:23:592[Info         ] Valid KVP [ObjConverter.Model.WaterPlane.NumNormals] [172800] added
2016-08-21 13:33:23:592[Info         ] Valid KVP [ObjConverter.Model.Cube.NumVerts] [8] added
2016-08-21 13:33:23:592[Info         ] Valid KVP [ObjConverter.Model.Cube.NumIndices] [36] added
2016-08-21 13:33:23:592[Info         ] Valid KVP [ObjConverter.Model.Cube.NumTexCoords] [14] added
2016-08-21 13:33:23:592[Info         ] Valid KVP [ObjConverter.Model.Cube.NumNormals] [24] added
2016-08-21 13:33:23:592[Info         ] Valid KVP [ObjConverter.Model.Barrel.NumVerts] [172] added
2016-08-21 13:33:23:592[Info         ] Valid KVP [ObjConverter.Model.Barrel.NumIndices] [1008] added
2016-08-21 13:33:23:593[Info         ] Valid KVP [ObjConverter.Model.Barrel.NumTexCoords] [328] added
2016-08-21 13:33:23:593[Info         ] Valid KVP [ObjConverter.Model.Barrel.NumNormals] [204] added
2016-08-21 13:33:23:593[Info         ] Valid KVP [ObjConverter.Model.SkyBox.NumVerts] [8] added
2016-08-21 13:33:23:593[Info         ] Valid KVP [ObjConverter.Model.SkyBox.NumIndices] [36] added
2016-08-21 13:33:23:593[Info         ] Valid KVP [ObjConverter.Model.SkyBox.NumTexCoords] [18] added
2016-08-21 13:33:23:593[Info         ] Valid KVP [ObjConverter.Model.SkyBox.NumNormals] [24] added
2016-08-21 13:33:23:655[cInfo        ] Config reader opened [..\Data\BodaciousQuest.config] for reading!
2016-08-21 13:33:23:708[Process      ] ShaderManager Initialized successfully
2016-08-21 13:33:23:708[Info         ] Shader Init started
2016-08-21 13:33:23:708[Info         ] Shader Program created.
2016-08-21 13:33:23:708[Process      ] ShaderProgram::Initialize()[1] successful!
2016-08-21 13:33:23:708[Debug        ] File [..\Data\shaders\debug.vert.shader] Opened successfully! Buffer Length:[291]
2016-08-21 13:33:23:708[Debug        ] Shader file [..\Data\shaders\debug.vert.shader] contents:
//BEGIN
#version 430 core

layout(location = 0)  in vec3 vPosition;

layout(location = 15) uniform vec3 colorin;
layout(location = 16) uniform mat4 MAT;

out vec4 color;

void main()
{
	vec4 vertPos = vec4(vPosition, 1.0);
	gl_Position = MAT *  vertPos;
	color = vec4(colorin, 1.0);
}
//END

2016-08-21 13:33:23:708[Debug        ]  ShaderProgram::AddShader() file with data was read in
2016-08-21 13:33:23:708[Debug        ] ShaderProgram::AddShader() : glShaderSource() successful
2016-08-21 13:33:23:708[Debug        ] ShaderProgram::AddShader() : glCompileShader() successful
2016-08-21 13:33:23:709[Info         ] ShaderProgram::CheckShaderCompileStatus(2) successful.
2016-08-21 13:33:23:709[Debug        ] ShaderProgram::AddShader() : glCompileShader() successful
2016-08-21 13:33:23:709[Info         ] ShaderInfo saved successfully.
2016-08-21 13:33:23:709[Debug        ] ShaderProgram::AddShader() : glAttachShader() successful
2016-08-21 13:33:23:709[Info         ] ShaderProgram::AddShader [2] successful.
2016-08-21 13:33:23:709[Debug        ] File [..\Data\shaders\debug.frag.shader] Opened successfully! Buffer Length:[104]
2016-08-21 13:33:23:709[Debug        ] Shader file [..\Data\shaders\debug.frag.shader] contents:
//BEGIN
#version 430 core


in  vec4 color;
out vec4 outColor;

void main()
{
	outColor = color;
}


//END

2016-08-21 13:33:23:709[Debug        ]  ShaderProgram::AddShader() file with data was read in
2016-08-21 13:33:23:709[Debug        ] ShaderProgram::AddShader() : glShaderSource() successful
2016-08-21 13:33:23:709[Debug        ] ShaderProgram::AddShader() : glCompileShader() successful
2016-08-21 13:33:23:709[Info         ] ShaderProgram::CheckShaderCompileStatus(3) successful.
2016-08-21 13:33:23:709[Debug        ] ShaderProgram::AddShader() : glCompileShader() successful
2016-08-21 13:33:23:709[Info         ] ShaderInfo saved successfully.
2016-08-21 13:33:23:709[Debug        ] ShaderProgram::AddShader() : glAttachShader() successful
2016-08-21 13:33:23:709[Info         ] ShaderProgram::AddShader [3] successful.
2016-08-21 13:33:23:710[Info         ] CheckProgramStatus() successful!
2016-08-21 13:33:23:710[Info         ] CheckProgramStatus() successful!
2016-08-21 13:33:23:710[Info         ] Shader Init started
2016-08-21 13:33:23:710[Info         ] Shader Program created.
2016-08-21 13:33:23:710[Process      ] ShaderProgram::Initialize()[4] successful!
2016-08-21 13:33:23:710[Debug        ] File [..\Data\shaders\play.vert.shader] Opened successfully! Buffer Length:[343]
2016-08-21 13:33:23:710[Debug        ] Shader file [..\Data\shaders\play.vert.shader] contents:
//BEGIN
#version 430 core

layout (location = 0)  in vec3 vPosition;
layout (location = 1)  in vec3 vColor;
layout (location = 15) uniform vec3 colorin;
layout (location = 16) uniform mat4 MAT;

out vec4 color;

void main()
{
	vec4 vertPos = vec4(vPosition, 1.0);
	gl_Position = MAT *  vertPos;
	color = vec4((vColor + colorin), 1.0);
}
//END

2016-08-21 13:33:23:710[Debug        ]  ShaderProgram::AddShader() file with data was read in
2016-08-21 13:33:23:710[Debug        ] ShaderProgram::AddShader() : glShaderSource() successful
2016-08-21 13:33:23:710[Debug        ] ShaderProgram::AddShader() : glCompileShader() successful
2016-08-21 13:33:23:710[Info         ] ShaderProgram::CheckShaderCompileStatus(5) successful.
2016-08-21 13:33:23:710[Debug        ] ShaderProgram::AddShader() : glCompileShader() successful
2016-08-21 13:33:23:710[Info         ] ShaderInfo saved successfully.
2016-08-21 13:33:23:710[Debug        ] ShaderProgram::AddShader() : glAttachShader() successful
2016-08-21 13:33:23:710[Info         ] ShaderProgram::AddShader [5] successful.
2016-08-21 13:33:23:711[Debug        ] File [..\Data\shaders\play.frag.shader] Opened successfully! Buffer Length:[391]
2016-08-21 13:33:23:711[Debug        ] Shader file [..\Data\shaders\play.frag.shader] contents:
//BEGIN
#version 430 core


in  vec4 color;
out vec4 outColor;

void main()
{

	//if (color.r < .7) discard;
	outColor = color;

	//if(((gl_FragCoord.x  > 600)&& (gl_FragCoord.y < 300)) || ((gl_FragCoord.y < 300)  && (gl_FragCoord.x  < 600) )) {
	//discard;
	//}

	//vec2 scrPos = vec2(gl_FragCoord) - vec2(350,150);
	//float len =  length(scrPos);
	//if(len < 50 )discard;
}


//END

2016-08-21 13:33:23:711[Debug        ]  ShaderProgram::AddShader() file with data was read in
2016-08-21 13:33:23:711[Debug        ] ShaderProgram::AddShader() : glShaderSource() successful
2016-08-21 13:33:23:711[Debug        ] ShaderProgram::AddShader() : glCompileShader() successful
2016-08-21 13:33:23:711[Info         ] ShaderProgram::CheckShaderCompileStatus(6) successful.
2016-08-21 13:33:23:711[Debug        ] ShaderProgram::AddShader() : glCompileShader() successful
2016-08-21 13:33:23:711[Info         ] ShaderInfo saved successfully.
2016-08-21 13:33:23:711[Debug        ] ShaderProgram::AddShader() : glAttachShader() successful
2016-08-21 13:33:23:711[Info         ] ShaderProgram::AddShader [6] successful.
2016-08-21 13:33:23:712[Info         ] CheckProgramStatus() successful!
2016-08-21 13:33:23:712[Info         ] CheckProgramStatus() successful!
2016-08-21 13:33:23:712[Info         ] Shader Init started
2016-08-21 13:33:23:712[Info         ] Shader Program created.
2016-08-21 13:33:23:712[Process      ] ShaderProgram::Initialize()[7] successful!
2016-08-21 13:33:23:712[Debug        ] File [..\Data\shaders\texture.vert.shader] Opened successfully! Buffer Length:[305]
2016-08-21 13:33:23:712[Debug        ] Shader file [..\Data\shaders\texture.vert.shader] contents:
//BEGIN
#version 430 core

layout (location = 0)  in vec3 vPosition;
layout (location = 1)  in vec2 vUV;

layout (location = 16) uniform mat4 MAT;

//out data
out vec2 UV;

//out vec4 color;

void main()
{
	vec4 vertPos = vec4(vPosition, 1.0);
	gl_Position = MAT *  vertPos;

	UV = vUV;
	
	
}
//END

2016-08-21 13:33:23:712[Debug        ]  ShaderProgram::AddShader() file with data was read in
2016-08-21 13:33:23:712[Debug        ] ShaderProgram::AddShader() : glShaderSource() successful
2016-08-21 13:33:23:712[Debug        ] ShaderProgram::AddShader() : glCompileShader() successful
2016-08-21 13:33:23:712[Info         ] ShaderProgram::CheckShaderCompileStatus(8) successful.
2016-08-21 13:33:23:712[Debug        ] ShaderProgram::AddShader() : glCompileShader() successful
2016-08-21 13:33:23:712[Info         ] ShaderInfo saved successfully.
2016-08-21 13:33:23:712[Debug        ] ShaderProgram::AddShader() : glAttachShader() successful
2016-08-21 13:33:23:712[Info         ] ShaderProgram::AddShader [8] successful.
2016-08-21 13:33:23:712[Debug        ] File [..\Data\shaders\texture.frag.shader] Opened successfully! Buffer Length:[482]
2016-08-21 13:33:23:712[Debug        ] Shader file [..\Data\shaders\texture.frag.shader] contents:
//BEGIN
#version 430 core


in  vec2 UV;
out vec4 outColor;

layout(location = 20) uniform sampler2D textureSampler;

void main()
{

	//if (color.r < .7) discard;
	outColor = vec4(texture(textureSampler, UV).rgb, 1.0);

	//if(((gl_FragCoord.x  > 600)&& (gl_FragCoord.y < 300)) || ((gl_FragCoord.y < 300)  && (gl_FragCoord.x  < 600) )) {
	//discard;
	//}
	//vec2 scrPos = vec2(gl_FragCoord) - vec2(350,150);
	//float len =  length(scrPos);
	//if(len < 50 )discard;
}


//END

2016-08-21 13:33:23:712[Debug        ]  ShaderProgram::AddShader() file with data was read in
2016-08-21 13:33:23:712[Debug        ] ShaderProgram::AddShader() : glShaderSource() successful
2016-08-21 13:33:23:713[Debug        ] ShaderProgram::AddShader() : glCompileShader() successful
2016-08-21 13:33:23:713[Info         ] ShaderProgram::CheckShaderCompileStatus(9) successful.
2016-08-21 13:33:23:713[Debug        ] ShaderProgram::AddShader() : glCompileShader() successful
2016-08-21 13:33:23:713[Info         ] ShaderInfo saved successfully.
2016-08-21 13:33:23:713[Debug        ] ShaderProgram::AddShader() : glAttachShader() successful
2016-08-21 13:33:23:713[Info         ] ShaderProgram::AddShader [9] successful.
2016-08-21 13:33:23:713[Info         ] CheckProgramStatus() successful!
2016-08-21 13:33:23:714[Info         ] CheckProgramStatus() successful!
2016-08-21 13:33:23:714[Info         ] Shader Init started
2016-08-21 13:33:23:714[Info         ] Shader Program created.
2016-08-21 13:33:23:714[Process      ] ShaderProgram::Initialize()[10] successful!
2016-08-21 13:33:23:714[Debug        ] File [..\Data\shaders\framebuffer.vert.shader] Opened successfully! Buffer Length:[305]
2016-08-21 13:33:23:714[Debug        ] Shader file [..\Data\shaders\framebuffer.vert.shader] contents:
//BEGIN
#version 430 core

layout (location = 0)  in vec3 vPosition;
layout (location = 1)  in vec2 vUV;

layout (location = 16) uniform mat4 MAT;

//out data
out vec2 UV;

//out vec4 color;

void main()
{
	vec4 vertPos = vec4(vPosition, 1.0);
	gl_Position = MAT *  vertPos;

	UV = vUV;
	
	
}
//END

2016-08-21 13:33:23:714[Debug        ]  ShaderProgram::AddShader() file with data was read in
2016-08-21 13:33:23:714[Debug        ] ShaderProgram::AddShader() : glShaderSource() successful
2016-08-21 13:33:23:714[Debug        ] ShaderProgram::AddShader() : glCompileShader() successful
2016-08-21 13:33:23:714[Info         ] ShaderProgram::CheckShaderCompileStatus(11) successful.
2016-08-21 13:33:23:714[Debug        ] ShaderProgram::AddShader() : glCompileShader() successful
2016-08-21 13:33:23:714[Info         ] ShaderInfo saved successfully.
2016-08-21 13:33:23:714[Debug        ] ShaderProgram::AddShader() : glAttachShader() successful
2016-08-21 13:33:23:714[Info         ] ShaderProgram::AddShader [11] successful.
2016-08-21 13:33:23:714[Debug        ] File [..\Data\shaders\framebuffer.frag.shader] Opened successfully! Buffer Length:[275]
2016-08-21 13:33:23:714[Debug        ] Shader file [..\Data\shaders\framebuffer.frag.shader] contents:
//BEGIN
#version 430 core


in  vec2 UV;
out vec4 outColor;

layout(location = 20) uniform sampler2D textureSampler;

void main()
{


	vec3 tempCol = texture(textureSampler, UV).rgb;

	outColor = vec4(tempCol.r / 1.5f, tempCol.g / 1.5f, tempCol.b / 1.5f, 1.0f);
}


//END

2016-08-21 13:33:23:714[Debug        ]  ShaderProgram::AddShader() file with data was read in
2016-08-21 13:33:23:714[Debug        ] ShaderProgram::AddShader() : glShaderSource() successful
2016-08-21 13:33:23:714[Debug        ] ShaderProgram::AddShader() : glCompileShader() successful
2016-08-21 13:33:23:714[Info         ] ShaderProgram::CheckShaderCompileStatus(12) successful.
2016-08-21 13:33:23:714[Debug        ] ShaderProgram::AddShader() : glCompileShader() successful
2016-08-21 13:33:23:714[Info         ] ShaderInfo saved successfully.
2016-08-21 13:33:23:714[Debug        ] ShaderProgram::AddShader() : glAttachShader() successful
2016-08-21 13:33:23:714[Info         ] ShaderProgram::AddShader [12] successful.
2016-08-21 13:33:23:715[Info         ] CheckProgramStatus() successful!
2016-08-21 13:33:23:715[Info         ] CheckProgramStatus() successful!
2016-08-21 13:33:23:715[Info         ] Shader Init started
2016-08-21 13:33:23:716[Info         ] Shader Program created.
2016-08-21 13:33:23:716[Process      ] ShaderProgram::Initialize()[13] successful!
2016-08-21 13:33:23:716[Debug        ] File [..\Data\shaders\lighting.vert.shader] Opened successfully! Buffer Length:[1145]
2016-08-21 13:33:23:716[cDebug       ] Shader file [..\Data\shaders\lighting.vert.shader] is too big to display contents.
2016-08-21 13:33:23:717[Debug        ]  ShaderProgram::AddShader() file with data was read in
2016-08-21 13:33:23:718[Debug        ] ShaderProgram::AddShader() : glShaderSource() successful
2016-08-21 13:33:23:718[Debug        ] ShaderProgram::AddShader() : glCompileShader() successful
2016-08-21 13:33:23:718[Info         ] ShaderProgram::CheckShaderCompileStatus(14) successful.
2016-08-21 13:33:23:718[Debug        ] ShaderProgram::AddShader() : glCompileShader() successful
2016-08-21 13:33:23:718[Info         ] ShaderInfo saved successfully.
2016-08-21 13:33:23:718[Debug        ] ShaderProgram::AddShader() : glAttachShader() successful
2016-08-21 13:33:23:718[Info         ] ShaderProgram::AddShader [14] successful.
2016-08-21 13:33:23:718[Debug        ] File [..\Data\shaders\lighting.frag.shader] Opened successfully! Buffer Length:[1744]
2016-08-21 13:33:23:718[cDebug       ] Shader file [..\Data\shaders\lighting.frag.shader] is too big to display contents.
2016-08-21 13:33:23:719[Debug        ]  ShaderProgram::AddShader() file with data was read in
2016-08-21 13:33:23:719[Debug        ] ShaderProgram::AddShader() : glShaderSource() successful
2016-08-21 13:33:23:720[Debug        ] ShaderProgram::AddShader() : glCompileShader() successful
2016-08-21 13:33:23:720[Info         ] ShaderProgram::CheckShaderCompileStatus(15) successful.
2016-08-21 13:33:23:720[Debug        ] ShaderProgram::AddShader() : glCompileShader() successful
2016-08-21 13:33:23:720[Info         ] ShaderInfo saved successfully.
2016-08-21 13:33:23:720[Debug        ] ShaderProgram::AddShader() : glAttachShader() successful
2016-08-21 13:33:23:720[Info         ] ShaderProgram::AddShader [15] successful.
2016-08-21 13:33:23:723[Info         ] CheckProgramStatus() successful!
2016-08-21 13:33:23:723[Info         ] CheckProgramStatus() successful!
2016-08-21 13:33:23:723[Info         ] Shader Init started
2016-08-21 13:33:23:723[Info         ] Shader Program created.
2016-08-21 13:33:23:723[Process      ] ShaderProgram::Initialize()[16] successful!
2016-08-21 13:33:23:723[Debug        ] File [..\Data\shaders\texlighting.vert.shader] Opened successfully! Buffer Length:[1110]
2016-08-21 13:33:23:723[cDebug       ] Shader file [..\Data\shaders\texlighting.vert.shader] is too big to display contents.
2016-08-21 13:33:23:725[Debug        ]  ShaderProgram::AddShader() file with data was read in
2016-08-21 13:33:23:725[Debug        ] ShaderProgram::AddShader() : glShaderSource() successful
2016-08-21 13:33:23:725[Debug        ] ShaderProgram::AddShader() : glCompileShader() successful
2016-08-21 13:33:23:725[Info         ] ShaderProgram::CheckShaderCompileStatus(17) successful.
2016-08-21 13:33:23:725[Debug        ] ShaderProgram::AddShader() : glCompileShader() successful
2016-08-21 13:33:23:725[Info         ] ShaderInfo saved successfully.
2016-08-21 13:33:23:725[Debug        ] ShaderProgram::AddShader() : glAttachShader() successful
2016-08-21 13:33:23:725[Info         ] ShaderProgram::AddShader [17] successful.
2016-08-21 13:33:23:725[Debug        ] File [..\Data\shaders\texlighting.frag.shader] Opened successfully! Buffer Length:[1717]
2016-08-21 13:33:23:725[cDebug       ] Shader file [..\Data\shaders\texlighting.frag.shader] is too big to display contents.
2016-08-21 13:33:23:727[Debug        ]  ShaderProgram::AddShader() file with data was read in
2016-08-21 13:33:23:727[Debug        ] ShaderProgram::AddShader() : glShaderSource() successful
2016-08-21 13:33:23:728[Debug        ] ShaderProgram::AddShader() : glCompileShader() successful
2016-08-21 13:33:23:728[Info         ] ShaderProgram::CheckShaderCompileStatus(18) successful.
2016-08-21 13:33:23:728[Debug        ] ShaderProgram::AddShader() : glCompileShader() successful
2016-08-21 13:33:23:728[Info         ] ShaderInfo saved successfully.
2016-08-21 13:33:23:728[Debug        ] ShaderProgram::AddShader() : glAttachShader() successful
2016-08-21 13:33:23:728[Info         ] ShaderProgram::AddShader [18] successful.
2016-08-21 13:33:23:730[Info         ] CheckProgramStatus() successful!
2016-08-21 13:33:23:730[Info         ] CheckProgramStatus() successful!
2016-08-21 13:33:23:730[Info         ] Shader Init started
2016-08-21 13:33:23:730[Info         ] Shader Program created.
2016-08-21 13:33:23:730[Process      ] ShaderProgram::Initialize()[19] successful!
2016-08-21 13:33:23:731[Debug        ] File [..\Data\shaders\water.vert.shader] Opened successfully! Buffer Length:[1400]
2016-08-21 13:33:23:731[cDebug       ] Shader file [..\Data\shaders\water.vert.shader] is too big to display contents.
2016-08-21 13:33:23:733[Debug        ]  ShaderProgram::AddShader() file with data was read in
2016-08-21 13:33:23:733[Debug        ] ShaderProgram::AddShader() : glShaderSource() successful
2016-08-21 13:33:23:734[Debug        ] ShaderProgram::AddShader() : glCompileShader() successful
2016-08-21 13:33:23:734[Info         ] ShaderProgram::CheckShaderCompileStatus(20) successful.
2016-08-21 13:33:23:734[Debug        ] ShaderProgram::AddShader() : glCompileShader() successful
2016-08-21 13:33:23:734[Info         ] ShaderInfo saved successfully.
2016-08-21 13:33:23:734[Debug        ] ShaderProgram::AddShader() : glAttachShader() successful
2016-08-21 13:33:23:734[Info         ] ShaderProgram::AddShader [20] successful.
2016-08-21 13:33:23:734[Debug        ] File [..\Data\shaders\water.frag.shader] Opened successfully! Buffer Length:[2436]
2016-08-21 13:33:23:734[cDebug       ] Shader file [..\Data\shaders\water.frag.shader] is too big to display contents.
2016-08-21 13:33:23:736[Debug        ]  ShaderProgram::AddShader() file with data was read in
2016-08-21 13:33:23:736[Debug        ] ShaderProgram::AddShader() : glShaderSource() successful
2016-08-21 13:33:23:737[Debug        ] ShaderProgram::AddShader() : glCompileShader() successful
2016-08-21 13:33:23:737[Info         ] ShaderProgram::CheckShaderCompileStatus(21) successful.
2016-08-21 13:33:23:737[Debug        ] ShaderProgram::AddShader() : glCompileShader() successful
2016-08-21 13:33:23:737[Info         ] ShaderInfo saved successfully.
2016-08-21 13:33:23:737[Debug        ] ShaderProgram::AddShader() : glAttachShader() successful
2016-08-21 13:33:23:737[Info         ] ShaderProgram::AddShader [21] successful.
2016-08-21 13:33:23:739[Info         ] CheckProgramStatus() successful!
2016-08-21 13:33:23:739[Info         ] CheckProgramStatus() successful!
2016-08-21 13:33:23:740[Info         ] GetAttribLocation [vPosition] successful.
2016-08-21 13:33:23:740[Info         ] GetUniformLocation [colorin] successful.
2016-08-21 13:33:23:740[Info         ] GetUniformLocation [MAT] successful.
2016-08-21 13:33:23:740[cProcess     ] RenderEngine::Initialize() successful.
2016-08-21 13:33:23:741[cInfo        ] 
-----------------------------------------------------------------------
 BufferInfo::CreateBuffers()[0] Created buffers:| VERTEX [1] with [80] bytes. || INDEX [2] with [24] bytes |
-----------------------------------------------------------------------

2016-08-21 13:33:23:746[cInfo        ] --------BufferInfo::AddMesh() Added mesh successfully-------
2016-08-21 13:33:23:746[cInfo        ] 
2016-08-21 13:33:23:747[cInfo        ] --------------------| START BUFFER MESH INFO |-------------------------------------
2016-08-21 13:33:23:748[cInfo        ] BufferInfo::AddMesh(): NUM VERTS-----------------[4]
2016-08-21 13:33:23:749[cInfo        ] BufferInfo::AddMesh(): NUM INDICES---------------[6]
2016-08-21 13:33:23:751[cInfo        ] BufferInfo::AddMesh(): VERT OFFSET---------------[0]
2016-08-21 13:33:23:753[cInfo        ] BufferInfo::AddMesh(): INDICES OFFSET (BYTES)----[0]
2016-08-21 13:33:23:754[cInfo        ] --------------------|  END BUFFER MESH INFO  |--------------------------------------
2016-08-21 13:33:23:756[cInfo        ] 

2016-08-21 13:33:23:756[cInfo        ] 
-----------------------------------------------------------------------
 BufferInfo::CreateBuffers()[0] Created buffers:| VERTEX [3] with [96] bytes. || INDEX [4] with [48] bytes |
-----------------------------------------------------------------------

2016-08-21 13:33:23:761[cInfo        ] --------BufferInfo::AddMesh() Added mesh successfully-------
2016-08-21 13:33:23:763[cInfo        ] 
2016-08-21 13:33:23:764[cInfo        ] --------------------| START BUFFER MESH INFO |-------------------------------------
2016-08-21 13:33:23:766[cInfo        ] BufferInfo::AddMesh(): NUM VERTS-----------------[8]
2016-08-21 13:33:23:768[cInfo        ] BufferInfo::AddMesh(): NUM INDICES---------------[24]
2016-08-21 13:33:23:769[cInfo        ] BufferInfo::AddMesh(): VERT OFFSET---------------[0]
2016-08-21 13:33:23:770[cInfo        ] BufferInfo::AddMesh(): INDICES OFFSET (BYTES)----[0]
2016-08-21 13:33:23:771[cInfo        ] --------------------|  END BUFFER MESH INFO  |--------------------------------------
2016-08-21 13:33:23:774[cInfo        ] 

2016-08-21 13:33:23:775[cInfo        ] 
-----------------------------------------------------------------------
 BufferInfo::CreateBuffers()[0] Created buffers:| VERTEX [5] with [864] bytes. || INDEX [6] with [0] bytes |
-----------------------------------------------------------------------

2016-08-21 13:33:23:779[cInfo        ] --------BufferInfo::AddMesh() Added mesh successfully-------
2016-08-21 13:33:23:780[cInfo        ] 
2016-08-21 13:33:23:781[cInfo        ] --------------------| START BUFFER MESH INFO |-------------------------------------
2016-08-21 13:33:23:785[cInfo        ] BufferInfo::AddMesh(): NUM VERTS-----------------[36]
2016-08-21 13:33:23:787[cInfo        ] BufferInfo::AddMesh(): NUM INDICES---------------[0]
2016-08-21 13:33:23:788[cInfo        ] BufferInfo::AddMesh(): VERT OFFSET---------------[0]
2016-08-21 13:33:23:789[cInfo        ] BufferInfo::AddMesh(): INDICES OFFSET (BYTES)----[0]
2016-08-21 13:33:23:790[cInfo        ] --------------------|  END BUFFER MESH INFO  |--------------------------------------
2016-08-21 13:33:23:791[cInfo        ] 

2016-08-21 13:33:23:792[cInfo        ] 
-----------------------------------------------------------------------
 BufferInfo::CreateBuffers()[0] Created buffers:| VERTEX [7] with [144] bytes. || INDEX [8] with [0] bytes |
-----------------------------------------------------------------------

2016-08-21 13:33:23:797[cInfo        ] --------BufferInfo::AddMesh() Added mesh successfully-------
2016-08-21 13:33:23:798[cInfo        ] 
2016-08-21 13:33:23:799[cInfo        ] --------------------| START BUFFER MESH INFO |-------------------------------------
2016-08-21 13:33:23:803[cInfo        ] BufferInfo::AddMesh(): NUM VERTS-----------------[6]
2016-08-21 13:33:23:805[cInfo        ] BufferInfo::AddMesh(): NUM INDICES---------------[0]
2016-08-21 13:33:23:806[cInfo        ] BufferInfo::AddMesh(): VERT OFFSET---------------[0]
2016-08-21 13:33:23:808[cInfo        ] BufferInfo::AddMesh(): INDICES OFFSET (BYTES)----[0]
2016-08-21 13:33:23:809[cInfo        ] --------------------|  END BUFFER MESH INFO  |--------------------------------------
2016-08-21 13:33:23:810[cInfo        ] 

2016-08-21 13:33:23:811[Process      ] BufferInfo::Initialize() successful.
2016-08-21 13:33:23:811[cInfo        ] 
-----------------------------------------------------------------------
 BufferInfo::CreateBuffers()[0] Created buffers:| VERTEX [9] with [1000000] bytes. || INDEX [10] with [1000000] bytes |
-----------------------------------------------------------------------

2016-08-21 13:33:23:819[cInfo        ] --------BufferInfo::AddMesh() Added mesh successfully-------
2016-08-21 13:33:23:820[cInfo        ] 
2016-08-21 13:33:23:820[cInfo        ] --------------------| START BUFFER MESH INFO |-------------------------------------
2016-08-21 13:33:23:822[cInfo        ] BufferInfo::AddMesh(): NUM VERTS-----------------[24]
2016-08-21 13:33:23:824[cInfo        ] BufferInfo::AddMesh(): NUM INDICES---------------[36]
2016-08-21 13:33:23:826[cInfo        ] BufferInfo::AddMesh(): VERT OFFSET---------------[0]
2016-08-21 13:33:23:827[cInfo        ] BufferInfo::AddMesh(): INDICES OFFSET (BYTES)----[0]
2016-08-21 13:33:23:828[cInfo        ] --------------------|  END BUFFER MESH INFO  |--------------------------------------
2016-08-21 13:33:23:829[cInfo        ] 

2016-08-21 13:33:23:831[Process      ] BufferInfo::Initialize() successful.
2016-08-21 13:33:23:831[cInfo        ] 
-----------------------------------------------------------------------
 BufferInfo::CreateBuffers()[1] Created buffers:| VERTEX [11] with [1000000] bytes. || INDEX [12] with [1000000] bytes |
-----------------------------------------------------------------------

2016-08-21 13:33:23:837[cInfo        ] --------BufferInfo::AddMesh() Added mesh successfully-------
2016-08-21 13:33:23:838[cInfo        ] 
2016-08-21 13:33:23:838[cInfo        ] --------------------| START BUFFER MESH INFO |-------------------------------------
2016-08-21 13:33:23:840[cInfo        ] BufferInfo::AddMesh(): NUM VERTS-----------------[1536]
2016-08-21 13:33:23:840[cInfo        ] BufferInfo::AddMesh(): NUM INDICES---------------[3072]
2016-08-21 13:33:23:841[cInfo        ] BufferInfo::AddMesh(): VERT OFFSET---------------[0]
2016-08-21 13:33:23:842[cInfo        ] BufferInfo::AddMesh(): INDICES OFFSET (BYTES)----[0]
2016-08-21 13:33:23:844[cInfo        ] --------------------|  END BUFFER MESH INFO  |--------------------------------------
2016-08-21 13:33:23:845[cInfo        ] 

2016-08-21 13:33:23:846[cInfo        ] 
-----------------------------------------------------------------------
 BufferInfo::CreateBuffers()[0] Created buffers:| VERTEX [13] with [3936] bytes. || INDEX [14] with [0] bytes |
-----------------------------------------------------------------------

2016-08-21 13:33:23:850[cInfo        ] --------BufferInfo::AddMesh() Added mesh successfully-------
2016-08-21 13:33:23:851[cInfo        ] 
2016-08-21 13:33:23:852[cInfo        ] --------------------| START BUFFER MESH INFO |-------------------------------------
2016-08-21 13:33:23:854[cInfo        ] BufferInfo::AddMesh(): NUM VERTS-----------------[164]
2016-08-21 13:33:23:855[cInfo        ] BufferInfo::AddMesh(): NUM INDICES---------------[0]
2016-08-21 13:33:23:856[cInfo        ] BufferInfo::AddMesh(): VERT OFFSET---------------[0]
2016-08-21 13:33:23:857[cInfo        ] BufferInfo::AddMesh(): INDICES OFFSET (BYTES)----[0]
2016-08-21 13:33:23:857[cInfo        ] --------------------|  END BUFFER MESH INFO  |--------------------------------------
2016-08-21 13:33:23:859[cInfo        ] 

2016-08-21 13:33:23:859[cProcess     ] ShapeGenerator initialized successfully.
2016-08-21 13:33:23:860[cProcess     ] Camera::Initialize() successful.
2016-08-21 13:33:23:861[cProcess     ] Keyboard::Initialize() successful
2016-08-21 13:33:23:861[cProcess     ] Keyboard::Initialize() successful
2016-08-21 13:33:23:875[cInfo        ] 
-----------------------------------------------------------------------
 BufferInfo::CreateBuffers()[0] Created buffers:| VERTEX [15] with [10810368] bytes. || INDEX [16] with [0] bytes |
-----------------------------------------------------------------------

2016-08-21 13:33:23:905[cInfo        ] --------BufferInfo::AddMesh() Added mesh successfully-------
2016-08-21 13:33:23:907[cInfo        ] 
2016-08-21 13:33:23:908[cInfo        ] --------------------| START BUFFER MESH INFO |-------------------------------------
2016-08-21 13:33:23:910[cInfo        ] BufferInfo::AddMesh(): NUM VERTS-----------------[337824]
2016-08-21 13:33:23:911[cInfo        ] BufferInfo::AddMesh(): NUM INDICES---------------[0]
2016-08-21 13:33:23:912[cInfo        ] BufferInfo::AddMesh(): VERT OFFSET---------------[0]
2016-08-21 13:33:23:914[cInfo        ] BufferInfo::AddMesh(): INDICES OFFSET (BYTES)----[0]
2016-08-21 13:33:23:917[cInfo        ] --------------------|  END BUFFER MESH INFO  |--------------------------------------
2016-08-21 13:33:23:918[cInfo        ] 

2016-08-21 13:33:23:958[Info         ] ShapeGenerator::ReadSceneFile(): Added new scene [..\Data\Scenes\Dargon.ptn.scene] successfully.
2016-08-21 13:33:23:958[cInfo        ] EntityManager::BuildPlayerEntity(): Built [Dargon] successfully
2016-08-21 13:33:23:964[Process      ] BufferInfo::Initialize() successful.
2016-08-21 13:33:23:970[cInfo        ] 
-----------------------------------------------------------------------
 BufferInfo::CreateBuffers()[2] Created buffers:| VERTEX [17] with [1000000] bytes. || INDEX [18] with [1000000] bytes |
-----------------------------------------------------------------------

2016-08-21 13:33:23:976[cInfo        ] --------BufferInfo::AddMesh() Added mesh successfully-------
2016-08-21 13:33:23:978[cInfo        ] 
2016-08-21 13:33:23:979[cInfo        ] --------------------| START BUFFER MESH INFO |-------------------------------------
2016-08-21 13:33:23:980[cInfo        ] BufferInfo::AddMesh(): NUM VERTS-----------------[36]
2016-08-21 13:33:23:981[cInfo        ] BufferInfo::AddMesh(): NUM INDICES---------------[0]
2016-08-21 13:33:23:982[cInfo        ] BufferInfo::AddMesh(): VERT OFFSET---------------[0]
2016-08-21 13:33:23:983[cInfo        ] BufferInfo::AddMesh(): INDICES OFFSET (BYTES)----[0]
2016-08-21 13:33:23:984[cInfo        ] --------------------|  END BUFFER MESH INFO  |--------------------------------------
2016-08-21 13:33:23:985[cInfo        ] 

2016-08-21 13:33:23:986[Info         ] ShapeGenerator::ReadSceneFile(): Added new scene [..\Data\Scenes\Cube.pn.scene] successfully.
2016-08-21 13:33:23:986[Process      ] BufferInfo::Initialize() successful.
2016-08-21 13:33:23:986[cInfo        ] 
-----------------------------------------------------------------------
 BufferInfo::CreateBuffers()[3] Created buffers:| VERTEX [19] with [1000000] bytes. || INDEX [20] with [1000000] bytes |
-----------------------------------------------------------------------

2016-08-21 13:33:23:992[cInfo        ] --------BufferInfo::AddMesh() Added mesh successfully-------
2016-08-21 13:33:23:993[cInfo        ] 
2016-08-21 13:33:23:993[cInfo        ] --------------------| START BUFFER MESH INFO |-------------------------------------
2016-08-21 13:33:23:994[cInfo        ] BufferInfo::AddMesh(): NUM VERTS-----------------[8718]
2016-08-21 13:33:23:995[cInfo        ] BufferInfo::AddMesh(): NUM INDICES---------------[0]
2016-08-21 13:33:23:996[cInfo        ] BufferInfo::AddMesh(): VERT OFFSET---------------[0]
2016-08-21 13:33:23:997[cInfo        ] BufferInfo::AddMesh(): INDICES OFFSET (BYTES)----[0]
2016-08-21 13:33:23:999[cInfo        ] --------------------|  END BUFFER MESH INFO  |--------------------------------------
2016-08-21 13:33:24:001[cInfo        ] 

2016-08-21 13:33:24:003[Info         ] ShapeGenerator::ReadSceneFile(): Added new scene [..\Data\Scenes\AIWorld.ptn.scene] successfully.
2016-08-21 13:33:24:004[cInfo        ] --------BufferInfo::AddMesh() Added mesh successfully-------
2016-08-21 13:33:24:005[cInfo        ] 
2016-08-21 13:33:24:005[cInfo        ] --------------------| START BUFFER MESH INFO |-------------------------------------
2016-08-21 13:33:24:006[cInfo        ] BufferInfo::AddMesh(): NUM VERTS-----------------[18]
2016-08-21 13:33:24:008[cInfo        ] BufferInfo::AddMesh(): NUM INDICES---------------[0]
2016-08-21 13:33:24:010[cInfo        ] BufferInfo::AddMesh(): VERT OFFSET---------------[36]
2016-08-21 13:33:24:011[cInfo        ] BufferInfo::AddMesh(): INDICES OFFSET (BYTES)----[0]
2016-08-21 13:33:24:013[cInfo        ] --------------------|  END BUFFER MESH INFO  |--------------------------------------
2016-08-21 13:33:24:014[cInfo        ] 

2016-08-21 13:33:24:015[Info         ] ShapeGenerator::ReadSceneFile(): Added new scene [..\Data\Scenes\Pyramid.pn.scene] successfully.
2016-08-21 13:33:24:022[cInfo        ] 
-----------------------------------------------------------------------
 BufferInfo::CreateBuffers()[0] Created buffers:| VERTEX [21] with [5529600] bytes. || INDEX [22] with [0] bytes |
-----------------------------------------------------------------------

2016-08-21 13:33:24:040[cInfo        ] --------BufferInfo::AddMesh() Added mesh successfully-------
2016-08-21 13:33:24:041[cInfo        ] 
2016-08-21 13:33:24:042[cInfo        ] --------------------| START BUFFER MESH INFO |-------------------------------------
2016-08-21 13:33:24:043[cInfo        ] BufferInfo::AddMesh(): NUM VERTS-----------------[172800]
2016-08-21 13:33:24:044[cInfo        ] BufferInfo::AddMesh(): NUM INDICES---------------[0]
2016-08-21 13:33:24:045[cInfo        ] BufferInfo::AddMesh(): VERT OFFSET---------------[0]
2016-08-21 13:33:24:047[cInfo        ] BufferInfo::AddMesh(): INDICES OFFSET (BYTES)----[0]
2016-08-21 13:33:24:048[cInfo        ] --------------------|  END BUFFER MESH INFO  |--------------------------------------
2016-08-21 13:33:24:050[cInfo        ] 

2016-08-21 13:33:24:051[Info         ] ShapeGenerator::ReadSceneFile(): Added new scene [..\Data\Scenes\WaterPlane.ptn.scene] successfully.
2016-08-21 13:33:24:052[cProcess     ] Camera::Initialize() successful.
2016-08-21 13:33:24:061[Process      ] BufferInfo::Initialize() successful.
2016-08-21 13:33:24:061[cInfo        ] 
-----------------------------------------------------------------------
 BufferInfo::CreateBuffers()[4] Created buffers:| VERTEX [23] with [8107776] bytes. || INDEX [24] with [0] bytes |
-----------------------------------------------------------------------

2016-08-21 13:33:24:078[cInfo        ] --------BufferInfo::AddMesh() Added mesh successfully-------
2016-08-21 13:33:24:080[cInfo        ] 
2016-08-21 13:33:24:080[cInfo        ] --------------------| START BUFFER MESH INFO |-------------------------------------
2016-08-21 13:33:24:082[cInfo        ] BufferInfo::AddMesh(): NUM VERTS-----------------[337824]
2016-08-21 13:33:24:084[cInfo        ] BufferInfo::AddMesh(): NUM INDICES---------------[0]
2016-08-21 13:33:24:086[cInfo        ] BufferInfo::AddMesh(): VERT OFFSET---------------[0]
2016-08-21 13:33:24:087[cInfo        ] BufferInfo::AddMesh(): INDICES OFFSET (BYTES)----[0]
2016-08-21 13:33:24:088[cInfo        ] --------------------|  END BUFFER MESH INFO  |--------------------------------------
2016-08-21 13:33:24:090[cInfo        ] 

2016-08-21 13:33:24:091[Info         ] ShapeGenerator::ReadSceneFile(): Added new scene [..\Data\Scenes\Dargon.pn.scene] successfully.
2016-08-21 13:33:24:091[Process      ] BufferInfo::Initialize() successful.
2016-08-21 13:33:24:091[cInfo        ] 
-----------------------------------------------------------------------
 BufferInfo::CreateBuffers()[5] Created buffers:| VERTEX [25] with [1000000] bytes. || INDEX [26] with [1000000] bytes |
-----------------------------------------------------------------------

2016-08-21 13:33:24:096[cInfo        ] --------BufferInfo::AddMesh() Added mesh successfully-------
2016-08-21 13:33:24:097[cInfo        ] 
2016-08-21 13:33:24:098[cInfo        ] --------------------| START BUFFER MESH INFO |-------------------------------------
2016-08-21 13:33:24:099[cInfo        ] BufferInfo::AddMesh(): NUM VERTS-----------------[6]
2016-08-21 13:33:24:100[cInfo        ] BufferInfo::AddMesh(): NUM INDICES---------------[0]
2016-08-21 13:33:24:101[cInfo        ] BufferInfo::AddMesh(): VERT OFFSET---------------[0]
2016-08-21 13:33:24:102[cInfo        ] BufferInfo::AddMesh(): INDICES OFFSET (BYTES)----[0]
2016-08-21 13:33:24:103[cInfo        ] --------------------|  END BUFFER MESH INFO  |--------------------------------------
2016-08-21 13:33:24:105[cInfo        ] 

2016-08-21 13:33:24:106[cProcess     ] BodaciousQuest::Initialize() successful.
2016-08-21 13:33:24:107[Process      ] GameTime::Initialize() ok

2016-08-21 13:33:24:107[cProcess     ] MyWindow::Initialize() successful!
2016-08-21 13:33:26:934[cProcess     ] BufferManager::Shutdown() successful.
2016-08-21 13:33:26:935[cProcess     ] RenderEngine::Shutdown() successful.
2016-08-21 13:33:26:936[cProcess     ] Camera::Shutdown() successful.
2016-08-21 13:33:26:937[Info         ] Shader  [2] deleting...
2016-08-21 13:33:26:937[Info         ] Shader  [2] deleted successfully.
2016-08-21 13:33:26:937[Info         ] Shader  [3] deleting...
2016-08-21 13:33:26:937[Info         ] Shader  [3] deleted successfully.
2016-08-21 13:33:26:937[Info         ] All shaders deleted successfully.
2016-08-21 13:33:26:937[cInfo        ] Program [1] deleted successfully.
2016-08-21 13:33:26:938[Process      ] ShaderProgram[1]::Shutdown successful!
2016-08-21 13:33:26:938[Info         ] Shader  [5] deleting...
2016-08-21 13:33:26:938[Info         ] Shader  [5] deleted successfully.
2016-08-21 13:33:26:938[Info         ] Shader  [6] deleting...
2016-08-21 13:33:26:938[Info         ] Shader  [6] deleted successfully.
2016-08-21 13:33:26:938[Info         ] All shaders deleted successfully.
2016-08-21 13:33:26:938[cInfo        ] Program [4] deleted successfully.
2016-08-21 13:33:26:938[Process      ] ShaderProgram[4]::Shutdown successful!
2016-08-21 13:33:26:939[Info         ] Shader  [8] deleting...
2016-08-21 13:33:26:939[Info         ] Shader  [8] deleted successfully.
2016-08-21 13:33:26:939[Info         ] Shader  [9] deleting...
2016-08-21 13:33:26:939[Info         ] Shader  [9] deleted successfully.
2016-08-21 13:33:26:939[Info         ] All shaders deleted successfully.
2016-08-21 13:33:26:939[cInfo        ] Program [7] deleted successfully.
2016-08-21 13:33:26:939[Process      ] ShaderProgram[7]::Shutdown successful!
2016-08-21 13:33:26:940[Info         ] Shader  [11] deleting...
2016-08-21 13:33:26:940[Info         ] Shader  [11] deleted successfully.
2016-08-21 13:33:26:940[Info         ] Shader  [12] deleting...
2016-08-21 13:33:26:940[Info         ] Shader  [12] deleted successfully.
2016-08-21 13:33:26:940[Info         ] All shaders deleted successfully.
2016-08-21 13:33:26:940[cInfo        ] Program [10] deleted successfully.
2016-08-21 13:33:26:940[Process      ] ShaderProgram[10]::Shutdown successful!
2016-08-21 13:33:26:941[Info         ] Shader  [14] deleting...
2016-08-21 13:33:26:941[Info         ] Shader  [14] deleted successfully.
2016-08-21 13:33:26:941[Info         ] Shader  [15] deleting...
2016-08-21 13:33:26:941[Info         ] Shader  [15] deleted successfully.
2016-08-21 13:33:26:941[Info         ] All shaders deleted successfully.
2016-08-21 13:33:26:941[cInfo        ] Program [13] deleted successfully.
2016-08-21 13:33:26:941[Process      ] ShaderProgram[13]::Shutdown successful!
2016-08-21 13:33:26:941[Info         ] Shader  [17] deleting...
2016-08-21 13:33:26:941[Info         ] Shader  [17] deleted successfully.
2016-08-21 13:33:26:941[Info         ] Shader  [18] deleting...
2016-08-21 13:33:26:941[Info         ] Shader  [18] deleted successfully.
2016-08-21 13:33:26:941[Info         ] All shaders deleted successfully.
2016-08-21 13:33:26:942[cInfo        ] Program [16] deleted successfully.
2016-08-21 13:33:26:942[Process      ] ShaderProgram[16]::Shutdown successful!
2016-08-21 13:33:26:942[Info         ] Shader  [20] deleting...
2016-08-21 13:33:26:942[Info         ] Shader  [20] deleted successfully.
2016-08-21 13:33:26:942[Info         ] Shader  [21] deleting...
2016-08-21 13:33:26:942[Info         ] Shader  [21] deleted successfully.
2016-08-21 13:33:26:942[Info         ] All shaders deleted successfully.
2016-08-21 13:33:26:942[cInfo        ] Program [19] deleted successfully.
2016-08-21 13:33:26:945[Process      ] ShaderProgram[19]::Shutdown successful!
2016-08-21 13:33:26:945[cProcess     ] MyWindow::Shutdown() successful!
2016-08-21 13:33:26:946[cProcess     ] BodaciousQuest::Shutdown() successful.
2016-08-21 13:33:26:956[Process      ] ConfigReader shut down successfully
2016-08-21 13:33:26:956[Process      ] GameLogger::ShutDown() successful
