2016-08-24 10:02:42:175[Process      ] GameLogger::Initialize() opened log file [..\Data\LogFiles\2016-08-24 10-02-42.BodaciousQuest.log] for writing
2016-08-24 10:02:42:175[Info         ] GameLogger::Initialize() successful
2016-08-24 10:02:42:175[Process      ] ConfigReader opened [..\Data\BodaciousQuest.config] successfully
2016-08-24 10:02:42:175[Info         ] ConfigReader initialized successfully
2016-08-24 10:02:42:175[Info         ] Valid KVP [BodaciousQuest.ShowFullScreen] [false] added
2016-08-24 10:02:42:175[Info         ] Valid KVP [BodaciousQuest.FpsInterval] [5.0] added
2016-08-24 10:02:42:177[Info         ] Valid KVP [BodaciousQuest.EnableControls] [true] added
2016-08-24 10:02:42:177[Info         ] Valid KVP [BodaciousQuest.LoadCubeFirst] [true] added
2016-08-24 10:02:42:178[Info         ] Valid KVP [BodaciousQuest.CameraWalkMode] [false] added
2016-08-24 10:02:42:178[Info         ] Valid KVP [BodaciousQuest.GridSize] [40] added
2016-08-24 10:02:42:178[Info         ] Valid KVP [BodaciousQuest.LightingTest.Ambient.Color] [1.0  1.0  1.0] added
2016-08-24 10:02:42:178[Info         ] Valid KVP [BodaciousQuest.LightingTest.Diffuse.Color] [1.0  1.0  1.0] added
2016-08-24 10:02:42:178[Info         ] Valid KVP [BodaciousQuest.LightingTest.Specular.Color] [1.0  1.0  1.0] added
2016-08-24 10:02:42:178[Info         ] Valid KVP [BodaciousQuest.LightingTest.Ambient.Reflectivity] [0.1] added
2016-08-24 10:02:42:178[Info         ] Valid KVP [BodaciousQuest.LightingTest.Diffuse.Reflectivity] [0.9] added
2016-08-24 10:02:42:178[Info         ] Valid KVP [BodaciousQuest.LightingTest.Specular.Reflectivity] [0.2] added
2016-08-24 10:02:42:178[Info         ] Valid KVP [BodaciousQuest.LightingTest.Specular.Shininess] [2.0] added
2016-08-24 10:02:42:178[Info         ] Valid KVP [BodaciousQuest.LightingTest.Falloff.A] [1.0] added
2016-08-24 10:02:42:178[Info         ] Valid KVP [BodaciousQuest.LightingTest.Falloff.B] [0.01] added
2016-08-24 10:02:42:178[Info         ] Valid KVP [BodaciousQuest.LightingTest.Falloff.C] [0.001] added
2016-08-24 10:02:42:178[Info         ] Valid KVP [BodaciousQuest.LightingTest.Directional] [false] added
2016-08-24 10:02:42:178[Info         ] Valid KVP [BodaciousQuest.LightingTest.Direction] [-1.0 0.0 1.0] added
2016-08-24 10:02:42:178[Info         ] Valid KVP [BodaciousQuest.LightingTest.Light.Position] [-0.875458 3.673020 1.043331] added
2016-08-24 10:02:42:178[Info         ] Valid KVP [BodaciousQuest.LightingTest.Dargon.Color] [1.0 1.0 0.4] added
2016-08-24 10:02:42:178[Info         ] Valid KVP [ObjConverter.Mode.VertexType] [ptn] added
2016-08-24 10:02:42:178[Info         ] Valid KVP [ObjConverter.Mode.Analyze] [false] added
2016-08-24 10:02:42:178[Info         ] Valid KVP [ObjConverter.Model] [DerpyDargon] added
2016-08-24 10:02:42:178[Info         ] Valid KVP [ObjConverter.Shader] [5] added
2016-08-24 10:02:42:178[Info         ] Valid KVP [ObjConverter.Color] [random] added
2016-08-24 10:02:42:178[Info         ] Valid KVP [ObjConverter.Obj.InputFileFolder] [..\\Data\\Objs\\] added
2016-08-24 10:02:42:178[Info         ] Valid KVP [ObjConverter.Scene.OutputFileFolder] [..\\Data\\Scenes\\] added
2016-08-24 10:02:42:178[Info         ] Valid KVP [ObjConverter.Model.Dargon.NumVerts] [57967] added
2016-08-24 10:02:42:178[Info         ] Valid KVP [ObjConverter.Model.Dargon.NumIndices] [337824] added
2016-08-24 10:02:42:178[Info         ] Valid KVP [ObjConverter.Model.Dargon.NumTexCoords] [60175] added
2016-08-24 10:02:42:178[Info         ] Valid KVP [ObjConverter.Model.Dargon.NumNormals] [337824] added
2016-08-24 10:02:42:178[Info         ] Valid KVP [ObjConverter.Model.DerpyDargon.NumVerts] [57967] added
2016-08-24 10:02:42:178[Info         ] Valid KVP [ObjConverter.Model.DerpyDargon.NumIndices] [337824] added
2016-08-24 10:02:42:178[Info         ] Valid KVP [ObjConverter.Model.DerpyDargon.NumTexCoords] [60175] added
2016-08-24 10:02:42:178[Info         ] Valid KVP [ObjConverter.Model.DerpyDargon.NumNormals] [337824] added
2016-08-24 10:02:42:178[Info         ] Valid KVP [ObjConverter.Model.Swamp.NumVerts] [2735] added
2016-08-24 10:02:42:178[Info         ] Valid KVP [ObjConverter.Model.Swamp.NumIndices] [8556] added
2016-08-24 10:02:42:178[Info         ] Valid KVP [ObjConverter.Model.Swamp.NumTexCoords] [3622] added
2016-08-24 10:02:42:178[Info         ] Valid KVP [ObjConverter.Model.Swamp.NumNormals] [5156] added
2016-08-24 10:02:42:178[Info         ] Valid KVP [ObjConverter.Model.Pyramid.NumVerts] [5] added
2016-08-24 10:02:42:178[Info         ] Valid KVP [ObjConverter.Model.Pyramid.NumIndices] [18] added
2016-08-24 10:02:42:178[Info         ] Valid KVP [ObjConverter.Model.Pyramid.NumTexCoords] [10] added
2016-08-24 10:02:42:178[Info         ] Valid KVP [ObjConverter.Model.Pyramid.NumNormals] [16] added
2016-08-24 10:02:42:178[Info         ] Valid KVP [ObjConverter.Model.AIWorld.NumVerts] [1957] added
2016-08-24 10:02:42:178[Info         ] Valid KVP [ObjConverter.Model.AIWorld.NumIndices] [8718] added
2016-08-24 10:02:42:178[Info         ] Valid KVP [ObjConverter.Model.AIWorld.NumTexCoords] [4186] added
2016-08-24 10:02:42:178[Info         ] Valid KVP [ObjConverter.Model.AIWorld.NumNormals] [5418] added
2016-08-24 10:02:42:178[Info         ] Valid KVP [ObjConverter.Model.GameWeapon.NumVerts] [2068] added
2016-08-24 10:02:42:178[Info         ] Valid KVP [ObjConverter.Model.GameWeapon.NumIndices] [9894] added
2016-08-24 10:02:42:178[Info         ] Valid KVP [ObjConverter.Model.GameWeapon.NumTexCoords] [0] added
2016-08-24 10:02:42:178[Info         ] Valid KVP [ObjConverter.Model.GameWeapon.NumNormals] [0] added
2016-08-24 10:02:42:178[Info         ] Valid KVP [ObjConverter.Model.Chicken.NumVerts] [224] added
2016-08-24 10:02:42:178[Info         ] Valid KVP [ObjConverter.Model.Chicken.NumIndices] [1374] added
2016-08-24 10:02:42:178[Info         ] Valid KVP [ObjConverter.Model.Chicken.NumTexCoords] [472] added
2016-08-24 10:02:42:178[Info         ] Valid KVP [ObjConverter.Model.Chicken.NumNormals] [565] added
2016-08-24 10:02:42:178[Info         ] Valid KVP [ObjConverter.Model.WaterPlane.NumVerts] [29282] added
2016-08-24 10:02:42:179[Info         ] Valid KVP [ObjConverter.Model.WaterPlane.NumIndices] [172800] added
2016-08-24 10:02:42:179[Info         ] Valid KVP [ObjConverter.Model.WaterPlane.NumTexCoords] [29282] added
2016-08-24 10:02:42:179[Info         ] Valid KVP [ObjConverter.Model.WaterPlane.NumNormals] [172800] added
2016-08-24 10:02:42:179[Info         ] Valid KVP [ObjConverter.Model.Cube.NumVerts] [8] added
2016-08-24 10:02:42:179[Info         ] Valid KVP [ObjConverter.Model.Cube.NumIndices] [36] added
2016-08-24 10:02:42:179[Info         ] Valid KVP [ObjConverter.Model.Cube.NumTexCoords] [14] added
2016-08-24 10:02:42:179[Info         ] Valid KVP [ObjConverter.Model.Cube.NumNormals] [24] added
2016-08-24 10:02:42:179[Info         ] Valid KVP [ObjConverter.Model.Barrel.NumVerts] [172] added
2016-08-24 10:02:42:179[Info         ] Valid KVP [ObjConverter.Model.Barrel.NumIndices] [1008] added
2016-08-24 10:02:42:179[Info         ] Valid KVP [ObjConverter.Model.Barrel.NumTexCoords] [328] added
2016-08-24 10:02:42:179[Info         ] Valid KVP [ObjConverter.Model.Barrel.NumNormals] [204] added
2016-08-24 10:02:42:179[Info         ] Valid KVP [ObjConverter.Model.SkyBox.NumVerts] [8] added
2016-08-24 10:02:42:179[Info         ] Valid KVP [ObjConverter.Model.SkyBox.NumIndices] [36] added
2016-08-24 10:02:42:179[Info         ] Valid KVP [ObjConverter.Model.SkyBox.NumTexCoords] [18] added
2016-08-24 10:02:42:179[Info         ] Valid KVP [ObjConverter.Model.SkyBox.NumNormals] [24] added
2016-08-24 10:02:42:179[Info         ] Valid KVP [ObjConverter.Model.Cat.NumVerts] [548] added
2016-08-24 10:02:42:179[Info         ] Valid KVP [ObjConverter.Model.Cat.NumIndices] [3180] added
2016-08-24 10:02:42:179[Info         ] Valid KVP [ObjConverter.Model.Cat.NumTexCoords] [771] added
2016-08-24 10:02:42:179[Info         ] Valid KVP [ObjConverter.Model.Cat.NumNormals] [714] added
2016-08-24 10:02:42:252[cInfo        ] Config reader opened [..\Data\BodaciousQuest.config] for reading!
2016-08-24 10:02:42:316[Process      ] ShaderManager Initialized successfully
2016-08-24 10:02:42:316[Info         ] Shader Init started
2016-08-24 10:02:42:316[Info         ] Shader Program created.
2016-08-24 10:02:42:316[Process      ] ShaderProgram::Initialize()[1] successful!
2016-08-24 10:02:42:316[Debug        ] File [..\Data\shaders\debug.vert.shader] Opened successfully! Buffer Length:[291]
2016-08-24 10:02:42:316[Debug        ] Shader file [..\Data\shaders\debug.vert.shader] contents:
//BEGIN
#version 430 core

layout(location = 0)  in vec3 vPosition;

layout(location = 15) uniform vec3 colorin;
layout(location = 16) uniform mat4 MAT;

out vec4 color;

void main()
{
	vec4 vertPos = vec4(vPosition, 1.0);
	gl_Position = MAT *  vertPos;
	color = vec4(colorin, 1.0);
}
//END

2016-08-24 10:02:42:316[Debug        ]  ShaderProgram::AddShader() file with data was read in
2016-08-24 10:02:42:316[Debug        ] ShaderProgram::AddShader() : glShaderSource() successful
2016-08-24 10:02:42:316[Debug        ] ShaderProgram::AddShader() : glCompileShader() successful
2016-08-24 10:02:42:316[Info         ] ShaderProgram::CheckShaderCompileStatus(2) successful.
2016-08-24 10:02:42:317[Debug        ] ShaderProgram::AddShader() : glCompileShader() successful
2016-08-24 10:02:42:317[Info         ] ShaderInfo saved successfully.
2016-08-24 10:02:42:317[Debug        ] ShaderProgram::AddShader() : glAttachShader() successful
2016-08-24 10:02:42:317[Info         ] ShaderProgram::AddShader [2] successful.
2016-08-24 10:02:42:317[Debug        ] File [..\Data\shaders\debug.frag.shader] Opened successfully! Buffer Length:[104]
2016-08-24 10:02:42:317[Debug        ] Shader file [..\Data\shaders\debug.frag.shader] contents:
//BEGIN
#version 430 core


in  vec4 color;
out vec4 outColor;

void main()
{
	outColor = color;
}


//END

2016-08-24 10:02:42:317[Debug        ]  ShaderProgram::AddShader() file with data was read in
2016-08-24 10:02:42:317[Debug        ] ShaderProgram::AddShader() : glShaderSource() successful
2016-08-24 10:02:42:317[Debug        ] ShaderProgram::AddShader() : glCompileShader() successful
2016-08-24 10:02:42:317[Info         ] ShaderProgram::CheckShaderCompileStatus(3) successful.
2016-08-24 10:02:42:317[Debug        ] ShaderProgram::AddShader() : glCompileShader() successful
2016-08-24 10:02:42:317[Info         ] ShaderInfo saved successfully.
2016-08-24 10:02:42:317[Debug        ] ShaderProgram::AddShader() : glAttachShader() successful
2016-08-24 10:02:42:317[Info         ] ShaderProgram::AddShader [3] successful.
2016-08-24 10:02:42:318[Info         ] CheckProgramStatus() successful!
2016-08-24 10:02:42:318[Info         ] CheckProgramStatus() successful!
2016-08-24 10:02:42:318[Info         ] Shader Init started
2016-08-24 10:02:42:318[Info         ] Shader Program created.
2016-08-24 10:02:42:318[Process      ] ShaderProgram::Initialize()[4] successful!
2016-08-24 10:02:42:318[Debug        ] File [..\Data\shaders\play.vert.shader] Opened successfully! Buffer Length:[343]
2016-08-24 10:02:42:318[Debug        ] Shader file [..\Data\shaders\play.vert.shader] contents:
//BEGIN
#version 430 core

layout (location = 0)  in vec3 vPosition;
layout (location = 1)  in vec3 vColor;
layout (location = 15) uniform vec3 colorin;
layout (location = 16) uniform mat4 MAT;

out vec4 color;

void main()
{
	vec4 vertPos = vec4(vPosition, 1.0);
	gl_Position = MAT *  vertPos;
	color = vec4((vColor + colorin), 1.0);
}
//END

2016-08-24 10:02:42:318[Debug        ]  ShaderProgram::AddShader() file with data was read in
2016-08-24 10:02:42:318[Debug        ] ShaderProgram::AddShader() : glShaderSource() successful
2016-08-24 10:02:42:319[Debug        ] ShaderProgram::AddShader() : glCompileShader() successful
2016-08-24 10:02:42:319[Info         ] ShaderProgram::CheckShaderCompileStatus(5) successful.
2016-08-24 10:02:42:319[Debug        ] ShaderProgram::AddShader() : glCompileShader() successful
2016-08-24 10:02:42:319[Info         ] ShaderInfo saved successfully.
2016-08-24 10:02:42:319[Debug        ] ShaderProgram::AddShader() : glAttachShader() successful
2016-08-24 10:02:42:319[Info         ] ShaderProgram::AddShader [5] successful.
2016-08-24 10:02:42:319[Debug        ] File [..\Data\shaders\play.frag.shader] Opened successfully! Buffer Length:[391]
2016-08-24 10:02:42:319[Debug        ] Shader file [..\Data\shaders\play.frag.shader] contents:
//BEGIN
#version 430 core


in  vec4 color;
out vec4 outColor;

void main()
{

	//if (color.r < .7) discard;
	outColor = color;

	//if(((gl_FragCoord.x  > 600)&& (gl_FragCoord.y < 300)) || ((gl_FragCoord.y < 300)  && (gl_FragCoord.x  < 600) )) {
	//discard;
	//}

	//vec2 scrPos = vec2(gl_FragCoord) - vec2(350,150);
	//float len =  length(scrPos);
	//if(len < 50 )discard;
}


//END

2016-08-24 10:02:42:319[Debug        ]  ShaderProgram::AddShader() file with data was read in
2016-08-24 10:02:42:319[Debug        ] ShaderProgram::AddShader() : glShaderSource() successful
2016-08-24 10:02:42:319[Debug        ] ShaderProgram::AddShader() : glCompileShader() successful
2016-08-24 10:02:42:319[Info         ] ShaderProgram::CheckShaderCompileStatus(6) successful.
2016-08-24 10:02:42:319[Debug        ] ShaderProgram::AddShader() : glCompileShader() successful
2016-08-24 10:02:42:319[Info         ] ShaderInfo saved successfully.
2016-08-24 10:02:42:319[Debug        ] ShaderProgram::AddShader() : glAttachShader() successful
2016-08-24 10:02:42:319[Info         ] ShaderProgram::AddShader [6] successful.
2016-08-24 10:02:42:320[Info         ] CheckProgramStatus() successful!
2016-08-24 10:02:42:320[Info         ] CheckProgramStatus() successful!
2016-08-24 10:02:42:320[Info         ] Shader Init started
2016-08-24 10:02:42:320[Info         ] Shader Program created.
2016-08-24 10:02:42:320[Process      ] ShaderProgram::Initialize()[7] successful!
2016-08-24 10:02:42:320[Debug        ] File [..\Data\shaders\texture.vert.shader] Opened successfully! Buffer Length:[305]
2016-08-24 10:02:42:320[Debug        ] Shader file [..\Data\shaders\texture.vert.shader] contents:
//BEGIN
#version 430 core

layout (location = 0)  in vec3 vPosition;
layout (location = 1)  in vec2 vUV;

layout (location = 16) uniform mat4 MAT;

//out data
out vec2 UV;

//out vec4 color;

void main()
{
	vec4 vertPos = vec4(vPosition, 1.0);
	gl_Position = MAT *  vertPos;

	UV = vUV;
	
	
}
//END

2016-08-24 10:02:42:320[Debug        ]  ShaderProgram::AddShader() file with data was read in
2016-08-24 10:02:42:320[Debug        ] ShaderProgram::AddShader() : glShaderSource() successful
2016-08-24 10:02:42:320[Debug        ] ShaderProgram::AddShader() : glCompileShader() successful
2016-08-24 10:02:42:320[Info         ] ShaderProgram::CheckShaderCompileStatus(8) successful.
2016-08-24 10:02:42:320[Debug        ] ShaderProgram::AddShader() : glCompileShader() successful
2016-08-24 10:02:42:320[Info         ] ShaderInfo saved successfully.
2016-08-24 10:02:42:320[Debug        ] ShaderProgram::AddShader() : glAttachShader() successful
2016-08-24 10:02:42:320[Info         ] ShaderProgram::AddShader [8] successful.
2016-08-24 10:02:42:320[Debug        ] File [..\Data\shaders\texture.frag.shader] Opened successfully! Buffer Length:[482]
2016-08-24 10:02:42:320[Debug        ] Shader file [..\Data\shaders\texture.frag.shader] contents:
//BEGIN
#version 430 core


in  vec2 UV;
out vec4 outColor;

layout(location = 20) uniform sampler2D textureSampler;

void main()
{

	//if (color.r < .7) discard;
	outColor = vec4(texture(textureSampler, UV).rgb, 1.0);

	//if(((gl_FragCoord.x  > 600)&& (gl_FragCoord.y < 300)) || ((gl_FragCoord.y < 300)  && (gl_FragCoord.x  < 600) )) {
	//discard;
	//}
	//vec2 scrPos = vec2(gl_FragCoord) - vec2(350,150);
	//float len =  length(scrPos);
	//if(len < 50 )discard;
}


//END

2016-08-24 10:02:42:320[Debug        ]  ShaderProgram::AddShader() file with data was read in
2016-08-24 10:02:42:321[Debug        ] ShaderProgram::AddShader() : glShaderSource() successful
2016-08-24 10:02:42:321[Debug        ] ShaderProgram::AddShader() : glCompileShader() successful
2016-08-24 10:02:42:321[Info         ] ShaderProgram::CheckShaderCompileStatus(9) successful.
2016-08-24 10:02:42:321[Debug        ] ShaderProgram::AddShader() : glCompileShader() successful
2016-08-24 10:02:42:321[Info         ] ShaderInfo saved successfully.
2016-08-24 10:02:42:321[Debug        ] ShaderProgram::AddShader() : glAttachShader() successful
2016-08-24 10:02:42:321[Info         ] ShaderProgram::AddShader [9] successful.
2016-08-24 10:02:42:323[Info         ] CheckProgramStatus() successful!
2016-08-24 10:02:42:323[Info         ] CheckProgramStatus() successful!
2016-08-24 10:02:42:323[Info         ] Shader Init started
2016-08-24 10:02:42:323[Info         ] Shader Program created.
2016-08-24 10:02:42:323[Process      ] ShaderProgram::Initialize()[10] successful!
2016-08-24 10:02:42:323[Debug        ] File [..\Data\shaders\framebuffer.vert.shader] Opened successfully! Buffer Length:[305]
2016-08-24 10:02:42:323[Debug        ] Shader file [..\Data\shaders\framebuffer.vert.shader] contents:
//BEGIN
#version 430 core

layout (location = 0)  in vec3 vPosition;
layout (location = 1)  in vec2 vUV;

layout (location = 16) uniform mat4 MAT;

//out data
out vec2 UV;

//out vec4 color;

void main()
{
	vec4 vertPos = vec4(vPosition, 1.0);
	gl_Position = MAT *  vertPos;

	UV = vUV;
	
	
}
//END

2016-08-24 10:02:42:323[Debug        ]  ShaderProgram::AddShader() file with data was read in
2016-08-24 10:02:42:323[Debug        ] ShaderProgram::AddShader() : glShaderSource() successful
2016-08-24 10:02:42:324[Debug        ] ShaderProgram::AddShader() : glCompileShader() successful
2016-08-24 10:02:42:324[Info         ] ShaderProgram::CheckShaderCompileStatus(11) successful.
2016-08-24 10:02:42:324[Debug        ] ShaderProgram::AddShader() : glCompileShader() successful
2016-08-24 10:02:42:324[Info         ] ShaderInfo saved successfully.
2016-08-24 10:02:42:324[Debug        ] ShaderProgram::AddShader() : glAttachShader() successful
2016-08-24 10:02:42:324[Info         ] ShaderProgram::AddShader [11] successful.
2016-08-24 10:02:42:324[Debug        ] File [..\Data\shaders\framebuffer.frag.shader] Opened successfully! Buffer Length:[275]
2016-08-24 10:02:42:324[Debug        ] Shader file [..\Data\shaders\framebuffer.frag.shader] contents:
//BEGIN
#version 430 core


in  vec2 UV;
out vec4 outColor;

layout(location = 20) uniform sampler2D textureSampler;

void main()
{


	vec3 tempCol = texture(textureSampler, UV).rgb;

	outColor = vec4(tempCol.r / 1.5f, tempCol.g / 1.5f, tempCol.b / 1.5f, 1.0f);
}


//END

2016-08-24 10:02:42:324[Debug        ]  ShaderProgram::AddShader() file with data was read in
2016-08-24 10:02:42:324[Debug        ] ShaderProgram::AddShader() : glShaderSource() successful
2016-08-24 10:02:42:324[Debug        ] ShaderProgram::AddShader() : glCompileShader() successful
2016-08-24 10:02:42:324[Info         ] ShaderProgram::CheckShaderCompileStatus(12) successful.
2016-08-24 10:02:42:324[Debug        ] ShaderProgram::AddShader() : glCompileShader() successful
2016-08-24 10:02:42:324[Info         ] ShaderInfo saved successfully.
2016-08-24 10:02:42:324[Debug        ] ShaderProgram::AddShader() : glAttachShader() successful
2016-08-24 10:02:42:324[Info         ] ShaderProgram::AddShader [12] successful.
2016-08-24 10:02:42:325[Info         ] CheckProgramStatus() successful!
2016-08-24 10:02:42:325[Info         ] CheckProgramStatus() successful!
2016-08-24 10:02:42:325[Info         ] Shader Init started
2016-08-24 10:02:42:325[Info         ] Shader Program created.
2016-08-24 10:02:42:325[Process      ] ShaderProgram::Initialize()[13] successful!
2016-08-24 10:02:42:325[Debug        ] File [..\Data\shaders\lighting.vert.shader] Opened successfully! Buffer Length:[1004]
2016-08-24 10:02:42:325[cDebug       ] Shader file [..\Data\shaders\lighting.vert.shader] is too big to display contents.
2016-08-24 10:02:42:327[Debug        ]  ShaderProgram::AddShader() file with data was read in
2016-08-24 10:02:42:327[Debug        ] ShaderProgram::AddShader() : glShaderSource() successful
2016-08-24 10:02:42:327[Debug        ] ShaderProgram::AddShader() : glCompileShader() successful
2016-08-24 10:02:42:327[Info         ] ShaderProgram::CheckShaderCompileStatus(14) successful.
2016-08-24 10:02:42:327[Debug        ] ShaderProgram::AddShader() : glCompileShader() successful
2016-08-24 10:02:42:327[Info         ] ShaderInfo saved successfully.
2016-08-24 10:02:42:327[Debug        ] ShaderProgram::AddShader() : glAttachShader() successful
2016-08-24 10:02:42:327[Info         ] ShaderProgram::AddShader [14] successful.
2016-08-24 10:02:42:327[Debug        ] File [..\Data\shaders\lighting.frag.shader] Opened successfully! Buffer Length:[1824]
2016-08-24 10:02:42:327[cDebug       ] Shader file [..\Data\shaders\lighting.frag.shader] is too big to display contents.
2016-08-24 10:02:42:329[Debug        ]  ShaderProgram::AddShader() file with data was read in
2016-08-24 10:02:42:329[Debug        ] ShaderProgram::AddShader() : glShaderSource() successful
2016-08-24 10:02:42:330[Debug        ] ShaderProgram::AddShader() : glCompileShader() successful
2016-08-24 10:02:42:330[Info         ] ShaderProgram::CheckShaderCompileStatus(15) successful.
2016-08-24 10:02:42:330[Debug        ] ShaderProgram::AddShader() : glCompileShader() successful
2016-08-24 10:02:42:330[Info         ] ShaderInfo saved successfully.
2016-08-24 10:02:42:330[Debug        ] ShaderProgram::AddShader() : glAttachShader() successful
2016-08-24 10:02:42:330[Info         ] ShaderProgram::AddShader [15] successful.
2016-08-24 10:02:42:332[Info         ] CheckProgramStatus() successful!
2016-08-24 10:02:42:332[Info         ] CheckProgramStatus() successful!
2016-08-24 10:02:42:332[Info         ] Shader Init started
2016-08-24 10:02:42:332[Info         ] Shader Program created.
2016-08-24 10:02:42:332[Process      ] ShaderProgram::Initialize()[16] successful!
2016-08-24 10:02:42:332[Debug        ] File [..\Data\shaders\texlighting.vert.shader] Opened successfully! Buffer Length:[1051]
2016-08-24 10:02:42:332[cDebug       ] Shader file [..\Data\shaders\texlighting.vert.shader] is too big to display contents.
2016-08-24 10:02:42:334[Debug        ]  ShaderProgram::AddShader() file with data was read in
2016-08-24 10:02:42:334[Debug        ] ShaderProgram::AddShader() : glShaderSource() successful
2016-08-24 10:02:42:334[Debug        ] ShaderProgram::AddShader() : glCompileShader() successful
2016-08-24 10:02:42:334[Info         ] ShaderProgram::CheckShaderCompileStatus(17) successful.
2016-08-24 10:02:42:334[Debug        ] ShaderProgram::AddShader() : glCompileShader() successful
2016-08-24 10:02:42:334[Info         ] ShaderInfo saved successfully.
2016-08-24 10:02:42:334[Debug        ] ShaderProgram::AddShader() : glAttachShader() successful
2016-08-24 10:02:42:334[Info         ] ShaderProgram::AddShader [17] successful.
2016-08-24 10:02:42:334[Debug        ] File [..\Data\shaders\texlighting.frag.shader] Opened successfully! Buffer Length:[1885]
2016-08-24 10:02:42:334[cDebug       ] Shader file [..\Data\shaders\texlighting.frag.shader] is too big to display contents.
2016-08-24 10:02:42:336[Debug        ]  ShaderProgram::AddShader() file with data was read in
2016-08-24 10:02:42:336[Debug        ] ShaderProgram::AddShader() : glShaderSource() successful
2016-08-24 10:02:42:336[Debug        ] ShaderProgram::AddShader() : glCompileShader() successful
2016-08-24 10:02:42:336[Info         ] ShaderProgram::CheckShaderCompileStatus(18) successful.
2016-08-24 10:02:42:336[Debug        ] ShaderProgram::AddShader() : glCompileShader() successful
2016-08-24 10:02:42:336[Info         ] ShaderInfo saved successfully.
2016-08-24 10:02:42:336[Debug        ] ShaderProgram::AddShader() : glAttachShader() successful
2016-08-24 10:02:42:336[Info         ] ShaderProgram::AddShader [18] successful.
2016-08-24 10:02:42:340[Info         ] CheckProgramStatus() successful!
2016-08-24 10:02:42:340[Info         ] CheckProgramStatus() successful!
2016-08-24 10:02:42:340[Info         ] Shader Init started
2016-08-24 10:02:42:340[Info         ] Shader Program created.
2016-08-24 10:02:42:340[Process      ] ShaderProgram::Initialize()[19] successful!
2016-08-24 10:02:42:341[Debug        ] File [..\Data\shaders\water.vert.shader] Opened successfully! Buffer Length:[1400]
2016-08-24 10:02:42:341[cDebug       ] Shader file [..\Data\shaders\water.vert.shader] is too big to display contents.
2016-08-24 10:02:42:342[Debug        ]  ShaderProgram::AddShader() file with data was read in
2016-08-24 10:02:42:342[Debug        ] ShaderProgram::AddShader() : glShaderSource() successful
2016-08-24 10:02:42:343[Debug        ] ShaderProgram::AddShader() : glCompileShader() successful
2016-08-24 10:02:42:343[Info         ] ShaderProgram::CheckShaderCompileStatus(20) successful.
2016-08-24 10:02:42:343[Debug        ] ShaderProgram::AddShader() : glCompileShader() successful
2016-08-24 10:02:42:343[Info         ] ShaderInfo saved successfully.
2016-08-24 10:02:42:343[Debug        ] ShaderProgram::AddShader() : glAttachShader() successful
2016-08-24 10:02:42:343[Info         ] ShaderProgram::AddShader [20] successful.
2016-08-24 10:02:42:343[Debug        ] File [..\Data\shaders\water.frag.shader] Opened successfully! Buffer Length:[2455]
2016-08-24 10:02:42:343[cDebug       ] Shader file [..\Data\shaders\water.frag.shader] is too big to display contents.
2016-08-24 10:02:42:344[Debug        ]  ShaderProgram::AddShader() file with data was read in
2016-08-24 10:02:42:344[Debug        ] ShaderProgram::AddShader() : glShaderSource() successful
2016-08-24 10:02:42:345[Debug        ] ShaderProgram::AddShader() : glCompileShader() successful
2016-08-24 10:02:42:345[Info         ] ShaderProgram::CheckShaderCompileStatus(21) successful.
2016-08-24 10:02:42:345[Debug        ] ShaderProgram::AddShader() : glCompileShader() successful
2016-08-24 10:02:42:345[Info         ] ShaderInfo saved successfully.
2016-08-24 10:02:42:345[Debug        ] ShaderProgram::AddShader() : glAttachShader() successful
2016-08-24 10:02:42:345[Info         ] ShaderProgram::AddShader [21] successful.
2016-08-24 10:02:42:347[Info         ] CheckProgramStatus() successful!
2016-08-24 10:02:42:347[Info         ] CheckProgramStatus() successful!
2016-08-24 10:02:42:347[Info         ] GetAttribLocation [vPosition] successful.
2016-08-24 10:02:42:347[Info         ] GetUniformLocation [colorin] successful.
2016-08-24 10:02:42:347[Info         ] GetUniformLocation [MAT] successful.
2016-08-24 10:02:42:347[cProcess     ] RenderEngine::Initialize() successful.
2016-08-24 10:02:42:348[cInfo        ] 
-----------------------------------------------------------------------
 BufferInfo::CreateBuffers()[0] Created buffers:| VERTEX [1] with [80] bytes. || INDEX [2] with [24] bytes |
-----------------------------------------------------------------------

2016-08-24 10:02:42:353[cInfo        ] --------BufferInfo::AddMesh() Added mesh successfully-------
2016-08-24 10:02:42:358[cInfo        ] 
2016-08-24 10:02:42:358[cInfo        ] --------------------| START BUFFER MESH INFO |-------------------------------------
2016-08-24 10:02:42:359[cInfo        ] BufferInfo::AddMesh(): NUM VERTS-----------------[4]
2016-08-24 10:02:42:361[cInfo        ] BufferInfo::AddMesh(): NUM INDICES---------------[6]
2016-08-24 10:02:42:361[cInfo        ] BufferInfo::AddMesh(): VERT OFFSET---------------[0]
2016-08-24 10:02:42:362[cInfo        ] BufferInfo::AddMesh(): INDICES OFFSET (BYTES)----[0]
2016-08-24 10:02:42:363[cInfo        ] --------------------|  END BUFFER MESH INFO  |--------------------------------------
2016-08-24 10:02:42:364[cInfo        ] 

2016-08-24 10:02:42:365[cInfo        ] 
-----------------------------------------------------------------------
 BufferInfo::CreateBuffers()[0] Created buffers:| VERTEX [3] with [96] bytes. || INDEX [4] with [48] bytes |
-----------------------------------------------------------------------

2016-08-24 10:02:42:368[cInfo        ] --------BufferInfo::AddMesh() Added mesh successfully-------
2016-08-24 10:02:42:372[cInfo        ] 
2016-08-24 10:02:42:373[cInfo        ] --------------------| START BUFFER MESH INFO |-------------------------------------
2016-08-24 10:02:42:374[cInfo        ] BufferInfo::AddMesh(): NUM VERTS-----------------[8]
2016-08-24 10:02:42:375[cInfo        ] BufferInfo::AddMesh(): NUM INDICES---------------[24]
2016-08-24 10:02:42:376[cInfo        ] BufferInfo::AddMesh(): VERT OFFSET---------------[0]
2016-08-24 10:02:42:377[cInfo        ] BufferInfo::AddMesh(): INDICES OFFSET (BYTES)----[0]
2016-08-24 10:02:42:378[cInfo        ] --------------------|  END BUFFER MESH INFO  |--------------------------------------
2016-08-24 10:02:42:380[cInfo        ] 

2016-08-24 10:02:42:381[cInfo        ] 
-----------------------------------------------------------------------
 BufferInfo::CreateBuffers()[0] Created buffers:| VERTEX [5] with [864] bytes. || INDEX [6] with [0] bytes |
-----------------------------------------------------------------------

2016-08-24 10:02:42:384[cInfo        ] --------BufferInfo::AddMesh() Added mesh successfully-------
2016-08-24 10:02:42:386[cInfo        ] 
2016-08-24 10:02:42:387[cInfo        ] --------------------| START BUFFER MESH INFO |-------------------------------------
2016-08-24 10:02:42:390[cInfo        ] BufferInfo::AddMesh(): NUM VERTS-----------------[36]
2016-08-24 10:02:42:391[cInfo        ] BufferInfo::AddMesh(): NUM INDICES---------------[0]
2016-08-24 10:02:42:391[cInfo        ] BufferInfo::AddMesh(): VERT OFFSET---------------[0]
2016-08-24 10:02:42:392[cInfo        ] BufferInfo::AddMesh(): INDICES OFFSET (BYTES)----[0]
2016-08-24 10:02:42:393[cInfo        ] --------------------|  END BUFFER MESH INFO  |--------------------------------------
2016-08-24 10:02:42:394[cInfo        ] 

2016-08-24 10:02:42:395[cInfo        ] 
-----------------------------------------------------------------------
 BufferInfo::CreateBuffers()[0] Created buffers:| VERTEX [7] with [144] bytes. || INDEX [8] with [0] bytes |
-----------------------------------------------------------------------

2016-08-24 10:02:42:398[cInfo        ] --------BufferInfo::AddMesh() Added mesh successfully-------
2016-08-24 10:02:42:400[cInfo        ] 
2016-08-24 10:02:42:402[cInfo        ] --------------------| START BUFFER MESH INFO |-------------------------------------
2016-08-24 10:02:42:403[cInfo        ] BufferInfo::AddMesh(): NUM VERTS-----------------[6]
2016-08-24 10:02:42:405[cInfo        ] BufferInfo::AddMesh(): NUM INDICES---------------[0]
2016-08-24 10:02:42:406[cInfo        ] BufferInfo::AddMesh(): VERT OFFSET---------------[0]
2016-08-24 10:02:42:407[cInfo        ] BufferInfo::AddMesh(): INDICES OFFSET (BYTES)----[0]
2016-08-24 10:02:42:407[cInfo        ] --------------------|  END BUFFER MESH INFO  |--------------------------------------
2016-08-24 10:02:42:409[cInfo        ] 

2016-08-24 10:02:42:409[Process      ] BufferInfo::Initialize() successful.
2016-08-24 10:02:42:409[cInfo        ] 
-----------------------------------------------------------------------
 BufferInfo::CreateBuffers()[0] Created buffers:| VERTEX [9] with [1000000] bytes. || INDEX [10] with [1000000] bytes |
-----------------------------------------------------------------------

2016-08-24 10:02:42:413[cInfo        ] --------BufferInfo::AddMesh() Added mesh successfully-------
2016-08-24 10:02:42:414[cInfo        ] 
2016-08-24 10:02:42:414[cInfo        ] --------------------| START BUFFER MESH INFO |-------------------------------------
2016-08-24 10:02:42:415[cInfo        ] BufferInfo::AddMesh(): NUM VERTS-----------------[24]
2016-08-24 10:02:42:416[cInfo        ] BufferInfo::AddMesh(): NUM INDICES---------------[36]
2016-08-24 10:02:42:417[cInfo        ] BufferInfo::AddMesh(): VERT OFFSET---------------[0]
2016-08-24 10:02:42:418[cInfo        ] BufferInfo::AddMesh(): INDICES OFFSET (BYTES)----[0]
2016-08-24 10:02:42:418[cInfo        ] --------------------|  END BUFFER MESH INFO  |--------------------------------------
2016-08-24 10:02:42:420[cInfo        ] 

2016-08-24 10:02:42:425[Process      ] BufferInfo::Initialize() successful.
2016-08-24 10:02:42:425[cInfo        ] 
-----------------------------------------------------------------------
 BufferInfo::CreateBuffers()[1] Created buffers:| VERTEX [11] with [1000000] bytes. || INDEX [12] with [1000000] bytes |
-----------------------------------------------------------------------

2016-08-24 10:02:42:429[cInfo        ] --------BufferInfo::AddMesh() Added mesh successfully-------
2016-08-24 10:02:42:430[cInfo        ] 
2016-08-24 10:02:42:430[cInfo        ] --------------------| START BUFFER MESH INFO |-------------------------------------
2016-08-24 10:02:42:431[cInfo        ] BufferInfo::AddMesh(): NUM VERTS-----------------[1536]
2016-08-24 10:02:42:432[cInfo        ] BufferInfo::AddMesh(): NUM INDICES---------------[3072]
2016-08-24 10:02:42:433[cInfo        ] BufferInfo::AddMesh(): VERT OFFSET---------------[0]
2016-08-24 10:02:42:434[cInfo        ] BufferInfo::AddMesh(): INDICES OFFSET (BYTES)----[0]
2016-08-24 10:02:42:434[cInfo        ] --------------------|  END BUFFER MESH INFO  |--------------------------------------
2016-08-24 10:02:42:436[cInfo        ] 

2016-08-24 10:02:42:436[cInfo        ] 
-----------------------------------------------------------------------
 BufferInfo::CreateBuffers()[0] Created buffers:| VERTEX [13] with [3936] bytes. || INDEX [14] with [0] bytes |
-----------------------------------------------------------------------

2016-08-24 10:02:42:445[cInfo        ] --------BufferInfo::AddMesh() Added mesh successfully-------
2016-08-24 10:02:42:446[cInfo        ] 
2016-08-24 10:02:42:447[cInfo        ] --------------------| START BUFFER MESH INFO |-------------------------------------
2016-08-24 10:02:42:448[cInfo        ] BufferInfo::AddMesh(): NUM VERTS-----------------[164]
2016-08-24 10:02:42:450[cInfo        ] BufferInfo::AddMesh(): NUM INDICES---------------[0]
2016-08-24 10:02:42:451[cInfo        ] BufferInfo::AddMesh(): VERT OFFSET---------------[0]
2016-08-24 10:02:42:453[cInfo        ] BufferInfo::AddMesh(): INDICES OFFSET (BYTES)----[0]
2016-08-24 10:02:42:456[cInfo        ] --------------------|  END BUFFER MESH INFO  |--------------------------------------
2016-08-24 10:02:42:458[cInfo        ] 

2016-08-24 10:02:42:460[cProcess     ] ShapeGenerator initialized successfully.
2016-08-24 10:02:42:461[cProcess     ] Camera::Initialize() successful.
2016-08-24 10:02:42:462[cProcess     ] Keyboard::Initialize() successful
2016-08-24 10:02:42:463[cProcess     ] Keyboard::Initialize() successful
2016-08-24 10:02:42:478[cInfo        ] 
-----------------------------------------------------------------------
 BufferInfo::CreateBuffers()[0] Created buffers:| VERTEX [15] with [10810368] bytes. || INDEX [16] with [0] bytes |
-----------------------------------------------------------------------

2016-08-24 10:02:42:502[cInfo        ] --------BufferInfo::AddMesh() Added mesh successfully-------
2016-08-24 10:02:42:503[cInfo        ] 
2016-08-24 10:02:42:505[cInfo        ] --------------------| START BUFFER MESH INFO |-------------------------------------
2016-08-24 10:02:42:507[cInfo        ] BufferInfo::AddMesh(): NUM VERTS-----------------[337824]
2016-08-24 10:02:42:508[cInfo        ] BufferInfo::AddMesh(): NUM INDICES---------------[0]
2016-08-24 10:02:42:510[cInfo        ] BufferInfo::AddMesh(): VERT OFFSET---------------[0]
2016-08-24 10:02:42:511[cInfo        ] BufferInfo::AddMesh(): INDICES OFFSET (BYTES)----[0]
2016-08-24 10:02:42:512[cInfo        ] --------------------|  END BUFFER MESH INFO  |--------------------------------------
2016-08-24 10:02:42:514[cInfo        ] 

2016-08-24 10:02:42:561[Info         ] ShapeGenerator::ReadSceneFile(): Added new scene [..\Data\Scenes\DerpyDargon.ptn.scene] successfully.
2016-08-24 10:02:42:561[cInfo        ] EntityManager::BuildPlayerEntity(): Built [Dargon] successfully
2016-08-24 10:02:42:565[Process      ] BufferInfo::Initialize() successful.
2016-08-24 10:02:42:572[cInfo        ] 
-----------------------------------------------------------------------
 BufferInfo::CreateBuffers()[2] Created buffers:| VERTEX [17] with [1000000] bytes. || INDEX [18] with [1000000] bytes |
-----------------------------------------------------------------------

2016-08-24 10:02:42:577[cInfo        ] --------BufferInfo::AddMesh() Added mesh successfully-------
2016-08-24 10:02:42:578[cInfo        ] 
2016-08-24 10:02:42:578[cInfo        ] --------------------| START BUFFER MESH INFO |-------------------------------------
2016-08-24 10:02:42:579[cInfo        ] BufferInfo::AddMesh(): NUM VERTS-----------------[36]
2016-08-24 10:02:42:580[cInfo        ] BufferInfo::AddMesh(): NUM INDICES---------------[0]
2016-08-24 10:02:42:581[cInfo        ] BufferInfo::AddMesh(): VERT OFFSET---------------[0]
2016-08-24 10:02:42:582[cInfo        ] BufferInfo::AddMesh(): INDICES OFFSET (BYTES)----[0]
2016-08-24 10:02:42:583[cInfo        ] --------------------|  END BUFFER MESH INFO  |--------------------------------------
2016-08-24 10:02:42:584[cInfo        ] 

2016-08-24 10:02:42:585[Info         ] ShapeGenerator::ReadSceneFile(): Added new scene [..\Data\Scenes\Cube.pn.scene] successfully.
2016-08-24 10:02:42:588[Process      ] BufferInfo::Initialize() successful.
2016-08-24 10:02:42:588[cInfo        ] 
-----------------------------------------------------------------------
 BufferInfo::CreateBuffers()[3] Created buffers:| VERTEX [19] with [1000000] bytes. || INDEX [20] with [1000000] bytes |
-----------------------------------------------------------------------

2016-08-24 10:02:42:592[cInfo        ] --------BufferInfo::AddMesh() Added mesh successfully-------
2016-08-24 10:02:42:592[cInfo        ] 
2016-08-24 10:02:42:593[cInfo        ] --------------------| START BUFFER MESH INFO |-------------------------------------
2016-08-24 10:02:42:594[cInfo        ] BufferInfo::AddMesh(): NUM VERTS-----------------[8718]
2016-08-24 10:02:42:595[cInfo        ] BufferInfo::AddMesh(): NUM INDICES---------------[0]
2016-08-24 10:02:42:596[cInfo        ] BufferInfo::AddMesh(): VERT OFFSET---------------[0]
2016-08-24 10:02:42:596[cInfo        ] BufferInfo::AddMesh(): INDICES OFFSET (BYTES)----[0]
2016-08-24 10:02:42:597[cInfo        ] --------------------|  END BUFFER MESH INFO  |--------------------------------------
2016-08-24 10:02:42:598[cInfo        ] 

2016-08-24 10:02:42:601[Info         ] ShapeGenerator::ReadSceneFile(): Added new scene [..\Data\Scenes\AIWorld.ptn.scene] successfully.
2016-08-24 10:02:42:602[cInfo        ] --------BufferInfo::AddMesh() Added mesh successfully-------
2016-08-24 10:02:42:603[cInfo        ] 
2016-08-24 10:02:42:604[cInfo        ] --------------------| START BUFFER MESH INFO |-------------------------------------
2016-08-24 10:02:42:605[cInfo        ] BufferInfo::AddMesh(): NUM VERTS-----------------[18]
2016-08-24 10:02:42:606[cInfo        ] BufferInfo::AddMesh(): NUM INDICES---------------[0]
2016-08-24 10:02:42:607[cInfo        ] BufferInfo::AddMesh(): VERT OFFSET---------------[36]
2016-08-24 10:02:42:607[cInfo        ] BufferInfo::AddMesh(): INDICES OFFSET (BYTES)----[0]
2016-08-24 10:02:42:608[cInfo        ] --------------------|  END BUFFER MESH INFO  |--------------------------------------
2016-08-24 10:02:42:609[cInfo        ] 

2016-08-24 10:02:42:610[Info         ] ShapeGenerator::ReadSceneFile(): Added new scene [..\Data\Scenes\Pyramid.pn.scene] successfully.
2016-08-24 10:02:42:616[cInfo        ] 
-----------------------------------------------------------------------
 BufferInfo::CreateBuffers()[0] Created buffers:| VERTEX [21] with [5529600] bytes. || INDEX [22] with [0] bytes |
-----------------------------------------------------------------------

2016-08-24 10:02:42:630[cInfo        ] --------BufferInfo::AddMesh() Added mesh successfully-------
2016-08-24 10:02:42:632[cInfo        ] 
2016-08-24 10:02:42:632[cInfo        ] --------------------| START BUFFER MESH INFO |-------------------------------------
2016-08-24 10:02:42:634[cInfo        ] BufferInfo::AddMesh(): NUM VERTS-----------------[172800]
2016-08-24 10:02:42:636[cInfo        ] BufferInfo::AddMesh(): NUM INDICES---------------[0]
2016-08-24 10:02:42:637[cInfo        ] BufferInfo::AddMesh(): VERT OFFSET---------------[0]
2016-08-24 10:02:42:639[cInfo        ] BufferInfo::AddMesh(): INDICES OFFSET (BYTES)----[0]
2016-08-24 10:02:42:641[cInfo        ] --------------------|  END BUFFER MESH INFO  |--------------------------------------
2016-08-24 10:02:42:642[cInfo        ] 

2016-08-24 10:02:42:643[Info         ] ShapeGenerator::ReadSceneFile(): Added new scene [..\Data\Scenes\WaterPlane.ptn.scene] successfully.
2016-08-24 10:02:42:644[cProcess     ] Camera::Initialize() successful.
2016-08-24 10:02:42:645[cInfo        ] --------BufferInfo::AddMesh() Added mesh successfully-------
2016-08-24 10:02:42:646[cInfo        ] 
2016-08-24 10:02:42:646[cInfo        ] --------------------| START BUFFER MESH INFO |-------------------------------------
2016-08-24 10:02:42:647[cInfo        ] BufferInfo::AddMesh(): NUM VERTS-----------------[3180]
2016-08-24 10:02:42:648[cInfo        ] BufferInfo::AddMesh(): NUM INDICES---------------[0]
2016-08-24 10:02:42:649[cInfo        ] BufferInfo::AddMesh(): VERT OFFSET---------------[36]
2016-08-24 10:02:42:650[cInfo        ] BufferInfo::AddMesh(): INDICES OFFSET (BYTES)----[0]
2016-08-24 10:02:42:651[cInfo        ] --------------------|  END BUFFER MESH INFO  |--------------------------------------
2016-08-24 10:02:42:652[cInfo        ] 

2016-08-24 10:02:42:653[Info         ] ShapeGenerator::ReadSceneFile(): Added new scene [..\Data\Scenes\Cat.pn.scene] successfully.
2016-08-24 10:02:42:653[cInfo        ] --------BufferInfo::AddMesh() Added mesh successfully-------
2016-08-24 10:02:42:656[cInfo        ] 
2016-08-24 10:02:42:656[cInfo        ] --------------------| START BUFFER MESH INFO |-------------------------------------
2016-08-24 10:02:42:658[cInfo        ] BufferInfo::AddMesh(): NUM VERTS-----------------[6]
2016-08-24 10:02:42:658[cInfo        ] BufferInfo::AddMesh(): NUM INDICES---------------[0]
2016-08-24 10:02:42:659[cInfo        ] BufferInfo::AddMesh(): VERT OFFSET---------------[54]
2016-08-24 10:02:42:660[cInfo        ] BufferInfo::AddMesh(): INDICES OFFSET (BYTES)----[0]
2016-08-24 10:02:42:661[cInfo        ] --------------------|  END BUFFER MESH INFO  |--------------------------------------
2016-08-24 10:02:42:662[cInfo        ] 

2016-08-24 10:02:42:663[cProcess     ] BodaciousQuest::Initialize() successful.
2016-08-24 10:02:42:663[Process      ] GameTime::Initialize() ok

2016-08-24 10:02:42:663[cProcess     ] MyWindow::Initialize() successful!
2016-08-24 10:02:50:635[cProcess     ] BufferManager::Shutdown() successful.
2016-08-24 10:02:50:636[cProcess     ] RenderEngine::Shutdown() successful.
2016-08-24 10:02:50:637[cProcess     ] Camera::Shutdown() successful.
2016-08-24 10:02:50:638[Info         ] Shader  [2] deleting...
2016-08-24 10:02:50:638[Info         ] Shader  [2] deleted successfully.
2016-08-24 10:02:50:638[Info         ] Shader  [3] deleting...
2016-08-24 10:02:50:638[Info         ] Shader  [3] deleted successfully.
2016-08-24 10:02:50:639[Info         ] All shaders deleted successfully.
2016-08-24 10:02:50:639[cInfo        ] Program [1] deleted successfully.
2016-08-24 10:02:50:639[Process      ] ShaderProgram[1]::Shutdown successful!
2016-08-24 10:02:50:640[Info         ] Shader  [5] deleting...
2016-08-24 10:02:50:640[Info         ] Shader  [5] deleted successfully.
2016-08-24 10:02:50:640[Info         ] Shader  [6] deleting...
2016-08-24 10:02:50:640[Info         ] Shader  [6] deleted successfully.
2016-08-24 10:02:50:640[Info         ] All shaders deleted successfully.
2016-08-24 10:02:50:640[cInfo        ] Program [4] deleted successfully.
2016-08-24 10:02:50:640[Process      ] ShaderProgram[4]::Shutdown successful!
2016-08-24 10:02:50:641[Info         ] Shader  [8] deleting...
2016-08-24 10:02:50:641[Info         ] Shader  [8] deleted successfully.
2016-08-24 10:02:50:641[Info         ] Shader  [9] deleting...
2016-08-24 10:02:50:641[Info         ] Shader  [9] deleted successfully.
2016-08-24 10:02:50:641[Info         ] All shaders deleted successfully.
2016-08-24 10:02:50:641[cInfo        ] Program [7] deleted successfully.
2016-08-24 10:02:50:641[Process      ] ShaderProgram[7]::Shutdown successful!
2016-08-24 10:02:50:642[Info         ] Shader  [11] deleting...
2016-08-24 10:02:50:642[Info         ] Shader  [11] deleted successfully.
2016-08-24 10:02:50:642[Info         ] Shader  [12] deleting...
2016-08-24 10:02:50:642[Info         ] Shader  [12] deleted successfully.
2016-08-24 10:02:50:642[Info         ] All shaders deleted successfully.
2016-08-24 10:02:50:642[cInfo        ] Program [10] deleted successfully.
2016-08-24 10:02:50:642[Process      ] ShaderProgram[10]::Shutdown successful!
2016-08-24 10:02:50:642[Info         ] Shader  [14] deleting...
2016-08-24 10:02:50:642[Info         ] Shader  [14] deleted successfully.
2016-08-24 10:02:50:642[Info         ] Shader  [15] deleting...
2016-08-24 10:02:50:642[Info         ] Shader  [15] deleted successfully.
2016-08-24 10:02:50:643[Info         ] All shaders deleted successfully.
2016-08-24 10:02:50:643[cInfo        ] Program [13] deleted successfully.
2016-08-24 10:02:50:643[Process      ] ShaderProgram[13]::Shutdown successful!
2016-08-24 10:02:50:643[Info         ] Shader  [17] deleting...
2016-08-24 10:02:50:643[Info         ] Shader  [17] deleted successfully.
2016-08-24 10:02:50:643[Info         ] Shader  [18] deleting...
2016-08-24 10:02:50:643[Info         ] Shader  [18] deleted successfully.
2016-08-24 10:02:50:643[Info         ] All shaders deleted successfully.
2016-08-24 10:02:50:644[cInfo        ] Program [16] deleted successfully.
2016-08-24 10:02:50:644[Process      ] ShaderProgram[16]::Shutdown successful!
2016-08-24 10:02:50:644[Info         ] Shader  [20] deleting...
2016-08-24 10:02:50:644[Info         ] Shader  [20] deleted successfully.
2016-08-24 10:02:50:644[Info         ] Shader  [21] deleting...
2016-08-24 10:02:50:644[Info         ] Shader  [21] deleted successfully.
2016-08-24 10:02:50:644[Info         ] All shaders deleted successfully.
2016-08-24 10:02:50:644[cInfo        ] Program [19] deleted successfully.
2016-08-24 10:02:50:645[Process      ] ShaderProgram[19]::Shutdown successful!
2016-08-24 10:02:50:645[cProcess     ] MyWindow::Shutdown() successful!
2016-08-24 10:02:50:646[cProcess     ] BodaciousQuest::Shutdown() successful.
2016-08-24 10:02:50:656[Process      ] ConfigReader shut down successfully
2016-08-24 10:02:50:656[Process      ] GameLogger::ShutDown() successful
