2016-08-18 14:44:58:608[Process      ] GameLogger::Initialize() opened log file [..\Data\LogFiles\2016-08-18 14-44-58.BodaciousQuest.log] for writing
2016-08-18 14:44:58:609[Info         ] GameLogger::Initialize() successful
2016-08-18 14:44:58:609[Process      ] ConfigReader opened [..\Data\BodaciousQuest.config] successfully
2016-08-18 14:44:58:609[Info         ] ConfigReader initialized successfully
2016-08-18 14:44:58:609[Info         ] Valid KVP [BodaciousQuest.ShowFullScreen] [false] added
2016-08-18 14:44:58:609[Info         ] Valid KVP [BodaciousQuest.FpsInterval] [5.0] added
2016-08-18 14:44:58:609[Info         ] Valid KVP [BodaciousQuest.EnableControls] [true] added
2016-08-18 14:44:58:609[Info         ] Valid KVP [BodaciousQuest.LoadCubeFirst] [true] added
2016-08-18 14:44:58:609[Info         ] Valid KVP [BodaciousQuest.CameraWalkMode] [false] added
2016-08-18 14:44:58:609[Info         ] Valid KVP [BodaciousQuest.GridSize] [40] added
2016-08-18 14:44:58:609[Info         ] Valid KVP [BodaciousQuest.LightingTest.Ambient.Color] [1.0  1.0  1.0] added
2016-08-18 14:44:58:609[Info         ] Valid KVP [BodaciousQuest.LightingTest.Diffuse.Color] [1.0  1.0  1.0] added
2016-08-18 14:44:58:609[Info         ] Valid KVP [BodaciousQuest.LightingTest.Specular.Color] [0.0  0.0  0.0] added
2016-08-18 14:44:58:609[Info         ] Valid KVP [BodaciousQuest.LightingTest.Ambient.Reflectivity] [0.01] added
2016-08-18 14:44:58:609[Info         ] Valid KVP [BodaciousQuest.LightingTest.Diffuse.Reflectivity] [0.6] added
2016-08-18 14:44:58:609[Info         ] Valid KVP [BodaciousQuest.LightingTest.Specular.Reflectivity] [0.5] added
2016-08-18 14:44:58:609[Info         ] Valid KVP [BodaciousQuest.LightingTest.Specular.Shininess] [1.0] added
2016-08-18 14:44:58:609[Info         ] Valid KVP [BodaciousQuest.LightingTest.Falloff.A] [1.0] added
2016-08-18 14:44:58:609[Info         ] Valid KVP [BodaciousQuest.LightingTest.Falloff.B] [0.01] added
2016-08-18 14:44:58:609[Info         ] Valid KVP [BodaciousQuest.LightingTest.Falloff.C] [0.1] added
2016-08-18 14:44:58:609[Info         ] Valid KVP [BodaciousQuest.LightingTest.Directional] [false] added
2016-08-18 14:44:58:609[Info         ] Valid KVP [BodaciousQuest.LightingTest.Direction] [-1.0 0.0 1.0] added
2016-08-18 14:44:58:609[Info         ] Valid KVP [BodaciousQuest.LightingTest.Light.Position] [-0.875458 3.673020 1.043331] added
2016-08-18 14:44:58:609[Info         ] Valid KVP [BodaciousQuest.LightingTest.Dargon.Color] [1.0 1.0 0.4] added
2016-08-18 14:44:58:609[Info         ] Valid KVP [ObjConverter.Mode.VertexType] [p] added
2016-08-18 14:44:58:609[Info         ] Valid KVP [ObjConverter.Mode.Analyze] [false] added
2016-08-18 14:44:58:609[Info         ] Valid KVP [ObjConverter.Model] [AIWorld] added
2016-08-18 14:44:58:609[Info         ] Valid KVP [ObjConverter.Shader] [0] added
2016-08-18 14:44:58:609[Info         ] Valid KVP [ObjConverter.Color] [random] added
2016-08-18 14:44:58:609[Info         ] Valid KVP [ObjConverter.Obj.InputFileFolder] [..\\Data\\Objs\\] added
2016-08-18 14:44:58:609[Info         ] Valid KVP [ObjConverter.Scene.OutputFileFolder] [..\\Data\\Scenes\\] added
2016-08-18 14:44:58:609[Info         ] Valid KVP [ObjConverter.Model.Dargon.NumVerts] [57967] added
2016-08-18 14:44:58:609[Info         ] Valid KVP [ObjConverter.Model.Dargon.NumIndices] [337824] added
2016-08-18 14:44:58:609[Info         ] Valid KVP [ObjConverter.Model.Dargon.NumTexCoords] [60175] added
2016-08-18 14:44:58:609[Info         ] Valid KVP [ObjConverter.Model.Dargon.NumNormals] [337824] added
2016-08-18 14:44:58:610[Info         ] Valid KVP [ObjConverter.Model.Swamp.NumVerts] [2735] added
2016-08-18 14:44:58:610[Info         ] Valid KVP [ObjConverter.Model.Swamp.NumIndices] [8556] added
2016-08-18 14:44:58:610[Info         ] Valid KVP [ObjConverter.Model.Swamp.NumTexCoords] [3622] added
2016-08-18 14:44:58:610[Info         ] Valid KVP [ObjConverter.Model.Swamp.NumNormals] [5156] added
2016-08-18 14:44:58:610[Info         ] Valid KVP [ObjConverter.Model.Pyramid.NumVerts] [5] added
2016-08-18 14:44:58:610[Info         ] Valid KVP [ObjConverter.Model.Pyramid.NumIndices] [18] added
2016-08-18 14:44:58:610[Info         ] Valid KVP [ObjConverter.Model.Pyramid.NumTexCoords] [10] added
2016-08-18 14:44:58:610[Info         ] Valid KVP [ObjConverter.Model.Pyramid.NumNormals] [16] added
2016-08-18 14:44:58:610[Info         ] Valid KVP [ObjConverter.Model.AIWorld.NumVerts] [1957] added
2016-08-18 14:44:58:610[Info         ] Valid KVP [ObjConverter.Model.AIWorld.NumIndices] [8718] added
2016-08-18 14:44:58:610[Info         ] Valid KVP [ObjConverter.Model.AIWorld.NumTexCoords] [4186] added
2016-08-18 14:44:58:610[Info         ] Valid KVP [ObjConverter.Model.AIWorld.NumNormals] [5418] added
2016-08-18 14:44:58:610[Info         ] Valid KVP [ObjConverter.Model.GameWeapon.NumVerts] [2068] added
2016-08-18 14:44:58:610[Info         ] Valid KVP [ObjConverter.Model.GameWeapon.NumIndices] [9894] added
2016-08-18 14:44:58:610[Info         ] Valid KVP [ObjConverter.Model.GameWeapon.NumTexCoords] [0] added
2016-08-18 14:44:58:610[Info         ] Valid KVP [ObjConverter.Model.GameWeapon.NumNormals] [0] added
2016-08-18 14:44:58:610[Info         ] Valid KVP [ObjConverter.Model.Chicken.NumVerts] [224] added
2016-08-18 14:44:58:610[Info         ] Valid KVP [ObjConverter.Model.Chicken.NumIndices] [1374] added
2016-08-18 14:44:58:610[Info         ] Valid KVP [ObjConverter.Model.Chicken.NumTexCoords] [472] added
2016-08-18 14:44:58:610[Info         ] Valid KVP [ObjConverter.Model.Chicken.NumNormals] [565] added
2016-08-18 14:44:58:610[Info         ] Valid KVP [ObjConverter.Model.WaterPlane.NumVerts] [29282] added
2016-08-18 14:44:58:610[Info         ] Valid KVP [ObjConverter.Model.WaterPlane.NumIndices] [172800] added
2016-08-18 14:44:58:610[Info         ] Valid KVP [ObjConverter.Model.WaterPlane.NumTexCoords] [29282] added
2016-08-18 14:44:58:610[Info         ] Valid KVP [ObjConverter.Model.WaterPlane.NumNormals] [172800] added
2016-08-18 14:44:58:610[Info         ] Valid KVP [ObjConverter.Model.Cube.NumVerts] [8] added
2016-08-18 14:44:58:610[Info         ] Valid KVP [ObjConverter.Model.Cube.NumIndices] [36] added
2016-08-18 14:44:58:610[Info         ] Valid KVP [ObjConverter.Model.Cube.NumTexCoords] [14] added
2016-08-18 14:44:58:610[Info         ] Valid KVP [ObjConverter.Model.Cube.NumNormals] [24] added
2016-08-18 14:44:58:610[Info         ] Valid KVP [ObjConverter.Model.Barrel.NumVerts] [172] added
2016-08-18 14:44:58:610[Info         ] Valid KVP [ObjConverter.Model.Barrel.NumIndices] [1008] added
2016-08-18 14:44:58:610[Info         ] Valid KVP [ObjConverter.Model.Barrel.NumTexCoords] [328] added
2016-08-18 14:44:58:610[Info         ] Valid KVP [ObjConverter.Model.Barrel.NumNormals] [204] added
2016-08-18 14:44:58:610[Info         ] Valid KVP [ObjConverter.Model.SkyBox.NumVerts] [8] added
2016-08-18 14:44:58:610[Info         ] Valid KVP [ObjConverter.Model.SkyBox.NumIndices] [36] added
2016-08-18 14:44:58:610[Info         ] Valid KVP [ObjConverter.Model.SkyBox.NumTexCoords] [18] added
2016-08-18 14:44:58:610[Info         ] Valid KVP [ObjConverter.Model.SkyBox.NumNormals] [24] added
2016-08-18 14:44:58:678[cInfo        ] Config reader opened [..\Data\BodaciousQuest.config] for reading!
2016-08-18 14:44:58:743[Process      ] ShaderManager Initialized successfully
2016-08-18 14:44:58:743[Info         ] Shader Init started
2016-08-18 14:44:58:743[Info         ] Shader Program created.
2016-08-18 14:44:58:743[Process      ] ShaderProgram::Initialize()[1] successful!
2016-08-18 14:44:58:743[Debug        ] File [..\Data\shaders\debug.vert.shader] Opened successfully! Buffer Length:[291]
2016-08-18 14:44:58:743[Debug        ] Shader file [..\Data\shaders\debug.vert.shader] contents:
//BEGIN
#version 430 core

layout(location = 0)  in vec3 vPosition;

layout(location = 15) uniform vec3 colorin;
layout(location = 16) uniform mat4 MAT;

out vec4 color;

void main()
{
	vec4 vertPos = vec4(vPosition, 1.0);
	gl_Position = MAT *  vertPos;
	color = vec4(colorin, 1.0);
}
//END

2016-08-18 14:44:58:743[Debug        ]  ShaderProgram::AddShader() file with data was read in
2016-08-18 14:44:58:743[Debug        ] ShaderProgram::AddShader() : glShaderSource() successful
2016-08-18 14:44:58:743[Debug        ] ShaderProgram::AddShader() : glCompileShader() successful
2016-08-18 14:44:58:743[Info         ] ShaderProgram::CheckShaderCompileStatus(2) successful.
2016-08-18 14:44:58:744[Debug        ] ShaderProgram::AddShader() : glCompileShader() successful
2016-08-18 14:44:58:744[Info         ] ShaderInfo saved successfully.
2016-08-18 14:44:58:744[Debug        ] ShaderProgram::AddShader() : glAttachShader() successful
2016-08-18 14:44:58:744[Info         ] ShaderProgram::AddShader [2] successful.
2016-08-18 14:44:58:744[Debug        ] File [..\Data\shaders\debug.frag.shader] Opened successfully! Buffer Length:[104]
2016-08-18 14:44:58:744[Debug        ] Shader file [..\Data\shaders\debug.frag.shader] contents:
//BEGIN
#version 430 core


in  vec4 color;
out vec4 outColor;

void main()
{
	outColor = color;
}


//END

2016-08-18 14:44:58:744[Debug        ]  ShaderProgram::AddShader() file with data was read in
2016-08-18 14:44:58:744[Debug        ] ShaderProgram::AddShader() : glShaderSource() successful
2016-08-18 14:44:58:744[Debug        ] ShaderProgram::AddShader() : glCompileShader() successful
2016-08-18 14:44:58:744[Info         ] ShaderProgram::CheckShaderCompileStatus(3) successful.
2016-08-18 14:44:58:744[Debug        ] ShaderProgram::AddShader() : glCompileShader() successful
2016-08-18 14:44:58:744[Info         ] ShaderInfo saved successfully.
2016-08-18 14:44:58:744[Debug        ] ShaderProgram::AddShader() : glAttachShader() successful
2016-08-18 14:44:58:744[Info         ] ShaderProgram::AddShader [3] successful.
2016-08-18 14:44:58:745[Info         ] CheckProgramStatus() successful!
2016-08-18 14:44:58:745[Info         ] CheckProgramStatus() successful!
2016-08-18 14:44:58:745[Info         ] Shader Init started
2016-08-18 14:44:58:745[Info         ] Shader Program created.
2016-08-18 14:44:58:745[Process      ] ShaderProgram::Initialize()[4] successful!
2016-08-18 14:44:58:745[Debug        ] File [..\Data\shaders\play.vert.shader] Opened successfully! Buffer Length:[343]
2016-08-18 14:44:58:745[Debug        ] Shader file [..\Data\shaders\play.vert.shader] contents:
//BEGIN
#version 430 core

layout (location = 0)  in vec3 vPosition;
layout (location = 1)  in vec3 vColor;
layout (location = 15) uniform vec3 colorin;
layout (location = 16) uniform mat4 MAT;

out vec4 color;

void main()
{
	vec4 vertPos = vec4(vPosition, 1.0);
	gl_Position = MAT *  vertPos;
	color = vec4((vColor + colorin), 1.0);
}
//END

2016-08-18 14:44:58:745[Debug        ]  ShaderProgram::AddShader() file with data was read in
2016-08-18 14:44:58:745[Debug        ] ShaderProgram::AddShader() : glShaderSource() successful
2016-08-18 14:44:58:745[Debug        ] ShaderProgram::AddShader() : glCompileShader() successful
2016-08-18 14:44:58:745[Info         ] ShaderProgram::CheckShaderCompileStatus(5) successful.
2016-08-18 14:44:58:745[Debug        ] ShaderProgram::AddShader() : glCompileShader() successful
2016-08-18 14:44:58:745[Info         ] ShaderInfo saved successfully.
2016-08-18 14:44:58:745[Debug        ] ShaderProgram::AddShader() : glAttachShader() successful
2016-08-18 14:44:58:745[Info         ] ShaderProgram::AddShader [5] successful.
2016-08-18 14:44:58:746[Debug        ] File [..\Data\shaders\play.frag.shader] Opened successfully! Buffer Length:[391]
2016-08-18 14:44:58:746[Debug        ] Shader file [..\Data\shaders\play.frag.shader] contents:
//BEGIN
#version 430 core


in  vec4 color;
out vec4 outColor;

void main()
{

	//if (color.r < .7) discard;
	outColor = color;

	//if(((gl_FragCoord.x  > 600)&& (gl_FragCoord.y < 300)) || ((gl_FragCoord.y < 300)  && (gl_FragCoord.x  < 600) )) {
	//discard;
	//}

	//vec2 scrPos = vec2(gl_FragCoord) - vec2(350,150);
	//float len =  length(scrPos);
	//if(len < 50 )discard;
}


//END

2016-08-18 14:44:58:746[Debug        ]  ShaderProgram::AddShader() file with data was read in
2016-08-18 14:44:58:746[Debug        ] ShaderProgram::AddShader() : glShaderSource() successful
2016-08-18 14:44:58:746[Debug        ] ShaderProgram::AddShader() : glCompileShader() successful
2016-08-18 14:44:58:746[Info         ] ShaderProgram::CheckShaderCompileStatus(6) successful.
2016-08-18 14:44:58:746[Debug        ] ShaderProgram::AddShader() : glCompileShader() successful
2016-08-18 14:44:58:746[Info         ] ShaderInfo saved successfully.
2016-08-18 14:44:58:746[Debug        ] ShaderProgram::AddShader() : glAttachShader() successful
2016-08-18 14:44:58:746[Info         ] ShaderProgram::AddShader [6] successful.
2016-08-18 14:44:58:747[Info         ] CheckProgramStatus() successful!
2016-08-18 14:44:58:747[Info         ] CheckProgramStatus() successful!
2016-08-18 14:44:58:747[Info         ] Shader Init started
2016-08-18 14:44:58:747[Info         ] Shader Program created.
2016-08-18 14:44:58:747[Process      ] ShaderProgram::Initialize()[7] successful!
2016-08-18 14:44:58:747[Debug        ] File [..\Data\shaders\texture.vert.shader] Opened successfully! Buffer Length:[305]
2016-08-18 14:44:58:747[Debug        ] Shader file [..\Data\shaders\texture.vert.shader] contents:
//BEGIN
#version 430 core

layout (location = 0)  in vec3 vPosition;
layout (location = 1)  in vec2 vUV;

layout (location = 16) uniform mat4 MAT;

//out data
out vec2 UV;

//out vec4 color;

void main()
{
	vec4 vertPos = vec4(vPosition, 1.0);
	gl_Position = MAT *  vertPos;

	UV = vUV;
	
	
}
//END

2016-08-18 14:44:58:747[Debug        ]  ShaderProgram::AddShader() file with data was read in
2016-08-18 14:44:58:747[Debug        ] ShaderProgram::AddShader() : glShaderSource() successful
2016-08-18 14:44:58:747[Debug        ] ShaderProgram::AddShader() : glCompileShader() successful
2016-08-18 14:44:58:747[Info         ] ShaderProgram::CheckShaderCompileStatus(8) successful.
2016-08-18 14:44:58:747[Debug        ] ShaderProgram::AddShader() : glCompileShader() successful
2016-08-18 14:44:58:747[Info         ] ShaderInfo saved successfully.
2016-08-18 14:44:58:747[Debug        ] ShaderProgram::AddShader() : glAttachShader() successful
2016-08-18 14:44:58:747[Info         ] ShaderProgram::AddShader [8] successful.
2016-08-18 14:44:58:747[Debug        ] File [..\Data\shaders\texture.frag.shader] Opened successfully! Buffer Length:[482]
2016-08-18 14:44:58:747[Debug        ] Shader file [..\Data\shaders\texture.frag.shader] contents:
//BEGIN
#version 430 core


in  vec2 UV;
out vec4 outColor;

layout(location = 20) uniform sampler2D textureSampler;

void main()
{

	//if (color.r < .7) discard;
	outColor = vec4(texture(textureSampler, UV).rgb, 1.0);

	//if(((gl_FragCoord.x  > 600)&& (gl_FragCoord.y < 300)) || ((gl_FragCoord.y < 300)  && (gl_FragCoord.x  < 600) )) {
	//discard;
	//}
	//vec2 scrPos = vec2(gl_FragCoord) - vec2(350,150);
	//float len =  length(scrPos);
	//if(len < 50 )discard;
}


//END

2016-08-18 14:44:58:747[Debug        ]  ShaderProgram::AddShader() file with data was read in
2016-08-18 14:44:58:747[Debug        ] ShaderProgram::AddShader() : glShaderSource() successful
2016-08-18 14:44:58:748[Debug        ] ShaderProgram::AddShader() : glCompileShader() successful
2016-08-18 14:44:58:748[Info         ] ShaderProgram::CheckShaderCompileStatus(9) successful.
2016-08-18 14:44:58:748[Debug        ] ShaderProgram::AddShader() : glCompileShader() successful
2016-08-18 14:44:58:748[Info         ] ShaderInfo saved successfully.
2016-08-18 14:44:58:748[Debug        ] ShaderProgram::AddShader() : glAttachShader() successful
2016-08-18 14:44:58:748[Info         ] ShaderProgram::AddShader [9] successful.
2016-08-18 14:44:58:749[Info         ] CheckProgramStatus() successful!
2016-08-18 14:44:58:749[Info         ] CheckProgramStatus() successful!
2016-08-18 14:44:58:749[Info         ] Shader Init started
2016-08-18 14:44:58:749[Info         ] Shader Program created.
2016-08-18 14:44:58:750[Process      ] ShaderProgram::Initialize()[10] successful!
2016-08-18 14:44:58:750[Debug        ] File [..\Data\shaders\framebuffer.vert.shader] Opened successfully! Buffer Length:[305]
2016-08-18 14:44:58:750[Debug        ] Shader file [..\Data\shaders\framebuffer.vert.shader] contents:
//BEGIN
#version 430 core

layout (location = 0)  in vec3 vPosition;
layout (location = 1)  in vec2 vUV;

layout (location = 16) uniform mat4 MAT;

//out data
out vec2 UV;

//out vec4 color;

void main()
{
	vec4 vertPos = vec4(vPosition, 1.0);
	gl_Position = MAT *  vertPos;

	UV = vUV;
	
	
}
//END

2016-08-18 14:44:58:750[Debug        ]  ShaderProgram::AddShader() file with data was read in
2016-08-18 14:44:58:750[Debug        ] ShaderProgram::AddShader() : glShaderSource() successful
2016-08-18 14:44:58:750[Debug        ] ShaderProgram::AddShader() : glCompileShader() successful
2016-08-18 14:44:58:750[Info         ] ShaderProgram::CheckShaderCompileStatus(11) successful.
2016-08-18 14:44:58:750[Debug        ] ShaderProgram::AddShader() : glCompileShader() successful
2016-08-18 14:44:58:750[Info         ] ShaderInfo saved successfully.
2016-08-18 14:44:58:750[Debug        ] ShaderProgram::AddShader() : glAttachShader() successful
2016-08-18 14:44:58:750[Info         ] ShaderProgram::AddShader [11] successful.
2016-08-18 14:44:58:750[Debug        ] File [..\Data\shaders\framebuffer.frag.shader] Opened successfully! Buffer Length:[275]
2016-08-18 14:44:58:750[Debug        ] Shader file [..\Data\shaders\framebuffer.frag.shader] contents:
//BEGIN
#version 430 core


in  vec2 UV;
out vec4 outColor;

layout(location = 20) uniform sampler2D textureSampler;

void main()
{


	vec3 tempCol = texture(textureSampler, UV).rgb;

	outColor = vec4(tempCol.r / 1.5f, tempCol.g / 1.5f, tempCol.b / 1.5f, 1.0f);
}


//END

2016-08-18 14:44:58:750[Debug        ]  ShaderProgram::AddShader() file with data was read in
2016-08-18 14:44:58:750[Debug        ] ShaderProgram::AddShader() : glShaderSource() successful
2016-08-18 14:44:58:751[Debug        ] ShaderProgram::AddShader() : glCompileShader() successful
2016-08-18 14:44:58:751[Info         ] ShaderProgram::CheckShaderCompileStatus(12) successful.
2016-08-18 14:44:58:751[Debug        ] ShaderProgram::AddShader() : glCompileShader() successful
2016-08-18 14:44:58:751[Info         ] ShaderInfo saved successfully.
2016-08-18 14:44:58:751[Debug        ] ShaderProgram::AddShader() : glAttachShader() successful
2016-08-18 14:44:58:751[Info         ] ShaderProgram::AddShader [12] successful.
2016-08-18 14:44:58:752[Info         ] CheckProgramStatus() successful!
2016-08-18 14:44:58:753[Info         ] CheckProgramStatus() successful!
2016-08-18 14:44:58:753[Info         ] Shader Init started
2016-08-18 14:44:58:753[Info         ] Shader Program created.
2016-08-18 14:44:58:753[Process      ] ShaderProgram::Initialize()[13] successful!
2016-08-18 14:44:58:753[Debug        ] File [..\Data\shaders\lighting.vert.shader] Opened successfully! Buffer Length:[1137]
2016-08-18 14:44:58:753[cDebug       ] Shader file [..\Data\shaders\lighting.vert.shader] is too big to display contents.
2016-08-18 14:44:58:755[Debug        ]  ShaderProgram::AddShader() file with data was read in
2016-08-18 14:44:58:755[Debug        ] ShaderProgram::AddShader() : glShaderSource() successful
2016-08-18 14:44:58:755[Debug        ] ShaderProgram::AddShader() : glCompileShader() successful
2016-08-18 14:44:58:755[Info         ] ShaderProgram::CheckShaderCompileStatus(14) successful.
2016-08-18 14:44:58:755[Debug        ] ShaderProgram::AddShader() : glCompileShader() successful
2016-08-18 14:44:58:755[Info         ] ShaderInfo saved successfully.
2016-08-18 14:44:58:755[Debug        ] ShaderProgram::AddShader() : glAttachShader() successful
2016-08-18 14:44:58:755[Info         ] ShaderProgram::AddShader [14] successful.
2016-08-18 14:44:58:755[Debug        ] File [..\Data\shaders\lighting.frag.shader] Opened successfully! Buffer Length:[1744]
2016-08-18 14:44:58:755[cDebug       ] Shader file [..\Data\shaders\lighting.frag.shader] is too big to display contents.
2016-08-18 14:44:58:757[Debug        ]  ShaderProgram::AddShader() file with data was read in
2016-08-18 14:44:58:757[Debug        ] ShaderProgram::AddShader() : glShaderSource() successful
2016-08-18 14:44:58:757[Debug        ] ShaderProgram::AddShader() : glCompileShader() successful
2016-08-18 14:44:58:757[Info         ] ShaderProgram::CheckShaderCompileStatus(15) successful.
2016-08-18 14:44:58:757[Debug        ] ShaderProgram::AddShader() : glCompileShader() successful
2016-08-18 14:44:58:757[Info         ] ShaderInfo saved successfully.
2016-08-18 14:44:58:758[Debug        ] ShaderProgram::AddShader() : glAttachShader() successful
2016-08-18 14:44:58:758[Info         ] ShaderProgram::AddShader [15] successful.
2016-08-18 14:44:58:760[Info         ] CheckProgramStatus() successful!
2016-08-18 14:44:58:760[Info         ] CheckProgramStatus() successful!
2016-08-18 14:44:58:760[Info         ] Shader Init started
2016-08-18 14:44:58:760[Info         ] Shader Program created.
2016-08-18 14:44:58:760[Process      ] ShaderProgram::Initialize()[16] successful!
2016-08-18 14:44:58:761[Debug        ] File [..\Data\shaders\texlighting.vert.shader] Opened successfully! Buffer Length:[1110]
2016-08-18 14:44:58:761[cDebug       ] Shader file [..\Data\shaders\texlighting.vert.shader] is too big to display contents.
2016-08-18 14:44:58:763[Debug        ]  ShaderProgram::AddShader() file with data was read in
2016-08-18 14:44:58:763[Debug        ] ShaderProgram::AddShader() : glShaderSource() successful
2016-08-18 14:44:58:763[Debug        ] ShaderProgram::AddShader() : glCompileShader() successful
2016-08-18 14:44:58:763[Info         ] ShaderProgram::CheckShaderCompileStatus(17) successful.
2016-08-18 14:44:58:763[Debug        ] ShaderProgram::AddShader() : glCompileShader() successful
2016-08-18 14:44:58:763[Info         ] ShaderInfo saved successfully.
2016-08-18 14:44:58:763[Debug        ] ShaderProgram::AddShader() : glAttachShader() successful
2016-08-18 14:44:58:763[Info         ] ShaderProgram::AddShader [17] successful.
2016-08-18 14:44:58:764[Debug        ] File [..\Data\shaders\texlighting.frag.shader] Opened successfully! Buffer Length:[1717]
2016-08-18 14:44:58:764[cDebug       ] Shader file [..\Data\shaders\texlighting.frag.shader] is too big to display contents.
2016-08-18 14:44:58:765[Debug        ]  ShaderProgram::AddShader() file with data was read in
2016-08-18 14:44:58:765[Debug        ] ShaderProgram::AddShader() : glShaderSource() successful
2016-08-18 14:44:58:766[Debug        ] ShaderProgram::AddShader() : glCompileShader() successful
2016-08-18 14:44:58:766[Info         ] ShaderProgram::CheckShaderCompileStatus(18) successful.
2016-08-18 14:44:58:766[Debug        ] ShaderProgram::AddShader() : glCompileShader() successful
2016-08-18 14:44:58:766[Info         ] ShaderInfo saved successfully.
2016-08-18 14:44:58:766[Debug        ] ShaderProgram::AddShader() : glAttachShader() successful
2016-08-18 14:44:58:766[Info         ] ShaderProgram::AddShader [18] successful.
2016-08-18 14:44:58:769[Info         ] CheckProgramStatus() successful!
2016-08-18 14:44:58:769[Info         ] CheckProgramStatus() successful!
2016-08-18 14:44:58:769[Info         ] Shader Init started
2016-08-18 14:44:58:769[Info         ] Shader Program created.
2016-08-18 14:44:58:769[Process      ] ShaderProgram::Initialize()[19] successful!
2016-08-18 14:44:58:769[Debug        ] File [..\Data\shaders\water.vert.shader] Opened successfully! Buffer Length:[1400]
2016-08-18 14:44:58:769[cDebug       ] Shader file [..\Data\shaders\water.vert.shader] is too big to display contents.
2016-08-18 14:44:58:772[Debug        ]  ShaderProgram::AddShader() file with data was read in
2016-08-18 14:44:58:772[Debug        ] ShaderProgram::AddShader() : glShaderSource() successful
2016-08-18 14:44:58:772[Debug        ] ShaderProgram::AddShader() : glCompileShader() successful
2016-08-18 14:44:58:772[Info         ] ShaderProgram::CheckShaderCompileStatus(20) successful.
2016-08-18 14:44:58:772[Debug        ] ShaderProgram::AddShader() : glCompileShader() successful
2016-08-18 14:44:58:772[Info         ] ShaderInfo saved successfully.
2016-08-18 14:44:58:772[Debug        ] ShaderProgram::AddShader() : glAttachShader() successful
2016-08-18 14:44:58:772[Info         ] ShaderProgram::AddShader [20] successful.
2016-08-18 14:44:58:773[Debug        ] File [..\Data\shaders\water.frag.shader] Opened successfully! Buffer Length:[2436]
2016-08-18 14:44:58:773[cDebug       ] Shader file [..\Data\shaders\water.frag.shader] is too big to display contents.
2016-08-18 14:44:58:774[Debug        ]  ShaderProgram::AddShader() file with data was read in
2016-08-18 14:44:58:774[Debug        ] ShaderProgram::AddShader() : glShaderSource() successful
2016-08-18 14:44:58:774[Debug        ] ShaderProgram::AddShader() : glCompileShader() successful
2016-08-18 14:44:58:774[Info         ] ShaderProgram::CheckShaderCompileStatus(21) successful.
2016-08-18 14:44:58:774[Debug        ] ShaderProgram::AddShader() : glCompileShader() successful
2016-08-18 14:44:58:774[Info         ] ShaderInfo saved successfully.
2016-08-18 14:44:58:774[Debug        ] ShaderProgram::AddShader() : glAttachShader() successful
2016-08-18 14:44:58:774[Info         ] ShaderProgram::AddShader [21] successful.
2016-08-18 14:44:58:777[Info         ] CheckProgramStatus() successful!
2016-08-18 14:44:58:777[Info         ] CheckProgramStatus() successful!
2016-08-18 14:44:58:777[Info         ] GetAttribLocation [vPosition] successful.
2016-08-18 14:44:58:777[Info         ] GetUniformLocation [colorin] successful.
2016-08-18 14:44:58:777[Info         ] GetUniformLocation [MAT] successful.
2016-08-18 14:44:58:777[cProcess     ] RenderEngine::Initialize() successful.
2016-08-18 14:44:58:778[cInfo        ] 
-----------------------------------------------------------------------
 BufferInfo::CreateBuffers()[0] Created buffers:| VERTEX [1] with [80] bytes. || INDEX [2] with [24] bytes |
-----------------------------------------------------------------------

2016-08-18 14:44:58:785[cInfo        ] --------BufferInfo::AddMesh() Added mesh successfully-------
2016-08-18 14:44:58:786[cInfo        ] 
2016-08-18 14:44:58:787[cInfo        ] --------------------| START BUFFER MESH INFO |-------------------------------------
2016-08-18 14:44:58:790[cInfo        ] BufferInfo::AddMesh(): NUM VERTS-----------------[4]
2016-08-18 14:44:58:791[cInfo        ] BufferInfo::AddMesh(): NUM INDICES---------------[6]
2016-08-18 14:44:58:792[cInfo        ] BufferInfo::AddMesh(): VERT OFFSET---------------[0]
2016-08-18 14:44:58:792[cInfo        ] BufferInfo::AddMesh(): INDICES OFFSET (BYTES)----[0]
2016-08-18 14:44:58:793[cInfo        ] --------------------|  END BUFFER MESH INFO  |--------------------------------------
2016-08-18 14:44:58:794[cInfo        ] 

2016-08-18 14:44:58:795[cInfo        ] 
-----------------------------------------------------------------------
 BufferInfo::CreateBuffers()[0] Created buffers:| VERTEX [3] with [96] bytes. || INDEX [4] with [48] bytes |
-----------------------------------------------------------------------

2016-08-18 14:44:58:802[cInfo        ] --------BufferInfo::AddMesh() Added mesh successfully-------
2016-08-18 14:44:58:803[cInfo        ] 
2016-08-18 14:44:58:804[cInfo        ] --------------------| START BUFFER MESH INFO |-------------------------------------
2016-08-18 14:44:58:806[cInfo        ] BufferInfo::AddMesh(): NUM VERTS-----------------[8]
2016-08-18 14:44:58:807[cInfo        ] BufferInfo::AddMesh(): NUM INDICES---------------[24]
2016-08-18 14:44:58:809[cInfo        ] BufferInfo::AddMesh(): VERT OFFSET---------------[0]
2016-08-18 14:44:58:811[cInfo        ] BufferInfo::AddMesh(): INDICES OFFSET (BYTES)----[0]
2016-08-18 14:44:58:812[cInfo        ] --------------------|  END BUFFER MESH INFO  |--------------------------------------
2016-08-18 14:44:58:813[cInfo        ] 

2016-08-18 14:44:58:814[cInfo        ] 
-----------------------------------------------------------------------
 BufferInfo::CreateBuffers()[0] Created buffers:| VERTEX [5] with [864] bytes. || INDEX [6] with [0] bytes |
-----------------------------------------------------------------------

2016-08-18 14:44:58:818[cInfo        ] --------BufferInfo::AddMesh() Added mesh successfully-------
2016-08-18 14:44:58:819[cInfo        ] 
2016-08-18 14:44:58:819[cInfo        ] --------------------| START BUFFER MESH INFO |-------------------------------------
2016-08-18 14:44:58:822[cInfo        ] BufferInfo::AddMesh(): NUM VERTS-----------------[36]
2016-08-18 14:44:58:823[cInfo        ] BufferInfo::AddMesh(): NUM INDICES---------------[0]
2016-08-18 14:44:58:823[cInfo        ] BufferInfo::AddMesh(): VERT OFFSET---------------[0]
2016-08-18 14:44:58:824[cInfo        ] BufferInfo::AddMesh(): INDICES OFFSET (BYTES)----[0]
2016-08-18 14:44:58:825[cInfo        ] --------------------|  END BUFFER MESH INFO  |--------------------------------------
2016-08-18 14:44:58:826[cInfo        ] 

2016-08-18 14:44:58:827[cInfo        ] 
-----------------------------------------------------------------------
 BufferInfo::CreateBuffers()[0] Created buffers:| VERTEX [7] with [144] bytes. || INDEX [8] with [0] bytes |
-----------------------------------------------------------------------

2016-08-18 14:44:58:831[cInfo        ] --------BufferInfo::AddMesh() Added mesh successfully-------
2016-08-18 14:44:58:833[cInfo        ] 
2016-08-18 14:44:58:834[cInfo        ] --------------------| START BUFFER MESH INFO |-------------------------------------
2016-08-18 14:44:58:836[cInfo        ] BufferInfo::AddMesh(): NUM VERTS-----------------[6]
2016-08-18 14:44:58:837[cInfo        ] BufferInfo::AddMesh(): NUM INDICES---------------[0]
2016-08-18 14:44:58:838[cInfo        ] BufferInfo::AddMesh(): VERT OFFSET---------------[0]
2016-08-18 14:44:58:839[cInfo        ] BufferInfo::AddMesh(): INDICES OFFSET (BYTES)----[0]
2016-08-18 14:44:58:841[cInfo        ] --------------------|  END BUFFER MESH INFO  |--------------------------------------
2016-08-18 14:44:58:842[cInfo        ] 

2016-08-18 14:44:58:843[cProcess     ] BufferManager::Initialize() successful.
2016-08-18 14:44:58:844[cInfo        ] 
-----------------------------------------------------------------------
 BufferInfo::CreateBuffers()[0] Created buffers:| VERTEX [9] with [1000000] bytes. || INDEX [10] with [1000000] bytes |
-----------------------------------------------------------------------

2016-08-18 14:44:58:847[cInfo        ] --------BufferInfo::AddMesh() Added mesh successfully-------
2016-08-18 14:44:58:848[cInfo        ] 
2016-08-18 14:44:58:849[cInfo        ] --------------------| START BUFFER MESH INFO |-------------------------------------
2016-08-18 14:44:58:852[cInfo        ] BufferInfo::AddMesh(): NUM VERTS-----------------[24]
2016-08-18 14:44:58:853[cInfo        ] BufferInfo::AddMesh(): NUM INDICES---------------[36]
2016-08-18 14:44:58:854[cInfo        ] BufferInfo::AddMesh(): VERT OFFSET---------------[0]
2016-08-18 14:44:58:855[cInfo        ] BufferInfo::AddMesh(): INDICES OFFSET (BYTES)----[0]
2016-08-18 14:44:58:856[cInfo        ] --------------------|  END BUFFER MESH INFO  |--------------------------------------
2016-08-18 14:44:58:857[cInfo        ] 

2016-08-18 14:44:58:859[cProcess     ] BufferManager::Initialize() successful.
2016-08-18 14:44:58:859[cInfo        ] 
-----------------------------------------------------------------------
 BufferInfo::CreateBuffers()[1] Created buffers:| VERTEX [11] with [1000000] bytes. || INDEX [12] with [1000000] bytes |
-----------------------------------------------------------------------

2016-08-18 14:44:58:864[cInfo        ] --------BufferInfo::AddMesh() Added mesh successfully-------
2016-08-18 14:44:58:865[cInfo        ] 
2016-08-18 14:44:58:867[cInfo        ] --------------------| START BUFFER MESH INFO |-------------------------------------
2016-08-18 14:44:58:868[cInfo        ] BufferInfo::AddMesh(): NUM VERTS-----------------[1536]
2016-08-18 14:44:58:869[cInfo        ] BufferInfo::AddMesh(): NUM INDICES---------------[3072]
2016-08-18 14:44:58:871[cInfo        ] BufferInfo::AddMesh(): VERT OFFSET---------------[0]
2016-08-18 14:44:58:872[cInfo        ] BufferInfo::AddMesh(): INDICES OFFSET (BYTES)----[0]
2016-08-18 14:44:58:873[cInfo        ] --------------------|  END BUFFER MESH INFO  |--------------------------------------
2016-08-18 14:44:58:874[cInfo        ] 

2016-08-18 14:44:58:875[cInfo        ] 
-----------------------------------------------------------------------
 BufferInfo::CreateBuffers()[0] Created buffers:| VERTEX [13] with [3936] bytes. || INDEX [14] with [0] bytes |
-----------------------------------------------------------------------

2016-08-18 14:44:58:878[cInfo        ] --------BufferInfo::AddMesh() Added mesh successfully-------
2016-08-18 14:44:58:879[cInfo        ] 
2016-08-18 14:44:58:879[cInfo        ] --------------------| START BUFFER MESH INFO |-------------------------------------
2016-08-18 14:44:58:882[cInfo        ] BufferInfo::AddMesh(): NUM VERTS-----------------[164]
2016-08-18 14:44:58:883[cInfo        ] BufferInfo::AddMesh(): NUM INDICES---------------[0]
2016-08-18 14:44:58:884[cInfo        ] BufferInfo::AddMesh(): VERT OFFSET---------------[0]
2016-08-18 14:44:58:885[cInfo        ] BufferInfo::AddMesh(): INDICES OFFSET (BYTES)----[0]
2016-08-18 14:44:58:886[cInfo        ] --------------------|  END BUFFER MESH INFO  |--------------------------------------
2016-08-18 14:44:58:887[cInfo        ] 

2016-08-18 14:44:58:888[cProcess     ] ShapeGenerator initialized successfully.
2016-08-18 14:44:58:888[cProcess     ] Camera::Initialize() successful.
2016-08-18 14:44:58:889[cProcess     ] Keyboard::Initialize() successful
2016-08-18 14:44:58:891[cProcess     ] Keyboard::Initialize() successful
2016-08-18 14:44:58:904[cInfo        ] 
-----------------------------------------------------------------------
 BufferInfo::CreateBuffers()[0] Created buffers:| VERTEX [15] with [10810368] bytes. || INDEX [16] with [0] bytes |
-----------------------------------------------------------------------

2016-08-18 14:44:58:933[cInfo        ] --------BufferInfo::AddMesh() Added mesh successfully-------
2016-08-18 14:44:58:934[cInfo        ] 
2016-08-18 14:44:58:935[cInfo        ] --------------------| START BUFFER MESH INFO |-------------------------------------
2016-08-18 14:44:58:936[cInfo        ] BufferInfo::AddMesh(): NUM VERTS-----------------[337824]
2016-08-18 14:44:58:937[cInfo        ] BufferInfo::AddMesh(): NUM INDICES---------------[0]
2016-08-18 14:44:58:937[cInfo        ] BufferInfo::AddMesh(): VERT OFFSET---------------[0]
2016-08-18 14:44:58:939[cInfo        ] BufferInfo::AddMesh(): INDICES OFFSET (BYTES)----[0]
2016-08-18 14:44:58:940[cInfo        ] --------------------|  END BUFFER MESH INFO  |--------------------------------------
2016-08-18 14:44:58:941[cInfo        ] 

2016-08-18 14:44:58:980[Info         ] ShapeGenerator::ReadSceneFile(): Added new scene [..\Data\Scenes\Dargon.ptn.scene] successfully.
2016-08-18 14:44:58:980[cInfo        ] EntityManager::BuildPlayerEntity(): Built [Dargon] successfully
2016-08-18 14:44:58:984[cProcess     ] BufferManager::Initialize() successful.
2016-08-18 14:44:58:991[cInfo        ] 
-----------------------------------------------------------------------
 BufferInfo::CreateBuffers()[2] Created buffers:| VERTEX [17] with [1000000] bytes. || INDEX [18] with [1000000] bytes |
-----------------------------------------------------------------------

2016-08-18 14:44:58:997[cInfo        ] --------BufferInfo::AddMesh() Added mesh successfully-------
2016-08-18 14:44:59:000[cInfo        ] 
2016-08-18 14:44:59:001[cInfo        ] --------------------| START BUFFER MESH INFO |-------------------------------------
2016-08-18 14:44:59:003[cInfo        ] BufferInfo::AddMesh(): NUM VERTS-----------------[36]
2016-08-18 14:44:59:004[cInfo        ] BufferInfo::AddMesh(): NUM INDICES---------------[0]
2016-08-18 14:44:59:005[cInfo        ] BufferInfo::AddMesh(): VERT OFFSET---------------[0]
2016-08-18 14:44:59:007[cInfo        ] BufferInfo::AddMesh(): INDICES OFFSET (BYTES)----[0]
2016-08-18 14:44:59:009[cInfo        ] --------------------|  END BUFFER MESH INFO  |--------------------------------------
2016-08-18 14:44:59:010[cInfo        ] 

2016-08-18 14:44:59:011[Info         ] ShapeGenerator::ReadSceneFile(): Added new scene [..\Data\Scenes\Cube.pn.scene] successfully.
2016-08-18 14:44:59:011[cInfo        ] --------BufferInfo::AddMesh() Added mesh successfully-------
2016-08-18 14:44:59:012[cInfo        ] 
2016-08-18 14:44:59:012[cInfo        ] --------------------| START BUFFER MESH INFO |-------------------------------------
2016-08-18 14:44:59:014[cInfo        ] BufferInfo::AddMesh(): NUM VERTS-----------------[18]
2016-08-18 14:44:59:015[cInfo        ] BufferInfo::AddMesh(): NUM INDICES---------------[0]
2016-08-18 14:44:59:016[cInfo        ] BufferInfo::AddMesh(): VERT OFFSET---------------[36]
2016-08-18 14:44:59:016[cInfo        ] BufferInfo::AddMesh(): INDICES OFFSET (BYTES)----[0]
2016-08-18 14:44:59:017[cInfo        ] --------------------|  END BUFFER MESH INFO  |--------------------------------------
2016-08-18 14:44:59:020[cInfo        ] 

2016-08-18 14:44:59:020[Info         ] ShapeGenerator::ReadSceneFile(): Added new scene [..\Data\Scenes\Pyramid.pn.scene] successfully.
2016-08-18 14:44:59:026[cInfo        ] 
-----------------------------------------------------------------------
 BufferInfo::CreateBuffers()[0] Created buffers:| VERTEX [19] with [5529600] bytes. || INDEX [20] with [0] bytes |
-----------------------------------------------------------------------

2016-08-18 14:44:59:042[cInfo        ] --------BufferInfo::AddMesh() Added mesh successfully-------
2016-08-18 14:44:59:044[cInfo        ] 
2016-08-18 14:44:59:045[cInfo        ] --------------------| START BUFFER MESH INFO |-------------------------------------
2016-08-18 14:44:59:046[cInfo        ] BufferInfo::AddMesh(): NUM VERTS-----------------[172800]
2016-08-18 14:44:59:049[cInfo        ] BufferInfo::AddMesh(): NUM INDICES---------------[0]
2016-08-18 14:44:59:051[cInfo        ] BufferInfo::AddMesh(): VERT OFFSET---------------[0]
2016-08-18 14:44:59:052[cInfo        ] BufferInfo::AddMesh(): INDICES OFFSET (BYTES)----[0]
2016-08-18 14:44:59:053[cInfo        ] --------------------|  END BUFFER MESH INFO  |--------------------------------------
2016-08-18 14:44:59:055[cInfo        ] 

2016-08-18 14:44:59:056[Info         ] ShapeGenerator::ReadSceneFile(): Added new scene [..\Data\Scenes\WaterPlane.ptn.scene] successfully.
2016-08-18 14:44:59:057[cProcess     ] Camera::Initialize() successful.
2016-08-18 14:44:59:069[cProcess     ] BufferManager::Initialize() successful.
2016-08-18 14:44:59:071[cInfo        ] 
-----------------------------------------------------------------------
 BufferInfo::CreateBuffers()[3] Created buffers:| VERTEX [21] with [8107776] bytes. || INDEX [22] with [0] bytes |
-----------------------------------------------------------------------

2016-08-18 14:44:59:084[cInfo        ] --------BufferInfo::AddMesh() Added mesh successfully-------
2016-08-18 14:44:59:085[cInfo        ] 
2016-08-18 14:44:59:085[cInfo        ] --------------------| START BUFFER MESH INFO |-------------------------------------
2016-08-18 14:44:59:087[cInfo        ] BufferInfo::AddMesh(): NUM VERTS-----------------[337824]
2016-08-18 14:44:59:089[cInfo        ] BufferInfo::AddMesh(): NUM INDICES---------------[0]
2016-08-18 14:44:59:092[cInfo        ] BufferInfo::AddMesh(): VERT OFFSET---------------[0]
2016-08-18 14:44:59:093[cInfo        ] BufferInfo::AddMesh(): INDICES OFFSET (BYTES)----[0]
2016-08-18 14:44:59:094[cInfo        ] --------------------|  END BUFFER MESH INFO  |--------------------------------------
2016-08-18 14:44:59:096[cInfo        ] 

2016-08-18 14:44:59:099[Info         ] ShapeGenerator::ReadSceneFile(): Added new scene [..\Data\Scenes\Dargon.pn.scene] successfully.
2016-08-18 14:44:59:099[cProcess     ] BufferManager::Initialize() successful.
2016-08-18 14:44:59:100[cInfo        ] 
-----------------------------------------------------------------------
 BufferInfo::CreateBuffers()[4] Created buffers:| VERTEX [23] with [1000000] bytes. || INDEX [24] with [1000000] bytes |
-----------------------------------------------------------------------

2016-08-18 14:44:59:105[cInfo        ] --------BufferInfo::AddMesh() Added mesh successfully-------
2016-08-18 14:44:59:106[cInfo        ] 
2016-08-18 14:44:59:106[cInfo        ] --------------------| START BUFFER MESH INFO |-------------------------------------
2016-08-18 14:44:59:108[cInfo        ] BufferInfo::AddMesh(): NUM VERTS-----------------[6]
2016-08-18 14:44:59:109[cInfo        ] BufferInfo::AddMesh(): NUM INDICES---------------[0]
2016-08-18 14:44:59:110[cInfo        ] BufferInfo::AddMesh(): VERT OFFSET---------------[0]
2016-08-18 14:44:59:111[cInfo        ] BufferInfo::AddMesh(): INDICES OFFSET (BYTES)----[0]
2016-08-18 14:44:59:112[cInfo        ] --------------------|  END BUFFER MESH INFO  |--------------------------------------
2016-08-18 14:44:59:113[cInfo        ] 

2016-08-18 14:44:59:114[cProcess     ] BodaciousQuest::Initialize() successful.
2016-08-18 14:44:59:114[Process      ] GameTime::Initialize() ok

2016-08-18 14:44:59:115[cProcess     ] MyWindow::Initialize() successful!
2016-08-18 14:45:13:140[cProcess     ] BufferManager::Shutdown() successful.
2016-08-18 14:45:13:142[cProcess     ] RenderEngine::Shutdown() successful.
2016-08-18 14:45:13:143[cProcess     ] Camera::Shutdown() successful.
2016-08-18 14:45:13:145[Info         ] Shader  [2] deleting...
2016-08-18 14:45:13:145[Info         ] Shader  [2] deleted successfully.
2016-08-18 14:45:13:145[Info         ] Shader  [3] deleting...
2016-08-18 14:45:13:145[Info         ] Shader  [3] deleted successfully.
2016-08-18 14:45:13:145[Info         ] All shaders deleted successfully.
2016-08-18 14:45:13:145[cInfo        ] Program [1] deleted successfully.
2016-08-18 14:45:13:146[Process      ] ShaderProgram[1]::Shutdown successful!
2016-08-18 14:45:13:147[Info         ] Shader  [5] deleting...
2016-08-18 14:45:13:147[Info         ] Shader  [5] deleted successfully.
2016-08-18 14:45:13:147[Info         ] Shader  [6] deleting...
2016-08-18 14:45:13:147[Info         ] Shader  [6] deleted successfully.
2016-08-18 14:45:13:147[Info         ] All shaders deleted successfully.
2016-08-18 14:45:13:147[cInfo        ] Program [4] deleted successfully.
2016-08-18 14:45:13:148[Process      ] ShaderProgram[4]::Shutdown successful!
2016-08-18 14:45:13:148[Info         ] Shader  [8] deleting...
2016-08-18 14:45:13:148[Info         ] Shader  [8] deleted successfully.
2016-08-18 14:45:13:148[Info         ] Shader  [9] deleting...
2016-08-18 14:45:13:148[Info         ] Shader  [9] deleted successfully.
2016-08-18 14:45:13:148[Info         ] All shaders deleted successfully.
2016-08-18 14:45:13:148[cInfo        ] Program [7] deleted successfully.
2016-08-18 14:45:13:151[Process      ] ShaderProgram[7]::Shutdown successful!
2016-08-18 14:45:13:151[Info         ] Shader  [11] deleting...
2016-08-18 14:45:13:151[Info         ] Shader  [11] deleted successfully.
2016-08-18 14:45:13:151[Info         ] Shader  [12] deleting...
2016-08-18 14:45:13:151[Info         ] Shader  [12] deleted successfully.
2016-08-18 14:45:13:151[Info         ] All shaders deleted successfully.
2016-08-18 14:45:13:151[cInfo        ] Program [10] deleted successfully.
2016-08-18 14:45:13:152[Process      ] ShaderProgram[10]::Shutdown successful!
2016-08-18 14:45:13:152[Info         ] Shader  [14] deleting...
2016-08-18 14:45:13:152[Info         ] Shader  [14] deleted successfully.
2016-08-18 14:45:13:152[Info         ] Shader  [15] deleting...
2016-08-18 14:45:13:152[Info         ] Shader  [15] deleted successfully.
2016-08-18 14:45:13:152[Info         ] All shaders deleted successfully.
2016-08-18 14:45:13:152[cInfo        ] Program [13] deleted successfully.
2016-08-18 14:45:13:153[Process      ] ShaderProgram[13]::Shutdown successful!
2016-08-18 14:45:13:153[Info         ] Shader  [17] deleting...
2016-08-18 14:45:13:153[Info         ] Shader  [17] deleted successfully.
2016-08-18 14:45:13:153[Info         ] Shader  [18] deleting...
2016-08-18 14:45:13:153[Info         ] Shader  [18] deleted successfully.
2016-08-18 14:45:13:153[Info         ] All shaders deleted successfully.
2016-08-18 14:45:13:153[cInfo        ] Program [16] deleted successfully.
2016-08-18 14:45:13:154[Process      ] ShaderProgram[16]::Shutdown successful!
2016-08-18 14:45:13:154[Info         ] Shader  [20] deleting...
2016-08-18 14:45:13:154[Info         ] Shader  [20] deleted successfully.
2016-08-18 14:45:13:154[Info         ] Shader  [21] deleting...
2016-08-18 14:45:13:154[Info         ] Shader  [21] deleted successfully.
2016-08-18 14:45:13:154[Info         ] All shaders deleted successfully.
2016-08-18 14:45:13:154[cInfo        ] Program [19] deleted successfully.
2016-08-18 14:45:13:155[Process      ] ShaderProgram[19]::Shutdown successful!
2016-08-18 14:45:13:155[cProcess     ] MyWindow::Shutdown() successful!
2016-08-18 14:45:13:155[cProcess     ] BodaciousQuest::Shutdown() successful.
2016-08-18 14:45:13:165[Process      ] ConfigReader shut down successfully
2016-08-18 14:45:13:165[Process      ] GameLogger::ShutDown() successful
