2016-08-18 13:51:26:629[Process      ] GameLogger::Initialize() opened log file [..\Data\LogFiles\2016-08-18 13-51-26.BodaciousQuest.log] for writing
2016-08-18 13:51:26:629[Info         ] GameLogger::Initialize() successful
2016-08-18 13:51:26:629[Process      ] ConfigReader opened [..\Data\BodaciousQuest.config] successfully
2016-08-18 13:51:26:629[Info         ] ConfigReader initialized successfully
2016-08-18 13:51:26:630[Info         ] Valid KVP [BodaciousQuest.ShowFullScreen] [false] added
2016-08-18 13:51:26:630[Info         ] Valid KVP [BodaciousQuest.FpsInterval] [5.0] added
2016-08-18 13:51:26:630[Info         ] Valid KVP [BodaciousQuest.EnableControls] [true] added
2016-08-18 13:51:26:630[Info         ] Valid KVP [BodaciousQuest.LoadCubeFirst] [true] added
2016-08-18 13:51:26:630[Info         ] Valid KVP [BodaciousQuest.CameraWalkMode] [false] added
2016-08-18 13:51:26:630[Info         ] Valid KVP [BodaciousQuest.GridSize] [40] added
2016-08-18 13:51:26:630[Info         ] Valid KVP [BodaciousQuest.LightingTest.Ambient.Color] [1.0  1.0  1.0] added
2016-08-18 13:51:26:630[Info         ] Valid KVP [BodaciousQuest.LightingTest.Diffuse.Color] [1.0  1.0  1.0] added
2016-08-18 13:51:26:630[Info         ] Valid KVP [BodaciousQuest.LightingTest.Specular.Color] [1.0  1.0  1.0] added
2016-08-18 13:51:26:630[Info         ] Valid KVP [BodaciousQuest.LightingTest.Ambient.Reflectivity] [0.01] added
2016-08-18 13:51:26:630[Info         ] Valid KVP [BodaciousQuest.LightingTest.Diffuse.Reflectivity] [0.6] added
2016-08-18 13:51:26:630[Info         ] Valid KVP [BodaciousQuest.LightingTest.Specular.Reflectivity] [0.0] added
2016-08-18 13:51:26:630[Info         ] Valid KVP [BodaciousQuest.LightingTest.Specular.Shininess] [1.0] added
2016-08-18 13:51:26:630[Info         ] Valid KVP [BodaciousQuest.LightingTest.Falloff.A] [1.0] added
2016-08-18 13:51:26:630[Info         ] Valid KVP [BodaciousQuest.LightingTest.Falloff.B] [0.01] added
2016-08-18 13:51:26:630[Info         ] Valid KVP [BodaciousQuest.LightingTest.Falloff.C] [0.1] added
2016-08-18 13:51:26:630[Info         ] Valid KVP [BodaciousQuest.LightingTest.Directional] [false] added
2016-08-18 13:51:26:630[Info         ] Valid KVP [BodaciousQuest.LightingTest.Direction] [-1.0 0.0 1.0] added
2016-08-18 13:51:26:630[Info         ] Valid KVP [BodaciousQuest.LightingTest.Light.Position] [-0.875458 3.673020 1.043331] added
2016-08-18 13:51:26:630[Info         ] Valid KVP [BodaciousQuest.LightingTest.Dargon.Color] [1.0 1.0 0.4] added
2016-08-18 13:51:26:630[Info         ] Valid KVP [ObjConverter.Mode.VertexType] [p] added
2016-08-18 13:51:26:630[Info         ] Valid KVP [ObjConverter.Mode.Analyze] [false] added
2016-08-18 13:51:26:630[Info         ] Valid KVP [ObjConverter.Model] [AIWorld] added
2016-08-18 13:51:26:630[Info         ] Valid KVP [ObjConverter.Shader] [0] added
2016-08-18 13:51:26:630[Info         ] Valid KVP [ObjConverter.Color] [random] added
2016-08-18 13:51:26:630[Info         ] Valid KVP [ObjConverter.Obj.InputFileFolder] [..\\Data\\Objs\\] added
2016-08-18 13:51:26:630[Info         ] Valid KVP [ObjConverter.Scene.OutputFileFolder] [..\\Data\\Scenes\\] added
2016-08-18 13:51:26:630[Info         ] Valid KVP [ObjConverter.Model.Dargon.NumVerts] [57967] added
2016-08-18 13:51:26:631[Info         ] Valid KVP [ObjConverter.Model.Dargon.NumIndices] [337824] added
2016-08-18 13:51:26:631[Info         ] Valid KVP [ObjConverter.Model.Dargon.NumTexCoords] [60175] added
2016-08-18 13:51:26:631[Info         ] Valid KVP [ObjConverter.Model.Dargon.NumNormals] [337824] added
2016-08-18 13:51:26:631[Info         ] Valid KVP [ObjConverter.Model.Swamp.NumVerts] [2735] added
2016-08-18 13:51:26:631[Info         ] Valid KVP [ObjConverter.Model.Swamp.NumIndices] [8556] added
2016-08-18 13:51:26:631[Info         ] Valid KVP [ObjConverter.Model.Swamp.NumTexCoords] [3622] added
2016-08-18 13:51:26:631[Info         ] Valid KVP [ObjConverter.Model.Swamp.NumNormals] [5156] added
2016-08-18 13:51:26:631[Info         ] Valid KVP [ObjConverter.Model.Pyramid.NumVerts] [5] added
2016-08-18 13:51:26:631[Info         ] Valid KVP [ObjConverter.Model.Pyramid.NumIndices] [18] added
2016-08-18 13:51:26:631[Info         ] Valid KVP [ObjConverter.Model.Pyramid.NumTexCoords] [10] added
2016-08-18 13:51:26:631[Info         ] Valid KVP [ObjConverter.Model.Pyramid.NumNormals] [16] added
2016-08-18 13:51:26:631[Info         ] Valid KVP [ObjConverter.Model.AIWorld.NumVerts] [1957] added
2016-08-18 13:51:26:631[Info         ] Valid KVP [ObjConverter.Model.AIWorld.NumIndices] [8718] added
2016-08-18 13:51:26:631[Info         ] Valid KVP [ObjConverter.Model.AIWorld.NumTexCoords] [4186] added
2016-08-18 13:51:26:631[Info         ] Valid KVP [ObjConverter.Model.AIWorld.NumNormals] [5418] added
2016-08-18 13:51:26:631[Info         ] Valid KVP [ObjConverter.Model.GameWeapon.NumVerts] [2068] added
2016-08-18 13:51:26:631[Info         ] Valid KVP [ObjConverter.Model.GameWeapon.NumIndices] [9894] added
2016-08-18 13:51:26:631[Info         ] Valid KVP [ObjConverter.Model.GameWeapon.NumTexCoords] [0] added
2016-08-18 13:51:26:631[Info         ] Valid KVP [ObjConverter.Model.GameWeapon.NumNormals] [0] added
2016-08-18 13:51:26:631[Info         ] Valid KVP [ObjConverter.Model.Chicken.NumVerts] [224] added
2016-08-18 13:51:26:631[Info         ] Valid KVP [ObjConverter.Model.Chicken.NumIndices] [1374] added
2016-08-18 13:51:26:631[Info         ] Valid KVP [ObjConverter.Model.Chicken.NumTexCoords] [472] added
2016-08-18 13:51:26:631[Info         ] Valid KVP [ObjConverter.Model.Chicken.NumNormals] [565] added
2016-08-18 13:51:26:631[Info         ] Valid KVP [ObjConverter.Model.WaterPlane.NumVerts] [29282] added
2016-08-18 13:51:26:631[Info         ] Valid KVP [ObjConverter.Model.WaterPlane.NumIndices] [172800] added
2016-08-18 13:51:26:631[Info         ] Valid KVP [ObjConverter.Model.WaterPlane.NumTexCoords] [29282] added
2016-08-18 13:51:26:631[Info         ] Valid KVP [ObjConverter.Model.WaterPlane.NumNormals] [172800] added
2016-08-18 13:51:26:631[Info         ] Valid KVP [ObjConverter.Model.Cube.NumVerts] [8] added
2016-08-18 13:51:26:631[Info         ] Valid KVP [ObjConverter.Model.Cube.NumIndices] [36] added
2016-08-18 13:51:26:631[Info         ] Valid KVP [ObjConverter.Model.Cube.NumTexCoords] [14] added
2016-08-18 13:51:26:631[Info         ] Valid KVP [ObjConverter.Model.Cube.NumNormals] [24] added
2016-08-18 13:51:26:631[Info         ] Valid KVP [ObjConverter.Model.Barrel.NumVerts] [172] added
2016-08-18 13:51:26:631[Info         ] Valid KVP [ObjConverter.Model.Barrel.NumIndices] [1008] added
2016-08-18 13:51:26:631[Info         ] Valid KVP [ObjConverter.Model.Barrel.NumTexCoords] [328] added
2016-08-18 13:51:26:631[Info         ] Valid KVP [ObjConverter.Model.Barrel.NumNormals] [204] added
2016-08-18 13:51:26:631[Info         ] Valid KVP [ObjConverter.Model.SkyBox.NumVerts] [8] added
2016-08-18 13:51:26:631[Info         ] Valid KVP [ObjConverter.Model.SkyBox.NumIndices] [36] added
2016-08-18 13:51:26:631[Info         ] Valid KVP [ObjConverter.Model.SkyBox.NumTexCoords] [18] added
2016-08-18 13:51:26:631[Info         ] Valid KVP [ObjConverter.Model.SkyBox.NumNormals] [24] added
2016-08-18 13:51:26:696[cInfo        ] Config reader opened [..\Data\BodaciousQuest.config] for reading!
2016-08-18 13:51:26:753[Process      ] ShaderManager Initialized successfully
2016-08-18 13:51:26:753[Info         ] Shader Init started
2016-08-18 13:51:26:753[Info         ] Shader Program created.
2016-08-18 13:51:26:753[Process      ] ShaderProgram::Initialize()[1] successful!
2016-08-18 13:51:26:753[Debug        ] File [..\Data\shaders\debug.vert.shader] Opened successfully! Buffer Length:[291]
2016-08-18 13:51:26:753[Debug        ] Shader file [..\Data\shaders\debug.vert.shader] contents:
//BEGIN
#version 430 core

layout(location = 0)  in vec3 vPosition;

layout(location = 15) uniform vec3 colorin;
layout(location = 16) uniform mat4 MAT;

out vec4 color;

void main()
{
	vec4 vertPos = vec4(vPosition, 1.0);
	gl_Position = MAT *  vertPos;
	color = vec4(colorin, 1.0);
}
//END

2016-08-18 13:51:26:753[Debug        ]  ShaderProgram::AddShader() file with data was read in
2016-08-18 13:51:26:753[Debug        ] ShaderProgram::AddShader() : glShaderSource() successful
2016-08-18 13:51:26:753[Debug        ] ShaderProgram::AddShader() : glCompileShader() successful
2016-08-18 13:51:26:754[Info         ] ShaderProgram::CheckShaderCompileStatus(2) successful.
2016-08-18 13:51:26:754[Debug        ] ShaderProgram::AddShader() : glCompileShader() successful
2016-08-18 13:51:26:754[Info         ] ShaderInfo saved successfully.
2016-08-18 13:51:26:754[Debug        ] ShaderProgram::AddShader() : glAttachShader() successful
2016-08-18 13:51:26:754[Info         ] ShaderProgram::AddShader [2] successful.
2016-08-18 13:51:26:754[Debug        ] File [..\Data\shaders\debug.frag.shader] Opened successfully! Buffer Length:[104]
2016-08-18 13:51:26:754[Debug        ] Shader file [..\Data\shaders\debug.frag.shader] contents:
//BEGIN
#version 430 core


in  vec4 color;
out vec4 outColor;

void main()
{
	outColor = color;
}


//END

2016-08-18 13:51:26:754[Debug        ]  ShaderProgram::AddShader() file with data was read in
2016-08-18 13:51:26:754[Debug        ] ShaderProgram::AddShader() : glShaderSource() successful
2016-08-18 13:51:26:754[Debug        ] ShaderProgram::AddShader() : glCompileShader() successful
2016-08-18 13:51:26:754[Info         ] ShaderProgram::CheckShaderCompileStatus(3) successful.
2016-08-18 13:51:26:754[Debug        ] ShaderProgram::AddShader() : glCompileShader() successful
2016-08-18 13:51:26:754[Info         ] ShaderInfo saved successfully.
2016-08-18 13:51:26:754[Debug        ] ShaderProgram::AddShader() : glAttachShader() successful
2016-08-18 13:51:26:754[Info         ] ShaderProgram::AddShader [3] successful.
2016-08-18 13:51:26:755[Info         ] CheckProgramStatus() successful!
2016-08-18 13:51:26:755[Info         ] CheckProgramStatus() successful!
2016-08-18 13:51:26:755[Info         ] Shader Init started
2016-08-18 13:51:26:755[Info         ] Shader Program created.
2016-08-18 13:51:26:755[Process      ] ShaderProgram::Initialize()[4] successful!
2016-08-18 13:51:26:755[Debug        ] File [..\Data\shaders\play.vert.shader] Opened successfully! Buffer Length:[343]
2016-08-18 13:51:26:755[Debug        ] Shader file [..\Data\shaders\play.vert.shader] contents:
//BEGIN
#version 430 core

layout (location = 0)  in vec3 vPosition;
layout (location = 1)  in vec3 vColor;
layout (location = 15) uniform vec3 colorin;
layout (location = 16) uniform mat4 MAT;

out vec4 color;

void main()
{
	vec4 vertPos = vec4(vPosition, 1.0);
	gl_Position = MAT *  vertPos;
	color = vec4((vColor + colorin), 1.0);
}
//END

2016-08-18 13:51:26:755[Debug        ]  ShaderProgram::AddShader() file with data was read in
2016-08-18 13:51:26:755[Debug        ] ShaderProgram::AddShader() : glShaderSource() successful
2016-08-18 13:51:26:756[Debug        ] ShaderProgram::AddShader() : glCompileShader() successful
2016-08-18 13:51:26:756[Info         ] ShaderProgram::CheckShaderCompileStatus(5) successful.
2016-08-18 13:51:26:756[Debug        ] ShaderProgram::AddShader() : glCompileShader() successful
2016-08-18 13:51:26:756[Info         ] ShaderInfo saved successfully.
2016-08-18 13:51:26:756[Debug        ] ShaderProgram::AddShader() : glAttachShader() successful
2016-08-18 13:51:26:756[Info         ] ShaderProgram::AddShader [5] successful.
2016-08-18 13:51:26:756[Debug        ] File [..\Data\shaders\play.frag.shader] Opened successfully! Buffer Length:[391]
2016-08-18 13:51:26:756[Debug        ] Shader file [..\Data\shaders\play.frag.shader] contents:
//BEGIN
#version 430 core


in  vec4 color;
out vec4 outColor;

void main()
{

	//if (color.r < .7) discard;
	outColor = color;

	//if(((gl_FragCoord.x  > 600)&& (gl_FragCoord.y < 300)) || ((gl_FragCoord.y < 300)  && (gl_FragCoord.x  < 600) )) {
	//discard;
	//}

	//vec2 scrPos = vec2(gl_FragCoord) - vec2(350,150);
	//float len =  length(scrPos);
	//if(len < 50 )discard;
}


//END

2016-08-18 13:51:26:756[Debug        ]  ShaderProgram::AddShader() file with data was read in
2016-08-18 13:51:26:756[Debug        ] ShaderProgram::AddShader() : glShaderSource() successful
2016-08-18 13:51:26:756[Debug        ] ShaderProgram::AddShader() : glCompileShader() successful
2016-08-18 13:51:26:756[Info         ] ShaderProgram::CheckShaderCompileStatus(6) successful.
2016-08-18 13:51:26:756[Debug        ] ShaderProgram::AddShader() : glCompileShader() successful
2016-08-18 13:51:26:756[Info         ] ShaderInfo saved successfully.
2016-08-18 13:51:26:756[Debug        ] ShaderProgram::AddShader() : glAttachShader() successful
2016-08-18 13:51:26:756[Info         ] ShaderProgram::AddShader [6] successful.
2016-08-18 13:51:26:757[Info         ] CheckProgramStatus() successful!
2016-08-18 13:51:26:757[Info         ] CheckProgramStatus() successful!
2016-08-18 13:51:26:757[Info         ] Shader Init started
2016-08-18 13:51:26:757[Info         ] Shader Program created.
2016-08-18 13:51:26:757[Process      ] ShaderProgram::Initialize()[7] successful!
2016-08-18 13:51:26:757[Debug        ] File [..\Data\shaders\texture.vert.shader] Opened successfully! Buffer Length:[305]
2016-08-18 13:51:26:757[Debug        ] Shader file [..\Data\shaders\texture.vert.shader] contents:
//BEGIN
#version 430 core

layout (location = 0)  in vec3 vPosition;
layout (location = 1)  in vec2 vUV;

layout (location = 16) uniform mat4 MAT;

//out data
out vec2 UV;

//out vec4 color;

void main()
{
	vec4 vertPos = vec4(vPosition, 1.0);
	gl_Position = MAT *  vertPos;

	UV = vUV;
	
	
}
//END

2016-08-18 13:51:26:757[Debug        ]  ShaderProgram::AddShader() file with data was read in
2016-08-18 13:51:26:757[Debug        ] ShaderProgram::AddShader() : glShaderSource() successful
2016-08-18 13:51:26:757[Debug        ] ShaderProgram::AddShader() : glCompileShader() successful
2016-08-18 13:51:26:757[Info         ] ShaderProgram::CheckShaderCompileStatus(8) successful.
2016-08-18 13:51:26:757[Debug        ] ShaderProgram::AddShader() : glCompileShader() successful
2016-08-18 13:51:26:757[Info         ] ShaderInfo saved successfully.
2016-08-18 13:51:26:757[Debug        ] ShaderProgram::AddShader() : glAttachShader() successful
2016-08-18 13:51:26:757[Info         ] ShaderProgram::AddShader [8] successful.
2016-08-18 13:51:26:757[Debug        ] File [..\Data\shaders\texture.frag.shader] Opened successfully! Buffer Length:[482]
2016-08-18 13:51:26:757[Debug        ] Shader file [..\Data\shaders\texture.frag.shader] contents:
//BEGIN
#version 430 core


in  vec2 UV;
out vec4 outColor;

layout(location = 20) uniform sampler2D textureSampler;

void main()
{

	//if (color.r < .7) discard;
	outColor = vec4(texture(textureSampler, UV).rgb, 1.0);

	//if(((gl_FragCoord.x  > 600)&& (gl_FragCoord.y < 300)) || ((gl_FragCoord.y < 300)  && (gl_FragCoord.x  < 600) )) {
	//discard;
	//}
	//vec2 scrPos = vec2(gl_FragCoord) - vec2(350,150);
	//float len =  length(scrPos);
	//if(len < 50 )discard;
}


//END

2016-08-18 13:51:26:758[Debug        ]  ShaderProgram::AddShader() file with data was read in
2016-08-18 13:51:26:758[Debug        ] ShaderProgram::AddShader() : glShaderSource() successful
2016-08-18 13:51:26:758[Debug        ] ShaderProgram::AddShader() : glCompileShader() successful
2016-08-18 13:51:26:758[Info         ] ShaderProgram::CheckShaderCompileStatus(9) successful.
2016-08-18 13:51:26:758[Debug        ] ShaderProgram::AddShader() : glCompileShader() successful
2016-08-18 13:51:26:758[Info         ] ShaderInfo saved successfully.
2016-08-18 13:51:26:758[Debug        ] ShaderProgram::AddShader() : glAttachShader() successful
2016-08-18 13:51:26:758[Info         ] ShaderProgram::AddShader [9] successful.
2016-08-18 13:51:26:759[Info         ] CheckProgramStatus() successful!
2016-08-18 13:51:26:759[Info         ] CheckProgramStatus() successful!
2016-08-18 13:51:26:759[Info         ] Shader Init started
2016-08-18 13:51:26:759[Info         ] Shader Program created.
2016-08-18 13:51:26:759[Process      ] ShaderProgram::Initialize()[10] successful!
2016-08-18 13:51:26:759[Debug        ] File [..\Data\shaders\framebuffer.vert.shader] Opened successfully! Buffer Length:[305]
2016-08-18 13:51:26:759[Debug        ] Shader file [..\Data\shaders\framebuffer.vert.shader] contents:
//BEGIN
#version 430 core

layout (location = 0)  in vec3 vPosition;
layout (location = 1)  in vec2 vUV;

layout (location = 16) uniform mat4 MAT;

//out data
out vec2 UV;

//out vec4 color;

void main()
{
	vec4 vertPos = vec4(vPosition, 1.0);
	gl_Position = MAT *  vertPos;

	UV = vUV;
	
	
}
//END

2016-08-18 13:51:26:759[Debug        ]  ShaderProgram::AddShader() file with data was read in
2016-08-18 13:51:26:759[Debug        ] ShaderProgram::AddShader() : glShaderSource() successful
2016-08-18 13:51:26:759[Debug        ] ShaderProgram::AddShader() : glCompileShader() successful
2016-08-18 13:51:26:759[Info         ] ShaderProgram::CheckShaderCompileStatus(11) successful.
2016-08-18 13:51:26:759[Debug        ] ShaderProgram::AddShader() : glCompileShader() successful
2016-08-18 13:51:26:759[Info         ] ShaderInfo saved successfully.
2016-08-18 13:51:26:759[Debug        ] ShaderProgram::AddShader() : glAttachShader() successful
2016-08-18 13:51:26:759[Info         ] ShaderProgram::AddShader [11] successful.
2016-08-18 13:51:26:759[Debug        ] File [..\Data\shaders\framebuffer.frag.shader] Opened successfully! Buffer Length:[275]
2016-08-18 13:51:26:759[Debug        ] Shader file [..\Data\shaders\framebuffer.frag.shader] contents:
//BEGIN
#version 430 core


in  vec2 UV;
out vec4 outColor;

layout(location = 20) uniform sampler2D textureSampler;

void main()
{


	vec3 tempCol = texture(textureSampler, UV).rgb;

	outColor = vec4(tempCol.r / 1.5f, tempCol.g / 1.5f, tempCol.b / 1.5f, 1.0f);
}


//END

2016-08-18 13:51:26:759[Debug        ]  ShaderProgram::AddShader() file with data was read in
2016-08-18 13:51:26:760[Debug        ] ShaderProgram::AddShader() : glShaderSource() successful
2016-08-18 13:51:26:760[Debug        ] ShaderProgram::AddShader() : glCompileShader() successful
2016-08-18 13:51:26:760[Info         ] ShaderProgram::CheckShaderCompileStatus(12) successful.
2016-08-18 13:51:26:760[Debug        ] ShaderProgram::AddShader() : glCompileShader() successful
2016-08-18 13:51:26:760[Info         ] ShaderInfo saved successfully.
2016-08-18 13:51:26:760[Debug        ] ShaderProgram::AddShader() : glAttachShader() successful
2016-08-18 13:51:26:760[Info         ] ShaderProgram::AddShader [12] successful.
2016-08-18 13:51:26:761[Info         ] CheckProgramStatus() successful!
2016-08-18 13:51:26:761[Info         ] CheckProgramStatus() successful!
2016-08-18 13:51:26:761[Info         ] Shader Init started
2016-08-18 13:51:26:761[Info         ] Shader Program created.
2016-08-18 13:51:26:761[Process      ] ShaderProgram::Initialize()[13] successful!
2016-08-18 13:51:26:761[Debug        ] File [..\Data\shaders\lighting.vert.shader] Opened successfully! Buffer Length:[1121]
2016-08-18 13:51:26:762[cDebug       ] Shader file [..\Data\shaders\lighting.vert.shader] is too big to display contents.
2016-08-18 13:51:26:764[Debug        ]  ShaderProgram::AddShader() file with data was read in
2016-08-18 13:51:26:764[Debug        ] ShaderProgram::AddShader() : glShaderSource() successful
2016-08-18 13:51:26:764[Debug        ] ShaderProgram::AddShader() : glCompileShader() successful
2016-08-18 13:51:26:764[Info         ] ShaderProgram::CheckShaderCompileStatus(14) successful.
2016-08-18 13:51:26:764[Debug        ] ShaderProgram::AddShader() : glCompileShader() successful
2016-08-18 13:51:26:764[Info         ] ShaderInfo saved successfully.
2016-08-18 13:51:26:764[Debug        ] ShaderProgram::AddShader() : glAttachShader() successful
2016-08-18 13:51:26:764[Info         ] ShaderProgram::AddShader [14] successful.
2016-08-18 13:51:26:764[Debug        ] File [..\Data\shaders\lighting.frag.shader] Opened successfully! Buffer Length:[1744]
2016-08-18 13:51:26:764[cDebug       ] Shader file [..\Data\shaders\lighting.frag.shader] is too big to display contents.
2016-08-18 13:51:26:766[Debug        ]  ShaderProgram::AddShader() file with data was read in
2016-08-18 13:51:26:766[Debug        ] ShaderProgram::AddShader() : glShaderSource() successful
2016-08-18 13:51:26:767[Debug        ] ShaderProgram::AddShader() : glCompileShader() successful
2016-08-18 13:51:26:767[Info         ] ShaderProgram::CheckShaderCompileStatus(15) successful.
2016-08-18 13:51:26:767[Debug        ] ShaderProgram::AddShader() : glCompileShader() successful
2016-08-18 13:51:26:767[Info         ] ShaderInfo saved successfully.
2016-08-18 13:51:26:767[Debug        ] ShaderProgram::AddShader() : glAttachShader() successful
2016-08-18 13:51:26:767[Info         ] ShaderProgram::AddShader [15] successful.
2016-08-18 13:51:26:770[Info         ] CheckProgramStatus() successful!
2016-08-18 13:51:26:770[Info         ] CheckProgramStatus() successful!
2016-08-18 13:51:26:770[Info         ] Shader Init started
2016-08-18 13:51:26:770[Info         ] Shader Program created.
2016-08-18 13:51:26:770[Process      ] ShaderProgram::Initialize()[16] successful!
2016-08-18 13:51:26:770[Debug        ] File [..\Data\shaders\texlighting.vert.shader] Opened successfully! Buffer Length:[1110]
2016-08-18 13:51:26:770[cDebug       ] Shader file [..\Data\shaders\texlighting.vert.shader] is too big to display contents.
2016-08-18 13:51:26:773[Debug        ]  ShaderProgram::AddShader() file with data was read in
2016-08-18 13:51:26:773[Debug        ] ShaderProgram::AddShader() : glShaderSource() successful
2016-08-18 13:51:26:773[Debug        ] ShaderProgram::AddShader() : glCompileShader() successful
2016-08-18 13:51:26:773[Info         ] ShaderProgram::CheckShaderCompileStatus(17) successful.
2016-08-18 13:51:26:773[Debug        ] ShaderProgram::AddShader() : glCompileShader() successful
2016-08-18 13:51:26:773[Info         ] ShaderInfo saved successfully.
2016-08-18 13:51:26:773[Debug        ] ShaderProgram::AddShader() : glAttachShader() successful
2016-08-18 13:51:26:773[Info         ] ShaderProgram::AddShader [17] successful.
2016-08-18 13:51:26:773[Debug        ] File [..\Data\shaders\texlighting.frag.shader] Opened successfully! Buffer Length:[1717]
2016-08-18 13:51:26:773[cDebug       ] Shader file [..\Data\shaders\texlighting.frag.shader] is too big to display contents.
2016-08-18 13:51:26:775[Debug        ]  ShaderProgram::AddShader() file with data was read in
2016-08-18 13:51:26:775[Debug        ] ShaderProgram::AddShader() : glShaderSource() successful
2016-08-18 13:51:26:775[Debug        ] ShaderProgram::AddShader() : glCompileShader() successful
2016-08-18 13:51:26:776[Info         ] ShaderProgram::CheckShaderCompileStatus(18) successful.
2016-08-18 13:51:26:776[Debug        ] ShaderProgram::AddShader() : glCompileShader() successful
2016-08-18 13:51:26:776[Info         ] ShaderInfo saved successfully.
2016-08-18 13:51:26:776[Debug        ] ShaderProgram::AddShader() : glAttachShader() successful
2016-08-18 13:51:26:776[Info         ] ShaderProgram::AddShader [18] successful.
2016-08-18 13:51:26:779[Info         ] CheckProgramStatus() successful!
2016-08-18 13:51:26:779[Info         ] CheckProgramStatus() successful!
2016-08-18 13:51:26:779[Info         ] Shader Init started
2016-08-18 13:51:26:779[Info         ] Shader Program created.
2016-08-18 13:51:26:779[Process      ] ShaderProgram::Initialize()[19] successful!
2016-08-18 13:51:26:779[Debug        ] File [..\Data\shaders\water.vert.shader] Opened successfully! Buffer Length:[1400]
2016-08-18 13:51:26:780[cDebug       ] Shader file [..\Data\shaders\water.vert.shader] is too big to display contents.
2016-08-18 13:51:26:782[Debug        ]  ShaderProgram::AddShader() file with data was read in
2016-08-18 13:51:26:782[Debug        ] ShaderProgram::AddShader() : glShaderSource() successful
2016-08-18 13:51:26:782[Debug        ] ShaderProgram::AddShader() : glCompileShader() successful
2016-08-18 13:51:26:782[Info         ] ShaderProgram::CheckShaderCompileStatus(20) successful.
2016-08-18 13:51:26:783[Debug        ] ShaderProgram::AddShader() : glCompileShader() successful
2016-08-18 13:51:26:783[Info         ] ShaderInfo saved successfully.
2016-08-18 13:51:26:783[Debug        ] ShaderProgram::AddShader() : glAttachShader() successful
2016-08-18 13:51:26:783[Info         ] ShaderProgram::AddShader [20] successful.
2016-08-18 13:51:26:783[Debug        ] File [..\Data\shaders\water.frag.shader] Opened successfully! Buffer Length:[2436]
2016-08-18 13:51:26:783[cDebug       ] Shader file [..\Data\shaders\water.frag.shader] is too big to display contents.
2016-08-18 13:51:26:785[Debug        ]  ShaderProgram::AddShader() file with data was read in
2016-08-18 13:51:26:785[Debug        ] ShaderProgram::AddShader() : glShaderSource() successful
2016-08-18 13:51:26:785[Debug        ] ShaderProgram::AddShader() : glCompileShader() successful
2016-08-18 13:51:26:785[Info         ] ShaderProgram::CheckShaderCompileStatus(21) successful.
2016-08-18 13:51:26:785[Debug        ] ShaderProgram::AddShader() : glCompileShader() successful
2016-08-18 13:51:26:785[Info         ] ShaderInfo saved successfully.
2016-08-18 13:51:26:785[Debug        ] ShaderProgram::AddShader() : glAttachShader() successful
2016-08-18 13:51:26:785[Info         ] ShaderProgram::AddShader [21] successful.
2016-08-18 13:51:26:788[Info         ] CheckProgramStatus() successful!
2016-08-18 13:51:26:788[Info         ] CheckProgramStatus() successful!
2016-08-18 13:51:26:788[Info         ] GetAttribLocation [vPosition] successful.
2016-08-18 13:51:26:788[Info         ] GetUniformLocation [colorin] successful.
2016-08-18 13:51:26:788[Info         ] GetUniformLocation [MAT] successful.
2016-08-18 13:51:26:788[cProcess     ] RenderEngine::Initialize() successful.
2016-08-18 13:51:26:789[cInfo        ] 
-----------------------------------------------------------------------
 BufferInfo::CreateBuffers()[0] Created buffers:| VERTEX [1] with [80] bytes. || INDEX [2] with [24] bytes |
-----------------------------------------------------------------------

2016-08-18 13:51:26:798[cInfo        ] --------BufferInfo::AddMesh() Added mesh successfully-------
2016-08-18 13:51:26:799[cInfo        ] 
2016-08-18 13:51:26:801[cInfo        ] --------------------| START BUFFER MESH INFO |-------------------------------------
2016-08-18 13:51:26:803[cInfo        ] BufferInfo::AddMesh(): NUM VERTS-----------------[4]
2016-08-18 13:51:26:804[cInfo        ] BufferInfo::AddMesh(): NUM INDICES---------------[6]
2016-08-18 13:51:26:805[cInfo        ] BufferInfo::AddMesh(): VERT OFFSET---------------[0]
2016-08-18 13:51:26:807[cInfo        ] BufferInfo::AddMesh(): INDICES OFFSET (BYTES)----[0]
2016-08-18 13:51:26:808[cInfo        ] --------------------|  END BUFFER MESH INFO  |--------------------------------------
2016-08-18 13:51:26:811[cInfo        ] 

2016-08-18 13:51:26:813[cInfo        ] 
-----------------------------------------------------------------------
 BufferInfo::CreateBuffers()[0] Created buffers:| VERTEX [3] with [96] bytes. || INDEX [4] with [48] bytes |
-----------------------------------------------------------------------

2016-08-18 13:51:26:819[cInfo        ] --------BufferInfo::AddMesh() Added mesh successfully-------
2016-08-18 13:51:26:821[cInfo        ] 
2016-08-18 13:51:26:822[cInfo        ] --------------------| START BUFFER MESH INFO |-------------------------------------
2016-08-18 13:51:26:823[cInfo        ] BufferInfo::AddMesh(): NUM VERTS-----------------[8]
2016-08-18 13:51:26:824[cInfo        ] BufferInfo::AddMesh(): NUM INDICES---------------[24]
2016-08-18 13:51:26:825[cInfo        ] BufferInfo::AddMesh(): VERT OFFSET---------------[0]
2016-08-18 13:51:26:825[cInfo        ] BufferInfo::AddMesh(): INDICES OFFSET (BYTES)----[0]
2016-08-18 13:51:26:826[cInfo        ] --------------------|  END BUFFER MESH INFO  |--------------------------------------
2016-08-18 13:51:26:828[cInfo        ] 

2016-08-18 13:51:26:829[cInfo        ] 
-----------------------------------------------------------------------
 BufferInfo::CreateBuffers()[0] Created buffers:| VERTEX [5] with [864] bytes. || INDEX [6] with [0] bytes |
-----------------------------------------------------------------------

2016-08-18 13:51:26:834[cInfo        ] --------BufferInfo::AddMesh() Added mesh successfully-------
2016-08-18 13:51:26:835[cInfo        ] 
2016-08-18 13:51:26:835[cInfo        ] --------------------| START BUFFER MESH INFO |-------------------------------------
2016-08-18 13:51:26:837[cInfo        ] BufferInfo::AddMesh(): NUM VERTS-----------------[36]
2016-08-18 13:51:26:837[cInfo        ] BufferInfo::AddMesh(): NUM INDICES---------------[0]
2016-08-18 13:51:26:838[cInfo        ] BufferInfo::AddMesh(): VERT OFFSET---------------[0]
2016-08-18 13:51:26:839[cInfo        ] BufferInfo::AddMesh(): INDICES OFFSET (BYTES)----[0]
2016-08-18 13:51:26:841[cInfo        ] --------------------|  END BUFFER MESH INFO  |--------------------------------------
2016-08-18 13:51:26:842[cInfo        ] 

2016-08-18 13:51:26:843[cInfo        ] 
-----------------------------------------------------------------------
 BufferInfo::CreateBuffers()[0] Created buffers:| VERTEX [7] with [144] bytes. || INDEX [8] with [0] bytes |
-----------------------------------------------------------------------

2016-08-18 13:51:26:851[cInfo        ] --------BufferInfo::AddMesh() Added mesh successfully-------
2016-08-18 13:51:26:852[cInfo        ] 
2016-08-18 13:51:26:853[cInfo        ] --------------------| START BUFFER MESH INFO |-------------------------------------
2016-08-18 13:51:26:854[cInfo        ] BufferInfo::AddMesh(): NUM VERTS-----------------[6]
2016-08-18 13:51:26:855[cInfo        ] BufferInfo::AddMesh(): NUM INDICES---------------[0]
2016-08-18 13:51:26:856[cInfo        ] BufferInfo::AddMesh(): VERT OFFSET---------------[0]
2016-08-18 13:51:26:857[cInfo        ] BufferInfo::AddMesh(): INDICES OFFSET (BYTES)----[0]
2016-08-18 13:51:26:858[cInfo        ] --------------------|  END BUFFER MESH INFO  |--------------------------------------
2016-08-18 13:51:26:859[cInfo        ] 

2016-08-18 13:51:26:863[cProcess     ] BufferManager::Initialize() successful.
2016-08-18 13:51:26:864[cInfo        ] 
-----------------------------------------------------------------------
 BufferInfo::CreateBuffers()[0] Created buffers:| VERTEX [9] with [1000000] bytes. || INDEX [10] with [1000000] bytes |
-----------------------------------------------------------------------

2016-08-18 13:51:26:867[cInfo        ] --------BufferInfo::AddMesh() Added mesh successfully-------
2016-08-18 13:51:26:869[cInfo        ] 
2016-08-18 13:51:26:869[cInfo        ] --------------------| START BUFFER MESH INFO |-------------------------------------
2016-08-18 13:51:26:870[cInfo        ] BufferInfo::AddMesh(): NUM VERTS-----------------[24]
2016-08-18 13:51:26:872[cInfo        ] BufferInfo::AddMesh(): NUM INDICES---------------[36]
2016-08-18 13:51:26:873[cInfo        ] BufferInfo::AddMesh(): VERT OFFSET---------------[0]
2016-08-18 13:51:26:874[cInfo        ] BufferInfo::AddMesh(): INDICES OFFSET (BYTES)----[0]
2016-08-18 13:51:26:875[cInfo        ] --------------------|  END BUFFER MESH INFO  |--------------------------------------
2016-08-18 13:51:26:876[cInfo        ] 

2016-08-18 13:51:26:880[cProcess     ] BufferManager::Initialize() successful.
2016-08-18 13:51:26:882[cInfo        ] 
-----------------------------------------------------------------------
 BufferInfo::CreateBuffers()[1] Created buffers:| VERTEX [11] with [1000000] bytes. || INDEX [12] with [1000000] bytes |
-----------------------------------------------------------------------

2016-08-18 13:51:26:886[cInfo        ] --------BufferInfo::AddMesh() Added mesh successfully-------
2016-08-18 13:51:26:887[cInfo        ] 
2016-08-18 13:51:26:887[cInfo        ] --------------------| START BUFFER MESH INFO |-------------------------------------
2016-08-18 13:51:26:888[cInfo        ] BufferInfo::AddMesh(): NUM VERTS-----------------[1536]
2016-08-18 13:51:26:889[cInfo        ] BufferInfo::AddMesh(): NUM INDICES---------------[3072]
2016-08-18 13:51:26:890[cInfo        ] BufferInfo::AddMesh(): VERT OFFSET---------------[0]
2016-08-18 13:51:26:892[cInfo        ] BufferInfo::AddMesh(): INDICES OFFSET (BYTES)----[0]
2016-08-18 13:51:26:893[cInfo        ] --------------------|  END BUFFER MESH INFO  |--------------------------------------
2016-08-18 13:51:26:894[cInfo        ] 

2016-08-18 13:51:26:896[cInfo        ] 
-----------------------------------------------------------------------
 BufferInfo::CreateBuffers()[0] Created buffers:| VERTEX [13] with [3936] bytes. || INDEX [14] with [0] bytes |
-----------------------------------------------------------------------

2016-08-18 13:51:26:899[cInfo        ] --------BufferInfo::AddMesh() Added mesh successfully-------
2016-08-18 13:51:26:900[cInfo        ] 
2016-08-18 13:51:26:902[cInfo        ] --------------------| START BUFFER MESH INFO |-------------------------------------
2016-08-18 13:51:26:903[cInfo        ] BufferInfo::AddMesh(): NUM VERTS-----------------[164]
2016-08-18 13:51:26:904[cInfo        ] BufferInfo::AddMesh(): NUM INDICES---------------[0]
2016-08-18 13:51:26:905[cInfo        ] BufferInfo::AddMesh(): VERT OFFSET---------------[0]
2016-08-18 13:51:26:905[cInfo        ] BufferInfo::AddMesh(): INDICES OFFSET (BYTES)----[0]
2016-08-18 13:51:26:906[cInfo        ] --------------------|  END BUFFER MESH INFO  |--------------------------------------
2016-08-18 13:51:26:907[cInfo        ] 

2016-08-18 13:51:26:908[cProcess     ] ShapeGenerator initialized successfully.
2016-08-18 13:51:26:909[cProcess     ] Camera::Initialize() successful.
2016-08-18 13:51:26:909[cProcess     ] Keyboard::Initialize() successful
2016-08-18 13:51:26:910[cProcess     ] Keyboard::Initialize() successful
2016-08-18 13:51:26:925[cInfo        ] 
-----------------------------------------------------------------------
 BufferInfo::CreateBuffers()[0] Created buffers:| VERTEX [15] with [10810368] bytes. || INDEX [16] with [0] bytes |
-----------------------------------------------------------------------

2016-08-18 13:51:26:953[cInfo        ] --------BufferInfo::AddMesh() Added mesh successfully-------
2016-08-18 13:51:26:954[cInfo        ] 
2016-08-18 13:51:26:955[cInfo        ] --------------------| START BUFFER MESH INFO |-------------------------------------
2016-08-18 13:51:26:957[cInfo        ] BufferInfo::AddMesh(): NUM VERTS-----------------[337824]
2016-08-18 13:51:26:958[cInfo        ] BufferInfo::AddMesh(): NUM INDICES---------------[0]
2016-08-18 13:51:26:960[cInfo        ] BufferInfo::AddMesh(): VERT OFFSET---------------[0]
2016-08-18 13:51:26:963[cInfo        ] BufferInfo::AddMesh(): INDICES OFFSET (BYTES)----[0]
2016-08-18 13:51:26:964[cInfo        ] --------------------|  END BUFFER MESH INFO  |--------------------------------------
2016-08-18 13:51:26:965[cInfo        ] 

2016-08-18 13:51:27:004[Info         ] ShapeGenerator::ReadSceneFile(): Added new scene [..\Data\Scenes\Dargon.ptn.scene] successfully.
2016-08-18 13:51:27:004[cInfo        ] EntityManager::BuildPlayerEntity(): Built [Dargon] successfully
2016-08-18 13:51:27:011[cProcess     ] BufferManager::Initialize() successful.
2016-08-18 13:51:27:016[cInfo        ] 
-----------------------------------------------------------------------
 BufferInfo::CreateBuffers()[2] Created buffers:| VERTEX [17] with [1000000] bytes. || INDEX [18] with [1000000] bytes |
-----------------------------------------------------------------------

2016-08-18 13:51:27:021[cInfo        ] --------BufferInfo::AddMesh() Added mesh successfully-------
2016-08-18 13:51:27:023[cInfo        ] 
2016-08-18 13:51:27:023[cInfo        ] --------------------| START BUFFER MESH INFO |-------------------------------------
2016-08-18 13:51:27:024[cInfo        ] BufferInfo::AddMesh(): NUM VERTS-----------------[36]
2016-08-18 13:51:27:025[cInfo        ] BufferInfo::AddMesh(): NUM INDICES---------------[0]
2016-08-18 13:51:27:026[cInfo        ] BufferInfo::AddMesh(): VERT OFFSET---------------[0]
2016-08-18 13:51:27:027[cInfo        ] BufferInfo::AddMesh(): INDICES OFFSET (BYTES)----[0]
2016-08-18 13:51:27:028[cInfo        ] --------------------|  END BUFFER MESH INFO  |--------------------------------------
2016-08-18 13:51:27:029[cInfo        ] 

2016-08-18 13:51:27:030[Info         ] ShapeGenerator::ReadSceneFile(): Added new scene [..\Data\Scenes\Cube.pn.scene] successfully.
2016-08-18 13:51:27:030[cInfo        ] --------BufferInfo::AddMesh() Added mesh successfully-------
2016-08-18 13:51:27:032[cInfo        ] 
2016-08-18 13:51:27:033[cInfo        ] --------------------| START BUFFER MESH INFO |-------------------------------------
2016-08-18 13:51:27:034[cInfo        ] BufferInfo::AddMesh(): NUM VERTS-----------------[18]
2016-08-18 13:51:27:035[cInfo        ] BufferInfo::AddMesh(): NUM INDICES---------------[0]
2016-08-18 13:51:27:035[cInfo        ] BufferInfo::AddMesh(): VERT OFFSET---------------[36]
2016-08-18 13:51:27:036[cInfo        ] BufferInfo::AddMesh(): INDICES OFFSET (BYTES)----[0]
2016-08-18 13:51:27:037[cInfo        ] --------------------|  END BUFFER MESH INFO  |--------------------------------------
2016-08-18 13:51:27:038[cInfo        ] 

2016-08-18 13:51:27:039[Info         ] ShapeGenerator::ReadSceneFile(): Added new scene [..\Data\Scenes\Pyramid.pn.scene] successfully.
2016-08-18 13:51:27:046[cInfo        ] 
-----------------------------------------------------------------------
 BufferInfo::CreateBuffers()[0] Created buffers:| VERTEX [19] with [5529600] bytes. || INDEX [20] with [0] bytes |
-----------------------------------------------------------------------

2016-08-18 13:51:27:058[cInfo        ] --------BufferInfo::AddMesh() Added mesh successfully-------
2016-08-18 13:51:27:059[cInfo        ] 
2016-08-18 13:51:27:060[cInfo        ] --------------------| START BUFFER MESH INFO |-------------------------------------
2016-08-18 13:51:27:062[cInfo        ] BufferInfo::AddMesh(): NUM VERTS-----------------[172800]
2016-08-18 13:51:27:063[cInfo        ] BufferInfo::AddMesh(): NUM INDICES---------------[0]
2016-08-18 13:51:27:065[cInfo        ] BufferInfo::AddMesh(): VERT OFFSET---------------[0]
2016-08-18 13:51:27:066[cInfo        ] BufferInfo::AddMesh(): INDICES OFFSET (BYTES)----[0]
2016-08-18 13:51:27:067[cInfo        ] --------------------|  END BUFFER MESH INFO  |--------------------------------------
2016-08-18 13:51:27:069[cInfo        ] 

2016-08-18 13:51:27:071[Info         ] ShapeGenerator::ReadSceneFile(): Added new scene [..\Data\Scenes\WaterPlane.ptn.scene] successfully.
2016-08-18 13:51:27:072[cProcess     ] Camera::Initialize() successful.
2016-08-18 13:51:27:082[cProcess     ] BufferManager::Initialize() successful.
2016-08-18 13:51:27:084[cInfo        ] 
-----------------------------------------------------------------------
 BufferInfo::CreateBuffers()[3] Created buffers:| VERTEX [21] with [8107776] bytes. || INDEX [22] with [0] bytes |
-----------------------------------------------------------------------

2016-08-18 13:51:27:105[cInfo        ] --------BufferInfo::AddMesh() Added mesh successfully-------
2016-08-18 13:51:27:107[cInfo        ] 
2016-08-18 13:51:27:108[cInfo        ] --------------------| START BUFFER MESH INFO |-------------------------------------
2016-08-18 13:51:27:111[cInfo        ] BufferInfo::AddMesh(): NUM VERTS-----------------[337824]
2016-08-18 13:51:27:112[cInfo        ] BufferInfo::AddMesh(): NUM INDICES---------------[0]
2016-08-18 13:51:27:114[cInfo        ] BufferInfo::AddMesh(): VERT OFFSET---------------[0]
2016-08-18 13:51:27:115[cInfo        ] BufferInfo::AddMesh(): INDICES OFFSET (BYTES)----[0]
2016-08-18 13:51:27:117[cInfo        ] --------------------|  END BUFFER MESH INFO  |--------------------------------------
2016-08-18 13:51:27:119[cInfo        ] 

2016-08-18 13:51:27:121[Info         ] ShapeGenerator::ReadSceneFile(): Added new scene [..\Data\Scenes\Dargon.pn.scene] successfully.
2016-08-18 13:51:27:121[cProcess     ] BufferManager::Initialize() successful.
2016-08-18 13:51:27:122[cInfo        ] 
-----------------------------------------------------------------------
 BufferInfo::CreateBuffers()[4] Created buffers:| VERTEX [23] with [1000000] bytes. || INDEX [24] with [1000000] bytes |
-----------------------------------------------------------------------

2016-08-18 13:51:27:127[cInfo        ] --------BufferInfo::AddMesh() Added mesh successfully-------
2016-08-18 13:51:27:129[cInfo        ] 
2016-08-18 13:51:27:130[cInfo        ] --------------------| START BUFFER MESH INFO |-------------------------------------
2016-08-18 13:51:27:131[cInfo        ] BufferInfo::AddMesh(): NUM VERTS-----------------[6]
2016-08-18 13:51:27:132[cInfo        ] BufferInfo::AddMesh(): NUM INDICES---------------[0]
2016-08-18 13:51:27:133[cInfo        ] BufferInfo::AddMesh(): VERT OFFSET---------------[0]
2016-08-18 13:51:27:133[cInfo        ] BufferInfo::AddMesh(): INDICES OFFSET (BYTES)----[0]
2016-08-18 13:51:27:134[cInfo        ] --------------------|  END BUFFER MESH INFO  |--------------------------------------
2016-08-18 13:51:27:136[cInfo        ] 

2016-08-18 13:51:27:136[cProcess     ] BodaciousQuest::Initialize() successful.
2016-08-18 13:51:27:138[Process      ] GameTime::Initialize() ok

2016-08-18 13:51:27:138[cProcess     ] MyWindow::Initialize() successful!
2016-08-18 13:51:29:877[cInfo        ] Cube Position: -0.875458 3.673020 1.043331
2016-08-18 13:51:48:026[cInfo        ] Cube Position: -3.472800 4.364241 2.412143
2016-08-18 13:52:06:705[cProcess     ] BufferManager::Shutdown() successful.
2016-08-18 13:52:06:706[cProcess     ] RenderEngine::Shutdown() successful.
2016-08-18 13:52:06:707[cProcess     ] Camera::Shutdown() successful.
2016-08-18 13:52:06:709[Info         ] Shader  [2] deleting...
2016-08-18 13:52:06:709[Info         ] Shader  [2] deleted successfully.
2016-08-18 13:52:06:709[Info         ] Shader  [3] deleting...
2016-08-18 13:52:06:709[Info         ] Shader  [3] deleted successfully.
2016-08-18 13:52:06:709[Info         ] All shaders deleted successfully.
2016-08-18 13:52:06:709[cInfo        ] Program [1] deleted successfully.
2016-08-18 13:52:06:710[Process      ] ShaderProgram[1]::Shutdown successful!
2016-08-18 13:52:06:710[Info         ] Shader  [5] deleting...
2016-08-18 13:52:06:710[Info         ] Shader  [5] deleted successfully.
2016-08-18 13:52:06:710[Info         ] Shader  [6] deleting...
2016-08-18 13:52:06:710[Info         ] Shader  [6] deleted successfully.
2016-08-18 13:52:06:710[Info         ] All shaders deleted successfully.
2016-08-18 13:52:06:710[cInfo        ] Program [4] deleted successfully.
2016-08-18 13:52:06:711[Process      ] ShaderProgram[4]::Shutdown successful!
2016-08-18 13:52:06:711[Info         ] Shader  [8] deleting...
2016-08-18 13:52:06:711[Info         ] Shader  [8] deleted successfully.
2016-08-18 13:52:06:711[Info         ] Shader  [9] deleting...
2016-08-18 13:52:06:711[Info         ] Shader  [9] deleted successfully.
2016-08-18 13:52:06:711[Info         ] All shaders deleted successfully.
2016-08-18 13:52:06:711[cInfo        ] Program [7] deleted successfully.
2016-08-18 13:52:06:712[Process      ] ShaderProgram[7]::Shutdown successful!
2016-08-18 13:52:06:712[Info         ] Shader  [11] deleting...
2016-08-18 13:52:06:712[Info         ] Shader  [11] deleted successfully.
2016-08-18 13:52:06:712[Info         ] Shader  [12] deleting...
2016-08-18 13:52:06:712[Info         ] Shader  [12] deleted successfully.
2016-08-18 13:52:06:712[Info         ] All shaders deleted successfully.
2016-08-18 13:52:06:712[cInfo        ] Program [10] deleted successfully.
2016-08-18 13:52:06:713[Process      ] ShaderProgram[10]::Shutdown successful!
2016-08-18 13:52:06:714[Info         ] Shader  [14] deleting...
2016-08-18 13:52:06:714[Info         ] Shader  [14] deleted successfully.
2016-08-18 13:52:06:714[Info         ] Shader  [15] deleting...
2016-08-18 13:52:06:714[Info         ] Shader  [15] deleted successfully.
2016-08-18 13:52:06:714[Info         ] All shaders deleted successfully.
2016-08-18 13:52:06:714[cInfo        ] Program [13] deleted successfully.
2016-08-18 13:52:06:717[Process      ] ShaderProgram[13]::Shutdown successful!
2016-08-18 13:52:06:717[Info         ] Shader  [17] deleting...
2016-08-18 13:52:06:717[Info         ] Shader  [17] deleted successfully.
2016-08-18 13:52:06:717[Info         ] Shader  [18] deleting...
2016-08-18 13:52:06:717[Info         ] Shader  [18] deleted successfully.
2016-08-18 13:52:06:717[Info         ] All shaders deleted successfully.
2016-08-18 13:52:06:717[cInfo        ] Program [16] deleted successfully.
2016-08-18 13:52:06:718[Process      ] ShaderProgram[16]::Shutdown successful!
2016-08-18 13:52:06:718[Info         ] Shader  [20] deleting...
2016-08-18 13:52:06:718[Info         ] Shader  [20] deleted successfully.
2016-08-18 13:52:06:718[Info         ] Shader  [21] deleting...
2016-08-18 13:52:06:718[Info         ] Shader  [21] deleted successfully.
2016-08-18 13:52:06:718[Info         ] All shaders deleted successfully.
2016-08-18 13:52:06:718[cInfo        ] Program [19] deleted successfully.
2016-08-18 13:52:06:719[Process      ] ShaderProgram[19]::Shutdown successful!
2016-08-18 13:52:06:719[cProcess     ] MyWindow::Shutdown() successful!
2016-08-18 13:52:06:720[cProcess     ] BodaciousQuest::Shutdown() successful.
2016-08-18 13:52:06:729[Process      ] ConfigReader shut down successfully
2016-08-18 13:52:06:729[Process      ] GameLogger::ShutDown() successful
