2016-08-21 13:50:06:327[Process      ] GameLogger::Initialize() opened log file [..\Data\LogFiles\2016-08-21 13-50-06.BodaciousQuest.log] for writing
2016-08-21 13:50:06:327[Info         ] GameLogger::Initialize() successful
2016-08-21 13:50:06:327[Process      ] ConfigReader opened [..\Data\BodaciousQuest.config] successfully
2016-08-21 13:50:06:327[Info         ] ConfigReader initialized successfully
2016-08-21 13:50:06:327[Info         ] Valid KVP [BodaciousQuest.ShowFullScreen] [false] added
2016-08-21 13:50:06:327[Info         ] Valid KVP [BodaciousQuest.FpsInterval] [5.0] added
2016-08-21 13:50:06:329[Info         ] Valid KVP [BodaciousQuest.EnableControls] [true] added
2016-08-21 13:50:06:329[Info         ] Valid KVP [BodaciousQuest.LoadCubeFirst] [true] added
2016-08-21 13:50:06:329[Info         ] Valid KVP [BodaciousQuest.CameraWalkMode] [false] added
2016-08-21 13:50:06:329[Info         ] Valid KVP [BodaciousQuest.GridSize] [40] added
2016-08-21 13:50:06:329[Info         ] Valid KVP [BodaciousQuest.LightingTest.Ambient.Color] [1.0  1.0  1.0] added
2016-08-21 13:50:06:329[Info         ] Valid KVP [BodaciousQuest.LightingTest.Diffuse.Color] [1.0  1.0  1.0] added
2016-08-21 13:50:06:329[Info         ] Valid KVP [BodaciousQuest.LightingTest.Specular.Color] [0.0  0.0  0.0] added
2016-08-21 13:50:06:329[Info         ] Valid KVP [BodaciousQuest.LightingTest.Ambient.Reflectivity] [0.01] added
2016-08-21 13:50:06:329[Info         ] Valid KVP [BodaciousQuest.LightingTest.Diffuse.Reflectivity] [0.8] added
2016-08-21 13:50:06:329[Info         ] Valid KVP [BodaciousQuest.LightingTest.Specular.Reflectivity] [0.5] added
2016-08-21 13:50:06:329[Info         ] Valid KVP [BodaciousQuest.LightingTest.Specular.Shininess] [1.0] added
2016-08-21 13:50:06:329[Info         ] Valid KVP [BodaciousQuest.LightingTest.Falloff.A] [1.0] added
2016-08-21 13:50:06:329[Info         ] Valid KVP [BodaciousQuest.LightingTest.Falloff.B] [0.01] added
2016-08-21 13:50:06:329[Info         ] Valid KVP [BodaciousQuest.LightingTest.Falloff.C] [0.0001] added
2016-08-21 13:50:06:329[Info         ] Valid KVP [BodaciousQuest.LightingTest.Directional] [false] added
2016-08-21 13:50:06:329[Info         ] Valid KVP [BodaciousQuest.LightingTest.Direction] [-1.0 0.0 1.0] added
2016-08-21 13:50:06:329[Info         ] Valid KVP [BodaciousQuest.LightingTest.Light.Position] [-0.875458 3.673020 1.043331] added
2016-08-21 13:50:06:329[Info         ] Valid KVP [BodaciousQuest.LightingTest.Dargon.Color] [1.0 1.0 0.4] added
2016-08-21 13:50:06:329[Info         ] Valid KVP [ObjConverter.Mode.VertexType] [pn] added
2016-08-21 13:50:06:330[Info         ] Valid KVP [ObjConverter.Mode.Analyze] [false] added
2016-08-21 13:50:06:330[Info         ] Valid KVP [ObjConverter.Model] [Dargon] added
2016-08-21 13:50:06:330[Info         ] Valid KVP [ObjConverter.Shader] [4] added
2016-08-21 13:50:06:330[Info         ] Valid KVP [ObjConverter.Color] [random] added
2016-08-21 13:50:06:330[Info         ] Valid KVP [ObjConverter.Obj.InputFileFolder] [..\\Data\\Objs\\] added
2016-08-21 13:50:06:330[Info         ] Valid KVP [ObjConverter.Scene.OutputFileFolder] [..\\Data\\Scenes\\] added
2016-08-21 13:50:06:330[Info         ] Valid KVP [ObjConverter.Model.Dargon.NumVerts] [57967] added
2016-08-21 13:50:06:330[Info         ] Valid KVP [ObjConverter.Model.Dargon.NumIndices] [337824] added
2016-08-21 13:50:06:330[Info         ] Valid KVP [ObjConverter.Model.Dargon.NumTexCoords] [60175] added
2016-08-21 13:50:06:330[Info         ] Valid KVP [ObjConverter.Model.Dargon.NumNormals] [337824] added
2016-08-21 13:50:06:330[Info         ] Valid KVP [ObjConverter.Model.Swamp.NumVerts] [2735] added
2016-08-21 13:50:06:330[Info         ] Valid KVP [ObjConverter.Model.Swamp.NumIndices] [8556] added
2016-08-21 13:50:06:330[Info         ] Valid KVP [ObjConverter.Model.Swamp.NumTexCoords] [3622] added
2016-08-21 13:50:06:330[Info         ] Valid KVP [ObjConverter.Model.Swamp.NumNormals] [5156] added
2016-08-21 13:50:06:330[Info         ] Valid KVP [ObjConverter.Model.Pyramid.NumVerts] [5] added
2016-08-21 13:50:06:330[Info         ] Valid KVP [ObjConverter.Model.Pyramid.NumIndices] [18] added
2016-08-21 13:50:06:330[Info         ] Valid KVP [ObjConverter.Model.Pyramid.NumTexCoords] [10] added
2016-08-21 13:50:06:330[Info         ] Valid KVP [ObjConverter.Model.Pyramid.NumNormals] [16] added
2016-08-21 13:50:06:330[Info         ] Valid KVP [ObjConverter.Model.AIWorld.NumVerts] [1957] added
2016-08-21 13:50:06:330[Info         ] Valid KVP [ObjConverter.Model.AIWorld.NumIndices] [8718] added
2016-08-21 13:50:06:330[Info         ] Valid KVP [ObjConverter.Model.AIWorld.NumTexCoords] [4186] added
2016-08-21 13:50:06:330[Info         ] Valid KVP [ObjConverter.Model.AIWorld.NumNormals] [5418] added
2016-08-21 13:50:06:330[Info         ] Valid KVP [ObjConverter.Model.GameWeapon.NumVerts] [2068] added
2016-08-21 13:50:06:330[Info         ] Valid KVP [ObjConverter.Model.GameWeapon.NumIndices] [9894] added
2016-08-21 13:50:06:330[Info         ] Valid KVP [ObjConverter.Model.GameWeapon.NumTexCoords] [0] added
2016-08-21 13:50:06:330[Info         ] Valid KVP [ObjConverter.Model.GameWeapon.NumNormals] [0] added
2016-08-21 13:50:06:330[Info         ] Valid KVP [ObjConverter.Model.Chicken.NumVerts] [224] added
2016-08-21 13:50:06:330[Info         ] Valid KVP [ObjConverter.Model.Chicken.NumIndices] [1374] added
2016-08-21 13:50:06:330[Info         ] Valid KVP [ObjConverter.Model.Chicken.NumTexCoords] [472] added
2016-08-21 13:50:06:330[Info         ] Valid KVP [ObjConverter.Model.Chicken.NumNormals] [565] added
2016-08-21 13:50:06:330[Info         ] Valid KVP [ObjConverter.Model.WaterPlane.NumVerts] [29282] added
2016-08-21 13:50:06:330[Info         ] Valid KVP [ObjConverter.Model.WaterPlane.NumIndices] [172800] added
2016-08-21 13:50:06:330[Info         ] Valid KVP [ObjConverter.Model.WaterPlane.NumTexCoords] [29282] added
2016-08-21 13:50:06:330[Info         ] Valid KVP [ObjConverter.Model.WaterPlane.NumNormals] [172800] added
2016-08-21 13:50:06:330[Info         ] Valid KVP [ObjConverter.Model.Cube.NumVerts] [8] added
2016-08-21 13:50:06:330[Info         ] Valid KVP [ObjConverter.Model.Cube.NumIndices] [36] added
2016-08-21 13:50:06:330[Info         ] Valid KVP [ObjConverter.Model.Cube.NumTexCoords] [14] added
2016-08-21 13:50:06:330[Info         ] Valid KVP [ObjConverter.Model.Cube.NumNormals] [24] added
2016-08-21 13:50:06:330[Info         ] Valid KVP [ObjConverter.Model.Barrel.NumVerts] [172] added
2016-08-21 13:50:06:330[Info         ] Valid KVP [ObjConverter.Model.Barrel.NumIndices] [1008] added
2016-08-21 13:50:06:330[Info         ] Valid KVP [ObjConverter.Model.Barrel.NumTexCoords] [328] added
2016-08-21 13:50:06:330[Info         ] Valid KVP [ObjConverter.Model.Barrel.NumNormals] [204] added
2016-08-21 13:50:06:330[Info         ] Valid KVP [ObjConverter.Model.SkyBox.NumVerts] [8] added
2016-08-21 13:50:06:330[Info         ] Valid KVP [ObjConverter.Model.SkyBox.NumIndices] [36] added
2016-08-21 13:50:06:330[Info         ] Valid KVP [ObjConverter.Model.SkyBox.NumTexCoords] [18] added
2016-08-21 13:50:06:330[Info         ] Valid KVP [ObjConverter.Model.SkyBox.NumNormals] [24] added
2016-08-21 13:50:06:396[cInfo        ] Config reader opened [..\Data\BodaciousQuest.config] for reading!
2016-08-21 13:50:06:449[Process      ] ShaderManager Initialized successfully
2016-08-21 13:50:06:449[Info         ] Shader Init started
2016-08-21 13:50:06:450[Info         ] Shader Program created.
2016-08-21 13:50:06:450[Process      ] ShaderProgram::Initialize()[1] successful!
2016-08-21 13:50:06:450[Debug        ] File [..\Data\shaders\debug.vert.shader] Opened successfully! Buffer Length:[291]
2016-08-21 13:50:06:450[Debug        ] Shader file [..\Data\shaders\debug.vert.shader] contents:
//BEGIN
#version 430 core

layout(location = 0)  in vec3 vPosition;

layout(location = 15) uniform vec3 colorin;
layout(location = 16) uniform mat4 MAT;

out vec4 color;

void main()
{
	vec4 vertPos = vec4(vPosition, 1.0);
	gl_Position = MAT *  vertPos;
	color = vec4(colorin, 1.0);
}
//END

2016-08-21 13:50:06:450[Debug        ]  ShaderProgram::AddShader() file with data was read in
2016-08-21 13:50:06:450[Debug        ] ShaderProgram::AddShader() : glShaderSource() successful
2016-08-21 13:50:06:450[Debug        ] ShaderProgram::AddShader() : glCompileShader() successful
2016-08-21 13:50:06:450[Info         ] ShaderProgram::CheckShaderCompileStatus(2) successful.
2016-08-21 13:50:06:450[Debug        ] ShaderProgram::AddShader() : glCompileShader() successful
2016-08-21 13:50:06:450[Info         ] ShaderInfo saved successfully.
2016-08-21 13:50:06:450[Debug        ] ShaderProgram::AddShader() : glAttachShader() successful
2016-08-21 13:50:06:450[Info         ] ShaderProgram::AddShader [2] successful.
2016-08-21 13:50:06:450[Debug        ] File [..\Data\shaders\debug.frag.shader] Opened successfully! Buffer Length:[104]
2016-08-21 13:50:06:450[Debug        ] Shader file [..\Data\shaders\debug.frag.shader] contents:
//BEGIN
#version 430 core


in  vec4 color;
out vec4 outColor;

void main()
{
	outColor = color;
}


//END

2016-08-21 13:50:06:450[Debug        ]  ShaderProgram::AddShader() file with data was read in
2016-08-21 13:50:06:450[Debug        ] ShaderProgram::AddShader() : glShaderSource() successful
2016-08-21 13:50:06:451[Debug        ] ShaderProgram::AddShader() : glCompileShader() successful
2016-08-21 13:50:06:451[Info         ] ShaderProgram::CheckShaderCompileStatus(3) successful.
2016-08-21 13:50:06:451[Debug        ] ShaderProgram::AddShader() : glCompileShader() successful
2016-08-21 13:50:06:451[Info         ] ShaderInfo saved successfully.
2016-08-21 13:50:06:451[Debug        ] ShaderProgram::AddShader() : glAttachShader() successful
2016-08-21 13:50:06:451[Info         ] ShaderProgram::AddShader [3] successful.
2016-08-21 13:50:06:452[Info         ] CheckProgramStatus() successful!
2016-08-21 13:50:06:452[Info         ] CheckProgramStatus() successful!
2016-08-21 13:50:06:452[Info         ] Shader Init started
2016-08-21 13:50:06:452[Info         ] Shader Program created.
2016-08-21 13:50:06:452[Process      ] ShaderProgram::Initialize()[4] successful!
2016-08-21 13:50:06:452[Debug        ] File [..\Data\shaders\play.vert.shader] Opened successfully! Buffer Length:[343]
2016-08-21 13:50:06:452[Debug        ] Shader file [..\Data\shaders\play.vert.shader] contents:
//BEGIN
#version 430 core

layout (location = 0)  in vec3 vPosition;
layout (location = 1)  in vec3 vColor;
layout (location = 15) uniform vec3 colorin;
layout (location = 16) uniform mat4 MAT;

out vec4 color;

void main()
{
	vec4 vertPos = vec4(vPosition, 1.0);
	gl_Position = MAT *  vertPos;
	color = vec4((vColor + colorin), 1.0);
}
//END

2016-08-21 13:50:06:452[Debug        ]  ShaderProgram::AddShader() file with data was read in
2016-08-21 13:50:06:452[Debug        ] ShaderProgram::AddShader() : glShaderSource() successful
2016-08-21 13:50:06:452[Debug        ] ShaderProgram::AddShader() : glCompileShader() successful
2016-08-21 13:50:06:452[Info         ] ShaderProgram::CheckShaderCompileStatus(5) successful.
2016-08-21 13:50:06:452[Debug        ] ShaderProgram::AddShader() : glCompileShader() successful
2016-08-21 13:50:06:452[Info         ] ShaderInfo saved successfully.
2016-08-21 13:50:06:452[Debug        ] ShaderProgram::AddShader() : glAttachShader() successful
2016-08-21 13:50:06:452[Info         ] ShaderProgram::AddShader [5] successful.
2016-08-21 13:50:06:452[Debug        ] File [..\Data\shaders\play.frag.shader] Opened successfully! Buffer Length:[391]
2016-08-21 13:50:06:452[Debug        ] Shader file [..\Data\shaders\play.frag.shader] contents:
//BEGIN
#version 430 core


in  vec4 color;
out vec4 outColor;

void main()
{

	//if (color.r < .7) discard;
	outColor = color;

	//if(((gl_FragCoord.x  > 600)&& (gl_FragCoord.y < 300)) || ((gl_FragCoord.y < 300)  && (gl_FragCoord.x  < 600) )) {
	//discard;
	//}

	//vec2 scrPos = vec2(gl_FragCoord) - vec2(350,150);
	//float len =  length(scrPos);
	//if(len < 50 )discard;
}


//END

2016-08-21 13:50:06:452[Debug        ]  ShaderProgram::AddShader() file with data was read in
2016-08-21 13:50:06:452[Debug        ] ShaderProgram::AddShader() : glShaderSource() successful
2016-08-21 13:50:06:452[Debug        ] ShaderProgram::AddShader() : glCompileShader() successful
2016-08-21 13:50:06:452[Info         ] ShaderProgram::CheckShaderCompileStatus(6) successful.
2016-08-21 13:50:06:452[Debug        ] ShaderProgram::AddShader() : glCompileShader() successful
2016-08-21 13:50:06:452[Info         ] ShaderInfo saved successfully.
2016-08-21 13:50:06:452[Debug        ] ShaderProgram::AddShader() : glAttachShader() successful
2016-08-21 13:50:06:452[Info         ] ShaderProgram::AddShader [6] successful.
2016-08-21 13:50:06:453[Info         ] CheckProgramStatus() successful!
2016-08-21 13:50:06:453[Info         ] CheckProgramStatus() successful!
2016-08-21 13:50:06:453[Info         ] Shader Init started
2016-08-21 13:50:06:453[Info         ] Shader Program created.
2016-08-21 13:50:06:453[Process      ] ShaderProgram::Initialize()[7] successful!
2016-08-21 13:50:06:453[Debug        ] File [..\Data\shaders\texture.vert.shader] Opened successfully! Buffer Length:[305]
2016-08-21 13:50:06:453[Debug        ] Shader file [..\Data\shaders\texture.vert.shader] contents:
//BEGIN
#version 430 core

layout (location = 0)  in vec3 vPosition;
layout (location = 1)  in vec2 vUV;

layout (location = 16) uniform mat4 MAT;

//out data
out vec2 UV;

//out vec4 color;

void main()
{
	vec4 vertPos = vec4(vPosition, 1.0);
	gl_Position = MAT *  vertPos;

	UV = vUV;
	
	
}
//END

2016-08-21 13:50:06:453[Debug        ]  ShaderProgram::AddShader() file with data was read in
2016-08-21 13:50:06:453[Debug        ] ShaderProgram::AddShader() : glShaderSource() successful
2016-08-21 13:50:06:454[Debug        ] ShaderProgram::AddShader() : glCompileShader() successful
2016-08-21 13:50:06:454[Info         ] ShaderProgram::CheckShaderCompileStatus(8) successful.
2016-08-21 13:50:06:454[Debug        ] ShaderProgram::AddShader() : glCompileShader() successful
2016-08-21 13:50:06:454[Info         ] ShaderInfo saved successfully.
2016-08-21 13:50:06:454[Debug        ] ShaderProgram::AddShader() : glAttachShader() successful
2016-08-21 13:50:06:454[Info         ] ShaderProgram::AddShader [8] successful.
2016-08-21 13:50:06:454[Debug        ] File [..\Data\shaders\texture.frag.shader] Opened successfully! Buffer Length:[482]
2016-08-21 13:50:06:454[Debug        ] Shader file [..\Data\shaders\texture.frag.shader] contents:
//BEGIN
#version 430 core


in  vec2 UV;
out vec4 outColor;

layout(location = 20) uniform sampler2D textureSampler;

void main()
{

	//if (color.r < .7) discard;
	outColor = vec4(texture(textureSampler, UV).rgb, 1.0);

	//if(((gl_FragCoord.x  > 600)&& (gl_FragCoord.y < 300)) || ((gl_FragCoord.y < 300)  && (gl_FragCoord.x  < 600) )) {
	//discard;
	//}
	//vec2 scrPos = vec2(gl_FragCoord) - vec2(350,150);
	//float len =  length(scrPos);
	//if(len < 50 )discard;
}


//END

2016-08-21 13:50:06:454[Debug        ]  ShaderProgram::AddShader() file with data was read in
2016-08-21 13:50:06:454[Debug        ] ShaderProgram::AddShader() : glShaderSource() successful
2016-08-21 13:50:06:454[Debug        ] ShaderProgram::AddShader() : glCompileShader() successful
2016-08-21 13:50:06:454[Info         ] ShaderProgram::CheckShaderCompileStatus(9) successful.
2016-08-21 13:50:06:454[Debug        ] ShaderProgram::AddShader() : glCompileShader() successful
2016-08-21 13:50:06:454[Info         ] ShaderInfo saved successfully.
2016-08-21 13:50:06:454[Debug        ] ShaderProgram::AddShader() : glAttachShader() successful
2016-08-21 13:50:06:454[Info         ] ShaderProgram::AddShader [9] successful.
2016-08-21 13:50:06:455[Info         ] CheckProgramStatus() successful!
2016-08-21 13:50:06:455[Info         ] CheckProgramStatus() successful!
2016-08-21 13:50:06:455[Info         ] Shader Init started
2016-08-21 13:50:06:455[Info         ] Shader Program created.
2016-08-21 13:50:06:455[Process      ] ShaderProgram::Initialize()[10] successful!
2016-08-21 13:50:06:455[Debug        ] File [..\Data\shaders\framebuffer.vert.shader] Opened successfully! Buffer Length:[305]
2016-08-21 13:50:06:455[Debug        ] Shader file [..\Data\shaders\framebuffer.vert.shader] contents:
//BEGIN
#version 430 core

layout (location = 0)  in vec3 vPosition;
layout (location = 1)  in vec2 vUV;

layout (location = 16) uniform mat4 MAT;

//out data
out vec2 UV;

//out vec4 color;

void main()
{
	vec4 vertPos = vec4(vPosition, 1.0);
	gl_Position = MAT *  vertPos;

	UV = vUV;
	
	
}
//END

2016-08-21 13:50:06:455[Debug        ]  ShaderProgram::AddShader() file with data was read in
2016-08-21 13:50:06:456[Debug        ] ShaderProgram::AddShader() : glShaderSource() successful
2016-08-21 13:50:06:456[Debug        ] ShaderProgram::AddShader() : glCompileShader() successful
2016-08-21 13:50:06:456[Info         ] ShaderProgram::CheckShaderCompileStatus(11) successful.
2016-08-21 13:50:06:456[Debug        ] ShaderProgram::AddShader() : glCompileShader() successful
2016-08-21 13:50:06:456[Info         ] ShaderInfo saved successfully.
2016-08-21 13:50:06:456[Debug        ] ShaderProgram::AddShader() : glAttachShader() successful
2016-08-21 13:50:06:456[Info         ] ShaderProgram::AddShader [11] successful.
2016-08-21 13:50:06:456[Debug        ] File [..\Data\shaders\framebuffer.frag.shader] Opened successfully! Buffer Length:[275]
2016-08-21 13:50:06:456[Debug        ] Shader file [..\Data\shaders\framebuffer.frag.shader] contents:
//BEGIN
#version 430 core


in  vec2 UV;
out vec4 outColor;

layout(location = 20) uniform sampler2D textureSampler;

void main()
{


	vec3 tempCol = texture(textureSampler, UV).rgb;

	outColor = vec4(tempCol.r / 1.5f, tempCol.g / 1.5f, tempCol.b / 1.5f, 1.0f);
}


//END

2016-08-21 13:50:06:456[Debug        ]  ShaderProgram::AddShader() file with data was read in
2016-08-21 13:50:06:456[Debug        ] ShaderProgram::AddShader() : glShaderSource() successful
2016-08-21 13:50:06:456[Debug        ] ShaderProgram::AddShader() : glCompileShader() successful
2016-08-21 13:50:06:456[Info         ] ShaderProgram::CheckShaderCompileStatus(12) successful.
2016-08-21 13:50:06:456[Debug        ] ShaderProgram::AddShader() : glCompileShader() successful
2016-08-21 13:50:06:456[Info         ] ShaderInfo saved successfully.
2016-08-21 13:50:06:456[Debug        ] ShaderProgram::AddShader() : glAttachShader() successful
2016-08-21 13:50:06:456[Info         ] ShaderProgram::AddShader [12] successful.
2016-08-21 13:50:06:457[Info         ] CheckProgramStatus() successful!
2016-08-21 13:50:06:458[Info         ] CheckProgramStatus() successful!
2016-08-21 13:50:06:458[Info         ] Shader Init started
2016-08-21 13:50:06:458[Info         ] Shader Program created.
2016-08-21 13:50:06:458[Process      ] ShaderProgram::Initialize()[13] successful!
2016-08-21 13:50:06:458[Debug        ] File [..\Data\shaders\lighting.vert.shader] Opened successfully! Buffer Length:[1145]
2016-08-21 13:50:06:458[cDebug       ] Shader file [..\Data\shaders\lighting.vert.shader] is too big to display contents.
2016-08-21 13:50:06:460[Debug        ]  ShaderProgram::AddShader() file with data was read in
2016-08-21 13:50:06:460[Debug        ] ShaderProgram::AddShader() : glShaderSource() successful
2016-08-21 13:50:06:461[Debug        ] ShaderProgram::AddShader() : glCompileShader() successful
2016-08-21 13:50:06:461[Info         ] ShaderProgram::CheckShaderCompileStatus(14) successful.
2016-08-21 13:50:06:461[Debug        ] ShaderProgram::AddShader() : glCompileShader() successful
2016-08-21 13:50:06:461[Info         ] ShaderInfo saved successfully.
2016-08-21 13:50:06:461[Debug        ] ShaderProgram::AddShader() : glAttachShader() successful
2016-08-21 13:50:06:461[Info         ] ShaderProgram::AddShader [14] successful.
2016-08-21 13:50:06:461[Debug        ] File [..\Data\shaders\lighting.frag.shader] Opened successfully! Buffer Length:[1744]
2016-08-21 13:50:06:461[cDebug       ] Shader file [..\Data\shaders\lighting.frag.shader] is too big to display contents.
2016-08-21 13:50:06:462[Debug        ]  ShaderProgram::AddShader() file with data was read in
2016-08-21 13:50:06:462[Debug        ] ShaderProgram::AddShader() : glShaderSource() successful
2016-08-21 13:50:06:463[Debug        ] ShaderProgram::AddShader() : glCompileShader() successful
2016-08-21 13:50:06:463[Info         ] ShaderProgram::CheckShaderCompileStatus(15) successful.
2016-08-21 13:50:06:463[Debug        ] ShaderProgram::AddShader() : glCompileShader() successful
2016-08-21 13:50:06:463[Info         ] ShaderInfo saved successfully.
2016-08-21 13:50:06:463[Debug        ] ShaderProgram::AddShader() : glAttachShader() successful
2016-08-21 13:50:06:463[Info         ] ShaderProgram::AddShader [15] successful.
2016-08-21 13:50:06:466[Info         ] CheckProgramStatus() successful!
2016-08-21 13:50:06:466[Info         ] CheckProgramStatus() successful!
2016-08-21 13:50:06:466[Info         ] Shader Init started
2016-08-21 13:50:06:466[Info         ] Shader Program created.
2016-08-21 13:50:06:466[Process      ] ShaderProgram::Initialize()[16] successful!
2016-08-21 13:50:06:466[Debug        ] File [..\Data\shaders\texlighting.vert.shader] Opened successfully! Buffer Length:[1110]
2016-08-21 13:50:06:466[cDebug       ] Shader file [..\Data\shaders\texlighting.vert.shader] is too big to display contents.
2016-08-21 13:50:06:468[Debug        ]  ShaderProgram::AddShader() file with data was read in
2016-08-21 13:50:06:468[Debug        ] ShaderProgram::AddShader() : glShaderSource() successful
2016-08-21 13:50:06:469[Debug        ] ShaderProgram::AddShader() : glCompileShader() successful
2016-08-21 13:50:06:469[Info         ] ShaderProgram::CheckShaderCompileStatus(17) successful.
2016-08-21 13:50:06:469[Debug        ] ShaderProgram::AddShader() : glCompileShader() successful
2016-08-21 13:50:06:469[Info         ] ShaderInfo saved successfully.
2016-08-21 13:50:06:469[Debug        ] ShaderProgram::AddShader() : glAttachShader() successful
2016-08-21 13:50:06:469[Info         ] ShaderProgram::AddShader [17] successful.
2016-08-21 13:50:06:469[Debug        ] File [..\Data\shaders\texlighting.frag.shader] Opened successfully! Buffer Length:[1717]
2016-08-21 13:50:06:469[cDebug       ] Shader file [..\Data\shaders\texlighting.frag.shader] is too big to display contents.
2016-08-21 13:50:06:470[Debug        ]  ShaderProgram::AddShader() file with data was read in
2016-08-21 13:50:06:471[Debug        ] ShaderProgram::AddShader() : glShaderSource() successful
2016-08-21 13:50:06:471[Debug        ] ShaderProgram::AddShader() : glCompileShader() successful
2016-08-21 13:50:06:471[Info         ] ShaderProgram::CheckShaderCompileStatus(18) successful.
2016-08-21 13:50:06:471[Debug        ] ShaderProgram::AddShader() : glCompileShader() successful
2016-08-21 13:50:06:471[Info         ] ShaderInfo saved successfully.
2016-08-21 13:50:06:471[Debug        ] ShaderProgram::AddShader() : glAttachShader() successful
2016-08-21 13:50:06:471[Info         ] ShaderProgram::AddShader [18] successful.
2016-08-21 13:50:06:475[Info         ] CheckProgramStatus() successful!
2016-08-21 13:50:06:475[Info         ] CheckProgramStatus() successful!
2016-08-21 13:50:06:475[Info         ] Shader Init started
2016-08-21 13:50:06:475[Info         ] Shader Program created.
2016-08-21 13:50:06:475[Process      ] ShaderProgram::Initialize()[19] successful!
2016-08-21 13:50:06:475[Debug        ] File [..\Data\shaders\water.vert.shader] Opened successfully! Buffer Length:[1400]
2016-08-21 13:50:06:475[cDebug       ] Shader file [..\Data\shaders\water.vert.shader] is too big to display contents.
2016-08-21 13:50:06:478[Debug        ]  ShaderProgram::AddShader() file with data was read in
2016-08-21 13:50:06:478[Debug        ] ShaderProgram::AddShader() : glShaderSource() successful
2016-08-21 13:50:06:478[Debug        ] ShaderProgram::AddShader() : glCompileShader() successful
2016-08-21 13:50:06:478[Info         ] ShaderProgram::CheckShaderCompileStatus(20) successful.
2016-08-21 13:50:06:478[Debug        ] ShaderProgram::AddShader() : glCompileShader() successful
2016-08-21 13:50:06:478[Info         ] ShaderInfo saved successfully.
2016-08-21 13:50:06:478[Debug        ] ShaderProgram::AddShader() : glAttachShader() successful
2016-08-21 13:50:06:478[Info         ] ShaderProgram::AddShader [20] successful.
2016-08-21 13:50:06:479[Debug        ] File [..\Data\shaders\water.frag.shader] Opened successfully! Buffer Length:[2436]
2016-08-21 13:50:06:479[cDebug       ] Shader file [..\Data\shaders\water.frag.shader] is too big to display contents.
2016-08-21 13:50:06:481[Debug        ]  ShaderProgram::AddShader() file with data was read in
2016-08-21 13:50:06:481[Debug        ] ShaderProgram::AddShader() : glShaderSource() successful
2016-08-21 13:50:06:481[Debug        ] ShaderProgram::AddShader() : glCompileShader() successful
2016-08-21 13:50:06:481[Info         ] ShaderProgram::CheckShaderCompileStatus(21) successful.
2016-08-21 13:50:06:481[Debug        ] ShaderProgram::AddShader() : glCompileShader() successful
2016-08-21 13:50:06:481[Info         ] ShaderInfo saved successfully.
2016-08-21 13:50:06:481[Debug        ] ShaderProgram::AddShader() : glAttachShader() successful
2016-08-21 13:50:06:481[Info         ] ShaderProgram::AddShader [21] successful.
2016-08-21 13:50:06:484[Info         ] CheckProgramStatus() successful!
2016-08-21 13:50:06:484[Info         ] CheckProgramStatus() successful!
2016-08-21 13:50:06:484[Info         ] GetAttribLocation [vPosition] successful.
2016-08-21 13:50:06:484[Info         ] GetUniformLocation [colorin] successful.
2016-08-21 13:50:06:484[Info         ] GetUniformLocation [MAT] successful.
2016-08-21 13:50:06:484[cProcess     ] RenderEngine::Initialize() successful.
2016-08-21 13:50:06:486[cInfo        ] 
-----------------------------------------------------------------------
 BufferInfo::CreateBuffers()[0] Created buffers:| VERTEX [1] with [80] bytes. || INDEX [2] with [24] bytes |
-----------------------------------------------------------------------

2016-08-21 13:50:06:491[cInfo        ] --------BufferInfo::AddMesh() Added mesh successfully-------
2016-08-21 13:50:06:493[cInfo        ] 
2016-08-21 13:50:06:494[cInfo        ] --------------------| START BUFFER MESH INFO |-------------------------------------
2016-08-21 13:50:06:497[cInfo        ] BufferInfo::AddMesh(): NUM VERTS-----------------[4]
2016-08-21 13:50:06:498[cInfo        ] BufferInfo::AddMesh(): NUM INDICES---------------[6]
2016-08-21 13:50:06:499[cInfo        ] BufferInfo::AddMesh(): VERT OFFSET---------------[0]
2016-08-21 13:50:06:501[cInfo        ] BufferInfo::AddMesh(): INDICES OFFSET (BYTES)----[0]
2016-08-21 13:50:06:502[cInfo        ] --------------------|  END BUFFER MESH INFO  |--------------------------------------
2016-08-21 13:50:06:503[cInfo        ] 

2016-08-21 13:50:06:504[cInfo        ] 
-----------------------------------------------------------------------
 BufferInfo::CreateBuffers()[0] Created buffers:| VERTEX [3] with [96] bytes. || INDEX [4] with [48] bytes |
-----------------------------------------------------------------------

2016-08-21 13:50:06:513[cInfo        ] --------BufferInfo::AddMesh() Added mesh successfully-------
2016-08-21 13:50:06:513[cInfo        ] 
2016-08-21 13:50:06:514[cInfo        ] --------------------| START BUFFER MESH INFO |-------------------------------------
2016-08-21 13:50:06:516[cInfo        ] BufferInfo::AddMesh(): NUM VERTS-----------------[8]
2016-08-21 13:50:06:517[cInfo        ] BufferInfo::AddMesh(): NUM INDICES---------------[24]
2016-08-21 13:50:06:518[cInfo        ] BufferInfo::AddMesh(): VERT OFFSET---------------[0]
2016-08-21 13:50:06:520[cInfo        ] BufferInfo::AddMesh(): INDICES OFFSET (BYTES)----[0]
2016-08-21 13:50:06:520[cInfo        ] --------------------|  END BUFFER MESH INFO  |--------------------------------------
2016-08-21 13:50:06:521[cInfo        ] 

2016-08-21 13:50:06:522[cInfo        ] 
-----------------------------------------------------------------------
 BufferInfo::CreateBuffers()[0] Created buffers:| VERTEX [5] with [864] bytes. || INDEX [6] with [0] bytes |
-----------------------------------------------------------------------

2016-08-21 13:50:06:529[cInfo        ] --------BufferInfo::AddMesh() Added mesh successfully-------
2016-08-21 13:50:06:530[cInfo        ] 
2016-08-21 13:50:06:530[cInfo        ] --------------------| START BUFFER MESH INFO |-------------------------------------
2016-08-21 13:50:06:531[cInfo        ] BufferInfo::AddMesh(): NUM VERTS-----------------[36]
2016-08-21 13:50:06:533[cInfo        ] BufferInfo::AddMesh(): NUM INDICES---------------[0]
2016-08-21 13:50:06:534[cInfo        ] BufferInfo::AddMesh(): VERT OFFSET---------------[0]
2016-08-21 13:50:06:536[cInfo        ] BufferInfo::AddMesh(): INDICES OFFSET (BYTES)----[0]
2016-08-21 13:50:06:537[cInfo        ] --------------------|  END BUFFER MESH INFO  |--------------------------------------
2016-08-21 13:50:06:539[cInfo        ] 

2016-08-21 13:50:06:539[cInfo        ] 
-----------------------------------------------------------------------
 BufferInfo::CreateBuffers()[0] Created buffers:| VERTEX [7] with [144] bytes. || INDEX [8] with [0] bytes |
-----------------------------------------------------------------------

2016-08-21 13:50:06:547[cInfo        ] --------BufferInfo::AddMesh() Added mesh successfully-------
2016-08-21 13:50:06:548[cInfo        ] 
2016-08-21 13:50:06:549[cInfo        ] --------------------| START BUFFER MESH INFO |-------------------------------------
2016-08-21 13:50:06:550[cInfo        ] BufferInfo::AddMesh(): NUM VERTS-----------------[6]
2016-08-21 13:50:06:551[cInfo        ] BufferInfo::AddMesh(): NUM INDICES---------------[0]
2016-08-21 13:50:06:552[cInfo        ] BufferInfo::AddMesh(): VERT OFFSET---------------[0]
2016-08-21 13:50:06:552[cInfo        ] BufferInfo::AddMesh(): INDICES OFFSET (BYTES)----[0]
2016-08-21 13:50:06:553[cInfo        ] --------------------|  END BUFFER MESH INFO  |--------------------------------------
2016-08-21 13:50:06:555[cInfo        ] 

2016-08-21 13:50:06:556[Process      ] BufferInfo::Initialize() successful.
2016-08-21 13:50:06:556[cInfo        ] 
-----------------------------------------------------------------------
 BufferInfo::CreateBuffers()[0] Created buffers:| VERTEX [9] with [1000000] bytes. || INDEX [10] with [1000000] bytes |
-----------------------------------------------------------------------

2016-08-21 13:50:06:562[cInfo        ] --------BufferInfo::AddMesh() Added mesh successfully-------
2016-08-21 13:50:06:563[cInfo        ] 
2016-08-21 13:50:06:563[cInfo        ] --------------------| START BUFFER MESH INFO |-------------------------------------
2016-08-21 13:50:06:565[cInfo        ] BufferInfo::AddMesh(): NUM VERTS-----------------[24]
2016-08-21 13:50:06:566[cInfo        ] BufferInfo::AddMesh(): NUM INDICES---------------[36]
2016-08-21 13:50:06:567[cInfo        ] BufferInfo::AddMesh(): VERT OFFSET---------------[0]
2016-08-21 13:50:06:568[cInfo        ] BufferInfo::AddMesh(): INDICES OFFSET (BYTES)----[0]
2016-08-21 13:50:06:569[cInfo        ] --------------------|  END BUFFER MESH INFO  |--------------------------------------
2016-08-21 13:50:06:570[cInfo        ] 

2016-08-21 13:50:06:572[Process      ] BufferInfo::Initialize() successful.
2016-08-21 13:50:06:572[cInfo        ] 
-----------------------------------------------------------------------
 BufferInfo::CreateBuffers()[1] Created buffers:| VERTEX [11] with [1000000] bytes. || INDEX [12] with [1000000] bytes |
-----------------------------------------------------------------------

2016-08-21 13:50:06:578[cInfo        ] --------BufferInfo::AddMesh() Added mesh successfully-------
2016-08-21 13:50:06:579[cInfo        ] 
2016-08-21 13:50:06:579[cInfo        ] --------------------| START BUFFER MESH INFO |-------------------------------------
2016-08-21 13:50:06:580[cInfo        ] BufferInfo::AddMesh(): NUM VERTS-----------------[1536]
2016-08-21 13:50:06:581[cInfo        ] BufferInfo::AddMesh(): NUM INDICES---------------[3072]
2016-08-21 13:50:06:582[cInfo        ] BufferInfo::AddMesh(): VERT OFFSET---------------[0]
2016-08-21 13:50:06:583[cInfo        ] BufferInfo::AddMesh(): INDICES OFFSET (BYTES)----[0]
2016-08-21 13:50:06:585[cInfo        ] --------------------|  END BUFFER MESH INFO  |--------------------------------------
2016-08-21 13:50:06:586[cInfo        ] 

2016-08-21 13:50:06:587[cInfo        ] 
-----------------------------------------------------------------------
 BufferInfo::CreateBuffers()[0] Created buffers:| VERTEX [13] with [3936] bytes. || INDEX [14] with [0] bytes |
-----------------------------------------------------------------------

2016-08-21 13:50:06:590[cInfo        ] --------BufferInfo::AddMesh() Added mesh successfully-------
2016-08-21 13:50:06:592[cInfo        ] 
2016-08-21 13:50:06:593[cInfo        ] --------------------| START BUFFER MESH INFO |-------------------------------------
2016-08-21 13:50:06:595[cInfo        ] BufferInfo::AddMesh(): NUM VERTS-----------------[164]
2016-08-21 13:50:06:596[cInfo        ] BufferInfo::AddMesh(): NUM INDICES---------------[0]
2016-08-21 13:50:06:596[cInfo        ] BufferInfo::AddMesh(): VERT OFFSET---------------[0]
2016-08-21 13:50:06:597[cInfo        ] BufferInfo::AddMesh(): INDICES OFFSET (BYTES)----[0]
2016-08-21 13:50:06:598[cInfo        ] --------------------|  END BUFFER MESH INFO  |--------------------------------------
2016-08-21 13:50:06:599[cInfo        ] 

2016-08-21 13:50:06:600[cProcess     ] ShapeGenerator initialized successfully.
2016-08-21 13:50:06:601[cProcess     ] Camera::Initialize() successful.
2016-08-21 13:50:06:601[cProcess     ] Keyboard::Initialize() successful
2016-08-21 13:50:06:602[cProcess     ] Keyboard::Initialize() successful
2016-08-21 13:50:06:617[cInfo        ] 
-----------------------------------------------------------------------
 BufferInfo::CreateBuffers()[0] Created buffers:| VERTEX [15] with [10810368] bytes. || INDEX [16] with [0] bytes |
-----------------------------------------------------------------------

2016-08-21 13:50:06:631[cInfo        ] --------BufferInfo::AddMesh() Added mesh successfully-------
2016-08-21 13:50:06:633[cInfo        ] 
2016-08-21 13:50:06:634[cInfo        ] --------------------| START BUFFER MESH INFO |-------------------------------------
2016-08-21 13:50:06:635[cInfo        ] BufferInfo::AddMesh(): NUM VERTS-----------------[337824]
2016-08-21 13:50:06:637[cInfo        ] BufferInfo::AddMesh(): NUM INDICES---------------[0]
2016-08-21 13:50:06:638[cInfo        ] BufferInfo::AddMesh(): VERT OFFSET---------------[0]
2016-08-21 13:50:06:639[cInfo        ] BufferInfo::AddMesh(): INDICES OFFSET (BYTES)----[0]
2016-08-21 13:50:06:641[cInfo        ] --------------------|  END BUFFER MESH INFO  |--------------------------------------
2016-08-21 13:50:06:644[cInfo        ] 

2016-08-21 13:50:06:668[Info         ] ShapeGenerator::ReadSceneFile(): Added new scene [..\Data\Scenes\Dargon.ptn.scene] successfully.
2016-08-21 13:50:06:668[cInfo        ] EntityManager::BuildPlayerEntity(): Built [Dargon] successfully
2016-08-21 13:50:06:671[Process      ] BufferInfo::Initialize() successful.
2016-08-21 13:50:06:675[cInfo        ] 
-----------------------------------------------------------------------
 BufferInfo::CreateBuffers()[2] Created buffers:| VERTEX [17] with [1000000] bytes. || INDEX [18] with [1000000] bytes |
-----------------------------------------------------------------------

2016-08-21 13:50:06:681[cInfo        ] --------BufferInfo::AddMesh() Added mesh successfully-------
2016-08-21 13:50:06:683[cInfo        ] 
2016-08-21 13:50:06:683[cInfo        ] --------------------| START BUFFER MESH INFO |-------------------------------------
2016-08-21 13:50:06:685[cInfo        ] BufferInfo::AddMesh(): NUM VERTS-----------------[36]
2016-08-21 13:50:06:686[cInfo        ] BufferInfo::AddMesh(): NUM INDICES---------------[0]
2016-08-21 13:50:06:688[cInfo        ] BufferInfo::AddMesh(): VERT OFFSET---------------[0]
2016-08-21 13:50:06:690[cInfo        ] BufferInfo::AddMesh(): INDICES OFFSET (BYTES)----[0]
2016-08-21 13:50:06:691[cInfo        ] --------------------|  END BUFFER MESH INFO  |--------------------------------------
2016-08-21 13:50:06:693[cInfo        ] 

2016-08-21 13:50:06:694[Info         ] ShapeGenerator::ReadSceneFile(): Added new scene [..\Data\Scenes\Cube.pn.scene] successfully.
2016-08-21 13:50:06:694[Process      ] BufferInfo::Initialize() successful.
2016-08-21 13:50:06:695[cInfo        ] 
-----------------------------------------------------------------------
 BufferInfo::CreateBuffers()[3] Created buffers:| VERTEX [19] with [1000000] bytes. || INDEX [20] with [1000000] bytes |
-----------------------------------------------------------------------

2016-08-21 13:50:06:702[cInfo        ] --------BufferInfo::AddMesh() Added mesh successfully-------
2016-08-21 13:50:06:703[cInfo        ] 
2016-08-21 13:50:06:704[cInfo        ] --------------------| START BUFFER MESH INFO |-------------------------------------
2016-08-21 13:50:06:705[cInfo        ] BufferInfo::AddMesh(): NUM VERTS-----------------[8718]
2016-08-21 13:50:06:706[cInfo        ] BufferInfo::AddMesh(): NUM INDICES---------------[0]
2016-08-21 13:50:06:708[cInfo        ] BufferInfo::AddMesh(): VERT OFFSET---------------[0]
2016-08-21 13:50:06:709[cInfo        ] BufferInfo::AddMesh(): INDICES OFFSET (BYTES)----[0]
2016-08-21 13:50:06:710[cInfo        ] --------------------|  END BUFFER MESH INFO  |--------------------------------------
2016-08-21 13:50:06:711[cInfo        ] 

2016-08-21 13:50:06:714[Info         ] ShapeGenerator::ReadSceneFile(): Added new scene [..\Data\Scenes\AIWorld.ptn.scene] successfully.
2016-08-21 13:50:06:714[cInfo        ] --------BufferInfo::AddMesh() Added mesh successfully-------
2016-08-21 13:50:06:715[cInfo        ] 
2016-08-21 13:50:06:715[cInfo        ] --------------------| START BUFFER MESH INFO |-------------------------------------
2016-08-21 13:50:06:716[cInfo        ] BufferInfo::AddMesh(): NUM VERTS-----------------[18]
2016-08-21 13:50:06:718[cInfo        ] BufferInfo::AddMesh(): NUM INDICES---------------[0]
2016-08-21 13:50:06:719[cInfo        ] BufferInfo::AddMesh(): VERT OFFSET---------------[36]
2016-08-21 13:50:06:720[cInfo        ] BufferInfo::AddMesh(): INDICES OFFSET (BYTES)----[0]
2016-08-21 13:50:06:721[cInfo        ] --------------------|  END BUFFER MESH INFO  |--------------------------------------
2016-08-21 13:50:06:722[cInfo        ] 

2016-08-21 13:50:06:723[Info         ] ShapeGenerator::ReadSceneFile(): Added new scene [..\Data\Scenes\Pyramid.pn.scene] successfully.
2016-08-21 13:50:06:730[cInfo        ] 
-----------------------------------------------------------------------
 BufferInfo::CreateBuffers()[0] Created buffers:| VERTEX [21] with [5529600] bytes. || INDEX [22] with [0] bytes |
-----------------------------------------------------------------------

2016-08-21 13:50:06:742[cInfo        ] --------BufferInfo::AddMesh() Added mesh successfully-------
2016-08-21 13:50:06:744[cInfo        ] 
2016-08-21 13:50:06:744[cInfo        ] --------------------| START BUFFER MESH INFO |-------------------------------------
2016-08-21 13:50:06:746[cInfo        ] BufferInfo::AddMesh(): NUM VERTS-----------------[172800]
2016-08-21 13:50:06:748[cInfo        ] BufferInfo::AddMesh(): NUM INDICES---------------[0]
2016-08-21 13:50:06:749[cInfo        ] BufferInfo::AddMesh(): VERT OFFSET---------------[0]
2016-08-21 13:50:06:750[cInfo        ] BufferInfo::AddMesh(): INDICES OFFSET (BYTES)----[0]
2016-08-21 13:50:06:751[cInfo        ] --------------------|  END BUFFER MESH INFO  |--------------------------------------
2016-08-21 13:50:06:753[cInfo        ] 

2016-08-21 13:50:06:755[Info         ] ShapeGenerator::ReadSceneFile(): Added new scene [..\Data\Scenes\WaterPlane.ptn.scene] successfully.
2016-08-21 13:50:06:756[cProcess     ] Camera::Initialize() successful.
2016-08-21 13:50:06:767[Process      ] BufferInfo::Initialize() successful.
2016-08-21 13:50:06:767[cInfo        ] 
-----------------------------------------------------------------------
 BufferInfo::CreateBuffers()[4] Created buffers:| VERTEX [23] with [8107776] bytes. || INDEX [24] with [0] bytes |
-----------------------------------------------------------------------

2016-08-21 13:50:06:787[cInfo        ] --------BufferInfo::AddMesh() Added mesh successfully-------
2016-08-21 13:50:06:788[cInfo        ] 
2016-08-21 13:50:06:788[cInfo        ] --------------------| START BUFFER MESH INFO |-------------------------------------
2016-08-21 13:50:06:790[cInfo        ] BufferInfo::AddMesh(): NUM VERTS-----------------[337824]
2016-08-21 13:50:06:791[cInfo        ] BufferInfo::AddMesh(): NUM INDICES---------------[0]
2016-08-21 13:50:06:792[cInfo        ] BufferInfo::AddMesh(): VERT OFFSET---------------[0]
2016-08-21 13:50:06:794[cInfo        ] BufferInfo::AddMesh(): INDICES OFFSET (BYTES)----[0]
2016-08-21 13:50:06:795[cInfo        ] --------------------|  END BUFFER MESH INFO  |--------------------------------------
2016-08-21 13:50:06:797[cInfo        ] 

2016-08-21 13:50:06:798[Info         ] ShapeGenerator::ReadSceneFile(): Added new scene [..\Data\Scenes\Dargon.pn.scene] successfully.
2016-08-21 13:50:06:798[Process      ] BufferInfo::Initialize() successful.
2016-08-21 13:50:06:799[cInfo        ] 
-----------------------------------------------------------------------
 BufferInfo::CreateBuffers()[5] Created buffers:| VERTEX [25] with [1000000] bytes. || INDEX [26] with [1000000] bytes |
-----------------------------------------------------------------------

2016-08-21 13:50:06:805[cInfo        ] --------BufferInfo::AddMesh() Added mesh successfully-------
2016-08-21 13:50:06:807[cInfo        ] 
2016-08-21 13:50:06:808[cInfo        ] --------------------| START BUFFER MESH INFO |-------------------------------------
2016-08-21 13:50:06:810[cInfo        ] BufferInfo::AddMesh(): NUM VERTS-----------------[6]
2016-08-21 13:50:06:811[cInfo        ] BufferInfo::AddMesh(): NUM INDICES---------------[0]
2016-08-21 13:50:06:812[cInfo        ] BufferInfo::AddMesh(): VERT OFFSET---------------[0]
2016-08-21 13:50:06:813[cInfo        ] BufferInfo::AddMesh(): INDICES OFFSET (BYTES)----[0]
2016-08-21 13:50:06:814[cInfo        ] --------------------|  END BUFFER MESH INFO  |--------------------------------------
2016-08-21 13:50:06:815[cInfo        ] 

2016-08-21 13:50:06:817[cProcess     ] BodaciousQuest::Initialize() successful.
2016-08-21 13:50:06:818[Process      ] GameTime::Initialize() ok

2016-08-21 13:50:06:818[cProcess     ] MyWindow::Initialize() successful!
2016-08-21 13:50:09:694[cProcess     ] BufferManager::Shutdown() successful.
2016-08-21 13:50:09:695[cProcess     ] RenderEngine::Shutdown() successful.
2016-08-21 13:50:09:696[cProcess     ] Camera::Shutdown() successful.
2016-08-21 13:50:09:697[Info         ] Shader  [2] deleting...
2016-08-21 13:50:09:697[Info         ] Shader  [2] deleted successfully.
2016-08-21 13:50:09:697[Info         ] Shader  [3] deleting...
2016-08-21 13:50:09:697[Info         ] Shader  [3] deleted successfully.
2016-08-21 13:50:09:697[Info         ] All shaders deleted successfully.
2016-08-21 13:50:09:697[cInfo        ] Program [1] deleted successfully.
2016-08-21 13:50:09:698[Process      ] ShaderProgram[1]::Shutdown successful!
2016-08-21 13:50:09:698[Info         ] Shader  [5] deleting...
2016-08-21 13:50:09:698[Info         ] Shader  [5] deleted successfully.
2016-08-21 13:50:09:698[Info         ] Shader  [6] deleting...
2016-08-21 13:50:09:698[Info         ] Shader  [6] deleted successfully.
2016-08-21 13:50:09:698[Info         ] All shaders deleted successfully.
2016-08-21 13:50:09:698[cInfo        ] Program [4] deleted successfully.
2016-08-21 13:50:09:699[Process      ] ShaderProgram[4]::Shutdown successful!
2016-08-21 13:50:09:699[Info         ] Shader  [8] deleting...
2016-08-21 13:50:09:699[Info         ] Shader  [8] deleted successfully.
2016-08-21 13:50:09:699[Info         ] Shader  [9] deleting...
2016-08-21 13:50:09:699[Info         ] Shader  [9] deleted successfully.
2016-08-21 13:50:09:699[Info         ] All shaders deleted successfully.
2016-08-21 13:50:09:699[cInfo        ] Program [7] deleted successfully.
2016-08-21 13:50:09:700[Process      ] ShaderProgram[7]::Shutdown successful!
2016-08-21 13:50:09:700[Info         ] Shader  [11] deleting...
2016-08-21 13:50:09:700[Info         ] Shader  [11] deleted successfully.
2016-08-21 13:50:09:700[Info         ] Shader  [12] deleting...
2016-08-21 13:50:09:700[Info         ] Shader  [12] deleted successfully.
2016-08-21 13:50:09:700[Info         ] All shaders deleted successfully.
2016-08-21 13:50:09:700[cInfo        ] Program [10] deleted successfully.
2016-08-21 13:50:09:701[Process      ] ShaderProgram[10]::Shutdown successful!
2016-08-21 13:50:09:701[Info         ] Shader  [14] deleting...
2016-08-21 13:50:09:701[Info         ] Shader  [14] deleted successfully.
2016-08-21 13:50:09:701[Info         ] Shader  [15] deleting...
2016-08-21 13:50:09:701[Info         ] Shader  [15] deleted successfully.
2016-08-21 13:50:09:701[Info         ] All shaders deleted successfully.
2016-08-21 13:50:09:701[cInfo        ] Program [13] deleted successfully.
2016-08-21 13:50:09:701[Process      ] ShaderProgram[13]::Shutdown successful!
2016-08-21 13:50:09:702[Info         ] Shader  [17] deleting...
2016-08-21 13:50:09:702[Info         ] Shader  [17] deleted successfully.
2016-08-21 13:50:09:702[Info         ] Shader  [18] deleting...
2016-08-21 13:50:09:702[Info         ] Shader  [18] deleted successfully.
2016-08-21 13:50:09:702[Info         ] All shaders deleted successfully.
2016-08-21 13:50:09:702[cInfo        ] Program [16] deleted successfully.
2016-08-21 13:50:09:705[Process      ] ShaderProgram[16]::Shutdown successful!
2016-08-21 13:50:09:705[Info         ] Shader  [20] deleting...
2016-08-21 13:50:09:705[Info         ] Shader  [20] deleted successfully.
2016-08-21 13:50:09:705[Info         ] Shader  [21] deleting...
2016-08-21 13:50:09:705[Info         ] Shader  [21] deleted successfully.
2016-08-21 13:50:09:705[Info         ] All shaders deleted successfully.
2016-08-21 13:50:09:705[cInfo        ] Program [19] deleted successfully.
2016-08-21 13:50:09:706[Process      ] ShaderProgram[19]::Shutdown successful!
2016-08-21 13:50:09:706[cProcess     ] MyWindow::Shutdown() successful!
2016-08-21 13:50:09:706[cProcess     ] BodaciousQuest::Shutdown() successful.
2016-08-21 13:50:09:717[Process      ] ConfigReader shut down successfully
2016-08-21 13:50:09:717[Process      ] GameLogger::ShutDown() successful
