2016-08-18 13:54:08:409[Process      ] GameLogger::Initialize() opened log file [..\Data\LogFiles\2016-08-18 13-54-08.BodaciousQuest.log] for writing
2016-08-18 13:54:08:409[Info         ] GameLogger::Initialize() successful
2016-08-18 13:54:08:409[Process      ] ConfigReader opened [..\Data\BodaciousQuest.config] successfully
2016-08-18 13:54:08:409[Info         ] ConfigReader initialized successfully
2016-08-18 13:54:08:410[Info         ] Valid KVP [BodaciousQuest.ShowFullScreen] [false] added
2016-08-18 13:54:08:410[Info         ] Valid KVP [BodaciousQuest.FpsInterval] [5.0] added
2016-08-18 13:54:08:410[Info         ] Valid KVP [BodaciousQuest.EnableControls] [true] added
2016-08-18 13:54:08:410[Info         ] Valid KVP [BodaciousQuest.LoadCubeFirst] [true] added
2016-08-18 13:54:08:410[Info         ] Valid KVP [BodaciousQuest.CameraWalkMode] [false] added
2016-08-18 13:54:08:410[Info         ] Valid KVP [BodaciousQuest.GridSize] [40] added
2016-08-18 13:54:08:410[Info         ] Valid KVP [BodaciousQuest.LightingTest.Ambient.Color] [1.0  1.0  1.0] added
2016-08-18 13:54:08:410[Info         ] Valid KVP [BodaciousQuest.LightingTest.Diffuse.Color] [1.0  1.0  1.0] added
2016-08-18 13:54:08:410[Info         ] Valid KVP [BodaciousQuest.LightingTest.Specular.Color] [1.0  1.0  1.0] added
2016-08-18 13:54:08:410[Info         ] Valid KVP [BodaciousQuest.LightingTest.Ambient.Reflectivity] [0.01] added
2016-08-18 13:54:08:410[Info         ] Valid KVP [BodaciousQuest.LightingTest.Diffuse.Reflectivity] [0.6] added
2016-08-18 13:54:08:410[Info         ] Valid KVP [BodaciousQuest.LightingTest.Specular.Reflectivity] [0.5] added
2016-08-18 13:54:08:410[Info         ] Valid KVP [BodaciousQuest.LightingTest.Specular.Shininess] [0.4] added
2016-08-18 13:54:08:410[Info         ] Valid KVP [BodaciousQuest.LightingTest.Falloff.A] [1.0] added
2016-08-18 13:54:08:410[Info         ] Valid KVP [BodaciousQuest.LightingTest.Falloff.B] [0.01] added
2016-08-18 13:54:08:410[Info         ] Valid KVP [BodaciousQuest.LightingTest.Falloff.C] [0.1] added
2016-08-18 13:54:08:410[Info         ] Valid KVP [BodaciousQuest.LightingTest.Directional] [false] added
2016-08-18 13:54:08:411[Info         ] Valid KVP [BodaciousQuest.LightingTest.Direction] [-1.0 0.0 1.0] added
2016-08-18 13:54:08:411[Info         ] Valid KVP [BodaciousQuest.LightingTest.Light.Position] [-0.875458 3.673020 1.043331] added
2016-08-18 13:54:08:411[Info         ] Valid KVP [BodaciousQuest.LightingTest.Dargon.Color] [1.0 1.0 0.4] added
2016-08-18 13:54:08:411[Info         ] Valid KVP [ObjConverter.Mode.VertexType] [p] added
2016-08-18 13:54:08:411[Info         ] Valid KVP [ObjConverter.Mode.Analyze] [false] added
2016-08-18 13:54:08:411[Info         ] Valid KVP [ObjConverter.Model] [AIWorld] added
2016-08-18 13:54:08:411[Info         ] Valid KVP [ObjConverter.Shader] [0] added
2016-08-18 13:54:08:411[Info         ] Valid KVP [ObjConverter.Color] [random] added
2016-08-18 13:54:08:411[Info         ] Valid KVP [ObjConverter.Obj.InputFileFolder] [..\\Data\\Objs\\] added
2016-08-18 13:54:08:411[Info         ] Valid KVP [ObjConverter.Scene.OutputFileFolder] [..\\Data\\Scenes\\] added
2016-08-18 13:54:08:411[Info         ] Valid KVP [ObjConverter.Model.Dargon.NumVerts] [57967] added
2016-08-18 13:54:08:411[Info         ] Valid KVP [ObjConverter.Model.Dargon.NumIndices] [337824] added
2016-08-18 13:54:08:411[Info         ] Valid KVP [ObjConverter.Model.Dargon.NumTexCoords] [60175] added
2016-08-18 13:54:08:411[Info         ] Valid KVP [ObjConverter.Model.Dargon.NumNormals] [337824] added
2016-08-18 13:54:08:411[Info         ] Valid KVP [ObjConverter.Model.Swamp.NumVerts] [2735] added
2016-08-18 13:54:08:411[Info         ] Valid KVP [ObjConverter.Model.Swamp.NumIndices] [8556] added
2016-08-18 13:54:08:411[Info         ] Valid KVP [ObjConverter.Model.Swamp.NumTexCoords] [3622] added
2016-08-18 13:54:08:411[Info         ] Valid KVP [ObjConverter.Model.Swamp.NumNormals] [5156] added
2016-08-18 13:54:08:411[Info         ] Valid KVP [ObjConverter.Model.Pyramid.NumVerts] [5] added
2016-08-18 13:54:08:411[Info         ] Valid KVP [ObjConverter.Model.Pyramid.NumIndices] [18] added
2016-08-18 13:54:08:411[Info         ] Valid KVP [ObjConverter.Model.Pyramid.NumTexCoords] [10] added
2016-08-18 13:54:08:411[Info         ] Valid KVP [ObjConverter.Model.Pyramid.NumNormals] [16] added
2016-08-18 13:54:08:411[Info         ] Valid KVP [ObjConverter.Model.AIWorld.NumVerts] [1957] added
2016-08-18 13:54:08:411[Info         ] Valid KVP [ObjConverter.Model.AIWorld.NumIndices] [8718] added
2016-08-18 13:54:08:411[Info         ] Valid KVP [ObjConverter.Model.AIWorld.NumTexCoords] [4186] added
2016-08-18 13:54:08:411[Info         ] Valid KVP [ObjConverter.Model.AIWorld.NumNormals] [5418] added
2016-08-18 13:54:08:411[Info         ] Valid KVP [ObjConverter.Model.GameWeapon.NumVerts] [2068] added
2016-08-18 13:54:08:411[Info         ] Valid KVP [ObjConverter.Model.GameWeapon.NumIndices] [9894] added
2016-08-18 13:54:08:411[Info         ] Valid KVP [ObjConverter.Model.GameWeapon.NumTexCoords] [0] added
2016-08-18 13:54:08:411[Info         ] Valid KVP [ObjConverter.Model.GameWeapon.NumNormals] [0] added
2016-08-18 13:54:08:411[Info         ] Valid KVP [ObjConverter.Model.Chicken.NumVerts] [224] added
2016-08-18 13:54:08:411[Info         ] Valid KVP [ObjConverter.Model.Chicken.NumIndices] [1374] added
2016-08-18 13:54:08:411[Info         ] Valid KVP [ObjConverter.Model.Chicken.NumTexCoords] [472] added
2016-08-18 13:54:08:411[Info         ] Valid KVP [ObjConverter.Model.Chicken.NumNormals] [565] added
2016-08-18 13:54:08:411[Info         ] Valid KVP [ObjConverter.Model.WaterPlane.NumVerts] [29282] added
2016-08-18 13:54:08:411[Info         ] Valid KVP [ObjConverter.Model.WaterPlane.NumIndices] [172800] added
2016-08-18 13:54:08:411[Info         ] Valid KVP [ObjConverter.Model.WaterPlane.NumTexCoords] [29282] added
2016-08-18 13:54:08:411[Info         ] Valid KVP [ObjConverter.Model.WaterPlane.NumNormals] [172800] added
2016-08-18 13:54:08:411[Info         ] Valid KVP [ObjConverter.Model.Cube.NumVerts] [8] added
2016-08-18 13:54:08:412[Info         ] Valid KVP [ObjConverter.Model.Cube.NumIndices] [36] added
2016-08-18 13:54:08:412[Info         ] Valid KVP [ObjConverter.Model.Cube.NumTexCoords] [14] added
2016-08-18 13:54:08:412[Info         ] Valid KVP [ObjConverter.Model.Cube.NumNormals] [24] added
2016-08-18 13:54:08:412[Info         ] Valid KVP [ObjConverter.Model.Barrel.NumVerts] [172] added
2016-08-18 13:54:08:412[Info         ] Valid KVP [ObjConverter.Model.Barrel.NumIndices] [1008] added
2016-08-18 13:54:08:412[Info         ] Valid KVP [ObjConverter.Model.Barrel.NumTexCoords] [328] added
2016-08-18 13:54:08:412[Info         ] Valid KVP [ObjConverter.Model.Barrel.NumNormals] [204] added
2016-08-18 13:54:08:412[Info         ] Valid KVP [ObjConverter.Model.SkyBox.NumVerts] [8] added
2016-08-18 13:54:08:412[Info         ] Valid KVP [ObjConverter.Model.SkyBox.NumIndices] [36] added
2016-08-18 13:54:08:412[Info         ] Valid KVP [ObjConverter.Model.SkyBox.NumTexCoords] [18] added
2016-08-18 13:54:08:412[Info         ] Valid KVP [ObjConverter.Model.SkyBox.NumNormals] [24] added
2016-08-18 13:54:08:484[cInfo        ] Config reader opened [..\Data\BodaciousQuest.config] for reading!
2016-08-18 13:54:08:540[Process      ] ShaderManager Initialized successfully
2016-08-18 13:54:08:540[Info         ] Shader Init started
2016-08-18 13:54:08:540[Info         ] Shader Program created.
2016-08-18 13:54:08:540[Process      ] ShaderProgram::Initialize()[1] successful!
2016-08-18 13:54:08:540[Debug        ] File [..\Data\shaders\debug.vert.shader] Opened successfully! Buffer Length:[291]
2016-08-18 13:54:08:540[Debug        ] Shader file [..\Data\shaders\debug.vert.shader] contents:
//BEGIN
#version 430 core

layout(location = 0)  in vec3 vPosition;

layout(location = 15) uniform vec3 colorin;
layout(location = 16) uniform mat4 MAT;

out vec4 color;

void main()
{
	vec4 vertPos = vec4(vPosition, 1.0);
	gl_Position = MAT *  vertPos;
	color = vec4(colorin, 1.0);
}
//END

2016-08-18 13:54:08:541[Debug        ]  ShaderProgram::AddShader() file with data was read in
2016-08-18 13:54:08:541[Debug        ] ShaderProgram::AddShader() : glShaderSource() successful
2016-08-18 13:54:08:542[Debug        ] ShaderProgram::AddShader() : glCompileShader() successful
2016-08-18 13:54:08:542[Info         ] ShaderProgram::CheckShaderCompileStatus(2) successful.
2016-08-18 13:54:08:542[Debug        ] ShaderProgram::AddShader() : glCompileShader() successful
2016-08-18 13:54:08:542[Info         ] ShaderInfo saved successfully.
2016-08-18 13:54:08:542[Debug        ] ShaderProgram::AddShader() : glAttachShader() successful
2016-08-18 13:54:08:542[Info         ] ShaderProgram::AddShader [2] successful.
2016-08-18 13:54:08:542[Debug        ] File [..\Data\shaders\debug.frag.shader] Opened successfully! Buffer Length:[104]
2016-08-18 13:54:08:542[Debug        ] Shader file [..\Data\shaders\debug.frag.shader] contents:
//BEGIN
#version 430 core


in  vec4 color;
out vec4 outColor;

void main()
{
	outColor = color;
}


//END

2016-08-18 13:54:08:542[Debug        ]  ShaderProgram::AddShader() file with data was read in
2016-08-18 13:54:08:542[Debug        ] ShaderProgram::AddShader() : glShaderSource() successful
2016-08-18 13:54:08:542[Debug        ] ShaderProgram::AddShader() : glCompileShader() successful
2016-08-18 13:54:08:542[Info         ] ShaderProgram::CheckShaderCompileStatus(3) successful.
2016-08-18 13:54:08:542[Debug        ] ShaderProgram::AddShader() : glCompileShader() successful
2016-08-18 13:54:08:542[Info         ] ShaderInfo saved successfully.
2016-08-18 13:54:08:542[Debug        ] ShaderProgram::AddShader() : glAttachShader() successful
2016-08-18 13:54:08:542[Info         ] ShaderProgram::AddShader [3] successful.
2016-08-18 13:54:08:544[Info         ] CheckProgramStatus() successful!
2016-08-18 13:54:08:544[Info         ] CheckProgramStatus() successful!
2016-08-18 13:54:08:544[Info         ] Shader Init started
2016-08-18 13:54:08:544[Info         ] Shader Program created.
2016-08-18 13:54:08:544[Process      ] ShaderProgram::Initialize()[4] successful!
2016-08-18 13:54:08:544[Debug        ] File [..\Data\shaders\play.vert.shader] Opened successfully! Buffer Length:[343]
2016-08-18 13:54:08:544[Debug        ] Shader file [..\Data\shaders\play.vert.shader] contents:
//BEGIN
#version 430 core

layout (location = 0)  in vec3 vPosition;
layout (location = 1)  in vec3 vColor;
layout (location = 15) uniform vec3 colorin;
layout (location = 16) uniform mat4 MAT;

out vec4 color;

void main()
{
	vec4 vertPos = vec4(vPosition, 1.0);
	gl_Position = MAT *  vertPos;
	color = vec4((vColor + colorin), 1.0);
}
//END

2016-08-18 13:54:08:544[Debug        ]  ShaderProgram::AddShader() file with data was read in
2016-08-18 13:54:08:544[Debug        ] ShaderProgram::AddShader() : glShaderSource() successful
2016-08-18 13:54:08:544[Debug        ] ShaderProgram::AddShader() : glCompileShader() successful
2016-08-18 13:54:08:544[Info         ] ShaderProgram::CheckShaderCompileStatus(5) successful.
2016-08-18 13:54:08:544[Debug        ] ShaderProgram::AddShader() : glCompileShader() successful
2016-08-18 13:54:08:544[Info         ] ShaderInfo saved successfully.
2016-08-18 13:54:08:544[Debug        ] ShaderProgram::AddShader() : glAttachShader() successful
2016-08-18 13:54:08:544[Info         ] ShaderProgram::AddShader [5] successful.
2016-08-18 13:54:08:544[Debug        ] File [..\Data\shaders\play.frag.shader] Opened successfully! Buffer Length:[391]
2016-08-18 13:54:08:544[Debug        ] Shader file [..\Data\shaders\play.frag.shader] contents:
//BEGIN
#version 430 core


in  vec4 color;
out vec4 outColor;

void main()
{

	//if (color.r < .7) discard;
	outColor = color;

	//if(((gl_FragCoord.x  > 600)&& (gl_FragCoord.y < 300)) || ((gl_FragCoord.y < 300)  && (gl_FragCoord.x  < 600) )) {
	//discard;
	//}

	//vec2 scrPos = vec2(gl_FragCoord) - vec2(350,150);
	//float len =  length(scrPos);
	//if(len < 50 )discard;
}


//END

2016-08-18 13:54:08:544[Debug        ]  ShaderProgram::AddShader() file with data was read in
2016-08-18 13:54:08:544[Debug        ] ShaderProgram::AddShader() : glShaderSource() successful
2016-08-18 13:54:08:545[Debug        ] ShaderProgram::AddShader() : glCompileShader() successful
2016-08-18 13:54:08:545[Info         ] ShaderProgram::CheckShaderCompileStatus(6) successful.
2016-08-18 13:54:08:545[Debug        ] ShaderProgram::AddShader() : glCompileShader() successful
2016-08-18 13:54:08:545[Info         ] ShaderInfo saved successfully.
2016-08-18 13:54:08:545[Debug        ] ShaderProgram::AddShader() : glAttachShader() successful
2016-08-18 13:54:08:545[Info         ] ShaderProgram::AddShader [6] successful.
2016-08-18 13:54:08:546[Info         ] CheckProgramStatus() successful!
2016-08-18 13:54:08:546[Info         ] CheckProgramStatus() successful!
2016-08-18 13:54:08:546[Info         ] Shader Init started
2016-08-18 13:54:08:546[Info         ] Shader Program created.
2016-08-18 13:54:08:546[Process      ] ShaderProgram::Initialize()[7] successful!
2016-08-18 13:54:08:546[Debug        ] File [..\Data\shaders\texture.vert.shader] Opened successfully! Buffer Length:[305]
2016-08-18 13:54:08:546[Debug        ] Shader file [..\Data\shaders\texture.vert.shader] contents:
//BEGIN
#version 430 core

layout (location = 0)  in vec3 vPosition;
layout (location = 1)  in vec2 vUV;

layout (location = 16) uniform mat4 MAT;

//out data
out vec2 UV;

//out vec4 color;

void main()
{
	vec4 vertPos = vec4(vPosition, 1.0);
	gl_Position = MAT *  vertPos;

	UV = vUV;
	
	
}
//END

2016-08-18 13:54:08:546[Debug        ]  ShaderProgram::AddShader() file with data was read in
2016-08-18 13:54:08:546[Debug        ] ShaderProgram::AddShader() : glShaderSource() successful
2016-08-18 13:54:08:546[Debug        ] ShaderProgram::AddShader() : glCompileShader() successful
2016-08-18 13:54:08:546[Info         ] ShaderProgram::CheckShaderCompileStatus(8) successful.
2016-08-18 13:54:08:546[Debug        ] ShaderProgram::AddShader() : glCompileShader() successful
2016-08-18 13:54:08:546[Info         ] ShaderInfo saved successfully.
2016-08-18 13:54:08:546[Debug        ] ShaderProgram::AddShader() : glAttachShader() successful
2016-08-18 13:54:08:546[Info         ] ShaderProgram::AddShader [8] successful.
2016-08-18 13:54:08:546[Debug        ] File [..\Data\shaders\texture.frag.shader] Opened successfully! Buffer Length:[482]
2016-08-18 13:54:08:546[Debug        ] Shader file [..\Data\shaders\texture.frag.shader] contents:
//BEGIN
#version 430 core


in  vec2 UV;
out vec4 outColor;

layout(location = 20) uniform sampler2D textureSampler;

void main()
{

	//if (color.r < .7) discard;
	outColor = vec4(texture(textureSampler, UV).rgb, 1.0);

	//if(((gl_FragCoord.x  > 600)&& (gl_FragCoord.y < 300)) || ((gl_FragCoord.y < 300)  && (gl_FragCoord.x  < 600) )) {
	//discard;
	//}
	//vec2 scrPos = vec2(gl_FragCoord) - vec2(350,150);
	//float len =  length(scrPos);
	//if(len < 50 )discard;
}


//END

2016-08-18 13:54:08:546[Debug        ]  ShaderProgram::AddShader() file with data was read in
2016-08-18 13:54:08:546[Debug        ] ShaderProgram::AddShader() : glShaderSource() successful
2016-08-18 13:54:08:547[Debug        ] ShaderProgram::AddShader() : glCompileShader() successful
2016-08-18 13:54:08:547[Info         ] ShaderProgram::CheckShaderCompileStatus(9) successful.
2016-08-18 13:54:08:547[Debug        ] ShaderProgram::AddShader() : glCompileShader() successful
2016-08-18 13:54:08:547[Info         ] ShaderInfo saved successfully.
2016-08-18 13:54:08:547[Debug        ] ShaderProgram::AddShader() : glAttachShader() successful
2016-08-18 13:54:08:547[Info         ] ShaderProgram::AddShader [9] successful.
2016-08-18 13:54:08:548[Info         ] CheckProgramStatus() successful!
2016-08-18 13:54:08:548[Info         ] CheckProgramStatus() successful!
2016-08-18 13:54:08:548[Info         ] Shader Init started
2016-08-18 13:54:08:548[Info         ] Shader Program created.
2016-08-18 13:54:08:548[Process      ] ShaderProgram::Initialize()[10] successful!
2016-08-18 13:54:08:548[Debug        ] File [..\Data\shaders\framebuffer.vert.shader] Opened successfully! Buffer Length:[305]
2016-08-18 13:54:08:548[Debug        ] Shader file [..\Data\shaders\framebuffer.vert.shader] contents:
//BEGIN
#version 430 core

layout (location = 0)  in vec3 vPosition;
layout (location = 1)  in vec2 vUV;

layout (location = 16) uniform mat4 MAT;

//out data
out vec2 UV;

//out vec4 color;

void main()
{
	vec4 vertPos = vec4(vPosition, 1.0);
	gl_Position = MAT *  vertPos;

	UV = vUV;
	
	
}
//END

2016-08-18 13:54:08:548[Debug        ]  ShaderProgram::AddShader() file with data was read in
2016-08-18 13:54:08:548[Debug        ] ShaderProgram::AddShader() : glShaderSource() successful
2016-08-18 13:54:08:548[Debug        ] ShaderProgram::AddShader() : glCompileShader() successful
2016-08-18 13:54:08:548[Info         ] ShaderProgram::CheckShaderCompileStatus(11) successful.
2016-08-18 13:54:08:548[Debug        ] ShaderProgram::AddShader() : glCompileShader() successful
2016-08-18 13:54:08:548[Info         ] ShaderInfo saved successfully.
2016-08-18 13:54:08:548[Debug        ] ShaderProgram::AddShader() : glAttachShader() successful
2016-08-18 13:54:08:548[Info         ] ShaderProgram::AddShader [11] successful.
2016-08-18 13:54:08:548[Debug        ] File [..\Data\shaders\framebuffer.frag.shader] Opened successfully! Buffer Length:[275]
2016-08-18 13:54:08:548[Debug        ] Shader file [..\Data\shaders\framebuffer.frag.shader] contents:
//BEGIN
#version 430 core


in  vec2 UV;
out vec4 outColor;

layout(location = 20) uniform sampler2D textureSampler;

void main()
{


	vec3 tempCol = texture(textureSampler, UV).rgb;

	outColor = vec4(tempCol.r / 1.5f, tempCol.g / 1.5f, tempCol.b / 1.5f, 1.0f);
}


//END

2016-08-18 13:54:08:548[Debug        ]  ShaderProgram::AddShader() file with data was read in
2016-08-18 13:54:08:548[Debug        ] ShaderProgram::AddShader() : glShaderSource() successful
2016-08-18 13:54:08:549[Debug        ] ShaderProgram::AddShader() : glCompileShader() successful
2016-08-18 13:54:08:549[Info         ] ShaderProgram::CheckShaderCompileStatus(12) successful.
2016-08-18 13:54:08:549[Debug        ] ShaderProgram::AddShader() : glCompileShader() successful
2016-08-18 13:54:08:549[Info         ] ShaderInfo saved successfully.
2016-08-18 13:54:08:549[Debug        ] ShaderProgram::AddShader() : glAttachShader() successful
2016-08-18 13:54:08:549[Info         ] ShaderProgram::AddShader [12] successful.
2016-08-18 13:54:08:550[Info         ] CheckProgramStatus() successful!
2016-08-18 13:54:08:550[Info         ] CheckProgramStatus() successful!
2016-08-18 13:54:08:550[Info         ] Shader Init started
2016-08-18 13:54:08:550[Info         ] Shader Program created.
2016-08-18 13:54:08:550[Process      ] ShaderProgram::Initialize()[13] successful!
2016-08-18 13:54:08:550[Debug        ] File [..\Data\shaders\lighting.vert.shader] Opened successfully! Buffer Length:[1121]
2016-08-18 13:54:08:550[cDebug       ] Shader file [..\Data\shaders\lighting.vert.shader] is too big to display contents.
2016-08-18 13:54:08:552[Debug        ]  ShaderProgram::AddShader() file with data was read in
2016-08-18 13:54:08:552[Debug        ] ShaderProgram::AddShader() : glShaderSource() successful
2016-08-18 13:54:08:552[Debug        ] ShaderProgram::AddShader() : glCompileShader() successful
2016-08-18 13:54:08:552[Info         ] ShaderProgram::CheckShaderCompileStatus(14) successful.
2016-08-18 13:54:08:552[Debug        ] ShaderProgram::AddShader() : glCompileShader() successful
2016-08-18 13:54:08:552[Info         ] ShaderInfo saved successfully.
2016-08-18 13:54:08:552[Debug        ] ShaderProgram::AddShader() : glAttachShader() successful
2016-08-18 13:54:08:552[Info         ] ShaderProgram::AddShader [14] successful.
2016-08-18 13:54:08:552[Debug        ] File [..\Data\shaders\lighting.frag.shader] Opened successfully! Buffer Length:[1744]
2016-08-18 13:54:08:552[cDebug       ] Shader file [..\Data\shaders\lighting.frag.shader] is too big to display contents.
2016-08-18 13:54:08:554[Debug        ]  ShaderProgram::AddShader() file with data was read in
2016-08-18 13:54:08:554[Debug        ] ShaderProgram::AddShader() : glShaderSource() successful
2016-08-18 13:54:08:555[Debug        ] ShaderProgram::AddShader() : glCompileShader() successful
2016-08-18 13:54:08:555[Info         ] ShaderProgram::CheckShaderCompileStatus(15) successful.
2016-08-18 13:54:08:555[Debug        ] ShaderProgram::AddShader() : glCompileShader() successful
2016-08-18 13:54:08:555[Info         ] ShaderInfo saved successfully.
2016-08-18 13:54:08:555[Debug        ] ShaderProgram::AddShader() : glAttachShader() successful
2016-08-18 13:54:08:555[Info         ] ShaderProgram::AddShader [15] successful.
2016-08-18 13:54:08:559[Info         ] CheckProgramStatus() successful!
2016-08-18 13:54:08:559[Info         ] CheckProgramStatus() successful!
2016-08-18 13:54:08:559[Info         ] Shader Init started
2016-08-18 13:54:08:559[Info         ] Shader Program created.
2016-08-18 13:54:08:559[Process      ] ShaderProgram::Initialize()[16] successful!
2016-08-18 13:54:08:559[Debug        ] File [..\Data\shaders\texlighting.vert.shader] Opened successfully! Buffer Length:[1110]
2016-08-18 13:54:08:560[cDebug       ] Shader file [..\Data\shaders\texlighting.vert.shader] is too big to display contents.
2016-08-18 13:54:08:562[Debug        ]  ShaderProgram::AddShader() file with data was read in
2016-08-18 13:54:08:562[Debug        ] ShaderProgram::AddShader() : glShaderSource() successful
2016-08-18 13:54:08:562[Debug        ] ShaderProgram::AddShader() : glCompileShader() successful
2016-08-18 13:54:08:562[Info         ] ShaderProgram::CheckShaderCompileStatus(17) successful.
2016-08-18 13:54:08:563[Debug        ] ShaderProgram::AddShader() : glCompileShader() successful
2016-08-18 13:54:08:563[Info         ] ShaderInfo saved successfully.
2016-08-18 13:54:08:563[Debug        ] ShaderProgram::AddShader() : glAttachShader() successful
2016-08-18 13:54:08:563[Info         ] ShaderProgram::AddShader [17] successful.
2016-08-18 13:54:08:563[Debug        ] File [..\Data\shaders\texlighting.frag.shader] Opened successfully! Buffer Length:[1717]
2016-08-18 13:54:08:563[cDebug       ] Shader file [..\Data\shaders\texlighting.frag.shader] is too big to display contents.
2016-08-18 13:54:08:564[Debug        ]  ShaderProgram::AddShader() file with data was read in
2016-08-18 13:54:08:564[Debug        ] ShaderProgram::AddShader() : glShaderSource() successful
2016-08-18 13:54:08:565[Debug        ] ShaderProgram::AddShader() : glCompileShader() successful
2016-08-18 13:54:08:565[Info         ] ShaderProgram::CheckShaderCompileStatus(18) successful.
2016-08-18 13:54:08:565[Debug        ] ShaderProgram::AddShader() : glCompileShader() successful
2016-08-18 13:54:08:565[Info         ] ShaderInfo saved successfully.
2016-08-18 13:54:08:565[Debug        ] ShaderProgram::AddShader() : glAttachShader() successful
2016-08-18 13:54:08:565[Info         ] ShaderProgram::AddShader [18] successful.
2016-08-18 13:54:08:568[Info         ] CheckProgramStatus() successful!
2016-08-18 13:54:08:568[Info         ] CheckProgramStatus() successful!
2016-08-18 13:54:08:568[Info         ] Shader Init started
2016-08-18 13:54:08:568[Info         ] Shader Program created.
2016-08-18 13:54:08:568[Process      ] ShaderProgram::Initialize()[19] successful!
2016-08-18 13:54:08:568[Debug        ] File [..\Data\shaders\water.vert.shader] Opened successfully! Buffer Length:[1400]
2016-08-18 13:54:08:568[cDebug       ] Shader file [..\Data\shaders\water.vert.shader] is too big to display contents.
2016-08-18 13:54:08:571[Debug        ]  ShaderProgram::AddShader() file with data was read in
2016-08-18 13:54:08:571[Debug        ] ShaderProgram::AddShader() : glShaderSource() successful
2016-08-18 13:54:08:571[Debug        ] ShaderProgram::AddShader() : glCompileShader() successful
2016-08-18 13:54:08:571[Info         ] ShaderProgram::CheckShaderCompileStatus(20) successful.
2016-08-18 13:54:08:571[Debug        ] ShaderProgram::AddShader() : glCompileShader() successful
2016-08-18 13:54:08:571[Info         ] ShaderInfo saved successfully.
2016-08-18 13:54:08:571[Debug        ] ShaderProgram::AddShader() : glAttachShader() successful
2016-08-18 13:54:08:571[Info         ] ShaderProgram::AddShader [20] successful.
2016-08-18 13:54:08:571[Debug        ] File [..\Data\shaders\water.frag.shader] Opened successfully! Buffer Length:[2436]
2016-08-18 13:54:08:571[cDebug       ] Shader file [..\Data\shaders\water.frag.shader] is too big to display contents.
2016-08-18 13:54:08:573[Debug        ]  ShaderProgram::AddShader() file with data was read in
2016-08-18 13:54:08:573[Debug        ] ShaderProgram::AddShader() : glShaderSource() successful
2016-08-18 13:54:08:574[Debug        ] ShaderProgram::AddShader() : glCompileShader() successful
2016-08-18 13:54:08:574[Info         ] ShaderProgram::CheckShaderCompileStatus(21) successful.
2016-08-18 13:54:08:574[Debug        ] ShaderProgram::AddShader() : glCompileShader() successful
2016-08-18 13:54:08:574[Info         ] ShaderInfo saved successfully.
2016-08-18 13:54:08:574[Debug        ] ShaderProgram::AddShader() : glAttachShader() successful
2016-08-18 13:54:08:574[Info         ] ShaderProgram::AddShader [21] successful.
2016-08-18 13:54:08:577[Info         ] CheckProgramStatus() successful!
2016-08-18 13:54:08:577[Info         ] CheckProgramStatus() successful!
2016-08-18 13:54:08:578[Info         ] GetAttribLocation [vPosition] successful.
2016-08-18 13:54:08:578[Info         ] GetUniformLocation [colorin] successful.
2016-08-18 13:54:08:578[Info         ] GetUniformLocation [MAT] successful.
2016-08-18 13:54:08:578[cProcess     ] RenderEngine::Initialize() successful.
2016-08-18 13:54:08:580[cInfo        ] 
-----------------------------------------------------------------------
 BufferInfo::CreateBuffers()[0] Created buffers:| VERTEX [1] with [80] bytes. || INDEX [2] with [24] bytes |
-----------------------------------------------------------------------

2016-08-18 13:54:08:586[cInfo        ] --------BufferInfo::AddMesh() Added mesh successfully-------
2016-08-18 13:54:08:587[cInfo        ] 
2016-08-18 13:54:08:589[cInfo        ] --------------------| START BUFFER MESH INFO |-------------------------------------
2016-08-18 13:54:08:591[cInfo        ] BufferInfo::AddMesh(): NUM VERTS-----------------[4]
2016-08-18 13:54:08:594[cInfo        ] BufferInfo::AddMesh(): NUM INDICES---------------[6]
2016-08-18 13:54:08:595[cInfo        ] BufferInfo::AddMesh(): VERT OFFSET---------------[0]
2016-08-18 13:54:08:596[cInfo        ] BufferInfo::AddMesh(): INDICES OFFSET (BYTES)----[0]
2016-08-18 13:54:08:597[cInfo        ] --------------------|  END BUFFER MESH INFO  |--------------------------------------
2016-08-18 13:54:08:599[cInfo        ] 

2016-08-18 13:54:08:600[cInfo        ] 
-----------------------------------------------------------------------
 BufferInfo::CreateBuffers()[0] Created buffers:| VERTEX [3] with [96] bytes. || INDEX [4] with [48] bytes |
-----------------------------------------------------------------------

2016-08-18 13:54:08:606[cInfo        ] --------BufferInfo::AddMesh() Added mesh successfully-------
2016-08-18 13:54:08:610[cInfo        ] 
2016-08-18 13:54:08:611[cInfo        ] --------------------| START BUFFER MESH INFO |-------------------------------------
2016-08-18 13:54:08:612[cInfo        ] BufferInfo::AddMesh(): NUM VERTS-----------------[8]
2016-08-18 13:54:08:613[cInfo        ] BufferInfo::AddMesh(): NUM INDICES---------------[24]
2016-08-18 13:54:08:614[cInfo        ] BufferInfo::AddMesh(): VERT OFFSET---------------[0]
2016-08-18 13:54:08:615[cInfo        ] BufferInfo::AddMesh(): INDICES OFFSET (BYTES)----[0]
2016-08-18 13:54:08:616[cInfo        ] --------------------|  END BUFFER MESH INFO  |--------------------------------------
2016-08-18 13:54:08:617[cInfo        ] 

2016-08-18 13:54:08:618[cInfo        ] 
-----------------------------------------------------------------------
 BufferInfo::CreateBuffers()[0] Created buffers:| VERTEX [5] with [864] bytes. || INDEX [6] with [0] bytes |
-----------------------------------------------------------------------

2016-08-18 13:54:08:622[cInfo        ] --------BufferInfo::AddMesh() Added mesh successfully-------
2016-08-18 13:54:08:623[cInfo        ] 
2016-08-18 13:54:08:624[cInfo        ] --------------------| START BUFFER MESH INFO |-------------------------------------
2016-08-18 13:54:08:625[cInfo        ] BufferInfo::AddMesh(): NUM VERTS-----------------[36]
2016-08-18 13:54:08:626[cInfo        ] BufferInfo::AddMesh(): NUM INDICES---------------[0]
2016-08-18 13:54:08:627[cInfo        ] BufferInfo::AddMesh(): VERT OFFSET---------------[0]
2016-08-18 13:54:08:629[cInfo        ] BufferInfo::AddMesh(): INDICES OFFSET (BYTES)----[0]
2016-08-18 13:54:08:630[cInfo        ] --------------------|  END BUFFER MESH INFO  |--------------------------------------
2016-08-18 13:54:08:631[cInfo        ] 

2016-08-18 13:54:08:632[cInfo        ] 
-----------------------------------------------------------------------
 BufferInfo::CreateBuffers()[0] Created buffers:| VERTEX [7] with [144] bytes. || INDEX [8] with [0] bytes |
-----------------------------------------------------------------------

2016-08-18 13:54:08:636[cInfo        ] --------BufferInfo::AddMesh() Added mesh successfully-------
2016-08-18 13:54:08:637[cInfo        ] 
2016-08-18 13:54:08:639[cInfo        ] --------------------| START BUFFER MESH INFO |-------------------------------------
2016-08-18 13:54:08:642[cInfo        ] BufferInfo::AddMesh(): NUM VERTS-----------------[6]
2016-08-18 13:54:08:643[cInfo        ] BufferInfo::AddMesh(): NUM INDICES---------------[0]
2016-08-18 13:54:08:645[cInfo        ] BufferInfo::AddMesh(): VERT OFFSET---------------[0]
2016-08-18 13:54:08:646[cInfo        ] BufferInfo::AddMesh(): INDICES OFFSET (BYTES)----[0]
2016-08-18 13:54:08:649[cInfo        ] --------------------|  END BUFFER MESH INFO  |--------------------------------------
2016-08-18 13:54:08:651[cInfo        ] 

2016-08-18 13:54:08:652[cProcess     ] BufferManager::Initialize() successful.
2016-08-18 13:54:08:653[cInfo        ] 
-----------------------------------------------------------------------
 BufferInfo::CreateBuffers()[0] Created buffers:| VERTEX [9] with [1000000] bytes. || INDEX [10] with [1000000] bytes |
-----------------------------------------------------------------------

2016-08-18 13:54:08:657[cInfo        ] --------BufferInfo::AddMesh() Added mesh successfully-------
2016-08-18 13:54:08:660[cInfo        ] 
2016-08-18 13:54:08:660[cInfo        ] --------------------| START BUFFER MESH INFO |-------------------------------------
2016-08-18 13:54:08:661[cInfo        ] BufferInfo::AddMesh(): NUM VERTS-----------------[24]
2016-08-18 13:54:08:662[cInfo        ] BufferInfo::AddMesh(): NUM INDICES---------------[36]
2016-08-18 13:54:08:663[cInfo        ] BufferInfo::AddMesh(): VERT OFFSET---------------[0]
2016-08-18 13:54:08:664[cInfo        ] BufferInfo::AddMesh(): INDICES OFFSET (BYTES)----[0]
2016-08-18 13:54:08:665[cInfo        ] --------------------|  END BUFFER MESH INFO  |--------------------------------------
2016-08-18 13:54:08:666[cInfo        ] 

2016-08-18 13:54:08:669[cProcess     ] BufferManager::Initialize() successful.
2016-08-18 13:54:08:670[cInfo        ] 
-----------------------------------------------------------------------
 BufferInfo::CreateBuffers()[1] Created buffers:| VERTEX [11] with [1000000] bytes. || INDEX [12] with [1000000] bytes |
-----------------------------------------------------------------------

2016-08-18 13:54:08:674[cInfo        ] --------BufferInfo::AddMesh() Added mesh successfully-------
2016-08-18 13:54:08:675[cInfo        ] 
2016-08-18 13:54:08:675[cInfo        ] --------------------| START BUFFER MESH INFO |-------------------------------------
2016-08-18 13:54:08:677[cInfo        ] BufferInfo::AddMesh(): NUM VERTS-----------------[1536]
2016-08-18 13:54:08:677[cInfo        ] BufferInfo::AddMesh(): NUM INDICES---------------[3072]
2016-08-18 13:54:08:679[cInfo        ] BufferInfo::AddMesh(): VERT OFFSET---------------[0]
2016-08-18 13:54:08:680[cInfo        ] BufferInfo::AddMesh(): INDICES OFFSET (BYTES)----[0]
2016-08-18 13:54:08:681[cInfo        ] --------------------|  END BUFFER MESH INFO  |--------------------------------------
2016-08-18 13:54:08:682[cInfo        ] 

2016-08-18 13:54:08:683[cInfo        ] 
-----------------------------------------------------------------------
 BufferInfo::CreateBuffers()[0] Created buffers:| VERTEX [13] with [3936] bytes. || INDEX [14] with [0] bytes |
-----------------------------------------------------------------------

2016-08-18 13:54:08:687[cInfo        ] --------BufferInfo::AddMesh() Added mesh successfully-------
2016-08-18 13:54:08:689[cInfo        ] 
2016-08-18 13:54:08:689[cInfo        ] --------------------| START BUFFER MESH INFO |-------------------------------------
2016-08-18 13:54:08:691[cInfo        ] BufferInfo::AddMesh(): NUM VERTS-----------------[164]
2016-08-18 13:54:08:692[cInfo        ] BufferInfo::AddMesh(): NUM INDICES---------------[0]
2016-08-18 13:54:08:693[cInfo        ] BufferInfo::AddMesh(): VERT OFFSET---------------[0]
2016-08-18 13:54:08:694[cInfo        ] BufferInfo::AddMesh(): INDICES OFFSET (BYTES)----[0]
2016-08-18 13:54:08:695[cInfo        ] --------------------|  END BUFFER MESH INFO  |--------------------------------------
2016-08-18 13:54:08:696[cInfo        ] 

2016-08-18 13:54:08:696[cProcess     ] ShapeGenerator initialized successfully.
2016-08-18 13:54:08:697[cProcess     ] Camera::Initialize() successful.
2016-08-18 13:54:08:699[cProcess     ] Keyboard::Initialize() successful
2016-08-18 13:54:08:700[cProcess     ] Keyboard::Initialize() successful
2016-08-18 13:54:08:713[cInfo        ] 
-----------------------------------------------------------------------
 BufferInfo::CreateBuffers()[0] Created buffers:| VERTEX [15] with [10810368] bytes. || INDEX [16] with [0] bytes |
-----------------------------------------------------------------------

2016-08-18 13:54:08:739[cInfo        ] --------BufferInfo::AddMesh() Added mesh successfully-------
2016-08-18 13:54:08:741[cInfo        ] 
2016-08-18 13:54:08:742[cInfo        ] --------------------| START BUFFER MESH INFO |-------------------------------------
2016-08-18 13:54:08:743[cInfo        ] BufferInfo::AddMesh(): NUM VERTS-----------------[337824]
2016-08-18 13:54:08:745[cInfo        ] BufferInfo::AddMesh(): NUM INDICES---------------[0]
2016-08-18 13:54:08:746[cInfo        ] BufferInfo::AddMesh(): VERT OFFSET---------------[0]
2016-08-18 13:54:08:749[cInfo        ] BufferInfo::AddMesh(): INDICES OFFSET (BYTES)----[0]
2016-08-18 13:54:08:750[cInfo        ] --------------------|  END BUFFER MESH INFO  |--------------------------------------
2016-08-18 13:54:08:751[cInfo        ] 

2016-08-18 13:54:08:795[Info         ] ShapeGenerator::ReadSceneFile(): Added new scene [..\Data\Scenes\Dargon.ptn.scene] successfully.
2016-08-18 13:54:08:795[cInfo        ] EntityManager::BuildPlayerEntity(): Built [Dargon] successfully
2016-08-18 13:54:08:800[cProcess     ] BufferManager::Initialize() successful.
2016-08-18 13:54:08:807[cInfo        ] 
-----------------------------------------------------------------------
 BufferInfo::CreateBuffers()[2] Created buffers:| VERTEX [17] with [1000000] bytes. || INDEX [18] with [1000000] bytes |
-----------------------------------------------------------------------

2016-08-18 13:54:08:814[cInfo        ] --------BufferInfo::AddMesh() Added mesh successfully-------
2016-08-18 13:54:08:815[cInfo        ] 
2016-08-18 13:54:08:816[cInfo        ] --------------------| START BUFFER MESH INFO |-------------------------------------
2016-08-18 13:54:08:817[cInfo        ] BufferInfo::AddMesh(): NUM VERTS-----------------[36]
2016-08-18 13:54:08:818[cInfo        ] BufferInfo::AddMesh(): NUM INDICES---------------[0]
2016-08-18 13:54:08:819[cInfo        ] BufferInfo::AddMesh(): VERT OFFSET---------------[0]
2016-08-18 13:54:08:820[cInfo        ] BufferInfo::AddMesh(): INDICES OFFSET (BYTES)----[0]
2016-08-18 13:54:08:820[cInfo        ] --------------------|  END BUFFER MESH INFO  |--------------------------------------
2016-08-18 13:54:08:823[cInfo        ] 

2016-08-18 13:54:08:823[Info         ] ShapeGenerator::ReadSceneFile(): Added new scene [..\Data\Scenes\Cube.pn.scene] successfully.
2016-08-18 13:54:08:824[cInfo        ] --------BufferInfo::AddMesh() Added mesh successfully-------
2016-08-18 13:54:08:825[cInfo        ] 
2016-08-18 13:54:08:825[cInfo        ] --------------------| START BUFFER MESH INFO |-------------------------------------
2016-08-18 13:54:08:826[cInfo        ] BufferInfo::AddMesh(): NUM VERTS-----------------[18]
2016-08-18 13:54:08:827[cInfo        ] BufferInfo::AddMesh(): NUM INDICES---------------[0]
2016-08-18 13:54:08:828[cInfo        ] BufferInfo::AddMesh(): VERT OFFSET---------------[36]
2016-08-18 13:54:08:829[cInfo        ] BufferInfo::AddMesh(): INDICES OFFSET (BYTES)----[0]
2016-08-18 13:54:08:830[cInfo        ] --------------------|  END BUFFER MESH INFO  |--------------------------------------
2016-08-18 13:54:08:831[cInfo        ] 

2016-08-18 13:54:08:833[Info         ] ShapeGenerator::ReadSceneFile(): Added new scene [..\Data\Scenes\Pyramid.pn.scene] successfully.
2016-08-18 13:54:08:839[cInfo        ] 
-----------------------------------------------------------------------
 BufferInfo::CreateBuffers()[0] Created buffers:| VERTEX [19] with [5529600] bytes. || INDEX [20] with [0] bytes |
-----------------------------------------------------------------------

2016-08-18 13:54:08:856[cInfo        ] --------BufferInfo::AddMesh() Added mesh successfully-------
2016-08-18 13:54:08:857[cInfo        ] 
2016-08-18 13:54:08:858[cInfo        ] --------------------| START BUFFER MESH INFO |-------------------------------------
2016-08-18 13:54:08:859[cInfo        ] BufferInfo::AddMesh(): NUM VERTS-----------------[172800]
2016-08-18 13:54:08:861[cInfo        ] BufferInfo::AddMesh(): NUM INDICES---------------[0]
2016-08-18 13:54:08:862[cInfo        ] BufferInfo::AddMesh(): VERT OFFSET---------------[0]
2016-08-18 13:54:08:863[cInfo        ] BufferInfo::AddMesh(): INDICES OFFSET (BYTES)----[0]
2016-08-18 13:54:08:864[cInfo        ] --------------------|  END BUFFER MESH INFO  |--------------------------------------
2016-08-18 13:54:08:865[cInfo        ] 

2016-08-18 13:54:08:866[Info         ] ShapeGenerator::ReadSceneFile(): Added new scene [..\Data\Scenes\WaterPlane.ptn.scene] successfully.
2016-08-18 13:54:08:867[cProcess     ] Camera::Initialize() successful.
2016-08-18 13:54:08:877[cProcess     ] BufferManager::Initialize() successful.
2016-08-18 13:54:08:879[cInfo        ] 
-----------------------------------------------------------------------
 BufferInfo::CreateBuffers()[3] Created buffers:| VERTEX [21] with [8107776] bytes. || INDEX [22] with [0] bytes |
-----------------------------------------------------------------------

2016-08-18 13:54:08:896[cInfo        ] --------BufferInfo::AddMesh() Added mesh successfully-------
2016-08-18 13:54:08:897[cInfo        ] 
2016-08-18 13:54:08:899[cInfo        ] --------------------| START BUFFER MESH INFO |-------------------------------------
2016-08-18 13:54:08:902[cInfo        ] BufferInfo::AddMesh(): NUM VERTS-----------------[337824]
2016-08-18 13:54:08:903[cInfo        ] BufferInfo::AddMesh(): NUM INDICES---------------[0]
2016-08-18 13:54:08:903[cInfo        ] BufferInfo::AddMesh(): VERT OFFSET---------------[0]
2016-08-18 13:54:08:904[cInfo        ] BufferInfo::AddMesh(): INDICES OFFSET (BYTES)----[0]
2016-08-18 13:54:08:905[cInfo        ] --------------------|  END BUFFER MESH INFO  |--------------------------------------
2016-08-18 13:54:08:907[cInfo        ] 

2016-08-18 13:54:08:909[Info         ] ShapeGenerator::ReadSceneFile(): Added new scene [..\Data\Scenes\Dargon.pn.scene] successfully.
2016-08-18 13:54:08:909[cProcess     ] BufferManager::Initialize() successful.
2016-08-18 13:54:08:910[cInfo        ] 
-----------------------------------------------------------------------
 BufferInfo::CreateBuffers()[4] Created buffers:| VERTEX [23] with [1000000] bytes. || INDEX [24] with [1000000] bytes |
-----------------------------------------------------------------------

2016-08-18 13:54:08:914[cInfo        ] --------BufferInfo::AddMesh() Added mesh successfully-------
2016-08-18 13:54:08:915[cInfo        ] 
2016-08-18 13:54:08:915[cInfo        ] --------------------| START BUFFER MESH INFO |-------------------------------------
2016-08-18 13:54:08:916[cInfo        ] BufferInfo::AddMesh(): NUM VERTS-----------------[6]
2016-08-18 13:54:08:918[cInfo        ] BufferInfo::AddMesh(): NUM INDICES---------------[0]
2016-08-18 13:54:08:919[cInfo        ] BufferInfo::AddMesh(): VERT OFFSET---------------[0]
2016-08-18 13:54:08:920[cInfo        ] BufferInfo::AddMesh(): INDICES OFFSET (BYTES)----[0]
2016-08-18 13:54:08:921[cInfo        ] --------------------|  END BUFFER MESH INFO  |--------------------------------------
2016-08-18 13:54:08:922[cInfo        ] 

2016-08-18 13:54:08:922[cProcess     ] BodaciousQuest::Initialize() successful.
2016-08-18 13:54:08:923[Process      ] GameTime::Initialize() ok

2016-08-18 13:54:08:924[cProcess     ] MyWindow::Initialize() successful!
2016-08-18 13:56:42:190[cProcess     ] BufferManager::Shutdown() successful.
2016-08-18 13:56:42:193[cProcess     ] RenderEngine::Shutdown() successful.
2016-08-18 13:56:42:194[cProcess     ] Camera::Shutdown() successful.
2016-08-18 13:56:42:196[Info         ] Shader  [2] deleting...
2016-08-18 13:56:42:196[Info         ] Shader  [2] deleted successfully.
2016-08-18 13:56:42:196[Info         ] Shader  [3] deleting...
2016-08-18 13:56:42:196[Info         ] Shader  [3] deleted successfully.
2016-08-18 13:56:42:196[Info         ] All shaders deleted successfully.
2016-08-18 13:56:42:196[cInfo        ] Program [1] deleted successfully.
2016-08-18 13:56:42:197[Process      ] ShaderProgram[1]::Shutdown successful!
2016-08-18 13:56:42:197[Info         ] Shader  [5] deleting...
2016-08-18 13:56:42:197[Info         ] Shader  [5] deleted successfully.
2016-08-18 13:56:42:197[Info         ] Shader  [6] deleting...
2016-08-18 13:56:42:197[Info         ] Shader  [6] deleted successfully.
2016-08-18 13:56:42:197[Info         ] All shaders deleted successfully.
2016-08-18 13:56:42:197[cInfo        ] Program [4] deleted successfully.
2016-08-18 13:56:42:198[Process      ] ShaderProgram[4]::Shutdown successful!
2016-08-18 13:56:42:198[Info         ] Shader  [8] deleting...
2016-08-18 13:56:42:198[Info         ] Shader  [8] deleted successfully.
2016-08-18 13:56:42:198[Info         ] Shader  [9] deleting...
2016-08-18 13:56:42:198[Info         ] Shader  [9] deleted successfully.
2016-08-18 13:56:42:198[Info         ] All shaders deleted successfully.
2016-08-18 13:56:42:199[cInfo        ] Program [7] deleted successfully.
2016-08-18 13:56:42:199[Process      ] ShaderProgram[7]::Shutdown successful!
2016-08-18 13:56:42:200[Info         ] Shader  [11] deleting...
2016-08-18 13:56:42:200[Info         ] Shader  [11] deleted successfully.
2016-08-18 13:56:42:200[Info         ] Shader  [12] deleting...
2016-08-18 13:56:42:200[Info         ] Shader  [12] deleted successfully.
2016-08-18 13:56:42:200[Info         ] All shaders deleted successfully.
2016-08-18 13:56:42:200[cInfo        ] Program [10] deleted successfully.
2016-08-18 13:56:42:202[Process      ] ShaderProgram[10]::Shutdown successful!
2016-08-18 13:56:42:202[Info         ] Shader  [14] deleting...
2016-08-18 13:56:42:202[Info         ] Shader  [14] deleted successfully.
2016-08-18 13:56:42:202[Info         ] Shader  [15] deleting...
2016-08-18 13:56:42:202[Info         ] Shader  [15] deleted successfully.
2016-08-18 13:56:42:202[Info         ] All shaders deleted successfully.
2016-08-18 13:56:42:202[cInfo        ] Program [13] deleted successfully.
2016-08-18 13:56:42:203[Process      ] ShaderProgram[13]::Shutdown successful!
2016-08-18 13:56:42:203[Info         ] Shader  [17] deleting...
2016-08-18 13:56:42:203[Info         ] Shader  [17] deleted successfully.
2016-08-18 13:56:42:203[Info         ] Shader  [18] deleting...
2016-08-18 13:56:42:203[Info         ] Shader  [18] deleted successfully.
2016-08-18 13:56:42:203[Info         ] All shaders deleted successfully.
2016-08-18 13:56:42:203[cInfo        ] Program [16] deleted successfully.
2016-08-18 13:56:42:204[Process      ] ShaderProgram[16]::Shutdown successful!
2016-08-18 13:56:42:204[Info         ] Shader  [20] deleting...
2016-08-18 13:56:42:204[Info         ] Shader  [20] deleted successfully.
2016-08-18 13:56:42:204[Info         ] Shader  [21] deleting...
2016-08-18 13:56:42:204[Info         ] Shader  [21] deleted successfully.
2016-08-18 13:56:42:204[Info         ] All shaders deleted successfully.
2016-08-18 13:56:42:204[cInfo        ] Program [19] deleted successfully.
2016-08-18 13:56:42:205[Process      ] ShaderProgram[19]::Shutdown successful!
2016-08-18 13:56:42:205[cProcess     ] MyWindow::Shutdown() successful!
2016-08-18 13:56:42:205[cProcess     ] BodaciousQuest::Shutdown() successful.
2016-08-18 13:56:42:216[Process      ] ConfigReader shut down successfully
2016-08-18 13:56:42:216[Process      ] GameLogger::ShutDown() successful
