2016-08-21 15:06:25:911[Process      ] GameLogger::Initialize() opened log file [..\Data\LogFiles\2016-08-21 15-06-25.BodaciousQuest.log] for writing
2016-08-21 15:06:25:911[Info         ] GameLogger::Initialize() successful
2016-08-21 15:06:25:911[Process      ] ConfigReader opened [..\Data\BodaciousQuest.config] successfully
2016-08-21 15:06:25:911[Info         ] ConfigReader initialized successfully
2016-08-21 15:06:25:911[Info         ] Valid KVP [BodaciousQuest.ShowFullScreen] [false] added
2016-08-21 15:06:25:912[Info         ] Valid KVP [BodaciousQuest.FpsInterval] [5.0] added
2016-08-21 15:06:25:914[Info         ] Valid KVP [BodaciousQuest.EnableControls] [true] added
2016-08-21 15:06:25:914[Info         ] Valid KVP [BodaciousQuest.LoadCubeFirst] [true] added
2016-08-21 15:06:25:914[Info         ] Valid KVP [BodaciousQuest.CameraWalkMode] [false] added
2016-08-21 15:06:25:914[Info         ] Valid KVP [BodaciousQuest.GridSize] [40] added
2016-08-21 15:06:25:914[Info         ] Valid KVP [BodaciousQuest.LightingTest.Ambient.Color] [1.0  1.0  1.0] added
2016-08-21 15:06:25:914[Info         ] Valid KVP [BodaciousQuest.LightingTest.Diffuse.Color] [1.0  1.0  1.0] added
2016-08-21 15:06:25:914[Info         ] Valid KVP [BodaciousQuest.LightingTest.Specular.Color] [0.0  0.0  0.0] added
2016-08-21 15:06:25:914[Info         ] Valid KVP [BodaciousQuest.LightingTest.Ambient.Reflectivity] [0.01] added
2016-08-21 15:06:25:914[Info         ] Valid KVP [BodaciousQuest.LightingTest.Diffuse.Reflectivity] [0.8] added
2016-08-21 15:06:25:914[Info         ] Valid KVP [BodaciousQuest.LightingTest.Specular.Reflectivity] [0.5] added
2016-08-21 15:06:25:914[Info         ] Valid KVP [BodaciousQuest.LightingTest.Specular.Shininess] [1.0] added
2016-08-21 15:06:25:914[Info         ] Valid KVP [BodaciousQuest.LightingTest.Falloff.A] [1.0] added
2016-08-21 15:06:25:914[Info         ] Valid KVP [BodaciousQuest.LightingTest.Falloff.B] [0.01] added
2016-08-21 15:06:25:914[Info         ] Valid KVP [BodaciousQuest.LightingTest.Falloff.C] [0.0001] added
2016-08-21 15:06:25:914[Info         ] Valid KVP [BodaciousQuest.LightingTest.Directional] [false] added
2016-08-21 15:06:25:914[Info         ] Valid KVP [BodaciousQuest.LightingTest.Direction] [-1.0 0.0 1.0] added
2016-08-21 15:06:25:914[Info         ] Valid KVP [BodaciousQuest.LightingTest.Light.Position] [-0.875458 3.673020 1.043331] added
2016-08-21 15:06:25:914[Info         ] Valid KVP [BodaciousQuest.LightingTest.Dargon.Color] [1.0 1.0 0.4] added
2016-08-21 15:06:25:914[Info         ] Valid KVP [ObjConverter.Mode.VertexType] [pn] added
2016-08-21 15:06:25:914[Info         ] Valid KVP [ObjConverter.Mode.Analyze] [false] added
2016-08-21 15:06:25:914[Info         ] Valid KVP [ObjConverter.Model] [Dargon] added
2016-08-21 15:06:25:914[Info         ] Valid KVP [ObjConverter.Shader] [4] added
2016-08-21 15:06:25:914[Info         ] Valid KVP [ObjConverter.Color] [random] added
2016-08-21 15:06:25:914[Info         ] Valid KVP [ObjConverter.Obj.InputFileFolder] [..\\Data\\Objs\\] added
2016-08-21 15:06:25:914[Info         ] Valid KVP [ObjConverter.Scene.OutputFileFolder] [..\\Data\\Scenes\\] added
2016-08-21 15:06:25:914[Info         ] Valid KVP [ObjConverter.Model.Dargon.NumVerts] [57967] added
2016-08-21 15:06:25:914[Info         ] Valid KVP [ObjConverter.Model.Dargon.NumIndices] [337824] added
2016-08-21 15:06:25:914[Info         ] Valid KVP [ObjConverter.Model.Dargon.NumTexCoords] [60175] added
2016-08-21 15:06:25:914[Info         ] Valid KVP [ObjConverter.Model.Dargon.NumNormals] [337824] added
2016-08-21 15:06:25:914[Info         ] Valid KVP [ObjConverter.Model.Swamp.NumVerts] [2735] added
2016-08-21 15:06:25:914[Info         ] Valid KVP [ObjConverter.Model.Swamp.NumIndices] [8556] added
2016-08-21 15:06:25:914[Info         ] Valid KVP [ObjConverter.Model.Swamp.NumTexCoords] [3622] added
2016-08-21 15:06:25:914[Info         ] Valid KVP [ObjConverter.Model.Swamp.NumNormals] [5156] added
2016-08-21 15:06:25:914[Info         ] Valid KVP [ObjConverter.Model.Pyramid.NumVerts] [5] added
2016-08-21 15:06:25:914[Info         ] Valid KVP [ObjConverter.Model.Pyramid.NumIndices] [18] added
2016-08-21 15:06:25:914[Info         ] Valid KVP [ObjConverter.Model.Pyramid.NumTexCoords] [10] added
2016-08-21 15:06:25:914[Info         ] Valid KVP [ObjConverter.Model.Pyramid.NumNormals] [16] added
2016-08-21 15:06:25:914[Info         ] Valid KVP [ObjConverter.Model.AIWorld.NumVerts] [1957] added
2016-08-21 15:06:25:914[Info         ] Valid KVP [ObjConverter.Model.AIWorld.NumIndices] [8718] added
2016-08-21 15:06:25:914[Info         ] Valid KVP [ObjConverter.Model.AIWorld.NumTexCoords] [4186] added
2016-08-21 15:06:25:914[Info         ] Valid KVP [ObjConverter.Model.AIWorld.NumNormals] [5418] added
2016-08-21 15:06:25:915[Info         ] Valid KVP [ObjConverter.Model.GameWeapon.NumVerts] [2068] added
2016-08-21 15:06:25:915[Info         ] Valid KVP [ObjConverter.Model.GameWeapon.NumIndices] [9894] added
2016-08-21 15:06:25:915[Info         ] Valid KVP [ObjConverter.Model.GameWeapon.NumTexCoords] [0] added
2016-08-21 15:06:25:915[Info         ] Valid KVP [ObjConverter.Model.GameWeapon.NumNormals] [0] added
2016-08-21 15:06:25:915[Info         ] Valid KVP [ObjConverter.Model.Chicken.NumVerts] [224] added
2016-08-21 15:06:25:915[Info         ] Valid KVP [ObjConverter.Model.Chicken.NumIndices] [1374] added
2016-08-21 15:06:25:915[Info         ] Valid KVP [ObjConverter.Model.Chicken.NumTexCoords] [472] added
2016-08-21 15:06:25:915[Info         ] Valid KVP [ObjConverter.Model.Chicken.NumNormals] [565] added
2016-08-21 15:06:25:915[Info         ] Valid KVP [ObjConverter.Model.WaterPlane.NumVerts] [29282] added
2016-08-21 15:06:25:915[Info         ] Valid KVP [ObjConverter.Model.WaterPlane.NumIndices] [172800] added
2016-08-21 15:06:25:915[Info         ] Valid KVP [ObjConverter.Model.WaterPlane.NumTexCoords] [29282] added
2016-08-21 15:06:25:915[Info         ] Valid KVP [ObjConverter.Model.WaterPlane.NumNormals] [172800] added
2016-08-21 15:06:25:915[Info         ] Valid KVP [ObjConverter.Model.Cube.NumVerts] [8] added
2016-08-21 15:06:25:915[Info         ] Valid KVP [ObjConverter.Model.Cube.NumIndices] [36] added
2016-08-21 15:06:25:915[Info         ] Valid KVP [ObjConverter.Model.Cube.NumTexCoords] [14] added
2016-08-21 15:06:25:915[Info         ] Valid KVP [ObjConverter.Model.Cube.NumNormals] [24] added
2016-08-21 15:06:25:915[Info         ] Valid KVP [ObjConverter.Model.Barrel.NumVerts] [172] added
2016-08-21 15:06:25:915[Info         ] Valid KVP [ObjConverter.Model.Barrel.NumIndices] [1008] added
2016-08-21 15:06:25:915[Info         ] Valid KVP [ObjConverter.Model.Barrel.NumTexCoords] [328] added
2016-08-21 15:06:25:915[Info         ] Valid KVP [ObjConverter.Model.Barrel.NumNormals] [204] added
2016-08-21 15:06:25:915[Info         ] Valid KVP [ObjConverter.Model.SkyBox.NumVerts] [8] added
2016-08-21 15:06:25:915[Info         ] Valid KVP [ObjConverter.Model.SkyBox.NumIndices] [36] added
2016-08-21 15:06:25:915[Info         ] Valid KVP [ObjConverter.Model.SkyBox.NumTexCoords] [18] added
2016-08-21 15:06:25:915[Info         ] Valid KVP [ObjConverter.Model.SkyBox.NumNormals] [24] added
2016-08-21 15:06:25:987[cInfo        ] Config reader opened [..\Data\BodaciousQuest.config] for reading!
2016-08-21 15:06:26:070[Process      ] ShaderManager Initialized successfully
2016-08-21 15:06:26:070[Info         ] Shader Init started
2016-08-21 15:06:26:070[Info         ] Shader Program created.
2016-08-21 15:06:26:070[Process      ] ShaderProgram::Initialize()[1] successful!
2016-08-21 15:06:26:070[Debug        ] File [..\Data\shaders\debug.vert.shader] Opened successfully! Buffer Length:[291]
2016-08-21 15:06:26:070[Debug        ] Shader file [..\Data\shaders\debug.vert.shader] contents:
//BEGIN
#version 430 core

layout(location = 0)  in vec3 vPosition;

layout(location = 15) uniform vec3 colorin;
layout(location = 16) uniform mat4 MAT;

out vec4 color;

void main()
{
	vec4 vertPos = vec4(vPosition, 1.0);
	gl_Position = MAT *  vertPos;
	color = vec4(colorin, 1.0);
}
//END

2016-08-21 15:06:26:071[Debug        ]  ShaderProgram::AddShader() file with data was read in
2016-08-21 15:06:26:071[Debug        ] ShaderProgram::AddShader() : glShaderSource() successful
2016-08-21 15:06:26:071[Debug        ] ShaderProgram::AddShader() : glCompileShader() successful
2016-08-21 15:06:26:071[Info         ] ShaderProgram::CheckShaderCompileStatus(2) successful.
2016-08-21 15:06:26:071[Debug        ] ShaderProgram::AddShader() : glCompileShader() successful
2016-08-21 15:06:26:071[Info         ] ShaderInfo saved successfully.
2016-08-21 15:06:26:071[Debug        ] ShaderProgram::AddShader() : glAttachShader() successful
2016-08-21 15:06:26:071[Info         ] ShaderProgram::AddShader [2] successful.
2016-08-21 15:06:26:071[Debug        ] File [..\Data\shaders\debug.frag.shader] Opened successfully! Buffer Length:[104]
2016-08-21 15:06:26:071[Debug        ] Shader file [..\Data\shaders\debug.frag.shader] contents:
//BEGIN
#version 430 core


in  vec4 color;
out vec4 outColor;

void main()
{
	outColor = color;
}


//END

2016-08-21 15:06:26:071[Debug        ]  ShaderProgram::AddShader() file with data was read in
2016-08-21 15:06:26:071[Debug        ] ShaderProgram::AddShader() : glShaderSource() successful
2016-08-21 15:06:26:071[Debug        ] ShaderProgram::AddShader() : glCompileShader() successful
2016-08-21 15:06:26:071[Info         ] ShaderProgram::CheckShaderCompileStatus(3) successful.
2016-08-21 15:06:26:071[Debug        ] ShaderProgram::AddShader() : glCompileShader() successful
2016-08-21 15:06:26:071[Info         ] ShaderInfo saved successfully.
2016-08-21 15:06:26:071[Debug        ] ShaderProgram::AddShader() : glAttachShader() successful
2016-08-21 15:06:26:071[Info         ] ShaderProgram::AddShader [3] successful.
2016-08-21 15:06:26:073[Info         ] CheckProgramStatus() successful!
2016-08-21 15:06:26:073[Info         ] CheckProgramStatus() successful!
2016-08-21 15:06:26:073[Info         ] Shader Init started
2016-08-21 15:06:26:073[Info         ] Shader Program created.
2016-08-21 15:06:26:073[Process      ] ShaderProgram::Initialize()[4] successful!
2016-08-21 15:06:26:073[Debug        ] File [..\Data\shaders\play.vert.shader] Opened successfully! Buffer Length:[343]
2016-08-21 15:06:26:073[Debug        ] Shader file [..\Data\shaders\play.vert.shader] contents:
//BEGIN
#version 430 core

layout (location = 0)  in vec3 vPosition;
layout (location = 1)  in vec3 vColor;
layout (location = 15) uniform vec3 colorin;
layout (location = 16) uniform mat4 MAT;

out vec4 color;

void main()
{
	vec4 vertPos = vec4(vPosition, 1.0);
	gl_Position = MAT *  vertPos;
	color = vec4((vColor + colorin), 1.0);
}
//END

2016-08-21 15:06:26:073[Debug        ]  ShaderProgram::AddShader() file with data was read in
2016-08-21 15:06:26:073[Debug        ] ShaderProgram::AddShader() : glShaderSource() successful
2016-08-21 15:06:26:073[Debug        ] ShaderProgram::AddShader() : glCompileShader() successful
2016-08-21 15:06:26:073[Info         ] ShaderProgram::CheckShaderCompileStatus(5) successful.
2016-08-21 15:06:26:073[Debug        ] ShaderProgram::AddShader() : glCompileShader() successful
2016-08-21 15:06:26:073[Info         ] ShaderInfo saved successfully.
2016-08-21 15:06:26:073[Debug        ] ShaderProgram::AddShader() : glAttachShader() successful
2016-08-21 15:06:26:073[Info         ] ShaderProgram::AddShader [5] successful.
2016-08-21 15:06:26:073[Debug        ] File [..\Data\shaders\play.frag.shader] Opened successfully! Buffer Length:[391]
2016-08-21 15:06:26:073[Debug        ] Shader file [..\Data\shaders\play.frag.shader] contents:
//BEGIN
#version 430 core


in  vec4 color;
out vec4 outColor;

void main()
{

	//if (color.r < .7) discard;
	outColor = color;

	//if(((gl_FragCoord.x  > 600)&& (gl_FragCoord.y < 300)) || ((gl_FragCoord.y < 300)  && (gl_FragCoord.x  < 600) )) {
	//discard;
	//}

	//vec2 scrPos = vec2(gl_FragCoord) - vec2(350,150);
	//float len =  length(scrPos);
	//if(len < 50 )discard;
}


//END

2016-08-21 15:06:26:073[Debug        ]  ShaderProgram::AddShader() file with data was read in
2016-08-21 15:06:26:074[Debug        ] ShaderProgram::AddShader() : glShaderSource() successful
2016-08-21 15:06:26:074[Debug        ] ShaderProgram::AddShader() : glCompileShader() successful
2016-08-21 15:06:26:074[Info         ] ShaderProgram::CheckShaderCompileStatus(6) successful.
2016-08-21 15:06:26:074[Debug        ] ShaderProgram::AddShader() : glCompileShader() successful
2016-08-21 15:06:26:074[Info         ] ShaderInfo saved successfully.
2016-08-21 15:06:26:074[Debug        ] ShaderProgram::AddShader() : glAttachShader() successful
2016-08-21 15:06:26:074[Info         ] ShaderProgram::AddShader [6] successful.
2016-08-21 15:06:26:075[Info         ] CheckProgramStatus() successful!
2016-08-21 15:06:26:075[Info         ] CheckProgramStatus() successful!
2016-08-21 15:06:26:075[Info         ] Shader Init started
2016-08-21 15:06:26:075[Info         ] Shader Program created.
2016-08-21 15:06:26:075[Process      ] ShaderProgram::Initialize()[7] successful!
2016-08-21 15:06:26:075[Debug        ] File [..\Data\shaders\texture.vert.shader] Opened successfully! Buffer Length:[305]
2016-08-21 15:06:26:075[Debug        ] Shader file [..\Data\shaders\texture.vert.shader] contents:
//BEGIN
#version 430 core

layout (location = 0)  in vec3 vPosition;
layout (location = 1)  in vec2 vUV;

layout (location = 16) uniform mat4 MAT;

//out data
out vec2 UV;

//out vec4 color;

void main()
{
	vec4 vertPos = vec4(vPosition, 1.0);
	gl_Position = MAT *  vertPos;

	UV = vUV;
	
	
}
//END

2016-08-21 15:06:26:075[Debug        ]  ShaderProgram::AddShader() file with data was read in
2016-08-21 15:06:26:075[Debug        ] ShaderProgram::AddShader() : glShaderSource() successful
2016-08-21 15:06:26:075[Debug        ] ShaderProgram::AddShader() : glCompileShader() successful
2016-08-21 15:06:26:075[Info         ] ShaderProgram::CheckShaderCompileStatus(8) successful.
2016-08-21 15:06:26:075[Debug        ] ShaderProgram::AddShader() : glCompileShader() successful
2016-08-21 15:06:26:075[Info         ] ShaderInfo saved successfully.
2016-08-21 15:06:26:075[Debug        ] ShaderProgram::AddShader() : glAttachShader() successful
2016-08-21 15:06:26:075[Info         ] ShaderProgram::AddShader [8] successful.
2016-08-21 15:06:26:075[Debug        ] File [..\Data\shaders\texture.frag.shader] Opened successfully! Buffer Length:[482]
2016-08-21 15:06:26:075[Debug        ] Shader file [..\Data\shaders\texture.frag.shader] contents:
//BEGIN
#version 430 core


in  vec2 UV;
out vec4 outColor;

layout(location = 20) uniform sampler2D textureSampler;

void main()
{

	//if (color.r < .7) discard;
	outColor = vec4(texture(textureSampler, UV).rgb, 1.0);

	//if(((gl_FragCoord.x  > 600)&& (gl_FragCoord.y < 300)) || ((gl_FragCoord.y < 300)  && (gl_FragCoord.x  < 600) )) {
	//discard;
	//}
	//vec2 scrPos = vec2(gl_FragCoord) - vec2(350,150);
	//float len =  length(scrPos);
	//if(len < 50 )discard;
}


//END

2016-08-21 15:06:26:075[Debug        ]  ShaderProgram::AddShader() file with data was read in
2016-08-21 15:06:26:075[Debug        ] ShaderProgram::AddShader() : glShaderSource() successful
2016-08-21 15:06:26:076[Debug        ] ShaderProgram::AddShader() : glCompileShader() successful
2016-08-21 15:06:26:076[Info         ] ShaderProgram::CheckShaderCompileStatus(9) successful.
2016-08-21 15:06:26:076[Debug        ] ShaderProgram::AddShader() : glCompileShader() successful
2016-08-21 15:06:26:076[Info         ] ShaderInfo saved successfully.
2016-08-21 15:06:26:076[Debug        ] ShaderProgram::AddShader() : glAttachShader() successful
2016-08-21 15:06:26:076[Info         ] ShaderProgram::AddShader [9] successful.
2016-08-21 15:06:26:077[Info         ] CheckProgramStatus() successful!
2016-08-21 15:06:26:077[Info         ] CheckProgramStatus() successful!
2016-08-21 15:06:26:077[Info         ] Shader Init started
2016-08-21 15:06:26:077[Info         ] Shader Program created.
2016-08-21 15:06:26:077[Process      ] ShaderProgram::Initialize()[10] successful!
2016-08-21 15:06:26:077[Debug        ] File [..\Data\shaders\framebuffer.vert.shader] Opened successfully! Buffer Length:[305]
2016-08-21 15:06:26:077[Debug        ] Shader file [..\Data\shaders\framebuffer.vert.shader] contents:
//BEGIN
#version 430 core

layout (location = 0)  in vec3 vPosition;
layout (location = 1)  in vec2 vUV;

layout (location = 16) uniform mat4 MAT;

//out data
out vec2 UV;

//out vec4 color;

void main()
{
	vec4 vertPos = vec4(vPosition, 1.0);
	gl_Position = MAT *  vertPos;

	UV = vUV;
	
	
}
//END

2016-08-21 15:06:26:077[Debug        ]  ShaderProgram::AddShader() file with data was read in
2016-08-21 15:06:26:077[Debug        ] ShaderProgram::AddShader() : glShaderSource() successful
2016-08-21 15:06:26:077[Debug        ] ShaderProgram::AddShader() : glCompileShader() successful
2016-08-21 15:06:26:077[Info         ] ShaderProgram::CheckShaderCompileStatus(11) successful.
2016-08-21 15:06:26:077[Debug        ] ShaderProgram::AddShader() : glCompileShader() successful
2016-08-21 15:06:26:077[Info         ] ShaderInfo saved successfully.
2016-08-21 15:06:26:077[Debug        ] ShaderProgram::AddShader() : glAttachShader() successful
2016-08-21 15:06:26:077[Info         ] ShaderProgram::AddShader [11] successful.
2016-08-21 15:06:26:077[Debug        ] File [..\Data\shaders\framebuffer.frag.shader] Opened successfully! Buffer Length:[275]
2016-08-21 15:06:26:078[Debug        ] Shader file [..\Data\shaders\framebuffer.frag.shader] contents:
//BEGIN
#version 430 core


in  vec2 UV;
out vec4 outColor;

layout(location = 20) uniform sampler2D textureSampler;

void main()
{


	vec3 tempCol = texture(textureSampler, UV).rgb;

	outColor = vec4(tempCol.r / 1.5f, tempCol.g / 1.5f, tempCol.b / 1.5f, 1.0f);
}


//END

2016-08-21 15:06:26:078[Debug        ]  ShaderProgram::AddShader() file with data was read in
2016-08-21 15:06:26:078[Debug        ] ShaderProgram::AddShader() : glShaderSource() successful
2016-08-21 15:06:26:078[Debug        ] ShaderProgram::AddShader() : glCompileShader() successful
2016-08-21 15:06:26:078[Info         ] ShaderProgram::CheckShaderCompileStatus(12) successful.
2016-08-21 15:06:26:078[Debug        ] ShaderProgram::AddShader() : glCompileShader() successful
2016-08-21 15:06:26:078[Info         ] ShaderInfo saved successfully.
2016-08-21 15:06:26:078[Debug        ] ShaderProgram::AddShader() : glAttachShader() successful
2016-08-21 15:06:26:078[Info         ] ShaderProgram::AddShader [12] successful.
2016-08-21 15:06:26:079[Info         ] CheckProgramStatus() successful!
2016-08-21 15:06:26:079[Info         ] CheckProgramStatus() successful!
2016-08-21 15:06:26:079[Info         ] Shader Init started
2016-08-21 15:06:26:079[Info         ] Shader Program created.
2016-08-21 15:06:26:079[Process      ] ShaderProgram::Initialize()[13] successful!
2016-08-21 15:06:26:079[Debug        ] File [..\Data\shaders\lighting.vert.shader] Opened successfully! Buffer Length:[1145]
2016-08-21 15:06:26:079[cDebug       ] Shader file [..\Data\shaders\lighting.vert.shader] is too big to display contents.
2016-08-21 15:06:26:081[Debug        ]  ShaderProgram::AddShader() file with data was read in
2016-08-21 15:06:26:081[Debug        ] ShaderProgram::AddShader() : glShaderSource() successful
2016-08-21 15:06:26:082[Debug        ] ShaderProgram::AddShader() : glCompileShader() successful
2016-08-21 15:06:26:082[Info         ] ShaderProgram::CheckShaderCompileStatus(14) successful.
2016-08-21 15:06:26:082[Debug        ] ShaderProgram::AddShader() : glCompileShader() successful
2016-08-21 15:06:26:082[Info         ] ShaderInfo saved successfully.
2016-08-21 15:06:26:082[Debug        ] ShaderProgram::AddShader() : glAttachShader() successful
2016-08-21 15:06:26:082[Info         ] ShaderProgram::AddShader [14] successful.
2016-08-21 15:06:26:082[Debug        ] File [..\Data\shaders\lighting.frag.shader] Opened successfully! Buffer Length:[1744]
2016-08-21 15:06:26:082[cDebug       ] Shader file [..\Data\shaders\lighting.frag.shader] is too big to display contents.
2016-08-21 15:06:26:083[Debug        ]  ShaderProgram::AddShader() file with data was read in
2016-08-21 15:06:26:083[Debug        ] ShaderProgram::AddShader() : glShaderSource() successful
2016-08-21 15:06:26:084[Debug        ] ShaderProgram::AddShader() : glCompileShader() successful
2016-08-21 15:06:26:084[Info         ] ShaderProgram::CheckShaderCompileStatus(15) successful.
2016-08-21 15:06:26:084[Debug        ] ShaderProgram::AddShader() : glCompileShader() successful
2016-08-21 15:06:26:084[Info         ] ShaderInfo saved successfully.
2016-08-21 15:06:26:084[Debug        ] ShaderProgram::AddShader() : glAttachShader() successful
2016-08-21 15:06:26:084[Info         ] ShaderProgram::AddShader [15] successful.
2016-08-21 15:06:26:087[Info         ] CheckProgramStatus() successful!
2016-08-21 15:06:26:087[Info         ] CheckProgramStatus() successful!
2016-08-21 15:06:26:087[Info         ] Shader Init started
2016-08-21 15:06:26:087[Info         ] Shader Program created.
2016-08-21 15:06:26:087[Process      ] ShaderProgram::Initialize()[16] successful!
2016-08-21 15:06:26:087[Debug        ] File [..\Data\shaders\texlighting.vert.shader] Opened successfully! Buffer Length:[1110]
2016-08-21 15:06:26:087[cDebug       ] Shader file [..\Data\shaders\texlighting.vert.shader] is too big to display contents.
2016-08-21 15:06:26:089[Debug        ]  ShaderProgram::AddShader() file with data was read in
2016-08-21 15:06:26:089[Debug        ] ShaderProgram::AddShader() : glShaderSource() successful
2016-08-21 15:06:26:089[Debug        ] ShaderProgram::AddShader() : glCompileShader() successful
2016-08-21 15:06:26:089[Info         ] ShaderProgram::CheckShaderCompileStatus(17) successful.
2016-08-21 15:06:26:089[Debug        ] ShaderProgram::AddShader() : glCompileShader() successful
2016-08-21 15:06:26:089[Info         ] ShaderInfo saved successfully.
2016-08-21 15:06:26:089[Debug        ] ShaderProgram::AddShader() : glAttachShader() successful
2016-08-21 15:06:26:089[Info         ] ShaderProgram::AddShader [17] successful.
2016-08-21 15:06:26:089[Debug        ] File [..\Data\shaders\texlighting.frag.shader] Opened successfully! Buffer Length:[1717]
2016-08-21 15:06:26:089[cDebug       ] Shader file [..\Data\shaders\texlighting.frag.shader] is too big to display contents.
2016-08-21 15:06:26:090[Debug        ]  ShaderProgram::AddShader() file with data was read in
2016-08-21 15:06:26:090[Debug        ] ShaderProgram::AddShader() : glShaderSource() successful
2016-08-21 15:06:26:091[Debug        ] ShaderProgram::AddShader() : glCompileShader() successful
2016-08-21 15:06:26:091[Info         ] ShaderProgram::CheckShaderCompileStatus(18) successful.
2016-08-21 15:06:26:091[Debug        ] ShaderProgram::AddShader() : glCompileShader() successful
2016-08-21 15:06:26:091[Info         ] ShaderInfo saved successfully.
2016-08-21 15:06:26:091[Debug        ] ShaderProgram::AddShader() : glAttachShader() successful
2016-08-21 15:06:26:091[Info         ] ShaderProgram::AddShader [18] successful.
2016-08-21 15:06:26:094[Info         ] CheckProgramStatus() successful!
2016-08-21 15:06:26:094[Info         ] CheckProgramStatus() successful!
2016-08-21 15:06:26:094[Info         ] Shader Init started
2016-08-21 15:06:26:094[Info         ] Shader Program created.
2016-08-21 15:06:26:094[Process      ] ShaderProgram::Initialize()[19] successful!
2016-08-21 15:06:26:094[Debug        ] File [..\Data\shaders\water.vert.shader] Opened successfully! Buffer Length:[1400]
2016-08-21 15:06:26:094[cDebug       ] Shader file [..\Data\shaders\water.vert.shader] is too big to display contents.
2016-08-21 15:06:26:095[Debug        ]  ShaderProgram::AddShader() file with data was read in
2016-08-21 15:06:26:095[Debug        ] ShaderProgram::AddShader() : glShaderSource() successful
2016-08-21 15:06:26:095[Debug        ] ShaderProgram::AddShader() : glCompileShader() successful
2016-08-21 15:06:26:095[Info         ] ShaderProgram::CheckShaderCompileStatus(20) successful.
2016-08-21 15:06:26:096[Debug        ] ShaderProgram::AddShader() : glCompileShader() successful
2016-08-21 15:06:26:096[Info         ] ShaderInfo saved successfully.
2016-08-21 15:06:26:096[Debug        ] ShaderProgram::AddShader() : glAttachShader() successful
2016-08-21 15:06:26:096[Info         ] ShaderProgram::AddShader [20] successful.
2016-08-21 15:06:26:096[Debug        ] File [..\Data\shaders\water.frag.shader] Opened successfully! Buffer Length:[2436]
2016-08-21 15:06:26:096[cDebug       ] Shader file [..\Data\shaders\water.frag.shader] is too big to display contents.
2016-08-21 15:06:26:099[Debug        ]  ShaderProgram::AddShader() file with data was read in
2016-08-21 15:06:26:099[Debug        ] ShaderProgram::AddShader() : glShaderSource() successful
2016-08-21 15:06:26:100[Debug        ] ShaderProgram::AddShader() : glCompileShader() successful
2016-08-21 15:06:26:100[Info         ] ShaderProgram::CheckShaderCompileStatus(21) successful.
2016-08-21 15:06:26:100[Debug        ] ShaderProgram::AddShader() : glCompileShader() successful
2016-08-21 15:06:26:100[Info         ] ShaderInfo saved successfully.
2016-08-21 15:06:26:100[Debug        ] ShaderProgram::AddShader() : glAttachShader() successful
2016-08-21 15:06:26:100[Info         ] ShaderProgram::AddShader [21] successful.
2016-08-21 15:06:26:103[Info         ] CheckProgramStatus() successful!
2016-08-21 15:06:26:103[Info         ] CheckProgramStatus() successful!
2016-08-21 15:06:26:103[Info         ] GetAttribLocation [vPosition] successful.
2016-08-21 15:06:26:103[Info         ] GetUniformLocation [colorin] successful.
2016-08-21 15:06:26:104[Info         ] GetUniformLocation [MAT] successful.
2016-08-21 15:06:26:104[cProcess     ] RenderEngine::Initialize() successful.
2016-08-21 15:06:26:105[cInfo        ] 
-----------------------------------------------------------------------
 BufferInfo::CreateBuffers()[0] Created buffers:| VERTEX [1] with [80] bytes. || INDEX [2] with [24] bytes |
-----------------------------------------------------------------------

2016-08-21 15:06:26:112[cInfo        ] --------BufferInfo::AddMesh() Added mesh successfully-------
2016-08-21 15:06:26:113[cInfo        ] 
2016-08-21 15:06:26:114[cInfo        ] --------------------| START BUFFER MESH INFO |-------------------------------------
2016-08-21 15:06:26:118[cInfo        ] BufferInfo::AddMesh(): NUM VERTS-----------------[4]
2016-08-21 15:06:26:119[cInfo        ] BufferInfo::AddMesh(): NUM INDICES---------------[6]
2016-08-21 15:06:26:121[cInfo        ] BufferInfo::AddMesh(): VERT OFFSET---------------[0]
2016-08-21 15:06:26:122[cInfo        ] BufferInfo::AddMesh(): INDICES OFFSET (BYTES)----[0]
2016-08-21 15:06:26:123[cInfo        ] --------------------|  END BUFFER MESH INFO  |--------------------------------------
2016-08-21 15:06:26:125[cInfo        ] 

2016-08-21 15:06:26:126[cInfo        ] 
-----------------------------------------------------------------------
 BufferInfo::CreateBuffers()[0] Created buffers:| VERTEX [3] with [96] bytes. || INDEX [4] with [48] bytes |
-----------------------------------------------------------------------

2016-08-21 15:06:26:134[cInfo        ] --------BufferInfo::AddMesh() Added mesh successfully-------
2016-08-21 15:06:26:135[cInfo        ] 
2016-08-21 15:06:26:135[cInfo        ] --------------------| START BUFFER MESH INFO |-------------------------------------
2016-08-21 15:06:26:138[cInfo        ] BufferInfo::AddMesh(): NUM VERTS-----------------[8]
2016-08-21 15:06:26:139[cInfo        ] BufferInfo::AddMesh(): NUM INDICES---------------[24]
2016-08-21 15:06:26:140[cInfo        ] BufferInfo::AddMesh(): VERT OFFSET---------------[0]
2016-08-21 15:06:26:141[cInfo        ] BufferInfo::AddMesh(): INDICES OFFSET (BYTES)----[0]
2016-08-21 15:06:26:143[cInfo        ] --------------------|  END BUFFER MESH INFO  |--------------------------------------
2016-08-21 15:06:26:145[cInfo        ] 

2016-08-21 15:06:26:149[cInfo        ] 
-----------------------------------------------------------------------
 BufferInfo::CreateBuffers()[0] Created buffers:| VERTEX [5] with [864] bytes. || INDEX [6] with [0] bytes |
-----------------------------------------------------------------------

2016-08-21 15:06:26:158[cInfo        ] --------BufferInfo::AddMesh() Added mesh successfully-------
2016-08-21 15:06:26:161[cInfo        ] 
2016-08-21 15:06:26:162[cInfo        ] --------------------| START BUFFER MESH INFO |-------------------------------------
2016-08-21 15:06:26:163[cInfo        ] BufferInfo::AddMesh(): NUM VERTS-----------------[36]
2016-08-21 15:06:26:166[cInfo        ] BufferInfo::AddMesh(): NUM INDICES---------------[0]
2016-08-21 15:06:26:168[cInfo        ] BufferInfo::AddMesh(): VERT OFFSET---------------[0]
2016-08-21 15:06:26:170[cInfo        ] BufferInfo::AddMesh(): INDICES OFFSET (BYTES)----[0]
2016-08-21 15:06:26:172[cInfo        ] --------------------|  END BUFFER MESH INFO  |--------------------------------------
2016-08-21 15:06:26:173[cInfo        ] 

2016-08-21 15:06:26:175[cInfo        ] 
-----------------------------------------------------------------------
 BufferInfo::CreateBuffers()[0] Created buffers:| VERTEX [7] with [144] bytes. || INDEX [8] with [0] bytes |
-----------------------------------------------------------------------

2016-08-21 15:06:26:182[cInfo        ] --------BufferInfo::AddMesh() Added mesh successfully-------
2016-08-21 15:06:26:183[cInfo        ] 
2016-08-21 15:06:26:184[cInfo        ] --------------------| START BUFFER MESH INFO |-------------------------------------
2016-08-21 15:06:26:186[cInfo        ] BufferInfo::AddMesh(): NUM VERTS-----------------[6]
2016-08-21 15:06:26:186[cInfo        ] BufferInfo::AddMesh(): NUM INDICES---------------[0]
2016-08-21 15:06:26:188[cInfo        ] BufferInfo::AddMesh(): VERT OFFSET---------------[0]
2016-08-21 15:06:26:192[cInfo        ] BufferInfo::AddMesh(): INDICES OFFSET (BYTES)----[0]
2016-08-21 15:06:26:193[cInfo        ] --------------------|  END BUFFER MESH INFO  |--------------------------------------
2016-08-21 15:06:26:194[cInfo        ] 

2016-08-21 15:06:26:195[Process      ] BufferInfo::Initialize() successful.
2016-08-21 15:06:26:195[cInfo        ] 
-----------------------------------------------------------------------
 BufferInfo::CreateBuffers()[0] Created buffers:| VERTEX [9] with [1000000] bytes. || INDEX [10] with [1000000] bytes |
-----------------------------------------------------------------------

2016-08-21 15:06:26:199[cInfo        ] --------BufferInfo::AddMesh() Added mesh successfully-------
2016-08-21 15:06:26:202[cInfo        ] 
2016-08-21 15:06:26:203[cInfo        ] --------------------| START BUFFER MESH INFO |-------------------------------------
2016-08-21 15:06:26:205[cInfo        ] BufferInfo::AddMesh(): NUM VERTS-----------------[24]
2016-08-21 15:06:26:206[cInfo        ] BufferInfo::AddMesh(): NUM INDICES---------------[36]
2016-08-21 15:06:26:208[cInfo        ] BufferInfo::AddMesh(): VERT OFFSET---------------[0]
2016-08-21 15:06:26:209[cInfo        ] BufferInfo::AddMesh(): INDICES OFFSET (BYTES)----[0]
2016-08-21 15:06:26:211[cInfo        ] --------------------|  END BUFFER MESH INFO  |--------------------------------------
2016-08-21 15:06:26:213[cInfo        ] 

2016-08-21 15:06:26:218[Process      ] BufferInfo::Initialize() successful.
2016-08-21 15:06:26:218[cInfo        ] 
-----------------------------------------------------------------------
 BufferInfo::CreateBuffers()[1] Created buffers:| VERTEX [11] with [1000000] bytes. || INDEX [12] with [1000000] bytes |
-----------------------------------------------------------------------

2016-08-21 15:06:26:225[cInfo        ] --------BufferInfo::AddMesh() Added mesh successfully-------
2016-08-21 15:06:26:226[cInfo        ] 
2016-08-21 15:06:26:226[cInfo        ] --------------------| START BUFFER MESH INFO |-------------------------------------
2016-08-21 15:06:26:228[cInfo        ] BufferInfo::AddMesh(): NUM VERTS-----------------[1536]
2016-08-21 15:06:26:229[cInfo        ] BufferInfo::AddMesh(): NUM INDICES---------------[3072]
2016-08-21 15:06:26:234[cInfo        ] BufferInfo::AddMesh(): VERT OFFSET---------------[0]
2016-08-21 15:06:26:236[cInfo        ] BufferInfo::AddMesh(): INDICES OFFSET (BYTES)----[0]
2016-08-21 15:06:26:237[cInfo        ] --------------------|  END BUFFER MESH INFO  |--------------------------------------
2016-08-21 15:06:26:238[cInfo        ] 

2016-08-21 15:06:26:240[cInfo        ] 
-----------------------------------------------------------------------
 BufferInfo::CreateBuffers()[0] Created buffers:| VERTEX [13] with [3936] bytes. || INDEX [14] with [0] bytes |
-----------------------------------------------------------------------

2016-08-21 15:06:26:247[cInfo        ] --------BufferInfo::AddMesh() Added mesh successfully-------
2016-08-21 15:06:26:249[cInfo        ] 
2016-08-21 15:06:26:249[cInfo        ] --------------------| START BUFFER MESH INFO |-------------------------------------
2016-08-21 15:06:26:251[cInfo        ] BufferInfo::AddMesh(): NUM VERTS-----------------[164]
2016-08-21 15:06:26:253[cInfo        ] BufferInfo::AddMesh(): NUM INDICES---------------[0]
2016-08-21 15:06:26:254[cInfo        ] BufferInfo::AddMesh(): VERT OFFSET---------------[0]
2016-08-21 15:06:26:255[cInfo        ] BufferInfo::AddMesh(): INDICES OFFSET (BYTES)----[0]
2016-08-21 15:06:26:256[cInfo        ] --------------------|  END BUFFER MESH INFO  |--------------------------------------
2016-08-21 15:06:26:257[cInfo        ] 

2016-08-21 15:06:26:258[cProcess     ] ShapeGenerator initialized successfully.
2016-08-21 15:06:26:259[cProcess     ] Camera::Initialize() successful.
2016-08-21 15:06:26:260[cProcess     ] Keyboard::Initialize() successful
2016-08-21 15:06:26:263[cProcess     ] Keyboard::Initialize() successful
2016-08-21 15:06:26:280[cInfo        ] 
-----------------------------------------------------------------------
 BufferInfo::CreateBuffers()[0] Created buffers:| VERTEX [15] with [10810368] bytes. || INDEX [16] with [0] bytes |
-----------------------------------------------------------------------

2016-08-21 15:06:26:304[cInfo        ] --------BufferInfo::AddMesh() Added mesh successfully-------
2016-08-21 15:06:26:305[cInfo        ] 
2016-08-21 15:06:26:306[cInfo        ] --------------------| START BUFFER MESH INFO |-------------------------------------
2016-08-21 15:06:26:308[cInfo        ] BufferInfo::AddMesh(): NUM VERTS-----------------[337824]
2016-08-21 15:06:26:309[cInfo        ] BufferInfo::AddMesh(): NUM INDICES---------------[0]
2016-08-21 15:06:26:310[cInfo        ] BufferInfo::AddMesh(): VERT OFFSET---------------[0]
2016-08-21 15:06:26:311[cInfo        ] BufferInfo::AddMesh(): INDICES OFFSET (BYTES)----[0]
2016-08-21 15:06:26:312[cInfo        ] --------------------|  END BUFFER MESH INFO  |--------------------------------------
2016-08-21 15:06:26:313[cInfo        ] 

2016-08-21 15:06:26:349[Info         ] ShapeGenerator::ReadSceneFile(): Added new scene [..\Data\Scenes\Dargon.ptn.scene] successfully.
2016-08-21 15:06:26:349[cInfo        ] EntityManager::BuildPlayerEntity(): Built [Dargon] successfully
2016-08-21 15:06:26:352[Process      ] BufferInfo::Initialize() successful.
2016-08-21 15:06:26:361[cInfo        ] 
-----------------------------------------------------------------------
 BufferInfo::CreateBuffers()[2] Created buffers:| VERTEX [17] with [1000000] bytes. || INDEX [18] with [1000000] bytes |
-----------------------------------------------------------------------

2016-08-21 15:06:26:366[cInfo        ] --------BufferInfo::AddMesh() Added mesh successfully-------
2016-08-21 15:06:26:369[cInfo        ] 
2016-08-21 15:06:26:369[cInfo        ] --------------------| START BUFFER MESH INFO |-------------------------------------
2016-08-21 15:06:26:371[cInfo        ] BufferInfo::AddMesh(): NUM VERTS-----------------[36]
2016-08-21 15:06:26:372[cInfo        ] BufferInfo::AddMesh(): NUM INDICES---------------[0]
2016-08-21 15:06:26:373[cInfo        ] BufferInfo::AddMesh(): VERT OFFSET---------------[0]
2016-08-21 15:06:26:374[cInfo        ] BufferInfo::AddMesh(): INDICES OFFSET (BYTES)----[0]
2016-08-21 15:06:26:376[cInfo        ] --------------------|  END BUFFER MESH INFO  |--------------------------------------
2016-08-21 15:06:26:377[cInfo        ] 

2016-08-21 15:06:26:381[Info         ] ShapeGenerator::ReadSceneFile(): Added new scene [..\Data\Scenes\Cube.pn.scene] successfully.
2016-08-21 15:06:26:382[Process      ] BufferInfo::Initialize() successful.
2016-08-21 15:06:26:382[cInfo        ] 
-----------------------------------------------------------------------
 BufferInfo::CreateBuffers()[3] Created buffers:| VERTEX [19] with [1000000] bytes. || INDEX [20] with [1000000] bytes |
-----------------------------------------------------------------------

2016-08-21 15:06:26:388[cInfo        ] --------BufferInfo::AddMesh() Added mesh successfully-------
2016-08-21 15:06:26:391[cInfo        ] 
2016-08-21 15:06:26:392[cInfo        ] --------------------| START BUFFER MESH INFO |-------------------------------------
2016-08-21 15:06:26:393[cInfo        ] BufferInfo::AddMesh(): NUM VERTS-----------------[8718]
2016-08-21 15:06:26:394[cInfo        ] BufferInfo::AddMesh(): NUM INDICES---------------[0]
2016-08-21 15:06:26:395[cInfo        ] BufferInfo::AddMesh(): VERT OFFSET---------------[0]
2016-08-21 15:06:26:396[cInfo        ] BufferInfo::AddMesh(): INDICES OFFSET (BYTES)----[0]
2016-08-21 15:06:26:398[cInfo        ] --------------------|  END BUFFER MESH INFO  |--------------------------------------
2016-08-21 15:06:26:400[cInfo        ] 

2016-08-21 15:06:26:403[Info         ] ShapeGenerator::ReadSceneFile(): Added new scene [..\Data\Scenes\AIWorld.ptn.scene] successfully.
2016-08-21 15:06:26:404[cInfo        ] --------BufferInfo::AddMesh() Added mesh successfully-------
2016-08-21 15:06:26:405[cInfo        ] 
2016-08-21 15:06:26:405[cInfo        ] --------------------| START BUFFER MESH INFO |-------------------------------------
2016-08-21 15:06:26:406[cInfo        ] BufferInfo::AddMesh(): NUM VERTS-----------------[18]
2016-08-21 15:06:26:407[cInfo        ] BufferInfo::AddMesh(): NUM INDICES---------------[0]
2016-08-21 15:06:26:408[cInfo        ] BufferInfo::AddMesh(): VERT OFFSET---------------[36]
2016-08-21 15:06:26:410[cInfo        ] BufferInfo::AddMesh(): INDICES OFFSET (BYTES)----[0]
2016-08-21 15:06:26:411[cInfo        ] --------------------|  END BUFFER MESH INFO  |--------------------------------------
2016-08-21 15:06:26:412[cInfo        ] 

2016-08-21 15:06:26:413[Info         ] ShapeGenerator::ReadSceneFile(): Added new scene [..\Data\Scenes\Pyramid.pn.scene] successfully.
2016-08-21 15:06:26:421[cInfo        ] 
-----------------------------------------------------------------------
 BufferInfo::CreateBuffers()[0] Created buffers:| VERTEX [21] with [5529600] bytes. || INDEX [22] with [0] bytes |
-----------------------------------------------------------------------

2016-08-21 15:06:26:432[cInfo        ] --------BufferInfo::AddMesh() Added mesh successfully-------
2016-08-21 15:06:26:433[cInfo        ] 
2016-08-21 15:06:26:433[cInfo        ] --------------------| START BUFFER MESH INFO |-------------------------------------
2016-08-21 15:06:26:435[cInfo        ] BufferInfo::AddMesh(): NUM VERTS-----------------[172800]
2016-08-21 15:06:26:436[cInfo        ] BufferInfo::AddMesh(): NUM INDICES---------------[0]
2016-08-21 15:06:26:436[cInfo        ] BufferInfo::AddMesh(): VERT OFFSET---------------[0]
2016-08-21 15:06:26:437[cInfo        ] BufferInfo::AddMesh(): INDICES OFFSET (BYTES)----[0]
2016-08-21 15:06:26:439[cInfo        ] --------------------|  END BUFFER MESH INFO  |--------------------------------------
2016-08-21 15:06:26:440[cInfo        ] 

2016-08-21 15:06:26:441[Info         ] ShapeGenerator::ReadSceneFile(): Added new scene [..\Data\Scenes\WaterPlane.ptn.scene] successfully.
2016-08-21 15:06:26:442[cProcess     ] Camera::Initialize() successful.
2016-08-21 15:06:26:453[Process      ] BufferInfo::Initialize() successful.
2016-08-21 15:06:26:453[cInfo        ] 
-----------------------------------------------------------------------
 BufferInfo::CreateBuffers()[4] Created buffers:| VERTEX [23] with [8107776] bytes. || INDEX [24] with [0] bytes |
-----------------------------------------------------------------------

2016-08-21 15:06:26:467[cInfo        ] --------BufferInfo::AddMesh() Added mesh successfully-------
2016-08-21 15:06:26:468[cInfo        ] 
2016-08-21 15:06:26:469[cInfo        ] --------------------| START BUFFER MESH INFO |-------------------------------------
2016-08-21 15:06:26:470[cInfo        ] BufferInfo::AddMesh(): NUM VERTS-----------------[337824]
2016-08-21 15:06:26:471[cInfo        ] BufferInfo::AddMesh(): NUM INDICES---------------[0]
2016-08-21 15:06:26:472[cInfo        ] BufferInfo::AddMesh(): VERT OFFSET---------------[0]
2016-08-21 15:06:26:474[cInfo        ] BufferInfo::AddMesh(): INDICES OFFSET (BYTES)----[0]
2016-08-21 15:06:26:475[cInfo        ] --------------------|  END BUFFER MESH INFO  |--------------------------------------
2016-08-21 15:06:26:476[cInfo        ] 

2016-08-21 15:06:26:477[Info         ] ShapeGenerator::ReadSceneFile(): Added new scene [..\Data\Scenes\Dargon.pn.scene] successfully.
2016-08-21 15:06:26:477[Process      ] BufferInfo::Initialize() successful.
2016-08-21 15:06:26:477[cInfo        ] 
-----------------------------------------------------------------------
 BufferInfo::CreateBuffers()[5] Created buffers:| VERTEX [25] with [1000000] bytes. || INDEX [26] with [1000000] bytes |
-----------------------------------------------------------------------

2016-08-21 15:06:26:483[cInfo        ] --------BufferInfo::AddMesh() Added mesh successfully-------
2016-08-21 15:06:26:484[cInfo        ] 
2016-08-21 15:06:26:485[cInfo        ] --------------------| START BUFFER MESH INFO |-------------------------------------
2016-08-21 15:06:26:486[cInfo        ] BufferInfo::AddMesh(): NUM VERTS-----------------[6]
2016-08-21 15:06:26:487[cInfo        ] BufferInfo::AddMesh(): NUM INDICES---------------[0]
2016-08-21 15:06:26:488[cInfo        ] BufferInfo::AddMesh(): VERT OFFSET---------------[0]
2016-08-21 15:06:26:490[cInfo        ] BufferInfo::AddMesh(): INDICES OFFSET (BYTES)----[0]
2016-08-21 15:06:26:492[cInfo        ] --------------------|  END BUFFER MESH INFO  |--------------------------------------
2016-08-21 15:06:26:493[cInfo        ] 

2016-08-21 15:06:26:494[cProcess     ] BodaciousQuest::Initialize() successful.
2016-08-21 15:06:26:495[Process      ] GameTime::Initialize() ok

2016-08-21 15:06:26:496[cProcess     ] MyWindow::Initialize() successful!
