2016-08-18 17:33:44:915[Process      ] GameLogger::Initialize() opened log file [..\Data\LogFiles\2016-08-18 17-33-44.BodaciousQuest.log] for writing
2016-08-18 17:33:44:916[Info         ] GameLogger::Initialize() successful
2016-08-18 17:33:44:916[Process      ] ConfigReader opened [..\Data\BodaciousQuest.config] successfully
2016-08-18 17:33:44:916[Info         ] ConfigReader initialized successfully
2016-08-18 17:33:44:916[Info         ] Valid KVP [BodaciousQuest.ShowFullScreen] [false] added
2016-08-18 17:33:44:916[Info         ] Valid KVP [BodaciousQuest.FpsInterval] [5.0] added
2016-08-18 17:33:44:916[Info         ] Valid KVP [BodaciousQuest.EnableControls] [true] added
2016-08-18 17:33:44:916[Info         ] Valid KVP [BodaciousQuest.LoadCubeFirst] [true] added
2016-08-18 17:33:44:916[Info         ] Valid KVP [BodaciousQuest.CameraWalkMode] [false] added
2016-08-18 17:33:44:916[Info         ] Valid KVP [BodaciousQuest.GridSize] [40] added
2016-08-18 17:33:44:916[Info         ] Valid KVP [BodaciousQuest.LightingTest.Ambient.Color] [1.0  1.0  1.0] added
2016-08-18 17:33:44:916[Info         ] Valid KVP [BodaciousQuest.LightingTest.Diffuse.Color] [1.0  1.0  1.0] added
2016-08-18 17:33:44:917[Info         ] Valid KVP [BodaciousQuest.LightingTest.Specular.Color] [0.0  0.0  0.0] added
2016-08-18 17:33:44:917[Info         ] Valid KVP [BodaciousQuest.LightingTest.Ambient.Reflectivity] [0.01] added
2016-08-18 17:33:44:917[Info         ] Valid KVP [BodaciousQuest.LightingTest.Diffuse.Reflectivity] [0.6] added
2016-08-18 17:33:44:917[Info         ] Valid KVP [BodaciousQuest.LightingTest.Specular.Reflectivity] [0.5] added
2016-08-18 17:33:44:917[Info         ] Valid KVP [BodaciousQuest.LightingTest.Specular.Shininess] [1.0] added
2016-08-18 17:33:44:917[Info         ] Valid KVP [BodaciousQuest.LightingTest.Falloff.A] [1.0] added
2016-08-18 17:33:44:917[Info         ] Valid KVP [BodaciousQuest.LightingTest.Falloff.B] [0.01] added
2016-08-18 17:33:44:917[Info         ] Valid KVP [BodaciousQuest.LightingTest.Falloff.C] [0.1] added
2016-08-18 17:33:44:917[Info         ] Valid KVP [BodaciousQuest.LightingTest.Directional] [false] added
2016-08-18 17:33:44:917[Info         ] Valid KVP [BodaciousQuest.LightingTest.Direction] [-1.0 0.0 1.0] added
2016-08-18 17:33:44:917[Info         ] Valid KVP [BodaciousQuest.LightingTest.Light.Position] [-0.875458 3.673020 1.043331] added
2016-08-18 17:33:44:917[Info         ] Valid KVP [BodaciousQuest.LightingTest.Dargon.Color] [1.0 1.0 0.4] added
2016-08-18 17:33:44:917[Info         ] Valid KVP [ObjConverter.Mode.VertexType] [p] added
2016-08-18 17:33:44:917[Info         ] Valid KVP [ObjConverter.Mode.Analyze] [false] added
2016-08-18 17:33:44:917[Info         ] Valid KVP [ObjConverter.Model] [AIWorld] added
2016-08-18 17:33:44:917[Info         ] Valid KVP [ObjConverter.Shader] [0] added
2016-08-18 17:33:44:917[Info         ] Valid KVP [ObjConverter.Color] [random] added
2016-08-18 17:33:44:917[Info         ] Valid KVP [ObjConverter.Obj.InputFileFolder] [..\\Data\\Objs\\] added
2016-08-18 17:33:44:917[Info         ] Valid KVP [ObjConverter.Scene.OutputFileFolder] [..\\Data\\Scenes\\] added
2016-08-18 17:33:44:917[Info         ] Valid KVP [ObjConverter.Model.Dargon.NumVerts] [57967] added
2016-08-18 17:33:44:917[Info         ] Valid KVP [ObjConverter.Model.Dargon.NumIndices] [337824] added
2016-08-18 17:33:44:917[Info         ] Valid KVP [ObjConverter.Model.Dargon.NumTexCoords] [60175] added
2016-08-18 17:33:44:917[Info         ] Valid KVP [ObjConverter.Model.Dargon.NumNormals] [337824] added
2016-08-18 17:33:44:917[Info         ] Valid KVP [ObjConverter.Model.Swamp.NumVerts] [2735] added
2016-08-18 17:33:44:917[Info         ] Valid KVP [ObjConverter.Model.Swamp.NumIndices] [8556] added
2016-08-18 17:33:44:917[Info         ] Valid KVP [ObjConverter.Model.Swamp.NumTexCoords] [3622] added
2016-08-18 17:33:44:917[Info         ] Valid KVP [ObjConverter.Model.Swamp.NumNormals] [5156] added
2016-08-18 17:33:44:917[Info         ] Valid KVP [ObjConverter.Model.Pyramid.NumVerts] [5] added
2016-08-18 17:33:44:917[Info         ] Valid KVP [ObjConverter.Model.Pyramid.NumIndices] [18] added
2016-08-18 17:33:44:917[Info         ] Valid KVP [ObjConverter.Model.Pyramid.NumTexCoords] [10] added
2016-08-18 17:33:44:917[Info         ] Valid KVP [ObjConverter.Model.Pyramid.NumNormals] [16] added
2016-08-18 17:33:44:917[Info         ] Valid KVP [ObjConverter.Model.AIWorld.NumVerts] [1957] added
2016-08-18 17:33:44:917[Info         ] Valid KVP [ObjConverter.Model.AIWorld.NumIndices] [8718] added
2016-08-18 17:33:44:917[Info         ] Valid KVP [ObjConverter.Model.AIWorld.NumTexCoords] [4186] added
2016-08-18 17:33:44:917[Info         ] Valid KVP [ObjConverter.Model.AIWorld.NumNormals] [5418] added
2016-08-18 17:33:44:917[Info         ] Valid KVP [ObjConverter.Model.GameWeapon.NumVerts] [2068] added
2016-08-18 17:33:44:917[Info         ] Valid KVP [ObjConverter.Model.GameWeapon.NumIndices] [9894] added
2016-08-18 17:33:44:917[Info         ] Valid KVP [ObjConverter.Model.GameWeapon.NumTexCoords] [0] added
2016-08-18 17:33:44:917[Info         ] Valid KVP [ObjConverter.Model.GameWeapon.NumNormals] [0] added
2016-08-18 17:33:44:917[Info         ] Valid KVP [ObjConverter.Model.Chicken.NumVerts] [224] added
2016-08-18 17:33:44:917[Info         ] Valid KVP [ObjConverter.Model.Chicken.NumIndices] [1374] added
2016-08-18 17:33:44:917[Info         ] Valid KVP [ObjConverter.Model.Chicken.NumTexCoords] [472] added
2016-08-18 17:33:44:918[Info         ] Valid KVP [ObjConverter.Model.Chicken.NumNormals] [565] added
2016-08-18 17:33:44:918[Info         ] Valid KVP [ObjConverter.Model.WaterPlane.NumVerts] [29282] added
2016-08-18 17:33:44:918[Info         ] Valid KVP [ObjConverter.Model.WaterPlane.NumIndices] [172800] added
2016-08-18 17:33:44:918[Info         ] Valid KVP [ObjConverter.Model.WaterPlane.NumTexCoords] [29282] added
2016-08-18 17:33:44:918[Info         ] Valid KVP [ObjConverter.Model.WaterPlane.NumNormals] [172800] added
2016-08-18 17:33:44:918[Info         ] Valid KVP [ObjConverter.Model.Cube.NumVerts] [8] added
2016-08-18 17:33:44:918[Info         ] Valid KVP [ObjConverter.Model.Cube.NumIndices] [36] added
2016-08-18 17:33:44:918[Info         ] Valid KVP [ObjConverter.Model.Cube.NumTexCoords] [14] added
2016-08-18 17:33:44:918[Info         ] Valid KVP [ObjConverter.Model.Cube.NumNormals] [24] added
2016-08-18 17:33:44:918[Info         ] Valid KVP [ObjConverter.Model.Barrel.NumVerts] [172] added
2016-08-18 17:33:44:918[Info         ] Valid KVP [ObjConverter.Model.Barrel.NumIndices] [1008] added
2016-08-18 17:33:44:918[Info         ] Valid KVP [ObjConverter.Model.Barrel.NumTexCoords] [328] added
2016-08-18 17:33:44:918[Info         ] Valid KVP [ObjConverter.Model.Barrel.NumNormals] [204] added
2016-08-18 17:33:44:918[Info         ] Valid KVP [ObjConverter.Model.SkyBox.NumVerts] [8] added
2016-08-18 17:33:44:918[Info         ] Valid KVP [ObjConverter.Model.SkyBox.NumIndices] [36] added
2016-08-18 17:33:44:918[Info         ] Valid KVP [ObjConverter.Model.SkyBox.NumTexCoords] [18] added
2016-08-18 17:33:44:918[Info         ] Valid KVP [ObjConverter.Model.SkyBox.NumNormals] [24] added
2016-08-18 17:33:44:984[cInfo        ] Config reader opened [..\Data\BodaciousQuest.config] for reading!
2016-08-18 17:33:45:044[Process      ] ShaderManager Initialized successfully
2016-08-18 17:33:45:044[Info         ] Shader Init started
2016-08-18 17:33:45:044[Info         ] Shader Program created.
2016-08-18 17:33:45:044[Process      ] ShaderProgram::Initialize()[1] successful!
2016-08-18 17:33:45:044[Debug        ] File [..\Data\shaders\debug.vert.shader] Opened successfully! Buffer Length:[291]
2016-08-18 17:33:45:045[Debug        ] Shader file [..\Data\shaders\debug.vert.shader] contents:
//BEGIN
#version 430 core

layout(location = 0)  in vec3 vPosition;

layout(location = 15) uniform vec3 colorin;
layout(location = 16) uniform mat4 MAT;

out vec4 color;

void main()
{
	vec4 vertPos = vec4(vPosition, 1.0);
	gl_Position = MAT *  vertPos;
	color = vec4(colorin, 1.0);
}
//END

2016-08-18 17:33:45:045[Debug        ]  ShaderProgram::AddShader() file with data was read in
2016-08-18 17:33:45:045[Debug        ] ShaderProgram::AddShader() : glShaderSource() successful
2016-08-18 17:33:45:045[Debug        ] ShaderProgram::AddShader() : glCompileShader() successful
2016-08-18 17:33:45:045[Info         ] ShaderProgram::CheckShaderCompileStatus(2) successful.
2016-08-18 17:33:45:045[Debug        ] ShaderProgram::AddShader() : glCompileShader() successful
2016-08-18 17:33:45:045[Info         ] ShaderInfo saved successfully.
2016-08-18 17:33:45:045[Debug        ] ShaderProgram::AddShader() : glAttachShader() successful
2016-08-18 17:33:45:045[Info         ] ShaderProgram::AddShader [2] successful.
2016-08-18 17:33:45:045[Debug        ] File [..\Data\shaders\debug.frag.shader] Opened successfully! Buffer Length:[104]
2016-08-18 17:33:45:045[Debug        ] Shader file [..\Data\shaders\debug.frag.shader] contents:
//BEGIN
#version 430 core


in  vec4 color;
out vec4 outColor;

void main()
{
	outColor = color;
}


//END

2016-08-18 17:33:45:046[Debug        ]  ShaderProgram::AddShader() file with data was read in
2016-08-18 17:33:45:046[Debug        ] ShaderProgram::AddShader() : glShaderSource() successful
2016-08-18 17:33:45:046[Debug        ] ShaderProgram::AddShader() : glCompileShader() successful
2016-08-18 17:33:45:046[Info         ] ShaderProgram::CheckShaderCompileStatus(3) successful.
2016-08-18 17:33:45:046[Debug        ] ShaderProgram::AddShader() : glCompileShader() successful
2016-08-18 17:33:45:046[Info         ] ShaderInfo saved successfully.
2016-08-18 17:33:45:046[Debug        ] ShaderProgram::AddShader() : glAttachShader() successful
2016-08-18 17:33:45:046[Info         ] ShaderProgram::AddShader [3] successful.
2016-08-18 17:33:45:047[Info         ] CheckProgramStatus() successful!
2016-08-18 17:33:45:047[Info         ] CheckProgramStatus() successful!
2016-08-18 17:33:45:047[Info         ] Shader Init started
2016-08-18 17:33:45:047[Info         ] Shader Program created.
2016-08-18 17:33:45:047[Process      ] ShaderProgram::Initialize()[4] successful!
2016-08-18 17:33:45:047[Debug        ] File [..\Data\shaders\play.vert.shader] Opened successfully! Buffer Length:[343]
2016-08-18 17:33:45:047[Debug        ] Shader file [..\Data\shaders\play.vert.shader] contents:
//BEGIN
#version 430 core

layout (location = 0)  in vec3 vPosition;
layout (location = 1)  in vec3 vColor;
layout (location = 15) uniform vec3 colorin;
layout (location = 16) uniform mat4 MAT;

out vec4 color;

void main()
{
	vec4 vertPos = vec4(vPosition, 1.0);
	gl_Position = MAT *  vertPos;
	color = vec4((vColor + colorin), 1.0);
}
//END

2016-08-18 17:33:45:047[Debug        ]  ShaderProgram::AddShader() file with data was read in
2016-08-18 17:33:45:047[Debug        ] ShaderProgram::AddShader() : glShaderSource() successful
2016-08-18 17:33:45:048[Debug        ] ShaderProgram::AddShader() : glCompileShader() successful
2016-08-18 17:33:45:048[Info         ] ShaderProgram::CheckShaderCompileStatus(5) successful.
2016-08-18 17:33:45:048[Debug        ] ShaderProgram::AddShader() : glCompileShader() successful
2016-08-18 17:33:45:048[Info         ] ShaderInfo saved successfully.
2016-08-18 17:33:45:048[Debug        ] ShaderProgram::AddShader() : glAttachShader() successful
2016-08-18 17:33:45:048[Info         ] ShaderProgram::AddShader [5] successful.
2016-08-18 17:33:45:048[Debug        ] File [..\Data\shaders\play.frag.shader] Opened successfully! Buffer Length:[391]
2016-08-18 17:33:45:048[Debug        ] Shader file [..\Data\shaders\play.frag.shader] contents:
//BEGIN
#version 430 core


in  vec4 color;
out vec4 outColor;

void main()
{

	//if (color.r < .7) discard;
	outColor = color;

	//if(((gl_FragCoord.x  > 600)&& (gl_FragCoord.y < 300)) || ((gl_FragCoord.y < 300)  && (gl_FragCoord.x  < 600) )) {
	//discard;
	//}

	//vec2 scrPos = vec2(gl_FragCoord) - vec2(350,150);
	//float len =  length(scrPos);
	//if(len < 50 )discard;
}


//END

2016-08-18 17:33:45:048[Debug        ]  ShaderProgram::AddShader() file with data was read in
2016-08-18 17:33:45:048[Debug        ] ShaderProgram::AddShader() : glShaderSource() successful
2016-08-18 17:33:45:048[Debug        ] ShaderProgram::AddShader() : glCompileShader() successful
2016-08-18 17:33:45:048[Info         ] ShaderProgram::CheckShaderCompileStatus(6) successful.
2016-08-18 17:33:45:048[Debug        ] ShaderProgram::AddShader() : glCompileShader() successful
2016-08-18 17:33:45:048[Info         ] ShaderInfo saved successfully.
2016-08-18 17:33:45:048[Debug        ] ShaderProgram::AddShader() : glAttachShader() successful
2016-08-18 17:33:45:048[Info         ] ShaderProgram::AddShader [6] successful.
2016-08-18 17:33:45:050[Info         ] CheckProgramStatus() successful!
2016-08-18 17:33:45:050[Info         ] CheckProgramStatus() successful!
2016-08-18 17:33:45:050[Info         ] Shader Init started
2016-08-18 17:33:45:050[Info         ] Shader Program created.
2016-08-18 17:33:45:050[Process      ] ShaderProgram::Initialize()[7] successful!
2016-08-18 17:33:45:050[Debug        ] File [..\Data\shaders\texture.vert.shader] Opened successfully! Buffer Length:[305]
2016-08-18 17:33:45:050[Debug        ] Shader file [..\Data\shaders\texture.vert.shader] contents:
//BEGIN
#version 430 core

layout (location = 0)  in vec3 vPosition;
layout (location = 1)  in vec2 vUV;

layout (location = 16) uniform mat4 MAT;

//out data
out vec2 UV;

//out vec4 color;

void main()
{
	vec4 vertPos = vec4(vPosition, 1.0);
	gl_Position = MAT *  vertPos;

	UV = vUV;
	
	
}
//END

2016-08-18 17:33:45:050[Debug        ]  ShaderProgram::AddShader() file with data was read in
2016-08-18 17:33:45:050[Debug        ] ShaderProgram::AddShader() : glShaderSource() successful
2016-08-18 17:33:45:050[Debug        ] ShaderProgram::AddShader() : glCompileShader() successful
2016-08-18 17:33:45:050[Info         ] ShaderProgram::CheckShaderCompileStatus(8) successful.
2016-08-18 17:33:45:051[Debug        ] ShaderProgram::AddShader() : glCompileShader() successful
2016-08-18 17:33:45:051[Info         ] ShaderInfo saved successfully.
2016-08-18 17:33:45:051[Debug        ] ShaderProgram::AddShader() : glAttachShader() successful
2016-08-18 17:33:45:051[Info         ] ShaderProgram::AddShader [8] successful.
2016-08-18 17:33:45:051[Debug        ] File [..\Data\shaders\texture.frag.shader] Opened successfully! Buffer Length:[482]
2016-08-18 17:33:45:051[Debug        ] Shader file [..\Data\shaders\texture.frag.shader] contents:
//BEGIN
#version 430 core


in  vec2 UV;
out vec4 outColor;

layout(location = 20) uniform sampler2D textureSampler;

void main()
{

	//if (color.r < .7) discard;
	outColor = vec4(texture(textureSampler, UV).rgb, 1.0);

	//if(((gl_FragCoord.x  > 600)&& (gl_FragCoord.y < 300)) || ((gl_FragCoord.y < 300)  && (gl_FragCoord.x  < 600) )) {
	//discard;
	//}
	//vec2 scrPos = vec2(gl_FragCoord) - vec2(350,150);
	//float len =  length(scrPos);
	//if(len < 50 )discard;
}


//END

2016-08-18 17:33:45:051[Debug        ]  ShaderProgram::AddShader() file with data was read in
2016-08-18 17:33:45:051[Debug        ] ShaderProgram::AddShader() : glShaderSource() successful
2016-08-18 17:33:45:052[Debug        ] ShaderProgram::AddShader() : glCompileShader() successful
2016-08-18 17:33:45:052[Info         ] ShaderProgram::CheckShaderCompileStatus(9) successful.
2016-08-18 17:33:45:052[Debug        ] ShaderProgram::AddShader() : glCompileShader() successful
2016-08-18 17:33:45:052[Info         ] ShaderInfo saved successfully.
2016-08-18 17:33:45:052[Debug        ] ShaderProgram::AddShader() : glAttachShader() successful
2016-08-18 17:33:45:052[Info         ] ShaderProgram::AddShader [9] successful.
2016-08-18 17:33:45:053[Info         ] CheckProgramStatus() successful!
2016-08-18 17:33:45:053[Info         ] CheckProgramStatus() successful!
2016-08-18 17:33:45:053[Info         ] Shader Init started
2016-08-18 17:33:45:053[Info         ] Shader Program created.
2016-08-18 17:33:45:053[Process      ] ShaderProgram::Initialize()[10] successful!
2016-08-18 17:33:45:053[Debug        ] File [..\Data\shaders\framebuffer.vert.shader] Opened successfully! Buffer Length:[305]
2016-08-18 17:33:45:053[Debug        ] Shader file [..\Data\shaders\framebuffer.vert.shader] contents:
//BEGIN
#version 430 core

layout (location = 0)  in vec3 vPosition;
layout (location = 1)  in vec2 vUV;

layout (location = 16) uniform mat4 MAT;

//out data
out vec2 UV;

//out vec4 color;

void main()
{
	vec4 vertPos = vec4(vPosition, 1.0);
	gl_Position = MAT *  vertPos;

	UV = vUV;
	
	
}
//END

2016-08-18 17:33:45:053[Debug        ]  ShaderProgram::AddShader() file with data was read in
2016-08-18 17:33:45:053[Debug        ] ShaderProgram::AddShader() : glShaderSource() successful
2016-08-18 17:33:45:053[Debug        ] ShaderProgram::AddShader() : glCompileShader() successful
2016-08-18 17:33:45:053[Info         ] ShaderProgram::CheckShaderCompileStatus(11) successful.
2016-08-18 17:33:45:053[Debug        ] ShaderProgram::AddShader() : glCompileShader() successful
2016-08-18 17:33:45:053[Info         ] ShaderInfo saved successfully.
2016-08-18 17:33:45:053[Debug        ] ShaderProgram::AddShader() : glAttachShader() successful
2016-08-18 17:33:45:053[Info         ] ShaderProgram::AddShader [11] successful.
2016-08-18 17:33:45:053[Debug        ] File [..\Data\shaders\framebuffer.frag.shader] Opened successfully! Buffer Length:[275]
2016-08-18 17:33:45:053[Debug        ] Shader file [..\Data\shaders\framebuffer.frag.shader] contents:
//BEGIN
#version 430 core


in  vec2 UV;
out vec4 outColor;

layout(location = 20) uniform sampler2D textureSampler;

void main()
{


	vec3 tempCol = texture(textureSampler, UV).rgb;

	outColor = vec4(tempCol.r / 1.5f, tempCol.g / 1.5f, tempCol.b / 1.5f, 1.0f);
}


//END

2016-08-18 17:33:45:053[Debug        ]  ShaderProgram::AddShader() file with data was read in
2016-08-18 17:33:45:054[Debug        ] ShaderProgram::AddShader() : glShaderSource() successful
2016-08-18 17:33:45:054[Debug        ] ShaderProgram::AddShader() : glCompileShader() successful
2016-08-18 17:33:45:054[Info         ] ShaderProgram::CheckShaderCompileStatus(12) successful.
2016-08-18 17:33:45:054[Debug        ] ShaderProgram::AddShader() : glCompileShader() successful
2016-08-18 17:33:45:054[Info         ] ShaderInfo saved successfully.
2016-08-18 17:33:45:054[Debug        ] ShaderProgram::AddShader() : glAttachShader() successful
2016-08-18 17:33:45:054[Info         ] ShaderProgram::AddShader [12] successful.
2016-08-18 17:33:45:055[Info         ] CheckProgramStatus() successful!
2016-08-18 17:33:45:055[Info         ] CheckProgramStatus() successful!
2016-08-18 17:33:45:055[Info         ] Shader Init started
2016-08-18 17:33:45:055[Info         ] Shader Program created.
2016-08-18 17:33:45:055[Process      ] ShaderProgram::Initialize()[13] successful!
2016-08-18 17:33:45:055[Debug        ] File [..\Data\shaders\lighting.vert.shader] Opened successfully! Buffer Length:[1137]
2016-08-18 17:33:45:055[cDebug       ] Shader file [..\Data\shaders\lighting.vert.shader] is too big to display contents.
2016-08-18 17:33:45:057[Debug        ]  ShaderProgram::AddShader() file with data was read in
2016-08-18 17:33:45:057[Debug        ] ShaderProgram::AddShader() : glShaderSource() successful
2016-08-18 17:33:45:057[Debug        ] ShaderProgram::AddShader() : glCompileShader() successful
2016-08-18 17:33:45:057[Info         ] ShaderProgram::CheckShaderCompileStatus(14) successful.
2016-08-18 17:33:45:057[Debug        ] ShaderProgram::AddShader() : glCompileShader() successful
2016-08-18 17:33:45:057[Info         ] ShaderInfo saved successfully.
2016-08-18 17:33:45:057[Debug        ] ShaderProgram::AddShader() : glAttachShader() successful
2016-08-18 17:33:45:057[Info         ] ShaderProgram::AddShader [14] successful.
2016-08-18 17:33:45:057[Debug        ] File [..\Data\shaders\lighting.frag.shader] Opened successfully! Buffer Length:[1744]
2016-08-18 17:33:45:057[cDebug       ] Shader file [..\Data\shaders\lighting.frag.shader] is too big to display contents.
2016-08-18 17:33:45:058[Debug        ]  ShaderProgram::AddShader() file with data was read in
2016-08-18 17:33:45:058[Debug        ] ShaderProgram::AddShader() : glShaderSource() successful
2016-08-18 17:33:45:059[Debug        ] ShaderProgram::AddShader() : glCompileShader() successful
2016-08-18 17:33:45:059[Info         ] ShaderProgram::CheckShaderCompileStatus(15) successful.
2016-08-18 17:33:45:059[Debug        ] ShaderProgram::AddShader() : glCompileShader() successful
2016-08-18 17:33:45:059[Info         ] ShaderInfo saved successfully.
2016-08-18 17:33:45:059[Debug        ] ShaderProgram::AddShader() : glAttachShader() successful
2016-08-18 17:33:45:059[Info         ] ShaderProgram::AddShader [15] successful.
2016-08-18 17:33:45:062[Info         ] CheckProgramStatus() successful!
2016-08-18 17:33:45:063[Info         ] CheckProgramStatus() successful!
2016-08-18 17:33:45:063[Info         ] Shader Init started
2016-08-18 17:33:45:063[Info         ] Shader Program created.
2016-08-18 17:33:45:063[Process      ] ShaderProgram::Initialize()[16] successful!
2016-08-18 17:33:45:063[Debug        ] File [..\Data\shaders\texlighting.vert.shader] Opened successfully! Buffer Length:[1110]
2016-08-18 17:33:45:063[cDebug       ] Shader file [..\Data\shaders\texlighting.vert.shader] is too big to display contents.
2016-08-18 17:33:45:066[Debug        ]  ShaderProgram::AddShader() file with data was read in
2016-08-18 17:33:45:067[Debug        ] ShaderProgram::AddShader() : glShaderSource() successful
2016-08-18 17:33:45:067[Debug        ] ShaderProgram::AddShader() : glCompileShader() successful
2016-08-18 17:33:45:067[Info         ] ShaderProgram::CheckShaderCompileStatus(17) successful.
2016-08-18 17:33:45:067[Debug        ] ShaderProgram::AddShader() : glCompileShader() successful
2016-08-18 17:33:45:067[Info         ] ShaderInfo saved successfully.
2016-08-18 17:33:45:067[Debug        ] ShaderProgram::AddShader() : glAttachShader() successful
2016-08-18 17:33:45:067[Info         ] ShaderProgram::AddShader [17] successful.
2016-08-18 17:33:45:068[Debug        ] File [..\Data\shaders\texlighting.frag.shader] Opened successfully! Buffer Length:[1717]
2016-08-18 17:33:45:068[cDebug       ] Shader file [..\Data\shaders\texlighting.frag.shader] is too big to display contents.
2016-08-18 17:33:45:069[Debug        ]  ShaderProgram::AddShader() file with data was read in
2016-08-18 17:33:45:069[Debug        ] ShaderProgram::AddShader() : glShaderSource() successful
2016-08-18 17:33:45:070[Debug        ] ShaderProgram::AddShader() : glCompileShader() successful
2016-08-18 17:33:45:070[Info         ] ShaderProgram::CheckShaderCompileStatus(18) successful.
2016-08-18 17:33:45:070[Debug        ] ShaderProgram::AddShader() : glCompileShader() successful
2016-08-18 17:33:45:070[Info         ] ShaderInfo saved successfully.
2016-08-18 17:33:45:070[Debug        ] ShaderProgram::AddShader() : glAttachShader() successful
2016-08-18 17:33:45:070[Info         ] ShaderProgram::AddShader [18] successful.
2016-08-18 17:33:45:073[Info         ] CheckProgramStatus() successful!
2016-08-18 17:33:45:073[Info         ] CheckProgramStatus() successful!
2016-08-18 17:33:45:073[Info         ] Shader Init started
2016-08-18 17:33:45:073[Info         ] Shader Program created.
2016-08-18 17:33:45:073[Process      ] ShaderProgram::Initialize()[19] successful!
2016-08-18 17:33:45:073[Debug        ] File [..\Data\shaders\water.vert.shader] Opened successfully! Buffer Length:[1400]
2016-08-18 17:33:45:073[cDebug       ] Shader file [..\Data\shaders\water.vert.shader] is too big to display contents.
2016-08-18 17:33:45:076[Debug        ]  ShaderProgram::AddShader() file with data was read in
2016-08-18 17:33:45:076[Debug        ] ShaderProgram::AddShader() : glShaderSource() successful
2016-08-18 17:33:45:076[Debug        ] ShaderProgram::AddShader() : glCompileShader() successful
2016-08-18 17:33:45:076[Info         ] ShaderProgram::CheckShaderCompileStatus(20) successful.
2016-08-18 17:33:45:076[Debug        ] ShaderProgram::AddShader() : glCompileShader() successful
2016-08-18 17:33:45:076[Info         ] ShaderInfo saved successfully.
2016-08-18 17:33:45:076[Debug        ] ShaderProgram::AddShader() : glAttachShader() successful
2016-08-18 17:33:45:076[Info         ] ShaderProgram::AddShader [20] successful.
2016-08-18 17:33:45:077[Debug        ] File [..\Data\shaders\water.frag.shader] Opened successfully! Buffer Length:[2436]
2016-08-18 17:33:45:077[cDebug       ] Shader file [..\Data\shaders\water.frag.shader] is too big to display contents.
2016-08-18 17:33:45:078[Debug        ]  ShaderProgram::AddShader() file with data was read in
2016-08-18 17:33:45:078[Debug        ] ShaderProgram::AddShader() : glShaderSource() successful
2016-08-18 17:33:45:079[Debug        ] ShaderProgram::AddShader() : glCompileShader() successful
2016-08-18 17:33:45:079[Info         ] ShaderProgram::CheckShaderCompileStatus(21) successful.
2016-08-18 17:33:45:079[Debug        ] ShaderProgram::AddShader() : glCompileShader() successful
2016-08-18 17:33:45:079[Info         ] ShaderInfo saved successfully.
2016-08-18 17:33:45:079[Debug        ] ShaderProgram::AddShader() : glAttachShader() successful
2016-08-18 17:33:45:079[Info         ] ShaderProgram::AddShader [21] successful.
2016-08-18 17:33:45:082[Info         ] CheckProgramStatus() successful!
2016-08-18 17:33:45:082[Info         ] CheckProgramStatus() successful!
2016-08-18 17:33:45:083[Info         ] GetAttribLocation [vPosition] successful.
2016-08-18 17:33:45:083[Info         ] GetUniformLocation [colorin] successful.
2016-08-18 17:33:45:083[Info         ] GetUniformLocation [MAT] successful.
2016-08-18 17:33:45:083[cProcess     ] RenderEngine::Initialize() successful.
2016-08-18 17:33:45:085[cInfo        ] 
-----------------------------------------------------------------------
 BufferInfo::CreateBuffers()[0] Created buffers:| VERTEX [1] with [80] bytes. || INDEX [2] with [24] bytes |
-----------------------------------------------------------------------

2016-08-18 17:33:45:091[cInfo        ] --------BufferInfo::AddMesh() Added mesh successfully-------
2016-08-18 17:33:45:092[cInfo        ] 
2016-08-18 17:33:45:092[cInfo        ] --------------------| START BUFFER MESH INFO |-------------------------------------
2016-08-18 17:33:45:095[cInfo        ] BufferInfo::AddMesh(): NUM VERTS-----------------[4]
2016-08-18 17:33:45:095[cInfo        ] BufferInfo::AddMesh(): NUM INDICES---------------[6]
2016-08-18 17:33:45:097[cInfo        ] BufferInfo::AddMesh(): VERT OFFSET---------------[0]
2016-08-18 17:33:45:098[cInfo        ] BufferInfo::AddMesh(): INDICES OFFSET (BYTES)----[0]
2016-08-18 17:33:45:099[cInfo        ] --------------------|  END BUFFER MESH INFO  |--------------------------------------
2016-08-18 17:33:45:101[cInfo        ] 

2016-08-18 17:33:45:102[cInfo        ] 
-----------------------------------------------------------------------
 BufferInfo::CreateBuffers()[0] Created buffers:| VERTEX [3] with [96] bytes. || INDEX [4] with [48] bytes |
-----------------------------------------------------------------------

2016-08-18 17:33:45:108[cInfo        ] --------BufferInfo::AddMesh() Added mesh successfully-------
2016-08-18 17:33:45:109[cInfo        ] 
2016-08-18 17:33:45:109[cInfo        ] --------------------| START BUFFER MESH INFO |-------------------------------------
2016-08-18 17:33:45:110[cInfo        ] BufferInfo::AddMesh(): NUM VERTS-----------------[8]
2016-08-18 17:33:45:111[cInfo        ] BufferInfo::AddMesh(): NUM INDICES---------------[24]
2016-08-18 17:33:45:112[cInfo        ] BufferInfo::AddMesh(): VERT OFFSET---------------[0]
2016-08-18 17:33:45:114[cInfo        ] BufferInfo::AddMesh(): INDICES OFFSET (BYTES)----[0]
2016-08-18 17:33:45:115[cInfo        ] --------------------|  END BUFFER MESH INFO  |--------------------------------------
2016-08-18 17:33:45:118[cInfo        ] 

2016-08-18 17:33:45:118[cInfo        ] 
-----------------------------------------------------------------------
 BufferInfo::CreateBuffers()[0] Created buffers:| VERTEX [5] with [864] bytes. || INDEX [6] with [0] bytes |
-----------------------------------------------------------------------

2016-08-18 17:33:45:125[cInfo        ] --------BufferInfo::AddMesh() Added mesh successfully-------
2016-08-18 17:33:45:126[cInfo        ] 
2016-08-18 17:33:45:126[cInfo        ] --------------------| START BUFFER MESH INFO |-------------------------------------
2016-08-18 17:33:45:127[cInfo        ] BufferInfo::AddMesh(): NUM VERTS-----------------[36]
2016-08-18 17:33:45:128[cInfo        ] BufferInfo::AddMesh(): NUM INDICES---------------[0]
2016-08-18 17:33:45:129[cInfo        ] BufferInfo::AddMesh(): VERT OFFSET---------------[0]
2016-08-18 17:33:45:130[cInfo        ] BufferInfo::AddMesh(): INDICES OFFSET (BYTES)----[0]
2016-08-18 17:33:45:131[cInfo        ] --------------------|  END BUFFER MESH INFO  |--------------------------------------
2016-08-18 17:33:45:134[cInfo        ] 

2016-08-18 17:33:45:135[cInfo        ] 
-----------------------------------------------------------------------
 BufferInfo::CreateBuffers()[0] Created buffers:| VERTEX [7] with [144] bytes. || INDEX [8] with [0] bytes |
-----------------------------------------------------------------------

2016-08-18 17:33:45:140[cInfo        ] --------BufferInfo::AddMesh() Added mesh successfully-------
2016-08-18 17:33:45:141[cInfo        ] 
2016-08-18 17:33:45:141[cInfo        ] --------------------| START BUFFER MESH INFO |-------------------------------------
2016-08-18 17:33:45:143[cInfo        ] BufferInfo::AddMesh(): NUM VERTS-----------------[6]
2016-08-18 17:33:45:144[cInfo        ] BufferInfo::AddMesh(): NUM INDICES---------------[0]
2016-08-18 17:33:45:145[cInfo        ] BufferInfo::AddMesh(): VERT OFFSET---------------[0]
2016-08-18 17:33:45:146[cInfo        ] BufferInfo::AddMesh(): INDICES OFFSET (BYTES)----[0]
2016-08-18 17:33:45:147[cInfo        ] --------------------|  END BUFFER MESH INFO  |--------------------------------------
2016-08-18 17:33:45:148[cInfo        ] 

2016-08-18 17:33:45:150[cProcess     ] BufferManager::Initialize() successful.
2016-08-18 17:33:45:151[cInfo        ] 
-----------------------------------------------------------------------
 BufferInfo::CreateBuffers()[0] Created buffers:| VERTEX [9] with [1000000] bytes. || INDEX [10] with [1000000] bytes |
-----------------------------------------------------------------------

2016-08-18 17:33:45:155[cInfo        ] --------BufferInfo::AddMesh() Added mesh successfully-------
2016-08-18 17:33:45:157[cInfo        ] 
2016-08-18 17:33:45:157[cInfo        ] --------------------| START BUFFER MESH INFO |-------------------------------------
2016-08-18 17:33:45:159[cInfo        ] BufferInfo::AddMesh(): NUM VERTS-----------------[24]
2016-08-18 17:33:45:161[cInfo        ] BufferInfo::AddMesh(): NUM INDICES---------------[36]
2016-08-18 17:33:45:162[cInfo        ] BufferInfo::AddMesh(): VERT OFFSET---------------[0]
2016-08-18 17:33:45:164[cInfo        ] BufferInfo::AddMesh(): INDICES OFFSET (BYTES)----[0]
2016-08-18 17:33:45:166[cInfo        ] --------------------|  END BUFFER MESH INFO  |--------------------------------------
2016-08-18 17:33:45:168[cInfo        ] 

2016-08-18 17:33:45:170[cProcess     ] BufferManager::Initialize() successful.
2016-08-18 17:33:45:171[cInfo        ] 
-----------------------------------------------------------------------
 BufferInfo::CreateBuffers()[1] Created buffers:| VERTEX [11] with [1000000] bytes. || INDEX [12] with [1000000] bytes |
-----------------------------------------------------------------------

2016-08-18 17:33:45:177[cInfo        ] --------BufferInfo::AddMesh() Added mesh successfully-------
2016-08-18 17:33:45:178[cInfo        ] 
2016-08-18 17:33:45:178[cInfo        ] --------------------| START BUFFER MESH INFO |-------------------------------------
2016-08-18 17:33:45:179[cInfo        ] BufferInfo::AddMesh(): NUM VERTS-----------------[1536]
2016-08-18 17:33:45:180[cInfo        ] BufferInfo::AddMesh(): NUM INDICES---------------[3072]
2016-08-18 17:33:45:181[cInfo        ] BufferInfo::AddMesh(): VERT OFFSET---------------[0]
2016-08-18 17:33:45:183[cInfo        ] BufferInfo::AddMesh(): INDICES OFFSET (BYTES)----[0]
2016-08-18 17:33:45:184[cInfo        ] --------------------|  END BUFFER MESH INFO  |--------------------------------------
2016-08-18 17:33:45:185[cInfo        ] 

2016-08-18 17:33:45:186[cInfo        ] 
-----------------------------------------------------------------------
 BufferInfo::CreateBuffers()[0] Created buffers:| VERTEX [13] with [3936] bytes. || INDEX [14] with [0] bytes |
-----------------------------------------------------------------------

2016-08-18 17:33:45:190[cInfo        ] --------BufferInfo::AddMesh() Added mesh successfully-------
2016-08-18 17:33:45:190[cInfo        ] 
2016-08-18 17:33:45:191[cInfo        ] --------------------| START BUFFER MESH INFO |-------------------------------------
2016-08-18 17:33:45:193[cInfo        ] BufferInfo::AddMesh(): NUM VERTS-----------------[164]
2016-08-18 17:33:45:194[cInfo        ] BufferInfo::AddMesh(): NUM INDICES---------------[0]
2016-08-18 17:33:45:195[cInfo        ] BufferInfo::AddMesh(): VERT OFFSET---------------[0]
2016-08-18 17:33:45:196[cInfo        ] BufferInfo::AddMesh(): INDICES OFFSET (BYTES)----[0]
2016-08-18 17:33:45:196[cInfo        ] --------------------|  END BUFFER MESH INFO  |--------------------------------------
2016-08-18 17:33:45:198[cInfo        ] 

2016-08-18 17:33:45:199[cProcess     ] ShapeGenerator initialized successfully.
2016-08-18 17:33:45:199[cProcess     ] Camera::Initialize() successful.
2016-08-18 17:33:45:200[cProcess     ] Keyboard::Initialize() successful
2016-08-18 17:33:45:201[cProcess     ] Keyboard::Initialize() successful
2016-08-18 17:33:45:215[cInfo        ] 
-----------------------------------------------------------------------
 BufferInfo::CreateBuffers()[0] Created buffers:| VERTEX [15] with [10810368] bytes. || INDEX [16] with [0] bytes |
-----------------------------------------------------------------------

2016-08-18 17:33:45:230[cInfo        ] --------BufferInfo::AddMesh() Added mesh successfully-------
2016-08-18 17:33:45:231[cInfo        ] 
2016-08-18 17:33:45:232[cInfo        ] --------------------| START BUFFER MESH INFO |-------------------------------------
2016-08-18 17:33:45:235[cInfo        ] BufferInfo::AddMesh(): NUM VERTS-----------------[337824]
2016-08-18 17:33:45:236[cInfo        ] BufferInfo::AddMesh(): NUM INDICES---------------[0]
2016-08-18 17:33:45:237[cInfo        ] BufferInfo::AddMesh(): VERT OFFSET---------------[0]
2016-08-18 17:33:45:238[cInfo        ] BufferInfo::AddMesh(): INDICES OFFSET (BYTES)----[0]
2016-08-18 17:33:45:239[cInfo        ] --------------------|  END BUFFER MESH INFO  |--------------------------------------
2016-08-18 17:33:45:240[cInfo        ] 

2016-08-18 17:33:45:270[Info         ] ShapeGenerator::ReadSceneFile(): Added new scene [..\Data\Scenes\Dargon.ptn.scene] successfully.
2016-08-18 17:33:45:270[cInfo        ] EntityManager::BuildPlayerEntity(): Built [Dargon] successfully
2016-08-18 17:33:45:274[cProcess     ] BufferManager::Initialize() successful.
2016-08-18 17:33:45:279[cInfo        ] 
-----------------------------------------------------------------------
 BufferInfo::CreateBuffers()[2] Created buffers:| VERTEX [17] with [1000000] bytes. || INDEX [18] with [1000000] bytes |
-----------------------------------------------------------------------

2016-08-18 17:33:45:287[cInfo        ] --------BufferInfo::AddMesh() Added mesh successfully-------
2016-08-18 17:33:45:289[cInfo        ] 
2016-08-18 17:33:45:289[cInfo        ] --------------------| START BUFFER MESH INFO |-------------------------------------
2016-08-18 17:33:45:291[cInfo        ] BufferInfo::AddMesh(): NUM VERTS-----------------[36]
2016-08-18 17:33:45:292[cInfo        ] BufferInfo::AddMesh(): NUM INDICES---------------[0]
2016-08-18 17:33:45:293[cInfo        ] BufferInfo::AddMesh(): VERT OFFSET---------------[0]
2016-08-18 17:33:45:295[cInfo        ] BufferInfo::AddMesh(): INDICES OFFSET (BYTES)----[0]
2016-08-18 17:33:45:296[cInfo        ] --------------------|  END BUFFER MESH INFO  |--------------------------------------
2016-08-18 17:33:45:299[cInfo        ] 

2016-08-18 17:33:45:300[Info         ] ShapeGenerator::ReadSceneFile(): Added new scene [..\Data\Scenes\Cube.pn.scene] successfully.
2016-08-18 17:33:45:300[cInfo        ] --------BufferInfo::AddMesh() Added mesh successfully-------
2016-08-18 17:33:45:301[cInfo        ] 
2016-08-18 17:33:45:301[cInfo        ] --------------------| START BUFFER MESH INFO |-------------------------------------
2016-08-18 17:33:45:302[cInfo        ] BufferInfo::AddMesh(): NUM VERTS-----------------[18]
2016-08-18 17:33:45:303[cInfo        ] BufferInfo::AddMesh(): NUM INDICES---------------[0]
2016-08-18 17:33:45:304[cInfo        ] BufferInfo::AddMesh(): VERT OFFSET---------------[36]
2016-08-18 17:33:45:305[cInfo        ] BufferInfo::AddMesh(): INDICES OFFSET (BYTES)----[0]
2016-08-18 17:33:45:306[cInfo        ] --------------------|  END BUFFER MESH INFO  |--------------------------------------
2016-08-18 17:33:45:307[cInfo        ] 

2016-08-18 17:33:45:309[Info         ] ShapeGenerator::ReadSceneFile(): Added new scene [..\Data\Scenes\Pyramid.pn.scene] successfully.
2016-08-18 17:33:45:315[cInfo        ] 
-----------------------------------------------------------------------
 BufferInfo::CreateBuffers()[0] Created buffers:| VERTEX [19] with [5529600] bytes. || INDEX [20] with [0] bytes |
-----------------------------------------------------------------------

2016-08-18 17:33:45:332[cInfo        ] --------BufferInfo::AddMesh() Added mesh successfully-------
2016-08-18 17:33:45:333[cInfo        ] 
2016-08-18 17:33:45:334[cInfo        ] --------------------| START BUFFER MESH INFO |-------------------------------------
2016-08-18 17:33:45:337[cInfo        ] BufferInfo::AddMesh(): NUM VERTS-----------------[172800]
2016-08-18 17:33:45:338[cInfo        ] BufferInfo::AddMesh(): NUM INDICES---------------[0]
2016-08-18 17:33:45:339[cInfo        ] BufferInfo::AddMesh(): VERT OFFSET---------------[0]
2016-08-18 17:33:45:340[cInfo        ] BufferInfo::AddMesh(): INDICES OFFSET (BYTES)----[0]
2016-08-18 17:33:45:341[cInfo        ] --------------------|  END BUFFER MESH INFO  |--------------------------------------
2016-08-18 17:33:45:342[cInfo        ] 

2016-08-18 17:33:45:343[Info         ] ShapeGenerator::ReadSceneFile(): Added new scene [..\Data\Scenes\WaterPlane.ptn.scene] successfully.
2016-08-18 17:33:45:344[cProcess     ] Camera::Initialize() successful.
2016-08-18 17:33:45:354[cProcess     ] BufferManager::Initialize() successful.
2016-08-18 17:33:45:357[cInfo        ] 
-----------------------------------------------------------------------
 BufferInfo::CreateBuffers()[3] Created buffers:| VERTEX [21] with [8107776] bytes. || INDEX [22] with [0] bytes |
-----------------------------------------------------------------------

2016-08-18 17:33:45:374[cInfo        ] --------BufferInfo::AddMesh() Added mesh successfully-------
2016-08-18 17:33:45:375[cInfo        ] 
2016-08-18 17:33:45:375[cInfo        ] --------------------| START BUFFER MESH INFO |-------------------------------------
2016-08-18 17:33:45:376[cInfo        ] BufferInfo::AddMesh(): NUM VERTS-----------------[337824]
2016-08-18 17:33:45:377[cInfo        ] BufferInfo::AddMesh(): NUM INDICES---------------[0]
2016-08-18 17:33:45:378[cInfo        ] BufferInfo::AddMesh(): VERT OFFSET---------------[0]
2016-08-18 17:33:45:379[cInfo        ] BufferInfo::AddMesh(): INDICES OFFSET (BYTES)----[0]
2016-08-18 17:33:45:380[cInfo        ] --------------------|  END BUFFER MESH INFO  |--------------------------------------
2016-08-18 17:33:45:381[cInfo        ] 

2016-08-18 17:33:45:382[Info         ] ShapeGenerator::ReadSceneFile(): Added new scene [..\Data\Scenes\Dargon.pn.scene] successfully.
2016-08-18 17:33:45:382[cProcess     ] BufferManager::Initialize() successful.
2016-08-18 17:33:45:384[cInfo        ] 
-----------------------------------------------------------------------
 BufferInfo::CreateBuffers()[4] Created buffers:| VERTEX [23] with [1000000] bytes. || INDEX [24] with [1000000] bytes |
-----------------------------------------------------------------------

2016-08-18 17:33:45:388[cInfo        ] --------BufferInfo::AddMesh() Added mesh successfully-------
2016-08-18 17:33:45:389[cInfo        ] 
2016-08-18 17:33:45:389[cInfo        ] --------------------| START BUFFER MESH INFO |-------------------------------------
2016-08-18 17:33:45:390[cInfo        ] BufferInfo::AddMesh(): NUM VERTS-----------------[6]
2016-08-18 17:33:45:391[cInfo        ] BufferInfo::AddMesh(): NUM INDICES---------------[0]
2016-08-18 17:33:45:392[cInfo        ] BufferInfo::AddMesh(): VERT OFFSET---------------[0]
2016-08-18 17:33:45:394[cInfo        ] BufferInfo::AddMesh(): INDICES OFFSET (BYTES)----[0]
2016-08-18 17:33:45:394[cInfo        ] --------------------|  END BUFFER MESH INFO  |--------------------------------------
2016-08-18 17:33:45:396[cInfo        ] 

2016-08-18 17:33:45:396[cProcess     ] BodaciousQuest::Initialize() successful.
2016-08-18 17:33:45:397[Process      ] GameTime::Initialize() ok

2016-08-18 17:33:45:397[cProcess     ] MyWindow::Initialize() successful!
2016-08-18 17:34:21:445[cInfo        ] Cube Position: -0.875458 3.673020 1.043331
2016-08-18 17:34:34:043[cInfo        ] Cube Position: -20.789055 5.542001 -1.671447
2016-08-18 17:35:38:191[cProcess     ] BufferManager::Shutdown() successful.
2016-08-18 17:35:38:193[cProcess     ] RenderEngine::Shutdown() successful.
2016-08-18 17:35:38:194[cProcess     ] Camera::Shutdown() successful.
2016-08-18 17:35:38:196[Info         ] Shader  [2] deleting...
2016-08-18 17:35:38:196[Info         ] Shader  [2] deleted successfully.
2016-08-18 17:35:38:196[Info         ] Shader  [3] deleting...
2016-08-18 17:35:38:196[Info         ] Shader  [3] deleted successfully.
2016-08-18 17:35:38:196[Info         ] All shaders deleted successfully.
2016-08-18 17:35:38:196[cInfo        ] Program [1] deleted successfully.
2016-08-18 17:35:38:197[Process      ] ShaderProgram[1]::Shutdown successful!
2016-08-18 17:35:38:198[Info         ] Shader  [5] deleting...
2016-08-18 17:35:38:198[Info         ] Shader  [5] deleted successfully.
2016-08-18 17:35:38:198[Info         ] Shader  [6] deleting...
2016-08-18 17:35:38:198[Info         ] Shader  [6] deleted successfully.
2016-08-18 17:35:38:198[Info         ] All shaders deleted successfully.
2016-08-18 17:35:38:198[cInfo        ] Program [4] deleted successfully.
2016-08-18 17:35:38:199[Process      ] ShaderProgram[4]::Shutdown successful!
2016-08-18 17:35:38:199[Info         ] Shader  [8] deleting...
2016-08-18 17:35:38:199[Info         ] Shader  [8] deleted successfully.
2016-08-18 17:35:38:199[Info         ] Shader  [9] deleting...
2016-08-18 17:35:38:199[Info         ] Shader  [9] deleted successfully.
2016-08-18 17:35:38:199[Info         ] All shaders deleted successfully.
2016-08-18 17:35:38:199[cInfo        ] Program [7] deleted successfully.
2016-08-18 17:35:38:200[Process      ] ShaderProgram[7]::Shutdown successful!
2016-08-18 17:35:38:200[Info         ] Shader  [11] deleting...
2016-08-18 17:35:38:200[Info         ] Shader  [11] deleted successfully.
2016-08-18 17:35:38:200[Info         ] Shader  [12] deleting...
2016-08-18 17:35:38:200[Info         ] Shader  [12] deleted successfully.
2016-08-18 17:35:38:200[Info         ] All shaders deleted successfully.
2016-08-18 17:35:38:200[cInfo        ] Program [10] deleted successfully.
2016-08-18 17:35:38:203[Process      ] ShaderProgram[10]::Shutdown successful!
2016-08-18 17:35:38:204[Info         ] Shader  [14] deleting...
2016-08-18 17:35:38:204[Info         ] Shader  [14] deleted successfully.
2016-08-18 17:35:38:204[Info         ] Shader  [15] deleting...
2016-08-18 17:35:38:204[Info         ] Shader  [15] deleted successfully.
2016-08-18 17:35:38:204[Info         ] All shaders deleted successfully.
2016-08-18 17:35:38:204[cInfo        ] Program [13] deleted successfully.
2016-08-18 17:35:38:204[Process      ] ShaderProgram[13]::Shutdown successful!
2016-08-18 17:35:38:205[Info         ] Shader  [17] deleting...
2016-08-18 17:35:38:205[Info         ] Shader  [17] deleted successfully.
2016-08-18 17:35:38:205[Info         ] Shader  [18] deleting...
2016-08-18 17:35:38:205[Info         ] Shader  [18] deleted successfully.
2016-08-18 17:35:38:205[Info         ] All shaders deleted successfully.
2016-08-18 17:35:38:205[cInfo        ] Program [16] deleted successfully.
2016-08-18 17:35:38:205[Process      ] ShaderProgram[16]::Shutdown successful!
2016-08-18 17:35:38:206[Info         ] Shader  [20] deleting...
2016-08-18 17:35:38:206[Info         ] Shader  [20] deleted successfully.
2016-08-18 17:35:38:206[Info         ] Shader  [21] deleting...
2016-08-18 17:35:38:206[Info         ] Shader  [21] deleted successfully.
2016-08-18 17:35:38:206[Info         ] All shaders deleted successfully.
2016-08-18 17:35:38:206[cInfo        ] Program [19] deleted successfully.
2016-08-18 17:35:38:206[Process      ] ShaderProgram[19]::Shutdown successful!
2016-08-18 17:35:38:206[cProcess     ] MyWindow::Shutdown() successful!
2016-08-18 17:35:38:207[cProcess     ] BodaciousQuest::Shutdown() successful.
2016-08-18 17:35:38:216[Process      ] ConfigReader shut down successfully
2016-08-18 17:35:38:217[Process      ] GameLogger::ShutDown() successful
