2016-08-20 14:06:20:369[Process      ] GameLogger::Initialize() opened log file [..\Data\LogFiles\2016-08-20 14-06-20.BodaciousQuest.log] for writing
2016-08-20 14:06:20:369[Info         ] GameLogger::Initialize() successful
2016-08-20 14:06:20:369[Process      ] ConfigReader opened [..\Data\BodaciousQuest.config] successfully
2016-08-20 14:06:20:369[Info         ] ConfigReader initialized successfully
2016-08-20 14:06:20:369[Info         ] Valid KVP [BodaciousQuest.ShowFullScreen] [false] added
2016-08-20 14:06:20:369[Info         ] Valid KVP [BodaciousQuest.FpsInterval] [5.0] added
2016-08-20 14:06:20:370[Info         ] Valid KVP [BodaciousQuest.EnableControls] [true] added
2016-08-20 14:06:20:370[Info         ] Valid KVP [BodaciousQuest.LoadCubeFirst] [true] added
2016-08-20 14:06:20:370[Info         ] Valid KVP [BodaciousQuest.CameraWalkMode] [false] added
2016-08-20 14:06:20:370[Info         ] Valid KVP [BodaciousQuest.GridSize] [40] added
2016-08-20 14:06:20:370[Info         ] Valid KVP [BodaciousQuest.LightingTest.Ambient.Color] [1.0  1.0  1.0] added
2016-08-20 14:06:20:370[Info         ] Valid KVP [BodaciousQuest.LightingTest.Diffuse.Color] [1.0  1.0  1.0] added
2016-08-20 14:06:20:370[Info         ] Valid KVP [BodaciousQuest.LightingTest.Specular.Color] [0.0  0.0  0.0] added
2016-08-20 14:06:20:370[Info         ] Valid KVP [BodaciousQuest.LightingTest.Ambient.Reflectivity] [0.01] added
2016-08-20 14:06:20:370[Info         ] Valid KVP [BodaciousQuest.LightingTest.Diffuse.Reflectivity] [0.8] added
2016-08-20 14:06:20:370[Info         ] Valid KVP [BodaciousQuest.LightingTest.Specular.Reflectivity] [0.5] added
2016-08-20 14:06:20:370[Info         ] Valid KVP [BodaciousQuest.LightingTest.Specular.Shininess] [1.0] added
2016-08-20 14:06:20:370[Info         ] Valid KVP [BodaciousQuest.LightingTest.Falloff.A] [1.0] added
2016-08-20 14:06:20:370[Info         ] Valid KVP [BodaciousQuest.LightingTest.Falloff.B] [0.01] added
2016-08-20 14:06:20:370[Info         ] Valid KVP [BodaciousQuest.LightingTest.Falloff.C] [0.0001] added
2016-08-20 14:06:20:370[Info         ] Valid KVP [BodaciousQuest.LightingTest.Directional] [false] added
2016-08-20 14:06:20:370[Info         ] Valid KVP [BodaciousQuest.LightingTest.Direction] [-1.0 0.0 1.0] added
2016-08-20 14:06:20:370[Info         ] Valid KVP [BodaciousQuest.LightingTest.Light.Position] [-0.875458 3.673020 1.043331] added
2016-08-20 14:06:20:370[Info         ] Valid KVP [BodaciousQuest.LightingTest.Dargon.Color] [1.0 1.0 0.4] added
2016-08-20 14:06:20:370[Info         ] Valid KVP [ObjConverter.Mode.VertexType] [pn] added
2016-08-20 14:06:20:370[Info         ] Valid KVP [ObjConverter.Mode.Analyze] [false] added
2016-08-20 14:06:20:370[Info         ] Valid KVP [ObjConverter.Model] [Dargon] added
2016-08-20 14:06:20:370[Info         ] Valid KVP [ObjConverter.Shader] [4] added
2016-08-20 14:06:20:370[Info         ] Valid KVP [ObjConverter.Color] [random] added
2016-08-20 14:06:20:370[Info         ] Valid KVP [ObjConverter.Obj.InputFileFolder] [..\\Data\\Objs\\] added
2016-08-20 14:06:20:370[Info         ] Valid KVP [ObjConverter.Scene.OutputFileFolder] [..\\Data\\Scenes\\] added
2016-08-20 14:06:20:370[Info         ] Valid KVP [ObjConverter.Model.Dargon.NumVerts] [57967] added
2016-08-20 14:06:20:370[Info         ] Valid KVP [ObjConverter.Model.Dargon.NumIndices] [337824] added
2016-08-20 14:06:20:370[Info         ] Valid KVP [ObjConverter.Model.Dargon.NumTexCoords] [60175] added
2016-08-20 14:06:20:370[Info         ] Valid KVP [ObjConverter.Model.Dargon.NumNormals] [337824] added
2016-08-20 14:06:20:370[Info         ] Valid KVP [ObjConverter.Model.Swamp.NumVerts] [2735] added
2016-08-20 14:06:20:370[Info         ] Valid KVP [ObjConverter.Model.Swamp.NumIndices] [8556] added
2016-08-20 14:06:20:370[Info         ] Valid KVP [ObjConverter.Model.Swamp.NumTexCoords] [3622] added
2016-08-20 14:06:20:370[Info         ] Valid KVP [ObjConverter.Model.Swamp.NumNormals] [5156] added
2016-08-20 14:06:20:370[Info         ] Valid KVP [ObjConverter.Model.Pyramid.NumVerts] [5] added
2016-08-20 14:06:20:370[Info         ] Valid KVP [ObjConverter.Model.Pyramid.NumIndices] [18] added
2016-08-20 14:06:20:370[Info         ] Valid KVP [ObjConverter.Model.Pyramid.NumTexCoords] [10] added
2016-08-20 14:06:20:370[Info         ] Valid KVP [ObjConverter.Model.Pyramid.NumNormals] [16] added
2016-08-20 14:06:20:370[Info         ] Valid KVP [ObjConverter.Model.AIWorld.NumVerts] [1957] added
2016-08-20 14:06:20:370[Info         ] Valid KVP [ObjConverter.Model.AIWorld.NumIndices] [8718] added
2016-08-20 14:06:20:370[Info         ] Valid KVP [ObjConverter.Model.AIWorld.NumTexCoords] [4186] added
2016-08-20 14:06:20:370[Info         ] Valid KVP [ObjConverter.Model.AIWorld.NumNormals] [5418] added
2016-08-20 14:06:20:370[Info         ] Valid KVP [ObjConverter.Model.GameWeapon.NumVerts] [2068] added
2016-08-20 14:06:20:370[Info         ] Valid KVP [ObjConverter.Model.GameWeapon.NumIndices] [9894] added
2016-08-20 14:06:20:370[Info         ] Valid KVP [ObjConverter.Model.GameWeapon.NumTexCoords] [0] added
2016-08-20 14:06:20:370[Info         ] Valid KVP [ObjConverter.Model.GameWeapon.NumNormals] [0] added
2016-08-20 14:06:20:370[Info         ] Valid KVP [ObjConverter.Model.Chicken.NumVerts] [224] added
2016-08-20 14:06:20:370[Info         ] Valid KVP [ObjConverter.Model.Chicken.NumIndices] [1374] added
2016-08-20 14:06:20:370[Info         ] Valid KVP [ObjConverter.Model.Chicken.NumTexCoords] [472] added
2016-08-20 14:06:20:371[Info         ] Valid KVP [ObjConverter.Model.Chicken.NumNormals] [565] added
2016-08-20 14:06:20:371[Info         ] Valid KVP [ObjConverter.Model.WaterPlane.NumVerts] [29282] added
2016-08-20 14:06:20:371[Info         ] Valid KVP [ObjConverter.Model.WaterPlane.NumIndices] [172800] added
2016-08-20 14:06:20:371[Info         ] Valid KVP [ObjConverter.Model.WaterPlane.NumTexCoords] [29282] added
2016-08-20 14:06:20:371[Info         ] Valid KVP [ObjConverter.Model.WaterPlane.NumNormals] [172800] added
2016-08-20 14:06:20:371[Info         ] Valid KVP [ObjConverter.Model.Cube.NumVerts] [8] added
2016-08-20 14:06:20:371[Info         ] Valid KVP [ObjConverter.Model.Cube.NumIndices] [36] added
2016-08-20 14:06:20:371[Info         ] Valid KVP [ObjConverter.Model.Cube.NumTexCoords] [14] added
2016-08-20 14:06:20:371[Info         ] Valid KVP [ObjConverter.Model.Cube.NumNormals] [24] added
2016-08-20 14:06:20:371[Info         ] Valid KVP [ObjConverter.Model.Barrel.NumVerts] [172] added
2016-08-20 14:06:20:371[Info         ] Valid KVP [ObjConverter.Model.Barrel.NumIndices] [1008] added
2016-08-20 14:06:20:371[Info         ] Valid KVP [ObjConverter.Model.Barrel.NumTexCoords] [328] added
2016-08-20 14:06:20:371[Info         ] Valid KVP [ObjConverter.Model.Barrel.NumNormals] [204] added
2016-08-20 14:06:20:371[Info         ] Valid KVP [ObjConverter.Model.SkyBox.NumVerts] [8] added
2016-08-20 14:06:20:371[Info         ] Valid KVP [ObjConverter.Model.SkyBox.NumIndices] [36] added
2016-08-20 14:06:20:371[Info         ] Valid KVP [ObjConverter.Model.SkyBox.NumTexCoords] [18] added
2016-08-20 14:06:20:371[Info         ] Valid KVP [ObjConverter.Model.SkyBox.NumNormals] [24] added
2016-08-20 14:06:20:438[cInfo        ] Config reader opened [..\Data\BodaciousQuest.config] for reading!
2016-08-20 14:06:20:496[Process      ] ShaderManager Initialized successfully
2016-08-20 14:06:20:496[Info         ] Shader Init started
2016-08-20 14:06:20:496[Info         ] Shader Program created.
2016-08-20 14:06:20:496[Process      ] ShaderProgram::Initialize()[1] successful!
2016-08-20 14:06:20:496[Debug        ] File [..\Data\shaders\debug.vert.shader] Opened successfully! Buffer Length:[291]
2016-08-20 14:06:20:496[Debug        ] Shader file [..\Data\shaders\debug.vert.shader] contents:
//BEGIN
#version 430 core

layout(location = 0)  in vec3 vPosition;

layout(location = 15) uniform vec3 colorin;
layout(location = 16) uniform mat4 MAT;

out vec4 color;

void main()
{
	vec4 vertPos = vec4(vPosition, 1.0);
	gl_Position = MAT *  vertPos;
	color = vec4(colorin, 1.0);
}
//END

2016-08-20 14:06:20:496[Debug        ]  ShaderProgram::AddShader() file with data was read in
2016-08-20 14:06:20:496[Debug        ] ShaderProgram::AddShader() : glShaderSource() successful
2016-08-20 14:06:20:497[Debug        ] ShaderProgram::AddShader() : glCompileShader() successful
2016-08-20 14:06:20:497[Info         ] ShaderProgram::CheckShaderCompileStatus(2) successful.
2016-08-20 14:06:20:497[Debug        ] ShaderProgram::AddShader() : glCompileShader() successful
2016-08-20 14:06:20:497[Info         ] ShaderInfo saved successfully.
2016-08-20 14:06:20:497[Debug        ] ShaderProgram::AddShader() : glAttachShader() successful
2016-08-20 14:06:20:497[Info         ] ShaderProgram::AddShader [2] successful.
2016-08-20 14:06:20:497[Debug        ] File [..\Data\shaders\debug.frag.shader] Opened successfully! Buffer Length:[104]
2016-08-20 14:06:20:497[Debug        ] Shader file [..\Data\shaders\debug.frag.shader] contents:
//BEGIN
#version 430 core


in  vec4 color;
out vec4 outColor;

void main()
{
	outColor = color;
}


//END

2016-08-20 14:06:20:497[Debug        ]  ShaderProgram::AddShader() file with data was read in
2016-08-20 14:06:20:497[Debug        ] ShaderProgram::AddShader() : glShaderSource() successful
2016-08-20 14:06:20:497[Debug        ] ShaderProgram::AddShader() : glCompileShader() successful
2016-08-20 14:06:20:497[Info         ] ShaderProgram::CheckShaderCompileStatus(3) successful.
2016-08-20 14:06:20:497[Debug        ] ShaderProgram::AddShader() : glCompileShader() successful
2016-08-20 14:06:20:497[Info         ] ShaderInfo saved successfully.
2016-08-20 14:06:20:497[Debug        ] ShaderProgram::AddShader() : glAttachShader() successful
2016-08-20 14:06:20:497[Info         ] ShaderProgram::AddShader [3] successful.
2016-08-20 14:06:20:499[Info         ] CheckProgramStatus() successful!
2016-08-20 14:06:20:499[Info         ] CheckProgramStatus() successful!
2016-08-20 14:06:20:499[Info         ] Shader Init started
2016-08-20 14:06:20:499[Info         ] Shader Program created.
2016-08-20 14:06:20:499[Process      ] ShaderProgram::Initialize()[4] successful!
2016-08-20 14:06:20:499[Debug        ] File [..\Data\shaders\play.vert.shader] Opened successfully! Buffer Length:[343]
2016-08-20 14:06:20:499[Debug        ] Shader file [..\Data\shaders\play.vert.shader] contents:
//BEGIN
#version 430 core

layout (location = 0)  in vec3 vPosition;
layout (location = 1)  in vec3 vColor;
layout (location = 15) uniform vec3 colorin;
layout (location = 16) uniform mat4 MAT;

out vec4 color;

void main()
{
	vec4 vertPos = vec4(vPosition, 1.0);
	gl_Position = MAT *  vertPos;
	color = vec4((vColor + colorin), 1.0);
}
//END

2016-08-20 14:06:20:499[Debug        ]  ShaderProgram::AddShader() file with data was read in
2016-08-20 14:06:20:499[Debug        ] ShaderProgram::AddShader() : glShaderSource() successful
2016-08-20 14:06:20:499[Debug        ] ShaderProgram::AddShader() : glCompileShader() successful
2016-08-20 14:06:20:499[Info         ] ShaderProgram::CheckShaderCompileStatus(5) successful.
2016-08-20 14:06:20:499[Debug        ] ShaderProgram::AddShader() : glCompileShader() successful
2016-08-20 14:06:20:499[Info         ] ShaderInfo saved successfully.
2016-08-20 14:06:20:499[Debug        ] ShaderProgram::AddShader() : glAttachShader() successful
2016-08-20 14:06:20:499[Info         ] ShaderProgram::AddShader [5] successful.
2016-08-20 14:06:20:499[Debug        ] File [..\Data\shaders\play.frag.shader] Opened successfully! Buffer Length:[391]
2016-08-20 14:06:20:499[Debug        ] Shader file [..\Data\shaders\play.frag.shader] contents:
//BEGIN
#version 430 core


in  vec4 color;
out vec4 outColor;

void main()
{

	//if (color.r < .7) discard;
	outColor = color;

	//if(((gl_FragCoord.x  > 600)&& (gl_FragCoord.y < 300)) || ((gl_FragCoord.y < 300)  && (gl_FragCoord.x  < 600) )) {
	//discard;
	//}

	//vec2 scrPos = vec2(gl_FragCoord) - vec2(350,150);
	//float len =  length(scrPos);
	//if(len < 50 )discard;
}


//END

2016-08-20 14:06:20:499[Debug        ]  ShaderProgram::AddShader() file with data was read in
2016-08-20 14:06:20:499[Debug        ] ShaderProgram::AddShader() : glShaderSource() successful
2016-08-20 14:06:20:500[Debug        ] ShaderProgram::AddShader() : glCompileShader() successful
2016-08-20 14:06:20:500[Info         ] ShaderProgram::CheckShaderCompileStatus(6) successful.
2016-08-20 14:06:20:500[Debug        ] ShaderProgram::AddShader() : glCompileShader() successful
2016-08-20 14:06:20:500[Info         ] ShaderInfo saved successfully.
2016-08-20 14:06:20:500[Debug        ] ShaderProgram::AddShader() : glAttachShader() successful
2016-08-20 14:06:20:500[Info         ] ShaderProgram::AddShader [6] successful.
2016-08-20 14:06:20:500[Info         ] CheckProgramStatus() successful!
2016-08-20 14:06:20:501[Info         ] CheckProgramStatus() successful!
2016-08-20 14:06:20:501[Info         ] Shader Init started
2016-08-20 14:06:20:501[Info         ] Shader Program created.
2016-08-20 14:06:20:501[Process      ] ShaderProgram::Initialize()[7] successful!
2016-08-20 14:06:20:501[Debug        ] File [..\Data\shaders\texture.vert.shader] Opened successfully! Buffer Length:[305]
2016-08-20 14:06:20:501[Debug        ] Shader file [..\Data\shaders\texture.vert.shader] contents:
//BEGIN
#version 430 core

layout (location = 0)  in vec3 vPosition;
layout (location = 1)  in vec2 vUV;

layout (location = 16) uniform mat4 MAT;

//out data
out vec2 UV;

//out vec4 color;

void main()
{
	vec4 vertPos = vec4(vPosition, 1.0);
	gl_Position = MAT *  vertPos;

	UV = vUV;
	
	
}
//END

2016-08-20 14:06:20:501[Debug        ]  ShaderProgram::AddShader() file with data was read in
2016-08-20 14:06:20:501[Debug        ] ShaderProgram::AddShader() : glShaderSource() successful
2016-08-20 14:06:20:501[Debug        ] ShaderProgram::AddShader() : glCompileShader() successful
2016-08-20 14:06:20:501[Info         ] ShaderProgram::CheckShaderCompileStatus(8) successful.
2016-08-20 14:06:20:501[Debug        ] ShaderProgram::AddShader() : glCompileShader() successful
2016-08-20 14:06:20:501[Info         ] ShaderInfo saved successfully.
2016-08-20 14:06:20:501[Debug        ] ShaderProgram::AddShader() : glAttachShader() successful
2016-08-20 14:06:20:501[Info         ] ShaderProgram::AddShader [8] successful.
2016-08-20 14:06:20:501[Debug        ] File [..\Data\shaders\texture.frag.shader] Opened successfully! Buffer Length:[482]
2016-08-20 14:06:20:501[Debug        ] Shader file [..\Data\shaders\texture.frag.shader] contents:
//BEGIN
#version 430 core


in  vec2 UV;
out vec4 outColor;

layout(location = 20) uniform sampler2D textureSampler;

void main()
{

	//if (color.r < .7) discard;
	outColor = vec4(texture(textureSampler, UV).rgb, 1.0);

	//if(((gl_FragCoord.x  > 600)&& (gl_FragCoord.y < 300)) || ((gl_FragCoord.y < 300)  && (gl_FragCoord.x  < 600) )) {
	//discard;
	//}
	//vec2 scrPos = vec2(gl_FragCoord) - vec2(350,150);
	//float len =  length(scrPos);
	//if(len < 50 )discard;
}


//END

2016-08-20 14:06:20:501[Debug        ]  ShaderProgram::AddShader() file with data was read in
2016-08-20 14:06:20:501[Debug        ] ShaderProgram::AddShader() : glShaderSource() successful
2016-08-20 14:06:20:501[Debug        ] ShaderProgram::AddShader() : glCompileShader() successful
2016-08-20 14:06:20:502[Info         ] ShaderProgram::CheckShaderCompileStatus(9) successful.
2016-08-20 14:06:20:502[Debug        ] ShaderProgram::AddShader() : glCompileShader() successful
2016-08-20 14:06:20:502[Info         ] ShaderInfo saved successfully.
2016-08-20 14:06:20:502[Debug        ] ShaderProgram::AddShader() : glAttachShader() successful
2016-08-20 14:06:20:502[Info         ] ShaderProgram::AddShader [9] successful.
2016-08-20 14:06:20:502[Info         ] CheckProgramStatus() successful!
2016-08-20 14:06:20:503[Info         ] CheckProgramStatus() successful!
2016-08-20 14:06:20:503[Info         ] Shader Init started
2016-08-20 14:06:20:503[Info         ] Shader Program created.
2016-08-20 14:06:20:503[Process      ] ShaderProgram::Initialize()[10] successful!
2016-08-20 14:06:20:503[Debug        ] File [..\Data\shaders\framebuffer.vert.shader] Opened successfully! Buffer Length:[305]
2016-08-20 14:06:20:503[Debug        ] Shader file [..\Data\shaders\framebuffer.vert.shader] contents:
//BEGIN
#version 430 core

layout (location = 0)  in vec3 vPosition;
layout (location = 1)  in vec2 vUV;

layout (location = 16) uniform mat4 MAT;

//out data
out vec2 UV;

//out vec4 color;

void main()
{
	vec4 vertPos = vec4(vPosition, 1.0);
	gl_Position = MAT *  vertPos;

	UV = vUV;
	
	
}
//END

2016-08-20 14:06:20:503[Debug        ]  ShaderProgram::AddShader() file with data was read in
2016-08-20 14:06:20:503[Debug        ] ShaderProgram::AddShader() : glShaderSource() successful
2016-08-20 14:06:20:503[Debug        ] ShaderProgram::AddShader() : glCompileShader() successful
2016-08-20 14:06:20:503[Info         ] ShaderProgram::CheckShaderCompileStatus(11) successful.
2016-08-20 14:06:20:503[Debug        ] ShaderProgram::AddShader() : glCompileShader() successful
2016-08-20 14:06:20:503[Info         ] ShaderInfo saved successfully.
2016-08-20 14:06:20:503[Debug        ] ShaderProgram::AddShader() : glAttachShader() successful
2016-08-20 14:06:20:503[Info         ] ShaderProgram::AddShader [11] successful.
2016-08-20 14:06:20:503[Debug        ] File [..\Data\shaders\framebuffer.frag.shader] Opened successfully! Buffer Length:[275]
2016-08-20 14:06:20:503[Debug        ] Shader file [..\Data\shaders\framebuffer.frag.shader] contents:
//BEGIN
#version 430 core


in  vec2 UV;
out vec4 outColor;

layout(location = 20) uniform sampler2D textureSampler;

void main()
{


	vec3 tempCol = texture(textureSampler, UV).rgb;

	outColor = vec4(tempCol.r / 1.5f, tempCol.g / 1.5f, tempCol.b / 1.5f, 1.0f);
}


//END

2016-08-20 14:06:20:503[Debug        ]  ShaderProgram::AddShader() file with data was read in
2016-08-20 14:06:20:503[Debug        ] ShaderProgram::AddShader() : glShaderSource() successful
2016-08-20 14:06:20:503[Debug        ] ShaderProgram::AddShader() : glCompileShader() successful
2016-08-20 14:06:20:503[Info         ] ShaderProgram::CheckShaderCompileStatus(12) successful.
2016-08-20 14:06:20:503[Debug        ] ShaderProgram::AddShader() : glCompileShader() successful
2016-08-20 14:06:20:503[Info         ] ShaderInfo saved successfully.
2016-08-20 14:06:20:503[Debug        ] ShaderProgram::AddShader() : glAttachShader() successful
2016-08-20 14:06:20:503[Info         ] ShaderProgram::AddShader [12] successful.
2016-08-20 14:06:20:504[Info         ] CheckProgramStatus() successful!
2016-08-20 14:06:20:505[Info         ] CheckProgramStatus() successful!
2016-08-20 14:06:20:505[Info         ] Shader Init started
2016-08-20 14:06:20:505[Info         ] Shader Program created.
2016-08-20 14:06:20:505[Process      ] ShaderProgram::Initialize()[13] successful!
2016-08-20 14:06:20:505[Debug        ] File [..\Data\shaders\lighting.vert.shader] Opened successfully! Buffer Length:[1145]
2016-08-20 14:06:20:505[cDebug       ] Shader file [..\Data\shaders\lighting.vert.shader] is too big to display contents.
2016-08-20 14:06:20:507[Debug        ]  ShaderProgram::AddShader() file with data was read in
2016-08-20 14:06:20:507[Debug        ] ShaderProgram::AddShader() : glShaderSource() successful
2016-08-20 14:06:20:507[Debug        ] ShaderProgram::AddShader() : glCompileShader() successful
2016-08-20 14:06:20:507[Info         ] ShaderProgram::CheckShaderCompileStatus(14) successful.
2016-08-20 14:06:20:507[Debug        ] ShaderProgram::AddShader() : glCompileShader() successful
2016-08-20 14:06:20:508[Info         ] ShaderInfo saved successfully.
2016-08-20 14:06:20:508[Debug        ] ShaderProgram::AddShader() : glAttachShader() successful
2016-08-20 14:06:20:508[Info         ] ShaderProgram::AddShader [14] successful.
2016-08-20 14:06:20:508[Debug        ] File [..\Data\shaders\lighting.frag.shader] Opened successfully! Buffer Length:[1744]
2016-08-20 14:06:20:508[cDebug       ] Shader file [..\Data\shaders\lighting.frag.shader] is too big to display contents.
2016-08-20 14:06:20:509[Debug        ]  ShaderProgram::AddShader() file with data was read in
2016-08-20 14:06:20:509[Debug        ] ShaderProgram::AddShader() : glShaderSource() successful
2016-08-20 14:06:20:510[Debug        ] ShaderProgram::AddShader() : glCompileShader() successful
2016-08-20 14:06:20:510[Info         ] ShaderProgram::CheckShaderCompileStatus(15) successful.
2016-08-20 14:06:20:510[Debug        ] ShaderProgram::AddShader() : glCompileShader() successful
2016-08-20 14:06:20:510[Info         ] ShaderInfo saved successfully.
2016-08-20 14:06:20:510[Debug        ] ShaderProgram::AddShader() : glAttachShader() successful
2016-08-20 14:06:20:510[Info         ] ShaderProgram::AddShader [15] successful.
2016-08-20 14:06:20:514[Info         ] CheckProgramStatus() successful!
2016-08-20 14:06:20:515[Info         ] CheckProgramStatus() successful!
2016-08-20 14:06:20:515[Info         ] Shader Init started
2016-08-20 14:06:20:515[Info         ] Shader Program created.
2016-08-20 14:06:20:515[Process      ] ShaderProgram::Initialize()[16] successful!
2016-08-20 14:06:20:515[Debug        ] File [..\Data\shaders\texlighting.vert.shader] Opened successfully! Buffer Length:[1110]
2016-08-20 14:06:20:515[cDebug       ] Shader file [..\Data\shaders\texlighting.vert.shader] is too big to display contents.
2016-08-20 14:06:20:516[Debug        ]  ShaderProgram::AddShader() file with data was read in
2016-08-20 14:06:20:517[Debug        ] ShaderProgram::AddShader() : glShaderSource() successful
2016-08-20 14:06:20:517[Debug        ] ShaderProgram::AddShader() : glCompileShader() successful
2016-08-20 14:06:20:517[Info         ] ShaderProgram::CheckShaderCompileStatus(17) successful.
2016-08-20 14:06:20:517[Debug        ] ShaderProgram::AddShader() : glCompileShader() successful
2016-08-20 14:06:20:517[Info         ] ShaderInfo saved successfully.
2016-08-20 14:06:20:517[Debug        ] ShaderProgram::AddShader() : glAttachShader() successful
2016-08-20 14:06:20:517[Info         ] ShaderProgram::AddShader [17] successful.
2016-08-20 14:06:20:517[Debug        ] File [..\Data\shaders\texlighting.frag.shader] Opened successfully! Buffer Length:[1717]
2016-08-20 14:06:20:517[cDebug       ] Shader file [..\Data\shaders\texlighting.frag.shader] is too big to display contents.
2016-08-20 14:06:20:519[Debug        ]  ShaderProgram::AddShader() file with data was read in
2016-08-20 14:06:20:519[Debug        ] ShaderProgram::AddShader() : glShaderSource() successful
2016-08-20 14:06:20:520[Debug        ] ShaderProgram::AddShader() : glCompileShader() successful
2016-08-20 14:06:20:520[Info         ] ShaderProgram::CheckShaderCompileStatus(18) successful.
2016-08-20 14:06:20:520[Debug        ] ShaderProgram::AddShader() : glCompileShader() successful
2016-08-20 14:06:20:520[Info         ] ShaderInfo saved successfully.
2016-08-20 14:06:20:520[Debug        ] ShaderProgram::AddShader() : glAttachShader() successful
2016-08-20 14:06:20:520[Info         ] ShaderProgram::AddShader [18] successful.
2016-08-20 14:06:20:522[Info         ] CheckProgramStatus() successful!
2016-08-20 14:06:20:523[Info         ] CheckProgramStatus() successful!
2016-08-20 14:06:20:523[Info         ] Shader Init started
2016-08-20 14:06:20:523[Info         ] Shader Program created.
2016-08-20 14:06:20:523[Process      ] ShaderProgram::Initialize()[19] successful!
2016-08-20 14:06:20:523[Debug        ] File [..\Data\shaders\water.vert.shader] Opened successfully! Buffer Length:[1400]
2016-08-20 14:06:20:523[cDebug       ] Shader file [..\Data\shaders\water.vert.shader] is too big to display contents.
2016-08-20 14:06:20:525[Debug        ]  ShaderProgram::AddShader() file with data was read in
2016-08-20 14:06:20:525[Debug        ] ShaderProgram::AddShader() : glShaderSource() successful
2016-08-20 14:06:20:526[Debug        ] ShaderProgram::AddShader() : glCompileShader() successful
2016-08-20 14:06:20:526[Info         ] ShaderProgram::CheckShaderCompileStatus(20) successful.
2016-08-20 14:06:20:526[Debug        ] ShaderProgram::AddShader() : glCompileShader() successful
2016-08-20 14:06:20:526[Info         ] ShaderInfo saved successfully.
2016-08-20 14:06:20:526[Debug        ] ShaderProgram::AddShader() : glAttachShader() successful
2016-08-20 14:06:20:526[Info         ] ShaderProgram::AddShader [20] successful.
2016-08-20 14:06:20:526[Debug        ] File [..\Data\shaders\water.frag.shader] Opened successfully! Buffer Length:[2436]
2016-08-20 14:06:20:526[cDebug       ] Shader file [..\Data\shaders\water.frag.shader] is too big to display contents.
2016-08-20 14:06:20:528[Debug        ]  ShaderProgram::AddShader() file with data was read in
2016-08-20 14:06:20:528[Debug        ] ShaderProgram::AddShader() : glShaderSource() successful
2016-08-20 14:06:20:529[Debug        ] ShaderProgram::AddShader() : glCompileShader() successful
2016-08-20 14:06:20:529[Info         ] ShaderProgram::CheckShaderCompileStatus(21) successful.
2016-08-20 14:06:20:529[Debug        ] ShaderProgram::AddShader() : glCompileShader() successful
2016-08-20 14:06:20:529[Info         ] ShaderInfo saved successfully.
2016-08-20 14:06:20:529[Debug        ] ShaderProgram::AddShader() : glAttachShader() successful
2016-08-20 14:06:20:529[Info         ] ShaderProgram::AddShader [21] successful.
2016-08-20 14:06:20:532[Info         ] CheckProgramStatus() successful!
2016-08-20 14:06:20:532[Info         ] CheckProgramStatus() successful!
2016-08-20 14:06:20:532[Info         ] GetAttribLocation [vPosition] successful.
2016-08-20 14:06:20:532[Info         ] GetUniformLocation [colorin] successful.
2016-08-20 14:06:20:532[Info         ] GetUniformLocation [MAT] successful.
2016-08-20 14:06:20:532[cProcess     ] RenderEngine::Initialize() successful.
2016-08-20 14:06:20:534[cInfo        ] 
-----------------------------------------------------------------------
 BufferInfo::CreateBuffers()[0] Created buffers:| VERTEX [1] with [80] bytes. || INDEX [2] with [24] bytes |
-----------------------------------------------------------------------

2016-08-20 14:06:20:539[cInfo        ] --------BufferInfo::AddMesh() Added mesh successfully-------
2016-08-20 14:06:20:540[cInfo        ] 
2016-08-20 14:06:20:540[cInfo        ] --------------------| START BUFFER MESH INFO |-------------------------------------
2016-08-20 14:06:20:543[cInfo        ] BufferInfo::AddMesh(): NUM VERTS-----------------[4]
2016-08-20 14:06:20:544[cInfo        ] BufferInfo::AddMesh(): NUM INDICES---------------[6]
2016-08-20 14:06:20:546[cInfo        ] BufferInfo::AddMesh(): VERT OFFSET---------------[0]
2016-08-20 14:06:20:548[cInfo        ] BufferInfo::AddMesh(): INDICES OFFSET (BYTES)----[0]
2016-08-20 14:06:20:549[cInfo        ] --------------------|  END BUFFER MESH INFO  |--------------------------------------
2016-08-20 14:06:20:550[cInfo        ] 

2016-08-20 14:06:20:551[cInfo        ] 
-----------------------------------------------------------------------
 BufferInfo::CreateBuffers()[0] Created buffers:| VERTEX [3] with [96] bytes. || INDEX [4] with [48] bytes |
-----------------------------------------------------------------------

2016-08-20 14:06:20:556[cInfo        ] --------BufferInfo::AddMesh() Added mesh successfully-------
2016-08-20 14:06:20:557[cInfo        ] 
2016-08-20 14:06:20:557[cInfo        ] --------------------| START BUFFER MESH INFO |-------------------------------------
2016-08-20 14:06:20:558[cInfo        ] BufferInfo::AddMesh(): NUM VERTS-----------------[8]
2016-08-20 14:06:20:559[cInfo        ] BufferInfo::AddMesh(): NUM INDICES---------------[24]
2016-08-20 14:06:20:560[cInfo        ] BufferInfo::AddMesh(): VERT OFFSET---------------[0]
2016-08-20 14:06:20:563[cInfo        ] BufferInfo::AddMesh(): INDICES OFFSET (BYTES)----[0]
2016-08-20 14:06:20:564[cInfo        ] --------------------|  END BUFFER MESH INFO  |--------------------------------------
2016-08-20 14:06:20:566[cInfo        ] 

2016-08-20 14:06:20:567[cInfo        ] 
-----------------------------------------------------------------------
 BufferInfo::CreateBuffers()[0] Created buffers:| VERTEX [5] with [864] bytes. || INDEX [6] with [0] bytes |
-----------------------------------------------------------------------

2016-08-20 14:06:20:571[cInfo        ] --------BufferInfo::AddMesh() Added mesh successfully-------
2016-08-20 14:06:20:573[cInfo        ] 
2016-08-20 14:06:20:574[cInfo        ] --------------------| START BUFFER MESH INFO |-------------------------------------
2016-08-20 14:06:20:575[cInfo        ] BufferInfo::AddMesh(): NUM VERTS-----------------[36]
2016-08-20 14:06:20:576[cInfo        ] BufferInfo::AddMesh(): NUM INDICES---------------[0]
2016-08-20 14:06:20:576[cInfo        ] BufferInfo::AddMesh(): VERT OFFSET---------------[0]
2016-08-20 14:06:20:577[cInfo        ] BufferInfo::AddMesh(): INDICES OFFSET (BYTES)----[0]
2016-08-20 14:06:20:579[cInfo        ] --------------------|  END BUFFER MESH INFO  |--------------------------------------
2016-08-20 14:06:20:580[cInfo        ] 

2016-08-20 14:06:20:580[cInfo        ] 
-----------------------------------------------------------------------
 BufferInfo::CreateBuffers()[0] Created buffers:| VERTEX [7] with [144] bytes. || INDEX [8] with [0] bytes |
-----------------------------------------------------------------------

2016-08-20 14:06:20:585[cInfo        ] --------BufferInfo::AddMesh() Added mesh successfully-------
2016-08-20 14:06:20:586[cInfo        ] 
2016-08-20 14:06:20:586[cInfo        ] --------------------| START BUFFER MESH INFO |-------------------------------------
2016-08-20 14:06:20:588[cInfo        ] BufferInfo::AddMesh(): NUM VERTS-----------------[6]
2016-08-20 14:06:20:588[cInfo        ] BufferInfo::AddMesh(): NUM INDICES---------------[0]
2016-08-20 14:06:20:589[cInfo        ] BufferInfo::AddMesh(): VERT OFFSET---------------[0]
2016-08-20 14:06:20:590[cInfo        ] BufferInfo::AddMesh(): INDICES OFFSET (BYTES)----[0]
2016-08-20 14:06:20:592[cInfo        ] --------------------|  END BUFFER MESH INFO  |--------------------------------------
2016-08-20 14:06:20:593[cInfo        ] 

2016-08-20 14:06:20:595[cProcess     ] BufferManager::Initialize() successful.
2016-08-20 14:06:20:596[cInfo        ] 
-----------------------------------------------------------------------
 BufferInfo::CreateBuffers()[0] Created buffers:| VERTEX [9] with [1000000] bytes. || INDEX [10] with [1000000] bytes |
-----------------------------------------------------------------------

2016-08-20 14:06:20:601[cInfo        ] --------BufferInfo::AddMesh() Added mesh successfully-------
2016-08-20 14:06:20:602[cInfo        ] 
2016-08-20 14:06:20:603[cInfo        ] --------------------| START BUFFER MESH INFO |-------------------------------------
2016-08-20 14:06:20:604[cInfo        ] BufferInfo::AddMesh(): NUM VERTS-----------------[24]
2016-08-20 14:06:20:605[cInfo        ] BufferInfo::AddMesh(): NUM INDICES---------------[36]
2016-08-20 14:06:20:606[cInfo        ] BufferInfo::AddMesh(): VERT OFFSET---------------[0]
2016-08-20 14:06:20:606[cInfo        ] BufferInfo::AddMesh(): INDICES OFFSET (BYTES)----[0]
2016-08-20 14:06:20:607[cInfo        ] --------------------|  END BUFFER MESH INFO  |--------------------------------------
2016-08-20 14:06:20:608[cInfo        ] 

2016-08-20 14:06:20:613[cProcess     ] BufferManager::Initialize() successful.
2016-08-20 14:06:20:614[cInfo        ] 
-----------------------------------------------------------------------
 BufferInfo::CreateBuffers()[1] Created buffers:| VERTEX [11] with [1000000] bytes. || INDEX [12] with [1000000] bytes |
-----------------------------------------------------------------------

2016-08-20 14:06:20:618[cInfo        ] --------BufferInfo::AddMesh() Added mesh successfully-------
2016-08-20 14:06:20:620[cInfo        ] 
2016-08-20 14:06:20:620[cInfo        ] --------------------| START BUFFER MESH INFO |-------------------------------------
2016-08-20 14:06:20:622[cInfo        ] BufferInfo::AddMesh(): NUM VERTS-----------------[1536]
2016-08-20 14:06:20:623[cInfo        ] BufferInfo::AddMesh(): NUM INDICES---------------[3072]
2016-08-20 14:06:20:623[cInfo        ] BufferInfo::AddMesh(): VERT OFFSET---------------[0]
2016-08-20 14:06:20:624[cInfo        ] BufferInfo::AddMesh(): INDICES OFFSET (BYTES)----[0]
2016-08-20 14:06:20:625[cInfo        ] --------------------|  END BUFFER MESH INFO  |--------------------------------------
2016-08-20 14:06:20:626[cInfo        ] 

2016-08-20 14:06:20:630[cInfo        ] 
-----------------------------------------------------------------------
 BufferInfo::CreateBuffers()[0] Created buffers:| VERTEX [13] with [3936] bytes. || INDEX [14] with [0] bytes |
-----------------------------------------------------------------------

2016-08-20 14:06:20:633[cInfo        ] --------BufferInfo::AddMesh() Added mesh successfully-------
2016-08-20 14:06:20:634[cInfo        ] 
2016-08-20 14:06:20:635[cInfo        ] --------------------| START BUFFER MESH INFO |-------------------------------------
2016-08-20 14:06:20:636[cInfo        ] BufferInfo::AddMesh(): NUM VERTS-----------------[164]
2016-08-20 14:06:20:637[cInfo        ] BufferInfo::AddMesh(): NUM INDICES---------------[0]
2016-08-20 14:06:20:637[cInfo        ] BufferInfo::AddMesh(): VERT OFFSET---------------[0]
2016-08-20 14:06:20:639[cInfo        ] BufferInfo::AddMesh(): INDICES OFFSET (BYTES)----[0]
2016-08-20 14:06:20:640[cInfo        ] --------------------|  END BUFFER MESH INFO  |--------------------------------------
2016-08-20 14:06:20:641[cInfo        ] 

2016-08-20 14:06:20:642[cProcess     ] ShapeGenerator initialized successfully.
2016-08-20 14:06:20:643[cProcess     ] Camera::Initialize() successful.
2016-08-20 14:06:20:644[cProcess     ] Keyboard::Initialize() successful
2016-08-20 14:06:20:645[cProcess     ] Keyboard::Initialize() successful
2016-08-20 14:06:20:657[cInfo        ] 
-----------------------------------------------------------------------
 BufferInfo::CreateBuffers()[0] Created buffers:| VERTEX [15] with [10810368] bytes. || INDEX [16] with [0] bytes |
-----------------------------------------------------------------------

2016-08-20 14:06:20:691[cInfo        ] --------BufferInfo::AddMesh() Added mesh successfully-------
2016-08-20 14:06:20:693[cInfo        ] 
2016-08-20 14:06:20:694[cInfo        ] --------------------| START BUFFER MESH INFO |-------------------------------------
2016-08-20 14:06:20:695[cInfo        ] BufferInfo::AddMesh(): NUM VERTS-----------------[337824]
2016-08-20 14:06:20:696[cInfo        ] BufferInfo::AddMesh(): NUM INDICES---------------[0]
2016-08-20 14:06:20:697[cInfo        ] BufferInfo::AddMesh(): VERT OFFSET---------------[0]
2016-08-20 14:06:20:698[cInfo        ] BufferInfo::AddMesh(): INDICES OFFSET (BYTES)----[0]
2016-08-20 14:06:20:699[cInfo        ] --------------------|  END BUFFER MESH INFO  |--------------------------------------
2016-08-20 14:06:20:701[cInfo        ] 

2016-08-20 14:06:20:734[Info         ] ShapeGenerator::ReadSceneFile(): Added new scene [..\Data\Scenes\Dargon.ptn.scene] successfully.
2016-08-20 14:06:20:735[cInfo        ] EntityManager::BuildPlayerEntity(): Built [Dargon] successfully
2016-08-20 14:06:20:741[cProcess     ] BufferManager::Initialize() successful.
2016-08-20 14:06:20:746[cInfo        ] 
-----------------------------------------------------------------------
 BufferInfo::CreateBuffers()[2] Created buffers:| VERTEX [17] with [1000000] bytes. || INDEX [18] with [1000000] bytes |
-----------------------------------------------------------------------

2016-08-20 14:06:20:752[cInfo        ] --------BufferInfo::AddMesh() Added mesh successfully-------
2016-08-20 14:06:20:753[cInfo        ] 
2016-08-20 14:06:20:755[cInfo        ] --------------------| START BUFFER MESH INFO |-------------------------------------
2016-08-20 14:06:20:756[cInfo        ] BufferInfo::AddMesh(): NUM VERTS-----------------[36]
2016-08-20 14:06:20:758[cInfo        ] BufferInfo::AddMesh(): NUM INDICES---------------[0]
2016-08-20 14:06:20:759[cInfo        ] BufferInfo::AddMesh(): VERT OFFSET---------------[0]
2016-08-20 14:06:20:760[cInfo        ] BufferInfo::AddMesh(): INDICES OFFSET (BYTES)----[0]
2016-08-20 14:06:20:762[cInfo        ] --------------------|  END BUFFER MESH INFO  |--------------------------------------
2016-08-20 14:06:20:765[cInfo        ] 

2016-08-20 14:06:20:766[Info         ] ShapeGenerator::ReadSceneFile(): Added new scene [..\Data\Scenes\Cube.pn.scene] successfully.
2016-08-20 14:06:20:766[cInfo        ] --------BufferInfo::AddMesh() Added mesh successfully-------
2016-08-20 14:06:20:767[cInfo        ] 
2016-08-20 14:06:20:767[cInfo        ] --------------------| START BUFFER MESH INFO |-------------------------------------
2016-08-20 14:06:20:768[cInfo        ] BufferInfo::AddMesh(): NUM VERTS-----------------[18]
2016-08-20 14:06:20:769[cInfo        ] BufferInfo::AddMesh(): NUM INDICES---------------[0]
2016-08-20 14:06:20:770[cInfo        ] BufferInfo::AddMesh(): VERT OFFSET---------------[36]
2016-08-20 14:06:20:771[cInfo        ] BufferInfo::AddMesh(): INDICES OFFSET (BYTES)----[0]
2016-08-20 14:06:20:772[cInfo        ] --------------------|  END BUFFER MESH INFO  |--------------------------------------
2016-08-20 14:06:20:774[cInfo        ] 

2016-08-20 14:06:20:775[Info         ] ShapeGenerator::ReadSceneFile(): Added new scene [..\Data\Scenes\Pyramid.pn.scene] successfully.
2016-08-20 14:06:20:781[cInfo        ] 
-----------------------------------------------------------------------
 BufferInfo::CreateBuffers()[0] Created buffers:| VERTEX [19] with [5529600] bytes. || INDEX [20] with [0] bytes |
-----------------------------------------------------------------------

2016-08-20 14:06:20:799[cInfo        ] --------BufferInfo::AddMesh() Added mesh successfully-------
2016-08-20 14:06:20:800[cInfo        ] 
2016-08-20 14:06:20:801[cInfo        ] --------------------| START BUFFER MESH INFO |-------------------------------------
2016-08-20 14:06:20:803[cInfo        ] BufferInfo::AddMesh(): NUM VERTS-----------------[172800]
2016-08-20 14:06:20:804[cInfo        ] BufferInfo::AddMesh(): NUM INDICES---------------[0]
2016-08-20 14:06:20:805[cInfo        ] BufferInfo::AddMesh(): VERT OFFSET---------------[0]
2016-08-20 14:06:20:807[cInfo        ] BufferInfo::AddMesh(): INDICES OFFSET (BYTES)----[0]
2016-08-20 14:06:20:807[cInfo        ] --------------------|  END BUFFER MESH INFO  |--------------------------------------
2016-08-20 14:06:20:808[cInfo        ] 

2016-08-20 14:06:20:809[Info         ] ShapeGenerator::ReadSceneFile(): Added new scene [..\Data\Scenes\WaterPlane.ptn.scene] successfully.
2016-08-20 14:06:20:810[cProcess     ] Camera::Initialize() successful.
2016-08-20 14:06:20:820[cProcess     ] BufferManager::Initialize() successful.
2016-08-20 14:06:20:823[cInfo        ] 
-----------------------------------------------------------------------
 BufferInfo::CreateBuffers()[3] Created buffers:| VERTEX [21] with [8107776] bytes. || INDEX [22] with [0] bytes |
-----------------------------------------------------------------------

2016-08-20 14:06:20:841[cInfo        ] --------BufferInfo::AddMesh() Added mesh successfully-------
2016-08-20 14:06:20:842[cInfo        ] 
2016-08-20 14:06:20:842[cInfo        ] --------------------| START BUFFER MESH INFO |-------------------------------------
2016-08-20 14:06:20:844[cInfo        ] BufferInfo::AddMesh(): NUM VERTS-----------------[337824]
2016-08-20 14:06:20:846[cInfo        ] BufferInfo::AddMesh(): NUM INDICES---------------[0]
2016-08-20 14:06:20:847[cInfo        ] BufferInfo::AddMesh(): VERT OFFSET---------------[0]
2016-08-20 14:06:20:848[cInfo        ] BufferInfo::AddMesh(): INDICES OFFSET (BYTES)----[0]
2016-08-20 14:06:20:851[cInfo        ] --------------------|  END BUFFER MESH INFO  |--------------------------------------
2016-08-20 14:06:20:852[cInfo        ] 

2016-08-20 14:06:20:853[Info         ] ShapeGenerator::ReadSceneFile(): Added new scene [..\Data\Scenes\Dargon.pn.scene] successfully.
2016-08-20 14:06:20:853[cProcess     ] BufferManager::Initialize() successful.
2016-08-20 14:06:20:854[cInfo        ] 
-----------------------------------------------------------------------
 BufferInfo::CreateBuffers()[4] Created buffers:| VERTEX [23] with [1000000] bytes. || INDEX [24] with [1000000] bytes |
-----------------------------------------------------------------------

2016-08-20 14:06:20:857[cInfo        ] --------BufferInfo::AddMesh() Added mesh successfully-------
2016-08-20 14:06:20:858[cInfo        ] 
2016-08-20 14:06:20:859[cInfo        ] --------------------| START BUFFER MESH INFO |-------------------------------------
2016-08-20 14:06:20:861[cInfo        ] BufferInfo::AddMesh(): NUM VERTS-----------------[6]
2016-08-20 14:06:20:862[cInfo        ] BufferInfo::AddMesh(): NUM INDICES---------------[0]
2016-08-20 14:06:20:863[cInfo        ] BufferInfo::AddMesh(): VERT OFFSET---------------[0]
2016-08-20 14:06:20:864[cInfo        ] BufferInfo::AddMesh(): INDICES OFFSET (BYTES)----[0]
2016-08-20 14:06:20:865[cInfo        ] --------------------|  END BUFFER MESH INFO  |--------------------------------------
2016-08-20 14:06:20:866[cInfo        ] 

2016-08-20 14:06:20:867[cProcess     ] BodaciousQuest::Initialize() successful.
2016-08-20 14:06:20:868[Process      ] GameTime::Initialize() ok

2016-08-20 14:06:20:868[cProcess     ] MyWindow::Initialize() successful!
2016-08-20 14:06:46:961[cProcess     ] BufferManager::Shutdown() successful.
2016-08-20 14:06:46:962[cProcess     ] RenderEngine::Shutdown() successful.
2016-08-20 14:06:46:965[cProcess     ] Camera::Shutdown() successful.
2016-08-20 14:06:46:966[Info         ] Shader  [2] deleting...
2016-08-20 14:06:46:966[Info         ] Shader  [2] deleted successfully.
2016-08-20 14:06:46:966[Info         ] Shader  [3] deleting...
2016-08-20 14:06:46:966[Info         ] Shader  [3] deleted successfully.
2016-08-20 14:06:46:966[Info         ] All shaders deleted successfully.
2016-08-20 14:06:46:966[cInfo        ] Program [1] deleted successfully.
2016-08-20 14:06:46:967[Process      ] ShaderProgram[1]::Shutdown successful!
2016-08-20 14:06:46:968[Info         ] Shader  [5] deleting...
2016-08-20 14:06:46:968[Info         ] Shader  [5] deleted successfully.
2016-08-20 14:06:46:968[Info         ] Shader  [6] deleting...
2016-08-20 14:06:46:968[Info         ] Shader  [6] deleted successfully.
2016-08-20 14:06:46:968[Info         ] All shaders deleted successfully.
2016-08-20 14:06:46:968[cInfo        ] Program [4] deleted successfully.
2016-08-20 14:06:46:968[Process      ] ShaderProgram[4]::Shutdown successful!
2016-08-20 14:06:46:969[Info         ] Shader  [8] deleting...
2016-08-20 14:06:46:969[Info         ] Shader  [8] deleted successfully.
2016-08-20 14:06:46:969[Info         ] Shader  [9] deleting...
2016-08-20 14:06:46:969[Info         ] Shader  [9] deleted successfully.
2016-08-20 14:06:46:969[Info         ] All shaders deleted successfully.
2016-08-20 14:06:46:969[cInfo        ] Program [7] deleted successfully.
2016-08-20 14:06:46:969[Process      ] ShaderProgram[7]::Shutdown successful!
2016-08-20 14:06:46:970[Info         ] Shader  [11] deleting...
2016-08-20 14:06:46:970[Info         ] Shader  [11] deleted successfully.
2016-08-20 14:06:46:970[Info         ] Shader  [12] deleting...
2016-08-20 14:06:46:970[Info         ] Shader  [12] deleted successfully.
2016-08-20 14:06:46:970[Info         ] All shaders deleted successfully.
2016-08-20 14:06:46:970[cInfo        ] Program [10] deleted successfully.
2016-08-20 14:06:46:972[Process      ] ShaderProgram[10]::Shutdown successful!
2016-08-20 14:06:46:972[Info         ] Shader  [14] deleting...
2016-08-20 14:06:46:972[Info         ] Shader  [14] deleted successfully.
2016-08-20 14:06:46:972[Info         ] Shader  [15] deleting...
2016-08-20 14:06:46:972[Info         ] Shader  [15] deleted successfully.
2016-08-20 14:06:46:972[Info         ] All shaders deleted successfully.
2016-08-20 14:06:46:973[cInfo        ] Program [13] deleted successfully.
2016-08-20 14:06:46:974[Process      ] ShaderProgram[13]::Shutdown successful!
2016-08-20 14:06:46:974[Info         ] Shader  [17] deleting...
2016-08-20 14:06:46:974[Info         ] Shader  [17] deleted successfully.
2016-08-20 14:06:46:974[Info         ] Shader  [18] deleting...
2016-08-20 14:06:46:974[Info         ] Shader  [18] deleted successfully.
2016-08-20 14:06:46:974[Info         ] All shaders deleted successfully.
2016-08-20 14:06:46:974[cInfo        ] Program [16] deleted successfully.
2016-08-20 14:06:46:975[Process      ] ShaderProgram[16]::Shutdown successful!
2016-08-20 14:06:46:975[Info         ] Shader  [20] deleting...
2016-08-20 14:06:46:975[Info         ] Shader  [20] deleted successfully.
2016-08-20 14:06:46:975[Info         ] Shader  [21] deleting...
2016-08-20 14:06:46:975[Info         ] Shader  [21] deleted successfully.
2016-08-20 14:06:46:975[Info         ] All shaders deleted successfully.
2016-08-20 14:06:46:975[cInfo        ] Program [19] deleted successfully.
2016-08-20 14:06:46:976[Process      ] ShaderProgram[19]::Shutdown successful!
2016-08-20 14:06:46:976[cProcess     ] MyWindow::Shutdown() successful!
2016-08-20 14:06:46:977[cProcess     ] BodaciousQuest::Shutdown() successful.
2016-08-20 14:06:46:987[Process      ] ConfigReader shut down successfully
2016-08-20 14:06:46:987[Process      ] GameLogger::ShutDown() successful
