2016-08-24 10:01:46:239[Process      ] GameLogger::Initialize() opened log file [..\Data\LogFiles\2016-08-24 10-01-46.BodaciousQuest.log] for writing
2016-08-24 10:01:46:240[Info         ] GameLogger::Initialize() successful
2016-08-24 10:01:46:240[Process      ] ConfigReader opened [..\Data\BodaciousQuest.config] successfully
2016-08-24 10:01:46:240[Info         ] ConfigReader initialized successfully
2016-08-24 10:01:46:240[Info         ] Valid KVP [BodaciousQuest.ShowFullScreen] [false] added
2016-08-24 10:01:46:240[Info         ] Valid KVP [BodaciousQuest.FpsInterval] [5.0] added
2016-08-24 10:01:46:240[Info         ] Valid KVP [BodaciousQuest.EnableControls] [true] added
2016-08-24 10:01:46:240[Info         ] Valid KVP [BodaciousQuest.LoadCubeFirst] [true] added
2016-08-24 10:01:46:240[Info         ] Valid KVP [BodaciousQuest.CameraWalkMode] [false] added
2016-08-24 10:01:46:240[Info         ] Valid KVP [BodaciousQuest.GridSize] [40] added
2016-08-24 10:01:46:240[Info         ] Valid KVP [BodaciousQuest.LightingTest.Ambient.Color] [1.0  1.0  1.0] added
2016-08-24 10:01:46:240[Info         ] Valid KVP [BodaciousQuest.LightingTest.Diffuse.Color] [1.0  1.0  1.0] added
2016-08-24 10:01:46:240[Info         ] Valid KVP [BodaciousQuest.LightingTest.Specular.Color] [1.0  1.0  1.0] added
2016-08-24 10:01:46:240[Info         ] Valid KVP [BodaciousQuest.LightingTest.Ambient.Reflectivity] [0.1] added
2016-08-24 10:01:46:240[Info         ] Valid KVP [BodaciousQuest.LightingTest.Diffuse.Reflectivity] [0.9] added
2016-08-24 10:01:46:240[Info         ] Valid KVP [BodaciousQuest.LightingTest.Specular.Reflectivity] [0.2] added
2016-08-24 10:01:46:240[Info         ] Valid KVP [BodaciousQuest.LightingTest.Specular.Shininess] [2.0] added
2016-08-24 10:01:46:240[Info         ] Valid KVP [BodaciousQuest.LightingTest.Falloff.A] [1.0] added
2016-08-24 10:01:46:240[Info         ] Valid KVP [BodaciousQuest.LightingTest.Falloff.B] [0.01] added
2016-08-24 10:01:46:240[Info         ] Valid KVP [BodaciousQuest.LightingTest.Falloff.C] [0.001] added
2016-08-24 10:01:46:240[Info         ] Valid KVP [BodaciousQuest.LightingTest.Directional] [false] added
2016-08-24 10:01:46:240[Info         ] Valid KVP [BodaciousQuest.LightingTest.Direction] [-1.0 0.0 1.0] added
2016-08-24 10:01:46:240[Info         ] Valid KVP [BodaciousQuest.LightingTest.Light.Position] [-0.875458 3.673020 1.043331] added
2016-08-24 10:01:46:240[Info         ] Valid KVP [BodaciousQuest.LightingTest.Dargon.Color] [1.0 1.0 0.4] added
2016-08-24 10:01:46:240[Info         ] Valid KVP [ObjConverter.Mode.VertexType] [ptn] added
2016-08-24 10:01:46:240[Info         ] Valid KVP [ObjConverter.Mode.Analyze] [false] added
2016-08-24 10:01:46:240[Info         ] Valid KVP [ObjConverter.Model] [DerpyDargon] added
2016-08-24 10:01:46:240[Info         ] Valid KVP [ObjConverter.Shader] [5] added
2016-08-24 10:01:46:240[Info         ] Valid KVP [ObjConverter.Color] [random] added
2016-08-24 10:01:46:240[Info         ] Valid KVP [ObjConverter.Obj.InputFileFolder] [..\\Data\\Objs\\] added
2016-08-24 10:01:46:240[Info         ] Valid KVP [ObjConverter.Scene.OutputFileFolder] [..\\Data\\Scenes\\] added
2016-08-24 10:01:46:240[Info         ] Valid KVP [ObjConverter.Model.Dargon.NumVerts] [57967] added
2016-08-24 10:01:46:240[Info         ] Valid KVP [ObjConverter.Model.Dargon.NumIndices] [337824] added
2016-08-24 10:01:46:240[Info         ] Valid KVP [ObjConverter.Model.Dargon.NumTexCoords] [60175] added
2016-08-24 10:01:46:240[Info         ] Valid KVP [ObjConverter.Model.Dargon.NumNormals] [337824] added
2016-08-24 10:01:46:240[Info         ] Valid KVP [ObjConverter.Model.DerpyDargon.NumVerts] [57967] added
2016-08-24 10:01:46:241[Info         ] Valid KVP [ObjConverter.Model.DerpyDargon.NumIndices] [337824] added
2016-08-24 10:01:46:241[Info         ] Valid KVP [ObjConverter.Model.DerpyDargon.NumTexCoords] [60175] added
2016-08-24 10:01:46:241[Info         ] Valid KVP [ObjConverter.Model.DerpyDargon.NumNormals] [337824] added
2016-08-24 10:01:46:241[Info         ] Valid KVP [ObjConverter.Model.Swamp.NumVerts] [2735] added
2016-08-24 10:01:46:241[Info         ] Valid KVP [ObjConverter.Model.Swamp.NumIndices] [8556] added
2016-08-24 10:01:46:241[Info         ] Valid KVP [ObjConverter.Model.Swamp.NumTexCoords] [3622] added
2016-08-24 10:01:46:241[Info         ] Valid KVP [ObjConverter.Model.Swamp.NumNormals] [5156] added
2016-08-24 10:01:46:241[Info         ] Valid KVP [ObjConverter.Model.Pyramid.NumVerts] [5] added
2016-08-24 10:01:46:241[Info         ] Valid KVP [ObjConverter.Model.Pyramid.NumIndices] [18] added
2016-08-24 10:01:46:241[Info         ] Valid KVP [ObjConverter.Model.Pyramid.NumTexCoords] [10] added
2016-08-24 10:01:46:241[Info         ] Valid KVP [ObjConverter.Model.Pyramid.NumNormals] [16] added
2016-08-24 10:01:46:241[Info         ] Valid KVP [ObjConverter.Model.AIWorld.NumVerts] [1957] added
2016-08-24 10:01:46:241[Info         ] Valid KVP [ObjConverter.Model.AIWorld.NumIndices] [8718] added
2016-08-24 10:01:46:241[Info         ] Valid KVP [ObjConverter.Model.AIWorld.NumTexCoords] [4186] added
2016-08-24 10:01:46:241[Info         ] Valid KVP [ObjConverter.Model.AIWorld.NumNormals] [5418] added
2016-08-24 10:01:46:241[Info         ] Valid KVP [ObjConverter.Model.GameWeapon.NumVerts] [2068] added
2016-08-24 10:01:46:241[Info         ] Valid KVP [ObjConverter.Model.GameWeapon.NumIndices] [9894] added
2016-08-24 10:01:46:241[Info         ] Valid KVP [ObjConverter.Model.GameWeapon.NumTexCoords] [0] added
2016-08-24 10:01:46:241[Info         ] Valid KVP [ObjConverter.Model.GameWeapon.NumNormals] [0] added
2016-08-24 10:01:46:241[Info         ] Valid KVP [ObjConverter.Model.Chicken.NumVerts] [224] added
2016-08-24 10:01:46:241[Info         ] Valid KVP [ObjConverter.Model.Chicken.NumIndices] [1374] added
2016-08-24 10:01:46:241[Info         ] Valid KVP [ObjConverter.Model.Chicken.NumTexCoords] [472] added
2016-08-24 10:01:46:241[Info         ] Valid KVP [ObjConverter.Model.Chicken.NumNormals] [565] added
2016-08-24 10:01:46:241[Info         ] Valid KVP [ObjConverter.Model.WaterPlane.NumVerts] [29282] added
2016-08-24 10:01:46:241[Info         ] Valid KVP [ObjConverter.Model.WaterPlane.NumIndices] [172800] added
2016-08-24 10:01:46:241[Info         ] Valid KVP [ObjConverter.Model.WaterPlane.NumTexCoords] [29282] added
2016-08-24 10:01:46:241[Info         ] Valid KVP [ObjConverter.Model.WaterPlane.NumNormals] [172800] added
2016-08-24 10:01:46:241[Info         ] Valid KVP [ObjConverter.Model.Cube.NumVerts] [8] added
2016-08-24 10:01:46:241[Info         ] Valid KVP [ObjConverter.Model.Cube.NumIndices] [36] added
2016-08-24 10:01:46:241[Info         ] Valid KVP [ObjConverter.Model.Cube.NumTexCoords] [14] added
2016-08-24 10:01:46:241[Info         ] Valid KVP [ObjConverter.Model.Cube.NumNormals] [24] added
2016-08-24 10:01:46:241[Info         ] Valid KVP [ObjConverter.Model.Barrel.NumVerts] [172] added
2016-08-24 10:01:46:241[Info         ] Valid KVP [ObjConverter.Model.Barrel.NumIndices] [1008] added
2016-08-24 10:01:46:241[Info         ] Valid KVP [ObjConverter.Model.Barrel.NumTexCoords] [328] added
2016-08-24 10:01:46:241[Info         ] Valid KVP [ObjConverter.Model.Barrel.NumNormals] [204] added
2016-08-24 10:01:46:241[Info         ] Valid KVP [ObjConverter.Model.SkyBox.NumVerts] [8] added
2016-08-24 10:01:46:241[Info         ] Valid KVP [ObjConverter.Model.SkyBox.NumIndices] [36] added
2016-08-24 10:01:46:241[Info         ] Valid KVP [ObjConverter.Model.SkyBox.NumTexCoords] [18] added
2016-08-24 10:01:46:241[Info         ] Valid KVP [ObjConverter.Model.SkyBox.NumNormals] [24] added
2016-08-24 10:01:46:241[Info         ] Valid KVP [ObjConverter.Model.Cat.NumVerts] [548] added
2016-08-24 10:01:46:241[Info         ] Valid KVP [ObjConverter.Model.Cat.NumIndices] [3180] added
2016-08-24 10:01:46:241[Info         ] Valid KVP [ObjConverter.Model.Cat.NumTexCoords] [771] added
2016-08-24 10:01:46:241[Info         ] Valid KVP [ObjConverter.Model.Cat.NumNormals] [714] added
2016-08-24 10:01:46:312[cInfo        ] Config reader opened [..\Data\BodaciousQuest.config] for reading!
2016-08-24 10:01:46:368[Process      ] ShaderManager Initialized successfully
2016-08-24 10:01:46:368[Info         ] Shader Init started
2016-08-24 10:01:46:368[Info         ] Shader Program created.
2016-08-24 10:01:46:368[Process      ] ShaderProgram::Initialize()[1] successful!
2016-08-24 10:01:46:368[Debug        ] File [..\Data\shaders\debug.vert.shader] Opened successfully! Buffer Length:[291]
2016-08-24 10:01:46:368[Debug        ] Shader file [..\Data\shaders\debug.vert.shader] contents:
//BEGIN
#version 430 core

layout(location = 0)  in vec3 vPosition;

layout(location = 15) uniform vec3 colorin;
layout(location = 16) uniform mat4 MAT;

out vec4 color;

void main()
{
	vec4 vertPos = vec4(vPosition, 1.0);
	gl_Position = MAT *  vertPos;
	color = vec4(colorin, 1.0);
}
//END

2016-08-24 10:01:46:368[Debug        ]  ShaderProgram::AddShader() file with data was read in
2016-08-24 10:01:46:368[Debug        ] ShaderProgram::AddShader() : glShaderSource() successful
2016-08-24 10:01:46:369[Debug        ] ShaderProgram::AddShader() : glCompileShader() successful
2016-08-24 10:01:46:369[Info         ] ShaderProgram::CheckShaderCompileStatus(2) successful.
2016-08-24 10:01:46:369[Debug        ] ShaderProgram::AddShader() : glCompileShader() successful
2016-08-24 10:01:46:370[Info         ] ShaderInfo saved successfully.
2016-08-24 10:01:46:370[Debug        ] ShaderProgram::AddShader() : glAttachShader() successful
2016-08-24 10:01:46:370[Info         ] ShaderProgram::AddShader [2] successful.
2016-08-24 10:01:46:370[Debug        ] File [..\Data\shaders\debug.frag.shader] Opened successfully! Buffer Length:[104]
2016-08-24 10:01:46:370[Debug        ] Shader file [..\Data\shaders\debug.frag.shader] contents:
//BEGIN
#version 430 core


in  vec4 color;
out vec4 outColor;

void main()
{
	outColor = color;
}


//END

2016-08-24 10:01:46:370[Debug        ]  ShaderProgram::AddShader() file with data was read in
2016-08-24 10:01:46:370[Debug        ] ShaderProgram::AddShader() : glShaderSource() successful
2016-08-24 10:01:46:370[Debug        ] ShaderProgram::AddShader() : glCompileShader() successful
2016-08-24 10:01:46:370[Info         ] ShaderProgram::CheckShaderCompileStatus(3) successful.
2016-08-24 10:01:46:370[Debug        ] ShaderProgram::AddShader() : glCompileShader() successful
2016-08-24 10:01:46:370[Info         ] ShaderInfo saved successfully.
2016-08-24 10:01:46:370[Debug        ] ShaderProgram::AddShader() : glAttachShader() successful
2016-08-24 10:01:46:370[Info         ] ShaderProgram::AddShader [3] successful.
2016-08-24 10:01:46:371[Info         ] CheckProgramStatus() successful!
2016-08-24 10:01:46:372[Info         ] CheckProgramStatus() successful!
2016-08-24 10:01:46:372[Info         ] Shader Init started
2016-08-24 10:01:46:372[Info         ] Shader Program created.
2016-08-24 10:01:46:372[Process      ] ShaderProgram::Initialize()[4] successful!
2016-08-24 10:01:46:372[Debug        ] File [..\Data\shaders\play.vert.shader] Opened successfully! Buffer Length:[343]
2016-08-24 10:01:46:372[Debug        ] Shader file [..\Data\shaders\play.vert.shader] contents:
//BEGIN
#version 430 core

layout (location = 0)  in vec3 vPosition;
layout (location = 1)  in vec3 vColor;
layout (location = 15) uniform vec3 colorin;
layout (location = 16) uniform mat4 MAT;

out vec4 color;

void main()
{
	vec4 vertPos = vec4(vPosition, 1.0);
	gl_Position = MAT *  vertPos;
	color = vec4((vColor + colorin), 1.0);
}
//END

2016-08-24 10:01:46:372[Debug        ]  ShaderProgram::AddShader() file with data was read in
2016-08-24 10:01:46:372[Debug        ] ShaderProgram::AddShader() : glShaderSource() successful
2016-08-24 10:01:46:372[Debug        ] ShaderProgram::AddShader() : glCompileShader() successful
2016-08-24 10:01:46:372[Info         ] ShaderProgram::CheckShaderCompileStatus(5) successful.
2016-08-24 10:01:46:372[Debug        ] ShaderProgram::AddShader() : glCompileShader() successful
2016-08-24 10:01:46:372[Info         ] ShaderInfo saved successfully.
2016-08-24 10:01:46:372[Debug        ] ShaderProgram::AddShader() : glAttachShader() successful
2016-08-24 10:01:46:372[Info         ] ShaderProgram::AddShader [5] successful.
2016-08-24 10:01:46:372[Debug        ] File [..\Data\shaders\play.frag.shader] Opened successfully! Buffer Length:[391]
2016-08-24 10:01:46:372[Debug        ] Shader file [..\Data\shaders\play.frag.shader] contents:
//BEGIN
#version 430 core


in  vec4 color;
out vec4 outColor;

void main()
{

	//if (color.r < .7) discard;
	outColor = color;

	//if(((gl_FragCoord.x  > 600)&& (gl_FragCoord.y < 300)) || ((gl_FragCoord.y < 300)  && (gl_FragCoord.x  < 600) )) {
	//discard;
	//}

	//vec2 scrPos = vec2(gl_FragCoord) - vec2(350,150);
	//float len =  length(scrPos);
	//if(len < 50 )discard;
}


//END

2016-08-24 10:01:46:372[Debug        ]  ShaderProgram::AddShader() file with data was read in
2016-08-24 10:01:46:372[Debug        ] ShaderProgram::AddShader() : glShaderSource() successful
2016-08-24 10:01:46:372[Debug        ] ShaderProgram::AddShader() : glCompileShader() successful
2016-08-24 10:01:46:372[Info         ] ShaderProgram::CheckShaderCompileStatus(6) successful.
2016-08-24 10:01:46:372[Debug        ] ShaderProgram::AddShader() : glCompileShader() successful
2016-08-24 10:01:46:372[Info         ] ShaderInfo saved successfully.
2016-08-24 10:01:46:372[Debug        ] ShaderProgram::AddShader() : glAttachShader() successful
2016-08-24 10:01:46:372[Info         ] ShaderProgram::AddShader [6] successful.
2016-08-24 10:01:46:373[Info         ] CheckProgramStatus() successful!
2016-08-24 10:01:46:373[Info         ] CheckProgramStatus() successful!
2016-08-24 10:01:46:373[Info         ] Shader Init started
2016-08-24 10:01:46:373[Info         ] Shader Program created.
2016-08-24 10:01:46:373[Process      ] ShaderProgram::Initialize()[7] successful!
2016-08-24 10:01:46:373[Debug        ] File [..\Data\shaders\texture.vert.shader] Opened successfully! Buffer Length:[305]
2016-08-24 10:01:46:373[Debug        ] Shader file [..\Data\shaders\texture.vert.shader] contents:
//BEGIN
#version 430 core

layout (location = 0)  in vec3 vPosition;
layout (location = 1)  in vec2 vUV;

layout (location = 16) uniform mat4 MAT;

//out data
out vec2 UV;

//out vec4 color;

void main()
{
	vec4 vertPos = vec4(vPosition, 1.0);
	gl_Position = MAT *  vertPos;

	UV = vUV;
	
	
}
//END

2016-08-24 10:01:46:373[Debug        ]  ShaderProgram::AddShader() file with data was read in
2016-08-24 10:01:46:373[Debug        ] ShaderProgram::AddShader() : glShaderSource() successful
2016-08-24 10:01:46:374[Debug        ] ShaderProgram::AddShader() : glCompileShader() successful
2016-08-24 10:01:46:374[Info         ] ShaderProgram::CheckShaderCompileStatus(8) successful.
2016-08-24 10:01:46:374[Debug        ] ShaderProgram::AddShader() : glCompileShader() successful
2016-08-24 10:01:46:374[Info         ] ShaderInfo saved successfully.
2016-08-24 10:01:46:374[Debug        ] ShaderProgram::AddShader() : glAttachShader() successful
2016-08-24 10:01:46:374[Info         ] ShaderProgram::AddShader [8] successful.
2016-08-24 10:01:46:374[Debug        ] File [..\Data\shaders\texture.frag.shader] Opened successfully! Buffer Length:[482]
2016-08-24 10:01:46:374[Debug        ] Shader file [..\Data\shaders\texture.frag.shader] contents:
//BEGIN
#version 430 core


in  vec2 UV;
out vec4 outColor;

layout(location = 20) uniform sampler2D textureSampler;

void main()
{

	//if (color.r < .7) discard;
	outColor = vec4(texture(textureSampler, UV).rgb, 1.0);

	//if(((gl_FragCoord.x  > 600)&& (gl_FragCoord.y < 300)) || ((gl_FragCoord.y < 300)  && (gl_FragCoord.x  < 600) )) {
	//discard;
	//}
	//vec2 scrPos = vec2(gl_FragCoord) - vec2(350,150);
	//float len =  length(scrPos);
	//if(len < 50 )discard;
}


//END

2016-08-24 10:01:46:374[Debug        ]  ShaderProgram::AddShader() file with data was read in
2016-08-24 10:01:46:374[Debug        ] ShaderProgram::AddShader() : glShaderSource() successful
2016-08-24 10:01:46:374[Debug        ] ShaderProgram::AddShader() : glCompileShader() successful
2016-08-24 10:01:46:374[Info         ] ShaderProgram::CheckShaderCompileStatus(9) successful.
2016-08-24 10:01:46:374[Debug        ] ShaderProgram::AddShader() : glCompileShader() successful
2016-08-24 10:01:46:374[Info         ] ShaderInfo saved successfully.
2016-08-24 10:01:46:374[Debug        ] ShaderProgram::AddShader() : glAttachShader() successful
2016-08-24 10:01:46:374[Info         ] ShaderProgram::AddShader [9] successful.
2016-08-24 10:01:46:375[Info         ] CheckProgramStatus() successful!
2016-08-24 10:01:46:375[Info         ] CheckProgramStatus() successful!
2016-08-24 10:01:46:375[Info         ] Shader Init started
2016-08-24 10:01:46:375[Info         ] Shader Program created.
2016-08-24 10:01:46:375[Process      ] ShaderProgram::Initialize()[10] successful!
2016-08-24 10:01:46:375[Debug        ] File [..\Data\shaders\framebuffer.vert.shader] Opened successfully! Buffer Length:[305]
2016-08-24 10:01:46:375[Debug        ] Shader file [..\Data\shaders\framebuffer.vert.shader] contents:
//BEGIN
#version 430 core

layout (location = 0)  in vec3 vPosition;
layout (location = 1)  in vec2 vUV;

layout (location = 16) uniform mat4 MAT;

//out data
out vec2 UV;

//out vec4 color;

void main()
{
	vec4 vertPos = vec4(vPosition, 1.0);
	gl_Position = MAT *  vertPos;

	UV = vUV;
	
	
}
//END

2016-08-24 10:01:46:375[Debug        ]  ShaderProgram::AddShader() file with data was read in
2016-08-24 10:01:46:375[Debug        ] ShaderProgram::AddShader() : glShaderSource() successful
2016-08-24 10:01:46:376[Debug        ] ShaderProgram::AddShader() : glCompileShader() successful
2016-08-24 10:01:46:376[Info         ] ShaderProgram::CheckShaderCompileStatus(11) successful.
2016-08-24 10:01:46:376[Debug        ] ShaderProgram::AddShader() : glCompileShader() successful
2016-08-24 10:01:46:376[Info         ] ShaderInfo saved successfully.
2016-08-24 10:01:46:376[Debug        ] ShaderProgram::AddShader() : glAttachShader() successful
2016-08-24 10:01:46:376[Info         ] ShaderProgram::AddShader [11] successful.
2016-08-24 10:01:46:376[Debug        ] File [..\Data\shaders\framebuffer.frag.shader] Opened successfully! Buffer Length:[275]
2016-08-24 10:01:46:376[Debug        ] Shader file [..\Data\shaders\framebuffer.frag.shader] contents:
//BEGIN
#version 430 core


in  vec2 UV;
out vec4 outColor;

layout(location = 20) uniform sampler2D textureSampler;

void main()
{


	vec3 tempCol = texture(textureSampler, UV).rgb;

	outColor = vec4(tempCol.r / 1.5f, tempCol.g / 1.5f, tempCol.b / 1.5f, 1.0f);
}


//END

2016-08-24 10:01:46:376[Debug        ]  ShaderProgram::AddShader() file with data was read in
2016-08-24 10:01:46:376[Debug        ] ShaderProgram::AddShader() : glShaderSource() successful
2016-08-24 10:01:46:376[Debug        ] ShaderProgram::AddShader() : glCompileShader() successful
2016-08-24 10:01:46:376[Info         ] ShaderProgram::CheckShaderCompileStatus(12) successful.
2016-08-24 10:01:46:376[Debug        ] ShaderProgram::AddShader() : glCompileShader() successful
2016-08-24 10:01:46:376[Info         ] ShaderInfo saved successfully.
2016-08-24 10:01:46:376[Debug        ] ShaderProgram::AddShader() : glAttachShader() successful
2016-08-24 10:01:46:376[Info         ] ShaderProgram::AddShader [12] successful.
2016-08-24 10:01:46:377[Info         ] CheckProgramStatus() successful!
2016-08-24 10:01:46:377[Info         ] CheckProgramStatus() successful!
2016-08-24 10:01:46:377[Info         ] Shader Init started
2016-08-24 10:01:46:377[Info         ] Shader Program created.
2016-08-24 10:01:46:377[Process      ] ShaderProgram::Initialize()[13] successful!
2016-08-24 10:01:46:377[Debug        ] File [..\Data\shaders\lighting.vert.shader] Opened successfully! Buffer Length:[1004]
2016-08-24 10:01:46:377[cDebug       ] Shader file [..\Data\shaders\lighting.vert.shader] is too big to display contents.
2016-08-24 10:01:46:379[Debug        ]  ShaderProgram::AddShader() file with data was read in
2016-08-24 10:01:46:379[Debug        ] ShaderProgram::AddShader() : glShaderSource() successful
2016-08-24 10:01:46:379[Debug        ] ShaderProgram::AddShader() : glCompileShader() successful
2016-08-24 10:01:46:379[Info         ] ShaderProgram::CheckShaderCompileStatus(14) successful.
2016-08-24 10:01:46:379[Debug        ] ShaderProgram::AddShader() : glCompileShader() successful
2016-08-24 10:01:46:379[Info         ] ShaderInfo saved successfully.
2016-08-24 10:01:46:379[Debug        ] ShaderProgram::AddShader() : glAttachShader() successful
2016-08-24 10:01:46:379[Info         ] ShaderProgram::AddShader [14] successful.
2016-08-24 10:01:46:379[Debug        ] File [..\Data\shaders\lighting.frag.shader] Opened successfully! Buffer Length:[1824]
2016-08-24 10:01:46:379[cDebug       ] Shader file [..\Data\shaders\lighting.frag.shader] is too big to display contents.
2016-08-24 10:01:46:381[Debug        ]  ShaderProgram::AddShader() file with data was read in
2016-08-24 10:01:46:381[Debug        ] ShaderProgram::AddShader() : glShaderSource() successful
2016-08-24 10:01:46:381[Debug        ] ShaderProgram::AddShader() : glCompileShader() successful
2016-08-24 10:01:46:381[Info         ] ShaderProgram::CheckShaderCompileStatus(15) successful.
2016-08-24 10:01:46:381[Debug        ] ShaderProgram::AddShader() : glCompileShader() successful
2016-08-24 10:01:46:381[Info         ] ShaderInfo saved successfully.
2016-08-24 10:01:46:381[Debug        ] ShaderProgram::AddShader() : glAttachShader() successful
2016-08-24 10:01:46:381[Info         ] ShaderProgram::AddShader [15] successful.
2016-08-24 10:01:46:384[Info         ] CheckProgramStatus() successful!
2016-08-24 10:01:46:385[Info         ] CheckProgramStatus() successful!
2016-08-24 10:01:46:385[Info         ] Shader Init started
2016-08-24 10:01:46:385[Info         ] Shader Program created.
2016-08-24 10:01:46:385[Process      ] ShaderProgram::Initialize()[16] successful!
2016-08-24 10:01:46:385[Debug        ] File [..\Data\shaders\texlighting.vert.shader] Opened successfully! Buffer Length:[1051]
2016-08-24 10:01:46:385[cDebug       ] Shader file [..\Data\shaders\texlighting.vert.shader] is too big to display contents.
2016-08-24 10:01:46:387[Debug        ]  ShaderProgram::AddShader() file with data was read in
2016-08-24 10:01:46:387[Debug        ] ShaderProgram::AddShader() : glShaderSource() successful
2016-08-24 10:01:46:387[Debug        ] ShaderProgram::AddShader() : glCompileShader() successful
2016-08-24 10:01:46:387[Info         ] ShaderProgram::CheckShaderCompileStatus(17) successful.
2016-08-24 10:01:46:387[Debug        ] ShaderProgram::AddShader() : glCompileShader() successful
2016-08-24 10:01:46:387[Info         ] ShaderInfo saved successfully.
2016-08-24 10:01:46:387[Debug        ] ShaderProgram::AddShader() : glAttachShader() successful
2016-08-24 10:01:46:387[Info         ] ShaderProgram::AddShader [17] successful.
2016-08-24 10:01:46:388[Debug        ] File [..\Data\shaders\texlighting.frag.shader] Opened successfully! Buffer Length:[1885]
2016-08-24 10:01:46:388[cDebug       ] Shader file [..\Data\shaders\texlighting.frag.shader] is too big to display contents.
2016-08-24 10:01:46:389[Debug        ]  ShaderProgram::AddShader() file with data was read in
2016-08-24 10:01:46:389[Debug        ] ShaderProgram::AddShader() : glShaderSource() successful
2016-08-24 10:01:46:390[Debug        ] ShaderProgram::AddShader() : glCompileShader() successful
2016-08-24 10:01:46:390[Info         ] ShaderProgram::CheckShaderCompileStatus(18) successful.
2016-08-24 10:01:46:390[Debug        ] ShaderProgram::AddShader() : glCompileShader() successful
2016-08-24 10:01:46:390[Info         ] ShaderInfo saved successfully.
2016-08-24 10:01:46:390[Debug        ] ShaderProgram::AddShader() : glAttachShader() successful
2016-08-24 10:01:46:390[Info         ] ShaderProgram::AddShader [18] successful.
2016-08-24 10:01:46:392[Info         ] CheckProgramStatus() successful!
2016-08-24 10:01:46:393[Info         ] CheckProgramStatus() successful!
2016-08-24 10:01:46:393[Info         ] Shader Init started
2016-08-24 10:01:46:393[Info         ] Shader Program created.
2016-08-24 10:01:46:393[Process      ] ShaderProgram::Initialize()[19] successful!
2016-08-24 10:01:46:393[Debug        ] File [..\Data\shaders\water.vert.shader] Opened successfully! Buffer Length:[1400]
2016-08-24 10:01:46:393[cDebug       ] Shader file [..\Data\shaders\water.vert.shader] is too big to display contents.
2016-08-24 10:01:46:394[Debug        ]  ShaderProgram::AddShader() file with data was read in
2016-08-24 10:01:46:394[Debug        ] ShaderProgram::AddShader() : glShaderSource() successful
2016-08-24 10:01:46:395[Debug        ] ShaderProgram::AddShader() : glCompileShader() successful
2016-08-24 10:01:46:395[Info         ] ShaderProgram::CheckShaderCompileStatus(20) successful.
2016-08-24 10:01:46:395[Debug        ] ShaderProgram::AddShader() : glCompileShader() successful
2016-08-24 10:01:46:395[Info         ] ShaderInfo saved successfully.
2016-08-24 10:01:46:395[Debug        ] ShaderProgram::AddShader() : glAttachShader() successful
2016-08-24 10:01:46:395[Info         ] ShaderProgram::AddShader [20] successful.
2016-08-24 10:01:46:395[Debug        ] File [..\Data\shaders\water.frag.shader] Opened successfully! Buffer Length:[2455]
2016-08-24 10:01:46:395[cDebug       ] Shader file [..\Data\shaders\water.frag.shader] is too big to display contents.
2016-08-24 10:01:46:396[Debug        ]  ShaderProgram::AddShader() file with data was read in
2016-08-24 10:01:46:396[Debug        ] ShaderProgram::AddShader() : glShaderSource() successful
2016-08-24 10:01:46:396[Debug        ] ShaderProgram::AddShader() : glCompileShader() successful
2016-08-24 10:01:46:396[Info         ] ShaderProgram::CheckShaderCompileStatus(21) successful.
2016-08-24 10:01:46:397[Debug        ] ShaderProgram::AddShader() : glCompileShader() successful
2016-08-24 10:01:46:397[Info         ] ShaderInfo saved successfully.
2016-08-24 10:01:46:397[Debug        ] ShaderProgram::AddShader() : glAttachShader() successful
2016-08-24 10:01:46:397[Info         ] ShaderProgram::AddShader [21] successful.
2016-08-24 10:01:46:398[Info         ] CheckProgramStatus() successful!
2016-08-24 10:01:46:399[Info         ] CheckProgramStatus() successful!
2016-08-24 10:01:46:399[Info         ] GetAttribLocation [vPosition] successful.
2016-08-24 10:01:46:399[Info         ] GetUniformLocation [colorin] successful.
2016-08-24 10:01:46:399[Info         ] GetUniformLocation [MAT] successful.
2016-08-24 10:01:46:399[cProcess     ] RenderEngine::Initialize() successful.
2016-08-24 10:01:46:401[cInfo        ] 
-----------------------------------------------------------------------
 BufferInfo::CreateBuffers()[0] Created buffers:| VERTEX [1] with [80] bytes. || INDEX [2] with [24] bytes |
-----------------------------------------------------------------------

2016-08-24 10:01:46:406[cInfo        ] --------BufferInfo::AddMesh() Added mesh successfully-------
2016-08-24 10:01:46:408[cInfo        ] 
2016-08-24 10:01:46:408[cInfo        ] --------------------| START BUFFER MESH INFO |-------------------------------------
2016-08-24 10:01:46:410[cInfo        ] BufferInfo::AddMesh(): NUM VERTS-----------------[4]
2016-08-24 10:01:46:411[cInfo        ] BufferInfo::AddMesh(): NUM INDICES---------------[6]
2016-08-24 10:01:46:413[cInfo        ] BufferInfo::AddMesh(): VERT OFFSET---------------[0]
2016-08-24 10:01:46:416[cInfo        ] BufferInfo::AddMesh(): INDICES OFFSET (BYTES)----[0]
2016-08-24 10:01:46:417[cInfo        ] --------------------|  END BUFFER MESH INFO  |--------------------------------------
2016-08-24 10:01:46:419[cInfo        ] 

2016-08-24 10:01:46:420[cInfo        ] 
-----------------------------------------------------------------------
 BufferInfo::CreateBuffers()[0] Created buffers:| VERTEX [3] with [96] bytes. || INDEX [4] with [48] bytes |
-----------------------------------------------------------------------

2016-08-24 10:01:46:425[cInfo        ] --------BufferInfo::AddMesh() Added mesh successfully-------
2016-08-24 10:01:46:427[cInfo        ] 
2016-08-24 10:01:46:427[cInfo        ] --------------------| START BUFFER MESH INFO |-------------------------------------
2016-08-24 10:01:46:429[cInfo        ] BufferInfo::AddMesh(): NUM VERTS-----------------[8]
2016-08-24 10:01:46:432[cInfo        ] BufferInfo::AddMesh(): NUM INDICES---------------[24]
2016-08-24 10:01:46:433[cInfo        ] BufferInfo::AddMesh(): VERT OFFSET---------------[0]
2016-08-24 10:01:46:434[cInfo        ] BufferInfo::AddMesh(): INDICES OFFSET (BYTES)----[0]
2016-08-24 10:01:46:435[cInfo        ] --------------------|  END BUFFER MESH INFO  |--------------------------------------
2016-08-24 10:01:46:437[cInfo        ] 

2016-08-24 10:01:46:438[cInfo        ] 
-----------------------------------------------------------------------
 BufferInfo::CreateBuffers()[0] Created buffers:| VERTEX [5] with [864] bytes. || INDEX [6] with [0] bytes |
-----------------------------------------------------------------------

2016-08-24 10:01:46:441[cInfo        ] --------BufferInfo::AddMesh() Added mesh successfully-------
2016-08-24 10:01:46:442[cInfo        ] 
2016-08-24 10:01:46:443[cInfo        ] --------------------| START BUFFER MESH INFO |-------------------------------------
2016-08-24 10:01:46:444[cInfo        ] BufferInfo::AddMesh(): NUM VERTS-----------------[36]
2016-08-24 10:01:46:444[cInfo        ] BufferInfo::AddMesh(): NUM INDICES---------------[0]
2016-08-24 10:01:46:447[cInfo        ] BufferInfo::AddMesh(): VERT OFFSET---------------[0]
2016-08-24 10:01:46:448[cInfo        ] BufferInfo::AddMesh(): INDICES OFFSET (BYTES)----[0]
2016-08-24 10:01:46:448[cInfo        ] --------------------|  END BUFFER MESH INFO  |--------------------------------------
2016-08-24 10:01:46:450[cInfo        ] 

2016-08-24 10:01:46:450[cInfo        ] 
-----------------------------------------------------------------------
 BufferInfo::CreateBuffers()[0] Created buffers:| VERTEX [7] with [144] bytes. || INDEX [8] with [0] bytes |
-----------------------------------------------------------------------

2016-08-24 10:01:46:454[cInfo        ] --------BufferInfo::AddMesh() Added mesh successfully-------
2016-08-24 10:01:46:455[cInfo        ] 
2016-08-24 10:01:46:455[cInfo        ] --------------------| START BUFFER MESH INFO |-------------------------------------
2016-08-24 10:01:46:456[cInfo        ] BufferInfo::AddMesh(): NUM VERTS-----------------[6]
2016-08-24 10:01:46:458[cInfo        ] BufferInfo::AddMesh(): NUM INDICES---------------[0]
2016-08-24 10:01:46:459[cInfo        ] BufferInfo::AddMesh(): VERT OFFSET---------------[0]
2016-08-24 10:01:46:461[cInfo        ] BufferInfo::AddMesh(): INDICES OFFSET (BYTES)----[0]
2016-08-24 10:01:46:463[cInfo        ] --------------------|  END BUFFER MESH INFO  |--------------------------------------
2016-08-24 10:01:46:465[cInfo        ] 

2016-08-24 10:01:46:466[Process      ] BufferInfo::Initialize() successful.
2016-08-24 10:01:46:466[cInfo        ] 
-----------------------------------------------------------------------
 BufferInfo::CreateBuffers()[0] Created buffers:| VERTEX [9] with [1000000] bytes. || INDEX [10] with [1000000] bytes |
-----------------------------------------------------------------------

2016-08-24 10:01:46:475[cInfo        ] --------BufferInfo::AddMesh() Added mesh successfully-------
2016-08-24 10:01:46:477[cInfo        ] 
2016-08-24 10:01:46:477[cInfo        ] --------------------| START BUFFER MESH INFO |-------------------------------------
2016-08-24 10:01:46:478[cInfo        ] BufferInfo::AddMesh(): NUM VERTS-----------------[24]
2016-08-24 10:01:46:479[cInfo        ] BufferInfo::AddMesh(): NUM INDICES---------------[36]
2016-08-24 10:01:46:480[cInfo        ] BufferInfo::AddMesh(): VERT OFFSET---------------[0]
2016-08-24 10:01:46:481[cInfo        ] BufferInfo::AddMesh(): INDICES OFFSET (BYTES)----[0]
2016-08-24 10:01:46:482[cInfo        ] --------------------|  END BUFFER MESH INFO  |--------------------------------------
2016-08-24 10:01:46:485[cInfo        ] 

2016-08-24 10:01:46:487[Process      ] BufferInfo::Initialize() successful.
2016-08-24 10:01:46:487[cInfo        ] 
-----------------------------------------------------------------------
 BufferInfo::CreateBuffers()[1] Created buffers:| VERTEX [11] with [1000000] bytes. || INDEX [12] with [1000000] bytes |
-----------------------------------------------------------------------

2016-08-24 10:01:46:491[cInfo        ] --------BufferInfo::AddMesh() Added mesh successfully-------
2016-08-24 10:01:46:492[cInfo        ] 
2016-08-24 10:01:46:492[cInfo        ] --------------------| START BUFFER MESH INFO |-------------------------------------
2016-08-24 10:01:46:494[cInfo        ] BufferInfo::AddMesh(): NUM VERTS-----------------[1536]
2016-08-24 10:01:46:494[cInfo        ] BufferInfo::AddMesh(): NUM INDICES---------------[3072]
2016-08-24 10:01:46:495[cInfo        ] BufferInfo::AddMesh(): VERT OFFSET---------------[0]
2016-08-24 10:01:46:496[cInfo        ] BufferInfo::AddMesh(): INDICES OFFSET (BYTES)----[0]
2016-08-24 10:01:46:497[cInfo        ] --------------------|  END BUFFER MESH INFO  |--------------------------------------
2016-08-24 10:01:46:498[cInfo        ] 

2016-08-24 10:01:46:501[cInfo        ] 
-----------------------------------------------------------------------
 BufferInfo::CreateBuffers()[0] Created buffers:| VERTEX [13] with [3936] bytes. || INDEX [14] with [0] bytes |
-----------------------------------------------------------------------

2016-08-24 10:01:46:505[cInfo        ] --------BufferInfo::AddMesh() Added mesh successfully-------
2016-08-24 10:01:46:506[cInfo        ] 
2016-08-24 10:01:46:506[cInfo        ] --------------------| START BUFFER MESH INFO |-------------------------------------
2016-08-24 10:01:46:507[cInfo        ] BufferInfo::AddMesh(): NUM VERTS-----------------[164]
2016-08-24 10:01:46:508[cInfo        ] BufferInfo::AddMesh(): NUM INDICES---------------[0]
2016-08-24 10:01:46:509[cInfo        ] BufferInfo::AddMesh(): VERT OFFSET---------------[0]
2016-08-24 10:01:46:510[cInfo        ] BufferInfo::AddMesh(): INDICES OFFSET (BYTES)----[0]
2016-08-24 10:01:46:511[cInfo        ] --------------------|  END BUFFER MESH INFO  |--------------------------------------
2016-08-24 10:01:46:512[cInfo        ] 

2016-08-24 10:01:46:512[cProcess     ] ShapeGenerator initialized successfully.
2016-08-24 10:01:46:513[cProcess     ] Camera::Initialize() successful.
2016-08-24 10:01:46:514[cProcess     ] Keyboard::Initialize() successful
2016-08-24 10:01:46:516[cProcess     ] Keyboard::Initialize() successful
2016-08-24 10:01:46:529[cInfo        ] 
-----------------------------------------------------------------------
 BufferInfo::CreateBuffers()[0] Created buffers:| VERTEX [15] with [10810368] bytes. || INDEX [16] with [0] bytes |
-----------------------------------------------------------------------

2016-08-24 10:01:46:554[cInfo        ] --------BufferInfo::AddMesh() Added mesh successfully-------
2016-08-24 10:01:46:555[cInfo        ] 
2016-08-24 10:01:46:556[cInfo        ] --------------------| START BUFFER MESH INFO |-------------------------------------
2016-08-24 10:01:46:558[cInfo        ] BufferInfo::AddMesh(): NUM VERTS-----------------[337824]
2016-08-24 10:01:46:559[cInfo        ] BufferInfo::AddMesh(): NUM INDICES---------------[0]
2016-08-24 10:01:46:561[cInfo        ] BufferInfo::AddMesh(): VERT OFFSET---------------[0]
2016-08-24 10:01:46:562[cInfo        ] BufferInfo::AddMesh(): INDICES OFFSET (BYTES)----[0]
2016-08-24 10:01:46:564[cInfo        ] --------------------|  END BUFFER MESH INFO  |--------------------------------------
2016-08-24 10:01:46:565[cInfo        ] 

2016-08-24 10:01:46:600[Info         ] ShapeGenerator::ReadSceneFile(): Added new scene [..\Data\Scenes\DerpyDargon.ptn.scene] successfully.
2016-08-24 10:01:46:600[cInfo        ] EntityManager::BuildPlayerEntity(): Built [Dargon] successfully
2016-08-24 10:01:46:606[Process      ] BufferInfo::Initialize() successful.
2016-08-24 10:01:46:610[cInfo        ] 
-----------------------------------------------------------------------
 BufferInfo::CreateBuffers()[2] Created buffers:| VERTEX [17] with [1000000] bytes. || INDEX [18] with [1000000] bytes |
-----------------------------------------------------------------------

2016-08-24 10:01:46:617[cInfo        ] --------BufferInfo::AddMesh() Added mesh successfully-------
2016-08-24 10:01:46:618[cInfo        ] 
2016-08-24 10:01:46:619[cInfo        ] --------------------| START BUFFER MESH INFO |-------------------------------------
2016-08-24 10:01:46:621[cInfo        ] BufferInfo::AddMesh(): NUM VERTS-----------------[36]
2016-08-24 10:01:46:622[cInfo        ] BufferInfo::AddMesh(): NUM INDICES---------------[0]
2016-08-24 10:01:46:623[cInfo        ] BufferInfo::AddMesh(): VERT OFFSET---------------[0]
2016-08-24 10:01:46:625[cInfo        ] BufferInfo::AddMesh(): INDICES OFFSET (BYTES)----[0]
2016-08-24 10:01:46:626[cInfo        ] --------------------|  END BUFFER MESH INFO  |--------------------------------------
2016-08-24 10:01:46:628[cInfo        ] 

2016-08-24 10:01:46:629[Info         ] ShapeGenerator::ReadSceneFile(): Added new scene [..\Data\Scenes\Cube.pn.scene] successfully.
2016-08-24 10:01:46:630[Process      ] BufferInfo::Initialize() successful.
2016-08-24 10:01:46:630[cInfo        ] 
-----------------------------------------------------------------------
 BufferInfo::CreateBuffers()[3] Created buffers:| VERTEX [19] with [1000000] bytes. || INDEX [20] with [1000000] bytes |
-----------------------------------------------------------------------

2016-08-24 10:01:46:637[cInfo        ] --------BufferInfo::AddMesh() Added mesh successfully-------
2016-08-24 10:01:46:638[cInfo        ] 
2016-08-24 10:01:46:639[cInfo        ] --------------------| START BUFFER MESH INFO |-------------------------------------
2016-08-24 10:01:46:641[cInfo        ] BufferInfo::AddMesh(): NUM VERTS-----------------[8718]
2016-08-24 10:01:46:642[cInfo        ] BufferInfo::AddMesh(): NUM INDICES---------------[0]
2016-08-24 10:01:46:644[cInfo        ] BufferInfo::AddMesh(): VERT OFFSET---------------[0]
2016-08-24 10:01:46:645[cInfo        ] BufferInfo::AddMesh(): INDICES OFFSET (BYTES)----[0]
2016-08-24 10:01:46:647[cInfo        ] --------------------|  END BUFFER MESH INFO  |--------------------------------------
2016-08-24 10:01:46:649[cInfo        ] 

2016-08-24 10:01:46:651[Info         ] ShapeGenerator::ReadSceneFile(): Added new scene [..\Data\Scenes\AIWorld.ptn.scene] successfully.
2016-08-24 10:01:46:652[cInfo        ] --------BufferInfo::AddMesh() Added mesh successfully-------
2016-08-24 10:01:46:653[cInfo        ] 
2016-08-24 10:01:46:653[cInfo        ] --------------------| START BUFFER MESH INFO |-------------------------------------
2016-08-24 10:01:46:654[cInfo        ] BufferInfo::AddMesh(): NUM VERTS-----------------[18]
2016-08-24 10:01:46:655[cInfo        ] BufferInfo::AddMesh(): NUM INDICES---------------[0]
2016-08-24 10:01:46:656[cInfo        ] BufferInfo::AddMesh(): VERT OFFSET---------------[36]
2016-08-24 10:01:46:657[cInfo        ] BufferInfo::AddMesh(): INDICES OFFSET (BYTES)----[0]
2016-08-24 10:01:46:657[cInfo        ] --------------------|  END BUFFER MESH INFO  |--------------------------------------
2016-08-24 10:01:46:659[cInfo        ] 

2016-08-24 10:01:46:659[Info         ] ShapeGenerator::ReadSceneFile(): Added new scene [..\Data\Scenes\Pyramid.pn.scene] successfully.
2016-08-24 10:01:46:665[cInfo        ] 
-----------------------------------------------------------------------
 BufferInfo::CreateBuffers()[0] Created buffers:| VERTEX [21] with [5529600] bytes. || INDEX [22] with [0] bytes |
-----------------------------------------------------------------------

2016-08-24 10:01:46:678[cInfo        ] --------BufferInfo::AddMesh() Added mesh successfully-------
2016-08-24 10:01:46:679[cInfo        ] 
2016-08-24 10:01:46:679[cInfo        ] --------------------| START BUFFER MESH INFO |-------------------------------------
2016-08-24 10:01:46:680[cInfo        ] BufferInfo::AddMesh(): NUM VERTS-----------------[172800]
2016-08-24 10:01:46:681[cInfo        ] BufferInfo::AddMesh(): NUM INDICES---------------[0]
2016-08-24 10:01:46:682[cInfo        ] BufferInfo::AddMesh(): VERT OFFSET---------------[0]
2016-08-24 10:01:46:683[cInfo        ] BufferInfo::AddMesh(): INDICES OFFSET (BYTES)----[0]
2016-08-24 10:01:46:685[cInfo        ] --------------------|  END BUFFER MESH INFO  |--------------------------------------
2016-08-24 10:01:46:686[cInfo        ] 

2016-08-24 10:01:46:687[Info         ] ShapeGenerator::ReadSceneFile(): Added new scene [..\Data\Scenes\WaterPlane.ptn.scene] successfully.
2016-08-24 10:01:46:688[cProcess     ] Camera::Initialize() successful.
2016-08-24 10:01:46:689[cInfo        ] --------BufferInfo::AddMesh() Added mesh successfully-------
2016-08-24 10:01:46:689[cInfo        ] 
2016-08-24 10:01:46:690[cInfo        ] --------------------| START BUFFER MESH INFO |-------------------------------------
2016-08-24 10:01:46:691[cInfo        ] BufferInfo::AddMesh(): NUM VERTS-----------------[3180]
2016-08-24 10:01:46:692[cInfo        ] BufferInfo::AddMesh(): NUM INDICES---------------[0]
2016-08-24 10:01:46:692[cInfo        ] BufferInfo::AddMesh(): VERT OFFSET---------------[36]
2016-08-24 10:01:46:693[cInfo        ] BufferInfo::AddMesh(): INDICES OFFSET (BYTES)----[0]
2016-08-24 10:01:46:694[cInfo        ] --------------------|  END BUFFER MESH INFO  |--------------------------------------
2016-08-24 10:01:46:695[cInfo        ] 

2016-08-24 10:01:46:696[Info         ] ShapeGenerator::ReadSceneFile(): Added new scene [..\Data\Scenes\Cat.pn.scene] successfully.
2016-08-24 10:01:46:696[cInfo        ] --------BufferInfo::AddMesh() Added mesh successfully-------
2016-08-24 10:01:46:697[cInfo        ] 
2016-08-24 10:01:46:697[cInfo        ] --------------------| START BUFFER MESH INFO |-------------------------------------
2016-08-24 10:01:46:698[cInfo        ] BufferInfo::AddMesh(): NUM VERTS-----------------[6]
2016-08-24 10:01:46:701[cInfo        ] BufferInfo::AddMesh(): NUM INDICES---------------[0]
2016-08-24 10:01:46:702[cInfo        ] BufferInfo::AddMesh(): VERT OFFSET---------------[54]
2016-08-24 10:01:46:703[cInfo        ] BufferInfo::AddMesh(): INDICES OFFSET (BYTES)----[0]
2016-08-24 10:01:46:704[cInfo        ] --------------------|  END BUFFER MESH INFO  |--------------------------------------
2016-08-24 10:01:46:705[cInfo        ] 

2016-08-24 10:01:46:705[cProcess     ] BodaciousQuest::Initialize() successful.
2016-08-24 10:01:46:706[Process      ] GameTime::Initialize() ok

2016-08-24 10:01:46:706[cProcess     ] MyWindow::Initialize() successful!
2016-08-24 10:02:36:369[cProcess     ] BufferManager::Shutdown() successful.
2016-08-24 10:02:36:370[cProcess     ] RenderEngine::Shutdown() successful.
2016-08-24 10:02:36:371[cProcess     ] Camera::Shutdown() successful.
2016-08-24 10:02:36:371[Info         ] Shader  [2] deleting...
2016-08-24 10:02:36:371[Info         ] Shader  [2] deleted successfully.
2016-08-24 10:02:36:371[Info         ] Shader  [3] deleting...
2016-08-24 10:02:36:371[Info         ] Shader  [3] deleted successfully.
2016-08-24 10:02:36:371[Info         ] All shaders deleted successfully.
2016-08-24 10:02:36:371[cInfo        ] Program [1] deleted successfully.
2016-08-24 10:02:36:372[Process      ] ShaderProgram[1]::Shutdown successful!
2016-08-24 10:02:36:373[Info         ] Shader  [5] deleting...
2016-08-24 10:02:36:373[Info         ] Shader  [5] deleted successfully.
2016-08-24 10:02:36:373[Info         ] Shader  [6] deleting...
2016-08-24 10:02:36:373[Info         ] Shader  [6] deleted successfully.
2016-08-24 10:02:36:373[Info         ] All shaders deleted successfully.
2016-08-24 10:02:36:373[cInfo        ] Program [4] deleted successfully.
2016-08-24 10:02:36:373[Process      ] ShaderProgram[4]::Shutdown successful!
2016-08-24 10:02:36:374[Info         ] Shader  [8] deleting...
2016-08-24 10:02:36:374[Info         ] Shader  [8] deleted successfully.
2016-08-24 10:02:36:374[Info         ] Shader  [9] deleting...
2016-08-24 10:02:36:374[Info         ] Shader  [9] deleted successfully.
2016-08-24 10:02:36:374[Info         ] All shaders deleted successfully.
2016-08-24 10:02:36:374[cInfo        ] Program [7] deleted successfully.
2016-08-24 10:02:36:375[Process      ] ShaderProgram[7]::Shutdown successful!
2016-08-24 10:02:36:375[Info         ] Shader  [11] deleting...
2016-08-24 10:02:36:375[Info         ] Shader  [11] deleted successfully.
2016-08-24 10:02:36:375[Info         ] Shader  [12] deleting...
2016-08-24 10:02:36:375[Info         ] Shader  [12] deleted successfully.
2016-08-24 10:02:36:375[Info         ] All shaders deleted successfully.
2016-08-24 10:02:36:375[cInfo        ] Program [10] deleted successfully.
2016-08-24 10:02:36:376[Process      ] ShaderProgram[10]::Shutdown successful!
2016-08-24 10:02:36:376[Info         ] Shader  [14] deleting...
2016-08-24 10:02:36:376[Info         ] Shader  [14] deleted successfully.
2016-08-24 10:02:36:376[Info         ] Shader  [15] deleting...
2016-08-24 10:02:36:376[Info         ] Shader  [15] deleted successfully.
2016-08-24 10:02:36:376[Info         ] All shaders deleted successfully.
2016-08-24 10:02:36:376[cInfo        ] Program [13] deleted successfully.
2016-08-24 10:02:36:377[Process      ] ShaderProgram[13]::Shutdown successful!
2016-08-24 10:02:36:377[Info         ] Shader  [17] deleting...
2016-08-24 10:02:36:377[Info         ] Shader  [17] deleted successfully.
2016-08-24 10:02:36:377[Info         ] Shader  [18] deleting...
2016-08-24 10:02:36:377[Info         ] Shader  [18] deleted successfully.
2016-08-24 10:02:36:377[Info         ] All shaders deleted successfully.
2016-08-24 10:02:36:377[cInfo        ] Program [16] deleted successfully.
2016-08-24 10:02:36:378[Process      ] ShaderProgram[16]::Shutdown successful!
2016-08-24 10:02:36:378[Info         ] Shader  [20] deleting...
2016-08-24 10:02:36:378[Info         ] Shader  [20] deleted successfully.
2016-08-24 10:02:36:378[Info         ] Shader  [21] deleting...
2016-08-24 10:02:36:378[Info         ] Shader  [21] deleted successfully.
2016-08-24 10:02:36:378[Info         ] All shaders deleted successfully.
2016-08-24 10:02:36:379[cInfo        ] Program [19] deleted successfully.
2016-08-24 10:02:36:379[Process      ] ShaderProgram[19]::Shutdown successful!
2016-08-24 10:02:36:379[cProcess     ] MyWindow::Shutdown() successful!
2016-08-24 10:02:36:380[cProcess     ] BodaciousQuest::Shutdown() successful.
2016-08-24 10:02:36:390[Process      ] ConfigReader shut down successfully
2016-08-24 10:02:36:390[Process      ] GameLogger::ShutDown() successful
