2016-08-22 13:57:01:718[Process      ] GameLogger::Initialize() opened log file [..\Data\LogFiles\2016-08-22 13-57-01.BodaciousQuest.log] for writing
2016-08-22 13:57:01:718[Info         ] GameLogger::Initialize() successful
2016-08-22 13:57:01:718[Process      ] ConfigReader opened [..\Data\BodaciousQuest.config] successfully
2016-08-22 13:57:01:718[Info         ] ConfigReader initialized successfully
2016-08-22 13:57:01:719[Info         ] Valid KVP [BodaciousQuest.ShowFullScreen] [false] added
2016-08-22 13:57:01:719[Info         ] Valid KVP [BodaciousQuest.FpsInterval] [5.0] added
2016-08-22 13:57:01:719[Info         ] Valid KVP [BodaciousQuest.EnableControls] [true] added
2016-08-22 13:57:01:719[Info         ] Valid KVP [BodaciousQuest.LoadCubeFirst] [true] added
2016-08-22 13:57:01:719[Info         ] Valid KVP [BodaciousQuest.CameraWalkMode] [false] added
2016-08-22 13:57:01:719[Info         ] Valid KVP [BodaciousQuest.GridSize] [40] added
2016-08-22 13:57:01:719[Info         ] Valid KVP [BodaciousQuest.LightingTest.Ambient.Color] [1.0  1.0  1.0] added
2016-08-22 13:57:01:719[Info         ] Valid KVP [BodaciousQuest.LightingTest.Diffuse.Color] [1.0  1.0  1.0] added
2016-08-22 13:57:01:719[Info         ] Valid KVP [BodaciousQuest.LightingTest.Specular.Color] [1.0  1.0  1.0] added
2016-08-22 13:57:01:719[Info         ] Valid KVP [BodaciousQuest.LightingTest.Ambient.Reflectivity] [0.01] added
2016-08-22 13:57:01:719[Info         ] Valid KVP [BodaciousQuest.LightingTest.Diffuse.Reflectivity] [0.7] added
2016-08-22 13:57:01:719[Info         ] Valid KVP [BodaciousQuest.LightingTest.Specular.Reflectivity] [0.5] added
2016-08-22 13:57:01:719[Info         ] Valid KVP [BodaciousQuest.LightingTest.Specular.Shininess] [1.50] added
2016-08-22 13:57:01:719[Info         ] Valid KVP [BodaciousQuest.LightingTest.Falloff.A] [1.0] added
2016-08-22 13:57:01:719[Info         ] Valid KVP [BodaciousQuest.LightingTest.Falloff.B] [0.001] added
2016-08-22 13:57:01:719[Info         ] Valid KVP [BodaciousQuest.LightingTest.Falloff.C] [0.0001] added
2016-08-22 13:57:01:719[Info         ] Valid KVP [BodaciousQuest.LightingTest.Directional] [false] added
2016-08-22 13:57:01:719[Info         ] Valid KVP [BodaciousQuest.LightingTest.Direction] [-1.0 0.0 1.0] added
2016-08-22 13:57:01:719[Info         ] Valid KVP [BodaciousQuest.LightingTest.Light.Position] [-0.875458 3.673020 1.043331] added
2016-08-22 13:57:01:719[Info         ] Valid KVP [BodaciousQuest.LightingTest.Dargon.Color] [1.0 1.0 0.4] added
2016-08-22 13:57:01:719[Info         ] Valid KVP [ObjConverter.Mode.VertexType] [pn] added
2016-08-22 13:57:01:719[Info         ] Valid KVP [ObjConverter.Mode.Analyze] [false] added
2016-08-22 13:57:01:719[Info         ] Valid KVP [ObjConverter.Model] [Cat] added
2016-08-22 13:57:01:719[Info         ] Valid KVP [ObjConverter.Shader] [4] added
2016-08-22 13:57:01:719[Info         ] Valid KVP [ObjConverter.Color] [random] added
2016-08-22 13:57:01:719[Info         ] Valid KVP [ObjConverter.Obj.InputFileFolder] [..\\Data\\Objs\\] added
2016-08-22 13:57:01:719[Info         ] Valid KVP [ObjConverter.Scene.OutputFileFolder] [..\\Data\\Scenes\\] added
2016-08-22 13:57:01:719[Info         ] Valid KVP [ObjConverter.Model.Dargon.NumVerts] [57967] added
2016-08-22 13:57:01:719[Info         ] Valid KVP [ObjConverter.Model.Dargon.NumIndices] [337824] added
2016-08-22 13:57:01:719[Info         ] Valid KVP [ObjConverter.Model.Dargon.NumTexCoords] [60175] added
2016-08-22 13:57:01:719[Info         ] Valid KVP [ObjConverter.Model.Dargon.NumNormals] [337824] added
2016-08-22 13:57:01:719[Info         ] Valid KVP [ObjConverter.Model.Swamp.NumVerts] [2735] added
2016-08-22 13:57:01:719[Info         ] Valid KVP [ObjConverter.Model.Swamp.NumIndices] [8556] added
2016-08-22 13:57:01:719[Info         ] Valid KVP [ObjConverter.Model.Swamp.NumTexCoords] [3622] added
2016-08-22 13:57:01:719[Info         ] Valid KVP [ObjConverter.Model.Swamp.NumNormals] [5156] added
2016-08-22 13:57:01:719[Info         ] Valid KVP [ObjConverter.Model.Pyramid.NumVerts] [5] added
2016-08-22 13:57:01:719[Info         ] Valid KVP [ObjConverter.Model.Pyramid.NumIndices] [18] added
2016-08-22 13:57:01:719[Info         ] Valid KVP [ObjConverter.Model.Pyramid.NumTexCoords] [10] added
2016-08-22 13:57:01:719[Info         ] Valid KVP [ObjConverter.Model.Pyramid.NumNormals] [16] added
2016-08-22 13:57:01:719[Info         ] Valid KVP [ObjConverter.Model.AIWorld.NumVerts] [1957] added
2016-08-22 13:57:01:719[Info         ] Valid KVP [ObjConverter.Model.AIWorld.NumIndices] [8718] added
2016-08-22 13:57:01:719[Info         ] Valid KVP [ObjConverter.Model.AIWorld.NumTexCoords] [4186] added
2016-08-22 13:57:01:719[Info         ] Valid KVP [ObjConverter.Model.AIWorld.NumNormals] [5418] added
2016-08-22 13:57:01:720[Info         ] Valid KVP [ObjConverter.Model.GameWeapon.NumVerts] [2068] added
2016-08-22 13:57:01:720[Info         ] Valid KVP [ObjConverter.Model.GameWeapon.NumIndices] [9894] added
2016-08-22 13:57:01:720[Info         ] Valid KVP [ObjConverter.Model.GameWeapon.NumTexCoords] [0] added
2016-08-22 13:57:01:720[Info         ] Valid KVP [ObjConverter.Model.GameWeapon.NumNormals] [0] added
2016-08-22 13:57:01:720[Info         ] Valid KVP [ObjConverter.Model.Chicken.NumVerts] [224] added
2016-08-22 13:57:01:720[Info         ] Valid KVP [ObjConverter.Model.Chicken.NumIndices] [1374] added
2016-08-22 13:57:01:720[Info         ] Valid KVP [ObjConverter.Model.Chicken.NumTexCoords] [472] added
2016-08-22 13:57:01:720[Info         ] Valid KVP [ObjConverter.Model.Chicken.NumNormals] [565] added
2016-08-22 13:57:01:720[Info         ] Valid KVP [ObjConverter.Model.WaterPlane.NumVerts] [29282] added
2016-08-22 13:57:01:720[Info         ] Valid KVP [ObjConverter.Model.WaterPlane.NumIndices] [172800] added
2016-08-22 13:57:01:720[Info         ] Valid KVP [ObjConverter.Model.WaterPlane.NumTexCoords] [29282] added
2016-08-22 13:57:01:720[Info         ] Valid KVP [ObjConverter.Model.WaterPlane.NumNormals] [172800] added
2016-08-22 13:57:01:720[Info         ] Valid KVP [ObjConverter.Model.Cube.NumVerts] [8] added
2016-08-22 13:57:01:720[Info         ] Valid KVP [ObjConverter.Model.Cube.NumIndices] [36] added
2016-08-22 13:57:01:720[Info         ] Valid KVP [ObjConverter.Model.Cube.NumTexCoords] [14] added
2016-08-22 13:57:01:720[Info         ] Valid KVP [ObjConverter.Model.Cube.NumNormals] [24] added
2016-08-22 13:57:01:720[Info         ] Valid KVP [ObjConverter.Model.Barrel.NumVerts] [172] added
2016-08-22 13:57:01:720[Info         ] Valid KVP [ObjConverter.Model.Barrel.NumIndices] [1008] added
2016-08-22 13:57:01:720[Info         ] Valid KVP [ObjConverter.Model.Barrel.NumTexCoords] [328] added
2016-08-22 13:57:01:720[Info         ] Valid KVP [ObjConverter.Model.Barrel.NumNormals] [204] added
2016-08-22 13:57:01:720[Info         ] Valid KVP [ObjConverter.Model.SkyBox.NumVerts] [8] added
2016-08-22 13:57:01:720[Info         ] Valid KVP [ObjConverter.Model.SkyBox.NumIndices] [36] added
2016-08-22 13:57:01:720[Info         ] Valid KVP [ObjConverter.Model.SkyBox.NumTexCoords] [18] added
2016-08-22 13:57:01:720[Info         ] Valid KVP [ObjConverter.Model.SkyBox.NumNormals] [24] added
2016-08-22 13:57:01:720[Info         ] Valid KVP [ObjConverter.Model.Cat.NumVerts] [548] added
2016-08-22 13:57:01:720[Info         ] Valid KVP [ObjConverter.Model.Cat.NumIndices] [3180] added
2016-08-22 13:57:01:720[Info         ] Valid KVP [ObjConverter.Model.Cat.NumTexCoords] [771] added
2016-08-22 13:57:01:720[Info         ] Valid KVP [ObjConverter.Model.Cat.NumNormals] [714] added
2016-08-22 13:57:01:789[cInfo        ] Config reader opened [..\Data\BodaciousQuest.config] for reading!
2016-08-22 13:57:01:849[Process      ] ShaderManager Initialized successfully
2016-08-22 13:57:01:849[Info         ] Shader Init started
2016-08-22 13:57:01:849[Info         ] Shader Program created.
2016-08-22 13:57:01:849[Process      ] ShaderProgram::Initialize()[1] successful!
2016-08-22 13:57:01:849[Debug        ] File [..\Data\shaders\debug.vert.shader] Opened successfully! Buffer Length:[291]
2016-08-22 13:57:01:849[Debug        ] Shader file [..\Data\shaders\debug.vert.shader] contents:
//BEGIN
#version 430 core

layout(location = 0)  in vec3 vPosition;

layout(location = 15) uniform vec3 colorin;
layout(location = 16) uniform mat4 MAT;

out vec4 color;

void main()
{
	vec4 vertPos = vec4(vPosition, 1.0);
	gl_Position = MAT *  vertPos;
	color = vec4(colorin, 1.0);
}
//END

2016-08-22 13:57:01:849[Debug        ]  ShaderProgram::AddShader() file with data was read in
2016-08-22 13:57:01:849[Debug        ] ShaderProgram::AddShader() : glShaderSource() successful
2016-08-22 13:57:01:850[Debug        ] ShaderProgram::AddShader() : glCompileShader() successful
2016-08-22 13:57:01:850[Info         ] ShaderProgram::CheckShaderCompileStatus(2) successful.
2016-08-22 13:57:01:850[Debug        ] ShaderProgram::AddShader() : glCompileShader() successful
2016-08-22 13:57:01:850[Info         ] ShaderInfo saved successfully.
2016-08-22 13:57:01:850[Debug        ] ShaderProgram::AddShader() : glAttachShader() successful
2016-08-22 13:57:01:850[Info         ] ShaderProgram::AddShader [2] successful.
2016-08-22 13:57:01:850[Debug        ] File [..\Data\shaders\debug.frag.shader] Opened successfully! Buffer Length:[104]
2016-08-22 13:57:01:850[Debug        ] Shader file [..\Data\shaders\debug.frag.shader] contents:
//BEGIN
#version 430 core


in  vec4 color;
out vec4 outColor;

void main()
{
	outColor = color;
}


//END

2016-08-22 13:57:01:850[Debug        ]  ShaderProgram::AddShader() file with data was read in
2016-08-22 13:57:01:850[Debug        ] ShaderProgram::AddShader() : glShaderSource() successful
2016-08-22 13:57:01:850[Debug        ] ShaderProgram::AddShader() : glCompileShader() successful
2016-08-22 13:57:01:850[Info         ] ShaderProgram::CheckShaderCompileStatus(3) successful.
2016-08-22 13:57:01:850[Debug        ] ShaderProgram::AddShader() : glCompileShader() successful
2016-08-22 13:57:01:850[Info         ] ShaderInfo saved successfully.
2016-08-22 13:57:01:850[Debug        ] ShaderProgram::AddShader() : glAttachShader() successful
2016-08-22 13:57:01:850[Info         ] ShaderProgram::AddShader [3] successful.
2016-08-22 13:57:01:851[Info         ] CheckProgramStatus() successful!
2016-08-22 13:57:01:851[Info         ] CheckProgramStatus() successful!
2016-08-22 13:57:01:851[Info         ] Shader Init started
2016-08-22 13:57:01:851[Info         ] Shader Program created.
2016-08-22 13:57:01:851[Process      ] ShaderProgram::Initialize()[4] successful!
2016-08-22 13:57:01:851[Debug        ] File [..\Data\shaders\play.vert.shader] Opened successfully! Buffer Length:[343]
2016-08-22 13:57:01:851[Debug        ] Shader file [..\Data\shaders\play.vert.shader] contents:
//BEGIN
#version 430 core

layout (location = 0)  in vec3 vPosition;
layout (location = 1)  in vec3 vColor;
layout (location = 15) uniform vec3 colorin;
layout (location = 16) uniform mat4 MAT;

out vec4 color;

void main()
{
	vec4 vertPos = vec4(vPosition, 1.0);
	gl_Position = MAT *  vertPos;
	color = vec4((vColor + colorin), 1.0);
}
//END

2016-08-22 13:57:01:851[Debug        ]  ShaderProgram::AddShader() file with data was read in
2016-08-22 13:57:01:851[Debug        ] ShaderProgram::AddShader() : glShaderSource() successful
2016-08-22 13:57:01:852[Debug        ] ShaderProgram::AddShader() : glCompileShader() successful
2016-08-22 13:57:01:852[Info         ] ShaderProgram::CheckShaderCompileStatus(5) successful.
2016-08-22 13:57:01:852[Debug        ] ShaderProgram::AddShader() : glCompileShader() successful
2016-08-22 13:57:01:852[Info         ] ShaderInfo saved successfully.
2016-08-22 13:57:01:852[Debug        ] ShaderProgram::AddShader() : glAttachShader() successful
2016-08-22 13:57:01:852[Info         ] ShaderProgram::AddShader [5] successful.
2016-08-22 13:57:01:852[Debug        ] File [..\Data\shaders\play.frag.shader] Opened successfully! Buffer Length:[391]
2016-08-22 13:57:01:852[Debug        ] Shader file [..\Data\shaders\play.frag.shader] contents:
//BEGIN
#version 430 core


in  vec4 color;
out vec4 outColor;

void main()
{

	//if (color.r < .7) discard;
	outColor = color;

	//if(((gl_FragCoord.x  > 600)&& (gl_FragCoord.y < 300)) || ((gl_FragCoord.y < 300)  && (gl_FragCoord.x  < 600) )) {
	//discard;
	//}

	//vec2 scrPos = vec2(gl_FragCoord) - vec2(350,150);
	//float len =  length(scrPos);
	//if(len < 50 )discard;
}


//END

2016-08-22 13:57:01:852[Debug        ]  ShaderProgram::AddShader() file with data was read in
2016-08-22 13:57:01:852[Debug        ] ShaderProgram::AddShader() : glShaderSource() successful
2016-08-22 13:57:01:852[Debug        ] ShaderProgram::AddShader() : glCompileShader() successful
2016-08-22 13:57:01:852[Info         ] ShaderProgram::CheckShaderCompileStatus(6) successful.
2016-08-22 13:57:01:852[Debug        ] ShaderProgram::AddShader() : glCompileShader() successful
2016-08-22 13:57:01:852[Info         ] ShaderInfo saved successfully.
2016-08-22 13:57:01:852[Debug        ] ShaderProgram::AddShader() : glAttachShader() successful
2016-08-22 13:57:01:852[Info         ] ShaderProgram::AddShader [6] successful.
2016-08-22 13:57:01:853[Info         ] CheckProgramStatus() successful!
2016-08-22 13:57:01:853[Info         ] CheckProgramStatus() successful!
2016-08-22 13:57:01:853[Info         ] Shader Init started
2016-08-22 13:57:01:853[Info         ] Shader Program created.
2016-08-22 13:57:01:853[Process      ] ShaderProgram::Initialize()[7] successful!
2016-08-22 13:57:01:853[Debug        ] File [..\Data\shaders\texture.vert.shader] Opened successfully! Buffer Length:[305]
2016-08-22 13:57:01:853[Debug        ] Shader file [..\Data\shaders\texture.vert.shader] contents:
//BEGIN
#version 430 core

layout (location = 0)  in vec3 vPosition;
layout (location = 1)  in vec2 vUV;

layout (location = 16) uniform mat4 MAT;

//out data
out vec2 UV;

//out vec4 color;

void main()
{
	vec4 vertPos = vec4(vPosition, 1.0);
	gl_Position = MAT *  vertPos;

	UV = vUV;
	
	
}
//END

2016-08-22 13:57:01:853[Debug        ]  ShaderProgram::AddShader() file with data was read in
2016-08-22 13:57:01:853[Debug        ] ShaderProgram::AddShader() : glShaderSource() successful
2016-08-22 13:57:01:853[Debug        ] ShaderProgram::AddShader() : glCompileShader() successful
2016-08-22 13:57:01:853[Info         ] ShaderProgram::CheckShaderCompileStatus(8) successful.
2016-08-22 13:57:01:853[Debug        ] ShaderProgram::AddShader() : glCompileShader() successful
2016-08-22 13:57:01:853[Info         ] ShaderInfo saved successfully.
2016-08-22 13:57:01:853[Debug        ] ShaderProgram::AddShader() : glAttachShader() successful
2016-08-22 13:57:01:853[Info         ] ShaderProgram::AddShader [8] successful.
2016-08-22 13:57:01:853[Debug        ] File [..\Data\shaders\texture.frag.shader] Opened successfully! Buffer Length:[482]
2016-08-22 13:57:01:853[Debug        ] Shader file [..\Data\shaders\texture.frag.shader] contents:
//BEGIN
#version 430 core


in  vec2 UV;
out vec4 outColor;

layout(location = 20) uniform sampler2D textureSampler;

void main()
{

	//if (color.r < .7) discard;
	outColor = vec4(texture(textureSampler, UV).rgb, 1.0);

	//if(((gl_FragCoord.x  > 600)&& (gl_FragCoord.y < 300)) || ((gl_FragCoord.y < 300)  && (gl_FragCoord.x  < 600) )) {
	//discard;
	//}
	//vec2 scrPos = vec2(gl_FragCoord) - vec2(350,150);
	//float len =  length(scrPos);
	//if(len < 50 )discard;
}


//END

2016-08-22 13:57:01:853[Debug        ]  ShaderProgram::AddShader() file with data was read in
2016-08-22 13:57:01:853[Debug        ] ShaderProgram::AddShader() : glShaderSource() successful
2016-08-22 13:57:01:854[Debug        ] ShaderProgram::AddShader() : glCompileShader() successful
2016-08-22 13:57:01:854[Info         ] ShaderProgram::CheckShaderCompileStatus(9) successful.
2016-08-22 13:57:01:854[Debug        ] ShaderProgram::AddShader() : glCompileShader() successful
2016-08-22 13:57:01:854[Info         ] ShaderInfo saved successfully.
2016-08-22 13:57:01:854[Debug        ] ShaderProgram::AddShader() : glAttachShader() successful
2016-08-22 13:57:01:854[Info         ] ShaderProgram::AddShader [9] successful.
2016-08-22 13:57:01:855[Info         ] CheckProgramStatus() successful!
2016-08-22 13:57:01:855[Info         ] CheckProgramStatus() successful!
2016-08-22 13:57:01:855[Info         ] Shader Init started
2016-08-22 13:57:01:855[Info         ] Shader Program created.
2016-08-22 13:57:01:855[Process      ] ShaderProgram::Initialize()[10] successful!
2016-08-22 13:57:01:855[Debug        ] File [..\Data\shaders\framebuffer.vert.shader] Opened successfully! Buffer Length:[305]
2016-08-22 13:57:01:855[Debug        ] Shader file [..\Data\shaders\framebuffer.vert.shader] contents:
//BEGIN
#version 430 core

layout (location = 0)  in vec3 vPosition;
layout (location = 1)  in vec2 vUV;

layout (location = 16) uniform mat4 MAT;

//out data
out vec2 UV;

//out vec4 color;

void main()
{
	vec4 vertPos = vec4(vPosition, 1.0);
	gl_Position = MAT *  vertPos;

	UV = vUV;
	
	
}
//END

2016-08-22 13:57:01:855[Debug        ]  ShaderProgram::AddShader() file with data was read in
2016-08-22 13:57:01:855[Debug        ] ShaderProgram::AddShader() : glShaderSource() successful
2016-08-22 13:57:01:855[Debug        ] ShaderProgram::AddShader() : glCompileShader() successful
2016-08-22 13:57:01:855[Info         ] ShaderProgram::CheckShaderCompileStatus(11) successful.
2016-08-22 13:57:01:855[Debug        ] ShaderProgram::AddShader() : glCompileShader() successful
2016-08-22 13:57:01:855[Info         ] ShaderInfo saved successfully.
2016-08-22 13:57:01:855[Debug        ] ShaderProgram::AddShader() : glAttachShader() successful
2016-08-22 13:57:01:855[Info         ] ShaderProgram::AddShader [11] successful.
2016-08-22 13:57:01:856[Debug        ] File [..\Data\shaders\framebuffer.frag.shader] Opened successfully! Buffer Length:[275]
2016-08-22 13:57:01:856[Debug        ] Shader file [..\Data\shaders\framebuffer.frag.shader] contents:
//BEGIN
#version 430 core


in  vec2 UV;
out vec4 outColor;

layout(location = 20) uniform sampler2D textureSampler;

void main()
{


	vec3 tempCol = texture(textureSampler, UV).rgb;

	outColor = vec4(tempCol.r / 1.5f, tempCol.g / 1.5f, tempCol.b / 1.5f, 1.0f);
}


//END

2016-08-22 13:57:01:856[Debug        ]  ShaderProgram::AddShader() file with data was read in
2016-08-22 13:57:01:856[Debug        ] ShaderProgram::AddShader() : glShaderSource() successful
2016-08-22 13:57:01:856[Debug        ] ShaderProgram::AddShader() : glCompileShader() successful
2016-08-22 13:57:01:856[Info         ] ShaderProgram::CheckShaderCompileStatus(12) successful.
2016-08-22 13:57:01:856[Debug        ] ShaderProgram::AddShader() : glCompileShader() successful
2016-08-22 13:57:01:856[Info         ] ShaderInfo saved successfully.
2016-08-22 13:57:01:856[Debug        ] ShaderProgram::AddShader() : glAttachShader() successful
2016-08-22 13:57:01:856[Info         ] ShaderProgram::AddShader [12] successful.
2016-08-22 13:57:01:857[Info         ] CheckProgramStatus() successful!
2016-08-22 13:57:01:857[Info         ] CheckProgramStatus() successful!
2016-08-22 13:57:01:857[Info         ] Shader Init started
2016-08-22 13:57:01:857[Info         ] Shader Program created.
2016-08-22 13:57:01:857[Process      ] ShaderProgram::Initialize()[13] successful!
2016-08-22 13:57:01:857[Debug        ] File [..\Data\shaders\lighting.vert.shader] Opened successfully! Buffer Length:[1145]
2016-08-22 13:57:01:857[cDebug       ] Shader file [..\Data\shaders\lighting.vert.shader] is too big to display contents.
2016-08-22 13:57:01:860[Debug        ]  ShaderProgram::AddShader() file with data was read in
2016-08-22 13:57:01:860[Debug        ] ShaderProgram::AddShader() : glShaderSource() successful
2016-08-22 13:57:01:860[Debug        ] ShaderProgram::AddShader() : glCompileShader() successful
2016-08-22 13:57:01:860[Info         ] ShaderProgram::CheckShaderCompileStatus(14) successful.
2016-08-22 13:57:01:860[Debug        ] ShaderProgram::AddShader() : glCompileShader() successful
2016-08-22 13:57:01:860[Info         ] ShaderInfo saved successfully.
2016-08-22 13:57:01:860[Debug        ] ShaderProgram::AddShader() : glAttachShader() successful
2016-08-22 13:57:01:860[Info         ] ShaderProgram::AddShader [14] successful.
2016-08-22 13:57:01:860[Debug        ] File [..\Data\shaders\lighting.frag.shader] Opened successfully! Buffer Length:[1743]
2016-08-22 13:57:01:861[cDebug       ] Shader file [..\Data\shaders\lighting.frag.shader] is too big to display contents.
2016-08-22 13:57:01:862[Debug        ]  ShaderProgram::AddShader() file with data was read in
2016-08-22 13:57:01:862[Debug        ] ShaderProgram::AddShader() : glShaderSource() successful
2016-08-22 13:57:01:863[Debug        ] ShaderProgram::AddShader() : glCompileShader() successful
2016-08-22 13:57:01:863[Info         ] ShaderProgram::CheckShaderCompileStatus(15) successful.
2016-08-22 13:57:01:864[Debug        ] ShaderProgram::AddShader() : glCompileShader() successful
2016-08-22 13:57:01:864[Info         ] ShaderInfo saved successfully.
2016-08-22 13:57:01:864[Debug        ] ShaderProgram::AddShader() : glAttachShader() successful
2016-08-22 13:57:01:864[Info         ] ShaderProgram::AddShader [15] successful.
2016-08-22 13:57:01:866[Info         ] CheckProgramStatus() successful!
2016-08-22 13:57:01:867[Info         ] CheckProgramStatus() successful!
2016-08-22 13:57:01:867[Info         ] Shader Init started
2016-08-22 13:57:01:867[Info         ] Shader Program created.
2016-08-22 13:57:01:867[Process      ] ShaderProgram::Initialize()[16] successful!
2016-08-22 13:57:01:867[Debug        ] File [..\Data\shaders\texlighting.vert.shader] Opened successfully! Buffer Length:[1110]
2016-08-22 13:57:01:867[cDebug       ] Shader file [..\Data\shaders\texlighting.vert.shader] is too big to display contents.
2016-08-22 13:57:01:868[Debug        ]  ShaderProgram::AddShader() file with data was read in
2016-08-22 13:57:01:868[Debug        ] ShaderProgram::AddShader() : glShaderSource() successful
2016-08-22 13:57:01:869[Debug        ] ShaderProgram::AddShader() : glCompileShader() successful
2016-08-22 13:57:01:869[Info         ] ShaderProgram::CheckShaderCompileStatus(17) successful.
2016-08-22 13:57:01:869[Debug        ] ShaderProgram::AddShader() : glCompileShader() successful
2016-08-22 13:57:01:869[Info         ] ShaderInfo saved successfully.
2016-08-22 13:57:01:869[Debug        ] ShaderProgram::AddShader() : glAttachShader() successful
2016-08-22 13:57:01:869[Info         ] ShaderProgram::AddShader [17] successful.
2016-08-22 13:57:01:869[Debug        ] File [..\Data\shaders\texlighting.frag.shader] Opened successfully! Buffer Length:[1717]
2016-08-22 13:57:01:869[cDebug       ] Shader file [..\Data\shaders\texlighting.frag.shader] is too big to display contents.
2016-08-22 13:57:01:871[Debug        ]  ShaderProgram::AddShader() file with data was read in
2016-08-22 13:57:01:871[Debug        ] ShaderProgram::AddShader() : glShaderSource() successful
2016-08-22 13:57:01:871[Debug        ] ShaderProgram::AddShader() : glCompileShader() successful
2016-08-22 13:57:01:871[Info         ] ShaderProgram::CheckShaderCompileStatus(18) successful.
2016-08-22 13:57:01:871[Debug        ] ShaderProgram::AddShader() : glCompileShader() successful
2016-08-22 13:57:01:871[Info         ] ShaderInfo saved successfully.
2016-08-22 13:57:01:871[Debug        ] ShaderProgram::AddShader() : glAttachShader() successful
2016-08-22 13:57:01:871[Info         ] ShaderProgram::AddShader [18] successful.
2016-08-22 13:57:01:874[Info         ] CheckProgramStatus() successful!
2016-08-22 13:57:01:874[Info         ] CheckProgramStatus() successful!
2016-08-22 13:57:01:874[Info         ] Shader Init started
2016-08-22 13:57:01:874[Info         ] Shader Program created.
2016-08-22 13:57:01:874[Process      ] ShaderProgram::Initialize()[19] successful!
2016-08-22 13:57:01:874[Debug        ] File [..\Data\shaders\water.vert.shader] Opened successfully! Buffer Length:[1400]
2016-08-22 13:57:01:874[cDebug       ] Shader file [..\Data\shaders\water.vert.shader] is too big to display contents.
2016-08-22 13:57:01:876[Debug        ]  ShaderProgram::AddShader() file with data was read in
2016-08-22 13:57:01:876[Debug        ] ShaderProgram::AddShader() : glShaderSource() successful
2016-08-22 13:57:01:876[Debug        ] ShaderProgram::AddShader() : glCompileShader() successful
2016-08-22 13:57:01:876[Info         ] ShaderProgram::CheckShaderCompileStatus(20) successful.
2016-08-22 13:57:01:876[Debug        ] ShaderProgram::AddShader() : glCompileShader() successful
2016-08-22 13:57:01:876[Info         ] ShaderInfo saved successfully.
2016-08-22 13:57:01:876[Debug        ] ShaderProgram::AddShader() : glAttachShader() successful
2016-08-22 13:57:01:876[Info         ] ShaderProgram::AddShader [20] successful.
2016-08-22 13:57:01:876[Debug        ] File [..\Data\shaders\water.frag.shader] Opened successfully! Buffer Length:[2455]
2016-08-22 13:57:01:877[cDebug       ] Shader file [..\Data\shaders\water.frag.shader] is too big to display contents.
2016-08-22 13:57:01:880[Debug        ]  ShaderProgram::AddShader() file with data was read in
2016-08-22 13:57:01:880[Debug        ] ShaderProgram::AddShader() : glShaderSource() successful
2016-08-22 13:57:01:880[Debug        ] ShaderProgram::AddShader() : glCompileShader() successful
2016-08-22 13:57:01:880[Info         ] ShaderProgram::CheckShaderCompileStatus(21) successful.
2016-08-22 13:57:01:880[Debug        ] ShaderProgram::AddShader() : glCompileShader() successful
2016-08-22 13:57:01:880[Info         ] ShaderInfo saved successfully.
2016-08-22 13:57:01:880[Debug        ] ShaderProgram::AddShader() : glAttachShader() successful
2016-08-22 13:57:01:880[Info         ] ShaderProgram::AddShader [21] successful.
2016-08-22 13:57:01:882[Info         ] CheckProgramStatus() successful!
2016-08-22 13:57:01:882[Info         ] CheckProgramStatus() successful!
2016-08-22 13:57:01:883[Info         ] GetAttribLocation [vPosition] successful.
2016-08-22 13:57:01:883[Info         ] GetUniformLocation [colorin] successful.
2016-08-22 13:57:01:883[Info         ] GetUniformLocation [MAT] successful.
2016-08-22 13:57:01:883[cProcess     ] RenderEngine::Initialize() successful.
2016-08-22 13:57:01:884[cInfo        ] 
-----------------------------------------------------------------------
 BufferInfo::CreateBuffers()[0] Created buffers:| VERTEX [1] with [80] bytes. || INDEX [2] with [24] bytes |
-----------------------------------------------------------------------

2016-08-22 13:57:01:889[cInfo        ] --------BufferInfo::AddMesh() Added mesh successfully-------
2016-08-22 13:57:01:890[cInfo        ] 
2016-08-22 13:57:01:891[cInfo        ] --------------------| START BUFFER MESH INFO |-------------------------------------
2016-08-22 13:57:01:894[cInfo        ] BufferInfo::AddMesh(): NUM VERTS-----------------[4]
2016-08-22 13:57:01:897[cInfo        ] BufferInfo::AddMesh(): NUM INDICES---------------[6]
2016-08-22 13:57:01:897[cInfo        ] BufferInfo::AddMesh(): VERT OFFSET---------------[0]
2016-08-22 13:57:01:898[cInfo        ] BufferInfo::AddMesh(): INDICES OFFSET (BYTES)----[0]
2016-08-22 13:57:01:899[cInfo        ] --------------------|  END BUFFER MESH INFO  |--------------------------------------
2016-08-22 13:57:01:900[cInfo        ] 

2016-08-22 13:57:01:901[cInfo        ] 
-----------------------------------------------------------------------
 BufferInfo::CreateBuffers()[0] Created buffers:| VERTEX [3] with [96] bytes. || INDEX [4] with [48] bytes |
-----------------------------------------------------------------------

2016-08-22 13:57:01:905[cInfo        ] --------BufferInfo::AddMesh() Added mesh successfully-------
2016-08-22 13:57:01:905[cInfo        ] 
2016-08-22 13:57:01:906[cInfo        ] --------------------| START BUFFER MESH INFO |-------------------------------------
2016-08-22 13:57:01:907[cInfo        ] BufferInfo::AddMesh(): NUM VERTS-----------------[8]
2016-08-22 13:57:01:909[cInfo        ] BufferInfo::AddMesh(): NUM INDICES---------------[24]
2016-08-22 13:57:01:911[cInfo        ] BufferInfo::AddMesh(): VERT OFFSET---------------[0]
2016-08-22 13:57:01:912[cInfo        ] BufferInfo::AddMesh(): INDICES OFFSET (BYTES)----[0]
2016-08-22 13:57:01:913[cInfo        ] --------------------|  END BUFFER MESH INFO  |--------------------------------------
2016-08-22 13:57:01:914[cInfo        ] 

2016-08-22 13:57:01:915[cInfo        ] 
-----------------------------------------------------------------------
 BufferInfo::CreateBuffers()[0] Created buffers:| VERTEX [5] with [864] bytes. || INDEX [6] with [0] bytes |
-----------------------------------------------------------------------

2016-08-22 13:57:01:918[cInfo        ] --------BufferInfo::AddMesh() Added mesh successfully-------
2016-08-22 13:57:01:919[cInfo        ] 
2016-08-22 13:57:01:919[cInfo        ] --------------------| START BUFFER MESH INFO |-------------------------------------
2016-08-22 13:57:01:920[cInfo        ] BufferInfo::AddMesh(): NUM VERTS-----------------[36]
2016-08-22 13:57:01:921[cInfo        ] BufferInfo::AddMesh(): NUM INDICES---------------[0]
2016-08-22 13:57:01:922[cInfo        ] BufferInfo::AddMesh(): VERT OFFSET---------------[0]
2016-08-22 13:57:01:924[cInfo        ] BufferInfo::AddMesh(): INDICES OFFSET (BYTES)----[0]
2016-08-22 13:57:01:925[cInfo        ] --------------------|  END BUFFER MESH INFO  |--------------------------------------
2016-08-22 13:57:01:927[cInfo        ] 

2016-08-22 13:57:01:928[cInfo        ] 
-----------------------------------------------------------------------
 BufferInfo::CreateBuffers()[0] Created buffers:| VERTEX [7] with [144] bytes. || INDEX [8] with [0] bytes |
-----------------------------------------------------------------------

2016-08-22 13:57:01:931[cInfo        ] --------BufferInfo::AddMesh() Added mesh successfully-------
2016-08-22 13:57:01:932[cInfo        ] 
2016-08-22 13:57:01:932[cInfo        ] --------------------| START BUFFER MESH INFO |-------------------------------------
2016-08-22 13:57:01:934[cInfo        ] BufferInfo::AddMesh(): NUM VERTS-----------------[6]
2016-08-22 13:57:01:934[cInfo        ] BufferInfo::AddMesh(): NUM INDICES---------------[0]
2016-08-22 13:57:01:935[cInfo        ] BufferInfo::AddMesh(): VERT OFFSET---------------[0]
2016-08-22 13:57:01:936[cInfo        ] BufferInfo::AddMesh(): INDICES OFFSET (BYTES)----[0]
2016-08-22 13:57:01:937[cInfo        ] --------------------|  END BUFFER MESH INFO  |--------------------------------------
2016-08-22 13:57:01:938[cInfo        ] 

2016-08-22 13:57:01:938[Process      ] BufferInfo::Initialize() successful.
2016-08-22 13:57:01:938[cInfo        ] 
-----------------------------------------------------------------------
 BufferInfo::CreateBuffers()[0] Created buffers:| VERTEX [9] with [1000000] bytes. || INDEX [10] with [1000000] bytes |
-----------------------------------------------------------------------

2016-08-22 13:57:01:944[cInfo        ] --------BufferInfo::AddMesh() Added mesh successfully-------
2016-08-22 13:57:01:945[cInfo        ] 
2016-08-22 13:57:01:945[cInfo        ] --------------------| START BUFFER MESH INFO |-------------------------------------
2016-08-22 13:57:01:947[cInfo        ] BufferInfo::AddMesh(): NUM VERTS-----------------[24]
2016-08-22 13:57:01:947[cInfo        ] BufferInfo::AddMesh(): NUM INDICES---------------[36]
2016-08-22 13:57:01:948[cInfo        ] BufferInfo::AddMesh(): VERT OFFSET---------------[0]
2016-08-22 13:57:01:949[cInfo        ] BufferInfo::AddMesh(): INDICES OFFSET (BYTES)----[0]
2016-08-22 13:57:01:950[cInfo        ] --------------------|  END BUFFER MESH INFO  |--------------------------------------
2016-08-22 13:57:01:951[cInfo        ] 

2016-08-22 13:57:01:953[Process      ] BufferInfo::Initialize() successful.
2016-08-22 13:57:01:953[cInfo        ] 
-----------------------------------------------------------------------
 BufferInfo::CreateBuffers()[1] Created buffers:| VERTEX [11] with [1000000] bytes. || INDEX [12] with [1000000] bytes |
-----------------------------------------------------------------------

2016-08-22 13:57:01:960[cInfo        ] --------BufferInfo::AddMesh() Added mesh successfully-------
2016-08-22 13:57:01:962[cInfo        ] 
2016-08-22 13:57:01:962[cInfo        ] --------------------| START BUFFER MESH INFO |-------------------------------------
2016-08-22 13:57:01:964[cInfo        ] BufferInfo::AddMesh(): NUM VERTS-----------------[1536]
2016-08-22 13:57:01:965[cInfo        ] BufferInfo::AddMesh(): NUM INDICES---------------[3072]
2016-08-22 13:57:01:967[cInfo        ] BufferInfo::AddMesh(): VERT OFFSET---------------[0]
2016-08-22 13:57:01:969[cInfo        ] BufferInfo::AddMesh(): INDICES OFFSET (BYTES)----[0]
2016-08-22 13:57:01:970[cInfo        ] --------------------|  END BUFFER MESH INFO  |--------------------------------------
2016-08-22 13:57:01:972[cInfo        ] 

2016-08-22 13:57:01:973[cInfo        ] 
-----------------------------------------------------------------------
 BufferInfo::CreateBuffers()[0] Created buffers:| VERTEX [13] with [3936] bytes. || INDEX [14] with [0] bytes |
-----------------------------------------------------------------------

2016-08-22 13:57:01:983[cInfo        ] --------BufferInfo::AddMesh() Added mesh successfully-------
2016-08-22 13:57:01:984[cInfo        ] 
2016-08-22 13:57:01:985[cInfo        ] --------------------| START BUFFER MESH INFO |-------------------------------------
2016-08-22 13:57:01:987[cInfo        ] BufferInfo::AddMesh(): NUM VERTS-----------------[164]
2016-08-22 13:57:01:988[cInfo        ] BufferInfo::AddMesh(): NUM INDICES---------------[0]
2016-08-22 13:57:01:988[cInfo        ] BufferInfo::AddMesh(): VERT OFFSET---------------[0]
2016-08-22 13:57:01:989[cInfo        ] BufferInfo::AddMesh(): INDICES OFFSET (BYTES)----[0]
2016-08-22 13:57:01:990[cInfo        ] --------------------|  END BUFFER MESH INFO  |--------------------------------------
2016-08-22 13:57:01:991[cInfo        ] 

2016-08-22 13:57:01:995[cProcess     ] ShapeGenerator initialized successfully.
2016-08-22 13:57:01:996[cProcess     ] Camera::Initialize() successful.
2016-08-22 13:57:01:997[cProcess     ] Keyboard::Initialize() successful
2016-08-22 13:57:01:998[cProcess     ] Keyboard::Initialize() successful
2016-08-22 13:57:02:013[cInfo        ] 
-----------------------------------------------------------------------
 BufferInfo::CreateBuffers()[0] Created buffers:| VERTEX [15] with [10810368] bytes. || INDEX [16] with [0] bytes |
-----------------------------------------------------------------------

2016-08-22 13:57:02:036[cInfo        ] --------BufferInfo::AddMesh() Added mesh successfully-------
2016-08-22 13:57:02:038[cInfo        ] 
2016-08-22 13:57:02:038[cInfo        ] --------------------| START BUFFER MESH INFO |-------------------------------------
2016-08-22 13:57:02:041[cInfo        ] BufferInfo::AddMesh(): NUM VERTS-----------------[337824]
2016-08-22 13:57:02:042[cInfo        ] BufferInfo::AddMesh(): NUM INDICES---------------[0]
2016-08-22 13:57:02:044[cInfo        ] BufferInfo::AddMesh(): VERT OFFSET---------------[0]
2016-08-22 13:57:02:045[cInfo        ] BufferInfo::AddMesh(): INDICES OFFSET (BYTES)----[0]
2016-08-22 13:57:02:046[cInfo        ] --------------------|  END BUFFER MESH INFO  |--------------------------------------
2016-08-22 13:57:02:048[cInfo        ] 

2016-08-22 13:57:02:083[Info         ] ShapeGenerator::ReadSceneFile(): Added new scene [..\Data\Scenes\Dargon.ptn.scene] successfully.
2016-08-22 13:57:02:083[cInfo        ] EntityManager::BuildPlayerEntity(): Built [Dargon] successfully
2016-08-22 13:57:02:088[cFatalError  ] GetSiblingComponent(): Entity[]: Component [gob]: Could not find requested sibling component!
2016-08-22 13:57:02:097[cFatalError  ] AnimatedCubeEntity::Initialize(): GobComponent failed to Init
2016-08-22 13:57:02:100[cProcess     ] BufferManager::Shutdown() successful.
2016-08-22 13:57:02:101[cProcess     ] RenderEngine::Shutdown() successful.
2016-08-22 13:57:02:102[cProcess     ] Camera::Shutdown() successful.
2016-08-22 13:57:02:104[Info         ] Shader  [2] deleting...
2016-08-22 13:57:02:104[Info         ] Shader  [2] deleted successfully.
2016-08-22 13:57:02:104[Info         ] Shader  [3] deleting...
2016-08-22 13:57:02:104[Info         ] Shader  [3] deleted successfully.
2016-08-22 13:57:02:105[Info         ] All shaders deleted successfully.
2016-08-22 13:57:02:105[cInfo        ] Program [1] deleted successfully.
2016-08-22 13:57:02:105[Process      ] ShaderProgram[1]::Shutdown successful!
2016-08-22 13:57:02:106[Info         ] Shader  [5] deleting...
2016-08-22 13:57:02:106[Info         ] Shader  [5] deleted successfully.
2016-08-22 13:57:02:106[Info         ] Shader  [6] deleting...
2016-08-22 13:57:02:106[Info         ] Shader  [6] deleted successfully.
2016-08-22 13:57:02:106[Info         ] All shaders deleted successfully.
2016-08-22 13:57:02:106[cInfo        ] Program [4] deleted successfully.
2016-08-22 13:57:02:107[Process      ] ShaderProgram[4]::Shutdown successful!
2016-08-22 13:57:02:107[Info         ] Shader  [8] deleting...
2016-08-22 13:57:02:107[Info         ] Shader  [8] deleted successfully.
2016-08-22 13:57:02:107[Info         ] Shader  [9] deleting...
2016-08-22 13:57:02:107[Info         ] Shader  [9] deleted successfully.
2016-08-22 13:57:02:107[Info         ] All shaders deleted successfully.
2016-08-22 13:57:02:107[cInfo        ] Program [7] deleted successfully.
2016-08-22 13:57:02:111[Process      ] ShaderProgram[7]::Shutdown successful!
2016-08-22 13:57:02:111[Info         ] Shader  [11] deleting...
2016-08-22 13:57:02:111[Info         ] Shader  [11] deleted successfully.
2016-08-22 13:57:02:112[Info         ] Shader  [12] deleting...
2016-08-22 13:57:02:112[Info         ] Shader  [12] deleted successfully.
2016-08-22 13:57:02:112[Info         ] All shaders deleted successfully.
2016-08-22 13:57:02:112[cInfo        ] Program [10] deleted successfully.
2016-08-22 13:57:02:113[Process      ] ShaderProgram[10]::Shutdown successful!
2016-08-22 13:57:02:113[Info         ] Shader  [14] deleting...
2016-08-22 13:57:02:113[Info         ] Shader  [14] deleted successfully.
2016-08-22 13:57:02:113[Info         ] Shader  [15] deleting...
2016-08-22 13:57:02:113[Info         ] Shader  [15] deleted successfully.
2016-08-22 13:57:02:113[Info         ] All shaders deleted successfully.
2016-08-22 13:57:02:113[cInfo        ] Program [13] deleted successfully.
2016-08-22 13:57:02:114[Process      ] ShaderProgram[13]::Shutdown successful!
2016-08-22 13:57:02:115[Info         ] Shader  [17] deleting...
2016-08-22 13:57:02:115[Info         ] Shader  [17] deleted successfully.
2016-08-22 13:57:02:115[Info         ] Shader  [18] deleting...
2016-08-22 13:57:02:115[Info         ] Shader  [18] deleted successfully.
2016-08-22 13:57:02:115[Info         ] All shaders deleted successfully.
2016-08-22 13:57:02:115[cInfo        ] Program [16] deleted successfully.
2016-08-22 13:57:02:115[Process      ] ShaderProgram[16]::Shutdown successful!
2016-08-22 13:57:02:116[Info         ] Shader  [20] deleting...
2016-08-22 13:57:02:116[Info         ] Shader  [20] deleted successfully.
2016-08-22 13:57:02:116[Info         ] Shader  [21] deleting...
2016-08-22 13:57:02:116[Info         ] Shader  [21] deleted successfully.
2016-08-22 13:57:02:116[Info         ] All shaders deleted successfully.
2016-08-22 13:57:02:116[cInfo        ] Program [19] deleted successfully.
2016-08-22 13:57:02:116[Process      ] ShaderProgram[19]::Shutdown successful!
2016-08-22 13:57:02:116[cProcess     ] MyWindow::Shutdown() successful!
2016-08-22 13:57:02:118[cProcess     ] BodaciousQuest::Shutdown() successful.
2016-08-22 13:57:02:118[cFatalError  ] MyWindow::Initialize() Failed to initialize m_game.
2016-08-22 13:57:02:120[cProcess     ] MyWindow::Shutdown() successful!
2016-08-22 13:57:02:136[Process      ] ConfigReader shut down successfully
2016-08-22 13:57:02:136[Process      ] GameLogger::ShutDown() successful
