2016-08-22 12:32:26:959[Process      ] GameLogger::Initialize() opened log file [..\Data\LogFiles\2016-08-22 12-32-26.BodaciousQuest.log] for writing
2016-08-22 12:32:26:959[Info         ] GameLogger::Initialize() successful
2016-08-22 12:32:26:959[Process      ] ConfigReader opened [..\Data\BodaciousQuest.config] successfully
2016-08-22 12:32:26:959[Info         ] ConfigReader initialized successfully
2016-08-22 12:32:26:959[Info         ] Valid KVP [BodaciousQuest.ShowFullScreen] [false] added
2016-08-22 12:32:26:959[Info         ] Valid KVP [BodaciousQuest.FpsInterval] [5.0] added
2016-08-22 12:32:26:961[Info         ] Valid KVP [BodaciousQuest.EnableControls] [true] added
2016-08-22 12:32:26:961[Info         ] Valid KVP [BodaciousQuest.LoadCubeFirst] [true] added
2016-08-22 12:32:26:961[Info         ] Valid KVP [BodaciousQuest.CameraWalkMode] [false] added
2016-08-22 12:32:26:962[Info         ] Valid KVP [BodaciousQuest.GridSize] [40] added
2016-08-22 12:32:26:962[Info         ] Valid KVP [BodaciousQuest.LightingTest.Ambient.Color] [1.0  1.0  1.0] added
2016-08-22 12:32:26:962[Info         ] Valid KVP [BodaciousQuest.LightingTest.Diffuse.Color] [1.0  1.0  1.0] added
2016-08-22 12:32:26:962[Info         ] Valid KVP [BodaciousQuest.LightingTest.Specular.Color] [1.0  1.0  1.0] added
2016-08-22 12:32:26:962[Info         ] Valid KVP [BodaciousQuest.LightingTest.Ambient.Reflectivity] [0.01] added
2016-08-22 12:32:26:962[Info         ] Valid KVP [BodaciousQuest.LightingTest.Diffuse.Reflectivity] [0.7] added
2016-08-22 12:32:26:962[Info         ] Valid KVP [BodaciousQuest.LightingTest.Specular.Reflectivity] [0.5] added
2016-08-22 12:32:26:962[Info         ] Valid KVP [BodaciousQuest.LightingTest.Specular.Shininess] [1.50] added
2016-08-22 12:32:26:962[Info         ] Valid KVP [BodaciousQuest.LightingTest.Falloff.A] [1.0] added
2016-08-22 12:32:26:962[Info         ] Valid KVP [BodaciousQuest.LightingTest.Falloff.B] [0.001] added
2016-08-22 12:32:26:962[Info         ] Valid KVP [BodaciousQuest.LightingTest.Falloff.C] [0.0001] added
2016-08-22 12:32:26:962[Info         ] Valid KVP [BodaciousQuest.LightingTest.Directional] [false] added
2016-08-22 12:32:26:962[Info         ] Valid KVP [BodaciousQuest.LightingTest.Direction] [-1.0 0.0 1.0] added
2016-08-22 12:32:26:962[Info         ] Valid KVP [BodaciousQuest.LightingTest.Light.Position] [-0.875458 3.673020 1.043331] added
2016-08-22 12:32:26:962[Info         ] Valid KVP [BodaciousQuest.LightingTest.Dargon.Color] [1.0 1.0 0.4] added
2016-08-22 12:32:26:962[Info         ] Valid KVP [ObjConverter.Mode.VertexType] [pn] added
2016-08-22 12:32:26:962[Info         ] Valid KVP [ObjConverter.Mode.Analyze] [false] added
2016-08-22 12:32:26:962[Info         ] Valid KVP [ObjConverter.Model] [Dargon] added
2016-08-22 12:32:26:962[Info         ] Valid KVP [ObjConverter.Shader] [4] added
2016-08-22 12:32:26:962[Info         ] Valid KVP [ObjConverter.Color] [random] added
2016-08-22 12:32:26:962[Info         ] Valid KVP [ObjConverter.Obj.InputFileFolder] [..\\Data\\Objs\\] added
2016-08-22 12:32:26:962[Info         ] Valid KVP [ObjConverter.Scene.OutputFileFolder] [..\\Data\\Scenes\\] added
2016-08-22 12:32:26:962[Info         ] Valid KVP [ObjConverter.Model.Dargon.NumVerts] [57967] added
2016-08-22 12:32:26:962[Info         ] Valid KVP [ObjConverter.Model.Dargon.NumIndices] [337824] added
2016-08-22 12:32:26:962[Info         ] Valid KVP [ObjConverter.Model.Dargon.NumTexCoords] [60175] added
2016-08-22 12:32:26:962[Info         ] Valid KVP [ObjConverter.Model.Dargon.NumNormals] [337824] added
2016-08-22 12:32:26:962[Info         ] Valid KVP [ObjConverter.Model.Swamp.NumVerts] [2735] added
2016-08-22 12:32:26:962[Info         ] Valid KVP [ObjConverter.Model.Swamp.NumIndices] [8556] added
2016-08-22 12:32:26:962[Info         ] Valid KVP [ObjConverter.Model.Swamp.NumTexCoords] [3622] added
2016-08-22 12:32:26:962[Info         ] Valid KVP [ObjConverter.Model.Swamp.NumNormals] [5156] added
2016-08-22 12:32:26:962[Info         ] Valid KVP [ObjConverter.Model.Pyramid.NumVerts] [5] added
2016-08-22 12:32:26:962[Info         ] Valid KVP [ObjConverter.Model.Pyramid.NumIndices] [18] added
2016-08-22 12:32:26:962[Info         ] Valid KVP [ObjConverter.Model.Pyramid.NumTexCoords] [10] added
2016-08-22 12:32:26:962[Info         ] Valid KVP [ObjConverter.Model.Pyramid.NumNormals] [16] added
2016-08-22 12:32:26:962[Info         ] Valid KVP [ObjConverter.Model.AIWorld.NumVerts] [1957] added
2016-08-22 12:32:26:962[Info         ] Valid KVP [ObjConverter.Model.AIWorld.NumIndices] [8718] added
2016-08-22 12:32:26:962[Info         ] Valid KVP [ObjConverter.Model.AIWorld.NumTexCoords] [4186] added
2016-08-22 12:32:26:962[Info         ] Valid KVP [ObjConverter.Model.AIWorld.NumNormals] [5418] added
2016-08-22 12:32:26:962[Info         ] Valid KVP [ObjConverter.Model.GameWeapon.NumVerts] [2068] added
2016-08-22 12:32:26:962[Info         ] Valid KVP [ObjConverter.Model.GameWeapon.NumIndices] [9894] added
2016-08-22 12:32:26:962[Info         ] Valid KVP [ObjConverter.Model.GameWeapon.NumTexCoords] [0] added
2016-08-22 12:32:26:962[Info         ] Valid KVP [ObjConverter.Model.GameWeapon.NumNormals] [0] added
2016-08-22 12:32:26:962[Info         ] Valid KVP [ObjConverter.Model.Chicken.NumVerts] [224] added
2016-08-22 12:32:26:962[Info         ] Valid KVP [ObjConverter.Model.Chicken.NumIndices] [1374] added
2016-08-22 12:32:26:962[Info         ] Valid KVP [ObjConverter.Model.Chicken.NumTexCoords] [472] added
2016-08-22 12:32:26:962[Info         ] Valid KVP [ObjConverter.Model.Chicken.NumNormals] [565] added
2016-08-22 12:32:26:962[Info         ] Valid KVP [ObjConverter.Model.WaterPlane.NumVerts] [29282] added
2016-08-22 12:32:26:962[Info         ] Valid KVP [ObjConverter.Model.WaterPlane.NumIndices] [172800] added
2016-08-22 12:32:26:962[Info         ] Valid KVP [ObjConverter.Model.WaterPlane.NumTexCoords] [29282] added
2016-08-22 12:32:26:962[Info         ] Valid KVP [ObjConverter.Model.WaterPlane.NumNormals] [172800] added
2016-08-22 12:32:26:962[Info         ] Valid KVP [ObjConverter.Model.Cube.NumVerts] [8] added
2016-08-22 12:32:26:962[Info         ] Valid KVP [ObjConverter.Model.Cube.NumIndices] [36] added
2016-08-22 12:32:26:963[Info         ] Valid KVP [ObjConverter.Model.Cube.NumTexCoords] [14] added
2016-08-22 12:32:26:963[Info         ] Valid KVP [ObjConverter.Model.Cube.NumNormals] [24] added
2016-08-22 12:32:26:963[Info         ] Valid KVP [ObjConverter.Model.Barrel.NumVerts] [172] added
2016-08-22 12:32:26:963[Info         ] Valid KVP [ObjConverter.Model.Barrel.NumIndices] [1008] added
2016-08-22 12:32:26:963[Info         ] Valid KVP [ObjConverter.Model.Barrel.NumTexCoords] [328] added
2016-08-22 12:32:26:963[Info         ] Valid KVP [ObjConverter.Model.Barrel.NumNormals] [204] added
2016-08-22 12:32:26:963[Info         ] Valid KVP [ObjConverter.Model.SkyBox.NumVerts] [8] added
2016-08-22 12:32:26:963[Info         ] Valid KVP [ObjConverter.Model.SkyBox.NumIndices] [36] added
2016-08-22 12:32:26:963[Info         ] Valid KVP [ObjConverter.Model.SkyBox.NumTexCoords] [18] added
2016-08-22 12:32:26:963[Info         ] Valid KVP [ObjConverter.Model.SkyBox.NumNormals] [24] added
2016-08-22 12:32:27:026[cInfo        ] Config reader opened [..\Data\BodaciousQuest.config] for reading!
2016-08-22 12:32:27:084[Process      ] ShaderManager Initialized successfully
2016-08-22 12:32:27:084[Info         ] Shader Init started
2016-08-22 12:32:27:084[Info         ] Shader Program created.
2016-08-22 12:32:27:084[Process      ] ShaderProgram::Initialize()[1] successful!
2016-08-22 12:32:27:084[Debug        ] File [..\Data\shaders\debug.vert.shader] Opened successfully! Buffer Length:[291]
2016-08-22 12:32:27:084[Debug        ] Shader file [..\Data\shaders\debug.vert.shader] contents:
//BEGIN
#version 430 core

layout(location = 0)  in vec3 vPosition;

layout(location = 15) uniform vec3 colorin;
layout(location = 16) uniform mat4 MAT;

out vec4 color;

void main()
{
	vec4 vertPos = vec4(vPosition, 1.0);
	gl_Position = MAT *  vertPos;
	color = vec4(colorin, 1.0);
}
//END

2016-08-22 12:32:27:084[Debug        ]  ShaderProgram::AddShader() file with data was read in
2016-08-22 12:32:27:084[Debug        ] ShaderProgram::AddShader() : glShaderSource() successful
2016-08-22 12:32:27:085[Debug        ] ShaderProgram::AddShader() : glCompileShader() successful
2016-08-22 12:32:27:085[Info         ] ShaderProgram::CheckShaderCompileStatus(2) successful.
2016-08-22 12:32:27:085[Debug        ] ShaderProgram::AddShader() : glCompileShader() successful
2016-08-22 12:32:27:085[Info         ] ShaderInfo saved successfully.
2016-08-22 12:32:27:085[Debug        ] ShaderProgram::AddShader() : glAttachShader() successful
2016-08-22 12:32:27:085[Info         ] ShaderProgram::AddShader [2] successful.
2016-08-22 12:32:27:085[Debug        ] File [..\Data\shaders\debug.frag.shader] Opened successfully! Buffer Length:[104]
2016-08-22 12:32:27:085[Debug        ] Shader file [..\Data\shaders\debug.frag.shader] contents:
//BEGIN
#version 430 core


in  vec4 color;
out vec4 outColor;

void main()
{
	outColor = color;
}


//END

2016-08-22 12:32:27:085[Debug        ]  ShaderProgram::AddShader() file with data was read in
2016-08-22 12:32:27:085[Debug        ] ShaderProgram::AddShader() : glShaderSource() successful
2016-08-22 12:32:27:085[Debug        ] ShaderProgram::AddShader() : glCompileShader() successful
2016-08-22 12:32:27:085[Info         ] ShaderProgram::CheckShaderCompileStatus(3) successful.
2016-08-22 12:32:27:085[Debug        ] ShaderProgram::AddShader() : glCompileShader() successful
2016-08-22 12:32:27:085[Info         ] ShaderInfo saved successfully.
2016-08-22 12:32:27:085[Debug        ] ShaderProgram::AddShader() : glAttachShader() successful
2016-08-22 12:32:27:085[Info         ] ShaderProgram::AddShader [3] successful.
2016-08-22 12:32:27:086[Info         ] CheckProgramStatus() successful!
2016-08-22 12:32:27:086[Info         ] CheckProgramStatus() successful!
2016-08-22 12:32:27:086[Info         ] Shader Init started
2016-08-22 12:32:27:086[Info         ] Shader Program created.
2016-08-22 12:32:27:086[Process      ] ShaderProgram::Initialize()[4] successful!
2016-08-22 12:32:27:087[Debug        ] File [..\Data\shaders\play.vert.shader] Opened successfully! Buffer Length:[343]
2016-08-22 12:32:27:087[Debug        ] Shader file [..\Data\shaders\play.vert.shader] contents:
//BEGIN
#version 430 core

layout (location = 0)  in vec3 vPosition;
layout (location = 1)  in vec3 vColor;
layout (location = 15) uniform vec3 colorin;
layout (location = 16) uniform mat4 MAT;

out vec4 color;

void main()
{
	vec4 vertPos = vec4(vPosition, 1.0);
	gl_Position = MAT *  vertPos;
	color = vec4((vColor + colorin), 1.0);
}
//END

2016-08-22 12:32:27:087[Debug        ]  ShaderProgram::AddShader() file with data was read in
2016-08-22 12:32:27:087[Debug        ] ShaderProgram::AddShader() : glShaderSource() successful
2016-08-22 12:32:27:087[Debug        ] ShaderProgram::AddShader() : glCompileShader() successful
2016-08-22 12:32:27:087[Info         ] ShaderProgram::CheckShaderCompileStatus(5) successful.
2016-08-22 12:32:27:087[Debug        ] ShaderProgram::AddShader() : glCompileShader() successful
2016-08-22 12:32:27:087[Info         ] ShaderInfo saved successfully.
2016-08-22 12:32:27:087[Debug        ] ShaderProgram::AddShader() : glAttachShader() successful
2016-08-22 12:32:27:087[Info         ] ShaderProgram::AddShader [5] successful.
2016-08-22 12:32:27:087[Debug        ] File [..\Data\shaders\play.frag.shader] Opened successfully! Buffer Length:[391]
2016-08-22 12:32:27:087[Debug        ] Shader file [..\Data\shaders\play.frag.shader] contents:
//BEGIN
#version 430 core


in  vec4 color;
out vec4 outColor;

void main()
{

	//if (color.r < .7) discard;
	outColor = color;

	//if(((gl_FragCoord.x  > 600)&& (gl_FragCoord.y < 300)) || ((gl_FragCoord.y < 300)  && (gl_FragCoord.x  < 600) )) {
	//discard;
	//}

	//vec2 scrPos = vec2(gl_FragCoord) - vec2(350,150);
	//float len =  length(scrPos);
	//if(len < 50 )discard;
}


//END

2016-08-22 12:32:27:087[Debug        ]  ShaderProgram::AddShader() file with data was read in
2016-08-22 12:32:27:087[Debug        ] ShaderProgram::AddShader() : glShaderSource() successful
2016-08-22 12:32:27:087[Debug        ] ShaderProgram::AddShader() : glCompileShader() successful
2016-08-22 12:32:27:087[Info         ] ShaderProgram::CheckShaderCompileStatus(6) successful.
2016-08-22 12:32:27:087[Debug        ] ShaderProgram::AddShader() : glCompileShader() successful
2016-08-22 12:32:27:087[Info         ] ShaderInfo saved successfully.
2016-08-22 12:32:27:087[Debug        ] ShaderProgram::AddShader() : glAttachShader() successful
2016-08-22 12:32:27:087[Info         ] ShaderProgram::AddShader [6] successful.
2016-08-22 12:32:27:088[Info         ] CheckProgramStatus() successful!
2016-08-22 12:32:27:088[Info         ] CheckProgramStatus() successful!
2016-08-22 12:32:27:088[Info         ] Shader Init started
2016-08-22 12:32:27:088[Info         ] Shader Program created.
2016-08-22 12:32:27:088[Process      ] ShaderProgram::Initialize()[7] successful!
2016-08-22 12:32:27:088[Debug        ] File [..\Data\shaders\texture.vert.shader] Opened successfully! Buffer Length:[305]
2016-08-22 12:32:27:088[Debug        ] Shader file [..\Data\shaders\texture.vert.shader] contents:
//BEGIN
#version 430 core

layout (location = 0)  in vec3 vPosition;
layout (location = 1)  in vec2 vUV;

layout (location = 16) uniform mat4 MAT;

//out data
out vec2 UV;

//out vec4 color;

void main()
{
	vec4 vertPos = vec4(vPosition, 1.0);
	gl_Position = MAT *  vertPos;

	UV = vUV;
	
	
}
//END

2016-08-22 12:32:27:088[Debug        ]  ShaderProgram::AddShader() file with data was read in
2016-08-22 12:32:27:088[Debug        ] ShaderProgram::AddShader() : glShaderSource() successful
2016-08-22 12:32:27:088[Debug        ] ShaderProgram::AddShader() : glCompileShader() successful
2016-08-22 12:32:27:088[Info         ] ShaderProgram::CheckShaderCompileStatus(8) successful.
2016-08-22 12:32:27:088[Debug        ] ShaderProgram::AddShader() : glCompileShader() successful
2016-08-22 12:32:27:088[Info         ] ShaderInfo saved successfully.
2016-08-22 12:32:27:088[Debug        ] ShaderProgram::AddShader() : glAttachShader() successful
2016-08-22 12:32:27:088[Info         ] ShaderProgram::AddShader [8] successful.
2016-08-22 12:32:27:088[Debug        ] File [..\Data\shaders\texture.frag.shader] Opened successfully! Buffer Length:[482]
2016-08-22 12:32:27:088[Debug        ] Shader file [..\Data\shaders\texture.frag.shader] contents:
//BEGIN
#version 430 core


in  vec2 UV;
out vec4 outColor;

layout(location = 20) uniform sampler2D textureSampler;

void main()
{

	//if (color.r < .7) discard;
	outColor = vec4(texture(textureSampler, UV).rgb, 1.0);

	//if(((gl_FragCoord.x  > 600)&& (gl_FragCoord.y < 300)) || ((gl_FragCoord.y < 300)  && (gl_FragCoord.x  < 600) )) {
	//discard;
	//}
	//vec2 scrPos = vec2(gl_FragCoord) - vec2(350,150);
	//float len =  length(scrPos);
	//if(len < 50 )discard;
}


//END

2016-08-22 12:32:27:089[Debug        ]  ShaderProgram::AddShader() file with data was read in
2016-08-22 12:32:27:089[Debug        ] ShaderProgram::AddShader() : glShaderSource() successful
2016-08-22 12:32:27:089[Debug        ] ShaderProgram::AddShader() : glCompileShader() successful
2016-08-22 12:32:27:089[Info         ] ShaderProgram::CheckShaderCompileStatus(9) successful.
2016-08-22 12:32:27:089[Debug        ] ShaderProgram::AddShader() : glCompileShader() successful
2016-08-22 12:32:27:089[Info         ] ShaderInfo saved successfully.
2016-08-22 12:32:27:089[Debug        ] ShaderProgram::AddShader() : glAttachShader() successful
2016-08-22 12:32:27:089[Info         ] ShaderProgram::AddShader [9] successful.
2016-08-22 12:32:27:090[Info         ] CheckProgramStatus() successful!
2016-08-22 12:32:27:090[Info         ] CheckProgramStatus() successful!
2016-08-22 12:32:27:090[Info         ] Shader Init started
2016-08-22 12:32:27:090[Info         ] Shader Program created.
2016-08-22 12:32:27:090[Process      ] ShaderProgram::Initialize()[10] successful!
2016-08-22 12:32:27:090[Debug        ] File [..\Data\shaders\framebuffer.vert.shader] Opened successfully! Buffer Length:[305]
2016-08-22 12:32:27:090[Debug        ] Shader file [..\Data\shaders\framebuffer.vert.shader] contents:
//BEGIN
#version 430 core

layout (location = 0)  in vec3 vPosition;
layout (location = 1)  in vec2 vUV;

layout (location = 16) uniform mat4 MAT;

//out data
out vec2 UV;

//out vec4 color;

void main()
{
	vec4 vertPos = vec4(vPosition, 1.0);
	gl_Position = MAT *  vertPos;

	UV = vUV;
	
	
}
//END

2016-08-22 12:32:27:090[Debug        ]  ShaderProgram::AddShader() file with data was read in
2016-08-22 12:32:27:090[Debug        ] ShaderProgram::AddShader() : glShaderSource() successful
2016-08-22 12:32:27:090[Debug        ] ShaderProgram::AddShader() : glCompileShader() successful
2016-08-22 12:32:27:090[Info         ] ShaderProgram::CheckShaderCompileStatus(11) successful.
2016-08-22 12:32:27:090[Debug        ] ShaderProgram::AddShader() : glCompileShader() successful
2016-08-22 12:32:27:090[Info         ] ShaderInfo saved successfully.
2016-08-22 12:32:27:090[Debug        ] ShaderProgram::AddShader() : glAttachShader() successful
2016-08-22 12:32:27:090[Info         ] ShaderProgram::AddShader [11] successful.
2016-08-22 12:32:27:090[Debug        ] File [..\Data\shaders\framebuffer.frag.shader] Opened successfully! Buffer Length:[275]
2016-08-22 12:32:27:090[Debug        ] Shader file [..\Data\shaders\framebuffer.frag.shader] contents:
//BEGIN
#version 430 core


in  vec2 UV;
out vec4 outColor;

layout(location = 20) uniform sampler2D textureSampler;

void main()
{


	vec3 tempCol = texture(textureSampler, UV).rgb;

	outColor = vec4(tempCol.r / 1.5f, tempCol.g / 1.5f, tempCol.b / 1.5f, 1.0f);
}


//END

2016-08-22 12:32:27:090[Debug        ]  ShaderProgram::AddShader() file with data was read in
2016-08-22 12:32:27:091[Debug        ] ShaderProgram::AddShader() : glShaderSource() successful
2016-08-22 12:32:27:091[Debug        ] ShaderProgram::AddShader() : glCompileShader() successful
2016-08-22 12:32:27:091[Info         ] ShaderProgram::CheckShaderCompileStatus(12) successful.
2016-08-22 12:32:27:091[Debug        ] ShaderProgram::AddShader() : glCompileShader() successful
2016-08-22 12:32:27:091[Info         ] ShaderInfo saved successfully.
2016-08-22 12:32:27:091[Debug        ] ShaderProgram::AddShader() : glAttachShader() successful
2016-08-22 12:32:27:091[Info         ] ShaderProgram::AddShader [12] successful.
2016-08-22 12:32:27:092[Info         ] CheckProgramStatus() successful!
2016-08-22 12:32:27:092[Info         ] CheckProgramStatus() successful!
2016-08-22 12:32:27:092[Info         ] Shader Init started
2016-08-22 12:32:27:092[Info         ] Shader Program created.
2016-08-22 12:32:27:092[Process      ] ShaderProgram::Initialize()[13] successful!
2016-08-22 12:32:27:092[Debug        ] File [..\Data\shaders\lighting.vert.shader] Opened successfully! Buffer Length:[1145]
2016-08-22 12:32:27:092[cDebug       ] Shader file [..\Data\shaders\lighting.vert.shader] is too big to display contents.
2016-08-22 12:32:27:094[Debug        ]  ShaderProgram::AddShader() file with data was read in
2016-08-22 12:32:27:094[Debug        ] ShaderProgram::AddShader() : glShaderSource() successful
2016-08-22 12:32:27:095[Debug        ] ShaderProgram::AddShader() : glCompileShader() successful
2016-08-22 12:32:27:095[Info         ] ShaderProgram::CheckShaderCompileStatus(14) successful.
2016-08-22 12:32:27:095[Debug        ] ShaderProgram::AddShader() : glCompileShader() successful
2016-08-22 12:32:27:095[Info         ] ShaderInfo saved successfully.
2016-08-22 12:32:27:095[Debug        ] ShaderProgram::AddShader() : glAttachShader() successful
2016-08-22 12:32:27:095[Info         ] ShaderProgram::AddShader [14] successful.
2016-08-22 12:32:27:095[Debug        ] File [..\Data\shaders\lighting.frag.shader] Opened successfully! Buffer Length:[1743]
2016-08-22 12:32:27:095[cDebug       ] Shader file [..\Data\shaders\lighting.frag.shader] is too big to display contents.
2016-08-22 12:32:27:096[Debug        ]  ShaderProgram::AddShader() file with data was read in
2016-08-22 12:32:27:096[Debug        ] ShaderProgram::AddShader() : glShaderSource() successful
2016-08-22 12:32:27:097[Debug        ] ShaderProgram::AddShader() : glCompileShader() successful
2016-08-22 12:32:27:097[Info         ] ShaderProgram::CheckShaderCompileStatus(15) successful.
2016-08-22 12:32:27:097[Debug        ] ShaderProgram::AddShader() : glCompileShader() successful
2016-08-22 12:32:27:097[Info         ] ShaderInfo saved successfully.
2016-08-22 12:32:27:097[Debug        ] ShaderProgram::AddShader() : glAttachShader() successful
2016-08-22 12:32:27:097[Info         ] ShaderProgram::AddShader [15] successful.
2016-08-22 12:32:27:100[Info         ] CheckProgramStatus() successful!
2016-08-22 12:32:27:100[Info         ] CheckProgramStatus() successful!
2016-08-22 12:32:27:100[Info         ] Shader Init started
2016-08-22 12:32:27:100[Info         ] Shader Program created.
2016-08-22 12:32:27:100[Process      ] ShaderProgram::Initialize()[16] successful!
2016-08-22 12:32:27:100[Debug        ] File [..\Data\shaders\texlighting.vert.shader] Opened successfully! Buffer Length:[1110]
2016-08-22 12:32:27:100[cDebug       ] Shader file [..\Data\shaders\texlighting.vert.shader] is too big to display contents.
2016-08-22 12:32:27:102[Debug        ]  ShaderProgram::AddShader() file with data was read in
2016-08-22 12:32:27:102[Debug        ] ShaderProgram::AddShader() : glShaderSource() successful
2016-08-22 12:32:27:102[Debug        ] ShaderProgram::AddShader() : glCompileShader() successful
2016-08-22 12:32:27:102[Info         ] ShaderProgram::CheckShaderCompileStatus(17) successful.
2016-08-22 12:32:27:102[Debug        ] ShaderProgram::AddShader() : glCompileShader() successful
2016-08-22 12:32:27:102[Info         ] ShaderInfo saved successfully.
2016-08-22 12:32:27:102[Debug        ] ShaderProgram::AddShader() : glAttachShader() successful
2016-08-22 12:32:27:102[Info         ] ShaderProgram::AddShader [17] successful.
2016-08-22 12:32:27:102[Debug        ] File [..\Data\shaders\texlighting.frag.shader] Opened successfully! Buffer Length:[1717]
2016-08-22 12:32:27:102[cDebug       ] Shader file [..\Data\shaders\texlighting.frag.shader] is too big to display contents.
2016-08-22 12:32:27:104[Debug        ]  ShaderProgram::AddShader() file with data was read in
2016-08-22 12:32:27:104[Debug        ] ShaderProgram::AddShader() : glShaderSource() successful
2016-08-22 12:32:27:104[Debug        ] ShaderProgram::AddShader() : glCompileShader() successful
2016-08-22 12:32:27:104[Info         ] ShaderProgram::CheckShaderCompileStatus(18) successful.
2016-08-22 12:32:27:104[Debug        ] ShaderProgram::AddShader() : glCompileShader() successful
2016-08-22 12:32:27:104[Info         ] ShaderInfo saved successfully.
2016-08-22 12:32:27:104[Debug        ] ShaderProgram::AddShader() : glAttachShader() successful
2016-08-22 12:32:27:104[Info         ] ShaderProgram::AddShader [18] successful.
2016-08-22 12:32:27:107[Info         ] CheckProgramStatus() successful!
2016-08-22 12:32:27:107[Info         ] CheckProgramStatus() successful!
2016-08-22 12:32:27:107[Info         ] Shader Init started
2016-08-22 12:32:27:107[Info         ] Shader Program created.
2016-08-22 12:32:27:107[Process      ] ShaderProgram::Initialize()[19] successful!
2016-08-22 12:32:27:107[Debug        ] File [..\Data\shaders\water.vert.shader] Opened successfully! Buffer Length:[1400]
2016-08-22 12:32:27:107[cDebug       ] Shader file [..\Data\shaders\water.vert.shader] is too big to display contents.
2016-08-22 12:32:27:109[Debug        ]  ShaderProgram::AddShader() file with data was read in
2016-08-22 12:32:27:109[Debug        ] ShaderProgram::AddShader() : glShaderSource() successful
2016-08-22 12:32:27:110[Debug        ] ShaderProgram::AddShader() : glCompileShader() successful
2016-08-22 12:32:27:110[Info         ] ShaderProgram::CheckShaderCompileStatus(20) successful.
2016-08-22 12:32:27:110[Debug        ] ShaderProgram::AddShader() : glCompileShader() successful
2016-08-22 12:32:27:110[Info         ] ShaderInfo saved successfully.
2016-08-22 12:32:27:110[Debug        ] ShaderProgram::AddShader() : glAttachShader() successful
2016-08-22 12:32:27:110[Info         ] ShaderProgram::AddShader [20] successful.
2016-08-22 12:32:27:110[Debug        ] File [..\Data\shaders\water.frag.shader] Opened successfully! Buffer Length:[2455]
2016-08-22 12:32:27:110[cDebug       ] Shader file [..\Data\shaders\water.frag.shader] is too big to display contents.
2016-08-22 12:32:27:112[Debug        ]  ShaderProgram::AddShader() file with data was read in
2016-08-22 12:32:27:112[Debug        ] ShaderProgram::AddShader() : glShaderSource() successful
2016-08-22 12:32:27:112[Debug        ] ShaderProgram::AddShader() : glCompileShader() successful
2016-08-22 12:32:27:112[Info         ] ShaderProgram::CheckShaderCompileStatus(21) successful.
2016-08-22 12:32:27:112[Debug        ] ShaderProgram::AddShader() : glCompileShader() successful
2016-08-22 12:32:27:112[Info         ] ShaderInfo saved successfully.
2016-08-22 12:32:27:112[Debug        ] ShaderProgram::AddShader() : glAttachShader() successful
2016-08-22 12:32:27:112[Info         ] ShaderProgram::AddShader [21] successful.
2016-08-22 12:32:27:114[Info         ] CheckProgramStatus() successful!
2016-08-22 12:32:27:114[Info         ] CheckProgramStatus() successful!
2016-08-22 12:32:27:115[Info         ] GetAttribLocation [vPosition] successful.
2016-08-22 12:32:27:115[Info         ] GetUniformLocation [colorin] successful.
2016-08-22 12:32:27:115[Info         ] GetUniformLocation [MAT] successful.
2016-08-22 12:32:27:115[cProcess     ] RenderEngine::Initialize() successful.
2016-08-22 12:32:27:116[cInfo        ] 
-----------------------------------------------------------------------
 BufferInfo::CreateBuffers()[0] Created buffers:| VERTEX [1] with [80] bytes. || INDEX [2] with [24] bytes |
-----------------------------------------------------------------------

2016-08-22 12:32:27:119[cInfo        ] --------BufferInfo::AddMesh() Added mesh successfully-------
2016-08-22 12:32:27:121[cInfo        ] 
2016-08-22 12:32:27:123[cInfo        ] --------------------| START BUFFER MESH INFO |-------------------------------------
2016-08-22 12:32:27:125[cInfo        ] BufferInfo::AddMesh(): NUM VERTS-----------------[4]
2016-08-22 12:32:27:127[cInfo        ] BufferInfo::AddMesh(): NUM INDICES---------------[6]
2016-08-22 12:32:27:127[cInfo        ] BufferInfo::AddMesh(): VERT OFFSET---------------[0]
2016-08-22 12:32:27:128[cInfo        ] BufferInfo::AddMesh(): INDICES OFFSET (BYTES)----[0]
2016-08-22 12:32:27:129[cInfo        ] --------------------|  END BUFFER MESH INFO  |--------------------------------------
2016-08-22 12:32:27:130[cInfo        ] 

2016-08-22 12:32:27:131[cInfo        ] 
-----------------------------------------------------------------------
 BufferInfo::CreateBuffers()[0] Created buffers:| VERTEX [3] with [96] bytes. || INDEX [4] with [48] bytes |
-----------------------------------------------------------------------

2016-08-22 12:32:27:134[cInfo        ] --------BufferInfo::AddMesh() Added mesh successfully-------
2016-08-22 12:32:27:135[cInfo        ] 
2016-08-22 12:32:27:135[cInfo        ] --------------------| START BUFFER MESH INFO |-------------------------------------
2016-08-22 12:32:27:136[cInfo        ] BufferInfo::AddMesh(): NUM VERTS-----------------[8]
2016-08-22 12:32:27:137[cInfo        ] BufferInfo::AddMesh(): NUM INDICES---------------[24]
2016-08-22 12:32:27:139[cInfo        ] BufferInfo::AddMesh(): VERT OFFSET---------------[0]
2016-08-22 12:32:27:140[cInfo        ] BufferInfo::AddMesh(): INDICES OFFSET (BYTES)----[0]
2016-08-22 12:32:27:141[cInfo        ] --------------------|  END BUFFER MESH INFO  |--------------------------------------
2016-08-22 12:32:27:142[cInfo        ] 

2016-08-22 12:32:27:144[cInfo        ] 
-----------------------------------------------------------------------
 BufferInfo::CreateBuffers()[0] Created buffers:| VERTEX [5] with [864] bytes. || INDEX [6] with [0] bytes |
-----------------------------------------------------------------------

2016-08-22 12:32:27:147[cInfo        ] --------BufferInfo::AddMesh() Added mesh successfully-------
2016-08-22 12:32:27:148[cInfo        ] 
2016-08-22 12:32:27:148[cInfo        ] --------------------| START BUFFER MESH INFO |-------------------------------------
2016-08-22 12:32:27:149[cInfo        ] BufferInfo::AddMesh(): NUM VERTS-----------------[36]
2016-08-22 12:32:27:150[cInfo        ] BufferInfo::AddMesh(): NUM INDICES---------------[0]
2016-08-22 12:32:27:151[cInfo        ] BufferInfo::AddMesh(): VERT OFFSET---------------[0]
2016-08-22 12:32:27:152[cInfo        ] BufferInfo::AddMesh(): INDICES OFFSET (BYTES)----[0]
2016-08-22 12:32:27:152[cInfo        ] --------------------|  END BUFFER MESH INFO  |--------------------------------------
2016-08-22 12:32:27:155[cInfo        ] 

2016-08-22 12:32:27:156[cInfo        ] 
-----------------------------------------------------------------------
 BufferInfo::CreateBuffers()[0] Created buffers:| VERTEX [7] with [144] bytes. || INDEX [8] with [0] bytes |
-----------------------------------------------------------------------

2016-08-22 12:32:27:159[cInfo        ] --------BufferInfo::AddMesh() Added mesh successfully-------
2016-08-22 12:32:27:160[cInfo        ] 
2016-08-22 12:32:27:161[cInfo        ] --------------------| START BUFFER MESH INFO |-------------------------------------
2016-08-22 12:32:27:162[cInfo        ] BufferInfo::AddMesh(): NUM VERTS-----------------[6]
2016-08-22 12:32:27:162[cInfo        ] BufferInfo::AddMesh(): NUM INDICES---------------[0]
2016-08-22 12:32:27:163[cInfo        ] BufferInfo::AddMesh(): VERT OFFSET---------------[0]
2016-08-22 12:32:27:164[cInfo        ] BufferInfo::AddMesh(): INDICES OFFSET (BYTES)----[0]
2016-08-22 12:32:27:165[cInfo        ] --------------------|  END BUFFER MESH INFO  |--------------------------------------
2016-08-22 12:32:27:167[cInfo        ] 

2016-08-22 12:32:27:167[Process      ] BufferInfo::Initialize() successful.
2016-08-22 12:32:27:167[cInfo        ] 
-----------------------------------------------------------------------
 BufferInfo::CreateBuffers()[0] Created buffers:| VERTEX [9] with [1000000] bytes. || INDEX [10] with [1000000] bytes |
-----------------------------------------------------------------------

2016-08-22 12:32:27:175[cInfo        ] --------BufferInfo::AddMesh() Added mesh successfully-------
2016-08-22 12:32:27:178[cInfo        ] 
2016-08-22 12:32:27:179[cInfo        ] --------------------| START BUFFER MESH INFO |-------------------------------------
2016-08-22 12:32:27:180[cInfo        ] BufferInfo::AddMesh(): NUM VERTS-----------------[24]
2016-08-22 12:32:27:181[cInfo        ] BufferInfo::AddMesh(): NUM INDICES---------------[36]
2016-08-22 12:32:27:182[cInfo        ] BufferInfo::AddMesh(): VERT OFFSET---------------[0]
2016-08-22 12:32:27:183[cInfo        ] BufferInfo::AddMesh(): INDICES OFFSET (BYTES)----[0]
2016-08-22 12:32:27:184[cInfo        ] --------------------|  END BUFFER MESH INFO  |--------------------------------------
2016-08-22 12:32:27:186[cInfo        ] 

2016-08-22 12:32:27:188[Process      ] BufferInfo::Initialize() successful.
2016-08-22 12:32:27:188[cInfo        ] 
-----------------------------------------------------------------------
 BufferInfo::CreateBuffers()[1] Created buffers:| VERTEX [11] with [1000000] bytes. || INDEX [12] with [1000000] bytes |
-----------------------------------------------------------------------

2016-08-22 12:32:27:193[cInfo        ] --------BufferInfo::AddMesh() Added mesh successfully-------
2016-08-22 12:32:27:194[cInfo        ] 
2016-08-22 12:32:27:194[cInfo        ] --------------------| START BUFFER MESH INFO |-------------------------------------
2016-08-22 12:32:27:196[cInfo        ] BufferInfo::AddMesh(): NUM VERTS-----------------[1536]
2016-08-22 12:32:27:196[cInfo        ] BufferInfo::AddMesh(): NUM INDICES---------------[3072]
2016-08-22 12:32:27:197[cInfo        ] BufferInfo::AddMesh(): VERT OFFSET---------------[0]
2016-08-22 12:32:27:198[cInfo        ] BufferInfo::AddMesh(): INDICES OFFSET (BYTES)----[0]
2016-08-22 12:32:27:199[cInfo        ] --------------------|  END BUFFER MESH INFO  |--------------------------------------
2016-08-22 12:32:27:202[cInfo        ] 

2016-08-22 12:32:27:203[cInfo        ] 
-----------------------------------------------------------------------
 BufferInfo::CreateBuffers()[0] Created buffers:| VERTEX [13] with [3936] bytes. || INDEX [14] with [0] bytes |
-----------------------------------------------------------------------

2016-08-22 12:32:27:207[cInfo        ] --------BufferInfo::AddMesh() Added mesh successfully-------
2016-08-22 12:32:27:208[cInfo        ] 
2016-08-22 12:32:27:209[cInfo        ] --------------------| START BUFFER MESH INFO |-------------------------------------
2016-08-22 12:32:27:211[cInfo        ] BufferInfo::AddMesh(): NUM VERTS-----------------[164]
2016-08-22 12:32:27:212[cInfo        ] BufferInfo::AddMesh(): NUM INDICES---------------[0]
2016-08-22 12:32:27:212[cInfo        ] BufferInfo::AddMesh(): VERT OFFSET---------------[0]
2016-08-22 12:32:27:213[cInfo        ] BufferInfo::AddMesh(): INDICES OFFSET (BYTES)----[0]
2016-08-22 12:32:27:214[cInfo        ] --------------------|  END BUFFER MESH INFO  |--------------------------------------
2016-08-22 12:32:27:217[cInfo        ] 

2016-08-22 12:32:27:217[cProcess     ] ShapeGenerator initialized successfully.
2016-08-22 12:32:27:218[cProcess     ] Camera::Initialize() successful.
2016-08-22 12:32:27:219[cProcess     ] Keyboard::Initialize() successful
2016-08-22 12:32:27:220[cProcess     ] Keyboard::Initialize() successful
2016-08-22 12:32:27:233[cInfo        ] 
-----------------------------------------------------------------------
 BufferInfo::CreateBuffers()[0] Created buffers:| VERTEX [15] with [10810368] bytes. || INDEX [16] with [0] bytes |
-----------------------------------------------------------------------

2016-08-22 12:32:27:255[cInfo        ] --------BufferInfo::AddMesh() Added mesh successfully-------
2016-08-22 12:32:27:256[cInfo        ] 
2016-08-22 12:32:27:257[cInfo        ] --------------------| START BUFFER MESH INFO |-------------------------------------
2016-08-22 12:32:27:259[cInfo        ] BufferInfo::AddMesh(): NUM VERTS-----------------[337824]
2016-08-22 12:32:27:260[cInfo        ] BufferInfo::AddMesh(): NUM INDICES---------------[0]
2016-08-22 12:32:27:262[cInfo        ] BufferInfo::AddMesh(): VERT OFFSET---------------[0]
2016-08-22 12:32:27:264[cInfo        ] BufferInfo::AddMesh(): INDICES OFFSET (BYTES)----[0]
2016-08-22 12:32:27:265[cInfo        ] --------------------|  END BUFFER MESH INFO  |--------------------------------------
2016-08-22 12:32:27:267[cInfo        ] 

2016-08-22 12:32:27:303[Info         ] ShapeGenerator::ReadSceneFile(): Added new scene [..\Data\Scenes\Dargon.ptn.scene] successfully.
2016-08-22 12:32:27:303[cInfo        ] EntityManager::BuildPlayerEntity(): Built [Dargon] successfully
2016-08-22 12:32:27:309[Process      ] BufferInfo::Initialize() successful.
2016-08-22 12:32:27:315[cInfo        ] 
-----------------------------------------------------------------------
 BufferInfo::CreateBuffers()[2] Created buffers:| VERTEX [17] with [1000000] bytes. || INDEX [18] with [1000000] bytes |
-----------------------------------------------------------------------

2016-08-22 12:32:27:319[cInfo        ] --------BufferInfo::AddMesh() Added mesh successfully-------
2016-08-22 12:32:27:320[cInfo        ] 
2016-08-22 12:32:27:321[cInfo        ] --------------------| START BUFFER MESH INFO |-------------------------------------
2016-08-22 12:32:27:322[cInfo        ] BufferInfo::AddMesh(): NUM VERTS-----------------[36]
2016-08-22 12:32:27:323[cInfo        ] BufferInfo::AddMesh(): NUM INDICES---------------[0]
2016-08-22 12:32:27:324[cInfo        ] BufferInfo::AddMesh(): VERT OFFSET---------------[0]
2016-08-22 12:32:27:326[cInfo        ] BufferInfo::AddMesh(): INDICES OFFSET (BYTES)----[0]
2016-08-22 12:32:27:327[cInfo        ] --------------------|  END BUFFER MESH INFO  |--------------------------------------
2016-08-22 12:32:27:328[cInfo        ] 

2016-08-22 12:32:27:329[Info         ] ShapeGenerator::ReadSceneFile(): Added new scene [..\Data\Scenes\Cube.pn.scene] successfully.
2016-08-22 12:32:27:330[Process      ] BufferInfo::Initialize() successful.
2016-08-22 12:32:27:330[cInfo        ] 
-----------------------------------------------------------------------
 BufferInfo::CreateBuffers()[3] Created buffers:| VERTEX [19] with [1000000] bytes. || INDEX [20] with [1000000] bytes |
-----------------------------------------------------------------------

2016-08-22 12:32:27:334[cInfo        ] --------BufferInfo::AddMesh() Added mesh successfully-------
2016-08-22 12:32:27:334[cInfo        ] 
2016-08-22 12:32:27:335[cInfo        ] --------------------| START BUFFER MESH INFO |-------------------------------------
2016-08-22 12:32:27:336[cInfo        ] BufferInfo::AddMesh(): NUM VERTS-----------------[8718]
2016-08-22 12:32:27:336[cInfo        ] BufferInfo::AddMesh(): NUM INDICES---------------[0]
2016-08-22 12:32:27:337[cInfo        ] BufferInfo::AddMesh(): VERT OFFSET---------------[0]
2016-08-22 12:32:27:338[cInfo        ] BufferInfo::AddMesh(): INDICES OFFSET (BYTES)----[0]
2016-08-22 12:32:27:339[cInfo        ] --------------------|  END BUFFER MESH INFO  |--------------------------------------
2016-08-22 12:32:27:340[cInfo        ] 

2016-08-22 12:32:27:346[Info         ] ShapeGenerator::ReadSceneFile(): Added new scene [..\Data\Scenes\AIWorld.ptn.scene] successfully.
2016-08-22 12:32:27:346[cInfo        ] --------BufferInfo::AddMesh() Added mesh successfully-------
2016-08-22 12:32:27:347[cInfo        ] 
2016-08-22 12:32:27:348[cInfo        ] --------------------| START BUFFER MESH INFO |-------------------------------------
2016-08-22 12:32:27:349[cInfo        ] BufferInfo::AddMesh(): NUM VERTS-----------------[18]
2016-08-22 12:32:27:349[cInfo        ] BufferInfo::AddMesh(): NUM INDICES---------------[0]
2016-08-22 12:32:27:351[cInfo        ] BufferInfo::AddMesh(): VERT OFFSET---------------[36]
2016-08-22 12:32:27:352[cInfo        ] BufferInfo::AddMesh(): INDICES OFFSET (BYTES)----[0]
2016-08-22 12:32:27:353[cInfo        ] --------------------|  END BUFFER MESH INFO  |--------------------------------------
2016-08-22 12:32:27:354[cInfo        ] 

2016-08-22 12:32:27:354[Info         ] ShapeGenerator::ReadSceneFile(): Added new scene [..\Data\Scenes\Pyramid.pn.scene] successfully.
2016-08-22 12:32:27:361[cInfo        ] 
-----------------------------------------------------------------------
 BufferInfo::CreateBuffers()[0] Created buffers:| VERTEX [21] with [5529600] bytes. || INDEX [22] with [0] bytes |
-----------------------------------------------------------------------

2016-08-22 12:32:27:378[cInfo        ] --------BufferInfo::AddMesh() Added mesh successfully-------
2016-08-22 12:32:27:379[cInfo        ] 
2016-08-22 12:32:27:379[cInfo        ] --------------------| START BUFFER MESH INFO |-------------------------------------
2016-08-22 12:32:27:380[cInfo        ] BufferInfo::AddMesh(): NUM VERTS-----------------[172800]
2016-08-22 12:32:27:381[cInfo        ] BufferInfo::AddMesh(): NUM INDICES---------------[0]
2016-08-22 12:32:27:382[cInfo        ] BufferInfo::AddMesh(): VERT OFFSET---------------[0]
2016-08-22 12:32:27:383[cInfo        ] BufferInfo::AddMesh(): INDICES OFFSET (BYTES)----[0]
2016-08-22 12:32:27:384[cInfo        ] --------------------|  END BUFFER MESH INFO  |--------------------------------------
2016-08-22 12:32:27:385[cInfo        ] 

2016-08-22 12:32:27:385[Info         ] ShapeGenerator::ReadSceneFile(): Added new scene [..\Data\Scenes\WaterPlane.ptn.scene] successfully.
2016-08-22 12:32:27:386[cProcess     ] Camera::Initialize() successful.
2016-08-22 12:32:27:396[Process      ] BufferInfo::Initialize() successful.
2016-08-22 12:32:27:396[cInfo        ] 
-----------------------------------------------------------------------
 BufferInfo::CreateBuffers()[4] Created buffers:| VERTEX [23] with [8107776] bytes. || INDEX [24] with [0] bytes |
-----------------------------------------------------------------------

2016-08-22 12:32:27:417[cInfo        ] --------BufferInfo::AddMesh() Added mesh successfully-------
2016-08-22 12:32:27:419[cInfo        ] 
2016-08-22 12:32:27:419[cInfo        ] --------------------| START BUFFER MESH INFO |-------------------------------------
2016-08-22 12:32:27:420[cInfo        ] BufferInfo::AddMesh(): NUM VERTS-----------------[337824]
2016-08-22 12:32:27:421[cInfo        ] BufferInfo::AddMesh(): NUM INDICES---------------[0]
2016-08-22 12:32:27:423[cInfo        ] BufferInfo::AddMesh(): VERT OFFSET---------------[0]
2016-08-22 12:32:27:424[cInfo        ] BufferInfo::AddMesh(): INDICES OFFSET (BYTES)----[0]
2016-08-22 12:32:27:425[cInfo        ] --------------------|  END BUFFER MESH INFO  |--------------------------------------
2016-08-22 12:32:27:426[cInfo        ] 

2016-08-22 12:32:27:427[Info         ] ShapeGenerator::ReadSceneFile(): Added new scene [..\Data\Scenes\Dargon.pn.scene] successfully.
2016-08-22 12:32:27:427[Process      ] BufferInfo::Initialize() successful.
2016-08-22 12:32:27:427[cInfo        ] 
-----------------------------------------------------------------------
 BufferInfo::CreateBuffers()[5] Created buffers:| VERTEX [25] with [1000000] bytes. || INDEX [26] with [1000000] bytes |
-----------------------------------------------------------------------

2016-08-22 12:32:27:432[cInfo        ] --------BufferInfo::AddMesh() Added mesh successfully-------
2016-08-22 12:32:27:434[cInfo        ] 
2016-08-22 12:32:27:434[cInfo        ] --------------------| START BUFFER MESH INFO |-------------------------------------
2016-08-22 12:32:27:435[cInfo        ] BufferInfo::AddMesh(): NUM VERTS-----------------[6]
2016-08-22 12:32:27:437[cInfo        ] BufferInfo::AddMesh(): NUM INDICES---------------[0]
2016-08-22 12:32:27:438[cInfo        ] BufferInfo::AddMesh(): VERT OFFSET---------------[0]
2016-08-22 12:32:27:440[cInfo        ] BufferInfo::AddMesh(): INDICES OFFSET (BYTES)----[0]
2016-08-22 12:32:27:441[cInfo        ] --------------------|  END BUFFER MESH INFO  |--------------------------------------
2016-08-22 12:32:27:444[cInfo        ] 

2016-08-22 12:32:27:445[cProcess     ] BodaciousQuest::Initialize() successful.
2016-08-22 12:32:27:446[Process      ] GameTime::Initialize() ok

2016-08-22 12:32:27:446[cProcess     ] MyWindow::Initialize() successful!
2016-08-22 12:32:30:938[cInfo        ] Cube Position: -0.875458 3.673020 1.043331
2016-08-22 12:32:32:210[cInfo        ] Cube Position: 7.058256 1.903172 21.495411
2016-08-22 12:32:32:752[cProcess     ] BufferManager::Shutdown() successful.
2016-08-22 12:32:32:753[cProcess     ] RenderEngine::Shutdown() successful.
2016-08-22 12:32:32:754[cProcess     ] Camera::Shutdown() successful.
2016-08-22 12:32:32:756[Info         ] Shader  [2] deleting...
2016-08-22 12:32:32:756[Info         ] Shader  [2] deleted successfully.
2016-08-22 12:32:32:756[Info         ] Shader  [3] deleting...
2016-08-22 12:32:32:756[Info         ] Shader  [3] deleted successfully.
2016-08-22 12:32:32:756[Info         ] All shaders deleted successfully.
2016-08-22 12:32:32:756[cInfo        ] Program [1] deleted successfully.
2016-08-22 12:32:32:756[Process      ] ShaderProgram[1]::Shutdown successful!
2016-08-22 12:32:32:757[Info         ] Shader  [5] deleting...
2016-08-22 12:32:32:757[Info         ] Shader  [5] deleted successfully.
2016-08-22 12:32:32:757[Info         ] Shader  [6] deleting...
2016-08-22 12:32:32:757[Info         ] Shader  [6] deleted successfully.
2016-08-22 12:32:32:757[Info         ] All shaders deleted successfully.
2016-08-22 12:32:32:757[cInfo        ] Program [4] deleted successfully.
2016-08-22 12:32:32:757[Process      ] ShaderProgram[4]::Shutdown successful!
2016-08-22 12:32:32:758[Info         ] Shader  [8] deleting...
2016-08-22 12:32:32:758[Info         ] Shader  [8] deleted successfully.
2016-08-22 12:32:32:758[Info         ] Shader  [9] deleting...
2016-08-22 12:32:32:758[Info         ] Shader  [9] deleted successfully.
2016-08-22 12:32:32:758[Info         ] All shaders deleted successfully.
2016-08-22 12:32:32:758[cInfo        ] Program [7] deleted successfully.
2016-08-22 12:32:32:758[Process      ] ShaderProgram[7]::Shutdown successful!
2016-08-22 12:32:32:758[Info         ] Shader  [11] deleting...
2016-08-22 12:32:32:758[Info         ] Shader  [11] deleted successfully.
2016-08-22 12:32:32:758[Info         ] Shader  [12] deleting...
2016-08-22 12:32:32:758[Info         ] Shader  [12] deleted successfully.
2016-08-22 12:32:32:758[Info         ] All shaders deleted successfully.
2016-08-22 12:32:32:759[cInfo        ] Program [10] deleted successfully.
2016-08-22 12:32:32:759[Process      ] ShaderProgram[10]::Shutdown successful!
2016-08-22 12:32:32:759[Info         ] Shader  [14] deleting...
2016-08-22 12:32:32:759[Info         ] Shader  [14] deleted successfully.
2016-08-22 12:32:32:759[Info         ] Shader  [15] deleting...
2016-08-22 12:32:32:759[Info         ] Shader  [15] deleted successfully.
2016-08-22 12:32:32:759[Info         ] All shaders deleted successfully.
2016-08-22 12:32:32:759[cInfo        ] Program [13] deleted successfully.
2016-08-22 12:32:32:760[Process      ] ShaderProgram[13]::Shutdown successful!
2016-08-22 12:32:32:760[Info         ] Shader  [17] deleting...
2016-08-22 12:32:32:760[Info         ] Shader  [17] deleted successfully.
2016-08-22 12:32:32:760[Info         ] Shader  [18] deleting...
2016-08-22 12:32:32:760[Info         ] Shader  [18] deleted successfully.
2016-08-22 12:32:32:760[Info         ] All shaders deleted successfully.
2016-08-22 12:32:32:760[cInfo        ] Program [16] deleted successfully.
2016-08-22 12:32:32:761[Process      ] ShaderProgram[16]::Shutdown successful!
2016-08-22 12:32:32:761[Info         ] Shader  [20] deleting...
2016-08-22 12:32:32:761[Info         ] Shader  [20] deleted successfully.
2016-08-22 12:32:32:761[Info         ] Shader  [21] deleting...
2016-08-22 12:32:32:761[Info         ] Shader  [21] deleted successfully.
2016-08-22 12:32:32:761[Info         ] All shaders deleted successfully.
2016-08-22 12:32:32:761[cInfo        ] Program [19] deleted successfully.
2016-08-22 12:32:32:762[Process      ] ShaderProgram[19]::Shutdown successful!
2016-08-22 12:32:32:762[cProcess     ] MyWindow::Shutdown() successful!
2016-08-22 12:32:32:762[cProcess     ] BodaciousQuest::Shutdown() successful.
2016-08-22 12:32:32:786[Process      ] ConfigReader shut down successfully
2016-08-22 12:32:32:786[Process      ] GameLogger::ShutDown() successful
