2016-08-21 15:10:25:414[Process      ] GameLogger::Initialize() opened log file [..\Data\LogFiles\2016-08-21 15-10-25.BodaciousQuest.log] for writing
2016-08-21 15:10:25:415[Info         ] GameLogger::Initialize() successful
2016-08-21 15:10:25:415[Process      ] ConfigReader opened [..\Data\BodaciousQuest.config] successfully
2016-08-21 15:10:25:415[Info         ] ConfigReader initialized successfully
2016-08-21 15:10:25:415[Info         ] Valid KVP [BodaciousQuest.ShowFullScreen] [false] added
2016-08-21 15:10:25:415[Info         ] Valid KVP [BodaciousQuest.FpsInterval] [5.0] added
2016-08-21 15:10:25:415[Info         ] Valid KVP [BodaciousQuest.EnableControls] [true] added
2016-08-21 15:10:25:415[Info         ] Valid KVP [BodaciousQuest.LoadCubeFirst] [true] added
2016-08-21 15:10:25:415[Info         ] Valid KVP [BodaciousQuest.CameraWalkMode] [false] added
2016-08-21 15:10:25:415[Info         ] Valid KVP [BodaciousQuest.GridSize] [40] added
2016-08-21 15:10:25:415[Info         ] Valid KVP [BodaciousQuest.LightingTest.Ambient.Color] [1.0  1.0  1.0] added
2016-08-21 15:10:25:415[Info         ] Valid KVP [BodaciousQuest.LightingTest.Diffuse.Color] [1.0  1.0  1.0] added
2016-08-21 15:10:25:415[Info         ] Valid KVP [BodaciousQuest.LightingTest.Specular.Color] [0.0  0.0  0.0] added
2016-08-21 15:10:25:415[Info         ] Valid KVP [BodaciousQuest.LightingTest.Ambient.Reflectivity] [0.01] added
2016-08-21 15:10:25:415[Info         ] Valid KVP [BodaciousQuest.LightingTest.Diffuse.Reflectivity] [0.8] added
2016-08-21 15:10:25:415[Info         ] Valid KVP [BodaciousQuest.LightingTest.Specular.Reflectivity] [0.5] added
2016-08-21 15:10:25:415[Info         ] Valid KVP [BodaciousQuest.LightingTest.Specular.Shininess] [1.0] added
2016-08-21 15:10:25:415[Info         ] Valid KVP [BodaciousQuest.LightingTest.Falloff.A] [1.0] added
2016-08-21 15:10:25:415[Info         ] Valid KVP [BodaciousQuest.LightingTest.Falloff.B] [0.01] added
2016-08-21 15:10:25:415[Info         ] Valid KVP [BodaciousQuest.LightingTest.Falloff.C] [0.0001] added
2016-08-21 15:10:25:415[Info         ] Valid KVP [BodaciousQuest.LightingTest.Directional] [false] added
2016-08-21 15:10:25:415[Info         ] Valid KVP [BodaciousQuest.LightingTest.Direction] [-1.0 0.0 1.0] added
2016-08-21 15:10:25:415[Info         ] Valid KVP [BodaciousQuest.LightingTest.Light.Position] [-0.875458 3.673020 1.043331] added
2016-08-21 15:10:25:415[Info         ] Valid KVP [BodaciousQuest.LightingTest.Dargon.Color] [1.0 1.0 0.4] added
2016-08-21 15:10:25:415[Info         ] Valid KVP [ObjConverter.Mode.VertexType] [pn] added
2016-08-21 15:10:25:415[Info         ] Valid KVP [ObjConverter.Mode.Analyze] [false] added
2016-08-21 15:10:25:415[Info         ] Valid KVP [ObjConverter.Model] [Dargon] added
2016-08-21 15:10:25:415[Info         ] Valid KVP [ObjConverter.Shader] [4] added
2016-08-21 15:10:25:415[Info         ] Valid KVP [ObjConverter.Color] [random] added
2016-08-21 15:10:25:415[Info         ] Valid KVP [ObjConverter.Obj.InputFileFolder] [..\\Data\\Objs\\] added
2016-08-21 15:10:25:415[Info         ] Valid KVP [ObjConverter.Scene.OutputFileFolder] [..\\Data\\Scenes\\] added
2016-08-21 15:10:25:415[Info         ] Valid KVP [ObjConverter.Model.Dargon.NumVerts] [57967] added
2016-08-21 15:10:25:415[Info         ] Valid KVP [ObjConverter.Model.Dargon.NumIndices] [337824] added
2016-08-21 15:10:25:415[Info         ] Valid KVP [ObjConverter.Model.Dargon.NumTexCoords] [60175] added
2016-08-21 15:10:25:415[Info         ] Valid KVP [ObjConverter.Model.Dargon.NumNormals] [337824] added
2016-08-21 15:10:25:416[Info         ] Valid KVP [ObjConverter.Model.Swamp.NumVerts] [2735] added
2016-08-21 15:10:25:416[Info         ] Valid KVP [ObjConverter.Model.Swamp.NumIndices] [8556] added
2016-08-21 15:10:25:416[Info         ] Valid KVP [ObjConverter.Model.Swamp.NumTexCoords] [3622] added
2016-08-21 15:10:25:416[Info         ] Valid KVP [ObjConverter.Model.Swamp.NumNormals] [5156] added
2016-08-21 15:10:25:416[Info         ] Valid KVP [ObjConverter.Model.Pyramid.NumVerts] [5] added
2016-08-21 15:10:25:416[Info         ] Valid KVP [ObjConverter.Model.Pyramid.NumIndices] [18] added
2016-08-21 15:10:25:416[Info         ] Valid KVP [ObjConverter.Model.Pyramid.NumTexCoords] [10] added
2016-08-21 15:10:25:416[Info         ] Valid KVP [ObjConverter.Model.Pyramid.NumNormals] [16] added
2016-08-21 15:10:25:416[Info         ] Valid KVP [ObjConverter.Model.AIWorld.NumVerts] [1957] added
2016-08-21 15:10:25:416[Info         ] Valid KVP [ObjConverter.Model.AIWorld.NumIndices] [8718] added
2016-08-21 15:10:25:416[Info         ] Valid KVP [ObjConverter.Model.AIWorld.NumTexCoords] [4186] added
2016-08-21 15:10:25:416[Info         ] Valid KVP [ObjConverter.Model.AIWorld.NumNormals] [5418] added
2016-08-21 15:10:25:416[Info         ] Valid KVP [ObjConverter.Model.GameWeapon.NumVerts] [2068] added
2016-08-21 15:10:25:416[Info         ] Valid KVP [ObjConverter.Model.GameWeapon.NumIndices] [9894] added
2016-08-21 15:10:25:416[Info         ] Valid KVP [ObjConverter.Model.GameWeapon.NumTexCoords] [0] added
2016-08-21 15:10:25:416[Info         ] Valid KVP [ObjConverter.Model.GameWeapon.NumNormals] [0] added
2016-08-21 15:10:25:416[Info         ] Valid KVP [ObjConverter.Model.Chicken.NumVerts] [224] added
2016-08-21 15:10:25:416[Info         ] Valid KVP [ObjConverter.Model.Chicken.NumIndices] [1374] added
2016-08-21 15:10:25:416[Info         ] Valid KVP [ObjConverter.Model.Chicken.NumTexCoords] [472] added
2016-08-21 15:10:25:416[Info         ] Valid KVP [ObjConverter.Model.Chicken.NumNormals] [565] added
2016-08-21 15:10:25:416[Info         ] Valid KVP [ObjConverter.Model.WaterPlane.NumVerts] [29282] added
2016-08-21 15:10:25:416[Info         ] Valid KVP [ObjConverter.Model.WaterPlane.NumIndices] [172800] added
2016-08-21 15:10:25:416[Info         ] Valid KVP [ObjConverter.Model.WaterPlane.NumTexCoords] [29282] added
2016-08-21 15:10:25:416[Info         ] Valid KVP [ObjConverter.Model.WaterPlane.NumNormals] [172800] added
2016-08-21 15:10:25:416[Info         ] Valid KVP [ObjConverter.Model.Cube.NumVerts] [8] added
2016-08-21 15:10:25:416[Info         ] Valid KVP [ObjConverter.Model.Cube.NumIndices] [36] added
2016-08-21 15:10:25:416[Info         ] Valid KVP [ObjConverter.Model.Cube.NumTexCoords] [14] added
2016-08-21 15:10:25:416[Info         ] Valid KVP [ObjConverter.Model.Cube.NumNormals] [24] added
2016-08-21 15:10:25:416[Info         ] Valid KVP [ObjConverter.Model.Barrel.NumVerts] [172] added
2016-08-21 15:10:25:416[Info         ] Valid KVP [ObjConverter.Model.Barrel.NumIndices] [1008] added
2016-08-21 15:10:25:416[Info         ] Valid KVP [ObjConverter.Model.Barrel.NumTexCoords] [328] added
2016-08-21 15:10:25:416[Info         ] Valid KVP [ObjConverter.Model.Barrel.NumNormals] [204] added
2016-08-21 15:10:25:416[Info         ] Valid KVP [ObjConverter.Model.SkyBox.NumVerts] [8] added
2016-08-21 15:10:25:416[Info         ] Valid KVP [ObjConverter.Model.SkyBox.NumIndices] [36] added
2016-08-21 15:10:25:416[Info         ] Valid KVP [ObjConverter.Model.SkyBox.NumTexCoords] [18] added
2016-08-21 15:10:25:416[Info         ] Valid KVP [ObjConverter.Model.SkyBox.NumNormals] [24] added
2016-08-21 15:10:25:483[cInfo        ] Config reader opened [..\Data\BodaciousQuest.config] for reading!
2016-08-21 15:10:25:539[Process      ] ShaderManager Initialized successfully
2016-08-21 15:10:25:539[Info         ] Shader Init started
2016-08-21 15:10:25:539[Info         ] Shader Program created.
2016-08-21 15:10:25:539[Process      ] ShaderProgram::Initialize()[1] successful!
2016-08-21 15:10:25:539[Debug        ] File [..\Data\shaders\debug.vert.shader] Opened successfully! Buffer Length:[291]
2016-08-21 15:10:25:539[Debug        ] Shader file [..\Data\shaders\debug.vert.shader] contents:
//BEGIN
#version 430 core

layout(location = 0)  in vec3 vPosition;

layout(location = 15) uniform vec3 colorin;
layout(location = 16) uniform mat4 MAT;

out vec4 color;

void main()
{
	vec4 vertPos = vec4(vPosition, 1.0);
	gl_Position = MAT *  vertPos;
	color = vec4(colorin, 1.0);
}
//END

2016-08-21 15:10:25:539[Debug        ]  ShaderProgram::AddShader() file with data was read in
2016-08-21 15:10:25:539[Debug        ] ShaderProgram::AddShader() : glShaderSource() successful
2016-08-21 15:10:25:540[Debug        ] ShaderProgram::AddShader() : glCompileShader() successful
2016-08-21 15:10:25:540[Info         ] ShaderProgram::CheckShaderCompileStatus(2) successful.
2016-08-21 15:10:25:540[Debug        ] ShaderProgram::AddShader() : glCompileShader() successful
2016-08-21 15:10:25:540[Info         ] ShaderInfo saved successfully.
2016-08-21 15:10:25:540[Debug        ] ShaderProgram::AddShader() : glAttachShader() successful
2016-08-21 15:10:25:540[Info         ] ShaderProgram::AddShader [2] successful.
2016-08-21 15:10:25:540[Debug        ] File [..\Data\shaders\debug.frag.shader] Opened successfully! Buffer Length:[104]
2016-08-21 15:10:25:540[Debug        ] Shader file [..\Data\shaders\debug.frag.shader] contents:
//BEGIN
#version 430 core


in  vec4 color;
out vec4 outColor;

void main()
{
	outColor = color;
}


//END

2016-08-21 15:10:25:540[Debug        ]  ShaderProgram::AddShader() file with data was read in
2016-08-21 15:10:25:540[Debug        ] ShaderProgram::AddShader() : glShaderSource() successful
2016-08-21 15:10:25:540[Debug        ] ShaderProgram::AddShader() : glCompileShader() successful
2016-08-21 15:10:25:540[Info         ] ShaderProgram::CheckShaderCompileStatus(3) successful.
2016-08-21 15:10:25:540[Debug        ] ShaderProgram::AddShader() : glCompileShader() successful
2016-08-21 15:10:25:540[Info         ] ShaderInfo saved successfully.
2016-08-21 15:10:25:540[Debug        ] ShaderProgram::AddShader() : glAttachShader() successful
2016-08-21 15:10:25:541[Info         ] ShaderProgram::AddShader [3] successful.
2016-08-21 15:10:25:542[Info         ] CheckProgramStatus() successful!
2016-08-21 15:10:25:542[Info         ] CheckProgramStatus() successful!
2016-08-21 15:10:25:542[Info         ] Shader Init started
2016-08-21 15:10:25:542[Info         ] Shader Program created.
2016-08-21 15:10:25:542[Process      ] ShaderProgram::Initialize()[4] successful!
2016-08-21 15:10:25:542[Debug        ] File [..\Data\shaders\play.vert.shader] Opened successfully! Buffer Length:[343]
2016-08-21 15:10:25:542[Debug        ] Shader file [..\Data\shaders\play.vert.shader] contents:
//BEGIN
#version 430 core

layout (location = 0)  in vec3 vPosition;
layout (location = 1)  in vec3 vColor;
layout (location = 15) uniform vec3 colorin;
layout (location = 16) uniform mat4 MAT;

out vec4 color;

void main()
{
	vec4 vertPos = vec4(vPosition, 1.0);
	gl_Position = MAT *  vertPos;
	color = vec4((vColor + colorin), 1.0);
}
//END

2016-08-21 15:10:25:542[Debug        ]  ShaderProgram::AddShader() file with data was read in
2016-08-21 15:10:25:542[Debug        ] ShaderProgram::AddShader() : glShaderSource() successful
2016-08-21 15:10:25:542[Debug        ] ShaderProgram::AddShader() : glCompileShader() successful
2016-08-21 15:10:25:542[Info         ] ShaderProgram::CheckShaderCompileStatus(5) successful.
2016-08-21 15:10:25:542[Debug        ] ShaderProgram::AddShader() : glCompileShader() successful
2016-08-21 15:10:25:542[Info         ] ShaderInfo saved successfully.
2016-08-21 15:10:25:542[Debug        ] ShaderProgram::AddShader() : glAttachShader() successful
2016-08-21 15:10:25:542[Info         ] ShaderProgram::AddShader [5] successful.
2016-08-21 15:10:25:542[Debug        ] File [..\Data\shaders\play.frag.shader] Opened successfully! Buffer Length:[391]
2016-08-21 15:10:25:542[Debug        ] Shader file [..\Data\shaders\play.frag.shader] contents:
//BEGIN
#version 430 core


in  vec4 color;
out vec4 outColor;

void main()
{

	//if (color.r < .7) discard;
	outColor = color;

	//if(((gl_FragCoord.x  > 600)&& (gl_FragCoord.y < 300)) || ((gl_FragCoord.y < 300)  && (gl_FragCoord.x  < 600) )) {
	//discard;
	//}

	//vec2 scrPos = vec2(gl_FragCoord) - vec2(350,150);
	//float len =  length(scrPos);
	//if(len < 50 )discard;
}


//END

2016-08-21 15:10:25:542[Debug        ]  ShaderProgram::AddShader() file with data was read in
2016-08-21 15:10:25:542[Debug        ] ShaderProgram::AddShader() : glShaderSource() successful
2016-08-21 15:10:25:543[Debug        ] ShaderProgram::AddShader() : glCompileShader() successful
2016-08-21 15:10:25:543[Info         ] ShaderProgram::CheckShaderCompileStatus(6) successful.
2016-08-21 15:10:25:543[Debug        ] ShaderProgram::AddShader() : glCompileShader() successful
2016-08-21 15:10:25:543[Info         ] ShaderInfo saved successfully.
2016-08-21 15:10:25:543[Debug        ] ShaderProgram::AddShader() : glAttachShader() successful
2016-08-21 15:10:25:543[Info         ] ShaderProgram::AddShader [6] successful.
2016-08-21 15:10:25:543[Info         ] CheckProgramStatus() successful!
2016-08-21 15:10:25:544[Info         ] CheckProgramStatus() successful!
2016-08-21 15:10:25:544[Info         ] Shader Init started
2016-08-21 15:10:25:544[Info         ] Shader Program created.
2016-08-21 15:10:25:544[Process      ] ShaderProgram::Initialize()[7] successful!
2016-08-21 15:10:25:544[Debug        ] File [..\Data\shaders\texture.vert.shader] Opened successfully! Buffer Length:[305]
2016-08-21 15:10:25:544[Debug        ] Shader file [..\Data\shaders\texture.vert.shader] contents:
//BEGIN
#version 430 core

layout (location = 0)  in vec3 vPosition;
layout (location = 1)  in vec2 vUV;

layout (location = 16) uniform mat4 MAT;

//out data
out vec2 UV;

//out vec4 color;

void main()
{
	vec4 vertPos = vec4(vPosition, 1.0);
	gl_Position = MAT *  vertPos;

	UV = vUV;
	
	
}
//END

2016-08-21 15:10:25:544[Debug        ]  ShaderProgram::AddShader() file with data was read in
2016-08-21 15:10:25:544[Debug        ] ShaderProgram::AddShader() : glShaderSource() successful
2016-08-21 15:10:25:544[Debug        ] ShaderProgram::AddShader() : glCompileShader() successful
2016-08-21 15:10:25:544[Info         ] ShaderProgram::CheckShaderCompileStatus(8) successful.
2016-08-21 15:10:25:544[Debug        ] ShaderProgram::AddShader() : glCompileShader() successful
2016-08-21 15:10:25:544[Info         ] ShaderInfo saved successfully.
2016-08-21 15:10:25:544[Debug        ] ShaderProgram::AddShader() : glAttachShader() successful
2016-08-21 15:10:25:544[Info         ] ShaderProgram::AddShader [8] successful.
2016-08-21 15:10:25:544[Debug        ] File [..\Data\shaders\texture.frag.shader] Opened successfully! Buffer Length:[482]
2016-08-21 15:10:25:544[Debug        ] Shader file [..\Data\shaders\texture.frag.shader] contents:
//BEGIN
#version 430 core


in  vec2 UV;
out vec4 outColor;

layout(location = 20) uniform sampler2D textureSampler;

void main()
{

	//if (color.r < .7) discard;
	outColor = vec4(texture(textureSampler, UV).rgb, 1.0);

	//if(((gl_FragCoord.x  > 600)&& (gl_FragCoord.y < 300)) || ((gl_FragCoord.y < 300)  && (gl_FragCoord.x  < 600) )) {
	//discard;
	//}
	//vec2 scrPos = vec2(gl_FragCoord) - vec2(350,150);
	//float len =  length(scrPos);
	//if(len < 50 )discard;
}


//END

2016-08-21 15:10:25:544[Debug        ]  ShaderProgram::AddShader() file with data was read in
2016-08-21 15:10:25:544[Debug        ] ShaderProgram::AddShader() : glShaderSource() successful
2016-08-21 15:10:25:544[Debug        ] ShaderProgram::AddShader() : glCompileShader() successful
2016-08-21 15:10:25:545[Info         ] ShaderProgram::CheckShaderCompileStatus(9) successful.
2016-08-21 15:10:25:545[Debug        ] ShaderProgram::AddShader() : glCompileShader() successful
2016-08-21 15:10:25:545[Info         ] ShaderInfo saved successfully.
2016-08-21 15:10:25:545[Debug        ] ShaderProgram::AddShader() : glAttachShader() successful
2016-08-21 15:10:25:545[Info         ] ShaderProgram::AddShader [9] successful.
2016-08-21 15:10:25:545[Info         ] CheckProgramStatus() successful!
2016-08-21 15:10:25:545[Info         ] CheckProgramStatus() successful!
2016-08-21 15:10:25:545[Info         ] Shader Init started
2016-08-21 15:10:25:546[Info         ] Shader Program created.
2016-08-21 15:10:25:546[Process      ] ShaderProgram::Initialize()[10] successful!
2016-08-21 15:10:25:546[Debug        ] File [..\Data\shaders\framebuffer.vert.shader] Opened successfully! Buffer Length:[305]
2016-08-21 15:10:25:546[Debug        ] Shader file [..\Data\shaders\framebuffer.vert.shader] contents:
//BEGIN
#version 430 core

layout (location = 0)  in vec3 vPosition;
layout (location = 1)  in vec2 vUV;

layout (location = 16) uniform mat4 MAT;

//out data
out vec2 UV;

//out vec4 color;

void main()
{
	vec4 vertPos = vec4(vPosition, 1.0);
	gl_Position = MAT *  vertPos;

	UV = vUV;
	
	
}
//END

2016-08-21 15:10:25:546[Debug        ]  ShaderProgram::AddShader() file with data was read in
2016-08-21 15:10:25:546[Debug        ] ShaderProgram::AddShader() : glShaderSource() successful
2016-08-21 15:10:25:546[Debug        ] ShaderProgram::AddShader() : glCompileShader() successful
2016-08-21 15:10:25:546[Info         ] ShaderProgram::CheckShaderCompileStatus(11) successful.
2016-08-21 15:10:25:546[Debug        ] ShaderProgram::AddShader() : glCompileShader() successful
2016-08-21 15:10:25:546[Info         ] ShaderInfo saved successfully.
2016-08-21 15:10:25:546[Debug        ] ShaderProgram::AddShader() : glAttachShader() successful
2016-08-21 15:10:25:546[Info         ] ShaderProgram::AddShader [11] successful.
2016-08-21 15:10:25:546[Debug        ] File [..\Data\shaders\framebuffer.frag.shader] Opened successfully! Buffer Length:[275]
2016-08-21 15:10:25:546[Debug        ] Shader file [..\Data\shaders\framebuffer.frag.shader] contents:
//BEGIN
#version 430 core


in  vec2 UV;
out vec4 outColor;

layout(location = 20) uniform sampler2D textureSampler;

void main()
{


	vec3 tempCol = texture(textureSampler, UV).rgb;

	outColor = vec4(tempCol.r / 1.5f, tempCol.g / 1.5f, tempCol.b / 1.5f, 1.0f);
}


//END

2016-08-21 15:10:25:546[Debug        ]  ShaderProgram::AddShader() file with data was read in
2016-08-21 15:10:25:546[Debug        ] ShaderProgram::AddShader() : glShaderSource() successful
2016-08-21 15:10:25:546[Debug        ] ShaderProgram::AddShader() : glCompileShader() successful
2016-08-21 15:10:25:546[Info         ] ShaderProgram::CheckShaderCompileStatus(12) successful.
2016-08-21 15:10:25:546[Debug        ] ShaderProgram::AddShader() : glCompileShader() successful
2016-08-21 15:10:25:546[Info         ] ShaderInfo saved successfully.
2016-08-21 15:10:25:546[Debug        ] ShaderProgram::AddShader() : glAttachShader() successful
2016-08-21 15:10:25:546[Info         ] ShaderProgram::AddShader [12] successful.
2016-08-21 15:10:25:547[Info         ] CheckProgramStatus() successful!
2016-08-21 15:10:25:547[Info         ] CheckProgramStatus() successful!
2016-08-21 15:10:25:547[Info         ] Shader Init started
2016-08-21 15:10:25:547[Info         ] Shader Program created.
2016-08-21 15:10:25:547[Process      ] ShaderProgram::Initialize()[13] successful!
2016-08-21 15:10:25:548[Debug        ] File [..\Data\shaders\lighting.vert.shader] Opened successfully! Buffer Length:[1145]
2016-08-21 15:10:25:548[cDebug       ] Shader file [..\Data\shaders\lighting.vert.shader] is too big to display contents.
2016-08-21 15:10:25:549[Debug        ]  ShaderProgram::AddShader() file with data was read in
2016-08-21 15:10:25:549[Debug        ] ShaderProgram::AddShader() : glShaderSource() successful
2016-08-21 15:10:25:550[Debug        ] ShaderProgram::AddShader() : glCompileShader() successful
2016-08-21 15:10:25:550[Info         ] ShaderProgram::CheckShaderCompileStatus(14) successful.
2016-08-21 15:10:25:550[Debug        ] ShaderProgram::AddShader() : glCompileShader() successful
2016-08-21 15:10:25:550[Info         ] ShaderInfo saved successfully.
2016-08-21 15:10:25:550[Debug        ] ShaderProgram::AddShader() : glAttachShader() successful
2016-08-21 15:10:25:550[Info         ] ShaderProgram::AddShader [14] successful.
2016-08-21 15:10:25:550[Debug        ] File [..\Data\shaders\lighting.frag.shader] Opened successfully! Buffer Length:[1744]
2016-08-21 15:10:25:550[cDebug       ] Shader file [..\Data\shaders\lighting.frag.shader] is too big to display contents.
2016-08-21 15:10:25:551[Debug        ]  ShaderProgram::AddShader() file with data was read in
2016-08-21 15:10:25:551[Debug        ] ShaderProgram::AddShader() : glShaderSource() successful
2016-08-21 15:10:25:552[Debug        ] ShaderProgram::AddShader() : glCompileShader() successful
2016-08-21 15:10:25:552[Info         ] ShaderProgram::CheckShaderCompileStatus(15) successful.
2016-08-21 15:10:25:552[Debug        ] ShaderProgram::AddShader() : glCompileShader() successful
2016-08-21 15:10:25:552[Info         ] ShaderInfo saved successfully.
2016-08-21 15:10:25:552[Debug        ] ShaderProgram::AddShader() : glAttachShader() successful
2016-08-21 15:10:25:552[Info         ] ShaderProgram::AddShader [15] successful.
2016-08-21 15:10:25:556[Info         ] CheckProgramStatus() successful!
2016-08-21 15:10:25:557[Info         ] CheckProgramStatus() successful!
2016-08-21 15:10:25:557[Info         ] Shader Init started
2016-08-21 15:10:25:557[Info         ] Shader Program created.
2016-08-21 15:10:25:557[Process      ] ShaderProgram::Initialize()[16] successful!
2016-08-21 15:10:25:557[Debug        ] File [..\Data\shaders\texlighting.vert.shader] Opened successfully! Buffer Length:[1110]
2016-08-21 15:10:25:557[cDebug       ] Shader file [..\Data\shaders\texlighting.vert.shader] is too big to display contents.
2016-08-21 15:10:25:560[Debug        ]  ShaderProgram::AddShader() file with data was read in
2016-08-21 15:10:25:560[Debug        ] ShaderProgram::AddShader() : glShaderSource() successful
2016-08-21 15:10:25:560[Debug        ] ShaderProgram::AddShader() : glCompileShader() successful
2016-08-21 15:10:25:560[Info         ] ShaderProgram::CheckShaderCompileStatus(17) successful.
2016-08-21 15:10:25:560[Debug        ] ShaderProgram::AddShader() : glCompileShader() successful
2016-08-21 15:10:25:560[Info         ] ShaderInfo saved successfully.
2016-08-21 15:10:25:560[Debug        ] ShaderProgram::AddShader() : glAttachShader() successful
2016-08-21 15:10:25:560[Info         ] ShaderProgram::AddShader [17] successful.
2016-08-21 15:10:25:560[Debug        ] File [..\Data\shaders\texlighting.frag.shader] Opened successfully! Buffer Length:[1717]
2016-08-21 15:10:25:561[cDebug       ] Shader file [..\Data\shaders\texlighting.frag.shader] is too big to display contents.
2016-08-21 15:10:25:562[Debug        ]  ShaderProgram::AddShader() file with data was read in
2016-08-21 15:10:25:562[Debug        ] ShaderProgram::AddShader() : glShaderSource() successful
2016-08-21 15:10:25:562[Debug        ] ShaderProgram::AddShader() : glCompileShader() successful
2016-08-21 15:10:25:562[Info         ] ShaderProgram::CheckShaderCompileStatus(18) successful.
2016-08-21 15:10:25:562[Debug        ] ShaderProgram::AddShader() : glCompileShader() successful
2016-08-21 15:10:25:563[Info         ] ShaderInfo saved successfully.
2016-08-21 15:10:25:563[Debug        ] ShaderProgram::AddShader() : glAttachShader() successful
2016-08-21 15:10:25:563[Info         ] ShaderProgram::AddShader [18] successful.
2016-08-21 15:10:25:565[Info         ] CheckProgramStatus() successful!
2016-08-21 15:10:25:566[Info         ] CheckProgramStatus() successful!
2016-08-21 15:10:25:566[Info         ] Shader Init started
2016-08-21 15:10:25:566[Info         ] Shader Program created.
2016-08-21 15:10:25:566[Process      ] ShaderProgram::Initialize()[19] successful!
2016-08-21 15:10:25:566[Debug        ] File [..\Data\shaders\water.vert.shader] Opened successfully! Buffer Length:[1400]
2016-08-21 15:10:25:566[cDebug       ] Shader file [..\Data\shaders\water.vert.shader] is too big to display contents.
2016-08-21 15:10:25:568[Debug        ]  ShaderProgram::AddShader() file with data was read in
2016-08-21 15:10:25:568[Debug        ] ShaderProgram::AddShader() : glShaderSource() successful
2016-08-21 15:10:25:568[Debug        ] ShaderProgram::AddShader() : glCompileShader() successful
2016-08-21 15:10:25:568[Info         ] ShaderProgram::CheckShaderCompileStatus(20) successful.
2016-08-21 15:10:25:568[Debug        ] ShaderProgram::AddShader() : glCompileShader() successful
2016-08-21 15:10:25:569[Info         ] ShaderInfo saved successfully.
2016-08-21 15:10:25:569[Debug        ] ShaderProgram::AddShader() : glAttachShader() successful
2016-08-21 15:10:25:569[Info         ] ShaderProgram::AddShader [20] successful.
2016-08-21 15:10:25:569[Debug        ] File [..\Data\shaders\water.frag.shader] Opened successfully! Buffer Length:[2436]
2016-08-21 15:10:25:569[cDebug       ] Shader file [..\Data\shaders\water.frag.shader] is too big to display contents.
2016-08-21 15:10:25:570[Debug        ]  ShaderProgram::AddShader() file with data was read in
2016-08-21 15:10:25:570[Debug        ] ShaderProgram::AddShader() : glShaderSource() successful
2016-08-21 15:10:25:571[Debug        ] ShaderProgram::AddShader() : glCompileShader() successful
2016-08-21 15:10:25:571[Info         ] ShaderProgram::CheckShaderCompileStatus(21) successful.
2016-08-21 15:10:25:571[Debug        ] ShaderProgram::AddShader() : glCompileShader() successful
2016-08-21 15:10:25:571[Info         ] ShaderInfo saved successfully.
2016-08-21 15:10:25:571[Debug        ] ShaderProgram::AddShader() : glAttachShader() successful
2016-08-21 15:10:25:571[Info         ] ShaderProgram::AddShader [21] successful.
2016-08-21 15:10:25:574[Info         ] CheckProgramStatus() successful!
2016-08-21 15:10:25:574[Info         ] CheckProgramStatus() successful!
2016-08-21 15:10:25:574[Info         ] GetAttribLocation [vPosition] successful.
2016-08-21 15:10:25:574[Info         ] GetUniformLocation [colorin] successful.
2016-08-21 15:10:25:574[Info         ] GetUniformLocation [MAT] successful.
2016-08-21 15:10:25:574[cProcess     ] RenderEngine::Initialize() successful.
2016-08-21 15:10:25:575[cInfo        ] 
-----------------------------------------------------------------------
 BufferInfo::CreateBuffers()[0] Created buffers:| VERTEX [1] with [80] bytes. || INDEX [2] with [24] bytes |
-----------------------------------------------------------------------

2016-08-21 15:10:25:581[cInfo        ] --------BufferInfo::AddMesh() Added mesh successfully-------
2016-08-21 15:10:25:582[cInfo        ] 
2016-08-21 15:10:25:583[cInfo        ] --------------------| START BUFFER MESH INFO |-------------------------------------
2016-08-21 15:10:25:584[cInfo        ] BufferInfo::AddMesh(): NUM VERTS-----------------[4]
2016-08-21 15:10:25:585[cInfo        ] BufferInfo::AddMesh(): NUM INDICES---------------[6]
2016-08-21 15:10:25:588[cInfo        ] BufferInfo::AddMesh(): VERT OFFSET---------------[0]
2016-08-21 15:10:25:589[cInfo        ] BufferInfo::AddMesh(): INDICES OFFSET (BYTES)----[0]
2016-08-21 15:10:25:590[cInfo        ] --------------------|  END BUFFER MESH INFO  |--------------------------------------
2016-08-21 15:10:25:591[cInfo        ] 

2016-08-21 15:10:25:592[cInfo        ] 
-----------------------------------------------------------------------
 BufferInfo::CreateBuffers()[0] Created buffers:| VERTEX [3] with [96] bytes. || INDEX [4] with [48] bytes |
-----------------------------------------------------------------------

2016-08-21 15:10:25:598[cInfo        ] --------BufferInfo::AddMesh() Added mesh successfully-------
2016-08-21 15:10:25:600[cInfo        ] 
2016-08-21 15:10:25:601[cInfo        ] --------------------| START BUFFER MESH INFO |-------------------------------------
2016-08-21 15:10:25:603[cInfo        ] BufferInfo::AddMesh(): NUM VERTS-----------------[8]
2016-08-21 15:10:25:604[cInfo        ] BufferInfo::AddMesh(): NUM INDICES---------------[24]
2016-08-21 15:10:25:607[cInfo        ] BufferInfo::AddMesh(): VERT OFFSET---------------[0]
2016-08-21 15:10:25:608[cInfo        ] BufferInfo::AddMesh(): INDICES OFFSET (BYTES)----[0]
2016-08-21 15:10:25:609[cInfo        ] --------------------|  END BUFFER MESH INFO  |--------------------------------------
2016-08-21 15:10:25:610[cInfo        ] 

2016-08-21 15:10:25:612[cInfo        ] 
-----------------------------------------------------------------------
 BufferInfo::CreateBuffers()[0] Created buffers:| VERTEX [5] with [864] bytes. || INDEX [6] with [0] bytes |
-----------------------------------------------------------------------

2016-08-21 15:10:25:619[cInfo        ] --------BufferInfo::AddMesh() Added mesh successfully-------
2016-08-21 15:10:25:621[cInfo        ] 
2016-08-21 15:10:25:622[cInfo        ] --------------------| START BUFFER MESH INFO |-------------------------------------
2016-08-21 15:10:25:624[cInfo        ] BufferInfo::AddMesh(): NUM VERTS-----------------[36]
2016-08-21 15:10:25:627[cInfo        ] BufferInfo::AddMesh(): NUM INDICES---------------[0]
2016-08-21 15:10:25:628[cInfo        ] BufferInfo::AddMesh(): VERT OFFSET---------------[0]
2016-08-21 15:10:25:630[cInfo        ] BufferInfo::AddMesh(): INDICES OFFSET (BYTES)----[0]
2016-08-21 15:10:25:631[cInfo        ] --------------------|  END BUFFER MESH INFO  |--------------------------------------
2016-08-21 15:10:25:632[cInfo        ] 

2016-08-21 15:10:25:633[cInfo        ] 
-----------------------------------------------------------------------
 BufferInfo::CreateBuffers()[0] Created buffers:| VERTEX [7] with [144] bytes. || INDEX [8] with [0] bytes |
-----------------------------------------------------------------------

2016-08-21 15:10:25:640[cInfo        ] --------BufferInfo::AddMesh() Added mesh successfully-------
2016-08-21 15:10:25:641[cInfo        ] 
2016-08-21 15:10:25:642[cInfo        ] --------------------| START BUFFER MESH INFO |-------------------------------------
2016-08-21 15:10:25:643[cInfo        ] BufferInfo::AddMesh(): NUM VERTS-----------------[6]
2016-08-21 15:10:25:643[cInfo        ] BufferInfo::AddMesh(): NUM INDICES---------------[0]
2016-08-21 15:10:25:644[cInfo        ] BufferInfo::AddMesh(): VERT OFFSET---------------[0]
2016-08-21 15:10:25:645[cInfo        ] BufferInfo::AddMesh(): INDICES OFFSET (BYTES)----[0]
2016-08-21 15:10:25:647[cInfo        ] --------------------|  END BUFFER MESH INFO  |--------------------------------------
2016-08-21 15:10:25:649[cInfo        ] 

2016-08-21 15:10:25:650[Process      ] BufferInfo::Initialize() successful.
2016-08-21 15:10:25:650[cInfo        ] 
-----------------------------------------------------------------------
 BufferInfo::CreateBuffers()[0] Created buffers:| VERTEX [9] with [1000000] bytes. || INDEX [10] with [1000000] bytes |
-----------------------------------------------------------------------

2016-08-21 15:10:25:653[cInfo        ] --------BufferInfo::AddMesh() Added mesh successfully-------
2016-08-21 15:10:25:655[cInfo        ] 
2016-08-21 15:10:25:656[cInfo        ] --------------------| START BUFFER MESH INFO |-------------------------------------
2016-08-21 15:10:25:658[cInfo        ] BufferInfo::AddMesh(): NUM VERTS-----------------[24]
2016-08-21 15:10:25:660[cInfo        ] BufferInfo::AddMesh(): NUM INDICES---------------[36]
2016-08-21 15:10:25:661[cInfo        ] BufferInfo::AddMesh(): VERT OFFSET---------------[0]
2016-08-21 15:10:25:662[cInfo        ] BufferInfo::AddMesh(): INDICES OFFSET (BYTES)----[0]
2016-08-21 15:10:25:664[cInfo        ] --------------------|  END BUFFER MESH INFO  |--------------------------------------
2016-08-21 15:10:25:666[cInfo        ] 

2016-08-21 15:10:25:669[Process      ] BufferInfo::Initialize() successful.
2016-08-21 15:10:25:669[cInfo        ] 
-----------------------------------------------------------------------
 BufferInfo::CreateBuffers()[1] Created buffers:| VERTEX [11] with [1000000] bytes. || INDEX [12] with [1000000] bytes |
-----------------------------------------------------------------------

2016-08-21 15:10:25:675[cInfo        ] --------BufferInfo::AddMesh() Added mesh successfully-------
2016-08-21 15:10:25:677[cInfo        ] 
2016-08-21 15:10:25:678[cInfo        ] --------------------| START BUFFER MESH INFO |-------------------------------------
2016-08-21 15:10:25:679[cInfo        ] BufferInfo::AddMesh(): NUM VERTS-----------------[1536]
2016-08-21 15:10:25:680[cInfo        ] BufferInfo::AddMesh(): NUM INDICES---------------[3072]
2016-08-21 15:10:25:680[cInfo        ] BufferInfo::AddMesh(): VERT OFFSET---------------[0]
2016-08-21 15:10:25:681[cInfo        ] BufferInfo::AddMesh(): INDICES OFFSET (BYTES)----[0]
2016-08-21 15:10:25:682[cInfo        ] --------------------|  END BUFFER MESH INFO  |--------------------------------------
2016-08-21 15:10:25:683[cInfo        ] 

2016-08-21 15:10:25:684[cInfo        ] 
-----------------------------------------------------------------------
 BufferInfo::CreateBuffers()[0] Created buffers:| VERTEX [13] with [3936] bytes. || INDEX [14] with [0] bytes |
-----------------------------------------------------------------------

2016-08-21 15:10:25:690[cInfo        ] --------BufferInfo::AddMesh() Added mesh successfully-------
2016-08-21 15:10:25:691[cInfo        ] 
2016-08-21 15:10:25:691[cInfo        ] --------------------| START BUFFER MESH INFO |-------------------------------------
2016-08-21 15:10:25:692[cInfo        ] BufferInfo::AddMesh(): NUM VERTS-----------------[164]
2016-08-21 15:10:25:693[cInfo        ] BufferInfo::AddMesh(): NUM INDICES---------------[0]
2016-08-21 15:10:25:694[cInfo        ] BufferInfo::AddMesh(): VERT OFFSET---------------[0]
2016-08-21 15:10:25:695[cInfo        ] BufferInfo::AddMesh(): INDICES OFFSET (BYTES)----[0]
2016-08-21 15:10:25:696[cInfo        ] --------------------|  END BUFFER MESH INFO  |--------------------------------------
2016-08-21 15:10:25:697[cInfo        ] 

2016-08-21 15:10:25:698[cProcess     ] ShapeGenerator initialized successfully.
2016-08-21 15:10:25:699[cProcess     ] Camera::Initialize() successful.
2016-08-21 15:10:25:700[cProcess     ] Keyboard::Initialize() successful
2016-08-21 15:10:25:701[cProcess     ] Keyboard::Initialize() successful
2016-08-21 15:10:25:715[cInfo        ] 
-----------------------------------------------------------------------
 BufferInfo::CreateBuffers()[0] Created buffers:| VERTEX [15] with [10810368] bytes. || INDEX [16] with [0] bytes |
-----------------------------------------------------------------------

2016-08-21 15:10:25:729[cInfo        ] --------BufferInfo::AddMesh() Added mesh successfully-------
2016-08-21 15:10:25:730[cInfo        ] 
2016-08-21 15:10:25:731[cInfo        ] --------------------| START BUFFER MESH INFO |-------------------------------------
2016-08-21 15:10:25:732[cInfo        ] BufferInfo::AddMesh(): NUM VERTS-----------------[337824]
2016-08-21 15:10:25:733[cInfo        ] BufferInfo::AddMesh(): NUM INDICES---------------[0]
2016-08-21 15:10:25:734[cInfo        ] BufferInfo::AddMesh(): VERT OFFSET---------------[0]
2016-08-21 15:10:25:735[cInfo        ] BufferInfo::AddMesh(): INDICES OFFSET (BYTES)----[0]
2016-08-21 15:10:25:736[cInfo        ] --------------------|  END BUFFER MESH INFO  |--------------------------------------
2016-08-21 15:10:25:739[cInfo        ] 

2016-08-21 15:10:25:775[Info         ] ShapeGenerator::ReadSceneFile(): Added new scene [..\Data\Scenes\Dargon.ptn.scene] successfully.
2016-08-21 15:10:25:775[cInfo        ] EntityManager::BuildPlayerEntity(): Built [Dargon] successfully
2016-08-21 15:10:25:782[Process      ] BufferInfo::Initialize() successful.
2016-08-21 15:10:25:785[cInfo        ] 
-----------------------------------------------------------------------
 BufferInfo::CreateBuffers()[2] Created buffers:| VERTEX [17] with [1000000] bytes. || INDEX [18] with [1000000] bytes |
-----------------------------------------------------------------------

2016-08-21 15:10:25:791[cInfo        ] --------BufferInfo::AddMesh() Added mesh successfully-------
2016-08-21 15:10:25:792[cInfo        ] 
2016-08-21 15:10:25:793[cInfo        ] --------------------| START BUFFER MESH INFO |-------------------------------------
2016-08-21 15:10:25:795[cInfo        ] BufferInfo::AddMesh(): NUM VERTS-----------------[36]
2016-08-21 15:10:25:797[cInfo        ] BufferInfo::AddMesh(): NUM INDICES---------------[0]
2016-08-21 15:10:25:798[cInfo        ] BufferInfo::AddMesh(): VERT OFFSET---------------[0]
2016-08-21 15:10:25:799[cInfo        ] BufferInfo::AddMesh(): INDICES OFFSET (BYTES)----[0]
2016-08-21 15:10:25:800[cInfo        ] --------------------|  END BUFFER MESH INFO  |--------------------------------------
2016-08-21 15:10:25:802[cInfo        ] 

2016-08-21 15:10:25:805[Info         ] ShapeGenerator::ReadSceneFile(): Added new scene [..\Data\Scenes\Cube.pn.scene] successfully.
2016-08-21 15:10:25:806[Process      ] BufferInfo::Initialize() successful.
2016-08-21 15:10:25:806[cInfo        ] 
-----------------------------------------------------------------------
 BufferInfo::CreateBuffers()[3] Created buffers:| VERTEX [19] with [1000000] bytes. || INDEX [20] with [1000000] bytes |
-----------------------------------------------------------------------

2016-08-21 15:10:25:810[cInfo        ] --------BufferInfo::AddMesh() Added mesh successfully-------
2016-08-21 15:10:25:811[cInfo        ] 
2016-08-21 15:10:25:812[cInfo        ] --------------------| START BUFFER MESH INFO |-------------------------------------
2016-08-21 15:10:25:814[cInfo        ] BufferInfo::AddMesh(): NUM VERTS-----------------[8718]
2016-08-21 15:10:25:815[cInfo        ] BufferInfo::AddMesh(): NUM INDICES---------------[0]
2016-08-21 15:10:25:816[cInfo        ] BufferInfo::AddMesh(): VERT OFFSET---------------[0]
2016-08-21 15:10:25:818[cInfo        ] BufferInfo::AddMesh(): INDICES OFFSET (BYTES)----[0]
2016-08-21 15:10:25:819[cInfo        ] --------------------|  END BUFFER MESH INFO  |--------------------------------------
2016-08-21 15:10:25:821[cInfo        ] 

2016-08-21 15:10:25:824[Info         ] ShapeGenerator::ReadSceneFile(): Added new scene [..\Data\Scenes\AIWorld.ptn.scene] successfully.
2016-08-21 15:10:25:825[cInfo        ] --------BufferInfo::AddMesh() Added mesh successfully-------
2016-08-21 15:10:25:826[cInfo        ] 
2016-08-21 15:10:25:826[cInfo        ] --------------------| START BUFFER MESH INFO |-------------------------------------
2016-08-21 15:10:25:828[cInfo        ] BufferInfo::AddMesh(): NUM VERTS-----------------[18]
2016-08-21 15:10:25:829[cInfo        ] BufferInfo::AddMesh(): NUM INDICES---------------[0]
2016-08-21 15:10:25:829[cInfo        ] BufferInfo::AddMesh(): VERT OFFSET---------------[36]
2016-08-21 15:10:25:830[cInfo        ] BufferInfo::AddMesh(): INDICES OFFSET (BYTES)----[0]
2016-08-21 15:10:25:831[cInfo        ] --------------------|  END BUFFER MESH INFO  |--------------------------------------
2016-08-21 15:10:25:832[cInfo        ] 

2016-08-21 15:10:25:834[Info         ] ShapeGenerator::ReadSceneFile(): Added new scene [..\Data\Scenes\Pyramid.pn.scene] successfully.
2016-08-21 15:10:25:841[cInfo        ] 
-----------------------------------------------------------------------
 BufferInfo::CreateBuffers()[0] Created buffers:| VERTEX [21] with [5529600] bytes. || INDEX [22] with [0] bytes |
-----------------------------------------------------------------------

2016-08-21 15:10:25:854[cInfo        ] --------BufferInfo::AddMesh() Added mesh successfully-------
2016-08-21 15:10:25:855[cInfo        ] 
2016-08-21 15:10:25:855[cInfo        ] --------------------| START BUFFER MESH INFO |-------------------------------------
2016-08-21 15:10:25:856[cInfo        ] BufferInfo::AddMesh(): NUM VERTS-----------------[172800]
2016-08-21 15:10:25:858[cInfo        ] BufferInfo::AddMesh(): NUM INDICES---------------[0]
2016-08-21 15:10:25:859[cInfo        ] BufferInfo::AddMesh(): VERT OFFSET---------------[0]
2016-08-21 15:10:25:860[cInfo        ] BufferInfo::AddMesh(): INDICES OFFSET (BYTES)----[0]
2016-08-21 15:10:25:861[cInfo        ] --------------------|  END BUFFER MESH INFO  |--------------------------------------
2016-08-21 15:10:25:863[cInfo        ] 

2016-08-21 15:10:25:864[Info         ] ShapeGenerator::ReadSceneFile(): Added new scene [..\Data\Scenes\WaterPlane.ptn.scene] successfully.
2016-08-21 15:10:25:864[cProcess     ] Camera::Initialize() successful.
2016-08-21 15:10:25:875[Process      ] BufferInfo::Initialize() successful.
2016-08-21 15:10:25:875[cInfo        ] 
-----------------------------------------------------------------------
 BufferInfo::CreateBuffers()[4] Created buffers:| VERTEX [23] with [8107776] bytes. || INDEX [24] with [0] bytes |
-----------------------------------------------------------------------

2016-08-21 15:10:25:897[cInfo        ] --------BufferInfo::AddMesh() Added mesh successfully-------
2016-08-21 15:10:25:898[cInfo        ] 
2016-08-21 15:10:25:900[cInfo        ] --------------------| START BUFFER MESH INFO |-------------------------------------
2016-08-21 15:10:25:901[cInfo        ] BufferInfo::AddMesh(): NUM VERTS-----------------[337824]
2016-08-21 15:10:25:902[cInfo        ] BufferInfo::AddMesh(): NUM INDICES---------------[0]
2016-08-21 15:10:25:902[cInfo        ] BufferInfo::AddMesh(): VERT OFFSET---------------[0]
2016-08-21 15:10:25:903[cInfo        ] BufferInfo::AddMesh(): INDICES OFFSET (BYTES)----[0]
2016-08-21 15:10:25:904[cInfo        ] --------------------|  END BUFFER MESH INFO  |--------------------------------------
2016-08-21 15:10:25:906[cInfo        ] 

2016-08-21 15:10:25:907[Info         ] ShapeGenerator::ReadSceneFile(): Added new scene [..\Data\Scenes\Dargon.pn.scene] successfully.
2016-08-21 15:10:25:907[Process      ] BufferInfo::Initialize() successful.
2016-08-21 15:10:25:907[cInfo        ] 
-----------------------------------------------------------------------
 BufferInfo::CreateBuffers()[5] Created buffers:| VERTEX [25] with [1000000] bytes. || INDEX [26] with [1000000] bytes |
-----------------------------------------------------------------------

2016-08-21 15:10:25:911[cInfo        ] --------BufferInfo::AddMesh() Added mesh successfully-------
2016-08-21 15:10:25:912[cInfo        ] 
2016-08-21 15:10:25:912[cInfo        ] --------------------| START BUFFER MESH INFO |-------------------------------------
2016-08-21 15:10:25:913[cInfo        ] BufferInfo::AddMesh(): NUM VERTS-----------------[6]
2016-08-21 15:10:25:915[cInfo        ] BufferInfo::AddMesh(): NUM INDICES---------------[0]
2016-08-21 15:10:25:916[cInfo        ] BufferInfo::AddMesh(): VERT OFFSET---------------[0]
2016-08-21 15:10:25:917[cInfo        ] BufferInfo::AddMesh(): INDICES OFFSET (BYTES)----[0]
2016-08-21 15:10:25:918[cInfo        ] --------------------|  END BUFFER MESH INFO  |--------------------------------------
2016-08-21 15:10:25:919[cInfo        ] 

2016-08-21 15:10:25:920[cProcess     ] BodaciousQuest::Initialize() successful.
2016-08-21 15:10:25:921[Process      ] GameTime::Initialize() ok

2016-08-21 15:10:25:921[cProcess     ] MyWindow::Initialize() successful!
2016-08-21 15:10:31:170[cProcess     ] BufferManager::Shutdown() successful.
2016-08-21 15:10:31:171[cProcess     ] RenderEngine::Shutdown() successful.
2016-08-21 15:10:31:172[cProcess     ] Camera::Shutdown() successful.
2016-08-21 15:10:31:173[Info         ] Shader  [2] deleting...
2016-08-21 15:10:31:173[Info         ] Shader  [2] deleted successfully.
2016-08-21 15:10:31:173[Info         ] Shader  [3] deleting...
2016-08-21 15:10:31:173[Info         ] Shader  [3] deleted successfully.
2016-08-21 15:10:31:173[Info         ] All shaders deleted successfully.
2016-08-21 15:10:31:173[cInfo        ] Program [1] deleted successfully.
2016-08-21 15:10:31:174[Process      ] ShaderProgram[1]::Shutdown successful!
2016-08-21 15:10:31:175[Info         ] Shader  [5] deleting...
2016-08-21 15:10:31:175[Info         ] Shader  [5] deleted successfully.
2016-08-21 15:10:31:175[Info         ] Shader  [6] deleting...
2016-08-21 15:10:31:175[Info         ] Shader  [6] deleted successfully.
2016-08-21 15:10:31:175[Info         ] All shaders deleted successfully.
2016-08-21 15:10:31:175[cInfo        ] Program [4] deleted successfully.
2016-08-21 15:10:31:175[Process      ] ShaderProgram[4]::Shutdown successful!
2016-08-21 15:10:31:176[Info         ] Shader  [8] deleting...
2016-08-21 15:10:31:176[Info         ] Shader  [8] deleted successfully.
2016-08-21 15:10:31:176[Info         ] Shader  [9] deleting...
2016-08-21 15:10:31:176[Info         ] Shader  [9] deleted successfully.
2016-08-21 15:10:31:176[Info         ] All shaders deleted successfully.
2016-08-21 15:10:31:176[cInfo        ] Program [7] deleted successfully.
2016-08-21 15:10:31:176[Process      ] ShaderProgram[7]::Shutdown successful!
2016-08-21 15:10:31:176[Info         ] Shader  [11] deleting...
2016-08-21 15:10:31:176[Info         ] Shader  [11] deleted successfully.
2016-08-21 15:10:31:176[Info         ] Shader  [12] deleting...
2016-08-21 15:10:31:176[Info         ] Shader  [12] deleted successfully.
2016-08-21 15:10:31:176[Info         ] All shaders deleted successfully.
2016-08-21 15:10:31:177[cInfo        ] Program [10] deleted successfully.
2016-08-21 15:10:31:177[Process      ] ShaderProgram[10]::Shutdown successful!
2016-08-21 15:10:31:177[Info         ] Shader  [14] deleting...
2016-08-21 15:10:31:177[Info         ] Shader  [14] deleted successfully.
2016-08-21 15:10:31:177[Info         ] Shader  [15] deleting...
2016-08-21 15:10:31:177[Info         ] Shader  [15] deleted successfully.
2016-08-21 15:10:31:177[Info         ] All shaders deleted successfully.
2016-08-21 15:10:31:177[cInfo        ] Program [13] deleted successfully.
2016-08-21 15:10:31:178[Process      ] ShaderProgram[13]::Shutdown successful!
2016-08-21 15:10:31:178[Info         ] Shader  [17] deleting...
2016-08-21 15:10:31:178[Info         ] Shader  [17] deleted successfully.
2016-08-21 15:10:31:178[Info         ] Shader  [18] deleting...
2016-08-21 15:10:31:178[Info         ] Shader  [18] deleted successfully.
2016-08-21 15:10:31:178[Info         ] All shaders deleted successfully.
2016-08-21 15:10:31:178[cInfo        ] Program [16] deleted successfully.
2016-08-21 15:10:31:179[Process      ] ShaderProgram[16]::Shutdown successful!
2016-08-21 15:10:31:179[Info         ] Shader  [20] deleting...
2016-08-21 15:10:31:179[Info         ] Shader  [20] deleted successfully.
2016-08-21 15:10:31:179[Info         ] Shader  [21] deleting...
2016-08-21 15:10:31:179[Info         ] Shader  [21] deleted successfully.
2016-08-21 15:10:31:179[Info         ] All shaders deleted successfully.
2016-08-21 15:10:31:179[cInfo        ] Program [19] deleted successfully.
2016-08-21 15:10:31:182[Process      ] ShaderProgram[19]::Shutdown successful!
2016-08-21 15:10:31:182[cProcess     ] MyWindow::Shutdown() successful!
2016-08-21 15:10:31:182[cProcess     ] BodaciousQuest::Shutdown() successful.
2016-08-21 15:10:31:192[Process      ] ConfigReader shut down successfully
2016-08-21 15:10:31:192[Process      ] GameLogger::ShutDown() successful
