2016-08-21 13:34:21:883[Process      ] GameLogger::Initialize() opened log file [..\Data\LogFiles\2016-08-21 13-34-21.BodaciousQuest.log] for writing
2016-08-21 13:34:21:883[Info         ] GameLogger::Initialize() successful
2016-08-21 13:34:21:883[Process      ] ConfigReader opened [..\Data\BodaciousQuest.config] successfully
2016-08-21 13:34:21:883[Info         ] ConfigReader initialized successfully
2016-08-21 13:34:21:883[Info         ] Valid KVP [BodaciousQuest.ShowFullScreen] [false] added
2016-08-21 13:34:21:883[Info         ] Valid KVP [BodaciousQuest.FpsInterval] [5.0] added
2016-08-21 13:34:21:884[Info         ] Valid KVP [BodaciousQuest.EnableControls] [true] added
2016-08-21 13:34:21:884[Info         ] Valid KVP [BodaciousQuest.LoadCubeFirst] [true] added
2016-08-21 13:34:21:884[Info         ] Valid KVP [BodaciousQuest.CameraWalkMode] [false] added
2016-08-21 13:34:21:884[Info         ] Valid KVP [BodaciousQuest.GridSize] [40] added
2016-08-21 13:34:21:884[Info         ] Valid KVP [BodaciousQuest.LightingTest.Ambient.Color] [1.0  1.0  1.0] added
2016-08-21 13:34:21:884[Info         ] Valid KVP [BodaciousQuest.LightingTest.Diffuse.Color] [1.0  1.0  1.0] added
2016-08-21 13:34:21:884[Info         ] Valid KVP [BodaciousQuest.LightingTest.Specular.Color] [0.0  0.0  0.0] added
2016-08-21 13:34:21:884[Info         ] Valid KVP [BodaciousQuest.LightingTest.Ambient.Reflectivity] [0.01] added
2016-08-21 13:34:21:884[Info         ] Valid KVP [BodaciousQuest.LightingTest.Diffuse.Reflectivity] [0.8] added
2016-08-21 13:34:21:884[Info         ] Valid KVP [BodaciousQuest.LightingTest.Specular.Reflectivity] [0.5] added
2016-08-21 13:34:21:884[Info         ] Valid KVP [BodaciousQuest.LightingTest.Specular.Shininess] [1.0] added
2016-08-21 13:34:21:884[Info         ] Valid KVP [BodaciousQuest.LightingTest.Falloff.A] [1.0] added
2016-08-21 13:34:21:884[Info         ] Valid KVP [BodaciousQuest.LightingTest.Falloff.B] [0.01] added
2016-08-21 13:34:21:884[Info         ] Valid KVP [BodaciousQuest.LightingTest.Falloff.C] [0.0001] added
2016-08-21 13:34:21:884[Info         ] Valid KVP [BodaciousQuest.LightingTest.Directional] [false] added
2016-08-21 13:34:21:884[Info         ] Valid KVP [BodaciousQuest.LightingTest.Direction] [-1.0 0.0 1.0] added
2016-08-21 13:34:21:884[Info         ] Valid KVP [BodaciousQuest.LightingTest.Light.Position] [-0.875458 3.673020 1.043331] added
2016-08-21 13:34:21:884[Info         ] Valid KVP [BodaciousQuest.LightingTest.Dargon.Color] [1.0 1.0 0.4] added
2016-08-21 13:34:21:884[Info         ] Valid KVP [ObjConverter.Mode.VertexType] [pn] added
2016-08-21 13:34:21:884[Info         ] Valid KVP [ObjConverter.Mode.Analyze] [false] added
2016-08-21 13:34:21:884[Info         ] Valid KVP [ObjConverter.Model] [Dargon] added
2016-08-21 13:34:21:884[Info         ] Valid KVP [ObjConverter.Shader] [4] added
2016-08-21 13:34:21:884[Info         ] Valid KVP [ObjConverter.Color] [random] added
2016-08-21 13:34:21:884[Info         ] Valid KVP [ObjConverter.Obj.InputFileFolder] [..\\Data\\Objs\\] added
2016-08-21 13:34:21:884[Info         ] Valid KVP [ObjConverter.Scene.OutputFileFolder] [..\\Data\\Scenes\\] added
2016-08-21 13:34:21:884[Info         ] Valid KVP [ObjConverter.Model.Dargon.NumVerts] [57967] added
2016-08-21 13:34:21:884[Info         ] Valid KVP [ObjConverter.Model.Dargon.NumIndices] [337824] added
2016-08-21 13:34:21:884[Info         ] Valid KVP [ObjConverter.Model.Dargon.NumTexCoords] [60175] added
2016-08-21 13:34:21:884[Info         ] Valid KVP [ObjConverter.Model.Dargon.NumNormals] [337824] added
2016-08-21 13:34:21:884[Info         ] Valid KVP [ObjConverter.Model.Swamp.NumVerts] [2735] added
2016-08-21 13:34:21:884[Info         ] Valid KVP [ObjConverter.Model.Swamp.NumIndices] [8556] added
2016-08-21 13:34:21:884[Info         ] Valid KVP [ObjConverter.Model.Swamp.NumTexCoords] [3622] added
2016-08-21 13:34:21:884[Info         ] Valid KVP [ObjConverter.Model.Swamp.NumNormals] [5156] added
2016-08-21 13:34:21:884[Info         ] Valid KVP [ObjConverter.Model.Pyramid.NumVerts] [5] added
2016-08-21 13:34:21:884[Info         ] Valid KVP [ObjConverter.Model.Pyramid.NumIndices] [18] added
2016-08-21 13:34:21:884[Info         ] Valid KVP [ObjConverter.Model.Pyramid.NumTexCoords] [10] added
2016-08-21 13:34:21:884[Info         ] Valid KVP [ObjConverter.Model.Pyramid.NumNormals] [16] added
2016-08-21 13:34:21:884[Info         ] Valid KVP [ObjConverter.Model.AIWorld.NumVerts] [1957] added
2016-08-21 13:34:21:885[Info         ] Valid KVP [ObjConverter.Model.AIWorld.NumIndices] [8718] added
2016-08-21 13:34:21:885[Info         ] Valid KVP [ObjConverter.Model.AIWorld.NumTexCoords] [4186] added
2016-08-21 13:34:21:885[Info         ] Valid KVP [ObjConverter.Model.AIWorld.NumNormals] [5418] added
2016-08-21 13:34:21:885[Info         ] Valid KVP [ObjConverter.Model.GameWeapon.NumVerts] [2068] added
2016-08-21 13:34:21:885[Info         ] Valid KVP [ObjConverter.Model.GameWeapon.NumIndices] [9894] added
2016-08-21 13:34:21:885[Info         ] Valid KVP [ObjConverter.Model.GameWeapon.NumTexCoords] [0] added
2016-08-21 13:34:21:885[Info         ] Valid KVP [ObjConverter.Model.GameWeapon.NumNormals] [0] added
2016-08-21 13:34:21:885[Info         ] Valid KVP [ObjConverter.Model.Chicken.NumVerts] [224] added
2016-08-21 13:34:21:885[Info         ] Valid KVP [ObjConverter.Model.Chicken.NumIndices] [1374] added
2016-08-21 13:34:21:885[Info         ] Valid KVP [ObjConverter.Model.Chicken.NumTexCoords] [472] added
2016-08-21 13:34:21:885[Info         ] Valid KVP [ObjConverter.Model.Chicken.NumNormals] [565] added
2016-08-21 13:34:21:885[Info         ] Valid KVP [ObjConverter.Model.WaterPlane.NumVerts] [29282] added
2016-08-21 13:34:21:885[Info         ] Valid KVP [ObjConverter.Model.WaterPlane.NumIndices] [172800] added
2016-08-21 13:34:21:885[Info         ] Valid KVP [ObjConverter.Model.WaterPlane.NumTexCoords] [29282] added
2016-08-21 13:34:21:885[Info         ] Valid KVP [ObjConverter.Model.WaterPlane.NumNormals] [172800] added
2016-08-21 13:34:21:885[Info         ] Valid KVP [ObjConverter.Model.Cube.NumVerts] [8] added
2016-08-21 13:34:21:885[Info         ] Valid KVP [ObjConverter.Model.Cube.NumIndices] [36] added
2016-08-21 13:34:21:885[Info         ] Valid KVP [ObjConverter.Model.Cube.NumTexCoords] [14] added
2016-08-21 13:34:21:885[Info         ] Valid KVP [ObjConverter.Model.Cube.NumNormals] [24] added
2016-08-21 13:34:21:885[Info         ] Valid KVP [ObjConverter.Model.Barrel.NumVerts] [172] added
2016-08-21 13:34:21:885[Info         ] Valid KVP [ObjConverter.Model.Barrel.NumIndices] [1008] added
2016-08-21 13:34:21:885[Info         ] Valid KVP [ObjConverter.Model.Barrel.NumTexCoords] [328] added
2016-08-21 13:34:21:885[Info         ] Valid KVP [ObjConverter.Model.Barrel.NumNormals] [204] added
2016-08-21 13:34:21:885[Info         ] Valid KVP [ObjConverter.Model.SkyBox.NumVerts] [8] added
2016-08-21 13:34:21:885[Info         ] Valid KVP [ObjConverter.Model.SkyBox.NumIndices] [36] added
2016-08-21 13:34:21:885[Info         ] Valid KVP [ObjConverter.Model.SkyBox.NumTexCoords] [18] added
2016-08-21 13:34:21:885[Info         ] Valid KVP [ObjConverter.Model.SkyBox.NumNormals] [24] added
2016-08-21 13:34:21:952[cInfo        ] Config reader opened [..\Data\BodaciousQuest.config] for reading!
2016-08-21 13:34:22:006[Process      ] ShaderManager Initialized successfully
2016-08-21 13:34:22:006[Info         ] Shader Init started
2016-08-21 13:34:22:006[Info         ] Shader Program created.
2016-08-21 13:34:22:006[Process      ] ShaderProgram::Initialize()[1] successful!
2016-08-21 13:34:22:006[Debug        ] File [..\Data\shaders\debug.vert.shader] Opened successfully! Buffer Length:[291]
2016-08-21 13:34:22:006[Debug        ] Shader file [..\Data\shaders\debug.vert.shader] contents:
//BEGIN
#version 430 core

layout(location = 0)  in vec3 vPosition;

layout(location = 15) uniform vec3 colorin;
layout(location = 16) uniform mat4 MAT;

out vec4 color;

void main()
{
	vec4 vertPos = vec4(vPosition, 1.0);
	gl_Position = MAT *  vertPos;
	color = vec4(colorin, 1.0);
}
//END

2016-08-21 13:34:22:006[Debug        ]  ShaderProgram::AddShader() file with data was read in
2016-08-21 13:34:22:006[Debug        ] ShaderProgram::AddShader() : glShaderSource() successful
2016-08-21 13:34:22:006[Debug        ] ShaderProgram::AddShader() : glCompileShader() successful
2016-08-21 13:34:22:006[Info         ] ShaderProgram::CheckShaderCompileStatus(2) successful.
2016-08-21 13:34:22:006[Debug        ] ShaderProgram::AddShader() : glCompileShader() successful
2016-08-21 13:34:22:006[Info         ] ShaderInfo saved successfully.
2016-08-21 13:34:22:006[Debug        ] ShaderProgram::AddShader() : glAttachShader() successful
2016-08-21 13:34:22:006[Info         ] ShaderProgram::AddShader [2] successful.
2016-08-21 13:34:22:006[Debug        ] File [..\Data\shaders\debug.frag.shader] Opened successfully! Buffer Length:[104]
2016-08-21 13:34:22:007[Debug        ] Shader file [..\Data\shaders\debug.frag.shader] contents:
//BEGIN
#version 430 core


in  vec4 color;
out vec4 outColor;

void main()
{
	outColor = color;
}


//END

2016-08-21 13:34:22:007[Debug        ]  ShaderProgram::AddShader() file with data was read in
2016-08-21 13:34:22:007[Debug        ] ShaderProgram::AddShader() : glShaderSource() successful
2016-08-21 13:34:22:007[Debug        ] ShaderProgram::AddShader() : glCompileShader() successful
2016-08-21 13:34:22:007[Info         ] ShaderProgram::CheckShaderCompileStatus(3) successful.
2016-08-21 13:34:22:007[Debug        ] ShaderProgram::AddShader() : glCompileShader() successful
2016-08-21 13:34:22:007[Info         ] ShaderInfo saved successfully.
2016-08-21 13:34:22:007[Debug        ] ShaderProgram::AddShader() : glAttachShader() successful
2016-08-21 13:34:22:007[Info         ] ShaderProgram::AddShader [3] successful.
2016-08-21 13:34:22:008[Info         ] CheckProgramStatus() successful!
2016-08-21 13:34:22:008[Info         ] CheckProgramStatus() successful!
2016-08-21 13:34:22:008[Info         ] Shader Init started
2016-08-21 13:34:22:008[Info         ] Shader Program created.
2016-08-21 13:34:22:008[Process      ] ShaderProgram::Initialize()[4] successful!
2016-08-21 13:34:22:008[Debug        ] File [..\Data\shaders\play.vert.shader] Opened successfully! Buffer Length:[343]
2016-08-21 13:34:22:008[Debug        ] Shader file [..\Data\shaders\play.vert.shader] contents:
//BEGIN
#version 430 core

layout (location = 0)  in vec3 vPosition;
layout (location = 1)  in vec3 vColor;
layout (location = 15) uniform vec3 colorin;
layout (location = 16) uniform mat4 MAT;

out vec4 color;

void main()
{
	vec4 vertPos = vec4(vPosition, 1.0);
	gl_Position = MAT *  vertPos;
	color = vec4((vColor + colorin), 1.0);
}
//END

2016-08-21 13:34:22:008[Debug        ]  ShaderProgram::AddShader() file with data was read in
2016-08-21 13:34:22:008[Debug        ] ShaderProgram::AddShader() : glShaderSource() successful
2016-08-21 13:34:22:008[Debug        ] ShaderProgram::AddShader() : glCompileShader() successful
2016-08-21 13:34:22:008[Info         ] ShaderProgram::CheckShaderCompileStatus(5) successful.
2016-08-21 13:34:22:008[Debug        ] ShaderProgram::AddShader() : glCompileShader() successful
2016-08-21 13:34:22:008[Info         ] ShaderInfo saved successfully.
2016-08-21 13:34:22:008[Debug        ] ShaderProgram::AddShader() : glAttachShader() successful
2016-08-21 13:34:22:008[Info         ] ShaderProgram::AddShader [5] successful.
2016-08-21 13:34:22:008[Debug        ] File [..\Data\shaders\play.frag.shader] Opened successfully! Buffer Length:[391]
2016-08-21 13:34:22:008[Debug        ] Shader file [..\Data\shaders\play.frag.shader] contents:
//BEGIN
#version 430 core


in  vec4 color;
out vec4 outColor;

void main()
{

	//if (color.r < .7) discard;
	outColor = color;

	//if(((gl_FragCoord.x  > 600)&& (gl_FragCoord.y < 300)) || ((gl_FragCoord.y < 300)  && (gl_FragCoord.x  < 600) )) {
	//discard;
	//}

	//vec2 scrPos = vec2(gl_FragCoord) - vec2(350,150);
	//float len =  length(scrPos);
	//if(len < 50 )discard;
}


//END

2016-08-21 13:34:22:008[Debug        ]  ShaderProgram::AddShader() file with data was read in
2016-08-21 13:34:22:008[Debug        ] ShaderProgram::AddShader() : glShaderSource() successful
2016-08-21 13:34:22:009[Debug        ] ShaderProgram::AddShader() : glCompileShader() successful
2016-08-21 13:34:22:009[Info         ] ShaderProgram::CheckShaderCompileStatus(6) successful.
2016-08-21 13:34:22:009[Debug        ] ShaderProgram::AddShader() : glCompileShader() successful
2016-08-21 13:34:22:009[Info         ] ShaderInfo saved successfully.
2016-08-21 13:34:22:009[Debug        ] ShaderProgram::AddShader() : glAttachShader() successful
2016-08-21 13:34:22:009[Info         ] ShaderProgram::AddShader [6] successful.
2016-08-21 13:34:22:009[Info         ] CheckProgramStatus() successful!
2016-08-21 13:34:22:009[Info         ] CheckProgramStatus() successful!
2016-08-21 13:34:22:010[Info         ] Shader Init started
2016-08-21 13:34:22:010[Info         ] Shader Program created.
2016-08-21 13:34:22:010[Process      ] ShaderProgram::Initialize()[7] successful!
2016-08-21 13:34:22:010[Debug        ] File [..\Data\shaders\texture.vert.shader] Opened successfully! Buffer Length:[305]
2016-08-21 13:34:22:010[Debug        ] Shader file [..\Data\shaders\texture.vert.shader] contents:
//BEGIN
#version 430 core

layout (location = 0)  in vec3 vPosition;
layout (location = 1)  in vec2 vUV;

layout (location = 16) uniform mat4 MAT;

//out data
out vec2 UV;

//out vec4 color;

void main()
{
	vec4 vertPos = vec4(vPosition, 1.0);
	gl_Position = MAT *  vertPos;

	UV = vUV;
	
	
}
//END

2016-08-21 13:34:22:010[Debug        ]  ShaderProgram::AddShader() file with data was read in
2016-08-21 13:34:22:010[Debug        ] ShaderProgram::AddShader() : glShaderSource() successful
2016-08-21 13:34:22:010[Debug        ] ShaderProgram::AddShader() : glCompileShader() successful
2016-08-21 13:34:22:010[Info         ] ShaderProgram::CheckShaderCompileStatus(8) successful.
2016-08-21 13:34:22:010[Debug        ] ShaderProgram::AddShader() : glCompileShader() successful
2016-08-21 13:34:22:010[Info         ] ShaderInfo saved successfully.
2016-08-21 13:34:22:010[Debug        ] ShaderProgram::AddShader() : glAttachShader() successful
2016-08-21 13:34:22:010[Info         ] ShaderProgram::AddShader [8] successful.
2016-08-21 13:34:22:010[Debug        ] File [..\Data\shaders\texture.frag.shader] Opened successfully! Buffer Length:[482]
2016-08-21 13:34:22:010[Debug        ] Shader file [..\Data\shaders\texture.frag.shader] contents:
//BEGIN
#version 430 core


in  vec2 UV;
out vec4 outColor;

layout(location = 20) uniform sampler2D textureSampler;

void main()
{

	//if (color.r < .7) discard;
	outColor = vec4(texture(textureSampler, UV).rgb, 1.0);

	//if(((gl_FragCoord.x  > 600)&& (gl_FragCoord.y < 300)) || ((gl_FragCoord.y < 300)  && (gl_FragCoord.x  < 600) )) {
	//discard;
	//}
	//vec2 scrPos = vec2(gl_FragCoord) - vec2(350,150);
	//float len =  length(scrPos);
	//if(len < 50 )discard;
}


//END

2016-08-21 13:34:22:010[Debug        ]  ShaderProgram::AddShader() file with data was read in
2016-08-21 13:34:22:010[Debug        ] ShaderProgram::AddShader() : glShaderSource() successful
2016-08-21 13:34:22:010[Debug        ] ShaderProgram::AddShader() : glCompileShader() successful
2016-08-21 13:34:22:010[Info         ] ShaderProgram::CheckShaderCompileStatus(9) successful.
2016-08-21 13:34:22:010[Debug        ] ShaderProgram::AddShader() : glCompileShader() successful
2016-08-21 13:34:22:010[Info         ] ShaderInfo saved successfully.
2016-08-21 13:34:22:010[Debug        ] ShaderProgram::AddShader() : glAttachShader() successful
2016-08-21 13:34:22:010[Info         ] ShaderProgram::AddShader [9] successful.
2016-08-21 13:34:22:011[Info         ] CheckProgramStatus() successful!
2016-08-21 13:34:22:011[Info         ] CheckProgramStatus() successful!
2016-08-21 13:34:22:011[Info         ] Shader Init started
2016-08-21 13:34:22:012[Info         ] Shader Program created.
2016-08-21 13:34:22:012[Process      ] ShaderProgram::Initialize()[10] successful!
2016-08-21 13:34:22:012[Debug        ] File [..\Data\shaders\framebuffer.vert.shader] Opened successfully! Buffer Length:[305]
2016-08-21 13:34:22:012[Debug        ] Shader file [..\Data\shaders\framebuffer.vert.shader] contents:
//BEGIN
#version 430 core

layout (location = 0)  in vec3 vPosition;
layout (location = 1)  in vec2 vUV;

layout (location = 16) uniform mat4 MAT;

//out data
out vec2 UV;

//out vec4 color;

void main()
{
	vec4 vertPos = vec4(vPosition, 1.0);
	gl_Position = MAT *  vertPos;

	UV = vUV;
	
	
}
//END

2016-08-21 13:34:22:012[Debug        ]  ShaderProgram::AddShader() file with data was read in
2016-08-21 13:34:22:012[Debug        ] ShaderProgram::AddShader() : glShaderSource() successful
2016-08-21 13:34:22:012[Debug        ] ShaderProgram::AddShader() : glCompileShader() successful
2016-08-21 13:34:22:012[Info         ] ShaderProgram::CheckShaderCompileStatus(11) successful.
2016-08-21 13:34:22:012[Debug        ] ShaderProgram::AddShader() : glCompileShader() successful
2016-08-21 13:34:22:012[Info         ] ShaderInfo saved successfully.
2016-08-21 13:34:22:012[Debug        ] ShaderProgram::AddShader() : glAttachShader() successful
2016-08-21 13:34:22:012[Info         ] ShaderProgram::AddShader [11] successful.
2016-08-21 13:34:22:012[Debug        ] File [..\Data\shaders\framebuffer.frag.shader] Opened successfully! Buffer Length:[275]
2016-08-21 13:34:22:012[Debug        ] Shader file [..\Data\shaders\framebuffer.frag.shader] contents:
//BEGIN
#version 430 core


in  vec2 UV;
out vec4 outColor;

layout(location = 20) uniform sampler2D textureSampler;

void main()
{


	vec3 tempCol = texture(textureSampler, UV).rgb;

	outColor = vec4(tempCol.r / 1.5f, tempCol.g / 1.5f, tempCol.b / 1.5f, 1.0f);
}


//END

2016-08-21 13:34:22:012[Debug        ]  ShaderProgram::AddShader() file with data was read in
2016-08-21 13:34:22:012[Debug        ] ShaderProgram::AddShader() : glShaderSource() successful
2016-08-21 13:34:22:012[Debug        ] ShaderProgram::AddShader() : glCompileShader() successful
2016-08-21 13:34:22:012[Info         ] ShaderProgram::CheckShaderCompileStatus(12) successful.
2016-08-21 13:34:22:012[Debug        ] ShaderProgram::AddShader() : glCompileShader() successful
2016-08-21 13:34:22:012[Info         ] ShaderInfo saved successfully.
2016-08-21 13:34:22:012[Debug        ] ShaderProgram::AddShader() : glAttachShader() successful
2016-08-21 13:34:22:012[Info         ] ShaderProgram::AddShader [12] successful.
2016-08-21 13:34:22:013[Info         ] CheckProgramStatus() successful!
2016-08-21 13:34:22:013[Info         ] CheckProgramStatus() successful!
2016-08-21 13:34:22:013[Info         ] Shader Init started
2016-08-21 13:34:22:013[Info         ] Shader Program created.
2016-08-21 13:34:22:013[Process      ] ShaderProgram::Initialize()[13] successful!
2016-08-21 13:34:22:013[Debug        ] File [..\Data\shaders\lighting.vert.shader] Opened successfully! Buffer Length:[1145]
2016-08-21 13:34:22:013[cDebug       ] Shader file [..\Data\shaders\lighting.vert.shader] is too big to display contents.
2016-08-21 13:34:22:016[Debug        ]  ShaderProgram::AddShader() file with data was read in
2016-08-21 13:34:22:016[Debug        ] ShaderProgram::AddShader() : glShaderSource() successful
2016-08-21 13:34:22:016[Debug        ] ShaderProgram::AddShader() : glCompileShader() successful
2016-08-21 13:34:22:017[Info         ] ShaderProgram::CheckShaderCompileStatus(14) successful.
2016-08-21 13:34:22:017[Debug        ] ShaderProgram::AddShader() : glCompileShader() successful
2016-08-21 13:34:22:017[Info         ] ShaderInfo saved successfully.
2016-08-21 13:34:22:017[Debug        ] ShaderProgram::AddShader() : glAttachShader() successful
2016-08-21 13:34:22:017[Info         ] ShaderProgram::AddShader [14] successful.
2016-08-21 13:34:22:017[Debug        ] File [..\Data\shaders\lighting.frag.shader] Opened successfully! Buffer Length:[1744]
2016-08-21 13:34:22:017[cDebug       ] Shader file [..\Data\shaders\lighting.frag.shader] is too big to display contents.
2016-08-21 13:34:22:019[Debug        ]  ShaderProgram::AddShader() file with data was read in
2016-08-21 13:34:22:019[Debug        ] ShaderProgram::AddShader() : glShaderSource() successful
2016-08-21 13:34:22:019[Debug        ] ShaderProgram::AddShader() : glCompileShader() successful
2016-08-21 13:34:22:019[Info         ] ShaderProgram::CheckShaderCompileStatus(15) successful.
2016-08-21 13:34:22:019[Debug        ] ShaderProgram::AddShader() : glCompileShader() successful
2016-08-21 13:34:22:019[Info         ] ShaderInfo saved successfully.
2016-08-21 13:34:22:019[Debug        ] ShaderProgram::AddShader() : glAttachShader() successful
2016-08-21 13:34:22:019[Info         ] ShaderProgram::AddShader [15] successful.
2016-08-21 13:34:22:023[Info         ] CheckProgramStatus() successful!
2016-08-21 13:34:22:023[Info         ] CheckProgramStatus() successful!
2016-08-21 13:34:22:023[Info         ] Shader Init started
2016-08-21 13:34:22:023[Info         ] Shader Program created.
2016-08-21 13:34:22:023[Process      ] ShaderProgram::Initialize()[16] successful!
2016-08-21 13:34:22:023[Debug        ] File [..\Data\shaders\texlighting.vert.shader] Opened successfully! Buffer Length:[1110]
2016-08-21 13:34:22:023[cDebug       ] Shader file [..\Data\shaders\texlighting.vert.shader] is too big to display contents.
2016-08-21 13:34:22:025[Debug        ]  ShaderProgram::AddShader() file with data was read in
2016-08-21 13:34:22:025[Debug        ] ShaderProgram::AddShader() : glShaderSource() successful
2016-08-21 13:34:22:025[Debug        ] ShaderProgram::AddShader() : glCompileShader() successful
2016-08-21 13:34:22:025[Info         ] ShaderProgram::CheckShaderCompileStatus(17) successful.
2016-08-21 13:34:22:025[Debug        ] ShaderProgram::AddShader() : glCompileShader() successful
2016-08-21 13:34:22:025[Info         ] ShaderInfo saved successfully.
2016-08-21 13:34:22:025[Debug        ] ShaderProgram::AddShader() : glAttachShader() successful
2016-08-21 13:34:22:025[Info         ] ShaderProgram::AddShader [17] successful.
2016-08-21 13:34:22:026[Debug        ] File [..\Data\shaders\texlighting.frag.shader] Opened successfully! Buffer Length:[1717]
2016-08-21 13:34:22:026[cDebug       ] Shader file [..\Data\shaders\texlighting.frag.shader] is too big to display contents.
2016-08-21 13:34:22:028[Debug        ]  ShaderProgram::AddShader() file with data was read in
2016-08-21 13:34:22:028[Debug        ] ShaderProgram::AddShader() : glShaderSource() successful
2016-08-21 13:34:22:028[Debug        ] ShaderProgram::AddShader() : glCompileShader() successful
2016-08-21 13:34:22:028[Info         ] ShaderProgram::CheckShaderCompileStatus(18) successful.
2016-08-21 13:34:22:028[Debug        ] ShaderProgram::AddShader() : glCompileShader() successful
2016-08-21 13:34:22:028[Info         ] ShaderInfo saved successfully.
2016-08-21 13:34:22:028[Debug        ] ShaderProgram::AddShader() : glAttachShader() successful
2016-08-21 13:34:22:028[Info         ] ShaderProgram::AddShader [18] successful.
2016-08-21 13:34:22:032[Info         ] CheckProgramStatus() successful!
2016-08-21 13:34:22:032[Info         ] CheckProgramStatus() successful!
2016-08-21 13:34:22:032[Info         ] Shader Init started
2016-08-21 13:34:22:032[Info         ] Shader Program created.
2016-08-21 13:34:22:032[Process      ] ShaderProgram::Initialize()[19] successful!
2016-08-21 13:34:22:032[Debug        ] File [..\Data\shaders\water.vert.shader] Opened successfully! Buffer Length:[1400]
2016-08-21 13:34:22:032[cDebug       ] Shader file [..\Data\shaders\water.vert.shader] is too big to display contents.
2016-08-21 13:34:22:035[Debug        ]  ShaderProgram::AddShader() file with data was read in
2016-08-21 13:34:22:035[Debug        ] ShaderProgram::AddShader() : glShaderSource() successful
2016-08-21 13:34:22:036[Debug        ] ShaderProgram::AddShader() : glCompileShader() successful
2016-08-21 13:34:22:036[Info         ] ShaderProgram::CheckShaderCompileStatus(20) successful.
2016-08-21 13:34:22:036[Debug        ] ShaderProgram::AddShader() : glCompileShader() successful
2016-08-21 13:34:22:036[Info         ] ShaderInfo saved successfully.
2016-08-21 13:34:22:036[Debug        ] ShaderProgram::AddShader() : glAttachShader() successful
2016-08-21 13:34:22:036[Info         ] ShaderProgram::AddShader [20] successful.
2016-08-21 13:34:22:036[Debug        ] File [..\Data\shaders\water.frag.shader] Opened successfully! Buffer Length:[2436]
2016-08-21 13:34:22:036[cDebug       ] Shader file [..\Data\shaders\water.frag.shader] is too big to display contents.
2016-08-21 13:34:22:037[Debug        ]  ShaderProgram::AddShader() file with data was read in
2016-08-21 13:34:22:037[Debug        ] ShaderProgram::AddShader() : glShaderSource() successful
2016-08-21 13:34:22:037[Debug        ] ShaderProgram::AddShader() : glCompileShader() successful
2016-08-21 13:34:22:037[Info         ] ShaderProgram::CheckShaderCompileStatus(21) successful.
2016-08-21 13:34:22:037[Debug        ] ShaderProgram::AddShader() : glCompileShader() successful
2016-08-21 13:34:22:037[Info         ] ShaderInfo saved successfully.
2016-08-21 13:34:22:037[Debug        ] ShaderProgram::AddShader() : glAttachShader() successful
2016-08-21 13:34:22:037[Info         ] ShaderProgram::AddShader [21] successful.
2016-08-21 13:34:22:040[Info         ] CheckProgramStatus() successful!
2016-08-21 13:34:22:040[Info         ] CheckProgramStatus() successful!
2016-08-21 13:34:22:041[Info         ] GetAttribLocation [vPosition] successful.
2016-08-21 13:34:22:041[Info         ] GetUniformLocation [colorin] successful.
2016-08-21 13:34:22:041[Info         ] GetUniformLocation [MAT] successful.
2016-08-21 13:34:22:041[cProcess     ] RenderEngine::Initialize() successful.
2016-08-21 13:34:22:042[cInfo        ] 
-----------------------------------------------------------------------
 BufferInfo::CreateBuffers()[0] Created buffers:| VERTEX [1] with [80] bytes. || INDEX [2] with [24] bytes |
-----------------------------------------------------------------------

2016-08-21 13:34:22:048[cInfo        ] --------BufferInfo::AddMesh() Added mesh successfully-------
2016-08-21 13:34:22:049[cInfo        ] 
2016-08-21 13:34:22:050[cInfo        ] --------------------| START BUFFER MESH INFO |-------------------------------------
2016-08-21 13:34:22:053[cInfo        ] BufferInfo::AddMesh(): NUM VERTS-----------------[4]
2016-08-21 13:34:22:055[cInfo        ] BufferInfo::AddMesh(): NUM INDICES---------------[6]
2016-08-21 13:34:22:056[cInfo        ] BufferInfo::AddMesh(): VERT OFFSET---------------[0]
2016-08-21 13:34:22:057[cInfo        ] BufferInfo::AddMesh(): INDICES OFFSET (BYTES)----[0]
2016-08-21 13:34:22:058[cInfo        ] --------------------|  END BUFFER MESH INFO  |--------------------------------------
2016-08-21 13:34:22:060[cInfo        ] 

2016-08-21 13:34:22:063[cInfo        ] 
-----------------------------------------------------------------------
 BufferInfo::CreateBuffers()[0] Created buffers:| VERTEX [3] with [96] bytes. || INDEX [4] with [48] bytes |
-----------------------------------------------------------------------

2016-08-21 13:34:22:067[cInfo        ] --------BufferInfo::AddMesh() Added mesh successfully-------
2016-08-21 13:34:22:068[cInfo        ] 
2016-08-21 13:34:22:069[cInfo        ] --------------------| START BUFFER MESH INFO |-------------------------------------
2016-08-21 13:34:22:070[cInfo        ] BufferInfo::AddMesh(): NUM VERTS-----------------[8]
2016-08-21 13:34:22:073[cInfo        ] BufferInfo::AddMesh(): NUM INDICES---------------[24]
2016-08-21 13:34:22:073[cInfo        ] BufferInfo::AddMesh(): VERT OFFSET---------------[0]
2016-08-21 13:34:22:074[cInfo        ] BufferInfo::AddMesh(): INDICES OFFSET (BYTES)----[0]
2016-08-21 13:34:22:076[cInfo        ] --------------------|  END BUFFER MESH INFO  |--------------------------------------
2016-08-21 13:34:22:077[cInfo        ] 

2016-08-21 13:34:22:078[cInfo        ] 
-----------------------------------------------------------------------
 BufferInfo::CreateBuffers()[0] Created buffers:| VERTEX [5] with [864] bytes. || INDEX [6] with [0] bytes |
-----------------------------------------------------------------------

2016-08-21 13:34:22:081[cInfo        ] --------BufferInfo::AddMesh() Added mesh successfully-------
2016-08-21 13:34:22:085[cInfo        ] 
2016-08-21 13:34:22:085[cInfo        ] --------------------| START BUFFER MESH INFO |-------------------------------------
2016-08-21 13:34:22:086[cInfo        ] BufferInfo::AddMesh(): NUM VERTS-----------------[36]
2016-08-21 13:34:22:088[cInfo        ] BufferInfo::AddMesh(): NUM INDICES---------------[0]
2016-08-21 13:34:22:088[cInfo        ] BufferInfo::AddMesh(): VERT OFFSET---------------[0]
2016-08-21 13:34:22:089[cInfo        ] BufferInfo::AddMesh(): INDICES OFFSET (BYTES)----[0]
2016-08-21 13:34:22:090[cInfo        ] --------------------|  END BUFFER MESH INFO  |--------------------------------------
2016-08-21 13:34:22:091[cInfo        ] 

2016-08-21 13:34:22:092[cInfo        ] 
-----------------------------------------------------------------------
 BufferInfo::CreateBuffers()[0] Created buffers:| VERTEX [7] with [144] bytes. || INDEX [8] with [0] bytes |
-----------------------------------------------------------------------

2016-08-21 13:34:22:097[cInfo        ] --------BufferInfo::AddMesh() Added mesh successfully-------
2016-08-21 13:34:22:097[cInfo        ] 
2016-08-21 13:34:22:098[cInfo        ] --------------------| START BUFFER MESH INFO |-------------------------------------
2016-08-21 13:34:22:099[cInfo        ] BufferInfo::AddMesh(): NUM VERTS-----------------[6]
2016-08-21 13:34:22:101[cInfo        ] BufferInfo::AddMesh(): NUM INDICES---------------[0]
2016-08-21 13:34:22:103[cInfo        ] BufferInfo::AddMesh(): VERT OFFSET---------------[0]
2016-08-21 13:34:22:104[cInfo        ] BufferInfo::AddMesh(): INDICES OFFSET (BYTES)----[0]
2016-08-21 13:34:22:105[cInfo        ] --------------------|  END BUFFER MESH INFO  |--------------------------------------
2016-08-21 13:34:22:106[cInfo        ] 

2016-08-21 13:34:22:107[Process      ] BufferInfo::Initialize() successful.
2016-08-21 13:34:22:107[cInfo        ] 
-----------------------------------------------------------------------
 BufferInfo::CreateBuffers()[0] Created buffers:| VERTEX [9] with [1000000] bytes. || INDEX [10] with [1000000] bytes |
-----------------------------------------------------------------------

2016-08-21 13:34:22:110[cInfo        ] --------BufferInfo::AddMesh() Added mesh successfully-------
2016-08-21 13:34:22:111[cInfo        ] 
2016-08-21 13:34:22:112[cInfo        ] --------------------| START BUFFER MESH INFO |-------------------------------------
2016-08-21 13:34:22:114[cInfo        ] BufferInfo::AddMesh(): NUM VERTS-----------------[24]
2016-08-21 13:34:22:115[cInfo        ] BufferInfo::AddMesh(): NUM INDICES---------------[36]
2016-08-21 13:34:22:116[cInfo        ] BufferInfo::AddMesh(): VERT OFFSET---------------[0]
2016-08-21 13:34:22:118[cInfo        ] BufferInfo::AddMesh(): INDICES OFFSET (BYTES)----[0]
2016-08-21 13:34:22:118[cInfo        ] --------------------|  END BUFFER MESH INFO  |--------------------------------------
2016-08-21 13:34:22:119[cInfo        ] 

2016-08-21 13:34:22:121[Process      ] BufferInfo::Initialize() successful.
2016-08-21 13:34:22:121[cInfo        ] 
-----------------------------------------------------------------------
 BufferInfo::CreateBuffers()[1] Created buffers:| VERTEX [11] with [1000000] bytes. || INDEX [12] with [1000000] bytes |
-----------------------------------------------------------------------

2016-08-21 13:34:22:126[cInfo        ] --------BufferInfo::AddMesh() Added mesh successfully-------
2016-08-21 13:34:22:127[cInfo        ] 
2016-08-21 13:34:22:127[cInfo        ] --------------------| START BUFFER MESH INFO |-------------------------------------
2016-08-21 13:34:22:128[cInfo        ] BufferInfo::AddMesh(): NUM VERTS-----------------[1536]
2016-08-21 13:34:22:129[cInfo        ] BufferInfo::AddMesh(): NUM INDICES---------------[3072]
2016-08-21 13:34:22:130[cInfo        ] BufferInfo::AddMesh(): VERT OFFSET---------------[0]
2016-08-21 13:34:22:131[cInfo        ] BufferInfo::AddMesh(): INDICES OFFSET (BYTES)----[0]
2016-08-21 13:34:22:132[cInfo        ] --------------------|  END BUFFER MESH INFO  |--------------------------------------
2016-08-21 13:34:22:134[cInfo        ] 

2016-08-21 13:34:22:135[cInfo        ] 
-----------------------------------------------------------------------
 BufferInfo::CreateBuffers()[0] Created buffers:| VERTEX [13] with [3936] bytes. || INDEX [14] with [0] bytes |
-----------------------------------------------------------------------

2016-08-21 13:34:22:139[cInfo        ] --------BufferInfo::AddMesh() Added mesh successfully-------
2016-08-21 13:34:22:140[cInfo        ] 
2016-08-21 13:34:22:140[cInfo        ] --------------------| START BUFFER MESH INFO |-------------------------------------
2016-08-21 13:34:22:141[cInfo        ] BufferInfo::AddMesh(): NUM VERTS-----------------[164]
2016-08-21 13:34:22:142[cInfo        ] BufferInfo::AddMesh(): NUM INDICES---------------[0]
2016-08-21 13:34:22:144[cInfo        ] BufferInfo::AddMesh(): VERT OFFSET---------------[0]
2016-08-21 13:34:22:145[cInfo        ] BufferInfo::AddMesh(): INDICES OFFSET (BYTES)----[0]
2016-08-21 13:34:22:146[cInfo        ] --------------------|  END BUFFER MESH INFO  |--------------------------------------
2016-08-21 13:34:22:147[cInfo        ] 

2016-08-21 13:34:22:147[cProcess     ] ShapeGenerator initialized successfully.
2016-08-21 13:34:22:148[cProcess     ] Camera::Initialize() successful.
2016-08-21 13:34:22:149[cProcess     ] Keyboard::Initialize() successful
2016-08-21 13:34:22:150[cProcess     ] Keyboard::Initialize() successful
2016-08-21 13:34:22:164[cInfo        ] 
-----------------------------------------------------------------------
 BufferInfo::CreateBuffers()[0] Created buffers:| VERTEX [15] with [10810368] bytes. || INDEX [16] with [0] bytes |
-----------------------------------------------------------------------

2016-08-21 13:34:22:177[cInfo        ] --------BufferInfo::AddMesh() Added mesh successfully-------
2016-08-21 13:34:22:178[cInfo        ] 
2016-08-21 13:34:22:179[cInfo        ] --------------------| START BUFFER MESH INFO |-------------------------------------
2016-08-21 13:34:22:181[cInfo        ] BufferInfo::AddMesh(): NUM VERTS-----------------[337824]
2016-08-21 13:34:22:184[cInfo        ] BufferInfo::AddMesh(): NUM INDICES---------------[0]
2016-08-21 13:34:22:185[cInfo        ] BufferInfo::AddMesh(): VERT OFFSET---------------[0]
2016-08-21 13:34:22:186[cInfo        ] BufferInfo::AddMesh(): INDICES OFFSET (BYTES)----[0]
2016-08-21 13:34:22:187[cInfo        ] --------------------|  END BUFFER MESH INFO  |--------------------------------------
2016-08-21 13:34:22:188[cInfo        ] 

2016-08-21 13:34:22:216[Info         ] ShapeGenerator::ReadSceneFile(): Added new scene [..\Data\Scenes\Dargon.ptn.scene] successfully.
2016-08-21 13:34:22:216[cInfo        ] EntityManager::BuildPlayerEntity(): Built [Dargon] successfully
2016-08-21 13:34:22:221[Process      ] BufferInfo::Initialize() successful.
2016-08-21 13:34:22:226[cInfo        ] 
-----------------------------------------------------------------------
 BufferInfo::CreateBuffers()[2] Created buffers:| VERTEX [17] with [1000000] bytes. || INDEX [18] with [1000000] bytes |
-----------------------------------------------------------------------

2016-08-21 13:34:22:231[cInfo        ] --------BufferInfo::AddMesh() Added mesh successfully-------
2016-08-21 13:34:22:232[cInfo        ] 
2016-08-21 13:34:22:233[cInfo        ] --------------------| START BUFFER MESH INFO |-------------------------------------
2016-08-21 13:34:22:234[cInfo        ] BufferInfo::AddMesh(): NUM VERTS-----------------[36]
2016-08-21 13:34:22:235[cInfo        ] BufferInfo::AddMesh(): NUM INDICES---------------[0]
2016-08-21 13:34:22:237[cInfo        ] BufferInfo::AddMesh(): VERT OFFSET---------------[0]
2016-08-21 13:34:22:238[cInfo        ] BufferInfo::AddMesh(): INDICES OFFSET (BYTES)----[0]
2016-08-21 13:34:22:239[cInfo        ] --------------------|  END BUFFER MESH INFO  |--------------------------------------
2016-08-21 13:34:22:240[cInfo        ] 

2016-08-21 13:34:22:240[Info         ] ShapeGenerator::ReadSceneFile(): Added new scene [..\Data\Scenes\Cube.pn.scene] successfully.
2016-08-21 13:34:22:241[Process      ] BufferInfo::Initialize() successful.
2016-08-21 13:34:22:241[cInfo        ] 
-----------------------------------------------------------------------
 BufferInfo::CreateBuffers()[3] Created buffers:| VERTEX [19] with [1000000] bytes. || INDEX [20] with [1000000] bytes |
-----------------------------------------------------------------------

2016-08-21 13:34:22:247[cInfo        ] --------BufferInfo::AddMesh() Added mesh successfully-------
2016-08-21 13:34:22:248[cInfo        ] 
2016-08-21 13:34:22:249[cInfo        ] --------------------| START BUFFER MESH INFO |-------------------------------------
2016-08-21 13:34:22:250[cInfo        ] BufferInfo::AddMesh(): NUM VERTS-----------------[8718]
2016-08-21 13:34:22:251[cInfo        ] BufferInfo::AddMesh(): NUM INDICES---------------[0]
2016-08-21 13:34:22:251[cInfo        ] BufferInfo::AddMesh(): VERT OFFSET---------------[0]
2016-08-21 13:34:22:252[cInfo        ] BufferInfo::AddMesh(): INDICES OFFSET (BYTES)----[0]
2016-08-21 13:34:22:253[cInfo        ] --------------------|  END BUFFER MESH INFO  |--------------------------------------
2016-08-21 13:34:22:254[cInfo        ] 

2016-08-21 13:34:22:257[Info         ] ShapeGenerator::ReadSceneFile(): Added new scene [..\Data\Scenes\AIWorld.ptn.scene] successfully.
2016-08-21 13:34:22:257[cInfo        ] --------BufferInfo::AddMesh() Added mesh successfully-------
2016-08-21 13:34:22:258[cInfo        ] 
2016-08-21 13:34:22:259[cInfo        ] --------------------| START BUFFER MESH INFO |-------------------------------------
2016-08-21 13:34:22:260[cInfo        ] BufferInfo::AddMesh(): NUM VERTS-----------------[18]
2016-08-21 13:34:22:261[cInfo        ] BufferInfo::AddMesh(): NUM INDICES---------------[0]
2016-08-21 13:34:22:261[cInfo        ] BufferInfo::AddMesh(): VERT OFFSET---------------[36]
2016-08-21 13:34:22:262[cInfo        ] BufferInfo::AddMesh(): INDICES OFFSET (BYTES)----[0]
2016-08-21 13:34:22:263[cInfo        ] --------------------|  END BUFFER MESH INFO  |--------------------------------------
2016-08-21 13:34:22:264[cInfo        ] 

2016-08-21 13:34:22:265[Info         ] ShapeGenerator::ReadSceneFile(): Added new scene [..\Data\Scenes\Pyramid.pn.scene] successfully.
2016-08-21 13:34:22:272[cInfo        ] 
-----------------------------------------------------------------------
 BufferInfo::CreateBuffers()[0] Created buffers:| VERTEX [21] with [5529600] bytes. || INDEX [22] with [0] bytes |
-----------------------------------------------------------------------

2016-08-21 13:34:22:286[cInfo        ] --------BufferInfo::AddMesh() Added mesh successfully-------
2016-08-21 13:34:22:287[cInfo        ] 
2016-08-21 13:34:22:288[cInfo        ] --------------------| START BUFFER MESH INFO |-------------------------------------
2016-08-21 13:34:22:289[cInfo        ] BufferInfo::AddMesh(): NUM VERTS-----------------[172800]
2016-08-21 13:34:22:290[cInfo        ] BufferInfo::AddMesh(): NUM INDICES---------------[0]
2016-08-21 13:34:22:291[cInfo        ] BufferInfo::AddMesh(): VERT OFFSET---------------[0]
2016-08-21 13:34:22:292[cInfo        ] BufferInfo::AddMesh(): INDICES OFFSET (BYTES)----[0]
2016-08-21 13:34:22:293[cInfo        ] --------------------|  END BUFFER MESH INFO  |--------------------------------------
2016-08-21 13:34:22:295[cInfo        ] 

2016-08-21 13:34:22:296[Info         ] ShapeGenerator::ReadSceneFile(): Added new scene [..\Data\Scenes\WaterPlane.ptn.scene] successfully.
2016-08-21 13:34:22:297[cProcess     ] Camera::Initialize() successful.
2016-08-21 13:34:22:306[Process      ] BufferInfo::Initialize() successful.
2016-08-21 13:34:22:306[cInfo        ] 
-----------------------------------------------------------------------
 BufferInfo::CreateBuffers()[4] Created buffers:| VERTEX [23] with [8107776] bytes. || INDEX [24] with [0] bytes |
-----------------------------------------------------------------------

2016-08-21 13:34:22:333[cInfo        ] --------BufferInfo::AddMesh() Added mesh successfully-------
2016-08-21 13:34:22:334[cInfo        ] 
2016-08-21 13:34:22:334[cInfo        ] --------------------| START BUFFER MESH INFO |-------------------------------------
2016-08-21 13:34:22:336[cInfo        ] BufferInfo::AddMesh(): NUM VERTS-----------------[337824]
2016-08-21 13:34:22:338[cInfo        ] BufferInfo::AddMesh(): NUM INDICES---------------[0]
2016-08-21 13:34:22:339[cInfo        ] BufferInfo::AddMesh(): VERT OFFSET---------------[0]
2016-08-21 13:34:22:340[cInfo        ] BufferInfo::AddMesh(): INDICES OFFSET (BYTES)----[0]
2016-08-21 13:34:22:341[cInfo        ] --------------------|  END BUFFER MESH INFO  |--------------------------------------
2016-08-21 13:34:22:344[cInfo        ] 

2016-08-21 13:34:22:345[Info         ] ShapeGenerator::ReadSceneFile(): Added new scene [..\Data\Scenes\Dargon.pn.scene] successfully.
2016-08-21 13:34:22:345[Process      ] BufferInfo::Initialize() successful.
2016-08-21 13:34:22:346[cInfo        ] 
-----------------------------------------------------------------------
 BufferInfo::CreateBuffers()[5] Created buffers:| VERTEX [25] with [1000000] bytes. || INDEX [26] with [1000000] bytes |
-----------------------------------------------------------------------

2016-08-21 13:34:22:349[cInfo        ] --------BufferInfo::AddMesh() Added mesh successfully-------
2016-08-21 13:34:22:350[cInfo        ] 
2016-08-21 13:34:22:350[cInfo        ] --------------------| START BUFFER MESH INFO |-------------------------------------
2016-08-21 13:34:22:351[cInfo        ] BufferInfo::AddMesh(): NUM VERTS-----------------[6]
2016-08-21 13:34:22:353[cInfo        ] BufferInfo::AddMesh(): NUM INDICES---------------[0]
2016-08-21 13:34:22:354[cInfo        ] BufferInfo::AddMesh(): VERT OFFSET---------------[0]
2016-08-21 13:34:22:355[cInfo        ] BufferInfo::AddMesh(): INDICES OFFSET (BYTES)----[0]
2016-08-21 13:34:22:356[cInfo        ] --------------------|  END BUFFER MESH INFO  |--------------------------------------
2016-08-21 13:34:22:357[cInfo        ] 

2016-08-21 13:34:22:357[cProcess     ] BodaciousQuest::Initialize() successful.
2016-08-21 13:34:22:358[Process      ] GameTime::Initialize() ok

2016-08-21 13:34:22:358[cProcess     ] MyWindow::Initialize() successful!
2016-08-21 13:34:28:238[cProcess     ] BufferManager::Shutdown() successful.
2016-08-21 13:34:28:239[cProcess     ] RenderEngine::Shutdown() successful.
2016-08-21 13:34:28:240[cProcess     ] Camera::Shutdown() successful.
2016-08-21 13:34:28:242[Info         ] Shader  [2] deleting...
2016-08-21 13:34:28:242[Info         ] Shader  [2] deleted successfully.
2016-08-21 13:34:28:242[Info         ] Shader  [3] deleting...
2016-08-21 13:34:28:242[Info         ] Shader  [3] deleted successfully.
2016-08-21 13:34:28:242[Info         ] All shaders deleted successfully.
2016-08-21 13:34:28:242[cInfo        ] Program [1] deleted successfully.
2016-08-21 13:34:28:243[Process      ] ShaderProgram[1]::Shutdown successful!
2016-08-21 13:34:28:243[Info         ] Shader  [5] deleting...
2016-08-21 13:34:28:243[Info         ] Shader  [5] deleted successfully.
2016-08-21 13:34:28:243[Info         ] Shader  [6] deleting...
2016-08-21 13:34:28:243[Info         ] Shader  [6] deleted successfully.
2016-08-21 13:34:28:243[Info         ] All shaders deleted successfully.
2016-08-21 13:34:28:243[cInfo        ] Program [4] deleted successfully.
2016-08-21 13:34:28:244[Process      ] ShaderProgram[4]::Shutdown successful!
2016-08-21 13:34:28:244[Info         ] Shader  [8] deleting...
2016-08-21 13:34:28:244[Info         ] Shader  [8] deleted successfully.
2016-08-21 13:34:28:244[Info         ] Shader  [9] deleting...
2016-08-21 13:34:28:244[Info         ] Shader  [9] deleted successfully.
2016-08-21 13:34:28:244[Info         ] All shaders deleted successfully.
2016-08-21 13:34:28:244[cInfo        ] Program [7] deleted successfully.
2016-08-21 13:34:28:244[Process      ] ShaderProgram[7]::Shutdown successful!
2016-08-21 13:34:28:245[Info         ] Shader  [11] deleting...
2016-08-21 13:34:28:245[Info         ] Shader  [11] deleted successfully.
2016-08-21 13:34:28:245[Info         ] Shader  [12] deleting...
2016-08-21 13:34:28:245[Info         ] Shader  [12] deleted successfully.
2016-08-21 13:34:28:245[Info         ] All shaders deleted successfully.
2016-08-21 13:34:28:245[cInfo        ] Program [10] deleted successfully.
2016-08-21 13:34:28:245[Process      ] ShaderProgram[10]::Shutdown successful!
2016-08-21 13:34:28:246[Info         ] Shader  [14] deleting...
2016-08-21 13:34:28:246[Info         ] Shader  [14] deleted successfully.
2016-08-21 13:34:28:246[Info         ] Shader  [15] deleting...
2016-08-21 13:34:28:246[Info         ] Shader  [15] deleted successfully.
2016-08-21 13:34:28:246[Info         ] All shaders deleted successfully.
2016-08-21 13:34:28:246[cInfo        ] Program [13] deleted successfully.
2016-08-21 13:34:28:246[Process      ] ShaderProgram[13]::Shutdown successful!
2016-08-21 13:34:28:246[Info         ] Shader  [17] deleting...
2016-08-21 13:34:28:246[Info         ] Shader  [17] deleted successfully.
2016-08-21 13:34:28:246[Info         ] Shader  [18] deleting...
2016-08-21 13:34:28:246[Info         ] Shader  [18] deleted successfully.
2016-08-21 13:34:28:247[Info         ] All shaders deleted successfully.
2016-08-21 13:34:28:247[cInfo        ] Program [16] deleted successfully.
2016-08-21 13:34:28:249[Process      ] ShaderProgram[16]::Shutdown successful!
2016-08-21 13:34:28:249[Info         ] Shader  [20] deleting...
2016-08-21 13:34:28:249[Info         ] Shader  [20] deleted successfully.
2016-08-21 13:34:28:249[Info         ] Shader  [21] deleting...
2016-08-21 13:34:28:249[Info         ] Shader  [21] deleted successfully.
2016-08-21 13:34:28:249[Info         ] All shaders deleted successfully.
2016-08-21 13:34:28:249[cInfo        ] Program [19] deleted successfully.
2016-08-21 13:34:28:250[Process      ] ShaderProgram[19]::Shutdown successful!
2016-08-21 13:34:28:250[cProcess     ] MyWindow::Shutdown() successful!
2016-08-21 13:34:28:251[cProcess     ] BodaciousQuest::Shutdown() successful.
2016-08-21 13:34:28:261[Process      ] ConfigReader shut down successfully
2016-08-21 13:34:28:261[Process      ] GameLogger::ShutDown() successful
