2016-08-24 09:57:36:940[Process      ] GameLogger::Initialize() opened log file [..\Data\LogFiles\2016-08-24 09-57-36.BodaciousQuest.log] for writing
2016-08-24 09:57:36:940[Info         ] GameLogger::Initialize() successful
2016-08-24 09:57:36:940[Process      ] ConfigReader opened [..\Data\BodaciousQuest.config] successfully
2016-08-24 09:57:36:940[Info         ] ConfigReader initialized successfully
2016-08-24 09:57:36:940[Info         ] Valid KVP [BodaciousQuest.ShowFullScreen] [false] added
2016-08-24 09:57:36:940[Info         ] Valid KVP [BodaciousQuest.FpsInterval] [5.0] added
2016-08-24 09:57:36:942[Info         ] Valid KVP [BodaciousQuest.EnableControls] [true] added
2016-08-24 09:57:36:942[Info         ] Valid KVP [BodaciousQuest.LoadCubeFirst] [true] added
2016-08-24 09:57:36:942[Info         ] Valid KVP [BodaciousQuest.CameraWalkMode] [false] added
2016-08-24 09:57:36:942[Info         ] Valid KVP [BodaciousQuest.GridSize] [40] added
2016-08-24 09:57:36:942[Info         ] Valid KVP [BodaciousQuest.LightingTest.Ambient.Color] [1.0  1.0  1.0] added
2016-08-24 09:57:36:942[Info         ] Valid KVP [BodaciousQuest.LightingTest.Diffuse.Color] [1.0  1.0  1.0] added
2016-08-24 09:57:36:942[Info         ] Valid KVP [BodaciousQuest.LightingTest.Specular.Color] [1.0  1.0  1.0] added
2016-08-24 09:57:36:942[Info         ] Valid KVP [BodaciousQuest.LightingTest.Ambient.Reflectivity] [0.1] added
2016-08-24 09:57:36:942[Info         ] Valid KVP [BodaciousQuest.LightingTest.Diffuse.Reflectivity] [0.9] added
2016-08-24 09:57:36:942[Info         ] Valid KVP [BodaciousQuest.LightingTest.Specular.Reflectivity] [0.2] added
2016-08-24 09:57:36:942[Info         ] Valid KVP [BodaciousQuest.LightingTest.Specular.Shininess] [2.0] added
2016-08-24 09:57:36:942[Info         ] Valid KVP [BodaciousQuest.LightingTest.Falloff.A] [1.0] added
2016-08-24 09:57:36:943[Info         ] Valid KVP [BodaciousQuest.LightingTest.Falloff.B] [0.01] added
2016-08-24 09:57:36:943[Info         ] Valid KVP [BodaciousQuest.LightingTest.Falloff.C] [0.001] added
2016-08-24 09:57:36:943[Info         ] Valid KVP [BodaciousQuest.LightingTest.Directional] [false] added
2016-08-24 09:57:36:943[Info         ] Valid KVP [BodaciousQuest.LightingTest.Direction] [-1.0 0.0 1.0] added
2016-08-24 09:57:36:943[Info         ] Valid KVP [BodaciousQuest.LightingTest.Light.Position] [-0.875458 3.673020 1.043331] added
2016-08-24 09:57:36:943[Info         ] Valid KVP [BodaciousQuest.LightingTest.Dargon.Color] [1.0 1.0 0.4] added
2016-08-24 09:57:36:943[Info         ] Valid KVP [ObjConverter.Mode.VertexType] [ptn] added
2016-08-24 09:57:36:943[Info         ] Valid KVP [ObjConverter.Mode.Analyze] [false] added
2016-08-24 09:57:36:943[Info         ] Valid KVP [ObjConverter.Model] [DerpyDargon] added
2016-08-24 09:57:36:943[Info         ] Valid KVP [ObjConverter.Shader] [5] added
2016-08-24 09:57:36:943[Info         ] Valid KVP [ObjConverter.Color] [random] added
2016-08-24 09:57:36:943[Info         ] Valid KVP [ObjConverter.Obj.InputFileFolder] [..\\Data\\Objs\\] added
2016-08-24 09:57:36:943[Info         ] Valid KVP [ObjConverter.Scene.OutputFileFolder] [..\\Data\\Scenes\\] added
2016-08-24 09:57:36:943[Info         ] Valid KVP [ObjConverter.Model.Dargon.NumVerts] [57967] added
2016-08-24 09:57:36:943[Info         ] Valid KVP [ObjConverter.Model.Dargon.NumIndices] [337824] added
2016-08-24 09:57:36:943[Info         ] Valid KVP [ObjConverter.Model.Dargon.NumTexCoords] [60175] added
2016-08-24 09:57:36:943[Info         ] Valid KVP [ObjConverter.Model.Dargon.NumNormals] [337824] added
2016-08-24 09:57:36:943[Info         ] Valid KVP [ObjConverter.Model.DerpyDargon.NumVerts] [57967] added
2016-08-24 09:57:36:943[Info         ] Valid KVP [ObjConverter.Model.DerpyDargon.NumIndices] [337824] added
2016-08-24 09:57:36:943[Info         ] Valid KVP [ObjConverter.Model.DerpyDargon.NumTexCoords] [60175] added
2016-08-24 09:57:36:943[Info         ] Valid KVP [ObjConverter.Model.DerpyDargon.NumNormals] [337824] added
2016-08-24 09:57:36:943[Info         ] Valid KVP [ObjConverter.Model.Swamp.NumVerts] [2735] added
2016-08-24 09:57:36:943[Info         ] Valid KVP [ObjConverter.Model.Swamp.NumIndices] [8556] added
2016-08-24 09:57:36:943[Info         ] Valid KVP [ObjConverter.Model.Swamp.NumTexCoords] [3622] added
2016-08-24 09:57:36:943[Info         ] Valid KVP [ObjConverter.Model.Swamp.NumNormals] [5156] added
2016-08-24 09:57:36:943[Info         ] Valid KVP [ObjConverter.Model.Pyramid.NumVerts] [5] added
2016-08-24 09:57:36:943[Info         ] Valid KVP [ObjConverter.Model.Pyramid.NumIndices] [18] added
2016-08-24 09:57:36:943[Info         ] Valid KVP [ObjConverter.Model.Pyramid.NumTexCoords] [10] added
2016-08-24 09:57:36:943[Info         ] Valid KVP [ObjConverter.Model.Pyramid.NumNormals] [16] added
2016-08-24 09:57:36:943[Info         ] Valid KVP [ObjConverter.Model.AIWorld.NumVerts] [1957] added
2016-08-24 09:57:36:943[Info         ] Valid KVP [ObjConverter.Model.AIWorld.NumIndices] [8718] added
2016-08-24 09:57:36:943[Info         ] Valid KVP [ObjConverter.Model.AIWorld.NumTexCoords] [4186] added
2016-08-24 09:57:36:943[Info         ] Valid KVP [ObjConverter.Model.AIWorld.NumNormals] [5418] added
2016-08-24 09:57:36:943[Info         ] Valid KVP [ObjConverter.Model.GameWeapon.NumVerts] [2068] added
2016-08-24 09:57:36:943[Info         ] Valid KVP [ObjConverter.Model.GameWeapon.NumIndices] [9894] added
2016-08-24 09:57:36:943[Info         ] Valid KVP [ObjConverter.Model.GameWeapon.NumTexCoords] [0] added
2016-08-24 09:57:36:943[Info         ] Valid KVP [ObjConverter.Model.GameWeapon.NumNormals] [0] added
2016-08-24 09:57:36:943[Info         ] Valid KVP [ObjConverter.Model.Chicken.NumVerts] [224] added
2016-08-24 09:57:36:943[Info         ] Valid KVP [ObjConverter.Model.Chicken.NumIndices] [1374] added
2016-08-24 09:57:36:943[Info         ] Valid KVP [ObjConverter.Model.Chicken.NumTexCoords] [472] added
2016-08-24 09:57:36:944[Info         ] Valid KVP [ObjConverter.Model.Chicken.NumNormals] [565] added
2016-08-24 09:57:36:944[Info         ] Valid KVP [ObjConverter.Model.WaterPlane.NumVerts] [29282] added
2016-08-24 09:57:36:944[Info         ] Valid KVP [ObjConverter.Model.WaterPlane.NumIndices] [172800] added
2016-08-24 09:57:36:944[Info         ] Valid KVP [ObjConverter.Model.WaterPlane.NumTexCoords] [29282] added
2016-08-24 09:57:36:944[Info         ] Valid KVP [ObjConverter.Model.WaterPlane.NumNormals] [172800] added
2016-08-24 09:57:36:944[Info         ] Valid KVP [ObjConverter.Model.Cube.NumVerts] [8] added
2016-08-24 09:57:36:944[Info         ] Valid KVP [ObjConverter.Model.Cube.NumIndices] [36] added
2016-08-24 09:57:36:944[Info         ] Valid KVP [ObjConverter.Model.Cube.NumTexCoords] [14] added
2016-08-24 09:57:36:944[Info         ] Valid KVP [ObjConverter.Model.Cube.NumNormals] [24] added
2016-08-24 09:57:36:944[Info         ] Valid KVP [ObjConverter.Model.Barrel.NumVerts] [172] added
2016-08-24 09:57:36:944[Info         ] Valid KVP [ObjConverter.Model.Barrel.NumIndices] [1008] added
2016-08-24 09:57:36:944[Info         ] Valid KVP [ObjConverter.Model.Barrel.NumTexCoords] [328] added
2016-08-24 09:57:36:944[Info         ] Valid KVP [ObjConverter.Model.Barrel.NumNormals] [204] added
2016-08-24 09:57:36:944[Info         ] Valid KVP [ObjConverter.Model.SkyBox.NumVerts] [8] added
2016-08-24 09:57:36:944[Info         ] Valid KVP [ObjConverter.Model.SkyBox.NumIndices] [36] added
2016-08-24 09:57:36:944[Info         ] Valid KVP [ObjConverter.Model.SkyBox.NumTexCoords] [18] added
2016-08-24 09:57:36:944[Info         ] Valid KVP [ObjConverter.Model.SkyBox.NumNormals] [24] added
2016-08-24 09:57:36:944[Info         ] Valid KVP [ObjConverter.Model.Cat.NumVerts] [548] added
2016-08-24 09:57:36:944[Info         ] Valid KVP [ObjConverter.Model.Cat.NumIndices] [3180] added
2016-08-24 09:57:36:944[Info         ] Valid KVP [ObjConverter.Model.Cat.NumTexCoords] [771] added
2016-08-24 09:57:36:944[Info         ] Valid KVP [ObjConverter.Model.Cat.NumNormals] [714] added
2016-08-24 09:57:37:013[cInfo        ] Config reader opened [..\Data\BodaciousQuest.config] for reading!
2016-08-24 09:57:37:073[Process      ] ShaderManager Initialized successfully
2016-08-24 09:57:37:073[Info         ] Shader Init started
2016-08-24 09:57:37:073[Info         ] Shader Program created.
2016-08-24 09:57:37:073[Process      ] ShaderProgram::Initialize()[1] successful!
2016-08-24 09:57:37:073[Debug        ] File [..\Data\shaders\debug.vert.shader] Opened successfully! Buffer Length:[291]
2016-08-24 09:57:37:073[Debug        ] Shader file [..\Data\shaders\debug.vert.shader] contents:
//BEGIN
#version 430 core

layout(location = 0)  in vec3 vPosition;

layout(location = 15) uniform vec3 colorin;
layout(location = 16) uniform mat4 MAT;

out vec4 color;

void main()
{
	vec4 vertPos = vec4(vPosition, 1.0);
	gl_Position = MAT *  vertPos;
	color = vec4(colorin, 1.0);
}
//END

2016-08-24 09:57:37:073[Debug        ]  ShaderProgram::AddShader() file with data was read in
2016-08-24 09:57:37:073[Debug        ] ShaderProgram::AddShader() : glShaderSource() successful
2016-08-24 09:57:37:074[Debug        ] ShaderProgram::AddShader() : glCompileShader() successful
2016-08-24 09:57:37:074[Info         ] ShaderProgram::CheckShaderCompileStatus(2) successful.
2016-08-24 09:57:37:074[Debug        ] ShaderProgram::AddShader() : glCompileShader() successful
2016-08-24 09:57:37:074[Info         ] ShaderInfo saved successfully.
2016-08-24 09:57:37:074[Debug        ] ShaderProgram::AddShader() : glAttachShader() successful
2016-08-24 09:57:37:074[Info         ] ShaderProgram::AddShader [2] successful.
2016-08-24 09:57:37:074[Debug        ] File [..\Data\shaders\debug.frag.shader] Opened successfully! Buffer Length:[104]
2016-08-24 09:57:37:074[Debug        ] Shader file [..\Data\shaders\debug.frag.shader] contents:
//BEGIN
#version 430 core


in  vec4 color;
out vec4 outColor;

void main()
{
	outColor = color;
}


//END

2016-08-24 09:57:37:074[Debug        ]  ShaderProgram::AddShader() file with data was read in
2016-08-24 09:57:37:074[Debug        ] ShaderProgram::AddShader() : glShaderSource() successful
2016-08-24 09:57:37:074[Debug        ] ShaderProgram::AddShader() : glCompileShader() successful
2016-08-24 09:57:37:074[Info         ] ShaderProgram::CheckShaderCompileStatus(3) successful.
2016-08-24 09:57:37:074[Debug        ] ShaderProgram::AddShader() : glCompileShader() successful
2016-08-24 09:57:37:074[Info         ] ShaderInfo saved successfully.
2016-08-24 09:57:37:074[Debug        ] ShaderProgram::AddShader() : glAttachShader() successful
2016-08-24 09:57:37:074[Info         ] ShaderProgram::AddShader [3] successful.
2016-08-24 09:57:37:077[Info         ] CheckProgramStatus() successful!
2016-08-24 09:57:37:077[Info         ] CheckProgramStatus() successful!
2016-08-24 09:57:37:077[Info         ] Shader Init started
2016-08-24 09:57:37:077[Info         ] Shader Program created.
2016-08-24 09:57:37:077[Process      ] ShaderProgram::Initialize()[4] successful!
2016-08-24 09:57:37:077[Debug        ] File [..\Data\shaders\play.vert.shader] Opened successfully! Buffer Length:[343]
2016-08-24 09:57:37:077[Debug        ] Shader file [..\Data\shaders\play.vert.shader] contents:
//BEGIN
#version 430 core

layout (location = 0)  in vec3 vPosition;
layout (location = 1)  in vec3 vColor;
layout (location = 15) uniform vec3 colorin;
layout (location = 16) uniform mat4 MAT;

out vec4 color;

void main()
{
	vec4 vertPos = vec4(vPosition, 1.0);
	gl_Position = MAT *  vertPos;
	color = vec4((vColor + colorin), 1.0);
}
//END

2016-08-24 09:57:37:077[Debug        ]  ShaderProgram::AddShader() file with data was read in
2016-08-24 09:57:37:077[Debug        ] ShaderProgram::AddShader() : glShaderSource() successful
2016-08-24 09:57:37:078[Debug        ] ShaderProgram::AddShader() : glCompileShader() successful
2016-08-24 09:57:37:078[Info         ] ShaderProgram::CheckShaderCompileStatus(5) successful.
2016-08-24 09:57:37:078[Debug        ] ShaderProgram::AddShader() : glCompileShader() successful
2016-08-24 09:57:37:078[Info         ] ShaderInfo saved successfully.
2016-08-24 09:57:37:078[Debug        ] ShaderProgram::AddShader() : glAttachShader() successful
2016-08-24 09:57:37:078[Info         ] ShaderProgram::AddShader [5] successful.
2016-08-24 09:57:37:078[Debug        ] File [..\Data\shaders\play.frag.shader] Opened successfully! Buffer Length:[391]
2016-08-24 09:57:37:078[Debug        ] Shader file [..\Data\shaders\play.frag.shader] contents:
//BEGIN
#version 430 core


in  vec4 color;
out vec4 outColor;

void main()
{

	//if (color.r < .7) discard;
	outColor = color;

	//if(((gl_FragCoord.x  > 600)&& (gl_FragCoord.y < 300)) || ((gl_FragCoord.y < 300)  && (gl_FragCoord.x  < 600) )) {
	//discard;
	//}

	//vec2 scrPos = vec2(gl_FragCoord) - vec2(350,150);
	//float len =  length(scrPos);
	//if(len < 50 )discard;
}


//END

2016-08-24 09:57:37:078[Debug        ]  ShaderProgram::AddShader() file with data was read in
2016-08-24 09:57:37:078[Debug        ] ShaderProgram::AddShader() : glShaderSource() successful
2016-08-24 09:57:37:078[Debug        ] ShaderProgram::AddShader() : glCompileShader() successful
2016-08-24 09:57:37:078[Info         ] ShaderProgram::CheckShaderCompileStatus(6) successful.
2016-08-24 09:57:37:078[Debug        ] ShaderProgram::AddShader() : glCompileShader() successful
2016-08-24 09:57:37:078[Info         ] ShaderInfo saved successfully.
2016-08-24 09:57:37:078[Debug        ] ShaderProgram::AddShader() : glAttachShader() successful
2016-08-24 09:57:37:078[Info         ] ShaderProgram::AddShader [6] successful.
2016-08-24 09:57:37:079[Info         ] CheckProgramStatus() successful!
2016-08-24 09:57:37:079[Info         ] CheckProgramStatus() successful!
2016-08-24 09:57:37:079[Info         ] Shader Init started
2016-08-24 09:57:37:079[Info         ] Shader Program created.
2016-08-24 09:57:37:079[Process      ] ShaderProgram::Initialize()[7] successful!
2016-08-24 09:57:37:079[Debug        ] File [..\Data\shaders\texture.vert.shader] Opened successfully! Buffer Length:[305]
2016-08-24 09:57:37:080[Debug        ] Shader file [..\Data\shaders\texture.vert.shader] contents:
//BEGIN
#version 430 core

layout (location = 0)  in vec3 vPosition;
layout (location = 1)  in vec2 vUV;

layout (location = 16) uniform mat4 MAT;

//out data
out vec2 UV;

//out vec4 color;

void main()
{
	vec4 vertPos = vec4(vPosition, 1.0);
	gl_Position = MAT *  vertPos;

	UV = vUV;
	
	
}
//END

2016-08-24 09:57:37:080[Debug        ]  ShaderProgram::AddShader() file with data was read in
2016-08-24 09:57:37:080[Debug        ] ShaderProgram::AddShader() : glShaderSource() successful
2016-08-24 09:57:37:080[Debug        ] ShaderProgram::AddShader() : glCompileShader() successful
2016-08-24 09:57:37:080[Info         ] ShaderProgram::CheckShaderCompileStatus(8) successful.
2016-08-24 09:57:37:080[Debug        ] ShaderProgram::AddShader() : glCompileShader() successful
2016-08-24 09:57:37:080[Info         ] ShaderInfo saved successfully.
2016-08-24 09:57:37:080[Debug        ] ShaderProgram::AddShader() : glAttachShader() successful
2016-08-24 09:57:37:080[Info         ] ShaderProgram::AddShader [8] successful.
2016-08-24 09:57:37:080[Debug        ] File [..\Data\shaders\texture.frag.shader] Opened successfully! Buffer Length:[482]
2016-08-24 09:57:37:080[Debug        ] Shader file [..\Data\shaders\texture.frag.shader] contents:
//BEGIN
#version 430 core


in  vec2 UV;
out vec4 outColor;

layout(location = 20) uniform sampler2D textureSampler;

void main()
{

	//if (color.r < .7) discard;
	outColor = vec4(texture(textureSampler, UV).rgb, 1.0);

	//if(((gl_FragCoord.x  > 600)&& (gl_FragCoord.y < 300)) || ((gl_FragCoord.y < 300)  && (gl_FragCoord.x  < 600) )) {
	//discard;
	//}
	//vec2 scrPos = vec2(gl_FragCoord) - vec2(350,150);
	//float len =  length(scrPos);
	//if(len < 50 )discard;
}


//END

2016-08-24 09:57:37:080[Debug        ]  ShaderProgram::AddShader() file with data was read in
2016-08-24 09:57:37:080[Debug        ] ShaderProgram::AddShader() : glShaderSource() successful
2016-08-24 09:57:37:080[Debug        ] ShaderProgram::AddShader() : glCompileShader() successful
2016-08-24 09:57:37:080[Info         ] ShaderProgram::CheckShaderCompileStatus(9) successful.
2016-08-24 09:57:37:080[Debug        ] ShaderProgram::AddShader() : glCompileShader() successful
2016-08-24 09:57:37:080[Info         ] ShaderInfo saved successfully.
2016-08-24 09:57:37:080[Debug        ] ShaderProgram::AddShader() : glAttachShader() successful
2016-08-24 09:57:37:080[Info         ] ShaderProgram::AddShader [9] successful.
2016-08-24 09:57:37:081[Info         ] CheckProgramStatus() successful!
2016-08-24 09:57:37:081[Info         ] CheckProgramStatus() successful!
2016-08-24 09:57:37:081[Info         ] Shader Init started
2016-08-24 09:57:37:081[Info         ] Shader Program created.
2016-08-24 09:57:37:081[Process      ] ShaderProgram::Initialize()[10] successful!
2016-08-24 09:57:37:081[Debug        ] File [..\Data\shaders\framebuffer.vert.shader] Opened successfully! Buffer Length:[305]
2016-08-24 09:57:37:081[Debug        ] Shader file [..\Data\shaders\framebuffer.vert.shader] contents:
//BEGIN
#version 430 core

layout (location = 0)  in vec3 vPosition;
layout (location = 1)  in vec2 vUV;

layout (location = 16) uniform mat4 MAT;

//out data
out vec2 UV;

//out vec4 color;

void main()
{
	vec4 vertPos = vec4(vPosition, 1.0);
	gl_Position = MAT *  vertPos;

	UV = vUV;
	
	
}
//END

2016-08-24 09:57:37:082[Debug        ]  ShaderProgram::AddShader() file with data was read in
2016-08-24 09:57:37:082[Debug        ] ShaderProgram::AddShader() : glShaderSource() successful
2016-08-24 09:57:37:082[Debug        ] ShaderProgram::AddShader() : glCompileShader() successful
2016-08-24 09:57:37:082[Info         ] ShaderProgram::CheckShaderCompileStatus(11) successful.
2016-08-24 09:57:37:082[Debug        ] ShaderProgram::AddShader() : glCompileShader() successful
2016-08-24 09:57:37:082[Info         ] ShaderInfo saved successfully.
2016-08-24 09:57:37:082[Debug        ] ShaderProgram::AddShader() : glAttachShader() successful
2016-08-24 09:57:37:082[Info         ] ShaderProgram::AddShader [11] successful.
2016-08-24 09:57:37:082[Debug        ] File [..\Data\shaders\framebuffer.frag.shader] Opened successfully! Buffer Length:[275]
2016-08-24 09:57:37:082[Debug        ] Shader file [..\Data\shaders\framebuffer.frag.shader] contents:
//BEGIN
#version 430 core


in  vec2 UV;
out vec4 outColor;

layout(location = 20) uniform sampler2D textureSampler;

void main()
{


	vec3 tempCol = texture(textureSampler, UV).rgb;

	outColor = vec4(tempCol.r / 1.5f, tempCol.g / 1.5f, tempCol.b / 1.5f, 1.0f);
}


//END

2016-08-24 09:57:37:082[Debug        ]  ShaderProgram::AddShader() file with data was read in
2016-08-24 09:57:37:082[Debug        ] ShaderProgram::AddShader() : glShaderSource() successful
2016-08-24 09:57:37:082[Debug        ] ShaderProgram::AddShader() : glCompileShader() successful
2016-08-24 09:57:37:082[Info         ] ShaderProgram::CheckShaderCompileStatus(12) successful.
2016-08-24 09:57:37:082[Debug        ] ShaderProgram::AddShader() : glCompileShader() successful
2016-08-24 09:57:37:082[Info         ] ShaderInfo saved successfully.
2016-08-24 09:57:37:082[Debug        ] ShaderProgram::AddShader() : glAttachShader() successful
2016-08-24 09:57:37:082[Info         ] ShaderProgram::AddShader [12] successful.
2016-08-24 09:57:37:083[Info         ] CheckProgramStatus() successful!
2016-08-24 09:57:37:083[Info         ] CheckProgramStatus() successful!
2016-08-24 09:57:37:083[Info         ] Shader Init started
2016-08-24 09:57:37:083[Info         ] Shader Program created.
2016-08-24 09:57:37:083[Process      ] ShaderProgram::Initialize()[13] successful!
2016-08-24 09:57:37:083[Debug        ] File [..\Data\shaders\lighting.vert.shader] Opened successfully! Buffer Length:[1004]
2016-08-24 09:57:37:083[cDebug       ] Shader file [..\Data\shaders\lighting.vert.shader] is too big to display contents.
2016-08-24 09:57:37:085[Debug        ]  ShaderProgram::AddShader() file with data was read in
2016-08-24 09:57:37:085[Debug        ] ShaderProgram::AddShader() : glShaderSource() successful
2016-08-24 09:57:37:085[Debug        ] ShaderProgram::AddShader() : glCompileShader() successful
2016-08-24 09:57:37:085[Info         ] ShaderProgram::CheckShaderCompileStatus(14) successful.
2016-08-24 09:57:37:085[Debug        ] ShaderProgram::AddShader() : glCompileShader() successful
2016-08-24 09:57:37:085[Info         ] ShaderInfo saved successfully.
2016-08-24 09:57:37:085[Debug        ] ShaderProgram::AddShader() : glAttachShader() successful
2016-08-24 09:57:37:085[Info         ] ShaderProgram::AddShader [14] successful.
2016-08-24 09:57:37:085[Debug        ] File [..\Data\shaders\lighting.frag.shader] Opened successfully! Buffer Length:[1824]
2016-08-24 09:57:37:085[cDebug       ] Shader file [..\Data\shaders\lighting.frag.shader] is too big to display contents.
2016-08-24 09:57:37:087[Debug        ]  ShaderProgram::AddShader() file with data was read in
2016-08-24 09:57:37:087[Debug        ] ShaderProgram::AddShader() : glShaderSource() successful
2016-08-24 09:57:37:087[Debug        ] ShaderProgram::AddShader() : glCompileShader() successful
2016-08-24 09:57:37:087[Info         ] ShaderProgram::CheckShaderCompileStatus(15) successful.
2016-08-24 09:57:37:087[Debug        ] ShaderProgram::AddShader() : glCompileShader() successful
2016-08-24 09:57:37:087[Info         ] ShaderInfo saved successfully.
2016-08-24 09:57:37:087[Debug        ] ShaderProgram::AddShader() : glAttachShader() successful
2016-08-24 09:57:37:087[Info         ] ShaderProgram::AddShader [15] successful.
2016-08-24 09:57:37:090[Info         ] CheckProgramStatus() successful!
2016-08-24 09:57:37:090[Info         ] CheckProgramStatus() successful!
2016-08-24 09:57:37:090[Info         ] Shader Init started
2016-08-24 09:57:37:090[Info         ] Shader Program created.
2016-08-24 09:57:37:090[Process      ] ShaderProgram::Initialize()[16] successful!
2016-08-24 09:57:37:090[Debug        ] File [..\Data\shaders\texlighting.vert.shader] Opened successfully! Buffer Length:[1051]
2016-08-24 09:57:37:090[cDebug       ] Shader file [..\Data\shaders\texlighting.vert.shader] is too big to display contents.
2016-08-24 09:57:37:092[Debug        ]  ShaderProgram::AddShader() file with data was read in
2016-08-24 09:57:37:093[Debug        ] ShaderProgram::AddShader() : glShaderSource() successful
2016-08-24 09:57:37:093[Debug        ] ShaderProgram::AddShader() : glCompileShader() successful
2016-08-24 09:57:37:093[Info         ] ShaderProgram::CheckShaderCompileStatus(17) successful.
2016-08-24 09:57:37:093[Debug        ] ShaderProgram::AddShader() : glCompileShader() successful
2016-08-24 09:57:37:093[Info         ] ShaderInfo saved successfully.
2016-08-24 09:57:37:093[Debug        ] ShaderProgram::AddShader() : glAttachShader() successful
2016-08-24 09:57:37:093[Info         ] ShaderProgram::AddShader [17] successful.
2016-08-24 09:57:37:093[Debug        ] File [..\Data\shaders\texlighting.frag.shader] Opened successfully! Buffer Length:[1885]
2016-08-24 09:57:37:093[cDebug       ] Shader file [..\Data\shaders\texlighting.frag.shader] is too big to display contents.
2016-08-24 09:57:37:096[Debug        ]  ShaderProgram::AddShader() file with data was read in
2016-08-24 09:57:37:096[Debug        ] ShaderProgram::AddShader() : glShaderSource() successful
2016-08-24 09:57:37:097[Debug        ] ShaderProgram::AddShader() : glCompileShader() successful
2016-08-24 09:57:37:097[Info         ] ShaderProgram::CheckShaderCompileStatus(18) successful.
2016-08-24 09:57:37:097[Debug        ] ShaderProgram::AddShader() : glCompileShader() successful
2016-08-24 09:57:37:097[Info         ] ShaderInfo saved successfully.
2016-08-24 09:57:37:097[Debug        ] ShaderProgram::AddShader() : glAttachShader() successful
2016-08-24 09:57:37:097[Info         ] ShaderProgram::AddShader [18] successful.
2016-08-24 09:57:37:100[Info         ] CheckProgramStatus() successful!
2016-08-24 09:57:37:100[Info         ] CheckProgramStatus() successful!
2016-08-24 09:57:37:100[Info         ] Shader Init started
2016-08-24 09:57:37:100[Info         ] Shader Program created.
2016-08-24 09:57:37:100[Process      ] ShaderProgram::Initialize()[19] successful!
2016-08-24 09:57:37:100[Debug        ] File [..\Data\shaders\water.vert.shader] Opened successfully! Buffer Length:[1400]
2016-08-24 09:57:37:100[cDebug       ] Shader file [..\Data\shaders\water.vert.shader] is too big to display contents.
2016-08-24 09:57:37:101[Debug        ]  ShaderProgram::AddShader() file with data was read in
2016-08-24 09:57:37:101[Debug        ] ShaderProgram::AddShader() : glShaderSource() successful
2016-08-24 09:57:37:102[Debug        ] ShaderProgram::AddShader() : glCompileShader() successful
2016-08-24 09:57:37:102[Info         ] ShaderProgram::CheckShaderCompileStatus(20) successful.
2016-08-24 09:57:37:102[Debug        ] ShaderProgram::AddShader() : glCompileShader() successful
2016-08-24 09:57:37:102[Info         ] ShaderInfo saved successfully.
2016-08-24 09:57:37:102[Debug        ] ShaderProgram::AddShader() : glAttachShader() successful
2016-08-24 09:57:37:102[Info         ] ShaderProgram::AddShader [20] successful.
2016-08-24 09:57:37:102[Debug        ] File [..\Data\shaders\water.frag.shader] Opened successfully! Buffer Length:[2455]
2016-08-24 09:57:37:102[cDebug       ] Shader file [..\Data\shaders\water.frag.shader] is too big to display contents.
2016-08-24 09:57:37:104[Debug        ]  ShaderProgram::AddShader() file with data was read in
2016-08-24 09:57:37:104[Debug        ] ShaderProgram::AddShader() : glShaderSource() successful
2016-08-24 09:57:37:104[Debug        ] ShaderProgram::AddShader() : glCompileShader() successful
2016-08-24 09:57:37:104[Info         ] ShaderProgram::CheckShaderCompileStatus(21) successful.
2016-08-24 09:57:37:104[Debug        ] ShaderProgram::AddShader() : glCompileShader() successful
2016-08-24 09:57:37:104[Info         ] ShaderInfo saved successfully.
2016-08-24 09:57:37:104[Debug        ] ShaderProgram::AddShader() : glAttachShader() successful
2016-08-24 09:57:37:104[Info         ] ShaderProgram::AddShader [21] successful.
2016-08-24 09:57:37:106[Info         ] CheckProgramStatus() successful!
2016-08-24 09:57:37:106[Info         ] CheckProgramStatus() successful!
2016-08-24 09:57:37:106[Info         ] GetAttribLocation [vPosition] successful.
2016-08-24 09:57:37:106[Info         ] GetUniformLocation [colorin] successful.
2016-08-24 09:57:37:106[Info         ] GetUniformLocation [MAT] successful.
2016-08-24 09:57:37:106[cProcess     ] RenderEngine::Initialize() successful.
2016-08-24 09:57:37:107[cInfo        ] 
-----------------------------------------------------------------------
 BufferInfo::CreateBuffers()[0] Created buffers:| VERTEX [1] with [80] bytes. || INDEX [2] with [24] bytes |
-----------------------------------------------------------------------

2016-08-24 09:57:37:115[cInfo        ] --------BufferInfo::AddMesh() Added mesh successfully-------
2016-08-24 09:57:37:116[cInfo        ] 
2016-08-24 09:57:37:117[cInfo        ] --------------------| START BUFFER MESH INFO |-------------------------------------
2016-08-24 09:57:37:119[cInfo        ] BufferInfo::AddMesh(): NUM VERTS-----------------[4]
2016-08-24 09:57:37:121[cInfo        ] BufferInfo::AddMesh(): NUM INDICES---------------[6]
2016-08-24 09:57:37:122[cInfo        ] BufferInfo::AddMesh(): VERT OFFSET---------------[0]
2016-08-24 09:57:37:123[cInfo        ] BufferInfo::AddMesh(): INDICES OFFSET (BYTES)----[0]
2016-08-24 09:57:37:127[cInfo        ] --------------------|  END BUFFER MESH INFO  |--------------------------------------
2016-08-24 09:57:37:129[cInfo        ] 

2016-08-24 09:57:37:130[cInfo        ] 
-----------------------------------------------------------------------
 BufferInfo::CreateBuffers()[0] Created buffers:| VERTEX [3] with [96] bytes. || INDEX [4] with [48] bytes |
-----------------------------------------------------------------------

2016-08-24 09:57:37:135[cInfo        ] --------BufferInfo::AddMesh() Added mesh successfully-------
2016-08-24 09:57:37:136[cInfo        ] 
2016-08-24 09:57:37:137[cInfo        ] --------------------| START BUFFER MESH INFO |-------------------------------------
2016-08-24 09:57:37:139[cInfo        ] BufferInfo::AddMesh(): NUM VERTS-----------------[8]
2016-08-24 09:57:37:144[cInfo        ] BufferInfo::AddMesh(): NUM INDICES---------------[24]
2016-08-24 09:57:37:145[cInfo        ] BufferInfo::AddMesh(): VERT OFFSET---------------[0]
2016-08-24 09:57:37:146[cInfo        ] BufferInfo::AddMesh(): INDICES OFFSET (BYTES)----[0]
2016-08-24 09:57:37:147[cInfo        ] --------------------|  END BUFFER MESH INFO  |--------------------------------------
2016-08-24 09:57:37:148[cInfo        ] 

2016-08-24 09:57:37:149[cInfo        ] 
-----------------------------------------------------------------------
 BufferInfo::CreateBuffers()[0] Created buffers:| VERTEX [5] with [864] bytes. || INDEX [6] with [0] bytes |
-----------------------------------------------------------------------

2016-08-24 09:57:37:153[cInfo        ] --------BufferInfo::AddMesh() Added mesh successfully-------
2016-08-24 09:57:37:154[cInfo        ] 
2016-08-24 09:57:37:154[cInfo        ] --------------------| START BUFFER MESH INFO |-------------------------------------
2016-08-24 09:57:37:155[cInfo        ] BufferInfo::AddMesh(): NUM VERTS-----------------[36]
2016-08-24 09:57:37:156[cInfo        ] BufferInfo::AddMesh(): NUM INDICES---------------[0]
2016-08-24 09:57:37:160[cInfo        ] BufferInfo::AddMesh(): VERT OFFSET---------------[0]
2016-08-24 09:57:37:161[cInfo        ] BufferInfo::AddMesh(): INDICES OFFSET (BYTES)----[0]
2016-08-24 09:57:37:162[cInfo        ] --------------------|  END BUFFER MESH INFO  |--------------------------------------
2016-08-24 09:57:37:164[cInfo        ] 

2016-08-24 09:57:37:165[cInfo        ] 
-----------------------------------------------------------------------
 BufferInfo::CreateBuffers()[0] Created buffers:| VERTEX [7] with [144] bytes. || INDEX [8] with [0] bytes |
-----------------------------------------------------------------------

2016-08-24 09:57:37:170[cInfo        ] --------BufferInfo::AddMesh() Added mesh successfully-------
2016-08-24 09:57:37:171[cInfo        ] 
2016-08-24 09:57:37:171[cInfo        ] --------------------| START BUFFER MESH INFO |-------------------------------------
2016-08-24 09:57:37:173[cInfo        ] BufferInfo::AddMesh(): NUM VERTS-----------------[6]
2016-08-24 09:57:37:174[cInfo        ] BufferInfo::AddMesh(): NUM INDICES---------------[0]
2016-08-24 09:57:37:175[cInfo        ] BufferInfo::AddMesh(): VERT OFFSET---------------[0]
2016-08-24 09:57:37:177[cInfo        ] BufferInfo::AddMesh(): INDICES OFFSET (BYTES)----[0]
2016-08-24 09:57:37:178[cInfo        ] --------------------|  END BUFFER MESH INFO  |--------------------------------------
2016-08-24 09:57:37:181[cInfo        ] 

2016-08-24 09:57:37:182[Process      ] BufferInfo::Initialize() successful.
2016-08-24 09:57:37:182[cInfo        ] 
-----------------------------------------------------------------------
 BufferInfo::CreateBuffers()[0] Created buffers:| VERTEX [9] with [1000000] bytes. || INDEX [10] with [1000000] bytes |
-----------------------------------------------------------------------

2016-08-24 09:57:37:186[cInfo        ] --------BufferInfo::AddMesh() Added mesh successfully-------
2016-08-24 09:57:37:187[cInfo        ] 
2016-08-24 09:57:37:187[cInfo        ] --------------------| START BUFFER MESH INFO |-------------------------------------
2016-08-24 09:57:37:188[cInfo        ] BufferInfo::AddMesh(): NUM VERTS-----------------[24]
2016-08-24 09:57:37:189[cInfo        ] BufferInfo::AddMesh(): NUM INDICES---------------[36]
2016-08-24 09:57:37:190[cInfo        ] BufferInfo::AddMesh(): VERT OFFSET---------------[0]
2016-08-24 09:57:37:191[cInfo        ] BufferInfo::AddMesh(): INDICES OFFSET (BYTES)----[0]
2016-08-24 09:57:37:192[cInfo        ] --------------------|  END BUFFER MESH INFO  |--------------------------------------
2016-08-24 09:57:37:195[cInfo        ] 

2016-08-24 09:57:37:197[Process      ] BufferInfo::Initialize() successful.
2016-08-24 09:57:37:197[cInfo        ] 
-----------------------------------------------------------------------
 BufferInfo::CreateBuffers()[1] Created buffers:| VERTEX [11] with [1000000] bytes. || INDEX [12] with [1000000] bytes |
-----------------------------------------------------------------------

2016-08-24 09:57:37:201[cInfo        ] --------BufferInfo::AddMesh() Added mesh successfully-------
2016-08-24 09:57:37:202[cInfo        ] 
2016-08-24 09:57:37:202[cInfo        ] --------------------| START BUFFER MESH INFO |-------------------------------------
2016-08-24 09:57:37:203[cInfo        ] BufferInfo::AddMesh(): NUM VERTS-----------------[1536]
2016-08-24 09:57:37:204[cInfo        ] BufferInfo::AddMesh(): NUM INDICES---------------[3072]
2016-08-24 09:57:37:205[cInfo        ] BufferInfo::AddMesh(): VERT OFFSET---------------[0]
2016-08-24 09:57:37:206[cInfo        ] BufferInfo::AddMesh(): INDICES OFFSET (BYTES)----[0]
2016-08-24 09:57:37:207[cInfo        ] --------------------|  END BUFFER MESH INFO  |--------------------------------------
2016-08-24 09:57:37:208[cInfo        ] 

2016-08-24 09:57:37:209[cInfo        ] 
-----------------------------------------------------------------------
 BufferInfo::CreateBuffers()[0] Created buffers:| VERTEX [13] with [3936] bytes. || INDEX [14] with [0] bytes |
-----------------------------------------------------------------------

2016-08-24 09:57:37:215[cInfo        ] --------BufferInfo::AddMesh() Added mesh successfully-------
2016-08-24 09:57:37:216[cInfo        ] 
2016-08-24 09:57:37:217[cInfo        ] --------------------| START BUFFER MESH INFO |-------------------------------------
2016-08-24 09:57:37:219[cInfo        ] BufferInfo::AddMesh(): NUM VERTS-----------------[164]
2016-08-24 09:57:37:220[cInfo        ] BufferInfo::AddMesh(): NUM INDICES---------------[0]
2016-08-24 09:57:37:221[cInfo        ] BufferInfo::AddMesh(): VERT OFFSET---------------[0]
2016-08-24 09:57:37:223[cInfo        ] BufferInfo::AddMesh(): INDICES OFFSET (BYTES)----[0]
2016-08-24 09:57:37:224[cInfo        ] --------------------|  END BUFFER MESH INFO  |--------------------------------------
2016-08-24 09:57:37:227[cInfo        ] 

2016-08-24 09:57:37:228[cProcess     ] ShapeGenerator initialized successfully.
2016-08-24 09:57:37:229[cProcess     ] Camera::Initialize() successful.
2016-08-24 09:57:37:230[cProcess     ] Keyboard::Initialize() successful
2016-08-24 09:57:37:231[cProcess     ] Keyboard::Initialize() successful
2016-08-24 09:57:37:244[cInfo        ] 
-----------------------------------------------------------------------
 BufferInfo::CreateBuffers()[0] Created buffers:| VERTEX [15] with [10810368] bytes. || INDEX [16] with [0] bytes |
-----------------------------------------------------------------------

2016-08-24 09:57:37:272[cInfo        ] --------BufferInfo::AddMesh() Added mesh successfully-------
2016-08-24 09:57:37:273[cInfo        ] 
2016-08-24 09:57:37:274[cInfo        ] --------------------| START BUFFER MESH INFO |-------------------------------------
2016-08-24 09:57:37:275[cInfo        ] BufferInfo::AddMesh(): NUM VERTS-----------------[337824]
2016-08-24 09:57:37:276[cInfo        ] BufferInfo::AddMesh(): NUM INDICES---------------[0]
2016-08-24 09:57:37:278[cInfo        ] BufferInfo::AddMesh(): VERT OFFSET---------------[0]
2016-08-24 09:57:37:280[cInfo        ] BufferInfo::AddMesh(): INDICES OFFSET (BYTES)----[0]
2016-08-24 09:57:37:282[cInfo        ] --------------------|  END BUFFER MESH INFO  |--------------------------------------
2016-08-24 09:57:37:283[cInfo        ] 

2016-08-24 09:57:37:318[Info         ] ShapeGenerator::ReadSceneFile(): Added new scene [..\Data\Scenes\DerpyDargon.ptn.scene] successfully.
2016-08-24 09:57:37:318[cInfo        ] EntityManager::BuildPlayerEntity(): Built [Dargon] successfully
2016-08-24 09:57:37:325[Process      ] BufferInfo::Initialize() successful.
2016-08-24 09:57:37:329[cInfo        ] 
-----------------------------------------------------------------------
 BufferInfo::CreateBuffers()[2] Created buffers:| VERTEX [17] with [1000000] bytes. || INDEX [18] with [1000000] bytes |
-----------------------------------------------------------------------

2016-08-24 09:57:37:334[cInfo        ] --------BufferInfo::AddMesh() Added mesh successfully-------
2016-08-24 09:57:37:335[cInfo        ] 
2016-08-24 09:57:37:335[cInfo        ] --------------------| START BUFFER MESH INFO |-------------------------------------
2016-08-24 09:57:37:336[cInfo        ] BufferInfo::AddMesh(): NUM VERTS-----------------[36]
2016-08-24 09:57:37:337[cInfo        ] BufferInfo::AddMesh(): NUM INDICES---------------[0]
2016-08-24 09:57:37:338[cInfo        ] BufferInfo::AddMesh(): VERT OFFSET---------------[0]
2016-08-24 09:57:37:339[cInfo        ] BufferInfo::AddMesh(): INDICES OFFSET (BYTES)----[0]
2016-08-24 09:57:37:339[cInfo        ] --------------------|  END BUFFER MESH INFO  |--------------------------------------
2016-08-24 09:57:37:342[cInfo        ] 

2016-08-24 09:57:37:343[Info         ] ShapeGenerator::ReadSceneFile(): Added new scene [..\Data\Scenes\Cube.pn.scene] successfully.
2016-08-24 09:57:37:343[Process      ] BufferInfo::Initialize() successful.
2016-08-24 09:57:37:343[cInfo        ] 
-----------------------------------------------------------------------
 BufferInfo::CreateBuffers()[3] Created buffers:| VERTEX [19] with [1000000] bytes. || INDEX [20] with [1000000] bytes |
-----------------------------------------------------------------------

2016-08-24 09:57:37:347[cInfo        ] --------BufferInfo::AddMesh() Added mesh successfully-------
2016-08-24 09:57:37:348[cInfo        ] 
2016-08-24 09:57:37:348[cInfo        ] --------------------| START BUFFER MESH INFO |-------------------------------------
2016-08-24 09:57:37:349[cInfo        ] BufferInfo::AddMesh(): NUM VERTS-----------------[8718]
2016-08-24 09:57:37:350[cInfo        ] BufferInfo::AddMesh(): NUM INDICES---------------[0]
2016-08-24 09:57:37:351[cInfo        ] BufferInfo::AddMesh(): VERT OFFSET---------------[0]
2016-08-24 09:57:37:352[cInfo        ] BufferInfo::AddMesh(): INDICES OFFSET (BYTES)----[0]
2016-08-24 09:57:37:352[cInfo        ] --------------------|  END BUFFER MESH INFO  |--------------------------------------
2016-08-24 09:57:37:354[cInfo        ] 

2016-08-24 09:57:37:356[Info         ] ShapeGenerator::ReadSceneFile(): Added new scene [..\Data\Scenes\AIWorld.ptn.scene] successfully.
2016-08-24 09:57:37:358[cInfo        ] --------BufferInfo::AddMesh() Added mesh successfully-------
2016-08-24 09:57:37:359[cInfo        ] 
2016-08-24 09:57:37:360[cInfo        ] --------------------| START BUFFER MESH INFO |-------------------------------------
2016-08-24 09:57:37:361[cInfo        ] BufferInfo::AddMesh(): NUM VERTS-----------------[18]
2016-08-24 09:57:37:362[cInfo        ] BufferInfo::AddMesh(): NUM INDICES---------------[0]
2016-08-24 09:57:37:363[cInfo        ] BufferInfo::AddMesh(): VERT OFFSET---------------[36]
2016-08-24 09:57:37:364[cInfo        ] BufferInfo::AddMesh(): INDICES OFFSET (BYTES)----[0]
2016-08-24 09:57:37:364[cInfo        ] --------------------|  END BUFFER MESH INFO  |--------------------------------------
2016-08-24 09:57:37:365[cInfo        ] 

2016-08-24 09:57:37:366[Info         ] ShapeGenerator::ReadSceneFile(): Added new scene [..\Data\Scenes\Pyramid.pn.scene] successfully.
2016-08-24 09:57:37:372[cInfo        ] 
-----------------------------------------------------------------------
 BufferInfo::CreateBuffers()[0] Created buffers:| VERTEX [21] with [5529600] bytes. || INDEX [22] with [0] bytes |
-----------------------------------------------------------------------

2016-08-24 09:57:37:385[cInfo        ] --------BufferInfo::AddMesh() Added mesh successfully-------
2016-08-24 09:57:37:386[cInfo        ] 
2016-08-24 09:57:37:387[cInfo        ] --------------------| START BUFFER MESH INFO |-------------------------------------
2016-08-24 09:57:37:389[cInfo        ] BufferInfo::AddMesh(): NUM VERTS-----------------[172800]
2016-08-24 09:57:37:390[cInfo        ] BufferInfo::AddMesh(): NUM INDICES---------------[0]
2016-08-24 09:57:37:392[cInfo        ] BufferInfo::AddMesh(): VERT OFFSET---------------[0]
2016-08-24 09:57:37:393[cInfo        ] BufferInfo::AddMesh(): INDICES OFFSET (BYTES)----[0]
2016-08-24 09:57:37:396[cInfo        ] --------------------|  END BUFFER MESH INFO  |--------------------------------------
2016-08-24 09:57:37:397[cInfo        ] 

2016-08-24 09:57:37:399[Info         ] ShapeGenerator::ReadSceneFile(): Added new scene [..\Data\Scenes\WaterPlane.ptn.scene] successfully.
2016-08-24 09:57:37:400[cProcess     ] Camera::Initialize() successful.
2016-08-24 09:57:37:401[cInfo        ] --------BufferInfo::AddMesh() Added mesh successfully-------
2016-08-24 09:57:37:402[cInfo        ] 
2016-08-24 09:57:37:402[cInfo        ] --------------------| START BUFFER MESH INFO |-------------------------------------
2016-08-24 09:57:37:403[cInfo        ] BufferInfo::AddMesh(): NUM VERTS-----------------[3180]
2016-08-24 09:57:37:404[cInfo        ] BufferInfo::AddMesh(): NUM INDICES---------------[0]
2016-08-24 09:57:37:405[cInfo        ] BufferInfo::AddMesh(): VERT OFFSET---------------[36]
2016-08-24 09:57:37:406[cInfo        ] BufferInfo::AddMesh(): INDICES OFFSET (BYTES)----[0]
2016-08-24 09:57:37:407[cInfo        ] --------------------|  END BUFFER MESH INFO  |--------------------------------------
2016-08-24 09:57:37:408[cInfo        ] 

2016-08-24 09:57:37:409[Info         ] ShapeGenerator::ReadSceneFile(): Added new scene [..\Data\Scenes\Cat.pn.scene] successfully.
2016-08-24 09:57:37:409[cInfo        ] --------BufferInfo::AddMesh() Added mesh successfully-------
2016-08-24 09:57:37:411[cInfo        ] 
2016-08-24 09:57:37:412[cInfo        ] --------------------| START BUFFER MESH INFO |-------------------------------------
2016-08-24 09:57:37:413[cInfo        ] BufferInfo::AddMesh(): NUM VERTS-----------------[6]
2016-08-24 09:57:37:413[cInfo        ] BufferInfo::AddMesh(): NUM INDICES---------------[0]
2016-08-24 09:57:37:414[cInfo        ] BufferInfo::AddMesh(): VERT OFFSET---------------[54]
2016-08-24 09:57:37:415[cInfo        ] BufferInfo::AddMesh(): INDICES OFFSET (BYTES)----[0]
2016-08-24 09:57:37:416[cInfo        ] --------------------|  END BUFFER MESH INFO  |--------------------------------------
2016-08-24 09:57:37:417[cInfo        ] 

2016-08-24 09:57:37:418[cProcess     ] BodaciousQuest::Initialize() successful.
2016-08-24 09:57:37:418[Process      ] GameTime::Initialize() ok

2016-08-24 09:57:37:418[cProcess     ] MyWindow::Initialize() successful!
2016-08-24 09:57:42:423[cInfo        ] Cube Position: -0.875458 3.673020 1.043331
2016-08-24 09:57:42:506[cInfo        ] Cube Position: 5.136465 -0.182468 21.951529
2016-08-24 09:57:45:385[cInfo        ] Cube Position: 5.136465 -0.182468 21.951529
2016-08-24 09:57:46:070[cInfo        ] Cube Position: 3.591585 0.233356 22.648842
2016-08-24 09:57:58:615[cProcess     ] BufferManager::Shutdown() successful.
2016-08-24 09:57:58:616[cProcess     ] RenderEngine::Shutdown() successful.
2016-08-24 09:57:58:618[cProcess     ] Camera::Shutdown() successful.
2016-08-24 09:57:58:619[Info         ] Shader  [2] deleting...
2016-08-24 09:57:58:619[Info         ] Shader  [2] deleted successfully.
2016-08-24 09:57:58:619[Info         ] Shader  [3] deleting...
2016-08-24 09:57:58:619[Info         ] Shader  [3] deleted successfully.
2016-08-24 09:57:58:619[Info         ] All shaders deleted successfully.
2016-08-24 09:57:58:619[cInfo        ] Program [1] deleted successfully.
2016-08-24 09:57:58:619[Process      ] ShaderProgram[1]::Shutdown successful!
2016-08-24 09:57:58:619[Info         ] Shader  [5] deleting...
2016-08-24 09:57:58:619[Info         ] Shader  [5] deleted successfully.
2016-08-24 09:57:58:620[Info         ] Shader  [6] deleting...
2016-08-24 09:57:58:620[Info         ] Shader  [6] deleted successfully.
2016-08-24 09:57:58:620[Info         ] All shaders deleted successfully.
2016-08-24 09:57:58:620[cInfo        ] Program [4] deleted successfully.
2016-08-24 09:57:58:620[Process      ] ShaderProgram[4]::Shutdown successful!
2016-08-24 09:57:58:620[Info         ] Shader  [8] deleting...
2016-08-24 09:57:58:620[Info         ] Shader  [8] deleted successfully.
2016-08-24 09:57:58:620[Info         ] Shader  [9] deleting...
2016-08-24 09:57:58:620[Info         ] Shader  [9] deleted successfully.
2016-08-24 09:57:58:620[Info         ] All shaders deleted successfully.
2016-08-24 09:57:58:620[cInfo        ] Program [7] deleted successfully.
2016-08-24 09:57:58:621[Process      ] ShaderProgram[7]::Shutdown successful!
2016-08-24 09:57:58:621[Info         ] Shader  [11] deleting...
2016-08-24 09:57:58:621[Info         ] Shader  [11] deleted successfully.
2016-08-24 09:57:58:621[Info         ] Shader  [12] deleting...
2016-08-24 09:57:58:621[Info         ] Shader  [12] deleted successfully.
2016-08-24 09:57:58:621[Info         ] All shaders deleted successfully.
2016-08-24 09:57:58:621[cInfo        ] Program [10] deleted successfully.
2016-08-24 09:57:58:622[Process      ] ShaderProgram[10]::Shutdown successful!
2016-08-24 09:57:58:622[Info         ] Shader  [14] deleting...
2016-08-24 09:57:58:622[Info         ] Shader  [14] deleted successfully.
2016-08-24 09:57:58:622[Info         ] Shader  [15] deleting...
2016-08-24 09:57:58:622[Info         ] Shader  [15] deleted successfully.
2016-08-24 09:57:58:622[Info         ] All shaders deleted successfully.
2016-08-24 09:57:58:622[cInfo        ] Program [13] deleted successfully.
2016-08-24 09:57:58:623[Process      ] ShaderProgram[13]::Shutdown successful!
2016-08-24 09:57:58:623[Info         ] Shader  [17] deleting...
2016-08-24 09:57:58:623[Info         ] Shader  [17] deleted successfully.
2016-08-24 09:57:58:623[Info         ] Shader  [18] deleting...
2016-08-24 09:57:58:623[Info         ] Shader  [18] deleted successfully.
2016-08-24 09:57:58:623[Info         ] All shaders deleted successfully.
2016-08-24 09:57:58:623[cInfo        ] Program [16] deleted successfully.
2016-08-24 09:57:58:624[Process      ] ShaderProgram[16]::Shutdown successful!
2016-08-24 09:57:58:624[Info         ] Shader  [20] deleting...
2016-08-24 09:57:58:624[Info         ] Shader  [20] deleted successfully.
2016-08-24 09:57:58:624[Info         ] Shader  [21] deleting...
2016-08-24 09:57:58:624[Info         ] Shader  [21] deleted successfully.
2016-08-24 09:57:58:624[Info         ] All shaders deleted successfully.
2016-08-24 09:57:58:624[cInfo        ] Program [19] deleted successfully.
2016-08-24 09:57:58:625[Process      ] ShaderProgram[19]::Shutdown successful!
2016-08-24 09:57:58:625[cProcess     ] MyWindow::Shutdown() successful!
2016-08-24 09:57:58:626[cProcess     ] BodaciousQuest::Shutdown() successful.
2016-08-24 09:57:58:637[Process      ] ConfigReader shut down successfully
2016-08-24 09:57:58:637[Process      ] GameLogger::ShutDown() successful
