2016-08-22 14:02:28:334[Process      ] GameLogger::Initialize() opened log file [..\Data\LogFiles\2016-08-22 14-02-28.BodaciousQuest.log] for writing
2016-08-22 14:02:28:334[Info         ] GameLogger::Initialize() successful
2016-08-22 14:02:28:334[Process      ] ConfigReader opened [..\Data\BodaciousQuest.config] successfully
2016-08-22 14:02:28:334[Info         ] ConfigReader initialized successfully
2016-08-22 14:02:28:335[Info         ] Valid KVP [BodaciousQuest.ShowFullScreen] [false] added
2016-08-22 14:02:28:335[Info         ] Valid KVP [BodaciousQuest.FpsInterval] [5.0] added
2016-08-22 14:02:28:335[Info         ] Valid KVP [BodaciousQuest.EnableControls] [true] added
2016-08-22 14:02:28:335[Info         ] Valid KVP [BodaciousQuest.LoadCubeFirst] [true] added
2016-08-22 14:02:28:335[Info         ] Valid KVP [BodaciousQuest.CameraWalkMode] [false] added
2016-08-22 14:02:28:335[Info         ] Valid KVP [BodaciousQuest.GridSize] [40] added
2016-08-22 14:02:28:335[Info         ] Valid KVP [BodaciousQuest.LightingTest.Ambient.Color] [1.0  1.0  1.0] added
2016-08-22 14:02:28:335[Info         ] Valid KVP [BodaciousQuest.LightingTest.Diffuse.Color] [1.0  1.0  1.0] added
2016-08-22 14:02:28:335[Info         ] Valid KVP [BodaciousQuest.LightingTest.Specular.Color] [1.0  1.0  1.0] added
2016-08-22 14:02:28:335[Info         ] Valid KVP [BodaciousQuest.LightingTest.Ambient.Reflectivity] [0.01] added
2016-08-22 14:02:28:335[Info         ] Valid KVP [BodaciousQuest.LightingTest.Diffuse.Reflectivity] [0.7] added
2016-08-22 14:02:28:335[Info         ] Valid KVP [BodaciousQuest.LightingTest.Specular.Reflectivity] [0.5] added
2016-08-22 14:02:28:335[Info         ] Valid KVP [BodaciousQuest.LightingTest.Specular.Shininess] [1.50] added
2016-08-22 14:02:28:335[Info         ] Valid KVP [BodaciousQuest.LightingTest.Falloff.A] [1.0] added
2016-08-22 14:02:28:335[Info         ] Valid KVP [BodaciousQuest.LightingTest.Falloff.B] [0.001] added
2016-08-22 14:02:28:335[Info         ] Valid KVP [BodaciousQuest.LightingTest.Falloff.C] [0.0001] added
2016-08-22 14:02:28:335[Info         ] Valid KVP [BodaciousQuest.LightingTest.Directional] [false] added
2016-08-22 14:02:28:335[Info         ] Valid KVP [BodaciousQuest.LightingTest.Direction] [-1.0 0.0 1.0] added
2016-08-22 14:02:28:335[Info         ] Valid KVP [BodaciousQuest.LightingTest.Light.Position] [-0.875458 3.673020 1.043331] added
2016-08-22 14:02:28:335[Info         ] Valid KVP [BodaciousQuest.LightingTest.Dargon.Color] [1.0 1.0 0.4] added
2016-08-22 14:02:28:336[Info         ] Valid KVP [ObjConverter.Mode.VertexType] [pn] added
2016-08-22 14:02:28:336[Info         ] Valid KVP [ObjConverter.Mode.Analyze] [false] added
2016-08-22 14:02:28:336[Info         ] Valid KVP [ObjConverter.Model] [Cat] added
2016-08-22 14:02:28:336[Info         ] Valid KVP [ObjConverter.Shader] [4] added
2016-08-22 14:02:28:336[Info         ] Valid KVP [ObjConverter.Color] [random] added
2016-08-22 14:02:28:336[Info         ] Valid KVP [ObjConverter.Obj.InputFileFolder] [..\\Data\\Objs\\] added
2016-08-22 14:02:28:336[Info         ] Valid KVP [ObjConverter.Scene.OutputFileFolder] [..\\Data\\Scenes\\] added
2016-08-22 14:02:28:336[Info         ] Valid KVP [ObjConverter.Model.Dargon.NumVerts] [57967] added
2016-08-22 14:02:28:336[Info         ] Valid KVP [ObjConverter.Model.Dargon.NumIndices] [337824] added
2016-08-22 14:02:28:336[Info         ] Valid KVP [ObjConverter.Model.Dargon.NumTexCoords] [60175] added
2016-08-22 14:02:28:336[Info         ] Valid KVP [ObjConverter.Model.Dargon.NumNormals] [337824] added
2016-08-22 14:02:28:336[Info         ] Valid KVP [ObjConverter.Model.Swamp.NumVerts] [2735] added
2016-08-22 14:02:28:336[Info         ] Valid KVP [ObjConverter.Model.Swamp.NumIndices] [8556] added
2016-08-22 14:02:28:336[Info         ] Valid KVP [ObjConverter.Model.Swamp.NumTexCoords] [3622] added
2016-08-22 14:02:28:336[Info         ] Valid KVP [ObjConverter.Model.Swamp.NumNormals] [5156] added
2016-08-22 14:02:28:336[Info         ] Valid KVP [ObjConverter.Model.Pyramid.NumVerts] [5] added
2016-08-22 14:02:28:336[Info         ] Valid KVP [ObjConverter.Model.Pyramid.NumIndices] [18] added
2016-08-22 14:02:28:336[Info         ] Valid KVP [ObjConverter.Model.Pyramid.NumTexCoords] [10] added
2016-08-22 14:02:28:336[Info         ] Valid KVP [ObjConverter.Model.Pyramid.NumNormals] [16] added
2016-08-22 14:02:28:336[Info         ] Valid KVP [ObjConverter.Model.AIWorld.NumVerts] [1957] added
2016-08-22 14:02:28:336[Info         ] Valid KVP [ObjConverter.Model.AIWorld.NumIndices] [8718] added
2016-08-22 14:02:28:336[Info         ] Valid KVP [ObjConverter.Model.AIWorld.NumTexCoords] [4186] added
2016-08-22 14:02:28:336[Info         ] Valid KVP [ObjConverter.Model.AIWorld.NumNormals] [5418] added
2016-08-22 14:02:28:336[Info         ] Valid KVP [ObjConverter.Model.GameWeapon.NumVerts] [2068] added
2016-08-22 14:02:28:336[Info         ] Valid KVP [ObjConverter.Model.GameWeapon.NumIndices] [9894] added
2016-08-22 14:02:28:336[Info         ] Valid KVP [ObjConverter.Model.GameWeapon.NumTexCoords] [0] added
2016-08-22 14:02:28:336[Info         ] Valid KVP [ObjConverter.Model.GameWeapon.NumNormals] [0] added
2016-08-22 14:02:28:336[Info         ] Valid KVP [ObjConverter.Model.Chicken.NumVerts] [224] added
2016-08-22 14:02:28:336[Info         ] Valid KVP [ObjConverter.Model.Chicken.NumIndices] [1374] added
2016-08-22 14:02:28:336[Info         ] Valid KVP [ObjConverter.Model.Chicken.NumTexCoords] [472] added
2016-08-22 14:02:28:336[Info         ] Valid KVP [ObjConverter.Model.Chicken.NumNormals] [565] added
2016-08-22 14:02:28:336[Info         ] Valid KVP [ObjConverter.Model.WaterPlane.NumVerts] [29282] added
2016-08-22 14:02:28:336[Info         ] Valid KVP [ObjConverter.Model.WaterPlane.NumIndices] [172800] added
2016-08-22 14:02:28:336[Info         ] Valid KVP [ObjConverter.Model.WaterPlane.NumTexCoords] [29282] added
2016-08-22 14:02:28:336[Info         ] Valid KVP [ObjConverter.Model.WaterPlane.NumNormals] [172800] added
2016-08-22 14:02:28:336[Info         ] Valid KVP [ObjConverter.Model.Cube.NumVerts] [8] added
2016-08-22 14:02:28:336[Info         ] Valid KVP [ObjConverter.Model.Cube.NumIndices] [36] added
2016-08-22 14:02:28:336[Info         ] Valid KVP [ObjConverter.Model.Cube.NumTexCoords] [14] added
2016-08-22 14:02:28:336[Info         ] Valid KVP [ObjConverter.Model.Cube.NumNormals] [24] added
2016-08-22 14:02:28:336[Info         ] Valid KVP [ObjConverter.Model.Barrel.NumVerts] [172] added
2016-08-22 14:02:28:336[Info         ] Valid KVP [ObjConverter.Model.Barrel.NumIndices] [1008] added
2016-08-22 14:02:28:336[Info         ] Valid KVP [ObjConverter.Model.Barrel.NumTexCoords] [328] added
2016-08-22 14:02:28:336[Info         ] Valid KVP [ObjConverter.Model.Barrel.NumNormals] [204] added
2016-08-22 14:02:28:336[Info         ] Valid KVP [ObjConverter.Model.SkyBox.NumVerts] [8] added
2016-08-22 14:02:28:336[Info         ] Valid KVP [ObjConverter.Model.SkyBox.NumIndices] [36] added
2016-08-22 14:02:28:336[Info         ] Valid KVP [ObjConverter.Model.SkyBox.NumTexCoords] [18] added
2016-08-22 14:02:28:336[Info         ] Valid KVP [ObjConverter.Model.SkyBox.NumNormals] [24] added
2016-08-22 14:02:28:336[Info         ] Valid KVP [ObjConverter.Model.Cat.NumVerts] [548] added
2016-08-22 14:02:28:336[Info         ] Valid KVP [ObjConverter.Model.Cat.NumIndices] [3180] added
2016-08-22 14:02:28:336[Info         ] Valid KVP [ObjConverter.Model.Cat.NumTexCoords] [771] added
2016-08-22 14:02:28:337[Info         ] Valid KVP [ObjConverter.Model.Cat.NumNormals] [714] added
2016-08-22 14:02:28:404[cInfo        ] Config reader opened [..\Data\BodaciousQuest.config] for reading!
2016-08-22 14:02:28:458[Process      ] ShaderManager Initialized successfully
2016-08-22 14:02:28:458[Info         ] Shader Init started
2016-08-22 14:02:28:458[Info         ] Shader Program created.
2016-08-22 14:02:28:458[Process      ] ShaderProgram::Initialize()[1] successful!
2016-08-22 14:02:28:458[Debug        ] File [..\Data\shaders\debug.vert.shader] Opened successfully! Buffer Length:[291]
2016-08-22 14:02:28:458[Debug        ] Shader file [..\Data\shaders\debug.vert.shader] contents:
//BEGIN
#version 430 core

layout(location = 0)  in vec3 vPosition;

layout(location = 15) uniform vec3 colorin;
layout(location = 16) uniform mat4 MAT;

out vec4 color;

void main()
{
	vec4 vertPos = vec4(vPosition, 1.0);
	gl_Position = MAT *  vertPos;
	color = vec4(colorin, 1.0);
}
//END

2016-08-22 14:02:28:458[Debug        ]  ShaderProgram::AddShader() file with data was read in
2016-08-22 14:02:28:459[Debug        ] ShaderProgram::AddShader() : glShaderSource() successful
2016-08-22 14:02:28:459[Debug        ] ShaderProgram::AddShader() : glCompileShader() successful
2016-08-22 14:02:28:459[Info         ] ShaderProgram::CheckShaderCompileStatus(2) successful.
2016-08-22 14:02:28:459[Debug        ] ShaderProgram::AddShader() : glCompileShader() successful
2016-08-22 14:02:28:459[Info         ] ShaderInfo saved successfully.
2016-08-22 14:02:28:459[Debug        ] ShaderProgram::AddShader() : glAttachShader() successful
2016-08-22 14:02:28:459[Info         ] ShaderProgram::AddShader [2] successful.
2016-08-22 14:02:28:459[Debug        ] File [..\Data\shaders\debug.frag.shader] Opened successfully! Buffer Length:[104]
2016-08-22 14:02:28:459[Debug        ] Shader file [..\Data\shaders\debug.frag.shader] contents:
//BEGIN
#version 430 core


in  vec4 color;
out vec4 outColor;

void main()
{
	outColor = color;
}


//END

2016-08-22 14:02:28:459[Debug        ]  ShaderProgram::AddShader() file with data was read in
2016-08-22 14:02:28:459[Debug        ] ShaderProgram::AddShader() : glShaderSource() successful
2016-08-22 14:02:28:460[Debug        ] ShaderProgram::AddShader() : glCompileShader() successful
2016-08-22 14:02:28:460[Info         ] ShaderProgram::CheckShaderCompileStatus(3) successful.
2016-08-22 14:02:28:460[Debug        ] ShaderProgram::AddShader() : glCompileShader() successful
2016-08-22 14:02:28:460[Info         ] ShaderInfo saved successfully.
2016-08-22 14:02:28:460[Debug        ] ShaderProgram::AddShader() : glAttachShader() successful
2016-08-22 14:02:28:460[Info         ] ShaderProgram::AddShader [3] successful.
2016-08-22 14:02:28:461[Info         ] CheckProgramStatus() successful!
2016-08-22 14:02:28:461[Info         ] CheckProgramStatus() successful!
2016-08-22 14:02:28:461[Info         ] Shader Init started
2016-08-22 14:02:28:461[Info         ] Shader Program created.
2016-08-22 14:02:28:461[Process      ] ShaderProgram::Initialize()[4] successful!
2016-08-22 14:02:28:461[Debug        ] File [..\Data\shaders\play.vert.shader] Opened successfully! Buffer Length:[343]
2016-08-22 14:02:28:461[Debug        ] Shader file [..\Data\shaders\play.vert.shader] contents:
//BEGIN
#version 430 core

layout (location = 0)  in vec3 vPosition;
layout (location = 1)  in vec3 vColor;
layout (location = 15) uniform vec3 colorin;
layout (location = 16) uniform mat4 MAT;

out vec4 color;

void main()
{
	vec4 vertPos = vec4(vPosition, 1.0);
	gl_Position = MAT *  vertPos;
	color = vec4((vColor + colorin), 1.0);
}
//END

2016-08-22 14:02:28:461[Debug        ]  ShaderProgram::AddShader() file with data was read in
2016-08-22 14:02:28:461[Debug        ] ShaderProgram::AddShader() : glShaderSource() successful
2016-08-22 14:02:28:462[Debug        ] ShaderProgram::AddShader() : glCompileShader() successful
2016-08-22 14:02:28:462[Info         ] ShaderProgram::CheckShaderCompileStatus(5) successful.
2016-08-22 14:02:28:462[Debug        ] ShaderProgram::AddShader() : glCompileShader() successful
2016-08-22 14:02:28:462[Info         ] ShaderInfo saved successfully.
2016-08-22 14:02:28:462[Debug        ] ShaderProgram::AddShader() : glAttachShader() successful
2016-08-22 14:02:28:462[Info         ] ShaderProgram::AddShader [5] successful.
2016-08-22 14:02:28:462[Debug        ] File [..\Data\shaders\play.frag.shader] Opened successfully! Buffer Length:[391]
2016-08-22 14:02:28:462[Debug        ] Shader file [..\Data\shaders\play.frag.shader] contents:
//BEGIN
#version 430 core


in  vec4 color;
out vec4 outColor;

void main()
{

	//if (color.r < .7) discard;
	outColor = color;

	//if(((gl_FragCoord.x  > 600)&& (gl_FragCoord.y < 300)) || ((gl_FragCoord.y < 300)  && (gl_FragCoord.x  < 600) )) {
	//discard;
	//}

	//vec2 scrPos = vec2(gl_FragCoord) - vec2(350,150);
	//float len =  length(scrPos);
	//if(len < 50 )discard;
}


//END

2016-08-22 14:02:28:462[Debug        ]  ShaderProgram::AddShader() file with data was read in
2016-08-22 14:02:28:462[Debug        ] ShaderProgram::AddShader() : glShaderSource() successful
2016-08-22 14:02:28:462[Debug        ] ShaderProgram::AddShader() : glCompileShader() successful
2016-08-22 14:02:28:462[Info         ] ShaderProgram::CheckShaderCompileStatus(6) successful.
2016-08-22 14:02:28:462[Debug        ] ShaderProgram::AddShader() : glCompileShader() successful
2016-08-22 14:02:28:462[Info         ] ShaderInfo saved successfully.
2016-08-22 14:02:28:462[Debug        ] ShaderProgram::AddShader() : glAttachShader() successful
2016-08-22 14:02:28:462[Info         ] ShaderProgram::AddShader [6] successful.
2016-08-22 14:02:28:463[Info         ] CheckProgramStatus() successful!
2016-08-22 14:02:28:463[Info         ] CheckProgramStatus() successful!
2016-08-22 14:02:28:463[Info         ] Shader Init started
2016-08-22 14:02:28:463[Info         ] Shader Program created.
2016-08-22 14:02:28:463[Process      ] ShaderProgram::Initialize()[7] successful!
2016-08-22 14:02:28:463[Debug        ] File [..\Data\shaders\texture.vert.shader] Opened successfully! Buffer Length:[305]
2016-08-22 14:02:28:463[Debug        ] Shader file [..\Data\shaders\texture.vert.shader] contents:
//BEGIN
#version 430 core

layout (location = 0)  in vec3 vPosition;
layout (location = 1)  in vec2 vUV;

layout (location = 16) uniform mat4 MAT;

//out data
out vec2 UV;

//out vec4 color;

void main()
{
	vec4 vertPos = vec4(vPosition, 1.0);
	gl_Position = MAT *  vertPos;

	UV = vUV;
	
	
}
//END

2016-08-22 14:02:28:463[Debug        ]  ShaderProgram::AddShader() file with data was read in
2016-08-22 14:02:28:463[Debug        ] ShaderProgram::AddShader() : glShaderSource() successful
2016-08-22 14:02:28:463[Debug        ] ShaderProgram::AddShader() : glCompileShader() successful
2016-08-22 14:02:28:463[Info         ] ShaderProgram::CheckShaderCompileStatus(8) successful.
2016-08-22 14:02:28:463[Debug        ] ShaderProgram::AddShader() : glCompileShader() successful
2016-08-22 14:02:28:463[Info         ] ShaderInfo saved successfully.
2016-08-22 14:02:28:463[Debug        ] ShaderProgram::AddShader() : glAttachShader() successful
2016-08-22 14:02:28:463[Info         ] ShaderProgram::AddShader [8] successful.
2016-08-22 14:02:28:463[Debug        ] File [..\Data\shaders\texture.frag.shader] Opened successfully! Buffer Length:[482]
2016-08-22 14:02:28:463[Debug        ] Shader file [..\Data\shaders\texture.frag.shader] contents:
//BEGIN
#version 430 core


in  vec2 UV;
out vec4 outColor;

layout(location = 20) uniform sampler2D textureSampler;

void main()
{

	//if (color.r < .7) discard;
	outColor = vec4(texture(textureSampler, UV).rgb, 1.0);

	//if(((gl_FragCoord.x  > 600)&& (gl_FragCoord.y < 300)) || ((gl_FragCoord.y < 300)  && (gl_FragCoord.x  < 600) )) {
	//discard;
	//}
	//vec2 scrPos = vec2(gl_FragCoord) - vec2(350,150);
	//float len =  length(scrPos);
	//if(len < 50 )discard;
}


//END

2016-08-22 14:02:28:463[Debug        ]  ShaderProgram::AddShader() file with data was read in
2016-08-22 14:02:28:463[Debug        ] ShaderProgram::AddShader() : glShaderSource() successful
2016-08-22 14:02:28:464[Debug        ] ShaderProgram::AddShader() : glCompileShader() successful
2016-08-22 14:02:28:464[Info         ] ShaderProgram::CheckShaderCompileStatus(9) successful.
2016-08-22 14:02:28:464[Debug        ] ShaderProgram::AddShader() : glCompileShader() successful
2016-08-22 14:02:28:464[Info         ] ShaderInfo saved successfully.
2016-08-22 14:02:28:464[Debug        ] ShaderProgram::AddShader() : glAttachShader() successful
2016-08-22 14:02:28:464[Info         ] ShaderProgram::AddShader [9] successful.
2016-08-22 14:02:28:465[Info         ] CheckProgramStatus() successful!
2016-08-22 14:02:28:465[Info         ] CheckProgramStatus() successful!
2016-08-22 14:02:28:465[Info         ] Shader Init started
2016-08-22 14:02:28:465[Info         ] Shader Program created.
2016-08-22 14:02:28:465[Process      ] ShaderProgram::Initialize()[10] successful!
2016-08-22 14:02:28:465[Debug        ] File [..\Data\shaders\framebuffer.vert.shader] Opened successfully! Buffer Length:[305]
2016-08-22 14:02:28:465[Debug        ] Shader file [..\Data\shaders\framebuffer.vert.shader] contents:
//BEGIN
#version 430 core

layout (location = 0)  in vec3 vPosition;
layout (location = 1)  in vec2 vUV;

layout (location = 16) uniform mat4 MAT;

//out data
out vec2 UV;

//out vec4 color;

void main()
{
	vec4 vertPos = vec4(vPosition, 1.0);
	gl_Position = MAT *  vertPos;

	UV = vUV;
	
	
}
//END

2016-08-22 14:02:28:465[Debug        ]  ShaderProgram::AddShader() file with data was read in
2016-08-22 14:02:28:465[Debug        ] ShaderProgram::AddShader() : glShaderSource() successful
2016-08-22 14:02:28:465[Debug        ] ShaderProgram::AddShader() : glCompileShader() successful
2016-08-22 14:02:28:466[Info         ] ShaderProgram::CheckShaderCompileStatus(11) successful.
2016-08-22 14:02:28:466[Debug        ] ShaderProgram::AddShader() : glCompileShader() successful
2016-08-22 14:02:28:466[Info         ] ShaderInfo saved successfully.
2016-08-22 14:02:28:466[Debug        ] ShaderProgram::AddShader() : glAttachShader() successful
2016-08-22 14:02:28:466[Info         ] ShaderProgram::AddShader [11] successful.
2016-08-22 14:02:28:466[Debug        ] File [..\Data\shaders\framebuffer.frag.shader] Opened successfully! Buffer Length:[275]
2016-08-22 14:02:28:466[Debug        ] Shader file [..\Data\shaders\framebuffer.frag.shader] contents:
//BEGIN
#version 430 core


in  vec2 UV;
out vec4 outColor;

layout(location = 20) uniform sampler2D textureSampler;

void main()
{


	vec3 tempCol = texture(textureSampler, UV).rgb;

	outColor = vec4(tempCol.r / 1.5f, tempCol.g / 1.5f, tempCol.b / 1.5f, 1.0f);
}


//END

2016-08-22 14:02:28:466[Debug        ]  ShaderProgram::AddShader() file with data was read in
2016-08-22 14:02:28:466[Debug        ] ShaderProgram::AddShader() : glShaderSource() successful
2016-08-22 14:02:28:466[Debug        ] ShaderProgram::AddShader() : glCompileShader() successful
2016-08-22 14:02:28:466[Info         ] ShaderProgram::CheckShaderCompileStatus(12) successful.
2016-08-22 14:02:28:466[Debug        ] ShaderProgram::AddShader() : glCompileShader() successful
2016-08-22 14:02:28:466[Info         ] ShaderInfo saved successfully.
2016-08-22 14:02:28:466[Debug        ] ShaderProgram::AddShader() : glAttachShader() successful
2016-08-22 14:02:28:466[Info         ] ShaderProgram::AddShader [12] successful.
2016-08-22 14:02:28:468[Info         ] CheckProgramStatus() successful!
2016-08-22 14:02:28:468[Info         ] CheckProgramStatus() successful!
2016-08-22 14:02:28:468[Info         ] Shader Init started
2016-08-22 14:02:28:468[Info         ] Shader Program created.
2016-08-22 14:02:28:468[Process      ] ShaderProgram::Initialize()[13] successful!
2016-08-22 14:02:28:468[Debug        ] File [..\Data\shaders\lighting.vert.shader] Opened successfully! Buffer Length:[1145]
2016-08-22 14:02:28:468[cDebug       ] Shader file [..\Data\shaders\lighting.vert.shader] is too big to display contents.
2016-08-22 14:02:28:470[Debug        ]  ShaderProgram::AddShader() file with data was read in
2016-08-22 14:02:28:470[Debug        ] ShaderProgram::AddShader() : glShaderSource() successful
2016-08-22 14:02:28:470[Debug        ] ShaderProgram::AddShader() : glCompileShader() successful
2016-08-22 14:02:28:470[Info         ] ShaderProgram::CheckShaderCompileStatus(14) successful.
2016-08-22 14:02:28:470[Debug        ] ShaderProgram::AddShader() : glCompileShader() successful
2016-08-22 14:02:28:470[Info         ] ShaderInfo saved successfully.
2016-08-22 14:02:28:470[Debug        ] ShaderProgram::AddShader() : glAttachShader() successful
2016-08-22 14:02:28:470[Info         ] ShaderProgram::AddShader [14] successful.
2016-08-22 14:02:28:470[Debug        ] File [..\Data\shaders\lighting.frag.shader] Opened successfully! Buffer Length:[1743]
2016-08-22 14:02:28:470[cDebug       ] Shader file [..\Data\shaders\lighting.frag.shader] is too big to display contents.
2016-08-22 14:02:28:472[Debug        ]  ShaderProgram::AddShader() file with data was read in
2016-08-22 14:02:28:472[Debug        ] ShaderProgram::AddShader() : glShaderSource() successful
2016-08-22 14:02:28:472[Debug        ] ShaderProgram::AddShader() : glCompileShader() successful
2016-08-22 14:02:28:472[Info         ] ShaderProgram::CheckShaderCompileStatus(15) successful.
2016-08-22 14:02:28:472[Debug        ] ShaderProgram::AddShader() : glCompileShader() successful
2016-08-22 14:02:28:472[Info         ] ShaderInfo saved successfully.
2016-08-22 14:02:28:472[Debug        ] ShaderProgram::AddShader() : glAttachShader() successful
2016-08-22 14:02:28:472[Info         ] ShaderProgram::AddShader [15] successful.
2016-08-22 14:02:28:476[Info         ] CheckProgramStatus() successful!
2016-08-22 14:02:28:476[Info         ] CheckProgramStatus() successful!
2016-08-22 14:02:28:476[Info         ] Shader Init started
2016-08-22 14:02:28:476[Info         ] Shader Program created.
2016-08-22 14:02:28:476[Process      ] ShaderProgram::Initialize()[16] successful!
2016-08-22 14:02:28:476[Debug        ] File [..\Data\shaders\texlighting.vert.shader] Opened successfully! Buffer Length:[1110]
2016-08-22 14:02:28:476[cDebug       ] Shader file [..\Data\shaders\texlighting.vert.shader] is too big to display contents.
2016-08-22 14:02:28:478[Debug        ]  ShaderProgram::AddShader() file with data was read in
2016-08-22 14:02:28:478[Debug        ] ShaderProgram::AddShader() : glShaderSource() successful
2016-08-22 14:02:28:478[Debug        ] ShaderProgram::AddShader() : glCompileShader() successful
2016-08-22 14:02:28:478[Info         ] ShaderProgram::CheckShaderCompileStatus(17) successful.
2016-08-22 14:02:28:478[Debug        ] ShaderProgram::AddShader() : glCompileShader() successful
2016-08-22 14:02:28:478[Info         ] ShaderInfo saved successfully.
2016-08-22 14:02:28:478[Debug        ] ShaderProgram::AddShader() : glAttachShader() successful
2016-08-22 14:02:28:478[Info         ] ShaderProgram::AddShader [17] successful.
2016-08-22 14:02:28:478[Debug        ] File [..\Data\shaders\texlighting.frag.shader] Opened successfully! Buffer Length:[1717]
2016-08-22 14:02:28:478[cDebug       ] Shader file [..\Data\shaders\texlighting.frag.shader] is too big to display contents.
2016-08-22 14:02:28:479[Debug        ]  ShaderProgram::AddShader() file with data was read in
2016-08-22 14:02:28:479[Debug        ] ShaderProgram::AddShader() : glShaderSource() successful
2016-08-22 14:02:28:480[Debug        ] ShaderProgram::AddShader() : glCompileShader() successful
2016-08-22 14:02:28:480[Info         ] ShaderProgram::CheckShaderCompileStatus(18) successful.
2016-08-22 14:02:28:480[Debug        ] ShaderProgram::AddShader() : glCompileShader() successful
2016-08-22 14:02:28:480[Info         ] ShaderInfo saved successfully.
2016-08-22 14:02:28:480[Debug        ] ShaderProgram::AddShader() : glAttachShader() successful
2016-08-22 14:02:28:480[Info         ] ShaderProgram::AddShader [18] successful.
2016-08-22 14:02:28:484[Info         ] CheckProgramStatus() successful!
2016-08-22 14:02:28:484[Info         ] CheckProgramStatus() successful!
2016-08-22 14:02:28:484[Info         ] Shader Init started
2016-08-22 14:02:28:484[Info         ] Shader Program created.
2016-08-22 14:02:28:484[Process      ] ShaderProgram::Initialize()[19] successful!
2016-08-22 14:02:28:484[Debug        ] File [..\Data\shaders\water.vert.shader] Opened successfully! Buffer Length:[1400]
2016-08-22 14:02:28:484[cDebug       ] Shader file [..\Data\shaders\water.vert.shader] is too big to display contents.
2016-08-22 14:02:28:485[Debug        ]  ShaderProgram::AddShader() file with data was read in
2016-08-22 14:02:28:485[Debug        ] ShaderProgram::AddShader() : glShaderSource() successful
2016-08-22 14:02:28:486[Debug        ] ShaderProgram::AddShader() : glCompileShader() successful
2016-08-22 14:02:28:486[Info         ] ShaderProgram::CheckShaderCompileStatus(20) successful.
2016-08-22 14:02:28:486[Debug        ] ShaderProgram::AddShader() : glCompileShader() successful
2016-08-22 14:02:28:486[Info         ] ShaderInfo saved successfully.
2016-08-22 14:02:28:486[Debug        ] ShaderProgram::AddShader() : glAttachShader() successful
2016-08-22 14:02:28:486[Info         ] ShaderProgram::AddShader [20] successful.
2016-08-22 14:02:28:486[Debug        ] File [..\Data\shaders\water.frag.shader] Opened successfully! Buffer Length:[2455]
2016-08-22 14:02:28:486[cDebug       ] Shader file [..\Data\shaders\water.frag.shader] is too big to display contents.
2016-08-22 14:02:28:488[Debug        ]  ShaderProgram::AddShader() file with data was read in
2016-08-22 14:02:28:488[Debug        ] ShaderProgram::AddShader() : glShaderSource() successful
2016-08-22 14:02:28:489[Debug        ] ShaderProgram::AddShader() : glCompileShader() successful
2016-08-22 14:02:28:489[Info         ] ShaderProgram::CheckShaderCompileStatus(21) successful.
2016-08-22 14:02:28:489[Debug        ] ShaderProgram::AddShader() : glCompileShader() successful
2016-08-22 14:02:28:489[Info         ] ShaderInfo saved successfully.
2016-08-22 14:02:28:489[Debug        ] ShaderProgram::AddShader() : glAttachShader() successful
2016-08-22 14:02:28:489[Info         ] ShaderProgram::AddShader [21] successful.
2016-08-22 14:02:28:491[Info         ] CheckProgramStatus() successful!
2016-08-22 14:02:28:491[Info         ] CheckProgramStatus() successful!
2016-08-22 14:02:28:491[Info         ] GetAttribLocation [vPosition] successful.
2016-08-22 14:02:28:491[Info         ] GetUniformLocation [colorin] successful.
2016-08-22 14:02:28:491[Info         ] GetUniformLocation [MAT] successful.
2016-08-22 14:02:28:491[cProcess     ] RenderEngine::Initialize() successful.
2016-08-22 14:02:28:492[cInfo        ] 
-----------------------------------------------------------------------
 BufferInfo::CreateBuffers()[0] Created buffers:| VERTEX [1] with [80] bytes. || INDEX [2] with [24] bytes |
-----------------------------------------------------------------------

2016-08-22 14:02:28:497[cInfo        ] --------BufferInfo::AddMesh() Added mesh successfully-------
2016-08-22 14:02:28:498[cInfo        ] 
2016-08-22 14:02:28:498[cInfo        ] --------------------| START BUFFER MESH INFO |-------------------------------------
2016-08-22 14:02:28:500[cInfo        ] BufferInfo::AddMesh(): NUM VERTS-----------------[4]
2016-08-22 14:02:28:502[cInfo        ] BufferInfo::AddMesh(): NUM INDICES---------------[6]
2016-08-22 14:02:28:503[cInfo        ] BufferInfo::AddMesh(): VERT OFFSET---------------[0]
2016-08-22 14:02:28:503[cInfo        ] BufferInfo::AddMesh(): INDICES OFFSET (BYTES)----[0]
2016-08-22 14:02:28:506[cInfo        ] --------------------|  END BUFFER MESH INFO  |--------------------------------------
2016-08-22 14:02:28:508[cInfo        ] 

2016-08-22 14:02:28:509[cInfo        ] 
-----------------------------------------------------------------------
 BufferInfo::CreateBuffers()[0] Created buffers:| VERTEX [3] with [96] bytes. || INDEX [4] with [48] bytes |
-----------------------------------------------------------------------

2016-08-22 14:02:28:512[cInfo        ] --------BufferInfo::AddMesh() Added mesh successfully-------
2016-08-22 14:02:28:515[cInfo        ] 
2016-08-22 14:02:28:515[cInfo        ] --------------------| START BUFFER MESH INFO |-------------------------------------
2016-08-22 14:02:28:517[cInfo        ] BufferInfo::AddMesh(): NUM VERTS-----------------[8]
2016-08-22 14:02:28:518[cInfo        ] BufferInfo::AddMesh(): NUM INDICES---------------[24]
2016-08-22 14:02:28:519[cInfo        ] BufferInfo::AddMesh(): VERT OFFSET---------------[0]
2016-08-22 14:02:28:520[cInfo        ] BufferInfo::AddMesh(): INDICES OFFSET (BYTES)----[0]
2016-08-22 14:02:28:521[cInfo        ] --------------------|  END BUFFER MESH INFO  |--------------------------------------
2016-08-22 14:02:28:522[cInfo        ] 

2016-08-22 14:02:28:523[cInfo        ] 
-----------------------------------------------------------------------
 BufferInfo::CreateBuffers()[0] Created buffers:| VERTEX [5] with [864] bytes. || INDEX [6] with [0] bytes |
-----------------------------------------------------------------------

2016-08-22 14:02:28:528[cInfo        ] --------BufferInfo::AddMesh() Added mesh successfully-------
2016-08-22 14:02:28:529[cInfo        ] 
2016-08-22 14:02:28:529[cInfo        ] --------------------| START BUFFER MESH INFO |-------------------------------------
2016-08-22 14:02:28:530[cInfo        ] BufferInfo::AddMesh(): NUM VERTS-----------------[36]
2016-08-22 14:02:28:531[cInfo        ] BufferInfo::AddMesh(): NUM INDICES---------------[0]
2016-08-22 14:02:28:532[cInfo        ] BufferInfo::AddMesh(): VERT OFFSET---------------[0]
2016-08-22 14:02:28:535[cInfo        ] BufferInfo::AddMesh(): INDICES OFFSET (BYTES)----[0]
2016-08-22 14:02:28:536[cInfo        ] --------------------|  END BUFFER MESH INFO  |--------------------------------------
2016-08-22 14:02:28:537[cInfo        ] 

2016-08-22 14:02:28:537[cInfo        ] 
-----------------------------------------------------------------------
 BufferInfo::CreateBuffers()[0] Created buffers:| VERTEX [7] with [144] bytes. || INDEX [8] with [0] bytes |
-----------------------------------------------------------------------

2016-08-22 14:02:28:541[cInfo        ] --------BufferInfo::AddMesh() Added mesh successfully-------
2016-08-22 14:02:28:541[cInfo        ] 
2016-08-22 14:02:28:542[cInfo        ] --------------------| START BUFFER MESH INFO |-------------------------------------
2016-08-22 14:02:28:544[cInfo        ] BufferInfo::AddMesh(): NUM VERTS-----------------[6]
2016-08-22 14:02:28:545[cInfo        ] BufferInfo::AddMesh(): NUM INDICES---------------[0]
2016-08-22 14:02:28:546[cInfo        ] BufferInfo::AddMesh(): VERT OFFSET---------------[0]
2016-08-22 14:02:28:546[cInfo        ] BufferInfo::AddMesh(): INDICES OFFSET (BYTES)----[0]
2016-08-22 14:02:28:547[cInfo        ] --------------------|  END BUFFER MESH INFO  |--------------------------------------
2016-08-22 14:02:28:548[cInfo        ] 

2016-08-22 14:02:28:551[Process      ] BufferInfo::Initialize() successful.
2016-08-22 14:02:28:551[cInfo        ] 
-----------------------------------------------------------------------
 BufferInfo::CreateBuffers()[0] Created buffers:| VERTEX [9] with [1000000] bytes. || INDEX [10] with [1000000] bytes |
-----------------------------------------------------------------------

2016-08-22 14:02:28:555[cInfo        ] --------BufferInfo::AddMesh() Added mesh successfully-------
2016-08-22 14:02:28:556[cInfo        ] 
2016-08-22 14:02:28:556[cInfo        ] --------------------| START BUFFER MESH INFO |-------------------------------------
2016-08-22 14:02:28:558[cInfo        ] BufferInfo::AddMesh(): NUM VERTS-----------------[24]
2016-08-22 14:02:28:558[cInfo        ] BufferInfo::AddMesh(): NUM INDICES---------------[36]
2016-08-22 14:02:28:559[cInfo        ] BufferInfo::AddMesh(): VERT OFFSET---------------[0]
2016-08-22 14:02:28:560[cInfo        ] BufferInfo::AddMesh(): INDICES OFFSET (BYTES)----[0]
2016-08-22 14:02:28:561[cInfo        ] --------------------|  END BUFFER MESH INFO  |--------------------------------------
2016-08-22 14:02:28:562[cInfo        ] 

2016-08-22 14:02:28:565[Process      ] BufferInfo::Initialize() successful.
2016-08-22 14:02:28:565[cInfo        ] 
-----------------------------------------------------------------------
 BufferInfo::CreateBuffers()[1] Created buffers:| VERTEX [11] with [1000000] bytes. || INDEX [12] with [1000000] bytes |
-----------------------------------------------------------------------

2016-08-22 14:02:28:569[cInfo        ] --------BufferInfo::AddMesh() Added mesh successfully-------
2016-08-22 14:02:28:570[cInfo        ] 
2016-08-22 14:02:28:571[cInfo        ] --------------------| START BUFFER MESH INFO |-------------------------------------
2016-08-22 14:02:28:572[cInfo        ] BufferInfo::AddMesh(): NUM VERTS-----------------[1536]
2016-08-22 14:02:28:572[cInfo        ] BufferInfo::AddMesh(): NUM INDICES---------------[3072]
2016-08-22 14:02:28:574[cInfo        ] BufferInfo::AddMesh(): VERT OFFSET---------------[0]
2016-08-22 14:02:28:575[cInfo        ] BufferInfo::AddMesh(): INDICES OFFSET (BYTES)----[0]
2016-08-22 14:02:28:576[cInfo        ] --------------------|  END BUFFER MESH INFO  |--------------------------------------
2016-08-22 14:02:28:577[cInfo        ] 

2016-08-22 14:02:28:578[cInfo        ] 
-----------------------------------------------------------------------
 BufferInfo::CreateBuffers()[0] Created buffers:| VERTEX [13] with [3936] bytes. || INDEX [14] with [0] bytes |
-----------------------------------------------------------------------

2016-08-22 14:02:28:581[cInfo        ] --------BufferInfo::AddMesh() Added mesh successfully-------
2016-08-22 14:02:28:582[cInfo        ] 
2016-08-22 14:02:28:583[cInfo        ] --------------------| START BUFFER MESH INFO |-------------------------------------
2016-08-22 14:02:28:586[cInfo        ] BufferInfo::AddMesh(): NUM VERTS-----------------[164]
2016-08-22 14:02:28:587[cInfo        ] BufferInfo::AddMesh(): NUM INDICES---------------[0]
2016-08-22 14:02:28:588[cInfo        ] BufferInfo::AddMesh(): VERT OFFSET---------------[0]
2016-08-22 14:02:28:588[cInfo        ] BufferInfo::AddMesh(): INDICES OFFSET (BYTES)----[0]
2016-08-22 14:02:28:589[cInfo        ] --------------------|  END BUFFER MESH INFO  |--------------------------------------
2016-08-22 14:02:28:590[cInfo        ] 

2016-08-22 14:02:28:591[cProcess     ] ShapeGenerator initialized successfully.
2016-08-22 14:02:28:591[cProcess     ] Camera::Initialize() successful.
2016-08-22 14:02:28:592[cProcess     ] Keyboard::Initialize() successful
2016-08-22 14:02:28:593[cProcess     ] Keyboard::Initialize() successful
2016-08-22 14:02:28:607[cInfo        ] 
-----------------------------------------------------------------------
 BufferInfo::CreateBuffers()[0] Created buffers:| VERTEX [15] with [10810368] bytes. || INDEX [16] with [0] bytes |
-----------------------------------------------------------------------

2016-08-22 14:02:28:620[cInfo        ] --------BufferInfo::AddMesh() Added mesh successfully-------
2016-08-22 14:02:28:621[cInfo        ] 
2016-08-22 14:02:28:622[cInfo        ] --------------------| START BUFFER MESH INFO |-------------------------------------
2016-08-22 14:02:28:624[cInfo        ] BufferInfo::AddMesh(): NUM VERTS-----------------[337824]
2016-08-22 14:02:28:625[cInfo        ] BufferInfo::AddMesh(): NUM INDICES---------------[0]
2016-08-22 14:02:28:627[cInfo        ] BufferInfo::AddMesh(): VERT OFFSET---------------[0]
2016-08-22 14:02:28:628[cInfo        ] BufferInfo::AddMesh(): INDICES OFFSET (BYTES)----[0]
2016-08-22 14:02:28:629[cInfo        ] --------------------|  END BUFFER MESH INFO  |--------------------------------------
2016-08-22 14:02:28:631[cInfo        ] 

2016-08-22 14:02:28:659[Info         ] ShapeGenerator::ReadSceneFile(): Added new scene [..\Data\Scenes\Dargon.ptn.scene] successfully.
2016-08-22 14:02:28:659[cInfo        ] EntityManager::BuildPlayerEntity(): Built [Dargon] successfully
2016-08-22 14:02:28:661[Process      ] BufferInfo::Initialize() successful.
2016-08-22 14:02:28:667[cInfo        ] 
-----------------------------------------------------------------------
 BufferInfo::CreateBuffers()[2] Created buffers:| VERTEX [17] with [1000000] bytes. || INDEX [18] with [1000000] bytes |
-----------------------------------------------------------------------

2016-08-22 14:02:28:673[cInfo        ] --------BufferInfo::AddMesh() Added mesh successfully-------
2016-08-22 14:02:28:675[cInfo        ] 
2016-08-22 14:02:28:675[cInfo        ] --------------------| START BUFFER MESH INFO |-------------------------------------
2016-08-22 14:02:28:678[cInfo        ] BufferInfo::AddMesh(): NUM VERTS-----------------[36]
2016-08-22 14:02:28:679[cInfo        ] BufferInfo::AddMesh(): NUM INDICES---------------[0]
2016-08-22 14:02:28:680[cInfo        ] BufferInfo::AddMesh(): VERT OFFSET---------------[0]
2016-08-22 14:02:28:681[cInfo        ] BufferInfo::AddMesh(): INDICES OFFSET (BYTES)----[0]
2016-08-22 14:02:28:682[cInfo        ] --------------------|  END BUFFER MESH INFO  |--------------------------------------
2016-08-22 14:02:28:684[cInfo        ] 

2016-08-22 14:02:28:685[Info         ] ShapeGenerator::ReadSceneFile(): Added new scene [..\Data\Scenes\Cube.pn.scene] successfully.
2016-08-22 14:02:28:685[Process      ] BufferInfo::Initialize() successful.
2016-08-22 14:02:28:685[cInfo        ] 
-----------------------------------------------------------------------
 BufferInfo::CreateBuffers()[3] Created buffers:| VERTEX [19] with [1000000] bytes. || INDEX [20] with [1000000] bytes |
-----------------------------------------------------------------------

2016-08-22 14:02:28:691[cInfo        ] --------BufferInfo::AddMesh() Added mesh successfully-------
2016-08-22 14:02:28:691[cInfo        ] 
2016-08-22 14:02:28:692[cInfo        ] --------------------| START BUFFER MESH INFO |-------------------------------------
2016-08-22 14:02:28:693[cInfo        ] BufferInfo::AddMesh(): NUM VERTS-----------------[8718]
2016-08-22 14:02:28:694[cInfo        ] BufferInfo::AddMesh(): NUM INDICES---------------[0]
2016-08-22 14:02:28:695[cInfo        ] BufferInfo::AddMesh(): VERT OFFSET---------------[0]
2016-08-22 14:02:28:695[cInfo        ] BufferInfo::AddMesh(): INDICES OFFSET (BYTES)----[0]
2016-08-22 14:02:28:696[cInfo        ] --------------------|  END BUFFER MESH INFO  |--------------------------------------
2016-08-22 14:02:28:699[cInfo        ] 

2016-08-22 14:02:28:702[Info         ] ShapeGenerator::ReadSceneFile(): Added new scene [..\Data\Scenes\AIWorld.ptn.scene] successfully.
2016-08-22 14:02:28:702[cInfo        ] --------BufferInfo::AddMesh() Added mesh successfully-------
2016-08-22 14:02:28:703[cInfo        ] 
2016-08-22 14:02:28:703[cInfo        ] --------------------| START BUFFER MESH INFO |-------------------------------------
2016-08-22 14:02:28:705[cInfo        ] BufferInfo::AddMesh(): NUM VERTS-----------------[18]
2016-08-22 14:02:28:706[cInfo        ] BufferInfo::AddMesh(): NUM INDICES---------------[0]
2016-08-22 14:02:28:709[cInfo        ] BufferInfo::AddMesh(): VERT OFFSET---------------[36]
2016-08-22 14:02:28:710[cInfo        ] BufferInfo::AddMesh(): INDICES OFFSET (BYTES)----[0]
2016-08-22 14:02:28:711[cInfo        ] --------------------|  END BUFFER MESH INFO  |--------------------------------------
2016-08-22 14:02:28:713[cInfo        ] 

2016-08-22 14:02:28:714[Info         ] ShapeGenerator::ReadSceneFile(): Added new scene [..\Data\Scenes\Pyramid.pn.scene] successfully.
2016-08-22 14:02:28:721[cInfo        ] 
-----------------------------------------------------------------------
 BufferInfo::CreateBuffers()[0] Created buffers:| VERTEX [21] with [5529600] bytes. || INDEX [22] with [0] bytes |
-----------------------------------------------------------------------

2016-08-22 14:02:28:738[cInfo        ] --------BufferInfo::AddMesh() Added mesh successfully-------
2016-08-22 14:02:28:739[cInfo        ] 
2016-08-22 14:02:28:740[cInfo        ] --------------------| START BUFFER MESH INFO |-------------------------------------
2016-08-22 14:02:28:742[cInfo        ] BufferInfo::AddMesh(): NUM VERTS-----------------[172800]
2016-08-22 14:02:28:744[cInfo        ] BufferInfo::AddMesh(): NUM INDICES---------------[0]
2016-08-22 14:02:28:745[cInfo        ] BufferInfo::AddMesh(): VERT OFFSET---------------[0]
2016-08-22 14:02:28:748[cInfo        ] BufferInfo::AddMesh(): INDICES OFFSET (BYTES)----[0]
2016-08-22 14:02:28:749[cInfo        ] --------------------|  END BUFFER MESH INFO  |--------------------------------------
2016-08-22 14:02:28:751[cInfo        ] 

2016-08-22 14:02:28:752[Info         ] ShapeGenerator::ReadSceneFile(): Added new scene [..\Data\Scenes\WaterPlane.ptn.scene] successfully.
2016-08-22 14:02:28:754[cProcess     ] Camera::Initialize() successful.
2016-08-22 14:02:28:756[cInfo        ] --------BufferInfo::AddMesh() Added mesh successfully-------
2016-08-22 14:02:28:758[cInfo        ] 
2016-08-22 14:02:28:758[cInfo        ] --------------------| START BUFFER MESH INFO |-------------------------------------
2016-08-22 14:02:28:759[cInfo        ] BufferInfo::AddMesh(): NUM VERTS-----------------[3180]
2016-08-22 14:02:28:760[cInfo        ] BufferInfo::AddMesh(): NUM INDICES---------------[0]
2016-08-22 14:02:28:761[cInfo        ] BufferInfo::AddMesh(): VERT OFFSET---------------[36]
2016-08-22 14:02:28:762[cInfo        ] BufferInfo::AddMesh(): INDICES OFFSET (BYTES)----[0]
2016-08-22 14:02:28:763[cInfo        ] --------------------|  END BUFFER MESH INFO  |--------------------------------------
2016-08-22 14:02:28:764[cInfo        ] 

2016-08-22 14:02:28:766[Info         ] ShapeGenerator::ReadSceneFile(): Added new scene [..\Data\Scenes\Cat.pn.scene] successfully.
2016-08-22 14:02:28:766[cInfo        ] --------BufferInfo::AddMesh() Added mesh successfully-------
2016-08-22 14:02:28:768[cInfo        ] 
2016-08-22 14:02:28:768[cInfo        ] --------------------| START BUFFER MESH INFO |-------------------------------------
2016-08-22 14:02:28:769[cInfo        ] BufferInfo::AddMesh(): NUM VERTS-----------------[6]
2016-08-22 14:02:28:770[cInfo        ] BufferInfo::AddMesh(): NUM INDICES---------------[0]
2016-08-22 14:02:28:771[cInfo        ] BufferInfo::AddMesh(): VERT OFFSET---------------[54]
2016-08-22 14:02:28:772[cInfo        ] BufferInfo::AddMesh(): INDICES OFFSET (BYTES)----[0]
2016-08-22 14:02:28:773[cInfo        ] --------------------|  END BUFFER MESH INFO  |--------------------------------------
2016-08-22 14:02:28:774[cInfo        ] 

2016-08-22 14:02:28:775[cProcess     ] BodaciousQuest::Initialize() successful.
2016-08-22 14:02:28:775[Process      ] GameTime::Initialize() ok

2016-08-22 14:02:28:775[cProcess     ] MyWindow::Initialize() successful!
2016-08-22 14:02:35:301[cProcess     ] BufferManager::Shutdown() successful.
2016-08-22 14:02:35:302[cProcess     ] RenderEngine::Shutdown() successful.
2016-08-22 14:02:35:304[cProcess     ] Camera::Shutdown() successful.
2016-08-22 14:02:35:305[Info         ] Shader  [2] deleting...
2016-08-22 14:02:35:305[Info         ] Shader  [2] deleted successfully.
2016-08-22 14:02:35:305[Info         ] Shader  [3] deleting...
2016-08-22 14:02:35:305[Info         ] Shader  [3] deleted successfully.
2016-08-22 14:02:35:305[Info         ] All shaders deleted successfully.
2016-08-22 14:02:35:305[cInfo        ] Program [1] deleted successfully.
2016-08-22 14:02:35:306[Process      ] ShaderProgram[1]::Shutdown successful!
2016-08-22 14:02:35:306[Info         ] Shader  [5] deleting...
2016-08-22 14:02:35:306[Info         ] Shader  [5] deleted successfully.
2016-08-22 14:02:35:306[Info         ] Shader  [6] deleting...
2016-08-22 14:02:35:306[Info         ] Shader  [6] deleted successfully.
2016-08-22 14:02:35:306[Info         ] All shaders deleted successfully.
2016-08-22 14:02:35:306[cInfo        ] Program [4] deleted successfully.
2016-08-22 14:02:35:307[Process      ] ShaderProgram[4]::Shutdown successful!
2016-08-22 14:02:35:307[Info         ] Shader  [8] deleting...
2016-08-22 14:02:35:307[Info         ] Shader  [8] deleted successfully.
2016-08-22 14:02:35:307[Info         ] Shader  [9] deleting...
2016-08-22 14:02:35:307[Info         ] Shader  [9] deleted successfully.
2016-08-22 14:02:35:308[Info         ] All shaders deleted successfully.
2016-08-22 14:02:35:308[cInfo        ] Program [7] deleted successfully.
2016-08-22 14:02:35:309[Process      ] ShaderProgram[7]::Shutdown successful!
2016-08-22 14:02:35:309[Info         ] Shader  [11] deleting...
2016-08-22 14:02:35:309[Info         ] Shader  [11] deleted successfully.
2016-08-22 14:02:35:309[Info         ] Shader  [12] deleting...
2016-08-22 14:02:35:309[Info         ] Shader  [12] deleted successfully.
2016-08-22 14:02:35:309[Info         ] All shaders deleted successfully.
2016-08-22 14:02:35:309[cInfo        ] Program [10] deleted successfully.
2016-08-22 14:02:35:311[Process      ] ShaderProgram[10]::Shutdown successful!
2016-08-22 14:02:35:312[Info         ] Shader  [14] deleting...
2016-08-22 14:02:35:312[Info         ] Shader  [14] deleted successfully.
2016-08-22 14:02:35:312[Info         ] Shader  [15] deleting...
2016-08-22 14:02:35:312[Info         ] Shader  [15] deleted successfully.
2016-08-22 14:02:35:312[Info         ] All shaders deleted successfully.
2016-08-22 14:02:35:312[cInfo        ] Program [13] deleted successfully.
2016-08-22 14:02:35:312[Process      ] ShaderProgram[13]::Shutdown successful!
2016-08-22 14:02:35:313[Info         ] Shader  [17] deleting...
2016-08-22 14:02:35:313[Info         ] Shader  [17] deleted successfully.
2016-08-22 14:02:35:313[Info         ] Shader  [18] deleting...
2016-08-22 14:02:35:313[Info         ] Shader  [18] deleted successfully.
2016-08-22 14:02:35:313[Info         ] All shaders deleted successfully.
2016-08-22 14:02:35:313[cInfo        ] Program [16] deleted successfully.
2016-08-22 14:02:35:313[Process      ] ShaderProgram[16]::Shutdown successful!
2016-08-22 14:02:35:314[Info         ] Shader  [20] deleting...
2016-08-22 14:02:35:314[Info         ] Shader  [20] deleted successfully.
2016-08-22 14:02:35:314[Info         ] Shader  [21] deleting...
2016-08-22 14:02:35:314[Info         ] Shader  [21] deleted successfully.
2016-08-22 14:02:35:314[Info         ] All shaders deleted successfully.
2016-08-22 14:02:35:314[cInfo        ] Program [19] deleted successfully.
2016-08-22 14:02:35:314[Process      ] ShaderProgram[19]::Shutdown successful!
2016-08-22 14:02:35:314[cProcess     ] MyWindow::Shutdown() successful!
2016-08-22 14:02:35:315[cProcess     ] BodaciousQuest::Shutdown() successful.
2016-08-22 14:02:35:327[Process      ] ConfigReader shut down successfully
2016-08-22 14:02:35:327[Process      ] GameLogger::ShutDown() successful
