2016-08-21 18:30:19:418[Process      ] GameLogger::Initialize() opened log file [..\Data\LogFiles\2016-08-21 18-30-19.BodaciousQuest.log] for writing
2016-08-21 18:30:19:418[Info         ] GameLogger::Initialize() successful
2016-08-21 18:30:19:418[Process      ] ConfigReader opened [..\Data\BodaciousQuest.config] successfully
2016-08-21 18:30:19:418[Info         ] ConfigReader initialized successfully
2016-08-21 18:30:19:418[Info         ] Valid KVP [BodaciousQuest.ShowFullScreen] [false] added
2016-08-21 18:30:19:418[Info         ] Valid KVP [BodaciousQuest.FpsInterval] [5.0] added
2016-08-21 18:30:19:419[Info         ] Valid KVP [BodaciousQuest.EnableControls] [true] added
2016-08-21 18:30:19:419[Info         ] Valid KVP [BodaciousQuest.LoadCubeFirst] [true] added
2016-08-21 18:30:19:419[Info         ] Valid KVP [BodaciousQuest.CameraWalkMode] [false] added
2016-08-21 18:30:19:419[Info         ] Valid KVP [BodaciousQuest.GridSize] [40] added
2016-08-21 18:30:19:419[Info         ] Valid KVP [BodaciousQuest.LightingTest.Ambient.Color] [1.0  1.0  1.0] added
2016-08-21 18:30:19:419[Info         ] Valid KVP [BodaciousQuest.LightingTest.Diffuse.Color] [1.0  1.0  1.0] added
2016-08-21 18:30:19:419[Info         ] Valid KVP [BodaciousQuest.LightingTest.Specular.Color] [0.0  0.0  0.0] added
2016-08-21 18:30:19:419[Info         ] Valid KVP [BodaciousQuest.LightingTest.Ambient.Reflectivity] [0.01] added
2016-08-21 18:30:19:419[Info         ] Valid KVP [BodaciousQuest.LightingTest.Diffuse.Reflectivity] [0.8] added
2016-08-21 18:30:19:419[Info         ] Valid KVP [BodaciousQuest.LightingTest.Specular.Reflectivity] [0.5] added
2016-08-21 18:30:19:419[Info         ] Valid KVP [BodaciousQuest.LightingTest.Specular.Shininess] [1.0] added
2016-08-21 18:30:19:419[Info         ] Valid KVP [BodaciousQuest.LightingTest.Falloff.A] [1.0] added
2016-08-21 18:30:19:419[Info         ] Valid KVP [BodaciousQuest.LightingTest.Falloff.B] [0.01] added
2016-08-21 18:30:19:419[Info         ] Valid KVP [BodaciousQuest.LightingTest.Falloff.C] [0.0001] added
2016-08-21 18:30:19:419[Info         ] Valid KVP [BodaciousQuest.LightingTest.Directional] [false] added
2016-08-21 18:30:19:419[Info         ] Valid KVP [BodaciousQuest.LightingTest.Direction] [-1.0 0.0 1.0] added
2016-08-21 18:30:19:419[Info         ] Valid KVP [BodaciousQuest.LightingTest.Light.Position] [-0.875458 3.673020 1.043331] added
2016-08-21 18:30:19:419[Info         ] Valid KVP [BodaciousQuest.LightingTest.Dargon.Color] [1.0 1.0 0.4] added
2016-08-21 18:30:19:419[Info         ] Valid KVP [ObjConverter.Mode.VertexType] [pn] added
2016-08-21 18:30:19:419[Info         ] Valid KVP [ObjConverter.Mode.Analyze] [false] added
2016-08-21 18:30:19:419[Info         ] Valid KVP [ObjConverter.Model] [Dargon] added
2016-08-21 18:30:19:419[Info         ] Valid KVP [ObjConverter.Shader] [4] added
2016-08-21 18:30:19:419[Info         ] Valid KVP [ObjConverter.Color] [random] added
2016-08-21 18:30:19:419[Info         ] Valid KVP [ObjConverter.Obj.InputFileFolder] [..\\Data\\Objs\\] added
2016-08-21 18:30:19:419[Info         ] Valid KVP [ObjConverter.Scene.OutputFileFolder] [..\\Data\\Scenes\\] added
2016-08-21 18:30:19:419[Info         ] Valid KVP [ObjConverter.Model.Dargon.NumVerts] [57967] added
2016-08-21 18:30:19:419[Info         ] Valid KVP [ObjConverter.Model.Dargon.NumIndices] [337824] added
2016-08-21 18:30:19:419[Info         ] Valid KVP [ObjConverter.Model.Dargon.NumTexCoords] [60175] added
2016-08-21 18:30:19:419[Info         ] Valid KVP [ObjConverter.Model.Dargon.NumNormals] [337824] added
2016-08-21 18:30:19:419[Info         ] Valid KVP [ObjConverter.Model.Swamp.NumVerts] [2735] added
2016-08-21 18:30:19:419[Info         ] Valid KVP [ObjConverter.Model.Swamp.NumIndices] [8556] added
2016-08-21 18:30:19:419[Info         ] Valid KVP [ObjConverter.Model.Swamp.NumTexCoords] [3622] added
2016-08-21 18:30:19:419[Info         ] Valid KVP [ObjConverter.Model.Swamp.NumNormals] [5156] added
2016-08-21 18:30:19:419[Info         ] Valid KVP [ObjConverter.Model.Pyramid.NumVerts] [5] added
2016-08-21 18:30:19:419[Info         ] Valid KVP [ObjConverter.Model.Pyramid.NumIndices] [18] added
2016-08-21 18:30:19:419[Info         ] Valid KVP [ObjConverter.Model.Pyramid.NumTexCoords] [10] added
2016-08-21 18:30:19:419[Info         ] Valid KVP [ObjConverter.Model.Pyramid.NumNormals] [16] added
2016-08-21 18:30:19:419[Info         ] Valid KVP [ObjConverter.Model.AIWorld.NumVerts] [1957] added
2016-08-21 18:30:19:419[Info         ] Valid KVP [ObjConverter.Model.AIWorld.NumIndices] [8718] added
2016-08-21 18:30:19:419[Info         ] Valid KVP [ObjConverter.Model.AIWorld.NumTexCoords] [4186] added
2016-08-21 18:30:19:419[Info         ] Valid KVP [ObjConverter.Model.AIWorld.NumNormals] [5418] added
2016-08-21 18:30:19:419[Info         ] Valid KVP [ObjConverter.Model.GameWeapon.NumVerts] [2068] added
2016-08-21 18:30:19:419[Info         ] Valid KVP [ObjConverter.Model.GameWeapon.NumIndices] [9894] added
2016-08-21 18:30:19:419[Info         ] Valid KVP [ObjConverter.Model.GameWeapon.NumTexCoords] [0] added
2016-08-21 18:30:19:420[Info         ] Valid KVP [ObjConverter.Model.GameWeapon.NumNormals] [0] added
2016-08-21 18:30:19:420[Info         ] Valid KVP [ObjConverter.Model.Chicken.NumVerts] [224] added
2016-08-21 18:30:19:420[Info         ] Valid KVP [ObjConverter.Model.Chicken.NumIndices] [1374] added
2016-08-21 18:30:19:420[Info         ] Valid KVP [ObjConverter.Model.Chicken.NumTexCoords] [472] added
2016-08-21 18:30:19:420[Info         ] Valid KVP [ObjConverter.Model.Chicken.NumNormals] [565] added
2016-08-21 18:30:19:420[Info         ] Valid KVP [ObjConverter.Model.WaterPlane.NumVerts] [29282] added
2016-08-21 18:30:19:420[Info         ] Valid KVP [ObjConverter.Model.WaterPlane.NumIndices] [172800] added
2016-08-21 18:30:19:420[Info         ] Valid KVP [ObjConverter.Model.WaterPlane.NumTexCoords] [29282] added
2016-08-21 18:30:19:420[Info         ] Valid KVP [ObjConverter.Model.WaterPlane.NumNormals] [172800] added
2016-08-21 18:30:19:420[Info         ] Valid KVP [ObjConverter.Model.Cube.NumVerts] [8] added
2016-08-21 18:30:19:420[Info         ] Valid KVP [ObjConverter.Model.Cube.NumIndices] [36] added
2016-08-21 18:30:19:420[Info         ] Valid KVP [ObjConverter.Model.Cube.NumTexCoords] [14] added
2016-08-21 18:30:19:420[Info         ] Valid KVP [ObjConverter.Model.Cube.NumNormals] [24] added
2016-08-21 18:30:19:420[Info         ] Valid KVP [ObjConverter.Model.Barrel.NumVerts] [172] added
2016-08-21 18:30:19:420[Info         ] Valid KVP [ObjConverter.Model.Barrel.NumIndices] [1008] added
2016-08-21 18:30:19:420[Info         ] Valid KVP [ObjConverter.Model.Barrel.NumTexCoords] [328] added
2016-08-21 18:30:19:420[Info         ] Valid KVP [ObjConverter.Model.Barrel.NumNormals] [204] added
2016-08-21 18:30:19:420[Info         ] Valid KVP [ObjConverter.Model.SkyBox.NumVerts] [8] added
2016-08-21 18:30:19:420[Info         ] Valid KVP [ObjConverter.Model.SkyBox.NumIndices] [36] added
2016-08-21 18:30:19:420[Info         ] Valid KVP [ObjConverter.Model.SkyBox.NumTexCoords] [18] added
2016-08-21 18:30:19:420[Info         ] Valid KVP [ObjConverter.Model.SkyBox.NumNormals] [24] added
2016-08-21 18:30:19:495[cInfo        ] Config reader opened [..\Data\BodaciousQuest.config] for reading!
2016-08-21 18:30:19:550[Process      ] ShaderManager Initialized successfully
2016-08-21 18:30:19:550[Info         ] Shader Init started
2016-08-21 18:30:19:550[Info         ] Shader Program created.
2016-08-21 18:30:19:550[Process      ] ShaderProgram::Initialize()[1] successful!
2016-08-21 18:30:19:550[Debug        ] File [..\Data\shaders\debug.vert.shader] Opened successfully! Buffer Length:[291]
2016-08-21 18:30:19:550[Debug        ] Shader file [..\Data\shaders\debug.vert.shader] contents:
//BEGIN
#version 430 core

layout(location = 0)  in vec3 vPosition;

layout(location = 15) uniform vec3 colorin;
layout(location = 16) uniform mat4 MAT;

out vec4 color;

void main()
{
	vec4 vertPos = vec4(vPosition, 1.0);
	gl_Position = MAT *  vertPos;
	color = vec4(colorin, 1.0);
}
//END

2016-08-21 18:30:19:550[Debug        ]  ShaderProgram::AddShader() file with data was read in
2016-08-21 18:30:19:550[Debug        ] ShaderProgram::AddShader() : glShaderSource() successful
2016-08-21 18:30:19:551[Debug        ] ShaderProgram::AddShader() : glCompileShader() successful
2016-08-21 18:30:19:551[Info         ] ShaderProgram::CheckShaderCompileStatus(2) successful.
2016-08-21 18:30:19:551[Debug        ] ShaderProgram::AddShader() : glCompileShader() successful
2016-08-21 18:30:19:551[Info         ] ShaderInfo saved successfully.
2016-08-21 18:30:19:551[Debug        ] ShaderProgram::AddShader() : glAttachShader() successful
2016-08-21 18:30:19:551[Info         ] ShaderProgram::AddShader [2] successful.
2016-08-21 18:30:19:551[Debug        ] File [..\Data\shaders\debug.frag.shader] Opened successfully! Buffer Length:[104]
2016-08-21 18:30:19:551[Debug        ] Shader file [..\Data\shaders\debug.frag.shader] contents:
//BEGIN
#version 430 core


in  vec4 color;
out vec4 outColor;

void main()
{
	outColor = color;
}


//END

2016-08-21 18:30:19:551[Debug        ]  ShaderProgram::AddShader() file with data was read in
2016-08-21 18:30:19:551[Debug        ] ShaderProgram::AddShader() : glShaderSource() successful
2016-08-21 18:30:19:551[Debug        ] ShaderProgram::AddShader() : glCompileShader() successful
2016-08-21 18:30:19:551[Info         ] ShaderProgram::CheckShaderCompileStatus(3) successful.
2016-08-21 18:30:19:551[Debug        ] ShaderProgram::AddShader() : glCompileShader() successful
2016-08-21 18:30:19:551[Info         ] ShaderInfo saved successfully.
2016-08-21 18:30:19:551[Debug        ] ShaderProgram::AddShader() : glAttachShader() successful
2016-08-21 18:30:19:551[Info         ] ShaderProgram::AddShader [3] successful.
2016-08-21 18:30:19:553[Info         ] CheckProgramStatus() successful!
2016-08-21 18:30:19:553[Info         ] CheckProgramStatus() successful!
2016-08-21 18:30:19:553[Info         ] Shader Init started
2016-08-21 18:30:19:554[Info         ] Shader Program created.
2016-08-21 18:30:19:554[Process      ] ShaderProgram::Initialize()[4] successful!
2016-08-21 18:30:19:554[Debug        ] File [..\Data\shaders\play.vert.shader] Opened successfully! Buffer Length:[343]
2016-08-21 18:30:19:554[Debug        ] Shader file [..\Data\shaders\play.vert.shader] contents:
//BEGIN
#version 430 core

layout (location = 0)  in vec3 vPosition;
layout (location = 1)  in vec3 vColor;
layout (location = 15) uniform vec3 colorin;
layout (location = 16) uniform mat4 MAT;

out vec4 color;

void main()
{
	vec4 vertPos = vec4(vPosition, 1.0);
	gl_Position = MAT *  vertPos;
	color = vec4((vColor + colorin), 1.0);
}
//END

2016-08-21 18:30:19:554[Debug        ]  ShaderProgram::AddShader() file with data was read in
2016-08-21 18:30:19:554[Debug        ] ShaderProgram::AddShader() : glShaderSource() successful
2016-08-21 18:30:19:554[Debug        ] ShaderProgram::AddShader() : glCompileShader() successful
2016-08-21 18:30:19:554[Info         ] ShaderProgram::CheckShaderCompileStatus(5) successful.
2016-08-21 18:30:19:554[Debug        ] ShaderProgram::AddShader() : glCompileShader() successful
2016-08-21 18:30:19:554[Info         ] ShaderInfo saved successfully.
2016-08-21 18:30:19:554[Debug        ] ShaderProgram::AddShader() : glAttachShader() successful
2016-08-21 18:30:19:554[Info         ] ShaderProgram::AddShader [5] successful.
2016-08-21 18:30:19:554[Debug        ] File [..\Data\shaders\play.frag.shader] Opened successfully! Buffer Length:[391]
2016-08-21 18:30:19:554[Debug        ] Shader file [..\Data\shaders\play.frag.shader] contents:
//BEGIN
#version 430 core


in  vec4 color;
out vec4 outColor;

void main()
{

	//if (color.r < .7) discard;
	outColor = color;

	//if(((gl_FragCoord.x  > 600)&& (gl_FragCoord.y < 300)) || ((gl_FragCoord.y < 300)  && (gl_FragCoord.x  < 600) )) {
	//discard;
	//}

	//vec2 scrPos = vec2(gl_FragCoord) - vec2(350,150);
	//float len =  length(scrPos);
	//if(len < 50 )discard;
}


//END

2016-08-21 18:30:19:554[Debug        ]  ShaderProgram::AddShader() file with data was read in
2016-08-21 18:30:19:554[Debug        ] ShaderProgram::AddShader() : glShaderSource() successful
2016-08-21 18:30:19:554[Debug        ] ShaderProgram::AddShader() : glCompileShader() successful
2016-08-21 18:30:19:554[Info         ] ShaderProgram::CheckShaderCompileStatus(6) successful.
2016-08-21 18:30:19:554[Debug        ] ShaderProgram::AddShader() : glCompileShader() successful
2016-08-21 18:30:19:554[Info         ] ShaderInfo saved successfully.
2016-08-21 18:30:19:554[Debug        ] ShaderProgram::AddShader() : glAttachShader() successful
2016-08-21 18:30:19:554[Info         ] ShaderProgram::AddShader [6] successful.
2016-08-21 18:30:19:555[Info         ] CheckProgramStatus() successful!
2016-08-21 18:30:19:555[Info         ] CheckProgramStatus() successful!
2016-08-21 18:30:19:555[Info         ] Shader Init started
2016-08-21 18:30:19:555[Info         ] Shader Program created.
2016-08-21 18:30:19:555[Process      ] ShaderProgram::Initialize()[7] successful!
2016-08-21 18:30:19:555[Debug        ] File [..\Data\shaders\texture.vert.shader] Opened successfully! Buffer Length:[305]
2016-08-21 18:30:19:556[Debug        ] Shader file [..\Data\shaders\texture.vert.shader] contents:
//BEGIN
#version 430 core

layout (location = 0)  in vec3 vPosition;
layout (location = 1)  in vec2 vUV;

layout (location = 16) uniform mat4 MAT;

//out data
out vec2 UV;

//out vec4 color;

void main()
{
	vec4 vertPos = vec4(vPosition, 1.0);
	gl_Position = MAT *  vertPos;

	UV = vUV;
	
	
}
//END

2016-08-21 18:30:19:556[Debug        ]  ShaderProgram::AddShader() file with data was read in
2016-08-21 18:30:19:556[Debug        ] ShaderProgram::AddShader() : glShaderSource() successful
2016-08-21 18:30:19:556[Debug        ] ShaderProgram::AddShader() : glCompileShader() successful
2016-08-21 18:30:19:556[Info         ] ShaderProgram::CheckShaderCompileStatus(8) successful.
2016-08-21 18:30:19:556[Debug        ] ShaderProgram::AddShader() : glCompileShader() successful
2016-08-21 18:30:19:556[Info         ] ShaderInfo saved successfully.
2016-08-21 18:30:19:556[Debug        ] ShaderProgram::AddShader() : glAttachShader() successful
2016-08-21 18:30:19:556[Info         ] ShaderProgram::AddShader [8] successful.
2016-08-21 18:30:19:556[Debug        ] File [..\Data\shaders\texture.frag.shader] Opened successfully! Buffer Length:[482]
2016-08-21 18:30:19:556[Debug        ] Shader file [..\Data\shaders\texture.frag.shader] contents:
//BEGIN
#version 430 core


in  vec2 UV;
out vec4 outColor;

layout(location = 20) uniform sampler2D textureSampler;

void main()
{

	//if (color.r < .7) discard;
	outColor = vec4(texture(textureSampler, UV).rgb, 1.0);

	//if(((gl_FragCoord.x  > 600)&& (gl_FragCoord.y < 300)) || ((gl_FragCoord.y < 300)  && (gl_FragCoord.x  < 600) )) {
	//discard;
	//}
	//vec2 scrPos = vec2(gl_FragCoord) - vec2(350,150);
	//float len =  length(scrPos);
	//if(len < 50 )discard;
}


//END

2016-08-21 18:30:19:556[Debug        ]  ShaderProgram::AddShader() file with data was read in
2016-08-21 18:30:19:556[Debug        ] ShaderProgram::AddShader() : glShaderSource() successful
2016-08-21 18:30:19:556[Debug        ] ShaderProgram::AddShader() : glCompileShader() successful
2016-08-21 18:30:19:556[Info         ] ShaderProgram::CheckShaderCompileStatus(9) successful.
2016-08-21 18:30:19:556[Debug        ] ShaderProgram::AddShader() : glCompileShader() successful
2016-08-21 18:30:19:556[Info         ] ShaderInfo saved successfully.
2016-08-21 18:30:19:556[Debug        ] ShaderProgram::AddShader() : glAttachShader() successful
2016-08-21 18:30:19:556[Info         ] ShaderProgram::AddShader [9] successful.
2016-08-21 18:30:19:557[Info         ] CheckProgramStatus() successful!
2016-08-21 18:30:19:558[Info         ] CheckProgramStatus() successful!
2016-08-21 18:30:19:558[Info         ] Shader Init started
2016-08-21 18:30:19:558[Info         ] Shader Program created.
2016-08-21 18:30:19:558[Process      ] ShaderProgram::Initialize()[10] successful!
2016-08-21 18:30:19:558[Debug        ] File [..\Data\shaders\framebuffer.vert.shader] Opened successfully! Buffer Length:[305]
2016-08-21 18:30:19:558[Debug        ] Shader file [..\Data\shaders\framebuffer.vert.shader] contents:
//BEGIN
#version 430 core

layout (location = 0)  in vec3 vPosition;
layout (location = 1)  in vec2 vUV;

layout (location = 16) uniform mat4 MAT;

//out data
out vec2 UV;

//out vec4 color;

void main()
{
	vec4 vertPos = vec4(vPosition, 1.0);
	gl_Position = MAT *  vertPos;

	UV = vUV;
	
	
}
//END

2016-08-21 18:30:19:558[Debug        ]  ShaderProgram::AddShader() file with data was read in
2016-08-21 18:30:19:558[Debug        ] ShaderProgram::AddShader() : glShaderSource() successful
2016-08-21 18:30:19:558[Debug        ] ShaderProgram::AddShader() : glCompileShader() successful
2016-08-21 18:30:19:558[Info         ] ShaderProgram::CheckShaderCompileStatus(11) successful.
2016-08-21 18:30:19:558[Debug        ] ShaderProgram::AddShader() : glCompileShader() successful
2016-08-21 18:30:19:558[Info         ] ShaderInfo saved successfully.
2016-08-21 18:30:19:558[Debug        ] ShaderProgram::AddShader() : glAttachShader() successful
2016-08-21 18:30:19:558[Info         ] ShaderProgram::AddShader [11] successful.
2016-08-21 18:30:19:558[Debug        ] File [..\Data\shaders\framebuffer.frag.shader] Opened successfully! Buffer Length:[275]
2016-08-21 18:30:19:558[Debug        ] Shader file [..\Data\shaders\framebuffer.frag.shader] contents:
//BEGIN
#version 430 core


in  vec2 UV;
out vec4 outColor;

layout(location = 20) uniform sampler2D textureSampler;

void main()
{


	vec3 tempCol = texture(textureSampler, UV).rgb;

	outColor = vec4(tempCol.r / 1.5f, tempCol.g / 1.5f, tempCol.b / 1.5f, 1.0f);
}


//END

2016-08-21 18:30:19:558[Debug        ]  ShaderProgram::AddShader() file with data was read in
2016-08-21 18:30:19:558[Debug        ] ShaderProgram::AddShader() : glShaderSource() successful
2016-08-21 18:30:19:558[Debug        ] ShaderProgram::AddShader() : glCompileShader() successful
2016-08-21 18:30:19:558[Info         ] ShaderProgram::CheckShaderCompileStatus(12) successful.
2016-08-21 18:30:19:558[Debug        ] ShaderProgram::AddShader() : glCompileShader() successful
2016-08-21 18:30:19:558[Info         ] ShaderInfo saved successfully.
2016-08-21 18:30:19:558[Debug        ] ShaderProgram::AddShader() : glAttachShader() successful
2016-08-21 18:30:19:558[Info         ] ShaderProgram::AddShader [12] successful.
2016-08-21 18:30:19:559[Info         ] CheckProgramStatus() successful!
2016-08-21 18:30:19:559[Info         ] CheckProgramStatus() successful!
2016-08-21 18:30:19:559[Info         ] Shader Init started
2016-08-21 18:30:19:559[Info         ] Shader Program created.
2016-08-21 18:30:19:560[Process      ] ShaderProgram::Initialize()[13] successful!
2016-08-21 18:30:19:560[Debug        ] File [..\Data\shaders\lighting.vert.shader] Opened successfully! Buffer Length:[1145]
2016-08-21 18:30:19:560[cDebug       ] Shader file [..\Data\shaders\lighting.vert.shader] is too big to display contents.
2016-08-21 18:30:19:561[Debug        ]  ShaderProgram::AddShader() file with data was read in
2016-08-21 18:30:19:561[Debug        ] ShaderProgram::AddShader() : glShaderSource() successful
2016-08-21 18:30:19:561[Debug        ] ShaderProgram::AddShader() : glCompileShader() successful
2016-08-21 18:30:19:561[Info         ] ShaderProgram::CheckShaderCompileStatus(14) successful.
2016-08-21 18:30:19:561[Debug        ] ShaderProgram::AddShader() : glCompileShader() successful
2016-08-21 18:30:19:561[Info         ] ShaderInfo saved successfully.
2016-08-21 18:30:19:561[Debug        ] ShaderProgram::AddShader() : glAttachShader() successful
2016-08-21 18:30:19:561[Info         ] ShaderProgram::AddShader [14] successful.
2016-08-21 18:30:19:561[Debug        ] File [..\Data\shaders\lighting.frag.shader] Opened successfully! Buffer Length:[1744]
2016-08-21 18:30:19:561[cDebug       ] Shader file [..\Data\shaders\lighting.frag.shader] is too big to display contents.
2016-08-21 18:30:19:563[Debug        ]  ShaderProgram::AddShader() file with data was read in
2016-08-21 18:30:19:563[Debug        ] ShaderProgram::AddShader() : glShaderSource() successful
2016-08-21 18:30:19:563[Debug        ] ShaderProgram::AddShader() : glCompileShader() successful
2016-08-21 18:30:19:563[Info         ] ShaderProgram::CheckShaderCompileStatus(15) successful.
2016-08-21 18:30:19:563[Debug        ] ShaderProgram::AddShader() : glCompileShader() successful
2016-08-21 18:30:19:564[Info         ] ShaderInfo saved successfully.
2016-08-21 18:30:19:564[Debug        ] ShaderProgram::AddShader() : glAttachShader() successful
2016-08-21 18:30:19:564[Info         ] ShaderProgram::AddShader [15] successful.
2016-08-21 18:30:19:567[Info         ] CheckProgramStatus() successful!
2016-08-21 18:30:19:567[Info         ] CheckProgramStatus() successful!
2016-08-21 18:30:19:567[Info         ] Shader Init started
2016-08-21 18:30:19:567[Info         ] Shader Program created.
2016-08-21 18:30:19:568[Process      ] ShaderProgram::Initialize()[16] successful!
2016-08-21 18:30:19:568[Debug        ] File [..\Data\shaders\texlighting.vert.shader] Opened successfully! Buffer Length:[1110]
2016-08-21 18:30:19:568[cDebug       ] Shader file [..\Data\shaders\texlighting.vert.shader] is too big to display contents.
2016-08-21 18:30:19:570[Debug        ]  ShaderProgram::AddShader() file with data was read in
2016-08-21 18:30:19:570[Debug        ] ShaderProgram::AddShader() : glShaderSource() successful
2016-08-21 18:30:19:571[Debug        ] ShaderProgram::AddShader() : glCompileShader() successful
2016-08-21 18:30:19:571[Info         ] ShaderProgram::CheckShaderCompileStatus(17) successful.
2016-08-21 18:30:19:571[Debug        ] ShaderProgram::AddShader() : glCompileShader() successful
2016-08-21 18:30:19:571[Info         ] ShaderInfo saved successfully.
2016-08-21 18:30:19:571[Debug        ] ShaderProgram::AddShader() : glAttachShader() successful
2016-08-21 18:30:19:571[Info         ] ShaderProgram::AddShader [17] successful.
2016-08-21 18:30:19:571[Debug        ] File [..\Data\shaders\texlighting.frag.shader] Opened successfully! Buffer Length:[1717]
2016-08-21 18:30:19:571[cDebug       ] Shader file [..\Data\shaders\texlighting.frag.shader] is too big to display contents.
2016-08-21 18:30:19:573[Debug        ]  ShaderProgram::AddShader() file with data was read in
2016-08-21 18:30:19:573[Debug        ] ShaderProgram::AddShader() : glShaderSource() successful
2016-08-21 18:30:19:573[Debug        ] ShaderProgram::AddShader() : glCompileShader() successful
2016-08-21 18:30:19:573[Info         ] ShaderProgram::CheckShaderCompileStatus(18) successful.
2016-08-21 18:30:19:573[Debug        ] ShaderProgram::AddShader() : glCompileShader() successful
2016-08-21 18:30:19:573[Info         ] ShaderInfo saved successfully.
2016-08-21 18:30:19:573[Debug        ] ShaderProgram::AddShader() : glAttachShader() successful
2016-08-21 18:30:19:573[Info         ] ShaderProgram::AddShader [18] successful.
2016-08-21 18:30:19:576[Info         ] CheckProgramStatus() successful!
2016-08-21 18:30:19:576[Info         ] CheckProgramStatus() successful!
2016-08-21 18:30:19:576[Info         ] Shader Init started
2016-08-21 18:30:19:577[Info         ] Shader Program created.
2016-08-21 18:30:19:577[Process      ] ShaderProgram::Initialize()[19] successful!
2016-08-21 18:30:19:577[Debug        ] File [..\Data\shaders\water.vert.shader] Opened successfully! Buffer Length:[1400]
2016-08-21 18:30:19:577[cDebug       ] Shader file [..\Data\shaders\water.vert.shader] is too big to display contents.
2016-08-21 18:30:19:579[Debug        ]  ShaderProgram::AddShader() file with data was read in
2016-08-21 18:30:19:579[Debug        ] ShaderProgram::AddShader() : glShaderSource() successful
2016-08-21 18:30:19:579[Debug        ] ShaderProgram::AddShader() : glCompileShader() successful
2016-08-21 18:30:19:579[Info         ] ShaderProgram::CheckShaderCompileStatus(20) successful.
2016-08-21 18:30:19:580[Debug        ] ShaderProgram::AddShader() : glCompileShader() successful
2016-08-21 18:30:19:580[Info         ] ShaderInfo saved successfully.
2016-08-21 18:30:19:580[Debug        ] ShaderProgram::AddShader() : glAttachShader() successful
2016-08-21 18:30:19:580[Info         ] ShaderProgram::AddShader [20] successful.
2016-08-21 18:30:19:580[Debug        ] File [..\Data\shaders\water.frag.shader] Opened successfully! Buffer Length:[2436]
2016-08-21 18:30:19:580[cDebug       ] Shader file [..\Data\shaders\water.frag.shader] is too big to display contents.
2016-08-21 18:30:19:581[Debug        ]  ShaderProgram::AddShader() file with data was read in
2016-08-21 18:30:19:581[Debug        ] ShaderProgram::AddShader() : glShaderSource() successful
2016-08-21 18:30:19:582[Debug        ] ShaderProgram::AddShader() : glCompileShader() successful
2016-08-21 18:30:19:582[Info         ] ShaderProgram::CheckShaderCompileStatus(21) successful.
2016-08-21 18:30:19:582[Debug        ] ShaderProgram::AddShader() : glCompileShader() successful
2016-08-21 18:30:19:582[Info         ] ShaderInfo saved successfully.
2016-08-21 18:30:19:582[Debug        ] ShaderProgram::AddShader() : glAttachShader() successful
2016-08-21 18:30:19:582[Info         ] ShaderProgram::AddShader [21] successful.
2016-08-21 18:30:19:585[Info         ] CheckProgramStatus() successful!
2016-08-21 18:30:19:585[Info         ] CheckProgramStatus() successful!
2016-08-21 18:30:19:585[Info         ] GetAttribLocation [vPosition] successful.
2016-08-21 18:30:19:585[Info         ] GetUniformLocation [colorin] successful.
2016-08-21 18:30:19:585[Info         ] GetUniformLocation [MAT] successful.
2016-08-21 18:30:19:585[cProcess     ] RenderEngine::Initialize() successful.
2016-08-21 18:30:19:586[cInfo        ] 
-----------------------------------------------------------------------
 BufferInfo::CreateBuffers()[0] Created buffers:| VERTEX [1] with [80] bytes. || INDEX [2] with [24] bytes |
-----------------------------------------------------------------------

2016-08-21 18:30:19:592[cInfo        ] --------BufferInfo::AddMesh() Added mesh successfully-------
2016-08-21 18:30:19:593[cInfo        ] 
2016-08-21 18:30:19:594[cInfo        ] --------------------| START BUFFER MESH INFO |-------------------------------------
2016-08-21 18:30:19:595[cInfo        ] BufferInfo::AddMesh(): NUM VERTS-----------------[4]
2016-08-21 18:30:19:595[cInfo        ] BufferInfo::AddMesh(): NUM INDICES---------------[6]
2016-08-21 18:30:19:596[cInfo        ] BufferInfo::AddMesh(): VERT OFFSET---------------[0]
2016-08-21 18:30:19:598[cInfo        ] BufferInfo::AddMesh(): INDICES OFFSET (BYTES)----[0]
2016-08-21 18:30:19:599[cInfo        ] --------------------|  END BUFFER MESH INFO  |--------------------------------------
2016-08-21 18:30:19:601[cInfo        ] 

2016-08-21 18:30:19:601[cInfo        ] 
-----------------------------------------------------------------------
 BufferInfo::CreateBuffers()[0] Created buffers:| VERTEX [3] with [96] bytes. || INDEX [4] with [48] bytes |
-----------------------------------------------------------------------

2016-08-21 18:30:19:605[cInfo        ] --------BufferInfo::AddMesh() Added mesh successfully-------
2016-08-21 18:30:19:606[cInfo        ] 
2016-08-21 18:30:19:606[cInfo        ] --------------------| START BUFFER MESH INFO |-------------------------------------
2016-08-21 18:30:19:608[cInfo        ] BufferInfo::AddMesh(): NUM VERTS-----------------[8]
2016-08-21 18:30:19:609[cInfo        ] BufferInfo::AddMesh(): NUM INDICES---------------[24]
2016-08-21 18:30:19:610[cInfo        ] BufferInfo::AddMesh(): VERT OFFSET---------------[0]
2016-08-21 18:30:19:611[cInfo        ] BufferInfo::AddMesh(): INDICES OFFSET (BYTES)----[0]
2016-08-21 18:30:19:612[cInfo        ] --------------------|  END BUFFER MESH INFO  |--------------------------------------
2016-08-21 18:30:19:613[cInfo        ] 

2016-08-21 18:30:19:613[cInfo        ] 
-----------------------------------------------------------------------
 BufferInfo::CreateBuffers()[0] Created buffers:| VERTEX [5] with [864] bytes. || INDEX [6] with [0] bytes |
-----------------------------------------------------------------------

2016-08-21 18:30:19:618[cInfo        ] --------BufferInfo::AddMesh() Added mesh successfully-------
2016-08-21 18:30:19:619[cInfo        ] 
2016-08-21 18:30:19:620[cInfo        ] --------------------| START BUFFER MESH INFO |-------------------------------------
2016-08-21 18:30:19:621[cInfo        ] BufferInfo::AddMesh(): NUM VERTS-----------------[36]
2016-08-21 18:30:19:621[cInfo        ] BufferInfo::AddMesh(): NUM INDICES---------------[0]
2016-08-21 18:30:19:622[cInfo        ] BufferInfo::AddMesh(): VERT OFFSET---------------[0]
2016-08-21 18:30:19:623[cInfo        ] BufferInfo::AddMesh(): INDICES OFFSET (BYTES)----[0]
2016-08-21 18:30:19:624[cInfo        ] --------------------|  END BUFFER MESH INFO  |--------------------------------------
2016-08-21 18:30:19:625[cInfo        ] 

2016-08-21 18:30:19:625[cInfo        ] 
-----------------------------------------------------------------------
 BufferInfo::CreateBuffers()[0] Created buffers:| VERTEX [7] with [144] bytes. || INDEX [8] with [0] bytes |
-----------------------------------------------------------------------

2016-08-21 18:30:19:634[cInfo        ] --------BufferInfo::AddMesh() Added mesh successfully-------
2016-08-21 18:30:19:635[cInfo        ] 
2016-08-21 18:30:19:636[cInfo        ] --------------------| START BUFFER MESH INFO |-------------------------------------
2016-08-21 18:30:19:638[cInfo        ] BufferInfo::AddMesh(): NUM VERTS-----------------[6]
2016-08-21 18:30:19:639[cInfo        ] BufferInfo::AddMesh(): NUM INDICES---------------[0]
2016-08-21 18:30:19:640[cInfo        ] BufferInfo::AddMesh(): VERT OFFSET---------------[0]
2016-08-21 18:30:19:641[cInfo        ] BufferInfo::AddMesh(): INDICES OFFSET (BYTES)----[0]
2016-08-21 18:30:19:642[cInfo        ] --------------------|  END BUFFER MESH INFO  |--------------------------------------
2016-08-21 18:30:19:643[cInfo        ] 

2016-08-21 18:30:19:644[Process      ] BufferInfo::Initialize() successful.
2016-08-21 18:30:19:644[cInfo        ] 
-----------------------------------------------------------------------
 BufferInfo::CreateBuffers()[0] Created buffers:| VERTEX [9] with [1000000] bytes. || INDEX [10] with [1000000] bytes |
-----------------------------------------------------------------------

2016-08-21 18:30:19:650[cInfo        ] --------BufferInfo::AddMesh() Added mesh successfully-------
2016-08-21 18:30:19:651[cInfo        ] 
2016-08-21 18:30:19:651[cInfo        ] --------------------| START BUFFER MESH INFO |-------------------------------------
2016-08-21 18:30:19:652[cInfo        ] BufferInfo::AddMesh(): NUM VERTS-----------------[24]
2016-08-21 18:30:19:653[cInfo        ] BufferInfo::AddMesh(): NUM INDICES---------------[36]
2016-08-21 18:30:19:654[cInfo        ] BufferInfo::AddMesh(): VERT OFFSET---------------[0]
2016-08-21 18:30:19:654[cInfo        ] BufferInfo::AddMesh(): INDICES OFFSET (BYTES)----[0]
2016-08-21 18:30:19:656[cInfo        ] --------------------|  END BUFFER MESH INFO  |--------------------------------------
2016-08-21 18:30:19:658[cInfo        ] 

2016-08-21 18:30:19:660[Process      ] BufferInfo::Initialize() successful.
2016-08-21 18:30:19:660[cInfo        ] 
-----------------------------------------------------------------------
 BufferInfo::CreateBuffers()[1] Created buffers:| VERTEX [11] with [1000000] bytes. || INDEX [12] with [1000000] bytes |
-----------------------------------------------------------------------

2016-08-21 18:30:19:663[cInfo        ] --------BufferInfo::AddMesh() Added mesh successfully-------
2016-08-21 18:30:19:666[cInfo        ] 
2016-08-21 18:30:19:666[cInfo        ] --------------------| START BUFFER MESH INFO |-------------------------------------
2016-08-21 18:30:19:668[cInfo        ] BufferInfo::AddMesh(): NUM VERTS-----------------[1536]
2016-08-21 18:30:19:669[cInfo        ] BufferInfo::AddMesh(): NUM INDICES---------------[3072]
2016-08-21 18:30:19:670[cInfo        ] BufferInfo::AddMesh(): VERT OFFSET---------------[0]
2016-08-21 18:30:19:671[cInfo        ] BufferInfo::AddMesh(): INDICES OFFSET (BYTES)----[0]
2016-08-21 18:30:19:672[cInfo        ] --------------------|  END BUFFER MESH INFO  |--------------------------------------
2016-08-21 18:30:19:673[cInfo        ] 

2016-08-21 18:30:19:674[cInfo        ] 
-----------------------------------------------------------------------
 BufferInfo::CreateBuffers()[0] Created buffers:| VERTEX [13] with [3936] bytes. || INDEX [14] with [0] bytes |
-----------------------------------------------------------------------

2016-08-21 18:30:19:678[cInfo        ] --------BufferInfo::AddMesh() Added mesh successfully-------
2016-08-21 18:30:19:679[cInfo        ] 
2016-08-21 18:30:19:679[cInfo        ] --------------------| START BUFFER MESH INFO |-------------------------------------
2016-08-21 18:30:19:681[cInfo        ] BufferInfo::AddMesh(): NUM VERTS-----------------[164]
2016-08-21 18:30:19:683[cInfo        ] BufferInfo::AddMesh(): NUM INDICES---------------[0]
2016-08-21 18:30:19:686[cInfo        ] BufferInfo::AddMesh(): VERT OFFSET---------------[0]
2016-08-21 18:30:19:686[cInfo        ] BufferInfo::AddMesh(): INDICES OFFSET (BYTES)----[0]
2016-08-21 18:30:19:687[cInfo        ] --------------------|  END BUFFER MESH INFO  |--------------------------------------
2016-08-21 18:30:19:689[cInfo        ] 

2016-08-21 18:30:19:689[cProcess     ] ShapeGenerator initialized successfully.
2016-08-21 18:30:19:690[cProcess     ] Camera::Initialize() successful.
2016-08-21 18:30:19:691[cProcess     ] Keyboard::Initialize() successful
2016-08-21 18:30:19:691[cProcess     ] Keyboard::Initialize() successful
2016-08-21 18:30:19:705[cInfo        ] 
-----------------------------------------------------------------------
 BufferInfo::CreateBuffers()[0] Created buffers:| VERTEX [15] with [10810368] bytes. || INDEX [16] with [0] bytes |
-----------------------------------------------------------------------

2016-08-21 18:30:19:720[cInfo        ] --------BufferInfo::AddMesh() Added mesh successfully-------
2016-08-21 18:30:19:722[cInfo        ] 
2016-08-21 18:30:19:722[cInfo        ] --------------------| START BUFFER MESH INFO |-------------------------------------
2016-08-21 18:30:19:724[cInfo        ] BufferInfo::AddMesh(): NUM VERTS-----------------[337824]
2016-08-21 18:30:19:725[cInfo        ] BufferInfo::AddMesh(): NUM INDICES---------------[0]
2016-08-21 18:30:19:727[cInfo        ] BufferInfo::AddMesh(): VERT OFFSET---------------[0]
2016-08-21 18:30:19:728[cInfo        ] BufferInfo::AddMesh(): INDICES OFFSET (BYTES)----[0]
2016-08-21 18:30:19:729[cInfo        ] --------------------|  END BUFFER MESH INFO  |--------------------------------------
2016-08-21 18:30:19:730[cInfo        ] 

2016-08-21 18:30:19:756[Info         ] ShapeGenerator::ReadSceneFile(): Added new scene [..\Data\Scenes\Dargon.ptn.scene] successfully.
2016-08-21 18:30:19:756[cInfo        ] EntityManager::BuildPlayerEntity(): Built [Dargon] successfully
2016-08-21 18:30:19:760[Process      ] BufferInfo::Initialize() successful.
2016-08-21 18:30:19:762[cInfo        ] 
-----------------------------------------------------------------------
 BufferInfo::CreateBuffers()[2] Created buffers:| VERTEX [17] with [1000000] bytes. || INDEX [18] with [1000000] bytes |
-----------------------------------------------------------------------

2016-08-21 18:30:19:768[cInfo        ] --------BufferInfo::AddMesh() Added mesh successfully-------
2016-08-21 18:30:19:769[cInfo        ] 
2016-08-21 18:30:19:769[cInfo        ] --------------------| START BUFFER MESH INFO |-------------------------------------
2016-08-21 18:30:19:770[cInfo        ] BufferInfo::AddMesh(): NUM VERTS-----------------[36]
2016-08-21 18:30:19:771[cInfo        ] BufferInfo::AddMesh(): NUM INDICES---------------[0]
2016-08-21 18:30:19:772[cInfo        ] BufferInfo::AddMesh(): VERT OFFSET---------------[0]
2016-08-21 18:30:19:773[cInfo        ] BufferInfo::AddMesh(): INDICES OFFSET (BYTES)----[0]
2016-08-21 18:30:19:775[cInfo        ] --------------------|  END BUFFER MESH INFO  |--------------------------------------
2016-08-21 18:30:19:777[cInfo        ] 

2016-08-21 18:30:19:778[Info         ] ShapeGenerator::ReadSceneFile(): Added new scene [..\Data\Scenes\Cube.pn.scene] successfully.
2016-08-21 18:30:19:778[Process      ] BufferInfo::Initialize() successful.
2016-08-21 18:30:19:779[cInfo        ] 
-----------------------------------------------------------------------
 BufferInfo::CreateBuffers()[3] Created buffers:| VERTEX [19] with [1000000] bytes. || INDEX [20] with [1000000] bytes |
-----------------------------------------------------------------------

2016-08-21 18:30:19:783[cInfo        ] --------BufferInfo::AddMesh() Added mesh successfully-------
2016-08-21 18:30:19:784[cInfo        ] 
2016-08-21 18:30:19:784[cInfo        ] --------------------| START BUFFER MESH INFO |-------------------------------------
2016-08-21 18:30:19:786[cInfo        ] BufferInfo::AddMesh(): NUM VERTS-----------------[8718]
2016-08-21 18:30:19:787[cInfo        ] BufferInfo::AddMesh(): NUM INDICES---------------[0]
2016-08-21 18:30:19:788[cInfo        ] BufferInfo::AddMesh(): VERT OFFSET---------------[0]
2016-08-21 18:30:19:789[cInfo        ] BufferInfo::AddMesh(): INDICES OFFSET (BYTES)----[0]
2016-08-21 18:30:19:790[cInfo        ] --------------------|  END BUFFER MESH INFO  |--------------------------------------
2016-08-21 18:30:19:791[cInfo        ] 

2016-08-21 18:30:19:793[Info         ] ShapeGenerator::ReadSceneFile(): Added new scene [..\Data\Scenes\AIWorld.ptn.scene] successfully.
2016-08-21 18:30:19:794[cInfo        ] --------BufferInfo::AddMesh() Added mesh successfully-------
2016-08-21 18:30:19:794[cInfo        ] 
2016-08-21 18:30:19:796[cInfo        ] --------------------| START BUFFER MESH INFO |-------------------------------------
2016-08-21 18:30:19:797[cInfo        ] BufferInfo::AddMesh(): NUM VERTS-----------------[18]
2016-08-21 18:30:19:798[cInfo        ] BufferInfo::AddMesh(): NUM INDICES---------------[0]
2016-08-21 18:30:19:799[cInfo        ] BufferInfo::AddMesh(): VERT OFFSET---------------[36]
2016-08-21 18:30:19:800[cInfo        ] BufferInfo::AddMesh(): INDICES OFFSET (BYTES)----[0]
2016-08-21 18:30:19:801[cInfo        ] --------------------|  END BUFFER MESH INFO  |--------------------------------------
2016-08-21 18:30:19:802[cInfo        ] 

2016-08-21 18:30:19:803[Info         ] ShapeGenerator::ReadSceneFile(): Added new scene [..\Data\Scenes\Pyramid.pn.scene] successfully.
2016-08-21 18:30:19:809[cInfo        ] 
-----------------------------------------------------------------------
 BufferInfo::CreateBuffers()[0] Created buffers:| VERTEX [21] with [5529600] bytes. || INDEX [22] with [0] bytes |
-----------------------------------------------------------------------

2016-08-21 18:30:19:826[cInfo        ] --------BufferInfo::AddMesh() Added mesh successfully-------
2016-08-21 18:30:19:828[cInfo        ] 
2016-08-21 18:30:19:828[cInfo        ] --------------------| START BUFFER MESH INFO |-------------------------------------
2016-08-21 18:30:19:830[cInfo        ] BufferInfo::AddMesh(): NUM VERTS-----------------[172800]
2016-08-21 18:30:19:832[cInfo        ] BufferInfo::AddMesh(): NUM INDICES---------------[0]
2016-08-21 18:30:19:834[cInfo        ] BufferInfo::AddMesh(): VERT OFFSET---------------[0]
2016-08-21 18:30:19:837[cInfo        ] BufferInfo::AddMesh(): INDICES OFFSET (BYTES)----[0]
2016-08-21 18:30:19:838[cInfo        ] --------------------|  END BUFFER MESH INFO  |--------------------------------------
2016-08-21 18:30:19:840[cInfo        ] 

2016-08-21 18:30:19:842[Info         ] ShapeGenerator::ReadSceneFile(): Added new scene [..\Data\Scenes\WaterPlane.ptn.scene] successfully.
2016-08-21 18:30:19:842[cProcess     ] Camera::Initialize() successful.
2016-08-21 18:30:19:853[Process      ] BufferInfo::Initialize() successful.
2016-08-21 18:30:19:853[cInfo        ] 
-----------------------------------------------------------------------
 BufferInfo::CreateBuffers()[4] Created buffers:| VERTEX [23] with [8107776] bytes. || INDEX [24] with [0] bytes |
-----------------------------------------------------------------------

2016-08-21 18:30:19:874[cInfo        ] --------BufferInfo::AddMesh() Added mesh successfully-------
2016-08-21 18:30:19:875[cInfo        ] 
2016-08-21 18:30:19:876[cInfo        ] --------------------| START BUFFER MESH INFO |-------------------------------------
2016-08-21 18:30:19:877[cInfo        ] BufferInfo::AddMesh(): NUM VERTS-----------------[337824]
2016-08-21 18:30:19:878[cInfo        ] BufferInfo::AddMesh(): NUM INDICES---------------[0]
2016-08-21 18:30:19:879[cInfo        ] BufferInfo::AddMesh(): VERT OFFSET---------------[0]
2016-08-21 18:30:19:881[cInfo        ] BufferInfo::AddMesh(): INDICES OFFSET (BYTES)----[0]
2016-08-21 18:30:19:882[cInfo        ] --------------------|  END BUFFER MESH INFO  |--------------------------------------
2016-08-21 18:30:19:884[cInfo        ] 

2016-08-21 18:30:19:886[Info         ] ShapeGenerator::ReadSceneFile(): Added new scene [..\Data\Scenes\Dargon.pn.scene] successfully.
2016-08-21 18:30:19:886[Process      ] BufferInfo::Initialize() successful.
2016-08-21 18:30:19:886[cInfo        ] 
-----------------------------------------------------------------------
 BufferInfo::CreateBuffers()[5] Created buffers:| VERTEX [25] with [1000000] bytes. || INDEX [26] with [1000000] bytes |
-----------------------------------------------------------------------

2016-08-21 18:30:19:891[cInfo        ] --------BufferInfo::AddMesh() Added mesh successfully-------
2016-08-21 18:30:19:892[cInfo        ] 
2016-08-21 18:30:19:892[cInfo        ] --------------------| START BUFFER MESH INFO |-------------------------------------
2016-08-21 18:30:19:895[cInfo        ] BufferInfo::AddMesh(): NUM VERTS-----------------[6]
2016-08-21 18:30:19:895[cInfo        ] BufferInfo::AddMesh(): NUM INDICES---------------[0]
2016-08-21 18:30:19:896[cInfo        ] BufferInfo::AddMesh(): VERT OFFSET---------------[0]
2016-08-21 18:30:19:897[cInfo        ] BufferInfo::AddMesh(): INDICES OFFSET (BYTES)----[0]
2016-08-21 18:30:19:898[cInfo        ] --------------------|  END BUFFER MESH INFO  |--------------------------------------
2016-08-21 18:30:19:899[cInfo        ] 

2016-08-21 18:30:19:900[cProcess     ] BodaciousQuest::Initialize() successful.
2016-08-21 18:30:19:901[Process      ] GameTime::Initialize() ok

2016-08-21 18:30:19:901[cProcess     ] MyWindow::Initialize() successful!
2016-08-21 18:30:24:395[cProcess     ] BufferManager::Shutdown() successful.
2016-08-21 18:30:24:397[cProcess     ] RenderEngine::Shutdown() successful.
2016-08-21 18:30:24:398[cProcess     ] Camera::Shutdown() successful.
2016-08-21 18:30:24:399[Info         ] Shader  [2] deleting...
2016-08-21 18:30:24:399[Info         ] Shader  [2] deleted successfully.
2016-08-21 18:30:24:399[Info         ] Shader  [3] deleting...
2016-08-21 18:30:24:399[Info         ] Shader  [3] deleted successfully.
2016-08-21 18:30:24:399[Info         ] All shaders deleted successfully.
2016-08-21 18:30:24:399[cInfo        ] Program [1] deleted successfully.
2016-08-21 18:30:24:400[Process      ] ShaderProgram[1]::Shutdown successful!
2016-08-21 18:30:24:400[Info         ] Shader  [5] deleting...
2016-08-21 18:30:24:400[Info         ] Shader  [5] deleted successfully.
2016-08-21 18:30:24:400[Info         ] Shader  [6] deleting...
2016-08-21 18:30:24:400[Info         ] Shader  [6] deleted successfully.
2016-08-21 18:30:24:400[Info         ] All shaders deleted successfully.
2016-08-21 18:30:24:400[cInfo        ] Program [4] deleted successfully.
2016-08-21 18:30:24:401[Process      ] ShaderProgram[4]::Shutdown successful!
2016-08-21 18:30:24:401[Info         ] Shader  [8] deleting...
2016-08-21 18:30:24:401[Info         ] Shader  [8] deleted successfully.
2016-08-21 18:30:24:401[Info         ] Shader  [9] deleting...
2016-08-21 18:30:24:401[Info         ] Shader  [9] deleted successfully.
2016-08-21 18:30:24:401[Info         ] All shaders deleted successfully.
2016-08-21 18:30:24:401[cInfo        ] Program [7] deleted successfully.
2016-08-21 18:30:24:402[Process      ] ShaderProgram[7]::Shutdown successful!
2016-08-21 18:30:24:402[Info         ] Shader  [11] deleting...
2016-08-21 18:30:24:402[Info         ] Shader  [11] deleted successfully.
2016-08-21 18:30:24:402[Info         ] Shader  [12] deleting...
2016-08-21 18:30:24:402[Info         ] Shader  [12] deleted successfully.
2016-08-21 18:30:24:402[Info         ] All shaders deleted successfully.
2016-08-21 18:30:24:402[cInfo        ] Program [10] deleted successfully.
2016-08-21 18:30:24:403[Process      ] ShaderProgram[10]::Shutdown successful!
2016-08-21 18:30:24:404[Info         ] Shader  [14] deleting...
2016-08-21 18:30:24:404[Info         ] Shader  [14] deleted successfully.
2016-08-21 18:30:24:404[Info         ] Shader  [15] deleting...
2016-08-21 18:30:24:404[Info         ] Shader  [15] deleted successfully.
2016-08-21 18:30:24:404[Info         ] All shaders deleted successfully.
2016-08-21 18:30:24:404[cInfo        ] Program [13] deleted successfully.
2016-08-21 18:30:24:406[Process      ] ShaderProgram[13]::Shutdown successful!
2016-08-21 18:30:24:406[Info         ] Shader  [17] deleting...
2016-08-21 18:30:24:406[Info         ] Shader  [17] deleted successfully.
2016-08-21 18:30:24:406[Info         ] Shader  [18] deleting...
2016-08-21 18:30:24:406[Info         ] Shader  [18] deleted successfully.
2016-08-21 18:30:24:406[Info         ] All shaders deleted successfully.
2016-08-21 18:30:24:407[cInfo        ] Program [16] deleted successfully.
2016-08-21 18:30:24:407[Process      ] ShaderProgram[16]::Shutdown successful!
2016-08-21 18:30:24:407[Info         ] Shader  [20] deleting...
2016-08-21 18:30:24:407[Info         ] Shader  [20] deleted successfully.
2016-08-21 18:30:24:407[Info         ] Shader  [21] deleting...
2016-08-21 18:30:24:407[Info         ] Shader  [21] deleted successfully.
2016-08-21 18:30:24:407[Info         ] All shaders deleted successfully.
2016-08-21 18:30:24:407[cInfo        ] Program [19] deleted successfully.
2016-08-21 18:30:24:408[Process      ] ShaderProgram[19]::Shutdown successful!
2016-08-21 18:30:24:408[cProcess     ] MyWindow::Shutdown() successful!
2016-08-21 18:30:24:409[cProcess     ] BodaciousQuest::Shutdown() successful.
2016-08-21 18:30:24:420[Process      ] ConfigReader shut down successfully
2016-08-21 18:30:24:420[Process      ] GameLogger::ShutDown() successful
