2016-08-22 13:59:34:864[Process      ] GameLogger::Initialize() opened log file [..\Data\LogFiles\2016-08-22 13-59-34.BodaciousQuest.log] for writing
2016-08-22 13:59:34:864[Info         ] GameLogger::Initialize() successful
2016-08-22 13:59:34:865[Process      ] ConfigReader opened [..\Data\BodaciousQuest.config] successfully
2016-08-22 13:59:34:865[Info         ] ConfigReader initialized successfully
2016-08-22 13:59:34:865[Info         ] Valid KVP [BodaciousQuest.ShowFullScreen] [false] added
2016-08-22 13:59:34:865[Info         ] Valid KVP [BodaciousQuest.FpsInterval] [5.0] added
2016-08-22 13:59:34:865[Info         ] Valid KVP [BodaciousQuest.EnableControls] [true] added
2016-08-22 13:59:34:865[Info         ] Valid KVP [BodaciousQuest.LoadCubeFirst] [true] added
2016-08-22 13:59:34:865[Info         ] Valid KVP [BodaciousQuest.CameraWalkMode] [false] added
2016-08-22 13:59:34:865[Info         ] Valid KVP [BodaciousQuest.GridSize] [40] added
2016-08-22 13:59:34:865[Info         ] Valid KVP [BodaciousQuest.LightingTest.Ambient.Color] [1.0  1.0  1.0] added
2016-08-22 13:59:34:865[Info         ] Valid KVP [BodaciousQuest.LightingTest.Diffuse.Color] [1.0  1.0  1.0] added
2016-08-22 13:59:34:865[Info         ] Valid KVP [BodaciousQuest.LightingTest.Specular.Color] [1.0  1.0  1.0] added
2016-08-22 13:59:34:865[Info         ] Valid KVP [BodaciousQuest.LightingTest.Ambient.Reflectivity] [0.01] added
2016-08-22 13:59:34:865[Info         ] Valid KVP [BodaciousQuest.LightingTest.Diffuse.Reflectivity] [0.7] added
2016-08-22 13:59:34:865[Info         ] Valid KVP [BodaciousQuest.LightingTest.Specular.Reflectivity] [0.5] added
2016-08-22 13:59:34:865[Info         ] Valid KVP [BodaciousQuest.LightingTest.Specular.Shininess] [1.50] added
2016-08-22 13:59:34:865[Info         ] Valid KVP [BodaciousQuest.LightingTest.Falloff.A] [1.0] added
2016-08-22 13:59:34:865[Info         ] Valid KVP [BodaciousQuest.LightingTest.Falloff.B] [0.001] added
2016-08-22 13:59:34:865[Info         ] Valid KVP [BodaciousQuest.LightingTest.Falloff.C] [0.0001] added
2016-08-22 13:59:34:865[Info         ] Valid KVP [BodaciousQuest.LightingTest.Directional] [false] added
2016-08-22 13:59:34:865[Info         ] Valid KVP [BodaciousQuest.LightingTest.Direction] [-1.0 0.0 1.0] added
2016-08-22 13:59:34:865[Info         ] Valid KVP [BodaciousQuest.LightingTest.Light.Position] [-0.875458 3.673020 1.043331] added
2016-08-22 13:59:34:865[Info         ] Valid KVP [BodaciousQuest.LightingTest.Dargon.Color] [1.0 1.0 0.4] added
2016-08-22 13:59:34:865[Info         ] Valid KVP [ObjConverter.Mode.VertexType] [pn] added
2016-08-22 13:59:34:865[Info         ] Valid KVP [ObjConverter.Mode.Analyze] [false] added
2016-08-22 13:59:34:865[Info         ] Valid KVP [ObjConverter.Model] [Cat] added
2016-08-22 13:59:34:865[Info         ] Valid KVP [ObjConverter.Shader] [4] added
2016-08-22 13:59:34:865[Info         ] Valid KVP [ObjConverter.Color] [random] added
2016-08-22 13:59:34:865[Info         ] Valid KVP [ObjConverter.Obj.InputFileFolder] [..\\Data\\Objs\\] added
2016-08-22 13:59:34:865[Info         ] Valid KVP [ObjConverter.Scene.OutputFileFolder] [..\\Data\\Scenes\\] added
2016-08-22 13:59:34:865[Info         ] Valid KVP [ObjConverter.Model.Dargon.NumVerts] [57967] added
2016-08-22 13:59:34:866[Info         ] Valid KVP [ObjConverter.Model.Dargon.NumIndices] [337824] added
2016-08-22 13:59:34:866[Info         ] Valid KVP [ObjConverter.Model.Dargon.NumTexCoords] [60175] added
2016-08-22 13:59:34:866[Info         ] Valid KVP [ObjConverter.Model.Dargon.NumNormals] [337824] added
2016-08-22 13:59:34:866[Info         ] Valid KVP [ObjConverter.Model.Swamp.NumVerts] [2735] added
2016-08-22 13:59:34:866[Info         ] Valid KVP [ObjConverter.Model.Swamp.NumIndices] [8556] added
2016-08-22 13:59:34:866[Info         ] Valid KVP [ObjConverter.Model.Swamp.NumTexCoords] [3622] added
2016-08-22 13:59:34:866[Info         ] Valid KVP [ObjConverter.Model.Swamp.NumNormals] [5156] added
2016-08-22 13:59:34:866[Info         ] Valid KVP [ObjConverter.Model.Pyramid.NumVerts] [5] added
2016-08-22 13:59:34:866[Info         ] Valid KVP [ObjConverter.Model.Pyramid.NumIndices] [18] added
2016-08-22 13:59:34:866[Info         ] Valid KVP [ObjConverter.Model.Pyramid.NumTexCoords] [10] added
2016-08-22 13:59:34:866[Info         ] Valid KVP [ObjConverter.Model.Pyramid.NumNormals] [16] added
2016-08-22 13:59:34:866[Info         ] Valid KVP [ObjConverter.Model.AIWorld.NumVerts] [1957] added
2016-08-22 13:59:34:866[Info         ] Valid KVP [ObjConverter.Model.AIWorld.NumIndices] [8718] added
2016-08-22 13:59:34:866[Info         ] Valid KVP [ObjConverter.Model.AIWorld.NumTexCoords] [4186] added
2016-08-22 13:59:34:866[Info         ] Valid KVP [ObjConverter.Model.AIWorld.NumNormals] [5418] added
2016-08-22 13:59:34:866[Info         ] Valid KVP [ObjConverter.Model.GameWeapon.NumVerts] [2068] added
2016-08-22 13:59:34:866[Info         ] Valid KVP [ObjConverter.Model.GameWeapon.NumIndices] [9894] added
2016-08-22 13:59:34:866[Info         ] Valid KVP [ObjConverter.Model.GameWeapon.NumTexCoords] [0] added
2016-08-22 13:59:34:866[Info         ] Valid KVP [ObjConverter.Model.GameWeapon.NumNormals] [0] added
2016-08-22 13:59:34:866[Info         ] Valid KVP [ObjConverter.Model.Chicken.NumVerts] [224] added
2016-08-22 13:59:34:866[Info         ] Valid KVP [ObjConverter.Model.Chicken.NumIndices] [1374] added
2016-08-22 13:59:34:866[Info         ] Valid KVP [ObjConverter.Model.Chicken.NumTexCoords] [472] added
2016-08-22 13:59:34:866[Info         ] Valid KVP [ObjConverter.Model.Chicken.NumNormals] [565] added
2016-08-22 13:59:34:866[Info         ] Valid KVP [ObjConverter.Model.WaterPlane.NumVerts] [29282] added
2016-08-22 13:59:34:866[Info         ] Valid KVP [ObjConverter.Model.WaterPlane.NumIndices] [172800] added
2016-08-22 13:59:34:866[Info         ] Valid KVP [ObjConverter.Model.WaterPlane.NumTexCoords] [29282] added
2016-08-22 13:59:34:866[Info         ] Valid KVP [ObjConverter.Model.WaterPlane.NumNormals] [172800] added
2016-08-22 13:59:34:866[Info         ] Valid KVP [ObjConverter.Model.Cube.NumVerts] [8] added
2016-08-22 13:59:34:866[Info         ] Valid KVP [ObjConverter.Model.Cube.NumIndices] [36] added
2016-08-22 13:59:34:866[Info         ] Valid KVP [ObjConverter.Model.Cube.NumTexCoords] [14] added
2016-08-22 13:59:34:866[Info         ] Valid KVP [ObjConverter.Model.Cube.NumNormals] [24] added
2016-08-22 13:59:34:866[Info         ] Valid KVP [ObjConverter.Model.Barrel.NumVerts] [172] added
2016-08-22 13:59:34:866[Info         ] Valid KVP [ObjConverter.Model.Barrel.NumIndices] [1008] added
2016-08-22 13:59:34:866[Info         ] Valid KVP [ObjConverter.Model.Barrel.NumTexCoords] [328] added
2016-08-22 13:59:34:866[Info         ] Valid KVP [ObjConverter.Model.Barrel.NumNormals] [204] added
2016-08-22 13:59:34:866[Info         ] Valid KVP [ObjConverter.Model.SkyBox.NumVerts] [8] added
2016-08-22 13:59:34:866[Info         ] Valid KVP [ObjConverter.Model.SkyBox.NumIndices] [36] added
2016-08-22 13:59:34:866[Info         ] Valid KVP [ObjConverter.Model.SkyBox.NumTexCoords] [18] added
2016-08-22 13:59:34:867[Info         ] Valid KVP [ObjConverter.Model.SkyBox.NumNormals] [24] added
2016-08-22 13:59:34:867[Info         ] Valid KVP [ObjConverter.Model.Cat.NumVerts] [548] added
2016-08-22 13:59:34:867[Info         ] Valid KVP [ObjConverter.Model.Cat.NumIndices] [3180] added
2016-08-22 13:59:34:867[Info         ] Valid KVP [ObjConverter.Model.Cat.NumTexCoords] [771] added
2016-08-22 13:59:34:867[Info         ] Valid KVP [ObjConverter.Model.Cat.NumNormals] [714] added
2016-08-22 13:59:34:932[cInfo        ] Config reader opened [..\Data\BodaciousQuest.config] for reading!
2016-08-22 13:59:34:993[Process      ] ShaderManager Initialized successfully
2016-08-22 13:59:34:994[Info         ] Shader Init started
2016-08-22 13:59:34:994[Info         ] Shader Program created.
2016-08-22 13:59:34:994[Process      ] ShaderProgram::Initialize()[1] successful!
2016-08-22 13:59:34:994[Debug        ] File [..\Data\shaders\debug.vert.shader] Opened successfully! Buffer Length:[291]
2016-08-22 13:59:34:994[Debug        ] Shader file [..\Data\shaders\debug.vert.shader] contents:
//BEGIN
#version 430 core

layout(location = 0)  in vec3 vPosition;

layout(location = 15) uniform vec3 colorin;
layout(location = 16) uniform mat4 MAT;

out vec4 color;

void main()
{
	vec4 vertPos = vec4(vPosition, 1.0);
	gl_Position = MAT *  vertPos;
	color = vec4(colorin, 1.0);
}
//END

2016-08-22 13:59:34:994[Debug        ]  ShaderProgram::AddShader() file with data was read in
2016-08-22 13:59:34:994[Debug        ] ShaderProgram::AddShader() : glShaderSource() successful
2016-08-22 13:59:34:994[Debug        ] ShaderProgram::AddShader() : glCompileShader() successful
2016-08-22 13:59:34:995[Info         ] ShaderProgram::CheckShaderCompileStatus(2) successful.
2016-08-22 13:59:34:995[Debug        ] ShaderProgram::AddShader() : glCompileShader() successful
2016-08-22 13:59:34:995[Info         ] ShaderInfo saved successfully.
2016-08-22 13:59:34:995[Debug        ] ShaderProgram::AddShader() : glAttachShader() successful
2016-08-22 13:59:34:995[Info         ] ShaderProgram::AddShader [2] successful.
2016-08-22 13:59:34:995[Debug        ] File [..\Data\shaders\debug.frag.shader] Opened successfully! Buffer Length:[104]
2016-08-22 13:59:34:995[Debug        ] Shader file [..\Data\shaders\debug.frag.shader] contents:
//BEGIN
#version 430 core


in  vec4 color;
out vec4 outColor;

void main()
{
	outColor = color;
}


//END

2016-08-22 13:59:34:995[Debug        ]  ShaderProgram::AddShader() file with data was read in
2016-08-22 13:59:34:995[Debug        ] ShaderProgram::AddShader() : glShaderSource() successful
2016-08-22 13:59:34:995[Debug        ] ShaderProgram::AddShader() : glCompileShader() successful
2016-08-22 13:59:34:995[Info         ] ShaderProgram::CheckShaderCompileStatus(3) successful.
2016-08-22 13:59:34:995[Debug        ] ShaderProgram::AddShader() : glCompileShader() successful
2016-08-22 13:59:34:995[Info         ] ShaderInfo saved successfully.
2016-08-22 13:59:34:995[Debug        ] ShaderProgram::AddShader() : glAttachShader() successful
2016-08-22 13:59:34:995[Info         ] ShaderProgram::AddShader [3] successful.
2016-08-22 13:59:34:996[Info         ] CheckProgramStatus() successful!
2016-08-22 13:59:34:996[Info         ] CheckProgramStatus() successful!
2016-08-22 13:59:34:996[Info         ] Shader Init started
2016-08-22 13:59:34:996[Info         ] Shader Program created.
2016-08-22 13:59:34:996[Process      ] ShaderProgram::Initialize()[4] successful!
2016-08-22 13:59:34:996[Debug        ] File [..\Data\shaders\play.vert.shader] Opened successfully! Buffer Length:[343]
2016-08-22 13:59:34:997[Debug        ] Shader file [..\Data\shaders\play.vert.shader] contents:
//BEGIN
#version 430 core

layout (location = 0)  in vec3 vPosition;
layout (location = 1)  in vec3 vColor;
layout (location = 15) uniform vec3 colorin;
layout (location = 16) uniform mat4 MAT;

out vec4 color;

void main()
{
	vec4 vertPos = vec4(vPosition, 1.0);
	gl_Position = MAT *  vertPos;
	color = vec4((vColor + colorin), 1.0);
}
//END

2016-08-22 13:59:34:997[Debug        ]  ShaderProgram::AddShader() file with data was read in
2016-08-22 13:59:34:997[Debug        ] ShaderProgram::AddShader() : glShaderSource() successful
2016-08-22 13:59:34:997[Debug        ] ShaderProgram::AddShader() : glCompileShader() successful
2016-08-22 13:59:34:997[Info         ] ShaderProgram::CheckShaderCompileStatus(5) successful.
2016-08-22 13:59:34:997[Debug        ] ShaderProgram::AddShader() : glCompileShader() successful
2016-08-22 13:59:34:997[Info         ] ShaderInfo saved successfully.
2016-08-22 13:59:34:997[Debug        ] ShaderProgram::AddShader() : glAttachShader() successful
2016-08-22 13:59:34:997[Info         ] ShaderProgram::AddShader [5] successful.
2016-08-22 13:59:34:997[Debug        ] File [..\Data\shaders\play.frag.shader] Opened successfully! Buffer Length:[391]
2016-08-22 13:59:34:997[Debug        ] Shader file [..\Data\shaders\play.frag.shader] contents:
//BEGIN
#version 430 core


in  vec4 color;
out vec4 outColor;

void main()
{

	//if (color.r < .7) discard;
	outColor = color;

	//if(((gl_FragCoord.x  > 600)&& (gl_FragCoord.y < 300)) || ((gl_FragCoord.y < 300)  && (gl_FragCoord.x  < 600) )) {
	//discard;
	//}

	//vec2 scrPos = vec2(gl_FragCoord) - vec2(350,150);
	//float len =  length(scrPos);
	//if(len < 50 )discard;
}


//END

2016-08-22 13:59:34:997[Debug        ]  ShaderProgram::AddShader() file with data was read in
2016-08-22 13:59:34:997[Debug        ] ShaderProgram::AddShader() : glShaderSource() successful
2016-08-22 13:59:34:997[Debug        ] ShaderProgram::AddShader() : glCompileShader() successful
2016-08-22 13:59:34:997[Info         ] ShaderProgram::CheckShaderCompileStatus(6) successful.
2016-08-22 13:59:34:997[Debug        ] ShaderProgram::AddShader() : glCompileShader() successful
2016-08-22 13:59:34:997[Info         ] ShaderInfo saved successfully.
2016-08-22 13:59:34:997[Debug        ] ShaderProgram::AddShader() : glAttachShader() successful
2016-08-22 13:59:34:997[Info         ] ShaderProgram::AddShader [6] successful.
2016-08-22 13:59:34:998[Info         ] CheckProgramStatus() successful!
2016-08-22 13:59:34:998[Info         ] CheckProgramStatus() successful!
2016-08-22 13:59:34:998[Info         ] Shader Init started
2016-08-22 13:59:34:998[Info         ] Shader Program created.
2016-08-22 13:59:34:998[Process      ] ShaderProgram::Initialize()[7] successful!
2016-08-22 13:59:34:998[Debug        ] File [..\Data\shaders\texture.vert.shader] Opened successfully! Buffer Length:[305]
2016-08-22 13:59:34:998[Debug        ] Shader file [..\Data\shaders\texture.vert.shader] contents:
//BEGIN
#version 430 core

layout (location = 0)  in vec3 vPosition;
layout (location = 1)  in vec2 vUV;

layout (location = 16) uniform mat4 MAT;

//out data
out vec2 UV;

//out vec4 color;

void main()
{
	vec4 vertPos = vec4(vPosition, 1.0);
	gl_Position = MAT *  vertPos;

	UV = vUV;
	
	
}
//END

2016-08-22 13:59:34:998[Debug        ]  ShaderProgram::AddShader() file with data was read in
2016-08-22 13:59:34:998[Debug        ] ShaderProgram::AddShader() : glShaderSource() successful
2016-08-22 13:59:34:998[Debug        ] ShaderProgram::AddShader() : glCompileShader() successful
2016-08-22 13:59:34:998[Info         ] ShaderProgram::CheckShaderCompileStatus(8) successful.
2016-08-22 13:59:34:998[Debug        ] ShaderProgram::AddShader() : glCompileShader() successful
2016-08-22 13:59:34:998[Info         ] ShaderInfo saved successfully.
2016-08-22 13:59:34:998[Debug        ] ShaderProgram::AddShader() : glAttachShader() successful
2016-08-22 13:59:34:998[Info         ] ShaderProgram::AddShader [8] successful.
2016-08-22 13:59:34:999[Debug        ] File [..\Data\shaders\texture.frag.shader] Opened successfully! Buffer Length:[482]
2016-08-22 13:59:34:999[Debug        ] Shader file [..\Data\shaders\texture.frag.shader] contents:
//BEGIN
#version 430 core


in  vec2 UV;
out vec4 outColor;

layout(location = 20) uniform sampler2D textureSampler;

void main()
{

	//if (color.r < .7) discard;
	outColor = vec4(texture(textureSampler, UV).rgb, 1.0);

	//if(((gl_FragCoord.x  > 600)&& (gl_FragCoord.y < 300)) || ((gl_FragCoord.y < 300)  && (gl_FragCoord.x  < 600) )) {
	//discard;
	//}
	//vec2 scrPos = vec2(gl_FragCoord) - vec2(350,150);
	//float len =  length(scrPos);
	//if(len < 50 )discard;
}


//END

2016-08-22 13:59:34:999[Debug        ]  ShaderProgram::AddShader() file with data was read in
2016-08-22 13:59:34:999[Debug        ] ShaderProgram::AddShader() : glShaderSource() successful
2016-08-22 13:59:34:999[Debug        ] ShaderProgram::AddShader() : glCompileShader() successful
2016-08-22 13:59:34:999[Info         ] ShaderProgram::CheckShaderCompileStatus(9) successful.
2016-08-22 13:59:34:999[Debug        ] ShaderProgram::AddShader() : glCompileShader() successful
2016-08-22 13:59:34:999[Info         ] ShaderInfo saved successfully.
2016-08-22 13:59:34:999[Debug        ] ShaderProgram::AddShader() : glAttachShader() successful
2016-08-22 13:59:34:999[Info         ] ShaderProgram::AddShader [9] successful.
2016-08-22 13:59:35:001[Info         ] CheckProgramStatus() successful!
2016-08-22 13:59:35:001[Info         ] CheckProgramStatus() successful!
2016-08-22 13:59:35:001[Info         ] Shader Init started
2016-08-22 13:59:35:001[Info         ] Shader Program created.
2016-08-22 13:59:35:001[Process      ] ShaderProgram::Initialize()[10] successful!
2016-08-22 13:59:35:001[Debug        ] File [..\Data\shaders\framebuffer.vert.shader] Opened successfully! Buffer Length:[305]
2016-08-22 13:59:35:001[Debug        ] Shader file [..\Data\shaders\framebuffer.vert.shader] contents:
//BEGIN
#version 430 core

layout (location = 0)  in vec3 vPosition;
layout (location = 1)  in vec2 vUV;

layout (location = 16) uniform mat4 MAT;

//out data
out vec2 UV;

//out vec4 color;

void main()
{
	vec4 vertPos = vec4(vPosition, 1.0);
	gl_Position = MAT *  vertPos;

	UV = vUV;
	
	
}
//END

2016-08-22 13:59:35:001[Debug        ]  ShaderProgram::AddShader() file with data was read in
2016-08-22 13:59:35:001[Debug        ] ShaderProgram::AddShader() : glShaderSource() successful
2016-08-22 13:59:35:001[Debug        ] ShaderProgram::AddShader() : glCompileShader() successful
2016-08-22 13:59:35:001[Info         ] ShaderProgram::CheckShaderCompileStatus(11) successful.
2016-08-22 13:59:35:001[Debug        ] ShaderProgram::AddShader() : glCompileShader() successful
2016-08-22 13:59:35:001[Info         ] ShaderInfo saved successfully.
2016-08-22 13:59:35:001[Debug        ] ShaderProgram::AddShader() : glAttachShader() successful
2016-08-22 13:59:35:001[Info         ] ShaderProgram::AddShader [11] successful.
2016-08-22 13:59:35:002[Debug        ] File [..\Data\shaders\framebuffer.frag.shader] Opened successfully! Buffer Length:[275]
2016-08-22 13:59:35:002[Debug        ] Shader file [..\Data\shaders\framebuffer.frag.shader] contents:
//BEGIN
#version 430 core


in  vec2 UV;
out vec4 outColor;

layout(location = 20) uniform sampler2D textureSampler;

void main()
{


	vec3 tempCol = texture(textureSampler, UV).rgb;

	outColor = vec4(tempCol.r / 1.5f, tempCol.g / 1.5f, tempCol.b / 1.5f, 1.0f);
}


//END

2016-08-22 13:59:35:002[Debug        ]  ShaderProgram::AddShader() file with data was read in
2016-08-22 13:59:35:002[Debug        ] ShaderProgram::AddShader() : glShaderSource() successful
2016-08-22 13:59:35:002[Debug        ] ShaderProgram::AddShader() : glCompileShader() successful
2016-08-22 13:59:35:002[Info         ] ShaderProgram::CheckShaderCompileStatus(12) successful.
2016-08-22 13:59:35:002[Debug        ] ShaderProgram::AddShader() : glCompileShader() successful
2016-08-22 13:59:35:002[Info         ] ShaderInfo saved successfully.
2016-08-22 13:59:35:002[Debug        ] ShaderProgram::AddShader() : glAttachShader() successful
2016-08-22 13:59:35:002[Info         ] ShaderProgram::AddShader [12] successful.
2016-08-22 13:59:35:004[Info         ] CheckProgramStatus() successful!
2016-08-22 13:59:35:004[Info         ] CheckProgramStatus() successful!
2016-08-22 13:59:35:004[Info         ] Shader Init started
2016-08-22 13:59:35:004[Info         ] Shader Program created.
2016-08-22 13:59:35:004[Process      ] ShaderProgram::Initialize()[13] successful!
2016-08-22 13:59:35:004[Debug        ] File [..\Data\shaders\lighting.vert.shader] Opened successfully! Buffer Length:[1145]
2016-08-22 13:59:35:004[cDebug       ] Shader file [..\Data\shaders\lighting.vert.shader] is too big to display contents.
2016-08-22 13:59:35:005[Debug        ]  ShaderProgram::AddShader() file with data was read in
2016-08-22 13:59:35:005[Debug        ] ShaderProgram::AddShader() : glShaderSource() successful
2016-08-22 13:59:35:006[Debug        ] ShaderProgram::AddShader() : glCompileShader() successful
2016-08-22 13:59:35:006[Info         ] ShaderProgram::CheckShaderCompileStatus(14) successful.
2016-08-22 13:59:35:006[Debug        ] ShaderProgram::AddShader() : glCompileShader() successful
2016-08-22 13:59:35:006[Info         ] ShaderInfo saved successfully.
2016-08-22 13:59:35:006[Debug        ] ShaderProgram::AddShader() : glAttachShader() successful
2016-08-22 13:59:35:006[Info         ] ShaderProgram::AddShader [14] successful.
2016-08-22 13:59:35:006[Debug        ] File [..\Data\shaders\lighting.frag.shader] Opened successfully! Buffer Length:[1743]
2016-08-22 13:59:35:006[cDebug       ] Shader file [..\Data\shaders\lighting.frag.shader] is too big to display contents.
2016-08-22 13:59:35:007[Debug        ]  ShaderProgram::AddShader() file with data was read in
2016-08-22 13:59:35:008[Debug        ] ShaderProgram::AddShader() : glShaderSource() successful
2016-08-22 13:59:35:008[Debug        ] ShaderProgram::AddShader() : glCompileShader() successful
2016-08-22 13:59:35:008[Info         ] ShaderProgram::CheckShaderCompileStatus(15) successful.
2016-08-22 13:59:35:008[Debug        ] ShaderProgram::AddShader() : glCompileShader() successful
2016-08-22 13:59:35:008[Info         ] ShaderInfo saved successfully.
2016-08-22 13:59:35:008[Debug        ] ShaderProgram::AddShader() : glAttachShader() successful
2016-08-22 13:59:35:008[Info         ] ShaderProgram::AddShader [15] successful.
2016-08-22 13:59:35:011[Info         ] CheckProgramStatus() successful!
2016-08-22 13:59:35:011[Info         ] CheckProgramStatus() successful!
2016-08-22 13:59:35:011[Info         ] Shader Init started
2016-08-22 13:59:35:011[Info         ] Shader Program created.
2016-08-22 13:59:35:011[Process      ] ShaderProgram::Initialize()[16] successful!
2016-08-22 13:59:35:011[Debug        ] File [..\Data\shaders\texlighting.vert.shader] Opened successfully! Buffer Length:[1110]
2016-08-22 13:59:35:011[cDebug       ] Shader file [..\Data\shaders\texlighting.vert.shader] is too big to display contents.
2016-08-22 13:59:35:013[Debug        ]  ShaderProgram::AddShader() file with data was read in
2016-08-22 13:59:35:013[Debug        ] ShaderProgram::AddShader() : glShaderSource() successful
2016-08-22 13:59:35:013[Debug        ] ShaderProgram::AddShader() : glCompileShader() successful
2016-08-22 13:59:35:013[Info         ] ShaderProgram::CheckShaderCompileStatus(17) successful.
2016-08-22 13:59:35:013[Debug        ] ShaderProgram::AddShader() : glCompileShader() successful
2016-08-22 13:59:35:014[Info         ] ShaderInfo saved successfully.
2016-08-22 13:59:35:014[Debug        ] ShaderProgram::AddShader() : glAttachShader() successful
2016-08-22 13:59:35:014[Info         ] ShaderProgram::AddShader [17] successful.
2016-08-22 13:59:35:014[Debug        ] File [..\Data\shaders\texlighting.frag.shader] Opened successfully! Buffer Length:[1717]
2016-08-22 13:59:35:014[cDebug       ] Shader file [..\Data\shaders\texlighting.frag.shader] is too big to display contents.
2016-08-22 13:59:35:017[Debug        ]  ShaderProgram::AddShader() file with data was read in
2016-08-22 13:59:35:017[Debug        ] ShaderProgram::AddShader() : glShaderSource() successful
2016-08-22 13:59:35:018[Debug        ] ShaderProgram::AddShader() : glCompileShader() successful
2016-08-22 13:59:35:018[Info         ] ShaderProgram::CheckShaderCompileStatus(18) successful.
2016-08-22 13:59:35:018[Debug        ] ShaderProgram::AddShader() : glCompileShader() successful
2016-08-22 13:59:35:018[Info         ] ShaderInfo saved successfully.
2016-08-22 13:59:35:018[Debug        ] ShaderProgram::AddShader() : glAttachShader() successful
2016-08-22 13:59:35:018[Info         ] ShaderProgram::AddShader [18] successful.
2016-08-22 13:59:35:022[Info         ] CheckProgramStatus() successful!
2016-08-22 13:59:35:022[Info         ] CheckProgramStatus() successful!
2016-08-22 13:59:35:022[Info         ] Shader Init started
2016-08-22 13:59:35:022[Info         ] Shader Program created.
2016-08-22 13:59:35:022[Process      ] ShaderProgram::Initialize()[19] successful!
2016-08-22 13:59:35:022[Debug        ] File [..\Data\shaders\water.vert.shader] Opened successfully! Buffer Length:[1400]
2016-08-22 13:59:35:022[cDebug       ] Shader file [..\Data\shaders\water.vert.shader] is too big to display contents.
2016-08-22 13:59:35:024[Debug        ]  ShaderProgram::AddShader() file with data was read in
2016-08-22 13:59:35:024[Debug        ] ShaderProgram::AddShader() : glShaderSource() successful
2016-08-22 13:59:35:025[Debug        ] ShaderProgram::AddShader() : glCompileShader() successful
2016-08-22 13:59:35:025[Info         ] ShaderProgram::CheckShaderCompileStatus(20) successful.
2016-08-22 13:59:35:025[Debug        ] ShaderProgram::AddShader() : glCompileShader() successful
2016-08-22 13:59:35:025[Info         ] ShaderInfo saved successfully.
2016-08-22 13:59:35:025[Debug        ] ShaderProgram::AddShader() : glAttachShader() successful
2016-08-22 13:59:35:025[Info         ] ShaderProgram::AddShader [20] successful.
2016-08-22 13:59:35:025[Debug        ] File [..\Data\shaders\water.frag.shader] Opened successfully! Buffer Length:[2455]
2016-08-22 13:59:35:025[cDebug       ] Shader file [..\Data\shaders\water.frag.shader] is too big to display contents.
2016-08-22 13:59:35:026[Debug        ]  ShaderProgram::AddShader() file with data was read in
2016-08-22 13:59:35:026[Debug        ] ShaderProgram::AddShader() : glShaderSource() successful
2016-08-22 13:59:35:027[Debug        ] ShaderProgram::AddShader() : glCompileShader() successful
2016-08-22 13:59:35:027[Info         ] ShaderProgram::CheckShaderCompileStatus(21) successful.
2016-08-22 13:59:35:027[Debug        ] ShaderProgram::AddShader() : glCompileShader() successful
2016-08-22 13:59:35:027[Info         ] ShaderInfo saved successfully.
2016-08-22 13:59:35:027[Debug        ] ShaderProgram::AddShader() : glAttachShader() successful
2016-08-22 13:59:35:027[Info         ] ShaderProgram::AddShader [21] successful.
2016-08-22 13:59:35:029[Info         ] CheckProgramStatus() successful!
2016-08-22 13:59:35:029[Info         ] CheckProgramStatus() successful!
2016-08-22 13:59:35:029[Info         ] GetAttribLocation [vPosition] successful.
2016-08-22 13:59:35:029[Info         ] GetUniformLocation [colorin] successful.
2016-08-22 13:59:35:029[Info         ] GetUniformLocation [MAT] successful.
2016-08-22 13:59:35:029[cProcess     ] RenderEngine::Initialize() successful.
2016-08-22 13:59:35:030[cInfo        ] 
-----------------------------------------------------------------------
 BufferInfo::CreateBuffers()[0] Created buffers:| VERTEX [1] with [80] bytes. || INDEX [2] with [24] bytes |
-----------------------------------------------------------------------

2016-08-22 13:59:35:039[cInfo        ] --------BufferInfo::AddMesh() Added mesh successfully-------
2016-08-22 13:59:35:040[cInfo        ] 
2016-08-22 13:59:35:041[cInfo        ] --------------------| START BUFFER MESH INFO |-------------------------------------
2016-08-22 13:59:35:042[cInfo        ] BufferInfo::AddMesh(): NUM VERTS-----------------[4]
2016-08-22 13:59:35:043[cInfo        ] BufferInfo::AddMesh(): NUM INDICES---------------[6]
2016-08-22 13:59:35:045[cInfo        ] BufferInfo::AddMesh(): VERT OFFSET---------------[0]
2016-08-22 13:59:35:046[cInfo        ] BufferInfo::AddMesh(): INDICES OFFSET (BYTES)----[0]
2016-08-22 13:59:35:047[cInfo        ] --------------------|  END BUFFER MESH INFO  |--------------------------------------
2016-08-22 13:59:35:050[cInfo        ] 

2016-08-22 13:59:35:051[cInfo        ] 
-----------------------------------------------------------------------
 BufferInfo::CreateBuffers()[0] Created buffers:| VERTEX [3] with [96] bytes. || INDEX [4] with [48] bytes |
-----------------------------------------------------------------------

2016-08-22 13:59:35:057[cInfo        ] --------BufferInfo::AddMesh() Added mesh successfully-------
2016-08-22 13:59:35:058[cInfo        ] 
2016-08-22 13:59:35:059[cInfo        ] --------------------| START BUFFER MESH INFO |-------------------------------------
2016-08-22 13:59:35:060[cInfo        ] BufferInfo::AddMesh(): NUM VERTS-----------------[8]
2016-08-22 13:59:35:062[cInfo        ] BufferInfo::AddMesh(): NUM INDICES---------------[24]
2016-08-22 13:59:35:063[cInfo        ] BufferInfo::AddMesh(): VERT OFFSET---------------[0]
2016-08-22 13:59:35:066[cInfo        ] BufferInfo::AddMesh(): INDICES OFFSET (BYTES)----[0]
2016-08-22 13:59:35:067[cInfo        ] --------------------|  END BUFFER MESH INFO  |--------------------------------------
2016-08-22 13:59:35:069[cInfo        ] 

2016-08-22 13:59:35:071[cInfo        ] 
-----------------------------------------------------------------------
 BufferInfo::CreateBuffers()[0] Created buffers:| VERTEX [5] with [864] bytes. || INDEX [6] with [0] bytes |
-----------------------------------------------------------------------

2016-08-22 13:59:35:076[cInfo        ] --------BufferInfo::AddMesh() Added mesh successfully-------
2016-08-22 13:59:35:077[cInfo        ] 
2016-08-22 13:59:35:077[cInfo        ] --------------------| START BUFFER MESH INFO |-------------------------------------
2016-08-22 13:59:35:078[cInfo        ] BufferInfo::AddMesh(): NUM VERTS-----------------[36]
2016-08-22 13:59:35:079[cInfo        ] BufferInfo::AddMesh(): NUM INDICES---------------[0]
2016-08-22 13:59:35:080[cInfo        ] BufferInfo::AddMesh(): VERT OFFSET---------------[0]
2016-08-22 13:59:35:081[cInfo        ] BufferInfo::AddMesh(): INDICES OFFSET (BYTES)----[0]
2016-08-22 13:59:35:082[cInfo        ] --------------------|  END BUFFER MESH INFO  |--------------------------------------
2016-08-22 13:59:35:083[cInfo        ] 

2016-08-22 13:59:35:086[cInfo        ] 
-----------------------------------------------------------------------
 BufferInfo::CreateBuffers()[0] Created buffers:| VERTEX [7] with [144] bytes. || INDEX [8] with [0] bytes |
-----------------------------------------------------------------------

2016-08-22 13:59:35:090[cInfo        ] --------BufferInfo::AddMesh() Added mesh successfully-------
2016-08-22 13:59:35:091[cInfo        ] 
2016-08-22 13:59:35:091[cInfo        ] --------------------| START BUFFER MESH INFO |-------------------------------------
2016-08-22 13:59:35:093[cInfo        ] BufferInfo::AddMesh(): NUM VERTS-----------------[6]
2016-08-22 13:59:35:096[cInfo        ] BufferInfo::AddMesh(): NUM INDICES---------------[0]
2016-08-22 13:59:35:097[cInfo        ] BufferInfo::AddMesh(): VERT OFFSET---------------[0]
2016-08-22 13:59:35:098[cInfo        ] BufferInfo::AddMesh(): INDICES OFFSET (BYTES)----[0]
2016-08-22 13:59:35:100[cInfo        ] --------------------|  END BUFFER MESH INFO  |--------------------------------------
2016-08-22 13:59:35:101[cInfo        ] 

2016-08-22 13:59:35:102[Process      ] BufferInfo::Initialize() successful.
2016-08-22 13:59:35:102[cInfo        ] 
-----------------------------------------------------------------------
 BufferInfo::CreateBuffers()[0] Created buffers:| VERTEX [9] with [1000000] bytes. || INDEX [10] with [1000000] bytes |
-----------------------------------------------------------------------

2016-08-22 13:59:35:107[cInfo        ] --------BufferInfo::AddMesh() Added mesh successfully-------
2016-08-22 13:59:35:108[cInfo        ] 
2016-08-22 13:59:35:109[cInfo        ] --------------------| START BUFFER MESH INFO |-------------------------------------
2016-08-22 13:59:35:110[cInfo        ] BufferInfo::AddMesh(): NUM VERTS-----------------[24]
2016-08-22 13:59:35:112[cInfo        ] BufferInfo::AddMesh(): NUM INDICES---------------[36]
2016-08-22 13:59:35:113[cInfo        ] BufferInfo::AddMesh(): VERT OFFSET---------------[0]
2016-08-22 13:59:35:115[cInfo        ] BufferInfo::AddMesh(): INDICES OFFSET (BYTES)----[0]
2016-08-22 13:59:35:116[cInfo        ] --------------------|  END BUFFER MESH INFO  |--------------------------------------
2016-08-22 13:59:35:118[cInfo        ] 

2016-08-22 13:59:35:120[Process      ] BufferInfo::Initialize() successful.
2016-08-22 13:59:35:120[cInfo        ] 
-----------------------------------------------------------------------
 BufferInfo::CreateBuffers()[1] Created buffers:| VERTEX [11] with [1000000] bytes. || INDEX [12] with [1000000] bytes |
-----------------------------------------------------------------------

2016-08-22 13:59:35:125[cInfo        ] --------BufferInfo::AddMesh() Added mesh successfully-------
2016-08-22 13:59:35:126[cInfo        ] 
2016-08-22 13:59:35:126[cInfo        ] --------------------| START BUFFER MESH INFO |-------------------------------------
2016-08-22 13:59:35:127[cInfo        ] BufferInfo::AddMesh(): NUM VERTS-----------------[1536]
2016-08-22 13:59:35:128[cInfo        ] BufferInfo::AddMesh(): NUM INDICES---------------[3072]
2016-08-22 13:59:35:129[cInfo        ] BufferInfo::AddMesh(): VERT OFFSET---------------[0]
2016-08-22 13:59:35:130[cInfo        ] BufferInfo::AddMesh(): INDICES OFFSET (BYTES)----[0]
2016-08-22 13:59:35:131[cInfo        ] --------------------|  END BUFFER MESH INFO  |--------------------------------------
2016-08-22 13:59:35:132[cInfo        ] 

2016-08-22 13:59:35:135[cInfo        ] 
-----------------------------------------------------------------------
 BufferInfo::CreateBuffers()[0] Created buffers:| VERTEX [13] with [3936] bytes. || INDEX [14] with [0] bytes |
-----------------------------------------------------------------------

2016-08-22 13:59:35:139[cInfo        ] --------BufferInfo::AddMesh() Added mesh successfully-------
2016-08-22 13:59:35:140[cInfo        ] 
2016-08-22 13:59:35:140[cInfo        ] --------------------| START BUFFER MESH INFO |-------------------------------------
2016-08-22 13:59:35:141[cInfo        ] BufferInfo::AddMesh(): NUM VERTS-----------------[164]
2016-08-22 13:59:35:142[cInfo        ] BufferInfo::AddMesh(): NUM INDICES---------------[0]
2016-08-22 13:59:35:143[cInfo        ] BufferInfo::AddMesh(): VERT OFFSET---------------[0]
2016-08-22 13:59:35:145[cInfo        ] BufferInfo::AddMesh(): INDICES OFFSET (BYTES)----[0]
2016-08-22 13:59:35:146[cInfo        ] --------------------|  END BUFFER MESH INFO  |--------------------------------------
2016-08-22 13:59:35:147[cInfo        ] 

2016-08-22 13:59:35:147[cProcess     ] ShapeGenerator initialized successfully.
2016-08-22 13:59:35:148[cProcess     ] Camera::Initialize() successful.
2016-08-22 13:59:35:149[cProcess     ] Keyboard::Initialize() successful
2016-08-22 13:59:35:150[cProcess     ] Keyboard::Initialize() successful
2016-08-22 13:59:35:162[cInfo        ] 
-----------------------------------------------------------------------
 BufferInfo::CreateBuffers()[0] Created buffers:| VERTEX [15] with [10810368] bytes. || INDEX [16] with [0] bytes |
-----------------------------------------------------------------------

2016-08-22 13:59:35:187[cInfo        ] --------BufferInfo::AddMesh() Added mesh successfully-------
2016-08-22 13:59:35:189[cInfo        ] 
2016-08-22 13:59:35:189[cInfo        ] --------------------| START BUFFER MESH INFO |-------------------------------------
2016-08-22 13:59:35:190[cInfo        ] BufferInfo::AddMesh(): NUM VERTS-----------------[337824]
2016-08-22 13:59:35:192[cInfo        ] BufferInfo::AddMesh(): NUM INDICES---------------[0]
2016-08-22 13:59:35:193[cInfo        ] BufferInfo::AddMesh(): VERT OFFSET---------------[0]
2016-08-22 13:59:35:195[cInfo        ] BufferInfo::AddMesh(): INDICES OFFSET (BYTES)----[0]
2016-08-22 13:59:35:197[cInfo        ] --------------------|  END BUFFER MESH INFO  |--------------------------------------
2016-08-22 13:59:35:199[cInfo        ] 

2016-08-22 13:59:35:236[Info         ] ShapeGenerator::ReadSceneFile(): Added new scene [..\Data\Scenes\Dargon.ptn.scene] successfully.
2016-08-22 13:59:35:236[cInfo        ] EntityManager::BuildPlayerEntity(): Built [Dargon] successfully
2016-08-22 13:59:35:241[Process      ] BufferInfo::Initialize() successful.
2016-08-22 13:59:35:243[cInfo        ] 
-----------------------------------------------------------------------
 BufferInfo::CreateBuffers()[2] Created buffers:| VERTEX [17] with [1000000] bytes. || INDEX [18] with [1000000] bytes |
-----------------------------------------------------------------------

2016-08-22 13:59:35:250[cInfo        ] --------BufferInfo::AddMesh() Added mesh successfully-------
2016-08-22 13:59:35:252[cInfo        ] 
2016-08-22 13:59:35:252[cInfo        ] --------------------| START BUFFER MESH INFO |-------------------------------------
2016-08-22 13:59:35:254[cInfo        ] BufferInfo::AddMesh(): NUM VERTS-----------------[36]
2016-08-22 13:59:35:257[cInfo        ] BufferInfo::AddMesh(): NUM INDICES---------------[0]
2016-08-22 13:59:35:258[cInfo        ] BufferInfo::AddMesh(): VERT OFFSET---------------[0]
2016-08-22 13:59:35:259[cInfo        ] BufferInfo::AddMesh(): INDICES OFFSET (BYTES)----[0]
2016-08-22 13:59:35:261[cInfo        ] --------------------|  END BUFFER MESH INFO  |--------------------------------------
2016-08-22 13:59:35:263[cInfo        ] 

2016-08-22 13:59:35:265[Info         ] ShapeGenerator::ReadSceneFile(): Added new scene [..\Data\Scenes\Cube.pn.scene] successfully.
2016-08-22 13:59:35:267[Process      ] BufferInfo::Initialize() successful.
2016-08-22 13:59:35:267[cInfo        ] 
-----------------------------------------------------------------------
 BufferInfo::CreateBuffers()[3] Created buffers:| VERTEX [19] with [1000000] bytes. || INDEX [20] with [1000000] bytes |
-----------------------------------------------------------------------

2016-08-22 13:59:35:271[cInfo        ] --------BufferInfo::AddMesh() Added mesh successfully-------
2016-08-22 13:59:35:272[cInfo        ] 
2016-08-22 13:59:35:272[cInfo        ] --------------------| START BUFFER MESH INFO |-------------------------------------
2016-08-22 13:59:35:273[cInfo        ] BufferInfo::AddMesh(): NUM VERTS-----------------[8718]
2016-08-22 13:59:35:274[cInfo        ] BufferInfo::AddMesh(): NUM INDICES---------------[0]
2016-08-22 13:59:35:276[cInfo        ] BufferInfo::AddMesh(): VERT OFFSET---------------[0]
2016-08-22 13:59:35:277[cInfo        ] BufferInfo::AddMesh(): INDICES OFFSET (BYTES)----[0]
2016-08-22 13:59:35:278[cInfo        ] --------------------|  END BUFFER MESH INFO  |--------------------------------------
2016-08-22 13:59:35:279[cInfo        ] 

2016-08-22 13:59:35:281[Info         ] ShapeGenerator::ReadSceneFile(): Added new scene [..\Data\Scenes\AIWorld.ptn.scene] successfully.
2016-08-22 13:59:35:282[cInfo        ] --------BufferInfo::AddMesh() Added mesh successfully-------
2016-08-22 13:59:35:283[cInfo        ] 
2016-08-22 13:59:35:283[cInfo        ] --------------------| START BUFFER MESH INFO |-------------------------------------
2016-08-22 13:59:35:284[cInfo        ] BufferInfo::AddMesh(): NUM VERTS-----------------[18]
2016-08-22 13:59:35:286[cInfo        ] BufferInfo::AddMesh(): NUM INDICES---------------[0]
2016-08-22 13:59:35:287[cInfo        ] BufferInfo::AddMesh(): VERT OFFSET---------------[36]
2016-08-22 13:59:35:288[cInfo        ] BufferInfo::AddMesh(): INDICES OFFSET (BYTES)----[0]
2016-08-22 13:59:35:289[cInfo        ] --------------------|  END BUFFER MESH INFO  |--------------------------------------
2016-08-22 13:59:35:290[cInfo        ] 

2016-08-22 13:59:35:291[Info         ] ShapeGenerator::ReadSceneFile(): Added new scene [..\Data\Scenes\Pyramid.pn.scene] successfully.
2016-08-22 13:59:35:297[cInfo        ] 
-----------------------------------------------------------------------
 BufferInfo::CreateBuffers()[0] Created buffers:| VERTEX [21] with [5529600] bytes. || INDEX [22] with [0] bytes |
-----------------------------------------------------------------------

2016-08-22 13:59:35:306[cInfo        ] --------BufferInfo::AddMesh() Added mesh successfully-------
2016-08-22 13:59:35:308[cInfo        ] 
2016-08-22 13:59:35:308[cInfo        ] --------------------| START BUFFER MESH INFO |-------------------------------------
2016-08-22 13:59:35:310[cInfo        ] BufferInfo::AddMesh(): NUM VERTS-----------------[172800]
2016-08-22 13:59:35:311[cInfo        ] BufferInfo::AddMesh(): NUM INDICES---------------[0]
2016-08-22 13:59:35:313[cInfo        ] BufferInfo::AddMesh(): VERT OFFSET---------------[0]
2016-08-22 13:59:35:314[cInfo        ] BufferInfo::AddMesh(): INDICES OFFSET (BYTES)----[0]
2016-08-22 13:59:35:317[cInfo        ] --------------------|  END BUFFER MESH INFO  |--------------------------------------
2016-08-22 13:59:35:319[cInfo        ] 

2016-08-22 13:59:35:320[Info         ] ShapeGenerator::ReadSceneFile(): Added new scene [..\Data\Scenes\WaterPlane.ptn.scene] successfully.
2016-08-22 13:59:35:320[cProcess     ] Camera::Initialize() successful.
2016-08-22 13:59:35:322[cInfo        ] --------BufferInfo::AddMesh() Added mesh successfully-------
2016-08-22 13:59:35:323[cInfo        ] 
2016-08-22 13:59:35:324[cInfo        ] --------------------| START BUFFER MESH INFO |-------------------------------------
2016-08-22 13:59:35:327[cInfo        ] BufferInfo::AddMesh(): NUM VERTS-----------------[3180]
2016-08-22 13:59:35:328[cInfo        ] BufferInfo::AddMesh(): NUM INDICES---------------[0]
2016-08-22 13:59:35:328[cInfo        ] BufferInfo::AddMesh(): VERT OFFSET---------------[36]
2016-08-22 13:59:35:329[cInfo        ] BufferInfo::AddMesh(): INDICES OFFSET (BYTES)----[0]
2016-08-22 13:59:35:330[cInfo        ] --------------------|  END BUFFER MESH INFO  |--------------------------------------
2016-08-22 13:59:35:331[cInfo        ] 

2016-08-22 13:59:35:332[Info         ] ShapeGenerator::ReadSceneFile(): Added new scene [..\Data\Scenes\Cat.pn.scene] successfully.
2016-08-22 13:59:35:332[cInfo        ] --------BufferInfo::AddMesh() Added mesh successfully-------
2016-08-22 13:59:35:333[cInfo        ] 
2016-08-22 13:59:35:334[cInfo        ] --------------------| START BUFFER MESH INFO |-------------------------------------
2016-08-22 13:59:35:336[cInfo        ] BufferInfo::AddMesh(): NUM VERTS-----------------[6]
2016-08-22 13:59:35:337[cInfo        ] BufferInfo::AddMesh(): NUM INDICES---------------[0]
2016-08-22 13:59:35:338[cInfo        ] BufferInfo::AddMesh(): VERT OFFSET---------------[54]
2016-08-22 13:59:35:339[cInfo        ] BufferInfo::AddMesh(): INDICES OFFSET (BYTES)----[0]
2016-08-22 13:59:35:340[cInfo        ] --------------------|  END BUFFER MESH INFO  |--------------------------------------
2016-08-22 13:59:35:341[cInfo        ] 

2016-08-22 13:59:35:341[cProcess     ] BodaciousQuest::Initialize() successful.
2016-08-22 13:59:35:342[Process      ] GameTime::Initialize() ok

2016-08-22 13:59:35:342[cProcess     ] MyWindow::Initialize() successful!
2016-08-22 13:59:40:693[cProcess     ] BufferManager::Shutdown() successful.
2016-08-22 13:59:40:694[cProcess     ] RenderEngine::Shutdown() successful.
2016-08-22 13:59:40:695[cProcess     ] Camera::Shutdown() successful.
2016-08-22 13:59:40:696[Info         ] Shader  [2] deleting...
2016-08-22 13:59:40:696[Info         ] Shader  [2] deleted successfully.
2016-08-22 13:59:40:696[Info         ] Shader  [3] deleting...
2016-08-22 13:59:40:696[Info         ] Shader  [3] deleted successfully.
2016-08-22 13:59:40:696[Info         ] All shaders deleted successfully.
2016-08-22 13:59:40:696[cInfo        ] Program [1] deleted successfully.
2016-08-22 13:59:40:697[Process      ] ShaderProgram[1]::Shutdown successful!
2016-08-22 13:59:40:697[Info         ] Shader  [5] deleting...
2016-08-22 13:59:40:698[Info         ] Shader  [5] deleted successfully.
2016-08-22 13:59:40:698[Info         ] Shader  [6] deleting...
2016-08-22 13:59:40:698[Info         ] Shader  [6] deleted successfully.
2016-08-22 13:59:40:698[Info         ] All shaders deleted successfully.
2016-08-22 13:59:40:698[cInfo        ] Program [4] deleted successfully.
2016-08-22 13:59:40:698[Process      ] ShaderProgram[4]::Shutdown successful!
2016-08-22 13:59:40:698[Info         ] Shader  [8] deleting...
2016-08-22 13:59:40:699[Info         ] Shader  [8] deleted successfully.
2016-08-22 13:59:40:699[Info         ] Shader  [9] deleting...
2016-08-22 13:59:40:699[Info         ] Shader  [9] deleted successfully.
2016-08-22 13:59:40:699[Info         ] All shaders deleted successfully.
2016-08-22 13:59:40:699[cInfo        ] Program [7] deleted successfully.
2016-08-22 13:59:40:699[Process      ] ShaderProgram[7]::Shutdown successful!
2016-08-22 13:59:40:699[Info         ] Shader  [11] deleting...
2016-08-22 13:59:40:699[Info         ] Shader  [11] deleted successfully.
2016-08-22 13:59:40:700[Info         ] Shader  [12] deleting...
2016-08-22 13:59:40:700[Info         ] Shader  [12] deleted successfully.
2016-08-22 13:59:40:700[Info         ] All shaders deleted successfully.
2016-08-22 13:59:40:700[cInfo        ] Program [10] deleted successfully.
2016-08-22 13:59:40:700[Process      ] ShaderProgram[10]::Shutdown successful!
2016-08-22 13:59:40:700[Info         ] Shader  [14] deleting...
2016-08-22 13:59:40:701[Info         ] Shader  [14] deleted successfully.
2016-08-22 13:59:40:701[Info         ] Shader  [15] deleting...
2016-08-22 13:59:40:701[Info         ] Shader  [15] deleted successfully.
2016-08-22 13:59:40:701[Info         ] All shaders deleted successfully.
2016-08-22 13:59:40:701[cInfo        ] Program [13] deleted successfully.
2016-08-22 13:59:40:701[Process      ] ShaderProgram[13]::Shutdown successful!
2016-08-22 13:59:40:701[Info         ] Shader  [17] deleting...
2016-08-22 13:59:40:701[Info         ] Shader  [17] deleted successfully.
2016-08-22 13:59:40:701[Info         ] Shader  [18] deleting...
2016-08-22 13:59:40:701[Info         ] Shader  [18] deleted successfully.
2016-08-22 13:59:40:702[Info         ] All shaders deleted successfully.
2016-08-22 13:59:40:702[cInfo        ] Program [16] deleted successfully.
2016-08-22 13:59:40:704[Process      ] ShaderProgram[16]::Shutdown successful!
2016-08-22 13:59:40:704[Info         ] Shader  [20] deleting...
2016-08-22 13:59:40:704[Info         ] Shader  [20] deleted successfully.
2016-08-22 13:59:40:704[Info         ] Shader  [21] deleting...
2016-08-22 13:59:40:704[Info         ] Shader  [21] deleted successfully.
2016-08-22 13:59:40:704[Info         ] All shaders deleted successfully.
2016-08-22 13:59:40:704[cInfo        ] Program [19] deleted successfully.
2016-08-22 13:59:40:705[Process      ] ShaderProgram[19]::Shutdown successful!
2016-08-22 13:59:40:705[cProcess     ] MyWindow::Shutdown() successful!
2016-08-22 13:59:40:706[cProcess     ] BodaciousQuest::Shutdown() successful.
2016-08-22 13:59:40:716[Process      ] ConfigReader shut down successfully
2016-08-22 13:59:40:716[Process      ] GameLogger::ShutDown() successful
