2016-08-21 18:22:15:212[Process      ] GameLogger::Initialize() opened log file [..\Data\LogFiles\2016-08-21 18-22-15.BodaciousQuest.log] for writing
2016-08-21 18:22:15:212[Info         ] GameLogger::Initialize() successful
2016-08-21 18:22:15:212[Process      ] ConfigReader opened [..\Data\BodaciousQuest.config] successfully
2016-08-21 18:22:15:212[Info         ] ConfigReader initialized successfully
2016-08-21 18:22:15:212[Info         ] Valid KVP [BodaciousQuest.ShowFullScreen] [false] added
2016-08-21 18:22:15:212[Info         ] Valid KVP [BodaciousQuest.FpsInterval] [5.0] added
2016-08-21 18:22:15:213[Info         ] Valid KVP [BodaciousQuest.EnableControls] [true] added
2016-08-21 18:22:15:213[Info         ] Valid KVP [BodaciousQuest.LoadCubeFirst] [true] added
2016-08-21 18:22:15:213[Info         ] Valid KVP [BodaciousQuest.CameraWalkMode] [false] added
2016-08-21 18:22:15:213[Info         ] Valid KVP [BodaciousQuest.GridSize] [40] added
2016-08-21 18:22:15:213[Info         ] Valid KVP [BodaciousQuest.LightingTest.Ambient.Color] [1.0  1.0  1.0] added
2016-08-21 18:22:15:213[Info         ] Valid KVP [BodaciousQuest.LightingTest.Diffuse.Color] [1.0  1.0  1.0] added
2016-08-21 18:22:15:213[Info         ] Valid KVP [BodaciousQuest.LightingTest.Specular.Color] [0.0  0.0  0.0] added
2016-08-21 18:22:15:213[Info         ] Valid KVP [BodaciousQuest.LightingTest.Ambient.Reflectivity] [0.01] added
2016-08-21 18:22:15:213[Info         ] Valid KVP [BodaciousQuest.LightingTest.Diffuse.Reflectivity] [0.8] added
2016-08-21 18:22:15:213[Info         ] Valid KVP [BodaciousQuest.LightingTest.Specular.Reflectivity] [0.5] added
2016-08-21 18:22:15:213[Info         ] Valid KVP [BodaciousQuest.LightingTest.Specular.Shininess] [1.0] added
2016-08-21 18:22:15:213[Info         ] Valid KVP [BodaciousQuest.LightingTest.Falloff.A] [1.0] added
2016-08-21 18:22:15:213[Info         ] Valid KVP [BodaciousQuest.LightingTest.Falloff.B] [0.01] added
2016-08-21 18:22:15:213[Info         ] Valid KVP [BodaciousQuest.LightingTest.Falloff.C] [0.0001] added
2016-08-21 18:22:15:213[Info         ] Valid KVP [BodaciousQuest.LightingTest.Directional] [false] added
2016-08-21 18:22:15:213[Info         ] Valid KVP [BodaciousQuest.LightingTest.Direction] [-1.0 0.0 1.0] added
2016-08-21 18:22:15:213[Info         ] Valid KVP [BodaciousQuest.LightingTest.Light.Position] [-0.875458 3.673020 1.043331] added
2016-08-21 18:22:15:213[Info         ] Valid KVP [BodaciousQuest.LightingTest.Dargon.Color] [1.0 1.0 0.4] added
2016-08-21 18:22:15:213[Info         ] Valid KVP [ObjConverter.Mode.VertexType] [pn] added
2016-08-21 18:22:15:213[Info         ] Valid KVP [ObjConverter.Mode.Analyze] [false] added
2016-08-21 18:22:15:213[Info         ] Valid KVP [ObjConverter.Model] [Dargon] added
2016-08-21 18:22:15:213[Info         ] Valid KVP [ObjConverter.Shader] [4] added
2016-08-21 18:22:15:213[Info         ] Valid KVP [ObjConverter.Color] [random] added
2016-08-21 18:22:15:213[Info         ] Valid KVP [ObjConverter.Obj.InputFileFolder] [..\\Data\\Objs\\] added
2016-08-21 18:22:15:213[Info         ] Valid KVP [ObjConverter.Scene.OutputFileFolder] [..\\Data\\Scenes\\] added
2016-08-21 18:22:15:213[Info         ] Valid KVP [ObjConverter.Model.Dargon.NumVerts] [57967] added
2016-08-21 18:22:15:213[Info         ] Valid KVP [ObjConverter.Model.Dargon.NumIndices] [337824] added
2016-08-21 18:22:15:213[Info         ] Valid KVP [ObjConverter.Model.Dargon.NumTexCoords] [60175] added
2016-08-21 18:22:15:213[Info         ] Valid KVP [ObjConverter.Model.Dargon.NumNormals] [337824] added
2016-08-21 18:22:15:213[Info         ] Valid KVP [ObjConverter.Model.Swamp.NumVerts] [2735] added
2016-08-21 18:22:15:213[Info         ] Valid KVP [ObjConverter.Model.Swamp.NumIndices] [8556] added
2016-08-21 18:22:15:213[Info         ] Valid KVP [ObjConverter.Model.Swamp.NumTexCoords] [3622] added
2016-08-21 18:22:15:213[Info         ] Valid KVP [ObjConverter.Model.Swamp.NumNormals] [5156] added
2016-08-21 18:22:15:213[Info         ] Valid KVP [ObjConverter.Model.Pyramid.NumVerts] [5] added
2016-08-21 18:22:15:213[Info         ] Valid KVP [ObjConverter.Model.Pyramid.NumIndices] [18] added
2016-08-21 18:22:15:213[Info         ] Valid KVP [ObjConverter.Model.Pyramid.NumTexCoords] [10] added
2016-08-21 18:22:15:213[Info         ] Valid KVP [ObjConverter.Model.Pyramid.NumNormals] [16] added
2016-08-21 18:22:15:213[Info         ] Valid KVP [ObjConverter.Model.AIWorld.NumVerts] [1957] added
2016-08-21 18:22:15:213[Info         ] Valid KVP [ObjConverter.Model.AIWorld.NumIndices] [8718] added
2016-08-21 18:22:15:213[Info         ] Valid KVP [ObjConverter.Model.AIWorld.NumTexCoords] [4186] added
2016-08-21 18:22:15:214[Info         ] Valid KVP [ObjConverter.Model.AIWorld.NumNormals] [5418] added
2016-08-21 18:22:15:214[Info         ] Valid KVP [ObjConverter.Model.GameWeapon.NumVerts] [2068] added
2016-08-21 18:22:15:214[Info         ] Valid KVP [ObjConverter.Model.GameWeapon.NumIndices] [9894] added
2016-08-21 18:22:15:214[Info         ] Valid KVP [ObjConverter.Model.GameWeapon.NumTexCoords] [0] added
2016-08-21 18:22:15:214[Info         ] Valid KVP [ObjConverter.Model.GameWeapon.NumNormals] [0] added
2016-08-21 18:22:15:214[Info         ] Valid KVP [ObjConverter.Model.Chicken.NumVerts] [224] added
2016-08-21 18:22:15:214[Info         ] Valid KVP [ObjConverter.Model.Chicken.NumIndices] [1374] added
2016-08-21 18:22:15:214[Info         ] Valid KVP [ObjConverter.Model.Chicken.NumTexCoords] [472] added
2016-08-21 18:22:15:214[Info         ] Valid KVP [ObjConverter.Model.Chicken.NumNormals] [565] added
2016-08-21 18:22:15:214[Info         ] Valid KVP [ObjConverter.Model.WaterPlane.NumVerts] [29282] added
2016-08-21 18:22:15:214[Info         ] Valid KVP [ObjConverter.Model.WaterPlane.NumIndices] [172800] added
2016-08-21 18:22:15:214[Info         ] Valid KVP [ObjConverter.Model.WaterPlane.NumTexCoords] [29282] added
2016-08-21 18:22:15:214[Info         ] Valid KVP [ObjConverter.Model.WaterPlane.NumNormals] [172800] added
2016-08-21 18:22:15:214[Info         ] Valid KVP [ObjConverter.Model.Cube.NumVerts] [8] added
2016-08-21 18:22:15:214[Info         ] Valid KVP [ObjConverter.Model.Cube.NumIndices] [36] added
2016-08-21 18:22:15:214[Info         ] Valid KVP [ObjConverter.Model.Cube.NumTexCoords] [14] added
2016-08-21 18:22:15:214[Info         ] Valid KVP [ObjConverter.Model.Cube.NumNormals] [24] added
2016-08-21 18:22:15:214[Info         ] Valid KVP [ObjConverter.Model.Barrel.NumVerts] [172] added
2016-08-21 18:22:15:214[Info         ] Valid KVP [ObjConverter.Model.Barrel.NumIndices] [1008] added
2016-08-21 18:22:15:214[Info         ] Valid KVP [ObjConverter.Model.Barrel.NumTexCoords] [328] added
2016-08-21 18:22:15:214[Info         ] Valid KVP [ObjConverter.Model.Barrel.NumNormals] [204] added
2016-08-21 18:22:15:214[Info         ] Valid KVP [ObjConverter.Model.SkyBox.NumVerts] [8] added
2016-08-21 18:22:15:214[Info         ] Valid KVP [ObjConverter.Model.SkyBox.NumIndices] [36] added
2016-08-21 18:22:15:214[Info         ] Valid KVP [ObjConverter.Model.SkyBox.NumTexCoords] [18] added
2016-08-21 18:22:15:214[Info         ] Valid KVP [ObjConverter.Model.SkyBox.NumNormals] [24] added
2016-08-21 18:22:15:277[cInfo        ] Config reader opened [..\Data\BodaciousQuest.config] for reading!
2016-08-21 18:22:15:333[Process      ] ShaderManager Initialized successfully
2016-08-21 18:22:15:333[Info         ] Shader Init started
2016-08-21 18:22:15:333[Info         ] Shader Program created.
2016-08-21 18:22:15:333[Process      ] ShaderProgram::Initialize()[1] successful!
2016-08-21 18:22:15:334[Debug        ] File [..\Data\shaders\debug.vert.shader] Opened successfully! Buffer Length:[291]
2016-08-21 18:22:15:334[Debug        ] Shader file [..\Data\shaders\debug.vert.shader] contents:
//BEGIN
#version 430 core

layout(location = 0)  in vec3 vPosition;

layout(location = 15) uniform vec3 colorin;
layout(location = 16) uniform mat4 MAT;

out vec4 color;

void main()
{
	vec4 vertPos = vec4(vPosition, 1.0);
	gl_Position = MAT *  vertPos;
	color = vec4(colorin, 1.0);
}
//END

2016-08-21 18:22:15:334[Debug        ]  ShaderProgram::AddShader() file with data was read in
2016-08-21 18:22:15:334[Debug        ] ShaderProgram::AddShader() : glShaderSource() successful
2016-08-21 18:22:15:334[Debug        ] ShaderProgram::AddShader() : glCompileShader() successful
2016-08-21 18:22:15:334[Info         ] ShaderProgram::CheckShaderCompileStatus(2) successful.
2016-08-21 18:22:15:334[Debug        ] ShaderProgram::AddShader() : glCompileShader() successful
2016-08-21 18:22:15:334[Info         ] ShaderInfo saved successfully.
2016-08-21 18:22:15:334[Debug        ] ShaderProgram::AddShader() : glAttachShader() successful
2016-08-21 18:22:15:334[Info         ] ShaderProgram::AddShader [2] successful.
2016-08-21 18:22:15:334[Debug        ] File [..\Data\shaders\debug.frag.shader] Opened successfully! Buffer Length:[104]
2016-08-21 18:22:15:334[Debug        ] Shader file [..\Data\shaders\debug.frag.shader] contents:
//BEGIN
#version 430 core


in  vec4 color;
out vec4 outColor;

void main()
{
	outColor = color;
}


//END

2016-08-21 18:22:15:334[Debug        ]  ShaderProgram::AddShader() file with data was read in
2016-08-21 18:22:15:334[Debug        ] ShaderProgram::AddShader() : glShaderSource() successful
2016-08-21 18:22:15:334[Debug        ] ShaderProgram::AddShader() : glCompileShader() successful
2016-08-21 18:22:15:335[Info         ] ShaderProgram::CheckShaderCompileStatus(3) successful.
2016-08-21 18:22:15:335[Debug        ] ShaderProgram::AddShader() : glCompileShader() successful
2016-08-21 18:22:15:335[Info         ] ShaderInfo saved successfully.
2016-08-21 18:22:15:335[Debug        ] ShaderProgram::AddShader() : glAttachShader() successful
2016-08-21 18:22:15:335[Info         ] ShaderProgram::AddShader [3] successful.
2016-08-21 18:22:15:336[Info         ] CheckProgramStatus() successful!
2016-08-21 18:22:15:336[Info         ] CheckProgramStatus() successful!
2016-08-21 18:22:15:336[Info         ] Shader Init started
2016-08-21 18:22:15:336[Info         ] Shader Program created.
2016-08-21 18:22:15:336[Process      ] ShaderProgram::Initialize()[4] successful!
2016-08-21 18:22:15:336[Debug        ] File [..\Data\shaders\play.vert.shader] Opened successfully! Buffer Length:[343]
2016-08-21 18:22:15:336[Debug        ] Shader file [..\Data\shaders\play.vert.shader] contents:
//BEGIN
#version 430 core

layout (location = 0)  in vec3 vPosition;
layout (location = 1)  in vec3 vColor;
layout (location = 15) uniform vec3 colorin;
layout (location = 16) uniform mat4 MAT;

out vec4 color;

void main()
{
	vec4 vertPos = vec4(vPosition, 1.0);
	gl_Position = MAT *  vertPos;
	color = vec4((vColor + colorin), 1.0);
}
//END

2016-08-21 18:22:15:336[Debug        ]  ShaderProgram::AddShader() file with data was read in
2016-08-21 18:22:15:336[Debug        ] ShaderProgram::AddShader() : glShaderSource() successful
2016-08-21 18:22:15:336[Debug        ] ShaderProgram::AddShader() : glCompileShader() successful
2016-08-21 18:22:15:336[Info         ] ShaderProgram::CheckShaderCompileStatus(5) successful.
2016-08-21 18:22:15:336[Debug        ] ShaderProgram::AddShader() : glCompileShader() successful
2016-08-21 18:22:15:336[Info         ] ShaderInfo saved successfully.
2016-08-21 18:22:15:336[Debug        ] ShaderProgram::AddShader() : glAttachShader() successful
2016-08-21 18:22:15:336[Info         ] ShaderProgram::AddShader [5] successful.
2016-08-21 18:22:15:336[Debug        ] File [..\Data\shaders\play.frag.shader] Opened successfully! Buffer Length:[391]
2016-08-21 18:22:15:336[Debug        ] Shader file [..\Data\shaders\play.frag.shader] contents:
//BEGIN
#version 430 core


in  vec4 color;
out vec4 outColor;

void main()
{

	//if (color.r < .7) discard;
	outColor = color;

	//if(((gl_FragCoord.x  > 600)&& (gl_FragCoord.y < 300)) || ((gl_FragCoord.y < 300)  && (gl_FragCoord.x  < 600) )) {
	//discard;
	//}

	//vec2 scrPos = vec2(gl_FragCoord) - vec2(350,150);
	//float len =  length(scrPos);
	//if(len < 50 )discard;
}


//END

2016-08-21 18:22:15:336[Debug        ]  ShaderProgram::AddShader() file with data was read in
2016-08-21 18:22:15:336[Debug        ] ShaderProgram::AddShader() : glShaderSource() successful
2016-08-21 18:22:15:336[Debug        ] ShaderProgram::AddShader() : glCompileShader() successful
2016-08-21 18:22:15:336[Info         ] ShaderProgram::CheckShaderCompileStatus(6) successful.
2016-08-21 18:22:15:336[Debug        ] ShaderProgram::AddShader() : glCompileShader() successful
2016-08-21 18:22:15:336[Info         ] ShaderInfo saved successfully.
2016-08-21 18:22:15:336[Debug        ] ShaderProgram::AddShader() : glAttachShader() successful
2016-08-21 18:22:15:336[Info         ] ShaderProgram::AddShader [6] successful.
2016-08-21 18:22:15:337[Info         ] CheckProgramStatus() successful!
2016-08-21 18:22:15:337[Info         ] CheckProgramStatus() successful!
2016-08-21 18:22:15:337[Info         ] Shader Init started
2016-08-21 18:22:15:337[Info         ] Shader Program created.
2016-08-21 18:22:15:337[Process      ] ShaderProgram::Initialize()[7] successful!
2016-08-21 18:22:15:337[Debug        ] File [..\Data\shaders\texture.vert.shader] Opened successfully! Buffer Length:[305]
2016-08-21 18:22:15:337[Debug        ] Shader file [..\Data\shaders\texture.vert.shader] contents:
//BEGIN
#version 430 core

layout (location = 0)  in vec3 vPosition;
layout (location = 1)  in vec2 vUV;

layout (location = 16) uniform mat4 MAT;

//out data
out vec2 UV;

//out vec4 color;

void main()
{
	vec4 vertPos = vec4(vPosition, 1.0);
	gl_Position = MAT *  vertPos;

	UV = vUV;
	
	
}
//END

2016-08-21 18:22:15:337[Debug        ]  ShaderProgram::AddShader() file with data was read in
2016-08-21 18:22:15:337[Debug        ] ShaderProgram::AddShader() : glShaderSource() successful
2016-08-21 18:22:15:338[Debug        ] ShaderProgram::AddShader() : glCompileShader() successful
2016-08-21 18:22:15:338[Info         ] ShaderProgram::CheckShaderCompileStatus(8) successful.
2016-08-21 18:22:15:338[Debug        ] ShaderProgram::AddShader() : glCompileShader() successful
2016-08-21 18:22:15:338[Info         ] ShaderInfo saved successfully.
2016-08-21 18:22:15:338[Debug        ] ShaderProgram::AddShader() : glAttachShader() successful
2016-08-21 18:22:15:338[Info         ] ShaderProgram::AddShader [8] successful.
2016-08-21 18:22:15:338[Debug        ] File [..\Data\shaders\texture.frag.shader] Opened successfully! Buffer Length:[482]
2016-08-21 18:22:15:338[Debug        ] Shader file [..\Data\shaders\texture.frag.shader] contents:
//BEGIN
#version 430 core


in  vec2 UV;
out vec4 outColor;

layout(location = 20) uniform sampler2D textureSampler;

void main()
{

	//if (color.r < .7) discard;
	outColor = vec4(texture(textureSampler, UV).rgb, 1.0);

	//if(((gl_FragCoord.x  > 600)&& (gl_FragCoord.y < 300)) || ((gl_FragCoord.y < 300)  && (gl_FragCoord.x  < 600) )) {
	//discard;
	//}
	//vec2 scrPos = vec2(gl_FragCoord) - vec2(350,150);
	//float len =  length(scrPos);
	//if(len < 50 )discard;
}


//END

2016-08-21 18:22:15:338[Debug        ]  ShaderProgram::AddShader() file with data was read in
2016-08-21 18:22:15:338[Debug        ] ShaderProgram::AddShader() : glShaderSource() successful
2016-08-21 18:22:15:338[Debug        ] ShaderProgram::AddShader() : glCompileShader() successful
2016-08-21 18:22:15:338[Info         ] ShaderProgram::CheckShaderCompileStatus(9) successful.
2016-08-21 18:22:15:338[Debug        ] ShaderProgram::AddShader() : glCompileShader() successful
2016-08-21 18:22:15:338[Info         ] ShaderInfo saved successfully.
2016-08-21 18:22:15:338[Debug        ] ShaderProgram::AddShader() : glAttachShader() successful
2016-08-21 18:22:15:338[Info         ] ShaderProgram::AddShader [9] successful.
2016-08-21 18:22:15:339[Info         ] CheckProgramStatus() successful!
2016-08-21 18:22:15:339[Info         ] CheckProgramStatus() successful!
2016-08-21 18:22:15:339[Info         ] Shader Init started
2016-08-21 18:22:15:339[Info         ] Shader Program created.
2016-08-21 18:22:15:339[Process      ] ShaderProgram::Initialize()[10] successful!
2016-08-21 18:22:15:339[Debug        ] File [..\Data\shaders\framebuffer.vert.shader] Opened successfully! Buffer Length:[305]
2016-08-21 18:22:15:339[Debug        ] Shader file [..\Data\shaders\framebuffer.vert.shader] contents:
//BEGIN
#version 430 core

layout (location = 0)  in vec3 vPosition;
layout (location = 1)  in vec2 vUV;

layout (location = 16) uniform mat4 MAT;

//out data
out vec2 UV;

//out vec4 color;

void main()
{
	vec4 vertPos = vec4(vPosition, 1.0);
	gl_Position = MAT *  vertPos;

	UV = vUV;
	
	
}
//END

2016-08-21 18:22:15:339[Debug        ]  ShaderProgram::AddShader() file with data was read in
2016-08-21 18:22:15:339[Debug        ] ShaderProgram::AddShader() : glShaderSource() successful
2016-08-21 18:22:15:340[Debug        ] ShaderProgram::AddShader() : glCompileShader() successful
2016-08-21 18:22:15:340[Info         ] ShaderProgram::CheckShaderCompileStatus(11) successful.
2016-08-21 18:22:15:340[Debug        ] ShaderProgram::AddShader() : glCompileShader() successful
2016-08-21 18:22:15:340[Info         ] ShaderInfo saved successfully.
2016-08-21 18:22:15:340[Debug        ] ShaderProgram::AddShader() : glAttachShader() successful
2016-08-21 18:22:15:340[Info         ] ShaderProgram::AddShader [11] successful.
2016-08-21 18:22:15:340[Debug        ] File [..\Data\shaders\framebuffer.frag.shader] Opened successfully! Buffer Length:[275]
2016-08-21 18:22:15:340[Debug        ] Shader file [..\Data\shaders\framebuffer.frag.shader] contents:
//BEGIN
#version 430 core


in  vec2 UV;
out vec4 outColor;

layout(location = 20) uniform sampler2D textureSampler;

void main()
{


	vec3 tempCol = texture(textureSampler, UV).rgb;

	outColor = vec4(tempCol.r / 1.5f, tempCol.g / 1.5f, tempCol.b / 1.5f, 1.0f);
}


//END

2016-08-21 18:22:15:340[Debug        ]  ShaderProgram::AddShader() file with data was read in
2016-08-21 18:22:15:340[Debug        ] ShaderProgram::AddShader() : glShaderSource() successful
2016-08-21 18:22:15:340[Debug        ] ShaderProgram::AddShader() : glCompileShader() successful
2016-08-21 18:22:15:340[Info         ] ShaderProgram::CheckShaderCompileStatus(12) successful.
2016-08-21 18:22:15:340[Debug        ] ShaderProgram::AddShader() : glCompileShader() successful
2016-08-21 18:22:15:340[Info         ] ShaderInfo saved successfully.
2016-08-21 18:22:15:340[Debug        ] ShaderProgram::AddShader() : glAttachShader() successful
2016-08-21 18:22:15:340[Info         ] ShaderProgram::AddShader [12] successful.
2016-08-21 18:22:15:342[Info         ] CheckProgramStatus() successful!
2016-08-21 18:22:15:342[Info         ] CheckProgramStatus() successful!
2016-08-21 18:22:15:342[Info         ] Shader Init started
2016-08-21 18:22:15:342[Info         ] Shader Program created.
2016-08-21 18:22:15:342[Process      ] ShaderProgram::Initialize()[13] successful!
2016-08-21 18:22:15:342[Debug        ] File [..\Data\shaders\lighting.vert.shader] Opened successfully! Buffer Length:[1145]
2016-08-21 18:22:15:342[cDebug       ] Shader file [..\Data\shaders\lighting.vert.shader] is too big to display contents.
2016-08-21 18:22:15:344[Debug        ]  ShaderProgram::AddShader() file with data was read in
2016-08-21 18:22:15:344[Debug        ] ShaderProgram::AddShader() : glShaderSource() successful
2016-08-21 18:22:15:344[Debug        ] ShaderProgram::AddShader() : glCompileShader() successful
2016-08-21 18:22:15:344[Info         ] ShaderProgram::CheckShaderCompileStatus(14) successful.
2016-08-21 18:22:15:344[Debug        ] ShaderProgram::AddShader() : glCompileShader() successful
2016-08-21 18:22:15:344[Info         ] ShaderInfo saved successfully.
2016-08-21 18:22:15:344[Debug        ] ShaderProgram::AddShader() : glAttachShader() successful
2016-08-21 18:22:15:344[Info         ] ShaderProgram::AddShader [14] successful.
2016-08-21 18:22:15:344[Debug        ] File [..\Data\shaders\lighting.frag.shader] Opened successfully! Buffer Length:[1744]
2016-08-21 18:22:15:344[cDebug       ] Shader file [..\Data\shaders\lighting.frag.shader] is too big to display contents.
2016-08-21 18:22:15:346[Debug        ]  ShaderProgram::AddShader() file with data was read in
2016-08-21 18:22:15:346[Debug        ] ShaderProgram::AddShader() : glShaderSource() successful
2016-08-21 18:22:15:346[Debug        ] ShaderProgram::AddShader() : glCompileShader() successful
2016-08-21 18:22:15:347[Info         ] ShaderProgram::CheckShaderCompileStatus(15) successful.
2016-08-21 18:22:15:347[Debug        ] ShaderProgram::AddShader() : glCompileShader() successful
2016-08-21 18:22:15:347[Info         ] ShaderInfo saved successfully.
2016-08-21 18:22:15:347[Debug        ] ShaderProgram::AddShader() : glAttachShader() successful
2016-08-21 18:22:15:347[Info         ] ShaderProgram::AddShader [15] successful.
2016-08-21 18:22:15:349[Info         ] CheckProgramStatus() successful!
2016-08-21 18:22:15:349[Info         ] CheckProgramStatus() successful!
2016-08-21 18:22:15:349[Info         ] Shader Init started
2016-08-21 18:22:15:349[Info         ] Shader Program created.
2016-08-21 18:22:15:349[Process      ] ShaderProgram::Initialize()[16] successful!
2016-08-21 18:22:15:350[Debug        ] File [..\Data\shaders\texlighting.vert.shader] Opened successfully! Buffer Length:[1110]
2016-08-21 18:22:15:350[cDebug       ] Shader file [..\Data\shaders\texlighting.vert.shader] is too big to display contents.
2016-08-21 18:22:15:352[Debug        ]  ShaderProgram::AddShader() file with data was read in
2016-08-21 18:22:15:352[Debug        ] ShaderProgram::AddShader() : glShaderSource() successful
2016-08-21 18:22:15:352[Debug        ] ShaderProgram::AddShader() : glCompileShader() successful
2016-08-21 18:22:15:352[Info         ] ShaderProgram::CheckShaderCompileStatus(17) successful.
2016-08-21 18:22:15:353[Debug        ] ShaderProgram::AddShader() : glCompileShader() successful
2016-08-21 18:22:15:353[Info         ] ShaderInfo saved successfully.
2016-08-21 18:22:15:353[Debug        ] ShaderProgram::AddShader() : glAttachShader() successful
2016-08-21 18:22:15:353[Info         ] ShaderProgram::AddShader [17] successful.
2016-08-21 18:22:15:353[Debug        ] File [..\Data\shaders\texlighting.frag.shader] Opened successfully! Buffer Length:[1717]
2016-08-21 18:22:15:353[cDebug       ] Shader file [..\Data\shaders\texlighting.frag.shader] is too big to display contents.
2016-08-21 18:22:15:354[Debug        ]  ShaderProgram::AddShader() file with data was read in
2016-08-21 18:22:15:354[Debug        ] ShaderProgram::AddShader() : glShaderSource() successful
2016-08-21 18:22:15:354[Debug        ] ShaderProgram::AddShader() : glCompileShader() successful
2016-08-21 18:22:15:354[Info         ] ShaderProgram::CheckShaderCompileStatus(18) successful.
2016-08-21 18:22:15:354[Debug        ] ShaderProgram::AddShader() : glCompileShader() successful
2016-08-21 18:22:15:354[Info         ] ShaderInfo saved successfully.
2016-08-21 18:22:15:354[Debug        ] ShaderProgram::AddShader() : glAttachShader() successful
2016-08-21 18:22:15:354[Info         ] ShaderProgram::AddShader [18] successful.
2016-08-21 18:22:15:357[Info         ] CheckProgramStatus() successful!
2016-08-21 18:22:15:357[Info         ] CheckProgramStatus() successful!
2016-08-21 18:22:15:357[Info         ] Shader Init started
2016-08-21 18:22:15:357[Info         ] Shader Program created.
2016-08-21 18:22:15:357[Process      ] ShaderProgram::Initialize()[19] successful!
2016-08-21 18:22:15:357[Debug        ] File [..\Data\shaders\water.vert.shader] Opened successfully! Buffer Length:[1400]
2016-08-21 18:22:15:357[cDebug       ] Shader file [..\Data\shaders\water.vert.shader] is too big to display contents.
2016-08-21 18:22:15:361[Debug        ]  ShaderProgram::AddShader() file with data was read in
2016-08-21 18:22:15:361[Debug        ] ShaderProgram::AddShader() : glShaderSource() successful
2016-08-21 18:22:15:361[Debug        ] ShaderProgram::AddShader() : glCompileShader() successful
2016-08-21 18:22:15:361[Info         ] ShaderProgram::CheckShaderCompileStatus(20) successful.
2016-08-21 18:22:15:362[Debug        ] ShaderProgram::AddShader() : glCompileShader() successful
2016-08-21 18:22:15:362[Info         ] ShaderInfo saved successfully.
2016-08-21 18:22:15:362[Debug        ] ShaderProgram::AddShader() : glAttachShader() successful
2016-08-21 18:22:15:362[Info         ] ShaderProgram::AddShader [20] successful.
2016-08-21 18:22:15:362[Debug        ] File [..\Data\shaders\water.frag.shader] Opened successfully! Buffer Length:[2436]
2016-08-21 18:22:15:362[cDebug       ] Shader file [..\Data\shaders\water.frag.shader] is too big to display contents.
2016-08-21 18:22:15:363[Debug        ]  ShaderProgram::AddShader() file with data was read in
2016-08-21 18:22:15:363[Debug        ] ShaderProgram::AddShader() : glShaderSource() successful
2016-08-21 18:22:15:364[Debug        ] ShaderProgram::AddShader() : glCompileShader() successful
2016-08-21 18:22:15:364[Info         ] ShaderProgram::CheckShaderCompileStatus(21) successful.
2016-08-21 18:22:15:364[Debug        ] ShaderProgram::AddShader() : glCompileShader() successful
2016-08-21 18:22:15:364[Info         ] ShaderInfo saved successfully.
2016-08-21 18:22:15:364[Debug        ] ShaderProgram::AddShader() : glAttachShader() successful
2016-08-21 18:22:15:364[Info         ] ShaderProgram::AddShader [21] successful.
2016-08-21 18:22:15:366[Info         ] CheckProgramStatus() successful!
2016-08-21 18:22:15:367[Info         ] CheckProgramStatus() successful!
2016-08-21 18:22:15:367[Info         ] GetAttribLocation [vPosition] successful.
2016-08-21 18:22:15:367[Info         ] GetUniformLocation [colorin] successful.
2016-08-21 18:22:15:367[Info         ] GetUniformLocation [MAT] successful.
2016-08-21 18:22:15:367[cProcess     ] RenderEngine::Initialize() successful.
2016-08-21 18:22:15:368[cInfo        ] 
-----------------------------------------------------------------------
 BufferInfo::CreateBuffers()[0] Created buffers:| VERTEX [1] with [80] bytes. || INDEX [2] with [24] bytes |
-----------------------------------------------------------------------

2016-08-21 18:22:15:374[cInfo        ] --------BufferInfo::AddMesh() Added mesh successfully-------
2016-08-21 18:22:15:377[cInfo        ] 
2016-08-21 18:22:15:378[cInfo        ] --------------------| START BUFFER MESH INFO |-------------------------------------
2016-08-21 18:22:15:381[cInfo        ] BufferInfo::AddMesh(): NUM VERTS-----------------[4]
2016-08-21 18:22:15:382[cInfo        ] BufferInfo::AddMesh(): NUM INDICES---------------[6]
2016-08-21 18:22:15:382[cInfo        ] BufferInfo::AddMesh(): VERT OFFSET---------------[0]
2016-08-21 18:22:15:383[cInfo        ] BufferInfo::AddMesh(): INDICES OFFSET (BYTES)----[0]
2016-08-21 18:22:15:384[cInfo        ] --------------------|  END BUFFER MESH INFO  |--------------------------------------
2016-08-21 18:22:15:386[cInfo        ] 

2016-08-21 18:22:15:387[cInfo        ] 
-----------------------------------------------------------------------
 BufferInfo::CreateBuffers()[0] Created buffers:| VERTEX [3] with [96] bytes. || INDEX [4] with [48] bytes |
-----------------------------------------------------------------------

2016-08-21 18:22:15:392[cInfo        ] --------BufferInfo::AddMesh() Added mesh successfully-------
2016-08-21 18:22:15:394[cInfo        ] 
2016-08-21 18:22:15:394[cInfo        ] --------------------| START BUFFER MESH INFO |-------------------------------------
2016-08-21 18:22:15:395[cInfo        ] BufferInfo::AddMesh(): NUM VERTS-----------------[8]
2016-08-21 18:22:15:396[cInfo        ] BufferInfo::AddMesh(): NUM INDICES---------------[24]
2016-08-21 18:22:15:397[cInfo        ] BufferInfo::AddMesh(): VERT OFFSET---------------[0]
2016-08-21 18:22:15:398[cInfo        ] BufferInfo::AddMesh(): INDICES OFFSET (BYTES)----[0]
2016-08-21 18:22:15:399[cInfo        ] --------------------|  END BUFFER MESH INFO  |--------------------------------------
2016-08-21 18:22:15:401[cInfo        ] 

2016-08-21 18:22:15:402[cInfo        ] 
-----------------------------------------------------------------------
 BufferInfo::CreateBuffers()[0] Created buffers:| VERTEX [5] with [864] bytes. || INDEX [6] with [0] bytes |
-----------------------------------------------------------------------

2016-08-21 18:22:15:406[cInfo        ] --------BufferInfo::AddMesh() Added mesh successfully-------
2016-08-21 18:22:15:407[cInfo        ] 
2016-08-21 18:22:15:407[cInfo        ] --------------------| START BUFFER MESH INFO |-------------------------------------
2016-08-21 18:22:15:408[cInfo        ] BufferInfo::AddMesh(): NUM VERTS-----------------[36]
2016-08-21 18:22:15:409[cInfo        ] BufferInfo::AddMesh(): NUM INDICES---------------[0]
2016-08-21 18:22:15:411[cInfo        ] BufferInfo::AddMesh(): VERT OFFSET---------------[0]
2016-08-21 18:22:15:412[cInfo        ] BufferInfo::AddMesh(): INDICES OFFSET (BYTES)----[0]
2016-08-21 18:22:15:413[cInfo        ] --------------------|  END BUFFER MESH INFO  |--------------------------------------
2016-08-21 18:22:15:414[cInfo        ] 

2016-08-21 18:22:15:415[cInfo        ] 
-----------------------------------------------------------------------
 BufferInfo::CreateBuffers()[0] Created buffers:| VERTEX [7] with [144] bytes. || INDEX [8] with [0] bytes |
-----------------------------------------------------------------------

2016-08-21 18:22:15:418[cInfo        ] --------BufferInfo::AddMesh() Added mesh successfully-------
2016-08-21 18:22:15:419[cInfo        ] 
2016-08-21 18:22:15:421[cInfo        ] --------------------| START BUFFER MESH INFO |-------------------------------------
2016-08-21 18:22:15:422[cInfo        ] BufferInfo::AddMesh(): NUM VERTS-----------------[6]
2016-08-21 18:22:15:423[cInfo        ] BufferInfo::AddMesh(): NUM INDICES---------------[0]
2016-08-21 18:22:15:423[cInfo        ] BufferInfo::AddMesh(): VERT OFFSET---------------[0]
2016-08-21 18:22:15:425[cInfo        ] BufferInfo::AddMesh(): INDICES OFFSET (BYTES)----[0]
2016-08-21 18:22:15:426[cInfo        ] --------------------|  END BUFFER MESH INFO  |--------------------------------------
2016-08-21 18:22:15:427[cInfo        ] 

2016-08-21 18:22:15:428[Process      ] BufferInfo::Initialize() successful.
2016-08-21 18:22:15:428[cInfo        ] 
-----------------------------------------------------------------------
 BufferInfo::CreateBuffers()[0] Created buffers:| VERTEX [9] with [1000000] bytes. || INDEX [10] with [1000000] bytes |
-----------------------------------------------------------------------

2016-08-21 18:22:15:433[cInfo        ] --------BufferInfo::AddMesh() Added mesh successfully-------
2016-08-21 18:22:15:434[cInfo        ] 
2016-08-21 18:22:15:434[cInfo        ] --------------------| START BUFFER MESH INFO |-------------------------------------
2016-08-21 18:22:15:435[cInfo        ] BufferInfo::AddMesh(): NUM VERTS-----------------[24]
2016-08-21 18:22:15:436[cInfo        ] BufferInfo::AddMesh(): NUM INDICES---------------[36]
2016-08-21 18:22:15:437[cInfo        ] BufferInfo::AddMesh(): VERT OFFSET---------------[0]
2016-08-21 18:22:15:438[cInfo        ] BufferInfo::AddMesh(): INDICES OFFSET (BYTES)----[0]
2016-08-21 18:22:15:439[cInfo        ] --------------------|  END BUFFER MESH INFO  |--------------------------------------
2016-08-21 18:22:15:441[cInfo        ] 

2016-08-21 18:22:15:444[Process      ] BufferInfo::Initialize() successful.
2016-08-21 18:22:15:444[cInfo        ] 
-----------------------------------------------------------------------
 BufferInfo::CreateBuffers()[1] Created buffers:| VERTEX [11] with [1000000] bytes. || INDEX [12] with [1000000] bytes |
-----------------------------------------------------------------------

2016-08-21 18:22:15:448[cInfo        ] --------BufferInfo::AddMesh() Added mesh successfully-------
2016-08-21 18:22:15:449[cInfo        ] 
2016-08-21 18:22:15:449[cInfo        ] --------------------| START BUFFER MESH INFO |-------------------------------------
2016-08-21 18:22:15:452[cInfo        ] BufferInfo::AddMesh(): NUM VERTS-----------------[1536]
2016-08-21 18:22:15:453[cInfo        ] BufferInfo::AddMesh(): NUM INDICES---------------[3072]
2016-08-21 18:22:15:454[cInfo        ] BufferInfo::AddMesh(): VERT OFFSET---------------[0]
2016-08-21 18:22:15:454[cInfo        ] BufferInfo::AddMesh(): INDICES OFFSET (BYTES)----[0]
2016-08-21 18:22:15:455[cInfo        ] --------------------|  END BUFFER MESH INFO  |--------------------------------------
2016-08-21 18:22:15:456[cInfo        ] 

2016-08-21 18:22:15:458[cInfo        ] 
-----------------------------------------------------------------------
 BufferInfo::CreateBuffers()[0] Created buffers:| VERTEX [13] with [3936] bytes. || INDEX [14] with [0] bytes |
-----------------------------------------------------------------------

2016-08-21 18:22:15:463[cInfo        ] --------BufferInfo::AddMesh() Added mesh successfully-------
2016-08-21 18:22:15:464[cInfo        ] 
2016-08-21 18:22:15:464[cInfo        ] --------------------| START BUFFER MESH INFO |-------------------------------------
2016-08-21 18:22:15:465[cInfo        ] BufferInfo::AddMesh(): NUM VERTS-----------------[164]
2016-08-21 18:22:15:466[cInfo        ] BufferInfo::AddMesh(): NUM INDICES---------------[0]
2016-08-21 18:22:15:467[cInfo        ] BufferInfo::AddMesh(): VERT OFFSET---------------[0]
2016-08-21 18:22:15:468[cInfo        ] BufferInfo::AddMesh(): INDICES OFFSET (BYTES)----[0]
2016-08-21 18:22:15:469[cInfo        ] --------------------|  END BUFFER MESH INFO  |--------------------------------------
2016-08-21 18:22:15:471[cInfo        ] 

2016-08-21 18:22:15:471[cProcess     ] ShapeGenerator initialized successfully.
2016-08-21 18:22:15:472[cProcess     ] Camera::Initialize() successful.
2016-08-21 18:22:15:473[cProcess     ] Keyboard::Initialize() successful
2016-08-21 18:22:15:474[cProcess     ] Keyboard::Initialize() successful
2016-08-21 18:22:15:486[cInfo        ] 
-----------------------------------------------------------------------
 BufferInfo::CreateBuffers()[0] Created buffers:| VERTEX [15] with [10810368] bytes. || INDEX [16] with [0] bytes |
-----------------------------------------------------------------------

2016-08-21 18:22:15:516[cInfo        ] --------BufferInfo::AddMesh() Added mesh successfully-------
2016-08-21 18:22:15:517[cInfo        ] 
2016-08-21 18:22:15:517[cInfo        ] --------------------| START BUFFER MESH INFO |-------------------------------------
2016-08-21 18:22:15:519[cInfo        ] BufferInfo::AddMesh(): NUM VERTS-----------------[337824]
2016-08-21 18:22:15:520[cInfo        ] BufferInfo::AddMesh(): NUM INDICES---------------[0]
2016-08-21 18:22:15:520[cInfo        ] BufferInfo::AddMesh(): VERT OFFSET---------------[0]
2016-08-21 18:22:15:521[cInfo        ] BufferInfo::AddMesh(): INDICES OFFSET (BYTES)----[0]
2016-08-21 18:22:15:522[cInfo        ] --------------------|  END BUFFER MESH INFO  |--------------------------------------
2016-08-21 18:22:15:524[cInfo        ] 

2016-08-21 18:22:15:554[Info         ] ShapeGenerator::ReadSceneFile(): Added new scene [..\Data\Scenes\Dargon.ptn.scene] successfully.
2016-08-21 18:22:15:554[cInfo        ] EntityManager::BuildPlayerEntity(): Built [Dargon] successfully
2016-08-21 18:22:15:560[Process      ] BufferInfo::Initialize() successful.
2016-08-21 18:22:15:566[cInfo        ] 
-----------------------------------------------------------------------
 BufferInfo::CreateBuffers()[2] Created buffers:| VERTEX [17] with [1000000] bytes. || INDEX [18] with [1000000] bytes |
-----------------------------------------------------------------------

2016-08-21 18:22:15:572[cInfo        ] --------BufferInfo::AddMesh() Added mesh successfully-------
2016-08-21 18:22:15:574[cInfo        ] 
2016-08-21 18:22:15:575[cInfo        ] --------------------| START BUFFER MESH INFO |-------------------------------------
2016-08-21 18:22:15:576[cInfo        ] BufferInfo::AddMesh(): NUM VERTS-----------------[36]
2016-08-21 18:22:15:577[cInfo        ] BufferInfo::AddMesh(): NUM INDICES---------------[0]
2016-08-21 18:22:15:578[cInfo        ] BufferInfo::AddMesh(): VERT OFFSET---------------[0]
2016-08-21 18:22:15:579[cInfo        ] BufferInfo::AddMesh(): INDICES OFFSET (BYTES)----[0]
2016-08-21 18:22:15:579[cInfo        ] --------------------|  END BUFFER MESH INFO  |--------------------------------------
2016-08-21 18:22:15:581[cInfo        ] 

2016-08-21 18:22:15:581[Info         ] ShapeGenerator::ReadSceneFile(): Added new scene [..\Data\Scenes\Cube.pn.scene] successfully.
2016-08-21 18:22:15:582[Process      ] BufferInfo::Initialize() successful.
2016-08-21 18:22:15:582[cInfo        ] 
-----------------------------------------------------------------------
 BufferInfo::CreateBuffers()[3] Created buffers:| VERTEX [19] with [1000000] bytes. || INDEX [20] with [1000000] bytes |
-----------------------------------------------------------------------

2016-08-21 18:22:15:587[cInfo        ] --------BufferInfo::AddMesh() Added mesh successfully-------
2016-08-21 18:22:15:588[cInfo        ] 
2016-08-21 18:22:15:588[cInfo        ] --------------------| START BUFFER MESH INFO |-------------------------------------
2016-08-21 18:22:15:589[cInfo        ] BufferInfo::AddMesh(): NUM VERTS-----------------[8718]
2016-08-21 18:22:15:590[cInfo        ] BufferInfo::AddMesh(): NUM INDICES---------------[0]
2016-08-21 18:22:15:591[cInfo        ] BufferInfo::AddMesh(): VERT OFFSET---------------[0]
2016-08-21 18:22:15:592[cInfo        ] BufferInfo::AddMesh(): INDICES OFFSET (BYTES)----[0]
2016-08-21 18:22:15:594[cInfo        ] --------------------|  END BUFFER MESH INFO  |--------------------------------------
2016-08-21 18:22:15:595[cInfo        ] 

2016-08-21 18:22:15:598[Info         ] ShapeGenerator::ReadSceneFile(): Added new scene [..\Data\Scenes\AIWorld.ptn.scene] successfully.
2016-08-21 18:22:15:598[cInfo        ] --------BufferInfo::AddMesh() Added mesh successfully-------
2016-08-21 18:22:15:599[cInfo        ] 
2016-08-21 18:22:15:600[cInfo        ] --------------------| START BUFFER MESH INFO |-------------------------------------
2016-08-21 18:22:15:601[cInfo        ] BufferInfo::AddMesh(): NUM VERTS-----------------[18]
2016-08-21 18:22:15:602[cInfo        ] BufferInfo::AddMesh(): NUM INDICES---------------[0]
2016-08-21 18:22:15:603[cInfo        ] BufferInfo::AddMesh(): VERT OFFSET---------------[36]
2016-08-21 18:22:15:604[cInfo        ] BufferInfo::AddMesh(): INDICES OFFSET (BYTES)----[0]
2016-08-21 18:22:15:605[cInfo        ] --------------------|  END BUFFER MESH INFO  |--------------------------------------
2016-08-21 18:22:15:606[cInfo        ] 

2016-08-21 18:22:15:608[Info         ] ShapeGenerator::ReadSceneFile(): Added new scene [..\Data\Scenes\Pyramid.pn.scene] successfully.
2016-08-21 18:22:15:613[cInfo        ] 
-----------------------------------------------------------------------
 BufferInfo::CreateBuffers()[0] Created buffers:| VERTEX [21] with [5529600] bytes. || INDEX [22] with [0] bytes |
-----------------------------------------------------------------------

2016-08-21 18:22:15:629[cInfo        ] --------BufferInfo::AddMesh() Added mesh successfully-------
2016-08-21 18:22:15:630[cInfo        ] 
2016-08-21 18:22:15:631[cInfo        ] --------------------| START BUFFER MESH INFO |-------------------------------------
2016-08-21 18:22:15:633[cInfo        ] BufferInfo::AddMesh(): NUM VERTS-----------------[172800]
2016-08-21 18:22:15:635[cInfo        ] BufferInfo::AddMesh(): NUM INDICES---------------[0]
2016-08-21 18:22:15:636[cInfo        ] BufferInfo::AddMesh(): VERT OFFSET---------------[0]
2016-08-21 18:22:15:638[cInfo        ] BufferInfo::AddMesh(): INDICES OFFSET (BYTES)----[0]
2016-08-21 18:22:15:639[cInfo        ] --------------------|  END BUFFER MESH INFO  |--------------------------------------
2016-08-21 18:22:15:641[cInfo        ] 

2016-08-21 18:22:15:644[Info         ] ShapeGenerator::ReadSceneFile(): Added new scene [..\Data\Scenes\WaterPlane.ptn.scene] successfully.
2016-08-21 18:22:15:645[cProcess     ] Camera::Initialize() successful.
2016-08-21 18:22:15:655[Process      ] BufferInfo::Initialize() successful.
2016-08-21 18:22:15:655[cInfo        ] 
-----------------------------------------------------------------------
 BufferInfo::CreateBuffers()[4] Created buffers:| VERTEX [23] with [8107776] bytes. || INDEX [24] with [0] bytes |
-----------------------------------------------------------------------

2016-08-21 18:22:15:677[cInfo        ] --------BufferInfo::AddMesh() Added mesh successfully-------
2016-08-21 18:22:15:678[cInfo        ] 
2016-08-21 18:22:15:678[cInfo        ] --------------------| START BUFFER MESH INFO |-------------------------------------
2016-08-21 18:22:15:680[cInfo        ] BufferInfo::AddMesh(): NUM VERTS-----------------[337824]
2016-08-21 18:22:15:681[cInfo        ] BufferInfo::AddMesh(): NUM INDICES---------------[0]
2016-08-21 18:22:15:682[cInfo        ] BufferInfo::AddMesh(): VERT OFFSET---------------[0]
2016-08-21 18:22:15:683[cInfo        ] BufferInfo::AddMesh(): INDICES OFFSET (BYTES)----[0]
2016-08-21 18:22:15:684[cInfo        ] --------------------|  END BUFFER MESH INFO  |--------------------------------------
2016-08-21 18:22:15:686[cInfo        ] 

2016-08-21 18:22:15:687[Info         ] ShapeGenerator::ReadSceneFile(): Added new scene [..\Data\Scenes\Dargon.pn.scene] successfully.
2016-08-21 18:22:15:687[Process      ] BufferInfo::Initialize() successful.
2016-08-21 18:22:15:687[cInfo        ] 
-----------------------------------------------------------------------
 BufferInfo::CreateBuffers()[5] Created buffers:| VERTEX [25] with [1000000] bytes. || INDEX [26] with [1000000] bytes |
-----------------------------------------------------------------------

2016-08-21 18:22:15:693[cInfo        ] --------BufferInfo::AddMesh() Added mesh successfully-------
2016-08-21 18:22:15:694[cInfo        ] 
2016-08-21 18:22:15:694[cInfo        ] --------------------| START BUFFER MESH INFO |-------------------------------------
2016-08-21 18:22:15:695[cInfo        ] BufferInfo::AddMesh(): NUM VERTS-----------------[6]
2016-08-21 18:22:15:696[cInfo        ] BufferInfo::AddMesh(): NUM INDICES---------------[0]
2016-08-21 18:22:15:697[cInfo        ] BufferInfo::AddMesh(): VERT OFFSET---------------[0]
2016-08-21 18:22:15:699[cInfo        ] BufferInfo::AddMesh(): INDICES OFFSET (BYTES)----[0]
2016-08-21 18:22:15:700[cInfo        ] --------------------|  END BUFFER MESH INFO  |--------------------------------------
2016-08-21 18:22:15:701[cInfo        ] 

2016-08-21 18:22:15:702[cProcess     ] BodaciousQuest::Initialize() successful.
2016-08-21 18:22:15:702[Process      ] GameTime::Initialize() ok

2016-08-21 18:22:15:702[cProcess     ] MyWindow::Initialize() successful!
2016-08-21 18:23:10:652[cInfo        ] Cube Position: -0.875458 3.673020 1.043331
2016-08-21 18:24:02:518[cInfo        ] Cube Position: 21.216663 0.409435 29.224785
2016-08-21 18:24:03:780[cInfo        ] Cube Position: 21.216663 0.409435 29.224785
2016-08-21 18:24:08:872[cInfo        ] Cube Position: 20.970480 -0.008615 29.096615
2016-08-21 18:24:37:622[cProcess     ] BufferManager::Shutdown() successful.
2016-08-21 18:24:37:623[cProcess     ] RenderEngine::Shutdown() successful.
2016-08-21 18:24:37:624[cProcess     ] Camera::Shutdown() successful.
2016-08-21 18:24:37:625[Info         ] Shader  [2] deleting...
2016-08-21 18:24:37:625[Info         ] Shader  [2] deleted successfully.
2016-08-21 18:24:37:625[Info         ] Shader  [3] deleting...
2016-08-21 18:24:37:625[Info         ] Shader  [3] deleted successfully.
2016-08-21 18:24:37:625[Info         ] All shaders deleted successfully.
2016-08-21 18:24:37:625[cInfo        ] Program [1] deleted successfully.
2016-08-21 18:24:37:625[Process      ] ShaderProgram[1]::Shutdown successful!
2016-08-21 18:24:37:626[Info         ] Shader  [5] deleting...
2016-08-21 18:24:37:626[Info         ] Shader  [5] deleted successfully.
2016-08-21 18:24:37:626[Info         ] Shader  [6] deleting...
2016-08-21 18:24:37:626[Info         ] Shader  [6] deleted successfully.
2016-08-21 18:24:37:626[Info         ] All shaders deleted successfully.
2016-08-21 18:24:37:626[cInfo        ] Program [4] deleted successfully.
2016-08-21 18:24:37:626[Process      ] ShaderProgram[4]::Shutdown successful!
2016-08-21 18:24:37:627[Info         ] Shader  [8] deleting...
2016-08-21 18:24:37:627[Info         ] Shader  [8] deleted successfully.
2016-08-21 18:24:37:627[Info         ] Shader  [9] deleting...
2016-08-21 18:24:37:627[Info         ] Shader  [9] deleted successfully.
2016-08-21 18:24:37:627[Info         ] All shaders deleted successfully.
2016-08-21 18:24:37:627[cInfo        ] Program [7] deleted successfully.
2016-08-21 18:24:37:627[Process      ] ShaderProgram[7]::Shutdown successful!
2016-08-21 18:24:37:627[Info         ] Shader  [11] deleting...
2016-08-21 18:24:37:627[Info         ] Shader  [11] deleted successfully.
2016-08-21 18:24:37:627[Info         ] Shader  [12] deleting...
2016-08-21 18:24:37:628[Info         ] Shader  [12] deleted successfully.
2016-08-21 18:24:37:628[Info         ] All shaders deleted successfully.
2016-08-21 18:24:37:628[cInfo        ] Program [10] deleted successfully.
2016-08-21 18:24:37:628[Process      ] ShaderProgram[10]::Shutdown successful!
2016-08-21 18:24:37:628[Info         ] Shader  [14] deleting...
2016-08-21 18:24:37:628[Info         ] Shader  [14] deleted successfully.
2016-08-21 18:24:37:628[Info         ] Shader  [15] deleting...
2016-08-21 18:24:37:628[Info         ] Shader  [15] deleted successfully.
2016-08-21 18:24:37:628[Info         ] All shaders deleted successfully.
2016-08-21 18:24:37:629[cInfo        ] Program [13] deleted successfully.
2016-08-21 18:24:37:629[Process      ] ShaderProgram[13]::Shutdown successful!
2016-08-21 18:24:37:629[Info         ] Shader  [17] deleting...
2016-08-21 18:24:37:629[Info         ] Shader  [17] deleted successfully.
2016-08-21 18:24:37:629[Info         ] Shader  [18] deleting...
2016-08-21 18:24:37:629[Info         ] Shader  [18] deleted successfully.
2016-08-21 18:24:37:629[Info         ] All shaders deleted successfully.
2016-08-21 18:24:37:629[cInfo        ] Program [16] deleted successfully.
2016-08-21 18:24:37:630[Process      ] ShaderProgram[16]::Shutdown successful!
2016-08-21 18:24:37:630[Info         ] Shader  [20] deleting...
2016-08-21 18:24:37:630[Info         ] Shader  [20] deleted successfully.
2016-08-21 18:24:37:630[Info         ] Shader  [21] deleting...
2016-08-21 18:24:37:630[Info         ] Shader  [21] deleted successfully.
2016-08-21 18:24:37:630[Info         ] All shaders deleted successfully.
2016-08-21 18:24:37:630[cInfo        ] Program [19] deleted successfully.
2016-08-21 18:24:37:633[Process      ] ShaderProgram[19]::Shutdown successful!
2016-08-21 18:24:37:633[cProcess     ] MyWindow::Shutdown() successful!
2016-08-21 18:24:37:633[cProcess     ] BodaciousQuest::Shutdown() successful.
2016-08-21 18:24:37:644[Process      ] ConfigReader shut down successfully
2016-08-21 18:24:37:644[Process      ] GameLogger::ShutDown() successful
