2016-08-18 13:25:39:189[Process      ] GameLogger::Initialize() opened log file [..\Data\LogFiles\2016-08-18 13-25-39.BodaciousQuest.log] for writing
2016-08-18 13:25:39:189[Info         ] GameLogger::Initialize() successful
2016-08-18 13:25:39:189[Process      ] ConfigReader opened [..\Data\BodaciousQuest.config] successfully
2016-08-18 13:25:39:189[Info         ] ConfigReader initialized successfully
2016-08-18 13:25:39:189[Info         ] Valid KVP [BodaciousQuest.ShowFullScreen] [false] added
2016-08-18 13:25:39:189[Info         ] Valid KVP [BodaciousQuest.FpsInterval] [5.0] added
2016-08-18 13:25:39:191[Info         ] Valid KVP [BodaciousQuest.EnableControls] [true] added
2016-08-18 13:25:39:191[Info         ] Valid KVP [BodaciousQuest.LoadCubeFirst] [true] added
2016-08-18 13:25:39:191[Info         ] Valid KVP [BodaciousQuest.CameraWalkMode] [false] added
2016-08-18 13:25:39:191[Info         ] Valid KVP [BodaciousQuest.GridSize] [40] added
2016-08-18 13:25:39:191[Info         ] Valid KVP [BodaciousQuest.LightingTest.Ambient.Color] [1.0  1.0  1.0] added
2016-08-18 13:25:39:191[Info         ] Valid KVP [BodaciousQuest.LightingTest.Diffuse.Color] [1.0  0.9  0.9] added
2016-08-18 13:25:39:191[Info         ] Valid KVP [BodaciousQuest.LightingTest.Specular.Color] [1.0  1.0  1.0] added
2016-08-18 13:25:39:191[Info         ] Valid KVP [BodaciousQuest.LightingTest.Ambient.Reflectivity] [0.02] added
2016-08-18 13:25:39:191[Info         ] Valid KVP [BodaciousQuest.LightingTest.Diffuse.Reflectivity] [0.4] added
2016-08-18 13:25:39:191[Info         ] Valid KVP [BodaciousQuest.LightingTest.Specular.Reflectivity] [0.5] added
2016-08-18 13:25:39:191[Info         ] Valid KVP [BodaciousQuest.LightingTest.Specular.Shininess] [1.0] added
2016-08-18 13:25:39:191[Info         ] Valid KVP [BodaciousQuest.LightingTest.Falloff.A] [1.0] added
2016-08-18 13:25:39:191[Info         ] Valid KVP [BodaciousQuest.LightingTest.Falloff.B] [0.1] added
2016-08-18 13:25:39:191[Info         ] Valid KVP [BodaciousQuest.LightingTest.Falloff.C] [0.001] added
2016-08-18 13:25:39:191[Info         ] Valid KVP [BodaciousQuest.LightingTest.Directional] [false] added
2016-08-18 13:25:39:191[Info         ] Valid KVP [BodaciousQuest.LightingTest.Direction] [-1.0 0.0 1.0] added
2016-08-18 13:25:39:192[Info         ] Valid KVP [BodaciousQuest.LightingTest.Light.Position] [-0.875458 3.673020 1.043331] added
2016-08-18 13:25:39:192[Info         ] Valid KVP [BodaciousQuest.LightingTest.Dargon.Color] [1.0 1.0 0.4] added
2016-08-18 13:25:39:192[Info         ] Valid KVP [ObjConverter.Mode.VertexType] [p] added
2016-08-18 13:25:39:192[Info         ] Valid KVP [ObjConverter.Mode.Analyze] [false] added
2016-08-18 13:25:39:192[Info         ] Valid KVP [ObjConverter.Model] [AIWorld] added
2016-08-18 13:25:39:192[Info         ] Valid KVP [ObjConverter.Shader] [0] added
2016-08-18 13:25:39:192[Info         ] Valid KVP [ObjConverter.Color] [random] added
2016-08-18 13:25:39:192[Info         ] Valid KVP [ObjConverter.Obj.InputFileFolder] [..\\Data\\Objs\\] added
2016-08-18 13:25:39:192[Info         ] Valid KVP [ObjConverter.Scene.OutputFileFolder] [..\\Data\\Scenes\\] added
2016-08-18 13:25:39:192[Info         ] Valid KVP [ObjConverter.Model.Dargon.NumVerts] [57967] added
2016-08-18 13:25:39:192[Info         ] Valid KVP [ObjConverter.Model.Dargon.NumIndices] [337824] added
2016-08-18 13:25:39:192[Info         ] Valid KVP [ObjConverter.Model.Dargon.NumTexCoords] [60175] added
2016-08-18 13:25:39:192[Info         ] Valid KVP [ObjConverter.Model.Dargon.NumNormals] [337824] added
2016-08-18 13:25:39:192[Info         ] Valid KVP [ObjConverter.Model.Swamp.NumVerts] [2735] added
2016-08-18 13:25:39:192[Info         ] Valid KVP [ObjConverter.Model.Swamp.NumIndices] [8556] added
2016-08-18 13:25:39:192[Info         ] Valid KVP [ObjConverter.Model.Swamp.NumTexCoords] [3622] added
2016-08-18 13:25:39:192[Info         ] Valid KVP [ObjConverter.Model.Swamp.NumNormals] [5156] added
2016-08-18 13:25:39:192[Info         ] Valid KVP [ObjConverter.Model.Pyramid.NumVerts] [5] added
2016-08-18 13:25:39:192[Info         ] Valid KVP [ObjConverter.Model.Pyramid.NumIndices] [18] added
2016-08-18 13:25:39:192[Info         ] Valid KVP [ObjConverter.Model.Pyramid.NumTexCoords] [10] added
2016-08-18 13:25:39:192[Info         ] Valid KVP [ObjConverter.Model.Pyramid.NumNormals] [16] added
2016-08-18 13:25:39:192[Info         ] Valid KVP [ObjConverter.Model.AIWorld.NumVerts] [1957] added
2016-08-18 13:25:39:192[Info         ] Valid KVP [ObjConverter.Model.AIWorld.NumIndices] [8718] added
2016-08-18 13:25:39:192[Info         ] Valid KVP [ObjConverter.Model.AIWorld.NumTexCoords] [4186] added
2016-08-18 13:25:39:192[Info         ] Valid KVP [ObjConverter.Model.AIWorld.NumNormals] [5418] added
2016-08-18 13:25:39:192[Info         ] Valid KVP [ObjConverter.Model.GameWeapon.NumVerts] [2068] added
2016-08-18 13:25:39:192[Info         ] Valid KVP [ObjConverter.Model.GameWeapon.NumIndices] [9894] added
2016-08-18 13:25:39:192[Info         ] Valid KVP [ObjConverter.Model.GameWeapon.NumTexCoords] [0] added
2016-08-18 13:25:39:192[Info         ] Valid KVP [ObjConverter.Model.GameWeapon.NumNormals] [0] added
2016-08-18 13:25:39:192[Info         ] Valid KVP [ObjConverter.Model.Chicken.NumVerts] [224] added
2016-08-18 13:25:39:192[Info         ] Valid KVP [ObjConverter.Model.Chicken.NumIndices] [1374] added
2016-08-18 13:25:39:192[Info         ] Valid KVP [ObjConverter.Model.Chicken.NumTexCoords] [472] added
2016-08-18 13:25:39:192[Info         ] Valid KVP [ObjConverter.Model.Chicken.NumNormals] [565] added
2016-08-18 13:25:39:192[Info         ] Valid KVP [ObjConverter.Model.WaterPlane.NumVerts] [29282] added
2016-08-18 13:25:39:192[Info         ] Valid KVP [ObjConverter.Model.WaterPlane.NumIndices] [172800] added
2016-08-18 13:25:39:192[Info         ] Valid KVP [ObjConverter.Model.WaterPlane.NumTexCoords] [29282] added
2016-08-18 13:25:39:192[Info         ] Valid KVP [ObjConverter.Model.WaterPlane.NumNormals] [172800] added
2016-08-18 13:25:39:192[Info         ] Valid KVP [ObjConverter.Model.Cube.NumVerts] [8] added
2016-08-18 13:25:39:192[Info         ] Valid KVP [ObjConverter.Model.Cube.NumIndices] [36] added
2016-08-18 13:25:39:192[Info         ] Valid KVP [ObjConverter.Model.Cube.NumTexCoords] [14] added
2016-08-18 13:25:39:192[Info         ] Valid KVP [ObjConverter.Model.Cube.NumNormals] [24] added
2016-08-18 13:25:39:192[Info         ] Valid KVP [ObjConverter.Model.Barrel.NumVerts] [172] added
2016-08-18 13:25:39:192[Info         ] Valid KVP [ObjConverter.Model.Barrel.NumIndices] [1008] added
2016-08-18 13:25:39:192[Info         ] Valid KVP [ObjConverter.Model.Barrel.NumTexCoords] [328] added
2016-08-18 13:25:39:192[Info         ] Valid KVP [ObjConverter.Model.Barrel.NumNormals] [204] added
2016-08-18 13:25:39:192[Info         ] Valid KVP [ObjConverter.Model.SkyBox.NumVerts] [8] added
2016-08-18 13:25:39:192[Info         ] Valid KVP [ObjConverter.Model.SkyBox.NumIndices] [36] added
2016-08-18 13:25:39:192[Info         ] Valid KVP [ObjConverter.Model.SkyBox.NumTexCoords] [18] added
2016-08-18 13:25:39:192[Info         ] Valid KVP [ObjConverter.Model.SkyBox.NumNormals] [24] added
2016-08-18 13:25:39:256[cInfo        ] Config reader opened [..\Data\BodaciousQuest.config] for reading!
2016-08-18 13:25:39:308[Process      ] ShaderManager Initialized successfully
2016-08-18 13:25:39:308[Info         ] Shader Init started
2016-08-18 13:25:39:308[Info         ] Shader Program created.
2016-08-18 13:25:39:308[Process      ] ShaderProgram::Initialize()[1] successful!
2016-08-18 13:25:39:308[Debug        ] File [..\Data\shaders\debug.vert.shader] Opened successfully! Buffer Length:[291]
2016-08-18 13:25:39:308[Debug        ] Shader file [..\Data\shaders\debug.vert.shader] contents:
//BEGIN
#version 430 core

layout(location = 0)  in vec3 vPosition;

layout(location = 15) uniform vec3 colorin;
layout(location = 16) uniform mat4 MAT;

out vec4 color;

void main()
{
	vec4 vertPos = vec4(vPosition, 1.0);
	gl_Position = MAT *  vertPos;
	color = vec4(colorin, 1.0);
}
//END

2016-08-18 13:25:39:308[Debug        ]  ShaderProgram::AddShader() file with data was read in
2016-08-18 13:25:39:308[Debug        ] ShaderProgram::AddShader() : glShaderSource() successful
2016-08-18 13:25:39:309[Debug        ] ShaderProgram::AddShader() : glCompileShader() successful
2016-08-18 13:25:39:309[Info         ] ShaderProgram::CheckShaderCompileStatus(2) successful.
2016-08-18 13:25:39:309[Debug        ] ShaderProgram::AddShader() : glCompileShader() successful
2016-08-18 13:25:39:309[Info         ] ShaderInfo saved successfully.
2016-08-18 13:25:39:309[Debug        ] ShaderProgram::AddShader() : glAttachShader() successful
2016-08-18 13:25:39:309[Info         ] ShaderProgram::AddShader [2] successful.
2016-08-18 13:25:39:309[Debug        ] File [..\Data\shaders\debug.frag.shader] Opened successfully! Buffer Length:[104]
2016-08-18 13:25:39:309[Debug        ] Shader file [..\Data\shaders\debug.frag.shader] contents:
//BEGIN
#version 430 core


in  vec4 color;
out vec4 outColor;

void main()
{
	outColor = color;
}


//END

2016-08-18 13:25:39:309[Debug        ]  ShaderProgram::AddShader() file with data was read in
2016-08-18 13:25:39:309[Debug        ] ShaderProgram::AddShader() : glShaderSource() successful
2016-08-18 13:25:39:309[Debug        ] ShaderProgram::AddShader() : glCompileShader() successful
2016-08-18 13:25:39:309[Info         ] ShaderProgram::CheckShaderCompileStatus(3) successful.
2016-08-18 13:25:39:309[Debug        ] ShaderProgram::AddShader() : glCompileShader() successful
2016-08-18 13:25:39:309[Info         ] ShaderInfo saved successfully.
2016-08-18 13:25:39:309[Debug        ] ShaderProgram::AddShader() : glAttachShader() successful
2016-08-18 13:25:39:309[Info         ] ShaderProgram::AddShader [3] successful.
2016-08-18 13:25:39:310[Info         ] CheckProgramStatus() successful!
2016-08-18 13:25:39:310[Info         ] CheckProgramStatus() successful!
2016-08-18 13:25:39:310[Info         ] Shader Init started
2016-08-18 13:25:39:310[Info         ] Shader Program created.
2016-08-18 13:25:39:310[Process      ] ShaderProgram::Initialize()[4] successful!
2016-08-18 13:25:39:310[Debug        ] File [..\Data\shaders\play.vert.shader] Opened successfully! Buffer Length:[343]
2016-08-18 13:25:39:310[Debug        ] Shader file [..\Data\shaders\play.vert.shader] contents:
//BEGIN
#version 430 core

layout (location = 0)  in vec3 vPosition;
layout (location = 1)  in vec3 vColor;
layout (location = 15) uniform vec3 colorin;
layout (location = 16) uniform mat4 MAT;

out vec4 color;

void main()
{
	vec4 vertPos = vec4(vPosition, 1.0);
	gl_Position = MAT *  vertPos;
	color = vec4((vColor + colorin), 1.0);
}
//END

2016-08-18 13:25:39:310[Debug        ]  ShaderProgram::AddShader() file with data was read in
2016-08-18 13:25:39:310[Debug        ] ShaderProgram::AddShader() : glShaderSource() successful
2016-08-18 13:25:39:311[Debug        ] ShaderProgram::AddShader() : glCompileShader() successful
2016-08-18 13:25:39:311[Info         ] ShaderProgram::CheckShaderCompileStatus(5) successful.
2016-08-18 13:25:39:311[Debug        ] ShaderProgram::AddShader() : glCompileShader() successful
2016-08-18 13:25:39:311[Info         ] ShaderInfo saved successfully.
2016-08-18 13:25:39:311[Debug        ] ShaderProgram::AddShader() : glAttachShader() successful
2016-08-18 13:25:39:311[Info         ] ShaderProgram::AddShader [5] successful.
2016-08-18 13:25:39:311[Debug        ] File [..\Data\shaders\play.frag.shader] Opened successfully! Buffer Length:[391]
2016-08-18 13:25:39:311[Debug        ] Shader file [..\Data\shaders\play.frag.shader] contents:
//BEGIN
#version 430 core


in  vec4 color;
out vec4 outColor;

void main()
{

	//if (color.r < .7) discard;
	outColor = color;

	//if(((gl_FragCoord.x  > 600)&& (gl_FragCoord.y < 300)) || ((gl_FragCoord.y < 300)  && (gl_FragCoord.x  < 600) )) {
	//discard;
	//}

	//vec2 scrPos = vec2(gl_FragCoord) - vec2(350,150);
	//float len =  length(scrPos);
	//if(len < 50 )discard;
}


//END

2016-08-18 13:25:39:311[Debug        ]  ShaderProgram::AddShader() file with data was read in
2016-08-18 13:25:39:311[Debug        ] ShaderProgram::AddShader() : glShaderSource() successful
2016-08-18 13:25:39:311[Debug        ] ShaderProgram::AddShader() : glCompileShader() successful
2016-08-18 13:25:39:311[Info         ] ShaderProgram::CheckShaderCompileStatus(6) successful.
2016-08-18 13:25:39:311[Debug        ] ShaderProgram::AddShader() : glCompileShader() successful
2016-08-18 13:25:39:311[Info         ] ShaderInfo saved successfully.
2016-08-18 13:25:39:311[Debug        ] ShaderProgram::AddShader() : glAttachShader() successful
2016-08-18 13:25:39:311[Info         ] ShaderProgram::AddShader [6] successful.
2016-08-18 13:25:39:312[Info         ] CheckProgramStatus() successful!
2016-08-18 13:25:39:312[Info         ] CheckProgramStatus() successful!
2016-08-18 13:25:39:312[Info         ] Shader Init started
2016-08-18 13:25:39:312[Info         ] Shader Program created.
2016-08-18 13:25:39:312[Process      ] ShaderProgram::Initialize()[7] successful!
2016-08-18 13:25:39:312[Debug        ] File [..\Data\shaders\texture.vert.shader] Opened successfully! Buffer Length:[305]
2016-08-18 13:25:39:312[Debug        ] Shader file [..\Data\shaders\texture.vert.shader] contents:
//BEGIN
#version 430 core

layout (location = 0)  in vec3 vPosition;
layout (location = 1)  in vec2 vUV;

layout (location = 16) uniform mat4 MAT;

//out data
out vec2 UV;

//out vec4 color;

void main()
{
	vec4 vertPos = vec4(vPosition, 1.0);
	gl_Position = MAT *  vertPos;

	UV = vUV;
	
	
}
//END

2016-08-18 13:25:39:312[Debug        ]  ShaderProgram::AddShader() file with data was read in
2016-08-18 13:25:39:312[Debug        ] ShaderProgram::AddShader() : glShaderSource() successful
2016-08-18 13:25:39:312[Debug        ] ShaderProgram::AddShader() : glCompileShader() successful
2016-08-18 13:25:39:312[Info         ] ShaderProgram::CheckShaderCompileStatus(8) successful.
2016-08-18 13:25:39:312[Debug        ] ShaderProgram::AddShader() : glCompileShader() successful
2016-08-18 13:25:39:312[Info         ] ShaderInfo saved successfully.
2016-08-18 13:25:39:312[Debug        ] ShaderProgram::AddShader() : glAttachShader() successful
2016-08-18 13:25:39:312[Info         ] ShaderProgram::AddShader [8] successful.
2016-08-18 13:25:39:312[Debug        ] File [..\Data\shaders\texture.frag.shader] Opened successfully! Buffer Length:[482]
2016-08-18 13:25:39:312[Debug        ] Shader file [..\Data\shaders\texture.frag.shader] contents:
//BEGIN
#version 430 core


in  vec2 UV;
out vec4 outColor;

layout(location = 20) uniform sampler2D textureSampler;

void main()
{

	//if (color.r < .7) discard;
	outColor = vec4(texture(textureSampler, UV).rgb, 1.0);

	//if(((gl_FragCoord.x  > 600)&& (gl_FragCoord.y < 300)) || ((gl_FragCoord.y < 300)  && (gl_FragCoord.x  < 600) )) {
	//discard;
	//}
	//vec2 scrPos = vec2(gl_FragCoord) - vec2(350,150);
	//float len =  length(scrPos);
	//if(len < 50 )discard;
}


//END

2016-08-18 13:25:39:312[Debug        ]  ShaderProgram::AddShader() file with data was read in
2016-08-18 13:25:39:312[Debug        ] ShaderProgram::AddShader() : glShaderSource() successful
2016-08-18 13:25:39:313[Debug        ] ShaderProgram::AddShader() : glCompileShader() successful
2016-08-18 13:25:39:313[Info         ] ShaderProgram::CheckShaderCompileStatus(9) successful.
2016-08-18 13:25:39:313[Debug        ] ShaderProgram::AddShader() : glCompileShader() successful
2016-08-18 13:25:39:313[Info         ] ShaderInfo saved successfully.
2016-08-18 13:25:39:313[Debug        ] ShaderProgram::AddShader() : glAttachShader() successful
2016-08-18 13:25:39:313[Info         ] ShaderProgram::AddShader [9] successful.
2016-08-18 13:25:39:314[Info         ] CheckProgramStatus() successful!
2016-08-18 13:25:39:314[Info         ] CheckProgramStatus() successful!
2016-08-18 13:25:39:314[Info         ] Shader Init started
2016-08-18 13:25:39:314[Info         ] Shader Program created.
2016-08-18 13:25:39:314[Process      ] ShaderProgram::Initialize()[10] successful!
2016-08-18 13:25:39:314[Debug        ] File [..\Data\shaders\framebuffer.vert.shader] Opened successfully! Buffer Length:[305]
2016-08-18 13:25:39:314[Debug        ] Shader file [..\Data\shaders\framebuffer.vert.shader] contents:
//BEGIN
#version 430 core

layout (location = 0)  in vec3 vPosition;
layout (location = 1)  in vec2 vUV;

layout (location = 16) uniform mat4 MAT;

//out data
out vec2 UV;

//out vec4 color;

void main()
{
	vec4 vertPos = vec4(vPosition, 1.0);
	gl_Position = MAT *  vertPos;

	UV = vUV;
	
	
}
//END

2016-08-18 13:25:39:314[Debug        ]  ShaderProgram::AddShader() file with data was read in
2016-08-18 13:25:39:314[Debug        ] ShaderProgram::AddShader() : glShaderSource() successful
2016-08-18 13:25:39:314[Debug        ] ShaderProgram::AddShader() : glCompileShader() successful
2016-08-18 13:25:39:314[Info         ] ShaderProgram::CheckShaderCompileStatus(11) successful.
2016-08-18 13:25:39:314[Debug        ] ShaderProgram::AddShader() : glCompileShader() successful
2016-08-18 13:25:39:314[Info         ] ShaderInfo saved successfully.
2016-08-18 13:25:39:314[Debug        ] ShaderProgram::AddShader() : glAttachShader() successful
2016-08-18 13:25:39:314[Info         ] ShaderProgram::AddShader [11] successful.
2016-08-18 13:25:39:314[Debug        ] File [..\Data\shaders\framebuffer.frag.shader] Opened successfully! Buffer Length:[275]
2016-08-18 13:25:39:314[Debug        ] Shader file [..\Data\shaders\framebuffer.frag.shader] contents:
//BEGIN
#version 430 core


in  vec2 UV;
out vec4 outColor;

layout(location = 20) uniform sampler2D textureSampler;

void main()
{


	vec3 tempCol = texture(textureSampler, UV).rgb;

	outColor = vec4(tempCol.r / 1.5f, tempCol.g / 1.5f, tempCol.b / 1.5f, 1.0f);
}


//END

2016-08-18 13:25:39:314[Debug        ]  ShaderProgram::AddShader() file with data was read in
2016-08-18 13:25:39:314[Debug        ] ShaderProgram::AddShader() : glShaderSource() successful
2016-08-18 13:25:39:314[Debug        ] ShaderProgram::AddShader() : glCompileShader() successful
2016-08-18 13:25:39:314[Info         ] ShaderProgram::CheckShaderCompileStatus(12) successful.
2016-08-18 13:25:39:314[Debug        ] ShaderProgram::AddShader() : glCompileShader() successful
2016-08-18 13:25:39:314[Info         ] ShaderInfo saved successfully.
2016-08-18 13:25:39:314[Debug        ] ShaderProgram::AddShader() : glAttachShader() successful
2016-08-18 13:25:39:314[Info         ] ShaderProgram::AddShader [12] successful.
2016-08-18 13:25:39:315[Info         ] CheckProgramStatus() successful!
2016-08-18 13:25:39:315[Info         ] CheckProgramStatus() successful!
2016-08-18 13:25:39:315[Info         ] Shader Init started
2016-08-18 13:25:39:315[Info         ] Shader Program created.
2016-08-18 13:25:39:316[Process      ] ShaderProgram::Initialize()[13] successful!
2016-08-18 13:25:39:316[Debug        ] File [..\Data\shaders\lighting.vert.shader] Opened successfully! Buffer Length:[1121]
2016-08-18 13:25:39:316[cDebug       ] Shader file [..\Data\shaders\lighting.vert.shader] is too big to display contents.
2016-08-18 13:25:39:318[Debug        ]  ShaderProgram::AddShader() file with data was read in
2016-08-18 13:25:39:318[Debug        ] ShaderProgram::AddShader() : glShaderSource() successful
2016-08-18 13:25:39:319[Debug        ] ShaderProgram::AddShader() : glCompileShader() successful
2016-08-18 13:25:39:319[Info         ] ShaderProgram::CheckShaderCompileStatus(14) successful.
2016-08-18 13:25:39:319[Debug        ] ShaderProgram::AddShader() : glCompileShader() successful
2016-08-18 13:25:39:319[Info         ] ShaderInfo saved successfully.
2016-08-18 13:25:39:319[Debug        ] ShaderProgram::AddShader() : glAttachShader() successful
2016-08-18 13:25:39:319[Info         ] ShaderProgram::AddShader [14] successful.
2016-08-18 13:25:39:319[Debug        ] File [..\Data\shaders\lighting.frag.shader] Opened successfully! Buffer Length:[1744]
2016-08-18 13:25:39:319[cDebug       ] Shader file [..\Data\shaders\lighting.frag.shader] is too big to display contents.
2016-08-18 13:25:39:321[Debug        ]  ShaderProgram::AddShader() file with data was read in
2016-08-18 13:25:39:321[Debug        ] ShaderProgram::AddShader() : glShaderSource() successful
2016-08-18 13:25:39:322[Debug        ] ShaderProgram::AddShader() : glCompileShader() successful
2016-08-18 13:25:39:322[Info         ] ShaderProgram::CheckShaderCompileStatus(15) successful.
2016-08-18 13:25:39:322[Debug        ] ShaderProgram::AddShader() : glCompileShader() successful
2016-08-18 13:25:39:322[Info         ] ShaderInfo saved successfully.
2016-08-18 13:25:39:322[Debug        ] ShaderProgram::AddShader() : glAttachShader() successful
2016-08-18 13:25:39:322[Info         ] ShaderProgram::AddShader [15] successful.
2016-08-18 13:25:39:324[Info         ] CheckProgramStatus() successful!
2016-08-18 13:25:39:325[Info         ] CheckProgramStatus() successful!
2016-08-18 13:25:39:325[Info         ] Shader Init started
2016-08-18 13:25:39:325[Info         ] Shader Program created.
2016-08-18 13:25:39:325[Process      ] ShaderProgram::Initialize()[16] successful!
2016-08-18 13:25:39:325[Debug        ] File [..\Data\shaders\texlighting.vert.shader] Opened successfully! Buffer Length:[1122]
2016-08-18 13:25:39:325[cDebug       ] Shader file [..\Data\shaders\texlighting.vert.shader] is too big to display contents.
2016-08-18 13:25:39:326[Debug        ]  ShaderProgram::AddShader() file with data was read in
2016-08-18 13:25:39:326[Debug        ] ShaderProgram::AddShader() : glShaderSource() successful
2016-08-18 13:25:39:327[Debug        ] ShaderProgram::AddShader() : glCompileShader() successful
2016-08-18 13:25:39:327[Info         ] ShaderProgram::CheckShaderCompileStatus(17) successful.
2016-08-18 13:25:39:327[Debug        ] ShaderProgram::AddShader() : glCompileShader() successful
2016-08-18 13:25:39:327[Info         ] ShaderInfo saved successfully.
2016-08-18 13:25:39:327[Debug        ] ShaderProgram::AddShader() : glAttachShader() successful
2016-08-18 13:25:39:327[Info         ] ShaderProgram::AddShader [17] successful.
2016-08-18 13:25:39:327[Debug        ] File [..\Data\shaders\texlighting.frag.shader] Opened successfully! Buffer Length:[1717]
2016-08-18 13:25:39:327[cDebug       ] Shader file [..\Data\shaders\texlighting.frag.shader] is too big to display contents.
2016-08-18 13:25:39:329[Debug        ]  ShaderProgram::AddShader() file with data was read in
2016-08-18 13:25:39:329[Debug        ] ShaderProgram::AddShader() : glShaderSource() successful
2016-08-18 13:25:39:329[Debug        ] ShaderProgram::AddShader() : glCompileShader() successful
2016-08-18 13:25:39:329[Info         ] ShaderProgram::CheckShaderCompileStatus(18) successful.
2016-08-18 13:25:39:329[Debug        ] ShaderProgram::AddShader() : glCompileShader() successful
2016-08-18 13:25:39:329[Info         ] ShaderInfo saved successfully.
2016-08-18 13:25:39:329[Debug        ] ShaderProgram::AddShader() : glAttachShader() successful
2016-08-18 13:25:39:329[Info         ] ShaderProgram::AddShader [18] successful.
2016-08-18 13:25:39:332[Info         ] CheckProgramStatus() successful!
2016-08-18 13:25:39:332[Info         ] CheckProgramStatus() successful!
2016-08-18 13:25:39:332[Info         ] Shader Init started
2016-08-18 13:25:39:332[Info         ] Shader Program created.
2016-08-18 13:25:39:332[Process      ] ShaderProgram::Initialize()[19] successful!
2016-08-18 13:25:39:332[Debug        ] File [..\Data\shaders\water.vert.shader] Opened successfully! Buffer Length:[1400]
2016-08-18 13:25:39:332[cDebug       ] Shader file [..\Data\shaders\water.vert.shader] is too big to display contents.
2016-08-18 13:25:39:336[Debug        ]  ShaderProgram::AddShader() file with data was read in
2016-08-18 13:25:39:336[Debug        ] ShaderProgram::AddShader() : glShaderSource() successful
2016-08-18 13:25:39:337[Debug        ] ShaderProgram::AddShader() : glCompileShader() successful
2016-08-18 13:25:39:337[Info         ] ShaderProgram::CheckShaderCompileStatus(20) successful.
2016-08-18 13:25:39:337[Debug        ] ShaderProgram::AddShader() : glCompileShader() successful
2016-08-18 13:25:39:337[Info         ] ShaderInfo saved successfully.
2016-08-18 13:25:39:337[Debug        ] ShaderProgram::AddShader() : glAttachShader() successful
2016-08-18 13:25:39:337[Info         ] ShaderProgram::AddShader [20] successful.
2016-08-18 13:25:39:337[Debug        ] File [..\Data\shaders\water.frag.shader] Opened successfully! Buffer Length:[2436]
2016-08-18 13:25:39:337[cDebug       ] Shader file [..\Data\shaders\water.frag.shader] is too big to display contents.
2016-08-18 13:25:39:339[Debug        ]  ShaderProgram::AddShader() file with data was read in
2016-08-18 13:25:39:339[Debug        ] ShaderProgram::AddShader() : glShaderSource() successful
2016-08-18 13:25:39:339[Debug        ] ShaderProgram::AddShader() : glCompileShader() successful
2016-08-18 13:25:39:339[Info         ] ShaderProgram::CheckShaderCompileStatus(21) successful.
2016-08-18 13:25:39:339[Debug        ] ShaderProgram::AddShader() : glCompileShader() successful
2016-08-18 13:25:39:339[Info         ] ShaderInfo saved successfully.
2016-08-18 13:25:39:339[Debug        ] ShaderProgram::AddShader() : glAttachShader() successful
2016-08-18 13:25:39:339[Info         ] ShaderProgram::AddShader [21] successful.
2016-08-18 13:25:39:342[Info         ] CheckProgramStatus() successful!
2016-08-18 13:25:39:342[Info         ] CheckProgramStatus() successful!
2016-08-18 13:25:39:342[Info         ] GetAttribLocation [vPosition] successful.
2016-08-18 13:25:39:342[Info         ] GetUniformLocation [colorin] successful.
2016-08-18 13:25:39:342[Info         ] GetUniformLocation [MAT] successful.
2016-08-18 13:25:39:342[cProcess     ] RenderEngine::Initialize() successful.
2016-08-18 13:25:39:343[cInfo        ] 
-----------------------------------------------------------------------
 BufferInfo::CreateBuffers()[0] Created buffers:| VERTEX [1] with [80] bytes. || INDEX [2] with [24] bytes |
-----------------------------------------------------------------------

2016-08-18 13:25:39:350[cInfo        ] --------BufferInfo::AddMesh() Added mesh successfully-------
2016-08-18 13:25:39:352[cInfo        ] 
2016-08-18 13:25:39:353[cInfo        ] --------------------| START BUFFER MESH INFO |-------------------------------------
2016-08-18 13:25:39:356[cInfo        ] BufferInfo::AddMesh(): NUM VERTS-----------------[4]
2016-08-18 13:25:39:357[cInfo        ] BufferInfo::AddMesh(): NUM INDICES---------------[6]
2016-08-18 13:25:39:359[cInfo        ] BufferInfo::AddMesh(): VERT OFFSET---------------[0]
2016-08-18 13:25:39:360[cInfo        ] BufferInfo::AddMesh(): INDICES OFFSET (BYTES)----[0]
2016-08-18 13:25:39:362[cInfo        ] --------------------|  END BUFFER MESH INFO  |--------------------------------------
2016-08-18 13:25:39:365[cInfo        ] 

2016-08-18 13:25:39:367[cInfo        ] 
-----------------------------------------------------------------------
 BufferInfo::CreateBuffers()[0] Created buffers:| VERTEX [3] with [96] bytes. || INDEX [4] with [48] bytes |
-----------------------------------------------------------------------

2016-08-18 13:25:39:373[cInfo        ] --------BufferInfo::AddMesh() Added mesh successfully-------
2016-08-18 13:25:39:375[cInfo        ] 
2016-08-18 13:25:39:375[cInfo        ] --------------------| START BUFFER MESH INFO |-------------------------------------
2016-08-18 13:25:39:376[cInfo        ] BufferInfo::AddMesh(): NUM VERTS-----------------[8]
2016-08-18 13:25:39:377[cInfo        ] BufferInfo::AddMesh(): NUM INDICES---------------[24]
2016-08-18 13:25:39:378[cInfo        ] BufferInfo::AddMesh(): VERT OFFSET---------------[0]
2016-08-18 13:25:39:379[cInfo        ] BufferInfo::AddMesh(): INDICES OFFSET (BYTES)----[0]
2016-08-18 13:25:39:380[cInfo        ] --------------------|  END BUFFER MESH INFO  |--------------------------------------
2016-08-18 13:25:39:381[cInfo        ] 

2016-08-18 13:25:39:383[cInfo        ] 
-----------------------------------------------------------------------
 BufferInfo::CreateBuffers()[0] Created buffers:| VERTEX [5] with [864] bytes. || INDEX [6] with [0] bytes |
-----------------------------------------------------------------------

2016-08-18 13:25:39:391[cInfo        ] --------BufferInfo::AddMesh() Added mesh successfully-------
2016-08-18 13:25:39:393[cInfo        ] 
2016-08-18 13:25:39:395[cInfo        ] --------------------| START BUFFER MESH INFO |-------------------------------------
2016-08-18 13:25:39:397[cInfo        ] BufferInfo::AddMesh(): NUM VERTS-----------------[36]
2016-08-18 13:25:39:398[cInfo        ] BufferInfo::AddMesh(): NUM INDICES---------------[0]
2016-08-18 13:25:39:399[cInfo        ] BufferInfo::AddMesh(): VERT OFFSET---------------[0]
2016-08-18 13:25:39:401[cInfo        ] BufferInfo::AddMesh(): INDICES OFFSET (BYTES)----[0]
2016-08-18 13:25:39:402[cInfo        ] --------------------|  END BUFFER MESH INFO  |--------------------------------------
2016-08-18 13:25:39:405[cInfo        ] 

2016-08-18 13:25:39:406[cInfo        ] 
-----------------------------------------------------------------------
 BufferInfo::CreateBuffers()[0] Created buffers:| VERTEX [7] with [144] bytes. || INDEX [8] with [0] bytes |
-----------------------------------------------------------------------

2016-08-18 13:25:39:409[cInfo        ] --------BufferInfo::AddMesh() Added mesh successfully-------
2016-08-18 13:25:39:410[cInfo        ] 
2016-08-18 13:25:39:411[cInfo        ] --------------------| START BUFFER MESH INFO |-------------------------------------
2016-08-18 13:25:39:412[cInfo        ] BufferInfo::AddMesh(): NUM VERTS-----------------[6]
2016-08-18 13:25:39:413[cInfo        ] BufferInfo::AddMesh(): NUM INDICES---------------[0]
2016-08-18 13:25:39:415[cInfo        ] BufferInfo::AddMesh(): VERT OFFSET---------------[0]
2016-08-18 13:25:39:416[cInfo        ] BufferInfo::AddMesh(): INDICES OFFSET (BYTES)----[0]
2016-08-18 13:25:39:418[cInfo        ] --------------------|  END BUFFER MESH INFO  |--------------------------------------
2016-08-18 13:25:39:419[cInfo        ] 

2016-08-18 13:25:39:420[cProcess     ] BufferManager::Initialize() successful.
2016-08-18 13:25:39:421[cInfo        ] 
-----------------------------------------------------------------------
 BufferInfo::CreateBuffers()[0] Created buffers:| VERTEX [9] with [1000000] bytes. || INDEX [10] with [1000000] bytes |
-----------------------------------------------------------------------

2016-08-18 13:25:39:425[cInfo        ] --------BufferInfo::AddMesh() Added mesh successfully-------
2016-08-18 13:25:39:426[cInfo        ] 
2016-08-18 13:25:39:427[cInfo        ] --------------------| START BUFFER MESH INFO |-------------------------------------
2016-08-18 13:25:39:428[cInfo        ] BufferInfo::AddMesh(): NUM VERTS-----------------[24]
2016-08-18 13:25:39:429[cInfo        ] BufferInfo::AddMesh(): NUM INDICES---------------[36]
2016-08-18 13:25:39:430[cInfo        ] BufferInfo::AddMesh(): VERT OFFSET---------------[0]
2016-08-18 13:25:39:431[cInfo        ] BufferInfo::AddMesh(): INDICES OFFSET (BYTES)----[0]
2016-08-18 13:25:39:431[cInfo        ] --------------------|  END BUFFER MESH INFO  |--------------------------------------
2016-08-18 13:25:39:433[cInfo        ] 

2016-08-18 13:25:39:437[cProcess     ] BufferManager::Initialize() successful.
2016-08-18 13:25:39:437[cInfo        ] 
-----------------------------------------------------------------------
 BufferInfo::CreateBuffers()[1] Created buffers:| VERTEX [11] with [1000000] bytes. || INDEX [12] with [1000000] bytes |
-----------------------------------------------------------------------

2016-08-18 13:25:39:442[cInfo        ] --------BufferInfo::AddMesh() Added mesh successfully-------
2016-08-18 13:25:39:442[cInfo        ] 
2016-08-18 13:25:39:443[cInfo        ] --------------------| START BUFFER MESH INFO |-------------------------------------
2016-08-18 13:25:39:445[cInfo        ] BufferInfo::AddMesh(): NUM VERTS-----------------[1536]
2016-08-18 13:25:39:446[cInfo        ] BufferInfo::AddMesh(): NUM INDICES---------------[3072]
2016-08-18 13:25:39:447[cInfo        ] BufferInfo::AddMesh(): VERT OFFSET---------------[0]
2016-08-18 13:25:39:448[cInfo        ] BufferInfo::AddMesh(): INDICES OFFSET (BYTES)----[0]
2016-08-18 13:25:39:449[cInfo        ] --------------------|  END BUFFER MESH INFO  |--------------------------------------
2016-08-18 13:25:39:451[cInfo        ] 

2016-08-18 13:25:39:452[cInfo        ] 
-----------------------------------------------------------------------
 BufferInfo::CreateBuffers()[0] Created buffers:| VERTEX [13] with [3936] bytes. || INDEX [14] with [0] bytes |
-----------------------------------------------------------------------

2016-08-18 13:25:39:456[cInfo        ] --------BufferInfo::AddMesh() Added mesh successfully-------
2016-08-18 13:25:39:457[cInfo        ] 
2016-08-18 13:25:39:458[cInfo        ] --------------------| START BUFFER MESH INFO |-------------------------------------
2016-08-18 13:25:39:459[cInfo        ] BufferInfo::AddMesh(): NUM VERTS-----------------[164]
2016-08-18 13:25:39:460[cInfo        ] BufferInfo::AddMesh(): NUM INDICES---------------[0]
2016-08-18 13:25:39:460[cInfo        ] BufferInfo::AddMesh(): VERT OFFSET---------------[0]
2016-08-18 13:25:39:461[cInfo        ] BufferInfo::AddMesh(): INDICES OFFSET (BYTES)----[0]
2016-08-18 13:25:39:462[cInfo        ] --------------------|  END BUFFER MESH INFO  |--------------------------------------
2016-08-18 13:25:39:463[cInfo        ] 

2016-08-18 13:25:39:465[cProcess     ] ShapeGenerator initialized successfully.
2016-08-18 13:25:39:466[cProcess     ] Camera::Initialize() successful.
2016-08-18 13:25:39:467[cProcess     ] Keyboard::Initialize() successful
2016-08-18 13:25:39:468[cProcess     ] Keyboard::Initialize() successful
2016-08-18 13:25:39:480[cInfo        ] 
-----------------------------------------------------------------------
 BufferInfo::CreateBuffers()[0] Created buffers:| VERTEX [15] with [10810368] bytes. || INDEX [16] with [0] bytes |
-----------------------------------------------------------------------

2016-08-18 13:25:39:505[cInfo        ] --------BufferInfo::AddMesh() Added mesh successfully-------
2016-08-18 13:25:39:507[cInfo        ] 
2016-08-18 13:25:39:508[cInfo        ] --------------------| START BUFFER MESH INFO |-------------------------------------
2016-08-18 13:25:39:510[cInfo        ] BufferInfo::AddMesh(): NUM VERTS-----------------[337824]
2016-08-18 13:25:39:511[cInfo        ] BufferInfo::AddMesh(): NUM INDICES---------------[0]
2016-08-18 13:25:39:513[cInfo        ] BufferInfo::AddMesh(): VERT OFFSET---------------[0]
2016-08-18 13:25:39:514[cInfo        ] BufferInfo::AddMesh(): INDICES OFFSET (BYTES)----[0]
2016-08-18 13:25:39:517[cInfo        ] --------------------|  END BUFFER MESH INFO  |--------------------------------------
2016-08-18 13:25:39:519[cInfo        ] 

2016-08-18 13:25:39:561[Info         ] ShapeGenerator::ReadSceneFile(): Added new scene [..\Data\Scenes\Dargon.ptn.scene] successfully.
2016-08-18 13:25:39:561[cInfo        ] EntityManager::BuildPlayerEntity(): Built [Dargon] successfully
2016-08-18 13:25:39:568[cProcess     ] BufferManager::Initialize() successful.
2016-08-18 13:25:39:573[cInfo        ] 
-----------------------------------------------------------------------
 BufferInfo::CreateBuffers()[2] Created buffers:| VERTEX [17] with [1000000] bytes. || INDEX [18] with [1000000] bytes |
-----------------------------------------------------------------------

2016-08-18 13:25:39:578[cInfo        ] --------BufferInfo::AddMesh() Added mesh successfully-------
2016-08-18 13:25:39:580[cInfo        ] 
2016-08-18 13:25:39:580[cInfo        ] --------------------| START BUFFER MESH INFO |-------------------------------------
2016-08-18 13:25:39:582[cInfo        ] BufferInfo::AddMesh(): NUM VERTS-----------------[36]
2016-08-18 13:25:39:583[cInfo        ] BufferInfo::AddMesh(): NUM INDICES---------------[0]
2016-08-18 13:25:39:584[cInfo        ] BufferInfo::AddMesh(): VERT OFFSET---------------[0]
2016-08-18 13:25:39:584[cInfo        ] BufferInfo::AddMesh(): INDICES OFFSET (BYTES)----[0]
2016-08-18 13:25:39:585[cInfo        ] --------------------|  END BUFFER MESH INFO  |--------------------------------------
2016-08-18 13:25:39:587[cInfo        ] 

2016-08-18 13:25:39:588[Info         ] ShapeGenerator::ReadSceneFile(): Added new scene [..\Data\Scenes\Cube.pn.scene] successfully.
2016-08-18 13:25:39:589[cInfo        ] --------BufferInfo::AddMesh() Added mesh successfully-------
2016-08-18 13:25:39:590[cInfo        ] 
2016-08-18 13:25:39:590[cInfo        ] --------------------| START BUFFER MESH INFO |-------------------------------------
2016-08-18 13:25:39:591[cInfo        ] BufferInfo::AddMesh(): NUM VERTS-----------------[18]
2016-08-18 13:25:39:592[cInfo        ] BufferInfo::AddMesh(): NUM INDICES---------------[0]
2016-08-18 13:25:39:593[cInfo        ] BufferInfo::AddMesh(): VERT OFFSET---------------[36]
2016-08-18 13:25:39:594[cInfo        ] BufferInfo::AddMesh(): INDICES OFFSET (BYTES)----[0]
2016-08-18 13:25:39:595[cInfo        ] --------------------|  END BUFFER MESH INFO  |--------------------------------------
2016-08-18 13:25:39:596[cInfo        ] 

2016-08-18 13:25:39:597[Info         ] ShapeGenerator::ReadSceneFile(): Added new scene [..\Data\Scenes\Pyramid.pn.scene] successfully.
2016-08-18 13:25:39:603[cInfo        ] 
-----------------------------------------------------------------------
 BufferInfo::CreateBuffers()[0] Created buffers:| VERTEX [19] with [5529600] bytes. || INDEX [20] with [0] bytes |
-----------------------------------------------------------------------

2016-08-18 13:25:39:616[cInfo        ] --------BufferInfo::AddMesh() Added mesh successfully-------
2016-08-18 13:25:39:617[cInfo        ] 
2016-08-18 13:25:39:617[cInfo        ] --------------------| START BUFFER MESH INFO |-------------------------------------
2016-08-18 13:25:39:619[cInfo        ] BufferInfo::AddMesh(): NUM VERTS-----------------[172800]
2016-08-18 13:25:39:620[cInfo        ] BufferInfo::AddMesh(): NUM INDICES---------------[0]
2016-08-18 13:25:39:621[cInfo        ] BufferInfo::AddMesh(): VERT OFFSET---------------[0]
2016-08-18 13:25:39:622[cInfo        ] BufferInfo::AddMesh(): INDICES OFFSET (BYTES)----[0]
2016-08-18 13:25:39:623[cInfo        ] --------------------|  END BUFFER MESH INFO  |--------------------------------------
2016-08-18 13:25:39:624[cInfo        ] 

2016-08-18 13:25:39:625[Info         ] ShapeGenerator::ReadSceneFile(): Added new scene [..\Data\Scenes\WaterPlane.ptn.scene] successfully.
2016-08-18 13:25:39:626[cProcess     ] Camera::Initialize() successful.
2016-08-18 13:25:39:638[cProcess     ] BufferManager::Initialize() successful.
2016-08-18 13:25:39:640[cInfo        ] 
-----------------------------------------------------------------------
 BufferInfo::CreateBuffers()[3] Created buffers:| VERTEX [21] with [8107776] bytes. || INDEX [22] with [0] bytes |
-----------------------------------------------------------------------

2016-08-18 13:25:39:658[cInfo        ] --------BufferInfo::AddMesh() Added mesh successfully-------
2016-08-18 13:25:39:660[cInfo        ] 
2016-08-18 13:25:39:661[cInfo        ] --------------------| START BUFFER MESH INFO |-------------------------------------
2016-08-18 13:25:39:662[cInfo        ] BufferInfo::AddMesh(): NUM VERTS-----------------[337824]
2016-08-18 13:25:39:663[cInfo        ] BufferInfo::AddMesh(): NUM INDICES---------------[0]
2016-08-18 13:25:39:664[cInfo        ] BufferInfo::AddMesh(): VERT OFFSET---------------[0]
2016-08-18 13:25:39:666[cInfo        ] BufferInfo::AddMesh(): INDICES OFFSET (BYTES)----[0]
2016-08-18 13:25:39:667[cInfo        ] --------------------|  END BUFFER MESH INFO  |--------------------------------------
2016-08-18 13:25:39:669[cInfo        ] 

2016-08-18 13:25:39:670[Info         ] ShapeGenerator::ReadSceneFile(): Added new scene [..\Data\Scenes\Dargon.pn.scene] successfully.
2016-08-18 13:25:39:670[cProcess     ] BufferManager::Initialize() successful.
2016-08-18 13:25:39:670[cInfo        ] 
-----------------------------------------------------------------------
 BufferInfo::CreateBuffers()[4] Created buffers:| VERTEX [23] with [1000000] bytes. || INDEX [24] with [1000000] bytes |
-----------------------------------------------------------------------

2016-08-18 13:25:39:674[cInfo        ] --------BufferInfo::AddMesh() Added mesh successfully-------
2016-08-18 13:25:39:675[cInfo        ] 
2016-08-18 13:25:39:676[cInfo        ] --------------------| START BUFFER MESH INFO |-------------------------------------
2016-08-18 13:25:39:678[cInfo        ] BufferInfo::AddMesh(): NUM VERTS-----------------[6]
2016-08-18 13:25:39:679[cInfo        ] BufferInfo::AddMesh(): NUM INDICES---------------[0]
2016-08-18 13:25:39:680[cInfo        ] BufferInfo::AddMesh(): VERT OFFSET---------------[0]
2016-08-18 13:25:39:680[cInfo        ] BufferInfo::AddMesh(): INDICES OFFSET (BYTES)----[0]
2016-08-18 13:25:39:681[cInfo        ] --------------------|  END BUFFER MESH INFO  |--------------------------------------
2016-08-18 13:25:39:683[cInfo        ] 

2016-08-18 13:25:39:683[cProcess     ] BodaciousQuest::Initialize() successful.
2016-08-18 13:25:39:684[Process      ] GameTime::Initialize() ok

2016-08-18 13:25:39:684[cProcess     ] MyWindow::Initialize() successful!
2016-08-18 13:25:39:706[cFatalError  ] ShaderProgram::UseProgram(): glUseProgram() failed.
 GLErrorMsg:(GLInvalid Operation).
2016-08-18 13:25:39:709[Info         ] Shader  [20] deleting...
2016-08-18 13:25:39:709[Info         ] Shader  [20] deleted successfully.
2016-08-18 13:25:39:709[Info         ] Shader  [21] deleting...
2016-08-18 13:25:39:709[Info         ] Shader  [21] deleted successfully.
2016-08-18 13:25:39:709[Info         ] All shaders deleted successfully.
2016-08-18 13:25:39:709[cInfo        ] Program [19] deleted successfully.
2016-08-18 13:25:39:710[cProgError   ] ShaderManager::UseShader() failed
2016-08-18 13:25:39:712[cFatalError  ] Draw failed!
2016-08-18 13:25:39:714[cProcess     ] BufferManager::Shutdown() successful.
2016-08-18 13:25:39:718[cProcess     ] RenderEngine::Shutdown() successful.
2016-08-18 13:25:39:719[cProcess     ] Camera::Shutdown() successful.
2016-08-18 13:25:39:720[Info         ] Shader  [2] deleting...
2016-08-18 13:25:39:720[Info         ] Shader  [2] deleted successfully.
2016-08-18 13:25:39:720[Info         ] Shader  [3] deleting...
2016-08-18 13:25:39:720[Info         ] Shader  [3] deleted successfully.
2016-08-18 13:25:39:720[Info         ] All shaders deleted successfully.
2016-08-18 13:25:39:720[cInfo        ] Program [1] deleted successfully.
2016-08-18 13:25:39:720[Process      ] ShaderProgram[1]::Shutdown successful!
2016-08-18 13:25:39:721[Info         ] Shader  [5] deleting...
2016-08-18 13:25:39:721[Info         ] Shader  [5] deleted successfully.
2016-08-18 13:25:39:721[Info         ] Shader  [6] deleting...
2016-08-18 13:25:39:721[Info         ] Shader  [6] deleted successfully.
2016-08-18 13:25:39:721[Info         ] All shaders deleted successfully.
2016-08-18 13:25:39:721[cInfo        ] Program [4] deleted successfully.
2016-08-18 13:25:39:721[Process      ] ShaderProgram[4]::Shutdown successful!
2016-08-18 13:25:39:722[Info         ] Shader  [8] deleting...
2016-08-18 13:25:39:722[Info         ] Shader  [8] deleted successfully.
2016-08-18 13:25:39:722[Info         ] Shader  [9] deleting...
2016-08-18 13:25:39:722[Info         ] Shader  [9] deleted successfully.
2016-08-18 13:25:39:722[Info         ] All shaders deleted successfully.
2016-08-18 13:25:39:722[cInfo        ] Program [7] deleted successfully.
2016-08-18 13:25:39:722[Process      ] ShaderProgram[7]::Shutdown successful!
2016-08-18 13:25:39:723[Info         ] Shader  [11] deleting...
2016-08-18 13:25:39:723[Info         ] Shader  [11] deleted successfully.
2016-08-18 13:25:39:723[Info         ] Shader  [12] deleting...
2016-08-18 13:25:39:723[Info         ] Shader  [12] deleted successfully.
2016-08-18 13:25:39:723[Info         ] All shaders deleted successfully.
2016-08-18 13:25:39:723[cInfo        ] Program [10] deleted successfully.
2016-08-18 13:25:39:723[Process      ] ShaderProgram[10]::Shutdown successful!
2016-08-18 13:25:39:723[Info         ] Shader  [14] deleting...
2016-08-18 13:25:39:723[Info         ] Shader  [14] deleted successfully.
2016-08-18 13:25:39:723[Info         ] Shader  [15] deleting...
2016-08-18 13:25:39:724[Info         ] Shader  [15] deleted successfully.
2016-08-18 13:25:39:724[Info         ] All shaders deleted successfully.
2016-08-18 13:25:39:724[cInfo        ] Program [13] deleted successfully.
2016-08-18 13:25:39:724[Process      ] ShaderProgram[13]::Shutdown successful!
2016-08-18 13:25:39:724[Info         ] Shader  [17] deleting...
2016-08-18 13:25:39:724[Info         ] Shader  [17] deleted successfully.
2016-08-18 13:25:39:724[Info         ] Shader  [18] deleting...
2016-08-18 13:25:39:724[Info         ] Shader  [18] deleted successfully.
2016-08-18 13:25:39:724[Info         ] All shaders deleted successfully.
2016-08-18 13:25:39:724[cInfo        ] Program [16] deleted successfully.
2016-08-18 13:25:39:727[Process      ] ShaderProgram[16]::Shutdown successful!
2016-08-18 13:25:39:727[Info         ] All shaders deleted successfully.
2016-08-18 13:25:39:727[cInfo        ] Program [19] deleted successfully.
2016-08-18 13:25:39:728[Process      ] ShaderProgram[19]::Shutdown successful!
2016-08-18 13:25:39:728[cProcess     ] MyWindow::Shutdown() successful!
2016-08-18 13:25:39:728[cProcess     ] BodaciousQuest::Shutdown() successful.
2016-08-18 13:25:39:738[Process      ] ConfigReader shut down successfully
2016-08-18 13:25:39:738[Process      ] GameLogger::ShutDown() successful
