2016-08-22 11:28:27:920[Process      ] GameLogger::Initialize() opened log file [..\Data\LogFiles\2016-08-22 11-28-27.BodaciousQuest.log] for writing
2016-08-22 11:28:27:920[Info         ] GameLogger::Initialize() successful
2016-08-22 11:28:27:920[Process      ] ConfigReader opened [..\Data\BodaciousQuest.config] successfully
2016-08-22 11:28:27:920[Info         ] ConfigReader initialized successfully
2016-08-22 11:28:27:920[Info         ] Valid KVP [BodaciousQuest.ShowFullScreen] [false] added
2016-08-22 11:28:27:920[Info         ] Valid KVP [BodaciousQuest.FpsInterval] [5.0] added
2016-08-22 11:28:27:920[Info         ] Valid KVP [BodaciousQuest.EnableControls] [true] added
2016-08-22 11:28:27:921[Info         ] Valid KVP [BodaciousQuest.LoadCubeFirst] [true] added
2016-08-22 11:28:27:921[Info         ] Valid KVP [BodaciousQuest.CameraWalkMode] [false] added
2016-08-22 11:28:27:921[Info         ] Valid KVP [BodaciousQuest.GridSize] [40] added
2016-08-22 11:28:27:921[Info         ] Valid KVP [BodaciousQuest.LightingTest.Ambient.Color] [1.0  1.0  1.0] added
2016-08-22 11:28:27:921[Info         ] Valid KVP [BodaciousQuest.LightingTest.Diffuse.Color] [1.0  1.0  1.0] added
2016-08-22 11:28:27:921[Info         ] Valid KVP [BodaciousQuest.LightingTest.Specular.Color] [0.0  0.0  0.0] added
2016-08-22 11:28:27:921[Info         ] Valid KVP [BodaciousQuest.LightingTest.Ambient.Reflectivity] [0.01] added
2016-08-22 11:28:27:921[Info         ] Valid KVP [BodaciousQuest.LightingTest.Diffuse.Reflectivity] [0.8] added
2016-08-22 11:28:27:921[Info         ] Valid KVP [BodaciousQuest.LightingTest.Specular.Reflectivity] [0.5] added
2016-08-22 11:28:27:921[Info         ] Valid KVP [BodaciousQuest.LightingTest.Specular.Shininess] [1.0] added
2016-08-22 11:28:27:921[Info         ] Valid KVP [BodaciousQuest.LightingTest.Falloff.A] [1.0] added
2016-08-22 11:28:27:921[Info         ] Valid KVP [BodaciousQuest.LightingTest.Falloff.B] [0.001] added
2016-08-22 11:28:27:921[Info         ] Valid KVP [BodaciousQuest.LightingTest.Falloff.C] [0.0001] added
2016-08-22 11:28:27:921[Info         ] Valid KVP [BodaciousQuest.LightingTest.Directional] [false] added
2016-08-22 11:28:27:921[Info         ] Valid KVP [BodaciousQuest.LightingTest.Direction] [-1.0 0.0 1.0] added
2016-08-22 11:28:27:921[Info         ] Valid KVP [BodaciousQuest.LightingTest.Light.Position] [-0.875458 3.673020 1.043331] added
2016-08-22 11:28:27:921[Info         ] Valid KVP [BodaciousQuest.LightingTest.Dargon.Color] [1.0 1.0 0.4] added
2016-08-22 11:28:27:921[Info         ] Valid KVP [ObjConverter.Mode.VertexType] [pn] added
2016-08-22 11:28:27:921[Info         ] Valid KVP [ObjConverter.Mode.Analyze] [false] added
2016-08-22 11:28:27:921[Info         ] Valid KVP [ObjConverter.Model] [Dargon] added
2016-08-22 11:28:27:921[Info         ] Valid KVP [ObjConverter.Shader] [4] added
2016-08-22 11:28:27:921[Info         ] Valid KVP [ObjConverter.Color] [random] added
2016-08-22 11:28:27:921[Info         ] Valid KVP [ObjConverter.Obj.InputFileFolder] [..\\Data\\Objs\\] added
2016-08-22 11:28:27:921[Info         ] Valid KVP [ObjConverter.Scene.OutputFileFolder] [..\\Data\\Scenes\\] added
2016-08-22 11:28:27:921[Info         ] Valid KVP [ObjConverter.Model.Dargon.NumVerts] [57967] added
2016-08-22 11:28:27:921[Info         ] Valid KVP [ObjConverter.Model.Dargon.NumIndices] [337824] added
2016-08-22 11:28:27:921[Info         ] Valid KVP [ObjConverter.Model.Dargon.NumTexCoords] [60175] added
2016-08-22 11:28:27:921[Info         ] Valid KVP [ObjConverter.Model.Dargon.NumNormals] [337824] added
2016-08-22 11:28:27:921[Info         ] Valid KVP [ObjConverter.Model.Swamp.NumVerts] [2735] added
2016-08-22 11:28:27:921[Info         ] Valid KVP [ObjConverter.Model.Swamp.NumIndices] [8556] added
2016-08-22 11:28:27:921[Info         ] Valid KVP [ObjConverter.Model.Swamp.NumTexCoords] [3622] added
2016-08-22 11:28:27:921[Info         ] Valid KVP [ObjConverter.Model.Swamp.NumNormals] [5156] added
2016-08-22 11:28:27:921[Info         ] Valid KVP [ObjConverter.Model.Pyramid.NumVerts] [5] added
2016-08-22 11:28:27:921[Info         ] Valid KVP [ObjConverter.Model.Pyramid.NumIndices] [18] added
2016-08-22 11:28:27:921[Info         ] Valid KVP [ObjConverter.Model.Pyramid.NumTexCoords] [10] added
2016-08-22 11:28:27:921[Info         ] Valid KVP [ObjConverter.Model.Pyramid.NumNormals] [16] added
2016-08-22 11:28:27:921[Info         ] Valid KVP [ObjConverter.Model.AIWorld.NumVerts] [1957] added
2016-08-22 11:28:27:921[Info         ] Valid KVP [ObjConverter.Model.AIWorld.NumIndices] [8718] added
2016-08-22 11:28:27:921[Info         ] Valid KVP [ObjConverter.Model.AIWorld.NumTexCoords] [4186] added
2016-08-22 11:28:27:921[Info         ] Valid KVP [ObjConverter.Model.AIWorld.NumNormals] [5418] added
2016-08-22 11:28:27:921[Info         ] Valid KVP [ObjConverter.Model.GameWeapon.NumVerts] [2068] added
2016-08-22 11:28:27:921[Info         ] Valid KVP [ObjConverter.Model.GameWeapon.NumIndices] [9894] added
2016-08-22 11:28:27:921[Info         ] Valid KVP [ObjConverter.Model.GameWeapon.NumTexCoords] [0] added
2016-08-22 11:28:27:921[Info         ] Valid KVP [ObjConverter.Model.GameWeapon.NumNormals] [0] added
2016-08-22 11:28:27:921[Info         ] Valid KVP [ObjConverter.Model.Chicken.NumVerts] [224] added
2016-08-22 11:28:27:921[Info         ] Valid KVP [ObjConverter.Model.Chicken.NumIndices] [1374] added
2016-08-22 11:28:27:921[Info         ] Valid KVP [ObjConverter.Model.Chicken.NumTexCoords] [472] added
2016-08-22 11:28:27:921[Info         ] Valid KVP [ObjConverter.Model.Chicken.NumNormals] [565] added
2016-08-22 11:28:27:921[Info         ] Valid KVP [ObjConverter.Model.WaterPlane.NumVerts] [29282] added
2016-08-22 11:28:27:921[Info         ] Valid KVP [ObjConverter.Model.WaterPlane.NumIndices] [172800] added
2016-08-22 11:28:27:922[Info         ] Valid KVP [ObjConverter.Model.WaterPlane.NumTexCoords] [29282] added
2016-08-22 11:28:27:922[Info         ] Valid KVP [ObjConverter.Model.WaterPlane.NumNormals] [172800] added
2016-08-22 11:28:27:922[Info         ] Valid KVP [ObjConverter.Model.Cube.NumVerts] [8] added
2016-08-22 11:28:27:922[Info         ] Valid KVP [ObjConverter.Model.Cube.NumIndices] [36] added
2016-08-22 11:28:27:922[Info         ] Valid KVP [ObjConverter.Model.Cube.NumTexCoords] [14] added
2016-08-22 11:28:27:922[Info         ] Valid KVP [ObjConverter.Model.Cube.NumNormals] [24] added
2016-08-22 11:28:27:922[Info         ] Valid KVP [ObjConverter.Model.Barrel.NumVerts] [172] added
2016-08-22 11:28:27:922[Info         ] Valid KVP [ObjConverter.Model.Barrel.NumIndices] [1008] added
2016-08-22 11:28:27:922[Info         ] Valid KVP [ObjConverter.Model.Barrel.NumTexCoords] [328] added
2016-08-22 11:28:27:922[Info         ] Valid KVP [ObjConverter.Model.Barrel.NumNormals] [204] added
2016-08-22 11:28:27:922[Info         ] Valid KVP [ObjConverter.Model.SkyBox.NumVerts] [8] added
2016-08-22 11:28:27:922[Info         ] Valid KVP [ObjConverter.Model.SkyBox.NumIndices] [36] added
2016-08-22 11:28:27:922[Info         ] Valid KVP [ObjConverter.Model.SkyBox.NumTexCoords] [18] added
2016-08-22 11:28:27:922[Info         ] Valid KVP [ObjConverter.Model.SkyBox.NumNormals] [24] added
2016-08-22 11:28:27:990[cInfo        ] Config reader opened [..\Data\BodaciousQuest.config] for reading!
2016-08-22 11:28:28:046[Process      ] ShaderManager Initialized successfully
2016-08-22 11:28:28:046[Info         ] Shader Init started
2016-08-22 11:28:28:046[Info         ] Shader Program created.
2016-08-22 11:28:28:046[Process      ] ShaderProgram::Initialize()[1] successful!
2016-08-22 11:28:28:046[Debug        ] File [..\Data\shaders\debug.vert.shader] Opened successfully! Buffer Length:[291]
2016-08-22 11:28:28:046[Debug        ] Shader file [..\Data\shaders\debug.vert.shader] contents:
//BEGIN
#version 430 core

layout(location = 0)  in vec3 vPosition;

layout(location = 15) uniform vec3 colorin;
layout(location = 16) uniform mat4 MAT;

out vec4 color;

void main()
{
	vec4 vertPos = vec4(vPosition, 1.0);
	gl_Position = MAT *  vertPos;
	color = vec4(colorin, 1.0);
}
//END

2016-08-22 11:28:28:046[Debug        ]  ShaderProgram::AddShader() file with data was read in
2016-08-22 11:28:28:047[Debug        ] ShaderProgram::AddShader() : glShaderSource() successful
2016-08-22 11:28:28:047[Debug        ] ShaderProgram::AddShader() : glCompileShader() successful
2016-08-22 11:28:28:047[Info         ] ShaderProgram::CheckShaderCompileStatus(2) successful.
2016-08-22 11:28:28:047[Debug        ] ShaderProgram::AddShader() : glCompileShader() successful
2016-08-22 11:28:28:047[Info         ] ShaderInfo saved successfully.
2016-08-22 11:28:28:047[Debug        ] ShaderProgram::AddShader() : glAttachShader() successful
2016-08-22 11:28:28:047[Info         ] ShaderProgram::AddShader [2] successful.
2016-08-22 11:28:28:047[Debug        ] File [..\Data\shaders\debug.frag.shader] Opened successfully! Buffer Length:[104]
2016-08-22 11:28:28:047[Debug        ] Shader file [..\Data\shaders\debug.frag.shader] contents:
//BEGIN
#version 430 core


in  vec4 color;
out vec4 outColor;

void main()
{
	outColor = color;
}


//END

2016-08-22 11:28:28:047[Debug        ]  ShaderProgram::AddShader() file with data was read in
2016-08-22 11:28:28:047[Debug        ] ShaderProgram::AddShader() : glShaderSource() successful
2016-08-22 11:28:28:047[Debug        ] ShaderProgram::AddShader() : glCompileShader() successful
2016-08-22 11:28:28:047[Info         ] ShaderProgram::CheckShaderCompileStatus(3) successful.
2016-08-22 11:28:28:048[Debug        ] ShaderProgram::AddShader() : glCompileShader() successful
2016-08-22 11:28:28:048[Info         ] ShaderInfo saved successfully.
2016-08-22 11:28:28:048[Debug        ] ShaderProgram::AddShader() : glAttachShader() successful
2016-08-22 11:28:28:048[Info         ] ShaderProgram::AddShader [3] successful.
2016-08-22 11:28:28:049[Info         ] CheckProgramStatus() successful!
2016-08-22 11:28:28:049[Info         ] CheckProgramStatus() successful!
2016-08-22 11:28:28:049[Info         ] Shader Init started
2016-08-22 11:28:28:049[Info         ] Shader Program created.
2016-08-22 11:28:28:049[Process      ] ShaderProgram::Initialize()[4] successful!
2016-08-22 11:28:28:049[Debug        ] File [..\Data\shaders\play.vert.shader] Opened successfully! Buffer Length:[343]
2016-08-22 11:28:28:049[Debug        ] Shader file [..\Data\shaders\play.vert.shader] contents:
//BEGIN
#version 430 core

layout (location = 0)  in vec3 vPosition;
layout (location = 1)  in vec3 vColor;
layout (location = 15) uniform vec3 colorin;
layout (location = 16) uniform mat4 MAT;

out vec4 color;

void main()
{
	vec4 vertPos = vec4(vPosition, 1.0);
	gl_Position = MAT *  vertPos;
	color = vec4((vColor + colorin), 1.0);
}
//END

2016-08-22 11:28:28:049[Debug        ]  ShaderProgram::AddShader() file with data was read in
2016-08-22 11:28:28:049[Debug        ] ShaderProgram::AddShader() : glShaderSource() successful
2016-08-22 11:28:28:049[Debug        ] ShaderProgram::AddShader() : glCompileShader() successful
2016-08-22 11:28:28:049[Info         ] ShaderProgram::CheckShaderCompileStatus(5) successful.
2016-08-22 11:28:28:049[Debug        ] ShaderProgram::AddShader() : glCompileShader() successful
2016-08-22 11:28:28:049[Info         ] ShaderInfo saved successfully.
2016-08-22 11:28:28:049[Debug        ] ShaderProgram::AddShader() : glAttachShader() successful
2016-08-22 11:28:28:049[Info         ] ShaderProgram::AddShader [5] successful.
2016-08-22 11:28:28:049[Debug        ] File [..\Data\shaders\play.frag.shader] Opened successfully! Buffer Length:[391]
2016-08-22 11:28:28:049[Debug        ] Shader file [..\Data\shaders\play.frag.shader] contents:
//BEGIN
#version 430 core


in  vec4 color;
out vec4 outColor;

void main()
{

	//if (color.r < .7) discard;
	outColor = color;

	//if(((gl_FragCoord.x  > 600)&& (gl_FragCoord.y < 300)) || ((gl_FragCoord.y < 300)  && (gl_FragCoord.x  < 600) )) {
	//discard;
	//}

	//vec2 scrPos = vec2(gl_FragCoord) - vec2(350,150);
	//float len =  length(scrPos);
	//if(len < 50 )discard;
}


//END

2016-08-22 11:28:28:050[Debug        ]  ShaderProgram::AddShader() file with data was read in
2016-08-22 11:28:28:050[Debug        ] ShaderProgram::AddShader() : glShaderSource() successful
2016-08-22 11:28:28:050[Debug        ] ShaderProgram::AddShader() : glCompileShader() successful
2016-08-22 11:28:28:050[Info         ] ShaderProgram::CheckShaderCompileStatus(6) successful.
2016-08-22 11:28:28:050[Debug        ] ShaderProgram::AddShader() : glCompileShader() successful
2016-08-22 11:28:28:050[Info         ] ShaderInfo saved successfully.
2016-08-22 11:28:28:050[Debug        ] ShaderProgram::AddShader() : glAttachShader() successful
2016-08-22 11:28:28:050[Info         ] ShaderProgram::AddShader [6] successful.
2016-08-22 11:28:28:050[Info         ] CheckProgramStatus() successful!
2016-08-22 11:28:28:051[Info         ] CheckProgramStatus() successful!
2016-08-22 11:28:28:051[Info         ] Shader Init started
2016-08-22 11:28:28:051[Info         ] Shader Program created.
2016-08-22 11:28:28:051[Process      ] ShaderProgram::Initialize()[7] successful!
2016-08-22 11:28:28:051[Debug        ] File [..\Data\shaders\texture.vert.shader] Opened successfully! Buffer Length:[305]
2016-08-22 11:28:28:051[Debug        ] Shader file [..\Data\shaders\texture.vert.shader] contents:
//BEGIN
#version 430 core

layout (location = 0)  in vec3 vPosition;
layout (location = 1)  in vec2 vUV;

layout (location = 16) uniform mat4 MAT;

//out data
out vec2 UV;

//out vec4 color;

void main()
{
	vec4 vertPos = vec4(vPosition, 1.0);
	gl_Position = MAT *  vertPos;

	UV = vUV;
	
	
}
//END

2016-08-22 11:28:28:051[Debug        ]  ShaderProgram::AddShader() file with data was read in
2016-08-22 11:28:28:051[Debug        ] ShaderProgram::AddShader() : glShaderSource() successful
2016-08-22 11:28:28:051[Debug        ] ShaderProgram::AddShader() : glCompileShader() successful
2016-08-22 11:28:28:051[Info         ] ShaderProgram::CheckShaderCompileStatus(8) successful.
2016-08-22 11:28:28:051[Debug        ] ShaderProgram::AddShader() : glCompileShader() successful
2016-08-22 11:28:28:051[Info         ] ShaderInfo saved successfully.
2016-08-22 11:28:28:051[Debug        ] ShaderProgram::AddShader() : glAttachShader() successful
2016-08-22 11:28:28:051[Info         ] ShaderProgram::AddShader [8] successful.
2016-08-22 11:28:28:051[Debug        ] File [..\Data\shaders\texture.frag.shader] Opened successfully! Buffer Length:[482]
2016-08-22 11:28:28:051[Debug        ] Shader file [..\Data\shaders\texture.frag.shader] contents:
//BEGIN
#version 430 core


in  vec2 UV;
out vec4 outColor;

layout(location = 20) uniform sampler2D textureSampler;

void main()
{

	//if (color.r < .7) discard;
	outColor = vec4(texture(textureSampler, UV).rgb, 1.0);

	//if(((gl_FragCoord.x  > 600)&& (gl_FragCoord.y < 300)) || ((gl_FragCoord.y < 300)  && (gl_FragCoord.x  < 600) )) {
	//discard;
	//}
	//vec2 scrPos = vec2(gl_FragCoord) - vec2(350,150);
	//float len =  length(scrPos);
	//if(len < 50 )discard;
}


//END

2016-08-22 11:28:28:051[Debug        ]  ShaderProgram::AddShader() file with data was read in
2016-08-22 11:28:28:051[Debug        ] ShaderProgram::AddShader() : glShaderSource() successful
2016-08-22 11:28:28:051[Debug        ] ShaderProgram::AddShader() : glCompileShader() successful
2016-08-22 11:28:28:052[Info         ] ShaderProgram::CheckShaderCompileStatus(9) successful.
2016-08-22 11:28:28:052[Debug        ] ShaderProgram::AddShader() : glCompileShader() successful
2016-08-22 11:28:28:052[Info         ] ShaderInfo saved successfully.
2016-08-22 11:28:28:052[Debug        ] ShaderProgram::AddShader() : glAttachShader() successful
2016-08-22 11:28:28:052[Info         ] ShaderProgram::AddShader [9] successful.
2016-08-22 11:28:28:052[Info         ] CheckProgramStatus() successful!
2016-08-22 11:28:28:052[Info         ] CheckProgramStatus() successful!
2016-08-22 11:28:28:052[Info         ] Shader Init started
2016-08-22 11:28:28:053[Info         ] Shader Program created.
2016-08-22 11:28:28:053[Process      ] ShaderProgram::Initialize()[10] successful!
2016-08-22 11:28:28:053[Debug        ] File [..\Data\shaders\framebuffer.vert.shader] Opened successfully! Buffer Length:[305]
2016-08-22 11:28:28:053[Debug        ] Shader file [..\Data\shaders\framebuffer.vert.shader] contents:
//BEGIN
#version 430 core

layout (location = 0)  in vec3 vPosition;
layout (location = 1)  in vec2 vUV;

layout (location = 16) uniform mat4 MAT;

//out data
out vec2 UV;

//out vec4 color;

void main()
{
	vec4 vertPos = vec4(vPosition, 1.0);
	gl_Position = MAT *  vertPos;

	UV = vUV;
	
	
}
//END

2016-08-22 11:28:28:053[Debug        ]  ShaderProgram::AddShader() file with data was read in
2016-08-22 11:28:28:053[Debug        ] ShaderProgram::AddShader() : glShaderSource() successful
2016-08-22 11:28:28:053[Debug        ] ShaderProgram::AddShader() : glCompileShader() successful
2016-08-22 11:28:28:053[Info         ] ShaderProgram::CheckShaderCompileStatus(11) successful.
2016-08-22 11:28:28:053[Debug        ] ShaderProgram::AddShader() : glCompileShader() successful
2016-08-22 11:28:28:053[Info         ] ShaderInfo saved successfully.
2016-08-22 11:28:28:053[Debug        ] ShaderProgram::AddShader() : glAttachShader() successful
2016-08-22 11:28:28:053[Info         ] ShaderProgram::AddShader [11] successful.
2016-08-22 11:28:28:053[Debug        ] File [..\Data\shaders\framebuffer.frag.shader] Opened successfully! Buffer Length:[275]
2016-08-22 11:28:28:053[Debug        ] Shader file [..\Data\shaders\framebuffer.frag.shader] contents:
//BEGIN
#version 430 core


in  vec2 UV;
out vec4 outColor;

layout(location = 20) uniform sampler2D textureSampler;

void main()
{


	vec3 tempCol = texture(textureSampler, UV).rgb;

	outColor = vec4(tempCol.r / 1.5f, tempCol.g / 1.5f, tempCol.b / 1.5f, 1.0f);
}


//END

2016-08-22 11:28:28:053[Debug        ]  ShaderProgram::AddShader() file with data was read in
2016-08-22 11:28:28:053[Debug        ] ShaderProgram::AddShader() : glShaderSource() successful
2016-08-22 11:28:28:053[Debug        ] ShaderProgram::AddShader() : glCompileShader() successful
2016-08-22 11:28:28:053[Info         ] ShaderProgram::CheckShaderCompileStatus(12) successful.
2016-08-22 11:28:28:053[Debug        ] ShaderProgram::AddShader() : glCompileShader() successful
2016-08-22 11:28:28:053[Info         ] ShaderInfo saved successfully.
2016-08-22 11:28:28:053[Debug        ] ShaderProgram::AddShader() : glAttachShader() successful
2016-08-22 11:28:28:053[Info         ] ShaderProgram::AddShader [12] successful.
2016-08-22 11:28:28:054[Info         ] CheckProgramStatus() successful!
2016-08-22 11:28:28:054[Info         ] CheckProgramStatus() successful!
2016-08-22 11:28:28:054[Info         ] Shader Init started
2016-08-22 11:28:28:054[Info         ] Shader Program created.
2016-08-22 11:28:28:054[Process      ] ShaderProgram::Initialize()[13] successful!
2016-08-22 11:28:28:054[Debug        ] File [..\Data\shaders\lighting.vert.shader] Opened successfully! Buffer Length:[1145]
2016-08-22 11:28:28:055[cDebug       ] Shader file [..\Data\shaders\lighting.vert.shader] is too big to display contents.
2016-08-22 11:28:28:057[Debug        ]  ShaderProgram::AddShader() file with data was read in
2016-08-22 11:28:28:057[Debug        ] ShaderProgram::AddShader() : glShaderSource() successful
2016-08-22 11:28:28:057[Debug        ] ShaderProgram::AddShader() : glCompileShader() successful
2016-08-22 11:28:28:057[Info         ] ShaderProgram::CheckShaderCompileStatus(14) successful.
2016-08-22 11:28:28:057[Debug        ] ShaderProgram::AddShader() : glCompileShader() successful
2016-08-22 11:28:28:057[Info         ] ShaderInfo saved successfully.
2016-08-22 11:28:28:057[Debug        ] ShaderProgram::AddShader() : glAttachShader() successful
2016-08-22 11:28:28:057[Info         ] ShaderProgram::AddShader [14] successful.
2016-08-22 11:28:28:057[Debug        ] File [..\Data\shaders\lighting.frag.shader] Opened successfully! Buffer Length:[1744]
2016-08-22 11:28:28:057[cDebug       ] Shader file [..\Data\shaders\lighting.frag.shader] is too big to display contents.
2016-08-22 11:28:28:059[Debug        ]  ShaderProgram::AddShader() file with data was read in
2016-08-22 11:28:28:059[Debug        ] ShaderProgram::AddShader() : glShaderSource() successful
2016-08-22 11:28:28:060[Debug        ] ShaderProgram::AddShader() : glCompileShader() successful
2016-08-22 11:28:28:060[Info         ] ShaderProgram::CheckShaderCompileStatus(15) successful.
2016-08-22 11:28:28:060[Debug        ] ShaderProgram::AddShader() : glCompileShader() successful
2016-08-22 11:28:28:060[Info         ] ShaderInfo saved successfully.
2016-08-22 11:28:28:060[Debug        ] ShaderProgram::AddShader() : glAttachShader() successful
2016-08-22 11:28:28:060[Info         ] ShaderProgram::AddShader [15] successful.
2016-08-22 11:28:28:063[Info         ] CheckProgramStatus() successful!
2016-08-22 11:28:28:063[Info         ] CheckProgramStatus() successful!
2016-08-22 11:28:28:063[Info         ] Shader Init started
2016-08-22 11:28:28:063[Info         ] Shader Program created.
2016-08-22 11:28:28:064[Process      ] ShaderProgram::Initialize()[16] successful!
2016-08-22 11:28:28:064[Debug        ] File [..\Data\shaders\texlighting.vert.shader] Opened successfully! Buffer Length:[1110]
2016-08-22 11:28:28:064[cDebug       ] Shader file [..\Data\shaders\texlighting.vert.shader] is too big to display contents.
2016-08-22 11:28:28:067[Debug        ]  ShaderProgram::AddShader() file with data was read in
2016-08-22 11:28:28:067[Debug        ] ShaderProgram::AddShader() : glShaderSource() successful
2016-08-22 11:28:28:067[Debug        ] ShaderProgram::AddShader() : glCompileShader() successful
2016-08-22 11:28:28:067[Info         ] ShaderProgram::CheckShaderCompileStatus(17) successful.
2016-08-22 11:28:28:067[Debug        ] ShaderProgram::AddShader() : glCompileShader() successful
2016-08-22 11:28:28:067[Info         ] ShaderInfo saved successfully.
2016-08-22 11:28:28:067[Debug        ] ShaderProgram::AddShader() : glAttachShader() successful
2016-08-22 11:28:28:067[Info         ] ShaderProgram::AddShader [17] successful.
2016-08-22 11:28:28:067[Debug        ] File [..\Data\shaders\texlighting.frag.shader] Opened successfully! Buffer Length:[1717]
2016-08-22 11:28:28:068[cDebug       ] Shader file [..\Data\shaders\texlighting.frag.shader] is too big to display contents.
2016-08-22 11:28:28:069[Debug        ]  ShaderProgram::AddShader() file with data was read in
2016-08-22 11:28:28:069[Debug        ] ShaderProgram::AddShader() : glShaderSource() successful
2016-08-22 11:28:28:070[Debug        ] ShaderProgram::AddShader() : glCompileShader() successful
2016-08-22 11:28:28:070[Info         ] ShaderProgram::CheckShaderCompileStatus(18) successful.
2016-08-22 11:28:28:070[Debug        ] ShaderProgram::AddShader() : glCompileShader() successful
2016-08-22 11:28:28:070[Info         ] ShaderInfo saved successfully.
2016-08-22 11:28:28:070[Debug        ] ShaderProgram::AddShader() : glAttachShader() successful
2016-08-22 11:28:28:070[Info         ] ShaderProgram::AddShader [18] successful.
2016-08-22 11:28:28:072[Info         ] CheckProgramStatus() successful!
2016-08-22 11:28:28:072[Info         ] CheckProgramStatus() successful!
2016-08-22 11:28:28:072[Info         ] Shader Init started
2016-08-22 11:28:28:072[Info         ] Shader Program created.
2016-08-22 11:28:28:072[Process      ] ShaderProgram::Initialize()[19] successful!
2016-08-22 11:28:28:073[Debug        ] File [..\Data\shaders\water.vert.shader] Opened successfully! Buffer Length:[1400]
2016-08-22 11:28:28:073[cDebug       ] Shader file [..\Data\shaders\water.vert.shader] is too big to display contents.
2016-08-22 11:28:28:075[Debug        ]  ShaderProgram::AddShader() file with data was read in
2016-08-22 11:28:28:075[Debug        ] ShaderProgram::AddShader() : glShaderSource() successful
2016-08-22 11:28:28:075[Debug        ] ShaderProgram::AddShader() : glCompileShader() successful
2016-08-22 11:28:28:075[Info         ] ShaderProgram::CheckShaderCompileStatus(20) successful.
2016-08-22 11:28:28:076[Debug        ] ShaderProgram::AddShader() : glCompileShader() successful
2016-08-22 11:28:28:076[Info         ] ShaderInfo saved successfully.
2016-08-22 11:28:28:076[Debug        ] ShaderProgram::AddShader() : glAttachShader() successful
2016-08-22 11:28:28:076[Info         ] ShaderProgram::AddShader [20] successful.
2016-08-22 11:28:28:076[Debug        ] File [..\Data\shaders\water.frag.shader] Opened successfully! Buffer Length:[2436]
2016-08-22 11:28:28:076[cDebug       ] Shader file [..\Data\shaders\water.frag.shader] is too big to display contents.
2016-08-22 11:28:28:077[Debug        ]  ShaderProgram::AddShader() file with data was read in
2016-08-22 11:28:28:077[Debug        ] ShaderProgram::AddShader() : glShaderSource() successful
2016-08-22 11:28:28:078[Debug        ] ShaderProgram::AddShader() : glCompileShader() successful
2016-08-22 11:28:28:078[Info         ] ShaderProgram::CheckShaderCompileStatus(21) successful.
2016-08-22 11:28:28:078[Debug        ] ShaderProgram::AddShader() : glCompileShader() successful
2016-08-22 11:28:28:078[Info         ] ShaderInfo saved successfully.
2016-08-22 11:28:28:078[Debug        ] ShaderProgram::AddShader() : glAttachShader() successful
2016-08-22 11:28:28:078[Info         ] ShaderProgram::AddShader [21] successful.
2016-08-22 11:28:28:081[Info         ] CheckProgramStatus() successful!
2016-08-22 11:28:28:081[Info         ] CheckProgramStatus() successful!
2016-08-22 11:28:28:081[Info         ] GetAttribLocation [vPosition] successful.
2016-08-22 11:28:28:081[Info         ] GetUniformLocation [colorin] successful.
2016-08-22 11:28:28:081[Info         ] GetUniformLocation [MAT] successful.
2016-08-22 11:28:28:081[cProcess     ] RenderEngine::Initialize() successful.
2016-08-22 11:28:28:082[cInfo        ] 
-----------------------------------------------------------------------
 BufferInfo::CreateBuffers()[0] Created buffers:| VERTEX [1] with [80] bytes. || INDEX [2] with [24] bytes |
-----------------------------------------------------------------------

2016-08-22 11:28:28:087[cInfo        ] --------BufferInfo::AddMesh() Added mesh successfully-------
2016-08-22 11:28:28:088[cInfo        ] 
2016-08-22 11:28:28:088[cInfo        ] --------------------| START BUFFER MESH INFO |-------------------------------------
2016-08-22 11:28:28:089[cInfo        ] BufferInfo::AddMesh(): NUM VERTS-----------------[4]
2016-08-22 11:28:28:091[cInfo        ] BufferInfo::AddMesh(): NUM INDICES---------------[6]
2016-08-22 11:28:28:092[cInfo        ] BufferInfo::AddMesh(): VERT OFFSET---------------[0]
2016-08-22 11:28:28:093[cInfo        ] BufferInfo::AddMesh(): INDICES OFFSET (BYTES)----[0]
2016-08-22 11:28:28:094[cInfo        ] --------------------|  END BUFFER MESH INFO  |--------------------------------------
2016-08-22 11:28:28:096[cInfo        ] 

2016-08-22 11:28:28:097[cInfo        ] 
-----------------------------------------------------------------------
 BufferInfo::CreateBuffers()[0] Created buffers:| VERTEX [3] with [96] bytes. || INDEX [4] with [48] bytes |
-----------------------------------------------------------------------

2016-08-22 11:28:28:100[cInfo        ] --------BufferInfo::AddMesh() Added mesh successfully-------
2016-08-22 11:28:28:101[cInfo        ] 
2016-08-22 11:28:28:101[cInfo        ] --------------------| START BUFFER MESH INFO |-------------------------------------
2016-08-22 11:28:28:103[cInfo        ] BufferInfo::AddMesh(): NUM VERTS-----------------[8]
2016-08-22 11:28:28:104[cInfo        ] BufferInfo::AddMesh(): NUM INDICES---------------[24]
2016-08-22 11:28:28:105[cInfo        ] BufferInfo::AddMesh(): VERT OFFSET---------------[0]
2016-08-22 11:28:28:106[cInfo        ] BufferInfo::AddMesh(): INDICES OFFSET (BYTES)----[0]
2016-08-22 11:28:28:106[cInfo        ] --------------------|  END BUFFER MESH INFO  |--------------------------------------
2016-08-22 11:28:28:108[cInfo        ] 

2016-08-22 11:28:28:109[cInfo        ] 
-----------------------------------------------------------------------
 BufferInfo::CreateBuffers()[0] Created buffers:| VERTEX [5] with [864] bytes. || INDEX [6] with [0] bytes |
-----------------------------------------------------------------------

2016-08-22 11:28:28:114[cInfo        ] --------BufferInfo::AddMesh() Added mesh successfully-------
2016-08-22 11:28:28:115[cInfo        ] 
2016-08-22 11:28:28:116[cInfo        ] --------------------| START BUFFER MESH INFO |-------------------------------------
2016-08-22 11:28:28:117[cInfo        ] BufferInfo::AddMesh(): NUM VERTS-----------------[36]
2016-08-22 11:28:28:119[cInfo        ] BufferInfo::AddMesh(): NUM INDICES---------------[0]
2016-08-22 11:28:28:120[cInfo        ] BufferInfo::AddMesh(): VERT OFFSET---------------[0]
2016-08-22 11:28:28:121[cInfo        ] BufferInfo::AddMesh(): INDICES OFFSET (BYTES)----[0]
2016-08-22 11:28:28:124[cInfo        ] --------------------|  END BUFFER MESH INFO  |--------------------------------------
2016-08-22 11:28:28:126[cInfo        ] 

2016-08-22 11:28:28:127[cInfo        ] 
-----------------------------------------------------------------------
 BufferInfo::CreateBuffers()[0] Created buffers:| VERTEX [7] with [144] bytes. || INDEX [8] with [0] bytes |
-----------------------------------------------------------------------

2016-08-22 11:28:28:130[cInfo        ] --------BufferInfo::AddMesh() Added mesh successfully-------
2016-08-22 11:28:28:131[cInfo        ] 
2016-08-22 11:28:28:132[cInfo        ] --------------------| START BUFFER MESH INFO |-------------------------------------
2016-08-22 11:28:28:134[cInfo        ] BufferInfo::AddMesh(): NUM VERTS-----------------[6]
2016-08-22 11:28:28:135[cInfo        ] BufferInfo::AddMesh(): NUM INDICES---------------[0]
2016-08-22 11:28:28:135[cInfo        ] BufferInfo::AddMesh(): VERT OFFSET---------------[0]
2016-08-22 11:28:28:136[cInfo        ] BufferInfo::AddMesh(): INDICES OFFSET (BYTES)----[0]
2016-08-22 11:28:28:137[cInfo        ] --------------------|  END BUFFER MESH INFO  |--------------------------------------
2016-08-22 11:28:28:138[cInfo        ] 

2016-08-22 11:28:28:139[Process      ] BufferInfo::Initialize() successful.
2016-08-22 11:28:28:139[cInfo        ] 
-----------------------------------------------------------------------
 BufferInfo::CreateBuffers()[0] Created buffers:| VERTEX [9] with [1000000] bytes. || INDEX [10] with [1000000] bytes |
-----------------------------------------------------------------------

2016-08-22 11:28:28:144[cInfo        ] --------BufferInfo::AddMesh() Added mesh successfully-------
2016-08-22 11:28:28:145[cInfo        ] 
2016-08-22 11:28:28:146[cInfo        ] --------------------| START BUFFER MESH INFO |-------------------------------------
2016-08-22 11:28:28:148[cInfo        ] BufferInfo::AddMesh(): NUM VERTS-----------------[24]
2016-08-22 11:28:28:149[cInfo        ] BufferInfo::AddMesh(): NUM INDICES---------------[36]
2016-08-22 11:28:28:151[cInfo        ] BufferInfo::AddMesh(): VERT OFFSET---------------[0]
2016-08-22 11:28:28:153[cInfo        ] BufferInfo::AddMesh(): INDICES OFFSET (BYTES)----[0]
2016-08-22 11:28:28:155[cInfo        ] --------------------|  END BUFFER MESH INFO  |--------------------------------------
2016-08-22 11:28:28:157[cInfo        ] 

2016-08-22 11:28:28:159[Process      ] BufferInfo::Initialize() successful.
2016-08-22 11:28:28:159[cInfo        ] 
-----------------------------------------------------------------------
 BufferInfo::CreateBuffers()[1] Created buffers:| VERTEX [11] with [1000000] bytes. || INDEX [12] with [1000000] bytes |
-----------------------------------------------------------------------

2016-08-22 11:28:28:165[cInfo        ] --------BufferInfo::AddMesh() Added mesh successfully-------
2016-08-22 11:28:28:166[cInfo        ] 
2016-08-22 11:28:28:166[cInfo        ] --------------------| START BUFFER MESH INFO |-------------------------------------
2016-08-22 11:28:28:168[cInfo        ] BufferInfo::AddMesh(): NUM VERTS-----------------[1536]
2016-08-22 11:28:28:169[cInfo        ] BufferInfo::AddMesh(): NUM INDICES---------------[3072]
2016-08-22 11:28:28:170[cInfo        ] BufferInfo::AddMesh(): VERT OFFSET---------------[0]
2016-08-22 11:28:28:171[cInfo        ] BufferInfo::AddMesh(): INDICES OFFSET (BYTES)----[0]
2016-08-22 11:28:28:174[cInfo        ] --------------------|  END BUFFER MESH INFO  |--------------------------------------
2016-08-22 11:28:28:175[cInfo        ] 

2016-08-22 11:28:28:176[cInfo        ] 
-----------------------------------------------------------------------
 BufferInfo::CreateBuffers()[0] Created buffers:| VERTEX [13] with [3936] bytes. || INDEX [14] with [0] bytes |
-----------------------------------------------------------------------

2016-08-22 11:28:28:183[cInfo        ] --------BufferInfo::AddMesh() Added mesh successfully-------
2016-08-22 11:28:28:184[cInfo        ] 
2016-08-22 11:28:28:185[cInfo        ] --------------------| START BUFFER MESH INFO |-------------------------------------
2016-08-22 11:28:28:186[cInfo        ] BufferInfo::AddMesh(): NUM VERTS-----------------[164]
2016-08-22 11:28:28:187[cInfo        ] BufferInfo::AddMesh(): NUM INDICES---------------[0]
2016-08-22 11:28:28:188[cInfo        ] BufferInfo::AddMesh(): VERT OFFSET---------------[0]
2016-08-22 11:28:28:189[cInfo        ] BufferInfo::AddMesh(): INDICES OFFSET (BYTES)----[0]
2016-08-22 11:28:28:190[cInfo        ] --------------------|  END BUFFER MESH INFO  |--------------------------------------
2016-08-22 11:28:28:191[cInfo        ] 

2016-08-22 11:28:28:192[cProcess     ] ShapeGenerator initialized successfully.
2016-08-22 11:28:28:194[cProcess     ] Camera::Initialize() successful.
2016-08-22 11:28:28:195[cProcess     ] Keyboard::Initialize() successful
2016-08-22 11:28:28:196[cProcess     ] Keyboard::Initialize() successful
2016-08-22 11:28:28:209[cInfo        ] 
-----------------------------------------------------------------------
 BufferInfo::CreateBuffers()[0] Created buffers:| VERTEX [15] with [10810368] bytes. || INDEX [16] with [0] bytes |
-----------------------------------------------------------------------

2016-08-22 11:28:28:236[cInfo        ] --------BufferInfo::AddMesh() Added mesh successfully-------
2016-08-22 11:28:28:238[cInfo        ] 
2016-08-22 11:28:28:239[cInfo        ] --------------------| START BUFFER MESH INFO |-------------------------------------
2016-08-22 11:28:28:241[cInfo        ] BufferInfo::AddMesh(): NUM VERTS-----------------[337824]
2016-08-22 11:28:28:242[cInfo        ] BufferInfo::AddMesh(): NUM INDICES---------------[0]
2016-08-22 11:28:28:243[cInfo        ] BufferInfo::AddMesh(): VERT OFFSET---------------[0]
2016-08-22 11:28:28:246[cInfo        ] BufferInfo::AddMesh(): INDICES OFFSET (BYTES)----[0]
2016-08-22 11:28:28:248[cInfo        ] --------------------|  END BUFFER MESH INFO  |--------------------------------------
2016-08-22 11:28:28:250[cInfo        ] 

2016-08-22 11:28:28:291[Info         ] ShapeGenerator::ReadSceneFile(): Added new scene [..\Data\Scenes\Dargon.ptn.scene] successfully.
2016-08-22 11:28:28:291[cInfo        ] EntityManager::BuildPlayerEntity(): Built [Dargon] successfully
2016-08-22 11:28:28:297[Process      ] BufferInfo::Initialize() successful.
2016-08-22 11:28:28:302[cInfo        ] 
-----------------------------------------------------------------------
 BufferInfo::CreateBuffers()[2] Created buffers:| VERTEX [17] with [1000000] bytes. || INDEX [18] with [1000000] bytes |
-----------------------------------------------------------------------

2016-08-22 11:28:28:307[cInfo        ] --------BufferInfo::AddMesh() Added mesh successfully-------
2016-08-22 11:28:28:308[cInfo        ] 
2016-08-22 11:28:28:309[cInfo        ] --------------------| START BUFFER MESH INFO |-------------------------------------
2016-08-22 11:28:28:311[cInfo        ] BufferInfo::AddMesh(): NUM VERTS-----------------[36]
2016-08-22 11:28:28:313[cInfo        ] BufferInfo::AddMesh(): NUM INDICES---------------[0]
2016-08-22 11:28:28:314[cInfo        ] BufferInfo::AddMesh(): VERT OFFSET---------------[0]
2016-08-22 11:28:28:315[cInfo        ] BufferInfo::AddMesh(): INDICES OFFSET (BYTES)----[0]
2016-08-22 11:28:28:316[cInfo        ] --------------------|  END BUFFER MESH INFO  |--------------------------------------
2016-08-22 11:28:28:317[cInfo        ] 

2016-08-22 11:28:28:318[Info         ] ShapeGenerator::ReadSceneFile(): Added new scene [..\Data\Scenes\Cube.pn.scene] successfully.
2016-08-22 11:28:28:319[Process      ] BufferInfo::Initialize() successful.
2016-08-22 11:28:28:319[cInfo        ] 
-----------------------------------------------------------------------
 BufferInfo::CreateBuffers()[3] Created buffers:| VERTEX [19] with [1000000] bytes. || INDEX [20] with [1000000] bytes |
-----------------------------------------------------------------------

2016-08-22 11:28:28:324[cInfo        ] --------BufferInfo::AddMesh() Added mesh successfully-------
2016-08-22 11:28:28:325[cInfo        ] 
2016-08-22 11:28:28:325[cInfo        ] --------------------| START BUFFER MESH INFO |-------------------------------------
2016-08-22 11:28:28:327[cInfo        ] BufferInfo::AddMesh(): NUM VERTS-----------------[8718]
2016-08-22 11:28:28:327[cInfo        ] BufferInfo::AddMesh(): NUM INDICES---------------[0]
2016-08-22 11:28:28:329[cInfo        ] BufferInfo::AddMesh(): VERT OFFSET---------------[0]
2016-08-22 11:28:28:330[cInfo        ] BufferInfo::AddMesh(): INDICES OFFSET (BYTES)----[0]
2016-08-22 11:28:28:331[cInfo        ] --------------------|  END BUFFER MESH INFO  |--------------------------------------
2016-08-22 11:28:28:332[cInfo        ] 

2016-08-22 11:28:28:335[Info         ] ShapeGenerator::ReadSceneFile(): Added new scene [..\Data\Scenes\AIWorld.ptn.scene] successfully.
2016-08-22 11:28:28:335[cInfo        ] --------BufferInfo::AddMesh() Added mesh successfully-------
2016-08-22 11:28:28:337[cInfo        ] 
2016-08-22 11:28:28:337[cInfo        ] --------------------| START BUFFER MESH INFO |-------------------------------------
2016-08-22 11:28:28:338[cInfo        ] BufferInfo::AddMesh(): NUM VERTS-----------------[18]
2016-08-22 11:28:28:340[cInfo        ] BufferInfo::AddMesh(): NUM INDICES---------------[0]
2016-08-22 11:28:28:341[cInfo        ] BufferInfo::AddMesh(): VERT OFFSET---------------[36]
2016-08-22 11:28:28:342[cInfo        ] BufferInfo::AddMesh(): INDICES OFFSET (BYTES)----[0]
2016-08-22 11:28:28:343[cInfo        ] --------------------|  END BUFFER MESH INFO  |--------------------------------------
2016-08-22 11:28:28:345[cInfo        ] 

2016-08-22 11:28:28:347[Info         ] ShapeGenerator::ReadSceneFile(): Added new scene [..\Data\Scenes\Pyramid.pn.scene] successfully.
2016-08-22 11:28:28:353[cInfo        ] 
-----------------------------------------------------------------------
 BufferInfo::CreateBuffers()[0] Created buffers:| VERTEX [21] with [5529600] bytes. || INDEX [22] with [0] bytes |
-----------------------------------------------------------------------

2016-08-22 11:28:28:366[cInfo        ] --------BufferInfo::AddMesh() Added mesh successfully-------
2016-08-22 11:28:28:367[cInfo        ] 
2016-08-22 11:28:28:368[cInfo        ] --------------------| START BUFFER MESH INFO |-------------------------------------
2016-08-22 11:28:28:370[cInfo        ] BufferInfo::AddMesh(): NUM VERTS-----------------[172800]
2016-08-22 11:28:28:371[cInfo        ] BufferInfo::AddMesh(): NUM INDICES---------------[0]
2016-08-22 11:28:28:372[cInfo        ] BufferInfo::AddMesh(): VERT OFFSET---------------[0]
2016-08-22 11:28:28:373[cInfo        ] BufferInfo::AddMesh(): INDICES OFFSET (BYTES)----[0]
2016-08-22 11:28:28:374[cInfo        ] --------------------|  END BUFFER MESH INFO  |--------------------------------------
2016-08-22 11:28:28:376[cInfo        ] 

2016-08-22 11:28:28:377[Info         ] ShapeGenerator::ReadSceneFile(): Added new scene [..\Data\Scenes\WaterPlane.ptn.scene] successfully.
2016-08-22 11:28:28:378[cProcess     ] Camera::Initialize() successful.
2016-08-22 11:28:28:388[Process      ] BufferInfo::Initialize() successful.
2016-08-22 11:28:28:388[cInfo        ] 
-----------------------------------------------------------------------
 BufferInfo::CreateBuffers()[4] Created buffers:| VERTEX [23] with [8107776] bytes. || INDEX [24] with [0] bytes |
-----------------------------------------------------------------------

2016-08-22 11:28:28:410[cInfo        ] --------BufferInfo::AddMesh() Added mesh successfully-------
2016-08-22 11:28:28:412[cInfo        ] 
2016-08-22 11:28:28:413[cInfo        ] --------------------| START BUFFER MESH INFO |-------------------------------------
2016-08-22 11:28:28:414[cInfo        ] BufferInfo::AddMesh(): NUM VERTS-----------------[337824]
2016-08-22 11:28:28:416[cInfo        ] BufferInfo::AddMesh(): NUM INDICES---------------[0]
2016-08-22 11:28:28:417[cInfo        ] BufferInfo::AddMesh(): VERT OFFSET---------------[0]
2016-08-22 11:28:28:418[cInfo        ] BufferInfo::AddMesh(): INDICES OFFSET (BYTES)----[0]
2016-08-22 11:28:28:420[cInfo        ] --------------------|  END BUFFER MESH INFO  |--------------------------------------
2016-08-22 11:28:28:422[cInfo        ] 

2016-08-22 11:28:28:422[Info         ] ShapeGenerator::ReadSceneFile(): Added new scene [..\Data\Scenes\Dargon.pn.scene] successfully.
2016-08-22 11:28:28:423[Process      ] BufferInfo::Initialize() successful.
2016-08-22 11:28:28:423[cInfo        ] 
-----------------------------------------------------------------------
 BufferInfo::CreateBuffers()[5] Created buffers:| VERTEX [25] with [1000000] bytes. || INDEX [26] with [1000000] bytes |
-----------------------------------------------------------------------

2016-08-22 11:28:28:428[cInfo        ] --------BufferInfo::AddMesh() Added mesh successfully-------
2016-08-22 11:28:28:429[cInfo        ] 
2016-08-22 11:28:28:430[cInfo        ] --------------------| START BUFFER MESH INFO |-------------------------------------
2016-08-22 11:28:28:432[cInfo        ] BufferInfo::AddMesh(): NUM VERTS-----------------[6]
2016-08-22 11:28:28:433[cInfo        ] BufferInfo::AddMesh(): NUM INDICES---------------[0]
2016-08-22 11:28:28:433[cInfo        ] BufferInfo::AddMesh(): VERT OFFSET---------------[0]
2016-08-22 11:28:28:435[cInfo        ] BufferInfo::AddMesh(): INDICES OFFSET (BYTES)----[0]
2016-08-22 11:28:28:436[cInfo        ] --------------------|  END BUFFER MESH INFO  |--------------------------------------
2016-08-22 11:28:28:437[cInfo        ] 

2016-08-22 11:28:28:438[cProcess     ] BodaciousQuest::Initialize() successful.
2016-08-22 11:28:28:440[Process      ] GameTime::Initialize() ok

2016-08-22 11:28:28:440[cProcess     ] MyWindow::Initialize() successful!
2016-08-22 11:29:00:225[cInfo        ] Cube Position: -0.875458 3.673020 1.043331
2016-08-22 11:30:55:484[cInfo        ] Cube Position: 14.045616 1.520789 14.737972
2016-08-22 11:31:20:488[cProcess     ] BufferManager::Shutdown() successful.
2016-08-22 11:31:20:488[cProcess     ] RenderEngine::Shutdown() successful.
2016-08-22 11:31:20:489[cProcess     ] Camera::Shutdown() successful.
2016-08-22 11:31:20:490[Info         ] Shader  [2] deleting...
2016-08-22 11:31:20:490[Info         ] Shader  [2] deleted successfully.
2016-08-22 11:31:20:491[Info         ] Shader  [3] deleting...
2016-08-22 11:31:20:491[Info         ] Shader  [3] deleted successfully.
2016-08-22 11:31:20:491[Info         ] All shaders deleted successfully.
2016-08-22 11:31:20:491[cInfo        ] Program [1] deleted successfully.
2016-08-22 11:31:20:491[Process      ] ShaderProgram[1]::Shutdown successful!
2016-08-22 11:31:20:492[Info         ] Shader  [5] deleting...
2016-08-22 11:31:20:492[Info         ] Shader  [5] deleted successfully.
2016-08-22 11:31:20:492[Info         ] Shader  [6] deleting...
2016-08-22 11:31:20:492[Info         ] Shader  [6] deleted successfully.
2016-08-22 11:31:20:492[Info         ] All shaders deleted successfully.
2016-08-22 11:31:20:492[cInfo        ] Program [4] deleted successfully.
2016-08-22 11:31:20:493[Process      ] ShaderProgram[4]::Shutdown successful!
2016-08-22 11:31:20:493[Info         ] Shader  [8] deleting...
2016-08-22 11:31:20:493[Info         ] Shader  [8] deleted successfully.
2016-08-22 11:31:20:493[Info         ] Shader  [9] deleting...
2016-08-22 11:31:20:493[Info         ] Shader  [9] deleted successfully.
2016-08-22 11:31:20:493[Info         ] All shaders deleted successfully.
2016-08-22 11:31:20:493[cInfo        ] Program [7] deleted successfully.
2016-08-22 11:31:20:493[Process      ] ShaderProgram[7]::Shutdown successful!
2016-08-22 11:31:20:494[Info         ] Shader  [11] deleting...
2016-08-22 11:31:20:494[Info         ] Shader  [11] deleted successfully.
2016-08-22 11:31:20:494[Info         ] Shader  [12] deleting...
2016-08-22 11:31:20:494[Info         ] Shader  [12] deleted successfully.
2016-08-22 11:31:20:494[Info         ] All shaders deleted successfully.
2016-08-22 11:31:20:494[cInfo        ] Program [10] deleted successfully.
2016-08-22 11:31:20:494[Process      ] ShaderProgram[10]::Shutdown successful!
2016-08-22 11:31:20:495[Info         ] Shader  [14] deleting...
2016-08-22 11:31:20:495[Info         ] Shader  [14] deleted successfully.
2016-08-22 11:31:20:495[Info         ] Shader  [15] deleting...
2016-08-22 11:31:20:495[Info         ] Shader  [15] deleted successfully.
2016-08-22 11:31:20:495[Info         ] All shaders deleted successfully.
2016-08-22 11:31:20:495[cInfo        ] Program [13] deleted successfully.
2016-08-22 11:31:20:495[Process      ] ShaderProgram[13]::Shutdown successful!
2016-08-22 11:31:20:495[Info         ] Shader  [17] deleting...
2016-08-22 11:31:20:496[Info         ] Shader  [17] deleted successfully.
2016-08-22 11:31:20:496[Info         ] Shader  [18] deleting...
2016-08-22 11:31:20:496[Info         ] Shader  [18] deleted successfully.
2016-08-22 11:31:20:496[Info         ] All shaders deleted successfully.
2016-08-22 11:31:20:496[cInfo        ] Program [16] deleted successfully.
2016-08-22 11:31:20:496[Process      ] ShaderProgram[16]::Shutdown successful!
2016-08-22 11:31:20:497[Info         ] Shader  [20] deleting...
2016-08-22 11:31:20:497[Info         ] Shader  [20] deleted successfully.
2016-08-22 11:31:20:497[Info         ] Shader  [21] deleting...
2016-08-22 11:31:20:497[Info         ] Shader  [21] deleted successfully.
2016-08-22 11:31:20:497[Info         ] All shaders deleted successfully.
2016-08-22 11:31:20:497[cInfo        ] Program [19] deleted successfully.
2016-08-22 11:31:20:499[Process      ] ShaderProgram[19]::Shutdown successful!
2016-08-22 11:31:20:499[cProcess     ] MyWindow::Shutdown() successful!
2016-08-22 11:31:20:500[cProcess     ] BodaciousQuest::Shutdown() successful.
2016-08-22 11:31:20:511[Process      ] ConfigReader shut down successfully
2016-08-22 11:31:20:511[Process      ] GameLogger::ShutDown() successful
