2016-08-18 17:31:22:867[Process      ] GameLogger::Initialize() opened log file [..\Data\LogFiles\2016-08-18 17-31-22.BodaciousQuest.log] for writing
2016-08-18 17:31:22:867[Info         ] GameLogger::Initialize() successful
2016-08-18 17:31:22:867[Process      ] ConfigReader opened [..\Data\BodaciousQuest.config] successfully
2016-08-18 17:31:22:867[Info         ] ConfigReader initialized successfully
2016-08-18 17:31:22:867[Info         ] Valid KVP [BodaciousQuest.ShowFullScreen] [false] added
2016-08-18 17:31:22:867[Info         ] Valid KVP [BodaciousQuest.FpsInterval] [5.0] added
2016-08-18 17:31:22:870[Info         ] Valid KVP [BodaciousQuest.EnableControls] [true] added
2016-08-18 17:31:22:870[Info         ] Valid KVP [BodaciousQuest.LoadCubeFirst] [true] added
2016-08-18 17:31:22:870[Info         ] Valid KVP [BodaciousQuest.CameraWalkMode] [false] added
2016-08-18 17:31:22:870[Info         ] Valid KVP [BodaciousQuest.GridSize] [40] added
2016-08-18 17:31:22:870[Info         ] Valid KVP [BodaciousQuest.LightingTest.Ambient.Color] [1.0  1.0  1.0] added
2016-08-18 17:31:22:870[Info         ] Valid KVP [BodaciousQuest.LightingTest.Diffuse.Color] [1.0  1.0  1.0] added
2016-08-18 17:31:22:870[Info         ] Valid KVP [BodaciousQuest.LightingTest.Specular.Color] [0.0  0.0  0.0] added
2016-08-18 17:31:22:870[Info         ] Valid KVP [BodaciousQuest.LightingTest.Ambient.Reflectivity] [0.01] added
2016-08-18 17:31:22:870[Info         ] Valid KVP [BodaciousQuest.LightingTest.Diffuse.Reflectivity] [0.6] added
2016-08-18 17:31:22:870[Info         ] Valid KVP [BodaciousQuest.LightingTest.Specular.Reflectivity] [0.5] added
2016-08-18 17:31:22:870[Info         ] Valid KVP [BodaciousQuest.LightingTest.Specular.Shininess] [1.0] added
2016-08-18 17:31:22:870[Info         ] Valid KVP [BodaciousQuest.LightingTest.Falloff.A] [1.0] added
2016-08-18 17:31:22:870[Info         ] Valid KVP [BodaciousQuest.LightingTest.Falloff.B] [0.01] added
2016-08-18 17:31:22:870[Info         ] Valid KVP [BodaciousQuest.LightingTest.Falloff.C] [0.1] added
2016-08-18 17:31:22:870[Info         ] Valid KVP [BodaciousQuest.LightingTest.Directional] [false] added
2016-08-18 17:31:22:870[Info         ] Valid KVP [BodaciousQuest.LightingTest.Direction] [-1.0 0.0 1.0] added
2016-08-18 17:31:22:870[Info         ] Valid KVP [BodaciousQuest.LightingTest.Light.Position] [-0.875458 3.673020 1.043331] added
2016-08-18 17:31:22:870[Info         ] Valid KVP [BodaciousQuest.LightingTest.Dargon.Color] [1.0 1.0 0.4] added
2016-08-18 17:31:22:870[Info         ] Valid KVP [ObjConverter.Mode.VertexType] [p] added
2016-08-18 17:31:22:870[Info         ] Valid KVP [ObjConverter.Mode.Analyze] [false] added
2016-08-18 17:31:22:870[Info         ] Valid KVP [ObjConverter.Model] [AIWorld] added
2016-08-18 17:31:22:870[Info         ] Valid KVP [ObjConverter.Shader] [0] added
2016-08-18 17:31:22:870[Info         ] Valid KVP [ObjConverter.Color] [random] added
2016-08-18 17:31:22:870[Info         ] Valid KVP [ObjConverter.Obj.InputFileFolder] [..\\Data\\Objs\\] added
2016-08-18 17:31:22:870[Info         ] Valid KVP [ObjConverter.Scene.OutputFileFolder] [..\\Data\\Scenes\\] added
2016-08-18 17:31:22:870[Info         ] Valid KVP [ObjConverter.Model.Dargon.NumVerts] [57967] added
2016-08-18 17:31:22:870[Info         ] Valid KVP [ObjConverter.Model.Dargon.NumIndices] [337824] added
2016-08-18 17:31:22:870[Info         ] Valid KVP [ObjConverter.Model.Dargon.NumTexCoords] [60175] added
2016-08-18 17:31:22:870[Info         ] Valid KVP [ObjConverter.Model.Dargon.NumNormals] [337824] added
2016-08-18 17:31:22:870[Info         ] Valid KVP [ObjConverter.Model.Swamp.NumVerts] [2735] added
2016-08-18 17:31:22:870[Info         ] Valid KVP [ObjConverter.Model.Swamp.NumIndices] [8556] added
2016-08-18 17:31:22:871[Info         ] Valid KVP [ObjConverter.Model.Swamp.NumTexCoords] [3622] added
2016-08-18 17:31:22:871[Info         ] Valid KVP [ObjConverter.Model.Swamp.NumNormals] [5156] added
2016-08-18 17:31:22:871[Info         ] Valid KVP [ObjConverter.Model.Pyramid.NumVerts] [5] added
2016-08-18 17:31:22:871[Info         ] Valid KVP [ObjConverter.Model.Pyramid.NumIndices] [18] added
2016-08-18 17:31:22:871[Info         ] Valid KVP [ObjConverter.Model.Pyramid.NumTexCoords] [10] added
2016-08-18 17:31:22:871[Info         ] Valid KVP [ObjConverter.Model.Pyramid.NumNormals] [16] added
2016-08-18 17:31:22:871[Info         ] Valid KVP [ObjConverter.Model.AIWorld.NumVerts] [1957] added
2016-08-18 17:31:22:871[Info         ] Valid KVP [ObjConverter.Model.AIWorld.NumIndices] [8718] added
2016-08-18 17:31:22:871[Info         ] Valid KVP [ObjConverter.Model.AIWorld.NumTexCoords] [4186] added
2016-08-18 17:31:22:871[Info         ] Valid KVP [ObjConverter.Model.AIWorld.NumNormals] [5418] added
2016-08-18 17:31:22:871[Info         ] Valid KVP [ObjConverter.Model.GameWeapon.NumVerts] [2068] added
2016-08-18 17:31:22:871[Info         ] Valid KVP [ObjConverter.Model.GameWeapon.NumIndices] [9894] added
2016-08-18 17:31:22:871[Info         ] Valid KVP [ObjConverter.Model.GameWeapon.NumTexCoords] [0] added
2016-08-18 17:31:22:871[Info         ] Valid KVP [ObjConverter.Model.GameWeapon.NumNormals] [0] added
2016-08-18 17:31:22:871[Info         ] Valid KVP [ObjConverter.Model.Chicken.NumVerts] [224] added
2016-08-18 17:31:22:871[Info         ] Valid KVP [ObjConverter.Model.Chicken.NumIndices] [1374] added
2016-08-18 17:31:22:871[Info         ] Valid KVP [ObjConverter.Model.Chicken.NumTexCoords] [472] added
2016-08-18 17:31:22:871[Info         ] Valid KVP [ObjConverter.Model.Chicken.NumNormals] [565] added
2016-08-18 17:31:22:871[Info         ] Valid KVP [ObjConverter.Model.WaterPlane.NumVerts] [29282] added
2016-08-18 17:31:22:871[Info         ] Valid KVP [ObjConverter.Model.WaterPlane.NumIndices] [172800] added
2016-08-18 17:31:22:871[Info         ] Valid KVP [ObjConverter.Model.WaterPlane.NumTexCoords] [29282] added
2016-08-18 17:31:22:871[Info         ] Valid KVP [ObjConverter.Model.WaterPlane.NumNormals] [172800] added
2016-08-18 17:31:22:871[Info         ] Valid KVP [ObjConverter.Model.Cube.NumVerts] [8] added
2016-08-18 17:31:22:871[Info         ] Valid KVP [ObjConverter.Model.Cube.NumIndices] [36] added
2016-08-18 17:31:22:871[Info         ] Valid KVP [ObjConverter.Model.Cube.NumTexCoords] [14] added
2016-08-18 17:31:22:871[Info         ] Valid KVP [ObjConverter.Model.Cube.NumNormals] [24] added
2016-08-18 17:31:22:871[Info         ] Valid KVP [ObjConverter.Model.Barrel.NumVerts] [172] added
2016-08-18 17:31:22:871[Info         ] Valid KVP [ObjConverter.Model.Barrel.NumIndices] [1008] added
2016-08-18 17:31:22:871[Info         ] Valid KVP [ObjConverter.Model.Barrel.NumTexCoords] [328] added
2016-08-18 17:31:22:871[Info         ] Valid KVP [ObjConverter.Model.Barrel.NumNormals] [204] added
2016-08-18 17:31:22:871[Info         ] Valid KVP [ObjConverter.Model.SkyBox.NumVerts] [8] added
2016-08-18 17:31:22:871[Info         ] Valid KVP [ObjConverter.Model.SkyBox.NumIndices] [36] added
2016-08-18 17:31:22:871[Info         ] Valid KVP [ObjConverter.Model.SkyBox.NumTexCoords] [18] added
2016-08-18 17:31:22:871[Info         ] Valid KVP [ObjConverter.Model.SkyBox.NumNormals] [24] added
2016-08-18 17:31:22:941[cInfo        ] Config reader opened [..\Data\BodaciousQuest.config] for reading!
2016-08-18 17:31:23:022[Process      ] ShaderManager Initialized successfully
2016-08-18 17:31:23:022[Info         ] Shader Init started
2016-08-18 17:31:23:022[Info         ] Shader Program created.
2016-08-18 17:31:23:022[Process      ] ShaderProgram::Initialize()[1] successful!
2016-08-18 17:31:23:022[Debug        ] File [..\Data\shaders\debug.vert.shader] Opened successfully! Buffer Length:[291]
2016-08-18 17:31:23:022[Debug        ] Shader file [..\Data\shaders\debug.vert.shader] contents:
//BEGIN
#version 430 core

layout(location = 0)  in vec3 vPosition;

layout(location = 15) uniform vec3 colorin;
layout(location = 16) uniform mat4 MAT;

out vec4 color;

void main()
{
	vec4 vertPos = vec4(vPosition, 1.0);
	gl_Position = MAT *  vertPos;
	color = vec4(colorin, 1.0);
}
//END

2016-08-18 17:31:23:022[Debug        ]  ShaderProgram::AddShader() file with data was read in
2016-08-18 17:31:23:022[Debug        ] ShaderProgram::AddShader() : glShaderSource() successful
2016-08-18 17:31:23:023[Debug        ] ShaderProgram::AddShader() : glCompileShader() successful
2016-08-18 17:31:23:023[Info         ] ShaderProgram::CheckShaderCompileStatus(2) successful.
2016-08-18 17:31:23:023[Debug        ] ShaderProgram::AddShader() : glCompileShader() successful
2016-08-18 17:31:23:023[Info         ] ShaderInfo saved successfully.
2016-08-18 17:31:23:023[Debug        ] ShaderProgram::AddShader() : glAttachShader() successful
2016-08-18 17:31:23:023[Info         ] ShaderProgram::AddShader [2] successful.
2016-08-18 17:31:23:023[Debug        ] File [..\Data\shaders\debug.frag.shader] Opened successfully! Buffer Length:[104]
2016-08-18 17:31:23:023[Debug        ] Shader file [..\Data\shaders\debug.frag.shader] contents:
//BEGIN
#version 430 core


in  vec4 color;
out vec4 outColor;

void main()
{
	outColor = color;
}


//END

2016-08-18 17:31:23:023[Debug        ]  ShaderProgram::AddShader() file with data was read in
2016-08-18 17:31:23:023[Debug        ] ShaderProgram::AddShader() : glShaderSource() successful
2016-08-18 17:31:23:023[Debug        ] ShaderProgram::AddShader() : glCompileShader() successful
2016-08-18 17:31:23:023[Info         ] ShaderProgram::CheckShaderCompileStatus(3) successful.
2016-08-18 17:31:23:023[Debug        ] ShaderProgram::AddShader() : glCompileShader() successful
2016-08-18 17:31:23:023[Info         ] ShaderInfo saved successfully.
2016-08-18 17:31:23:023[Debug        ] ShaderProgram::AddShader() : glAttachShader() successful
2016-08-18 17:31:23:023[Info         ] ShaderProgram::AddShader [3] successful.
2016-08-18 17:31:23:025[Info         ] CheckProgramStatus() successful!
2016-08-18 17:31:23:025[Info         ] CheckProgramStatus() successful!
2016-08-18 17:31:23:025[Info         ] Shader Init started
2016-08-18 17:31:23:025[Info         ] Shader Program created.
2016-08-18 17:31:23:025[Process      ] ShaderProgram::Initialize()[4] successful!
2016-08-18 17:31:23:025[Debug        ] File [..\Data\shaders\play.vert.shader] Opened successfully! Buffer Length:[343]
2016-08-18 17:31:23:025[Debug        ] Shader file [..\Data\shaders\play.vert.shader] contents:
//BEGIN
#version 430 core

layout (location = 0)  in vec3 vPosition;
layout (location = 1)  in vec3 vColor;
layout (location = 15) uniform vec3 colorin;
layout (location = 16) uniform mat4 MAT;

out vec4 color;

void main()
{
	vec4 vertPos = vec4(vPosition, 1.0);
	gl_Position = MAT *  vertPos;
	color = vec4((vColor + colorin), 1.0);
}
//END

2016-08-18 17:31:23:025[Debug        ]  ShaderProgram::AddShader() file with data was read in
2016-08-18 17:31:23:025[Debug        ] ShaderProgram::AddShader() : glShaderSource() successful
2016-08-18 17:31:23:025[Debug        ] ShaderProgram::AddShader() : glCompileShader() successful
2016-08-18 17:31:23:025[Info         ] ShaderProgram::CheckShaderCompileStatus(5) successful.
2016-08-18 17:31:23:025[Debug        ] ShaderProgram::AddShader() : glCompileShader() successful
2016-08-18 17:31:23:025[Info         ] ShaderInfo saved successfully.
2016-08-18 17:31:23:025[Debug        ] ShaderProgram::AddShader() : glAttachShader() successful
2016-08-18 17:31:23:025[Info         ] ShaderProgram::AddShader [5] successful.
2016-08-18 17:31:23:026[Debug        ] File [..\Data\shaders\play.frag.shader] Opened successfully! Buffer Length:[391]
2016-08-18 17:31:23:026[Debug        ] Shader file [..\Data\shaders\play.frag.shader] contents:
//BEGIN
#version 430 core


in  vec4 color;
out vec4 outColor;

void main()
{

	//if (color.r < .7) discard;
	outColor = color;

	//if(((gl_FragCoord.x  > 600)&& (gl_FragCoord.y < 300)) || ((gl_FragCoord.y < 300)  && (gl_FragCoord.x  < 600) )) {
	//discard;
	//}

	//vec2 scrPos = vec2(gl_FragCoord) - vec2(350,150);
	//float len =  length(scrPos);
	//if(len < 50 )discard;
}


//END

2016-08-18 17:31:23:026[Debug        ]  ShaderProgram::AddShader() file with data was read in
2016-08-18 17:31:23:026[Debug        ] ShaderProgram::AddShader() : glShaderSource() successful
2016-08-18 17:31:23:026[Debug        ] ShaderProgram::AddShader() : glCompileShader() successful
2016-08-18 17:31:23:026[Info         ] ShaderProgram::CheckShaderCompileStatus(6) successful.
2016-08-18 17:31:23:026[Debug        ] ShaderProgram::AddShader() : glCompileShader() successful
2016-08-18 17:31:23:026[Info         ] ShaderInfo saved successfully.
2016-08-18 17:31:23:026[Debug        ] ShaderProgram::AddShader() : glAttachShader() successful
2016-08-18 17:31:23:026[Info         ] ShaderProgram::AddShader [6] successful.
2016-08-18 17:31:23:027[Info         ] CheckProgramStatus() successful!
2016-08-18 17:31:23:028[Info         ] CheckProgramStatus() successful!
2016-08-18 17:31:23:028[Info         ] Shader Init started
2016-08-18 17:31:23:028[Info         ] Shader Program created.
2016-08-18 17:31:23:028[Process      ] ShaderProgram::Initialize()[7] successful!
2016-08-18 17:31:23:028[Debug        ] File [..\Data\shaders\texture.vert.shader] Opened successfully! Buffer Length:[305]
2016-08-18 17:31:23:028[Debug        ] Shader file [..\Data\shaders\texture.vert.shader] contents:
//BEGIN
#version 430 core

layout (location = 0)  in vec3 vPosition;
layout (location = 1)  in vec2 vUV;

layout (location = 16) uniform mat4 MAT;

//out data
out vec2 UV;

//out vec4 color;

void main()
{
	vec4 vertPos = vec4(vPosition, 1.0);
	gl_Position = MAT *  vertPos;

	UV = vUV;
	
	
}
//END

2016-08-18 17:31:23:028[Debug        ]  ShaderProgram::AddShader() file with data was read in
2016-08-18 17:31:23:028[Debug        ] ShaderProgram::AddShader() : glShaderSource() successful
2016-08-18 17:31:23:028[Debug        ] ShaderProgram::AddShader() : glCompileShader() successful
2016-08-18 17:31:23:028[Info         ] ShaderProgram::CheckShaderCompileStatus(8) successful.
2016-08-18 17:31:23:028[Debug        ] ShaderProgram::AddShader() : glCompileShader() successful
2016-08-18 17:31:23:028[Info         ] ShaderInfo saved successfully.
2016-08-18 17:31:23:028[Debug        ] ShaderProgram::AddShader() : glAttachShader() successful
2016-08-18 17:31:23:028[Info         ] ShaderProgram::AddShader [8] successful.
2016-08-18 17:31:23:028[Debug        ] File [..\Data\shaders\texture.frag.shader] Opened successfully! Buffer Length:[482]
2016-08-18 17:31:23:028[Debug        ] Shader file [..\Data\shaders\texture.frag.shader] contents:
//BEGIN
#version 430 core


in  vec2 UV;
out vec4 outColor;

layout(location = 20) uniform sampler2D textureSampler;

void main()
{

	//if (color.r < .7) discard;
	outColor = vec4(texture(textureSampler, UV).rgb, 1.0);

	//if(((gl_FragCoord.x  > 600)&& (gl_FragCoord.y < 300)) || ((gl_FragCoord.y < 300)  && (gl_FragCoord.x  < 600) )) {
	//discard;
	//}
	//vec2 scrPos = vec2(gl_FragCoord) - vec2(350,150);
	//float len =  length(scrPos);
	//if(len < 50 )discard;
}


//END

2016-08-18 17:31:23:029[Debug        ]  ShaderProgram::AddShader() file with data was read in
2016-08-18 17:31:23:029[Debug        ] ShaderProgram::AddShader() : glShaderSource() successful
2016-08-18 17:31:23:029[Debug        ] ShaderProgram::AddShader() : glCompileShader() successful
2016-08-18 17:31:23:030[Info         ] ShaderProgram::CheckShaderCompileStatus(9) successful.
2016-08-18 17:31:23:030[Debug        ] ShaderProgram::AddShader() : glCompileShader() successful
2016-08-18 17:31:23:030[Info         ] ShaderInfo saved successfully.
2016-08-18 17:31:23:030[Debug        ] ShaderProgram::AddShader() : glAttachShader() successful
2016-08-18 17:31:23:030[Info         ] ShaderProgram::AddShader [9] successful.
2016-08-18 17:31:23:031[Info         ] CheckProgramStatus() successful!
2016-08-18 17:31:23:031[Info         ] CheckProgramStatus() successful!
2016-08-18 17:31:23:031[Info         ] Shader Init started
2016-08-18 17:31:23:031[Info         ] Shader Program created.
2016-08-18 17:31:23:032[Process      ] ShaderProgram::Initialize()[10] successful!
2016-08-18 17:31:23:032[Debug        ] File [..\Data\shaders\framebuffer.vert.shader] Opened successfully! Buffer Length:[305]
2016-08-18 17:31:23:032[Debug        ] Shader file [..\Data\shaders\framebuffer.vert.shader] contents:
//BEGIN
#version 430 core

layout (location = 0)  in vec3 vPosition;
layout (location = 1)  in vec2 vUV;

layout (location = 16) uniform mat4 MAT;

//out data
out vec2 UV;

//out vec4 color;

void main()
{
	vec4 vertPos = vec4(vPosition, 1.0);
	gl_Position = MAT *  vertPos;

	UV = vUV;
	
	
}
//END

2016-08-18 17:31:23:032[Debug        ]  ShaderProgram::AddShader() file with data was read in
2016-08-18 17:31:23:032[Debug        ] ShaderProgram::AddShader() : glShaderSource() successful
2016-08-18 17:31:23:032[Debug        ] ShaderProgram::AddShader() : glCompileShader() successful
2016-08-18 17:31:23:032[Info         ] ShaderProgram::CheckShaderCompileStatus(11) successful.
2016-08-18 17:31:23:032[Debug        ] ShaderProgram::AddShader() : glCompileShader() successful
2016-08-18 17:31:23:032[Info         ] ShaderInfo saved successfully.
2016-08-18 17:31:23:032[Debug        ] ShaderProgram::AddShader() : glAttachShader() successful
2016-08-18 17:31:23:032[Info         ] ShaderProgram::AddShader [11] successful.
2016-08-18 17:31:23:032[Debug        ] File [..\Data\shaders\framebuffer.frag.shader] Opened successfully! Buffer Length:[275]
2016-08-18 17:31:23:032[Debug        ] Shader file [..\Data\shaders\framebuffer.frag.shader] contents:
//BEGIN
#version 430 core


in  vec2 UV;
out vec4 outColor;

layout(location = 20) uniform sampler2D textureSampler;

void main()
{


	vec3 tempCol = texture(textureSampler, UV).rgb;

	outColor = vec4(tempCol.r / 1.5f, tempCol.g / 1.5f, tempCol.b / 1.5f, 1.0f);
}


//END

2016-08-18 17:31:23:032[Debug        ]  ShaderProgram::AddShader() file with data was read in
2016-08-18 17:31:23:032[Debug        ] ShaderProgram::AddShader() : glShaderSource() successful
2016-08-18 17:31:23:032[Debug        ] ShaderProgram::AddShader() : glCompileShader() successful
2016-08-18 17:31:23:032[Info         ] ShaderProgram::CheckShaderCompileStatus(12) successful.
2016-08-18 17:31:23:032[Debug        ] ShaderProgram::AddShader() : glCompileShader() successful
2016-08-18 17:31:23:032[Info         ] ShaderInfo saved successfully.
2016-08-18 17:31:23:032[Debug        ] ShaderProgram::AddShader() : glAttachShader() successful
2016-08-18 17:31:23:032[Info         ] ShaderProgram::AddShader [12] successful.
2016-08-18 17:31:23:034[Info         ] CheckProgramStatus() successful!
2016-08-18 17:31:23:034[Info         ] CheckProgramStatus() successful!
2016-08-18 17:31:23:034[Info         ] Shader Init started
2016-08-18 17:31:23:034[Info         ] Shader Program created.
2016-08-18 17:31:23:034[Process      ] ShaderProgram::Initialize()[13] successful!
2016-08-18 17:31:23:034[Debug        ] File [..\Data\shaders\lighting.vert.shader] Opened successfully! Buffer Length:[1137]
2016-08-18 17:31:23:034[cDebug       ] Shader file [..\Data\shaders\lighting.vert.shader] is too big to display contents.
2016-08-18 17:31:23:036[Debug        ]  ShaderProgram::AddShader() file with data was read in
2016-08-18 17:31:23:036[Debug        ] ShaderProgram::AddShader() : glShaderSource() successful
2016-08-18 17:31:23:036[Debug        ] ShaderProgram::AddShader() : glCompileShader() successful
2016-08-18 17:31:23:036[Info         ] ShaderProgram::CheckShaderCompileStatus(14) successful.
2016-08-18 17:31:23:036[Debug        ] ShaderProgram::AddShader() : glCompileShader() successful
2016-08-18 17:31:23:036[Info         ] ShaderInfo saved successfully.
2016-08-18 17:31:23:036[Debug        ] ShaderProgram::AddShader() : glAttachShader() successful
2016-08-18 17:31:23:036[Info         ] ShaderProgram::AddShader [14] successful.
2016-08-18 17:31:23:036[Debug        ] File [..\Data\shaders\lighting.frag.shader] Opened successfully! Buffer Length:[1744]
2016-08-18 17:31:23:036[cDebug       ] Shader file [..\Data\shaders\lighting.frag.shader] is too big to display contents.
2016-08-18 17:31:23:037[Debug        ]  ShaderProgram::AddShader() file with data was read in
2016-08-18 17:31:23:037[Debug        ] ShaderProgram::AddShader() : glShaderSource() successful
2016-08-18 17:31:23:039[Debug        ] ShaderProgram::AddShader() : glCompileShader() successful
2016-08-18 17:31:23:039[Info         ] ShaderProgram::CheckShaderCompileStatus(15) successful.
2016-08-18 17:31:23:039[Debug        ] ShaderProgram::AddShader() : glCompileShader() successful
2016-08-18 17:31:23:039[Info         ] ShaderInfo saved successfully.
2016-08-18 17:31:23:039[Debug        ] ShaderProgram::AddShader() : glAttachShader() successful
2016-08-18 17:31:23:039[Info         ] ShaderProgram::AddShader [15] successful.
2016-08-18 17:31:23:044[Info         ] CheckProgramStatus() successful!
2016-08-18 17:31:23:044[Info         ] CheckProgramStatus() successful!
2016-08-18 17:31:23:044[Info         ] Shader Init started
2016-08-18 17:31:23:044[Info         ] Shader Program created.
2016-08-18 17:31:23:044[Process      ] ShaderProgram::Initialize()[16] successful!
2016-08-18 17:31:23:044[Debug        ] File [..\Data\shaders\texlighting.vert.shader] Opened successfully! Buffer Length:[1110]
2016-08-18 17:31:23:044[cDebug       ] Shader file [..\Data\shaders\texlighting.vert.shader] is too big to display contents.
2016-08-18 17:31:23:045[Debug        ]  ShaderProgram::AddShader() file with data was read in
2016-08-18 17:31:23:045[Debug        ] ShaderProgram::AddShader() : glShaderSource() successful
2016-08-18 17:31:23:046[Debug        ] ShaderProgram::AddShader() : glCompileShader() successful
2016-08-18 17:31:23:046[Info         ] ShaderProgram::CheckShaderCompileStatus(17) successful.
2016-08-18 17:31:23:046[Debug        ] ShaderProgram::AddShader() : glCompileShader() successful
2016-08-18 17:31:23:046[Info         ] ShaderInfo saved successfully.
2016-08-18 17:31:23:046[Debug        ] ShaderProgram::AddShader() : glAttachShader() successful
2016-08-18 17:31:23:046[Info         ] ShaderProgram::AddShader [17] successful.
2016-08-18 17:31:23:046[Debug        ] File [..\Data\shaders\texlighting.frag.shader] Opened successfully! Buffer Length:[1717]
2016-08-18 17:31:23:046[cDebug       ] Shader file [..\Data\shaders\texlighting.frag.shader] is too big to display contents.
2016-08-18 17:31:23:047[Debug        ]  ShaderProgram::AddShader() file with data was read in
2016-08-18 17:31:23:047[Debug        ] ShaderProgram::AddShader() : glShaderSource() successful
2016-08-18 17:31:23:048[Debug        ] ShaderProgram::AddShader() : glCompileShader() successful
2016-08-18 17:31:23:048[Info         ] ShaderProgram::CheckShaderCompileStatus(18) successful.
2016-08-18 17:31:23:048[Debug        ] ShaderProgram::AddShader() : glCompileShader() successful
2016-08-18 17:31:23:048[Info         ] ShaderInfo saved successfully.
2016-08-18 17:31:23:048[Debug        ] ShaderProgram::AddShader() : glAttachShader() successful
2016-08-18 17:31:23:048[Info         ] ShaderProgram::AddShader [18] successful.
2016-08-18 17:31:23:060[Info         ] CheckProgramStatus() successful!
2016-08-18 17:31:23:061[Info         ] CheckProgramStatus() successful!
2016-08-18 17:31:23:061[Info         ] Shader Init started
2016-08-18 17:31:23:061[Info         ] Shader Program created.
2016-08-18 17:31:23:061[Process      ] ShaderProgram::Initialize()[19] successful!
2016-08-18 17:31:23:062[Debug        ] File [..\Data\shaders\water.vert.shader] Opened successfully! Buffer Length:[1400]
2016-08-18 17:31:23:062[cDebug       ] Shader file [..\Data\shaders\water.vert.shader] is too big to display contents.
2016-08-18 17:31:23:063[Debug        ]  ShaderProgram::AddShader() file with data was read in
2016-08-18 17:31:23:063[Debug        ] ShaderProgram::AddShader() : glShaderSource() successful
2016-08-18 17:31:23:064[Debug        ] ShaderProgram::AddShader() : glCompileShader() successful
2016-08-18 17:31:23:064[Info         ] ShaderProgram::CheckShaderCompileStatus(20) successful.
2016-08-18 17:31:23:064[Debug        ] ShaderProgram::AddShader() : glCompileShader() successful
2016-08-18 17:31:23:064[Info         ] ShaderInfo saved successfully.
2016-08-18 17:31:23:064[Debug        ] ShaderProgram::AddShader() : glAttachShader() successful
2016-08-18 17:31:23:064[Info         ] ShaderProgram::AddShader [20] successful.
2016-08-18 17:31:23:064[Debug        ] File [..\Data\shaders\water.frag.shader] Opened successfully! Buffer Length:[2436]
2016-08-18 17:31:23:065[cDebug       ] Shader file [..\Data\shaders\water.frag.shader] is too big to display contents.
2016-08-18 17:31:23:109[Debug        ]  ShaderProgram::AddShader() file with data was read in
2016-08-18 17:31:23:109[Debug        ] ShaderProgram::AddShader() : glShaderSource() successful
2016-08-18 17:31:23:110[Debug        ] ShaderProgram::AddShader() : glCompileShader() successful
2016-08-18 17:31:23:110[Info         ] ShaderProgram::CheckShaderCompileStatus(21) successful.
2016-08-18 17:31:23:110[Debug        ] ShaderProgram::AddShader() : glCompileShader() successful
2016-08-18 17:31:23:110[Info         ] ShaderInfo saved successfully.
2016-08-18 17:31:23:110[Debug        ] ShaderProgram::AddShader() : glAttachShader() successful
2016-08-18 17:31:23:110[Info         ] ShaderProgram::AddShader [21] successful.
2016-08-18 17:31:23:134[Info         ] CheckProgramStatus() successful!
2016-08-18 17:31:23:135[Info         ] CheckProgramStatus() successful!
2016-08-18 17:31:23:136[Info         ] GetAttribLocation [vPosition] successful.
2016-08-18 17:31:23:136[Info         ] GetUniformLocation [colorin] successful.
2016-08-18 17:31:23:136[Info         ] GetUniformLocation [MAT] successful.
2016-08-18 17:31:23:136[cProcess     ] RenderEngine::Initialize() successful.
2016-08-18 17:31:23:139[cInfo        ] 
-----------------------------------------------------------------------
 BufferInfo::CreateBuffers()[0] Created buffers:| VERTEX [1] with [80] bytes. || INDEX [2] with [24] bytes |
-----------------------------------------------------------------------

2016-08-18 17:31:23:161[cInfo        ] --------BufferInfo::AddMesh() Added mesh successfully-------
2016-08-18 17:31:23:165[cInfo        ] 
2016-08-18 17:31:23:165[cInfo        ] --------------------| START BUFFER MESH INFO |-------------------------------------
2016-08-18 17:31:23:168[cInfo        ] BufferInfo::AddMesh(): NUM VERTS-----------------[4]
2016-08-18 17:31:23:170[cInfo        ] BufferInfo::AddMesh(): NUM INDICES---------------[6]
2016-08-18 17:31:23:171[cInfo        ] BufferInfo::AddMesh(): VERT OFFSET---------------[0]
2016-08-18 17:31:23:173[cInfo        ] BufferInfo::AddMesh(): INDICES OFFSET (BYTES)----[0]
2016-08-18 17:31:23:174[cInfo        ] --------------------|  END BUFFER MESH INFO  |--------------------------------------
2016-08-18 17:31:23:181[cInfo        ] 

2016-08-18 17:31:23:189[cInfo        ] 
-----------------------------------------------------------------------
 BufferInfo::CreateBuffers()[0] Created buffers:| VERTEX [3] with [96] bytes. || INDEX [4] with [48] bytes |
-----------------------------------------------------------------------

2016-08-18 17:31:23:209[cInfo        ] --------BufferInfo::AddMesh() Added mesh successfully-------
2016-08-18 17:31:23:210[cInfo        ] 
2016-08-18 17:31:23:211[cInfo        ] --------------------| START BUFFER MESH INFO |-------------------------------------
2016-08-18 17:31:23:214[cInfo        ] BufferInfo::AddMesh(): NUM VERTS-----------------[8]
2016-08-18 17:31:23:222[cInfo        ] BufferInfo::AddMesh(): NUM INDICES---------------[24]
2016-08-18 17:31:23:242[cInfo        ] BufferInfo::AddMesh(): VERT OFFSET---------------[0]
2016-08-18 17:31:23:243[cInfo        ] BufferInfo::AddMesh(): INDICES OFFSET (BYTES)----[0]
2016-08-18 17:31:23:244[cInfo        ] --------------------|  END BUFFER MESH INFO  |--------------------------------------
2016-08-18 17:31:23:250[cInfo        ] 

2016-08-18 17:31:23:253[cInfo        ] 
-----------------------------------------------------------------------
 BufferInfo::CreateBuffers()[0] Created buffers:| VERTEX [5] with [864] bytes. || INDEX [6] with [0] bytes |
-----------------------------------------------------------------------

2016-08-18 17:31:23:263[cInfo        ] --------BufferInfo::AddMesh() Added mesh successfully-------
2016-08-18 17:31:23:265[cInfo        ] 
2016-08-18 17:31:23:265[cInfo        ] --------------------| START BUFFER MESH INFO |-------------------------------------
2016-08-18 17:31:23:267[cInfo        ] BufferInfo::AddMesh(): NUM VERTS-----------------[36]
2016-08-18 17:31:23:268[cInfo        ] BufferInfo::AddMesh(): NUM INDICES---------------[0]
2016-08-18 17:31:23:272[cInfo        ] BufferInfo::AddMesh(): VERT OFFSET---------------[0]
2016-08-18 17:31:23:273[cInfo        ] BufferInfo::AddMesh(): INDICES OFFSET (BYTES)----[0]
2016-08-18 17:31:23:274[cInfo        ] --------------------|  END BUFFER MESH INFO  |--------------------------------------
2016-08-18 17:31:23:275[cInfo        ] 

2016-08-18 17:31:23:276[cInfo        ] 
-----------------------------------------------------------------------
 BufferInfo::CreateBuffers()[0] Created buffers:| VERTEX [7] with [144] bytes. || INDEX [8] with [0] bytes |
-----------------------------------------------------------------------

2016-08-18 17:31:23:281[cInfo        ] --------BufferInfo::AddMesh() Added mesh successfully-------
2016-08-18 17:31:23:282[cInfo        ] 
2016-08-18 17:31:23:283[cInfo        ] --------------------| START BUFFER MESH INFO |-------------------------------------
2016-08-18 17:31:23:284[cInfo        ] BufferInfo::AddMesh(): NUM VERTS-----------------[6]
2016-08-18 17:31:23:287[cInfo        ] BufferInfo::AddMesh(): NUM INDICES---------------[0]
2016-08-18 17:31:23:289[cInfo        ] BufferInfo::AddMesh(): VERT OFFSET---------------[0]
2016-08-18 17:31:23:290[cInfo        ] BufferInfo::AddMesh(): INDICES OFFSET (BYTES)----[0]
2016-08-18 17:31:23:290[cInfo        ] --------------------|  END BUFFER MESH INFO  |--------------------------------------
2016-08-18 17:31:23:292[cInfo        ] 

2016-08-18 17:31:23:292[cProcess     ] BufferManager::Initialize() successful.
2016-08-18 17:31:23:293[cInfo        ] 
-----------------------------------------------------------------------
 BufferInfo::CreateBuffers()[0] Created buffers:| VERTEX [9] with [1000000] bytes. || INDEX [10] with [1000000] bytes |
-----------------------------------------------------------------------

2016-08-18 17:31:23:306[cInfo        ] --------BufferInfo::AddMesh() Added mesh successfully-------
2016-08-18 17:31:23:307[cInfo        ] 
2016-08-18 17:31:23:307[cInfo        ] --------------------| START BUFFER MESH INFO |-------------------------------------
2016-08-18 17:31:23:308[cInfo        ] BufferInfo::AddMesh(): NUM VERTS-----------------[24]
2016-08-18 17:31:23:309[cInfo        ] BufferInfo::AddMesh(): NUM INDICES---------------[36]
2016-08-18 17:31:23:310[cInfo        ] BufferInfo::AddMesh(): VERT OFFSET---------------[0]
2016-08-18 17:31:23:311[cInfo        ] BufferInfo::AddMesh(): INDICES OFFSET (BYTES)----[0]
2016-08-18 17:31:23:312[cInfo        ] --------------------|  END BUFFER MESH INFO  |--------------------------------------
2016-08-18 17:31:23:313[cInfo        ] 

2016-08-18 17:31:23:315[cProcess     ] BufferManager::Initialize() successful.
2016-08-18 17:31:23:316[cInfo        ] 
-----------------------------------------------------------------------
 BufferInfo::CreateBuffers()[1] Created buffers:| VERTEX [11] with [1000000] bytes. || INDEX [12] with [1000000] bytes |
-----------------------------------------------------------------------

2016-08-18 17:31:23:320[cInfo        ] --------BufferInfo::AddMesh() Added mesh successfully-------
2016-08-18 17:31:23:324[cInfo        ] 
2016-08-18 17:31:23:325[cInfo        ] --------------------| START BUFFER MESH INFO |-------------------------------------
2016-08-18 17:31:23:326[cInfo        ] BufferInfo::AddMesh(): NUM VERTS-----------------[1536]
2016-08-18 17:31:23:327[cInfo        ] BufferInfo::AddMesh(): NUM INDICES---------------[3072]
2016-08-18 17:31:23:328[cInfo        ] BufferInfo::AddMesh(): VERT OFFSET---------------[0]
2016-08-18 17:31:23:328[cInfo        ] BufferInfo::AddMesh(): INDICES OFFSET (BYTES)----[0]
2016-08-18 17:31:23:330[cInfo        ] --------------------|  END BUFFER MESH INFO  |--------------------------------------
2016-08-18 17:31:23:331[cInfo        ] 

2016-08-18 17:31:23:332[cInfo        ] 
-----------------------------------------------------------------------
 BufferInfo::CreateBuffers()[0] Created buffers:| VERTEX [13] with [3936] bytes. || INDEX [14] with [0] bytes |
-----------------------------------------------------------------------

2016-08-18 17:31:23:336[cInfo        ] --------BufferInfo::AddMesh() Added mesh successfully-------
2016-08-18 17:31:23:339[cInfo        ] 
2016-08-18 17:31:23:340[cInfo        ] --------------------| START BUFFER MESH INFO |-------------------------------------
2016-08-18 17:31:23:342[cInfo        ] BufferInfo::AddMesh(): NUM VERTS-----------------[164]
2016-08-18 17:31:23:342[cInfo        ] BufferInfo::AddMesh(): NUM INDICES---------------[0]
2016-08-18 17:31:23:343[cInfo        ] BufferInfo::AddMesh(): VERT OFFSET---------------[0]
2016-08-18 17:31:23:344[cInfo        ] BufferInfo::AddMesh(): INDICES OFFSET (BYTES)----[0]
2016-08-18 17:31:23:346[cInfo        ] --------------------|  END BUFFER MESH INFO  |--------------------------------------
2016-08-18 17:31:23:347[cInfo        ] 

2016-08-18 17:31:23:348[cProcess     ] ShapeGenerator initialized successfully.
2016-08-18 17:31:23:349[cProcess     ] Camera::Initialize() successful.
2016-08-18 17:31:23:349[cProcess     ] Keyboard::Initialize() successful
2016-08-18 17:31:23:350[cProcess     ] Keyboard::Initialize() successful
2016-08-18 17:31:23:366[cInfo        ] 
-----------------------------------------------------------------------
 BufferInfo::CreateBuffers()[0] Created buffers:| VERTEX [15] with [10810368] bytes. || INDEX [16] with [0] bytes |
-----------------------------------------------------------------------

2016-08-18 17:31:23:384[cInfo        ] --------BufferInfo::AddMesh() Added mesh successfully-------
2016-08-18 17:31:23:385[cInfo        ] 
2016-08-18 17:31:23:386[cInfo        ] --------------------| START BUFFER MESH INFO |-------------------------------------
2016-08-18 17:31:23:387[cInfo        ] BufferInfo::AddMesh(): NUM VERTS-----------------[337824]
2016-08-18 17:31:23:387[cInfo        ] BufferInfo::AddMesh(): NUM INDICES---------------[0]
2016-08-18 17:31:23:388[cInfo        ] BufferInfo::AddMesh(): VERT OFFSET---------------[0]
2016-08-18 17:31:23:389[cInfo        ] BufferInfo::AddMesh(): INDICES OFFSET (BYTES)----[0]
2016-08-18 17:31:23:390[cInfo        ] --------------------|  END BUFFER MESH INFO  |--------------------------------------
2016-08-18 17:31:23:391[cInfo        ] 

2016-08-18 17:31:23:423[Info         ] ShapeGenerator::ReadSceneFile(): Added new scene [..\Data\Scenes\Dargon.ptn.scene] successfully.
2016-08-18 17:31:23:423[cInfo        ] EntityManager::BuildPlayerEntity(): Built [Dargon] successfully
2016-08-18 17:31:23:428[cProcess     ] BufferManager::Initialize() successful.
2016-08-18 17:31:23:436[cInfo        ] 
-----------------------------------------------------------------------
 BufferInfo::CreateBuffers()[2] Created buffers:| VERTEX [17] with [1000000] bytes. || INDEX [18] with [1000000] bytes |
-----------------------------------------------------------------------

2016-08-18 17:31:23:441[cInfo        ] --------BufferInfo::AddMesh() Added mesh successfully-------
2016-08-18 17:31:23:442[cInfo        ] 
2016-08-18 17:31:23:443[cInfo        ] --------------------| START BUFFER MESH INFO |-------------------------------------
2016-08-18 17:31:23:444[cInfo        ] BufferInfo::AddMesh(): NUM VERTS-----------------[36]
2016-08-18 17:31:23:445[cInfo        ] BufferInfo::AddMesh(): NUM INDICES---------------[0]
2016-08-18 17:31:23:446[cInfo        ] BufferInfo::AddMesh(): VERT OFFSET---------------[0]
2016-08-18 17:31:23:447[cInfo        ] BufferInfo::AddMesh(): INDICES OFFSET (BYTES)----[0]
2016-08-18 17:31:23:448[cInfo        ] --------------------|  END BUFFER MESH INFO  |--------------------------------------
2016-08-18 17:31:23:449[cInfo        ] 

2016-08-18 17:31:23:450[Info         ] ShapeGenerator::ReadSceneFile(): Added new scene [..\Data\Scenes\Cube.pn.scene] successfully.
2016-08-18 17:31:23:451[cInfo        ] --------BufferInfo::AddMesh() Added mesh successfully-------
2016-08-18 17:31:23:454[cInfo        ] 
2016-08-18 17:31:23:455[cInfo        ] --------------------| START BUFFER MESH INFO |-------------------------------------
2016-08-18 17:31:23:457[cInfo        ] BufferInfo::AddMesh(): NUM VERTS-----------------[18]
2016-08-18 17:31:23:458[cInfo        ] BufferInfo::AddMesh(): NUM INDICES---------------[0]
2016-08-18 17:31:23:459[cInfo        ] BufferInfo::AddMesh(): VERT OFFSET---------------[36]
2016-08-18 17:31:23:460[cInfo        ] BufferInfo::AddMesh(): INDICES OFFSET (BYTES)----[0]
2016-08-18 17:31:23:461[cInfo        ] --------------------|  END BUFFER MESH INFO  |--------------------------------------
2016-08-18 17:31:23:462[cInfo        ] 

2016-08-18 17:31:23:464[Info         ] ShapeGenerator::ReadSceneFile(): Added new scene [..\Data\Scenes\Pyramid.pn.scene] successfully.
2016-08-18 17:31:23:475[cInfo        ] 
-----------------------------------------------------------------------
 BufferInfo::CreateBuffers()[0] Created buffers:| VERTEX [19] with [5529600] bytes. || INDEX [20] with [0] bytes |
-----------------------------------------------------------------------

2016-08-18 17:31:23:491[cInfo        ] --------BufferInfo::AddMesh() Added mesh successfully-------
2016-08-18 17:31:23:492[cInfo        ] 
2016-08-18 17:31:23:492[cInfo        ] --------------------| START BUFFER MESH INFO |-------------------------------------
2016-08-18 17:31:23:493[cInfo        ] BufferInfo::AddMesh(): NUM VERTS-----------------[172800]
2016-08-18 17:31:23:494[cInfo        ] BufferInfo::AddMesh(): NUM INDICES---------------[0]
2016-08-18 17:31:23:495[cInfo        ] BufferInfo::AddMesh(): VERT OFFSET---------------[0]
2016-08-18 17:31:23:496[cInfo        ] BufferInfo::AddMesh(): INDICES OFFSET (BYTES)----[0]
2016-08-18 17:31:23:497[cInfo        ] --------------------|  END BUFFER MESH INFO  |--------------------------------------
2016-08-18 17:31:23:498[cInfo        ] 

2016-08-18 17:31:23:499[Info         ] ShapeGenerator::ReadSceneFile(): Added new scene [..\Data\Scenes\WaterPlane.ptn.scene] successfully.
2016-08-18 17:31:23:499[cProcess     ] Camera::Initialize() successful.
2016-08-18 17:31:23:510[cProcess     ] BufferManager::Initialize() successful.
2016-08-18 17:31:23:511[cInfo        ] 
-----------------------------------------------------------------------
 BufferInfo::CreateBuffers()[3] Created buffers:| VERTEX [21] with [8107776] bytes. || INDEX [22] with [0] bytes |
-----------------------------------------------------------------------

2016-08-18 17:31:23:525[cInfo        ] --------BufferInfo::AddMesh() Added mesh successfully-------
2016-08-18 17:31:23:526[cInfo        ] 
2016-08-18 17:31:23:527[cInfo        ] --------------------| START BUFFER MESH INFO |-------------------------------------
2016-08-18 17:31:23:528[cInfo        ] BufferInfo::AddMesh(): NUM VERTS-----------------[337824]
2016-08-18 17:31:23:530[cInfo        ] BufferInfo::AddMesh(): NUM INDICES---------------[0]
2016-08-18 17:31:23:531[cInfo        ] BufferInfo::AddMesh(): VERT OFFSET---------------[0]
2016-08-18 17:31:23:532[cInfo        ] BufferInfo::AddMesh(): INDICES OFFSET (BYTES)----[0]
2016-08-18 17:31:23:532[cInfo        ] --------------------|  END BUFFER MESH INFO  |--------------------------------------
2016-08-18 17:31:23:534[cInfo        ] 

2016-08-18 17:31:23:534[Info         ] ShapeGenerator::ReadSceneFile(): Added new scene [..\Data\Scenes\Dargon.pn.scene] successfully.
2016-08-18 17:31:23:534[cProcess     ] BufferManager::Initialize() successful.
2016-08-18 17:31:23:535[cInfo        ] 
-----------------------------------------------------------------------
 BufferInfo::CreateBuffers()[4] Created buffers:| VERTEX [23] with [1000000] bytes. || INDEX [24] with [1000000] bytes |
-----------------------------------------------------------------------

2016-08-18 17:31:23:542[cInfo        ] --------BufferInfo::AddMesh() Added mesh successfully-------
2016-08-18 17:31:23:543[cInfo        ] 
2016-08-18 17:31:23:543[cInfo        ] --------------------| START BUFFER MESH INFO |-------------------------------------
2016-08-18 17:31:23:545[cInfo        ] BufferInfo::AddMesh(): NUM VERTS-----------------[6]
2016-08-18 17:31:23:546[cInfo        ] BufferInfo::AddMesh(): NUM INDICES---------------[0]
2016-08-18 17:31:23:548[cInfo        ] BufferInfo::AddMesh(): VERT OFFSET---------------[0]
2016-08-18 17:31:23:549[cInfo        ] BufferInfo::AddMesh(): INDICES OFFSET (BYTES)----[0]
2016-08-18 17:31:23:549[cInfo        ] --------------------|  END BUFFER MESH INFO  |--------------------------------------
2016-08-18 17:31:23:550[cInfo        ] 

2016-08-18 17:31:23:551[cProcess     ] BodaciousQuest::Initialize() successful.
2016-08-18 17:31:23:555[Process      ] GameTime::Initialize() ok

2016-08-18 17:31:23:555[cProcess     ] MyWindow::Initialize() successful!
2016-08-18 17:32:19:241[cProcess     ] BufferManager::Shutdown() successful.
2016-08-18 17:32:19:243[cProcess     ] RenderEngine::Shutdown() successful.
2016-08-18 17:32:19:244[cProcess     ] Camera::Shutdown() successful.
2016-08-18 17:32:19:245[Info         ] Shader  [2] deleting...
2016-08-18 17:32:19:245[Info         ] Shader  [2] deleted successfully.
2016-08-18 17:32:19:245[Info         ] Shader  [3] deleting...
2016-08-18 17:32:19:245[Info         ] Shader  [3] deleted successfully.
2016-08-18 17:32:19:245[Info         ] All shaders deleted successfully.
2016-08-18 17:32:19:245[cInfo        ] Program [1] deleted successfully.
2016-08-18 17:32:19:246[Process      ] ShaderProgram[1]::Shutdown successful!
2016-08-18 17:32:19:247[Info         ] Shader  [5] deleting...
2016-08-18 17:32:19:247[Info         ] Shader  [5] deleted successfully.
2016-08-18 17:32:19:247[Info         ] Shader  [6] deleting...
2016-08-18 17:32:19:247[Info         ] Shader  [6] deleted successfully.
2016-08-18 17:32:19:247[Info         ] All shaders deleted successfully.
2016-08-18 17:32:19:247[cInfo        ] Program [4] deleted successfully.
2016-08-18 17:32:19:248[Process      ] ShaderProgram[4]::Shutdown successful!
2016-08-18 17:32:19:248[Info         ] Shader  [8] deleting...
2016-08-18 17:32:19:248[Info         ] Shader  [8] deleted successfully.
2016-08-18 17:32:19:248[Info         ] Shader  [9] deleting...
2016-08-18 17:32:19:248[Info         ] Shader  [9] deleted successfully.
2016-08-18 17:32:19:248[Info         ] All shaders deleted successfully.
2016-08-18 17:32:19:248[cInfo        ] Program [7] deleted successfully.
2016-08-18 17:32:19:249[Process      ] ShaderProgram[7]::Shutdown successful!
2016-08-18 17:32:19:250[Info         ] Shader  [11] deleting...
2016-08-18 17:32:19:250[Info         ] Shader  [11] deleted successfully.
2016-08-18 17:32:19:250[Info         ] Shader  [12] deleting...
2016-08-18 17:32:19:250[Info         ] Shader  [12] deleted successfully.
2016-08-18 17:32:19:250[Info         ] All shaders deleted successfully.
2016-08-18 17:32:19:250[cInfo        ] Program [10] deleted successfully.
2016-08-18 17:32:19:251[Process      ] ShaderProgram[10]::Shutdown successful!
2016-08-18 17:32:19:251[Info         ] Shader  [14] deleting...
2016-08-18 17:32:19:251[Info         ] Shader  [14] deleted successfully.
2016-08-18 17:32:19:251[Info         ] Shader  [15] deleting...
2016-08-18 17:32:19:251[Info         ] Shader  [15] deleted successfully.
2016-08-18 17:32:19:251[Info         ] All shaders deleted successfully.
2016-08-18 17:32:19:251[cInfo        ] Program [13] deleted successfully.
2016-08-18 17:32:19:252[Process      ] ShaderProgram[13]::Shutdown successful!
2016-08-18 17:32:19:253[Info         ] Shader  [17] deleting...
2016-08-18 17:32:19:253[Info         ] Shader  [17] deleted successfully.
2016-08-18 17:32:19:253[Info         ] Shader  [18] deleting...
2016-08-18 17:32:19:253[Info         ] Shader  [18] deleted successfully.
2016-08-18 17:32:19:253[Info         ] All shaders deleted successfully.
2016-08-18 17:32:19:253[cInfo        ] Program [16] deleted successfully.
2016-08-18 17:32:19:254[Process      ] ShaderProgram[16]::Shutdown successful!
2016-08-18 17:32:19:254[Info         ] Shader  [20] deleting...
2016-08-18 17:32:19:254[Info         ] Shader  [20] deleted successfully.
2016-08-18 17:32:19:254[Info         ] Shader  [21] deleting...
2016-08-18 17:32:19:254[Info         ] Shader  [21] deleted successfully.
2016-08-18 17:32:19:254[Info         ] All shaders deleted successfully.
2016-08-18 17:32:19:254[cInfo        ] Program [19] deleted successfully.
2016-08-18 17:32:19:255[Process      ] ShaderProgram[19]::Shutdown successful!
2016-08-18 17:32:19:255[cProcess     ] MyWindow::Shutdown() successful!
2016-08-18 17:32:19:256[cProcess     ] BodaciousQuest::Shutdown() successful.
2016-08-18 17:32:19:266[Process      ] ConfigReader shut down successfully
2016-08-18 17:32:19:266[Process      ] GameLogger::ShutDown() successful
