2016-08-20 13:55:18:134[Process      ] GameLogger::Initialize() opened log file [..\Data\LogFiles\2016-08-20 13-55-18.BodaciousQuest.log] for writing
2016-08-20 13:55:18:134[Info         ] GameLogger::Initialize() successful
2016-08-20 13:55:18:134[Process      ] ConfigReader opened [..\Data\BodaciousQuest.config] successfully
2016-08-20 13:55:18:134[Info         ] ConfigReader initialized successfully
2016-08-20 13:55:18:135[Info         ] Valid KVP [BodaciousQuest.ShowFullScreen] [false] added
2016-08-20 13:55:18:135[Info         ] Valid KVP [BodaciousQuest.FpsInterval] [5.0] added
2016-08-20 13:55:18:137[Info         ] Valid KVP [BodaciousQuest.EnableControls] [true] added
2016-08-20 13:55:18:137[Info         ] Valid KVP [BodaciousQuest.LoadCubeFirst] [true] added
2016-08-20 13:55:18:137[Info         ] Valid KVP [BodaciousQuest.CameraWalkMode] [false] added
2016-08-20 13:55:18:137[Info         ] Valid KVP [BodaciousQuest.GridSize] [40] added
2016-08-20 13:55:18:137[Info         ] Valid KVP [BodaciousQuest.LightingTest.Ambient.Color] [1.0  1.0  1.0] added
2016-08-20 13:55:18:137[Info         ] Valid KVP [BodaciousQuest.LightingTest.Diffuse.Color] [1.0  1.0  1.0] added
2016-08-20 13:55:18:137[Info         ] Valid KVP [BodaciousQuest.LightingTest.Specular.Color] [0.0  0.0  0.0] added
2016-08-20 13:55:18:137[Info         ] Valid KVP [BodaciousQuest.LightingTest.Ambient.Reflectivity] [0.01] added
2016-08-20 13:55:18:137[Info         ] Valid KVP [BodaciousQuest.LightingTest.Diffuse.Reflectivity] [0.8] added
2016-08-20 13:55:18:137[Info         ] Valid KVP [BodaciousQuest.LightingTest.Specular.Reflectivity] [0.5] added
2016-08-20 13:55:18:137[Info         ] Valid KVP [BodaciousQuest.LightingTest.Specular.Shininess] [1.0] added
2016-08-20 13:55:18:137[Info         ] Valid KVP [BodaciousQuest.LightingTest.Falloff.A] [1.0] added
2016-08-20 13:55:18:137[Info         ] Valid KVP [BodaciousQuest.LightingTest.Falloff.B] [0.01] added
2016-08-20 13:55:18:137[Info         ] Valid KVP [BodaciousQuest.LightingTest.Falloff.C] [0.0001] added
2016-08-20 13:55:18:137[Info         ] Valid KVP [BodaciousQuest.LightingTest.Directional] [false] added
2016-08-20 13:55:18:137[Info         ] Valid KVP [BodaciousQuest.LightingTest.Direction] [-1.0 0.0 1.0] added
2016-08-20 13:55:18:137[Info         ] Valid KVP [BodaciousQuest.LightingTest.Light.Position] [-0.875458 3.673020 1.043331] added
2016-08-20 13:55:18:137[Info         ] Valid KVP [BodaciousQuest.LightingTest.Dargon.Color] [1.0 1.0 0.4] added
2016-08-20 13:55:18:137[Info         ] Valid KVP [ObjConverter.Mode.VertexType] [pn] added
2016-08-20 13:55:18:137[Info         ] Valid KVP [ObjConverter.Mode.Analyze] [false] added
2016-08-20 13:55:18:137[Info         ] Valid KVP [ObjConverter.Model] [Dargon] added
2016-08-20 13:55:18:137[Info         ] Valid KVP [ObjConverter.Shader] [4] added
2016-08-20 13:55:18:137[Info         ] Valid KVP [ObjConverter.Color] [random] added
2016-08-20 13:55:18:137[Info         ] Valid KVP [ObjConverter.Obj.InputFileFolder] [..\\Data\\Objs\\] added
2016-08-20 13:55:18:137[Info         ] Valid KVP [ObjConverter.Scene.OutputFileFolder] [..\\Data\\Scenes\\] added
2016-08-20 13:55:18:137[Info         ] Valid KVP [ObjConverter.Model.Dargon.NumVerts] [57967] added
2016-08-20 13:55:18:137[Info         ] Valid KVP [ObjConverter.Model.Dargon.NumIndices] [337824] added
2016-08-20 13:55:18:137[Info         ] Valid KVP [ObjConverter.Model.Dargon.NumTexCoords] [60175] added
2016-08-20 13:55:18:137[Info         ] Valid KVP [ObjConverter.Model.Dargon.NumNormals] [337824] added
2016-08-20 13:55:18:137[Info         ] Valid KVP [ObjConverter.Model.Swamp.NumVerts] [2735] added
2016-08-20 13:55:18:137[Info         ] Valid KVP [ObjConverter.Model.Swamp.NumIndices] [8556] added
2016-08-20 13:55:18:137[Info         ] Valid KVP [ObjConverter.Model.Swamp.NumTexCoords] [3622] added
2016-08-20 13:55:18:137[Info         ] Valid KVP [ObjConverter.Model.Swamp.NumNormals] [5156] added
2016-08-20 13:55:18:137[Info         ] Valid KVP [ObjConverter.Model.Pyramid.NumVerts] [5] added
2016-08-20 13:55:18:137[Info         ] Valid KVP [ObjConverter.Model.Pyramid.NumIndices] [18] added
2016-08-20 13:55:18:137[Info         ] Valid KVP [ObjConverter.Model.Pyramid.NumTexCoords] [10] added
2016-08-20 13:55:18:137[Info         ] Valid KVP [ObjConverter.Model.Pyramid.NumNormals] [16] added
2016-08-20 13:55:18:138[Info         ] Valid KVP [ObjConverter.Model.AIWorld.NumVerts] [1957] added
2016-08-20 13:55:18:138[Info         ] Valid KVP [ObjConverter.Model.AIWorld.NumIndices] [8718] added
2016-08-20 13:55:18:138[Info         ] Valid KVP [ObjConverter.Model.AIWorld.NumTexCoords] [4186] added
2016-08-20 13:55:18:138[Info         ] Valid KVP [ObjConverter.Model.AIWorld.NumNormals] [5418] added
2016-08-20 13:55:18:138[Info         ] Valid KVP [ObjConverter.Model.GameWeapon.NumVerts] [2068] added
2016-08-20 13:55:18:138[Info         ] Valid KVP [ObjConverter.Model.GameWeapon.NumIndices] [9894] added
2016-08-20 13:55:18:138[Info         ] Valid KVP [ObjConverter.Model.GameWeapon.NumTexCoords] [0] added
2016-08-20 13:55:18:138[Info         ] Valid KVP [ObjConverter.Model.GameWeapon.NumNormals] [0] added
2016-08-20 13:55:18:138[Info         ] Valid KVP [ObjConverter.Model.Chicken.NumVerts] [224] added
2016-08-20 13:55:18:138[Info         ] Valid KVP [ObjConverter.Model.Chicken.NumIndices] [1374] added
2016-08-20 13:55:18:138[Info         ] Valid KVP [ObjConverter.Model.Chicken.NumTexCoords] [472] added
2016-08-20 13:55:18:138[Info         ] Valid KVP [ObjConverter.Model.Chicken.NumNormals] [565] added
2016-08-20 13:55:18:138[Info         ] Valid KVP [ObjConverter.Model.WaterPlane.NumVerts] [29282] added
2016-08-20 13:55:18:138[Info         ] Valid KVP [ObjConverter.Model.WaterPlane.NumIndices] [172800] added
2016-08-20 13:55:18:138[Info         ] Valid KVP [ObjConverter.Model.WaterPlane.NumTexCoords] [29282] added
2016-08-20 13:55:18:138[Info         ] Valid KVP [ObjConverter.Model.WaterPlane.NumNormals] [172800] added
2016-08-20 13:55:18:138[Info         ] Valid KVP [ObjConverter.Model.Cube.NumVerts] [8] added
2016-08-20 13:55:18:138[Info         ] Valid KVP [ObjConverter.Model.Cube.NumIndices] [36] added
2016-08-20 13:55:18:138[Info         ] Valid KVP [ObjConverter.Model.Cube.NumTexCoords] [14] added
2016-08-20 13:55:18:138[Info         ] Valid KVP [ObjConverter.Model.Cube.NumNormals] [24] added
2016-08-20 13:55:18:138[Info         ] Valid KVP [ObjConverter.Model.Barrel.NumVerts] [172] added
2016-08-20 13:55:18:138[Info         ] Valid KVP [ObjConverter.Model.Barrel.NumIndices] [1008] added
2016-08-20 13:55:18:138[Info         ] Valid KVP [ObjConverter.Model.Barrel.NumTexCoords] [328] added
2016-08-20 13:55:18:138[Info         ] Valid KVP [ObjConverter.Model.Barrel.NumNormals] [204] added
2016-08-20 13:55:18:138[Info         ] Valid KVP [ObjConverter.Model.SkyBox.NumVerts] [8] added
2016-08-20 13:55:18:138[Info         ] Valid KVP [ObjConverter.Model.SkyBox.NumIndices] [36] added
2016-08-20 13:55:18:138[Info         ] Valid KVP [ObjConverter.Model.SkyBox.NumTexCoords] [18] added
2016-08-20 13:55:18:138[Info         ] Valid KVP [ObjConverter.Model.SkyBox.NumNormals] [24] added
2016-08-20 13:55:18:204[cInfo        ] Config reader opened [..\Data\BodaciousQuest.config] for reading!
2016-08-20 13:55:18:262[Process      ] ShaderManager Initialized successfully
2016-08-20 13:55:18:262[Info         ] Shader Init started
2016-08-20 13:55:18:262[Info         ] Shader Program created.
2016-08-20 13:55:18:262[Process      ] ShaderProgram::Initialize()[1] successful!
2016-08-20 13:55:18:262[Debug        ] File [..\Data\shaders\debug.vert.shader] Opened successfully! Buffer Length:[291]
2016-08-20 13:55:18:262[Debug        ] Shader file [..\Data\shaders\debug.vert.shader] contents:
//BEGIN
#version 430 core

layout(location = 0)  in vec3 vPosition;

layout(location = 15) uniform vec3 colorin;
layout(location = 16) uniform mat4 MAT;

out vec4 color;

void main()
{
	vec4 vertPos = vec4(vPosition, 1.0);
	gl_Position = MAT *  vertPos;
	color = vec4(colorin, 1.0);
}
//END

2016-08-20 13:55:18:263[Debug        ]  ShaderProgram::AddShader() file with data was read in
2016-08-20 13:55:18:263[Debug        ] ShaderProgram::AddShader() : glShaderSource() successful
2016-08-20 13:55:18:263[Debug        ] ShaderProgram::AddShader() : glCompileShader() successful
2016-08-20 13:55:18:263[Info         ] ShaderProgram::CheckShaderCompileStatus(2) successful.
2016-08-20 13:55:18:263[Debug        ] ShaderProgram::AddShader() : glCompileShader() successful
2016-08-20 13:55:18:263[Info         ] ShaderInfo saved successfully.
2016-08-20 13:55:18:263[Debug        ] ShaderProgram::AddShader() : glAttachShader() successful
2016-08-20 13:55:18:263[Info         ] ShaderProgram::AddShader [2] successful.
2016-08-20 13:55:18:263[Debug        ] File [..\Data\shaders\debug.frag.shader] Opened successfully! Buffer Length:[104]
2016-08-20 13:55:18:263[Debug        ] Shader file [..\Data\shaders\debug.frag.shader] contents:
//BEGIN
#version 430 core


in  vec4 color;
out vec4 outColor;

void main()
{
	outColor = color;
}


//END

2016-08-20 13:55:18:264[Debug        ]  ShaderProgram::AddShader() file with data was read in
2016-08-20 13:55:18:264[Debug        ] ShaderProgram::AddShader() : glShaderSource() successful
2016-08-20 13:55:18:264[Debug        ] ShaderProgram::AddShader() : glCompileShader() successful
2016-08-20 13:55:18:264[Info         ] ShaderProgram::CheckShaderCompileStatus(3) successful.
2016-08-20 13:55:18:264[Debug        ] ShaderProgram::AddShader() : glCompileShader() successful
2016-08-20 13:55:18:264[Info         ] ShaderInfo saved successfully.
2016-08-20 13:55:18:264[Debug        ] ShaderProgram::AddShader() : glAttachShader() successful
2016-08-20 13:55:18:264[Info         ] ShaderProgram::AddShader [3] successful.
2016-08-20 13:55:18:265[Info         ] CheckProgramStatus() successful!
2016-08-20 13:55:18:265[Info         ] CheckProgramStatus() successful!
2016-08-20 13:55:18:265[Info         ] Shader Init started
2016-08-20 13:55:18:265[Info         ] Shader Program created.
2016-08-20 13:55:18:265[Process      ] ShaderProgram::Initialize()[4] successful!
2016-08-20 13:55:18:266[Debug        ] File [..\Data\shaders\play.vert.shader] Opened successfully! Buffer Length:[343]
2016-08-20 13:55:18:266[Debug        ] Shader file [..\Data\shaders\play.vert.shader] contents:
//BEGIN
#version 430 core

layout (location = 0)  in vec3 vPosition;
layout (location = 1)  in vec3 vColor;
layout (location = 15) uniform vec3 colorin;
layout (location = 16) uniform mat4 MAT;

out vec4 color;

void main()
{
	vec4 vertPos = vec4(vPosition, 1.0);
	gl_Position = MAT *  vertPos;
	color = vec4((vColor + colorin), 1.0);
}
//END

2016-08-20 13:55:18:266[Debug        ]  ShaderProgram::AddShader() file with data was read in
2016-08-20 13:55:18:266[Debug        ] ShaderProgram::AddShader() : glShaderSource() successful
2016-08-20 13:55:18:266[Debug        ] ShaderProgram::AddShader() : glCompileShader() successful
2016-08-20 13:55:18:266[Info         ] ShaderProgram::CheckShaderCompileStatus(5) successful.
2016-08-20 13:55:18:266[Debug        ] ShaderProgram::AddShader() : glCompileShader() successful
2016-08-20 13:55:18:266[Info         ] ShaderInfo saved successfully.
2016-08-20 13:55:18:266[Debug        ] ShaderProgram::AddShader() : glAttachShader() successful
2016-08-20 13:55:18:266[Info         ] ShaderProgram::AddShader [5] successful.
2016-08-20 13:55:18:266[Debug        ] File [..\Data\shaders\play.frag.shader] Opened successfully! Buffer Length:[391]
2016-08-20 13:55:18:266[Debug        ] Shader file [..\Data\shaders\play.frag.shader] contents:
//BEGIN
#version 430 core


in  vec4 color;
out vec4 outColor;

void main()
{

	//if (color.r < .7) discard;
	outColor = color;

	//if(((gl_FragCoord.x  > 600)&& (gl_FragCoord.y < 300)) || ((gl_FragCoord.y < 300)  && (gl_FragCoord.x  < 600) )) {
	//discard;
	//}

	//vec2 scrPos = vec2(gl_FragCoord) - vec2(350,150);
	//float len =  length(scrPos);
	//if(len < 50 )discard;
}


//END

2016-08-20 13:55:18:266[Debug        ]  ShaderProgram::AddShader() file with data was read in
2016-08-20 13:55:18:266[Debug        ] ShaderProgram::AddShader() : glShaderSource() successful
2016-08-20 13:55:18:266[Debug        ] ShaderProgram::AddShader() : glCompileShader() successful
2016-08-20 13:55:18:266[Info         ] ShaderProgram::CheckShaderCompileStatus(6) successful.
2016-08-20 13:55:18:266[Debug        ] ShaderProgram::AddShader() : glCompileShader() successful
2016-08-20 13:55:18:266[Info         ] ShaderInfo saved successfully.
2016-08-20 13:55:18:266[Debug        ] ShaderProgram::AddShader() : glAttachShader() successful
2016-08-20 13:55:18:266[Info         ] ShaderProgram::AddShader [6] successful.
2016-08-20 13:55:18:267[Info         ] CheckProgramStatus() successful!
2016-08-20 13:55:18:267[Info         ] CheckProgramStatus() successful!
2016-08-20 13:55:18:267[Info         ] Shader Init started
2016-08-20 13:55:18:267[Info         ] Shader Program created.
2016-08-20 13:55:18:267[Process      ] ShaderProgram::Initialize()[7] successful!
2016-08-20 13:55:18:267[Debug        ] File [..\Data\shaders\texture.vert.shader] Opened successfully! Buffer Length:[305]
2016-08-20 13:55:18:267[Debug        ] Shader file [..\Data\shaders\texture.vert.shader] contents:
//BEGIN
#version 430 core

layout (location = 0)  in vec3 vPosition;
layout (location = 1)  in vec2 vUV;

layout (location = 16) uniform mat4 MAT;

//out data
out vec2 UV;

//out vec4 color;

void main()
{
	vec4 vertPos = vec4(vPosition, 1.0);
	gl_Position = MAT *  vertPos;

	UV = vUV;
	
	
}
//END

2016-08-20 13:55:18:267[Debug        ]  ShaderProgram::AddShader() file with data was read in
2016-08-20 13:55:18:267[Debug        ] ShaderProgram::AddShader() : glShaderSource() successful
2016-08-20 13:55:18:267[Debug        ] ShaderProgram::AddShader() : glCompileShader() successful
2016-08-20 13:55:18:267[Info         ] ShaderProgram::CheckShaderCompileStatus(8) successful.
2016-08-20 13:55:18:267[Debug        ] ShaderProgram::AddShader() : glCompileShader() successful
2016-08-20 13:55:18:267[Info         ] ShaderInfo saved successfully.
2016-08-20 13:55:18:267[Debug        ] ShaderProgram::AddShader() : glAttachShader() successful
2016-08-20 13:55:18:267[Info         ] ShaderProgram::AddShader [8] successful.
2016-08-20 13:55:18:268[Debug        ] File [..\Data\shaders\texture.frag.shader] Opened successfully! Buffer Length:[482]
2016-08-20 13:55:18:268[Debug        ] Shader file [..\Data\shaders\texture.frag.shader] contents:
//BEGIN
#version 430 core


in  vec2 UV;
out vec4 outColor;

layout(location = 20) uniform sampler2D textureSampler;

void main()
{

	//if (color.r < .7) discard;
	outColor = vec4(texture(textureSampler, UV).rgb, 1.0);

	//if(((gl_FragCoord.x  > 600)&& (gl_FragCoord.y < 300)) || ((gl_FragCoord.y < 300)  && (gl_FragCoord.x  < 600) )) {
	//discard;
	//}
	//vec2 scrPos = vec2(gl_FragCoord) - vec2(350,150);
	//float len =  length(scrPos);
	//if(len < 50 )discard;
}


//END

2016-08-20 13:55:18:268[Debug        ]  ShaderProgram::AddShader() file with data was read in
2016-08-20 13:55:18:268[Debug        ] ShaderProgram::AddShader() : glShaderSource() successful
2016-08-20 13:55:18:268[Debug        ] ShaderProgram::AddShader() : glCompileShader() successful
2016-08-20 13:55:18:268[Info         ] ShaderProgram::CheckShaderCompileStatus(9) successful.
2016-08-20 13:55:18:268[Debug        ] ShaderProgram::AddShader() : glCompileShader() successful
2016-08-20 13:55:18:268[Info         ] ShaderInfo saved successfully.
2016-08-20 13:55:18:268[Debug        ] ShaderProgram::AddShader() : glAttachShader() successful
2016-08-20 13:55:18:268[Info         ] ShaderProgram::AddShader [9] successful.
2016-08-20 13:55:18:269[Info         ] CheckProgramStatus() successful!
2016-08-20 13:55:18:269[Info         ] CheckProgramStatus() successful!
2016-08-20 13:55:18:269[Info         ] Shader Init started
2016-08-20 13:55:18:269[Info         ] Shader Program created.
2016-08-20 13:55:18:269[Process      ] ShaderProgram::Initialize()[10] successful!
2016-08-20 13:55:18:269[Debug        ] File [..\Data\shaders\framebuffer.vert.shader] Opened successfully! Buffer Length:[305]
2016-08-20 13:55:18:269[Debug        ] Shader file [..\Data\shaders\framebuffer.vert.shader] contents:
//BEGIN
#version 430 core

layout (location = 0)  in vec3 vPosition;
layout (location = 1)  in vec2 vUV;

layout (location = 16) uniform mat4 MAT;

//out data
out vec2 UV;

//out vec4 color;

void main()
{
	vec4 vertPos = vec4(vPosition, 1.0);
	gl_Position = MAT *  vertPos;

	UV = vUV;
	
	
}
//END

2016-08-20 13:55:18:269[Debug        ]  ShaderProgram::AddShader() file with data was read in
2016-08-20 13:55:18:269[Debug        ] ShaderProgram::AddShader() : glShaderSource() successful
2016-08-20 13:55:18:270[Debug        ] ShaderProgram::AddShader() : glCompileShader() successful
2016-08-20 13:55:18:270[Info         ] ShaderProgram::CheckShaderCompileStatus(11) successful.
2016-08-20 13:55:18:270[Debug        ] ShaderProgram::AddShader() : glCompileShader() successful
2016-08-20 13:55:18:270[Info         ] ShaderInfo saved successfully.
2016-08-20 13:55:18:270[Debug        ] ShaderProgram::AddShader() : glAttachShader() successful
2016-08-20 13:55:18:270[Info         ] ShaderProgram::AddShader [11] successful.
2016-08-20 13:55:18:270[Debug        ] File [..\Data\shaders\framebuffer.frag.shader] Opened successfully! Buffer Length:[275]
2016-08-20 13:55:18:270[Debug        ] Shader file [..\Data\shaders\framebuffer.frag.shader] contents:
//BEGIN
#version 430 core


in  vec2 UV;
out vec4 outColor;

layout(location = 20) uniform sampler2D textureSampler;

void main()
{


	vec3 tempCol = texture(textureSampler, UV).rgb;

	outColor = vec4(tempCol.r / 1.5f, tempCol.g / 1.5f, tempCol.b / 1.5f, 1.0f);
}


//END

2016-08-20 13:55:18:270[Debug        ]  ShaderProgram::AddShader() file with data was read in
2016-08-20 13:55:18:270[Debug        ] ShaderProgram::AddShader() : glShaderSource() successful
2016-08-20 13:55:18:270[Debug        ] ShaderProgram::AddShader() : glCompileShader() successful
2016-08-20 13:55:18:270[Info         ] ShaderProgram::CheckShaderCompileStatus(12) successful.
2016-08-20 13:55:18:270[Debug        ] ShaderProgram::AddShader() : glCompileShader() successful
2016-08-20 13:55:18:270[Info         ] ShaderInfo saved successfully.
2016-08-20 13:55:18:270[Debug        ] ShaderProgram::AddShader() : glAttachShader() successful
2016-08-20 13:55:18:270[Info         ] ShaderProgram::AddShader [12] successful.
2016-08-20 13:55:18:271[Info         ] CheckProgramStatus() successful!
2016-08-20 13:55:18:271[Info         ] CheckProgramStatus() successful!
2016-08-20 13:55:18:271[Info         ] Shader Init started
2016-08-20 13:55:18:271[Info         ] Shader Program created.
2016-08-20 13:55:18:271[Process      ] ShaderProgram::Initialize()[13] successful!
2016-08-20 13:55:18:271[Debug        ] File [..\Data\shaders\lighting.vert.shader] Opened successfully! Buffer Length:[1145]
2016-08-20 13:55:18:271[cDebug       ] Shader file [..\Data\shaders\lighting.vert.shader] is too big to display contents.
2016-08-20 13:55:18:273[Debug        ]  ShaderProgram::AddShader() file with data was read in
2016-08-20 13:55:18:273[Debug        ] ShaderProgram::AddShader() : glShaderSource() successful
2016-08-20 13:55:18:273[Debug        ] ShaderProgram::AddShader() : glCompileShader() successful
2016-08-20 13:55:18:273[Info         ] ShaderProgram::CheckShaderCompileStatus(14) successful.
2016-08-20 13:55:18:273[Debug        ] ShaderProgram::AddShader() : glCompileShader() successful
2016-08-20 13:55:18:273[Info         ] ShaderInfo saved successfully.
2016-08-20 13:55:18:273[Debug        ] ShaderProgram::AddShader() : glAttachShader() successful
2016-08-20 13:55:18:273[Info         ] ShaderProgram::AddShader [14] successful.
2016-08-20 13:55:18:273[Debug        ] File [..\Data\shaders\lighting.frag.shader] Opened successfully! Buffer Length:[1744]
2016-08-20 13:55:18:274[cDebug       ] Shader file [..\Data\shaders\lighting.frag.shader] is too big to display contents.
2016-08-20 13:55:18:275[Debug        ]  ShaderProgram::AddShader() file with data was read in
2016-08-20 13:55:18:275[Debug        ] ShaderProgram::AddShader() : glShaderSource() successful
2016-08-20 13:55:18:276[Debug        ] ShaderProgram::AddShader() : glCompileShader() successful
2016-08-20 13:55:18:276[Info         ] ShaderProgram::CheckShaderCompileStatus(15) successful.
2016-08-20 13:55:18:276[Debug        ] ShaderProgram::AddShader() : glCompileShader() successful
2016-08-20 13:55:18:276[Info         ] ShaderInfo saved successfully.
2016-08-20 13:55:18:276[Debug        ] ShaderProgram::AddShader() : glAttachShader() successful
2016-08-20 13:55:18:276[Info         ] ShaderProgram::AddShader [15] successful.
2016-08-20 13:55:18:281[Info         ] CheckProgramStatus() successful!
2016-08-20 13:55:18:281[Info         ] CheckProgramStatus() successful!
2016-08-20 13:55:18:281[Info         ] Shader Init started
2016-08-20 13:55:18:281[Info         ] Shader Program created.
2016-08-20 13:55:18:281[Process      ] ShaderProgram::Initialize()[16] successful!
2016-08-20 13:55:18:281[Debug        ] File [..\Data\shaders\texlighting.vert.shader] Opened successfully! Buffer Length:[1110]
2016-08-20 13:55:18:281[cDebug       ] Shader file [..\Data\shaders\texlighting.vert.shader] is too big to display contents.
2016-08-20 13:55:18:283[Debug        ]  ShaderProgram::AddShader() file with data was read in
2016-08-20 13:55:18:283[Debug        ] ShaderProgram::AddShader() : glShaderSource() successful
2016-08-20 13:55:18:283[Debug        ] ShaderProgram::AddShader() : glCompileShader() successful
2016-08-20 13:55:18:283[Info         ] ShaderProgram::CheckShaderCompileStatus(17) successful.
2016-08-20 13:55:18:283[Debug        ] ShaderProgram::AddShader() : glCompileShader() successful
2016-08-20 13:55:18:283[Info         ] ShaderInfo saved successfully.
2016-08-20 13:55:18:283[Debug        ] ShaderProgram::AddShader() : glAttachShader() successful
2016-08-20 13:55:18:283[Info         ] ShaderProgram::AddShader [17] successful.
2016-08-20 13:55:18:283[Debug        ] File [..\Data\shaders\texlighting.frag.shader] Opened successfully! Buffer Length:[1717]
2016-08-20 13:55:18:283[cDebug       ] Shader file [..\Data\shaders\texlighting.frag.shader] is too big to display contents.
2016-08-20 13:55:18:285[Debug        ]  ShaderProgram::AddShader() file with data was read in
2016-08-20 13:55:18:285[Debug        ] ShaderProgram::AddShader() : glShaderSource() successful
2016-08-20 13:55:18:286[Debug        ] ShaderProgram::AddShader() : glCompileShader() successful
2016-08-20 13:55:18:286[Info         ] ShaderProgram::CheckShaderCompileStatus(18) successful.
2016-08-20 13:55:18:286[Debug        ] ShaderProgram::AddShader() : glCompileShader() successful
2016-08-20 13:55:18:286[Info         ] ShaderInfo saved successfully.
2016-08-20 13:55:18:286[Debug        ] ShaderProgram::AddShader() : glAttachShader() successful
2016-08-20 13:55:18:286[Info         ] ShaderProgram::AddShader [18] successful.
2016-08-20 13:55:18:289[Info         ] CheckProgramStatus() successful!
2016-08-20 13:55:18:289[Info         ] CheckProgramStatus() successful!
2016-08-20 13:55:18:289[Info         ] Shader Init started
2016-08-20 13:55:18:289[Info         ] Shader Program created.
2016-08-20 13:55:18:289[Process      ] ShaderProgram::Initialize()[19] successful!
2016-08-20 13:55:18:289[Debug        ] File [..\Data\shaders\water.vert.shader] Opened successfully! Buffer Length:[1400]
2016-08-20 13:55:18:289[cDebug       ] Shader file [..\Data\shaders\water.vert.shader] is too big to display contents.
2016-08-20 13:55:18:291[Debug        ]  ShaderProgram::AddShader() file with data was read in
2016-08-20 13:55:18:291[Debug        ] ShaderProgram::AddShader() : glShaderSource() successful
2016-08-20 13:55:18:291[Debug        ] ShaderProgram::AddShader() : glCompileShader() successful
2016-08-20 13:55:18:292[Info         ] ShaderProgram::CheckShaderCompileStatus(20) successful.
2016-08-20 13:55:18:292[Debug        ] ShaderProgram::AddShader() : glCompileShader() successful
2016-08-20 13:55:18:292[Info         ] ShaderInfo saved successfully.
2016-08-20 13:55:18:292[Debug        ] ShaderProgram::AddShader() : glAttachShader() successful
2016-08-20 13:55:18:292[Info         ] ShaderProgram::AddShader [20] successful.
2016-08-20 13:55:18:292[Debug        ] File [..\Data\shaders\water.frag.shader] Opened successfully! Buffer Length:[2436]
2016-08-20 13:55:18:292[cDebug       ] Shader file [..\Data\shaders\water.frag.shader] is too big to display contents.
2016-08-20 13:55:18:294[Debug        ]  ShaderProgram::AddShader() file with data was read in
2016-08-20 13:55:18:294[Debug        ] ShaderProgram::AddShader() : glShaderSource() successful
2016-08-20 13:55:18:295[Debug        ] ShaderProgram::AddShader() : glCompileShader() successful
2016-08-20 13:55:18:295[Info         ] ShaderProgram::CheckShaderCompileStatus(21) successful.
2016-08-20 13:55:18:295[Debug        ] ShaderProgram::AddShader() : glCompileShader() successful
2016-08-20 13:55:18:295[Info         ] ShaderInfo saved successfully.
2016-08-20 13:55:18:295[Debug        ] ShaderProgram::AddShader() : glAttachShader() successful
2016-08-20 13:55:18:295[Info         ] ShaderProgram::AddShader [21] successful.
2016-08-20 13:55:18:297[Info         ] CheckProgramStatus() successful!
2016-08-20 13:55:18:297[Info         ] CheckProgramStatus() successful!
2016-08-20 13:55:18:298[Info         ] GetAttribLocation [vPosition] successful.
2016-08-20 13:55:18:298[Info         ] GetUniformLocation [colorin] successful.
2016-08-20 13:55:18:298[Info         ] GetUniformLocation [MAT] successful.
2016-08-20 13:55:18:298[cProcess     ] RenderEngine::Initialize() successful.
2016-08-20 13:55:18:300[cInfo        ] 
-----------------------------------------------------------------------
 BufferInfo::CreateBuffers()[0] Created buffers:| VERTEX [1] with [80] bytes. || INDEX [2] with [24] bytes |
-----------------------------------------------------------------------

2016-08-20 13:55:18:305[cInfo        ] --------BufferInfo::AddMesh() Added mesh successfully-------
2016-08-20 13:55:18:306[cInfo        ] 
2016-08-20 13:55:18:307[cInfo        ] --------------------| START BUFFER MESH INFO |-------------------------------------
2016-08-20 13:55:18:310[cInfo        ] BufferInfo::AddMesh(): NUM VERTS-----------------[4]
2016-08-20 13:55:18:311[cInfo        ] BufferInfo::AddMesh(): NUM INDICES---------------[6]
2016-08-20 13:55:18:313[cInfo        ] BufferInfo::AddMesh(): VERT OFFSET---------------[0]
2016-08-20 13:55:18:314[cInfo        ] BufferInfo::AddMesh(): INDICES OFFSET (BYTES)----[0]
2016-08-20 13:55:18:315[cInfo        ] --------------------|  END BUFFER MESH INFO  |--------------------------------------
2016-08-20 13:55:18:316[cInfo        ] 

2016-08-20 13:55:18:317[cInfo        ] 
-----------------------------------------------------------------------
 BufferInfo::CreateBuffers()[0] Created buffers:| VERTEX [3] with [96] bytes. || INDEX [4] with [48] bytes |
-----------------------------------------------------------------------

2016-08-20 13:55:18:321[cInfo        ] --------BufferInfo::AddMesh() Added mesh successfully-------
2016-08-20 13:55:18:322[cInfo        ] 
2016-08-20 13:55:18:323[cInfo        ] --------------------| START BUFFER MESH INFO |-------------------------------------
2016-08-20 13:55:18:324[cInfo        ] BufferInfo::AddMesh(): NUM VERTS-----------------[8]
2016-08-20 13:55:18:324[cInfo        ] BufferInfo::AddMesh(): NUM INDICES---------------[24]
2016-08-20 13:55:18:325[cInfo        ] BufferInfo::AddMesh(): VERT OFFSET---------------[0]
2016-08-20 13:55:18:326[cInfo        ] BufferInfo::AddMesh(): INDICES OFFSET (BYTES)----[0]
2016-08-20 13:55:18:329[cInfo        ] --------------------|  END BUFFER MESH INFO  |--------------------------------------
2016-08-20 13:55:18:330[cInfo        ] 

2016-08-20 13:55:18:331[cInfo        ] 
-----------------------------------------------------------------------
 BufferInfo::CreateBuffers()[0] Created buffers:| VERTEX [5] with [864] bytes. || INDEX [6] with [0] bytes |
-----------------------------------------------------------------------

2016-08-20 13:55:18:335[cInfo        ] --------BufferInfo::AddMesh() Added mesh successfully-------
2016-08-20 13:55:18:335[cInfo        ] 
2016-08-20 13:55:18:336[cInfo        ] --------------------| START BUFFER MESH INFO |-------------------------------------
2016-08-20 13:55:18:338[cInfo        ] BufferInfo::AddMesh(): NUM VERTS-----------------[36]
2016-08-20 13:55:18:339[cInfo        ] BufferInfo::AddMesh(): NUM INDICES---------------[0]
2016-08-20 13:55:18:340[cInfo        ] BufferInfo::AddMesh(): VERT OFFSET---------------[0]
2016-08-20 13:55:18:341[cInfo        ] BufferInfo::AddMesh(): INDICES OFFSET (BYTES)----[0]
2016-08-20 13:55:18:341[cInfo        ] --------------------|  END BUFFER MESH INFO  |--------------------------------------
2016-08-20 13:55:18:343[cInfo        ] 

2016-08-20 13:55:18:344[cInfo        ] 
-----------------------------------------------------------------------
 BufferInfo::CreateBuffers()[0] Created buffers:| VERTEX [7] with [144] bytes. || INDEX [8] with [0] bytes |
-----------------------------------------------------------------------

2016-08-20 13:55:18:349[cInfo        ] --------BufferInfo::AddMesh() Added mesh successfully-------
2016-08-20 13:55:18:350[cInfo        ] 
2016-08-20 13:55:18:350[cInfo        ] --------------------| START BUFFER MESH INFO |-------------------------------------
2016-08-20 13:55:18:351[cInfo        ] BufferInfo::AddMesh(): NUM VERTS-----------------[6]
2016-08-20 13:55:18:352[cInfo        ] BufferInfo::AddMesh(): NUM INDICES---------------[0]
2016-08-20 13:55:18:353[cInfo        ] BufferInfo::AddMesh(): VERT OFFSET---------------[0]
2016-08-20 13:55:18:354[cInfo        ] BufferInfo::AddMesh(): INDICES OFFSET (BYTES)----[0]
2016-08-20 13:55:18:355[cInfo        ] --------------------|  END BUFFER MESH INFO  |--------------------------------------
2016-08-20 13:55:18:357[cInfo        ] 

2016-08-20 13:55:18:358[cProcess     ] BufferManager::Initialize() successful.
2016-08-20 13:55:18:358[cInfo        ] 
-----------------------------------------------------------------------
 BufferInfo::CreateBuffers()[0] Created buffers:| VERTEX [9] with [1000000] bytes. || INDEX [10] with [1000000] bytes |
-----------------------------------------------------------------------

2016-08-20 13:55:18:363[cInfo        ] --------BufferInfo::AddMesh() Added mesh successfully-------
2016-08-20 13:55:18:364[cInfo        ] 
2016-08-20 13:55:18:364[cInfo        ] --------------------| START BUFFER MESH INFO |-------------------------------------
2016-08-20 13:55:18:367[cInfo        ] BufferInfo::AddMesh(): NUM VERTS-----------------[24]
2016-08-20 13:55:18:367[cInfo        ] BufferInfo::AddMesh(): NUM INDICES---------------[36]
2016-08-20 13:55:18:368[cInfo        ] BufferInfo::AddMesh(): VERT OFFSET---------------[0]
2016-08-20 13:55:18:369[cInfo        ] BufferInfo::AddMesh(): INDICES OFFSET (BYTES)----[0]
2016-08-20 13:55:18:370[cInfo        ] --------------------|  END BUFFER MESH INFO  |--------------------------------------
2016-08-20 13:55:18:371[cInfo        ] 

2016-08-20 13:55:18:373[cProcess     ] BufferManager::Initialize() successful.
2016-08-20 13:55:18:373[cInfo        ] 
-----------------------------------------------------------------------
 BufferInfo::CreateBuffers()[1] Created buffers:| VERTEX [11] with [1000000] bytes. || INDEX [12] with [1000000] bytes |
-----------------------------------------------------------------------

2016-08-20 13:55:18:380[cInfo        ] --------BufferInfo::AddMesh() Added mesh successfully-------
2016-08-20 13:55:18:382[cInfo        ] 
2016-08-20 13:55:18:382[cInfo        ] --------------------| START BUFFER MESH INFO |-------------------------------------
2016-08-20 13:55:18:384[cInfo        ] BufferInfo::AddMesh(): NUM VERTS-----------------[1536]
2016-08-20 13:55:18:385[cInfo        ] BufferInfo::AddMesh(): NUM INDICES---------------[3072]
2016-08-20 13:55:18:388[cInfo        ] BufferInfo::AddMesh(): VERT OFFSET---------------[0]
2016-08-20 13:55:18:389[cInfo        ] BufferInfo::AddMesh(): INDICES OFFSET (BYTES)----[0]
2016-08-20 13:55:18:391[cInfo        ] --------------------|  END BUFFER MESH INFO  |--------------------------------------
2016-08-20 13:55:18:392[cInfo        ] 

2016-08-20 13:55:18:394[cInfo        ] 
-----------------------------------------------------------------------
 BufferInfo::CreateBuffers()[0] Created buffers:| VERTEX [13] with [3936] bytes. || INDEX [14] with [0] bytes |
-----------------------------------------------------------------------

2016-08-20 13:55:18:400[cInfo        ] --------BufferInfo::AddMesh() Added mesh successfully-------
2016-08-20 13:55:18:401[cInfo        ] 
2016-08-20 13:55:18:402[cInfo        ] --------------------| START BUFFER MESH INFO |-------------------------------------
2016-08-20 13:55:18:403[cInfo        ] BufferInfo::AddMesh(): NUM VERTS-----------------[164]
2016-08-20 13:55:18:404[cInfo        ] BufferInfo::AddMesh(): NUM INDICES---------------[0]
2016-08-20 13:55:18:404[cInfo        ] BufferInfo::AddMesh(): VERT OFFSET---------------[0]
2016-08-20 13:55:18:405[cInfo        ] BufferInfo::AddMesh(): INDICES OFFSET (BYTES)----[0]
2016-08-20 13:55:18:407[cInfo        ] --------------------|  END BUFFER MESH INFO  |--------------------------------------
2016-08-20 13:55:18:408[cInfo        ] 

2016-08-20 13:55:18:409[cProcess     ] ShapeGenerator initialized successfully.
2016-08-20 13:55:18:411[cProcess     ] Camera::Initialize() successful.
2016-08-20 13:55:18:411[cProcess     ] Keyboard::Initialize() successful
2016-08-20 13:55:18:412[cProcess     ] Keyboard::Initialize() successful
2016-08-20 13:55:18:429[cInfo        ] 
-----------------------------------------------------------------------
 BufferInfo::CreateBuffers()[0] Created buffers:| VERTEX [15] with [10810368] bytes. || INDEX [16] with [0] bytes |
-----------------------------------------------------------------------

2016-08-20 13:55:18:438[cInfo        ] --------BufferInfo::AddMesh() Added mesh successfully-------
2016-08-20 13:55:18:439[cInfo        ] 
2016-08-20 13:55:18:440[cInfo        ] --------------------| START BUFFER MESH INFO |-------------------------------------
2016-08-20 13:55:18:442[cInfo        ] BufferInfo::AddMesh(): NUM VERTS-----------------[337824]
2016-08-20 13:55:18:443[cInfo        ] BufferInfo::AddMesh(): NUM INDICES---------------[0]
2016-08-20 13:55:18:444[cInfo        ] BufferInfo::AddMesh(): VERT OFFSET---------------[0]
2016-08-20 13:55:18:445[cInfo        ] BufferInfo::AddMesh(): INDICES OFFSET (BYTES)----[0]
2016-08-20 13:55:18:446[cInfo        ] --------------------|  END BUFFER MESH INFO  |--------------------------------------
2016-08-20 13:55:18:448[cInfo        ] 

2016-08-20 13:55:18:473[Info         ] ShapeGenerator::ReadSceneFile(): Added new scene [..\Data\Scenes\Dargon.ptn.scene] successfully.
2016-08-20 13:55:18:473[cInfo        ] EntityManager::BuildPlayerEntity(): Built [Dargon] successfully
2016-08-20 13:55:18:477[cProcess     ] BufferManager::Initialize() successful.
2016-08-20 13:55:18:482[cInfo        ] 
-----------------------------------------------------------------------
 BufferInfo::CreateBuffers()[2] Created buffers:| VERTEX [17] with [1000000] bytes. || INDEX [18] with [1000000] bytes |
-----------------------------------------------------------------------

2016-08-20 13:55:18:488[cInfo        ] --------BufferInfo::AddMesh() Added mesh successfully-------
2016-08-20 13:55:18:489[cInfo        ] 
2016-08-20 13:55:18:490[cInfo        ] --------------------| START BUFFER MESH INFO |-------------------------------------
2016-08-20 13:55:18:492[cInfo        ] BufferInfo::AddMesh(): NUM VERTS-----------------[36]
2016-08-20 13:55:18:494[cInfo        ] BufferInfo::AddMesh(): NUM INDICES---------------[0]
2016-08-20 13:55:18:495[cInfo        ] BufferInfo::AddMesh(): VERT OFFSET---------------[0]
2016-08-20 13:55:18:496[cInfo        ] BufferInfo::AddMesh(): INDICES OFFSET (BYTES)----[0]
2016-08-20 13:55:18:497[cInfo        ] --------------------|  END BUFFER MESH INFO  |--------------------------------------
2016-08-20 13:55:18:498[cInfo        ] 

2016-08-20 13:55:18:499[Info         ] ShapeGenerator::ReadSceneFile(): Added new scene [..\Data\Scenes\Cube.pn.scene] successfully.
2016-08-20 13:55:18:499[cInfo        ] --------BufferInfo::AddMesh() Added mesh successfully-------
2016-08-20 13:55:18:501[cInfo        ] 
2016-08-20 13:55:18:502[cInfo        ] --------------------| START BUFFER MESH INFO |-------------------------------------
2016-08-20 13:55:18:503[cInfo        ] BufferInfo::AddMesh(): NUM VERTS-----------------[18]
2016-08-20 13:55:18:503[cInfo        ] BufferInfo::AddMesh(): NUM INDICES---------------[0]
2016-08-20 13:55:18:504[cInfo        ] BufferInfo::AddMesh(): VERT OFFSET---------------[36]
2016-08-20 13:55:18:505[cInfo        ] BufferInfo::AddMesh(): INDICES OFFSET (BYTES)----[0]
2016-08-20 13:55:18:506[cInfo        ] --------------------|  END BUFFER MESH INFO  |--------------------------------------
2016-08-20 13:55:18:507[cInfo        ] 

2016-08-20 13:55:18:508[Info         ] ShapeGenerator::ReadSceneFile(): Added new scene [..\Data\Scenes\Pyramid.pn.scene] successfully.
2016-08-20 13:55:18:514[cInfo        ] 
-----------------------------------------------------------------------
 BufferInfo::CreateBuffers()[0] Created buffers:| VERTEX [19] with [5529600] bytes. || INDEX [20] with [0] bytes |
-----------------------------------------------------------------------

2016-08-20 13:55:18:532[cInfo        ] --------BufferInfo::AddMesh() Added mesh successfully-------
2016-08-20 13:55:18:533[cInfo        ] 
2016-08-20 13:55:18:534[cInfo        ] --------------------| START BUFFER MESH INFO |-------------------------------------
2016-08-20 13:55:18:535[cInfo        ] BufferInfo::AddMesh(): NUM VERTS-----------------[172800]
2016-08-20 13:55:18:536[cInfo        ] BufferInfo::AddMesh(): NUM INDICES---------------[0]
2016-08-20 13:55:18:536[cInfo        ] BufferInfo::AddMesh(): VERT OFFSET---------------[0]
2016-08-20 13:55:18:537[cInfo        ] BufferInfo::AddMesh(): INDICES OFFSET (BYTES)----[0]
2016-08-20 13:55:18:538[cInfo        ] --------------------|  END BUFFER MESH INFO  |--------------------------------------
2016-08-20 13:55:18:540[cInfo        ] 

2016-08-20 13:55:18:541[Info         ] ShapeGenerator::ReadSceneFile(): Added new scene [..\Data\Scenes\WaterPlane.ptn.scene] successfully.
2016-08-20 13:55:18:542[cProcess     ] Camera::Initialize() successful.
2016-08-20 13:55:18:552[cProcess     ] BufferManager::Initialize() successful.
2016-08-20 13:55:18:553[cInfo        ] 
-----------------------------------------------------------------------
 BufferInfo::CreateBuffers()[3] Created buffers:| VERTEX [21] with [8107776] bytes. || INDEX [22] with [0] bytes |
-----------------------------------------------------------------------

2016-08-20 13:55:18:574[cInfo        ] --------BufferInfo::AddMesh() Added mesh successfully-------
2016-08-20 13:55:18:575[cInfo        ] 
2016-08-20 13:55:18:576[cInfo        ] --------------------| START BUFFER MESH INFO |-------------------------------------
2016-08-20 13:55:18:577[cInfo        ] BufferInfo::AddMesh(): NUM VERTS-----------------[337824]
2016-08-20 13:55:18:579[cInfo        ] BufferInfo::AddMesh(): NUM INDICES---------------[0]
2016-08-20 13:55:18:580[cInfo        ] BufferInfo::AddMesh(): VERT OFFSET---------------[0]
2016-08-20 13:55:18:581[cInfo        ] BufferInfo::AddMesh(): INDICES OFFSET (BYTES)----[0]
2016-08-20 13:55:18:582[cInfo        ] --------------------|  END BUFFER MESH INFO  |--------------------------------------
2016-08-20 13:55:18:584[cInfo        ] 

2016-08-20 13:55:18:585[Info         ] ShapeGenerator::ReadSceneFile(): Added new scene [..\Data\Scenes\Dargon.pn.scene] successfully.
2016-08-20 13:55:18:585[cProcess     ] BufferManager::Initialize() successful.
2016-08-20 13:55:18:585[cInfo        ] 
-----------------------------------------------------------------------
 BufferInfo::CreateBuffers()[4] Created buffers:| VERTEX [23] with [1000000] bytes. || INDEX [24] with [1000000] bytes |
-----------------------------------------------------------------------

2016-08-20 13:55:18:590[cInfo        ] --------BufferInfo::AddMesh() Added mesh successfully-------
2016-08-20 13:55:18:591[cInfo        ] 
2016-08-20 13:55:18:591[cInfo        ] --------------------| START BUFFER MESH INFO |-------------------------------------
2016-08-20 13:55:18:594[cInfo        ] BufferInfo::AddMesh(): NUM VERTS-----------------[6]
2016-08-20 13:55:18:595[cInfo        ] BufferInfo::AddMesh(): NUM INDICES---------------[0]
2016-08-20 13:55:18:595[cInfo        ] BufferInfo::AddMesh(): VERT OFFSET---------------[0]
2016-08-20 13:55:18:596[cInfo        ] BufferInfo::AddMesh(): INDICES OFFSET (BYTES)----[0]
2016-08-20 13:55:18:597[cInfo        ] --------------------|  END BUFFER MESH INFO  |--------------------------------------
2016-08-20 13:55:18:598[cInfo        ] 

2016-08-20 13:55:18:599[cProcess     ] BodaciousQuest::Initialize() successful.
2016-08-20 13:55:18:600[Process      ] GameTime::Initialize() ok

2016-08-20 13:55:18:600[cProcess     ] MyWindow::Initialize() successful!
2016-08-20 13:55:36:640[cProcess     ] BufferManager::Shutdown() successful.
2016-08-20 13:55:36:641[cProcess     ] RenderEngine::Shutdown() successful.
2016-08-20 13:55:36:642[cProcess     ] Camera::Shutdown() successful.
2016-08-20 13:55:36:644[Info         ] Shader  [2] deleting...
2016-08-20 13:55:36:644[Info         ] Shader  [2] deleted successfully.
2016-08-20 13:55:36:644[Info         ] Shader  [3] deleting...
2016-08-20 13:55:36:644[Info         ] Shader  [3] deleted successfully.
2016-08-20 13:55:36:644[Info         ] All shaders deleted successfully.
2016-08-20 13:55:36:645[cInfo        ] Program [1] deleted successfully.
2016-08-20 13:55:36:645[Process      ] ShaderProgram[1]::Shutdown successful!
2016-08-20 13:55:36:646[Info         ] Shader  [5] deleting...
2016-08-20 13:55:36:646[Info         ] Shader  [5] deleted successfully.
2016-08-20 13:55:36:646[Info         ] Shader  [6] deleting...
2016-08-20 13:55:36:646[Info         ] Shader  [6] deleted successfully.
2016-08-20 13:55:36:646[Info         ] All shaders deleted successfully.
2016-08-20 13:55:36:646[cInfo        ] Program [4] deleted successfully.
2016-08-20 13:55:36:647[Process      ] ShaderProgram[4]::Shutdown successful!
2016-08-20 13:55:36:647[Info         ] Shader  [8] deleting...
2016-08-20 13:55:36:647[Info         ] Shader  [8] deleted successfully.
2016-08-20 13:55:36:647[Info         ] Shader  [9] deleting...
2016-08-20 13:55:36:647[Info         ] Shader  [9] deleted successfully.
2016-08-20 13:55:36:647[Info         ] All shaders deleted successfully.
2016-08-20 13:55:36:647[cInfo        ] Program [7] deleted successfully.
2016-08-20 13:55:36:648[Process      ] ShaderProgram[7]::Shutdown successful!
2016-08-20 13:55:36:648[Info         ] Shader  [11] deleting...
2016-08-20 13:55:36:648[Info         ] Shader  [11] deleted successfully.
2016-08-20 13:55:36:648[Info         ] Shader  [12] deleting...
2016-08-20 13:55:36:648[Info         ] Shader  [12] deleted successfully.
2016-08-20 13:55:36:648[Info         ] All shaders deleted successfully.
2016-08-20 13:55:36:648[cInfo        ] Program [10] deleted successfully.
2016-08-20 13:55:36:649[Process      ] ShaderProgram[10]::Shutdown successful!
2016-08-20 13:55:36:649[Info         ] Shader  [14] deleting...
2016-08-20 13:55:36:649[Info         ] Shader  [14] deleted successfully.
2016-08-20 13:55:36:649[Info         ] Shader  [15] deleting...
2016-08-20 13:55:36:649[Info         ] Shader  [15] deleted successfully.
2016-08-20 13:55:36:649[Info         ] All shaders deleted successfully.
2016-08-20 13:55:36:649[cInfo        ] Program [13] deleted successfully.
2016-08-20 13:55:36:650[Process      ] ShaderProgram[13]::Shutdown successful!
2016-08-20 13:55:36:650[Info         ] Shader  [17] deleting...
2016-08-20 13:55:36:650[Info         ] Shader  [17] deleted successfully.
2016-08-20 13:55:36:650[Info         ] Shader  [18] deleting...
2016-08-20 13:55:36:650[Info         ] Shader  [18] deleted successfully.
2016-08-20 13:55:36:650[Info         ] All shaders deleted successfully.
2016-08-20 13:55:36:650[cInfo        ] Program [16] deleted successfully.
2016-08-20 13:55:36:651[Process      ] ShaderProgram[16]::Shutdown successful!
2016-08-20 13:55:36:651[Info         ] Shader  [20] deleting...
2016-08-20 13:55:36:651[Info         ] Shader  [20] deleted successfully.
2016-08-20 13:55:36:651[Info         ] Shader  [21] deleting...
2016-08-20 13:55:36:651[Info         ] Shader  [21] deleted successfully.
2016-08-20 13:55:36:651[Info         ] All shaders deleted successfully.
2016-08-20 13:55:36:651[cInfo        ] Program [19] deleted successfully.
2016-08-20 13:55:36:654[Process      ] ShaderProgram[19]::Shutdown successful!
2016-08-20 13:55:36:654[cProcess     ] MyWindow::Shutdown() successful!
2016-08-20 13:55:36:655[cProcess     ] BodaciousQuest::Shutdown() successful.
2016-08-20 13:55:36:664[Process      ] ConfigReader shut down successfully
2016-08-20 13:55:36:664[Process      ] GameLogger::ShutDown() successful
