2016-08-20 14:00:22:675[Process      ] GameLogger::Initialize() opened log file [..\Data\LogFiles\2016-08-20 14-00-22.BodaciousQuest.log] for writing
2016-08-20 14:00:22:676[Info         ] GameLogger::Initialize() successful
2016-08-20 14:00:22:676[Process      ] ConfigReader opened [..\Data\BodaciousQuest.config] successfully
2016-08-20 14:00:22:676[Info         ] ConfigReader initialized successfully
2016-08-20 14:00:22:676[Info         ] Valid KVP [BodaciousQuest.ShowFullScreen] [false] added
2016-08-20 14:00:22:676[Info         ] Valid KVP [BodaciousQuest.FpsInterval] [5.0] added
2016-08-20 14:00:22:678[Info         ] Valid KVP [BodaciousQuest.EnableControls] [true] added
2016-08-20 14:00:22:678[Info         ] Valid KVP [BodaciousQuest.LoadCubeFirst] [true] added
2016-08-20 14:00:22:678[Info         ] Valid KVP [BodaciousQuest.CameraWalkMode] [false] added
2016-08-20 14:00:22:678[Info         ] Valid KVP [BodaciousQuest.GridSize] [40] added
2016-08-20 14:00:22:678[Info         ] Valid KVP [BodaciousQuest.LightingTest.Ambient.Color] [1.0  1.0  1.0] added
2016-08-20 14:00:22:678[Info         ] Valid KVP [BodaciousQuest.LightingTest.Diffuse.Color] [1.0  1.0  1.0] added
2016-08-20 14:00:22:678[Info         ] Valid KVP [BodaciousQuest.LightingTest.Specular.Color] [0.0  0.0  0.0] added
2016-08-20 14:00:22:678[Info         ] Valid KVP [BodaciousQuest.LightingTest.Ambient.Reflectivity] [0.01] added
2016-08-20 14:00:22:678[Info         ] Valid KVP [BodaciousQuest.LightingTest.Diffuse.Reflectivity] [0.8] added
2016-08-20 14:00:22:678[Info         ] Valid KVP [BodaciousQuest.LightingTest.Specular.Reflectivity] [0.5] added
2016-08-20 14:00:22:678[Info         ] Valid KVP [BodaciousQuest.LightingTest.Specular.Shininess] [1.0] added
2016-08-20 14:00:22:678[Info         ] Valid KVP [BodaciousQuest.LightingTest.Falloff.A] [1.0] added
2016-08-20 14:00:22:678[Info         ] Valid KVP [BodaciousQuest.LightingTest.Falloff.B] [0.01] added
2016-08-20 14:00:22:678[Info         ] Valid KVP [BodaciousQuest.LightingTest.Falloff.C] [0.0001] added
2016-08-20 14:00:22:678[Info         ] Valid KVP [BodaciousQuest.LightingTest.Directional] [false] added
2016-08-20 14:00:22:678[Info         ] Valid KVP [BodaciousQuest.LightingTest.Direction] [-1.0 0.0 1.0] added
2016-08-20 14:00:22:678[Info         ] Valid KVP [BodaciousQuest.LightingTest.Light.Position] [-0.875458 3.673020 1.043331] added
2016-08-20 14:00:22:678[Info         ] Valid KVP [BodaciousQuest.LightingTest.Dargon.Color] [1.0 1.0 0.4] added
2016-08-20 14:00:22:678[Info         ] Valid KVP [ObjConverter.Mode.VertexType] [pn] added
2016-08-20 14:00:22:679[Info         ] Valid KVP [ObjConverter.Mode.Analyze] [false] added
2016-08-20 14:00:22:679[Info         ] Valid KVP [ObjConverter.Model] [Dargon] added
2016-08-20 14:00:22:679[Info         ] Valid KVP [ObjConverter.Shader] [4] added
2016-08-20 14:00:22:679[Info         ] Valid KVP [ObjConverter.Color] [random] added
2016-08-20 14:00:22:679[Info         ] Valid KVP [ObjConverter.Obj.InputFileFolder] [..\\Data\\Objs\\] added
2016-08-20 14:00:22:679[Info         ] Valid KVP [ObjConverter.Scene.OutputFileFolder] [..\\Data\\Scenes\\] added
2016-08-20 14:00:22:679[Info         ] Valid KVP [ObjConverter.Model.Dargon.NumVerts] [57967] added
2016-08-20 14:00:22:679[Info         ] Valid KVP [ObjConverter.Model.Dargon.NumIndices] [337824] added
2016-08-20 14:00:22:679[Info         ] Valid KVP [ObjConverter.Model.Dargon.NumTexCoords] [60175] added
2016-08-20 14:00:22:679[Info         ] Valid KVP [ObjConverter.Model.Dargon.NumNormals] [337824] added
2016-08-20 14:00:22:679[Info         ] Valid KVP [ObjConverter.Model.Swamp.NumVerts] [2735] added
2016-08-20 14:00:22:679[Info         ] Valid KVP [ObjConverter.Model.Swamp.NumIndices] [8556] added
2016-08-20 14:00:22:679[Info         ] Valid KVP [ObjConverter.Model.Swamp.NumTexCoords] [3622] added
2016-08-20 14:00:22:679[Info         ] Valid KVP [ObjConverter.Model.Swamp.NumNormals] [5156] added
2016-08-20 14:00:22:679[Info         ] Valid KVP [ObjConverter.Model.Pyramid.NumVerts] [5] added
2016-08-20 14:00:22:679[Info         ] Valid KVP [ObjConverter.Model.Pyramid.NumIndices] [18] added
2016-08-20 14:00:22:679[Info         ] Valid KVP [ObjConverter.Model.Pyramid.NumTexCoords] [10] added
2016-08-20 14:00:22:679[Info         ] Valid KVP [ObjConverter.Model.Pyramid.NumNormals] [16] added
2016-08-20 14:00:22:679[Info         ] Valid KVP [ObjConverter.Model.AIWorld.NumVerts] [1957] added
2016-08-20 14:00:22:679[Info         ] Valid KVP [ObjConverter.Model.AIWorld.NumIndices] [8718] added
2016-08-20 14:00:22:679[Info         ] Valid KVP [ObjConverter.Model.AIWorld.NumTexCoords] [4186] added
2016-08-20 14:00:22:679[Info         ] Valid KVP [ObjConverter.Model.AIWorld.NumNormals] [5418] added
2016-08-20 14:00:22:679[Info         ] Valid KVP [ObjConverter.Model.GameWeapon.NumVerts] [2068] added
2016-08-20 14:00:22:679[Info         ] Valid KVP [ObjConverter.Model.GameWeapon.NumIndices] [9894] added
2016-08-20 14:00:22:679[Info         ] Valid KVP [ObjConverter.Model.GameWeapon.NumTexCoords] [0] added
2016-08-20 14:00:22:679[Info         ] Valid KVP [ObjConverter.Model.GameWeapon.NumNormals] [0] added
2016-08-20 14:00:22:679[Info         ] Valid KVP [ObjConverter.Model.Chicken.NumVerts] [224] added
2016-08-20 14:00:22:679[Info         ] Valid KVP [ObjConverter.Model.Chicken.NumIndices] [1374] added
2016-08-20 14:00:22:679[Info         ] Valid KVP [ObjConverter.Model.Chicken.NumTexCoords] [472] added
2016-08-20 14:00:22:679[Info         ] Valid KVP [ObjConverter.Model.Chicken.NumNormals] [565] added
2016-08-20 14:00:22:679[Info         ] Valid KVP [ObjConverter.Model.WaterPlane.NumVerts] [29282] added
2016-08-20 14:00:22:679[Info         ] Valid KVP [ObjConverter.Model.WaterPlane.NumIndices] [172800] added
2016-08-20 14:00:22:679[Info         ] Valid KVP [ObjConverter.Model.WaterPlane.NumTexCoords] [29282] added
2016-08-20 14:00:22:679[Info         ] Valid KVP [ObjConverter.Model.WaterPlane.NumNormals] [172800] added
2016-08-20 14:00:22:679[Info         ] Valid KVP [ObjConverter.Model.Cube.NumVerts] [8] added
2016-08-20 14:00:22:679[Info         ] Valid KVP [ObjConverter.Model.Cube.NumIndices] [36] added
2016-08-20 14:00:22:679[Info         ] Valid KVP [ObjConverter.Model.Cube.NumTexCoords] [14] added
2016-08-20 14:00:22:679[Info         ] Valid KVP [ObjConverter.Model.Cube.NumNormals] [24] added
2016-08-20 14:00:22:679[Info         ] Valid KVP [ObjConverter.Model.Barrel.NumVerts] [172] added
2016-08-20 14:00:22:680[Info         ] Valid KVP [ObjConverter.Model.Barrel.NumIndices] [1008] added
2016-08-20 14:00:22:680[Info         ] Valid KVP [ObjConverter.Model.Barrel.NumTexCoords] [328] added
2016-08-20 14:00:22:680[Info         ] Valid KVP [ObjConverter.Model.Barrel.NumNormals] [204] added
2016-08-20 14:00:22:680[Info         ] Valid KVP [ObjConverter.Model.SkyBox.NumVerts] [8] added
2016-08-20 14:00:22:680[Info         ] Valid KVP [ObjConverter.Model.SkyBox.NumIndices] [36] added
2016-08-20 14:00:22:680[Info         ] Valid KVP [ObjConverter.Model.SkyBox.NumTexCoords] [18] added
2016-08-20 14:00:22:680[Info         ] Valid KVP [ObjConverter.Model.SkyBox.NumNormals] [24] added
2016-08-20 14:00:22:759[cInfo        ] Config reader opened [..\Data\BodaciousQuest.config] for reading!
2016-08-20 14:00:22:878[Process      ] ShaderManager Initialized successfully
2016-08-20 14:00:22:878[Info         ] Shader Init started
2016-08-20 14:00:22:879[Info         ] Shader Program created.
2016-08-20 14:00:22:879[Process      ] ShaderProgram::Initialize()[1] successful!
2016-08-20 14:00:22:879[Debug        ] File [..\Data\shaders\debug.vert.shader] Opened successfully! Buffer Length:[291]
2016-08-20 14:00:22:879[Debug        ] Shader file [..\Data\shaders\debug.vert.shader] contents:
//BEGIN
#version 430 core

layout(location = 0)  in vec3 vPosition;

layout(location = 15) uniform vec3 colorin;
layout(location = 16) uniform mat4 MAT;

out vec4 color;

void main()
{
	vec4 vertPos = vec4(vPosition, 1.0);
	gl_Position = MAT *  vertPos;
	color = vec4(colorin, 1.0);
}
//END

2016-08-20 14:00:22:879[Debug        ]  ShaderProgram::AddShader() file with data was read in
2016-08-20 14:00:22:879[Debug        ] ShaderProgram::AddShader() : glShaderSource() successful
2016-08-20 14:00:22:880[Debug        ] ShaderProgram::AddShader() : glCompileShader() successful
2016-08-20 14:00:22:880[Info         ] ShaderProgram::CheckShaderCompileStatus(2) successful.
2016-08-20 14:00:22:880[Debug        ] ShaderProgram::AddShader() : glCompileShader() successful
2016-08-20 14:00:22:880[Info         ] ShaderInfo saved successfully.
2016-08-20 14:00:22:880[Debug        ] ShaderProgram::AddShader() : glAttachShader() successful
2016-08-20 14:00:22:880[Info         ] ShaderProgram::AddShader [2] successful.
2016-08-20 14:00:22:880[Debug        ] File [..\Data\shaders\debug.frag.shader] Opened successfully! Buffer Length:[104]
2016-08-20 14:00:22:880[Debug        ] Shader file [..\Data\shaders\debug.frag.shader] contents:
//BEGIN
#version 430 core


in  vec4 color;
out vec4 outColor;

void main()
{
	outColor = color;
}


//END

2016-08-20 14:00:22:880[Debug        ]  ShaderProgram::AddShader() file with data was read in
2016-08-20 14:00:22:880[Debug        ] ShaderProgram::AddShader() : glShaderSource() successful
2016-08-20 14:00:22:881[Debug        ] ShaderProgram::AddShader() : glCompileShader() successful
2016-08-20 14:00:22:881[Info         ] ShaderProgram::CheckShaderCompileStatus(3) successful.
2016-08-20 14:00:22:881[Debug        ] ShaderProgram::AddShader() : glCompileShader() successful
2016-08-20 14:00:22:881[Info         ] ShaderInfo saved successfully.
2016-08-20 14:00:22:881[Debug        ] ShaderProgram::AddShader() : glAttachShader() successful
2016-08-20 14:00:22:881[Info         ] ShaderProgram::AddShader [3] successful.
2016-08-20 14:00:22:883[Info         ] CheckProgramStatus() successful!
2016-08-20 14:00:22:883[Info         ] CheckProgramStatus() successful!
2016-08-20 14:00:22:883[Info         ] Shader Init started
2016-08-20 14:00:22:883[Info         ] Shader Program created.
2016-08-20 14:00:22:883[Process      ] ShaderProgram::Initialize()[4] successful!
2016-08-20 14:00:22:883[Debug        ] File [..\Data\shaders\play.vert.shader] Opened successfully! Buffer Length:[343]
2016-08-20 14:00:22:883[Debug        ] Shader file [..\Data\shaders\play.vert.shader] contents:
//BEGIN
#version 430 core

layout (location = 0)  in vec3 vPosition;
layout (location = 1)  in vec3 vColor;
layout (location = 15) uniform vec3 colorin;
layout (location = 16) uniform mat4 MAT;

out vec4 color;

void main()
{
	vec4 vertPos = vec4(vPosition, 1.0);
	gl_Position = MAT *  vertPos;
	color = vec4((vColor + colorin), 1.0);
}
//END

2016-08-20 14:00:22:883[Debug        ]  ShaderProgram::AddShader() file with data was read in
2016-08-20 14:00:22:883[Debug        ] ShaderProgram::AddShader() : glShaderSource() successful
2016-08-20 14:00:22:884[Debug        ] ShaderProgram::AddShader() : glCompileShader() successful
2016-08-20 14:00:22:884[Info         ] ShaderProgram::CheckShaderCompileStatus(5) successful.
2016-08-20 14:00:22:884[Debug        ] ShaderProgram::AddShader() : glCompileShader() successful
2016-08-20 14:00:22:884[Info         ] ShaderInfo saved successfully.
2016-08-20 14:00:22:884[Debug        ] ShaderProgram::AddShader() : glAttachShader() successful
2016-08-20 14:00:22:884[Info         ] ShaderProgram::AddShader [5] successful.
2016-08-20 14:00:22:884[Debug        ] File [..\Data\shaders\play.frag.shader] Opened successfully! Buffer Length:[391]
2016-08-20 14:00:22:884[Debug        ] Shader file [..\Data\shaders\play.frag.shader] contents:
//BEGIN
#version 430 core


in  vec4 color;
out vec4 outColor;

void main()
{

	//if (color.r < .7) discard;
	outColor = color;

	//if(((gl_FragCoord.x  > 600)&& (gl_FragCoord.y < 300)) || ((gl_FragCoord.y < 300)  && (gl_FragCoord.x  < 600) )) {
	//discard;
	//}

	//vec2 scrPos = vec2(gl_FragCoord) - vec2(350,150);
	//float len =  length(scrPos);
	//if(len < 50 )discard;
}


//END

2016-08-20 14:00:22:884[Debug        ]  ShaderProgram::AddShader() file with data was read in
2016-08-20 14:00:22:884[Debug        ] ShaderProgram::AddShader() : glShaderSource() successful
2016-08-20 14:00:22:884[Debug        ] ShaderProgram::AddShader() : glCompileShader() successful
2016-08-20 14:00:22:884[Info         ] ShaderProgram::CheckShaderCompileStatus(6) successful.
2016-08-20 14:00:22:884[Debug        ] ShaderProgram::AddShader() : glCompileShader() successful
2016-08-20 14:00:22:884[Info         ] ShaderInfo saved successfully.
2016-08-20 14:00:22:884[Debug        ] ShaderProgram::AddShader() : glAttachShader() successful
2016-08-20 14:00:22:884[Info         ] ShaderProgram::AddShader [6] successful.
2016-08-20 14:00:22:886[Info         ] CheckProgramStatus() successful!
2016-08-20 14:00:22:886[Info         ] CheckProgramStatus() successful!
2016-08-20 14:00:22:886[Info         ] Shader Init started
2016-08-20 14:00:22:886[Info         ] Shader Program created.
2016-08-20 14:00:22:886[Process      ] ShaderProgram::Initialize()[7] successful!
2016-08-20 14:00:22:886[Debug        ] File [..\Data\shaders\texture.vert.shader] Opened successfully! Buffer Length:[305]
2016-08-20 14:00:22:886[Debug        ] Shader file [..\Data\shaders\texture.vert.shader] contents:
//BEGIN
#version 430 core

layout (location = 0)  in vec3 vPosition;
layout (location = 1)  in vec2 vUV;

layout (location = 16) uniform mat4 MAT;

//out data
out vec2 UV;

//out vec4 color;

void main()
{
	vec4 vertPos = vec4(vPosition, 1.0);
	gl_Position = MAT *  vertPos;

	UV = vUV;
	
	
}
//END

2016-08-20 14:00:22:886[Debug        ]  ShaderProgram::AddShader() file with data was read in
2016-08-20 14:00:22:886[Debug        ] ShaderProgram::AddShader() : glShaderSource() successful
2016-08-20 14:00:22:887[Debug        ] ShaderProgram::AddShader() : glCompileShader() successful
2016-08-20 14:00:22:887[Info         ] ShaderProgram::CheckShaderCompileStatus(8) successful.
2016-08-20 14:00:22:887[Debug        ] ShaderProgram::AddShader() : glCompileShader() successful
2016-08-20 14:00:22:887[Info         ] ShaderInfo saved successfully.
2016-08-20 14:00:22:887[Debug        ] ShaderProgram::AddShader() : glAttachShader() successful
2016-08-20 14:00:22:887[Info         ] ShaderProgram::AddShader [8] successful.
2016-08-20 14:00:22:887[Debug        ] File [..\Data\shaders\texture.frag.shader] Opened successfully! Buffer Length:[482]
2016-08-20 14:00:22:887[Debug        ] Shader file [..\Data\shaders\texture.frag.shader] contents:
//BEGIN
#version 430 core


in  vec2 UV;
out vec4 outColor;

layout(location = 20) uniform sampler2D textureSampler;

void main()
{

	//if (color.r < .7) discard;
	outColor = vec4(texture(textureSampler, UV).rgb, 1.0);

	//if(((gl_FragCoord.x  > 600)&& (gl_FragCoord.y < 300)) || ((gl_FragCoord.y < 300)  && (gl_FragCoord.x  < 600) )) {
	//discard;
	//}
	//vec2 scrPos = vec2(gl_FragCoord) - vec2(350,150);
	//float len =  length(scrPos);
	//if(len < 50 )discard;
}


//END

2016-08-20 14:00:22:887[Debug        ]  ShaderProgram::AddShader() file with data was read in
2016-08-20 14:00:22:887[Debug        ] ShaderProgram::AddShader() : glShaderSource() successful
2016-08-20 14:00:22:888[Debug        ] ShaderProgram::AddShader() : glCompileShader() successful
2016-08-20 14:00:22:888[Info         ] ShaderProgram::CheckShaderCompileStatus(9) successful.
2016-08-20 14:00:22:888[Debug        ] ShaderProgram::AddShader() : glCompileShader() successful
2016-08-20 14:00:22:888[Info         ] ShaderInfo saved successfully.
2016-08-20 14:00:22:888[Debug        ] ShaderProgram::AddShader() : glAttachShader() successful
2016-08-20 14:00:22:888[Info         ] ShaderProgram::AddShader [9] successful.
2016-08-20 14:00:22:890[Info         ] CheckProgramStatus() successful!
2016-08-20 14:00:22:890[Info         ] CheckProgramStatus() successful!
2016-08-20 14:00:22:890[Info         ] Shader Init started
2016-08-20 14:00:22:891[Info         ] Shader Program created.
2016-08-20 14:00:22:891[Process      ] ShaderProgram::Initialize()[10] successful!
2016-08-20 14:00:22:891[Debug        ] File [..\Data\shaders\framebuffer.vert.shader] Opened successfully! Buffer Length:[305]
2016-08-20 14:00:22:891[Debug        ] Shader file [..\Data\shaders\framebuffer.vert.shader] contents:
//BEGIN
#version 430 core

layout (location = 0)  in vec3 vPosition;
layout (location = 1)  in vec2 vUV;

layout (location = 16) uniform mat4 MAT;

//out data
out vec2 UV;

//out vec4 color;

void main()
{
	vec4 vertPos = vec4(vPosition, 1.0);
	gl_Position = MAT *  vertPos;

	UV = vUV;
	
	
}
//END

2016-08-20 14:00:22:891[Debug        ]  ShaderProgram::AddShader() file with data was read in
2016-08-20 14:00:22:892[Debug        ] ShaderProgram::AddShader() : glShaderSource() successful
2016-08-20 14:00:22:892[Debug        ] ShaderProgram::AddShader() : glCompileShader() successful
2016-08-20 14:00:22:892[Info         ] ShaderProgram::CheckShaderCompileStatus(11) successful.
2016-08-20 14:00:22:892[Debug        ] ShaderProgram::AddShader() : glCompileShader() successful
2016-08-20 14:00:22:892[Info         ] ShaderInfo saved successfully.
2016-08-20 14:00:22:892[Debug        ] ShaderProgram::AddShader() : glAttachShader() successful
2016-08-20 14:00:22:892[Info         ] ShaderProgram::AddShader [11] successful.
2016-08-20 14:00:22:892[Debug        ] File [..\Data\shaders\framebuffer.frag.shader] Opened successfully! Buffer Length:[275]
2016-08-20 14:00:22:893[Debug        ] Shader file [..\Data\shaders\framebuffer.frag.shader] contents:
//BEGIN
#version 430 core


in  vec2 UV;
out vec4 outColor;

layout(location = 20) uniform sampler2D textureSampler;

void main()
{


	vec3 tempCol = texture(textureSampler, UV).rgb;

	outColor = vec4(tempCol.r / 1.5f, tempCol.g / 1.5f, tempCol.b / 1.5f, 1.0f);
}


//END

2016-08-20 14:00:22:893[Debug        ]  ShaderProgram::AddShader() file with data was read in
2016-08-20 14:00:22:893[Debug        ] ShaderProgram::AddShader() : glShaderSource() successful
2016-08-20 14:00:22:893[Debug        ] ShaderProgram::AddShader() : glCompileShader() successful
2016-08-20 14:00:22:893[Info         ] ShaderProgram::CheckShaderCompileStatus(12) successful.
2016-08-20 14:00:22:893[Debug        ] ShaderProgram::AddShader() : glCompileShader() successful
2016-08-20 14:00:22:893[Info         ] ShaderInfo saved successfully.
2016-08-20 14:00:22:893[Debug        ] ShaderProgram::AddShader() : glAttachShader() successful
2016-08-20 14:00:22:893[Info         ] ShaderProgram::AddShader [12] successful.
2016-08-20 14:00:22:895[Info         ] CheckProgramStatus() successful!
2016-08-20 14:00:22:895[Info         ] CheckProgramStatus() successful!
2016-08-20 14:00:22:895[Info         ] Shader Init started
2016-08-20 14:00:22:895[Info         ] Shader Program created.
2016-08-20 14:00:22:895[Process      ] ShaderProgram::Initialize()[13] successful!
2016-08-20 14:00:22:895[Debug        ] File [..\Data\shaders\lighting.vert.shader] Opened successfully! Buffer Length:[1145]
2016-08-20 14:00:22:895[cDebug       ] Shader file [..\Data\shaders\lighting.vert.shader] is too big to display contents.
2016-08-20 14:00:22:897[Debug        ]  ShaderProgram::AddShader() file with data was read in
2016-08-20 14:00:22:897[Debug        ] ShaderProgram::AddShader() : glShaderSource() successful
2016-08-20 14:00:22:897[Debug        ] ShaderProgram::AddShader() : glCompileShader() successful
2016-08-20 14:00:22:897[Info         ] ShaderProgram::CheckShaderCompileStatus(14) successful.
2016-08-20 14:00:22:897[Debug        ] ShaderProgram::AddShader() : glCompileShader() successful
2016-08-20 14:00:22:897[Info         ] ShaderInfo saved successfully.
2016-08-20 14:00:22:898[Debug        ] ShaderProgram::AddShader() : glAttachShader() successful
2016-08-20 14:00:22:898[Info         ] ShaderProgram::AddShader [14] successful.
2016-08-20 14:00:22:898[Debug        ] File [..\Data\shaders\lighting.frag.shader] Opened successfully! Buffer Length:[1744]
2016-08-20 14:00:22:898[cDebug       ] Shader file [..\Data\shaders\lighting.frag.shader] is too big to display contents.
2016-08-20 14:00:22:900[Debug        ]  ShaderProgram::AddShader() file with data was read in
2016-08-20 14:00:22:900[Debug        ] ShaderProgram::AddShader() : glShaderSource() successful
2016-08-20 14:00:22:901[Debug        ] ShaderProgram::AddShader() : glCompileShader() successful
2016-08-20 14:00:22:901[Info         ] ShaderProgram::CheckShaderCompileStatus(15) successful.
2016-08-20 14:00:22:901[Debug        ] ShaderProgram::AddShader() : glCompileShader() successful
2016-08-20 14:00:22:901[Info         ] ShaderInfo saved successfully.
2016-08-20 14:00:22:901[Debug        ] ShaderProgram::AddShader() : glAttachShader() successful
2016-08-20 14:00:22:901[Info         ] ShaderProgram::AddShader [15] successful.
2016-08-20 14:00:22:906[Info         ] CheckProgramStatus() successful!
2016-08-20 14:00:22:906[Info         ] CheckProgramStatus() successful!
2016-08-20 14:00:22:906[Info         ] Shader Init started
2016-08-20 14:00:22:906[Info         ] Shader Program created.
2016-08-20 14:00:22:906[Process      ] ShaderProgram::Initialize()[16] successful!
2016-08-20 14:00:22:906[Debug        ] File [..\Data\shaders\texlighting.vert.shader] Opened successfully! Buffer Length:[1110]
2016-08-20 14:00:22:906[cDebug       ] Shader file [..\Data\shaders\texlighting.vert.shader] is too big to display contents.
2016-08-20 14:00:22:908[Debug        ]  ShaderProgram::AddShader() file with data was read in
2016-08-20 14:00:22:908[Debug        ] ShaderProgram::AddShader() : glShaderSource() successful
2016-08-20 14:00:22:909[Debug        ] ShaderProgram::AddShader() : glCompileShader() successful
2016-08-20 14:00:22:909[Info         ] ShaderProgram::CheckShaderCompileStatus(17) successful.
2016-08-20 14:00:22:909[Debug        ] ShaderProgram::AddShader() : glCompileShader() successful
2016-08-20 14:00:22:909[Info         ] ShaderInfo saved successfully.
2016-08-20 14:00:22:909[Debug        ] ShaderProgram::AddShader() : glAttachShader() successful
2016-08-20 14:00:22:909[Info         ] ShaderProgram::AddShader [17] successful.
2016-08-20 14:00:22:909[Debug        ] File [..\Data\shaders\texlighting.frag.shader] Opened successfully! Buffer Length:[1717]
2016-08-20 14:00:22:909[cDebug       ] Shader file [..\Data\shaders\texlighting.frag.shader] is too big to display contents.
2016-08-20 14:00:22:910[Debug        ]  ShaderProgram::AddShader() file with data was read in
2016-08-20 14:00:22:910[Debug        ] ShaderProgram::AddShader() : glShaderSource() successful
2016-08-20 14:00:22:911[Debug        ] ShaderProgram::AddShader() : glCompileShader() successful
2016-08-20 14:00:22:911[Info         ] ShaderProgram::CheckShaderCompileStatus(18) successful.
2016-08-20 14:00:22:911[Debug        ] ShaderProgram::AddShader() : glCompileShader() successful
2016-08-20 14:00:22:911[Info         ] ShaderInfo saved successfully.
2016-08-20 14:00:22:911[Debug        ] ShaderProgram::AddShader() : glAttachShader() successful
2016-08-20 14:00:22:911[Info         ] ShaderProgram::AddShader [18] successful.
2016-08-20 14:00:22:916[Info         ] CheckProgramStatus() successful!
2016-08-20 14:00:22:916[Info         ] CheckProgramStatus() successful!
2016-08-20 14:00:22:916[Info         ] Shader Init started
2016-08-20 14:00:22:916[Info         ] Shader Program created.
2016-08-20 14:00:22:916[Process      ] ShaderProgram::Initialize()[19] successful!
2016-08-20 14:00:22:916[Debug        ] File [..\Data\shaders\water.vert.shader] Opened successfully! Buffer Length:[1400]
2016-08-20 14:00:22:916[cDebug       ] Shader file [..\Data\shaders\water.vert.shader] is too big to display contents.
2016-08-20 14:00:22:917[Debug        ]  ShaderProgram::AddShader() file with data was read in
2016-08-20 14:00:22:917[Debug        ] ShaderProgram::AddShader() : glShaderSource() successful
2016-08-20 14:00:22:918[Debug        ] ShaderProgram::AddShader() : glCompileShader() successful
2016-08-20 14:00:22:918[Info         ] ShaderProgram::CheckShaderCompileStatus(20) successful.
2016-08-20 14:00:22:918[Debug        ] ShaderProgram::AddShader() : glCompileShader() successful
2016-08-20 14:00:22:918[Info         ] ShaderInfo saved successfully.
2016-08-20 14:00:22:918[Debug        ] ShaderProgram::AddShader() : glAttachShader() successful
2016-08-20 14:00:22:918[Info         ] ShaderProgram::AddShader [20] successful.
2016-08-20 14:00:22:918[Debug        ] File [..\Data\shaders\water.frag.shader] Opened successfully! Buffer Length:[2436]
2016-08-20 14:00:22:918[cDebug       ] Shader file [..\Data\shaders\water.frag.shader] is too big to display contents.
2016-08-20 14:00:22:919[Debug        ]  ShaderProgram::AddShader() file with data was read in
2016-08-20 14:00:22:919[Debug        ] ShaderProgram::AddShader() : glShaderSource() successful
2016-08-20 14:00:22:919[Debug        ] ShaderProgram::AddShader() : glCompileShader() successful
2016-08-20 14:00:22:920[Info         ] ShaderProgram::CheckShaderCompileStatus(21) successful.
2016-08-20 14:00:22:920[Debug        ] ShaderProgram::AddShader() : glCompileShader() successful
2016-08-20 14:00:22:920[Info         ] ShaderInfo saved successfully.
2016-08-20 14:00:22:920[Debug        ] ShaderProgram::AddShader() : glAttachShader() successful
2016-08-20 14:00:22:920[Info         ] ShaderProgram::AddShader [21] successful.
2016-08-20 14:00:22:922[Info         ] CheckProgramStatus() successful!
2016-08-20 14:00:22:922[Info         ] CheckProgramStatus() successful!
2016-08-20 14:00:22:923[Info         ] GetAttribLocation [vPosition] successful.
2016-08-20 14:00:22:923[Info         ] GetUniformLocation [colorin] successful.
2016-08-20 14:00:22:923[Info         ] GetUniformLocation [MAT] successful.
2016-08-20 14:00:22:923[cProcess     ] RenderEngine::Initialize() successful.
2016-08-20 14:00:22:926[cInfo        ] 
-----------------------------------------------------------------------
 BufferInfo::CreateBuffers()[0] Created buffers:| VERTEX [1] with [80] bytes. || INDEX [2] with [24] bytes |
-----------------------------------------------------------------------

2016-08-20 14:00:22:930[cInfo        ] --------BufferInfo::AddMesh() Added mesh successfully-------
2016-08-20 14:00:22:931[cInfo        ] 
2016-08-20 14:00:22:931[cInfo        ] --------------------| START BUFFER MESH INFO |-------------------------------------
2016-08-20 14:00:22:932[cInfo        ] BufferInfo::AddMesh(): NUM VERTS-----------------[4]
2016-08-20 14:00:22:933[cInfo        ] BufferInfo::AddMesh(): NUM INDICES---------------[6]
2016-08-20 14:00:22:936[cInfo        ] BufferInfo::AddMesh(): VERT OFFSET---------------[0]
2016-08-20 14:00:22:937[cInfo        ] BufferInfo::AddMesh(): INDICES OFFSET (BYTES)----[0]
2016-08-20 14:00:22:939[cInfo        ] --------------------|  END BUFFER MESH INFO  |--------------------------------------
2016-08-20 14:00:22:940[cInfo        ] 

2016-08-20 14:00:22:942[cInfo        ] 
-----------------------------------------------------------------------
 BufferInfo::CreateBuffers()[0] Created buffers:| VERTEX [3] with [96] bytes. || INDEX [4] with [48] bytes |
-----------------------------------------------------------------------

2016-08-20 14:00:22:948[cInfo        ] --------BufferInfo::AddMesh() Added mesh successfully-------
2016-08-20 14:00:22:949[cInfo        ] 
2016-08-20 14:00:22:949[cInfo        ] --------------------| START BUFFER MESH INFO |-------------------------------------
2016-08-20 14:00:22:950[cInfo        ] BufferInfo::AddMesh(): NUM VERTS-----------------[8]
2016-08-20 14:00:22:951[cInfo        ] BufferInfo::AddMesh(): NUM INDICES---------------[24]
2016-08-20 14:00:22:952[cInfo        ] BufferInfo::AddMesh(): VERT OFFSET---------------[0]
2016-08-20 14:00:22:953[cInfo        ] BufferInfo::AddMesh(): INDICES OFFSET (BYTES)----[0]
2016-08-20 14:00:22:955[cInfo        ] --------------------|  END BUFFER MESH INFO  |--------------------------------------
2016-08-20 14:00:22:956[cInfo        ] 

2016-08-20 14:00:22:958[cInfo        ] 
-----------------------------------------------------------------------
 BufferInfo::CreateBuffers()[0] Created buffers:| VERTEX [5] with [864] bytes. || INDEX [6] with [0] bytes |
-----------------------------------------------------------------------

2016-08-20 14:00:22:962[cInfo        ] --------BufferInfo::AddMesh() Added mesh successfully-------
2016-08-20 14:00:22:963[cInfo        ] 
2016-08-20 14:00:22:964[cInfo        ] --------------------| START BUFFER MESH INFO |-------------------------------------
2016-08-20 14:00:22:966[cInfo        ] BufferInfo::AddMesh(): NUM VERTS-----------------[36]
2016-08-20 14:00:22:966[cInfo        ] BufferInfo::AddMesh(): NUM INDICES---------------[0]
2016-08-20 14:00:22:967[cInfo        ] BufferInfo::AddMesh(): VERT OFFSET---------------[0]
2016-08-20 14:00:22:968[cInfo        ] BufferInfo::AddMesh(): INDICES OFFSET (BYTES)----[0]
2016-08-20 14:00:22:969[cInfo        ] --------------------|  END BUFFER MESH INFO  |--------------------------------------
2016-08-20 14:00:22:970[cInfo        ] 

2016-08-20 14:00:22:971[cInfo        ] 
-----------------------------------------------------------------------
 BufferInfo::CreateBuffers()[0] Created buffers:| VERTEX [7] with [144] bytes. || INDEX [8] with [0] bytes |
-----------------------------------------------------------------------

2016-08-20 14:00:22:977[cInfo        ] --------BufferInfo::AddMesh() Added mesh successfully-------
2016-08-20 14:00:22:978[cInfo        ] 
2016-08-20 14:00:22:979[cInfo        ] --------------------| START BUFFER MESH INFO |-------------------------------------
2016-08-20 14:00:22:980[cInfo        ] BufferInfo::AddMesh(): NUM VERTS-----------------[6]
2016-08-20 14:00:22:981[cInfo        ] BufferInfo::AddMesh(): NUM INDICES---------------[0]
2016-08-20 14:00:22:982[cInfo        ] BufferInfo::AddMesh(): VERT OFFSET---------------[0]
2016-08-20 14:00:22:983[cInfo        ] BufferInfo::AddMesh(): INDICES OFFSET (BYTES)----[0]
2016-08-20 14:00:22:986[cInfo        ] --------------------|  END BUFFER MESH INFO  |--------------------------------------
2016-08-20 14:00:22:987[cInfo        ] 

2016-08-20 14:00:22:988[cProcess     ] BufferManager::Initialize() successful.
2016-08-20 14:00:22:989[cInfo        ] 
-----------------------------------------------------------------------
 BufferInfo::CreateBuffers()[0] Created buffers:| VERTEX [9] with [1000000] bytes. || INDEX [10] with [1000000] bytes |
-----------------------------------------------------------------------

2016-08-20 14:00:22:993[cInfo        ] --------BufferInfo::AddMesh() Added mesh successfully-------
2016-08-20 14:00:22:995[cInfo        ] 
2016-08-20 14:00:22:996[cInfo        ] --------------------| START BUFFER MESH INFO |-------------------------------------
2016-08-20 14:00:22:997[cInfo        ] BufferInfo::AddMesh(): NUM VERTS-----------------[24]
2016-08-20 14:00:22:999[cInfo        ] BufferInfo::AddMesh(): NUM INDICES---------------[36]
2016-08-20 14:00:23:000[cInfo        ] BufferInfo::AddMesh(): VERT OFFSET---------------[0]
2016-08-20 14:00:23:001[cInfo        ] BufferInfo::AddMesh(): INDICES OFFSET (BYTES)----[0]
2016-08-20 14:00:23:003[cInfo        ] --------------------|  END BUFFER MESH INFO  |--------------------------------------
2016-08-20 14:00:23:005[cInfo        ] 

2016-08-20 14:00:23:009[cProcess     ] BufferManager::Initialize() successful.
2016-08-20 14:00:23:009[cInfo        ] 
-----------------------------------------------------------------------
 BufferInfo::CreateBuffers()[1] Created buffers:| VERTEX [11] with [1000000] bytes. || INDEX [12] with [1000000] bytes |
-----------------------------------------------------------------------

2016-08-20 14:00:23:014[cInfo        ] --------BufferInfo::AddMesh() Added mesh successfully-------
2016-08-20 14:00:23:016[cInfo        ] 
2016-08-20 14:00:23:017[cInfo        ] --------------------| START BUFFER MESH INFO |-------------------------------------
2016-08-20 14:00:23:018[cInfo        ] BufferInfo::AddMesh(): NUM VERTS-----------------[1536]
2016-08-20 14:00:23:019[cInfo        ] BufferInfo::AddMesh(): NUM INDICES---------------[3072]
2016-08-20 14:00:23:020[cInfo        ] BufferInfo::AddMesh(): VERT OFFSET---------------[0]
2016-08-20 14:00:23:021[cInfo        ] BufferInfo::AddMesh(): INDICES OFFSET (BYTES)----[0]
2016-08-20 14:00:23:022[cInfo        ] --------------------|  END BUFFER MESH INFO  |--------------------------------------
2016-08-20 14:00:23:023[cInfo        ] 

2016-08-20 14:00:23:025[cInfo        ] 
-----------------------------------------------------------------------
 BufferInfo::CreateBuffers()[0] Created buffers:| VERTEX [13] with [3936] bytes. || INDEX [14] with [0] bytes |
-----------------------------------------------------------------------

2016-08-20 14:00:23:030[cInfo        ] --------BufferInfo::AddMesh() Added mesh successfully-------
2016-08-20 14:00:23:031[cInfo        ] 
2016-08-20 14:00:23:032[cInfo        ] --------------------| START BUFFER MESH INFO |-------------------------------------
2016-08-20 14:00:23:033[cInfo        ] BufferInfo::AddMesh(): NUM VERTS-----------------[164]
2016-08-20 14:00:23:034[cInfo        ] BufferInfo::AddMesh(): NUM INDICES---------------[0]
2016-08-20 14:00:23:035[cInfo        ] BufferInfo::AddMesh(): VERT OFFSET---------------[0]
2016-08-20 14:00:23:038[cInfo        ] BufferInfo::AddMesh(): INDICES OFFSET (BYTES)----[0]
2016-08-20 14:00:23:039[cInfo        ] --------------------|  END BUFFER MESH INFO  |--------------------------------------
2016-08-20 14:00:23:040[cInfo        ] 

2016-08-20 14:00:23:041[cProcess     ] ShapeGenerator initialized successfully.
2016-08-20 14:00:23:042[cProcess     ] Camera::Initialize() successful.
2016-08-20 14:00:23:043[cProcess     ] Keyboard::Initialize() successful
2016-08-20 14:00:23:044[cProcess     ] Keyboard::Initialize() successful
2016-08-20 14:00:23:060[cInfo        ] 
-----------------------------------------------------------------------
 BufferInfo::CreateBuffers()[0] Created buffers:| VERTEX [15] with [10810368] bytes. || INDEX [16] with [0] bytes |
-----------------------------------------------------------------------

2016-08-20 14:00:23:077[cInfo        ] --------BufferInfo::AddMesh() Added mesh successfully-------
2016-08-20 14:00:23:077[cInfo        ] 
2016-08-20 14:00:23:078[cInfo        ] --------------------| START BUFFER MESH INFO |-------------------------------------
2016-08-20 14:00:23:079[cInfo        ] BufferInfo::AddMesh(): NUM VERTS-----------------[337824]
2016-08-20 14:00:23:080[cInfo        ] BufferInfo::AddMesh(): NUM INDICES---------------[0]
2016-08-20 14:00:23:081[cInfo        ] BufferInfo::AddMesh(): VERT OFFSET---------------[0]
2016-08-20 14:00:23:082[cInfo        ] BufferInfo::AddMesh(): INDICES OFFSET (BYTES)----[0]
2016-08-20 14:00:23:083[cInfo        ] --------------------|  END BUFFER MESH INFO  |--------------------------------------
2016-08-20 14:00:23:084[cInfo        ] 

2016-08-20 14:00:23:115[Info         ] ShapeGenerator::ReadSceneFile(): Added new scene [..\Data\Scenes\Dargon.ptn.scene] successfully.
2016-08-20 14:00:23:115[cInfo        ] EntityManager::BuildPlayerEntity(): Built [Dargon] successfully
2016-08-20 14:00:23:120[cProcess     ] BufferManager::Initialize() successful.
2016-08-20 14:00:23:127[cInfo        ] 
-----------------------------------------------------------------------
 BufferInfo::CreateBuffers()[2] Created buffers:| VERTEX [17] with [1000000] bytes. || INDEX [18] with [1000000] bytes |
-----------------------------------------------------------------------

2016-08-20 14:00:23:131[cInfo        ] --------BufferInfo::AddMesh() Added mesh successfully-------
2016-08-20 14:00:23:132[cInfo        ] 
2016-08-20 14:00:23:132[cInfo        ] --------------------| START BUFFER MESH INFO |-------------------------------------
2016-08-20 14:00:23:133[cInfo        ] BufferInfo::AddMesh(): NUM VERTS-----------------[36]
2016-08-20 14:00:23:135[cInfo        ] BufferInfo::AddMesh(): NUM INDICES---------------[0]
2016-08-20 14:00:23:136[cInfo        ] BufferInfo::AddMesh(): VERT OFFSET---------------[0]
2016-08-20 14:00:23:137[cInfo        ] BufferInfo::AddMesh(): INDICES OFFSET (BYTES)----[0]
2016-08-20 14:00:23:138[cInfo        ] --------------------|  END BUFFER MESH INFO  |--------------------------------------
2016-08-20 14:00:23:139[cInfo        ] 

2016-08-20 14:00:23:141[Info         ] ShapeGenerator::ReadSceneFile(): Added new scene [..\Data\Scenes\Cube.pn.scene] successfully.
2016-08-20 14:00:23:141[cInfo        ] --------BufferInfo::AddMesh() Added mesh successfully-------
2016-08-20 14:00:23:142[cInfo        ] 
2016-08-20 14:00:23:143[cInfo        ] --------------------| START BUFFER MESH INFO |-------------------------------------
2016-08-20 14:00:23:146[cInfo        ] BufferInfo::AddMesh(): NUM VERTS-----------------[18]
2016-08-20 14:00:23:147[cInfo        ] BufferInfo::AddMesh(): NUM INDICES---------------[0]
2016-08-20 14:00:23:147[cInfo        ] BufferInfo::AddMesh(): VERT OFFSET---------------[36]
2016-08-20 14:00:23:148[cInfo        ] BufferInfo::AddMesh(): INDICES OFFSET (BYTES)----[0]
2016-08-20 14:00:23:149[cInfo        ] --------------------|  END BUFFER MESH INFO  |--------------------------------------
2016-08-20 14:00:23:150[cInfo        ] 

2016-08-20 14:00:23:151[Info         ] ShapeGenerator::ReadSceneFile(): Added new scene [..\Data\Scenes\Pyramid.pn.scene] successfully.
2016-08-20 14:00:23:159[cInfo        ] 
-----------------------------------------------------------------------
 BufferInfo::CreateBuffers()[0] Created buffers:| VERTEX [19] with [5529600] bytes. || INDEX [20] with [0] bytes |
-----------------------------------------------------------------------

2016-08-20 14:00:23:169[cInfo        ] --------BufferInfo::AddMesh() Added mesh successfully-------
2016-08-20 14:00:23:169[cInfo        ] 
2016-08-20 14:00:23:170[cInfo        ] --------------------| START BUFFER MESH INFO |-------------------------------------
2016-08-20 14:00:23:171[cInfo        ] BufferInfo::AddMesh(): NUM VERTS-----------------[172800]
2016-08-20 14:00:23:172[cInfo        ] BufferInfo::AddMesh(): NUM INDICES---------------[0]
2016-08-20 14:00:23:175[cInfo        ] BufferInfo::AddMesh(): VERT OFFSET---------------[0]
2016-08-20 14:00:23:176[cInfo        ] BufferInfo::AddMesh(): INDICES OFFSET (BYTES)----[0]
2016-08-20 14:00:23:176[cInfo        ] --------------------|  END BUFFER MESH INFO  |--------------------------------------
2016-08-20 14:00:23:178[cInfo        ] 

2016-08-20 14:00:23:179[Info         ] ShapeGenerator::ReadSceneFile(): Added new scene [..\Data\Scenes\WaterPlane.ptn.scene] successfully.
2016-08-20 14:00:23:180[cProcess     ] Camera::Initialize() successful.
2016-08-20 14:00:23:191[cProcess     ] BufferManager::Initialize() successful.
2016-08-20 14:00:23:192[cInfo        ] 
-----------------------------------------------------------------------
 BufferInfo::CreateBuffers()[3] Created buffers:| VERTEX [21] with [8107776] bytes. || INDEX [22] with [0] bytes |
-----------------------------------------------------------------------

2016-08-20 14:00:23:206[cInfo        ] --------BufferInfo::AddMesh() Added mesh successfully-------
2016-08-20 14:00:23:208[cInfo        ] 
2016-08-20 14:00:23:209[cInfo        ] --------------------| START BUFFER MESH INFO |-------------------------------------
2016-08-20 14:00:23:210[cInfo        ] BufferInfo::AddMesh(): NUM VERTS-----------------[337824]
2016-08-20 14:00:23:211[cInfo        ] BufferInfo::AddMesh(): NUM INDICES---------------[0]
2016-08-20 14:00:23:212[cInfo        ] BufferInfo::AddMesh(): VERT OFFSET---------------[0]
2016-08-20 14:00:23:214[cInfo        ] BufferInfo::AddMesh(): INDICES OFFSET (BYTES)----[0]
2016-08-20 14:00:23:215[cInfo        ] --------------------|  END BUFFER MESH INFO  |--------------------------------------
2016-08-20 14:00:23:217[cInfo        ] 

2016-08-20 14:00:23:218[Info         ] ShapeGenerator::ReadSceneFile(): Added new scene [..\Data\Scenes\Dargon.pn.scene] successfully.
2016-08-20 14:00:23:218[cProcess     ] BufferManager::Initialize() successful.
2016-08-20 14:00:23:219[cInfo        ] 
-----------------------------------------------------------------------
 BufferInfo::CreateBuffers()[4] Created buffers:| VERTEX [23] with [1000000] bytes. || INDEX [24] with [1000000] bytes |
-----------------------------------------------------------------------

2016-08-20 14:00:23:227[cInfo        ] --------BufferInfo::AddMesh() Added mesh successfully-------
2016-08-20 14:00:23:228[cInfo        ] 
2016-08-20 14:00:23:229[cInfo        ] --------------------| START BUFFER MESH INFO |-------------------------------------
2016-08-20 14:00:23:231[cInfo        ] BufferInfo::AddMesh(): NUM VERTS-----------------[6]
2016-08-20 14:00:23:232[cInfo        ] BufferInfo::AddMesh(): NUM INDICES---------------[0]
2016-08-20 14:00:23:233[cInfo        ] BufferInfo::AddMesh(): VERT OFFSET---------------[0]
2016-08-20 14:00:23:235[cInfo        ] BufferInfo::AddMesh(): INDICES OFFSET (BYTES)----[0]
2016-08-20 14:00:23:237[cInfo        ] --------------------|  END BUFFER MESH INFO  |--------------------------------------
2016-08-20 14:00:23:239[cInfo        ] 

2016-08-20 14:00:23:241[cProcess     ] BodaciousQuest::Initialize() successful.
2016-08-20 14:00:23:243[Process      ] GameTime::Initialize() ok

2016-08-20 14:00:23:243[cProcess     ] MyWindow::Initialize() successful!
