2016-08-18 15:12:22:147[Process      ] GameLogger::Initialize() opened log file [..\Data\LogFiles\2016-08-18 15-12-22.BodaciousQuest.log] for writing
2016-08-18 15:12:22:147[Info         ] GameLogger::Initialize() successful
2016-08-18 15:12:22:147[Process      ] ConfigReader opened [..\Data\BodaciousQuest.config] successfully
2016-08-18 15:12:22:147[Info         ] ConfigReader initialized successfully
2016-08-18 15:12:22:147[Info         ] Valid KVP [BodaciousQuest.ShowFullScreen] [false] added
2016-08-18 15:12:22:147[Info         ] Valid KVP [BodaciousQuest.FpsInterval] [5.0] added
2016-08-18 15:12:22:149[Info         ] Valid KVP [BodaciousQuest.EnableControls] [true] added
2016-08-18 15:12:22:149[Info         ] Valid KVP [BodaciousQuest.LoadCubeFirst] [true] added
2016-08-18 15:12:22:149[Info         ] Valid KVP [BodaciousQuest.CameraWalkMode] [false] added
2016-08-18 15:12:22:149[Info         ] Valid KVP [BodaciousQuest.GridSize] [40] added
2016-08-18 15:12:22:149[Info         ] Valid KVP [BodaciousQuest.LightingTest.Ambient.Color] [1.0  1.0  1.0] added
2016-08-18 15:12:22:149[Info         ] Valid KVP [BodaciousQuest.LightingTest.Diffuse.Color] [1.0  1.0  1.0] added
2016-08-18 15:12:22:149[Info         ] Valid KVP [BodaciousQuest.LightingTest.Specular.Color] [0.0  0.0  0.0] added
2016-08-18 15:12:22:149[Info         ] Valid KVP [BodaciousQuest.LightingTest.Ambient.Reflectivity] [0.01] added
2016-08-18 15:12:22:149[Info         ] Valid KVP [BodaciousQuest.LightingTest.Diffuse.Reflectivity] [0.6] added
2016-08-18 15:12:22:149[Info         ] Valid KVP [BodaciousQuest.LightingTest.Specular.Reflectivity] [0.5] added
2016-08-18 15:12:22:149[Info         ] Valid KVP [BodaciousQuest.LightingTest.Specular.Shininess] [1.0] added
2016-08-18 15:12:22:149[Info         ] Valid KVP [BodaciousQuest.LightingTest.Falloff.A] [1.0] added
2016-08-18 15:12:22:149[Info         ] Valid KVP [BodaciousQuest.LightingTest.Falloff.B] [0.01] added
2016-08-18 15:12:22:149[Info         ] Valid KVP [BodaciousQuest.LightingTest.Falloff.C] [0.1] added
2016-08-18 15:12:22:149[Info         ] Valid KVP [BodaciousQuest.LightingTest.Directional] [false] added
2016-08-18 15:12:22:149[Info         ] Valid KVP [BodaciousQuest.LightingTest.Direction] [-1.0 0.0 1.0] added
2016-08-18 15:12:22:150[Info         ] Valid KVP [BodaciousQuest.LightingTest.Light.Position] [-0.875458 3.673020 1.043331] added
2016-08-18 15:12:22:150[Info         ] Valid KVP [BodaciousQuest.LightingTest.Dargon.Color] [1.0 1.0 0.4] added
2016-08-18 15:12:22:150[Info         ] Valid KVP [ObjConverter.Mode.VertexType] [p] added
2016-08-18 15:12:22:150[Info         ] Valid KVP [ObjConverter.Mode.Analyze] [false] added
2016-08-18 15:12:22:150[Info         ] Valid KVP [ObjConverter.Model] [AIWorld] added
2016-08-18 15:12:22:150[Info         ] Valid KVP [ObjConverter.Shader] [0] added
2016-08-18 15:12:22:150[Info         ] Valid KVP [ObjConverter.Color] [random] added
2016-08-18 15:12:22:150[Info         ] Valid KVP [ObjConverter.Obj.InputFileFolder] [..\\Data\\Objs\\] added
2016-08-18 15:12:22:150[Info         ] Valid KVP [ObjConverter.Scene.OutputFileFolder] [..\\Data\\Scenes\\] added
2016-08-18 15:12:22:150[Info         ] Valid KVP [ObjConverter.Model.Dargon.NumVerts] [57967] added
2016-08-18 15:12:22:150[Info         ] Valid KVP [ObjConverter.Model.Dargon.NumIndices] [337824] added
2016-08-18 15:12:22:150[Info         ] Valid KVP [ObjConverter.Model.Dargon.NumTexCoords] [60175] added
2016-08-18 15:12:22:150[Info         ] Valid KVP [ObjConverter.Model.Dargon.NumNormals] [337824] added
2016-08-18 15:12:22:150[Info         ] Valid KVP [ObjConverter.Model.Swamp.NumVerts] [2735] added
2016-08-18 15:12:22:150[Info         ] Valid KVP [ObjConverter.Model.Swamp.NumIndices] [8556] added
2016-08-18 15:12:22:150[Info         ] Valid KVP [ObjConverter.Model.Swamp.NumTexCoords] [3622] added
2016-08-18 15:12:22:150[Info         ] Valid KVP [ObjConverter.Model.Swamp.NumNormals] [5156] added
2016-08-18 15:12:22:150[Info         ] Valid KVP [ObjConverter.Model.Pyramid.NumVerts] [5] added
2016-08-18 15:12:22:150[Info         ] Valid KVP [ObjConverter.Model.Pyramid.NumIndices] [18] added
2016-08-18 15:12:22:150[Info         ] Valid KVP [ObjConverter.Model.Pyramid.NumTexCoords] [10] added
2016-08-18 15:12:22:150[Info         ] Valid KVP [ObjConverter.Model.Pyramid.NumNormals] [16] added
2016-08-18 15:12:22:150[Info         ] Valid KVP [ObjConverter.Model.AIWorld.NumVerts] [1957] added
2016-08-18 15:12:22:150[Info         ] Valid KVP [ObjConverter.Model.AIWorld.NumIndices] [8718] added
2016-08-18 15:12:22:150[Info         ] Valid KVP [ObjConverter.Model.AIWorld.NumTexCoords] [4186] added
2016-08-18 15:12:22:150[Info         ] Valid KVP [ObjConverter.Model.AIWorld.NumNormals] [5418] added
2016-08-18 15:12:22:150[Info         ] Valid KVP [ObjConverter.Model.GameWeapon.NumVerts] [2068] added
2016-08-18 15:12:22:150[Info         ] Valid KVP [ObjConverter.Model.GameWeapon.NumIndices] [9894] added
2016-08-18 15:12:22:150[Info         ] Valid KVP [ObjConverter.Model.GameWeapon.NumTexCoords] [0] added
2016-08-18 15:12:22:150[Info         ] Valid KVP [ObjConverter.Model.GameWeapon.NumNormals] [0] added
2016-08-18 15:12:22:150[Info         ] Valid KVP [ObjConverter.Model.Chicken.NumVerts] [224] added
2016-08-18 15:12:22:150[Info         ] Valid KVP [ObjConverter.Model.Chicken.NumIndices] [1374] added
2016-08-18 15:12:22:150[Info         ] Valid KVP [ObjConverter.Model.Chicken.NumTexCoords] [472] added
2016-08-18 15:12:22:150[Info         ] Valid KVP [ObjConverter.Model.Chicken.NumNormals] [565] added
2016-08-18 15:12:22:150[Info         ] Valid KVP [ObjConverter.Model.WaterPlane.NumVerts] [29282] added
2016-08-18 15:12:22:150[Info         ] Valid KVP [ObjConverter.Model.WaterPlane.NumIndices] [172800] added
2016-08-18 15:12:22:150[Info         ] Valid KVP [ObjConverter.Model.WaterPlane.NumTexCoords] [29282] added
2016-08-18 15:12:22:150[Info         ] Valid KVP [ObjConverter.Model.WaterPlane.NumNormals] [172800] added
2016-08-18 15:12:22:150[Info         ] Valid KVP [ObjConverter.Model.Cube.NumVerts] [8] added
2016-08-18 15:12:22:150[Info         ] Valid KVP [ObjConverter.Model.Cube.NumIndices] [36] added
2016-08-18 15:12:22:150[Info         ] Valid KVP [ObjConverter.Model.Cube.NumTexCoords] [14] added
2016-08-18 15:12:22:150[Info         ] Valid KVP [ObjConverter.Model.Cube.NumNormals] [24] added
2016-08-18 15:12:22:150[Info         ] Valid KVP [ObjConverter.Model.Barrel.NumVerts] [172] added
2016-08-18 15:12:22:150[Info         ] Valid KVP [ObjConverter.Model.Barrel.NumIndices] [1008] added
2016-08-18 15:12:22:150[Info         ] Valid KVP [ObjConverter.Model.Barrel.NumTexCoords] [328] added
2016-08-18 15:12:22:150[Info         ] Valid KVP [ObjConverter.Model.Barrel.NumNormals] [204] added
2016-08-18 15:12:22:151[Info         ] Valid KVP [ObjConverter.Model.SkyBox.NumVerts] [8] added
2016-08-18 15:12:22:151[Info         ] Valid KVP [ObjConverter.Model.SkyBox.NumIndices] [36] added
2016-08-18 15:12:22:151[Info         ] Valid KVP [ObjConverter.Model.SkyBox.NumTexCoords] [18] added
2016-08-18 15:12:22:151[Info         ] Valid KVP [ObjConverter.Model.SkyBox.NumNormals] [24] added
2016-08-18 15:12:22:228[cInfo        ] Config reader opened [..\Data\BodaciousQuest.config] for reading!
2016-08-18 15:12:22:326[Process      ] ShaderManager Initialized successfully
2016-08-18 15:12:22:326[Info         ] Shader Init started
2016-08-18 15:12:22:326[Info         ] Shader Program created.
2016-08-18 15:12:22:326[Process      ] ShaderProgram::Initialize()[1] successful!
2016-08-18 15:12:22:327[Debug        ] File [..\Data\shaders\debug.vert.shader] Opened successfully! Buffer Length:[291]
2016-08-18 15:12:22:327[Debug        ] Shader file [..\Data\shaders\debug.vert.shader] contents:
//BEGIN
#version 430 core

layout(location = 0)  in vec3 vPosition;

layout(location = 15) uniform vec3 colorin;
layout(location = 16) uniform mat4 MAT;

out vec4 color;

void main()
{
	vec4 vertPos = vec4(vPosition, 1.0);
	gl_Position = MAT *  vertPos;
	color = vec4(colorin, 1.0);
}
//END

2016-08-18 15:12:22:327[Debug        ]  ShaderProgram::AddShader() file with data was read in
2016-08-18 15:12:22:327[Debug        ] ShaderProgram::AddShader() : glShaderSource() successful
2016-08-18 15:12:22:327[Debug        ] ShaderProgram::AddShader() : glCompileShader() successful
2016-08-18 15:12:22:327[Info         ] ShaderProgram::CheckShaderCompileStatus(2) successful.
2016-08-18 15:12:22:327[Debug        ] ShaderProgram::AddShader() : glCompileShader() successful
2016-08-18 15:12:22:327[Info         ] ShaderInfo saved successfully.
2016-08-18 15:12:22:327[Debug        ] ShaderProgram::AddShader() : glAttachShader() successful
2016-08-18 15:12:22:327[Info         ] ShaderProgram::AddShader [2] successful.
2016-08-18 15:12:22:327[Debug        ] File [..\Data\shaders\debug.frag.shader] Opened successfully! Buffer Length:[104]
2016-08-18 15:12:22:327[Debug        ] Shader file [..\Data\shaders\debug.frag.shader] contents:
//BEGIN
#version 430 core


in  vec4 color;
out vec4 outColor;

void main()
{
	outColor = color;
}


//END

2016-08-18 15:12:22:327[Debug        ]  ShaderProgram::AddShader() file with data was read in
2016-08-18 15:12:22:327[Debug        ] ShaderProgram::AddShader() : glShaderSource() successful
2016-08-18 15:12:22:327[Debug        ] ShaderProgram::AddShader() : glCompileShader() successful
2016-08-18 15:12:22:328[Info         ] ShaderProgram::CheckShaderCompileStatus(3) successful.
2016-08-18 15:12:22:328[Debug        ] ShaderProgram::AddShader() : glCompileShader() successful
2016-08-18 15:12:22:328[Info         ] ShaderInfo saved successfully.
2016-08-18 15:12:22:328[Debug        ] ShaderProgram::AddShader() : glAttachShader() successful
2016-08-18 15:12:22:328[Info         ] ShaderProgram::AddShader [3] successful.
2016-08-18 15:12:22:329[Info         ] CheckProgramStatus() successful!
2016-08-18 15:12:22:329[Info         ] CheckProgramStatus() successful!
2016-08-18 15:12:22:329[Info         ] Shader Init started
2016-08-18 15:12:22:329[Info         ] Shader Program created.
2016-08-18 15:12:22:329[Process      ] ShaderProgram::Initialize()[4] successful!
2016-08-18 15:12:22:329[Debug        ] File [..\Data\shaders\play.vert.shader] Opened successfully! Buffer Length:[343]
2016-08-18 15:12:22:329[Debug        ] Shader file [..\Data\shaders\play.vert.shader] contents:
//BEGIN
#version 430 core

layout (location = 0)  in vec3 vPosition;
layout (location = 1)  in vec3 vColor;
layout (location = 15) uniform vec3 colorin;
layout (location = 16) uniform mat4 MAT;

out vec4 color;

void main()
{
	vec4 vertPos = vec4(vPosition, 1.0);
	gl_Position = MAT *  vertPos;
	color = vec4((vColor + colorin), 1.0);
}
//END

2016-08-18 15:12:22:329[Debug        ]  ShaderProgram::AddShader() file with data was read in
2016-08-18 15:12:22:329[Debug        ] ShaderProgram::AddShader() : glShaderSource() successful
2016-08-18 15:12:22:329[Debug        ] ShaderProgram::AddShader() : glCompileShader() successful
2016-08-18 15:12:22:329[Info         ] ShaderProgram::CheckShaderCompileStatus(5) successful.
2016-08-18 15:12:22:329[Debug        ] ShaderProgram::AddShader() : glCompileShader() successful
2016-08-18 15:12:22:329[Info         ] ShaderInfo saved successfully.
2016-08-18 15:12:22:329[Debug        ] ShaderProgram::AddShader() : glAttachShader() successful
2016-08-18 15:12:22:329[Info         ] ShaderProgram::AddShader [5] successful.
2016-08-18 15:12:22:329[Debug        ] File [..\Data\shaders\play.frag.shader] Opened successfully! Buffer Length:[391]
2016-08-18 15:12:22:329[Debug        ] Shader file [..\Data\shaders\play.frag.shader] contents:
//BEGIN
#version 430 core


in  vec4 color;
out vec4 outColor;

void main()
{

	//if (color.r < .7) discard;
	outColor = color;

	//if(((gl_FragCoord.x  > 600)&& (gl_FragCoord.y < 300)) || ((gl_FragCoord.y < 300)  && (gl_FragCoord.x  < 600) )) {
	//discard;
	//}

	//vec2 scrPos = vec2(gl_FragCoord) - vec2(350,150);
	//float len =  length(scrPos);
	//if(len < 50 )discard;
}


//END

2016-08-18 15:12:22:329[Debug        ]  ShaderProgram::AddShader() file with data was read in
2016-08-18 15:12:22:329[Debug        ] ShaderProgram::AddShader() : glShaderSource() successful
2016-08-18 15:12:22:330[Debug        ] ShaderProgram::AddShader() : glCompileShader() successful
2016-08-18 15:12:22:330[Info         ] ShaderProgram::CheckShaderCompileStatus(6) successful.
2016-08-18 15:12:22:330[Debug        ] ShaderProgram::AddShader() : glCompileShader() successful
2016-08-18 15:12:22:330[Info         ] ShaderInfo saved successfully.
2016-08-18 15:12:22:330[Debug        ] ShaderProgram::AddShader() : glAttachShader() successful
2016-08-18 15:12:22:330[Info         ] ShaderProgram::AddShader [6] successful.
2016-08-18 15:12:22:330[Info         ] CheckProgramStatus() successful!
2016-08-18 15:12:22:330[Info         ] CheckProgramStatus() successful!
2016-08-18 15:12:22:330[Info         ] Shader Init started
2016-08-18 15:12:22:331[Info         ] Shader Program created.
2016-08-18 15:12:22:331[Process      ] ShaderProgram::Initialize()[7] successful!
2016-08-18 15:12:22:331[Debug        ] File [..\Data\shaders\texture.vert.shader] Opened successfully! Buffer Length:[305]
2016-08-18 15:12:22:331[Debug        ] Shader file [..\Data\shaders\texture.vert.shader] contents:
//BEGIN
#version 430 core

layout (location = 0)  in vec3 vPosition;
layout (location = 1)  in vec2 vUV;

layout (location = 16) uniform mat4 MAT;

//out data
out vec2 UV;

//out vec4 color;

void main()
{
	vec4 vertPos = vec4(vPosition, 1.0);
	gl_Position = MAT *  vertPos;

	UV = vUV;
	
	
}
//END

2016-08-18 15:12:22:331[Debug        ]  ShaderProgram::AddShader() file with data was read in
2016-08-18 15:12:22:331[Debug        ] ShaderProgram::AddShader() : glShaderSource() successful
2016-08-18 15:12:22:331[Debug        ] ShaderProgram::AddShader() : glCompileShader() successful
2016-08-18 15:12:22:331[Info         ] ShaderProgram::CheckShaderCompileStatus(8) successful.
2016-08-18 15:12:22:331[Debug        ] ShaderProgram::AddShader() : glCompileShader() successful
2016-08-18 15:12:22:331[Info         ] ShaderInfo saved successfully.
2016-08-18 15:12:22:331[Debug        ] ShaderProgram::AddShader() : glAttachShader() successful
2016-08-18 15:12:22:331[Info         ] ShaderProgram::AddShader [8] successful.
2016-08-18 15:12:22:331[Debug        ] File [..\Data\shaders\texture.frag.shader] Opened successfully! Buffer Length:[482]
2016-08-18 15:12:22:331[Debug        ] Shader file [..\Data\shaders\texture.frag.shader] contents:
//BEGIN
#version 430 core


in  vec2 UV;
out vec4 outColor;

layout(location = 20) uniform sampler2D textureSampler;

void main()
{

	//if (color.r < .7) discard;
	outColor = vec4(texture(textureSampler, UV).rgb, 1.0);

	//if(((gl_FragCoord.x  > 600)&& (gl_FragCoord.y < 300)) || ((gl_FragCoord.y < 300)  && (gl_FragCoord.x  < 600) )) {
	//discard;
	//}
	//vec2 scrPos = vec2(gl_FragCoord) - vec2(350,150);
	//float len =  length(scrPos);
	//if(len < 50 )discard;
}


//END

2016-08-18 15:12:22:331[Debug        ]  ShaderProgram::AddShader() file with data was read in
2016-08-18 15:12:22:331[Debug        ] ShaderProgram::AddShader() : glShaderSource() successful
2016-08-18 15:12:22:331[Debug        ] ShaderProgram::AddShader() : glCompileShader() successful
2016-08-18 15:12:22:331[Info         ] ShaderProgram::CheckShaderCompileStatus(9) successful.
2016-08-18 15:12:22:331[Debug        ] ShaderProgram::AddShader() : glCompileShader() successful
2016-08-18 15:12:22:331[Info         ] ShaderInfo saved successfully.
2016-08-18 15:12:22:331[Debug        ] ShaderProgram::AddShader() : glAttachShader() successful
2016-08-18 15:12:22:331[Info         ] ShaderProgram::AddShader [9] successful.
2016-08-18 15:12:22:333[Info         ] CheckProgramStatus() successful!
2016-08-18 15:12:22:333[Info         ] CheckProgramStatus() successful!
2016-08-18 15:12:22:333[Info         ] Shader Init started
2016-08-18 15:12:22:333[Info         ] Shader Program created.
2016-08-18 15:12:22:333[Process      ] ShaderProgram::Initialize()[10] successful!
2016-08-18 15:12:22:333[Debug        ] File [..\Data\shaders\framebuffer.vert.shader] Opened successfully! Buffer Length:[305]
2016-08-18 15:12:22:333[Debug        ] Shader file [..\Data\shaders\framebuffer.vert.shader] contents:
//BEGIN
#version 430 core

layout (location = 0)  in vec3 vPosition;
layout (location = 1)  in vec2 vUV;

layout (location = 16) uniform mat4 MAT;

//out data
out vec2 UV;

//out vec4 color;

void main()
{
	vec4 vertPos = vec4(vPosition, 1.0);
	gl_Position = MAT *  vertPos;

	UV = vUV;
	
	
}
//END

2016-08-18 15:12:22:333[Debug        ]  ShaderProgram::AddShader() file with data was read in
2016-08-18 15:12:22:333[Debug        ] ShaderProgram::AddShader() : glShaderSource() successful
2016-08-18 15:12:22:334[Debug        ] ShaderProgram::AddShader() : glCompileShader() successful
2016-08-18 15:12:22:334[Info         ] ShaderProgram::CheckShaderCompileStatus(11) successful.
2016-08-18 15:12:22:334[Debug        ] ShaderProgram::AddShader() : glCompileShader() successful
2016-08-18 15:12:22:334[Info         ] ShaderInfo saved successfully.
2016-08-18 15:12:22:334[Debug        ] ShaderProgram::AddShader() : glAttachShader() successful
2016-08-18 15:12:22:334[Info         ] ShaderProgram::AddShader [11] successful.
2016-08-18 15:12:22:334[Debug        ] File [..\Data\shaders\framebuffer.frag.shader] Opened successfully! Buffer Length:[275]
2016-08-18 15:12:22:334[Debug        ] Shader file [..\Data\shaders\framebuffer.frag.shader] contents:
//BEGIN
#version 430 core


in  vec2 UV;
out vec4 outColor;

layout(location = 20) uniform sampler2D textureSampler;

void main()
{


	vec3 tempCol = texture(textureSampler, UV).rgb;

	outColor = vec4(tempCol.r / 1.5f, tempCol.g / 1.5f, tempCol.b / 1.5f, 1.0f);
}


//END

2016-08-18 15:12:22:334[Debug        ]  ShaderProgram::AddShader() file with data was read in
2016-08-18 15:12:22:334[Debug        ] ShaderProgram::AddShader() : glShaderSource() successful
2016-08-18 15:12:22:334[Debug        ] ShaderProgram::AddShader() : glCompileShader() successful
2016-08-18 15:12:22:334[Info         ] ShaderProgram::CheckShaderCompileStatus(12) successful.
2016-08-18 15:12:22:334[Debug        ] ShaderProgram::AddShader() : glCompileShader() successful
2016-08-18 15:12:22:334[Info         ] ShaderInfo saved successfully.
2016-08-18 15:12:22:334[Debug        ] ShaderProgram::AddShader() : glAttachShader() successful
2016-08-18 15:12:22:334[Info         ] ShaderProgram::AddShader [12] successful.
2016-08-18 15:12:22:335[Info         ] CheckProgramStatus() successful!
2016-08-18 15:12:22:336[Info         ] CheckProgramStatus() successful!
2016-08-18 15:12:22:336[Info         ] Shader Init started
2016-08-18 15:12:22:336[Info         ] Shader Program created.
2016-08-18 15:12:22:336[Process      ] ShaderProgram::Initialize()[13] successful!
2016-08-18 15:12:22:336[Debug        ] File [..\Data\shaders\lighting.vert.shader] Opened successfully! Buffer Length:[1137]
2016-08-18 15:12:22:336[cDebug       ] Shader file [..\Data\shaders\lighting.vert.shader] is too big to display contents.
2016-08-18 15:12:22:338[Debug        ]  ShaderProgram::AddShader() file with data was read in
2016-08-18 15:12:22:338[Debug        ] ShaderProgram::AddShader() : glShaderSource() successful
2016-08-18 15:12:22:338[Debug        ] ShaderProgram::AddShader() : glCompileShader() successful
2016-08-18 15:12:22:338[Info         ] ShaderProgram::CheckShaderCompileStatus(14) successful.
2016-08-18 15:12:22:338[Debug        ] ShaderProgram::AddShader() : glCompileShader() successful
2016-08-18 15:12:22:338[Info         ] ShaderInfo saved successfully.
2016-08-18 15:12:22:338[Debug        ] ShaderProgram::AddShader() : glAttachShader() successful
2016-08-18 15:12:22:338[Info         ] ShaderProgram::AddShader [14] successful.
2016-08-18 15:12:22:338[Debug        ] File [..\Data\shaders\lighting.frag.shader] Opened successfully! Buffer Length:[1744]
2016-08-18 15:12:22:338[cDebug       ] Shader file [..\Data\shaders\lighting.frag.shader] is too big to display contents.
2016-08-18 15:12:22:340[Debug        ]  ShaderProgram::AddShader() file with data was read in
2016-08-18 15:12:22:340[Debug        ] ShaderProgram::AddShader() : glShaderSource() successful
2016-08-18 15:12:22:340[Debug        ] ShaderProgram::AddShader() : glCompileShader() successful
2016-08-18 15:12:22:340[Info         ] ShaderProgram::CheckShaderCompileStatus(15) successful.
2016-08-18 15:12:22:340[Debug        ] ShaderProgram::AddShader() : glCompileShader() successful
2016-08-18 15:12:22:340[Info         ] ShaderInfo saved successfully.
2016-08-18 15:12:22:340[Debug        ] ShaderProgram::AddShader() : glAttachShader() successful
2016-08-18 15:12:22:340[Info         ] ShaderProgram::AddShader [15] successful.
2016-08-18 15:12:22:343[Info         ] CheckProgramStatus() successful!
2016-08-18 15:12:22:343[Info         ] CheckProgramStatus() successful!
2016-08-18 15:12:22:343[Info         ] Shader Init started
2016-08-18 15:12:22:343[Info         ] Shader Program created.
2016-08-18 15:12:22:344[Process      ] ShaderProgram::Initialize()[16] successful!
2016-08-18 15:12:22:344[Debug        ] File [..\Data\shaders\texlighting.vert.shader] Opened successfully! Buffer Length:[1110]
2016-08-18 15:12:22:344[cDebug       ] Shader file [..\Data\shaders\texlighting.vert.shader] is too big to display contents.
2016-08-18 15:12:22:346[Debug        ]  ShaderProgram::AddShader() file with data was read in
2016-08-18 15:12:22:346[Debug        ] ShaderProgram::AddShader() : glShaderSource() successful
2016-08-18 15:12:22:346[Debug        ] ShaderProgram::AddShader() : glCompileShader() successful
2016-08-18 15:12:22:347[Info         ] ShaderProgram::CheckShaderCompileStatus(17) successful.
2016-08-18 15:12:22:347[Debug        ] ShaderProgram::AddShader() : glCompileShader() successful
2016-08-18 15:12:22:347[Info         ] ShaderInfo saved successfully.
2016-08-18 15:12:22:347[Debug        ] ShaderProgram::AddShader() : glAttachShader() successful
2016-08-18 15:12:22:347[Info         ] ShaderProgram::AddShader [17] successful.
2016-08-18 15:12:22:347[Debug        ] File [..\Data\shaders\texlighting.frag.shader] Opened successfully! Buffer Length:[1717]
2016-08-18 15:12:22:347[cDebug       ] Shader file [..\Data\shaders\texlighting.frag.shader] is too big to display contents.
2016-08-18 15:12:22:348[Debug        ]  ShaderProgram::AddShader() file with data was read in
2016-08-18 15:12:22:348[Debug        ] ShaderProgram::AddShader() : glShaderSource() successful
2016-08-18 15:12:22:349[Debug        ] ShaderProgram::AddShader() : glCompileShader() successful
2016-08-18 15:12:22:349[Info         ] ShaderProgram::CheckShaderCompileStatus(18) successful.
2016-08-18 15:12:22:349[Debug        ] ShaderProgram::AddShader() : glCompileShader() successful
2016-08-18 15:12:22:349[Info         ] ShaderInfo saved successfully.
2016-08-18 15:12:22:349[Debug        ] ShaderProgram::AddShader() : glAttachShader() successful
2016-08-18 15:12:22:349[Info         ] ShaderProgram::AddShader [18] successful.
2016-08-18 15:12:22:355[Info         ] CheckProgramStatus() successful!
2016-08-18 15:12:22:355[Info         ] CheckProgramStatus() successful!
2016-08-18 15:12:22:355[Info         ] Shader Init started
2016-08-18 15:12:22:355[Info         ] Shader Program created.
2016-08-18 15:12:22:355[Process      ] ShaderProgram::Initialize()[19] successful!
2016-08-18 15:12:22:355[Debug        ] File [..\Data\shaders\water.vert.shader] Opened successfully! Buffer Length:[1400]
2016-08-18 15:12:22:355[cDebug       ] Shader file [..\Data\shaders\water.vert.shader] is too big to display contents.
2016-08-18 15:12:22:356[Debug        ]  ShaderProgram::AddShader() file with data was read in
2016-08-18 15:12:22:356[Debug        ] ShaderProgram::AddShader() : glShaderSource() successful
2016-08-18 15:12:22:357[Debug        ] ShaderProgram::AddShader() : glCompileShader() successful
2016-08-18 15:12:22:357[Info         ] ShaderProgram::CheckShaderCompileStatus(20) successful.
2016-08-18 15:12:22:357[Debug        ] ShaderProgram::AddShader() : glCompileShader() successful
2016-08-18 15:12:22:357[Info         ] ShaderInfo saved successfully.
2016-08-18 15:12:22:357[Debug        ] ShaderProgram::AddShader() : glAttachShader() successful
2016-08-18 15:12:22:357[Info         ] ShaderProgram::AddShader [20] successful.
2016-08-18 15:12:22:357[Debug        ] File [..\Data\shaders\water.frag.shader] Opened successfully! Buffer Length:[2436]
2016-08-18 15:12:22:357[cDebug       ] Shader file [..\Data\shaders\water.frag.shader] is too big to display contents.
2016-08-18 15:12:22:358[Debug        ]  ShaderProgram::AddShader() file with data was read in
2016-08-18 15:12:22:358[Debug        ] ShaderProgram::AddShader() : glShaderSource() successful
2016-08-18 15:12:22:359[Debug        ] ShaderProgram::AddShader() : glCompileShader() successful
2016-08-18 15:12:22:359[Info         ] ShaderProgram::CheckShaderCompileStatus(21) successful.
2016-08-18 15:12:22:359[Debug        ] ShaderProgram::AddShader() : glCompileShader() successful
2016-08-18 15:12:22:359[Info         ] ShaderInfo saved successfully.
2016-08-18 15:12:22:359[Debug        ] ShaderProgram::AddShader() : glAttachShader() successful
2016-08-18 15:12:22:359[Info         ] ShaderProgram::AddShader [21] successful.
2016-08-18 15:12:22:361[Info         ] CheckProgramStatus() successful!
2016-08-18 15:12:22:362[Info         ] CheckProgramStatus() successful!
2016-08-18 15:12:22:362[Info         ] GetAttribLocation [vPosition] successful.
2016-08-18 15:12:22:362[Info         ] GetUniformLocation [colorin] successful.
2016-08-18 15:12:22:362[Info         ] GetUniformLocation [MAT] successful.
2016-08-18 15:12:22:362[cProcess     ] RenderEngine::Initialize() successful.
2016-08-18 15:12:22:363[cInfo        ] 
-----------------------------------------------------------------------
 BufferInfo::CreateBuffers()[0] Created buffers:| VERTEX [1] with [80] bytes. || INDEX [2] with [24] bytes |
-----------------------------------------------------------------------

2016-08-18 15:12:22:371[cInfo        ] --------BufferInfo::AddMesh() Added mesh successfully-------
2016-08-18 15:12:22:372[cInfo        ] 
2016-08-18 15:12:22:372[cInfo        ] --------------------| START BUFFER MESH INFO |-------------------------------------
2016-08-18 15:12:22:375[cInfo        ] BufferInfo::AddMesh(): NUM VERTS-----------------[4]
2016-08-18 15:12:22:377[cInfo        ] BufferInfo::AddMesh(): NUM INDICES---------------[6]
2016-08-18 15:12:22:378[cInfo        ] BufferInfo::AddMesh(): VERT OFFSET---------------[0]
2016-08-18 15:12:22:379[cInfo        ] BufferInfo::AddMesh(): INDICES OFFSET (BYTES)----[0]
2016-08-18 15:12:22:381[cInfo        ] --------------------|  END BUFFER MESH INFO  |--------------------------------------
2016-08-18 15:12:22:383[cInfo        ] 

2016-08-18 15:12:22:386[cInfo        ] 
-----------------------------------------------------------------------
 BufferInfo::CreateBuffers()[0] Created buffers:| VERTEX [3] with [96] bytes. || INDEX [4] with [48] bytes |
-----------------------------------------------------------------------

2016-08-18 15:12:22:392[cInfo        ] --------BufferInfo::AddMesh() Added mesh successfully-------
2016-08-18 15:12:22:393[cInfo        ] 
2016-08-18 15:12:22:393[cInfo        ] --------------------| START BUFFER MESH INFO |-------------------------------------
2016-08-18 15:12:22:396[cInfo        ] BufferInfo::AddMesh(): NUM VERTS-----------------[8]
2016-08-18 15:12:22:397[cInfo        ] BufferInfo::AddMesh(): NUM INDICES---------------[24]
2016-08-18 15:12:22:398[cInfo        ] BufferInfo::AddMesh(): VERT OFFSET---------------[0]
2016-08-18 15:12:22:399[cInfo        ] BufferInfo::AddMesh(): INDICES OFFSET (BYTES)----[0]
2016-08-18 15:12:22:401[cInfo        ] --------------------|  END BUFFER MESH INFO  |--------------------------------------
2016-08-18 15:12:22:402[cInfo        ] 

2016-08-18 15:12:22:405[cInfo        ] 
-----------------------------------------------------------------------
 BufferInfo::CreateBuffers()[0] Created buffers:| VERTEX [5] with [864] bytes. || INDEX [6] with [0] bytes |
-----------------------------------------------------------------------

2016-08-18 15:12:22:411[cInfo        ] --------BufferInfo::AddMesh() Added mesh successfully-------
2016-08-18 15:12:22:412[cInfo        ] 
2016-08-18 15:12:22:413[cInfo        ] --------------------| START BUFFER MESH INFO |-------------------------------------
2016-08-18 15:12:22:414[cInfo        ] BufferInfo::AddMesh(): NUM VERTS-----------------[36]
2016-08-18 15:12:22:418[cInfo        ] BufferInfo::AddMesh(): NUM INDICES---------------[0]
2016-08-18 15:12:22:419[cInfo        ] BufferInfo::AddMesh(): VERT OFFSET---------------[0]
2016-08-18 15:12:22:420[cInfo        ] BufferInfo::AddMesh(): INDICES OFFSET (BYTES)----[0]
2016-08-18 15:12:22:421[cInfo        ] --------------------|  END BUFFER MESH INFO  |--------------------------------------
2016-08-18 15:12:22:422[cInfo        ] 

2016-08-18 15:12:22:423[cInfo        ] 
-----------------------------------------------------------------------
 BufferInfo::CreateBuffers()[0] Created buffers:| VERTEX [7] with [144] bytes. || INDEX [8] with [0] bytes |
-----------------------------------------------------------------------

2016-08-18 15:12:22:429[cInfo        ] --------BufferInfo::AddMesh() Added mesh successfully-------
2016-08-18 15:12:22:430[cInfo        ] 
2016-08-18 15:12:22:431[cInfo        ] --------------------| START BUFFER MESH INFO |-------------------------------------
2016-08-18 15:12:22:432[cInfo        ] BufferInfo::AddMesh(): NUM VERTS-----------------[6]
2016-08-18 15:12:22:434[cInfo        ] BufferInfo::AddMesh(): NUM INDICES---------------[0]
2016-08-18 15:12:22:435[cInfo        ] BufferInfo::AddMesh(): VERT OFFSET---------------[0]
2016-08-18 15:12:22:438[cInfo        ] BufferInfo::AddMesh(): INDICES OFFSET (BYTES)----[0]
2016-08-18 15:12:22:439[cInfo        ] --------------------|  END BUFFER MESH INFO  |--------------------------------------
2016-08-18 15:12:22:440[cInfo        ] 

2016-08-18 15:12:22:441[cProcess     ] BufferManager::Initialize() successful.
2016-08-18 15:12:22:442[cInfo        ] 
-----------------------------------------------------------------------
 BufferInfo::CreateBuffers()[0] Created buffers:| VERTEX [9] with [1000000] bytes. || INDEX [10] with [1000000] bytes |
-----------------------------------------------------------------------

2016-08-18 15:12:22:446[cInfo        ] --------BufferInfo::AddMesh() Added mesh successfully-------
2016-08-18 15:12:22:448[cInfo        ] 
2016-08-18 15:12:22:449[cInfo        ] --------------------| START BUFFER MESH INFO |-------------------------------------
2016-08-18 15:12:22:451[cInfo        ] BufferInfo::AddMesh(): NUM VERTS-----------------[24]
2016-08-18 15:12:22:452[cInfo        ] BufferInfo::AddMesh(): NUM INDICES---------------[36]
2016-08-18 15:12:22:454[cInfo        ] BufferInfo::AddMesh(): VERT OFFSET---------------[0]
2016-08-18 15:12:22:455[cInfo        ] BufferInfo::AddMesh(): INDICES OFFSET (BYTES)----[0]
2016-08-18 15:12:22:458[cInfo        ] --------------------|  END BUFFER MESH INFO  |--------------------------------------
2016-08-18 15:12:22:459[cInfo        ] 

2016-08-18 15:12:22:461[cProcess     ] BufferManager::Initialize() successful.
2016-08-18 15:12:22:462[cInfo        ] 
-----------------------------------------------------------------------
 BufferInfo::CreateBuffers()[1] Created buffers:| VERTEX [11] with [1000000] bytes. || INDEX [12] with [1000000] bytes |
-----------------------------------------------------------------------

2016-08-18 15:12:22:469[cInfo        ] --------BufferInfo::AddMesh() Added mesh successfully-------
2016-08-18 15:12:22:470[cInfo        ] 
2016-08-18 15:12:22:471[cInfo        ] --------------------| START BUFFER MESH INFO |-------------------------------------
2016-08-18 15:12:22:472[cInfo        ] BufferInfo::AddMesh(): NUM VERTS-----------------[1536]
2016-08-18 15:12:22:473[cInfo        ] BufferInfo::AddMesh(): NUM INDICES---------------[3072]
2016-08-18 15:12:22:474[cInfo        ] BufferInfo::AddMesh(): VERT OFFSET---------------[0]
2016-08-18 15:12:22:475[cInfo        ] BufferInfo::AddMesh(): INDICES OFFSET (BYTES)----[0]
2016-08-18 15:12:22:476[cInfo        ] --------------------|  END BUFFER MESH INFO  |--------------------------------------
2016-08-18 15:12:22:479[cInfo        ] 

2016-08-18 15:12:22:480[cInfo        ] 
-----------------------------------------------------------------------
 BufferInfo::CreateBuffers()[0] Created buffers:| VERTEX [13] with [3936] bytes. || INDEX [14] with [0] bytes |
-----------------------------------------------------------------------

2016-08-18 15:12:22:485[cInfo        ] --------BufferInfo::AddMesh() Added mesh successfully-------
2016-08-18 15:12:22:486[cInfo        ] 
2016-08-18 15:12:22:487[cInfo        ] --------------------| START BUFFER MESH INFO |-------------------------------------
2016-08-18 15:12:22:490[cInfo        ] BufferInfo::AddMesh(): NUM VERTS-----------------[164]
2016-08-18 15:12:22:492[cInfo        ] BufferInfo::AddMesh(): NUM INDICES---------------[0]
2016-08-18 15:12:22:493[cInfo        ] BufferInfo::AddMesh(): VERT OFFSET---------------[0]
2016-08-18 15:12:22:494[cInfo        ] BufferInfo::AddMesh(): INDICES OFFSET (BYTES)----[0]
2016-08-18 15:12:22:495[cInfo        ] --------------------|  END BUFFER MESH INFO  |--------------------------------------
2016-08-18 15:12:22:497[cInfo        ] 

2016-08-18 15:12:22:500[cProcess     ] ShapeGenerator initialized successfully.
2016-08-18 15:12:22:501[cProcess     ] Camera::Initialize() successful.
2016-08-18 15:12:22:502[cProcess     ] Keyboard::Initialize() successful
2016-08-18 15:12:22:503[cProcess     ] Keyboard::Initialize() successful
2016-08-18 15:12:22:519[cInfo        ] 
-----------------------------------------------------------------------
 BufferInfo::CreateBuffers()[0] Created buffers:| VERTEX [15] with [10810368] bytes. || INDEX [16] with [0] bytes |
-----------------------------------------------------------------------

2016-08-18 15:12:22:528[cInfo        ] --------BufferInfo::AddMesh() Added mesh successfully-------
2016-08-18 15:12:22:530[cInfo        ] 
2016-08-18 15:12:22:531[cInfo        ] --------------------| START BUFFER MESH INFO |-------------------------------------
2016-08-18 15:12:22:533[cInfo        ] BufferInfo::AddMesh(): NUM VERTS-----------------[337824]
2016-08-18 15:12:22:534[cInfo        ] BufferInfo::AddMesh(): NUM INDICES---------------[0]
2016-08-18 15:12:22:535[cInfo        ] BufferInfo::AddMesh(): VERT OFFSET---------------[0]
2016-08-18 15:12:22:536[cInfo        ] BufferInfo::AddMesh(): INDICES OFFSET (BYTES)----[0]
2016-08-18 15:12:22:538[cInfo        ] --------------------|  END BUFFER MESH INFO  |--------------------------------------
2016-08-18 15:12:22:540[cInfo        ] 

2016-08-18 15:12:22:570[Info         ] ShapeGenerator::ReadSceneFile(): Added new scene [..\Data\Scenes\Dargon.ptn.scene] successfully.
2016-08-18 15:12:22:570[cInfo        ] EntityManager::BuildPlayerEntity(): Built [Dargon] successfully
2016-08-18 15:12:22:571[cProcess     ] BufferManager::Initialize() successful.
2016-08-18 15:12:22:580[cInfo        ] 
-----------------------------------------------------------------------
 BufferInfo::CreateBuffers()[2] Created buffers:| VERTEX [17] with [1000000] bytes. || INDEX [18] with [1000000] bytes |
-----------------------------------------------------------------------

2016-08-18 15:12:22:586[cInfo        ] --------BufferInfo::AddMesh() Added mesh successfully-------
2016-08-18 15:12:22:587[cInfo        ] 
2016-08-18 15:12:22:588[cInfo        ] --------------------| START BUFFER MESH INFO |-------------------------------------
2016-08-18 15:12:22:591[cInfo        ] BufferInfo::AddMesh(): NUM VERTS-----------------[36]
2016-08-18 15:12:22:592[cInfo        ] BufferInfo::AddMesh(): NUM INDICES---------------[0]
2016-08-18 15:12:22:593[cInfo        ] BufferInfo::AddMesh(): VERT OFFSET---------------[0]
2016-08-18 15:12:22:593[cInfo        ] BufferInfo::AddMesh(): INDICES OFFSET (BYTES)----[0]
2016-08-18 15:12:22:594[cInfo        ] --------------------|  END BUFFER MESH INFO  |--------------------------------------
2016-08-18 15:12:22:596[cInfo        ] 

2016-08-18 15:12:22:598[Info         ] ShapeGenerator::ReadSceneFile(): Added new scene [..\Data\Scenes\Cube.pn.scene] successfully.
2016-08-18 15:12:22:601[cInfo        ] --------BufferInfo::AddMesh() Added mesh successfully-------
2016-08-18 15:12:22:602[cInfo        ] 
2016-08-18 15:12:22:603[cInfo        ] --------------------| START BUFFER MESH INFO |-------------------------------------
2016-08-18 15:12:22:604[cInfo        ] BufferInfo::AddMesh(): NUM VERTS-----------------[18]
2016-08-18 15:12:22:605[cInfo        ] BufferInfo::AddMesh(): NUM INDICES---------------[0]
2016-08-18 15:12:22:606[cInfo        ] BufferInfo::AddMesh(): VERT OFFSET---------------[36]
2016-08-18 15:12:22:607[cInfo        ] BufferInfo::AddMesh(): INDICES OFFSET (BYTES)----[0]
2016-08-18 15:12:22:608[cInfo        ] --------------------|  END BUFFER MESH INFO  |--------------------------------------
2016-08-18 15:12:22:609[cInfo        ] 

2016-08-18 15:12:22:611[Info         ] ShapeGenerator::ReadSceneFile(): Added new scene [..\Data\Scenes\Pyramid.pn.scene] successfully.
2016-08-18 15:12:22:619[cInfo        ] 
-----------------------------------------------------------------------
 BufferInfo::CreateBuffers()[0] Created buffers:| VERTEX [19] with [5529600] bytes. || INDEX [20] with [0] bytes |
-----------------------------------------------------------------------

2016-08-18 15:12:22:630[cInfo        ] --------BufferInfo::AddMesh() Added mesh successfully-------
2016-08-18 15:12:22:632[cInfo        ] 
2016-08-18 15:12:22:632[cInfo        ] --------------------| START BUFFER MESH INFO |-------------------------------------
2016-08-18 15:12:22:634[cInfo        ] BufferInfo::AddMesh(): NUM VERTS-----------------[172800]
2016-08-18 15:12:22:635[cInfo        ] BufferInfo::AddMesh(): NUM INDICES---------------[0]
2016-08-18 15:12:22:636[cInfo        ] BufferInfo::AddMesh(): VERT OFFSET---------------[0]
2016-08-18 15:12:22:637[cInfo        ] BufferInfo::AddMesh(): INDICES OFFSET (BYTES)----[0]
2016-08-18 15:12:22:638[cInfo        ] --------------------|  END BUFFER MESH INFO  |--------------------------------------
2016-08-18 15:12:22:639[cInfo        ] 

2016-08-18 15:12:22:642[Info         ] ShapeGenerator::ReadSceneFile(): Added new scene [..\Data\Scenes\WaterPlane.ptn.scene] successfully.
2016-08-18 15:12:22:642[cProcess     ] Camera::Initialize() successful.
2016-08-18 15:12:22:653[cProcess     ] BufferManager::Initialize() successful.
2016-08-18 15:12:22:653[cInfo        ] 
-----------------------------------------------------------------------
 BufferInfo::CreateBuffers()[3] Created buffers:| VERTEX [21] with [8107776] bytes. || INDEX [22] with [0] bytes |
-----------------------------------------------------------------------

2016-08-18 15:12:22:667[cInfo        ] --------BufferInfo::AddMesh() Added mesh successfully-------
2016-08-18 15:12:22:668[cInfo        ] 
2016-08-18 15:12:22:668[cInfo        ] --------------------| START BUFFER MESH INFO |-------------------------------------
2016-08-18 15:12:22:670[cInfo        ] BufferInfo::AddMesh(): NUM VERTS-----------------[337824]
2016-08-18 15:12:22:671[cInfo        ] BufferInfo::AddMesh(): NUM INDICES---------------[0]
2016-08-18 15:12:22:672[cInfo        ] BufferInfo::AddMesh(): VERT OFFSET---------------[0]
2016-08-18 15:12:22:673[cInfo        ] BufferInfo::AddMesh(): INDICES OFFSET (BYTES)----[0]
2016-08-18 15:12:22:674[cInfo        ] --------------------|  END BUFFER MESH INFO  |--------------------------------------
2016-08-18 15:12:22:675[cInfo        ] 

2016-08-18 15:12:22:676[Info         ] ShapeGenerator::ReadSceneFile(): Added new scene [..\Data\Scenes\Dargon.pn.scene] successfully.
2016-08-18 15:12:22:676[cProcess     ] BufferManager::Initialize() successful.
2016-08-18 15:12:22:677[cInfo        ] 
-----------------------------------------------------------------------
 BufferInfo::CreateBuffers()[4] Created buffers:| VERTEX [23] with [1000000] bytes. || INDEX [24] with [1000000] bytes |
-----------------------------------------------------------------------

2016-08-18 15:12:22:684[cInfo        ] --------BufferInfo::AddMesh() Added mesh successfully-------
2016-08-18 15:12:22:685[cInfo        ] 
2016-08-18 15:12:22:685[cInfo        ] --------------------| START BUFFER MESH INFO |-------------------------------------
2016-08-18 15:12:22:686[cInfo        ] BufferInfo::AddMesh(): NUM VERTS-----------------[6]
2016-08-18 15:12:22:687[cInfo        ] BufferInfo::AddMesh(): NUM INDICES---------------[0]
2016-08-18 15:12:22:688[cInfo        ] BufferInfo::AddMesh(): VERT OFFSET---------------[0]
2016-08-18 15:12:22:690[cInfo        ] BufferInfo::AddMesh(): INDICES OFFSET (BYTES)----[0]
2016-08-18 15:12:22:691[cInfo        ] --------------------|  END BUFFER MESH INFO  |--------------------------------------
2016-08-18 15:12:22:692[cInfo        ] 

2016-08-18 15:12:22:693[cProcess     ] BodaciousQuest::Initialize() successful.
2016-08-18 15:12:22:694[Process      ] GameTime::Initialize() ok

2016-08-18 15:12:22:694[cProcess     ] MyWindow::Initialize() successful!
