2016-08-24 10:06:21:214[Process      ] GameLogger::Initialize() opened log file [..\Data\LogFiles\2016-08-24 10-06-21.BodaciousQuest.log] for writing
2016-08-24 10:06:21:214[Info         ] GameLogger::Initialize() successful
2016-08-24 10:06:21:214[Process      ] ConfigReader opened [..\Data\BodaciousQuest.config] successfully
2016-08-24 10:06:21:214[Info         ] ConfigReader initialized successfully
2016-08-24 10:06:21:214[Info         ] Valid KVP [BodaciousQuest.ShowFullScreen] [false] added
2016-08-24 10:06:21:214[Info         ] Valid KVP [BodaciousQuest.FpsInterval] [5.0] added
2016-08-24 10:06:21:214[Info         ] Valid KVP [BodaciousQuest.EnableControls] [true] added
2016-08-24 10:06:21:214[Info         ] Valid KVP [BodaciousQuest.LoadCubeFirst] [true] added
2016-08-24 10:06:21:214[Info         ] Valid KVP [BodaciousQuest.CameraWalkMode] [false] added
2016-08-24 10:06:21:214[Info         ] Valid KVP [BodaciousQuest.GridSize] [40] added
2016-08-24 10:06:21:214[Info         ] Valid KVP [BodaciousQuest.LightingTest.Ambient.Color] [1.0  1.0  1.0] added
2016-08-24 10:06:21:214[Info         ] Valid KVP [BodaciousQuest.LightingTest.Diffuse.Color] [1.0  1.0  1.0] added
2016-08-24 10:06:21:214[Info         ] Valid KVP [BodaciousQuest.LightingTest.Specular.Color] [1.0  1.0  1.0] added
2016-08-24 10:06:21:214[Info         ] Valid KVP [BodaciousQuest.LightingTest.Ambient.Reflectivity] [0.1] added
2016-08-24 10:06:21:214[Info         ] Valid KVP [BodaciousQuest.LightingTest.Diffuse.Reflectivity] [0.9] added
2016-08-24 10:06:21:214[Info         ] Valid KVP [BodaciousQuest.LightingTest.Specular.Reflectivity] [0.2] added
2016-08-24 10:06:21:214[Info         ] Valid KVP [BodaciousQuest.LightingTest.Specular.Shininess] [2.0] added
2016-08-24 10:06:21:214[Info         ] Valid KVP [BodaciousQuest.LightingTest.Falloff.A] [1.0] added
2016-08-24 10:06:21:215[Info         ] Valid KVP [BodaciousQuest.LightingTest.Falloff.B] [0.01] added
2016-08-24 10:06:21:215[Info         ] Valid KVP [BodaciousQuest.LightingTest.Falloff.C] [0.001] added
2016-08-24 10:06:21:215[Info         ] Valid KVP [BodaciousQuest.LightingTest.Directional] [false] added
2016-08-24 10:06:21:215[Info         ] Valid KVP [BodaciousQuest.LightingTest.Direction] [-1.0 0.0 1.0] added
2016-08-24 10:06:21:215[Info         ] Valid KVP [BodaciousQuest.LightingTest.Light.Position] [-0.875458 3.673020 1.043331] added
2016-08-24 10:06:21:215[Info         ] Valid KVP [BodaciousQuest.LightingTest.Dargon.Color] [1.0 1.0 0.4] added
2016-08-24 10:06:21:215[Info         ] Valid KVP [ObjConverter.Mode.VertexType] [ptn] added
2016-08-24 10:06:21:215[Info         ] Valid KVP [ObjConverter.Mode.Analyze] [false] added
2016-08-24 10:06:21:215[Info         ] Valid KVP [ObjConverter.Model] [Chicken] added
2016-08-24 10:06:21:215[Info         ] Valid KVP [ObjConverter.Shader] [5] added
2016-08-24 10:06:21:215[Info         ] Valid KVP [ObjConverter.Color] [random] added
2016-08-24 10:06:21:215[Info         ] Valid KVP [ObjConverter.Obj.InputFileFolder] [..\\Data\\Objs\\] added
2016-08-24 10:06:21:215[Info         ] Valid KVP [ObjConverter.Scene.OutputFileFolder] [..\\Data\\Scenes\\] added
2016-08-24 10:06:21:215[Info         ] Valid KVP [ObjConverter.Model.Dargon.NumVerts] [57967] added
2016-08-24 10:06:21:215[Info         ] Valid KVP [ObjConverter.Model.Dargon.NumIndices] [337824] added
2016-08-24 10:06:21:215[Info         ] Valid KVP [ObjConverter.Model.Dargon.NumTexCoords] [60175] added
2016-08-24 10:06:21:215[Info         ] Valid KVP [ObjConverter.Model.Dargon.NumNormals] [337824] added
2016-08-24 10:06:21:215[Info         ] Valid KVP [ObjConverter.Model.DerpyDargon.NumVerts] [57967] added
2016-08-24 10:06:21:215[Info         ] Valid KVP [ObjConverter.Model.DerpyDargon.NumIndices] [337824] added
2016-08-24 10:06:21:215[Info         ] Valid KVP [ObjConverter.Model.DerpyDargon.NumTexCoords] [60175] added
2016-08-24 10:06:21:215[Info         ] Valid KVP [ObjConverter.Model.DerpyDargon.NumNormals] [337824] added
2016-08-24 10:06:21:215[Info         ] Valid KVP [ObjConverter.Model.Swamp.NumVerts] [2735] added
2016-08-24 10:06:21:215[Info         ] Valid KVP [ObjConverter.Model.Swamp.NumIndices] [8556] added
2016-08-24 10:06:21:215[Info         ] Valid KVP [ObjConverter.Model.Swamp.NumTexCoords] [3622] added
2016-08-24 10:06:21:215[Info         ] Valid KVP [ObjConverter.Model.Swamp.NumNormals] [5156] added
2016-08-24 10:06:21:215[Info         ] Valid KVP [ObjConverter.Model.Pyramid.NumVerts] [5] added
2016-08-24 10:06:21:215[Info         ] Valid KVP [ObjConverter.Model.Pyramid.NumIndices] [18] added
2016-08-24 10:06:21:215[Info         ] Valid KVP [ObjConverter.Model.Pyramid.NumTexCoords] [10] added
2016-08-24 10:06:21:215[Info         ] Valid KVP [ObjConverter.Model.Pyramid.NumNormals] [16] added
2016-08-24 10:06:21:215[Info         ] Valid KVP [ObjConverter.Model.AIWorld.NumVerts] [1957] added
2016-08-24 10:06:21:215[Info         ] Valid KVP [ObjConverter.Model.AIWorld.NumIndices] [8718] added
2016-08-24 10:06:21:215[Info         ] Valid KVP [ObjConverter.Model.AIWorld.NumTexCoords] [4186] added
2016-08-24 10:06:21:215[Info         ] Valid KVP [ObjConverter.Model.AIWorld.NumNormals] [5418] added
2016-08-24 10:06:21:215[Info         ] Valid KVP [ObjConverter.Model.GameWeapon.NumVerts] [2068] added
2016-08-24 10:06:21:215[Info         ] Valid KVP [ObjConverter.Model.GameWeapon.NumIndices] [9894] added
2016-08-24 10:06:21:215[Info         ] Valid KVP [ObjConverter.Model.GameWeapon.NumTexCoords] [0] added
2016-08-24 10:06:21:215[Info         ] Valid KVP [ObjConverter.Model.GameWeapon.NumNormals] [0] added
2016-08-24 10:06:21:215[Info         ] Valid KVP [ObjConverter.Model.Chicken.NumVerts] [224] added
2016-08-24 10:06:21:215[Info         ] Valid KVP [ObjConverter.Model.Chicken.NumIndices] [1374] added
2016-08-24 10:06:21:215[Info         ] Valid KVP [ObjConverter.Model.Chicken.NumTexCoords] [472] added
2016-08-24 10:06:21:215[Info         ] Valid KVP [ObjConverter.Model.Chicken.NumNormals] [565] added
2016-08-24 10:06:21:215[Info         ] Valid KVP [ObjConverter.Model.WaterPlane.NumVerts] [29282] added
2016-08-24 10:06:21:215[Info         ] Valid KVP [ObjConverter.Model.WaterPlane.NumIndices] [172800] added
2016-08-24 10:06:21:215[Info         ] Valid KVP [ObjConverter.Model.WaterPlane.NumTexCoords] [29282] added
2016-08-24 10:06:21:215[Info         ] Valid KVP [ObjConverter.Model.WaterPlane.NumNormals] [172800] added
2016-08-24 10:06:21:215[Info         ] Valid KVP [ObjConverter.Model.Cube.NumVerts] [8] added
2016-08-24 10:06:21:215[Info         ] Valid KVP [ObjConverter.Model.Cube.NumIndices] [36] added
2016-08-24 10:06:21:215[Info         ] Valid KVP [ObjConverter.Model.Cube.NumTexCoords] [14] added
2016-08-24 10:06:21:215[Info         ] Valid KVP [ObjConverter.Model.Cube.NumNormals] [24] added
2016-08-24 10:06:21:215[Info         ] Valid KVP [ObjConverter.Model.Barrel.NumVerts] [172] added
2016-08-24 10:06:21:215[Info         ] Valid KVP [ObjConverter.Model.Barrel.NumIndices] [1008] added
2016-08-24 10:06:21:215[Info         ] Valid KVP [ObjConverter.Model.Barrel.NumTexCoords] [328] added
2016-08-24 10:06:21:216[Info         ] Valid KVP [ObjConverter.Model.Barrel.NumNormals] [204] added
2016-08-24 10:06:21:216[Info         ] Valid KVP [ObjConverter.Model.SkyBox.NumVerts] [8] added
2016-08-24 10:06:21:216[Info         ] Valid KVP [ObjConverter.Model.SkyBox.NumIndices] [36] added
2016-08-24 10:06:21:216[Info         ] Valid KVP [ObjConverter.Model.SkyBox.NumTexCoords] [18] added
2016-08-24 10:06:21:216[Info         ] Valid KVP [ObjConverter.Model.SkyBox.NumNormals] [24] added
2016-08-24 10:06:21:216[Info         ] Valid KVP [ObjConverter.Model.Cat.NumVerts] [548] added
2016-08-24 10:06:21:216[Info         ] Valid KVP [ObjConverter.Model.Cat.NumIndices] [3180] added
2016-08-24 10:06:21:216[Info         ] Valid KVP [ObjConverter.Model.Cat.NumTexCoords] [771] added
2016-08-24 10:06:21:216[Info         ] Valid KVP [ObjConverter.Model.Cat.NumNormals] [714] added
2016-08-24 10:06:21:287[cInfo        ] Config reader opened [..\Data\BodaciousQuest.config] for reading!
2016-08-24 10:06:21:347[Process      ] ShaderManager Initialized successfully
2016-08-24 10:06:21:347[Info         ] Shader Init started
2016-08-24 10:06:21:347[Info         ] Shader Program created.
2016-08-24 10:06:21:347[Process      ] ShaderProgram::Initialize()[1] successful!
2016-08-24 10:06:21:347[Debug        ] File [..\Data\shaders\debug.vert.shader] Opened successfully! Buffer Length:[291]
2016-08-24 10:06:21:347[Debug        ] Shader file [..\Data\shaders\debug.vert.shader] contents:
//BEGIN
#version 430 core

layout(location = 0)  in vec3 vPosition;

layout(location = 15) uniform vec3 colorin;
layout(location = 16) uniform mat4 MAT;

out vec4 color;

void main()
{
	vec4 vertPos = vec4(vPosition, 1.0);
	gl_Position = MAT *  vertPos;
	color = vec4(colorin, 1.0);
}
//END

2016-08-24 10:06:21:347[Debug        ]  ShaderProgram::AddShader() file with data was read in
2016-08-24 10:06:21:347[Debug        ] ShaderProgram::AddShader() : glShaderSource() successful
2016-08-24 10:06:21:348[Debug        ] ShaderProgram::AddShader() : glCompileShader() successful
2016-08-24 10:06:21:348[Info         ] ShaderProgram::CheckShaderCompileStatus(2) successful.
2016-08-24 10:06:21:348[Debug        ] ShaderProgram::AddShader() : glCompileShader() successful
2016-08-24 10:06:21:348[Info         ] ShaderInfo saved successfully.
2016-08-24 10:06:21:348[Debug        ] ShaderProgram::AddShader() : glAttachShader() successful
2016-08-24 10:06:21:348[Info         ] ShaderProgram::AddShader [2] successful.
2016-08-24 10:06:21:348[Debug        ] File [..\Data\shaders\debug.frag.shader] Opened successfully! Buffer Length:[104]
2016-08-24 10:06:21:348[Debug        ] Shader file [..\Data\shaders\debug.frag.shader] contents:
//BEGIN
#version 430 core


in  vec4 color;
out vec4 outColor;

void main()
{
	outColor = color;
}


//END

2016-08-24 10:06:21:348[Debug        ]  ShaderProgram::AddShader() file with data was read in
2016-08-24 10:06:21:348[Debug        ] ShaderProgram::AddShader() : glShaderSource() successful
2016-08-24 10:06:21:348[Debug        ] ShaderProgram::AddShader() : glCompileShader() successful
2016-08-24 10:06:21:348[Info         ] ShaderProgram::CheckShaderCompileStatus(3) successful.
2016-08-24 10:06:21:348[Debug        ] ShaderProgram::AddShader() : glCompileShader() successful
2016-08-24 10:06:21:348[Info         ] ShaderInfo saved successfully.
2016-08-24 10:06:21:348[Debug        ] ShaderProgram::AddShader() : glAttachShader() successful
2016-08-24 10:06:21:348[Info         ] ShaderProgram::AddShader [3] successful.
2016-08-24 10:06:21:350[Info         ] CheckProgramStatus() successful!
2016-08-24 10:06:21:350[Info         ] CheckProgramStatus() successful!
2016-08-24 10:06:21:350[Info         ] Shader Init started
2016-08-24 10:06:21:350[Info         ] Shader Program created.
2016-08-24 10:06:21:350[Process      ] ShaderProgram::Initialize()[4] successful!
2016-08-24 10:06:21:350[Debug        ] File [..\Data\shaders\play.vert.shader] Opened successfully! Buffer Length:[343]
2016-08-24 10:06:21:350[Debug        ] Shader file [..\Data\shaders\play.vert.shader] contents:
//BEGIN
#version 430 core

layout (location = 0)  in vec3 vPosition;
layout (location = 1)  in vec3 vColor;
layout (location = 15) uniform vec3 colorin;
layout (location = 16) uniform mat4 MAT;

out vec4 color;

void main()
{
	vec4 vertPos = vec4(vPosition, 1.0);
	gl_Position = MAT *  vertPos;
	color = vec4((vColor + colorin), 1.0);
}
//END

2016-08-24 10:06:21:350[Debug        ]  ShaderProgram::AddShader() file with data was read in
2016-08-24 10:06:21:350[Debug        ] ShaderProgram::AddShader() : glShaderSource() successful
2016-08-24 10:06:21:351[Debug        ] ShaderProgram::AddShader() : glCompileShader() successful
2016-08-24 10:06:21:351[Info         ] ShaderProgram::CheckShaderCompileStatus(5) successful.
2016-08-24 10:06:21:351[Debug        ] ShaderProgram::AddShader() : glCompileShader() successful
2016-08-24 10:06:21:351[Info         ] ShaderInfo saved successfully.
2016-08-24 10:06:21:351[Debug        ] ShaderProgram::AddShader() : glAttachShader() successful
2016-08-24 10:06:21:351[Info         ] ShaderProgram::AddShader [5] successful.
2016-08-24 10:06:21:351[Debug        ] File [..\Data\shaders\play.frag.shader] Opened successfully! Buffer Length:[391]
2016-08-24 10:06:21:351[Debug        ] Shader file [..\Data\shaders\play.frag.shader] contents:
//BEGIN
#version 430 core


in  vec4 color;
out vec4 outColor;

void main()
{

	//if (color.r < .7) discard;
	outColor = color;

	//if(((gl_FragCoord.x  > 600)&& (gl_FragCoord.y < 300)) || ((gl_FragCoord.y < 300)  && (gl_FragCoord.x  < 600) )) {
	//discard;
	//}

	//vec2 scrPos = vec2(gl_FragCoord) - vec2(350,150);
	//float len =  length(scrPos);
	//if(len < 50 )discard;
}


//END

2016-08-24 10:06:21:351[Debug        ]  ShaderProgram::AddShader() file with data was read in
2016-08-24 10:06:21:351[Debug        ] ShaderProgram::AddShader() : glShaderSource() successful
2016-08-24 10:06:21:351[Debug        ] ShaderProgram::AddShader() : glCompileShader() successful
2016-08-24 10:06:21:351[Info         ] ShaderProgram::CheckShaderCompileStatus(6) successful.
2016-08-24 10:06:21:351[Debug        ] ShaderProgram::AddShader() : glCompileShader() successful
2016-08-24 10:06:21:351[Info         ] ShaderInfo saved successfully.
2016-08-24 10:06:21:351[Debug        ] ShaderProgram::AddShader() : glAttachShader() successful
2016-08-24 10:06:21:351[Info         ] ShaderProgram::AddShader [6] successful.
2016-08-24 10:06:21:353[Info         ] CheckProgramStatus() successful!
2016-08-24 10:06:21:353[Info         ] CheckProgramStatus() successful!
2016-08-24 10:06:21:353[Info         ] Shader Init started
2016-08-24 10:06:21:353[Info         ] Shader Program created.
2016-08-24 10:06:21:353[Process      ] ShaderProgram::Initialize()[7] successful!
2016-08-24 10:06:21:353[Debug        ] File [..\Data\shaders\texture.vert.shader] Opened successfully! Buffer Length:[305]
2016-08-24 10:06:21:353[Debug        ] Shader file [..\Data\shaders\texture.vert.shader] contents:
//BEGIN
#version 430 core

layout (location = 0)  in vec3 vPosition;
layout (location = 1)  in vec2 vUV;

layout (location = 16) uniform mat4 MAT;

//out data
out vec2 UV;

//out vec4 color;

void main()
{
	vec4 vertPos = vec4(vPosition, 1.0);
	gl_Position = MAT *  vertPos;

	UV = vUV;
	
	
}
//END

2016-08-24 10:06:21:353[Debug        ]  ShaderProgram::AddShader() file with data was read in
2016-08-24 10:06:21:353[Debug        ] ShaderProgram::AddShader() : glShaderSource() successful
2016-08-24 10:06:21:353[Debug        ] ShaderProgram::AddShader() : glCompileShader() successful
2016-08-24 10:06:21:353[Info         ] ShaderProgram::CheckShaderCompileStatus(8) successful.
2016-08-24 10:06:21:353[Debug        ] ShaderProgram::AddShader() : glCompileShader() successful
2016-08-24 10:06:21:353[Info         ] ShaderInfo saved successfully.
2016-08-24 10:06:21:353[Debug        ] ShaderProgram::AddShader() : glAttachShader() successful
2016-08-24 10:06:21:353[Info         ] ShaderProgram::AddShader [8] successful.
2016-08-24 10:06:21:354[Debug        ] File [..\Data\shaders\texture.frag.shader] Opened successfully! Buffer Length:[482]
2016-08-24 10:06:21:354[Debug        ] Shader file [..\Data\shaders\texture.frag.shader] contents:
//BEGIN
#version 430 core


in  vec2 UV;
out vec4 outColor;

layout(location = 20) uniform sampler2D textureSampler;

void main()
{

	//if (color.r < .7) discard;
	outColor = vec4(texture(textureSampler, UV).rgb, 1.0);

	//if(((gl_FragCoord.x  > 600)&& (gl_FragCoord.y < 300)) || ((gl_FragCoord.y < 300)  && (gl_FragCoord.x  < 600) )) {
	//discard;
	//}
	//vec2 scrPos = vec2(gl_FragCoord) - vec2(350,150);
	//float len =  length(scrPos);
	//if(len < 50 )discard;
}


//END

2016-08-24 10:06:21:354[Debug        ]  ShaderProgram::AddShader() file with data was read in
2016-08-24 10:06:21:354[Debug        ] ShaderProgram::AddShader() : glShaderSource() successful
2016-08-24 10:06:21:354[Debug        ] ShaderProgram::AddShader() : glCompileShader() successful
2016-08-24 10:06:21:354[Info         ] ShaderProgram::CheckShaderCompileStatus(9) successful.
2016-08-24 10:06:21:354[Debug        ] ShaderProgram::AddShader() : glCompileShader() successful
2016-08-24 10:06:21:354[Info         ] ShaderInfo saved successfully.
2016-08-24 10:06:21:354[Debug        ] ShaderProgram::AddShader() : glAttachShader() successful
2016-08-24 10:06:21:354[Info         ] ShaderProgram::AddShader [9] successful.
2016-08-24 10:06:21:355[Info         ] CheckProgramStatus() successful!
2016-08-24 10:06:21:355[Info         ] CheckProgramStatus() successful!
2016-08-24 10:06:21:355[Info         ] Shader Init started
2016-08-24 10:06:21:355[Info         ] Shader Program created.
2016-08-24 10:06:21:355[Process      ] ShaderProgram::Initialize()[10] successful!
2016-08-24 10:06:21:355[Debug        ] File [..\Data\shaders\framebuffer.vert.shader] Opened successfully! Buffer Length:[305]
2016-08-24 10:06:21:355[Debug        ] Shader file [..\Data\shaders\framebuffer.vert.shader] contents:
//BEGIN
#version 430 core

layout (location = 0)  in vec3 vPosition;
layout (location = 1)  in vec2 vUV;

layout (location = 16) uniform mat4 MAT;

//out data
out vec2 UV;

//out vec4 color;

void main()
{
	vec4 vertPos = vec4(vPosition, 1.0);
	gl_Position = MAT *  vertPos;

	UV = vUV;
	
	
}
//END

2016-08-24 10:06:21:355[Debug        ]  ShaderProgram::AddShader() file with data was read in
2016-08-24 10:06:21:355[Debug        ] ShaderProgram::AddShader() : glShaderSource() successful
2016-08-24 10:06:21:355[Debug        ] ShaderProgram::AddShader() : glCompileShader() successful
2016-08-24 10:06:21:355[Info         ] ShaderProgram::CheckShaderCompileStatus(11) successful.
2016-08-24 10:06:21:356[Debug        ] ShaderProgram::AddShader() : glCompileShader() successful
2016-08-24 10:06:21:356[Info         ] ShaderInfo saved successfully.
2016-08-24 10:06:21:356[Debug        ] ShaderProgram::AddShader() : glAttachShader() successful
2016-08-24 10:06:21:356[Info         ] ShaderProgram::AddShader [11] successful.
2016-08-24 10:06:21:356[Debug        ] File [..\Data\shaders\framebuffer.frag.shader] Opened successfully! Buffer Length:[275]
2016-08-24 10:06:21:356[Debug        ] Shader file [..\Data\shaders\framebuffer.frag.shader] contents:
//BEGIN
#version 430 core


in  vec2 UV;
out vec4 outColor;

layout(location = 20) uniform sampler2D textureSampler;

void main()
{


	vec3 tempCol = texture(textureSampler, UV).rgb;

	outColor = vec4(tempCol.r / 1.5f, tempCol.g / 1.5f, tempCol.b / 1.5f, 1.0f);
}


//END

2016-08-24 10:06:21:356[Debug        ]  ShaderProgram::AddShader() file with data was read in
2016-08-24 10:06:21:356[Debug        ] ShaderProgram::AddShader() : glShaderSource() successful
2016-08-24 10:06:21:356[Debug        ] ShaderProgram::AddShader() : glCompileShader() successful
2016-08-24 10:06:21:356[Info         ] ShaderProgram::CheckShaderCompileStatus(12) successful.
2016-08-24 10:06:21:356[Debug        ] ShaderProgram::AddShader() : glCompileShader() successful
2016-08-24 10:06:21:356[Info         ] ShaderInfo saved successfully.
2016-08-24 10:06:21:356[Debug        ] ShaderProgram::AddShader() : glAttachShader() successful
2016-08-24 10:06:21:356[Info         ] ShaderProgram::AddShader [12] successful.
2016-08-24 10:06:21:357[Info         ] CheckProgramStatus() successful!
2016-08-24 10:06:21:357[Info         ] CheckProgramStatus() successful!
2016-08-24 10:06:21:357[Info         ] Shader Init started
2016-08-24 10:06:21:357[Info         ] Shader Program created.
2016-08-24 10:06:21:357[Process      ] ShaderProgram::Initialize()[13] successful!
2016-08-24 10:06:21:357[Debug        ] File [..\Data\shaders\lighting.vert.shader] Opened successfully! Buffer Length:[1004]
2016-08-24 10:06:21:357[cDebug       ] Shader file [..\Data\shaders\lighting.vert.shader] is too big to display contents.
2016-08-24 10:06:21:359[Debug        ]  ShaderProgram::AddShader() file with data was read in
2016-08-24 10:06:21:359[Debug        ] ShaderProgram::AddShader() : glShaderSource() successful
2016-08-24 10:06:21:359[Debug        ] ShaderProgram::AddShader() : glCompileShader() successful
2016-08-24 10:06:21:359[Info         ] ShaderProgram::CheckShaderCompileStatus(14) successful.
2016-08-24 10:06:21:359[Debug        ] ShaderProgram::AddShader() : glCompileShader() successful
2016-08-24 10:06:21:359[Info         ] ShaderInfo saved successfully.
2016-08-24 10:06:21:359[Debug        ] ShaderProgram::AddShader() : glAttachShader() successful
2016-08-24 10:06:21:359[Info         ] ShaderProgram::AddShader [14] successful.
2016-08-24 10:06:21:360[Debug        ] File [..\Data\shaders\lighting.frag.shader] Opened successfully! Buffer Length:[1824]
2016-08-24 10:06:21:360[cDebug       ] Shader file [..\Data\shaders\lighting.frag.shader] is too big to display contents.
2016-08-24 10:06:21:361[Debug        ]  ShaderProgram::AddShader() file with data was read in
2016-08-24 10:06:21:361[Debug        ] ShaderProgram::AddShader() : glShaderSource() successful
2016-08-24 10:06:21:362[Debug        ] ShaderProgram::AddShader() : glCompileShader() successful
2016-08-24 10:06:21:362[Info         ] ShaderProgram::CheckShaderCompileStatus(15) successful.
2016-08-24 10:06:21:362[Debug        ] ShaderProgram::AddShader() : glCompileShader() successful
2016-08-24 10:06:21:362[Info         ] ShaderInfo saved successfully.
2016-08-24 10:06:21:362[Debug        ] ShaderProgram::AddShader() : glAttachShader() successful
2016-08-24 10:06:21:362[Info         ] ShaderProgram::AddShader [15] successful.
2016-08-24 10:06:21:365[Info         ] CheckProgramStatus() successful!
2016-08-24 10:06:21:365[Info         ] CheckProgramStatus() successful!
2016-08-24 10:06:21:365[Info         ] Shader Init started
2016-08-24 10:06:21:365[Info         ] Shader Program created.
2016-08-24 10:06:21:365[Process      ] ShaderProgram::Initialize()[16] successful!
2016-08-24 10:06:21:365[Debug        ] File [..\Data\shaders\texlighting.vert.shader] Opened successfully! Buffer Length:[1051]
2016-08-24 10:06:21:365[cDebug       ] Shader file [..\Data\shaders\texlighting.vert.shader] is too big to display contents.
2016-08-24 10:06:21:367[Debug        ]  ShaderProgram::AddShader() file with data was read in
2016-08-24 10:06:21:367[Debug        ] ShaderProgram::AddShader() : glShaderSource() successful
2016-08-24 10:06:21:368[Debug        ] ShaderProgram::AddShader() : glCompileShader() successful
2016-08-24 10:06:21:368[Info         ] ShaderProgram::CheckShaderCompileStatus(17) successful.
2016-08-24 10:06:21:368[Debug        ] ShaderProgram::AddShader() : glCompileShader() successful
2016-08-24 10:06:21:368[Info         ] ShaderInfo saved successfully.
2016-08-24 10:06:21:368[Debug        ] ShaderProgram::AddShader() : glAttachShader() successful
2016-08-24 10:06:21:368[Info         ] ShaderProgram::AddShader [17] successful.
2016-08-24 10:06:21:368[Debug        ] File [..\Data\shaders\texlighting.frag.shader] Opened successfully! Buffer Length:[1885]
2016-08-24 10:06:21:368[cDebug       ] Shader file [..\Data\shaders\texlighting.frag.shader] is too big to display contents.
2016-08-24 10:06:21:370[Debug        ]  ShaderProgram::AddShader() file with data was read in
2016-08-24 10:06:21:370[Debug        ] ShaderProgram::AddShader() : glShaderSource() successful
2016-08-24 10:06:21:370[Debug        ] ShaderProgram::AddShader() : glCompileShader() successful
2016-08-24 10:06:21:370[Info         ] ShaderProgram::CheckShaderCompileStatus(18) successful.
2016-08-24 10:06:21:370[Debug        ] ShaderProgram::AddShader() : glCompileShader() successful
2016-08-24 10:06:21:370[Info         ] ShaderInfo saved successfully.
2016-08-24 10:06:21:370[Debug        ] ShaderProgram::AddShader() : glAttachShader() successful
2016-08-24 10:06:21:370[Info         ] ShaderProgram::AddShader [18] successful.
2016-08-24 10:06:21:373[Info         ] CheckProgramStatus() successful!
2016-08-24 10:06:21:373[Info         ] CheckProgramStatus() successful!
2016-08-24 10:06:21:373[Info         ] Shader Init started
2016-08-24 10:06:21:373[Info         ] Shader Program created.
2016-08-24 10:06:21:373[Process      ] ShaderProgram::Initialize()[19] successful!
2016-08-24 10:06:21:373[Debug        ] File [..\Data\shaders\water.vert.shader] Opened successfully! Buffer Length:[1400]
2016-08-24 10:06:21:373[cDebug       ] Shader file [..\Data\shaders\water.vert.shader] is too big to display contents.
2016-08-24 10:06:21:375[Debug        ]  ShaderProgram::AddShader() file with data was read in
2016-08-24 10:06:21:375[Debug        ] ShaderProgram::AddShader() : glShaderSource() successful
2016-08-24 10:06:21:376[Debug        ] ShaderProgram::AddShader() : glCompileShader() successful
2016-08-24 10:06:21:376[Info         ] ShaderProgram::CheckShaderCompileStatus(20) successful.
2016-08-24 10:06:21:376[Debug        ] ShaderProgram::AddShader() : glCompileShader() successful
2016-08-24 10:06:21:376[Info         ] ShaderInfo saved successfully.
2016-08-24 10:06:21:376[Debug        ] ShaderProgram::AddShader() : glAttachShader() successful
2016-08-24 10:06:21:376[Info         ] ShaderProgram::AddShader [20] successful.
2016-08-24 10:06:21:376[Debug        ] File [..\Data\shaders\water.frag.shader] Opened successfully! Buffer Length:[2455]
2016-08-24 10:06:21:376[cDebug       ] Shader file [..\Data\shaders\water.frag.shader] is too big to display contents.
2016-08-24 10:06:21:377[Debug        ]  ShaderProgram::AddShader() file with data was read in
2016-08-24 10:06:21:377[Debug        ] ShaderProgram::AddShader() : glShaderSource() successful
2016-08-24 10:06:21:378[Debug        ] ShaderProgram::AddShader() : glCompileShader() successful
2016-08-24 10:06:21:378[Info         ] ShaderProgram::CheckShaderCompileStatus(21) successful.
2016-08-24 10:06:21:378[Debug        ] ShaderProgram::AddShader() : glCompileShader() successful
2016-08-24 10:06:21:378[Info         ] ShaderInfo saved successfully.
2016-08-24 10:06:21:378[Debug        ] ShaderProgram::AddShader() : glAttachShader() successful
2016-08-24 10:06:21:378[Info         ] ShaderProgram::AddShader [21] successful.
2016-08-24 10:06:21:380[Info         ] CheckProgramStatus() successful!
2016-08-24 10:06:21:380[Info         ] CheckProgramStatus() successful!
2016-08-24 10:06:21:380[Info         ] GetAttribLocation [vPosition] successful.
2016-08-24 10:06:21:380[Info         ] GetUniformLocation [colorin] successful.
2016-08-24 10:06:21:380[Info         ] GetUniformLocation [MAT] successful.
2016-08-24 10:06:21:381[cProcess     ] RenderEngine::Initialize() successful.
2016-08-24 10:06:21:381[cInfo        ] 
-----------------------------------------------------------------------
 BufferInfo::CreateBuffers()[0] Created buffers:| VERTEX [1] with [80] bytes. || INDEX [2] with [24] bytes |
-----------------------------------------------------------------------

2016-08-24 10:06:21:388[cInfo        ] --------BufferInfo::AddMesh() Added mesh successfully-------
2016-08-24 10:06:21:390[cInfo        ] 
2016-08-24 10:06:21:390[cInfo        ] --------------------| START BUFFER MESH INFO |-------------------------------------
2016-08-24 10:06:21:392[cInfo        ] BufferInfo::AddMesh(): NUM VERTS-----------------[4]
2016-08-24 10:06:21:393[cInfo        ] BufferInfo::AddMesh(): NUM INDICES---------------[6]
2016-08-24 10:06:21:396[cInfo        ] BufferInfo::AddMesh(): VERT OFFSET---------------[0]
2016-08-24 10:06:21:398[cInfo        ] BufferInfo::AddMesh(): INDICES OFFSET (BYTES)----[0]
2016-08-24 10:06:21:399[cInfo        ] --------------------|  END BUFFER MESH INFO  |--------------------------------------
2016-08-24 10:06:21:401[cInfo        ] 

2016-08-24 10:06:21:402[cInfo        ] 
-----------------------------------------------------------------------
 BufferInfo::CreateBuffers()[0] Created buffers:| VERTEX [3] with [96] bytes. || INDEX [4] with [48] bytes |
-----------------------------------------------------------------------

2016-08-24 10:06:21:407[cInfo        ] --------BufferInfo::AddMesh() Added mesh successfully-------
2016-08-24 10:06:21:408[cInfo        ] 
2016-08-24 10:06:21:409[cInfo        ] --------------------| START BUFFER MESH INFO |-------------------------------------
2016-08-24 10:06:21:411[cInfo        ] BufferInfo::AddMesh(): NUM VERTS-----------------[8]
2016-08-24 10:06:21:412[cInfo        ] BufferInfo::AddMesh(): NUM INDICES---------------[24]
2016-08-24 10:06:21:413[cInfo        ] BufferInfo::AddMesh(): VERT OFFSET---------------[0]
2016-08-24 10:06:21:415[cInfo        ] BufferInfo::AddMesh(): INDICES OFFSET (BYTES)----[0]
2016-08-24 10:06:21:416[cInfo        ] --------------------|  END BUFFER MESH INFO  |--------------------------------------
2016-08-24 10:06:21:421[cInfo        ] 

2016-08-24 10:06:21:422[cInfo        ] 
-----------------------------------------------------------------------
 BufferInfo::CreateBuffers()[0] Created buffers:| VERTEX [5] with [864] bytes. || INDEX [6] with [0] bytes |
-----------------------------------------------------------------------

2016-08-24 10:06:21:426[cInfo        ] --------BufferInfo::AddMesh() Added mesh successfully-------
2016-08-24 10:06:21:427[cInfo        ] 
2016-08-24 10:06:21:427[cInfo        ] --------------------| START BUFFER MESH INFO |-------------------------------------
2016-08-24 10:06:21:428[cInfo        ] BufferInfo::AddMesh(): NUM VERTS-----------------[36]
2016-08-24 10:06:21:429[cInfo        ] BufferInfo::AddMesh(): NUM INDICES---------------[0]
2016-08-24 10:06:21:430[cInfo        ] BufferInfo::AddMesh(): VERT OFFSET---------------[0]
2016-08-24 10:06:21:430[cInfo        ] BufferInfo::AddMesh(): INDICES OFFSET (BYTES)----[0]
2016-08-24 10:06:21:431[cInfo        ] --------------------|  END BUFFER MESH INFO  |--------------------------------------
2016-08-24 10:06:21:435[cInfo        ] 

2016-08-24 10:06:21:436[cInfo        ] 
-----------------------------------------------------------------------
 BufferInfo::CreateBuffers()[0] Created buffers:| VERTEX [7] with [144] bytes. || INDEX [8] with [0] bytes |
-----------------------------------------------------------------------

2016-08-24 10:06:21:439[cInfo        ] --------BufferInfo::AddMesh() Added mesh successfully-------
2016-08-24 10:06:21:440[cInfo        ] 
2016-08-24 10:06:21:440[cInfo        ] --------------------| START BUFFER MESH INFO |-------------------------------------
2016-08-24 10:06:21:442[cInfo        ] BufferInfo::AddMesh(): NUM VERTS-----------------[6]
2016-08-24 10:06:21:442[cInfo        ] BufferInfo::AddMesh(): NUM INDICES---------------[0]
2016-08-24 10:06:21:443[cInfo        ] BufferInfo::AddMesh(): VERT OFFSET---------------[0]
2016-08-24 10:06:21:444[cInfo        ] BufferInfo::AddMesh(): INDICES OFFSET (BYTES)----[0]
2016-08-24 10:06:21:445[cInfo        ] --------------------|  END BUFFER MESH INFO  |--------------------------------------
2016-08-24 10:06:21:446[cInfo        ] 

2016-08-24 10:06:21:447[Process      ] BufferInfo::Initialize() successful.
2016-08-24 10:06:21:447[cInfo        ] 
-----------------------------------------------------------------------
 BufferInfo::CreateBuffers()[0] Created buffers:| VERTEX [9] with [1000000] bytes. || INDEX [10] with [1000000] bytes |
-----------------------------------------------------------------------

2016-08-24 10:06:21:453[cInfo        ] --------BufferInfo::AddMesh() Added mesh successfully-------
2016-08-24 10:06:21:454[cInfo        ] 
2016-08-24 10:06:21:455[cInfo        ] --------------------| START BUFFER MESH INFO |-------------------------------------
2016-08-24 10:06:21:456[cInfo        ] BufferInfo::AddMesh(): NUM VERTS-----------------[24]
2016-08-24 10:06:21:457[cInfo        ] BufferInfo::AddMesh(): NUM INDICES---------------[36]
2016-08-24 10:06:21:457[cInfo        ] BufferInfo::AddMesh(): VERT OFFSET---------------[0]
2016-08-24 10:06:21:458[cInfo        ] BufferInfo::AddMesh(): INDICES OFFSET (BYTES)----[0]
2016-08-24 10:06:21:459[cInfo        ] --------------------|  END BUFFER MESH INFO  |--------------------------------------
2016-08-24 10:06:21:460[cInfo        ] 

2016-08-24 10:06:21:462[Process      ] BufferInfo::Initialize() successful.
2016-08-24 10:06:21:462[cInfo        ] 
-----------------------------------------------------------------------
 BufferInfo::CreateBuffers()[1] Created buffers:| VERTEX [11] with [1000000] bytes. || INDEX [12] with [1000000] bytes |
-----------------------------------------------------------------------

2016-08-24 10:06:21:468[cInfo        ] --------BufferInfo::AddMesh() Added mesh successfully-------
2016-08-24 10:06:21:469[cInfo        ] 
2016-08-24 10:06:21:470[cInfo        ] --------------------| START BUFFER MESH INFO |-------------------------------------
2016-08-24 10:06:21:471[cInfo        ] BufferInfo::AddMesh(): NUM VERTS-----------------[1536]
2016-08-24 10:06:21:472[cInfo        ] BufferInfo::AddMesh(): NUM INDICES---------------[3072]
2016-08-24 10:06:21:473[cInfo        ] BufferInfo::AddMesh(): VERT OFFSET---------------[0]
2016-08-24 10:06:21:474[cInfo        ] BufferInfo::AddMesh(): INDICES OFFSET (BYTES)----[0]
2016-08-24 10:06:21:475[cInfo        ] --------------------|  END BUFFER MESH INFO  |--------------------------------------
2016-08-24 10:06:21:477[cInfo        ] 

2016-08-24 10:06:21:478[cInfo        ] 
-----------------------------------------------------------------------
 BufferInfo::CreateBuffers()[0] Created buffers:| VERTEX [13] with [3936] bytes. || INDEX [14] with [0] bytes |
-----------------------------------------------------------------------

2016-08-24 10:06:21:486[cInfo        ] --------BufferInfo::AddMesh() Added mesh successfully-------
2016-08-24 10:06:21:487[cInfo        ] 
2016-08-24 10:06:21:488[cInfo        ] --------------------| START BUFFER MESH INFO |-------------------------------------
2016-08-24 10:06:21:489[cInfo        ] BufferInfo::AddMesh(): NUM VERTS-----------------[164]
2016-08-24 10:06:21:490[cInfo        ] BufferInfo::AddMesh(): NUM INDICES---------------[0]
2016-08-24 10:06:21:491[cInfo        ] BufferInfo::AddMesh(): VERT OFFSET---------------[0]
2016-08-24 10:06:21:492[cInfo        ] BufferInfo::AddMesh(): INDICES OFFSET (BYTES)----[0]
2016-08-24 10:06:21:494[cInfo        ] --------------------|  END BUFFER MESH INFO  |--------------------------------------
2016-08-24 10:06:21:497[cInfo        ] 

2016-08-24 10:06:21:498[cProcess     ] ShapeGenerator initialized successfully.
2016-08-24 10:06:21:499[cProcess     ] Camera::Initialize() successful.
2016-08-24 10:06:21:500[cProcess     ] Keyboard::Initialize() successful
2016-08-24 10:06:21:501[cProcess     ] Keyboard::Initialize() successful
2016-08-24 10:06:21:503[cInfo        ] 
-----------------------------------------------------------------------
 BufferInfo::CreateBuffers()[0] Created buffers:| VERTEX [15] with [43968] bytes. || INDEX [16] with [0] bytes |
-----------------------------------------------------------------------

2016-08-24 10:06:21:508[cInfo        ] --------BufferInfo::AddMesh() Added mesh successfully-------
2016-08-24 10:06:21:509[cInfo        ] 
2016-08-24 10:06:21:509[cInfo        ] --------------------| START BUFFER MESH INFO |-------------------------------------
2016-08-24 10:06:21:511[cInfo        ] BufferInfo::AddMesh(): NUM VERTS-----------------[1374]
2016-08-24 10:06:21:512[cInfo        ] BufferInfo::AddMesh(): NUM INDICES---------------[0]
2016-08-24 10:06:21:514[cInfo        ] BufferInfo::AddMesh(): VERT OFFSET---------------[0]
2016-08-24 10:06:21:515[cInfo        ] BufferInfo::AddMesh(): INDICES OFFSET (BYTES)----[0]
2016-08-24 10:06:21:515[cInfo        ] --------------------|  END BUFFER MESH INFO  |--------------------------------------
2016-08-24 10:06:21:520[cInfo        ] 

2016-08-24 10:06:21:526[Info         ] ShapeGenerator::ReadSceneFile(): Added new scene [..\Data\Scenes\Chicken.ptn.scene] successfully.
2016-08-24 10:06:21:526[cInfo        ] EntityManager::BuildPlayerEntity(): Built [Dargon] successfully
2016-08-24 10:06:21:528[Process      ] BufferInfo::Initialize() successful.
2016-08-24 10:06:21:528[cInfo        ] 
-----------------------------------------------------------------------
 BufferInfo::CreateBuffers()[2] Created buffers:| VERTEX [17] with [1000000] bytes. || INDEX [18] with [1000000] bytes |
-----------------------------------------------------------------------

2016-08-24 10:06:21:537[cInfo        ] --------BufferInfo::AddMesh() Added mesh successfully-------
2016-08-24 10:06:21:538[cInfo        ] 
2016-08-24 10:06:21:538[cInfo        ] --------------------| START BUFFER MESH INFO |-------------------------------------
2016-08-24 10:06:21:539[cInfo        ] BufferInfo::AddMesh(): NUM VERTS-----------------[36]
2016-08-24 10:06:21:540[cInfo        ] BufferInfo::AddMesh(): NUM INDICES---------------[0]
2016-08-24 10:06:21:541[cInfo        ] BufferInfo::AddMesh(): VERT OFFSET---------------[0]
2016-08-24 10:06:21:542[cInfo        ] BufferInfo::AddMesh(): INDICES OFFSET (BYTES)----[0]
2016-08-24 10:06:21:543[cInfo        ] --------------------|  END BUFFER MESH INFO  |--------------------------------------
2016-08-24 10:06:21:545[cInfo        ] 

2016-08-24 10:06:21:546[Info         ] ShapeGenerator::ReadSceneFile(): Added new scene [..\Data\Scenes\Cube.pn.scene] successfully.
2016-08-24 10:06:21:547[Process      ] BufferInfo::Initialize() successful.
2016-08-24 10:06:21:547[cInfo        ] 
-----------------------------------------------------------------------
 BufferInfo::CreateBuffers()[3] Created buffers:| VERTEX [19] with [1000000] bytes. || INDEX [20] with [1000000] bytes |
-----------------------------------------------------------------------

2016-08-24 10:06:21:557[cInfo        ] --------BufferInfo::AddMesh() Added mesh successfully-------
2016-08-24 10:06:21:558[cInfo        ] 
2016-08-24 10:06:21:559[cInfo        ] --------------------| START BUFFER MESH INFO |-------------------------------------
2016-08-24 10:06:21:561[cInfo        ] BufferInfo::AddMesh(): NUM VERTS-----------------[8718]
2016-08-24 10:06:21:561[cInfo        ] BufferInfo::AddMesh(): NUM INDICES---------------[0]
2016-08-24 10:06:21:562[cInfo        ] BufferInfo::AddMesh(): VERT OFFSET---------------[0]
2016-08-24 10:06:21:565[cInfo        ] BufferInfo::AddMesh(): INDICES OFFSET (BYTES)----[0]
2016-08-24 10:06:21:566[cInfo        ] --------------------|  END BUFFER MESH INFO  |--------------------------------------
2016-08-24 10:06:21:568[cInfo        ] 

2016-08-24 10:06:21:571[Info         ] ShapeGenerator::ReadSceneFile(): Added new scene [..\Data\Scenes\AIWorld.ptn.scene] successfully.
2016-08-24 10:06:21:571[cInfo        ] --------BufferInfo::AddMesh() Added mesh successfully-------
2016-08-24 10:06:21:573[cInfo        ] 
2016-08-24 10:06:21:574[cInfo        ] --------------------| START BUFFER MESH INFO |-------------------------------------
2016-08-24 10:06:21:575[cInfo        ] BufferInfo::AddMesh(): NUM VERTS-----------------[18]
2016-08-24 10:06:21:576[cInfo        ] BufferInfo::AddMesh(): NUM INDICES---------------[0]
2016-08-24 10:06:21:576[cInfo        ] BufferInfo::AddMesh(): VERT OFFSET---------------[36]
2016-08-24 10:06:21:577[cInfo        ] BufferInfo::AddMesh(): INDICES OFFSET (BYTES)----[0]
2016-08-24 10:06:21:578[cInfo        ] --------------------|  END BUFFER MESH INFO  |--------------------------------------
2016-08-24 10:06:21:581[cInfo        ] 

2016-08-24 10:06:21:582[Info         ] ShapeGenerator::ReadSceneFile(): Added new scene [..\Data\Scenes\Pyramid.pn.scene] successfully.
2016-08-24 10:06:21:588[cInfo        ] 
-----------------------------------------------------------------------
 BufferInfo::CreateBuffers()[0] Created buffers:| VERTEX [21] with [5529600] bytes. || INDEX [22] with [0] bytes |
-----------------------------------------------------------------------

2016-08-24 10:06:21:604[cInfo        ] --------BufferInfo::AddMesh() Added mesh successfully-------
2016-08-24 10:06:21:605[cInfo        ] 
2016-08-24 10:06:21:606[cInfo        ] --------------------| START BUFFER MESH INFO |-------------------------------------
2016-08-24 10:06:21:608[cInfo        ] BufferInfo::AddMesh(): NUM VERTS-----------------[172800]
2016-08-24 10:06:21:609[cInfo        ] BufferInfo::AddMesh(): NUM INDICES---------------[0]
2016-08-24 10:06:21:611[cInfo        ] BufferInfo::AddMesh(): VERT OFFSET---------------[0]
2016-08-24 10:06:21:613[cInfo        ] BufferInfo::AddMesh(): INDICES OFFSET (BYTES)----[0]
2016-08-24 10:06:21:614[cInfo        ] --------------------|  END BUFFER MESH INFO  |--------------------------------------
2016-08-24 10:06:21:616[cInfo        ] 

2016-08-24 10:06:21:619[Info         ] ShapeGenerator::ReadSceneFile(): Added new scene [..\Data\Scenes\WaterPlane.ptn.scene] successfully.
2016-08-24 10:06:21:620[cProcess     ] Camera::Initialize() successful.
2016-08-24 10:06:21:621[cInfo        ] --------BufferInfo::AddMesh() Added mesh successfully-------
2016-08-24 10:06:21:622[cInfo        ] 
2016-08-24 10:06:21:623[cInfo        ] --------------------| START BUFFER MESH INFO |-------------------------------------
2016-08-24 10:06:21:625[cInfo        ] BufferInfo::AddMesh(): NUM VERTS-----------------[3180]
2016-08-24 10:06:21:626[cInfo        ] BufferInfo::AddMesh(): NUM INDICES---------------[0]
2016-08-24 10:06:21:628[cInfo        ] BufferInfo::AddMesh(): VERT OFFSET---------------[36]
2016-08-24 10:06:21:629[cInfo        ] BufferInfo::AddMesh(): INDICES OFFSET (BYTES)----[0]
2016-08-24 10:06:21:630[cInfo        ] --------------------|  END BUFFER MESH INFO  |--------------------------------------
2016-08-24 10:06:21:631[cInfo        ] 

2016-08-24 10:06:21:632[Info         ] ShapeGenerator::ReadSceneFile(): Added new scene [..\Data\Scenes\Cat.pn.scene] successfully.
2016-08-24 10:06:21:632[cInfo        ] --------BufferInfo::AddMesh() Added mesh successfully-------
2016-08-24 10:06:21:635[cInfo        ] 
2016-08-24 10:06:21:635[cInfo        ] --------------------| START BUFFER MESH INFO |-------------------------------------
2016-08-24 10:06:21:637[cInfo        ] BufferInfo::AddMesh(): NUM VERTS-----------------[6]
2016-08-24 10:06:21:637[cInfo        ] BufferInfo::AddMesh(): NUM INDICES---------------[0]
2016-08-24 10:06:21:639[cInfo        ] BufferInfo::AddMesh(): VERT OFFSET---------------[54]
2016-08-24 10:06:21:640[cInfo        ] BufferInfo::AddMesh(): INDICES OFFSET (BYTES)----[0]
2016-08-24 10:06:21:641[cInfo        ] --------------------|  END BUFFER MESH INFO  |--------------------------------------
2016-08-24 10:06:21:642[cInfo        ] 

2016-08-24 10:06:21:643[cProcess     ] BodaciousQuest::Initialize() successful.
2016-08-24 10:06:21:643[Process      ] GameTime::Initialize() ok

2016-08-24 10:06:21:643[cProcess     ] MyWindow::Initialize() successful!
2016-08-24 10:06:27:794[cInfo        ] Cube Position: -0.875458 3.673020 1.043331
2016-08-24 10:06:29:157[cInfo        ] Cube Position: -8.592066 13.274464 22.889086
2016-08-24 10:06:30:014[cProcess     ] BufferManager::Shutdown() successful.
2016-08-24 10:06:30:016[cProcess     ] RenderEngine::Shutdown() successful.
2016-08-24 10:06:30:016[cProcess     ] Camera::Shutdown() successful.
2016-08-24 10:06:30:017[Info         ] Shader  [2] deleting...
2016-08-24 10:06:30:018[Info         ] Shader  [2] deleted successfully.
2016-08-24 10:06:30:018[Info         ] Shader  [3] deleting...
2016-08-24 10:06:30:018[Info         ] Shader  [3] deleted successfully.
2016-08-24 10:06:30:018[Info         ] All shaders deleted successfully.
2016-08-24 10:06:30:018[cInfo        ] Program [1] deleted successfully.
2016-08-24 10:06:30:018[Process      ] ShaderProgram[1]::Shutdown successful!
2016-08-24 10:06:30:019[Info         ] Shader  [5] deleting...
2016-08-24 10:06:30:019[Info         ] Shader  [5] deleted successfully.
2016-08-24 10:06:30:019[Info         ] Shader  [6] deleting...
2016-08-24 10:06:30:019[Info         ] Shader  [6] deleted successfully.
2016-08-24 10:06:30:019[Info         ] All shaders deleted successfully.
2016-08-24 10:06:30:019[cInfo        ] Program [4] deleted successfully.
2016-08-24 10:06:30:020[Process      ] ShaderProgram[4]::Shutdown successful!
2016-08-24 10:06:30:020[Info         ] Shader  [8] deleting...
2016-08-24 10:06:30:020[Info         ] Shader  [8] deleted successfully.
2016-08-24 10:06:30:020[Info         ] Shader  [9] deleting...
2016-08-24 10:06:30:020[Info         ] Shader  [9] deleted successfully.
2016-08-24 10:06:30:020[Info         ] All shaders deleted successfully.
2016-08-24 10:06:30:020[cInfo        ] Program [7] deleted successfully.
2016-08-24 10:06:30:021[Process      ] ShaderProgram[7]::Shutdown successful!
2016-08-24 10:06:30:021[Info         ] Shader  [11] deleting...
2016-08-24 10:06:30:021[Info         ] Shader  [11] deleted successfully.
2016-08-24 10:06:30:021[Info         ] Shader  [12] deleting...
2016-08-24 10:06:30:021[Info         ] Shader  [12] deleted successfully.
2016-08-24 10:06:30:021[Info         ] All shaders deleted successfully.
2016-08-24 10:06:30:021[cInfo        ] Program [10] deleted successfully.
2016-08-24 10:06:30:022[Process      ] ShaderProgram[10]::Shutdown successful!
2016-08-24 10:06:30:022[Info         ] Shader  [14] deleting...
2016-08-24 10:06:30:022[Info         ] Shader  [14] deleted successfully.
2016-08-24 10:06:30:022[Info         ] Shader  [15] deleting...
2016-08-24 10:06:30:022[Info         ] Shader  [15] deleted successfully.
2016-08-24 10:06:30:022[Info         ] All shaders deleted successfully.
2016-08-24 10:06:30:022[cInfo        ] Program [13] deleted successfully.
2016-08-24 10:06:30:023[Process      ] ShaderProgram[13]::Shutdown successful!
2016-08-24 10:06:30:023[Info         ] Shader  [17] deleting...
2016-08-24 10:06:30:023[Info         ] Shader  [17] deleted successfully.
2016-08-24 10:06:30:023[Info         ] Shader  [18] deleting...
2016-08-24 10:06:30:023[Info         ] Shader  [18] deleted successfully.
2016-08-24 10:06:30:023[Info         ] All shaders deleted successfully.
2016-08-24 10:06:30:023[cInfo        ] Program [16] deleted successfully.
2016-08-24 10:06:30:024[Process      ] ShaderProgram[16]::Shutdown successful!
2016-08-24 10:06:30:024[Info         ] Shader  [20] deleting...
2016-08-24 10:06:30:024[Info         ] Shader  [20] deleted successfully.
2016-08-24 10:06:30:024[Info         ] Shader  [21] deleting...
2016-08-24 10:06:30:024[Info         ] Shader  [21] deleted successfully.
2016-08-24 10:06:30:024[Info         ] All shaders deleted successfully.
2016-08-24 10:06:30:024[cInfo        ] Program [19] deleted successfully.
2016-08-24 10:06:30:025[Process      ] ShaderProgram[19]::Shutdown successful!
2016-08-24 10:06:30:025[cProcess     ] MyWindow::Shutdown() successful!
2016-08-24 10:06:30:025[cProcess     ] BodaciousQuest::Shutdown() successful.
2016-08-24 10:06:30:035[Process      ] ConfigReader shut down successfully
2016-08-24 10:06:30:035[Process      ] GameLogger::ShutDown() successful
