2016-08-20 14:10:29:536[Process      ] GameLogger::Initialize() opened log file [..\Data\LogFiles\2016-08-20 14-10-29.BodaciousQuest.log] for writing
2016-08-20 14:10:29:536[Info         ] GameLogger::Initialize() successful
2016-08-20 14:10:29:536[Process      ] ConfigReader opened [..\Data\BodaciousQuest.config] successfully
2016-08-20 14:10:29:536[Info         ] ConfigReader initialized successfully
2016-08-20 14:10:29:536[Info         ] Valid KVP [BodaciousQuest.ShowFullScreen] [false] added
2016-08-20 14:10:29:536[Info         ] Valid KVP [BodaciousQuest.FpsInterval] [5.0] added
2016-08-20 14:10:29:536[Info         ] Valid KVP [BodaciousQuest.EnableControls] [true] added
2016-08-20 14:10:29:536[Info         ] Valid KVP [BodaciousQuest.LoadCubeFirst] [true] added
2016-08-20 14:10:29:536[Info         ] Valid KVP [BodaciousQuest.CameraWalkMode] [false] added
2016-08-20 14:10:29:536[Info         ] Valid KVP [BodaciousQuest.GridSize] [40] added
2016-08-20 14:10:29:536[Info         ] Valid KVP [BodaciousQuest.LightingTest.Ambient.Color] [1.0  1.0  1.0] added
2016-08-20 14:10:29:536[Info         ] Valid KVP [BodaciousQuest.LightingTest.Diffuse.Color] [1.0  1.0  1.0] added
2016-08-20 14:10:29:536[Info         ] Valid KVP [BodaciousQuest.LightingTest.Specular.Color] [0.0  0.0  0.0] added
2016-08-20 14:10:29:536[Info         ] Valid KVP [BodaciousQuest.LightingTest.Ambient.Reflectivity] [0.01] added
2016-08-20 14:10:29:536[Info         ] Valid KVP [BodaciousQuest.LightingTest.Diffuse.Reflectivity] [0.8] added
2016-08-20 14:10:29:536[Info         ] Valid KVP [BodaciousQuest.LightingTest.Specular.Reflectivity] [0.5] added
2016-08-20 14:10:29:536[Info         ] Valid KVP [BodaciousQuest.LightingTest.Specular.Shininess] [1.0] added
2016-08-20 14:10:29:536[Info         ] Valid KVP [BodaciousQuest.LightingTest.Falloff.A] [1.0] added
2016-08-20 14:10:29:536[Info         ] Valid KVP [BodaciousQuest.LightingTest.Falloff.B] [0.01] added
2016-08-20 14:10:29:536[Info         ] Valid KVP [BodaciousQuest.LightingTest.Falloff.C] [0.0001] added
2016-08-20 14:10:29:536[Info         ] Valid KVP [BodaciousQuest.LightingTest.Directional] [false] added
2016-08-20 14:10:29:536[Info         ] Valid KVP [BodaciousQuest.LightingTest.Direction] [-1.0 0.0 1.0] added
2016-08-20 14:10:29:537[Info         ] Valid KVP [BodaciousQuest.LightingTest.Light.Position] [-0.875458 3.673020 1.043331] added
2016-08-20 14:10:29:537[Info         ] Valid KVP [BodaciousQuest.LightingTest.Dargon.Color] [1.0 1.0 0.4] added
2016-08-20 14:10:29:537[Info         ] Valid KVP [ObjConverter.Mode.VertexType] [pn] added
2016-08-20 14:10:29:537[Info         ] Valid KVP [ObjConverter.Mode.Analyze] [false] added
2016-08-20 14:10:29:537[Info         ] Valid KVP [ObjConverter.Model] [Dargon] added
2016-08-20 14:10:29:537[Info         ] Valid KVP [ObjConverter.Shader] [4] added
2016-08-20 14:10:29:537[Info         ] Valid KVP [ObjConverter.Color] [random] added
2016-08-20 14:10:29:537[Info         ] Valid KVP [ObjConverter.Obj.InputFileFolder] [..\\Data\\Objs\\] added
2016-08-20 14:10:29:537[Info         ] Valid KVP [ObjConverter.Scene.OutputFileFolder] [..\\Data\\Scenes\\] added
2016-08-20 14:10:29:537[Info         ] Valid KVP [ObjConverter.Model.Dargon.NumVerts] [57967] added
2016-08-20 14:10:29:537[Info         ] Valid KVP [ObjConverter.Model.Dargon.NumIndices] [337824] added
2016-08-20 14:10:29:537[Info         ] Valid KVP [ObjConverter.Model.Dargon.NumTexCoords] [60175] added
2016-08-20 14:10:29:537[Info         ] Valid KVP [ObjConverter.Model.Dargon.NumNormals] [337824] added
2016-08-20 14:10:29:537[Info         ] Valid KVP [ObjConverter.Model.Swamp.NumVerts] [2735] added
2016-08-20 14:10:29:537[Info         ] Valid KVP [ObjConverter.Model.Swamp.NumIndices] [8556] added
2016-08-20 14:10:29:537[Info         ] Valid KVP [ObjConverter.Model.Swamp.NumTexCoords] [3622] added
2016-08-20 14:10:29:537[Info         ] Valid KVP [ObjConverter.Model.Swamp.NumNormals] [5156] added
2016-08-20 14:10:29:537[Info         ] Valid KVP [ObjConverter.Model.Pyramid.NumVerts] [5] added
2016-08-20 14:10:29:537[Info         ] Valid KVP [ObjConverter.Model.Pyramid.NumIndices] [18] added
2016-08-20 14:10:29:537[Info         ] Valid KVP [ObjConverter.Model.Pyramid.NumTexCoords] [10] added
2016-08-20 14:10:29:537[Info         ] Valid KVP [ObjConverter.Model.Pyramid.NumNormals] [16] added
2016-08-20 14:10:29:537[Info         ] Valid KVP [ObjConverter.Model.AIWorld.NumVerts] [1957] added
2016-08-20 14:10:29:537[Info         ] Valid KVP [ObjConverter.Model.AIWorld.NumIndices] [8718] added
2016-08-20 14:10:29:537[Info         ] Valid KVP [ObjConverter.Model.AIWorld.NumTexCoords] [4186] added
2016-08-20 14:10:29:537[Info         ] Valid KVP [ObjConverter.Model.AIWorld.NumNormals] [5418] added
2016-08-20 14:10:29:537[Info         ] Valid KVP [ObjConverter.Model.GameWeapon.NumVerts] [2068] added
2016-08-20 14:10:29:537[Info         ] Valid KVP [ObjConverter.Model.GameWeapon.NumIndices] [9894] added
2016-08-20 14:10:29:537[Info         ] Valid KVP [ObjConverter.Model.GameWeapon.NumTexCoords] [0] added
2016-08-20 14:10:29:537[Info         ] Valid KVP [ObjConverter.Model.GameWeapon.NumNormals] [0] added
2016-08-20 14:10:29:537[Info         ] Valid KVP [ObjConverter.Model.Chicken.NumVerts] [224] added
2016-08-20 14:10:29:537[Info         ] Valid KVP [ObjConverter.Model.Chicken.NumIndices] [1374] added
2016-08-20 14:10:29:537[Info         ] Valid KVP [ObjConverter.Model.Chicken.NumTexCoords] [472] added
2016-08-20 14:10:29:537[Info         ] Valid KVP [ObjConverter.Model.Chicken.NumNormals] [565] added
2016-08-20 14:10:29:537[Info         ] Valid KVP [ObjConverter.Model.WaterPlane.NumVerts] [29282] added
2016-08-20 14:10:29:537[Info         ] Valid KVP [ObjConverter.Model.WaterPlane.NumIndices] [172800] added
2016-08-20 14:10:29:537[Info         ] Valid KVP [ObjConverter.Model.WaterPlane.NumTexCoords] [29282] added
2016-08-20 14:10:29:537[Info         ] Valid KVP [ObjConverter.Model.WaterPlane.NumNormals] [172800] added
2016-08-20 14:10:29:537[Info         ] Valid KVP [ObjConverter.Model.Cube.NumVerts] [8] added
2016-08-20 14:10:29:537[Info         ] Valid KVP [ObjConverter.Model.Cube.NumIndices] [36] added
2016-08-20 14:10:29:537[Info         ] Valid KVP [ObjConverter.Model.Cube.NumTexCoords] [14] added
2016-08-20 14:10:29:537[Info         ] Valid KVP [ObjConverter.Model.Cube.NumNormals] [24] added
2016-08-20 14:10:29:537[Info         ] Valid KVP [ObjConverter.Model.Barrel.NumVerts] [172] added
2016-08-20 14:10:29:537[Info         ] Valid KVP [ObjConverter.Model.Barrel.NumIndices] [1008] added
2016-08-20 14:10:29:537[Info         ] Valid KVP [ObjConverter.Model.Barrel.NumTexCoords] [328] added
2016-08-20 14:10:29:537[Info         ] Valid KVP [ObjConverter.Model.Barrel.NumNormals] [204] added
2016-08-20 14:10:29:537[Info         ] Valid KVP [ObjConverter.Model.SkyBox.NumVerts] [8] added
2016-08-20 14:10:29:537[Info         ] Valid KVP [ObjConverter.Model.SkyBox.NumIndices] [36] added
2016-08-20 14:10:29:537[Info         ] Valid KVP [ObjConverter.Model.SkyBox.NumTexCoords] [18] added
2016-08-20 14:10:29:537[Info         ] Valid KVP [ObjConverter.Model.SkyBox.NumNormals] [24] added
2016-08-20 14:10:29:604[cInfo        ] Config reader opened [..\Data\BodaciousQuest.config] for reading!
2016-08-20 14:10:29:663[Process      ] ShaderManager Initialized successfully
2016-08-20 14:10:29:663[Info         ] Shader Init started
2016-08-20 14:10:29:664[Info         ] Shader Program created.
2016-08-20 14:10:29:664[Process      ] ShaderProgram::Initialize()[1] successful!
2016-08-20 14:10:29:664[Debug        ] File [..\Data\shaders\debug.vert.shader] Opened successfully! Buffer Length:[291]
2016-08-20 14:10:29:664[Debug        ] Shader file [..\Data\shaders\debug.vert.shader] contents:
//BEGIN
#version 430 core

layout(location = 0)  in vec3 vPosition;

layout(location = 15) uniform vec3 colorin;
layout(location = 16) uniform mat4 MAT;

out vec4 color;

void main()
{
	vec4 vertPos = vec4(vPosition, 1.0);
	gl_Position = MAT *  vertPos;
	color = vec4(colorin, 1.0);
}
//END

2016-08-20 14:10:29:664[Debug        ]  ShaderProgram::AddShader() file with data was read in
2016-08-20 14:10:29:664[Debug        ] ShaderProgram::AddShader() : glShaderSource() successful
2016-08-20 14:10:29:664[Debug        ] ShaderProgram::AddShader() : glCompileShader() successful
2016-08-20 14:10:29:665[Info         ] ShaderProgram::CheckShaderCompileStatus(2) successful.
2016-08-20 14:10:29:665[Debug        ] ShaderProgram::AddShader() : glCompileShader() successful
2016-08-20 14:10:29:665[Info         ] ShaderInfo saved successfully.
2016-08-20 14:10:29:665[Debug        ] ShaderProgram::AddShader() : glAttachShader() successful
2016-08-20 14:10:29:665[Info         ] ShaderProgram::AddShader [2] successful.
2016-08-20 14:10:29:665[Debug        ] File [..\Data\shaders\debug.frag.shader] Opened successfully! Buffer Length:[104]
2016-08-20 14:10:29:665[Debug        ] Shader file [..\Data\shaders\debug.frag.shader] contents:
//BEGIN
#version 430 core


in  vec4 color;
out vec4 outColor;

void main()
{
	outColor = color;
}


//END

2016-08-20 14:10:29:665[Debug        ]  ShaderProgram::AddShader() file with data was read in
2016-08-20 14:10:29:665[Debug        ] ShaderProgram::AddShader() : glShaderSource() successful
2016-08-20 14:10:29:665[Debug        ] ShaderProgram::AddShader() : glCompileShader() successful
2016-08-20 14:10:29:665[Info         ] ShaderProgram::CheckShaderCompileStatus(3) successful.
2016-08-20 14:10:29:665[Debug        ] ShaderProgram::AddShader() : glCompileShader() successful
2016-08-20 14:10:29:665[Info         ] ShaderInfo saved successfully.
2016-08-20 14:10:29:665[Debug        ] ShaderProgram::AddShader() : glAttachShader() successful
2016-08-20 14:10:29:665[Info         ] ShaderProgram::AddShader [3] successful.
2016-08-20 14:10:29:666[Info         ] CheckProgramStatus() successful!
2016-08-20 14:10:29:666[Info         ] CheckProgramStatus() successful!
2016-08-20 14:10:29:666[Info         ] Shader Init started
2016-08-20 14:10:29:666[Info         ] Shader Program created.
2016-08-20 14:10:29:666[Process      ] ShaderProgram::Initialize()[4] successful!
2016-08-20 14:10:29:666[Debug        ] File [..\Data\shaders\play.vert.shader] Opened successfully! Buffer Length:[343]
2016-08-20 14:10:29:667[Debug        ] Shader file [..\Data\shaders\play.vert.shader] contents:
//BEGIN
#version 430 core

layout (location = 0)  in vec3 vPosition;
layout (location = 1)  in vec3 vColor;
layout (location = 15) uniform vec3 colorin;
layout (location = 16) uniform mat4 MAT;

out vec4 color;

void main()
{
	vec4 vertPos = vec4(vPosition, 1.0);
	gl_Position = MAT *  vertPos;
	color = vec4((vColor + colorin), 1.0);
}
//END

2016-08-20 14:10:29:667[Debug        ]  ShaderProgram::AddShader() file with data was read in
2016-08-20 14:10:29:667[Debug        ] ShaderProgram::AddShader() : glShaderSource() successful
2016-08-20 14:10:29:667[Debug        ] ShaderProgram::AddShader() : glCompileShader() successful
2016-08-20 14:10:29:667[Info         ] ShaderProgram::CheckShaderCompileStatus(5) successful.
2016-08-20 14:10:29:667[Debug        ] ShaderProgram::AddShader() : glCompileShader() successful
2016-08-20 14:10:29:667[Info         ] ShaderInfo saved successfully.
2016-08-20 14:10:29:667[Debug        ] ShaderProgram::AddShader() : glAttachShader() successful
2016-08-20 14:10:29:667[Info         ] ShaderProgram::AddShader [5] successful.
2016-08-20 14:10:29:667[Debug        ] File [..\Data\shaders\play.frag.shader] Opened successfully! Buffer Length:[391]
2016-08-20 14:10:29:667[Debug        ] Shader file [..\Data\shaders\play.frag.shader] contents:
//BEGIN
#version 430 core


in  vec4 color;
out vec4 outColor;

void main()
{

	//if (color.r < .7) discard;
	outColor = color;

	//if(((gl_FragCoord.x  > 600)&& (gl_FragCoord.y < 300)) || ((gl_FragCoord.y < 300)  && (gl_FragCoord.x  < 600) )) {
	//discard;
	//}

	//vec2 scrPos = vec2(gl_FragCoord) - vec2(350,150);
	//float len =  length(scrPos);
	//if(len < 50 )discard;
}


//END

2016-08-20 14:10:29:667[Debug        ]  ShaderProgram::AddShader() file with data was read in
2016-08-20 14:10:29:667[Debug        ] ShaderProgram::AddShader() : glShaderSource() successful
2016-08-20 14:10:29:667[Debug        ] ShaderProgram::AddShader() : glCompileShader() successful
2016-08-20 14:10:29:667[Info         ] ShaderProgram::CheckShaderCompileStatus(6) successful.
2016-08-20 14:10:29:667[Debug        ] ShaderProgram::AddShader() : glCompileShader() successful
2016-08-20 14:10:29:667[Info         ] ShaderInfo saved successfully.
2016-08-20 14:10:29:667[Debug        ] ShaderProgram::AddShader() : glAttachShader() successful
2016-08-20 14:10:29:667[Info         ] ShaderProgram::AddShader [6] successful.
2016-08-20 14:10:29:668[Info         ] CheckProgramStatus() successful!
2016-08-20 14:10:29:668[Info         ] CheckProgramStatus() successful!
2016-08-20 14:10:29:668[Info         ] Shader Init started
2016-08-20 14:10:29:668[Info         ] Shader Program created.
2016-08-20 14:10:29:668[Process      ] ShaderProgram::Initialize()[7] successful!
2016-08-20 14:10:29:668[Debug        ] File [..\Data\shaders\texture.vert.shader] Opened successfully! Buffer Length:[305]
2016-08-20 14:10:29:668[Debug        ] Shader file [..\Data\shaders\texture.vert.shader] contents:
//BEGIN
#version 430 core

layout (location = 0)  in vec3 vPosition;
layout (location = 1)  in vec2 vUV;

layout (location = 16) uniform mat4 MAT;

//out data
out vec2 UV;

//out vec4 color;

void main()
{
	vec4 vertPos = vec4(vPosition, 1.0);
	gl_Position = MAT *  vertPos;

	UV = vUV;
	
	
}
//END

2016-08-20 14:10:29:668[Debug        ]  ShaderProgram::AddShader() file with data was read in
2016-08-20 14:10:29:668[Debug        ] ShaderProgram::AddShader() : glShaderSource() successful
2016-08-20 14:10:29:668[Debug        ] ShaderProgram::AddShader() : glCompileShader() successful
2016-08-20 14:10:29:668[Info         ] ShaderProgram::CheckShaderCompileStatus(8) successful.
2016-08-20 14:10:29:668[Debug        ] ShaderProgram::AddShader() : glCompileShader() successful
2016-08-20 14:10:29:668[Info         ] ShaderInfo saved successfully.
2016-08-20 14:10:29:668[Debug        ] ShaderProgram::AddShader() : glAttachShader() successful
2016-08-20 14:10:29:668[Info         ] ShaderProgram::AddShader [8] successful.
2016-08-20 14:10:29:668[Debug        ] File [..\Data\shaders\texture.frag.shader] Opened successfully! Buffer Length:[482]
2016-08-20 14:10:29:669[Debug        ] Shader file [..\Data\shaders\texture.frag.shader] contents:
//BEGIN
#version 430 core


in  vec2 UV;
out vec4 outColor;

layout(location = 20) uniform sampler2D textureSampler;

void main()
{

	//if (color.r < .7) discard;
	outColor = vec4(texture(textureSampler, UV).rgb, 1.0);

	//if(((gl_FragCoord.x  > 600)&& (gl_FragCoord.y < 300)) || ((gl_FragCoord.y < 300)  && (gl_FragCoord.x  < 600) )) {
	//discard;
	//}
	//vec2 scrPos = vec2(gl_FragCoord) - vec2(350,150);
	//float len =  length(scrPos);
	//if(len < 50 )discard;
}


//END

2016-08-20 14:10:29:669[Debug        ]  ShaderProgram::AddShader() file with data was read in
2016-08-20 14:10:29:669[Debug        ] ShaderProgram::AddShader() : glShaderSource() successful
2016-08-20 14:10:29:669[Debug        ] ShaderProgram::AddShader() : glCompileShader() successful
2016-08-20 14:10:29:669[Info         ] ShaderProgram::CheckShaderCompileStatus(9) successful.
2016-08-20 14:10:29:669[Debug        ] ShaderProgram::AddShader() : glCompileShader() successful
2016-08-20 14:10:29:669[Info         ] ShaderInfo saved successfully.
2016-08-20 14:10:29:669[Debug        ] ShaderProgram::AddShader() : glAttachShader() successful
2016-08-20 14:10:29:669[Info         ] ShaderProgram::AddShader [9] successful.
2016-08-20 14:10:29:670[Info         ] CheckProgramStatus() successful!
2016-08-20 14:10:29:670[Info         ] CheckProgramStatus() successful!
2016-08-20 14:10:29:670[Info         ] Shader Init started
2016-08-20 14:10:29:670[Info         ] Shader Program created.
2016-08-20 14:10:29:670[Process      ] ShaderProgram::Initialize()[10] successful!
2016-08-20 14:10:29:670[Debug        ] File [..\Data\shaders\framebuffer.vert.shader] Opened successfully! Buffer Length:[305]
2016-08-20 14:10:29:670[Debug        ] Shader file [..\Data\shaders\framebuffer.vert.shader] contents:
//BEGIN
#version 430 core

layout (location = 0)  in vec3 vPosition;
layout (location = 1)  in vec2 vUV;

layout (location = 16) uniform mat4 MAT;

//out data
out vec2 UV;

//out vec4 color;

void main()
{
	vec4 vertPos = vec4(vPosition, 1.0);
	gl_Position = MAT *  vertPos;

	UV = vUV;
	
	
}
//END

2016-08-20 14:10:29:670[Debug        ]  ShaderProgram::AddShader() file with data was read in
2016-08-20 14:10:29:670[Debug        ] ShaderProgram::AddShader() : glShaderSource() successful
2016-08-20 14:10:29:670[Debug        ] ShaderProgram::AddShader() : glCompileShader() successful
2016-08-20 14:10:29:670[Info         ] ShaderProgram::CheckShaderCompileStatus(11) successful.
2016-08-20 14:10:29:670[Debug        ] ShaderProgram::AddShader() : glCompileShader() successful
2016-08-20 14:10:29:670[Info         ] ShaderInfo saved successfully.
2016-08-20 14:10:29:670[Debug        ] ShaderProgram::AddShader() : glAttachShader() successful
2016-08-20 14:10:29:670[Info         ] ShaderProgram::AddShader [11] successful.
2016-08-20 14:10:29:670[Debug        ] File [..\Data\shaders\framebuffer.frag.shader] Opened successfully! Buffer Length:[275]
2016-08-20 14:10:29:670[Debug        ] Shader file [..\Data\shaders\framebuffer.frag.shader] contents:
//BEGIN
#version 430 core


in  vec2 UV;
out vec4 outColor;

layout(location = 20) uniform sampler2D textureSampler;

void main()
{


	vec3 tempCol = texture(textureSampler, UV).rgb;

	outColor = vec4(tempCol.r / 1.5f, tempCol.g / 1.5f, tempCol.b / 1.5f, 1.0f);
}


//END

2016-08-20 14:10:29:670[Debug        ]  ShaderProgram::AddShader() file with data was read in
2016-08-20 14:10:29:670[Debug        ] ShaderProgram::AddShader() : glShaderSource() successful
2016-08-20 14:10:29:671[Debug        ] ShaderProgram::AddShader() : glCompileShader() successful
2016-08-20 14:10:29:671[Info         ] ShaderProgram::CheckShaderCompileStatus(12) successful.
2016-08-20 14:10:29:671[Debug        ] ShaderProgram::AddShader() : glCompileShader() successful
2016-08-20 14:10:29:671[Info         ] ShaderInfo saved successfully.
2016-08-20 14:10:29:671[Debug        ] ShaderProgram::AddShader() : glAttachShader() successful
2016-08-20 14:10:29:671[Info         ] ShaderProgram::AddShader [12] successful.
2016-08-20 14:10:29:672[Info         ] CheckProgramStatus() successful!
2016-08-20 14:10:29:672[Info         ] CheckProgramStatus() successful!
2016-08-20 14:10:29:672[Info         ] Shader Init started
2016-08-20 14:10:29:672[Info         ] Shader Program created.
2016-08-20 14:10:29:672[Process      ] ShaderProgram::Initialize()[13] successful!
2016-08-20 14:10:29:672[Debug        ] File [..\Data\shaders\lighting.vert.shader] Opened successfully! Buffer Length:[1145]
2016-08-20 14:10:29:672[cDebug       ] Shader file [..\Data\shaders\lighting.vert.shader] is too big to display contents.
2016-08-20 14:10:29:674[Debug        ]  ShaderProgram::AddShader() file with data was read in
2016-08-20 14:10:29:674[Debug        ] ShaderProgram::AddShader() : glShaderSource() successful
2016-08-20 14:10:29:674[Debug        ] ShaderProgram::AddShader() : glCompileShader() successful
2016-08-20 14:10:29:675[Info         ] ShaderProgram::CheckShaderCompileStatus(14) successful.
2016-08-20 14:10:29:675[Debug        ] ShaderProgram::AddShader() : glCompileShader() successful
2016-08-20 14:10:29:675[Info         ] ShaderInfo saved successfully.
2016-08-20 14:10:29:675[Debug        ] ShaderProgram::AddShader() : glAttachShader() successful
2016-08-20 14:10:29:675[Info         ] ShaderProgram::AddShader [14] successful.
2016-08-20 14:10:29:675[Debug        ] File [..\Data\shaders\lighting.frag.shader] Opened successfully! Buffer Length:[1744]
2016-08-20 14:10:29:675[cDebug       ] Shader file [..\Data\shaders\lighting.frag.shader] is too big to display contents.
2016-08-20 14:10:29:677[Debug        ]  ShaderProgram::AddShader() file with data was read in
2016-08-20 14:10:29:677[Debug        ] ShaderProgram::AddShader() : glShaderSource() successful
2016-08-20 14:10:29:678[Debug        ] ShaderProgram::AddShader() : glCompileShader() successful
2016-08-20 14:10:29:678[Info         ] ShaderProgram::CheckShaderCompileStatus(15) successful.
2016-08-20 14:10:29:678[Debug        ] ShaderProgram::AddShader() : glCompileShader() successful
2016-08-20 14:10:29:678[Info         ] ShaderInfo saved successfully.
2016-08-20 14:10:29:678[Debug        ] ShaderProgram::AddShader() : glAttachShader() successful
2016-08-20 14:10:29:678[Info         ] ShaderProgram::AddShader [15] successful.
2016-08-20 14:10:29:681[Info         ] CheckProgramStatus() successful!
2016-08-20 14:10:29:681[Info         ] CheckProgramStatus() successful!
2016-08-20 14:10:29:681[Info         ] Shader Init started
2016-08-20 14:10:29:681[Info         ] Shader Program created.
2016-08-20 14:10:29:681[Process      ] ShaderProgram::Initialize()[16] successful!
2016-08-20 14:10:29:681[Debug        ] File [..\Data\shaders\texlighting.vert.shader] Opened successfully! Buffer Length:[1110]
2016-08-20 14:10:29:681[cDebug       ] Shader file [..\Data\shaders\texlighting.vert.shader] is too big to display contents.
2016-08-20 14:10:29:683[Debug        ]  ShaderProgram::AddShader() file with data was read in
2016-08-20 14:10:29:683[Debug        ] ShaderProgram::AddShader() : glShaderSource() successful
2016-08-20 14:10:29:683[Debug        ] ShaderProgram::AddShader() : glCompileShader() successful
2016-08-20 14:10:29:683[Info         ] ShaderProgram::CheckShaderCompileStatus(17) successful.
2016-08-20 14:10:29:683[Debug        ] ShaderProgram::AddShader() : glCompileShader() successful
2016-08-20 14:10:29:683[Info         ] ShaderInfo saved successfully.
2016-08-20 14:10:29:683[Debug        ] ShaderProgram::AddShader() : glAttachShader() successful
2016-08-20 14:10:29:684[Info         ] ShaderProgram::AddShader [17] successful.
2016-08-20 14:10:29:684[Debug        ] File [..\Data\shaders\texlighting.frag.shader] Opened successfully! Buffer Length:[1717]
2016-08-20 14:10:29:684[cDebug       ] Shader file [..\Data\shaders\texlighting.frag.shader] is too big to display contents.
2016-08-20 14:10:29:685[Debug        ]  ShaderProgram::AddShader() file with data was read in
2016-08-20 14:10:29:685[Debug        ] ShaderProgram::AddShader() : glShaderSource() successful
2016-08-20 14:10:29:685[Debug        ] ShaderProgram::AddShader() : glCompileShader() successful
2016-08-20 14:10:29:685[Info         ] ShaderProgram::CheckShaderCompileStatus(18) successful.
2016-08-20 14:10:29:685[Debug        ] ShaderProgram::AddShader() : glCompileShader() successful
2016-08-20 14:10:29:685[Info         ] ShaderInfo saved successfully.
2016-08-20 14:10:29:685[Debug        ] ShaderProgram::AddShader() : glAttachShader() successful
2016-08-20 14:10:29:685[Info         ] ShaderProgram::AddShader [18] successful.
2016-08-20 14:10:29:688[Info         ] CheckProgramStatus() successful!
2016-08-20 14:10:29:688[Info         ] CheckProgramStatus() successful!
2016-08-20 14:10:29:688[Info         ] Shader Init started
2016-08-20 14:10:29:688[Info         ] Shader Program created.
2016-08-20 14:10:29:688[Process      ] ShaderProgram::Initialize()[19] successful!
2016-08-20 14:10:29:689[Debug        ] File [..\Data\shaders\water.vert.shader] Opened successfully! Buffer Length:[1400]
2016-08-20 14:10:29:689[cDebug       ] Shader file [..\Data\shaders\water.vert.shader] is too big to display contents.
2016-08-20 14:10:29:690[Debug        ]  ShaderProgram::AddShader() file with data was read in
2016-08-20 14:10:29:690[Debug        ] ShaderProgram::AddShader() : glShaderSource() successful
2016-08-20 14:10:29:691[Debug        ] ShaderProgram::AddShader() : glCompileShader() successful
2016-08-20 14:10:29:691[Info         ] ShaderProgram::CheckShaderCompileStatus(20) successful.
2016-08-20 14:10:29:691[Debug        ] ShaderProgram::AddShader() : glCompileShader() successful
2016-08-20 14:10:29:691[Info         ] ShaderInfo saved successfully.
2016-08-20 14:10:29:691[Debug        ] ShaderProgram::AddShader() : glAttachShader() successful
2016-08-20 14:10:29:691[Info         ] ShaderProgram::AddShader [20] successful.
2016-08-20 14:10:29:691[Debug        ] File [..\Data\shaders\water.frag.shader] Opened successfully! Buffer Length:[2436]
2016-08-20 14:10:29:692[cDebug       ] Shader file [..\Data\shaders\water.frag.shader] is too big to display contents.
2016-08-20 14:10:29:693[Debug        ]  ShaderProgram::AddShader() file with data was read in
2016-08-20 14:10:29:694[Debug        ] ShaderProgram::AddShader() : glShaderSource() successful
2016-08-20 14:10:29:694[Debug        ] ShaderProgram::AddShader() : glCompileShader() successful
2016-08-20 14:10:29:694[Info         ] ShaderProgram::CheckShaderCompileStatus(21) successful.
2016-08-20 14:10:29:694[Debug        ] ShaderProgram::AddShader() : glCompileShader() successful
2016-08-20 14:10:29:694[Info         ] ShaderInfo saved successfully.
2016-08-20 14:10:29:694[Debug        ] ShaderProgram::AddShader() : glAttachShader() successful
2016-08-20 14:10:29:694[Info         ] ShaderProgram::AddShader [21] successful.
2016-08-20 14:10:29:697[Info         ] CheckProgramStatus() successful!
2016-08-20 14:10:29:697[Info         ] CheckProgramStatus() successful!
2016-08-20 14:10:29:697[Info         ] GetAttribLocation [vPosition] successful.
2016-08-20 14:10:29:697[Info         ] GetUniformLocation [colorin] successful.
2016-08-20 14:10:29:697[Info         ] GetUniformLocation [MAT] successful.
2016-08-20 14:10:29:697[cProcess     ] RenderEngine::Initialize() successful.
2016-08-20 14:10:29:698[cInfo        ] 
-----------------------------------------------------------------------
 BufferInfo::CreateBuffers()[0] Created buffers:| VERTEX [1] with [80] bytes. || INDEX [2] with [24] bytes |
-----------------------------------------------------------------------

2016-08-20 14:10:29:705[cInfo        ] --------BufferInfo::AddMesh() Added mesh successfully-------
2016-08-20 14:10:29:707[cInfo        ] 
2016-08-20 14:10:29:707[cInfo        ] --------------------| START BUFFER MESH INFO |-------------------------------------
2016-08-20 14:10:29:710[cInfo        ] BufferInfo::AddMesh(): NUM VERTS-----------------[4]
2016-08-20 14:10:29:712[cInfo        ] BufferInfo::AddMesh(): NUM INDICES---------------[6]
2016-08-20 14:10:29:713[cInfo        ] BufferInfo::AddMesh(): VERT OFFSET---------------[0]
2016-08-20 14:10:29:714[cInfo        ] BufferInfo::AddMesh(): INDICES OFFSET (BYTES)----[0]
2016-08-20 14:10:29:715[cInfo        ] --------------------|  END BUFFER MESH INFO  |--------------------------------------
2016-08-20 14:10:29:716[cInfo        ] 

2016-08-20 14:10:29:717[cInfo        ] 
-----------------------------------------------------------------------
 BufferInfo::CreateBuffers()[0] Created buffers:| VERTEX [3] with [96] bytes. || INDEX [4] with [48] bytes |
-----------------------------------------------------------------------

2016-08-20 14:10:29:722[cInfo        ] --------BufferInfo::AddMesh() Added mesh successfully-------
2016-08-20 14:10:29:723[cInfo        ] 
2016-08-20 14:10:29:723[cInfo        ] --------------------| START BUFFER MESH INFO |-------------------------------------
2016-08-20 14:10:29:725[cInfo        ] BufferInfo::AddMesh(): NUM VERTS-----------------[8]
2016-08-20 14:10:29:726[cInfo        ] BufferInfo::AddMesh(): NUM INDICES---------------[24]
2016-08-20 14:10:29:727[cInfo        ] BufferInfo::AddMesh(): VERT OFFSET---------------[0]
2016-08-20 14:10:29:728[cInfo        ] BufferInfo::AddMesh(): INDICES OFFSET (BYTES)----[0]
2016-08-20 14:10:29:729[cInfo        ] --------------------|  END BUFFER MESH INFO  |--------------------------------------
2016-08-20 14:10:29:731[cInfo        ] 

2016-08-20 14:10:29:732[cInfo        ] 
-----------------------------------------------------------------------
 BufferInfo::CreateBuffers()[0] Created buffers:| VERTEX [5] with [864] bytes. || INDEX [6] with [0] bytes |
-----------------------------------------------------------------------

2016-08-20 14:10:29:735[cInfo        ] --------BufferInfo::AddMesh() Added mesh successfully-------
2016-08-20 14:10:29:736[cInfo        ] 
2016-08-20 14:10:29:736[cInfo        ] --------------------| START BUFFER MESH INFO |-------------------------------------
2016-08-20 14:10:29:737[cInfo        ] BufferInfo::AddMesh(): NUM VERTS-----------------[36]
2016-08-20 14:10:29:738[cInfo        ] BufferInfo::AddMesh(): NUM INDICES---------------[0]
2016-08-20 14:10:29:739[cInfo        ] BufferInfo::AddMesh(): VERT OFFSET---------------[0]
2016-08-20 14:10:29:743[cInfo        ] BufferInfo::AddMesh(): INDICES OFFSET (BYTES)----[0]
2016-08-20 14:10:29:744[cInfo        ] --------------------|  END BUFFER MESH INFO  |--------------------------------------
2016-08-20 14:10:29:745[cInfo        ] 

2016-08-20 14:10:29:746[cInfo        ] 
-----------------------------------------------------------------------
 BufferInfo::CreateBuffers()[0] Created buffers:| VERTEX [7] with [144] bytes. || INDEX [8] with [0] bytes |
-----------------------------------------------------------------------

2016-08-20 14:10:29:750[cInfo        ] --------BufferInfo::AddMesh() Added mesh successfully-------
2016-08-20 14:10:29:752[cInfo        ] 
2016-08-20 14:10:29:753[cInfo        ] --------------------| START BUFFER MESH INFO |-------------------------------------
2016-08-20 14:10:29:754[cInfo        ] BufferInfo::AddMesh(): NUM VERTS-----------------[6]
2016-08-20 14:10:29:756[cInfo        ] BufferInfo::AddMesh(): NUM INDICES---------------[0]
2016-08-20 14:10:29:757[cInfo        ] BufferInfo::AddMesh(): VERT OFFSET---------------[0]
2016-08-20 14:10:29:759[cInfo        ] BufferInfo::AddMesh(): INDICES OFFSET (BYTES)----[0]
2016-08-20 14:10:29:761[cInfo        ] --------------------|  END BUFFER MESH INFO  |--------------------------------------
2016-08-20 14:10:29:762[cInfo        ] 

2016-08-20 14:10:29:763[cProcess     ] BufferManager::Initialize() successful.
2016-08-20 14:10:29:764[cInfo        ] 
-----------------------------------------------------------------------
 BufferInfo::CreateBuffers()[0] Created buffers:| VERTEX [9] with [1000000] bytes. || INDEX [10] with [1000000] bytes |
-----------------------------------------------------------------------

2016-08-20 14:10:29:767[cInfo        ] --------BufferInfo::AddMesh() Added mesh successfully-------
2016-08-20 14:10:29:768[cInfo        ] 
2016-08-20 14:10:29:769[cInfo        ] --------------------| START BUFFER MESH INFO |-------------------------------------
2016-08-20 14:10:29:771[cInfo        ] BufferInfo::AddMesh(): NUM VERTS-----------------[24]
2016-08-20 14:10:29:773[cInfo        ] BufferInfo::AddMesh(): NUM INDICES---------------[36]
2016-08-20 14:10:29:774[cInfo        ] BufferInfo::AddMesh(): VERT OFFSET---------------[0]
2016-08-20 14:10:29:775[cInfo        ] BufferInfo::AddMesh(): INDICES OFFSET (BYTES)----[0]
2016-08-20 14:10:29:776[cInfo        ] --------------------|  END BUFFER MESH INFO  |--------------------------------------
2016-08-20 14:10:29:777[cInfo        ] 

2016-08-20 14:10:29:779[cProcess     ] BufferManager::Initialize() successful.
2016-08-20 14:10:29:781[cInfo        ] 
-----------------------------------------------------------------------
 BufferInfo::CreateBuffers()[1] Created buffers:| VERTEX [11] with [1000000] bytes. || INDEX [12] with [1000000] bytes |
-----------------------------------------------------------------------

2016-08-20 14:10:29:784[cInfo        ] --------BufferInfo::AddMesh() Added mesh successfully-------
2016-08-20 14:10:29:785[cInfo        ] 
2016-08-20 14:10:29:786[cInfo        ] --------------------| START BUFFER MESH INFO |-------------------------------------
2016-08-20 14:10:29:787[cInfo        ] BufferInfo::AddMesh(): NUM VERTS-----------------[1536]
2016-08-20 14:10:29:788[cInfo        ] BufferInfo::AddMesh(): NUM INDICES---------------[3072]
2016-08-20 14:10:29:788[cInfo        ] BufferInfo::AddMesh(): VERT OFFSET---------------[0]
2016-08-20 14:10:29:792[cInfo        ] BufferInfo::AddMesh(): INDICES OFFSET (BYTES)----[0]
2016-08-20 14:10:29:793[cInfo        ] --------------------|  END BUFFER MESH INFO  |--------------------------------------
2016-08-20 14:10:29:794[cInfo        ] 

2016-08-20 14:10:29:795[cInfo        ] 
-----------------------------------------------------------------------
 BufferInfo::CreateBuffers()[0] Created buffers:| VERTEX [13] with [3936] bytes. || INDEX [14] with [0] bytes |
-----------------------------------------------------------------------

2016-08-20 14:10:29:798[cInfo        ] --------BufferInfo::AddMesh() Added mesh successfully-------
2016-08-20 14:10:29:800[cInfo        ] 
2016-08-20 14:10:29:801[cInfo        ] --------------------| START BUFFER MESH INFO |-------------------------------------
2016-08-20 14:10:29:802[cInfo        ] BufferInfo::AddMesh(): NUM VERTS-----------------[164]
2016-08-20 14:10:29:803[cInfo        ] BufferInfo::AddMesh(): NUM INDICES---------------[0]
2016-08-20 14:10:29:804[cInfo        ] BufferInfo::AddMesh(): VERT OFFSET---------------[0]
2016-08-20 14:10:29:805[cInfo        ] BufferInfo::AddMesh(): INDICES OFFSET (BYTES)----[0]
2016-08-20 14:10:29:805[cInfo        ] --------------------|  END BUFFER MESH INFO  |--------------------------------------
2016-08-20 14:10:29:807[cInfo        ] 

2016-08-20 14:10:29:808[cProcess     ] ShapeGenerator initialized successfully.
2016-08-20 14:10:29:808[cProcess     ] Camera::Initialize() successful.
2016-08-20 14:10:29:809[cProcess     ] Keyboard::Initialize() successful
2016-08-20 14:10:29:811[cProcess     ] Keyboard::Initialize() successful
2016-08-20 14:10:29:824[cInfo        ] 
-----------------------------------------------------------------------
 BufferInfo::CreateBuffers()[0] Created buffers:| VERTEX [15] with [10810368] bytes. || INDEX [16] with [0] bytes |
-----------------------------------------------------------------------

2016-08-20 14:10:29:852[cInfo        ] --------BufferInfo::AddMesh() Added mesh successfully-------
2016-08-20 14:10:29:854[cInfo        ] 
2016-08-20 14:10:29:855[cInfo        ] --------------------| START BUFFER MESH INFO |-------------------------------------
2016-08-20 14:10:29:856[cInfo        ] BufferInfo::AddMesh(): NUM VERTS-----------------[337824]
2016-08-20 14:10:29:857[cInfo        ] BufferInfo::AddMesh(): NUM INDICES---------------[0]
2016-08-20 14:10:29:858[cInfo        ] BufferInfo::AddMesh(): VERT OFFSET---------------[0]
2016-08-20 14:10:29:859[cInfo        ] BufferInfo::AddMesh(): INDICES OFFSET (BYTES)----[0]
2016-08-20 14:10:29:860[cInfo        ] --------------------|  END BUFFER MESH INFO  |--------------------------------------
2016-08-20 14:10:29:863[cInfo        ] 

2016-08-20 14:10:29:915[Info         ] ShapeGenerator::ReadSceneFile(): Added new scene [..\Data\Scenes\Dargon.ptn.scene] successfully.
2016-08-20 14:10:29:915[cInfo        ] EntityManager::BuildPlayerEntity(): Built [Dargon] successfully
2016-08-20 14:10:29:923[cProcess     ] BufferManager::Initialize() successful.
2016-08-20 14:10:29:927[cInfo        ] 
-----------------------------------------------------------------------
 BufferInfo::CreateBuffers()[2] Created buffers:| VERTEX [17] with [1000000] bytes. || INDEX [18] with [1000000] bytes |
-----------------------------------------------------------------------

2016-08-20 14:10:29:932[cInfo        ] --------BufferInfo::AddMesh() Added mesh successfully-------
2016-08-20 14:10:29:935[cInfo        ] 
2016-08-20 14:10:29:935[cInfo        ] --------------------| START BUFFER MESH INFO |-------------------------------------
2016-08-20 14:10:29:937[cInfo        ] BufferInfo::AddMesh(): NUM VERTS-----------------[36]
2016-08-20 14:10:29:938[cInfo        ] BufferInfo::AddMesh(): NUM INDICES---------------[0]
2016-08-20 14:10:29:939[cInfo        ] BufferInfo::AddMesh(): VERT OFFSET---------------[0]
2016-08-20 14:10:29:940[cInfo        ] BufferInfo::AddMesh(): INDICES OFFSET (BYTES)----[0]
2016-08-20 14:10:29:941[cInfo        ] --------------------|  END BUFFER MESH INFO  |--------------------------------------
2016-08-20 14:10:29:944[cInfo        ] 

2016-08-20 14:10:29:945[Info         ] ShapeGenerator::ReadSceneFile(): Added new scene [..\Data\Scenes\Cube.pn.scene] successfully.
2016-08-20 14:10:29:945[cInfo        ] --------BufferInfo::AddMesh() Added mesh successfully-------
2016-08-20 14:10:29:947[cInfo        ] 
2016-08-20 14:10:29:947[cInfo        ] --------------------| START BUFFER MESH INFO |-------------------------------------
2016-08-20 14:10:29:949[cInfo        ] BufferInfo::AddMesh(): NUM VERTS-----------------[18]
2016-08-20 14:10:29:950[cInfo        ] BufferInfo::AddMesh(): NUM INDICES---------------[0]
2016-08-20 14:10:29:951[cInfo        ] BufferInfo::AddMesh(): VERT OFFSET---------------[36]
2016-08-20 14:10:29:953[cInfo        ] BufferInfo::AddMesh(): INDICES OFFSET (BYTES)----[0]
2016-08-20 14:10:29:954[cInfo        ] --------------------|  END BUFFER MESH INFO  |--------------------------------------
2016-08-20 14:10:29:955[cInfo        ] 

2016-08-20 14:10:29:956[Info         ] ShapeGenerator::ReadSceneFile(): Added new scene [..\Data\Scenes\Pyramid.pn.scene] successfully.
2016-08-20 14:10:29:962[cInfo        ] 
-----------------------------------------------------------------------
 BufferInfo::CreateBuffers()[0] Created buffers:| VERTEX [19] with [5529600] bytes. || INDEX [20] with [0] bytes |
-----------------------------------------------------------------------

2016-08-20 14:10:29:980[cInfo        ] --------BufferInfo::AddMesh() Added mesh successfully-------
2016-08-20 14:10:29:982[cInfo        ] 
2016-08-20 14:10:29:983[cInfo        ] --------------------| START BUFFER MESH INFO |-------------------------------------
2016-08-20 14:10:29:984[cInfo        ] BufferInfo::AddMesh(): NUM VERTS-----------------[172800]
2016-08-20 14:10:29:986[cInfo        ] BufferInfo::AddMesh(): NUM INDICES---------------[0]
2016-08-20 14:10:29:987[cInfo        ] BufferInfo::AddMesh(): VERT OFFSET---------------[0]
2016-08-20 14:10:29:988[cInfo        ] BufferInfo::AddMesh(): INDICES OFFSET (BYTES)----[0]
2016-08-20 14:10:29:990[cInfo        ] --------------------|  END BUFFER MESH INFO  |--------------------------------------
2016-08-20 14:10:29:992[cInfo        ] 

2016-08-20 14:10:29:994[Info         ] ShapeGenerator::ReadSceneFile(): Added new scene [..\Data\Scenes\WaterPlane.ptn.scene] successfully.
2016-08-20 14:10:29:994[cProcess     ] Camera::Initialize() successful.
2016-08-20 14:10:30:003[cProcess     ] BufferManager::Initialize() successful.
2016-08-20 14:10:30:005[cInfo        ] 
-----------------------------------------------------------------------
 BufferInfo::CreateBuffers()[3] Created buffers:| VERTEX [21] with [8107776] bytes. || INDEX [22] with [0] bytes |
-----------------------------------------------------------------------

2016-08-20 14:10:30:026[cInfo        ] --------BufferInfo::AddMesh() Added mesh successfully-------
2016-08-20 14:10:30:027[cInfo        ] 
2016-08-20 14:10:30:029[cInfo        ] --------------------| START BUFFER MESH INFO |-------------------------------------
2016-08-20 14:10:30:031[cInfo        ] BufferInfo::AddMesh(): NUM VERTS-----------------[337824]
2016-08-20 14:10:30:033[cInfo        ] BufferInfo::AddMesh(): NUM INDICES---------------[0]
2016-08-20 14:10:30:033[cInfo        ] BufferInfo::AddMesh(): VERT OFFSET---------------[0]
2016-08-20 14:10:30:035[cInfo        ] BufferInfo::AddMesh(): INDICES OFFSET (BYTES)----[0]
2016-08-20 14:10:30:036[cInfo        ] --------------------|  END BUFFER MESH INFO  |--------------------------------------
2016-08-20 14:10:30:037[cInfo        ] 

2016-08-20 14:10:30:039[Info         ] ShapeGenerator::ReadSceneFile(): Added new scene [..\Data\Scenes\Dargon.pn.scene] successfully.
2016-08-20 14:10:30:040[cProcess     ] BufferManager::Initialize() successful.
2016-08-20 14:10:30:040[cInfo        ] 
-----------------------------------------------------------------------
 BufferInfo::CreateBuffers()[4] Created buffers:| VERTEX [23] with [1000000] bytes. || INDEX [24] with [1000000] bytes |
-----------------------------------------------------------------------

2016-08-20 14:10:30:044[cInfo        ] --------BufferInfo::AddMesh() Added mesh successfully-------
2016-08-20 14:10:30:045[cInfo        ] 
2016-08-20 14:10:30:046[cInfo        ] --------------------| START BUFFER MESH INFO |-------------------------------------
2016-08-20 14:10:30:049[cInfo        ] BufferInfo::AddMesh(): NUM VERTS-----------------[6]
2016-08-20 14:10:30:050[cInfo        ] BufferInfo::AddMesh(): NUM INDICES---------------[0]
2016-08-20 14:10:30:052[cInfo        ] BufferInfo::AddMesh(): VERT OFFSET---------------[0]
2016-08-20 14:10:30:053[cInfo        ] BufferInfo::AddMesh(): INDICES OFFSET (BYTES)----[0]
2016-08-20 14:10:30:055[cInfo        ] --------------------|  END BUFFER MESH INFO  |--------------------------------------
2016-08-20 14:10:30:058[cInfo        ] 

2016-08-20 14:10:30:059[cProcess     ] BodaciousQuest::Initialize() successful.
2016-08-20 14:10:30:060[Process      ] GameTime::Initialize() ok

2016-08-20 14:10:30:060[cProcess     ] MyWindow::Initialize() successful!
2016-08-20 14:11:32:371[cProcess     ] BufferManager::Shutdown() successful.
2016-08-20 14:11:32:372[cProcess     ] RenderEngine::Shutdown() successful.
2016-08-20 14:11:32:373[cProcess     ] Camera::Shutdown() successful.
2016-08-20 14:11:32:374[Info         ] Shader  [2] deleting...
2016-08-20 14:11:32:374[Info         ] Shader  [2] deleted successfully.
2016-08-20 14:11:32:375[Info         ] Shader  [3] deleting...
2016-08-20 14:11:32:375[Info         ] Shader  [3] deleted successfully.
2016-08-20 14:11:32:375[Info         ] All shaders deleted successfully.
2016-08-20 14:11:32:375[cInfo        ] Program [1] deleted successfully.
2016-08-20 14:11:32:376[Process      ] ShaderProgram[1]::Shutdown successful!
2016-08-20 14:11:32:376[Info         ] Shader  [5] deleting...
2016-08-20 14:11:32:376[Info         ] Shader  [5] deleted successfully.
2016-08-20 14:11:32:376[Info         ] Shader  [6] deleting...
2016-08-20 14:11:32:376[Info         ] Shader  [6] deleted successfully.
2016-08-20 14:11:32:376[Info         ] All shaders deleted successfully.
2016-08-20 14:11:32:376[cInfo        ] Program [4] deleted successfully.
2016-08-20 14:11:32:377[Process      ] ShaderProgram[4]::Shutdown successful!
2016-08-20 14:11:32:377[Info         ] Shader  [8] deleting...
2016-08-20 14:11:32:377[Info         ] Shader  [8] deleted successfully.
2016-08-20 14:11:32:377[Info         ] Shader  [9] deleting...
2016-08-20 14:11:32:377[Info         ] Shader  [9] deleted successfully.
2016-08-20 14:11:32:377[Info         ] All shaders deleted successfully.
2016-08-20 14:11:32:377[cInfo        ] Program [7] deleted successfully.
2016-08-20 14:11:32:378[Process      ] ShaderProgram[7]::Shutdown successful!
2016-08-20 14:11:32:378[Info         ] Shader  [11] deleting...
2016-08-20 14:11:32:378[Info         ] Shader  [11] deleted successfully.
2016-08-20 14:11:32:378[Info         ] Shader  [12] deleting...
2016-08-20 14:11:32:378[Info         ] Shader  [12] deleted successfully.
2016-08-20 14:11:32:378[Info         ] All shaders deleted successfully.
2016-08-20 14:11:32:378[cInfo        ] Program [10] deleted successfully.
2016-08-20 14:11:32:379[Process      ] ShaderProgram[10]::Shutdown successful!
2016-08-20 14:11:32:379[Info         ] Shader  [14] deleting...
2016-08-20 14:11:32:379[Info         ] Shader  [14] deleted successfully.
2016-08-20 14:11:32:379[Info         ] Shader  [15] deleting...
2016-08-20 14:11:32:379[Info         ] Shader  [15] deleted successfully.
2016-08-20 14:11:32:379[Info         ] All shaders deleted successfully.
2016-08-20 14:11:32:379[cInfo        ] Program [13] deleted successfully.
2016-08-20 14:11:32:381[Process      ] ShaderProgram[13]::Shutdown successful!
2016-08-20 14:11:32:381[Info         ] Shader  [17] deleting...
2016-08-20 14:11:32:381[Info         ] Shader  [17] deleted successfully.
2016-08-20 14:11:32:381[Info         ] Shader  [18] deleting...
2016-08-20 14:11:32:381[Info         ] Shader  [18] deleted successfully.
2016-08-20 14:11:32:382[Info         ] All shaders deleted successfully.
2016-08-20 14:11:32:382[cInfo        ] Program [16] deleted successfully.
2016-08-20 14:11:32:382[Process      ] ShaderProgram[16]::Shutdown successful!
2016-08-20 14:11:32:383[Info         ] Shader  [20] deleting...
2016-08-20 14:11:32:383[Info         ] Shader  [20] deleted successfully.
2016-08-20 14:11:32:383[Info         ] Shader  [21] deleting...
2016-08-20 14:11:32:383[Info         ] Shader  [21] deleted successfully.
2016-08-20 14:11:32:383[Info         ] All shaders deleted successfully.
2016-08-20 14:11:32:383[cInfo        ] Program [19] deleted successfully.
2016-08-20 14:11:32:383[Process      ] ShaderProgram[19]::Shutdown successful!
2016-08-20 14:11:32:383[cProcess     ] MyWindow::Shutdown() successful!
2016-08-20 14:11:32:384[cProcess     ] BodaciousQuest::Shutdown() successful.
2016-08-20 14:11:32:394[Process      ] ConfigReader shut down successfully
2016-08-20 14:11:32:394[Process      ] GameLogger::ShutDown() successful
