2016-08-21 15:05:56:270[Process      ] GameLogger::Initialize() opened log file [..\Data\LogFiles\2016-08-21 15-05-56.BodaciousQuest.log] for writing
2016-08-21 15:05:56:270[Info         ] GameLogger::Initialize() successful
2016-08-21 15:05:56:270[Process      ] ConfigReader opened [..\Data\BodaciousQuest.config] successfully
2016-08-21 15:05:56:270[Info         ] ConfigReader initialized successfully
2016-08-21 15:05:56:270[Info         ] Valid KVP [BodaciousQuest.ShowFullScreen] [false] added
2016-08-21 15:05:56:270[Info         ] Valid KVP [BodaciousQuest.FpsInterval] [5.0] added
2016-08-21 15:05:56:272[Info         ] Valid KVP [BodaciousQuest.EnableControls] [true] added
2016-08-21 15:05:56:272[Info         ] Valid KVP [BodaciousQuest.LoadCubeFirst] [true] added
2016-08-21 15:05:56:272[Info         ] Valid KVP [BodaciousQuest.CameraWalkMode] [false] added
2016-08-21 15:05:56:272[Info         ] Valid KVP [BodaciousQuest.GridSize] [40] added
2016-08-21 15:05:56:272[Info         ] Valid KVP [BodaciousQuest.LightingTest.Ambient.Color] [1.0  1.0  1.0] added
2016-08-21 15:05:56:272[Info         ] Valid KVP [BodaciousQuest.LightingTest.Diffuse.Color] [1.0  1.0  1.0] added
2016-08-21 15:05:56:272[Info         ] Valid KVP [BodaciousQuest.LightingTest.Specular.Color] [0.0  0.0  0.0] added
2016-08-21 15:05:56:272[Info         ] Valid KVP [BodaciousQuest.LightingTest.Ambient.Reflectivity] [0.01] added
2016-08-21 15:05:56:272[Info         ] Valid KVP [BodaciousQuest.LightingTest.Diffuse.Reflectivity] [0.8] added
2016-08-21 15:05:56:272[Info         ] Valid KVP [BodaciousQuest.LightingTest.Specular.Reflectivity] [0.5] added
2016-08-21 15:05:56:272[Info         ] Valid KVP [BodaciousQuest.LightingTest.Specular.Shininess] [1.0] added
2016-08-21 15:05:56:272[Info         ] Valid KVP [BodaciousQuest.LightingTest.Falloff.A] [1.0] added
2016-08-21 15:05:56:272[Info         ] Valid KVP [BodaciousQuest.LightingTest.Falloff.B] [0.01] added
2016-08-21 15:05:56:272[Info         ] Valid KVP [BodaciousQuest.LightingTest.Falloff.C] [0.0001] added
2016-08-21 15:05:56:272[Info         ] Valid KVP [BodaciousQuest.LightingTest.Directional] [false] added
2016-08-21 15:05:56:272[Info         ] Valid KVP [BodaciousQuest.LightingTest.Direction] [-1.0 0.0 1.0] added
2016-08-21 15:05:56:272[Info         ] Valid KVP [BodaciousQuest.LightingTest.Light.Position] [-0.875458 3.673020 1.043331] added
2016-08-21 15:05:56:272[Info         ] Valid KVP [BodaciousQuest.LightingTest.Dargon.Color] [1.0 1.0 0.4] added
2016-08-21 15:05:56:272[Info         ] Valid KVP [ObjConverter.Mode.VertexType] [pn] added
2016-08-21 15:05:56:272[Info         ] Valid KVP [ObjConverter.Mode.Analyze] [false] added
2016-08-21 15:05:56:272[Info         ] Valid KVP [ObjConverter.Model] [Dargon] added
2016-08-21 15:05:56:272[Info         ] Valid KVP [ObjConverter.Shader] [4] added
2016-08-21 15:05:56:272[Info         ] Valid KVP [ObjConverter.Color] [random] added
2016-08-21 15:05:56:273[Info         ] Valid KVP [ObjConverter.Obj.InputFileFolder] [..\\Data\\Objs\\] added
2016-08-21 15:05:56:273[Info         ] Valid KVP [ObjConverter.Scene.OutputFileFolder] [..\\Data\\Scenes\\] added
2016-08-21 15:05:56:273[Info         ] Valid KVP [ObjConverter.Model.Dargon.NumVerts] [57967] added
2016-08-21 15:05:56:273[Info         ] Valid KVP [ObjConverter.Model.Dargon.NumIndices] [337824] added
2016-08-21 15:05:56:273[Info         ] Valid KVP [ObjConverter.Model.Dargon.NumTexCoords] [60175] added
2016-08-21 15:05:56:273[Info         ] Valid KVP [ObjConverter.Model.Dargon.NumNormals] [337824] added
2016-08-21 15:05:56:273[Info         ] Valid KVP [ObjConverter.Model.Swamp.NumVerts] [2735] added
2016-08-21 15:05:56:273[Info         ] Valid KVP [ObjConverter.Model.Swamp.NumIndices] [8556] added
2016-08-21 15:05:56:273[Info         ] Valid KVP [ObjConverter.Model.Swamp.NumTexCoords] [3622] added
2016-08-21 15:05:56:273[Info         ] Valid KVP [ObjConverter.Model.Swamp.NumNormals] [5156] added
2016-08-21 15:05:56:273[Info         ] Valid KVP [ObjConverter.Model.Pyramid.NumVerts] [5] added
2016-08-21 15:05:56:273[Info         ] Valid KVP [ObjConverter.Model.Pyramid.NumIndices] [18] added
2016-08-21 15:05:56:273[Info         ] Valid KVP [ObjConverter.Model.Pyramid.NumTexCoords] [10] added
2016-08-21 15:05:56:273[Info         ] Valid KVP [ObjConverter.Model.Pyramid.NumNormals] [16] added
2016-08-21 15:05:56:273[Info         ] Valid KVP [ObjConverter.Model.AIWorld.NumVerts] [1957] added
2016-08-21 15:05:56:273[Info         ] Valid KVP [ObjConverter.Model.AIWorld.NumIndices] [8718] added
2016-08-21 15:05:56:273[Info         ] Valid KVP [ObjConverter.Model.AIWorld.NumTexCoords] [4186] added
2016-08-21 15:05:56:273[Info         ] Valid KVP [ObjConverter.Model.AIWorld.NumNormals] [5418] added
2016-08-21 15:05:56:273[Info         ] Valid KVP [ObjConverter.Model.GameWeapon.NumVerts] [2068] added
2016-08-21 15:05:56:273[Info         ] Valid KVP [ObjConverter.Model.GameWeapon.NumIndices] [9894] added
2016-08-21 15:05:56:273[Info         ] Valid KVP [ObjConverter.Model.GameWeapon.NumTexCoords] [0] added
2016-08-21 15:05:56:273[Info         ] Valid KVP [ObjConverter.Model.GameWeapon.NumNormals] [0] added
2016-08-21 15:05:56:273[Info         ] Valid KVP [ObjConverter.Model.Chicken.NumVerts] [224] added
2016-08-21 15:05:56:273[Info         ] Valid KVP [ObjConverter.Model.Chicken.NumIndices] [1374] added
2016-08-21 15:05:56:273[Info         ] Valid KVP [ObjConverter.Model.Chicken.NumTexCoords] [472] added
2016-08-21 15:05:56:273[Info         ] Valid KVP [ObjConverter.Model.Chicken.NumNormals] [565] added
2016-08-21 15:05:56:273[Info         ] Valid KVP [ObjConverter.Model.WaterPlane.NumVerts] [29282] added
2016-08-21 15:05:56:273[Info         ] Valid KVP [ObjConverter.Model.WaterPlane.NumIndices] [172800] added
2016-08-21 15:05:56:273[Info         ] Valid KVP [ObjConverter.Model.WaterPlane.NumTexCoords] [29282] added
2016-08-21 15:05:56:273[Info         ] Valid KVP [ObjConverter.Model.WaterPlane.NumNormals] [172800] added
2016-08-21 15:05:56:273[Info         ] Valid KVP [ObjConverter.Model.Cube.NumVerts] [8] added
2016-08-21 15:05:56:273[Info         ] Valid KVP [ObjConverter.Model.Cube.NumIndices] [36] added
2016-08-21 15:05:56:273[Info         ] Valid KVP [ObjConverter.Model.Cube.NumTexCoords] [14] added
2016-08-21 15:05:56:273[Info         ] Valid KVP [ObjConverter.Model.Cube.NumNormals] [24] added
2016-08-21 15:05:56:273[Info         ] Valid KVP [ObjConverter.Model.Barrel.NumVerts] [172] added
2016-08-21 15:05:56:273[Info         ] Valid KVP [ObjConverter.Model.Barrel.NumIndices] [1008] added
2016-08-21 15:05:56:273[Info         ] Valid KVP [ObjConverter.Model.Barrel.NumTexCoords] [328] added
2016-08-21 15:05:56:273[Info         ] Valid KVP [ObjConverter.Model.Barrel.NumNormals] [204] added
2016-08-21 15:05:56:273[Info         ] Valid KVP [ObjConverter.Model.SkyBox.NumVerts] [8] added
2016-08-21 15:05:56:273[Info         ] Valid KVP [ObjConverter.Model.SkyBox.NumIndices] [36] added
2016-08-21 15:05:56:273[Info         ] Valid KVP [ObjConverter.Model.SkyBox.NumTexCoords] [18] added
2016-08-21 15:05:56:273[Info         ] Valid KVP [ObjConverter.Model.SkyBox.NumNormals] [24] added
2016-08-21 15:05:56:339[cInfo        ] Config reader opened [..\Data\BodaciousQuest.config] for reading!
2016-08-21 15:05:56:434[Process      ] ShaderManager Initialized successfully
2016-08-21 15:05:56:434[Info         ] Shader Init started
2016-08-21 15:05:56:434[Info         ] Shader Program created.
2016-08-21 15:05:56:434[Process      ] ShaderProgram::Initialize()[1] successful!
2016-08-21 15:05:56:434[Debug        ] File [..\Data\shaders\debug.vert.shader] Opened successfully! Buffer Length:[291]
2016-08-21 15:05:56:435[Debug        ] Shader file [..\Data\shaders\debug.vert.shader] contents:
//BEGIN
#version 430 core

layout(location = 0)  in vec3 vPosition;

layout(location = 15) uniform vec3 colorin;
layout(location = 16) uniform mat4 MAT;

out vec4 color;

void main()
{
	vec4 vertPos = vec4(vPosition, 1.0);
	gl_Position = MAT *  vertPos;
	color = vec4(colorin, 1.0);
}
//END

2016-08-21 15:05:56:435[Debug        ]  ShaderProgram::AddShader() file with data was read in
2016-08-21 15:05:56:435[Debug        ] ShaderProgram::AddShader() : glShaderSource() successful
2016-08-21 15:05:56:435[Debug        ] ShaderProgram::AddShader() : glCompileShader() successful
2016-08-21 15:05:56:435[Info         ] ShaderProgram::CheckShaderCompileStatus(2) successful.
2016-08-21 15:05:56:435[Debug        ] ShaderProgram::AddShader() : glCompileShader() successful
2016-08-21 15:05:56:435[Info         ] ShaderInfo saved successfully.
2016-08-21 15:05:56:435[Debug        ] ShaderProgram::AddShader() : glAttachShader() successful
2016-08-21 15:05:56:435[Info         ] ShaderProgram::AddShader [2] successful.
2016-08-21 15:05:56:435[Debug        ] File [..\Data\shaders\debug.frag.shader] Opened successfully! Buffer Length:[104]
2016-08-21 15:05:56:435[Debug        ] Shader file [..\Data\shaders\debug.frag.shader] contents:
//BEGIN
#version 430 core


in  vec4 color;
out vec4 outColor;

void main()
{
	outColor = color;
}


//END

2016-08-21 15:05:56:435[Debug        ]  ShaderProgram::AddShader() file with data was read in
2016-08-21 15:05:56:435[Debug        ] ShaderProgram::AddShader() : glShaderSource() successful
2016-08-21 15:05:56:435[Debug        ] ShaderProgram::AddShader() : glCompileShader() successful
2016-08-21 15:05:56:435[Info         ] ShaderProgram::CheckShaderCompileStatus(3) successful.
2016-08-21 15:05:56:435[Debug        ] ShaderProgram::AddShader() : glCompileShader() successful
2016-08-21 15:05:56:435[Info         ] ShaderInfo saved successfully.
2016-08-21 15:05:56:435[Debug        ] ShaderProgram::AddShader() : glAttachShader() successful
2016-08-21 15:05:56:435[Info         ] ShaderProgram::AddShader [3] successful.
2016-08-21 15:05:56:437[Info         ] CheckProgramStatus() successful!
2016-08-21 15:05:56:437[Info         ] CheckProgramStatus() successful!
2016-08-21 15:05:56:437[Info         ] Shader Init started
2016-08-21 15:05:56:437[Info         ] Shader Program created.
2016-08-21 15:05:56:437[Process      ] ShaderProgram::Initialize()[4] successful!
2016-08-21 15:05:56:437[Debug        ] File [..\Data\shaders\play.vert.shader] Opened successfully! Buffer Length:[343]
2016-08-21 15:05:56:437[Debug        ] Shader file [..\Data\shaders\play.vert.shader] contents:
//BEGIN
#version 430 core

layout (location = 0)  in vec3 vPosition;
layout (location = 1)  in vec3 vColor;
layout (location = 15) uniform vec3 colorin;
layout (location = 16) uniform mat4 MAT;

out vec4 color;

void main()
{
	vec4 vertPos = vec4(vPosition, 1.0);
	gl_Position = MAT *  vertPos;
	color = vec4((vColor + colorin), 1.0);
}
//END

2016-08-21 15:05:56:437[Debug        ]  ShaderProgram::AddShader() file with data was read in
2016-08-21 15:05:56:437[Debug        ] ShaderProgram::AddShader() : glShaderSource() successful
2016-08-21 15:05:56:437[Debug        ] ShaderProgram::AddShader() : glCompileShader() successful
2016-08-21 15:05:56:437[Info         ] ShaderProgram::CheckShaderCompileStatus(5) successful.
2016-08-21 15:05:56:437[Debug        ] ShaderProgram::AddShader() : glCompileShader() successful
2016-08-21 15:05:56:437[Info         ] ShaderInfo saved successfully.
2016-08-21 15:05:56:437[Debug        ] ShaderProgram::AddShader() : glAttachShader() successful
2016-08-21 15:05:56:437[Info         ] ShaderProgram::AddShader [5] successful.
2016-08-21 15:05:56:437[Debug        ] File [..\Data\shaders\play.frag.shader] Opened successfully! Buffer Length:[391]
2016-08-21 15:05:56:437[Debug        ] Shader file [..\Data\shaders\play.frag.shader] contents:
//BEGIN
#version 430 core


in  vec4 color;
out vec4 outColor;

void main()
{

	//if (color.r < .7) discard;
	outColor = color;

	//if(((gl_FragCoord.x  > 600)&& (gl_FragCoord.y < 300)) || ((gl_FragCoord.y < 300)  && (gl_FragCoord.x  < 600) )) {
	//discard;
	//}

	//vec2 scrPos = vec2(gl_FragCoord) - vec2(350,150);
	//float len =  length(scrPos);
	//if(len < 50 )discard;
}


//END

2016-08-21 15:05:56:437[Debug        ]  ShaderProgram::AddShader() file with data was read in
2016-08-21 15:05:56:437[Debug        ] ShaderProgram::AddShader() : glShaderSource() successful
2016-08-21 15:05:56:437[Debug        ] ShaderProgram::AddShader() : glCompileShader() successful
2016-08-21 15:05:56:437[Info         ] ShaderProgram::CheckShaderCompileStatus(6) successful.
2016-08-21 15:05:56:437[Debug        ] ShaderProgram::AddShader() : glCompileShader() successful
2016-08-21 15:05:56:437[Info         ] ShaderInfo saved successfully.
2016-08-21 15:05:56:437[Debug        ] ShaderProgram::AddShader() : glAttachShader() successful
2016-08-21 15:05:56:437[Info         ] ShaderProgram::AddShader [6] successful.
2016-08-21 15:05:56:438[Info         ] CheckProgramStatus() successful!
2016-08-21 15:05:56:438[Info         ] CheckProgramStatus() successful!
2016-08-21 15:05:56:438[Info         ] Shader Init started
2016-08-21 15:05:56:438[Info         ] Shader Program created.
2016-08-21 15:05:56:438[Process      ] ShaderProgram::Initialize()[7] successful!
2016-08-21 15:05:56:439[Debug        ] File [..\Data\shaders\texture.vert.shader] Opened successfully! Buffer Length:[305]
2016-08-21 15:05:56:439[Debug        ] Shader file [..\Data\shaders\texture.vert.shader] contents:
//BEGIN
#version 430 core

layout (location = 0)  in vec3 vPosition;
layout (location = 1)  in vec2 vUV;

layout (location = 16) uniform mat4 MAT;

//out data
out vec2 UV;

//out vec4 color;

void main()
{
	vec4 vertPos = vec4(vPosition, 1.0);
	gl_Position = MAT *  vertPos;

	UV = vUV;
	
	
}
//END

2016-08-21 15:05:56:439[Debug        ]  ShaderProgram::AddShader() file with data was read in
2016-08-21 15:05:56:439[Debug        ] ShaderProgram::AddShader() : glShaderSource() successful
2016-08-21 15:05:56:439[Debug        ] ShaderProgram::AddShader() : glCompileShader() successful
2016-08-21 15:05:56:439[Info         ] ShaderProgram::CheckShaderCompileStatus(8) successful.
2016-08-21 15:05:56:439[Debug        ] ShaderProgram::AddShader() : glCompileShader() successful
2016-08-21 15:05:56:439[Info         ] ShaderInfo saved successfully.
2016-08-21 15:05:56:439[Debug        ] ShaderProgram::AddShader() : glAttachShader() successful
2016-08-21 15:05:56:439[Info         ] ShaderProgram::AddShader [8] successful.
2016-08-21 15:05:56:439[Debug        ] File [..\Data\shaders\texture.frag.shader] Opened successfully! Buffer Length:[482]
2016-08-21 15:05:56:439[Debug        ] Shader file [..\Data\shaders\texture.frag.shader] contents:
//BEGIN
#version 430 core


in  vec2 UV;
out vec4 outColor;

layout(location = 20) uniform sampler2D textureSampler;

void main()
{

	//if (color.r < .7) discard;
	outColor = vec4(texture(textureSampler, UV).rgb, 1.0);

	//if(((gl_FragCoord.x  > 600)&& (gl_FragCoord.y < 300)) || ((gl_FragCoord.y < 300)  && (gl_FragCoord.x  < 600) )) {
	//discard;
	//}
	//vec2 scrPos = vec2(gl_FragCoord) - vec2(350,150);
	//float len =  length(scrPos);
	//if(len < 50 )discard;
}


//END

2016-08-21 15:05:56:439[Debug        ]  ShaderProgram::AddShader() file with data was read in
2016-08-21 15:05:56:439[Debug        ] ShaderProgram::AddShader() : glShaderSource() successful
2016-08-21 15:05:56:439[Debug        ] ShaderProgram::AddShader() : glCompileShader() successful
2016-08-21 15:05:56:439[Info         ] ShaderProgram::CheckShaderCompileStatus(9) successful.
2016-08-21 15:05:56:439[Debug        ] ShaderProgram::AddShader() : glCompileShader() successful
2016-08-21 15:05:56:439[Info         ] ShaderInfo saved successfully.
2016-08-21 15:05:56:439[Debug        ] ShaderProgram::AddShader() : glAttachShader() successful
2016-08-21 15:05:56:439[Info         ] ShaderProgram::AddShader [9] successful.
2016-08-21 15:05:56:440[Info         ] CheckProgramStatus() successful!
2016-08-21 15:05:56:441[Info         ] CheckProgramStatus() successful!
2016-08-21 15:05:56:441[Info         ] Shader Init started
2016-08-21 15:05:56:441[Info         ] Shader Program created.
2016-08-21 15:05:56:441[Process      ] ShaderProgram::Initialize()[10] successful!
2016-08-21 15:05:56:441[Debug        ] File [..\Data\shaders\framebuffer.vert.shader] Opened successfully! Buffer Length:[305]
2016-08-21 15:05:56:441[Debug        ] Shader file [..\Data\shaders\framebuffer.vert.shader] contents:
//BEGIN
#version 430 core

layout (location = 0)  in vec3 vPosition;
layout (location = 1)  in vec2 vUV;

layout (location = 16) uniform mat4 MAT;

//out data
out vec2 UV;

//out vec4 color;

void main()
{
	vec4 vertPos = vec4(vPosition, 1.0);
	gl_Position = MAT *  vertPos;

	UV = vUV;
	
	
}
//END

2016-08-21 15:05:56:441[Debug        ]  ShaderProgram::AddShader() file with data was read in
2016-08-21 15:05:56:441[Debug        ] ShaderProgram::AddShader() : glShaderSource() successful
2016-08-21 15:05:56:441[Debug        ] ShaderProgram::AddShader() : glCompileShader() successful
2016-08-21 15:05:56:441[Info         ] ShaderProgram::CheckShaderCompileStatus(11) successful.
2016-08-21 15:05:56:441[Debug        ] ShaderProgram::AddShader() : glCompileShader() successful
2016-08-21 15:05:56:441[Info         ] ShaderInfo saved successfully.
2016-08-21 15:05:56:441[Debug        ] ShaderProgram::AddShader() : glAttachShader() successful
2016-08-21 15:05:56:441[Info         ] ShaderProgram::AddShader [11] successful.
2016-08-21 15:05:56:441[Debug        ] File [..\Data\shaders\framebuffer.frag.shader] Opened successfully! Buffer Length:[275]
2016-08-21 15:05:56:441[Debug        ] Shader file [..\Data\shaders\framebuffer.frag.shader] contents:
//BEGIN
#version 430 core


in  vec2 UV;
out vec4 outColor;

layout(location = 20) uniform sampler2D textureSampler;

void main()
{


	vec3 tempCol = texture(textureSampler, UV).rgb;

	outColor = vec4(tempCol.r / 1.5f, tempCol.g / 1.5f, tempCol.b / 1.5f, 1.0f);
}


//END

2016-08-21 15:05:56:441[Debug        ]  ShaderProgram::AddShader() file with data was read in
2016-08-21 15:05:56:441[Debug        ] ShaderProgram::AddShader() : glShaderSource() successful
2016-08-21 15:05:56:441[Debug        ] ShaderProgram::AddShader() : glCompileShader() successful
2016-08-21 15:05:56:441[Info         ] ShaderProgram::CheckShaderCompileStatus(12) successful.
2016-08-21 15:05:56:441[Debug        ] ShaderProgram::AddShader() : glCompileShader() successful
2016-08-21 15:05:56:441[Info         ] ShaderInfo saved successfully.
2016-08-21 15:05:56:441[Debug        ] ShaderProgram::AddShader() : glAttachShader() successful
2016-08-21 15:05:56:441[Info         ] ShaderProgram::AddShader [12] successful.
2016-08-21 15:05:56:443[Info         ] CheckProgramStatus() successful!
2016-08-21 15:05:56:443[Info         ] CheckProgramStatus() successful!
2016-08-21 15:05:56:443[Info         ] Shader Init started
2016-08-21 15:05:56:443[Info         ] Shader Program created.
2016-08-21 15:05:56:443[Process      ] ShaderProgram::Initialize()[13] successful!
2016-08-21 15:05:56:443[Debug        ] File [..\Data\shaders\lighting.vert.shader] Opened successfully! Buffer Length:[1145]
2016-08-21 15:05:56:443[cDebug       ] Shader file [..\Data\shaders\lighting.vert.shader] is too big to display contents.
2016-08-21 15:05:56:445[Debug        ]  ShaderProgram::AddShader() file with data was read in
2016-08-21 15:05:56:445[Debug        ] ShaderProgram::AddShader() : glShaderSource() successful
2016-08-21 15:05:56:445[Debug        ] ShaderProgram::AddShader() : glCompileShader() successful
2016-08-21 15:05:56:445[Info         ] ShaderProgram::CheckShaderCompileStatus(14) successful.
2016-08-21 15:05:56:445[Debug        ] ShaderProgram::AddShader() : glCompileShader() successful
2016-08-21 15:05:56:445[Info         ] ShaderInfo saved successfully.
2016-08-21 15:05:56:445[Debug        ] ShaderProgram::AddShader() : glAttachShader() successful
2016-08-21 15:05:56:445[Info         ] ShaderProgram::AddShader [14] successful.
2016-08-21 15:05:56:445[Debug        ] File [..\Data\shaders\lighting.frag.shader] Opened successfully! Buffer Length:[1744]
2016-08-21 15:05:56:445[cDebug       ] Shader file [..\Data\shaders\lighting.frag.shader] is too big to display contents.
2016-08-21 15:05:56:447[Debug        ]  ShaderProgram::AddShader() file with data was read in
2016-08-21 15:05:56:447[Debug        ] ShaderProgram::AddShader() : glShaderSource() successful
2016-08-21 15:05:56:448[Debug        ] ShaderProgram::AddShader() : glCompileShader() successful
2016-08-21 15:05:56:448[Info         ] ShaderProgram::CheckShaderCompileStatus(15) successful.
2016-08-21 15:05:56:448[Debug        ] ShaderProgram::AddShader() : glCompileShader() successful
2016-08-21 15:05:56:448[Info         ] ShaderInfo saved successfully.
2016-08-21 15:05:56:448[Debug        ] ShaderProgram::AddShader() : glAttachShader() successful
2016-08-21 15:05:56:448[Info         ] ShaderProgram::AddShader [15] successful.
2016-08-21 15:05:56:452[Info         ] CheckProgramStatus() successful!
2016-08-21 15:05:56:452[Info         ] CheckProgramStatus() successful!
2016-08-21 15:05:56:452[Info         ] Shader Init started
2016-08-21 15:05:56:452[Info         ] Shader Program created.
2016-08-21 15:05:56:452[Process      ] ShaderProgram::Initialize()[16] successful!
2016-08-21 15:05:56:452[Debug        ] File [..\Data\shaders\texlighting.vert.shader] Opened successfully! Buffer Length:[1110]
2016-08-21 15:05:56:452[cDebug       ] Shader file [..\Data\shaders\texlighting.vert.shader] is too big to display contents.
2016-08-21 15:05:56:454[Debug        ]  ShaderProgram::AddShader() file with data was read in
2016-08-21 15:05:56:454[Debug        ] ShaderProgram::AddShader() : glShaderSource() successful
2016-08-21 15:05:56:454[Debug        ] ShaderProgram::AddShader() : glCompileShader() successful
2016-08-21 15:05:56:454[Info         ] ShaderProgram::CheckShaderCompileStatus(17) successful.
2016-08-21 15:05:56:454[Debug        ] ShaderProgram::AddShader() : glCompileShader() successful
2016-08-21 15:05:56:454[Info         ] ShaderInfo saved successfully.
2016-08-21 15:05:56:454[Debug        ] ShaderProgram::AddShader() : glAttachShader() successful
2016-08-21 15:05:56:454[Info         ] ShaderProgram::AddShader [17] successful.
2016-08-21 15:05:56:454[Debug        ] File [..\Data\shaders\texlighting.frag.shader] Opened successfully! Buffer Length:[1717]
2016-08-21 15:05:56:455[cDebug       ] Shader file [..\Data\shaders\texlighting.frag.shader] is too big to display contents.
2016-08-21 15:05:56:456[Debug        ]  ShaderProgram::AddShader() file with data was read in
2016-08-21 15:05:56:456[Debug        ] ShaderProgram::AddShader() : glShaderSource() successful
2016-08-21 15:05:56:457[Debug        ] ShaderProgram::AddShader() : glCompileShader() successful
2016-08-21 15:05:56:457[Info         ] ShaderProgram::CheckShaderCompileStatus(18) successful.
2016-08-21 15:05:56:457[Debug        ] ShaderProgram::AddShader() : glCompileShader() successful
2016-08-21 15:05:56:457[Info         ] ShaderInfo saved successfully.
2016-08-21 15:05:56:457[Debug        ] ShaderProgram::AddShader() : glAttachShader() successful
2016-08-21 15:05:56:457[Info         ] ShaderProgram::AddShader [18] successful.
2016-08-21 15:05:56:460[Info         ] CheckProgramStatus() successful!
2016-08-21 15:05:56:460[Info         ] CheckProgramStatus() successful!
2016-08-21 15:05:56:460[Info         ] Shader Init started
2016-08-21 15:05:56:460[Info         ] Shader Program created.
2016-08-21 15:05:56:460[Process      ] ShaderProgram::Initialize()[19] successful!
2016-08-21 15:05:56:460[Debug        ] File [..\Data\shaders\water.vert.shader] Opened successfully! Buffer Length:[1400]
2016-08-21 15:05:56:460[cDebug       ] Shader file [..\Data\shaders\water.vert.shader] is too big to display contents.
2016-08-21 15:05:56:461[Debug        ]  ShaderProgram::AddShader() file with data was read in
2016-08-21 15:05:56:461[Debug        ] ShaderProgram::AddShader() : glShaderSource() successful
2016-08-21 15:05:56:462[Debug        ] ShaderProgram::AddShader() : glCompileShader() successful
2016-08-21 15:05:56:462[Info         ] ShaderProgram::CheckShaderCompileStatus(20) successful.
2016-08-21 15:05:56:462[Debug        ] ShaderProgram::AddShader() : glCompileShader() successful
2016-08-21 15:05:56:462[Info         ] ShaderInfo saved successfully.
2016-08-21 15:05:56:462[Debug        ] ShaderProgram::AddShader() : glAttachShader() successful
2016-08-21 15:05:56:462[Info         ] ShaderProgram::AddShader [20] successful.
2016-08-21 15:05:56:462[Debug        ] File [..\Data\shaders\water.frag.shader] Opened successfully! Buffer Length:[2436]
2016-08-21 15:05:56:462[cDebug       ] Shader file [..\Data\shaders\water.frag.shader] is too big to display contents.
2016-08-21 15:05:56:463[Debug        ]  ShaderProgram::AddShader() file with data was read in
2016-08-21 15:05:56:464[Debug        ] ShaderProgram::AddShader() : glShaderSource() successful
2016-08-21 15:05:56:464[Debug        ] ShaderProgram::AddShader() : glCompileShader() successful
2016-08-21 15:05:56:464[Info         ] ShaderProgram::CheckShaderCompileStatus(21) successful.
2016-08-21 15:05:56:464[Debug        ] ShaderProgram::AddShader() : glCompileShader() successful
2016-08-21 15:05:56:464[Info         ] ShaderInfo saved successfully.
2016-08-21 15:05:56:464[Debug        ] ShaderProgram::AddShader() : glAttachShader() successful
2016-08-21 15:05:56:464[Info         ] ShaderProgram::AddShader [21] successful.
2016-08-21 15:05:56:468[Info         ] CheckProgramStatus() successful!
2016-08-21 15:05:56:468[Info         ] CheckProgramStatus() successful!
2016-08-21 15:05:56:468[Info         ] GetAttribLocation [vPosition] successful.
2016-08-21 15:05:56:468[Info         ] GetUniformLocation [colorin] successful.
2016-08-21 15:05:56:468[Info         ] GetUniformLocation [MAT] successful.
2016-08-21 15:05:56:468[cProcess     ] RenderEngine::Initialize() successful.
2016-08-21 15:05:56:469[cInfo        ] 
-----------------------------------------------------------------------
 BufferInfo::CreateBuffers()[0] Created buffers:| VERTEX [1] with [80] bytes. || INDEX [2] with [24] bytes |
-----------------------------------------------------------------------

2016-08-21 15:05:56:475[cInfo        ] --------BufferInfo::AddMesh() Added mesh successfully-------
2016-08-21 15:05:56:476[cInfo        ] 
2016-08-21 15:05:56:476[cInfo        ] --------------------| START BUFFER MESH INFO |-------------------------------------
2016-08-21 15:05:56:478[cInfo        ] BufferInfo::AddMesh(): NUM VERTS-----------------[4]
2016-08-21 15:05:56:479[cInfo        ] BufferInfo::AddMesh(): NUM INDICES---------------[6]
2016-08-21 15:05:56:480[cInfo        ] BufferInfo::AddMesh(): VERT OFFSET---------------[0]
2016-08-21 15:05:56:484[cInfo        ] BufferInfo::AddMesh(): INDICES OFFSET (BYTES)----[0]
2016-08-21 15:05:56:485[cInfo        ] --------------------|  END BUFFER MESH INFO  |--------------------------------------
2016-08-21 15:05:56:487[cInfo        ] 

2016-08-21 15:05:56:487[cInfo        ] 
-----------------------------------------------------------------------
 BufferInfo::CreateBuffers()[0] Created buffers:| VERTEX [3] with [96] bytes. || INDEX [4] with [48] bytes |
-----------------------------------------------------------------------

2016-08-21 15:05:56:490[cInfo        ] --------BufferInfo::AddMesh() Added mesh successfully-------
2016-08-21 15:05:56:491[cInfo        ] 
2016-08-21 15:05:56:492[cInfo        ] --------------------| START BUFFER MESH INFO |-------------------------------------
2016-08-21 15:05:56:494[cInfo        ] BufferInfo::AddMesh(): NUM VERTS-----------------[8]
2016-08-21 15:05:56:495[cInfo        ] BufferInfo::AddMesh(): NUM INDICES---------------[24]
2016-08-21 15:05:56:495[cInfo        ] BufferInfo::AddMesh(): VERT OFFSET---------------[0]
2016-08-21 15:05:56:496[cInfo        ] BufferInfo::AddMesh(): INDICES OFFSET (BYTES)----[0]
2016-08-21 15:05:56:497[cInfo        ] --------------------|  END BUFFER MESH INFO  |--------------------------------------
2016-08-21 15:05:56:498[cInfo        ] 

2016-08-21 15:05:56:499[cInfo        ] 
-----------------------------------------------------------------------
 BufferInfo::CreateBuffers()[0] Created buffers:| VERTEX [5] with [864] bytes. || INDEX [6] with [0] bytes |
-----------------------------------------------------------------------

2016-08-21 15:05:56:504[cInfo        ] --------BufferInfo::AddMesh() Added mesh successfully-------
2016-08-21 15:05:56:505[cInfo        ] 
2016-08-21 15:05:56:505[cInfo        ] --------------------| START BUFFER MESH INFO |-------------------------------------
2016-08-21 15:05:56:506[cInfo        ] BufferInfo::AddMesh(): NUM VERTS-----------------[36]
2016-08-21 15:05:56:507[cInfo        ] BufferInfo::AddMesh(): NUM INDICES---------------[0]
2016-08-21 15:05:56:508[cInfo        ] BufferInfo::AddMesh(): VERT OFFSET---------------[0]
2016-08-21 15:05:56:508[cInfo        ] BufferInfo::AddMesh(): INDICES OFFSET (BYTES)----[0]
2016-08-21 15:05:56:509[cInfo        ] --------------------|  END BUFFER MESH INFO  |--------------------------------------
2016-08-21 15:05:56:510[cInfo        ] 

2016-08-21 15:05:56:511[cInfo        ] 
-----------------------------------------------------------------------
 BufferInfo::CreateBuffers()[0] Created buffers:| VERTEX [7] with [144] bytes. || INDEX [8] with [0] bytes |
-----------------------------------------------------------------------

2016-08-21 15:05:56:516[cInfo        ] --------BufferInfo::AddMesh() Added mesh successfully-------
2016-08-21 15:05:56:517[cInfo        ] 
2016-08-21 15:05:56:517[cInfo        ] --------------------| START BUFFER MESH INFO |-------------------------------------
2016-08-21 15:05:56:518[cInfo        ] BufferInfo::AddMesh(): NUM VERTS-----------------[6]
2016-08-21 15:05:56:519[cInfo        ] BufferInfo::AddMesh(): NUM INDICES---------------[0]
2016-08-21 15:05:56:520[cInfo        ] BufferInfo::AddMesh(): VERT OFFSET---------------[0]
2016-08-21 15:05:56:520[cInfo        ] BufferInfo::AddMesh(): INDICES OFFSET (BYTES)----[0]
2016-08-21 15:05:56:521[cInfo        ] --------------------|  END BUFFER MESH INFO  |--------------------------------------
2016-08-21 15:05:56:523[cInfo        ] 

2016-08-21 15:05:56:524[Process      ] BufferInfo::Initialize() successful.
2016-08-21 15:05:56:524[cInfo        ] 
-----------------------------------------------------------------------
 BufferInfo::CreateBuffers()[0] Created buffers:| VERTEX [9] with [1000000] bytes. || INDEX [10] with [1000000] bytes |
-----------------------------------------------------------------------

2016-08-21 15:05:56:529[cInfo        ] --------BufferInfo::AddMesh() Added mesh successfully-------
2016-08-21 15:05:56:529[cInfo        ] 
2016-08-21 15:05:56:530[cInfo        ] --------------------| START BUFFER MESH INFO |-------------------------------------
2016-08-21 15:05:56:531[cInfo        ] BufferInfo::AddMesh(): NUM VERTS-----------------[24]
2016-08-21 15:05:56:532[cInfo        ] BufferInfo::AddMesh(): NUM INDICES---------------[36]
2016-08-21 15:05:56:535[cInfo        ] BufferInfo::AddMesh(): VERT OFFSET---------------[0]
2016-08-21 15:05:56:536[cInfo        ] BufferInfo::AddMesh(): INDICES OFFSET (BYTES)----[0]
2016-08-21 15:05:56:536[cInfo        ] --------------------|  END BUFFER MESH INFO  |--------------------------------------
2016-08-21 15:05:56:537[cInfo        ] 

2016-08-21 15:05:56:539[Process      ] BufferInfo::Initialize() successful.
2016-08-21 15:05:56:539[cInfo        ] 
-----------------------------------------------------------------------
 BufferInfo::CreateBuffers()[1] Created buffers:| VERTEX [11] with [1000000] bytes. || INDEX [12] with [1000000] bytes |
-----------------------------------------------------------------------

2016-08-21 15:05:56:542[cInfo        ] --------BufferInfo::AddMesh() Added mesh successfully-------
2016-08-21 15:05:56:544[cInfo        ] 
2016-08-21 15:05:56:545[cInfo        ] --------------------| START BUFFER MESH INFO |-------------------------------------
2016-08-21 15:05:56:546[cInfo        ] BufferInfo::AddMesh(): NUM VERTS-----------------[1536]
2016-08-21 15:05:56:547[cInfo        ] BufferInfo::AddMesh(): NUM INDICES---------------[3072]
2016-08-21 15:05:56:548[cInfo        ] BufferInfo::AddMesh(): VERT OFFSET---------------[0]
2016-08-21 15:05:56:549[cInfo        ] BufferInfo::AddMesh(): INDICES OFFSET (BYTES)----[0]
2016-08-21 15:05:56:550[cInfo        ] --------------------|  END BUFFER MESH INFO  |--------------------------------------
2016-08-21 15:05:56:551[cInfo        ] 

2016-08-21 15:05:56:551[cInfo        ] 
-----------------------------------------------------------------------
 BufferInfo::CreateBuffers()[0] Created buffers:| VERTEX [13] with [3936] bytes. || INDEX [14] with [0] bytes |
-----------------------------------------------------------------------

2016-08-21 15:05:56:556[cInfo        ] --------BufferInfo::AddMesh() Added mesh successfully-------
2016-08-21 15:05:56:557[cInfo        ] 
2016-08-21 15:05:56:557[cInfo        ] --------------------| START BUFFER MESH INFO |-------------------------------------
2016-08-21 15:05:56:558[cInfo        ] BufferInfo::AddMesh(): NUM VERTS-----------------[164]
2016-08-21 15:05:56:559[cInfo        ] BufferInfo::AddMesh(): NUM INDICES---------------[0]
2016-08-21 15:05:56:559[cInfo        ] BufferInfo::AddMesh(): VERT OFFSET---------------[0]
2016-08-21 15:05:56:560[cInfo        ] BufferInfo::AddMesh(): INDICES OFFSET (BYTES)----[0]
2016-08-21 15:05:56:561[cInfo        ] --------------------|  END BUFFER MESH INFO  |--------------------------------------
2016-08-21 15:05:56:562[cInfo        ] 

2016-08-21 15:05:56:562[cProcess     ] ShapeGenerator initialized successfully.
2016-08-21 15:05:56:565[cProcess     ] Camera::Initialize() successful.
2016-08-21 15:05:56:566[cProcess     ] Keyboard::Initialize() successful
2016-08-21 15:05:56:567[cProcess     ] Keyboard::Initialize() successful
2016-08-21 15:05:56:580[cInfo        ] 
-----------------------------------------------------------------------
 BufferInfo::CreateBuffers()[0] Created buffers:| VERTEX [15] with [10810368] bytes. || INDEX [16] with [0] bytes |
-----------------------------------------------------------------------

2016-08-21 15:05:56:594[cInfo        ] --------BufferInfo::AddMesh() Added mesh successfully-------
2016-08-21 15:05:56:595[cInfo        ] 
2016-08-21 15:05:56:596[cInfo        ] --------------------| START BUFFER MESH INFO |-------------------------------------
2016-08-21 15:05:56:597[cInfo        ] BufferInfo::AddMesh(): NUM VERTS-----------------[337824]
2016-08-21 15:05:56:598[cInfo        ] BufferInfo::AddMesh(): NUM INDICES---------------[0]
2016-08-21 15:05:56:600[cInfo        ] BufferInfo::AddMesh(): VERT OFFSET---------------[0]
2016-08-21 15:05:56:601[cInfo        ] BufferInfo::AddMesh(): INDICES OFFSET (BYTES)----[0]
2016-08-21 15:05:56:602[cInfo        ] --------------------|  END BUFFER MESH INFO  |--------------------------------------
2016-08-21 15:05:56:606[cInfo        ] 

2016-08-21 15:05:56:637[Info         ] ShapeGenerator::ReadSceneFile(): Added new scene [..\Data\Scenes\Dargon.ptn.scene] successfully.
2016-08-21 15:05:56:637[cInfo        ] EntityManager::BuildPlayerEntity(): Built [Dargon] successfully
2016-08-21 15:05:56:640[Process      ] BufferInfo::Initialize() successful.
2016-08-21 15:05:56:645[cInfo        ] 
-----------------------------------------------------------------------
 BufferInfo::CreateBuffers()[2] Created buffers:| VERTEX [17] with [1000000] bytes. || INDEX [18] with [1000000] bytes |
-----------------------------------------------------------------------

2016-08-21 15:05:56:653[cInfo        ] --------BufferInfo::AddMesh() Added mesh successfully-------
2016-08-21 15:05:56:654[cInfo        ] 
2016-08-21 15:05:56:654[cInfo        ] --------------------| START BUFFER MESH INFO |-------------------------------------
2016-08-21 15:05:56:657[cInfo        ] BufferInfo::AddMesh(): NUM VERTS-----------------[36]
2016-08-21 15:05:56:658[cInfo        ] BufferInfo::AddMesh(): NUM INDICES---------------[0]
2016-08-21 15:05:56:659[cInfo        ] BufferInfo::AddMesh(): VERT OFFSET---------------[0]
2016-08-21 15:05:56:660[cInfo        ] BufferInfo::AddMesh(): INDICES OFFSET (BYTES)----[0]
2016-08-21 15:05:56:661[cInfo        ] --------------------|  END BUFFER MESH INFO  |--------------------------------------
2016-08-21 15:05:56:662[cInfo        ] 

2016-08-21 15:05:56:663[Info         ] ShapeGenerator::ReadSceneFile(): Added new scene [..\Data\Scenes\Cube.pn.scene] successfully.
2016-08-21 15:05:56:664[Process      ] BufferInfo::Initialize() successful.
2016-08-21 15:05:56:665[cInfo        ] 
-----------------------------------------------------------------------
 BufferInfo::CreateBuffers()[3] Created buffers:| VERTEX [19] with [1000000] bytes. || INDEX [20] with [1000000] bytes |
-----------------------------------------------------------------------

2016-08-21 15:05:56:671[cInfo        ] --------BufferInfo::AddMesh() Added mesh successfully-------
2016-08-21 15:05:56:672[cInfo        ] 
2016-08-21 15:05:56:672[cInfo        ] --------------------| START BUFFER MESH INFO |-------------------------------------
2016-08-21 15:05:56:674[cInfo        ] BufferInfo::AddMesh(): NUM VERTS-----------------[8718]
2016-08-21 15:05:56:675[cInfo        ] BufferInfo::AddMesh(): NUM INDICES---------------[0]
2016-08-21 15:05:56:677[cInfo        ] BufferInfo::AddMesh(): VERT OFFSET---------------[0]
2016-08-21 15:05:56:678[cInfo        ] BufferInfo::AddMesh(): INDICES OFFSET (BYTES)----[0]
2016-08-21 15:05:56:679[cInfo        ] --------------------|  END BUFFER MESH INFO  |--------------------------------------
2016-08-21 15:05:56:680[cInfo        ] 

2016-08-21 15:05:56:684[Info         ] ShapeGenerator::ReadSceneFile(): Added new scene [..\Data\Scenes\AIWorld.ptn.scene] successfully.
2016-08-21 15:05:56:684[cInfo        ] --------BufferInfo::AddMesh() Added mesh successfully-------
2016-08-21 15:05:56:687[cInfo        ] 
2016-08-21 15:05:56:688[cInfo        ] --------------------| START BUFFER MESH INFO |-------------------------------------
2016-08-21 15:05:56:689[cInfo        ] BufferInfo::AddMesh(): NUM VERTS-----------------[18]
2016-08-21 15:05:56:690[cInfo        ] BufferInfo::AddMesh(): NUM INDICES---------------[0]
2016-08-21 15:05:56:690[cInfo        ] BufferInfo::AddMesh(): VERT OFFSET---------------[36]
2016-08-21 15:05:56:691[cInfo        ] BufferInfo::AddMesh(): INDICES OFFSET (BYTES)----[0]
2016-08-21 15:05:56:692[cInfo        ] --------------------|  END BUFFER MESH INFO  |--------------------------------------
2016-08-21 15:05:56:693[cInfo        ] 

2016-08-21 15:05:56:694[Info         ] ShapeGenerator::ReadSceneFile(): Added new scene [..\Data\Scenes\Pyramid.pn.scene] successfully.
2016-08-21 15:05:56:704[cInfo        ] 
-----------------------------------------------------------------------
 BufferInfo::CreateBuffers()[0] Created buffers:| VERTEX [21] with [5529600] bytes. || INDEX [22] with [0] bytes |
-----------------------------------------------------------------------

2016-08-21 15:05:56:715[cInfo        ] --------BufferInfo::AddMesh() Added mesh successfully-------
2016-08-21 15:05:56:716[cInfo        ] 
2016-08-21 15:05:56:717[cInfo        ] --------------------| START BUFFER MESH INFO |-------------------------------------
2016-08-21 15:05:56:718[cInfo        ] BufferInfo::AddMesh(): NUM VERTS-----------------[172800]
2016-08-21 15:05:56:719[cInfo        ] BufferInfo::AddMesh(): NUM INDICES---------------[0]
2016-08-21 15:05:56:720[cInfo        ] BufferInfo::AddMesh(): VERT OFFSET---------------[0]
2016-08-21 15:05:56:721[cInfo        ] BufferInfo::AddMesh(): INDICES OFFSET (BYTES)----[0]
2016-08-21 15:05:56:722[cInfo        ] --------------------|  END BUFFER MESH INFO  |--------------------------------------
2016-08-21 15:05:56:723[cInfo        ] 

2016-08-21 15:05:56:724[Info         ] ShapeGenerator::ReadSceneFile(): Added new scene [..\Data\Scenes\WaterPlane.ptn.scene] successfully.
2016-08-21 15:05:56:725[cProcess     ] Camera::Initialize() successful.
2016-08-21 15:05:56:736[Process      ] BufferInfo::Initialize() successful.
2016-08-21 15:05:56:736[cInfo        ] 
-----------------------------------------------------------------------
 BufferInfo::CreateBuffers()[4] Created buffers:| VERTEX [23] with [8107776] bytes. || INDEX [24] with [0] bytes |
-----------------------------------------------------------------------

2016-08-21 15:05:56:748[cInfo        ] --------BufferInfo::AddMesh() Added mesh successfully-------
2016-08-21 15:05:56:749[cInfo        ] 
2016-08-21 15:05:56:749[cInfo        ] --------------------| START BUFFER MESH INFO |-------------------------------------
2016-08-21 15:05:56:751[cInfo        ] BufferInfo::AddMesh(): NUM VERTS-----------------[337824]
2016-08-21 15:05:56:751[cInfo        ] BufferInfo::AddMesh(): NUM INDICES---------------[0]
2016-08-21 15:05:56:752[cInfo        ] BufferInfo::AddMesh(): VERT OFFSET---------------[0]
2016-08-21 15:05:56:753[cInfo        ] BufferInfo::AddMesh(): INDICES OFFSET (BYTES)----[0]
2016-08-21 15:05:56:754[cInfo        ] --------------------|  END BUFFER MESH INFO  |--------------------------------------
2016-08-21 15:05:56:757[cInfo        ] 

2016-08-21 15:05:56:759[Info         ] ShapeGenerator::ReadSceneFile(): Added new scene [..\Data\Scenes\Dargon.pn.scene] successfully.
2016-08-21 15:05:56:760[Process      ] BufferInfo::Initialize() successful.
2016-08-21 15:05:56:760[cInfo        ] 
-----------------------------------------------------------------------
 BufferInfo::CreateBuffers()[5] Created buffers:| VERTEX [25] with [1000000] bytes. || INDEX [26] with [1000000] bytes |
-----------------------------------------------------------------------

2016-08-21 15:05:56:764[cInfo        ] --------BufferInfo::AddMesh() Added mesh successfully-------
2016-08-21 15:05:56:767[cInfo        ] 
2016-08-21 15:05:56:768[cInfo        ] --------------------| START BUFFER MESH INFO |-------------------------------------
2016-08-21 15:05:56:769[cInfo        ] BufferInfo::AddMesh(): NUM VERTS-----------------[6]
2016-08-21 15:05:56:771[cInfo        ] BufferInfo::AddMesh(): NUM INDICES---------------[0]
2016-08-21 15:05:56:772[cInfo        ] BufferInfo::AddMesh(): VERT OFFSET---------------[0]
2016-08-21 15:05:56:774[cInfo        ] BufferInfo::AddMesh(): INDICES OFFSET (BYTES)----[0]
2016-08-21 15:05:56:777[cInfo        ] --------------------|  END BUFFER MESH INFO  |--------------------------------------
2016-08-21 15:05:56:778[cInfo        ] 

2016-08-21 15:05:56:779[cProcess     ] BodaciousQuest::Initialize() successful.
2016-08-21 15:05:56:780[Process      ] GameTime::Initialize() ok

2016-08-21 15:05:56:781[cProcess     ] MyWindow::Initialize() successful!
2016-08-21 15:06:09:017[cProcess     ] BufferManager::Shutdown() successful.
2016-08-21 15:06:09:018[cProcess     ] RenderEngine::Shutdown() successful.
2016-08-21 15:06:09:019[cProcess     ] Camera::Shutdown() successful.
2016-08-21 15:06:09:020[Info         ] Shader  [2] deleting...
2016-08-21 15:06:09:020[Info         ] Shader  [2] deleted successfully.
2016-08-21 15:06:09:020[Info         ] Shader  [3] deleting...
2016-08-21 15:06:09:020[Info         ] Shader  [3] deleted successfully.
2016-08-21 15:06:09:020[Info         ] All shaders deleted successfully.
2016-08-21 15:06:09:020[cInfo        ] Program [1] deleted successfully.
2016-08-21 15:06:09:020[Process      ] ShaderProgram[1]::Shutdown successful!
2016-08-21 15:06:09:021[Info         ] Shader  [5] deleting...
2016-08-21 15:06:09:021[Info         ] Shader  [5] deleted successfully.
2016-08-21 15:06:09:021[Info         ] Shader  [6] deleting...
2016-08-21 15:06:09:021[Info         ] Shader  [6] deleted successfully.
2016-08-21 15:06:09:021[Info         ] All shaders deleted successfully.
2016-08-21 15:06:09:021[cInfo        ] Program [4] deleted successfully.
2016-08-21 15:06:09:021[Process      ] ShaderProgram[4]::Shutdown successful!
2016-08-21 15:06:09:022[Info         ] Shader  [8] deleting...
2016-08-21 15:06:09:022[Info         ] Shader  [8] deleted successfully.
2016-08-21 15:06:09:022[Info         ] Shader  [9] deleting...
2016-08-21 15:06:09:022[Info         ] Shader  [9] deleted successfully.
2016-08-21 15:06:09:022[Info         ] All shaders deleted successfully.
2016-08-21 15:06:09:022[cInfo        ] Program [7] deleted successfully.
2016-08-21 15:06:09:022[Process      ] ShaderProgram[7]::Shutdown successful!
2016-08-21 15:06:09:023[Info         ] Shader  [11] deleting...
2016-08-21 15:06:09:023[Info         ] Shader  [11] deleted successfully.
2016-08-21 15:06:09:023[Info         ] Shader  [12] deleting...
2016-08-21 15:06:09:023[Info         ] Shader  [12] deleted successfully.
2016-08-21 15:06:09:023[Info         ] All shaders deleted successfully.
2016-08-21 15:06:09:023[cInfo        ] Program [10] deleted successfully.
2016-08-21 15:06:09:023[Process      ] ShaderProgram[10]::Shutdown successful!
2016-08-21 15:06:09:023[Info         ] Shader  [14] deleting...
2016-08-21 15:06:09:023[Info         ] Shader  [14] deleted successfully.
2016-08-21 15:06:09:024[Info         ] Shader  [15] deleting...
2016-08-21 15:06:09:024[Info         ] Shader  [15] deleted successfully.
2016-08-21 15:06:09:024[Info         ] All shaders deleted successfully.
2016-08-21 15:06:09:024[cInfo        ] Program [13] deleted successfully.
2016-08-21 15:06:09:024[Process      ] ShaderProgram[13]::Shutdown successful!
2016-08-21 15:06:09:024[Info         ] Shader  [17] deleting...
2016-08-21 15:06:09:024[Info         ] Shader  [17] deleted successfully.
2016-08-21 15:06:09:024[Info         ] Shader  [18] deleting...
2016-08-21 15:06:09:025[Info         ] Shader  [18] deleted successfully.
2016-08-21 15:06:09:025[Info         ] All shaders deleted successfully.
2016-08-21 15:06:09:025[cInfo        ] Program [16] deleted successfully.
2016-08-21 15:06:09:025[Process      ] ShaderProgram[16]::Shutdown successful!
2016-08-21 15:06:09:025[Info         ] Shader  [20] deleting...
2016-08-21 15:06:09:026[Info         ] Shader  [20] deleted successfully.
2016-08-21 15:06:09:026[Info         ] Shader  [21] deleting...
2016-08-21 15:06:09:026[Info         ] Shader  [21] deleted successfully.
2016-08-21 15:06:09:026[Info         ] All shaders deleted successfully.
2016-08-21 15:06:09:026[cInfo        ] Program [19] deleted successfully.
2016-08-21 15:06:09:028[Process      ] ShaderProgram[19]::Shutdown successful!
2016-08-21 15:06:09:028[cProcess     ] MyWindow::Shutdown() successful!
2016-08-21 15:06:09:029[cProcess     ] BodaciousQuest::Shutdown() successful.
2016-08-21 15:06:09:039[Process      ] ConfigReader shut down successfully
2016-08-21 15:06:09:039[Process      ] GameLogger::ShutDown() successful
