2016-08-24 09:12:48:838[Process      ] GameLogger::Initialize() opened log file [..\Data\LogFiles\2016-08-24 09-12-48.BodaciousQuest.log] for writing
2016-08-24 09:12:48:838[Info         ] GameLogger::Initialize() successful
2016-08-24 09:12:48:838[Process      ] ConfigReader opened [..\Data\BodaciousQuest.config] successfully
2016-08-24 09:12:48:838[Info         ] ConfigReader initialized successfully
2016-08-24 09:12:48:838[Info         ] Valid KVP [BodaciousQuest.ShowFullScreen] [false] added
2016-08-24 09:12:48:838[Info         ] Valid KVP [BodaciousQuest.FpsInterval] [5.0] added
2016-08-24 09:12:48:840[Info         ] Valid KVP [BodaciousQuest.EnableControls] [true] added
2016-08-24 09:12:48:840[Info         ] Valid KVP [BodaciousQuest.LoadCubeFirst] [true] added
2016-08-24 09:12:48:840[Info         ] Valid KVP [BodaciousQuest.CameraWalkMode] [false] added
2016-08-24 09:12:48:840[Info         ] Valid KVP [BodaciousQuest.GridSize] [40] added
2016-08-24 09:12:48:840[Info         ] Valid KVP [BodaciousQuest.LightingTest.Ambient.Color] [1.0  1.0  1.0] added
2016-08-24 09:12:48:840[Info         ] Valid KVP [BodaciousQuest.LightingTest.Diffuse.Color] [1.0  1.0  1.0] added
2016-08-24 09:12:48:841[Info         ] Valid KVP [BodaciousQuest.LightingTest.Specular.Color] [1.0  1.0  1.0] added
2016-08-24 09:12:48:841[Info         ] Valid KVP [BodaciousQuest.LightingTest.Ambient.Reflectivity] [0.01] added
2016-08-24 09:12:48:841[Info         ] Valid KVP [BodaciousQuest.LightingTest.Diffuse.Reflectivity] [0.7] added
2016-08-24 09:12:48:841[Info         ] Valid KVP [BodaciousQuest.LightingTest.Specular.Reflectivity] [0.5] added
2016-08-24 09:12:48:841[Info         ] Valid KVP [BodaciousQuest.LightingTest.Specular.Shininess] [1.50] added
2016-08-24 09:12:48:841[Info         ] Valid KVP [BodaciousQuest.LightingTest.Falloff.A] [1.0] added
2016-08-24 09:12:48:841[Info         ] Valid KVP [BodaciousQuest.LightingTest.Falloff.B] [0.001] added
2016-08-24 09:12:48:841[Info         ] Valid KVP [BodaciousQuest.LightingTest.Falloff.C] [0.0001] added
2016-08-24 09:12:48:841[Info         ] Valid KVP [BodaciousQuest.LightingTest.Directional] [false] added
2016-08-24 09:12:48:841[Info         ] Valid KVP [BodaciousQuest.LightingTest.Direction] [-1.0 0.0 1.0] added
2016-08-24 09:12:48:841[Info         ] Valid KVP [BodaciousQuest.LightingTest.Light.Position] [-0.875458 3.673020 1.043331] added
2016-08-24 09:12:48:841[Info         ] Valid KVP [BodaciousQuest.LightingTest.Dargon.Color] [1.0 1.0 0.4] added
2016-08-24 09:12:48:841[Info         ] Valid KVP [ObjConverter.Mode.VertexType] [pn] added
2016-08-24 09:12:48:841[Info         ] Valid KVP [ObjConverter.Mode.Analyze] [false] added
2016-08-24 09:12:48:841[Info         ] Valid KVP [ObjConverter.Model] [Cat] added
2016-08-24 09:12:48:841[Info         ] Valid KVP [ObjConverter.Shader] [4] added
2016-08-24 09:12:48:841[Info         ] Valid KVP [ObjConverter.Color] [random] added
2016-08-24 09:12:48:841[Info         ] Valid KVP [ObjConverter.Obj.InputFileFolder] [..\\Data\\Objs\\] added
2016-08-24 09:12:48:841[Info         ] Valid KVP [ObjConverter.Scene.OutputFileFolder] [..\\Data\\Scenes\\] added
2016-08-24 09:12:48:841[Info         ] Valid KVP [ObjConverter.Model.Dargon.NumVerts] [57967] added
2016-08-24 09:12:48:841[Info         ] Valid KVP [ObjConverter.Model.Dargon.NumIndices] [337824] added
2016-08-24 09:12:48:841[Info         ] Valid KVP [ObjConverter.Model.Dargon.NumTexCoords] [60175] added
2016-08-24 09:12:48:841[Info         ] Valid KVP [ObjConverter.Model.Dargon.NumNormals] [337824] added
2016-08-24 09:12:48:841[Info         ] Valid KVP [ObjConverter.Model.Swamp.NumVerts] [2735] added
2016-08-24 09:12:48:841[Info         ] Valid KVP [ObjConverter.Model.Swamp.NumIndices] [8556] added
2016-08-24 09:12:48:841[Info         ] Valid KVP [ObjConverter.Model.Swamp.NumTexCoords] [3622] added
2016-08-24 09:12:48:841[Info         ] Valid KVP [ObjConverter.Model.Swamp.NumNormals] [5156] added
2016-08-24 09:12:48:841[Info         ] Valid KVP [ObjConverter.Model.Pyramid.NumVerts] [5] added
2016-08-24 09:12:48:841[Info         ] Valid KVP [ObjConverter.Model.Pyramid.NumIndices] [18] added
2016-08-24 09:12:48:841[Info         ] Valid KVP [ObjConverter.Model.Pyramid.NumTexCoords] [10] added
2016-08-24 09:12:48:841[Info         ] Valid KVP [ObjConverter.Model.Pyramid.NumNormals] [16] added
2016-08-24 09:12:48:841[Info         ] Valid KVP [ObjConverter.Model.AIWorld.NumVerts] [1957] added
2016-08-24 09:12:48:841[Info         ] Valid KVP [ObjConverter.Model.AIWorld.NumIndices] [8718] added
2016-08-24 09:12:48:841[Info         ] Valid KVP [ObjConverter.Model.AIWorld.NumTexCoords] [4186] added
2016-08-24 09:12:48:841[Info         ] Valid KVP [ObjConverter.Model.AIWorld.NumNormals] [5418] added
2016-08-24 09:12:48:841[Info         ] Valid KVP [ObjConverter.Model.GameWeapon.NumVerts] [2068] added
2016-08-24 09:12:48:841[Info         ] Valid KVP [ObjConverter.Model.GameWeapon.NumIndices] [9894] added
2016-08-24 09:12:48:841[Info         ] Valid KVP [ObjConverter.Model.GameWeapon.NumTexCoords] [0] added
2016-08-24 09:12:48:841[Info         ] Valid KVP [ObjConverter.Model.GameWeapon.NumNormals] [0] added
2016-08-24 09:12:48:841[Info         ] Valid KVP [ObjConverter.Model.Chicken.NumVerts] [224] added
2016-08-24 09:12:48:841[Info         ] Valid KVP [ObjConverter.Model.Chicken.NumIndices] [1374] added
2016-08-24 09:12:48:841[Info         ] Valid KVP [ObjConverter.Model.Chicken.NumTexCoords] [472] added
2016-08-24 09:12:48:841[Info         ] Valid KVP [ObjConverter.Model.Chicken.NumNormals] [565] added
2016-08-24 09:12:48:841[Info         ] Valid KVP [ObjConverter.Model.WaterPlane.NumVerts] [29282] added
2016-08-24 09:12:48:841[Info         ] Valid KVP [ObjConverter.Model.WaterPlane.NumIndices] [172800] added
2016-08-24 09:12:48:841[Info         ] Valid KVP [ObjConverter.Model.WaterPlane.NumTexCoords] [29282] added
2016-08-24 09:12:48:841[Info         ] Valid KVP [ObjConverter.Model.WaterPlane.NumNormals] [172800] added
2016-08-24 09:12:48:841[Info         ] Valid KVP [ObjConverter.Model.Cube.NumVerts] [8] added
2016-08-24 09:12:48:841[Info         ] Valid KVP [ObjConverter.Model.Cube.NumIndices] [36] added
2016-08-24 09:12:48:841[Info         ] Valid KVP [ObjConverter.Model.Cube.NumTexCoords] [14] added
2016-08-24 09:12:48:842[Info         ] Valid KVP [ObjConverter.Model.Cube.NumNormals] [24] added
2016-08-24 09:12:48:842[Info         ] Valid KVP [ObjConverter.Model.Barrel.NumVerts] [172] added
2016-08-24 09:12:48:842[Info         ] Valid KVP [ObjConverter.Model.Barrel.NumIndices] [1008] added
2016-08-24 09:12:48:842[Info         ] Valid KVP [ObjConverter.Model.Barrel.NumTexCoords] [328] added
2016-08-24 09:12:48:842[Info         ] Valid KVP [ObjConverter.Model.Barrel.NumNormals] [204] added
2016-08-24 09:12:48:842[Info         ] Valid KVP [ObjConverter.Model.SkyBox.NumVerts] [8] added
2016-08-24 09:12:48:842[Info         ] Valid KVP [ObjConverter.Model.SkyBox.NumIndices] [36] added
2016-08-24 09:12:48:842[Info         ] Valid KVP [ObjConverter.Model.SkyBox.NumTexCoords] [18] added
2016-08-24 09:12:48:842[Info         ] Valid KVP [ObjConverter.Model.SkyBox.NumNormals] [24] added
2016-08-24 09:12:48:842[Info         ] Valid KVP [ObjConverter.Model.Cat.NumVerts] [548] added
2016-08-24 09:12:48:842[Info         ] Valid KVP [ObjConverter.Model.Cat.NumIndices] [3180] added
2016-08-24 09:12:48:842[Info         ] Valid KVP [ObjConverter.Model.Cat.NumTexCoords] [771] added
2016-08-24 09:12:48:842[Info         ] Valid KVP [ObjConverter.Model.Cat.NumNormals] [714] added
2016-08-24 09:12:48:906[cInfo        ] Config reader opened [..\Data\BodaciousQuest.config] for reading!
2016-08-24 09:12:48:958[Process      ] ShaderManager Initialized successfully
2016-08-24 09:12:48:958[Info         ] Shader Init started
2016-08-24 09:12:48:958[Info         ] Shader Program created.
2016-08-24 09:12:48:958[Process      ] ShaderProgram::Initialize()[1] successful!
2016-08-24 09:12:48:958[Debug        ] File [..\Data\shaders\debug.vert.shader] Opened successfully! Buffer Length:[291]
2016-08-24 09:12:48:958[Debug        ] Shader file [..\Data\shaders\debug.vert.shader] contents:
//BEGIN
#version 430 core

layout(location = 0)  in vec3 vPosition;

layout(location = 15) uniform vec3 colorin;
layout(location = 16) uniform mat4 MAT;

out vec4 color;

void main()
{
	vec4 vertPos = vec4(vPosition, 1.0);
	gl_Position = MAT *  vertPos;
	color = vec4(colorin, 1.0);
}
//END

2016-08-24 09:12:48:958[Debug        ]  ShaderProgram::AddShader() file with data was read in
2016-08-24 09:12:48:958[Debug        ] ShaderProgram::AddShader() : glShaderSource() successful
2016-08-24 09:12:48:959[Debug        ] ShaderProgram::AddShader() : glCompileShader() successful
2016-08-24 09:12:48:959[Info         ] ShaderProgram::CheckShaderCompileStatus(2) successful.
2016-08-24 09:12:48:959[Debug        ] ShaderProgram::AddShader() : glCompileShader() successful
2016-08-24 09:12:48:959[Info         ] ShaderInfo saved successfully.
2016-08-24 09:12:48:959[Debug        ] ShaderProgram::AddShader() : glAttachShader() successful
2016-08-24 09:12:48:959[Info         ] ShaderProgram::AddShader [2] successful.
2016-08-24 09:12:48:959[Debug        ] File [..\Data\shaders\debug.frag.shader] Opened successfully! Buffer Length:[104]
2016-08-24 09:12:48:959[Debug        ] Shader file [..\Data\shaders\debug.frag.shader] contents:
//BEGIN
#version 430 core


in  vec4 color;
out vec4 outColor;

void main()
{
	outColor = color;
}


//END

2016-08-24 09:12:48:959[Debug        ]  ShaderProgram::AddShader() file with data was read in
2016-08-24 09:12:48:959[Debug        ] ShaderProgram::AddShader() : glShaderSource() successful
2016-08-24 09:12:48:959[Debug        ] ShaderProgram::AddShader() : glCompileShader() successful
2016-08-24 09:12:48:959[Info         ] ShaderProgram::CheckShaderCompileStatus(3) successful.
2016-08-24 09:12:48:959[Debug        ] ShaderProgram::AddShader() : glCompileShader() successful
2016-08-24 09:12:48:959[Info         ] ShaderInfo saved successfully.
2016-08-24 09:12:48:959[Debug        ] ShaderProgram::AddShader() : glAttachShader() successful
2016-08-24 09:12:48:959[Info         ] ShaderProgram::AddShader [3] successful.
2016-08-24 09:12:48:960[Info         ] CheckProgramStatus() successful!
2016-08-24 09:12:48:961[Info         ] CheckProgramStatus() successful!
2016-08-24 09:12:48:961[Info         ] Shader Init started
2016-08-24 09:12:48:961[Info         ] Shader Program created.
2016-08-24 09:12:48:961[Process      ] ShaderProgram::Initialize()[4] successful!
2016-08-24 09:12:48:961[Debug        ] File [..\Data\shaders\play.vert.shader] Opened successfully! Buffer Length:[343]
2016-08-24 09:12:48:961[Debug        ] Shader file [..\Data\shaders\play.vert.shader] contents:
//BEGIN
#version 430 core

layout (location = 0)  in vec3 vPosition;
layout (location = 1)  in vec3 vColor;
layout (location = 15) uniform vec3 colorin;
layout (location = 16) uniform mat4 MAT;

out vec4 color;

void main()
{
	vec4 vertPos = vec4(vPosition, 1.0);
	gl_Position = MAT *  vertPos;
	color = vec4((vColor + colorin), 1.0);
}
//END

2016-08-24 09:12:48:961[Debug        ]  ShaderProgram::AddShader() file with data was read in
2016-08-24 09:12:48:961[Debug        ] ShaderProgram::AddShader() : glShaderSource() successful
2016-08-24 09:12:48:961[Debug        ] ShaderProgram::AddShader() : glCompileShader() successful
2016-08-24 09:12:48:961[Info         ] ShaderProgram::CheckShaderCompileStatus(5) successful.
2016-08-24 09:12:48:961[Debug        ] ShaderProgram::AddShader() : glCompileShader() successful
2016-08-24 09:12:48:961[Info         ] ShaderInfo saved successfully.
2016-08-24 09:12:48:961[Debug        ] ShaderProgram::AddShader() : glAttachShader() successful
2016-08-24 09:12:48:961[Info         ] ShaderProgram::AddShader [5] successful.
2016-08-24 09:12:48:961[Debug        ] File [..\Data\shaders\play.frag.shader] Opened successfully! Buffer Length:[391]
2016-08-24 09:12:48:961[Debug        ] Shader file [..\Data\shaders\play.frag.shader] contents:
//BEGIN
#version 430 core


in  vec4 color;
out vec4 outColor;

void main()
{

	//if (color.r < .7) discard;
	outColor = color;

	//if(((gl_FragCoord.x  > 600)&& (gl_FragCoord.y < 300)) || ((gl_FragCoord.y < 300)  && (gl_FragCoord.x  < 600) )) {
	//discard;
	//}

	//vec2 scrPos = vec2(gl_FragCoord) - vec2(350,150);
	//float len =  length(scrPos);
	//if(len < 50 )discard;
}


//END

2016-08-24 09:12:48:961[Debug        ]  ShaderProgram::AddShader() file with data was read in
2016-08-24 09:12:48:961[Debug        ] ShaderProgram::AddShader() : glShaderSource() successful
2016-08-24 09:12:48:961[Debug        ] ShaderProgram::AddShader() : glCompileShader() successful
2016-08-24 09:12:48:961[Info         ] ShaderProgram::CheckShaderCompileStatus(6) successful.
2016-08-24 09:12:48:961[Debug        ] ShaderProgram::AddShader() : glCompileShader() successful
2016-08-24 09:12:48:961[Info         ] ShaderInfo saved successfully.
2016-08-24 09:12:48:961[Debug        ] ShaderProgram::AddShader() : glAttachShader() successful
2016-08-24 09:12:48:961[Info         ] ShaderProgram::AddShader [6] successful.
2016-08-24 09:12:48:963[Info         ] CheckProgramStatus() successful!
2016-08-24 09:12:48:963[Info         ] CheckProgramStatus() successful!
2016-08-24 09:12:48:963[Info         ] Shader Init started
2016-08-24 09:12:48:963[Info         ] Shader Program created.
2016-08-24 09:12:48:963[Process      ] ShaderProgram::Initialize()[7] successful!
2016-08-24 09:12:48:963[Debug        ] File [..\Data\shaders\texture.vert.shader] Opened successfully! Buffer Length:[305]
2016-08-24 09:12:48:963[Debug        ] Shader file [..\Data\shaders\texture.vert.shader] contents:
//BEGIN
#version 430 core

layout (location = 0)  in vec3 vPosition;
layout (location = 1)  in vec2 vUV;

layout (location = 16) uniform mat4 MAT;

//out data
out vec2 UV;

//out vec4 color;

void main()
{
	vec4 vertPos = vec4(vPosition, 1.0);
	gl_Position = MAT *  vertPos;

	UV = vUV;
	
	
}
//END

2016-08-24 09:12:48:963[Debug        ]  ShaderProgram::AddShader() file with data was read in
2016-08-24 09:12:48:963[Debug        ] ShaderProgram::AddShader() : glShaderSource() successful
2016-08-24 09:12:48:963[Debug        ] ShaderProgram::AddShader() : glCompileShader() successful
2016-08-24 09:12:48:963[Info         ] ShaderProgram::CheckShaderCompileStatus(8) successful.
2016-08-24 09:12:48:963[Debug        ] ShaderProgram::AddShader() : glCompileShader() successful
2016-08-24 09:12:48:963[Info         ] ShaderInfo saved successfully.
2016-08-24 09:12:48:963[Debug        ] ShaderProgram::AddShader() : glAttachShader() successful
2016-08-24 09:12:48:963[Info         ] ShaderProgram::AddShader [8] successful.
2016-08-24 09:12:48:963[Debug        ] File [..\Data\shaders\texture.frag.shader] Opened successfully! Buffer Length:[482]
2016-08-24 09:12:48:963[Debug        ] Shader file [..\Data\shaders\texture.frag.shader] contents:
//BEGIN
#version 430 core


in  vec2 UV;
out vec4 outColor;

layout(location = 20) uniform sampler2D textureSampler;

void main()
{

	//if (color.r < .7) discard;
	outColor = vec4(texture(textureSampler, UV).rgb, 1.0);

	//if(((gl_FragCoord.x  > 600)&& (gl_FragCoord.y < 300)) || ((gl_FragCoord.y < 300)  && (gl_FragCoord.x  < 600) )) {
	//discard;
	//}
	//vec2 scrPos = vec2(gl_FragCoord) - vec2(350,150);
	//float len =  length(scrPos);
	//if(len < 50 )discard;
}


//END

2016-08-24 09:12:48:963[Debug        ]  ShaderProgram::AddShader() file with data was read in
2016-08-24 09:12:48:964[Debug        ] ShaderProgram::AddShader() : glShaderSource() successful
2016-08-24 09:12:48:964[Debug        ] ShaderProgram::AddShader() : glCompileShader() successful
2016-08-24 09:12:48:964[Info         ] ShaderProgram::CheckShaderCompileStatus(9) successful.
2016-08-24 09:12:48:964[Debug        ] ShaderProgram::AddShader() : glCompileShader() successful
2016-08-24 09:12:48:964[Info         ] ShaderInfo saved successfully.
2016-08-24 09:12:48:964[Debug        ] ShaderProgram::AddShader() : glAttachShader() successful
2016-08-24 09:12:48:964[Info         ] ShaderProgram::AddShader [9] successful.
2016-08-24 09:12:48:965[Info         ] CheckProgramStatus() successful!
2016-08-24 09:12:48:966[Info         ] CheckProgramStatus() successful!
2016-08-24 09:12:48:966[Info         ] Shader Init started
2016-08-24 09:12:48:966[Info         ] Shader Program created.
2016-08-24 09:12:48:966[Process      ] ShaderProgram::Initialize()[10] successful!
2016-08-24 09:12:48:966[Debug        ] File [..\Data\shaders\framebuffer.vert.shader] Opened successfully! Buffer Length:[305]
2016-08-24 09:12:48:966[Debug        ] Shader file [..\Data\shaders\framebuffer.vert.shader] contents:
//BEGIN
#version 430 core

layout (location = 0)  in vec3 vPosition;
layout (location = 1)  in vec2 vUV;

layout (location = 16) uniform mat4 MAT;

//out data
out vec2 UV;

//out vec4 color;

void main()
{
	vec4 vertPos = vec4(vPosition, 1.0);
	gl_Position = MAT *  vertPos;

	UV = vUV;
	
	
}
//END

2016-08-24 09:12:48:966[Debug        ]  ShaderProgram::AddShader() file with data was read in
2016-08-24 09:12:48:966[Debug        ] ShaderProgram::AddShader() : glShaderSource() successful
2016-08-24 09:12:48:966[Debug        ] ShaderProgram::AddShader() : glCompileShader() successful
2016-08-24 09:12:48:966[Info         ] ShaderProgram::CheckShaderCompileStatus(11) successful.
2016-08-24 09:12:48:966[Debug        ] ShaderProgram::AddShader() : glCompileShader() successful
2016-08-24 09:12:48:966[Info         ] ShaderInfo saved successfully.
2016-08-24 09:12:48:966[Debug        ] ShaderProgram::AddShader() : glAttachShader() successful
2016-08-24 09:12:48:966[Info         ] ShaderProgram::AddShader [11] successful.
2016-08-24 09:12:48:966[Debug        ] File [..\Data\shaders\framebuffer.frag.shader] Opened successfully! Buffer Length:[275]
2016-08-24 09:12:48:966[Debug        ] Shader file [..\Data\shaders\framebuffer.frag.shader] contents:
//BEGIN
#version 430 core


in  vec2 UV;
out vec4 outColor;

layout(location = 20) uniform sampler2D textureSampler;

void main()
{


	vec3 tempCol = texture(textureSampler, UV).rgb;

	outColor = vec4(tempCol.r / 1.5f, tempCol.g / 1.5f, tempCol.b / 1.5f, 1.0f);
}


//END

2016-08-24 09:12:48:966[Debug        ]  ShaderProgram::AddShader() file with data was read in
2016-08-24 09:12:48:966[Debug        ] ShaderProgram::AddShader() : glShaderSource() successful
2016-08-24 09:12:48:966[Debug        ] ShaderProgram::AddShader() : glCompileShader() successful
2016-08-24 09:12:48:966[Info         ] ShaderProgram::CheckShaderCompileStatus(12) successful.
2016-08-24 09:12:48:966[Debug        ] ShaderProgram::AddShader() : glCompileShader() successful
2016-08-24 09:12:48:966[Info         ] ShaderInfo saved successfully.
2016-08-24 09:12:48:966[Debug        ] ShaderProgram::AddShader() : glAttachShader() successful
2016-08-24 09:12:48:966[Info         ] ShaderProgram::AddShader [12] successful.
2016-08-24 09:12:48:967[Info         ] CheckProgramStatus() successful!
2016-08-24 09:12:48:967[Info         ] CheckProgramStatus() successful!
2016-08-24 09:12:48:967[Info         ] Shader Init started
2016-08-24 09:12:48:967[Info         ] Shader Program created.
2016-08-24 09:12:48:967[Process      ] ShaderProgram::Initialize()[13] successful!
2016-08-24 09:12:48:967[Debug        ] File [..\Data\shaders\lighting.vert.shader] Opened successfully! Buffer Length:[1004]
2016-08-24 09:12:48:968[cDebug       ] Shader file [..\Data\shaders\lighting.vert.shader] is too big to display contents.
2016-08-24 09:12:48:969[Debug        ]  ShaderProgram::AddShader() file with data was read in
2016-08-24 09:12:48:969[Debug        ] ShaderProgram::AddShader() : glShaderSource() successful
2016-08-24 09:12:48:969[Debug        ] ShaderProgram::AddShader() : glCompileShader() successful
2016-08-24 09:12:48:969[Info         ] ShaderProgram::CheckShaderCompileStatus(14) successful.
2016-08-24 09:12:48:969[Debug        ] ShaderProgram::AddShader() : glCompileShader() successful
2016-08-24 09:12:48:969[Info         ] ShaderInfo saved successfully.
2016-08-24 09:12:48:969[Debug        ] ShaderProgram::AddShader() : glAttachShader() successful
2016-08-24 09:12:48:969[Info         ] ShaderProgram::AddShader [14] successful.
2016-08-24 09:12:48:970[Debug        ] File [..\Data\shaders\lighting.frag.shader] Opened successfully! Buffer Length:[1824]
2016-08-24 09:12:48:970[cDebug       ] Shader file [..\Data\shaders\lighting.frag.shader] is too big to display contents.
2016-08-24 09:12:48:971[Debug        ]  ShaderProgram::AddShader() file with data was read in
2016-08-24 09:12:48:971[Debug        ] ShaderProgram::AddShader() : glShaderSource() successful
2016-08-24 09:12:48:972[Debug        ] ShaderProgram::AddShader() : glCompileShader() successful
2016-08-24 09:12:48:972[Info         ] ShaderProgram::CheckShaderCompileStatus(15) successful.
2016-08-24 09:12:48:972[Debug        ] ShaderProgram::AddShader() : glCompileShader() successful
2016-08-24 09:12:48:972[Info         ] ShaderInfo saved successfully.
2016-08-24 09:12:48:972[Debug        ] ShaderProgram::AddShader() : glAttachShader() successful
2016-08-24 09:12:48:972[Info         ] ShaderProgram::AddShader [15] successful.
2016-08-24 09:12:48:974[Info         ] CheckProgramStatus() successful!
2016-08-24 09:12:48:975[Info         ] CheckProgramStatus() successful!
2016-08-24 09:12:48:975[Info         ] Shader Init started
2016-08-24 09:12:48:975[Info         ] Shader Program created.
2016-08-24 09:12:48:975[Process      ] ShaderProgram::Initialize()[16] successful!
2016-08-24 09:12:48:975[Debug        ] File [..\Data\shaders\texlighting.vert.shader] Opened successfully! Buffer Length:[1140]
2016-08-24 09:12:48:975[cDebug       ] Shader file [..\Data\shaders\texlighting.vert.shader] is too big to display contents.
2016-08-24 09:12:48:976[Debug        ]  ShaderProgram::AddShader() file with data was read in
2016-08-24 09:12:48:976[Debug        ] ShaderProgram::AddShader() : glShaderSource() successful
2016-08-24 09:12:48:977[Debug        ] ShaderProgram::AddShader() : glCompileShader() successful
2016-08-24 09:12:48:977[cInfo        ] ShaderProgram::ShowShaderLogInfo(): glGetShaderInfoLog()

 ERROR: 0:45: 'light_cam' : undeclared identifier 
ERROR: 0:45: 'assign' :  cannot convert from '3-component vector of float' to 'float'


2016-08-24 09:12:48:984[cFatalError  ] ShaderProgram::AddShader [17] CheckShaderCompileStatus() bad.
2016-08-24 09:12:48:986[cError       ] ShaderManager::AddNewShader()[..\Data\shaders\texlighting.vert.shader]:AddVertexShader failed.
2016-08-24 09:12:48:988[cFatalError  ] BodaciousQuest::Initialize(): InitializeGL() failed
2016-08-24 09:12:48:989[cProcess     ] BufferManager::Shutdown() successful.
2016-08-24 09:12:48:990[cProcess     ] RenderEngine::Shutdown() successful.
2016-08-24 09:12:48:991[cProcess     ] Camera::Shutdown() successful.
2016-08-24 09:12:48:993[Info         ] Shader  [2] deleting...
2016-08-24 09:12:48:993[Info         ] Shader  [2] deleted successfully.
2016-08-24 09:12:48:993[Info         ] Shader  [3] deleting...
2016-08-24 09:12:48:993[Info         ] Shader  [3] deleted successfully.
2016-08-24 09:12:48:993[Info         ] All shaders deleted successfully.
2016-08-24 09:12:48:993[cInfo        ] Program [1] deleted successfully.
2016-08-24 09:12:48:996[Process      ] ShaderProgram[1]::Shutdown successful!
2016-08-24 09:12:48:997[Info         ] Shader  [5] deleting...
2016-08-24 09:12:48:997[Info         ] Shader  [5] deleted successfully.
2016-08-24 09:12:48:997[Info         ] Shader  [6] deleting...
2016-08-24 09:12:48:997[Info         ] Shader  [6] deleted successfully.
2016-08-24 09:12:48:997[Info         ] All shaders deleted successfully.
2016-08-24 09:12:48:997[cInfo        ] Program [4] deleted successfully.
2016-08-24 09:12:48:998[Process      ] ShaderProgram[4]::Shutdown successful!
2016-08-24 09:12:48:998[Info         ] Shader  [8] deleting...
2016-08-24 09:12:48:998[Info         ] Shader  [8] deleted successfully.
2016-08-24 09:12:48:998[Info         ] Shader  [9] deleting...
2016-08-24 09:12:48:998[Info         ] Shader  [9] deleted successfully.
2016-08-24 09:12:48:998[Info         ] All shaders deleted successfully.
2016-08-24 09:12:48:998[cInfo        ] Program [7] deleted successfully.
2016-08-24 09:12:48:999[Process      ] ShaderProgram[7]::Shutdown successful!
2016-08-24 09:12:48:999[Info         ] Shader  [11] deleting...
2016-08-24 09:12:48:999[Info         ] Shader  [11] deleted successfully.
2016-08-24 09:12:48:999[Info         ] Shader  [12] deleting...
2016-08-24 09:12:48:999[Info         ] Shader  [12] deleted successfully.
2016-08-24 09:12:48:999[Info         ] All shaders deleted successfully.
2016-08-24 09:12:48:999[cInfo        ] Program [10] deleted successfully.
2016-08-24 09:12:49:000[Process      ] ShaderProgram[10]::Shutdown successful!
2016-08-24 09:12:49:000[Info         ] Shader  [14] deleting...
2016-08-24 09:12:49:000[Info         ] Shader  [14] deleted successfully.
2016-08-24 09:12:49:000[Info         ] Shader  [15] deleting...
2016-08-24 09:12:49:000[Info         ] Shader  [15] deleted successfully.
2016-08-24 09:12:49:000[Info         ] All shaders deleted successfully.
2016-08-24 09:12:49:000[cInfo        ] Program [13] deleted successfully.
2016-08-24 09:12:49:000[Process      ] ShaderProgram[13]::Shutdown successful!
2016-08-24 09:12:49:000[cProcess     ] MyWindow::Shutdown() successful!
2016-08-24 09:12:49:001[cProcess     ] BodaciousQuest::Shutdown() successful.
2016-08-24 09:12:49:002[cFatalError  ] MyWindow::Initialize() Failed to initialize m_game.
2016-08-24 09:12:49:003[cProcess     ] MyWindow::Shutdown() successful!
2016-08-24 09:12:49:020[Process      ] ConfigReader shut down successfully
2016-08-24 09:12:49:020[Process      ] GameLogger::ShutDown() successful
