2016-08-21 14:20:29:943[Process      ] GameLogger::Initialize() opened log file [..\Data\LogFiles\2016-08-21 14-20-29.BodaciousQuest.log] for writing
2016-08-21 14:20:29:943[Info         ] GameLogger::Initialize() successful
2016-08-21 14:20:29:943[Process      ] ConfigReader opened [..\Data\BodaciousQuest.config] successfully
2016-08-21 14:20:29:943[Info         ] ConfigReader initialized successfully
2016-08-21 14:20:29:943[Info         ] Valid KVP [BodaciousQuest.ShowFullScreen] [false] added
2016-08-21 14:20:29:944[Info         ] Valid KVP [BodaciousQuest.FpsInterval] [5.0] added
2016-08-21 14:20:29:944[Info         ] Valid KVP [BodaciousQuest.EnableControls] [true] added
2016-08-21 14:20:29:944[Info         ] Valid KVP [BodaciousQuest.LoadCubeFirst] [true] added
2016-08-21 14:20:29:944[Info         ] Valid KVP [BodaciousQuest.CameraWalkMode] [false] added
2016-08-21 14:20:29:944[Info         ] Valid KVP [BodaciousQuest.GridSize] [40] added
2016-08-21 14:20:29:944[Info         ] Valid KVP [BodaciousQuest.LightingTest.Ambient.Color] [1.0  1.0  1.0] added
2016-08-21 14:20:29:944[Info         ] Valid KVP [BodaciousQuest.LightingTest.Diffuse.Color] [1.0  1.0  1.0] added
2016-08-21 14:20:29:944[Info         ] Valid KVP [BodaciousQuest.LightingTest.Specular.Color] [0.0  0.0  0.0] added
2016-08-21 14:20:29:944[Info         ] Valid KVP [BodaciousQuest.LightingTest.Ambient.Reflectivity] [0.01] added
2016-08-21 14:20:29:944[Info         ] Valid KVP [BodaciousQuest.LightingTest.Diffuse.Reflectivity] [0.8] added
2016-08-21 14:20:29:944[Info         ] Valid KVP [BodaciousQuest.LightingTest.Specular.Reflectivity] [0.5] added
2016-08-21 14:20:29:944[Info         ] Valid KVP [BodaciousQuest.LightingTest.Specular.Shininess] [1.0] added
2016-08-21 14:20:29:944[Info         ] Valid KVP [BodaciousQuest.LightingTest.Falloff.A] [1.0] added
2016-08-21 14:20:29:944[Info         ] Valid KVP [BodaciousQuest.LightingTest.Falloff.B] [0.01] added
2016-08-21 14:20:29:944[Info         ] Valid KVP [BodaciousQuest.LightingTest.Falloff.C] [0.0001] added
2016-08-21 14:20:29:944[Info         ] Valid KVP [BodaciousQuest.LightingTest.Directional] [false] added
2016-08-21 14:20:29:944[Info         ] Valid KVP [BodaciousQuest.LightingTest.Direction] [-1.0 0.0 1.0] added
2016-08-21 14:20:29:944[Info         ] Valid KVP [BodaciousQuest.LightingTest.Light.Position] [-0.875458 3.673020 1.043331] added
2016-08-21 14:20:29:945[Info         ] Valid KVP [BodaciousQuest.LightingTest.Dargon.Color] [1.0 1.0 0.4] added
2016-08-21 14:20:29:945[Info         ] Valid KVP [ObjConverter.Mode.VertexType] [pn] added
2016-08-21 14:20:29:945[Info         ] Valid KVP [ObjConverter.Mode.Analyze] [false] added
2016-08-21 14:20:29:945[Info         ] Valid KVP [ObjConverter.Model] [Dargon] added
2016-08-21 14:20:29:945[Info         ] Valid KVP [ObjConverter.Shader] [4] added
2016-08-21 14:20:29:945[Info         ] Valid KVP [ObjConverter.Color] [random] added
2016-08-21 14:20:29:945[Info         ] Valid KVP [ObjConverter.Obj.InputFileFolder] [..\\Data\\Objs\\] added
2016-08-21 14:20:29:945[Info         ] Valid KVP [ObjConverter.Scene.OutputFileFolder] [..\\Data\\Scenes\\] added
2016-08-21 14:20:29:945[Info         ] Valid KVP [ObjConverter.Model.Dargon.NumVerts] [57967] added
2016-08-21 14:20:29:945[Info         ] Valid KVP [ObjConverter.Model.Dargon.NumIndices] [337824] added
2016-08-21 14:20:29:945[Info         ] Valid KVP [ObjConverter.Model.Dargon.NumTexCoords] [60175] added
2016-08-21 14:20:29:945[Info         ] Valid KVP [ObjConverter.Model.Dargon.NumNormals] [337824] added
2016-08-21 14:20:29:945[Info         ] Valid KVP [ObjConverter.Model.Swamp.NumVerts] [2735] added
2016-08-21 14:20:29:945[Info         ] Valid KVP [ObjConverter.Model.Swamp.NumIndices] [8556] added
2016-08-21 14:20:29:945[Info         ] Valid KVP [ObjConverter.Model.Swamp.NumTexCoords] [3622] added
2016-08-21 14:20:29:945[Info         ] Valid KVP [ObjConverter.Model.Swamp.NumNormals] [5156] added
2016-08-21 14:20:29:945[Info         ] Valid KVP [ObjConverter.Model.Pyramid.NumVerts] [5] added
2016-08-21 14:20:29:945[Info         ] Valid KVP [ObjConverter.Model.Pyramid.NumIndices] [18] added
2016-08-21 14:20:29:945[Info         ] Valid KVP [ObjConverter.Model.Pyramid.NumTexCoords] [10] added
2016-08-21 14:20:29:945[Info         ] Valid KVP [ObjConverter.Model.Pyramid.NumNormals] [16] added
2016-08-21 14:20:29:945[Info         ] Valid KVP [ObjConverter.Model.AIWorld.NumVerts] [1957] added
2016-08-21 14:20:29:945[Info         ] Valid KVP [ObjConverter.Model.AIWorld.NumIndices] [8718] added
2016-08-21 14:20:29:945[Info         ] Valid KVP [ObjConverter.Model.AIWorld.NumTexCoords] [4186] added
2016-08-21 14:20:29:945[Info         ] Valid KVP [ObjConverter.Model.AIWorld.NumNormals] [5418] added
2016-08-21 14:20:29:945[Info         ] Valid KVP [ObjConverter.Model.GameWeapon.NumVerts] [2068] added
2016-08-21 14:20:29:945[Info         ] Valid KVP [ObjConverter.Model.GameWeapon.NumIndices] [9894] added
2016-08-21 14:20:29:945[Info         ] Valid KVP [ObjConverter.Model.GameWeapon.NumTexCoords] [0] added
2016-08-21 14:20:29:945[Info         ] Valid KVP [ObjConverter.Model.GameWeapon.NumNormals] [0] added
2016-08-21 14:20:29:945[Info         ] Valid KVP [ObjConverter.Model.Chicken.NumVerts] [224] added
2016-08-21 14:20:29:945[Info         ] Valid KVP [ObjConverter.Model.Chicken.NumIndices] [1374] added
2016-08-21 14:20:29:945[Info         ] Valid KVP [ObjConverter.Model.Chicken.NumTexCoords] [472] added
2016-08-21 14:20:29:945[Info         ] Valid KVP [ObjConverter.Model.Chicken.NumNormals] [565] added
2016-08-21 14:20:29:945[Info         ] Valid KVP [ObjConverter.Model.WaterPlane.NumVerts] [29282] added
2016-08-21 14:20:29:945[Info         ] Valid KVP [ObjConverter.Model.WaterPlane.NumIndices] [172800] added
2016-08-21 14:20:29:945[Info         ] Valid KVP [ObjConverter.Model.WaterPlane.NumTexCoords] [29282] added
2016-08-21 14:20:29:945[Info         ] Valid KVP [ObjConverter.Model.WaterPlane.NumNormals] [172800] added
2016-08-21 14:20:29:945[Info         ] Valid KVP [ObjConverter.Model.Cube.NumVerts] [8] added
2016-08-21 14:20:29:945[Info         ] Valid KVP [ObjConverter.Model.Cube.NumIndices] [36] added
2016-08-21 14:20:29:945[Info         ] Valid KVP [ObjConverter.Model.Cube.NumTexCoords] [14] added
2016-08-21 14:20:29:945[Info         ] Valid KVP [ObjConverter.Model.Cube.NumNormals] [24] added
2016-08-21 14:20:29:945[Info         ] Valid KVP [ObjConverter.Model.Barrel.NumVerts] [172] added
2016-08-21 14:20:29:945[Info         ] Valid KVP [ObjConverter.Model.Barrel.NumIndices] [1008] added
2016-08-21 14:20:29:945[Info         ] Valid KVP [ObjConverter.Model.Barrel.NumTexCoords] [328] added
2016-08-21 14:20:29:945[Info         ] Valid KVP [ObjConverter.Model.Barrel.NumNormals] [204] added
2016-08-21 14:20:29:945[Info         ] Valid KVP [ObjConverter.Model.SkyBox.NumVerts] [8] added
2016-08-21 14:20:29:945[Info         ] Valid KVP [ObjConverter.Model.SkyBox.NumIndices] [36] added
2016-08-21 14:20:29:945[Info         ] Valid KVP [ObjConverter.Model.SkyBox.NumTexCoords] [18] added
2016-08-21 14:20:29:945[Info         ] Valid KVP [ObjConverter.Model.SkyBox.NumNormals] [24] added
2016-08-21 14:20:30:011[cInfo        ] Config reader opened [..\Data\BodaciousQuest.config] for reading!
2016-08-21 14:20:30:066[Process      ] ShaderManager Initialized successfully
2016-08-21 14:20:30:067[Info         ] Shader Init started
2016-08-21 14:20:30:067[Info         ] Shader Program created.
2016-08-21 14:20:30:067[Process      ] ShaderProgram::Initialize()[1] successful!
2016-08-21 14:20:30:067[Debug        ] File [..\Data\shaders\debug.vert.shader] Opened successfully! Buffer Length:[291]
2016-08-21 14:20:30:067[Debug        ] Shader file [..\Data\shaders\debug.vert.shader] contents:
//BEGIN
#version 430 core

layout(location = 0)  in vec3 vPosition;

layout(location = 15) uniform vec3 colorin;
layout(location = 16) uniform mat4 MAT;

out vec4 color;

void main()
{
	vec4 vertPos = vec4(vPosition, 1.0);
	gl_Position = MAT *  vertPos;
	color = vec4(colorin, 1.0);
}
//END

2016-08-21 14:20:30:067[Debug        ]  ShaderProgram::AddShader() file with data was read in
2016-08-21 14:20:30:067[Debug        ] ShaderProgram::AddShader() : glShaderSource() successful
2016-08-21 14:20:30:068[Debug        ] ShaderProgram::AddShader() : glCompileShader() successful
2016-08-21 14:20:30:068[Info         ] ShaderProgram::CheckShaderCompileStatus(2) successful.
2016-08-21 14:20:30:068[Debug        ] ShaderProgram::AddShader() : glCompileShader() successful
2016-08-21 14:20:30:068[Info         ] ShaderInfo saved successfully.
2016-08-21 14:20:30:068[Debug        ] ShaderProgram::AddShader() : glAttachShader() successful
2016-08-21 14:20:30:068[Info         ] ShaderProgram::AddShader [2] successful.
2016-08-21 14:20:30:068[Debug        ] File [..\Data\shaders\debug.frag.shader] Opened successfully! Buffer Length:[104]
2016-08-21 14:20:30:068[Debug        ] Shader file [..\Data\shaders\debug.frag.shader] contents:
//BEGIN
#version 430 core


in  vec4 color;
out vec4 outColor;

void main()
{
	outColor = color;
}


//END

2016-08-21 14:20:30:068[Debug        ]  ShaderProgram::AddShader() file with data was read in
2016-08-21 14:20:30:068[Debug        ] ShaderProgram::AddShader() : glShaderSource() successful
2016-08-21 14:20:30:068[Debug        ] ShaderProgram::AddShader() : glCompileShader() successful
2016-08-21 14:20:30:068[Info         ] ShaderProgram::CheckShaderCompileStatus(3) successful.
2016-08-21 14:20:30:068[Debug        ] ShaderProgram::AddShader() : glCompileShader() successful
2016-08-21 14:20:30:068[Info         ] ShaderInfo saved successfully.
2016-08-21 14:20:30:068[Debug        ] ShaderProgram::AddShader() : glAttachShader() successful
2016-08-21 14:20:30:068[Info         ] ShaderProgram::AddShader [3] successful.
2016-08-21 14:20:30:069[Info         ] CheckProgramStatus() successful!
2016-08-21 14:20:30:069[Info         ] CheckProgramStatus() successful!
2016-08-21 14:20:30:069[Info         ] Shader Init started
2016-08-21 14:20:30:069[Info         ] Shader Program created.
2016-08-21 14:20:30:069[Process      ] ShaderProgram::Initialize()[4] successful!
2016-08-21 14:20:30:069[Debug        ] File [..\Data\shaders\play.vert.shader] Opened successfully! Buffer Length:[343]
2016-08-21 14:20:30:069[Debug        ] Shader file [..\Data\shaders\play.vert.shader] contents:
//BEGIN
#version 430 core

layout (location = 0)  in vec3 vPosition;
layout (location = 1)  in vec3 vColor;
layout (location = 15) uniform vec3 colorin;
layout (location = 16) uniform mat4 MAT;

out vec4 color;

void main()
{
	vec4 vertPos = vec4(vPosition, 1.0);
	gl_Position = MAT *  vertPos;
	color = vec4((vColor + colorin), 1.0);
}
//END

2016-08-21 14:20:30:069[Debug        ]  ShaderProgram::AddShader() file with data was read in
2016-08-21 14:20:30:069[Debug        ] ShaderProgram::AddShader() : glShaderSource() successful
2016-08-21 14:20:30:070[Debug        ] ShaderProgram::AddShader() : glCompileShader() successful
2016-08-21 14:20:30:070[Info         ] ShaderProgram::CheckShaderCompileStatus(5) successful.
2016-08-21 14:20:30:070[Debug        ] ShaderProgram::AddShader() : glCompileShader() successful
2016-08-21 14:20:30:070[Info         ] ShaderInfo saved successfully.
2016-08-21 14:20:30:070[Debug        ] ShaderProgram::AddShader() : glAttachShader() successful
2016-08-21 14:20:30:070[Info         ] ShaderProgram::AddShader [5] successful.
2016-08-21 14:20:30:070[Debug        ] File [..\Data\shaders\play.frag.shader] Opened successfully! Buffer Length:[391]
2016-08-21 14:20:30:070[Debug        ] Shader file [..\Data\shaders\play.frag.shader] contents:
//BEGIN
#version 430 core


in  vec4 color;
out vec4 outColor;

void main()
{

	//if (color.r < .7) discard;
	outColor = color;

	//if(((gl_FragCoord.x  > 600)&& (gl_FragCoord.y < 300)) || ((gl_FragCoord.y < 300)  && (gl_FragCoord.x  < 600) )) {
	//discard;
	//}

	//vec2 scrPos = vec2(gl_FragCoord) - vec2(350,150);
	//float len =  length(scrPos);
	//if(len < 50 )discard;
}


//END

2016-08-21 14:20:30:070[Debug        ]  ShaderProgram::AddShader() file with data was read in
2016-08-21 14:20:30:070[Debug        ] ShaderProgram::AddShader() : glShaderSource() successful
2016-08-21 14:20:30:070[Debug        ] ShaderProgram::AddShader() : glCompileShader() successful
2016-08-21 14:20:30:070[Info         ] ShaderProgram::CheckShaderCompileStatus(6) successful.
2016-08-21 14:20:30:070[Debug        ] ShaderProgram::AddShader() : glCompileShader() successful
2016-08-21 14:20:30:070[Info         ] ShaderInfo saved successfully.
2016-08-21 14:20:30:070[Debug        ] ShaderProgram::AddShader() : glAttachShader() successful
2016-08-21 14:20:30:070[Info         ] ShaderProgram::AddShader [6] successful.
2016-08-21 14:20:30:071[Info         ] CheckProgramStatus() successful!
2016-08-21 14:20:30:071[Info         ] CheckProgramStatus() successful!
2016-08-21 14:20:30:071[Info         ] Shader Init started
2016-08-21 14:20:30:071[Info         ] Shader Program created.
2016-08-21 14:20:30:071[Process      ] ShaderProgram::Initialize()[7] successful!
2016-08-21 14:20:30:071[Debug        ] File [..\Data\shaders\texture.vert.shader] Opened successfully! Buffer Length:[305]
2016-08-21 14:20:30:071[Debug        ] Shader file [..\Data\shaders\texture.vert.shader] contents:
//BEGIN
#version 430 core

layout (location = 0)  in vec3 vPosition;
layout (location = 1)  in vec2 vUV;

layout (location = 16) uniform mat4 MAT;

//out data
out vec2 UV;

//out vec4 color;

void main()
{
	vec4 vertPos = vec4(vPosition, 1.0);
	gl_Position = MAT *  vertPos;

	UV = vUV;
	
	
}
//END

2016-08-21 14:20:30:071[Debug        ]  ShaderProgram::AddShader() file with data was read in
2016-08-21 14:20:30:071[Debug        ] ShaderProgram::AddShader() : glShaderSource() successful
2016-08-21 14:20:30:071[Debug        ] ShaderProgram::AddShader() : glCompileShader() successful
2016-08-21 14:20:30:071[Info         ] ShaderProgram::CheckShaderCompileStatus(8) successful.
2016-08-21 14:20:30:071[Debug        ] ShaderProgram::AddShader() : glCompileShader() successful
2016-08-21 14:20:30:071[Info         ] ShaderInfo saved successfully.
2016-08-21 14:20:30:071[Debug        ] ShaderProgram::AddShader() : glAttachShader() successful
2016-08-21 14:20:30:071[Info         ] ShaderProgram::AddShader [8] successful.
2016-08-21 14:20:30:071[Debug        ] File [..\Data\shaders\texture.frag.shader] Opened successfully! Buffer Length:[482]
2016-08-21 14:20:30:071[Debug        ] Shader file [..\Data\shaders\texture.frag.shader] contents:
//BEGIN
#version 430 core


in  vec2 UV;
out vec4 outColor;

layout(location = 20) uniform sampler2D textureSampler;

void main()
{

	//if (color.r < .7) discard;
	outColor = vec4(texture(textureSampler, UV).rgb, 1.0);

	//if(((gl_FragCoord.x  > 600)&& (gl_FragCoord.y < 300)) || ((gl_FragCoord.y < 300)  && (gl_FragCoord.x  < 600) )) {
	//discard;
	//}
	//vec2 scrPos = vec2(gl_FragCoord) - vec2(350,150);
	//float len =  length(scrPos);
	//if(len < 50 )discard;
}


//END

2016-08-21 14:20:30:071[Debug        ]  ShaderProgram::AddShader() file with data was read in
2016-08-21 14:20:30:071[Debug        ] ShaderProgram::AddShader() : glShaderSource() successful
2016-08-21 14:20:30:072[Debug        ] ShaderProgram::AddShader() : glCompileShader() successful
2016-08-21 14:20:30:072[Info         ] ShaderProgram::CheckShaderCompileStatus(9) successful.
2016-08-21 14:20:30:072[Debug        ] ShaderProgram::AddShader() : glCompileShader() successful
2016-08-21 14:20:30:072[Info         ] ShaderInfo saved successfully.
2016-08-21 14:20:30:072[Debug        ] ShaderProgram::AddShader() : glAttachShader() successful
2016-08-21 14:20:30:072[Info         ] ShaderProgram::AddShader [9] successful.
2016-08-21 14:20:30:073[Info         ] CheckProgramStatus() successful!
2016-08-21 14:20:30:073[Info         ] CheckProgramStatus() successful!
2016-08-21 14:20:30:073[Info         ] Shader Init started
2016-08-21 14:20:30:073[Info         ] Shader Program created.
2016-08-21 14:20:30:073[Process      ] ShaderProgram::Initialize()[10] successful!
2016-08-21 14:20:30:073[Debug        ] File [..\Data\shaders\framebuffer.vert.shader] Opened successfully! Buffer Length:[305]
2016-08-21 14:20:30:073[Debug        ] Shader file [..\Data\shaders\framebuffer.vert.shader] contents:
//BEGIN
#version 430 core

layout (location = 0)  in vec3 vPosition;
layout (location = 1)  in vec2 vUV;

layout (location = 16) uniform mat4 MAT;

//out data
out vec2 UV;

//out vec4 color;

void main()
{
	vec4 vertPos = vec4(vPosition, 1.0);
	gl_Position = MAT *  vertPos;

	UV = vUV;
	
	
}
//END

2016-08-21 14:20:30:073[Debug        ]  ShaderProgram::AddShader() file with data was read in
2016-08-21 14:20:30:073[Debug        ] ShaderProgram::AddShader() : glShaderSource() successful
2016-08-21 14:20:30:073[Debug        ] ShaderProgram::AddShader() : glCompileShader() successful
2016-08-21 14:20:30:073[Info         ] ShaderProgram::CheckShaderCompileStatus(11) successful.
2016-08-21 14:20:30:073[Debug        ] ShaderProgram::AddShader() : glCompileShader() successful
2016-08-21 14:20:30:073[Info         ] ShaderInfo saved successfully.
2016-08-21 14:20:30:073[Debug        ] ShaderProgram::AddShader() : glAttachShader() successful
2016-08-21 14:20:30:073[Info         ] ShaderProgram::AddShader [11] successful.
2016-08-21 14:20:30:073[Debug        ] File [..\Data\shaders\framebuffer.frag.shader] Opened successfully! Buffer Length:[275]
2016-08-21 14:20:30:073[Debug        ] Shader file [..\Data\shaders\framebuffer.frag.shader] contents:
//BEGIN
#version 430 core


in  vec2 UV;
out vec4 outColor;

layout(location = 20) uniform sampler2D textureSampler;

void main()
{


	vec3 tempCol = texture(textureSampler, UV).rgb;

	outColor = vec4(tempCol.r / 1.5f, tempCol.g / 1.5f, tempCol.b / 1.5f, 1.0f);
}


//END

2016-08-21 14:20:30:073[Debug        ]  ShaderProgram::AddShader() file with data was read in
2016-08-21 14:20:30:073[Debug        ] ShaderProgram::AddShader() : glShaderSource() successful
2016-08-21 14:20:30:073[Debug        ] ShaderProgram::AddShader() : glCompileShader() successful
2016-08-21 14:20:30:074[Info         ] ShaderProgram::CheckShaderCompileStatus(12) successful.
2016-08-21 14:20:30:074[Debug        ] ShaderProgram::AddShader() : glCompileShader() successful
2016-08-21 14:20:30:074[Info         ] ShaderInfo saved successfully.
2016-08-21 14:20:30:074[Debug        ] ShaderProgram::AddShader() : glAttachShader() successful
2016-08-21 14:20:30:074[Info         ] ShaderProgram::AddShader [12] successful.
2016-08-21 14:20:30:075[Info         ] CheckProgramStatus() successful!
2016-08-21 14:20:30:075[Info         ] CheckProgramStatus() successful!
2016-08-21 14:20:30:075[Info         ] Shader Init started
2016-08-21 14:20:30:075[Info         ] Shader Program created.
2016-08-21 14:20:30:075[Process      ] ShaderProgram::Initialize()[13] successful!
2016-08-21 14:20:30:075[Debug        ] File [..\Data\shaders\lighting.vert.shader] Opened successfully! Buffer Length:[1145]
2016-08-21 14:20:30:075[cDebug       ] Shader file [..\Data\shaders\lighting.vert.shader] is too big to display contents.
2016-08-21 14:20:30:077[Debug        ]  ShaderProgram::AddShader() file with data was read in
2016-08-21 14:20:30:077[Debug        ] ShaderProgram::AddShader() : glShaderSource() successful
2016-08-21 14:20:30:077[Debug        ] ShaderProgram::AddShader() : glCompileShader() successful
2016-08-21 14:20:30:077[Info         ] ShaderProgram::CheckShaderCompileStatus(14) successful.
2016-08-21 14:20:30:077[Debug        ] ShaderProgram::AddShader() : glCompileShader() successful
2016-08-21 14:20:30:077[Info         ] ShaderInfo saved successfully.
2016-08-21 14:20:30:077[Debug        ] ShaderProgram::AddShader() : glAttachShader() successful
2016-08-21 14:20:30:077[Info         ] ShaderProgram::AddShader [14] successful.
2016-08-21 14:20:30:077[Debug        ] File [..\Data\shaders\lighting.frag.shader] Opened successfully! Buffer Length:[1744]
2016-08-21 14:20:30:077[cDebug       ] Shader file [..\Data\shaders\lighting.frag.shader] is too big to display contents.
2016-08-21 14:20:30:078[Debug        ]  ShaderProgram::AddShader() file with data was read in
2016-08-21 14:20:30:078[Debug        ] ShaderProgram::AddShader() : glShaderSource() successful
2016-08-21 14:20:30:079[Debug        ] ShaderProgram::AddShader() : glCompileShader() successful
2016-08-21 14:20:30:079[Info         ] ShaderProgram::CheckShaderCompileStatus(15) successful.
2016-08-21 14:20:30:079[Debug        ] ShaderProgram::AddShader() : glCompileShader() successful
2016-08-21 14:20:30:079[Info         ] ShaderInfo saved successfully.
2016-08-21 14:20:30:079[Debug        ] ShaderProgram::AddShader() : glAttachShader() successful
2016-08-21 14:20:30:079[Info         ] ShaderProgram::AddShader [15] successful.
2016-08-21 14:20:30:082[Info         ] CheckProgramStatus() successful!
2016-08-21 14:20:30:082[Info         ] CheckProgramStatus() successful!
2016-08-21 14:20:30:082[Info         ] Shader Init started
2016-08-21 14:20:30:082[Info         ] Shader Program created.
2016-08-21 14:20:30:082[Process      ] ShaderProgram::Initialize()[16] successful!
2016-08-21 14:20:30:082[Debug        ] File [..\Data\shaders\texlighting.vert.shader] Opened successfully! Buffer Length:[1110]
2016-08-21 14:20:30:082[cDebug       ] Shader file [..\Data\shaders\texlighting.vert.shader] is too big to display contents.
2016-08-21 14:20:30:086[Debug        ]  ShaderProgram::AddShader() file with data was read in
2016-08-21 14:20:30:086[Debug        ] ShaderProgram::AddShader() : glShaderSource() successful
2016-08-21 14:20:30:087[Debug        ] ShaderProgram::AddShader() : glCompileShader() successful
2016-08-21 14:20:30:087[Info         ] ShaderProgram::CheckShaderCompileStatus(17) successful.
2016-08-21 14:20:30:087[Debug        ] ShaderProgram::AddShader() : glCompileShader() successful
2016-08-21 14:20:30:087[Info         ] ShaderInfo saved successfully.
2016-08-21 14:20:30:087[Debug        ] ShaderProgram::AddShader() : glAttachShader() successful
2016-08-21 14:20:30:087[Info         ] ShaderProgram::AddShader [17] successful.
2016-08-21 14:20:30:087[Debug        ] File [..\Data\shaders\texlighting.frag.shader] Opened successfully! Buffer Length:[1717]
2016-08-21 14:20:30:087[cDebug       ] Shader file [..\Data\shaders\texlighting.frag.shader] is too big to display contents.
2016-08-21 14:20:30:088[Debug        ]  ShaderProgram::AddShader() file with data was read in
2016-08-21 14:20:30:088[Debug        ] ShaderProgram::AddShader() : glShaderSource() successful
2016-08-21 14:20:30:089[Debug        ] ShaderProgram::AddShader() : glCompileShader() successful
2016-08-21 14:20:30:089[Info         ] ShaderProgram::CheckShaderCompileStatus(18) successful.
2016-08-21 14:20:30:089[Debug        ] ShaderProgram::AddShader() : glCompileShader() successful
2016-08-21 14:20:30:089[Info         ] ShaderInfo saved successfully.
2016-08-21 14:20:30:089[Debug        ] ShaderProgram::AddShader() : glAttachShader() successful
2016-08-21 14:20:30:089[Info         ] ShaderProgram::AddShader [18] successful.
2016-08-21 14:20:30:091[Info         ] CheckProgramStatus() successful!
2016-08-21 14:20:30:092[Info         ] CheckProgramStatus() successful!
2016-08-21 14:20:30:092[Info         ] Shader Init started
2016-08-21 14:20:30:092[Info         ] Shader Program created.
2016-08-21 14:20:30:092[Process      ] ShaderProgram::Initialize()[19] successful!
2016-08-21 14:20:30:092[Debug        ] File [..\Data\shaders\water.vert.shader] Opened successfully! Buffer Length:[1400]
2016-08-21 14:20:30:092[cDebug       ] Shader file [..\Data\shaders\water.vert.shader] is too big to display contents.
2016-08-21 14:20:30:093[Debug        ]  ShaderProgram::AddShader() file with data was read in
2016-08-21 14:20:30:093[Debug        ] ShaderProgram::AddShader() : glShaderSource() successful
2016-08-21 14:20:30:094[Debug        ] ShaderProgram::AddShader() : glCompileShader() successful
2016-08-21 14:20:30:094[Info         ] ShaderProgram::CheckShaderCompileStatus(20) successful.
2016-08-21 14:20:30:094[Debug        ] ShaderProgram::AddShader() : glCompileShader() successful
2016-08-21 14:20:30:094[Info         ] ShaderInfo saved successfully.
2016-08-21 14:20:30:094[Debug        ] ShaderProgram::AddShader() : glAttachShader() successful
2016-08-21 14:20:30:094[Info         ] ShaderProgram::AddShader [20] successful.
2016-08-21 14:20:30:094[Debug        ] File [..\Data\shaders\water.frag.shader] Opened successfully! Buffer Length:[2436]
2016-08-21 14:20:30:094[cDebug       ] Shader file [..\Data\shaders\water.frag.shader] is too big to display contents.
2016-08-21 14:20:30:096[Debug        ]  ShaderProgram::AddShader() file with data was read in
2016-08-21 14:20:30:096[Debug        ] ShaderProgram::AddShader() : glShaderSource() successful
2016-08-21 14:20:30:096[Debug        ] ShaderProgram::AddShader() : glCompileShader() successful
2016-08-21 14:20:30:096[Info         ] ShaderProgram::CheckShaderCompileStatus(21) successful.
2016-08-21 14:20:30:096[Debug        ] ShaderProgram::AddShader() : glCompileShader() successful
2016-08-21 14:20:30:096[Info         ] ShaderInfo saved successfully.
2016-08-21 14:20:30:097[Debug        ] ShaderProgram::AddShader() : glAttachShader() successful
2016-08-21 14:20:30:097[Info         ] ShaderProgram::AddShader [21] successful.
2016-08-21 14:20:30:099[Info         ] CheckProgramStatus() successful!
2016-08-21 14:20:30:100[Info         ] CheckProgramStatus() successful!
2016-08-21 14:20:30:100[Info         ] GetAttribLocation [vPosition] successful.
2016-08-21 14:20:30:100[Info         ] GetUniformLocation [colorin] successful.
2016-08-21 14:20:30:100[Info         ] GetUniformLocation [MAT] successful.
2016-08-21 14:20:30:100[cProcess     ] RenderEngine::Initialize() successful.
2016-08-21 14:20:30:102[cInfo        ] 
-----------------------------------------------------------------------
 BufferInfo::CreateBuffers()[0] Created buffers:| VERTEX [1] with [80] bytes. || INDEX [2] with [24] bytes |
-----------------------------------------------------------------------

2016-08-21 14:20:30:107[cInfo        ] --------BufferInfo::AddMesh() Added mesh successfully-------
2016-08-21 14:20:30:109[cInfo        ] 
2016-08-21 14:20:30:109[cInfo        ] --------------------| START BUFFER MESH INFO |-------------------------------------
2016-08-21 14:20:30:110[cInfo        ] BufferInfo::AddMesh(): NUM VERTS-----------------[4]
2016-08-21 14:20:30:111[cInfo        ] BufferInfo::AddMesh(): NUM INDICES---------------[6]
2016-08-21 14:20:30:112[cInfo        ] BufferInfo::AddMesh(): VERT OFFSET---------------[0]
2016-08-21 14:20:30:115[cInfo        ] BufferInfo::AddMesh(): INDICES OFFSET (BYTES)----[0]
2016-08-21 14:20:30:117[cInfo        ] --------------------|  END BUFFER MESH INFO  |--------------------------------------
2016-08-21 14:20:30:120[cInfo        ] 

2016-08-21 14:20:30:121[cInfo        ] 
-----------------------------------------------------------------------
 BufferInfo::CreateBuffers()[0] Created buffers:| VERTEX [3] with [96] bytes. || INDEX [4] with [48] bytes |
-----------------------------------------------------------------------

2016-08-21 14:20:30:125[cInfo        ] --------BufferInfo::AddMesh() Added mesh successfully-------
2016-08-21 14:20:30:127[cInfo        ] 
2016-08-21 14:20:30:127[cInfo        ] --------------------| START BUFFER MESH INFO |-------------------------------------
2016-08-21 14:20:30:129[cInfo        ] BufferInfo::AddMesh(): NUM VERTS-----------------[8]
2016-08-21 14:20:30:130[cInfo        ] BufferInfo::AddMesh(): NUM INDICES---------------[24]
2016-08-21 14:20:30:132[cInfo        ] BufferInfo::AddMesh(): VERT OFFSET---------------[0]
2016-08-21 14:20:30:135[cInfo        ] BufferInfo::AddMesh(): INDICES OFFSET (BYTES)----[0]
2016-08-21 14:20:30:136[cInfo        ] --------------------|  END BUFFER MESH INFO  |--------------------------------------
2016-08-21 14:20:30:137[cInfo        ] 

2016-08-21 14:20:30:138[cInfo        ] 
-----------------------------------------------------------------------
 BufferInfo::CreateBuffers()[0] Created buffers:| VERTEX [5] with [864] bytes. || INDEX [6] with [0] bytes |
-----------------------------------------------------------------------

2016-08-21 14:20:30:141[cInfo        ] --------BufferInfo::AddMesh() Added mesh successfully-------
2016-08-21 14:20:30:142[cInfo        ] 
2016-08-21 14:20:30:142[cInfo        ] --------------------| START BUFFER MESH INFO |-------------------------------------
2016-08-21 14:20:30:145[cInfo        ] BufferInfo::AddMesh(): NUM VERTS-----------------[36]
2016-08-21 14:20:30:146[cInfo        ] BufferInfo::AddMesh(): NUM INDICES---------------[0]
2016-08-21 14:20:30:147[cInfo        ] BufferInfo::AddMesh(): VERT OFFSET---------------[0]
2016-08-21 14:20:30:147[cInfo        ] BufferInfo::AddMesh(): INDICES OFFSET (BYTES)----[0]
2016-08-21 14:20:30:148[cInfo        ] --------------------|  END BUFFER MESH INFO  |--------------------------------------
2016-08-21 14:20:30:150[cInfo        ] 

2016-08-21 14:20:30:151[cInfo        ] 
-----------------------------------------------------------------------
 BufferInfo::CreateBuffers()[0] Created buffers:| VERTEX [7] with [144] bytes. || INDEX [8] with [0] bytes |
-----------------------------------------------------------------------

2016-08-21 14:20:30:156[cInfo        ] --------BufferInfo::AddMesh() Added mesh successfully-------
2016-08-21 14:20:30:157[cInfo        ] 
2016-08-21 14:20:30:158[cInfo        ] --------------------| START BUFFER MESH INFO |-------------------------------------
2016-08-21 14:20:30:159[cInfo        ] BufferInfo::AddMesh(): NUM VERTS-----------------[6]
2016-08-21 14:20:30:160[cInfo        ] BufferInfo::AddMesh(): NUM INDICES---------------[0]
2016-08-21 14:20:30:161[cInfo        ] BufferInfo::AddMesh(): VERT OFFSET---------------[0]
2016-08-21 14:20:30:162[cInfo        ] BufferInfo::AddMesh(): INDICES OFFSET (BYTES)----[0]
2016-08-21 14:20:30:164[cInfo        ] --------------------|  END BUFFER MESH INFO  |--------------------------------------
2016-08-21 14:20:30:166[cInfo        ] 

2016-08-21 14:20:30:168[Process      ] BufferInfo::Initialize() successful.
2016-08-21 14:20:30:168[cInfo        ] 
-----------------------------------------------------------------------
 BufferInfo::CreateBuffers()[0] Created buffers:| VERTEX [9] with [1000000] bytes. || INDEX [10] with [1000000] bytes |
-----------------------------------------------------------------------

2016-08-21 14:20:30:173[cInfo        ] --------BufferInfo::AddMesh() Added mesh successfully-------
2016-08-21 14:20:30:176[cInfo        ] 
2016-08-21 14:20:30:176[cInfo        ] --------------------| START BUFFER MESH INFO |-------------------------------------
2016-08-21 14:20:30:178[cInfo        ] BufferInfo::AddMesh(): NUM VERTS-----------------[24]
2016-08-21 14:20:30:179[cInfo        ] BufferInfo::AddMesh(): NUM INDICES---------------[36]
2016-08-21 14:20:30:181[cInfo        ] BufferInfo::AddMesh(): VERT OFFSET---------------[0]
2016-08-21 14:20:30:185[cInfo        ] BufferInfo::AddMesh(): INDICES OFFSET (BYTES)----[0]
2016-08-21 14:20:30:186[cInfo        ] --------------------|  END BUFFER MESH INFO  |--------------------------------------
2016-08-21 14:20:30:187[cInfo        ] 

2016-08-21 14:20:30:189[Process      ] BufferInfo::Initialize() successful.
2016-08-21 14:20:30:189[cInfo        ] 
-----------------------------------------------------------------------
 BufferInfo::CreateBuffers()[1] Created buffers:| VERTEX [11] with [1000000] bytes. || INDEX [12] with [1000000] bytes |
-----------------------------------------------------------------------

2016-08-21 14:20:30:192[cInfo        ] --------BufferInfo::AddMesh() Added mesh successfully-------
2016-08-21 14:20:30:194[cInfo        ] 
2016-08-21 14:20:30:195[cInfo        ] --------------------| START BUFFER MESH INFO |-------------------------------------
2016-08-21 14:20:30:196[cInfo        ] BufferInfo::AddMesh(): NUM VERTS-----------------[1536]
2016-08-21 14:20:30:197[cInfo        ] BufferInfo::AddMesh(): NUM INDICES---------------[3072]
2016-08-21 14:20:30:198[cInfo        ] BufferInfo::AddMesh(): VERT OFFSET---------------[0]
2016-08-21 14:20:30:199[cInfo        ] BufferInfo::AddMesh(): INDICES OFFSET (BYTES)----[0]
2016-08-21 14:20:30:200[cInfo        ] --------------------|  END BUFFER MESH INFO  |--------------------------------------
2016-08-21 14:20:30:202[cInfo        ] 

2016-08-21 14:20:30:202[cInfo        ] 
-----------------------------------------------------------------------
 BufferInfo::CreateBuffers()[0] Created buffers:| VERTEX [13] with [3936] bytes. || INDEX [14] with [0] bytes |
-----------------------------------------------------------------------

2016-08-21 14:20:30:209[cInfo        ] --------BufferInfo::AddMesh() Added mesh successfully-------
2016-08-21 14:20:30:210[cInfo        ] 
2016-08-21 14:20:30:210[cInfo        ] --------------------| START BUFFER MESH INFO |-------------------------------------
2016-08-21 14:20:30:212[cInfo        ] BufferInfo::AddMesh(): NUM VERTS-----------------[164]
2016-08-21 14:20:30:214[cInfo        ] BufferInfo::AddMesh(): NUM INDICES---------------[0]
2016-08-21 14:20:30:215[cInfo        ] BufferInfo::AddMesh(): VERT OFFSET---------------[0]
2016-08-21 14:20:30:216[cInfo        ] BufferInfo::AddMesh(): INDICES OFFSET (BYTES)----[0]
2016-08-21 14:20:30:218[cInfo        ] --------------------|  END BUFFER MESH INFO  |--------------------------------------
2016-08-21 14:20:30:221[cInfo        ] 

2016-08-21 14:20:30:222[cProcess     ] ShapeGenerator initialized successfully.
2016-08-21 14:20:30:223[cProcess     ] Camera::Initialize() successful.
2016-08-21 14:20:30:224[cProcess     ] Keyboard::Initialize() successful
2016-08-21 14:20:30:225[cProcess     ] Keyboard::Initialize() successful
2016-08-21 14:20:30:238[cInfo        ] 
-----------------------------------------------------------------------
 BufferInfo::CreateBuffers()[0] Created buffers:| VERTEX [15] with [10810368] bytes. || INDEX [16] with [0] bytes |
-----------------------------------------------------------------------

2016-08-21 14:20:30:258[cInfo        ] --------BufferInfo::AddMesh() Added mesh successfully-------
2016-08-21 14:20:30:259[cInfo        ] 
2016-08-21 14:20:30:260[cInfo        ] --------------------| START BUFFER MESH INFO |-------------------------------------
2016-08-21 14:20:30:262[cInfo        ] BufferInfo::AddMesh(): NUM VERTS-----------------[337824]
2016-08-21 14:20:30:264[cInfo        ] BufferInfo::AddMesh(): NUM INDICES---------------[0]
2016-08-21 14:20:30:265[cInfo        ] BufferInfo::AddMesh(): VERT OFFSET---------------[0]
2016-08-21 14:20:30:266[cInfo        ] BufferInfo::AddMesh(): INDICES OFFSET (BYTES)----[0]
2016-08-21 14:20:30:267[cInfo        ] --------------------|  END BUFFER MESH INFO  |--------------------------------------
2016-08-21 14:20:30:269[cInfo        ] 

2016-08-21 14:20:30:304[Info         ] ShapeGenerator::ReadSceneFile(): Added new scene [..\Data\Scenes\Dargon.ptn.scene] successfully.
2016-08-21 14:20:30:304[cInfo        ] EntityManager::BuildPlayerEntity(): Built [Dargon] successfully
2016-08-21 14:20:30:307[Process      ] BufferInfo::Initialize() successful.
2016-08-21 14:20:30:314[cInfo        ] 
-----------------------------------------------------------------------
 BufferInfo::CreateBuffers()[2] Created buffers:| VERTEX [17] with [1000000] bytes. || INDEX [18] with [1000000] bytes |
-----------------------------------------------------------------------

2016-08-21 14:20:30:321[cInfo        ] --------BufferInfo::AddMesh() Added mesh successfully-------
2016-08-21 14:20:30:322[cInfo        ] 
2016-08-21 14:20:30:323[cInfo        ] --------------------| START BUFFER MESH INFO |-------------------------------------
2016-08-21 14:20:30:326[cInfo        ] BufferInfo::AddMesh(): NUM VERTS-----------------[36]
2016-08-21 14:20:30:327[cInfo        ] BufferInfo::AddMesh(): NUM INDICES---------------[0]
2016-08-21 14:20:30:328[cInfo        ] BufferInfo::AddMesh(): VERT OFFSET---------------[0]
2016-08-21 14:20:30:329[cInfo        ] BufferInfo::AddMesh(): INDICES OFFSET (BYTES)----[0]
2016-08-21 14:20:30:330[cInfo        ] --------------------|  END BUFFER MESH INFO  |--------------------------------------
2016-08-21 14:20:30:331[cInfo        ] 

2016-08-21 14:20:30:332[Info         ] ShapeGenerator::ReadSceneFile(): Added new scene [..\Data\Scenes\Cube.pn.scene] successfully.
2016-08-21 14:20:30:332[Process      ] BufferInfo::Initialize() successful.
2016-08-21 14:20:30:333[cInfo        ] 
-----------------------------------------------------------------------
 BufferInfo::CreateBuffers()[3] Created buffers:| VERTEX [19] with [1000000] bytes. || INDEX [20] with [1000000] bytes |
-----------------------------------------------------------------------

2016-08-21 14:20:30:340[cInfo        ] --------BufferInfo::AddMesh() Added mesh successfully-------
2016-08-21 14:20:30:342[cInfo        ] 
2016-08-21 14:20:30:342[cInfo        ] --------------------| START BUFFER MESH INFO |-------------------------------------
2016-08-21 14:20:30:345[cInfo        ] BufferInfo::AddMesh(): NUM VERTS-----------------[8718]
2016-08-21 14:20:30:346[cInfo        ] BufferInfo::AddMesh(): NUM INDICES---------------[0]
2016-08-21 14:20:30:347[cInfo        ] BufferInfo::AddMesh(): VERT OFFSET---------------[0]
2016-08-21 14:20:30:348[cInfo        ] BufferInfo::AddMesh(): INDICES OFFSET (BYTES)----[0]
2016-08-21 14:20:30:350[cInfo        ] --------------------|  END BUFFER MESH INFO  |--------------------------------------
2016-08-21 14:20:30:352[cInfo        ] 

2016-08-21 14:20:30:357[Info         ] ShapeGenerator::ReadSceneFile(): Added new scene [..\Data\Scenes\AIWorld.ptn.scene] successfully.
2016-08-21 14:20:30:357[cInfo        ] --------BufferInfo::AddMesh() Added mesh successfully-------
2016-08-21 14:20:30:358[cInfo        ] 
2016-08-21 14:20:30:358[cInfo        ] --------------------| START BUFFER MESH INFO |-------------------------------------
2016-08-21 14:20:30:360[cInfo        ] BufferInfo::AddMesh(): NUM VERTS-----------------[18]
2016-08-21 14:20:30:360[cInfo        ] BufferInfo::AddMesh(): NUM INDICES---------------[0]
2016-08-21 14:20:30:361[cInfo        ] BufferInfo::AddMesh(): VERT OFFSET---------------[36]
2016-08-21 14:20:30:362[cInfo        ] BufferInfo::AddMesh(): INDICES OFFSET (BYTES)----[0]
2016-08-21 14:20:30:364[cInfo        ] --------------------|  END BUFFER MESH INFO  |--------------------------------------
2016-08-21 14:20:30:368[cInfo        ] 

2016-08-21 14:20:30:369[Info         ] ShapeGenerator::ReadSceneFile(): Added new scene [..\Data\Scenes\Pyramid.pn.scene] successfully.
2016-08-21 14:20:30:378[cInfo        ] 
-----------------------------------------------------------------------
 BufferInfo::CreateBuffers()[0] Created buffers:| VERTEX [21] with [5529600] bytes. || INDEX [22] with [0] bytes |
-----------------------------------------------------------------------

2016-08-21 14:20:30:410[cInfo        ] --------BufferInfo::AddMesh() Added mesh successfully-------
2016-08-21 14:20:30:411[cInfo        ] 
2016-08-21 14:20:30:413[cInfo        ] --------------------| START BUFFER MESH INFO |-------------------------------------
2016-08-21 14:20:30:420[cInfo        ] BufferInfo::AddMesh(): NUM VERTS-----------------[172800]
2016-08-21 14:20:30:422[cInfo        ] BufferInfo::AddMesh(): NUM INDICES---------------[0]
2016-08-21 14:20:30:423[cInfo        ] BufferInfo::AddMesh(): VERT OFFSET---------------[0]
2016-08-21 14:20:30:424[cInfo        ] BufferInfo::AddMesh(): INDICES OFFSET (BYTES)----[0]
2016-08-21 14:20:30:425[cInfo        ] --------------------|  END BUFFER MESH INFO  |--------------------------------------
2016-08-21 14:20:30:429[cInfo        ] 

2016-08-21 14:20:30:430[Info         ] ShapeGenerator::ReadSceneFile(): Added new scene [..\Data\Scenes\WaterPlane.ptn.scene] successfully.
2016-08-21 14:20:30:431[cProcess     ] Camera::Initialize() successful.
2016-08-21 14:20:30:444[Process      ] BufferInfo::Initialize() successful.
2016-08-21 14:20:30:444[cInfo        ] 
-----------------------------------------------------------------------
 BufferInfo::CreateBuffers()[4] Created buffers:| VERTEX [23] with [8107776] bytes. || INDEX [24] with [0] bytes |
-----------------------------------------------------------------------

2016-08-21 14:20:30:469[cInfo        ] --------BufferInfo::AddMesh() Added mesh successfully-------
2016-08-21 14:20:30:470[cInfo        ] 
2016-08-21 14:20:30:470[cInfo        ] --------------------| START BUFFER MESH INFO |-------------------------------------
2016-08-21 14:20:30:472[cInfo        ] BufferInfo::AddMesh(): NUM VERTS-----------------[337824]
2016-08-21 14:20:30:473[cInfo        ] BufferInfo::AddMesh(): NUM INDICES---------------[0]
2016-08-21 14:20:30:474[cInfo        ] BufferInfo::AddMesh(): VERT OFFSET---------------[0]
2016-08-21 14:20:30:474[cInfo        ] BufferInfo::AddMesh(): INDICES OFFSET (BYTES)----[0]
2016-08-21 14:20:30:476[cInfo        ] --------------------|  END BUFFER MESH INFO  |--------------------------------------
2016-08-21 14:20:30:477[cInfo        ] 

2016-08-21 14:20:30:478[Info         ] ShapeGenerator::ReadSceneFile(): Added new scene [..\Data\Scenes\Dargon.pn.scene] successfully.
2016-08-21 14:20:30:478[Process      ] BufferInfo::Initialize() successful.
2016-08-21 14:20:30:478[cInfo        ] 
-----------------------------------------------------------------------
 BufferInfo::CreateBuffers()[5] Created buffers:| VERTEX [25] with [1000000] bytes. || INDEX [26] with [1000000] bytes |
-----------------------------------------------------------------------

2016-08-21 14:20:30:482[cInfo        ] --------BufferInfo::AddMesh() Added mesh successfully-------
2016-08-21 14:20:30:483[cInfo        ] 
2016-08-21 14:20:30:484[cInfo        ] --------------------| START BUFFER MESH INFO |-------------------------------------
2016-08-21 14:20:30:486[cInfo        ] BufferInfo::AddMesh(): NUM VERTS-----------------[6]
2016-08-21 14:20:30:486[cInfo        ] BufferInfo::AddMesh(): NUM INDICES---------------[0]
2016-08-21 14:20:30:487[cInfo        ] BufferInfo::AddMesh(): VERT OFFSET---------------[0]
2016-08-21 14:20:30:488[cInfo        ] BufferInfo::AddMesh(): INDICES OFFSET (BYTES)----[0]
2016-08-21 14:20:30:489[cInfo        ] --------------------|  END BUFFER MESH INFO  |--------------------------------------
2016-08-21 14:20:30:490[cInfo        ] 

2016-08-21 14:20:30:490[cProcess     ] BodaciousQuest::Initialize() successful.
2016-08-21 14:20:30:491[Process      ] GameTime::Initialize() ok

2016-08-21 14:20:30:491[cProcess     ] MyWindow::Initialize() successful!
2016-08-21 14:20:36:122[cInfo        ] Cube Position: -0.875458 3.673020 1.043331
2016-08-21 14:21:14:464[cInfo        ] Cube Position: -23.900005 -4.590178 24.542570
2016-08-21 14:21:22:779[cProcess     ] BufferManager::Shutdown() successful.
2016-08-21 14:21:22:780[cProcess     ] RenderEngine::Shutdown() successful.
2016-08-21 14:21:22:781[cProcess     ] Camera::Shutdown() successful.
2016-08-21 14:21:22:782[Info         ] Shader  [2] deleting...
2016-08-21 14:21:22:782[Info         ] Shader  [2] deleted successfully.
2016-08-21 14:21:22:782[Info         ] Shader  [3] deleting...
2016-08-21 14:21:22:782[Info         ] Shader  [3] deleted successfully.
2016-08-21 14:21:22:782[Info         ] All shaders deleted successfully.
2016-08-21 14:21:22:782[cInfo        ] Program [1] deleted successfully.
2016-08-21 14:21:22:783[Process      ] ShaderProgram[1]::Shutdown successful!
2016-08-21 14:21:22:783[Info         ] Shader  [5] deleting...
2016-08-21 14:21:22:783[Info         ] Shader  [5] deleted successfully.
2016-08-21 14:21:22:783[Info         ] Shader  [6] deleting...
2016-08-21 14:21:22:783[Info         ] Shader  [6] deleted successfully.
2016-08-21 14:21:22:783[Info         ] All shaders deleted successfully.
2016-08-21 14:21:22:783[cInfo        ] Program [4] deleted successfully.
2016-08-21 14:21:22:784[Process      ] ShaderProgram[4]::Shutdown successful!
2016-08-21 14:21:22:784[Info         ] Shader  [8] deleting...
2016-08-21 14:21:22:784[Info         ] Shader  [8] deleted successfully.
2016-08-21 14:21:22:784[Info         ] Shader  [9] deleting...
2016-08-21 14:21:22:784[Info         ] Shader  [9] deleted successfully.
2016-08-21 14:21:22:784[Info         ] All shaders deleted successfully.
2016-08-21 14:21:22:784[cInfo        ] Program [7] deleted successfully.
2016-08-21 14:21:22:785[Process      ] ShaderProgram[7]::Shutdown successful!
2016-08-21 14:21:22:785[Info         ] Shader  [11] deleting...
2016-08-21 14:21:22:785[Info         ] Shader  [11] deleted successfully.
2016-08-21 14:21:22:785[Info         ] Shader  [12] deleting...
2016-08-21 14:21:22:785[Info         ] Shader  [12] deleted successfully.
2016-08-21 14:21:22:785[Info         ] All shaders deleted successfully.
2016-08-21 14:21:22:785[cInfo        ] Program [10] deleted successfully.
2016-08-21 14:21:22:786[Process      ] ShaderProgram[10]::Shutdown successful!
2016-08-21 14:21:22:786[Info         ] Shader  [14] deleting...
2016-08-21 14:21:22:786[Info         ] Shader  [14] deleted successfully.
2016-08-21 14:21:22:786[Info         ] Shader  [15] deleting...
2016-08-21 14:21:22:786[Info         ] Shader  [15] deleted successfully.
2016-08-21 14:21:22:786[Info         ] All shaders deleted successfully.
2016-08-21 14:21:22:786[cInfo        ] Program [13] deleted successfully.
2016-08-21 14:21:22:786[Process      ] ShaderProgram[13]::Shutdown successful!
2016-08-21 14:21:22:787[Info         ] Shader  [17] deleting...
2016-08-21 14:21:22:787[Info         ] Shader  [17] deleted successfully.
2016-08-21 14:21:22:787[Info         ] Shader  [18] deleting...
2016-08-21 14:21:22:787[Info         ] Shader  [18] deleted successfully.
2016-08-21 14:21:22:787[Info         ] All shaders deleted successfully.
2016-08-21 14:21:22:787[cInfo        ] Program [16] deleted successfully.
2016-08-21 14:21:22:789[Process      ] ShaderProgram[16]::Shutdown successful!
2016-08-21 14:21:22:789[Info         ] Shader  [20] deleting...
2016-08-21 14:21:22:789[Info         ] Shader  [20] deleted successfully.
2016-08-21 14:21:22:789[Info         ] Shader  [21] deleting...
2016-08-21 14:21:22:789[Info         ] Shader  [21] deleted successfully.
2016-08-21 14:21:22:790[Info         ] All shaders deleted successfully.
2016-08-21 14:21:22:790[cInfo        ] Program [19] deleted successfully.
2016-08-21 14:21:22:790[Process      ] ShaderProgram[19]::Shutdown successful!
2016-08-21 14:21:22:790[cProcess     ] MyWindow::Shutdown() successful!
2016-08-21 14:21:22:791[cProcess     ] BodaciousQuest::Shutdown() successful.
2016-08-21 14:21:22:801[Process      ] ConfigReader shut down successfully
2016-08-21 14:21:22:801[Process      ] GameLogger::ShutDown() successful
