2016-08-21 13:35:07:230[Process      ] GameLogger::Initialize() opened log file [..\Data\LogFiles\2016-08-21 13-35-07.BodaciousQuest.log] for writing
2016-08-21 13:35:07:230[Info         ] GameLogger::Initialize() successful
2016-08-21 13:35:07:231[Process      ] ConfigReader opened [..\Data\BodaciousQuest.config] successfully
2016-08-21 13:35:07:231[Info         ] ConfigReader initialized successfully
2016-08-21 13:35:07:231[Info         ] Valid KVP [BodaciousQuest.ShowFullScreen] [false] added
2016-08-21 13:35:07:231[Info         ] Valid KVP [BodaciousQuest.FpsInterval] [5.0] added
2016-08-21 13:35:07:232[Info         ] Valid KVP [BodaciousQuest.EnableControls] [true] added
2016-08-21 13:35:07:232[Info         ] Valid KVP [BodaciousQuest.LoadCubeFirst] [true] added
2016-08-21 13:35:07:232[Info         ] Valid KVP [BodaciousQuest.CameraWalkMode] [false] added
2016-08-21 13:35:07:232[Info         ] Valid KVP [BodaciousQuest.GridSize] [40] added
2016-08-21 13:35:07:232[Info         ] Valid KVP [BodaciousQuest.LightingTest.Ambient.Color] [1.0  1.0  1.0] added
2016-08-21 13:35:07:232[Info         ] Valid KVP [BodaciousQuest.LightingTest.Diffuse.Color] [1.0  1.0  1.0] added
2016-08-21 13:35:07:232[Info         ] Valid KVP [BodaciousQuest.LightingTest.Specular.Color] [0.0  0.0  0.0] added
2016-08-21 13:35:07:232[Info         ] Valid KVP [BodaciousQuest.LightingTest.Ambient.Reflectivity] [0.01] added
2016-08-21 13:35:07:232[Info         ] Valid KVP [BodaciousQuest.LightingTest.Diffuse.Reflectivity] [0.8] added
2016-08-21 13:35:07:232[Info         ] Valid KVP [BodaciousQuest.LightingTest.Specular.Reflectivity] [0.5] added
2016-08-21 13:35:07:232[Info         ] Valid KVP [BodaciousQuest.LightingTest.Specular.Shininess] [1.0] added
2016-08-21 13:35:07:232[Info         ] Valid KVP [BodaciousQuest.LightingTest.Falloff.A] [1.0] added
2016-08-21 13:35:07:232[Info         ] Valid KVP [BodaciousQuest.LightingTest.Falloff.B] [0.01] added
2016-08-21 13:35:07:232[Info         ] Valid KVP [BodaciousQuest.LightingTest.Falloff.C] [0.0001] added
2016-08-21 13:35:07:232[Info         ] Valid KVP [BodaciousQuest.LightingTest.Directional] [false] added
2016-08-21 13:35:07:232[Info         ] Valid KVP [BodaciousQuest.LightingTest.Direction] [-1.0 0.0 1.0] added
2016-08-21 13:35:07:232[Info         ] Valid KVP [BodaciousQuest.LightingTest.Light.Position] [-0.875458 3.673020 1.043331] added
2016-08-21 13:35:07:232[Info         ] Valid KVP [BodaciousQuest.LightingTest.Dargon.Color] [1.0 1.0 0.4] added
2016-08-21 13:35:07:232[Info         ] Valid KVP [ObjConverter.Mode.VertexType] [pn] added
2016-08-21 13:35:07:232[Info         ] Valid KVP [ObjConverter.Mode.Analyze] [false] added
2016-08-21 13:35:07:233[Info         ] Valid KVP [ObjConverter.Model] [Dargon] added
2016-08-21 13:35:07:233[Info         ] Valid KVP [ObjConverter.Shader] [4] added
2016-08-21 13:35:07:233[Info         ] Valid KVP [ObjConverter.Color] [random] added
2016-08-21 13:35:07:233[Info         ] Valid KVP [ObjConverter.Obj.InputFileFolder] [..\\Data\\Objs\\] added
2016-08-21 13:35:07:233[Info         ] Valid KVP [ObjConverter.Scene.OutputFileFolder] [..\\Data\\Scenes\\] added
2016-08-21 13:35:07:233[Info         ] Valid KVP [ObjConverter.Model.Dargon.NumVerts] [57967] added
2016-08-21 13:35:07:233[Info         ] Valid KVP [ObjConverter.Model.Dargon.NumIndices] [337824] added
2016-08-21 13:35:07:233[Info         ] Valid KVP [ObjConverter.Model.Dargon.NumTexCoords] [60175] added
2016-08-21 13:35:07:233[Info         ] Valid KVP [ObjConverter.Model.Dargon.NumNormals] [337824] added
2016-08-21 13:35:07:233[Info         ] Valid KVP [ObjConverter.Model.Swamp.NumVerts] [2735] added
2016-08-21 13:35:07:233[Info         ] Valid KVP [ObjConverter.Model.Swamp.NumIndices] [8556] added
2016-08-21 13:35:07:233[Info         ] Valid KVP [ObjConverter.Model.Swamp.NumTexCoords] [3622] added
2016-08-21 13:35:07:233[Info         ] Valid KVP [ObjConverter.Model.Swamp.NumNormals] [5156] added
2016-08-21 13:35:07:233[Info         ] Valid KVP [ObjConverter.Model.Pyramid.NumVerts] [5] added
2016-08-21 13:35:07:233[Info         ] Valid KVP [ObjConverter.Model.Pyramid.NumIndices] [18] added
2016-08-21 13:35:07:233[Info         ] Valid KVP [ObjConverter.Model.Pyramid.NumTexCoords] [10] added
2016-08-21 13:35:07:233[Info         ] Valid KVP [ObjConverter.Model.Pyramid.NumNormals] [16] added
2016-08-21 13:35:07:233[Info         ] Valid KVP [ObjConverter.Model.AIWorld.NumVerts] [1957] added
2016-08-21 13:35:07:233[Info         ] Valid KVP [ObjConverter.Model.AIWorld.NumIndices] [8718] added
2016-08-21 13:35:07:233[Info         ] Valid KVP [ObjConverter.Model.AIWorld.NumTexCoords] [4186] added
2016-08-21 13:35:07:233[Info         ] Valid KVP [ObjConverter.Model.AIWorld.NumNormals] [5418] added
2016-08-21 13:35:07:233[Info         ] Valid KVP [ObjConverter.Model.GameWeapon.NumVerts] [2068] added
2016-08-21 13:35:07:233[Info         ] Valid KVP [ObjConverter.Model.GameWeapon.NumIndices] [9894] added
2016-08-21 13:35:07:233[Info         ] Valid KVP [ObjConverter.Model.GameWeapon.NumTexCoords] [0] added
2016-08-21 13:35:07:233[Info         ] Valid KVP [ObjConverter.Model.GameWeapon.NumNormals] [0] added
2016-08-21 13:35:07:233[Info         ] Valid KVP [ObjConverter.Model.Chicken.NumVerts] [224] added
2016-08-21 13:35:07:233[Info         ] Valid KVP [ObjConverter.Model.Chicken.NumIndices] [1374] added
2016-08-21 13:35:07:233[Info         ] Valid KVP [ObjConverter.Model.Chicken.NumTexCoords] [472] added
2016-08-21 13:35:07:233[Info         ] Valid KVP [ObjConverter.Model.Chicken.NumNormals] [565] added
2016-08-21 13:35:07:233[Info         ] Valid KVP [ObjConverter.Model.WaterPlane.NumVerts] [29282] added
2016-08-21 13:35:07:233[Info         ] Valid KVP [ObjConverter.Model.WaterPlane.NumIndices] [172800] added
2016-08-21 13:35:07:233[Info         ] Valid KVP [ObjConverter.Model.WaterPlane.NumTexCoords] [29282] added
2016-08-21 13:35:07:233[Info         ] Valid KVP [ObjConverter.Model.WaterPlane.NumNormals] [172800] added
2016-08-21 13:35:07:233[Info         ] Valid KVP [ObjConverter.Model.Cube.NumVerts] [8] added
2016-08-21 13:35:07:233[Info         ] Valid KVP [ObjConverter.Model.Cube.NumIndices] [36] added
2016-08-21 13:35:07:233[Info         ] Valid KVP [ObjConverter.Model.Cube.NumTexCoords] [14] added
2016-08-21 13:35:07:233[Info         ] Valid KVP [ObjConverter.Model.Cube.NumNormals] [24] added
2016-08-21 13:35:07:233[Info         ] Valid KVP [ObjConverter.Model.Barrel.NumVerts] [172] added
2016-08-21 13:35:07:233[Info         ] Valid KVP [ObjConverter.Model.Barrel.NumIndices] [1008] added
2016-08-21 13:35:07:233[Info         ] Valid KVP [ObjConverter.Model.Barrel.NumTexCoords] [328] added
2016-08-21 13:35:07:233[Info         ] Valid KVP [ObjConverter.Model.Barrel.NumNormals] [204] added
2016-08-21 13:35:07:233[Info         ] Valid KVP [ObjConverter.Model.SkyBox.NumVerts] [8] added
2016-08-21 13:35:07:233[Info         ] Valid KVP [ObjConverter.Model.SkyBox.NumIndices] [36] added
2016-08-21 13:35:07:233[Info         ] Valid KVP [ObjConverter.Model.SkyBox.NumTexCoords] [18] added
2016-08-21 13:35:07:233[Info         ] Valid KVP [ObjConverter.Model.SkyBox.NumNormals] [24] added
2016-08-21 13:35:07:300[cInfo        ] Config reader opened [..\Data\BodaciousQuest.config] for reading!
2016-08-21 13:35:07:356[Process      ] ShaderManager Initialized successfully
2016-08-21 13:35:07:356[Info         ] Shader Init started
2016-08-21 13:35:07:356[Info         ] Shader Program created.
2016-08-21 13:35:07:356[Process      ] ShaderProgram::Initialize()[1] successful!
2016-08-21 13:35:07:356[Debug        ] File [..\Data\shaders\debug.vert.shader] Opened successfully! Buffer Length:[291]
2016-08-21 13:35:07:356[Debug        ] Shader file [..\Data\shaders\debug.vert.shader] contents:
//BEGIN
#version 430 core

layout(location = 0)  in vec3 vPosition;

layout(location = 15) uniform vec3 colorin;
layout(location = 16) uniform mat4 MAT;

out vec4 color;

void main()
{
	vec4 vertPos = vec4(vPosition, 1.0);
	gl_Position = MAT *  vertPos;
	color = vec4(colorin, 1.0);
}
//END

2016-08-21 13:35:07:356[Debug        ]  ShaderProgram::AddShader() file with data was read in
2016-08-21 13:35:07:356[Debug        ] ShaderProgram::AddShader() : glShaderSource() successful
2016-08-21 13:35:07:357[Debug        ] ShaderProgram::AddShader() : glCompileShader() successful
2016-08-21 13:35:07:357[Info         ] ShaderProgram::CheckShaderCompileStatus(2) successful.
2016-08-21 13:35:07:357[Debug        ] ShaderProgram::AddShader() : glCompileShader() successful
2016-08-21 13:35:07:357[Info         ] ShaderInfo saved successfully.
2016-08-21 13:35:07:357[Debug        ] ShaderProgram::AddShader() : glAttachShader() successful
2016-08-21 13:35:07:357[Info         ] ShaderProgram::AddShader [2] successful.
2016-08-21 13:35:07:357[Debug        ] File [..\Data\shaders\debug.frag.shader] Opened successfully! Buffer Length:[104]
2016-08-21 13:35:07:357[Debug        ] Shader file [..\Data\shaders\debug.frag.shader] contents:
//BEGIN
#version 430 core


in  vec4 color;
out vec4 outColor;

void main()
{
	outColor = color;
}


//END

2016-08-21 13:35:07:357[Debug        ]  ShaderProgram::AddShader() file with data was read in
2016-08-21 13:35:07:357[Debug        ] ShaderProgram::AddShader() : glShaderSource() successful
2016-08-21 13:35:07:357[Debug        ] ShaderProgram::AddShader() : glCompileShader() successful
2016-08-21 13:35:07:357[Info         ] ShaderProgram::CheckShaderCompileStatus(3) successful.
2016-08-21 13:35:07:357[Debug        ] ShaderProgram::AddShader() : glCompileShader() successful
2016-08-21 13:35:07:357[Info         ] ShaderInfo saved successfully.
2016-08-21 13:35:07:357[Debug        ] ShaderProgram::AddShader() : glAttachShader() successful
2016-08-21 13:35:07:357[Info         ] ShaderProgram::AddShader [3] successful.
2016-08-21 13:35:07:358[Info         ] CheckProgramStatus() successful!
2016-08-21 13:35:07:358[Info         ] CheckProgramStatus() successful!
2016-08-21 13:35:07:358[Info         ] Shader Init started
2016-08-21 13:35:07:358[Info         ] Shader Program created.
2016-08-21 13:35:07:358[Process      ] ShaderProgram::Initialize()[4] successful!
2016-08-21 13:35:07:358[Debug        ] File [..\Data\shaders\play.vert.shader] Opened successfully! Buffer Length:[343]
2016-08-21 13:35:07:358[Debug        ] Shader file [..\Data\shaders\play.vert.shader] contents:
//BEGIN
#version 430 core

layout (location = 0)  in vec3 vPosition;
layout (location = 1)  in vec3 vColor;
layout (location = 15) uniform vec3 colorin;
layout (location = 16) uniform mat4 MAT;

out vec4 color;

void main()
{
	vec4 vertPos = vec4(vPosition, 1.0);
	gl_Position = MAT *  vertPos;
	color = vec4((vColor + colorin), 1.0);
}
//END

2016-08-21 13:35:07:358[Debug        ]  ShaderProgram::AddShader() file with data was read in
2016-08-21 13:35:07:358[Debug        ] ShaderProgram::AddShader() : glShaderSource() successful
2016-08-21 13:35:07:358[Debug        ] ShaderProgram::AddShader() : glCompileShader() successful
2016-08-21 13:35:07:358[Info         ] ShaderProgram::CheckShaderCompileStatus(5) successful.
2016-08-21 13:35:07:358[Debug        ] ShaderProgram::AddShader() : glCompileShader() successful
2016-08-21 13:35:07:358[Info         ] ShaderInfo saved successfully.
2016-08-21 13:35:07:358[Debug        ] ShaderProgram::AddShader() : glAttachShader() successful
2016-08-21 13:35:07:358[Info         ] ShaderProgram::AddShader [5] successful.
2016-08-21 13:35:07:359[Debug        ] File [..\Data\shaders\play.frag.shader] Opened successfully! Buffer Length:[391]
2016-08-21 13:35:07:359[Debug        ] Shader file [..\Data\shaders\play.frag.shader] contents:
//BEGIN
#version 430 core


in  vec4 color;
out vec4 outColor;

void main()
{

	//if (color.r < .7) discard;
	outColor = color;

	//if(((gl_FragCoord.x  > 600)&& (gl_FragCoord.y < 300)) || ((gl_FragCoord.y < 300)  && (gl_FragCoord.x  < 600) )) {
	//discard;
	//}

	//vec2 scrPos = vec2(gl_FragCoord) - vec2(350,150);
	//float len =  length(scrPos);
	//if(len < 50 )discard;
}


//END

2016-08-21 13:35:07:359[Debug        ]  ShaderProgram::AddShader() file with data was read in
2016-08-21 13:35:07:359[Debug        ] ShaderProgram::AddShader() : glShaderSource() successful
2016-08-21 13:35:07:359[Debug        ] ShaderProgram::AddShader() : glCompileShader() successful
2016-08-21 13:35:07:359[Info         ] ShaderProgram::CheckShaderCompileStatus(6) successful.
2016-08-21 13:35:07:359[Debug        ] ShaderProgram::AddShader() : glCompileShader() successful
2016-08-21 13:35:07:359[Info         ] ShaderInfo saved successfully.
2016-08-21 13:35:07:359[Debug        ] ShaderProgram::AddShader() : glAttachShader() successful
2016-08-21 13:35:07:359[Info         ] ShaderProgram::AddShader [6] successful.
2016-08-21 13:35:07:360[Info         ] CheckProgramStatus() successful!
2016-08-21 13:35:07:360[Info         ] CheckProgramStatus() successful!
2016-08-21 13:35:07:360[Info         ] Shader Init started
2016-08-21 13:35:07:360[Info         ] Shader Program created.
2016-08-21 13:35:07:360[Process      ] ShaderProgram::Initialize()[7] successful!
2016-08-21 13:35:07:360[Debug        ] File [..\Data\shaders\texture.vert.shader] Opened successfully! Buffer Length:[305]
2016-08-21 13:35:07:360[Debug        ] Shader file [..\Data\shaders\texture.vert.shader] contents:
//BEGIN
#version 430 core

layout (location = 0)  in vec3 vPosition;
layout (location = 1)  in vec2 vUV;

layout (location = 16) uniform mat4 MAT;

//out data
out vec2 UV;

//out vec4 color;

void main()
{
	vec4 vertPos = vec4(vPosition, 1.0);
	gl_Position = MAT *  vertPos;

	UV = vUV;
	
	
}
//END

2016-08-21 13:35:07:360[Debug        ]  ShaderProgram::AddShader() file with data was read in
2016-08-21 13:35:07:360[Debug        ] ShaderProgram::AddShader() : glShaderSource() successful
2016-08-21 13:35:07:360[Debug        ] ShaderProgram::AddShader() : glCompileShader() successful
2016-08-21 13:35:07:360[Info         ] ShaderProgram::CheckShaderCompileStatus(8) successful.
2016-08-21 13:35:07:360[Debug        ] ShaderProgram::AddShader() : glCompileShader() successful
2016-08-21 13:35:07:360[Info         ] ShaderInfo saved successfully.
2016-08-21 13:35:07:360[Debug        ] ShaderProgram::AddShader() : glAttachShader() successful
2016-08-21 13:35:07:360[Info         ] ShaderProgram::AddShader [8] successful.
2016-08-21 13:35:07:360[Debug        ] File [..\Data\shaders\texture.frag.shader] Opened successfully! Buffer Length:[482]
2016-08-21 13:35:07:360[Debug        ] Shader file [..\Data\shaders\texture.frag.shader] contents:
//BEGIN
#version 430 core


in  vec2 UV;
out vec4 outColor;

layout(location = 20) uniform sampler2D textureSampler;

void main()
{

	//if (color.r < .7) discard;
	outColor = vec4(texture(textureSampler, UV).rgb, 1.0);

	//if(((gl_FragCoord.x  > 600)&& (gl_FragCoord.y < 300)) || ((gl_FragCoord.y < 300)  && (gl_FragCoord.x  < 600) )) {
	//discard;
	//}
	//vec2 scrPos = vec2(gl_FragCoord) - vec2(350,150);
	//float len =  length(scrPos);
	//if(len < 50 )discard;
}


//END

2016-08-21 13:35:07:360[Debug        ]  ShaderProgram::AddShader() file with data was read in
2016-08-21 13:35:07:360[Debug        ] ShaderProgram::AddShader() : glShaderSource() successful
2016-08-21 13:35:07:361[Debug        ] ShaderProgram::AddShader() : glCompileShader() successful
2016-08-21 13:35:07:361[Info         ] ShaderProgram::CheckShaderCompileStatus(9) successful.
2016-08-21 13:35:07:361[Debug        ] ShaderProgram::AddShader() : glCompileShader() successful
2016-08-21 13:35:07:361[Info         ] ShaderInfo saved successfully.
2016-08-21 13:35:07:361[Debug        ] ShaderProgram::AddShader() : glAttachShader() successful
2016-08-21 13:35:07:361[Info         ] ShaderProgram::AddShader [9] successful.
2016-08-21 13:35:07:362[Info         ] CheckProgramStatus() successful!
2016-08-21 13:35:07:362[Info         ] CheckProgramStatus() successful!
2016-08-21 13:35:07:362[Info         ] Shader Init started
2016-08-21 13:35:07:362[Info         ] Shader Program created.
2016-08-21 13:35:07:362[Process      ] ShaderProgram::Initialize()[10] successful!
2016-08-21 13:35:07:362[Debug        ] File [..\Data\shaders\framebuffer.vert.shader] Opened successfully! Buffer Length:[305]
2016-08-21 13:35:07:362[Debug        ] Shader file [..\Data\shaders\framebuffer.vert.shader] contents:
//BEGIN
#version 430 core

layout (location = 0)  in vec3 vPosition;
layout (location = 1)  in vec2 vUV;

layout (location = 16) uniform mat4 MAT;

//out data
out vec2 UV;

//out vec4 color;

void main()
{
	vec4 vertPos = vec4(vPosition, 1.0);
	gl_Position = MAT *  vertPos;

	UV = vUV;
	
	
}
//END

2016-08-21 13:35:07:362[Debug        ]  ShaderProgram::AddShader() file with data was read in
2016-08-21 13:35:07:362[Debug        ] ShaderProgram::AddShader() : glShaderSource() successful
2016-08-21 13:35:07:362[Debug        ] ShaderProgram::AddShader() : glCompileShader() successful
2016-08-21 13:35:07:362[Info         ] ShaderProgram::CheckShaderCompileStatus(11) successful.
2016-08-21 13:35:07:362[Debug        ] ShaderProgram::AddShader() : glCompileShader() successful
2016-08-21 13:35:07:362[Info         ] ShaderInfo saved successfully.
2016-08-21 13:35:07:362[Debug        ] ShaderProgram::AddShader() : glAttachShader() successful
2016-08-21 13:35:07:362[Info         ] ShaderProgram::AddShader [11] successful.
2016-08-21 13:35:07:362[Debug        ] File [..\Data\shaders\framebuffer.frag.shader] Opened successfully! Buffer Length:[275]
2016-08-21 13:35:07:362[Debug        ] Shader file [..\Data\shaders\framebuffer.frag.shader] contents:
//BEGIN
#version 430 core


in  vec2 UV;
out vec4 outColor;

layout(location = 20) uniform sampler2D textureSampler;

void main()
{


	vec3 tempCol = texture(textureSampler, UV).rgb;

	outColor = vec4(tempCol.r / 1.5f, tempCol.g / 1.5f, tempCol.b / 1.5f, 1.0f);
}


//END

2016-08-21 13:35:07:363[Debug        ]  ShaderProgram::AddShader() file with data was read in
2016-08-21 13:35:07:363[Debug        ] ShaderProgram::AddShader() : glShaderSource() successful
2016-08-21 13:35:07:363[Debug        ] ShaderProgram::AddShader() : glCompileShader() successful
2016-08-21 13:35:07:363[Info         ] ShaderProgram::CheckShaderCompileStatus(12) successful.
2016-08-21 13:35:07:363[Debug        ] ShaderProgram::AddShader() : glCompileShader() successful
2016-08-21 13:35:07:363[Info         ] ShaderInfo saved successfully.
2016-08-21 13:35:07:363[Debug        ] ShaderProgram::AddShader() : glAttachShader() successful
2016-08-21 13:35:07:363[Info         ] ShaderProgram::AddShader [12] successful.
2016-08-21 13:35:07:365[Info         ] CheckProgramStatus() successful!
2016-08-21 13:35:07:365[Info         ] CheckProgramStatus() successful!
2016-08-21 13:35:07:365[Info         ] Shader Init started
2016-08-21 13:35:07:365[Info         ] Shader Program created.
2016-08-21 13:35:07:365[Process      ] ShaderProgram::Initialize()[13] successful!
2016-08-21 13:35:07:365[Debug        ] File [..\Data\shaders\lighting.vert.shader] Opened successfully! Buffer Length:[1145]
2016-08-21 13:35:07:365[cDebug       ] Shader file [..\Data\shaders\lighting.vert.shader] is too big to display contents.
2016-08-21 13:35:07:367[Debug        ]  ShaderProgram::AddShader() file with data was read in
2016-08-21 13:35:07:367[Debug        ] ShaderProgram::AddShader() : glShaderSource() successful
2016-08-21 13:35:07:367[Debug        ] ShaderProgram::AddShader() : glCompileShader() successful
2016-08-21 13:35:07:367[Info         ] ShaderProgram::CheckShaderCompileStatus(14) successful.
2016-08-21 13:35:07:367[Debug        ] ShaderProgram::AddShader() : glCompileShader() successful
2016-08-21 13:35:07:367[Info         ] ShaderInfo saved successfully.
2016-08-21 13:35:07:367[Debug        ] ShaderProgram::AddShader() : glAttachShader() successful
2016-08-21 13:35:07:367[Info         ] ShaderProgram::AddShader [14] successful.
2016-08-21 13:35:07:367[Debug        ] File [..\Data\shaders\lighting.frag.shader] Opened successfully! Buffer Length:[1744]
2016-08-21 13:35:07:367[cDebug       ] Shader file [..\Data\shaders\lighting.frag.shader] is too big to display contents.
2016-08-21 13:35:07:368[Debug        ]  ShaderProgram::AddShader() file with data was read in
2016-08-21 13:35:07:368[Debug        ] ShaderProgram::AddShader() : glShaderSource() successful
2016-08-21 13:35:07:369[Debug        ] ShaderProgram::AddShader() : glCompileShader() successful
2016-08-21 13:35:07:369[Info         ] ShaderProgram::CheckShaderCompileStatus(15) successful.
2016-08-21 13:35:07:369[Debug        ] ShaderProgram::AddShader() : glCompileShader() successful
2016-08-21 13:35:07:369[Info         ] ShaderInfo saved successfully.
2016-08-21 13:35:07:369[Debug        ] ShaderProgram::AddShader() : glAttachShader() successful
2016-08-21 13:35:07:369[Info         ] ShaderProgram::AddShader [15] successful.
2016-08-21 13:35:07:372[Info         ] CheckProgramStatus() successful!
2016-08-21 13:35:07:372[Info         ] CheckProgramStatus() successful!
2016-08-21 13:35:07:372[Info         ] Shader Init started
2016-08-21 13:35:07:372[Info         ] Shader Program created.
2016-08-21 13:35:07:372[Process      ] ShaderProgram::Initialize()[16] successful!
2016-08-21 13:35:07:372[Debug        ] File [..\Data\shaders\texlighting.vert.shader] Opened successfully! Buffer Length:[1110]
2016-08-21 13:35:07:372[cDebug       ] Shader file [..\Data\shaders\texlighting.vert.shader] is too big to display contents.
2016-08-21 13:35:07:374[Debug        ]  ShaderProgram::AddShader() file with data was read in
2016-08-21 13:35:07:374[Debug        ] ShaderProgram::AddShader() : glShaderSource() successful
2016-08-21 13:35:07:374[Debug        ] ShaderProgram::AddShader() : glCompileShader() successful
2016-08-21 13:35:07:374[Info         ] ShaderProgram::CheckShaderCompileStatus(17) successful.
2016-08-21 13:35:07:374[Debug        ] ShaderProgram::AddShader() : glCompileShader() successful
2016-08-21 13:35:07:374[Info         ] ShaderInfo saved successfully.
2016-08-21 13:35:07:374[Debug        ] ShaderProgram::AddShader() : glAttachShader() successful
2016-08-21 13:35:07:374[Info         ] ShaderProgram::AddShader [17] successful.
2016-08-21 13:35:07:374[Debug        ] File [..\Data\shaders\texlighting.frag.shader] Opened successfully! Buffer Length:[1717]
2016-08-21 13:35:07:374[cDebug       ] Shader file [..\Data\shaders\texlighting.frag.shader] is too big to display contents.
2016-08-21 13:35:07:376[Debug        ]  ShaderProgram::AddShader() file with data was read in
2016-08-21 13:35:07:376[Debug        ] ShaderProgram::AddShader() : glShaderSource() successful
2016-08-21 13:35:07:377[Debug        ] ShaderProgram::AddShader() : glCompileShader() successful
2016-08-21 13:35:07:377[Info         ] ShaderProgram::CheckShaderCompileStatus(18) successful.
2016-08-21 13:35:07:377[Debug        ] ShaderProgram::AddShader() : glCompileShader() successful
2016-08-21 13:35:07:377[Info         ] ShaderInfo saved successfully.
2016-08-21 13:35:07:377[Debug        ] ShaderProgram::AddShader() : glAttachShader() successful
2016-08-21 13:35:07:377[Info         ] ShaderProgram::AddShader [18] successful.
2016-08-21 13:35:07:380[Info         ] CheckProgramStatus() successful!
2016-08-21 13:35:07:380[Info         ] CheckProgramStatus() successful!
2016-08-21 13:35:07:380[Info         ] Shader Init started
2016-08-21 13:35:07:380[Info         ] Shader Program created.
2016-08-21 13:35:07:380[Process      ] ShaderProgram::Initialize()[19] successful!
2016-08-21 13:35:07:381[Debug        ] File [..\Data\shaders\water.vert.shader] Opened successfully! Buffer Length:[1400]
2016-08-21 13:35:07:381[cDebug       ] Shader file [..\Data\shaders\water.vert.shader] is too big to display contents.
2016-08-21 13:35:07:382[Debug        ]  ShaderProgram::AddShader() file with data was read in
2016-08-21 13:35:07:382[Debug        ] ShaderProgram::AddShader() : glShaderSource() successful
2016-08-21 13:35:07:382[Debug        ] ShaderProgram::AddShader() : glCompileShader() successful
2016-08-21 13:35:07:382[Info         ] ShaderProgram::CheckShaderCompileStatus(20) successful.
2016-08-21 13:35:07:383[Debug        ] ShaderProgram::AddShader() : glCompileShader() successful
2016-08-21 13:35:07:383[Info         ] ShaderInfo saved successfully.
2016-08-21 13:35:07:383[Debug        ] ShaderProgram::AddShader() : glAttachShader() successful
2016-08-21 13:35:07:383[Info         ] ShaderProgram::AddShader [20] successful.
2016-08-21 13:35:07:383[Debug        ] File [..\Data\shaders\water.frag.shader] Opened successfully! Buffer Length:[2436]
2016-08-21 13:35:07:383[cDebug       ] Shader file [..\Data\shaders\water.frag.shader] is too big to display contents.
2016-08-21 13:35:07:385[Debug        ]  ShaderProgram::AddShader() file with data was read in
2016-08-21 13:35:07:385[Debug        ] ShaderProgram::AddShader() : glShaderSource() successful
2016-08-21 13:35:07:385[Debug        ] ShaderProgram::AddShader() : glCompileShader() successful
2016-08-21 13:35:07:385[Info         ] ShaderProgram::CheckShaderCompileStatus(21) successful.
2016-08-21 13:35:07:385[Debug        ] ShaderProgram::AddShader() : glCompileShader() successful
2016-08-21 13:35:07:385[Info         ] ShaderInfo saved successfully.
2016-08-21 13:35:07:385[Debug        ] ShaderProgram::AddShader() : glAttachShader() successful
2016-08-21 13:35:07:385[Info         ] ShaderProgram::AddShader [21] successful.
2016-08-21 13:35:07:388[Info         ] CheckProgramStatus() successful!
2016-08-21 13:35:07:388[Info         ] CheckProgramStatus() successful!
2016-08-21 13:35:07:388[Info         ] GetAttribLocation [vPosition] successful.
2016-08-21 13:35:07:388[Info         ] GetUniformLocation [colorin] successful.
2016-08-21 13:35:07:388[Info         ] GetUniformLocation [MAT] successful.
2016-08-21 13:35:07:388[cProcess     ] RenderEngine::Initialize() successful.
2016-08-21 13:35:07:389[cInfo        ] 
-----------------------------------------------------------------------
 BufferInfo::CreateBuffers()[0] Created buffers:| VERTEX [1] with [80] bytes. || INDEX [2] with [24] bytes |
-----------------------------------------------------------------------

2016-08-21 13:35:07:395[cInfo        ] --------BufferInfo::AddMesh() Added mesh successfully-------
2016-08-21 13:35:07:396[cInfo        ] 
2016-08-21 13:35:07:396[cInfo        ] --------------------| START BUFFER MESH INFO |-------------------------------------
2016-08-21 13:35:07:398[cInfo        ] BufferInfo::AddMesh(): NUM VERTS-----------------[4]
2016-08-21 13:35:07:399[cInfo        ] BufferInfo::AddMesh(): NUM INDICES---------------[6]
2016-08-21 13:35:07:400[cInfo        ] BufferInfo::AddMesh(): VERT OFFSET---------------[0]
2016-08-21 13:35:07:400[cInfo        ] BufferInfo::AddMesh(): INDICES OFFSET (BYTES)----[0]
2016-08-21 13:35:07:401[cInfo        ] --------------------|  END BUFFER MESH INFO  |--------------------------------------
2016-08-21 13:35:07:403[cInfo        ] 

2016-08-21 13:35:07:404[cInfo        ] 
-----------------------------------------------------------------------
 BufferInfo::CreateBuffers()[0] Created buffers:| VERTEX [3] with [96] bytes. || INDEX [4] with [48] bytes |
-----------------------------------------------------------------------

2016-08-21 13:35:07:407[cInfo        ] --------BufferInfo::AddMesh() Added mesh successfully-------
2016-08-21 13:35:07:408[cInfo        ] 
2016-08-21 13:35:07:408[cInfo        ] --------------------| START BUFFER MESH INFO |-------------------------------------
2016-08-21 13:35:07:410[cInfo        ] BufferInfo::AddMesh(): NUM VERTS-----------------[8]
2016-08-21 13:35:07:410[cInfo        ] BufferInfo::AddMesh(): NUM INDICES---------------[24]
2016-08-21 13:35:07:411[cInfo        ] BufferInfo::AddMesh(): VERT OFFSET---------------[0]
2016-08-21 13:35:07:415[cInfo        ] BufferInfo::AddMesh(): INDICES OFFSET (BYTES)----[0]
2016-08-21 13:35:07:417[cInfo        ] --------------------|  END BUFFER MESH INFO  |--------------------------------------
2016-08-21 13:35:07:419[cInfo        ] 

2016-08-21 13:35:07:421[cInfo        ] 
-----------------------------------------------------------------------
 BufferInfo::CreateBuffers()[0] Created buffers:| VERTEX [5] with [864] bytes. || INDEX [6] with [0] bytes |
-----------------------------------------------------------------------

2016-08-21 13:35:07:427[cInfo        ] --------BufferInfo::AddMesh() Added mesh successfully-------
2016-08-21 13:35:07:428[cInfo        ] 
2016-08-21 13:35:07:428[cInfo        ] --------------------| START BUFFER MESH INFO |-------------------------------------
2016-08-21 13:35:07:430[cInfo        ] BufferInfo::AddMesh(): NUM VERTS-----------------[36]
2016-08-21 13:35:07:431[cInfo        ] BufferInfo::AddMesh(): NUM INDICES---------------[0]
2016-08-21 13:35:07:434[cInfo        ] BufferInfo::AddMesh(): VERT OFFSET---------------[0]
2016-08-21 13:35:07:435[cInfo        ] BufferInfo::AddMesh(): INDICES OFFSET (BYTES)----[0]
2016-08-21 13:35:07:436[cInfo        ] --------------------|  END BUFFER MESH INFO  |--------------------------------------
2016-08-21 13:35:07:438[cInfo        ] 

2016-08-21 13:35:07:439[cInfo        ] 
-----------------------------------------------------------------------
 BufferInfo::CreateBuffers()[0] Created buffers:| VERTEX [7] with [144] bytes. || INDEX [8] with [0] bytes |
-----------------------------------------------------------------------

2016-08-21 13:35:07:446[cInfo        ] --------BufferInfo::AddMesh() Added mesh successfully-------
2016-08-21 13:35:07:447[cInfo        ] 
2016-08-21 13:35:07:448[cInfo        ] --------------------| START BUFFER MESH INFO |-------------------------------------
2016-08-21 13:35:07:449[cInfo        ] BufferInfo::AddMesh(): NUM VERTS-----------------[6]
2016-08-21 13:35:07:450[cInfo        ] BufferInfo::AddMesh(): NUM INDICES---------------[0]
2016-08-21 13:35:07:453[cInfo        ] BufferInfo::AddMesh(): VERT OFFSET---------------[0]
2016-08-21 13:35:07:454[cInfo        ] BufferInfo::AddMesh(): INDICES OFFSET (BYTES)----[0]
2016-08-21 13:35:07:455[cInfo        ] --------------------|  END BUFFER MESH INFO  |--------------------------------------
2016-08-21 13:35:07:456[cInfo        ] 

2016-08-21 13:35:07:457[Process      ] BufferInfo::Initialize() successful.
2016-08-21 13:35:07:457[cInfo        ] 
-----------------------------------------------------------------------
 BufferInfo::CreateBuffers()[0] Created buffers:| VERTEX [9] with [1000000] bytes. || INDEX [10] with [1000000] bytes |
-----------------------------------------------------------------------

2016-08-21 13:35:07:462[cInfo        ] --------BufferInfo::AddMesh() Added mesh successfully-------
2016-08-21 13:35:07:465[cInfo        ] 
2016-08-21 13:35:07:466[cInfo        ] --------------------| START BUFFER MESH INFO |-------------------------------------
2016-08-21 13:35:07:467[cInfo        ] BufferInfo::AddMesh(): NUM VERTS-----------------[24]
2016-08-21 13:35:07:467[cInfo        ] BufferInfo::AddMesh(): NUM INDICES---------------[36]
2016-08-21 13:35:07:468[cInfo        ] BufferInfo::AddMesh(): VERT OFFSET---------------[0]
2016-08-21 13:35:07:469[cInfo        ] BufferInfo::AddMesh(): INDICES OFFSET (BYTES)----[0]
2016-08-21 13:35:07:470[cInfo        ] --------------------|  END BUFFER MESH INFO  |--------------------------------------
2016-08-21 13:35:07:471[cInfo        ] 

2016-08-21 13:35:07:474[Process      ] BufferInfo::Initialize() successful.
2016-08-21 13:35:07:474[cInfo        ] 
-----------------------------------------------------------------------
 BufferInfo::CreateBuffers()[1] Created buffers:| VERTEX [11] with [1000000] bytes. || INDEX [12] with [1000000] bytes |
-----------------------------------------------------------------------

2016-08-21 13:35:07:477[cInfo        ] --------BufferInfo::AddMesh() Added mesh successfully-------
2016-08-21 13:35:07:478[cInfo        ] 
2016-08-21 13:35:07:479[cInfo        ] --------------------| START BUFFER MESH INFO |-------------------------------------
2016-08-21 13:35:07:480[cInfo        ] BufferInfo::AddMesh(): NUM VERTS-----------------[1536]
2016-08-21 13:35:07:482[cInfo        ] BufferInfo::AddMesh(): NUM INDICES---------------[3072]
2016-08-21 13:35:07:483[cInfo        ] BufferInfo::AddMesh(): VERT OFFSET---------------[0]
2016-08-21 13:35:07:484[cInfo        ] BufferInfo::AddMesh(): INDICES OFFSET (BYTES)----[0]
2016-08-21 13:35:07:485[cInfo        ] --------------------|  END BUFFER MESH INFO  |--------------------------------------
2016-08-21 13:35:07:486[cInfo        ] 

2016-08-21 13:35:07:487[cInfo        ] 
-----------------------------------------------------------------------
 BufferInfo::CreateBuffers()[0] Created buffers:| VERTEX [13] with [3936] bytes. || INDEX [14] with [0] bytes |
-----------------------------------------------------------------------

2016-08-21 13:35:07:490[cInfo        ] --------BufferInfo::AddMesh() Added mesh successfully-------
2016-08-21 13:35:07:492[cInfo        ] 
2016-08-21 13:35:07:492[cInfo        ] --------------------| START BUFFER MESH INFO |-------------------------------------
2016-08-21 13:35:07:494[cInfo        ] BufferInfo::AddMesh(): NUM VERTS-----------------[164]
2016-08-21 13:35:07:495[cInfo        ] BufferInfo::AddMesh(): NUM INDICES---------------[0]
2016-08-21 13:35:07:496[cInfo        ] BufferInfo::AddMesh(): VERT OFFSET---------------[0]
2016-08-21 13:35:07:497[cInfo        ] BufferInfo::AddMesh(): INDICES OFFSET (BYTES)----[0]
2016-08-21 13:35:07:498[cInfo        ] --------------------|  END BUFFER MESH INFO  |--------------------------------------
2016-08-21 13:35:07:499[cInfo        ] 

2016-08-21 13:35:07:499[cProcess     ] ShapeGenerator initialized successfully.
2016-08-21 13:35:07:500[cProcess     ] Camera::Initialize() successful.
2016-08-21 13:35:07:502[cProcess     ] Keyboard::Initialize() successful
2016-08-21 13:35:07:503[cProcess     ] Keyboard::Initialize() successful
2016-08-21 13:35:07:515[cInfo        ] 
-----------------------------------------------------------------------
 BufferInfo::CreateBuffers()[0] Created buffers:| VERTEX [15] with [10810368] bytes. || INDEX [16] with [0] bytes |
-----------------------------------------------------------------------

2016-08-21 13:35:07:543[cInfo        ] --------BufferInfo::AddMesh() Added mesh successfully-------
2016-08-21 13:35:07:544[cInfo        ] 
2016-08-21 13:35:07:544[cInfo        ] --------------------| START BUFFER MESH INFO |-------------------------------------
2016-08-21 13:35:07:546[cInfo        ] BufferInfo::AddMesh(): NUM VERTS-----------------[337824]
2016-08-21 13:35:07:547[cInfo        ] BufferInfo::AddMesh(): NUM INDICES---------------[0]
2016-08-21 13:35:07:548[cInfo        ] BufferInfo::AddMesh(): VERT OFFSET---------------[0]
2016-08-21 13:35:07:550[cInfo        ] BufferInfo::AddMesh(): INDICES OFFSET (BYTES)----[0]
2016-08-21 13:35:07:551[cInfo        ] --------------------|  END BUFFER MESH INFO  |--------------------------------------
2016-08-21 13:35:07:553[cInfo        ] 

2016-08-21 13:35:07:594[Info         ] ShapeGenerator::ReadSceneFile(): Added new scene [..\Data\Scenes\Dargon.ptn.scene] successfully.
2016-08-21 13:35:07:594[cInfo        ] EntityManager::BuildPlayerEntity(): Built [Dargon] successfully
2016-08-21 13:35:07:598[Process      ] BufferInfo::Initialize() successful.
2016-08-21 13:35:07:605[cInfo        ] 
-----------------------------------------------------------------------
 BufferInfo::CreateBuffers()[2] Created buffers:| VERTEX [17] with [1000000] bytes. || INDEX [18] with [1000000] bytes |
-----------------------------------------------------------------------

2016-08-21 13:35:07:610[cInfo        ] --------BufferInfo::AddMesh() Added mesh successfully-------
2016-08-21 13:35:07:611[cInfo        ] 
2016-08-21 13:35:07:611[cInfo        ] --------------------| START BUFFER MESH INFO |-------------------------------------
2016-08-21 13:35:07:614[cInfo        ] BufferInfo::AddMesh(): NUM VERTS-----------------[36]
2016-08-21 13:35:07:614[cInfo        ] BufferInfo::AddMesh(): NUM INDICES---------------[0]
2016-08-21 13:35:07:615[cInfo        ] BufferInfo::AddMesh(): VERT OFFSET---------------[0]
2016-08-21 13:35:07:616[cInfo        ] BufferInfo::AddMesh(): INDICES OFFSET (BYTES)----[0]
2016-08-21 13:35:07:617[cInfo        ] --------------------|  END BUFFER MESH INFO  |--------------------------------------
2016-08-21 13:35:07:618[cInfo        ] 

2016-08-21 13:35:07:619[Info         ] ShapeGenerator::ReadSceneFile(): Added new scene [..\Data\Scenes\Cube.pn.scene] successfully.
2016-08-21 13:35:07:619[Process      ] BufferInfo::Initialize() successful.
2016-08-21 13:35:07:619[cInfo        ] 
-----------------------------------------------------------------------
 BufferInfo::CreateBuffers()[3] Created buffers:| VERTEX [19] with [1000000] bytes. || INDEX [20] with [1000000] bytes |
-----------------------------------------------------------------------

2016-08-21 13:35:07:624[cInfo        ] --------BufferInfo::AddMesh() Added mesh successfully-------
2016-08-21 13:35:07:625[cInfo        ] 
2016-08-21 13:35:07:625[cInfo        ] --------------------| START BUFFER MESH INFO |-------------------------------------
2016-08-21 13:35:07:627[cInfo        ] BufferInfo::AddMesh(): NUM VERTS-----------------[8718]
2016-08-21 13:35:07:627[cInfo        ] BufferInfo::AddMesh(): NUM INDICES---------------[0]
2016-08-21 13:35:07:628[cInfo        ] BufferInfo::AddMesh(): VERT OFFSET---------------[0]
2016-08-21 13:35:07:629[cInfo        ] BufferInfo::AddMesh(): INDICES OFFSET (BYTES)----[0]
2016-08-21 13:35:07:630[cInfo        ] --------------------|  END BUFFER MESH INFO  |--------------------------------------
2016-08-21 13:35:07:631[cInfo        ] 

2016-08-21 13:35:07:635[Info         ] ShapeGenerator::ReadSceneFile(): Added new scene [..\Data\Scenes\AIWorld.ptn.scene] successfully.
2016-08-21 13:35:07:636[cInfo        ] --------BufferInfo::AddMesh() Added mesh successfully-------
2016-08-21 13:35:07:637[cInfo        ] 
2016-08-21 13:35:07:637[cInfo        ] --------------------| START BUFFER MESH INFO |-------------------------------------
2016-08-21 13:35:07:638[cInfo        ] BufferInfo::AddMesh(): NUM VERTS-----------------[18]
2016-08-21 13:35:07:639[cInfo        ] BufferInfo::AddMesh(): NUM INDICES---------------[0]
2016-08-21 13:35:07:640[cInfo        ] BufferInfo::AddMesh(): VERT OFFSET---------------[36]
2016-08-21 13:35:07:641[cInfo        ] BufferInfo::AddMesh(): INDICES OFFSET (BYTES)----[0]
2016-08-21 13:35:07:643[cInfo        ] --------------------|  END BUFFER MESH INFO  |--------------------------------------
2016-08-21 13:35:07:644[cInfo        ] 

2016-08-21 13:35:07:645[Info         ] ShapeGenerator::ReadSceneFile(): Added new scene [..\Data\Scenes\Pyramid.pn.scene] successfully.
2016-08-21 13:35:07:651[cInfo        ] 
-----------------------------------------------------------------------
 BufferInfo::CreateBuffers()[0] Created buffers:| VERTEX [21] with [5529600] bytes. || INDEX [22] with [0] bytes |
-----------------------------------------------------------------------

2016-08-21 13:35:07:667[cInfo        ] --------BufferInfo::AddMesh() Added mesh successfully-------
2016-08-21 13:35:07:669[cInfo        ] 
2016-08-21 13:35:07:669[cInfo        ] --------------------| START BUFFER MESH INFO |-------------------------------------
2016-08-21 13:35:07:671[cInfo        ] BufferInfo::AddMesh(): NUM VERTS-----------------[172800]
2016-08-21 13:35:07:673[cInfo        ] BufferInfo::AddMesh(): NUM INDICES---------------[0]
2016-08-21 13:35:07:674[cInfo        ] BufferInfo::AddMesh(): VERT OFFSET---------------[0]
2016-08-21 13:35:07:675[cInfo        ] BufferInfo::AddMesh(): INDICES OFFSET (BYTES)----[0]
2016-08-21 13:35:07:676[cInfo        ] --------------------|  END BUFFER MESH INFO  |--------------------------------------
2016-08-21 13:35:07:677[cInfo        ] 

2016-08-21 13:35:07:678[Info         ] ShapeGenerator::ReadSceneFile(): Added new scene [..\Data\Scenes\WaterPlane.ptn.scene] successfully.
2016-08-21 13:35:07:679[cProcess     ] Camera::Initialize() successful.
2016-08-21 13:35:07:689[Process      ] BufferInfo::Initialize() successful.
2016-08-21 13:35:07:689[cInfo        ] 
-----------------------------------------------------------------------
 BufferInfo::CreateBuffers()[4] Created buffers:| VERTEX [23] with [8107776] bytes. || INDEX [24] with [0] bytes |
-----------------------------------------------------------------------

2016-08-21 13:35:07:704[cInfo        ] --------BufferInfo::AddMesh() Added mesh successfully-------
2016-08-21 13:35:07:706[cInfo        ] 
2016-08-21 13:35:07:706[cInfo        ] --------------------| START BUFFER MESH INFO |-------------------------------------
2016-08-21 13:35:07:708[cInfo        ] BufferInfo::AddMesh(): NUM VERTS-----------------[337824]
2016-08-21 13:35:07:711[cInfo        ] BufferInfo::AddMesh(): NUM INDICES---------------[0]
2016-08-21 13:35:07:712[cInfo        ] BufferInfo::AddMesh(): VERT OFFSET---------------[0]
2016-08-21 13:35:07:713[cInfo        ] BufferInfo::AddMesh(): INDICES OFFSET (BYTES)----[0]
2016-08-21 13:35:07:714[cInfo        ] --------------------|  END BUFFER MESH INFO  |--------------------------------------
2016-08-21 13:35:07:715[cInfo        ] 

2016-08-21 13:35:07:716[Info         ] ShapeGenerator::ReadSceneFile(): Added new scene [..\Data\Scenes\Dargon.pn.scene] successfully.
2016-08-21 13:35:07:716[Process      ] BufferInfo::Initialize() successful.
2016-08-21 13:35:07:716[cInfo        ] 
-----------------------------------------------------------------------
 BufferInfo::CreateBuffers()[5] Created buffers:| VERTEX [25] with [1000000] bytes. || INDEX [26] with [1000000] bytes |
-----------------------------------------------------------------------

2016-08-21 13:35:07:721[cInfo        ] --------BufferInfo::AddMesh() Added mesh successfully-------
2016-08-21 13:35:07:722[cInfo        ] 
2016-08-21 13:35:07:722[cInfo        ] --------------------| START BUFFER MESH INFO |-------------------------------------
2016-08-21 13:35:07:723[cInfo        ] BufferInfo::AddMesh(): NUM VERTS-----------------[6]
2016-08-21 13:35:07:724[cInfo        ] BufferInfo::AddMesh(): NUM INDICES---------------[0]
2016-08-21 13:35:07:725[cInfo        ] BufferInfo::AddMesh(): VERT OFFSET---------------[0]
2016-08-21 13:35:07:726[cInfo        ] BufferInfo::AddMesh(): INDICES OFFSET (BYTES)----[0]
2016-08-21 13:35:07:726[cInfo        ] --------------------|  END BUFFER MESH INFO  |--------------------------------------
2016-08-21 13:35:07:729[cInfo        ] 

2016-08-21 13:35:07:729[cProcess     ] BodaciousQuest::Initialize() successful.
2016-08-21 13:35:07:730[Process      ] GameTime::Initialize() ok

2016-08-21 13:35:07:730[cProcess     ] MyWindow::Initialize() successful!
2016-08-21 13:35:10:921[cProcess     ] BufferManager::Shutdown() successful.
2016-08-21 13:35:10:922[cProcess     ] RenderEngine::Shutdown() successful.
2016-08-21 13:35:10:923[cProcess     ] Camera::Shutdown() successful.
2016-08-21 13:35:10:924[Info         ] Shader  [2] deleting...
2016-08-21 13:35:10:924[Info         ] Shader  [2] deleted successfully.
2016-08-21 13:35:10:924[Info         ] Shader  [3] deleting...
2016-08-21 13:35:10:924[Info         ] Shader  [3] deleted successfully.
2016-08-21 13:35:10:924[Info         ] All shaders deleted successfully.
2016-08-21 13:35:10:924[cInfo        ] Program [1] deleted successfully.
2016-08-21 13:35:10:925[Process      ] ShaderProgram[1]::Shutdown successful!
2016-08-21 13:35:10:925[Info         ] Shader  [5] deleting...
2016-08-21 13:35:10:925[Info         ] Shader  [5] deleted successfully.
2016-08-21 13:35:10:925[Info         ] Shader  [6] deleting...
2016-08-21 13:35:10:925[Info         ] Shader  [6] deleted successfully.
2016-08-21 13:35:10:925[Info         ] All shaders deleted successfully.
2016-08-21 13:35:10:925[cInfo        ] Program [4] deleted successfully.
2016-08-21 13:35:10:926[Process      ] ShaderProgram[4]::Shutdown successful!
2016-08-21 13:35:10:926[Info         ] Shader  [8] deleting...
2016-08-21 13:35:10:926[Info         ] Shader  [8] deleted successfully.
2016-08-21 13:35:10:926[Info         ] Shader  [9] deleting...
2016-08-21 13:35:10:926[Info         ] Shader  [9] deleted successfully.
2016-08-21 13:35:10:926[Info         ] All shaders deleted successfully.
2016-08-21 13:35:10:926[cInfo        ] Program [7] deleted successfully.
2016-08-21 13:35:10:927[Process      ] ShaderProgram[7]::Shutdown successful!
2016-08-21 13:35:10:927[Info         ] Shader  [11] deleting...
2016-08-21 13:35:10:927[Info         ] Shader  [11] deleted successfully.
2016-08-21 13:35:10:927[Info         ] Shader  [12] deleting...
2016-08-21 13:35:10:927[Info         ] Shader  [12] deleted successfully.
2016-08-21 13:35:10:927[Info         ] All shaders deleted successfully.
2016-08-21 13:35:10:927[cInfo        ] Program [10] deleted successfully.
2016-08-21 13:35:10:928[Process      ] ShaderProgram[10]::Shutdown successful!
2016-08-21 13:35:10:928[Info         ] Shader  [14] deleting...
2016-08-21 13:35:10:928[Info         ] Shader  [14] deleted successfully.
2016-08-21 13:35:10:928[Info         ] Shader  [15] deleting...
2016-08-21 13:35:10:928[Info         ] Shader  [15] deleted successfully.
2016-08-21 13:35:10:928[Info         ] All shaders deleted successfully.
2016-08-21 13:35:10:928[cInfo        ] Program [13] deleted successfully.
2016-08-21 13:35:10:928[Process      ] ShaderProgram[13]::Shutdown successful!
2016-08-21 13:35:10:929[Info         ] Shader  [17] deleting...
2016-08-21 13:35:10:929[Info         ] Shader  [17] deleted successfully.
2016-08-21 13:35:10:929[Info         ] Shader  [18] deleting...
2016-08-21 13:35:10:929[Info         ] Shader  [18] deleted successfully.
2016-08-21 13:35:10:929[Info         ] All shaders deleted successfully.
2016-08-21 13:35:10:929[cInfo        ] Program [16] deleted successfully.
2016-08-21 13:35:10:929[Process      ] ShaderProgram[16]::Shutdown successful!
2016-08-21 13:35:10:929[Info         ] Shader  [20] deleting...
2016-08-21 13:35:10:929[Info         ] Shader  [20] deleted successfully.
2016-08-21 13:35:10:929[Info         ] Shader  [21] deleting...
2016-08-21 13:35:10:929[Info         ] Shader  [21] deleted successfully.
2016-08-21 13:35:10:929[Info         ] All shaders deleted successfully.
2016-08-21 13:35:10:929[cInfo        ] Program [19] deleted successfully.
2016-08-21 13:35:10:932[Process      ] ShaderProgram[19]::Shutdown successful!
2016-08-21 13:35:10:932[cProcess     ] MyWindow::Shutdown() successful!
2016-08-21 13:35:10:933[cProcess     ] BodaciousQuest::Shutdown() successful.
2016-08-21 13:35:10:944[Process      ] ConfigReader shut down successfully
2016-08-21 13:35:10:944[Process      ] GameLogger::ShutDown() successful
