2016-08-20 14:43:11:313[Process      ] GameLogger::Initialize() opened log file [..\Data\LogFiles\2016-08-20 14-43-11.BodaciousQuest.log] for writing
2016-08-20 14:43:11:313[Info         ] GameLogger::Initialize() successful
2016-08-20 14:43:11:314[Process      ] ConfigReader opened [..\Data\BodaciousQuest.config] successfully
2016-08-20 14:43:11:314[Info         ] ConfigReader initialized successfully
2016-08-20 14:43:11:314[Info         ] Valid KVP [BodaciousQuest.ShowFullScreen] [false] added
2016-08-20 14:43:11:314[Info         ] Valid KVP [BodaciousQuest.FpsInterval] [5.0] added
2016-08-20 14:43:11:314[Info         ] Valid KVP [BodaciousQuest.EnableControls] [true] added
2016-08-20 14:43:11:314[Info         ] Valid KVP [BodaciousQuest.LoadCubeFirst] [true] added
2016-08-20 14:43:11:314[Info         ] Valid KVP [BodaciousQuest.CameraWalkMode] [false] added
2016-08-20 14:43:11:314[Info         ] Valid KVP [BodaciousQuest.GridSize] [40] added
2016-08-20 14:43:11:314[Info         ] Valid KVP [BodaciousQuest.LightingTest.Ambient.Color] [1.0  1.0  1.0] added
2016-08-20 14:43:11:314[Info         ] Valid KVP [BodaciousQuest.LightingTest.Diffuse.Color] [1.0  1.0  1.0] added
2016-08-20 14:43:11:314[Info         ] Valid KVP [BodaciousQuest.LightingTest.Specular.Color] [0.0  0.0  0.0] added
2016-08-20 14:43:11:314[Info         ] Valid KVP [BodaciousQuest.LightingTest.Ambient.Reflectivity] [0.01] added
2016-08-20 14:43:11:314[Info         ] Valid KVP [BodaciousQuest.LightingTest.Diffuse.Reflectivity] [0.8] added
2016-08-20 14:43:11:314[Info         ] Valid KVP [BodaciousQuest.LightingTest.Specular.Reflectivity] [0.5] added
2016-08-20 14:43:11:314[Info         ] Valid KVP [BodaciousQuest.LightingTest.Specular.Shininess] [1.0] added
2016-08-20 14:43:11:314[Info         ] Valid KVP [BodaciousQuest.LightingTest.Falloff.A] [1.0] added
2016-08-20 14:43:11:314[Info         ] Valid KVP [BodaciousQuest.LightingTest.Falloff.B] [0.01] added
2016-08-20 14:43:11:314[Info         ] Valid KVP [BodaciousQuest.LightingTest.Falloff.C] [0.0001] added
2016-08-20 14:43:11:314[Info         ] Valid KVP [BodaciousQuest.LightingTest.Directional] [false] added
2016-08-20 14:43:11:314[Info         ] Valid KVP [BodaciousQuest.LightingTest.Direction] [-1.0 0.0 1.0] added
2016-08-20 14:43:11:314[Info         ] Valid KVP [BodaciousQuest.LightingTest.Light.Position] [-0.875458 3.673020 1.043331] added
2016-08-20 14:43:11:314[Info         ] Valid KVP [BodaciousQuest.LightingTest.Dargon.Color] [1.0 1.0 0.4] added
2016-08-20 14:43:11:314[Info         ] Valid KVP [ObjConverter.Mode.VertexType] [pn] added
2016-08-20 14:43:11:314[Info         ] Valid KVP [ObjConverter.Mode.Analyze] [false] added
2016-08-20 14:43:11:314[Info         ] Valid KVP [ObjConverter.Model] [Dargon] added
2016-08-20 14:43:11:314[Info         ] Valid KVP [ObjConverter.Shader] [4] added
2016-08-20 14:43:11:314[Info         ] Valid KVP [ObjConverter.Color] [random] added
2016-08-20 14:43:11:314[Info         ] Valid KVP [ObjConverter.Obj.InputFileFolder] [..\\Data\\Objs\\] added
2016-08-20 14:43:11:314[Info         ] Valid KVP [ObjConverter.Scene.OutputFileFolder] [..\\Data\\Scenes\\] added
2016-08-20 14:43:11:314[Info         ] Valid KVP [ObjConverter.Model.Dargon.NumVerts] [57967] added
2016-08-20 14:43:11:314[Info         ] Valid KVP [ObjConverter.Model.Dargon.NumIndices] [337824] added
2016-08-20 14:43:11:314[Info         ] Valid KVP [ObjConverter.Model.Dargon.NumTexCoords] [60175] added
2016-08-20 14:43:11:314[Info         ] Valid KVP [ObjConverter.Model.Dargon.NumNormals] [337824] added
2016-08-20 14:43:11:314[Info         ] Valid KVP [ObjConverter.Model.Swamp.NumVerts] [2735] added
2016-08-20 14:43:11:314[Info         ] Valid KVP [ObjConverter.Model.Swamp.NumIndices] [8556] added
2016-08-20 14:43:11:315[Info         ] Valid KVP [ObjConverter.Model.Swamp.NumTexCoords] [3622] added
2016-08-20 14:43:11:315[Info         ] Valid KVP [ObjConverter.Model.Swamp.NumNormals] [5156] added
2016-08-20 14:43:11:315[Info         ] Valid KVP [ObjConverter.Model.Pyramid.NumVerts] [5] added
2016-08-20 14:43:11:315[Info         ] Valid KVP [ObjConverter.Model.Pyramid.NumIndices] [18] added
2016-08-20 14:43:11:315[Info         ] Valid KVP [ObjConverter.Model.Pyramid.NumTexCoords] [10] added
2016-08-20 14:43:11:315[Info         ] Valid KVP [ObjConverter.Model.Pyramid.NumNormals] [16] added
2016-08-20 14:43:11:315[Info         ] Valid KVP [ObjConverter.Model.AIWorld.NumVerts] [1957] added
2016-08-20 14:43:11:315[Info         ] Valid KVP [ObjConverter.Model.AIWorld.NumIndices] [8718] added
2016-08-20 14:43:11:315[Info         ] Valid KVP [ObjConverter.Model.AIWorld.NumTexCoords] [4186] added
2016-08-20 14:43:11:315[Info         ] Valid KVP [ObjConverter.Model.AIWorld.NumNormals] [5418] added
2016-08-20 14:43:11:315[Info         ] Valid KVP [ObjConverter.Model.GameWeapon.NumVerts] [2068] added
2016-08-20 14:43:11:315[Info         ] Valid KVP [ObjConverter.Model.GameWeapon.NumIndices] [9894] added
2016-08-20 14:43:11:315[Info         ] Valid KVP [ObjConverter.Model.GameWeapon.NumTexCoords] [0] added
2016-08-20 14:43:11:315[Info         ] Valid KVP [ObjConverter.Model.GameWeapon.NumNormals] [0] added
2016-08-20 14:43:11:315[Info         ] Valid KVP [ObjConverter.Model.Chicken.NumVerts] [224] added
2016-08-20 14:43:11:315[Info         ] Valid KVP [ObjConverter.Model.Chicken.NumIndices] [1374] added
2016-08-20 14:43:11:315[Info         ] Valid KVP [ObjConverter.Model.Chicken.NumTexCoords] [472] added
2016-08-20 14:43:11:315[Info         ] Valid KVP [ObjConverter.Model.Chicken.NumNormals] [565] added
2016-08-20 14:43:11:315[Info         ] Valid KVP [ObjConverter.Model.WaterPlane.NumVerts] [29282] added
2016-08-20 14:43:11:315[Info         ] Valid KVP [ObjConverter.Model.WaterPlane.NumIndices] [172800] added
2016-08-20 14:43:11:315[Info         ] Valid KVP [ObjConverter.Model.WaterPlane.NumTexCoords] [29282] added
2016-08-20 14:43:11:315[Info         ] Valid KVP [ObjConverter.Model.WaterPlane.NumNormals] [172800] added
2016-08-20 14:43:11:315[Info         ] Valid KVP [ObjConverter.Model.Cube.NumVerts] [8] added
2016-08-20 14:43:11:315[Info         ] Valid KVP [ObjConverter.Model.Cube.NumIndices] [36] added
2016-08-20 14:43:11:315[Info         ] Valid KVP [ObjConverter.Model.Cube.NumTexCoords] [14] added
2016-08-20 14:43:11:315[Info         ] Valid KVP [ObjConverter.Model.Cube.NumNormals] [24] added
2016-08-20 14:43:11:315[Info         ] Valid KVP [ObjConverter.Model.Barrel.NumVerts] [172] added
2016-08-20 14:43:11:315[Info         ] Valid KVP [ObjConverter.Model.Barrel.NumIndices] [1008] added
2016-08-20 14:43:11:315[Info         ] Valid KVP [ObjConverter.Model.Barrel.NumTexCoords] [328] added
2016-08-20 14:43:11:315[Info         ] Valid KVP [ObjConverter.Model.Barrel.NumNormals] [204] added
2016-08-20 14:43:11:315[Info         ] Valid KVP [ObjConverter.Model.SkyBox.NumVerts] [8] added
2016-08-20 14:43:11:315[Info         ] Valid KVP [ObjConverter.Model.SkyBox.NumIndices] [36] added
2016-08-20 14:43:11:315[Info         ] Valid KVP [ObjConverter.Model.SkyBox.NumTexCoords] [18] added
2016-08-20 14:43:11:315[Info         ] Valid KVP [ObjConverter.Model.SkyBox.NumNormals] [24] added
2016-08-20 14:43:11:386[cInfo        ] Config reader opened [..\Data\BodaciousQuest.config] for reading!
2016-08-20 14:43:11:445[Process      ] ShaderManager Initialized successfully
2016-08-20 14:43:11:445[Info         ] Shader Init started
2016-08-20 14:43:11:445[Info         ] Shader Program created.
2016-08-20 14:43:11:445[Process      ] ShaderProgram::Initialize()[1] successful!
2016-08-20 14:43:11:446[Debug        ] File [..\Data\shaders\debug.vert.shader] Opened successfully! Buffer Length:[291]
2016-08-20 14:43:11:446[Debug        ] Shader file [..\Data\shaders\debug.vert.shader] contents:
//BEGIN
#version 430 core

layout(location = 0)  in vec3 vPosition;

layout(location = 15) uniform vec3 colorin;
layout(location = 16) uniform mat4 MAT;

out vec4 color;

void main()
{
	vec4 vertPos = vec4(vPosition, 1.0);
	gl_Position = MAT *  vertPos;
	color = vec4(colorin, 1.0);
}
//END

2016-08-20 14:43:11:446[Debug        ]  ShaderProgram::AddShader() file with data was read in
2016-08-20 14:43:11:446[Debug        ] ShaderProgram::AddShader() : glShaderSource() successful
2016-08-20 14:43:11:446[Debug        ] ShaderProgram::AddShader() : glCompileShader() successful
2016-08-20 14:43:11:446[Info         ] ShaderProgram::CheckShaderCompileStatus(2) successful.
2016-08-20 14:43:11:446[Debug        ] ShaderProgram::AddShader() : glCompileShader() successful
2016-08-20 14:43:11:446[Info         ] ShaderInfo saved successfully.
2016-08-20 14:43:11:446[Debug        ] ShaderProgram::AddShader() : glAttachShader() successful
2016-08-20 14:43:11:446[Info         ] ShaderProgram::AddShader [2] successful.
2016-08-20 14:43:11:447[Debug        ] File [..\Data\shaders\debug.frag.shader] Opened successfully! Buffer Length:[104]
2016-08-20 14:43:11:447[Debug        ] Shader file [..\Data\shaders\debug.frag.shader] contents:
//BEGIN
#version 430 core


in  vec4 color;
out vec4 outColor;

void main()
{
	outColor = color;
}


//END

2016-08-20 14:43:11:447[Debug        ]  ShaderProgram::AddShader() file with data was read in
2016-08-20 14:43:11:447[Debug        ] ShaderProgram::AddShader() : glShaderSource() successful
2016-08-20 14:43:11:447[Debug        ] ShaderProgram::AddShader() : glCompileShader() successful
2016-08-20 14:43:11:447[Info         ] ShaderProgram::CheckShaderCompileStatus(3) successful.
2016-08-20 14:43:11:447[Debug        ] ShaderProgram::AddShader() : glCompileShader() successful
2016-08-20 14:43:11:447[Info         ] ShaderInfo saved successfully.
2016-08-20 14:43:11:447[Debug        ] ShaderProgram::AddShader() : glAttachShader() successful
2016-08-20 14:43:11:447[Info         ] ShaderProgram::AddShader [3] successful.
2016-08-20 14:43:11:448[Info         ] CheckProgramStatus() successful!
2016-08-20 14:43:11:448[Info         ] CheckProgramStatus() successful!
2016-08-20 14:43:11:448[Info         ] Shader Init started
2016-08-20 14:43:11:449[Info         ] Shader Program created.
2016-08-20 14:43:11:449[Process      ] ShaderProgram::Initialize()[4] successful!
2016-08-20 14:43:11:449[Debug        ] File [..\Data\shaders\play.vert.shader] Opened successfully! Buffer Length:[343]
2016-08-20 14:43:11:449[Debug        ] Shader file [..\Data\shaders\play.vert.shader] contents:
//BEGIN
#version 430 core

layout (location = 0)  in vec3 vPosition;
layout (location = 1)  in vec3 vColor;
layout (location = 15) uniform vec3 colorin;
layout (location = 16) uniform mat4 MAT;

out vec4 color;

void main()
{
	vec4 vertPos = vec4(vPosition, 1.0);
	gl_Position = MAT *  vertPos;
	color = vec4((vColor + colorin), 1.0);
}
//END

2016-08-20 14:43:11:449[Debug        ]  ShaderProgram::AddShader() file with data was read in
2016-08-20 14:43:11:449[Debug        ] ShaderProgram::AddShader() : glShaderSource() successful
2016-08-20 14:43:11:449[Debug        ] ShaderProgram::AddShader() : glCompileShader() successful
2016-08-20 14:43:11:449[Info         ] ShaderProgram::CheckShaderCompileStatus(5) successful.
2016-08-20 14:43:11:449[Debug        ] ShaderProgram::AddShader() : glCompileShader() successful
2016-08-20 14:43:11:449[Info         ] ShaderInfo saved successfully.
2016-08-20 14:43:11:449[Debug        ] ShaderProgram::AddShader() : glAttachShader() successful
2016-08-20 14:43:11:449[Info         ] ShaderProgram::AddShader [5] successful.
2016-08-20 14:43:11:449[Debug        ] File [..\Data\shaders\play.frag.shader] Opened successfully! Buffer Length:[391]
2016-08-20 14:43:11:449[Debug        ] Shader file [..\Data\shaders\play.frag.shader] contents:
//BEGIN
#version 430 core


in  vec4 color;
out vec4 outColor;

void main()
{

	//if (color.r < .7) discard;
	outColor = color;

	//if(((gl_FragCoord.x  > 600)&& (gl_FragCoord.y < 300)) || ((gl_FragCoord.y < 300)  && (gl_FragCoord.x  < 600) )) {
	//discard;
	//}

	//vec2 scrPos = vec2(gl_FragCoord) - vec2(350,150);
	//float len =  length(scrPos);
	//if(len < 50 )discard;
}


//END

2016-08-20 14:43:11:449[Debug        ]  ShaderProgram::AddShader() file with data was read in
2016-08-20 14:43:11:449[Debug        ] ShaderProgram::AddShader() : glShaderSource() successful
2016-08-20 14:43:11:449[Debug        ] ShaderProgram::AddShader() : glCompileShader() successful
2016-08-20 14:43:11:449[Info         ] ShaderProgram::CheckShaderCompileStatus(6) successful.
2016-08-20 14:43:11:449[Debug        ] ShaderProgram::AddShader() : glCompileShader() successful
2016-08-20 14:43:11:449[Info         ] ShaderInfo saved successfully.
2016-08-20 14:43:11:449[Debug        ] ShaderProgram::AddShader() : glAttachShader() successful
2016-08-20 14:43:11:449[Info         ] ShaderProgram::AddShader [6] successful.
2016-08-20 14:43:11:450[Info         ] CheckProgramStatus() successful!
2016-08-20 14:43:11:450[Info         ] CheckProgramStatus() successful!
2016-08-20 14:43:11:450[Info         ] Shader Init started
2016-08-20 14:43:11:450[Info         ] Shader Program created.
2016-08-20 14:43:11:450[Process      ] ShaderProgram::Initialize()[7] successful!
2016-08-20 14:43:11:450[Debug        ] File [..\Data\shaders\texture.vert.shader] Opened successfully! Buffer Length:[305]
2016-08-20 14:43:11:450[Debug        ] Shader file [..\Data\shaders\texture.vert.shader] contents:
//BEGIN
#version 430 core

layout (location = 0)  in vec3 vPosition;
layout (location = 1)  in vec2 vUV;

layout (location = 16) uniform mat4 MAT;

//out data
out vec2 UV;

//out vec4 color;

void main()
{
	vec4 vertPos = vec4(vPosition, 1.0);
	gl_Position = MAT *  vertPos;

	UV = vUV;
	
	
}
//END

2016-08-20 14:43:11:450[Debug        ]  ShaderProgram::AddShader() file with data was read in
2016-08-20 14:43:11:450[Debug        ] ShaderProgram::AddShader() : glShaderSource() successful
2016-08-20 14:43:11:450[Debug        ] ShaderProgram::AddShader() : glCompileShader() successful
2016-08-20 14:43:11:450[Info         ] ShaderProgram::CheckShaderCompileStatus(8) successful.
2016-08-20 14:43:11:450[Debug        ] ShaderProgram::AddShader() : glCompileShader() successful
2016-08-20 14:43:11:450[Info         ] ShaderInfo saved successfully.
2016-08-20 14:43:11:451[Debug        ] ShaderProgram::AddShader() : glAttachShader() successful
2016-08-20 14:43:11:451[Info         ] ShaderProgram::AddShader [8] successful.
2016-08-20 14:43:11:451[Debug        ] File [..\Data\shaders\texture.frag.shader] Opened successfully! Buffer Length:[482]
2016-08-20 14:43:11:451[Debug        ] Shader file [..\Data\shaders\texture.frag.shader] contents:
//BEGIN
#version 430 core


in  vec2 UV;
out vec4 outColor;

layout(location = 20) uniform sampler2D textureSampler;

void main()
{

	//if (color.r < .7) discard;
	outColor = vec4(texture(textureSampler, UV).rgb, 1.0);

	//if(((gl_FragCoord.x  > 600)&& (gl_FragCoord.y < 300)) || ((gl_FragCoord.y < 300)  && (gl_FragCoord.x  < 600) )) {
	//discard;
	//}
	//vec2 scrPos = vec2(gl_FragCoord) - vec2(350,150);
	//float len =  length(scrPos);
	//if(len < 50 )discard;
}


//END

2016-08-20 14:43:11:451[Debug        ]  ShaderProgram::AddShader() file with data was read in
2016-08-20 14:43:11:451[Debug        ] ShaderProgram::AddShader() : glShaderSource() successful
2016-08-20 14:43:11:451[Debug        ] ShaderProgram::AddShader() : glCompileShader() successful
2016-08-20 14:43:11:451[Info         ] ShaderProgram::CheckShaderCompileStatus(9) successful.
2016-08-20 14:43:11:451[Debug        ] ShaderProgram::AddShader() : glCompileShader() successful
2016-08-20 14:43:11:451[Info         ] ShaderInfo saved successfully.
2016-08-20 14:43:11:451[Debug        ] ShaderProgram::AddShader() : glAttachShader() successful
2016-08-20 14:43:11:451[Info         ] ShaderProgram::AddShader [9] successful.
2016-08-20 14:43:11:452[Info         ] CheckProgramStatus() successful!
2016-08-20 14:43:11:452[Info         ] CheckProgramStatus() successful!
2016-08-20 14:43:11:452[Info         ] Shader Init started
2016-08-20 14:43:11:452[Info         ] Shader Program created.
2016-08-20 14:43:11:452[Process      ] ShaderProgram::Initialize()[10] successful!
2016-08-20 14:43:11:452[Debug        ] File [..\Data\shaders\framebuffer.vert.shader] Opened successfully! Buffer Length:[305]
2016-08-20 14:43:11:452[Debug        ] Shader file [..\Data\shaders\framebuffer.vert.shader] contents:
//BEGIN
#version 430 core

layout (location = 0)  in vec3 vPosition;
layout (location = 1)  in vec2 vUV;

layout (location = 16) uniform mat4 MAT;

//out data
out vec2 UV;

//out vec4 color;

void main()
{
	vec4 vertPos = vec4(vPosition, 1.0);
	gl_Position = MAT *  vertPos;

	UV = vUV;
	
	
}
//END

2016-08-20 14:43:11:452[Debug        ]  ShaderProgram::AddShader() file with data was read in
2016-08-20 14:43:11:452[Debug        ] ShaderProgram::AddShader() : glShaderSource() successful
2016-08-20 14:43:11:453[Debug        ] ShaderProgram::AddShader() : glCompileShader() successful
2016-08-20 14:43:11:453[Info         ] ShaderProgram::CheckShaderCompileStatus(11) successful.
2016-08-20 14:43:11:453[Debug        ] ShaderProgram::AddShader() : glCompileShader() successful
2016-08-20 14:43:11:453[Info         ] ShaderInfo saved successfully.
2016-08-20 14:43:11:453[Debug        ] ShaderProgram::AddShader() : glAttachShader() successful
2016-08-20 14:43:11:453[Info         ] ShaderProgram::AddShader [11] successful.
2016-08-20 14:43:11:453[Debug        ] File [..\Data\shaders\framebuffer.frag.shader] Opened successfully! Buffer Length:[275]
2016-08-20 14:43:11:453[Debug        ] Shader file [..\Data\shaders\framebuffer.frag.shader] contents:
//BEGIN
#version 430 core


in  vec2 UV;
out vec4 outColor;

layout(location = 20) uniform sampler2D textureSampler;

void main()
{


	vec3 tempCol = texture(textureSampler, UV).rgb;

	outColor = vec4(tempCol.r / 1.5f, tempCol.g / 1.5f, tempCol.b / 1.5f, 1.0f);
}


//END

2016-08-20 14:43:11:453[Debug        ]  ShaderProgram::AddShader() file with data was read in
2016-08-20 14:43:11:453[Debug        ] ShaderProgram::AddShader() : glShaderSource() successful
2016-08-20 14:43:11:453[Debug        ] ShaderProgram::AddShader() : glCompileShader() successful
2016-08-20 14:43:11:453[Info         ] ShaderProgram::CheckShaderCompileStatus(12) successful.
2016-08-20 14:43:11:453[Debug        ] ShaderProgram::AddShader() : glCompileShader() successful
2016-08-20 14:43:11:453[Info         ] ShaderInfo saved successfully.
2016-08-20 14:43:11:453[Debug        ] ShaderProgram::AddShader() : glAttachShader() successful
2016-08-20 14:43:11:453[Info         ] ShaderProgram::AddShader [12] successful.
2016-08-20 14:43:11:454[Info         ] CheckProgramStatus() successful!
2016-08-20 14:43:11:454[Info         ] CheckProgramStatus() successful!
2016-08-20 14:43:11:454[Info         ] Shader Init started
2016-08-20 14:43:11:454[Info         ] Shader Program created.
2016-08-20 14:43:11:454[Process      ] ShaderProgram::Initialize()[13] successful!
2016-08-20 14:43:11:455[Debug        ] File [..\Data\shaders\lighting.vert.shader] Opened successfully! Buffer Length:[1145]
2016-08-20 14:43:11:455[cDebug       ] Shader file [..\Data\shaders\lighting.vert.shader] is too big to display contents.
2016-08-20 14:43:11:457[Debug        ]  ShaderProgram::AddShader() file with data was read in
2016-08-20 14:43:11:457[Debug        ] ShaderProgram::AddShader() : glShaderSource() successful
2016-08-20 14:43:11:458[Debug        ] ShaderProgram::AddShader() : glCompileShader() successful
2016-08-20 14:43:11:458[Info         ] ShaderProgram::CheckShaderCompileStatus(14) successful.
2016-08-20 14:43:11:458[Debug        ] ShaderProgram::AddShader() : glCompileShader() successful
2016-08-20 14:43:11:458[Info         ] ShaderInfo saved successfully.
2016-08-20 14:43:11:458[Debug        ] ShaderProgram::AddShader() : glAttachShader() successful
2016-08-20 14:43:11:458[Info         ] ShaderProgram::AddShader [14] successful.
2016-08-20 14:43:11:458[Debug        ] File [..\Data\shaders\lighting.frag.shader] Opened successfully! Buffer Length:[1744]
2016-08-20 14:43:11:458[cDebug       ] Shader file [..\Data\shaders\lighting.frag.shader] is too big to display contents.
2016-08-20 14:43:11:460[Debug        ]  ShaderProgram::AddShader() file with data was read in
2016-08-20 14:43:11:460[Debug        ] ShaderProgram::AddShader() : glShaderSource() successful
2016-08-20 14:43:11:460[Debug        ] ShaderProgram::AddShader() : glCompileShader() successful
2016-08-20 14:43:11:460[Info         ] ShaderProgram::CheckShaderCompileStatus(15) successful.
2016-08-20 14:43:11:460[Debug        ] ShaderProgram::AddShader() : glCompileShader() successful
2016-08-20 14:43:11:460[Info         ] ShaderInfo saved successfully.
2016-08-20 14:43:11:460[Debug        ] ShaderProgram::AddShader() : glAttachShader() successful
2016-08-20 14:43:11:461[Info         ] ShaderProgram::AddShader [15] successful.
2016-08-20 14:43:11:464[Info         ] CheckProgramStatus() successful!
2016-08-20 14:43:11:464[Info         ] CheckProgramStatus() successful!
2016-08-20 14:43:11:464[Info         ] Shader Init started
2016-08-20 14:43:11:464[Info         ] Shader Program created.
2016-08-20 14:43:11:464[Process      ] ShaderProgram::Initialize()[16] successful!
2016-08-20 14:43:11:464[Debug        ] File [..\Data\shaders\texlighting.vert.shader] Opened successfully! Buffer Length:[1110]
2016-08-20 14:43:11:464[cDebug       ] Shader file [..\Data\shaders\texlighting.vert.shader] is too big to display contents.
2016-08-20 14:43:11:466[Debug        ]  ShaderProgram::AddShader() file with data was read in
2016-08-20 14:43:11:466[Debug        ] ShaderProgram::AddShader() : glShaderSource() successful
2016-08-20 14:43:11:466[Debug        ] ShaderProgram::AddShader() : glCompileShader() successful
2016-08-20 14:43:11:466[Info         ] ShaderProgram::CheckShaderCompileStatus(17) successful.
2016-08-20 14:43:11:466[Debug        ] ShaderProgram::AddShader() : glCompileShader() successful
2016-08-20 14:43:11:466[Info         ] ShaderInfo saved successfully.
2016-08-20 14:43:11:466[Debug        ] ShaderProgram::AddShader() : glAttachShader() successful
2016-08-20 14:43:11:466[Info         ] ShaderProgram::AddShader [17] successful.
2016-08-20 14:43:11:466[Debug        ] File [..\Data\shaders\texlighting.frag.shader] Opened successfully! Buffer Length:[1717]
2016-08-20 14:43:11:467[cDebug       ] Shader file [..\Data\shaders\texlighting.frag.shader] is too big to display contents.
2016-08-20 14:43:11:468[Debug        ]  ShaderProgram::AddShader() file with data was read in
2016-08-20 14:43:11:468[Debug        ] ShaderProgram::AddShader() : glShaderSource() successful
2016-08-20 14:43:11:468[Debug        ] ShaderProgram::AddShader() : glCompileShader() successful
2016-08-20 14:43:11:468[Info         ] ShaderProgram::CheckShaderCompileStatus(18) successful.
2016-08-20 14:43:11:468[Debug        ] ShaderProgram::AddShader() : glCompileShader() successful
2016-08-20 14:43:11:468[Info         ] ShaderInfo saved successfully.
2016-08-20 14:43:11:468[Debug        ] ShaderProgram::AddShader() : glAttachShader() successful
2016-08-20 14:43:11:468[Info         ] ShaderProgram::AddShader [18] successful.
2016-08-20 14:43:11:471[Info         ] CheckProgramStatus() successful!
2016-08-20 14:43:11:471[Info         ] CheckProgramStatus() successful!
2016-08-20 14:43:11:471[Info         ] Shader Init started
2016-08-20 14:43:11:471[Info         ] Shader Program created.
2016-08-20 14:43:11:471[Process      ] ShaderProgram::Initialize()[19] successful!
2016-08-20 14:43:11:471[Debug        ] File [..\Data\shaders\water.vert.shader] Opened successfully! Buffer Length:[1400]
2016-08-20 14:43:11:471[cDebug       ] Shader file [..\Data\shaders\water.vert.shader] is too big to display contents.
2016-08-20 14:43:11:475[Debug        ]  ShaderProgram::AddShader() file with data was read in
2016-08-20 14:43:11:475[Debug        ] ShaderProgram::AddShader() : glShaderSource() successful
2016-08-20 14:43:11:476[Debug        ] ShaderProgram::AddShader() : glCompileShader() successful
2016-08-20 14:43:11:476[Info         ] ShaderProgram::CheckShaderCompileStatus(20) successful.
2016-08-20 14:43:11:476[Debug        ] ShaderProgram::AddShader() : glCompileShader() successful
2016-08-20 14:43:11:476[Info         ] ShaderInfo saved successfully.
2016-08-20 14:43:11:476[Debug        ] ShaderProgram::AddShader() : glAttachShader() successful
2016-08-20 14:43:11:476[Info         ] ShaderProgram::AddShader [20] successful.
2016-08-20 14:43:11:476[Debug        ] File [..\Data\shaders\water.frag.shader] Opened successfully! Buffer Length:[2436]
2016-08-20 14:43:11:476[cDebug       ] Shader file [..\Data\shaders\water.frag.shader] is too big to display contents.
2016-08-20 14:43:11:477[Debug        ]  ShaderProgram::AddShader() file with data was read in
2016-08-20 14:43:11:477[Debug        ] ShaderProgram::AddShader() : glShaderSource() successful
2016-08-20 14:43:11:478[Debug        ] ShaderProgram::AddShader() : glCompileShader() successful
2016-08-20 14:43:11:478[Info         ] ShaderProgram::CheckShaderCompileStatus(21) successful.
2016-08-20 14:43:11:478[Debug        ] ShaderProgram::AddShader() : glCompileShader() successful
2016-08-20 14:43:11:478[Info         ] ShaderInfo saved successfully.
2016-08-20 14:43:11:478[Debug        ] ShaderProgram::AddShader() : glAttachShader() successful
2016-08-20 14:43:11:478[Info         ] ShaderProgram::AddShader [21] successful.
2016-08-20 14:43:11:480[Info         ] CheckProgramStatus() successful!
2016-08-20 14:43:11:480[Info         ] CheckProgramStatus() successful!
2016-08-20 14:43:11:481[Info         ] GetAttribLocation [vPosition] successful.
2016-08-20 14:43:11:481[Info         ] GetUniformLocation [colorin] successful.
2016-08-20 14:43:11:481[Info         ] GetUniformLocation [MAT] successful.
2016-08-20 14:43:11:481[cProcess     ] RenderEngine::Initialize() successful.
2016-08-20 14:43:11:482[cInfo        ] 
-----------------------------------------------------------------------
 BufferInfo::CreateBuffers()[0] Created buffers:| VERTEX [1] with [80] bytes. || INDEX [2] with [24] bytes |
-----------------------------------------------------------------------

2016-08-20 14:43:11:487[cInfo        ] --------BufferInfo::AddMesh() Added mesh successfully-------
2016-08-20 14:43:11:488[cInfo        ] 
2016-08-20 14:43:11:488[cInfo        ] --------------------| START BUFFER MESH INFO |-------------------------------------
2016-08-20 14:43:11:490[cInfo        ] BufferInfo::AddMesh(): NUM VERTS-----------------[4]
2016-08-20 14:43:11:491[cInfo        ] BufferInfo::AddMesh(): NUM INDICES---------------[6]
2016-08-20 14:43:11:492[cInfo        ] BufferInfo::AddMesh(): VERT OFFSET---------------[0]
2016-08-20 14:43:11:493[cInfo        ] BufferInfo::AddMesh(): INDICES OFFSET (BYTES)----[0]
2016-08-20 14:43:11:496[cInfo        ] --------------------|  END BUFFER MESH INFO  |--------------------------------------
2016-08-20 14:43:11:497[cInfo        ] 

2016-08-20 14:43:11:497[cInfo        ] 
-----------------------------------------------------------------------
 BufferInfo::CreateBuffers()[0] Created buffers:| VERTEX [3] with [96] bytes. || INDEX [4] with [48] bytes |
-----------------------------------------------------------------------

2016-08-20 14:43:11:501[cInfo        ] --------BufferInfo::AddMesh() Added mesh successfully-------
2016-08-20 14:43:11:501[cInfo        ] 
2016-08-20 14:43:11:502[cInfo        ] --------------------| START BUFFER MESH INFO |-------------------------------------
2016-08-20 14:43:11:503[cInfo        ] BufferInfo::AddMesh(): NUM VERTS-----------------[8]
2016-08-20 14:43:11:505[cInfo        ] BufferInfo::AddMesh(): NUM INDICES---------------[24]
2016-08-20 14:43:11:507[cInfo        ] BufferInfo::AddMesh(): VERT OFFSET---------------[0]
2016-08-20 14:43:11:508[cInfo        ] BufferInfo::AddMesh(): INDICES OFFSET (BYTES)----[0]
2016-08-20 14:43:11:509[cInfo        ] --------------------|  END BUFFER MESH INFO  |--------------------------------------
2016-08-20 14:43:11:510[cInfo        ] 

2016-08-20 14:43:11:511[cInfo        ] 
-----------------------------------------------------------------------
 BufferInfo::CreateBuffers()[0] Created buffers:| VERTEX [5] with [864] bytes. || INDEX [6] with [0] bytes |
-----------------------------------------------------------------------

2016-08-20 14:43:11:515[cInfo        ] --------BufferInfo::AddMesh() Added mesh successfully-------
2016-08-20 14:43:11:516[cInfo        ] 
2016-08-20 14:43:11:517[cInfo        ] --------------------| START BUFFER MESH INFO |-------------------------------------
2016-08-20 14:43:11:518[cInfo        ] BufferInfo::AddMesh(): NUM VERTS-----------------[36]
2016-08-20 14:43:11:518[cInfo        ] BufferInfo::AddMesh(): NUM INDICES---------------[0]
2016-08-20 14:43:11:519[cInfo        ] BufferInfo::AddMesh(): VERT OFFSET---------------[0]
2016-08-20 14:43:11:520[cInfo        ] BufferInfo::AddMesh(): INDICES OFFSET (BYTES)----[0]
2016-08-20 14:43:11:521[cInfo        ] --------------------|  END BUFFER MESH INFO  |--------------------------------------
2016-08-20 14:43:11:522[cInfo        ] 

2016-08-20 14:43:11:524[cInfo        ] 
-----------------------------------------------------------------------
 BufferInfo::CreateBuffers()[0] Created buffers:| VERTEX [7] with [144] bytes. || INDEX [8] with [0] bytes |
-----------------------------------------------------------------------

2016-08-20 14:43:11:530[cInfo        ] --------BufferInfo::AddMesh() Added mesh successfully-------
2016-08-20 14:43:11:532[cInfo        ] 
2016-08-20 14:43:11:532[cInfo        ] --------------------| START BUFFER MESH INFO |-------------------------------------
2016-08-20 14:43:11:535[cInfo        ] BufferInfo::AddMesh(): NUM VERTS-----------------[6]
2016-08-20 14:43:11:537[cInfo        ] BufferInfo::AddMesh(): NUM INDICES---------------[0]
2016-08-20 14:43:11:539[cInfo        ] BufferInfo::AddMesh(): VERT OFFSET---------------[0]
2016-08-20 14:43:11:540[cInfo        ] BufferInfo::AddMesh(): INDICES OFFSET (BYTES)----[0]
2016-08-20 14:43:11:542[cInfo        ] --------------------|  END BUFFER MESH INFO  |--------------------------------------
2016-08-20 14:43:11:544[cInfo        ] 

2016-08-20 14:43:11:546[cProcess     ] BufferManager::Initialize() successful.
2016-08-20 14:43:11:547[cInfo        ] 
-----------------------------------------------------------------------
 BufferInfo::CreateBuffers()[0] Created buffers:| VERTEX [9] with [1000000] bytes. || INDEX [10] with [1000000] bytes |
-----------------------------------------------------------------------

2016-08-20 14:43:11:552[cInfo        ] --------BufferInfo::AddMesh() Added mesh successfully-------
2016-08-20 14:43:11:554[cInfo        ] 
2016-08-20 14:43:11:555[cInfo        ] --------------------| START BUFFER MESH INFO |-------------------------------------
2016-08-20 14:43:11:557[cInfo        ] BufferInfo::AddMesh(): NUM VERTS-----------------[24]
2016-08-20 14:43:11:558[cInfo        ] BufferInfo::AddMesh(): NUM INDICES---------------[36]
2016-08-20 14:43:11:560[cInfo        ] BufferInfo::AddMesh(): VERT OFFSET---------------[0]
2016-08-20 14:43:11:561[cInfo        ] BufferInfo::AddMesh(): INDICES OFFSET (BYTES)----[0]
2016-08-20 14:43:11:562[cInfo        ] --------------------|  END BUFFER MESH INFO  |--------------------------------------
2016-08-20 14:43:11:565[cInfo        ] 

2016-08-20 14:43:11:567[cProcess     ] BufferManager::Initialize() successful.
2016-08-20 14:43:11:568[cInfo        ] 
-----------------------------------------------------------------------
 BufferInfo::CreateBuffers()[1] Created buffers:| VERTEX [11] with [1000000] bytes. || INDEX [12] with [1000000] bytes |
-----------------------------------------------------------------------

2016-08-20 14:43:11:576[cInfo        ] --------BufferInfo::AddMesh() Added mesh successfully-------
2016-08-20 14:43:11:577[cInfo        ] 
2016-08-20 14:43:11:577[cInfo        ] --------------------| START BUFFER MESH INFO |-------------------------------------
2016-08-20 14:43:11:579[cInfo        ] BufferInfo::AddMesh(): NUM VERTS-----------------[1536]
2016-08-20 14:43:11:580[cInfo        ] BufferInfo::AddMesh(): NUM INDICES---------------[3072]
2016-08-20 14:43:11:581[cInfo        ] BufferInfo::AddMesh(): VERT OFFSET---------------[0]
2016-08-20 14:43:11:582[cInfo        ] BufferInfo::AddMesh(): INDICES OFFSET (BYTES)----[0]
2016-08-20 14:43:11:584[cInfo        ] --------------------|  END BUFFER MESH INFO  |--------------------------------------
2016-08-20 14:43:11:585[cInfo        ] 

2016-08-20 14:43:11:586[cInfo        ] 
-----------------------------------------------------------------------
 BufferInfo::CreateBuffers()[0] Created buffers:| VERTEX [13] with [3936] bytes. || INDEX [14] with [0] bytes |
-----------------------------------------------------------------------

2016-08-20 14:43:11:590[cInfo        ] --------BufferInfo::AddMesh() Added mesh successfully-------
2016-08-20 14:43:11:591[cInfo        ] 
2016-08-20 14:43:11:591[cInfo        ] --------------------| START BUFFER MESH INFO |-------------------------------------
2016-08-20 14:43:11:594[cInfo        ] BufferInfo::AddMesh(): NUM VERTS-----------------[164]
2016-08-20 14:43:11:595[cInfo        ] BufferInfo::AddMesh(): NUM INDICES---------------[0]
2016-08-20 14:43:11:596[cInfo        ] BufferInfo::AddMesh(): VERT OFFSET---------------[0]
2016-08-20 14:43:11:596[cInfo        ] BufferInfo::AddMesh(): INDICES OFFSET (BYTES)----[0]
2016-08-20 14:43:11:598[cInfo        ] --------------------|  END BUFFER MESH INFO  |--------------------------------------
2016-08-20 14:43:11:599[cInfo        ] 

2016-08-20 14:43:11:600[cProcess     ] ShapeGenerator initialized successfully.
2016-08-20 14:43:11:601[cProcess     ] Camera::Initialize() successful.
2016-08-20 14:43:11:603[cProcess     ] Keyboard::Initialize() successful
2016-08-20 14:43:11:604[cProcess     ] Keyboard::Initialize() successful
2016-08-20 14:43:11:618[cInfo        ] 
-----------------------------------------------------------------------
 BufferInfo::CreateBuffers()[0] Created buffers:| VERTEX [15] with [10810368] bytes. || INDEX [16] with [0] bytes |
-----------------------------------------------------------------------

2016-08-20 14:43:11:636[cInfo        ] --------BufferInfo::AddMesh() Added mesh successfully-------
2016-08-20 14:43:11:638[cInfo        ] 
2016-08-20 14:43:11:639[cInfo        ] --------------------| START BUFFER MESH INFO |-------------------------------------
2016-08-20 14:43:11:642[cInfo        ] BufferInfo::AddMesh(): NUM VERTS-----------------[337824]
2016-08-20 14:43:11:643[cInfo        ] BufferInfo::AddMesh(): NUM INDICES---------------[0]
2016-08-20 14:43:11:644[cInfo        ] BufferInfo::AddMesh(): VERT OFFSET---------------[0]
2016-08-20 14:43:11:645[cInfo        ] BufferInfo::AddMesh(): INDICES OFFSET (BYTES)----[0]
2016-08-20 14:43:11:646[cInfo        ] --------------------|  END BUFFER MESH INFO  |--------------------------------------
2016-08-20 14:43:11:648[cInfo        ] 

2016-08-20 14:43:11:676[Info         ] ShapeGenerator::ReadSceneFile(): Added new scene [..\Data\Scenes\Dargon.ptn.scene] successfully.
2016-08-20 14:43:11:676[cInfo        ] EntityManager::BuildPlayerEntity(): Built [Dargon] successfully
2016-08-20 14:43:11:678[cProcess     ] BufferManager::Initialize() successful.
2016-08-20 14:43:11:684[cInfo        ] 
-----------------------------------------------------------------------
 BufferInfo::CreateBuffers()[2] Created buffers:| VERTEX [17] with [1000000] bytes. || INDEX [18] with [1000000] bytes |
-----------------------------------------------------------------------

2016-08-20 14:43:11:690[cInfo        ] --------BufferInfo::AddMesh() Added mesh successfully-------
2016-08-20 14:43:11:691[cInfo        ] 
2016-08-20 14:43:11:691[cInfo        ] --------------------| START BUFFER MESH INFO |-------------------------------------
2016-08-20 14:43:11:692[cInfo        ] BufferInfo::AddMesh(): NUM VERTS-----------------[36]
2016-08-20 14:43:11:694[cInfo        ] BufferInfo::AddMesh(): NUM INDICES---------------[0]
2016-08-20 14:43:11:695[cInfo        ] BufferInfo::AddMesh(): VERT OFFSET---------------[0]
2016-08-20 14:43:11:696[cInfo        ] BufferInfo::AddMesh(): INDICES OFFSET (BYTES)----[0]
2016-08-20 14:43:11:697[cInfo        ] --------------------|  END BUFFER MESH INFO  |--------------------------------------
2016-08-20 14:43:11:698[cInfo        ] 

2016-08-20 14:43:11:699[Info         ] ShapeGenerator::ReadSceneFile(): Added new scene [..\Data\Scenes\Cube.pn.scene] successfully.
2016-08-20 14:43:11:699[cInfo        ] --------BufferInfo::AddMesh() Added mesh successfully-------
2016-08-20 14:43:11:700[cInfo        ] 
2016-08-20 14:43:11:700[cInfo        ] --------------------| START BUFFER MESH INFO |-------------------------------------
2016-08-20 14:43:11:701[cInfo        ] BufferInfo::AddMesh(): NUM VERTS-----------------[18]
2016-08-20 14:43:11:702[cInfo        ] BufferInfo::AddMesh(): NUM INDICES---------------[0]
2016-08-20 14:43:11:704[cInfo        ] BufferInfo::AddMesh(): VERT OFFSET---------------[36]
2016-08-20 14:43:11:705[cInfo        ] BufferInfo::AddMesh(): INDICES OFFSET (BYTES)----[0]
2016-08-20 14:43:11:706[cInfo        ] --------------------|  END BUFFER MESH INFO  |--------------------------------------
2016-08-20 14:43:11:707[cInfo        ] 

2016-08-20 14:43:11:708[Info         ] ShapeGenerator::ReadSceneFile(): Added new scene [..\Data\Scenes\Pyramid.pn.scene] successfully.
2016-08-20 14:43:11:714[cInfo        ] 
-----------------------------------------------------------------------
 BufferInfo::CreateBuffers()[0] Created buffers:| VERTEX [19] with [5529600] bytes. || INDEX [20] with [0] bytes |
-----------------------------------------------------------------------

2016-08-20 14:43:11:725[cInfo        ] --------BufferInfo::AddMesh() Added mesh successfully-------
2016-08-20 14:43:11:727[cInfo        ] 
2016-08-20 14:43:11:727[cInfo        ] --------------------| START BUFFER MESH INFO |-------------------------------------
2016-08-20 14:43:11:728[cInfo        ] BufferInfo::AddMesh(): NUM VERTS-----------------[172800]
2016-08-20 14:43:11:729[cInfo        ] BufferInfo::AddMesh(): NUM INDICES---------------[0]
2016-08-20 14:43:11:730[cInfo        ] BufferInfo::AddMesh(): VERT OFFSET---------------[0]
2016-08-20 14:43:11:731[cInfo        ] BufferInfo::AddMesh(): INDICES OFFSET (BYTES)----[0]
2016-08-20 14:43:11:733[cInfo        ] --------------------|  END BUFFER MESH INFO  |--------------------------------------
2016-08-20 14:43:11:734[cInfo        ] 

2016-08-20 14:43:11:736[Info         ] ShapeGenerator::ReadSceneFile(): Added new scene [..\Data\Scenes\WaterPlane.ptn.scene] successfully.
2016-08-20 14:43:11:737[cProcess     ] Camera::Initialize() successful.
2016-08-20 14:43:11:747[cProcess     ] BufferManager::Initialize() successful.
2016-08-20 14:43:11:749[cInfo        ] 
-----------------------------------------------------------------------
 BufferInfo::CreateBuffers()[3] Created buffers:| VERTEX [21] with [8107776] bytes. || INDEX [22] with [0] bytes |
-----------------------------------------------------------------------

2016-08-20 14:43:11:770[cInfo        ] --------BufferInfo::AddMesh() Added mesh successfully-------
2016-08-20 14:43:11:772[cInfo        ] 
2016-08-20 14:43:11:773[cInfo        ] --------------------| START BUFFER MESH INFO |-------------------------------------
2016-08-20 14:43:11:774[cInfo        ] BufferInfo::AddMesh(): NUM VERTS-----------------[337824]
2016-08-20 14:43:11:776[cInfo        ] BufferInfo::AddMesh(): NUM INDICES---------------[0]
2016-08-20 14:43:11:777[cInfo        ] BufferInfo::AddMesh(): VERT OFFSET---------------[0]
2016-08-20 14:43:11:778[cInfo        ] BufferInfo::AddMesh(): INDICES OFFSET (BYTES)----[0]
2016-08-20 14:43:11:780[cInfo        ] --------------------|  END BUFFER MESH INFO  |--------------------------------------
2016-08-20 14:43:11:782[cInfo        ] 

2016-08-20 14:43:11:783[Info         ] ShapeGenerator::ReadSceneFile(): Added new scene [..\Data\Scenes\Dargon.pn.scene] successfully.
2016-08-20 14:43:11:783[cProcess     ] BufferManager::Initialize() successful.
2016-08-20 14:43:11:783[cInfo        ] 
-----------------------------------------------------------------------
 BufferInfo::CreateBuffers()[4] Created buffers:| VERTEX [23] with [1000000] bytes. || INDEX [24] with [1000000] bytes |
-----------------------------------------------------------------------

2016-08-20 14:43:11:788[cInfo        ] --------BufferInfo::AddMesh() Added mesh successfully-------
2016-08-20 14:43:11:790[cInfo        ] 
2016-08-20 14:43:11:790[cInfo        ] --------------------| START BUFFER MESH INFO |-------------------------------------
2016-08-20 14:43:11:792[cInfo        ] BufferInfo::AddMesh(): NUM VERTS-----------------[6]
2016-08-20 14:43:11:792[cInfo        ] BufferInfo::AddMesh(): NUM INDICES---------------[0]
2016-08-20 14:43:11:793[cInfo        ] BufferInfo::AddMesh(): VERT OFFSET---------------[0]
2016-08-20 14:43:11:794[cInfo        ] BufferInfo::AddMesh(): INDICES OFFSET (BYTES)----[0]
2016-08-20 14:43:11:795[cInfo        ] --------------------|  END BUFFER MESH INFO  |--------------------------------------
2016-08-20 14:43:11:796[cInfo        ] 

2016-08-20 14:43:11:797[cProcess     ] BodaciousQuest::Initialize() successful.
2016-08-20 14:43:11:797[Process      ] GameTime::Initialize() ok

2016-08-20 14:43:11:797[cProcess     ] MyWindow::Initialize() successful!
