2016-08-21 14:40:23:226[Process      ] GameLogger::Initialize() opened log file [..\Data\LogFiles\2016-08-21 14-40-23.BodaciousQuest.log] for writing
2016-08-21 14:40:23:226[Info         ] GameLogger::Initialize() successful
2016-08-21 14:40:23:226[Process      ] ConfigReader opened [..\Data\BodaciousQuest.config] successfully
2016-08-21 14:40:23:226[Info         ] ConfigReader initialized successfully
2016-08-21 14:40:23:226[Info         ] Valid KVP [BodaciousQuest.ShowFullScreen] [false] added
2016-08-21 14:40:23:226[Info         ] Valid KVP [BodaciousQuest.FpsInterval] [5.0] added
2016-08-21 14:40:23:227[Info         ] Valid KVP [BodaciousQuest.EnableControls] [true] added
2016-08-21 14:40:23:227[Info         ] Valid KVP [BodaciousQuest.LoadCubeFirst] [true] added
2016-08-21 14:40:23:227[Info         ] Valid KVP [BodaciousQuest.CameraWalkMode] [false] added
2016-08-21 14:40:23:227[Info         ] Valid KVP [BodaciousQuest.GridSize] [40] added
2016-08-21 14:40:23:227[Info         ] Valid KVP [BodaciousQuest.LightingTest.Ambient.Color] [1.0  1.0  1.0] added
2016-08-21 14:40:23:227[Info         ] Valid KVP [BodaciousQuest.LightingTest.Diffuse.Color] [1.0  1.0  1.0] added
2016-08-21 14:40:23:227[Info         ] Valid KVP [BodaciousQuest.LightingTest.Specular.Color] [0.0  0.0  0.0] added
2016-08-21 14:40:23:227[Info         ] Valid KVP [BodaciousQuest.LightingTest.Ambient.Reflectivity] [0.01] added
2016-08-21 14:40:23:227[Info         ] Valid KVP [BodaciousQuest.LightingTest.Diffuse.Reflectivity] [0.8] added
2016-08-21 14:40:23:227[Info         ] Valid KVP [BodaciousQuest.LightingTest.Specular.Reflectivity] [0.5] added
2016-08-21 14:40:23:227[Info         ] Valid KVP [BodaciousQuest.LightingTest.Specular.Shininess] [1.0] added
2016-08-21 14:40:23:227[Info         ] Valid KVP [BodaciousQuest.LightingTest.Falloff.A] [1.0] added
2016-08-21 14:40:23:227[Info         ] Valid KVP [BodaciousQuest.LightingTest.Falloff.B] [0.01] added
2016-08-21 14:40:23:227[Info         ] Valid KVP [BodaciousQuest.LightingTest.Falloff.C] [0.0001] added
2016-08-21 14:40:23:227[Info         ] Valid KVP [BodaciousQuest.LightingTest.Directional] [false] added
2016-08-21 14:40:23:227[Info         ] Valid KVP [BodaciousQuest.LightingTest.Direction] [-1.0 0.0 1.0] added
2016-08-21 14:40:23:227[Info         ] Valid KVP [BodaciousQuest.LightingTest.Light.Position] [-0.875458 3.673020 1.043331] added
2016-08-21 14:40:23:227[Info         ] Valid KVP [BodaciousQuest.LightingTest.Dargon.Color] [1.0 1.0 0.4] added
2016-08-21 14:40:23:227[Info         ] Valid KVP [ObjConverter.Mode.VertexType] [pn] added
2016-08-21 14:40:23:227[Info         ] Valid KVP [ObjConverter.Mode.Analyze] [false] added
2016-08-21 14:40:23:227[Info         ] Valid KVP [ObjConverter.Model] [Dargon] added
2016-08-21 14:40:23:227[Info         ] Valid KVP [ObjConverter.Shader] [4] added
2016-08-21 14:40:23:227[Info         ] Valid KVP [ObjConverter.Color] [random] added
2016-08-21 14:40:23:227[Info         ] Valid KVP [ObjConverter.Obj.InputFileFolder] [..\\Data\\Objs\\] added
2016-08-21 14:40:23:227[Info         ] Valid KVP [ObjConverter.Scene.OutputFileFolder] [..\\Data\\Scenes\\] added
2016-08-21 14:40:23:227[Info         ] Valid KVP [ObjConverter.Model.Dargon.NumVerts] [57967] added
2016-08-21 14:40:23:227[Info         ] Valid KVP [ObjConverter.Model.Dargon.NumIndices] [337824] added
2016-08-21 14:40:23:227[Info         ] Valid KVP [ObjConverter.Model.Dargon.NumTexCoords] [60175] added
2016-08-21 14:40:23:227[Info         ] Valid KVP [ObjConverter.Model.Dargon.NumNormals] [337824] added
2016-08-21 14:40:23:227[Info         ] Valid KVP [ObjConverter.Model.Swamp.NumVerts] [2735] added
2016-08-21 14:40:23:227[Info         ] Valid KVP [ObjConverter.Model.Swamp.NumIndices] [8556] added
2016-08-21 14:40:23:227[Info         ] Valid KVP [ObjConverter.Model.Swamp.NumTexCoords] [3622] added
2016-08-21 14:40:23:227[Info         ] Valid KVP [ObjConverter.Model.Swamp.NumNormals] [5156] added
2016-08-21 14:40:23:227[Info         ] Valid KVP [ObjConverter.Model.Pyramid.NumVerts] [5] added
2016-08-21 14:40:23:227[Info         ] Valid KVP [ObjConverter.Model.Pyramid.NumIndices] [18] added
2016-08-21 14:40:23:227[Info         ] Valid KVP [ObjConverter.Model.Pyramid.NumTexCoords] [10] added
2016-08-21 14:40:23:227[Info         ] Valid KVP [ObjConverter.Model.Pyramid.NumNormals] [16] added
2016-08-21 14:40:23:227[Info         ] Valid KVP [ObjConverter.Model.AIWorld.NumVerts] [1957] added
2016-08-21 14:40:23:227[Info         ] Valid KVP [ObjConverter.Model.AIWorld.NumIndices] [8718] added
2016-08-21 14:40:23:227[Info         ] Valid KVP [ObjConverter.Model.AIWorld.NumTexCoords] [4186] added
2016-08-21 14:40:23:227[Info         ] Valid KVP [ObjConverter.Model.AIWorld.NumNormals] [5418] added
2016-08-21 14:40:23:227[Info         ] Valid KVP [ObjConverter.Model.GameWeapon.NumVerts] [2068] added
2016-08-21 14:40:23:227[Info         ] Valid KVP [ObjConverter.Model.GameWeapon.NumIndices] [9894] added
2016-08-21 14:40:23:228[Info         ] Valid KVP [ObjConverter.Model.GameWeapon.NumTexCoords] [0] added
2016-08-21 14:40:23:228[Info         ] Valid KVP [ObjConverter.Model.GameWeapon.NumNormals] [0] added
2016-08-21 14:40:23:228[Info         ] Valid KVP [ObjConverter.Model.Chicken.NumVerts] [224] added
2016-08-21 14:40:23:228[Info         ] Valid KVP [ObjConverter.Model.Chicken.NumIndices] [1374] added
2016-08-21 14:40:23:228[Info         ] Valid KVP [ObjConverter.Model.Chicken.NumTexCoords] [472] added
2016-08-21 14:40:23:228[Info         ] Valid KVP [ObjConverter.Model.Chicken.NumNormals] [565] added
2016-08-21 14:40:23:228[Info         ] Valid KVP [ObjConverter.Model.WaterPlane.NumVerts] [29282] added
2016-08-21 14:40:23:228[Info         ] Valid KVP [ObjConverter.Model.WaterPlane.NumIndices] [172800] added
2016-08-21 14:40:23:228[Info         ] Valid KVP [ObjConverter.Model.WaterPlane.NumTexCoords] [29282] added
2016-08-21 14:40:23:228[Info         ] Valid KVP [ObjConverter.Model.WaterPlane.NumNormals] [172800] added
2016-08-21 14:40:23:228[Info         ] Valid KVP [ObjConverter.Model.Cube.NumVerts] [8] added
2016-08-21 14:40:23:228[Info         ] Valid KVP [ObjConverter.Model.Cube.NumIndices] [36] added
2016-08-21 14:40:23:228[Info         ] Valid KVP [ObjConverter.Model.Cube.NumTexCoords] [14] added
2016-08-21 14:40:23:228[Info         ] Valid KVP [ObjConverter.Model.Cube.NumNormals] [24] added
2016-08-21 14:40:23:228[Info         ] Valid KVP [ObjConverter.Model.Barrel.NumVerts] [172] added
2016-08-21 14:40:23:228[Info         ] Valid KVP [ObjConverter.Model.Barrel.NumIndices] [1008] added
2016-08-21 14:40:23:228[Info         ] Valid KVP [ObjConverter.Model.Barrel.NumTexCoords] [328] added
2016-08-21 14:40:23:228[Info         ] Valid KVP [ObjConverter.Model.Barrel.NumNormals] [204] added
2016-08-21 14:40:23:228[Info         ] Valid KVP [ObjConverter.Model.SkyBox.NumVerts] [8] added
2016-08-21 14:40:23:228[Info         ] Valid KVP [ObjConverter.Model.SkyBox.NumIndices] [36] added
2016-08-21 14:40:23:228[Info         ] Valid KVP [ObjConverter.Model.SkyBox.NumTexCoords] [18] added
2016-08-21 14:40:23:228[Info         ] Valid KVP [ObjConverter.Model.SkyBox.NumNormals] [24] added
2016-08-21 14:40:23:295[cInfo        ] Config reader opened [..\Data\BodaciousQuest.config] for reading!
2016-08-21 14:40:23:351[Process      ] ShaderManager Initialized successfully
2016-08-21 14:40:23:351[Info         ] Shader Init started
2016-08-21 14:40:23:351[Info         ] Shader Program created.
2016-08-21 14:40:23:351[Process      ] ShaderProgram::Initialize()[1] successful!
2016-08-21 14:40:23:351[Debug        ] File [..\Data\shaders\debug.vert.shader] Opened successfully! Buffer Length:[291]
2016-08-21 14:40:23:351[Debug        ] Shader file [..\Data\shaders\debug.vert.shader] contents:
//BEGIN
#version 430 core

layout(location = 0)  in vec3 vPosition;

layout(location = 15) uniform vec3 colorin;
layout(location = 16) uniform mat4 MAT;

out vec4 color;

void main()
{
	vec4 vertPos = vec4(vPosition, 1.0);
	gl_Position = MAT *  vertPos;
	color = vec4(colorin, 1.0);
}
//END

2016-08-21 14:40:23:351[Debug        ]  ShaderProgram::AddShader() file with data was read in
2016-08-21 14:40:23:351[Debug        ] ShaderProgram::AddShader() : glShaderSource() successful
2016-08-21 14:40:23:351[Debug        ] ShaderProgram::AddShader() : glCompileShader() successful
2016-08-21 14:40:23:351[Info         ] ShaderProgram::CheckShaderCompileStatus(2) successful.
2016-08-21 14:40:23:351[Debug        ] ShaderProgram::AddShader() : glCompileShader() successful
2016-08-21 14:40:23:351[Info         ] ShaderInfo saved successfully.
2016-08-21 14:40:23:351[Debug        ] ShaderProgram::AddShader() : glAttachShader() successful
2016-08-21 14:40:23:351[Info         ] ShaderProgram::AddShader [2] successful.
2016-08-21 14:40:23:351[Debug        ] File [..\Data\shaders\debug.frag.shader] Opened successfully! Buffer Length:[104]
2016-08-21 14:40:23:351[Debug        ] Shader file [..\Data\shaders\debug.frag.shader] contents:
//BEGIN
#version 430 core


in  vec4 color;
out vec4 outColor;

void main()
{
	outColor = color;
}


//END

2016-08-21 14:40:23:352[Debug        ]  ShaderProgram::AddShader() file with data was read in
2016-08-21 14:40:23:352[Debug        ] ShaderProgram::AddShader() : glShaderSource() successful
2016-08-21 14:40:23:352[Debug        ] ShaderProgram::AddShader() : glCompileShader() successful
2016-08-21 14:40:23:352[Info         ] ShaderProgram::CheckShaderCompileStatus(3) successful.
2016-08-21 14:40:23:352[Debug        ] ShaderProgram::AddShader() : glCompileShader() successful
2016-08-21 14:40:23:352[Info         ] ShaderInfo saved successfully.
2016-08-21 14:40:23:352[Debug        ] ShaderProgram::AddShader() : glAttachShader() successful
2016-08-21 14:40:23:352[Info         ] ShaderProgram::AddShader [3] successful.
2016-08-21 14:40:23:353[Info         ] CheckProgramStatus() successful!
2016-08-21 14:40:23:353[Info         ] CheckProgramStatus() successful!
2016-08-21 14:40:23:353[Info         ] Shader Init started
2016-08-21 14:40:23:353[Info         ] Shader Program created.
2016-08-21 14:40:23:353[Process      ] ShaderProgram::Initialize()[4] successful!
2016-08-21 14:40:23:353[Debug        ] File [..\Data\shaders\play.vert.shader] Opened successfully! Buffer Length:[343]
2016-08-21 14:40:23:354[Debug        ] Shader file [..\Data\shaders\play.vert.shader] contents:
//BEGIN
#version 430 core

layout (location = 0)  in vec3 vPosition;
layout (location = 1)  in vec3 vColor;
layout (location = 15) uniform vec3 colorin;
layout (location = 16) uniform mat4 MAT;

out vec4 color;

void main()
{
	vec4 vertPos = vec4(vPosition, 1.0);
	gl_Position = MAT *  vertPos;
	color = vec4((vColor + colorin), 1.0);
}
//END

2016-08-21 14:40:23:354[Debug        ]  ShaderProgram::AddShader() file with data was read in
2016-08-21 14:40:23:354[Debug        ] ShaderProgram::AddShader() : glShaderSource() successful
2016-08-21 14:40:23:354[Debug        ] ShaderProgram::AddShader() : glCompileShader() successful
2016-08-21 14:40:23:354[Info         ] ShaderProgram::CheckShaderCompileStatus(5) successful.
2016-08-21 14:40:23:354[Debug        ] ShaderProgram::AddShader() : glCompileShader() successful
2016-08-21 14:40:23:354[Info         ] ShaderInfo saved successfully.
2016-08-21 14:40:23:354[Debug        ] ShaderProgram::AddShader() : glAttachShader() successful
2016-08-21 14:40:23:354[Info         ] ShaderProgram::AddShader [5] successful.
2016-08-21 14:40:23:354[Debug        ] File [..\Data\shaders\play.frag.shader] Opened successfully! Buffer Length:[391]
2016-08-21 14:40:23:354[Debug        ] Shader file [..\Data\shaders\play.frag.shader] contents:
//BEGIN
#version 430 core


in  vec4 color;
out vec4 outColor;

void main()
{

	//if (color.r < .7) discard;
	outColor = color;

	//if(((gl_FragCoord.x  > 600)&& (gl_FragCoord.y < 300)) || ((gl_FragCoord.y < 300)  && (gl_FragCoord.x  < 600) )) {
	//discard;
	//}

	//vec2 scrPos = vec2(gl_FragCoord) - vec2(350,150);
	//float len =  length(scrPos);
	//if(len < 50 )discard;
}


//END

2016-08-21 14:40:23:354[Debug        ]  ShaderProgram::AddShader() file with data was read in
2016-08-21 14:40:23:354[Debug        ] ShaderProgram::AddShader() : glShaderSource() successful
2016-08-21 14:40:23:354[Debug        ] ShaderProgram::AddShader() : glCompileShader() successful
2016-08-21 14:40:23:354[Info         ] ShaderProgram::CheckShaderCompileStatus(6) successful.
2016-08-21 14:40:23:354[Debug        ] ShaderProgram::AddShader() : glCompileShader() successful
2016-08-21 14:40:23:354[Info         ] ShaderInfo saved successfully.
2016-08-21 14:40:23:354[Debug        ] ShaderProgram::AddShader() : glAttachShader() successful
2016-08-21 14:40:23:354[Info         ] ShaderProgram::AddShader [6] successful.
2016-08-21 14:40:23:356[Info         ] CheckProgramStatus() successful!
2016-08-21 14:40:23:356[Info         ] CheckProgramStatus() successful!
2016-08-21 14:40:23:356[Info         ] Shader Init started
2016-08-21 14:40:23:356[Info         ] Shader Program created.
2016-08-21 14:40:23:356[Process      ] ShaderProgram::Initialize()[7] successful!
2016-08-21 14:40:23:356[Debug        ] File [..\Data\shaders\texture.vert.shader] Opened successfully! Buffer Length:[305]
2016-08-21 14:40:23:356[Debug        ] Shader file [..\Data\shaders\texture.vert.shader] contents:
//BEGIN
#version 430 core

layout (location = 0)  in vec3 vPosition;
layout (location = 1)  in vec2 vUV;

layout (location = 16) uniform mat4 MAT;

//out data
out vec2 UV;

//out vec4 color;

void main()
{
	vec4 vertPos = vec4(vPosition, 1.0);
	gl_Position = MAT *  vertPos;

	UV = vUV;
	
	
}
//END

2016-08-21 14:40:23:356[Debug        ]  ShaderProgram::AddShader() file with data was read in
2016-08-21 14:40:23:356[Debug        ] ShaderProgram::AddShader() : glShaderSource() successful
2016-08-21 14:40:23:356[Debug        ] ShaderProgram::AddShader() : glCompileShader() successful
2016-08-21 14:40:23:356[Info         ] ShaderProgram::CheckShaderCompileStatus(8) successful.
2016-08-21 14:40:23:356[Debug        ] ShaderProgram::AddShader() : glCompileShader() successful
2016-08-21 14:40:23:356[Info         ] ShaderInfo saved successfully.
2016-08-21 14:40:23:356[Debug        ] ShaderProgram::AddShader() : glAttachShader() successful
2016-08-21 14:40:23:356[Info         ] ShaderProgram::AddShader [8] successful.
2016-08-21 14:40:23:356[Debug        ] File [..\Data\shaders\texture.frag.shader] Opened successfully! Buffer Length:[482]
2016-08-21 14:40:23:356[Debug        ] Shader file [..\Data\shaders\texture.frag.shader] contents:
//BEGIN
#version 430 core


in  vec2 UV;
out vec4 outColor;

layout(location = 20) uniform sampler2D textureSampler;

void main()
{

	//if (color.r < .7) discard;
	outColor = vec4(texture(textureSampler, UV).rgb, 1.0);

	//if(((gl_FragCoord.x  > 600)&& (gl_FragCoord.y < 300)) || ((gl_FragCoord.y < 300)  && (gl_FragCoord.x  < 600) )) {
	//discard;
	//}
	//vec2 scrPos = vec2(gl_FragCoord) - vec2(350,150);
	//float len =  length(scrPos);
	//if(len < 50 )discard;
}


//END

2016-08-21 14:40:23:357[Debug        ]  ShaderProgram::AddShader() file with data was read in
2016-08-21 14:40:23:357[Debug        ] ShaderProgram::AddShader() : glShaderSource() successful
2016-08-21 14:40:23:357[Debug        ] ShaderProgram::AddShader() : glCompileShader() successful
2016-08-21 14:40:23:357[Info         ] ShaderProgram::CheckShaderCompileStatus(9) successful.
2016-08-21 14:40:23:357[Debug        ] ShaderProgram::AddShader() : glCompileShader() successful
2016-08-21 14:40:23:357[Info         ] ShaderInfo saved successfully.
2016-08-21 14:40:23:357[Debug        ] ShaderProgram::AddShader() : glAttachShader() successful
2016-08-21 14:40:23:357[Info         ] ShaderProgram::AddShader [9] successful.
2016-08-21 14:40:23:358[Info         ] CheckProgramStatus() successful!
2016-08-21 14:40:23:358[Info         ] CheckProgramStatus() successful!
2016-08-21 14:40:23:358[Info         ] Shader Init started
2016-08-21 14:40:23:358[Info         ] Shader Program created.
2016-08-21 14:40:23:358[Process      ] ShaderProgram::Initialize()[10] successful!
2016-08-21 14:40:23:358[Debug        ] File [..\Data\shaders\framebuffer.vert.shader] Opened successfully! Buffer Length:[305]
2016-08-21 14:40:23:358[Debug        ] Shader file [..\Data\shaders\framebuffer.vert.shader] contents:
//BEGIN
#version 430 core

layout (location = 0)  in vec3 vPosition;
layout (location = 1)  in vec2 vUV;

layout (location = 16) uniform mat4 MAT;

//out data
out vec2 UV;

//out vec4 color;

void main()
{
	vec4 vertPos = vec4(vPosition, 1.0);
	gl_Position = MAT *  vertPos;

	UV = vUV;
	
	
}
//END

2016-08-21 14:40:23:358[Debug        ]  ShaderProgram::AddShader() file with data was read in
2016-08-21 14:40:23:358[Debug        ] ShaderProgram::AddShader() : glShaderSource() successful
2016-08-21 14:40:23:358[Debug        ] ShaderProgram::AddShader() : glCompileShader() successful
2016-08-21 14:40:23:358[Info         ] ShaderProgram::CheckShaderCompileStatus(11) successful.
2016-08-21 14:40:23:358[Debug        ] ShaderProgram::AddShader() : glCompileShader() successful
2016-08-21 14:40:23:358[Info         ] ShaderInfo saved successfully.
2016-08-21 14:40:23:358[Debug        ] ShaderProgram::AddShader() : glAttachShader() successful
2016-08-21 14:40:23:358[Info         ] ShaderProgram::AddShader [11] successful.
2016-08-21 14:40:23:358[Debug        ] File [..\Data\shaders\framebuffer.frag.shader] Opened successfully! Buffer Length:[275]
2016-08-21 14:40:23:359[Debug        ] Shader file [..\Data\shaders\framebuffer.frag.shader] contents:
//BEGIN
#version 430 core


in  vec2 UV;
out vec4 outColor;

layout(location = 20) uniform sampler2D textureSampler;

void main()
{


	vec3 tempCol = texture(textureSampler, UV).rgb;

	outColor = vec4(tempCol.r / 1.5f, tempCol.g / 1.5f, tempCol.b / 1.5f, 1.0f);
}


//END

2016-08-21 14:40:23:359[Debug        ]  ShaderProgram::AddShader() file with data was read in
2016-08-21 14:40:23:359[Debug        ] ShaderProgram::AddShader() : glShaderSource() successful
2016-08-21 14:40:23:359[Debug        ] ShaderProgram::AddShader() : glCompileShader() successful
2016-08-21 14:40:23:359[Info         ] ShaderProgram::CheckShaderCompileStatus(12) successful.
2016-08-21 14:40:23:359[Debug        ] ShaderProgram::AddShader() : glCompileShader() successful
2016-08-21 14:40:23:359[Info         ] ShaderInfo saved successfully.
2016-08-21 14:40:23:359[Debug        ] ShaderProgram::AddShader() : glAttachShader() successful
2016-08-21 14:40:23:359[Info         ] ShaderProgram::AddShader [12] successful.
2016-08-21 14:40:23:360[Info         ] CheckProgramStatus() successful!
2016-08-21 14:40:23:360[Info         ] CheckProgramStatus() successful!
2016-08-21 14:40:23:360[Info         ] Shader Init started
2016-08-21 14:40:23:360[Info         ] Shader Program created.
2016-08-21 14:40:23:360[Process      ] ShaderProgram::Initialize()[13] successful!
2016-08-21 14:40:23:360[Debug        ] File [..\Data\shaders\lighting.vert.shader] Opened successfully! Buffer Length:[1145]
2016-08-21 14:40:23:360[cDebug       ] Shader file [..\Data\shaders\lighting.vert.shader] is too big to display contents.
2016-08-21 14:40:23:361[Debug        ]  ShaderProgram::AddShader() file with data was read in
2016-08-21 14:40:23:361[Debug        ] ShaderProgram::AddShader() : glShaderSource() successful
2016-08-21 14:40:23:362[Debug        ] ShaderProgram::AddShader() : glCompileShader() successful
2016-08-21 14:40:23:362[Info         ] ShaderProgram::CheckShaderCompileStatus(14) successful.
2016-08-21 14:40:23:362[Debug        ] ShaderProgram::AddShader() : glCompileShader() successful
2016-08-21 14:40:23:362[Info         ] ShaderInfo saved successfully.
2016-08-21 14:40:23:362[Debug        ] ShaderProgram::AddShader() : glAttachShader() successful
2016-08-21 14:40:23:362[Info         ] ShaderProgram::AddShader [14] successful.
2016-08-21 14:40:23:362[Debug        ] File [..\Data\shaders\lighting.frag.shader] Opened successfully! Buffer Length:[1744]
2016-08-21 14:40:23:362[cDebug       ] Shader file [..\Data\shaders\lighting.frag.shader] is too big to display contents.
2016-08-21 14:40:23:363[Debug        ]  ShaderProgram::AddShader() file with data was read in
2016-08-21 14:40:23:363[Debug        ] ShaderProgram::AddShader() : glShaderSource() successful
2016-08-21 14:40:23:364[Debug        ] ShaderProgram::AddShader() : glCompileShader() successful
2016-08-21 14:40:23:364[Info         ] ShaderProgram::CheckShaderCompileStatus(15) successful.
2016-08-21 14:40:23:364[Debug        ] ShaderProgram::AddShader() : glCompileShader() successful
2016-08-21 14:40:23:364[Info         ] ShaderInfo saved successfully.
2016-08-21 14:40:23:364[Debug        ] ShaderProgram::AddShader() : glAttachShader() successful
2016-08-21 14:40:23:364[Info         ] ShaderProgram::AddShader [15] successful.
2016-08-21 14:40:23:367[Info         ] CheckProgramStatus() successful!
2016-08-21 14:40:23:367[Info         ] CheckProgramStatus() successful!
2016-08-21 14:40:23:367[Info         ] Shader Init started
2016-08-21 14:40:23:367[Info         ] Shader Program created.
2016-08-21 14:40:23:367[Process      ] ShaderProgram::Initialize()[16] successful!
2016-08-21 14:40:23:367[Debug        ] File [..\Data\shaders\texlighting.vert.shader] Opened successfully! Buffer Length:[1110]
2016-08-21 14:40:23:367[cDebug       ] Shader file [..\Data\shaders\texlighting.vert.shader] is too big to display contents.
2016-08-21 14:40:23:371[Debug        ]  ShaderProgram::AddShader() file with data was read in
2016-08-21 14:40:23:371[Debug        ] ShaderProgram::AddShader() : glShaderSource() successful
2016-08-21 14:40:23:372[Debug        ] ShaderProgram::AddShader() : glCompileShader() successful
2016-08-21 14:40:23:372[Info         ] ShaderProgram::CheckShaderCompileStatus(17) successful.
2016-08-21 14:40:23:372[Debug        ] ShaderProgram::AddShader() : glCompileShader() successful
2016-08-21 14:40:23:372[Info         ] ShaderInfo saved successfully.
2016-08-21 14:40:23:372[Debug        ] ShaderProgram::AddShader() : glAttachShader() successful
2016-08-21 14:40:23:372[Info         ] ShaderProgram::AddShader [17] successful.
2016-08-21 14:40:23:372[Debug        ] File [..\Data\shaders\texlighting.frag.shader] Opened successfully! Buffer Length:[1717]
2016-08-21 14:40:23:372[cDebug       ] Shader file [..\Data\shaders\texlighting.frag.shader] is too big to display contents.
2016-08-21 14:40:23:374[Debug        ]  ShaderProgram::AddShader() file with data was read in
2016-08-21 14:40:23:374[Debug        ] ShaderProgram::AddShader() : glShaderSource() successful
2016-08-21 14:40:23:374[Debug        ] ShaderProgram::AddShader() : glCompileShader() successful
2016-08-21 14:40:23:374[Info         ] ShaderProgram::CheckShaderCompileStatus(18) successful.
2016-08-21 14:40:23:374[Debug        ] ShaderProgram::AddShader() : glCompileShader() successful
2016-08-21 14:40:23:374[Info         ] ShaderInfo saved successfully.
2016-08-21 14:40:23:375[Debug        ] ShaderProgram::AddShader() : glAttachShader() successful
2016-08-21 14:40:23:375[Info         ] ShaderProgram::AddShader [18] successful.
2016-08-21 14:40:23:377[Info         ] CheckProgramStatus() successful!
2016-08-21 14:40:23:377[Info         ] CheckProgramStatus() successful!
2016-08-21 14:40:23:377[Info         ] Shader Init started
2016-08-21 14:40:23:377[Info         ] Shader Program created.
2016-08-21 14:40:23:377[Process      ] ShaderProgram::Initialize()[19] successful!
2016-08-21 14:40:23:378[Debug        ] File [..\Data\shaders\water.vert.shader] Opened successfully! Buffer Length:[1400]
2016-08-21 14:40:23:378[cDebug       ] Shader file [..\Data\shaders\water.vert.shader] is too big to display contents.
2016-08-21 14:40:23:380[Debug        ]  ShaderProgram::AddShader() file with data was read in
2016-08-21 14:40:23:380[Debug        ] ShaderProgram::AddShader() : glShaderSource() successful
2016-08-21 14:40:23:380[Debug        ] ShaderProgram::AddShader() : glCompileShader() successful
2016-08-21 14:40:23:380[Info         ] ShaderProgram::CheckShaderCompileStatus(20) successful.
2016-08-21 14:40:23:380[Debug        ] ShaderProgram::AddShader() : glCompileShader() successful
2016-08-21 14:40:23:380[Info         ] ShaderInfo saved successfully.
2016-08-21 14:40:23:380[Debug        ] ShaderProgram::AddShader() : glAttachShader() successful
2016-08-21 14:40:23:380[Info         ] ShaderProgram::AddShader [20] successful.
2016-08-21 14:40:23:381[Debug        ] File [..\Data\shaders\water.frag.shader] Opened successfully! Buffer Length:[2436]
2016-08-21 14:40:23:381[cDebug       ] Shader file [..\Data\shaders\water.frag.shader] is too big to display contents.
2016-08-21 14:40:23:382[Debug        ]  ShaderProgram::AddShader() file with data was read in
2016-08-21 14:40:23:382[Debug        ] ShaderProgram::AddShader() : glShaderSource() successful
2016-08-21 14:40:23:383[Debug        ] ShaderProgram::AddShader() : glCompileShader() successful
2016-08-21 14:40:23:383[Info         ] ShaderProgram::CheckShaderCompileStatus(21) successful.
2016-08-21 14:40:23:383[Debug        ] ShaderProgram::AddShader() : glCompileShader() successful
2016-08-21 14:40:23:383[Info         ] ShaderInfo saved successfully.
2016-08-21 14:40:23:383[Debug        ] ShaderProgram::AddShader() : glAttachShader() successful
2016-08-21 14:40:23:383[Info         ] ShaderProgram::AddShader [21] successful.
2016-08-21 14:40:23:385[Info         ] CheckProgramStatus() successful!
2016-08-21 14:40:23:385[Info         ] CheckProgramStatus() successful!
2016-08-21 14:40:23:386[Info         ] GetAttribLocation [vPosition] successful.
2016-08-21 14:40:23:386[Info         ] GetUniformLocation [colorin] successful.
2016-08-21 14:40:23:386[Info         ] GetUniformLocation [MAT] successful.
2016-08-21 14:40:23:386[cProcess     ] RenderEngine::Initialize() successful.
2016-08-21 14:40:23:387[cInfo        ] 
-----------------------------------------------------------------------
 BufferInfo::CreateBuffers()[0] Created buffers:| VERTEX [1] with [80] bytes. || INDEX [2] with [24] bytes |
-----------------------------------------------------------------------

2016-08-21 14:40:23:395[cInfo        ] --------BufferInfo::AddMesh() Added mesh successfully-------
2016-08-21 14:40:23:396[cInfo        ] 
2016-08-21 14:40:23:397[cInfo        ] --------------------| START BUFFER MESH INFO |-------------------------------------
2016-08-21 14:40:23:399[cInfo        ] BufferInfo::AddMesh(): NUM VERTS-----------------[4]
2016-08-21 14:40:23:401[cInfo        ] BufferInfo::AddMesh(): NUM INDICES---------------[6]
2016-08-21 14:40:23:402[cInfo        ] BufferInfo::AddMesh(): VERT OFFSET---------------[0]
2016-08-21 14:40:23:404[cInfo        ] BufferInfo::AddMesh(): INDICES OFFSET (BYTES)----[0]
2016-08-21 14:40:23:405[cInfo        ] --------------------|  END BUFFER MESH INFO  |--------------------------------------
2016-08-21 14:40:23:407[cInfo        ] 

2016-08-21 14:40:23:408[cInfo        ] 
-----------------------------------------------------------------------
 BufferInfo::CreateBuffers()[0] Created buffers:| VERTEX [3] with [96] bytes. || INDEX [4] with [48] bytes |
-----------------------------------------------------------------------

2016-08-21 14:40:23:414[cInfo        ] --------BufferInfo::AddMesh() Added mesh successfully-------
2016-08-21 14:40:23:415[cInfo        ] 
2016-08-21 14:40:23:415[cInfo        ] --------------------| START BUFFER MESH INFO |-------------------------------------
2016-08-21 14:40:23:417[cInfo        ] BufferInfo::AddMesh(): NUM VERTS-----------------[8]
2016-08-21 14:40:23:418[cInfo        ] BufferInfo::AddMesh(): NUM INDICES---------------[24]
2016-08-21 14:40:23:420[cInfo        ] BufferInfo::AddMesh(): VERT OFFSET---------------[0]
2016-08-21 14:40:23:422[cInfo        ] BufferInfo::AddMesh(): INDICES OFFSET (BYTES)----[0]
2016-08-21 14:40:23:423[cInfo        ] --------------------|  END BUFFER MESH INFO  |--------------------------------------
2016-08-21 14:40:23:424[cInfo        ] 

2016-08-21 14:40:23:425[cInfo        ] 
-----------------------------------------------------------------------
 BufferInfo::CreateBuffers()[0] Created buffers:| VERTEX [5] with [864] bytes. || INDEX [6] with [0] bytes |
-----------------------------------------------------------------------

2016-08-21 14:40:23:431[cInfo        ] --------BufferInfo::AddMesh() Added mesh successfully-------
2016-08-21 14:40:23:432[cInfo        ] 
2016-08-21 14:40:23:433[cInfo        ] --------------------| START BUFFER MESH INFO |-------------------------------------
2016-08-21 14:40:23:434[cInfo        ] BufferInfo::AddMesh(): NUM VERTS-----------------[36]
2016-08-21 14:40:23:435[cInfo        ] BufferInfo::AddMesh(): NUM INDICES---------------[0]
2016-08-21 14:40:23:437[cInfo        ] BufferInfo::AddMesh(): VERT OFFSET---------------[0]
2016-08-21 14:40:23:440[cInfo        ] BufferInfo::AddMesh(): INDICES OFFSET (BYTES)----[0]
2016-08-21 14:40:23:442[cInfo        ] --------------------|  END BUFFER MESH INFO  |--------------------------------------
2016-08-21 14:40:23:443[cInfo        ] 

2016-08-21 14:40:23:444[cInfo        ] 
-----------------------------------------------------------------------
 BufferInfo::CreateBuffers()[0] Created buffers:| VERTEX [7] with [144] bytes. || INDEX [8] with [0] bytes |
-----------------------------------------------------------------------

2016-08-21 14:40:23:447[cInfo        ] --------BufferInfo::AddMesh() Added mesh successfully-------
2016-08-21 14:40:23:449[cInfo        ] 
2016-08-21 14:40:23:450[cInfo        ] --------------------| START BUFFER MESH INFO |-------------------------------------
2016-08-21 14:40:23:452[cInfo        ] BufferInfo::AddMesh(): NUM VERTS-----------------[6]
2016-08-21 14:40:23:452[cInfo        ] BufferInfo::AddMesh(): NUM INDICES---------------[0]
2016-08-21 14:40:23:454[cInfo        ] BufferInfo::AddMesh(): VERT OFFSET---------------[0]
2016-08-21 14:40:23:455[cInfo        ] BufferInfo::AddMesh(): INDICES OFFSET (BYTES)----[0]
2016-08-21 14:40:23:456[cInfo        ] --------------------|  END BUFFER MESH INFO  |--------------------------------------
2016-08-21 14:40:23:457[cInfo        ] 

2016-08-21 14:40:23:457[Process      ] BufferInfo::Initialize() successful.
2016-08-21 14:40:23:458[cInfo        ] 
-----------------------------------------------------------------------
 BufferInfo::CreateBuffers()[0] Created buffers:| VERTEX [9] with [1000000] bytes. || INDEX [10] with [1000000] bytes |
-----------------------------------------------------------------------

2016-08-21 14:40:23:463[cInfo        ] --------BufferInfo::AddMesh() Added mesh successfully-------
2016-08-21 14:40:23:464[cInfo        ] 
2016-08-21 14:40:23:465[cInfo        ] --------------------| START BUFFER MESH INFO |-------------------------------------
2016-08-21 14:40:23:467[cInfo        ] BufferInfo::AddMesh(): NUM VERTS-----------------[24]
2016-08-21 14:40:23:468[cInfo        ] BufferInfo::AddMesh(): NUM INDICES---------------[36]
2016-08-21 14:40:23:473[cInfo        ] BufferInfo::AddMesh(): VERT OFFSET---------------[0]
2016-08-21 14:40:23:474[cInfo        ] BufferInfo::AddMesh(): INDICES OFFSET (BYTES)----[0]
2016-08-21 14:40:23:475[cInfo        ] --------------------|  END BUFFER MESH INFO  |--------------------------------------
2016-08-21 14:40:23:476[cInfo        ] 

2016-08-21 14:40:23:478[Process      ] BufferInfo::Initialize() successful.
2016-08-21 14:40:23:478[cInfo        ] 
-----------------------------------------------------------------------
 BufferInfo::CreateBuffers()[1] Created buffers:| VERTEX [11] with [1000000] bytes. || INDEX [12] with [1000000] bytes |
-----------------------------------------------------------------------

2016-08-21 14:40:23:483[cInfo        ] --------BufferInfo::AddMesh() Added mesh successfully-------
2016-08-21 14:40:23:485[cInfo        ] 
2016-08-21 14:40:23:485[cInfo        ] --------------------| START BUFFER MESH INFO |-------------------------------------
2016-08-21 14:40:23:487[cInfo        ] BufferInfo::AddMesh(): NUM VERTS-----------------[1536]
2016-08-21 14:40:23:488[cInfo        ] BufferInfo::AddMesh(): NUM INDICES---------------[3072]
2016-08-21 14:40:23:489[cInfo        ] BufferInfo::AddMesh(): VERT OFFSET---------------[0]
2016-08-21 14:40:23:491[cInfo        ] BufferInfo::AddMesh(): INDICES OFFSET (BYTES)----[0]
2016-08-21 14:40:23:492[cInfo        ] --------------------|  END BUFFER MESH INFO  |--------------------------------------
2016-08-21 14:40:23:494[cInfo        ] 

2016-08-21 14:40:23:495[cInfo        ] 
-----------------------------------------------------------------------
 BufferInfo::CreateBuffers()[0] Created buffers:| VERTEX [13] with [3936] bytes. || INDEX [14] with [0] bytes |
-----------------------------------------------------------------------

2016-08-21 14:40:23:498[cInfo        ] --------BufferInfo::AddMesh() Added mesh successfully-------
2016-08-21 14:40:23:501[cInfo        ] 
2016-08-21 14:40:23:502[cInfo        ] --------------------| START BUFFER MESH INFO |-------------------------------------
2016-08-21 14:40:23:503[cInfo        ] BufferInfo::AddMesh(): NUM VERTS-----------------[164]
2016-08-21 14:40:23:504[cInfo        ] BufferInfo::AddMesh(): NUM INDICES---------------[0]
2016-08-21 14:40:23:507[cInfo        ] BufferInfo::AddMesh(): VERT OFFSET---------------[0]
2016-08-21 14:40:23:508[cInfo        ] BufferInfo::AddMesh(): INDICES OFFSET (BYTES)----[0]
2016-08-21 14:40:23:509[cInfo        ] --------------------|  END BUFFER MESH INFO  |--------------------------------------
2016-08-21 14:40:23:513[cInfo        ] 

2016-08-21 14:40:23:514[cProcess     ] ShapeGenerator initialized successfully.
2016-08-21 14:40:23:515[cProcess     ] Camera::Initialize() successful.
2016-08-21 14:40:23:516[cProcess     ] Keyboard::Initialize() successful
2016-08-21 14:40:23:518[cProcess     ] Keyboard::Initialize() successful
2016-08-21 14:40:23:532[cInfo        ] 
-----------------------------------------------------------------------
 BufferInfo::CreateBuffers()[0] Created buffers:| VERTEX [15] with [10810368] bytes. || INDEX [16] with [0] bytes |
-----------------------------------------------------------------------

2016-08-21 14:40:23:552[cInfo        ] --------BufferInfo::AddMesh() Added mesh successfully-------
2016-08-21 14:40:23:553[cInfo        ] 
2016-08-21 14:40:23:555[cInfo        ] --------------------| START BUFFER MESH INFO |-------------------------------------
2016-08-21 14:40:23:557[cInfo        ] BufferInfo::AddMesh(): NUM VERTS-----------------[337824]
2016-08-21 14:40:23:559[cInfo        ] BufferInfo::AddMesh(): NUM INDICES---------------[0]
2016-08-21 14:40:23:560[cInfo        ] BufferInfo::AddMesh(): VERT OFFSET---------------[0]
2016-08-21 14:40:23:562[cInfo        ] BufferInfo::AddMesh(): INDICES OFFSET (BYTES)----[0]
2016-08-21 14:40:23:564[cInfo        ] --------------------|  END BUFFER MESH INFO  |--------------------------------------
2016-08-21 14:40:23:566[cInfo        ] 

2016-08-21 14:40:23:608[Info         ] ShapeGenerator::ReadSceneFile(): Added new scene [..\Data\Scenes\Dargon.ptn.scene] successfully.
2016-08-21 14:40:23:608[cInfo        ] EntityManager::BuildPlayerEntity(): Built [Dargon] successfully
2016-08-21 14:40:23:610[Process      ] BufferInfo::Initialize() successful.
2016-08-21 14:40:23:621[cInfo        ] 
-----------------------------------------------------------------------
 BufferInfo::CreateBuffers()[2] Created buffers:| VERTEX [17] with [1000000] bytes. || INDEX [18] with [1000000] bytes |
-----------------------------------------------------------------------

2016-08-21 14:40:23:645[cInfo        ] --------BufferInfo::AddMesh() Added mesh successfully-------
2016-08-21 14:40:23:650[cInfo        ] 
2016-08-21 14:40:23:652[cInfo        ] --------------------| START BUFFER MESH INFO |-------------------------------------
2016-08-21 14:40:23:657[cInfo        ] BufferInfo::AddMesh(): NUM VERTS-----------------[36]
2016-08-21 14:40:23:660[cInfo        ] BufferInfo::AddMesh(): NUM INDICES---------------[0]
2016-08-21 14:40:23:663[cInfo        ] BufferInfo::AddMesh(): VERT OFFSET---------------[0]
2016-08-21 14:40:23:665[cInfo        ] BufferInfo::AddMesh(): INDICES OFFSET (BYTES)----[0]
2016-08-21 14:40:23:667[cInfo        ] --------------------|  END BUFFER MESH INFO  |--------------------------------------
2016-08-21 14:40:23:673[cInfo        ] 

2016-08-21 14:40:23:674[Info         ] ShapeGenerator::ReadSceneFile(): Added new scene [..\Data\Scenes\Cube.pn.scene] successfully.
2016-08-21 14:40:23:675[Process      ] BufferInfo::Initialize() successful.
2016-08-21 14:40:23:675[cInfo        ] 
-----------------------------------------------------------------------
 BufferInfo::CreateBuffers()[3] Created buffers:| VERTEX [19] with [1000000] bytes. || INDEX [20] with [1000000] bytes |
-----------------------------------------------------------------------

2016-08-21 14:40:23:684[cInfo        ] --------BufferInfo::AddMesh() Added mesh successfully-------
2016-08-21 14:40:23:685[cInfo        ] 
2016-08-21 14:40:23:686[cInfo        ] --------------------| START BUFFER MESH INFO |-------------------------------------
2016-08-21 14:40:23:689[cInfo        ] BufferInfo::AddMesh(): NUM VERTS-----------------[8718]
2016-08-21 14:40:23:690[cInfo        ] BufferInfo::AddMesh(): NUM INDICES---------------[0]
2016-08-21 14:40:23:691[cInfo        ] BufferInfo::AddMesh(): VERT OFFSET---------------[0]
2016-08-21 14:40:23:693[cInfo        ] BufferInfo::AddMesh(): INDICES OFFSET (BYTES)----[0]
2016-08-21 14:40:23:694[cInfo        ] --------------------|  END BUFFER MESH INFO  |--------------------------------------
2016-08-21 14:40:23:696[cInfo        ] 

2016-08-21 14:40:23:700[Info         ] ShapeGenerator::ReadSceneFile(): Added new scene [..\Data\Scenes\AIWorld.ptn.scene] successfully.
2016-08-21 14:40:23:700[cInfo        ] --------BufferInfo::AddMesh() Added mesh successfully-------
2016-08-21 14:40:23:704[cInfo        ] 
2016-08-21 14:40:23:709[cInfo        ] --------------------| START BUFFER MESH INFO |-------------------------------------
2016-08-21 14:40:23:714[cInfo        ] BufferInfo::AddMesh(): NUM VERTS-----------------[18]
2016-08-21 14:40:23:721[cInfo        ] BufferInfo::AddMesh(): NUM INDICES---------------[0]
2016-08-21 14:40:23:723[cInfo        ] BufferInfo::AddMesh(): VERT OFFSET---------------[36]
2016-08-21 14:40:23:724[cInfo        ] BufferInfo::AddMesh(): INDICES OFFSET (BYTES)----[0]
2016-08-21 14:40:23:725[cInfo        ] --------------------|  END BUFFER MESH INFO  |--------------------------------------
2016-08-21 14:40:23:727[cInfo        ] 

2016-08-21 14:40:23:728[Info         ] ShapeGenerator::ReadSceneFile(): Added new scene [..\Data\Scenes\Pyramid.pn.scene] successfully.
2016-08-21 14:40:23:737[cInfo        ] 
-----------------------------------------------------------------------
 BufferInfo::CreateBuffers()[0] Created buffers:| VERTEX [21] with [5529600] bytes. || INDEX [22] with [0] bytes |
-----------------------------------------------------------------------

2016-08-21 14:40:23:749[cInfo        ] --------BufferInfo::AddMesh() Added mesh successfully-------
2016-08-21 14:40:23:756[cInfo        ] 
2016-08-21 14:40:23:758[cInfo        ] --------------------| START BUFFER MESH INFO |-------------------------------------
2016-08-21 14:40:23:761[cInfo        ] BufferInfo::AddMesh(): NUM VERTS-----------------[172800]
2016-08-21 14:40:23:764[cInfo        ] BufferInfo::AddMesh(): NUM INDICES---------------[0]
2016-08-21 14:40:23:767[cInfo        ] BufferInfo::AddMesh(): VERT OFFSET---------------[0]
2016-08-21 14:40:23:771[cInfo        ] BufferInfo::AddMesh(): INDICES OFFSET (BYTES)----[0]
2016-08-21 14:40:23:774[cInfo        ] --------------------|  END BUFFER MESH INFO  |--------------------------------------
2016-08-21 14:40:23:776[cInfo        ] 

2016-08-21 14:40:23:777[Info         ] ShapeGenerator::ReadSceneFile(): Added new scene [..\Data\Scenes\WaterPlane.ptn.scene] successfully.
2016-08-21 14:40:23:778[cProcess     ] Camera::Initialize() successful.
2016-08-21 14:40:23:792[Process      ] BufferInfo::Initialize() successful.
2016-08-21 14:40:23:792[cInfo        ] 
-----------------------------------------------------------------------
 BufferInfo::CreateBuffers()[4] Created buffers:| VERTEX [23] with [8107776] bytes. || INDEX [24] with [0] bytes |
-----------------------------------------------------------------------

2016-08-21 14:40:23:807[cInfo        ] --------BufferInfo::AddMesh() Added mesh successfully-------
2016-08-21 14:40:23:810[cInfo        ] 
2016-08-21 14:40:23:813[cInfo        ] --------------------| START BUFFER MESH INFO |-------------------------------------
2016-08-21 14:40:23:821[cInfo        ] BufferInfo::AddMesh(): NUM VERTS-----------------[337824]
2016-08-21 14:40:23:822[cInfo        ] BufferInfo::AddMesh(): NUM INDICES---------------[0]
2016-08-21 14:40:23:823[cInfo        ] BufferInfo::AddMesh(): VERT OFFSET---------------[0]
2016-08-21 14:40:23:824[cInfo        ] BufferInfo::AddMesh(): INDICES OFFSET (BYTES)----[0]
2016-08-21 14:40:23:825[cInfo        ] --------------------|  END BUFFER MESH INFO  |--------------------------------------
2016-08-21 14:40:23:826[cInfo        ] 

2016-08-21 14:40:23:829[Info         ] ShapeGenerator::ReadSceneFile(): Added new scene [..\Data\Scenes\Dargon.pn.scene] successfully.
2016-08-21 14:40:23:829[Process      ] BufferInfo::Initialize() successful.
2016-08-21 14:40:23:829[cInfo        ] 
-----------------------------------------------------------------------
 BufferInfo::CreateBuffers()[5] Created buffers:| VERTEX [25] with [1000000] bytes. || INDEX [26] with [1000000] bytes |
-----------------------------------------------------------------------

2016-08-21 14:40:23:833[cInfo        ] --------BufferInfo::AddMesh() Added mesh successfully-------
2016-08-21 14:40:23:834[cInfo        ] 
2016-08-21 14:40:23:834[cInfo        ] --------------------| START BUFFER MESH INFO |-------------------------------------
2016-08-21 14:40:23:835[cInfo        ] BufferInfo::AddMesh(): NUM VERTS-----------------[6]
2016-08-21 14:40:23:836[cInfo        ] BufferInfo::AddMesh(): NUM INDICES---------------[0]
2016-08-21 14:40:23:838[cInfo        ] BufferInfo::AddMesh(): VERT OFFSET---------------[0]
2016-08-21 14:40:23:839[cInfo        ] BufferInfo::AddMesh(): INDICES OFFSET (BYTES)----[0]
2016-08-21 14:40:23:840[cInfo        ] --------------------|  END BUFFER MESH INFO  |--------------------------------------
2016-08-21 14:40:23:841[cInfo        ] 

2016-08-21 14:40:23:842[cProcess     ] BodaciousQuest::Initialize() successful.
2016-08-21 14:40:23:842[Process      ] GameTime::Initialize() ok

2016-08-21 14:40:23:842[cProcess     ] MyWindow::Initialize() successful!
2016-08-21 14:40:44:055[cProcess     ] BufferManager::Shutdown() successful.
2016-08-21 14:40:44:056[cProcess     ] RenderEngine::Shutdown() successful.
2016-08-21 14:40:44:058[cProcess     ] Camera::Shutdown() successful.
2016-08-21 14:40:44:059[Info         ] Shader  [2] deleting...
2016-08-21 14:40:44:059[Info         ] Shader  [2] deleted successfully.
2016-08-21 14:40:44:059[Info         ] Shader  [3] deleting...
2016-08-21 14:40:44:059[Info         ] Shader  [3] deleted successfully.
2016-08-21 14:40:44:059[Info         ] All shaders deleted successfully.
2016-08-21 14:40:44:059[cInfo        ] Program [1] deleted successfully.
2016-08-21 14:40:44:060[Process      ] ShaderProgram[1]::Shutdown successful!
2016-08-21 14:40:44:060[Info         ] Shader  [5] deleting...
2016-08-21 14:40:44:060[Info         ] Shader  [5] deleted successfully.
2016-08-21 14:40:44:060[Info         ] Shader  [6] deleting...
2016-08-21 14:40:44:060[Info         ] Shader  [6] deleted successfully.
2016-08-21 14:40:44:060[Info         ] All shaders deleted successfully.
2016-08-21 14:40:44:060[cInfo        ] Program [4] deleted successfully.
2016-08-21 14:40:44:061[Process      ] ShaderProgram[4]::Shutdown successful!
2016-08-21 14:40:44:061[Info         ] Shader  [8] deleting...
2016-08-21 14:40:44:061[Info         ] Shader  [8] deleted successfully.
2016-08-21 14:40:44:061[Info         ] Shader  [9] deleting...
2016-08-21 14:40:44:061[Info         ] Shader  [9] deleted successfully.
2016-08-21 14:40:44:061[Info         ] All shaders deleted successfully.
2016-08-21 14:40:44:061[cInfo        ] Program [7] deleted successfully.
2016-08-21 14:40:44:062[Process      ] ShaderProgram[7]::Shutdown successful!
2016-08-21 14:40:44:062[Info         ] Shader  [11] deleting...
2016-08-21 14:40:44:062[Info         ] Shader  [11] deleted successfully.
2016-08-21 14:40:44:062[Info         ] Shader  [12] deleting...
2016-08-21 14:40:44:062[Info         ] Shader  [12] deleted successfully.
2016-08-21 14:40:44:062[Info         ] All shaders deleted successfully.
2016-08-21 14:40:44:062[cInfo        ] Program [10] deleted successfully.
2016-08-21 14:40:44:063[Process      ] ShaderProgram[10]::Shutdown successful!
2016-08-21 14:40:44:063[Info         ] Shader  [14] deleting...
2016-08-21 14:40:44:063[Info         ] Shader  [14] deleted successfully.
2016-08-21 14:40:44:063[Info         ] Shader  [15] deleting...
2016-08-21 14:40:44:063[Info         ] Shader  [15] deleted successfully.
2016-08-21 14:40:44:063[Info         ] All shaders deleted successfully.
2016-08-21 14:40:44:063[cInfo        ] Program [13] deleted successfully.
2016-08-21 14:40:44:064[Process      ] ShaderProgram[13]::Shutdown successful!
2016-08-21 14:40:44:064[Info         ] Shader  [17] deleting...
2016-08-21 14:40:44:064[Info         ] Shader  [17] deleted successfully.
2016-08-21 14:40:44:064[Info         ] Shader  [18] deleting...
2016-08-21 14:40:44:064[Info         ] Shader  [18] deleted successfully.
2016-08-21 14:40:44:064[Info         ] All shaders deleted successfully.
2016-08-21 14:40:44:064[cInfo        ] Program [16] deleted successfully.
2016-08-21 14:40:44:066[Process      ] ShaderProgram[16]::Shutdown successful!
2016-08-21 14:40:44:066[Info         ] Shader  [20] deleting...
2016-08-21 14:40:44:067[Info         ] Shader  [20] deleted successfully.
2016-08-21 14:40:44:067[Info         ] Shader  [21] deleting...
2016-08-21 14:40:44:067[Info         ] Shader  [21] deleted successfully.
2016-08-21 14:40:44:067[Info         ] All shaders deleted successfully.
2016-08-21 14:40:44:067[cInfo        ] Program [19] deleted successfully.
2016-08-21 14:40:44:067[Process      ] ShaderProgram[19]::Shutdown successful!
2016-08-21 14:40:44:067[cProcess     ] MyWindow::Shutdown() successful!
2016-08-21 14:40:44:068[cProcess     ] BodaciousQuest::Shutdown() successful.
2016-08-21 14:40:44:078[Process      ] ConfigReader shut down successfully
2016-08-21 14:40:44:078[Process      ] GameLogger::ShutDown() successful
