2016-08-22 11:38:32:172[Process      ] GameLogger::Initialize() opened log file [..\Data\LogFiles\2016-08-22 11-38-32.BodaciousQuest.log] for writing
2016-08-22 11:38:32:172[Info         ] GameLogger::Initialize() successful
2016-08-22 11:38:32:172[Process      ] ConfigReader opened [..\Data\BodaciousQuest.config] successfully
2016-08-22 11:38:32:172[Info         ] ConfigReader initialized successfully
2016-08-22 11:38:32:172[Info         ] Valid KVP [BodaciousQuest.ShowFullScreen] [false] added
2016-08-22 11:38:32:172[Info         ] Valid KVP [BodaciousQuest.FpsInterval] [5.0] added
2016-08-22 11:38:32:175[Info         ] Valid KVP [BodaciousQuest.EnableControls] [true] added
2016-08-22 11:38:32:175[Info         ] Valid KVP [BodaciousQuest.LoadCubeFirst] [true] added
2016-08-22 11:38:32:175[Info         ] Valid KVP [BodaciousQuest.CameraWalkMode] [false] added
2016-08-22 11:38:32:175[Info         ] Valid KVP [BodaciousQuest.GridSize] [40] added
2016-08-22 11:38:32:175[Info         ] Valid KVP [BodaciousQuest.LightingTest.Ambient.Color] [1.0  1.0  1.0] added
2016-08-22 11:38:32:175[Info         ] Valid KVP [BodaciousQuest.LightingTest.Diffuse.Color] [1.0  1.0  1.0] added
2016-08-22 11:38:32:175[Info         ] Valid KVP [BodaciousQuest.LightingTest.Specular.Color] [1.0  1.0  1.0] added
2016-08-22 11:38:32:175[Info         ] Valid KVP [BodaciousQuest.LightingTest.Ambient.Reflectivity] [0.01] added
2016-08-22 11:38:32:175[Info         ] Valid KVP [BodaciousQuest.LightingTest.Diffuse.Reflectivity] [0.7] added
2016-08-22 11:38:32:175[Info         ] Valid KVP [BodaciousQuest.LightingTest.Specular.Reflectivity] [1.0] added
2016-08-22 11:38:32:175[Info         ] Valid KVP [BodaciousQuest.LightingTest.Specular.Shininess] [0.30] added
2016-08-22 11:38:32:175[Info         ] Valid KVP [BodaciousQuest.LightingTest.Falloff.A] [1.0] added
2016-08-22 11:38:32:175[Info         ] Valid KVP [BodaciousQuest.LightingTest.Falloff.B] [0.001] added
2016-08-22 11:38:32:175[Info         ] Valid KVP [BodaciousQuest.LightingTest.Falloff.C] [0.0001] added
2016-08-22 11:38:32:175[Info         ] Valid KVP [BodaciousQuest.LightingTest.Directional] [false] added
2016-08-22 11:38:32:175[Info         ] Valid KVP [BodaciousQuest.LightingTest.Direction] [-1.0 0.0 1.0] added
2016-08-22 11:38:32:175[Info         ] Valid KVP [BodaciousQuest.LightingTest.Light.Position] [-0.875458 3.673020 1.043331] added
2016-08-22 11:38:32:175[Info         ] Valid KVP [BodaciousQuest.LightingTest.Dargon.Color] [1.0 1.0 0.4] added
2016-08-22 11:38:32:175[Info         ] Valid KVP [ObjConverter.Mode.VertexType] [pn] added
2016-08-22 11:38:32:175[Info         ] Valid KVP [ObjConverter.Mode.Analyze] [false] added
2016-08-22 11:38:32:175[Info         ] Valid KVP [ObjConverter.Model] [Dargon] added
2016-08-22 11:38:32:175[Info         ] Valid KVP [ObjConverter.Shader] [4] added
2016-08-22 11:38:32:175[Info         ] Valid KVP [ObjConverter.Color] [random] added
2016-08-22 11:38:32:175[Info         ] Valid KVP [ObjConverter.Obj.InputFileFolder] [..\\Data\\Objs\\] added
2016-08-22 11:38:32:175[Info         ] Valid KVP [ObjConverter.Scene.OutputFileFolder] [..\\Data\\Scenes\\] added
2016-08-22 11:38:32:175[Info         ] Valid KVP [ObjConverter.Model.Dargon.NumVerts] [57967] added
2016-08-22 11:38:32:175[Info         ] Valid KVP [ObjConverter.Model.Dargon.NumIndices] [337824] added
2016-08-22 11:38:32:175[Info         ] Valid KVP [ObjConverter.Model.Dargon.NumTexCoords] [60175] added
2016-08-22 11:38:32:175[Info         ] Valid KVP [ObjConverter.Model.Dargon.NumNormals] [337824] added
2016-08-22 11:38:32:175[Info         ] Valid KVP [ObjConverter.Model.Swamp.NumVerts] [2735] added
2016-08-22 11:38:32:175[Info         ] Valid KVP [ObjConverter.Model.Swamp.NumIndices] [8556] added
2016-08-22 11:38:32:175[Info         ] Valid KVP [ObjConverter.Model.Swamp.NumTexCoords] [3622] added
2016-08-22 11:38:32:175[Info         ] Valid KVP [ObjConverter.Model.Swamp.NumNormals] [5156] added
2016-08-22 11:38:32:175[Info         ] Valid KVP [ObjConverter.Model.Pyramid.NumVerts] [5] added
2016-08-22 11:38:32:175[Info         ] Valid KVP [ObjConverter.Model.Pyramid.NumIndices] [18] added
2016-08-22 11:38:32:175[Info         ] Valid KVP [ObjConverter.Model.Pyramid.NumTexCoords] [10] added
2016-08-22 11:38:32:175[Info         ] Valid KVP [ObjConverter.Model.Pyramid.NumNormals] [16] added
2016-08-22 11:38:32:175[Info         ] Valid KVP [ObjConverter.Model.AIWorld.NumVerts] [1957] added
2016-08-22 11:38:32:176[Info         ] Valid KVP [ObjConverter.Model.AIWorld.NumIndices] [8718] added
2016-08-22 11:38:32:176[Info         ] Valid KVP [ObjConverter.Model.AIWorld.NumTexCoords] [4186] added
2016-08-22 11:38:32:176[Info         ] Valid KVP [ObjConverter.Model.AIWorld.NumNormals] [5418] added
2016-08-22 11:38:32:176[Info         ] Valid KVP [ObjConverter.Model.GameWeapon.NumVerts] [2068] added
2016-08-22 11:38:32:176[Info         ] Valid KVP [ObjConverter.Model.GameWeapon.NumIndices] [9894] added
2016-08-22 11:38:32:176[Info         ] Valid KVP [ObjConverter.Model.GameWeapon.NumTexCoords] [0] added
2016-08-22 11:38:32:176[Info         ] Valid KVP [ObjConverter.Model.GameWeapon.NumNormals] [0] added
2016-08-22 11:38:32:176[Info         ] Valid KVP [ObjConverter.Model.Chicken.NumVerts] [224] added
2016-08-22 11:38:32:176[Info         ] Valid KVP [ObjConverter.Model.Chicken.NumIndices] [1374] added
2016-08-22 11:38:32:176[Info         ] Valid KVP [ObjConverter.Model.Chicken.NumTexCoords] [472] added
2016-08-22 11:38:32:176[Info         ] Valid KVP [ObjConverter.Model.Chicken.NumNormals] [565] added
2016-08-22 11:38:32:176[Info         ] Valid KVP [ObjConverter.Model.WaterPlane.NumVerts] [29282] added
2016-08-22 11:38:32:176[Info         ] Valid KVP [ObjConverter.Model.WaterPlane.NumIndices] [172800] added
2016-08-22 11:38:32:176[Info         ] Valid KVP [ObjConverter.Model.WaterPlane.NumTexCoords] [29282] added
2016-08-22 11:38:32:176[Info         ] Valid KVP [ObjConverter.Model.WaterPlane.NumNormals] [172800] added
2016-08-22 11:38:32:176[Info         ] Valid KVP [ObjConverter.Model.Cube.NumVerts] [8] added
2016-08-22 11:38:32:176[Info         ] Valid KVP [ObjConverter.Model.Cube.NumIndices] [36] added
2016-08-22 11:38:32:176[Info         ] Valid KVP [ObjConverter.Model.Cube.NumTexCoords] [14] added
2016-08-22 11:38:32:176[Info         ] Valid KVP [ObjConverter.Model.Cube.NumNormals] [24] added
2016-08-22 11:38:32:176[Info         ] Valid KVP [ObjConverter.Model.Barrel.NumVerts] [172] added
2016-08-22 11:38:32:176[Info         ] Valid KVP [ObjConverter.Model.Barrel.NumIndices] [1008] added
2016-08-22 11:38:32:176[Info         ] Valid KVP [ObjConverter.Model.Barrel.NumTexCoords] [328] added
2016-08-22 11:38:32:176[Info         ] Valid KVP [ObjConverter.Model.Barrel.NumNormals] [204] added
2016-08-22 11:38:32:176[Info         ] Valid KVP [ObjConverter.Model.SkyBox.NumVerts] [8] added
2016-08-22 11:38:32:176[Info         ] Valid KVP [ObjConverter.Model.SkyBox.NumIndices] [36] added
2016-08-22 11:38:32:176[Info         ] Valid KVP [ObjConverter.Model.SkyBox.NumTexCoords] [18] added
2016-08-22 11:38:32:176[Info         ] Valid KVP [ObjConverter.Model.SkyBox.NumNormals] [24] added
2016-08-22 11:38:32:246[cInfo        ] Config reader opened [..\Data\BodaciousQuest.config] for reading!
2016-08-22 11:38:32:299[Process      ] ShaderManager Initialized successfully
2016-08-22 11:38:32:299[Info         ] Shader Init started
2016-08-22 11:38:32:299[Info         ] Shader Program created.
2016-08-22 11:38:32:299[Process      ] ShaderProgram::Initialize()[1] successful!
2016-08-22 11:38:32:299[Debug        ] File [..\Data\shaders\debug.vert.shader] Opened successfully! Buffer Length:[291]
2016-08-22 11:38:32:299[Debug        ] Shader file [..\Data\shaders\debug.vert.shader] contents:
//BEGIN
#version 430 core

layout(location = 0)  in vec3 vPosition;

layout(location = 15) uniform vec3 colorin;
layout(location = 16) uniform mat4 MAT;

out vec4 color;

void main()
{
	vec4 vertPos = vec4(vPosition, 1.0);
	gl_Position = MAT *  vertPos;
	color = vec4(colorin, 1.0);
}
//END

2016-08-22 11:38:32:299[Debug        ]  ShaderProgram::AddShader() file with data was read in
2016-08-22 11:38:32:299[Debug        ] ShaderProgram::AddShader() : glShaderSource() successful
2016-08-22 11:38:32:300[Debug        ] ShaderProgram::AddShader() : glCompileShader() successful
2016-08-22 11:38:32:300[Info         ] ShaderProgram::CheckShaderCompileStatus(2) successful.
2016-08-22 11:38:32:300[Debug        ] ShaderProgram::AddShader() : glCompileShader() successful
2016-08-22 11:38:32:300[Info         ] ShaderInfo saved successfully.
2016-08-22 11:38:32:300[Debug        ] ShaderProgram::AddShader() : glAttachShader() successful
2016-08-22 11:38:32:300[Info         ] ShaderProgram::AddShader [2] successful.
2016-08-22 11:38:32:300[Debug        ] File [..\Data\shaders\debug.frag.shader] Opened successfully! Buffer Length:[104]
2016-08-22 11:38:32:300[Debug        ] Shader file [..\Data\shaders\debug.frag.shader] contents:
//BEGIN
#version 430 core


in  vec4 color;
out vec4 outColor;

void main()
{
	outColor = color;
}


//END

2016-08-22 11:38:32:300[Debug        ]  ShaderProgram::AddShader() file with data was read in
2016-08-22 11:38:32:300[Debug        ] ShaderProgram::AddShader() : glShaderSource() successful
2016-08-22 11:38:32:300[Debug        ] ShaderProgram::AddShader() : glCompileShader() successful
2016-08-22 11:38:32:300[Info         ] ShaderProgram::CheckShaderCompileStatus(3) successful.
2016-08-22 11:38:32:300[Debug        ] ShaderProgram::AddShader() : glCompileShader() successful
2016-08-22 11:38:32:300[Info         ] ShaderInfo saved successfully.
2016-08-22 11:38:32:300[Debug        ] ShaderProgram::AddShader() : glAttachShader() successful
2016-08-22 11:38:32:300[Info         ] ShaderProgram::AddShader [3] successful.
2016-08-22 11:38:32:302[Info         ] CheckProgramStatus() successful!
2016-08-22 11:38:32:302[Info         ] CheckProgramStatus() successful!
2016-08-22 11:38:32:302[Info         ] Shader Init started
2016-08-22 11:38:32:302[Info         ] Shader Program created.
2016-08-22 11:38:32:302[Process      ] ShaderProgram::Initialize()[4] successful!
2016-08-22 11:38:32:302[Debug        ] File [..\Data\shaders\play.vert.shader] Opened successfully! Buffer Length:[343]
2016-08-22 11:38:32:302[Debug        ] Shader file [..\Data\shaders\play.vert.shader] contents:
//BEGIN
#version 430 core

layout (location = 0)  in vec3 vPosition;
layout (location = 1)  in vec3 vColor;
layout (location = 15) uniform vec3 colorin;
layout (location = 16) uniform mat4 MAT;

out vec4 color;

void main()
{
	vec4 vertPos = vec4(vPosition, 1.0);
	gl_Position = MAT *  vertPos;
	color = vec4((vColor + colorin), 1.0);
}
//END

2016-08-22 11:38:32:302[Debug        ]  ShaderProgram::AddShader() file with data was read in
2016-08-22 11:38:32:302[Debug        ] ShaderProgram::AddShader() : glShaderSource() successful
2016-08-22 11:38:32:302[Debug        ] ShaderProgram::AddShader() : glCompileShader() successful
2016-08-22 11:38:32:302[Info         ] ShaderProgram::CheckShaderCompileStatus(5) successful.
2016-08-22 11:38:32:302[Debug        ] ShaderProgram::AddShader() : glCompileShader() successful
2016-08-22 11:38:32:302[Info         ] ShaderInfo saved successfully.
2016-08-22 11:38:32:302[Debug        ] ShaderProgram::AddShader() : glAttachShader() successful
2016-08-22 11:38:32:302[Info         ] ShaderProgram::AddShader [5] successful.
2016-08-22 11:38:32:302[Debug        ] File [..\Data\shaders\play.frag.shader] Opened successfully! Buffer Length:[391]
2016-08-22 11:38:32:302[Debug        ] Shader file [..\Data\shaders\play.frag.shader] contents:
//BEGIN
#version 430 core


in  vec4 color;
out vec4 outColor;

void main()
{

	//if (color.r < .7) discard;
	outColor = color;

	//if(((gl_FragCoord.x  > 600)&& (gl_FragCoord.y < 300)) || ((gl_FragCoord.y < 300)  && (gl_FragCoord.x  < 600) )) {
	//discard;
	//}

	//vec2 scrPos = vec2(gl_FragCoord) - vec2(350,150);
	//float len =  length(scrPos);
	//if(len < 50 )discard;
}


//END

2016-08-22 11:38:32:302[Debug        ]  ShaderProgram::AddShader() file with data was read in
2016-08-22 11:38:32:302[Debug        ] ShaderProgram::AddShader() : glShaderSource() successful
2016-08-22 11:38:32:302[Debug        ] ShaderProgram::AddShader() : glCompileShader() successful
2016-08-22 11:38:32:302[Info         ] ShaderProgram::CheckShaderCompileStatus(6) successful.
2016-08-22 11:38:32:302[Debug        ] ShaderProgram::AddShader() : glCompileShader() successful
2016-08-22 11:38:32:302[Info         ] ShaderInfo saved successfully.
2016-08-22 11:38:32:302[Debug        ] ShaderProgram::AddShader() : glAttachShader() successful
2016-08-22 11:38:32:302[Info         ] ShaderProgram::AddShader [6] successful.
2016-08-22 11:38:32:303[Info         ] CheckProgramStatus() successful!
2016-08-22 11:38:32:303[Info         ] CheckProgramStatus() successful!
2016-08-22 11:38:32:303[Info         ] Shader Init started
2016-08-22 11:38:32:303[Info         ] Shader Program created.
2016-08-22 11:38:32:303[Process      ] ShaderProgram::Initialize()[7] successful!
2016-08-22 11:38:32:303[Debug        ] File [..\Data\shaders\texture.vert.shader] Opened successfully! Buffer Length:[305]
2016-08-22 11:38:32:303[Debug        ] Shader file [..\Data\shaders\texture.vert.shader] contents:
//BEGIN
#version 430 core

layout (location = 0)  in vec3 vPosition;
layout (location = 1)  in vec2 vUV;

layout (location = 16) uniform mat4 MAT;

//out data
out vec2 UV;

//out vec4 color;

void main()
{
	vec4 vertPos = vec4(vPosition, 1.0);
	gl_Position = MAT *  vertPos;

	UV = vUV;
	
	
}
//END

2016-08-22 11:38:32:303[Debug        ]  ShaderProgram::AddShader() file with data was read in
2016-08-22 11:38:32:303[Debug        ] ShaderProgram::AddShader() : glShaderSource() successful
2016-08-22 11:38:32:304[Debug        ] ShaderProgram::AddShader() : glCompileShader() successful
2016-08-22 11:38:32:304[Info         ] ShaderProgram::CheckShaderCompileStatus(8) successful.
2016-08-22 11:38:32:304[Debug        ] ShaderProgram::AddShader() : glCompileShader() successful
2016-08-22 11:38:32:304[Info         ] ShaderInfo saved successfully.
2016-08-22 11:38:32:304[Debug        ] ShaderProgram::AddShader() : glAttachShader() successful
2016-08-22 11:38:32:304[Info         ] ShaderProgram::AddShader [8] successful.
2016-08-22 11:38:32:304[Debug        ] File [..\Data\shaders\texture.frag.shader] Opened successfully! Buffer Length:[482]
2016-08-22 11:38:32:304[Debug        ] Shader file [..\Data\shaders\texture.frag.shader] contents:
//BEGIN
#version 430 core


in  vec2 UV;
out vec4 outColor;

layout(location = 20) uniform sampler2D textureSampler;

void main()
{

	//if (color.r < .7) discard;
	outColor = vec4(texture(textureSampler, UV).rgb, 1.0);

	//if(((gl_FragCoord.x  > 600)&& (gl_FragCoord.y < 300)) || ((gl_FragCoord.y < 300)  && (gl_FragCoord.x  < 600) )) {
	//discard;
	//}
	//vec2 scrPos = vec2(gl_FragCoord) - vec2(350,150);
	//float len =  length(scrPos);
	//if(len < 50 )discard;
}


//END

2016-08-22 11:38:32:304[Debug        ]  ShaderProgram::AddShader() file with data was read in
2016-08-22 11:38:32:304[Debug        ] ShaderProgram::AddShader() : glShaderSource() successful
2016-08-22 11:38:32:304[Debug        ] ShaderProgram::AddShader() : glCompileShader() successful
2016-08-22 11:38:32:304[Info         ] ShaderProgram::CheckShaderCompileStatus(9) successful.
2016-08-22 11:38:32:304[Debug        ] ShaderProgram::AddShader() : glCompileShader() successful
2016-08-22 11:38:32:304[Info         ] ShaderInfo saved successfully.
2016-08-22 11:38:32:304[Debug        ] ShaderProgram::AddShader() : glAttachShader() successful
2016-08-22 11:38:32:304[Info         ] ShaderProgram::AddShader [9] successful.
2016-08-22 11:38:32:305[Info         ] CheckProgramStatus() successful!
2016-08-22 11:38:32:305[Info         ] CheckProgramStatus() successful!
2016-08-22 11:38:32:305[Info         ] Shader Init started
2016-08-22 11:38:32:305[Info         ] Shader Program created.
2016-08-22 11:38:32:305[Process      ] ShaderProgram::Initialize()[10] successful!
2016-08-22 11:38:32:305[Debug        ] File [..\Data\shaders\framebuffer.vert.shader] Opened successfully! Buffer Length:[305]
2016-08-22 11:38:32:305[Debug        ] Shader file [..\Data\shaders\framebuffer.vert.shader] contents:
//BEGIN
#version 430 core

layout (location = 0)  in vec3 vPosition;
layout (location = 1)  in vec2 vUV;

layout (location = 16) uniform mat4 MAT;

//out data
out vec2 UV;

//out vec4 color;

void main()
{
	vec4 vertPos = vec4(vPosition, 1.0);
	gl_Position = MAT *  vertPos;

	UV = vUV;
	
	
}
//END

2016-08-22 11:38:32:305[Debug        ]  ShaderProgram::AddShader() file with data was read in
2016-08-22 11:38:32:305[Debug        ] ShaderProgram::AddShader() : glShaderSource() successful
2016-08-22 11:38:32:305[Debug        ] ShaderProgram::AddShader() : glCompileShader() successful
2016-08-22 11:38:32:305[Info         ] ShaderProgram::CheckShaderCompileStatus(11) successful.
2016-08-22 11:38:32:306[Debug        ] ShaderProgram::AddShader() : glCompileShader() successful
2016-08-22 11:38:32:306[Info         ] ShaderInfo saved successfully.
2016-08-22 11:38:32:306[Debug        ] ShaderProgram::AddShader() : glAttachShader() successful
2016-08-22 11:38:32:306[Info         ] ShaderProgram::AddShader [11] successful.
2016-08-22 11:38:32:306[Debug        ] File [..\Data\shaders\framebuffer.frag.shader] Opened successfully! Buffer Length:[275]
2016-08-22 11:38:32:306[Debug        ] Shader file [..\Data\shaders\framebuffer.frag.shader] contents:
//BEGIN
#version 430 core


in  vec2 UV;
out vec4 outColor;

layout(location = 20) uniform sampler2D textureSampler;

void main()
{


	vec3 tempCol = texture(textureSampler, UV).rgb;

	outColor = vec4(tempCol.r / 1.5f, tempCol.g / 1.5f, tempCol.b / 1.5f, 1.0f);
}


//END

2016-08-22 11:38:32:306[Debug        ]  ShaderProgram::AddShader() file with data was read in
2016-08-22 11:38:32:306[Debug        ] ShaderProgram::AddShader() : glShaderSource() successful
2016-08-22 11:38:32:306[Debug        ] ShaderProgram::AddShader() : glCompileShader() successful
2016-08-22 11:38:32:306[Info         ] ShaderProgram::CheckShaderCompileStatus(12) successful.
2016-08-22 11:38:32:306[Debug        ] ShaderProgram::AddShader() : glCompileShader() successful
2016-08-22 11:38:32:306[Info         ] ShaderInfo saved successfully.
2016-08-22 11:38:32:306[Debug        ] ShaderProgram::AddShader() : glAttachShader() successful
2016-08-22 11:38:32:306[Info         ] ShaderProgram::AddShader [12] successful.
2016-08-22 11:38:32:307[Info         ] CheckProgramStatus() successful!
2016-08-22 11:38:32:307[Info         ] CheckProgramStatus() successful!
2016-08-22 11:38:32:307[Info         ] Shader Init started
2016-08-22 11:38:32:307[Info         ] Shader Program created.
2016-08-22 11:38:32:307[Process      ] ShaderProgram::Initialize()[13] successful!
2016-08-22 11:38:32:307[Debug        ] File [..\Data\shaders\lighting.vert.shader] Opened successfully! Buffer Length:[1145]
2016-08-22 11:38:32:307[cDebug       ] Shader file [..\Data\shaders\lighting.vert.shader] is too big to display contents.
2016-08-22 11:38:32:309[Debug        ]  ShaderProgram::AddShader() file with data was read in
2016-08-22 11:38:32:309[Debug        ] ShaderProgram::AddShader() : glShaderSource() successful
2016-08-22 11:38:32:309[Debug        ] ShaderProgram::AddShader() : glCompileShader() successful
2016-08-22 11:38:32:309[Info         ] ShaderProgram::CheckShaderCompileStatus(14) successful.
2016-08-22 11:38:32:309[Debug        ] ShaderProgram::AddShader() : glCompileShader() successful
2016-08-22 11:38:32:309[Info         ] ShaderInfo saved successfully.
2016-08-22 11:38:32:309[Debug        ] ShaderProgram::AddShader() : glAttachShader() successful
2016-08-22 11:38:32:309[Info         ] ShaderProgram::AddShader [14] successful.
2016-08-22 11:38:32:309[Debug        ] File [..\Data\shaders\lighting.frag.shader] Opened successfully! Buffer Length:[1744]
2016-08-22 11:38:32:309[cDebug       ] Shader file [..\Data\shaders\lighting.frag.shader] is too big to display contents.
2016-08-22 11:38:32:310[Debug        ]  ShaderProgram::AddShader() file with data was read in
2016-08-22 11:38:32:310[Debug        ] ShaderProgram::AddShader() : glShaderSource() successful
2016-08-22 11:38:32:311[Debug        ] ShaderProgram::AddShader() : glCompileShader() successful
2016-08-22 11:38:32:311[Info         ] ShaderProgram::CheckShaderCompileStatus(15) successful.
2016-08-22 11:38:32:311[Debug        ] ShaderProgram::AddShader() : glCompileShader() successful
2016-08-22 11:38:32:311[Info         ] ShaderInfo saved successfully.
2016-08-22 11:38:32:311[Debug        ] ShaderProgram::AddShader() : glAttachShader() successful
2016-08-22 11:38:32:311[Info         ] ShaderProgram::AddShader [15] successful.
2016-08-22 11:38:32:314[Info         ] CheckProgramStatus() successful!
2016-08-22 11:38:32:315[Info         ] CheckProgramStatus() successful!
2016-08-22 11:38:32:315[Info         ] Shader Init started
2016-08-22 11:38:32:315[Info         ] Shader Program created.
2016-08-22 11:38:32:315[Process      ] ShaderProgram::Initialize()[16] successful!
2016-08-22 11:38:32:315[Debug        ] File [..\Data\shaders\texlighting.vert.shader] Opened successfully! Buffer Length:[1110]
2016-08-22 11:38:32:315[cDebug       ] Shader file [..\Data\shaders\texlighting.vert.shader] is too big to display contents.
2016-08-22 11:38:32:318[Debug        ]  ShaderProgram::AddShader() file with data was read in
2016-08-22 11:38:32:318[Debug        ] ShaderProgram::AddShader() : glShaderSource() successful
2016-08-22 11:38:32:318[Debug        ] ShaderProgram::AddShader() : glCompileShader() successful
2016-08-22 11:38:32:318[Info         ] ShaderProgram::CheckShaderCompileStatus(17) successful.
2016-08-22 11:38:32:318[Debug        ] ShaderProgram::AddShader() : glCompileShader() successful
2016-08-22 11:38:32:318[Info         ] ShaderInfo saved successfully.
2016-08-22 11:38:32:318[Debug        ] ShaderProgram::AddShader() : glAttachShader() successful
2016-08-22 11:38:32:318[Info         ] ShaderProgram::AddShader [17] successful.
2016-08-22 11:38:32:318[Debug        ] File [..\Data\shaders\texlighting.frag.shader] Opened successfully! Buffer Length:[1717]
2016-08-22 11:38:32:318[cDebug       ] Shader file [..\Data\shaders\texlighting.frag.shader] is too big to display contents.
2016-08-22 11:38:32:320[Debug        ]  ShaderProgram::AddShader() file with data was read in
2016-08-22 11:38:32:320[Debug        ] ShaderProgram::AddShader() : glShaderSource() successful
2016-08-22 11:38:32:321[Debug        ] ShaderProgram::AddShader() : glCompileShader() successful
2016-08-22 11:38:32:321[Info         ] ShaderProgram::CheckShaderCompileStatus(18) successful.
2016-08-22 11:38:32:321[Debug        ] ShaderProgram::AddShader() : glCompileShader() successful
2016-08-22 11:38:32:321[Info         ] ShaderInfo saved successfully.
2016-08-22 11:38:32:321[Debug        ] ShaderProgram::AddShader() : glAttachShader() successful
2016-08-22 11:38:32:321[Info         ] ShaderProgram::AddShader [18] successful.
2016-08-22 11:38:32:324[Info         ] CheckProgramStatus() successful!
2016-08-22 11:38:32:324[Info         ] CheckProgramStatus() successful!
2016-08-22 11:38:32:324[Info         ] Shader Init started
2016-08-22 11:38:32:324[Info         ] Shader Program created.
2016-08-22 11:38:32:324[Process      ] ShaderProgram::Initialize()[19] successful!
2016-08-22 11:38:32:324[Debug        ] File [..\Data\shaders\water.vert.shader] Opened successfully! Buffer Length:[1400]
2016-08-22 11:38:32:324[cDebug       ] Shader file [..\Data\shaders\water.vert.shader] is too big to display contents.
2016-08-22 11:38:32:325[Debug        ]  ShaderProgram::AddShader() file with data was read in
2016-08-22 11:38:32:325[Debug        ] ShaderProgram::AddShader() : glShaderSource() successful
2016-08-22 11:38:32:325[Debug        ] ShaderProgram::AddShader() : glCompileShader() successful
2016-08-22 11:38:32:325[Info         ] ShaderProgram::CheckShaderCompileStatus(20) successful.
2016-08-22 11:38:32:325[Debug        ] ShaderProgram::AddShader() : glCompileShader() successful
2016-08-22 11:38:32:325[Info         ] ShaderInfo saved successfully.
2016-08-22 11:38:32:325[Debug        ] ShaderProgram::AddShader() : glAttachShader() successful
2016-08-22 11:38:32:325[Info         ] ShaderProgram::AddShader [20] successful.
2016-08-22 11:38:32:326[Debug        ] File [..\Data\shaders\water.frag.shader] Opened successfully! Buffer Length:[2436]
2016-08-22 11:38:32:326[cDebug       ] Shader file [..\Data\shaders\water.frag.shader] is too big to display contents.
2016-08-22 11:38:32:326[Debug        ]  ShaderProgram::AddShader() file with data was read in
2016-08-22 11:38:32:327[Debug        ] ShaderProgram::AddShader() : glShaderSource() successful
2016-08-22 11:38:32:327[Debug        ] ShaderProgram::AddShader() : glCompileShader() successful
2016-08-22 11:38:32:327[Info         ] ShaderProgram::CheckShaderCompileStatus(21) successful.
2016-08-22 11:38:32:327[Debug        ] ShaderProgram::AddShader() : glCompileShader() successful
2016-08-22 11:38:32:327[Info         ] ShaderInfo saved successfully.
2016-08-22 11:38:32:327[Debug        ] ShaderProgram::AddShader() : glAttachShader() successful
2016-08-22 11:38:32:327[Info         ] ShaderProgram::AddShader [21] successful.
2016-08-22 11:38:32:329[Info         ] CheckProgramStatus() successful!
2016-08-22 11:38:32:329[Info         ] CheckProgramStatus() successful!
2016-08-22 11:38:32:330[Info         ] GetAttribLocation [vPosition] successful.
2016-08-22 11:38:32:330[Info         ] GetUniformLocation [colorin] successful.
2016-08-22 11:38:32:330[Info         ] GetUniformLocation [MAT] successful.
2016-08-22 11:38:32:330[cProcess     ] RenderEngine::Initialize() successful.
2016-08-22 11:38:32:331[cInfo        ] 
-----------------------------------------------------------------------
 BufferInfo::CreateBuffers()[0] Created buffers:| VERTEX [1] with [80] bytes. || INDEX [2] with [24] bytes |
-----------------------------------------------------------------------

2016-08-22 11:38:32:338[cInfo        ] --------BufferInfo::AddMesh() Added mesh successfully-------
2016-08-22 11:38:32:339[cInfo        ] 
2016-08-22 11:38:32:339[cInfo        ] --------------------| START BUFFER MESH INFO |-------------------------------------
2016-08-22 11:38:32:340[cInfo        ] BufferInfo::AddMesh(): NUM VERTS-----------------[4]
2016-08-22 11:38:32:341[cInfo        ] BufferInfo::AddMesh(): NUM INDICES---------------[6]
2016-08-22 11:38:32:342[cInfo        ] BufferInfo::AddMesh(): VERT OFFSET---------------[0]
2016-08-22 11:38:32:343[cInfo        ] BufferInfo::AddMesh(): INDICES OFFSET (BYTES)----[0]
2016-08-22 11:38:32:344[cInfo        ] --------------------|  END BUFFER MESH INFO  |--------------------------------------
2016-08-22 11:38:32:346[cInfo        ] 

2016-08-22 11:38:32:347[cInfo        ] 
-----------------------------------------------------------------------
 BufferInfo::CreateBuffers()[0] Created buffers:| VERTEX [3] with [96] bytes. || INDEX [4] with [48] bytes |
-----------------------------------------------------------------------

2016-08-22 11:38:32:353[cInfo        ] --------BufferInfo::AddMesh() Added mesh successfully-------
2016-08-22 11:38:32:354[cInfo        ] 
2016-08-22 11:38:32:355[cInfo        ] --------------------| START BUFFER MESH INFO |-------------------------------------
2016-08-22 11:38:32:357[cInfo        ] BufferInfo::AddMesh(): NUM VERTS-----------------[8]
2016-08-22 11:38:32:357[cInfo        ] BufferInfo::AddMesh(): NUM INDICES---------------[24]
2016-08-22 11:38:32:359[cInfo        ] BufferInfo::AddMesh(): VERT OFFSET---------------[0]
2016-08-22 11:38:32:360[cInfo        ] BufferInfo::AddMesh(): INDICES OFFSET (BYTES)----[0]
2016-08-22 11:38:32:361[cInfo        ] --------------------|  END BUFFER MESH INFO  |--------------------------------------
2016-08-22 11:38:32:363[cInfo        ] 

2016-08-22 11:38:32:367[cInfo        ] 
-----------------------------------------------------------------------
 BufferInfo::CreateBuffers()[0] Created buffers:| VERTEX [5] with [864] bytes. || INDEX [6] with [0] bytes |
-----------------------------------------------------------------------

2016-08-22 11:38:32:370[cInfo        ] --------BufferInfo::AddMesh() Added mesh successfully-------
2016-08-22 11:38:32:371[cInfo        ] 
2016-08-22 11:38:32:371[cInfo        ] --------------------| START BUFFER MESH INFO |-------------------------------------
2016-08-22 11:38:32:372[cInfo        ] BufferInfo::AddMesh(): NUM VERTS-----------------[36]
2016-08-22 11:38:32:373[cInfo        ] BufferInfo::AddMesh(): NUM INDICES---------------[0]
2016-08-22 11:38:32:374[cInfo        ] BufferInfo::AddMesh(): VERT OFFSET---------------[0]
2016-08-22 11:38:32:375[cInfo        ] BufferInfo::AddMesh(): INDICES OFFSET (BYTES)----[0]
2016-08-22 11:38:32:376[cInfo        ] --------------------|  END BUFFER MESH INFO  |--------------------------------------
2016-08-22 11:38:32:377[cInfo        ] 

2016-08-22 11:38:32:378[cInfo        ] 
-----------------------------------------------------------------------
 BufferInfo::CreateBuffers()[0] Created buffers:| VERTEX [7] with [144] bytes. || INDEX [8] with [0] bytes |
-----------------------------------------------------------------------

2016-08-22 11:38:32:385[cInfo        ] --------BufferInfo::AddMesh() Added mesh successfully-------
2016-08-22 11:38:32:386[cInfo        ] 
2016-08-22 11:38:32:387[cInfo        ] --------------------| START BUFFER MESH INFO |-------------------------------------
2016-08-22 11:38:32:389[cInfo        ] BufferInfo::AddMesh(): NUM VERTS-----------------[6]
2016-08-22 11:38:32:391[cInfo        ] BufferInfo::AddMesh(): NUM INDICES---------------[0]
2016-08-22 11:38:32:392[cInfo        ] BufferInfo::AddMesh(): VERT OFFSET---------------[0]
2016-08-22 11:38:32:393[cInfo        ] BufferInfo::AddMesh(): INDICES OFFSET (BYTES)----[0]
2016-08-22 11:38:32:396[cInfo        ] --------------------|  END BUFFER MESH INFO  |--------------------------------------
2016-08-22 11:38:32:398[cInfo        ] 

2016-08-22 11:38:32:400[Process      ] BufferInfo::Initialize() successful.
2016-08-22 11:38:32:400[cInfo        ] 
-----------------------------------------------------------------------
 BufferInfo::CreateBuffers()[0] Created buffers:| VERTEX [9] with [1000000] bytes. || INDEX [10] with [1000000] bytes |
-----------------------------------------------------------------------

2016-08-22 11:38:32:405[cInfo        ] --------BufferInfo::AddMesh() Added mesh successfully-------
2016-08-22 11:38:32:406[cInfo        ] 
2016-08-22 11:38:32:407[cInfo        ] --------------------| START BUFFER MESH INFO |-------------------------------------
2016-08-22 11:38:32:408[cInfo        ] BufferInfo::AddMesh(): NUM VERTS-----------------[24]
2016-08-22 11:38:32:409[cInfo        ] BufferInfo::AddMesh(): NUM INDICES---------------[36]
2016-08-22 11:38:32:412[cInfo        ] BufferInfo::AddMesh(): VERT OFFSET---------------[0]
2016-08-22 11:38:32:414[cInfo        ] BufferInfo::AddMesh(): INDICES OFFSET (BYTES)----[0]
2016-08-22 11:38:32:416[cInfo        ] --------------------|  END BUFFER MESH INFO  |--------------------------------------
2016-08-22 11:38:32:417[cInfo        ] 

2016-08-22 11:38:32:420[Process      ] BufferInfo::Initialize() successful.
2016-08-22 11:38:32:420[cInfo        ] 
-----------------------------------------------------------------------
 BufferInfo::CreateBuffers()[1] Created buffers:| VERTEX [11] with [1000000] bytes. || INDEX [12] with [1000000] bytes |
-----------------------------------------------------------------------

2016-08-22 11:38:32:426[cInfo        ] --------BufferInfo::AddMesh() Added mesh successfully-------
2016-08-22 11:38:32:428[cInfo        ] 
2016-08-22 11:38:32:428[cInfo        ] --------------------| START BUFFER MESH INFO |-------------------------------------
2016-08-22 11:38:32:430[cInfo        ] BufferInfo::AddMesh(): NUM VERTS-----------------[1536]
2016-08-22 11:38:32:431[cInfo        ] BufferInfo::AddMesh(): NUM INDICES---------------[3072]
2016-08-22 11:38:32:432[cInfo        ] BufferInfo::AddMesh(): VERT OFFSET---------------[0]
2016-08-22 11:38:32:433[cInfo        ] BufferInfo::AddMesh(): INDICES OFFSET (BYTES)----[0]
2016-08-22 11:38:32:434[cInfo        ] --------------------|  END BUFFER MESH INFO  |--------------------------------------
2016-08-22 11:38:32:437[cInfo        ] 

2016-08-22 11:38:32:438[cInfo        ] 
-----------------------------------------------------------------------
 BufferInfo::CreateBuffers()[0] Created buffers:| VERTEX [13] with [3936] bytes. || INDEX [14] with [0] bytes |
-----------------------------------------------------------------------

2016-08-22 11:38:32:443[cInfo        ] --------BufferInfo::AddMesh() Added mesh successfully-------
2016-08-22 11:38:32:445[cInfo        ] 
2016-08-22 11:38:32:445[cInfo        ] --------------------| START BUFFER MESH INFO |-------------------------------------
2016-08-22 11:38:32:449[cInfo        ] BufferInfo::AddMesh(): NUM VERTS-----------------[164]
2016-08-22 11:38:32:450[cInfo        ] BufferInfo::AddMesh(): NUM INDICES---------------[0]
2016-08-22 11:38:32:452[cInfo        ] BufferInfo::AddMesh(): VERT OFFSET---------------[0]
2016-08-22 11:38:32:453[cInfo        ] BufferInfo::AddMesh(): INDICES OFFSET (BYTES)----[0]
2016-08-22 11:38:32:454[cInfo        ] --------------------|  END BUFFER MESH INFO  |--------------------------------------
2016-08-22 11:38:32:455[cInfo        ] 

2016-08-22 11:38:32:456[cProcess     ] ShapeGenerator initialized successfully.
2016-08-22 11:38:32:457[cProcess     ] Camera::Initialize() successful.
2016-08-22 11:38:32:458[cProcess     ] Keyboard::Initialize() successful
2016-08-22 11:38:32:459[cProcess     ] Keyboard::Initialize() successful
2016-08-22 11:38:32:473[cInfo        ] 
-----------------------------------------------------------------------
 BufferInfo::CreateBuffers()[0] Created buffers:| VERTEX [15] with [10810368] bytes. || INDEX [16] with [0] bytes |
-----------------------------------------------------------------------

2016-08-22 11:38:32:501[cInfo        ] --------BufferInfo::AddMesh() Added mesh successfully-------
2016-08-22 11:38:32:502[cInfo        ] 
2016-08-22 11:38:32:503[cInfo        ] --------------------| START BUFFER MESH INFO |-------------------------------------
2016-08-22 11:38:32:505[cInfo        ] BufferInfo::AddMesh(): NUM VERTS-----------------[337824]
2016-08-22 11:38:32:506[cInfo        ] BufferInfo::AddMesh(): NUM INDICES---------------[0]
2016-08-22 11:38:32:508[cInfo        ] BufferInfo::AddMesh(): VERT OFFSET---------------[0]
2016-08-22 11:38:32:510[cInfo        ] BufferInfo::AddMesh(): INDICES OFFSET (BYTES)----[0]
2016-08-22 11:38:32:512[cInfo        ] --------------------|  END BUFFER MESH INFO  |--------------------------------------
2016-08-22 11:38:32:514[cInfo        ] 

2016-08-22 11:38:32:553[Info         ] ShapeGenerator::ReadSceneFile(): Added new scene [..\Data\Scenes\Dargon.ptn.scene] successfully.
2016-08-22 11:38:32:553[cInfo        ] EntityManager::BuildPlayerEntity(): Built [Dargon] successfully
2016-08-22 11:38:32:560[Process      ] BufferInfo::Initialize() successful.
2016-08-22 11:38:32:563[cInfo        ] 
-----------------------------------------------------------------------
 BufferInfo::CreateBuffers()[2] Created buffers:| VERTEX [17] with [1000000] bytes. || INDEX [18] with [1000000] bytes |
-----------------------------------------------------------------------

2016-08-22 11:38:32:568[cInfo        ] --------BufferInfo::AddMesh() Added mesh successfully-------
2016-08-22 11:38:32:569[cInfo        ] 
2016-08-22 11:38:32:570[cInfo        ] --------------------| START BUFFER MESH INFO |-------------------------------------
2016-08-22 11:38:32:571[cInfo        ] BufferInfo::AddMesh(): NUM VERTS-----------------[36]
2016-08-22 11:38:32:574[cInfo        ] BufferInfo::AddMesh(): NUM INDICES---------------[0]
2016-08-22 11:38:32:574[cInfo        ] BufferInfo::AddMesh(): VERT OFFSET---------------[0]
2016-08-22 11:38:32:575[cInfo        ] BufferInfo::AddMesh(): INDICES OFFSET (BYTES)----[0]
2016-08-22 11:38:32:576[cInfo        ] --------------------|  END BUFFER MESH INFO  |--------------------------------------
2016-08-22 11:38:32:577[cInfo        ] 

2016-08-22 11:38:32:578[Info         ] ShapeGenerator::ReadSceneFile(): Added new scene [..\Data\Scenes\Cube.pn.scene] successfully.
2016-08-22 11:38:32:579[Process      ] BufferInfo::Initialize() successful.
2016-08-22 11:38:32:579[cInfo        ] 
-----------------------------------------------------------------------
 BufferInfo::CreateBuffers()[3] Created buffers:| VERTEX [19] with [1000000] bytes. || INDEX [20] with [1000000] bytes |
-----------------------------------------------------------------------

2016-08-22 11:38:32:583[cInfo        ] --------BufferInfo::AddMesh() Added mesh successfully-------
2016-08-22 11:38:32:584[cInfo        ] 
2016-08-22 11:38:32:584[cInfo        ] --------------------| START BUFFER MESH INFO |-------------------------------------
2016-08-22 11:38:32:585[cInfo        ] BufferInfo::AddMesh(): NUM VERTS-----------------[8718]
2016-08-22 11:38:32:586[cInfo        ] BufferInfo::AddMesh(): NUM INDICES---------------[0]
2016-08-22 11:38:32:589[cInfo        ] BufferInfo::AddMesh(): VERT OFFSET---------------[0]
2016-08-22 11:38:32:590[cInfo        ] BufferInfo::AddMesh(): INDICES OFFSET (BYTES)----[0]
2016-08-22 11:38:32:590[cInfo        ] --------------------|  END BUFFER MESH INFO  |--------------------------------------
2016-08-22 11:38:32:592[cInfo        ] 

2016-08-22 11:38:32:594[Info         ] ShapeGenerator::ReadSceneFile(): Added new scene [..\Data\Scenes\AIWorld.ptn.scene] successfully.
2016-08-22 11:38:32:595[cInfo        ] --------BufferInfo::AddMesh() Added mesh successfully-------
2016-08-22 11:38:32:596[cInfo        ] 
2016-08-22 11:38:32:596[cInfo        ] --------------------| START BUFFER MESH INFO |-------------------------------------
2016-08-22 11:38:32:598[cInfo        ] BufferInfo::AddMesh(): NUM VERTS-----------------[18]
2016-08-22 11:38:32:598[cInfo        ] BufferInfo::AddMesh(): NUM INDICES---------------[0]
2016-08-22 11:38:32:599[cInfo        ] BufferInfo::AddMesh(): VERT OFFSET---------------[36]
2016-08-22 11:38:32:600[cInfo        ] BufferInfo::AddMesh(): INDICES OFFSET (BYTES)----[0]
2016-08-22 11:38:32:601[cInfo        ] --------------------|  END BUFFER MESH INFO  |--------------------------------------
2016-08-22 11:38:32:602[cInfo        ] 

2016-08-22 11:38:32:605[Info         ] ShapeGenerator::ReadSceneFile(): Added new scene [..\Data\Scenes\Pyramid.pn.scene] successfully.
2016-08-22 11:38:32:611[cInfo        ] 
-----------------------------------------------------------------------
 BufferInfo::CreateBuffers()[0] Created buffers:| VERTEX [21] with [5529600] bytes. || INDEX [22] with [0] bytes |
-----------------------------------------------------------------------

2016-08-22 11:38:32:627[cInfo        ] --------BufferInfo::AddMesh() Added mesh successfully-------
2016-08-22 11:38:32:628[cInfo        ] 
2016-08-22 11:38:32:629[cInfo        ] --------------------| START BUFFER MESH INFO |-------------------------------------
2016-08-22 11:38:32:631[cInfo        ] BufferInfo::AddMesh(): NUM VERTS-----------------[172800]
2016-08-22 11:38:32:632[cInfo        ] BufferInfo::AddMesh(): NUM INDICES---------------[0]
2016-08-22 11:38:32:635[cInfo        ] BufferInfo::AddMesh(): VERT OFFSET---------------[0]
2016-08-22 11:38:32:636[cInfo        ] BufferInfo::AddMesh(): INDICES OFFSET (BYTES)----[0]
2016-08-22 11:38:32:638[cInfo        ] --------------------|  END BUFFER MESH INFO  |--------------------------------------
2016-08-22 11:38:32:639[cInfo        ] 

2016-08-22 11:38:32:640[Info         ] ShapeGenerator::ReadSceneFile(): Added new scene [..\Data\Scenes\WaterPlane.ptn.scene] successfully.
2016-08-22 11:38:32:642[cProcess     ] Camera::Initialize() successful.
2016-08-22 11:38:32:652[Process      ] BufferInfo::Initialize() successful.
2016-08-22 11:38:32:652[cInfo        ] 
-----------------------------------------------------------------------
 BufferInfo::CreateBuffers()[4] Created buffers:| VERTEX [23] with [8107776] bytes. || INDEX [24] with [0] bytes |
-----------------------------------------------------------------------

2016-08-22 11:38:32:671[cInfo        ] --------BufferInfo::AddMesh() Added mesh successfully-------
2016-08-22 11:38:32:672[cInfo        ] 
2016-08-22 11:38:32:673[cInfo        ] --------------------| START BUFFER MESH INFO |-------------------------------------
2016-08-22 11:38:32:674[cInfo        ] BufferInfo::AddMesh(): NUM VERTS-----------------[337824]
2016-08-22 11:38:32:675[cInfo        ] BufferInfo::AddMesh(): NUM INDICES---------------[0]
2016-08-22 11:38:32:676[cInfo        ] BufferInfo::AddMesh(): VERT OFFSET---------------[0]
2016-08-22 11:38:32:677[cInfo        ] BufferInfo::AddMesh(): INDICES OFFSET (BYTES)----[0]
2016-08-22 11:38:32:678[cInfo        ] --------------------|  END BUFFER MESH INFO  |--------------------------------------
2016-08-22 11:38:32:679[cInfo        ] 

2016-08-22 11:38:32:680[Info         ] ShapeGenerator::ReadSceneFile(): Added new scene [..\Data\Scenes\Dargon.pn.scene] successfully.
2016-08-22 11:38:32:680[Process      ] BufferInfo::Initialize() successful.
2016-08-22 11:38:32:681[cInfo        ] 
-----------------------------------------------------------------------
 BufferInfo::CreateBuffers()[5] Created buffers:| VERTEX [25] with [1000000] bytes. || INDEX [26] with [1000000] bytes |
-----------------------------------------------------------------------

2016-08-22 11:38:32:686[cInfo        ] --------BufferInfo::AddMesh() Added mesh successfully-------
2016-08-22 11:38:32:687[cInfo        ] 
2016-08-22 11:38:32:687[cInfo        ] --------------------| START BUFFER MESH INFO |-------------------------------------
2016-08-22 11:38:32:689[cInfo        ] BufferInfo::AddMesh(): NUM VERTS-----------------[6]
2016-08-22 11:38:32:690[cInfo        ] BufferInfo::AddMesh(): NUM INDICES---------------[0]
2016-08-22 11:38:32:691[cInfo        ] BufferInfo::AddMesh(): VERT OFFSET---------------[0]
2016-08-22 11:38:32:692[cInfo        ] BufferInfo::AddMesh(): INDICES OFFSET (BYTES)----[0]
2016-08-22 11:38:32:693[cInfo        ] --------------------|  END BUFFER MESH INFO  |--------------------------------------
2016-08-22 11:38:32:694[cInfo        ] 

2016-08-22 11:38:32:696[cProcess     ] BodaciousQuest::Initialize() successful.
2016-08-22 11:38:32:698[Process      ] GameTime::Initialize() ok

2016-08-22 11:38:32:698[cProcess     ] MyWindow::Initialize() successful!
2016-08-22 11:38:40:627[cInfo        ] Cube Position: -0.875458 3.673020 1.043331
2016-08-22 11:38:50:644[cProcess     ] BufferManager::Shutdown() successful.
2016-08-22 11:38:50:645[cProcess     ] RenderEngine::Shutdown() successful.
2016-08-22 11:38:50:646[cProcess     ] Camera::Shutdown() successful.
2016-08-22 11:38:50:647[Info         ] Shader  [2] deleting...
2016-08-22 11:38:50:647[Info         ] Shader  [2] deleted successfully.
2016-08-22 11:38:50:647[Info         ] Shader  [3] deleting...
2016-08-22 11:38:50:647[Info         ] Shader  [3] deleted successfully.
2016-08-22 11:38:50:647[Info         ] All shaders deleted successfully.
2016-08-22 11:38:50:647[cInfo        ] Program [1] deleted successfully.
2016-08-22 11:38:50:647[Process      ] ShaderProgram[1]::Shutdown successful!
2016-08-22 11:38:50:648[Info         ] Shader  [5] deleting...
2016-08-22 11:38:50:648[Info         ] Shader  [5] deleted successfully.
2016-08-22 11:38:50:648[Info         ] Shader  [6] deleting...
2016-08-22 11:38:50:648[Info         ] Shader  [6] deleted successfully.
2016-08-22 11:38:50:648[Info         ] All shaders deleted successfully.
2016-08-22 11:38:50:648[cInfo        ] Program [4] deleted successfully.
2016-08-22 11:38:50:649[Process      ] ShaderProgram[4]::Shutdown successful!
2016-08-22 11:38:50:649[Info         ] Shader  [8] deleting...
2016-08-22 11:38:50:649[Info         ] Shader  [8] deleted successfully.
2016-08-22 11:38:50:649[Info         ] Shader  [9] deleting...
2016-08-22 11:38:50:649[Info         ] Shader  [9] deleted successfully.
2016-08-22 11:38:50:649[Info         ] All shaders deleted successfully.
2016-08-22 11:38:50:649[cInfo        ] Program [7] deleted successfully.
2016-08-22 11:38:50:650[Process      ] ShaderProgram[7]::Shutdown successful!
2016-08-22 11:38:50:650[Info         ] Shader  [11] deleting...
2016-08-22 11:38:50:650[Info         ] Shader  [11] deleted successfully.
2016-08-22 11:38:50:650[Info         ] Shader  [12] deleting...
2016-08-22 11:38:50:650[Info         ] Shader  [12] deleted successfully.
2016-08-22 11:38:50:650[Info         ] All shaders deleted successfully.
2016-08-22 11:38:50:650[cInfo        ] Program [10] deleted successfully.
2016-08-22 11:38:50:651[Process      ] ShaderProgram[10]::Shutdown successful!
2016-08-22 11:38:50:651[Info         ] Shader  [14] deleting...
2016-08-22 11:38:50:651[Info         ] Shader  [14] deleted successfully.
2016-08-22 11:38:50:651[Info         ] Shader  [15] deleting...
2016-08-22 11:38:50:651[Info         ] Shader  [15] deleted successfully.
2016-08-22 11:38:50:651[Info         ] All shaders deleted successfully.
2016-08-22 11:38:50:651[cInfo        ] Program [13] deleted successfully.
2016-08-22 11:38:50:652[Process      ] ShaderProgram[13]::Shutdown successful!
2016-08-22 11:38:50:652[Info         ] Shader  [17] deleting...
2016-08-22 11:38:50:652[Info         ] Shader  [17] deleted successfully.
2016-08-22 11:38:50:652[Info         ] Shader  [18] deleting...
2016-08-22 11:38:50:652[Info         ] Shader  [18] deleted successfully.
2016-08-22 11:38:50:652[Info         ] All shaders deleted successfully.
2016-08-22 11:38:50:652[cInfo        ] Program [16] deleted successfully.
2016-08-22 11:38:50:652[Process      ] ShaderProgram[16]::Shutdown successful!
2016-08-22 11:38:50:653[Info         ] Shader  [20] deleting...
2016-08-22 11:38:50:653[Info         ] Shader  [20] deleted successfully.
2016-08-22 11:38:50:653[Info         ] Shader  [21] deleting...
2016-08-22 11:38:50:653[Info         ] Shader  [21] deleted successfully.
2016-08-22 11:38:50:653[Info         ] All shaders deleted successfully.
2016-08-22 11:38:50:653[cInfo        ] Program [19] deleted successfully.
2016-08-22 11:38:50:653[Process      ] ShaderProgram[19]::Shutdown successful!
2016-08-22 11:38:50:653[cProcess     ] MyWindow::Shutdown() successful!
2016-08-22 11:38:50:654[cProcess     ] BodaciousQuest::Shutdown() successful.
2016-08-22 11:38:50:664[Process      ] ConfigReader shut down successfully
2016-08-22 11:38:50:665[Process      ] GameLogger::ShutDown() successful
