2016-08-18 15:02:05:972[Process      ] GameLogger::Initialize() opened log file [..\Data\LogFiles\2016-08-18 15-02-05.BodaciousQuest.log] for writing
2016-08-18 15:02:05:973[Info         ] GameLogger::Initialize() successful
2016-08-18 15:02:05:973[Process      ] ConfigReader opened [..\Data\BodaciousQuest.config] successfully
2016-08-18 15:02:05:973[Info         ] ConfigReader initialized successfully
2016-08-18 15:02:05:973[Info         ] Valid KVP [BodaciousQuest.ShowFullScreen] [false] added
2016-08-18 15:02:05:973[Info         ] Valid KVP [BodaciousQuest.FpsInterval] [5.0] added
2016-08-18 15:02:05:973[Info         ] Valid KVP [BodaciousQuest.EnableControls] [true] added
2016-08-18 15:02:05:973[Info         ] Valid KVP [BodaciousQuest.LoadCubeFirst] [true] added
2016-08-18 15:02:05:973[Info         ] Valid KVP [BodaciousQuest.CameraWalkMode] [false] added
2016-08-18 15:02:05:973[Info         ] Valid KVP [BodaciousQuest.GridSize] [40] added
2016-08-18 15:02:05:973[Info         ] Valid KVP [BodaciousQuest.LightingTest.Ambient.Color] [1.0  1.0  1.0] added
2016-08-18 15:02:05:973[Info         ] Valid KVP [BodaciousQuest.LightingTest.Diffuse.Color] [1.0  1.0  1.0] added
2016-08-18 15:02:05:973[Info         ] Valid KVP [BodaciousQuest.LightingTest.Specular.Color] [0.0  0.0  0.0] added
2016-08-18 15:02:05:973[Info         ] Valid KVP [BodaciousQuest.LightingTest.Ambient.Reflectivity] [0.01] added
2016-08-18 15:02:05:973[Info         ] Valid KVP [BodaciousQuest.LightingTest.Diffuse.Reflectivity] [0.6] added
2016-08-18 15:02:05:973[Info         ] Valid KVP [BodaciousQuest.LightingTest.Specular.Reflectivity] [0.5] added
2016-08-18 15:02:05:973[Info         ] Valid KVP [BodaciousQuest.LightingTest.Specular.Shininess] [1.0] added
2016-08-18 15:02:05:973[Info         ] Valid KVP [BodaciousQuest.LightingTest.Falloff.A] [1.0] added
2016-08-18 15:02:05:973[Info         ] Valid KVP [BodaciousQuest.LightingTest.Falloff.B] [0.01] added
2016-08-18 15:02:05:973[Info         ] Valid KVP [BodaciousQuest.LightingTest.Falloff.C] [0.1] added
2016-08-18 15:02:05:973[Info         ] Valid KVP [BodaciousQuest.LightingTest.Directional] [false] added
2016-08-18 15:02:05:973[Info         ] Valid KVP [BodaciousQuest.LightingTest.Direction] [-1.0 0.0 1.0] added
2016-08-18 15:02:05:973[Info         ] Valid KVP [BodaciousQuest.LightingTest.Light.Position] [-0.875458 3.673020 1.043331] added
2016-08-18 15:02:05:973[Info         ] Valid KVP [BodaciousQuest.LightingTest.Dargon.Color] [1.0 1.0 0.4] added
2016-08-18 15:02:05:973[Info         ] Valid KVP [ObjConverter.Mode.VertexType] [p] added
2016-08-18 15:02:05:973[Info         ] Valid KVP [ObjConverter.Mode.Analyze] [false] added
2016-08-18 15:02:05:973[Info         ] Valid KVP [ObjConverter.Model] [AIWorld] added
2016-08-18 15:02:05:973[Info         ] Valid KVP [ObjConverter.Shader] [0] added
2016-08-18 15:02:05:973[Info         ] Valid KVP [ObjConverter.Color] [random] added
2016-08-18 15:02:05:973[Info         ] Valid KVP [ObjConverter.Obj.InputFileFolder] [..\\Data\\Objs\\] added
2016-08-18 15:02:05:974[Info         ] Valid KVP [ObjConverter.Scene.OutputFileFolder] [..\\Data\\Scenes\\] added
2016-08-18 15:02:05:974[Info         ] Valid KVP [ObjConverter.Model.Dargon.NumVerts] [57967] added
2016-08-18 15:02:05:974[Info         ] Valid KVP [ObjConverter.Model.Dargon.NumIndices] [337824] added
2016-08-18 15:02:05:974[Info         ] Valid KVP [ObjConverter.Model.Dargon.NumTexCoords] [60175] added
2016-08-18 15:02:05:974[Info         ] Valid KVP [ObjConverter.Model.Dargon.NumNormals] [337824] added
2016-08-18 15:02:05:974[Info         ] Valid KVP [ObjConverter.Model.Swamp.NumVerts] [2735] added
2016-08-18 15:02:05:974[Info         ] Valid KVP [ObjConverter.Model.Swamp.NumIndices] [8556] added
2016-08-18 15:02:05:974[Info         ] Valid KVP [ObjConverter.Model.Swamp.NumTexCoords] [3622] added
2016-08-18 15:02:05:974[Info         ] Valid KVP [ObjConverter.Model.Swamp.NumNormals] [5156] added
2016-08-18 15:02:05:974[Info         ] Valid KVP [ObjConverter.Model.Pyramid.NumVerts] [5] added
2016-08-18 15:02:05:974[Info         ] Valid KVP [ObjConverter.Model.Pyramid.NumIndices] [18] added
2016-08-18 15:02:05:974[Info         ] Valid KVP [ObjConverter.Model.Pyramid.NumTexCoords] [10] added
2016-08-18 15:02:05:974[Info         ] Valid KVP [ObjConverter.Model.Pyramid.NumNormals] [16] added
2016-08-18 15:02:05:974[Info         ] Valid KVP [ObjConverter.Model.AIWorld.NumVerts] [1957] added
2016-08-18 15:02:05:974[Info         ] Valid KVP [ObjConverter.Model.AIWorld.NumIndices] [8718] added
2016-08-18 15:02:05:974[Info         ] Valid KVP [ObjConverter.Model.AIWorld.NumTexCoords] [4186] added
2016-08-18 15:02:05:974[Info         ] Valid KVP [ObjConverter.Model.AIWorld.NumNormals] [5418] added
2016-08-18 15:02:05:974[Info         ] Valid KVP [ObjConverter.Model.GameWeapon.NumVerts] [2068] added
2016-08-18 15:02:05:974[Info         ] Valid KVP [ObjConverter.Model.GameWeapon.NumIndices] [9894] added
2016-08-18 15:02:05:974[Info         ] Valid KVP [ObjConverter.Model.GameWeapon.NumTexCoords] [0] added
2016-08-18 15:02:05:974[Info         ] Valid KVP [ObjConverter.Model.GameWeapon.NumNormals] [0] added
2016-08-18 15:02:05:974[Info         ] Valid KVP [ObjConverter.Model.Chicken.NumVerts] [224] added
2016-08-18 15:02:05:974[Info         ] Valid KVP [ObjConverter.Model.Chicken.NumIndices] [1374] added
2016-08-18 15:02:05:974[Info         ] Valid KVP [ObjConverter.Model.Chicken.NumTexCoords] [472] added
2016-08-18 15:02:05:974[Info         ] Valid KVP [ObjConverter.Model.Chicken.NumNormals] [565] added
2016-08-18 15:02:05:974[Info         ] Valid KVP [ObjConverter.Model.WaterPlane.NumVerts] [29282] added
2016-08-18 15:02:05:974[Info         ] Valid KVP [ObjConverter.Model.WaterPlane.NumIndices] [172800] added
2016-08-18 15:02:05:974[Info         ] Valid KVP [ObjConverter.Model.WaterPlane.NumTexCoords] [29282] added
2016-08-18 15:02:05:974[Info         ] Valid KVP [ObjConverter.Model.WaterPlane.NumNormals] [172800] added
2016-08-18 15:02:05:974[Info         ] Valid KVP [ObjConverter.Model.Cube.NumVerts] [8] added
2016-08-18 15:02:05:974[Info         ] Valid KVP [ObjConverter.Model.Cube.NumIndices] [36] added
2016-08-18 15:02:05:974[Info         ] Valid KVP [ObjConverter.Model.Cube.NumTexCoords] [14] added
2016-08-18 15:02:05:974[Info         ] Valid KVP [ObjConverter.Model.Cube.NumNormals] [24] added
2016-08-18 15:02:05:974[Info         ] Valid KVP [ObjConverter.Model.Barrel.NumVerts] [172] added
2016-08-18 15:02:05:974[Info         ] Valid KVP [ObjConverter.Model.Barrel.NumIndices] [1008] added
2016-08-18 15:02:05:974[Info         ] Valid KVP [ObjConverter.Model.Barrel.NumTexCoords] [328] added
2016-08-18 15:02:05:974[Info         ] Valid KVP [ObjConverter.Model.Barrel.NumNormals] [204] added
2016-08-18 15:02:05:974[Info         ] Valid KVP [ObjConverter.Model.SkyBox.NumVerts] [8] added
2016-08-18 15:02:05:974[Info         ] Valid KVP [ObjConverter.Model.SkyBox.NumIndices] [36] added
2016-08-18 15:02:05:974[Info         ] Valid KVP [ObjConverter.Model.SkyBox.NumTexCoords] [18] added
2016-08-18 15:02:05:974[Info         ] Valid KVP [ObjConverter.Model.SkyBox.NumNormals] [24] added
2016-08-18 15:02:06:053[cInfo        ] Config reader opened [..\Data\BodaciousQuest.config] for reading!
2016-08-18 15:02:06:111[Process      ] ShaderManager Initialized successfully
2016-08-18 15:02:06:111[Info         ] Shader Init started
2016-08-18 15:02:06:111[Info         ] Shader Program created.
2016-08-18 15:02:06:111[Process      ] ShaderProgram::Initialize()[1] successful!
2016-08-18 15:02:06:111[Debug        ] File [..\Data\shaders\debug.vert.shader] Opened successfully! Buffer Length:[291]
2016-08-18 15:02:06:111[Debug        ] Shader file [..\Data\shaders\debug.vert.shader] contents:
//BEGIN
#version 430 core

layout(location = 0)  in vec3 vPosition;

layout(location = 15) uniform vec3 colorin;
layout(location = 16) uniform mat4 MAT;

out vec4 color;

void main()
{
	vec4 vertPos = vec4(vPosition, 1.0);
	gl_Position = MAT *  vertPos;
	color = vec4(colorin, 1.0);
}
//END

2016-08-18 15:02:06:111[Debug        ]  ShaderProgram::AddShader() file with data was read in
2016-08-18 15:02:06:111[Debug        ] ShaderProgram::AddShader() : glShaderSource() successful
2016-08-18 15:02:06:112[Debug        ] ShaderProgram::AddShader() : glCompileShader() successful
2016-08-18 15:02:06:112[Info         ] ShaderProgram::CheckShaderCompileStatus(2) successful.
2016-08-18 15:02:06:112[Debug        ] ShaderProgram::AddShader() : glCompileShader() successful
2016-08-18 15:02:06:112[Info         ] ShaderInfo saved successfully.
2016-08-18 15:02:06:112[Debug        ] ShaderProgram::AddShader() : glAttachShader() successful
2016-08-18 15:02:06:112[Info         ] ShaderProgram::AddShader [2] successful.
2016-08-18 15:02:06:113[Debug        ] File [..\Data\shaders\debug.frag.shader] Opened successfully! Buffer Length:[104]
2016-08-18 15:02:06:113[Debug        ] Shader file [..\Data\shaders\debug.frag.shader] contents:
//BEGIN
#version 430 core


in  vec4 color;
out vec4 outColor;

void main()
{
	outColor = color;
}


//END

2016-08-18 15:02:06:113[Debug        ]  ShaderProgram::AddShader() file with data was read in
2016-08-18 15:02:06:113[Debug        ] ShaderProgram::AddShader() : glShaderSource() successful
2016-08-18 15:02:06:113[Debug        ] ShaderProgram::AddShader() : glCompileShader() successful
2016-08-18 15:02:06:113[Info         ] ShaderProgram::CheckShaderCompileStatus(3) successful.
2016-08-18 15:02:06:113[Debug        ] ShaderProgram::AddShader() : glCompileShader() successful
2016-08-18 15:02:06:113[Info         ] ShaderInfo saved successfully.
2016-08-18 15:02:06:113[Debug        ] ShaderProgram::AddShader() : glAttachShader() successful
2016-08-18 15:02:06:113[Info         ] ShaderProgram::AddShader [3] successful.
2016-08-18 15:02:06:115[Info         ] CheckProgramStatus() successful!
2016-08-18 15:02:06:115[Info         ] CheckProgramStatus() successful!
2016-08-18 15:02:06:115[Info         ] Shader Init started
2016-08-18 15:02:06:115[Info         ] Shader Program created.
2016-08-18 15:02:06:115[Process      ] ShaderProgram::Initialize()[4] successful!
2016-08-18 15:02:06:115[Debug        ] File [..\Data\shaders\play.vert.shader] Opened successfully! Buffer Length:[343]
2016-08-18 15:02:06:115[Debug        ] Shader file [..\Data\shaders\play.vert.shader] contents:
//BEGIN
#version 430 core

layout (location = 0)  in vec3 vPosition;
layout (location = 1)  in vec3 vColor;
layout (location = 15) uniform vec3 colorin;
layout (location = 16) uniform mat4 MAT;

out vec4 color;

void main()
{
	vec4 vertPos = vec4(vPosition, 1.0);
	gl_Position = MAT *  vertPos;
	color = vec4((vColor + colorin), 1.0);
}
//END

2016-08-18 15:02:06:115[Debug        ]  ShaderProgram::AddShader() file with data was read in
2016-08-18 15:02:06:115[Debug        ] ShaderProgram::AddShader() : glShaderSource() successful
2016-08-18 15:02:06:115[Debug        ] ShaderProgram::AddShader() : glCompileShader() successful
2016-08-18 15:02:06:115[Info         ] ShaderProgram::CheckShaderCompileStatus(5) successful.
2016-08-18 15:02:06:115[Debug        ] ShaderProgram::AddShader() : glCompileShader() successful
2016-08-18 15:02:06:115[Info         ] ShaderInfo saved successfully.
2016-08-18 15:02:06:115[Debug        ] ShaderProgram::AddShader() : glAttachShader() successful
2016-08-18 15:02:06:115[Info         ] ShaderProgram::AddShader [5] successful.
2016-08-18 15:02:06:116[Debug        ] File [..\Data\shaders\play.frag.shader] Opened successfully! Buffer Length:[391]
2016-08-18 15:02:06:116[Debug        ] Shader file [..\Data\shaders\play.frag.shader] contents:
//BEGIN
#version 430 core


in  vec4 color;
out vec4 outColor;

void main()
{

	//if (color.r < .7) discard;
	outColor = color;

	//if(((gl_FragCoord.x  > 600)&& (gl_FragCoord.y < 300)) || ((gl_FragCoord.y < 300)  && (gl_FragCoord.x  < 600) )) {
	//discard;
	//}

	//vec2 scrPos = vec2(gl_FragCoord) - vec2(350,150);
	//float len =  length(scrPos);
	//if(len < 50 )discard;
}


//END

2016-08-18 15:02:06:116[Debug        ]  ShaderProgram::AddShader() file with data was read in
2016-08-18 15:02:06:116[Debug        ] ShaderProgram::AddShader() : glShaderSource() successful
2016-08-18 15:02:06:116[Debug        ] ShaderProgram::AddShader() : glCompileShader() successful
2016-08-18 15:02:06:116[Info         ] ShaderProgram::CheckShaderCompileStatus(6) successful.
2016-08-18 15:02:06:116[Debug        ] ShaderProgram::AddShader() : glCompileShader() successful
2016-08-18 15:02:06:116[Info         ] ShaderInfo saved successfully.
2016-08-18 15:02:06:116[Debug        ] ShaderProgram::AddShader() : glAttachShader() successful
2016-08-18 15:02:06:116[Info         ] ShaderProgram::AddShader [6] successful.
2016-08-18 15:02:06:117[Info         ] CheckProgramStatus() successful!
2016-08-18 15:02:06:117[Info         ] CheckProgramStatus() successful!
2016-08-18 15:02:06:117[Info         ] Shader Init started
2016-08-18 15:02:06:117[Info         ] Shader Program created.
2016-08-18 15:02:06:117[Process      ] ShaderProgram::Initialize()[7] successful!
2016-08-18 15:02:06:117[Debug        ] File [..\Data\shaders\texture.vert.shader] Opened successfully! Buffer Length:[305]
2016-08-18 15:02:06:117[Debug        ] Shader file [..\Data\shaders\texture.vert.shader] contents:
//BEGIN
#version 430 core

layout (location = 0)  in vec3 vPosition;
layout (location = 1)  in vec2 vUV;

layout (location = 16) uniform mat4 MAT;

//out data
out vec2 UV;

//out vec4 color;

void main()
{
	vec4 vertPos = vec4(vPosition, 1.0);
	gl_Position = MAT *  vertPos;

	UV = vUV;
	
	
}
//END

2016-08-18 15:02:06:117[Debug        ]  ShaderProgram::AddShader() file with data was read in
2016-08-18 15:02:06:117[Debug        ] ShaderProgram::AddShader() : glShaderSource() successful
2016-08-18 15:02:06:117[Debug        ] ShaderProgram::AddShader() : glCompileShader() successful
2016-08-18 15:02:06:117[Info         ] ShaderProgram::CheckShaderCompileStatus(8) successful.
2016-08-18 15:02:06:117[Debug        ] ShaderProgram::AddShader() : glCompileShader() successful
2016-08-18 15:02:06:117[Info         ] ShaderInfo saved successfully.
2016-08-18 15:02:06:117[Debug        ] ShaderProgram::AddShader() : glAttachShader() successful
2016-08-18 15:02:06:117[Info         ] ShaderProgram::AddShader [8] successful.
2016-08-18 15:02:06:117[Debug        ] File [..\Data\shaders\texture.frag.shader] Opened successfully! Buffer Length:[482]
2016-08-18 15:02:06:117[Debug        ] Shader file [..\Data\shaders\texture.frag.shader] contents:
//BEGIN
#version 430 core


in  vec2 UV;
out vec4 outColor;

layout(location = 20) uniform sampler2D textureSampler;

void main()
{

	//if (color.r < .7) discard;
	outColor = vec4(texture(textureSampler, UV).rgb, 1.0);

	//if(((gl_FragCoord.x  > 600)&& (gl_FragCoord.y < 300)) || ((gl_FragCoord.y < 300)  && (gl_FragCoord.x  < 600) )) {
	//discard;
	//}
	//vec2 scrPos = vec2(gl_FragCoord) - vec2(350,150);
	//float len =  length(scrPos);
	//if(len < 50 )discard;
}


//END

2016-08-18 15:02:06:117[Debug        ]  ShaderProgram::AddShader() file with data was read in
2016-08-18 15:02:06:117[Debug        ] ShaderProgram::AddShader() : glShaderSource() successful
2016-08-18 15:02:06:118[Debug        ] ShaderProgram::AddShader() : glCompileShader() successful
2016-08-18 15:02:06:118[Info         ] ShaderProgram::CheckShaderCompileStatus(9) successful.
2016-08-18 15:02:06:118[Debug        ] ShaderProgram::AddShader() : glCompileShader() successful
2016-08-18 15:02:06:118[Info         ] ShaderInfo saved successfully.
2016-08-18 15:02:06:118[Debug        ] ShaderProgram::AddShader() : glAttachShader() successful
2016-08-18 15:02:06:118[Info         ] ShaderProgram::AddShader [9] successful.
2016-08-18 15:02:06:119[Info         ] CheckProgramStatus() successful!
2016-08-18 15:02:06:119[Info         ] CheckProgramStatus() successful!
2016-08-18 15:02:06:119[Info         ] Shader Init started
2016-08-18 15:02:06:119[Info         ] Shader Program created.
2016-08-18 15:02:06:119[Process      ] ShaderProgram::Initialize()[10] successful!
2016-08-18 15:02:06:119[Debug        ] File [..\Data\shaders\framebuffer.vert.shader] Opened successfully! Buffer Length:[305]
2016-08-18 15:02:06:119[Debug        ] Shader file [..\Data\shaders\framebuffer.vert.shader] contents:
//BEGIN
#version 430 core

layout (location = 0)  in vec3 vPosition;
layout (location = 1)  in vec2 vUV;

layout (location = 16) uniform mat4 MAT;

//out data
out vec2 UV;

//out vec4 color;

void main()
{
	vec4 vertPos = vec4(vPosition, 1.0);
	gl_Position = MAT *  vertPos;

	UV = vUV;
	
	
}
//END

2016-08-18 15:02:06:119[Debug        ]  ShaderProgram::AddShader() file with data was read in
2016-08-18 15:02:06:119[Debug        ] ShaderProgram::AddShader() : glShaderSource() successful
2016-08-18 15:02:06:119[Debug        ] ShaderProgram::AddShader() : glCompileShader() successful
2016-08-18 15:02:06:119[Info         ] ShaderProgram::CheckShaderCompileStatus(11) successful.
2016-08-18 15:02:06:119[Debug        ] ShaderProgram::AddShader() : glCompileShader() successful
2016-08-18 15:02:06:119[Info         ] ShaderInfo saved successfully.
2016-08-18 15:02:06:119[Debug        ] ShaderProgram::AddShader() : glAttachShader() successful
2016-08-18 15:02:06:119[Info         ] ShaderProgram::AddShader [11] successful.
2016-08-18 15:02:06:119[Debug        ] File [..\Data\shaders\framebuffer.frag.shader] Opened successfully! Buffer Length:[275]
2016-08-18 15:02:06:119[Debug        ] Shader file [..\Data\shaders\framebuffer.frag.shader] contents:
//BEGIN
#version 430 core


in  vec2 UV;
out vec4 outColor;

layout(location = 20) uniform sampler2D textureSampler;

void main()
{


	vec3 tempCol = texture(textureSampler, UV).rgb;

	outColor = vec4(tempCol.r / 1.5f, tempCol.g / 1.5f, tempCol.b / 1.5f, 1.0f);
}


//END

2016-08-18 15:02:06:119[Debug        ]  ShaderProgram::AddShader() file with data was read in
2016-08-18 15:02:06:119[Debug        ] ShaderProgram::AddShader() : glShaderSource() successful
2016-08-18 15:02:06:119[Debug        ] ShaderProgram::AddShader() : glCompileShader() successful
2016-08-18 15:02:06:119[Info         ] ShaderProgram::CheckShaderCompileStatus(12) successful.
2016-08-18 15:02:06:119[Debug        ] ShaderProgram::AddShader() : glCompileShader() successful
2016-08-18 15:02:06:119[Info         ] ShaderInfo saved successfully.
2016-08-18 15:02:06:119[Debug        ] ShaderProgram::AddShader() : glAttachShader() successful
2016-08-18 15:02:06:120[Info         ] ShaderProgram::AddShader [12] successful.
2016-08-18 15:02:06:120[Info         ] CheckProgramStatus() successful!
2016-08-18 15:02:06:121[Info         ] CheckProgramStatus() successful!
2016-08-18 15:02:06:121[Info         ] Shader Init started
2016-08-18 15:02:06:121[Info         ] Shader Program created.
2016-08-18 15:02:06:121[Process      ] ShaderProgram::Initialize()[13] successful!
2016-08-18 15:02:06:121[Debug        ] File [..\Data\shaders\lighting.vert.shader] Opened successfully! Buffer Length:[1137]
2016-08-18 15:02:06:121[cDebug       ] Shader file [..\Data\shaders\lighting.vert.shader] is too big to display contents.
2016-08-18 15:02:06:123[Debug        ]  ShaderProgram::AddShader() file with data was read in
2016-08-18 15:02:06:123[Debug        ] ShaderProgram::AddShader() : glShaderSource() successful
2016-08-18 15:02:06:123[Debug        ] ShaderProgram::AddShader() : glCompileShader() successful
2016-08-18 15:02:06:123[Info         ] ShaderProgram::CheckShaderCompileStatus(14) successful.
2016-08-18 15:02:06:123[Debug        ] ShaderProgram::AddShader() : glCompileShader() successful
2016-08-18 15:02:06:123[Info         ] ShaderInfo saved successfully.
2016-08-18 15:02:06:123[Debug        ] ShaderProgram::AddShader() : glAttachShader() successful
2016-08-18 15:02:06:123[Info         ] ShaderProgram::AddShader [14] successful.
2016-08-18 15:02:06:123[Debug        ] File [..\Data\shaders\lighting.frag.shader] Opened successfully! Buffer Length:[1744]
2016-08-18 15:02:06:124[cDebug       ] Shader file [..\Data\shaders\lighting.frag.shader] is too big to display contents.
2016-08-18 15:02:06:125[Debug        ]  ShaderProgram::AddShader() file with data was read in
2016-08-18 15:02:06:125[Debug        ] ShaderProgram::AddShader() : glShaderSource() successful
2016-08-18 15:02:06:126[Debug        ] ShaderProgram::AddShader() : glCompileShader() successful
2016-08-18 15:02:06:126[Info         ] ShaderProgram::CheckShaderCompileStatus(15) successful.
2016-08-18 15:02:06:126[Debug        ] ShaderProgram::AddShader() : glCompileShader() successful
2016-08-18 15:02:06:126[Info         ] ShaderInfo saved successfully.
2016-08-18 15:02:06:126[Debug        ] ShaderProgram::AddShader() : glAttachShader() successful
2016-08-18 15:02:06:126[Info         ] ShaderProgram::AddShader [15] successful.
2016-08-18 15:02:06:130[Info         ] CheckProgramStatus() successful!
2016-08-18 15:02:06:130[Info         ] CheckProgramStatus() successful!
2016-08-18 15:02:06:130[Info         ] Shader Init started
2016-08-18 15:02:06:130[Info         ] Shader Program created.
2016-08-18 15:02:06:130[Process      ] ShaderProgram::Initialize()[16] successful!
2016-08-18 15:02:06:131[Debug        ] File [..\Data\shaders\texlighting.vert.shader] Opened successfully! Buffer Length:[1110]
2016-08-18 15:02:06:131[cDebug       ] Shader file [..\Data\shaders\texlighting.vert.shader] is too big to display contents.
2016-08-18 15:02:06:134[Debug        ]  ShaderProgram::AddShader() file with data was read in
2016-08-18 15:02:06:134[Debug        ] ShaderProgram::AddShader() : glShaderSource() successful
2016-08-18 15:02:06:134[Debug        ] ShaderProgram::AddShader() : glCompileShader() successful
2016-08-18 15:02:06:134[Info         ] ShaderProgram::CheckShaderCompileStatus(17) successful.
2016-08-18 15:02:06:134[Debug        ] ShaderProgram::AddShader() : glCompileShader() successful
2016-08-18 15:02:06:134[Info         ] ShaderInfo saved successfully.
2016-08-18 15:02:06:134[Debug        ] ShaderProgram::AddShader() : glAttachShader() successful
2016-08-18 15:02:06:135[Info         ] ShaderProgram::AddShader [17] successful.
2016-08-18 15:02:06:135[Debug        ] File [..\Data\shaders\texlighting.frag.shader] Opened successfully! Buffer Length:[1717]
2016-08-18 15:02:06:135[cDebug       ] Shader file [..\Data\shaders\texlighting.frag.shader] is too big to display contents.
2016-08-18 15:02:06:136[Debug        ]  ShaderProgram::AddShader() file with data was read in
2016-08-18 15:02:06:136[Debug        ] ShaderProgram::AddShader() : glShaderSource() successful
2016-08-18 15:02:06:136[Debug        ] ShaderProgram::AddShader() : glCompileShader() successful
2016-08-18 15:02:06:136[Info         ] ShaderProgram::CheckShaderCompileStatus(18) successful.
2016-08-18 15:02:06:136[Debug        ] ShaderProgram::AddShader() : glCompileShader() successful
2016-08-18 15:02:06:136[Info         ] ShaderInfo saved successfully.
2016-08-18 15:02:06:136[Debug        ] ShaderProgram::AddShader() : glAttachShader() successful
2016-08-18 15:02:06:136[Info         ] ShaderProgram::AddShader [18] successful.
2016-08-18 15:02:06:139[Info         ] CheckProgramStatus() successful!
2016-08-18 15:02:06:139[Info         ] CheckProgramStatus() successful!
2016-08-18 15:02:06:139[Info         ] Shader Init started
2016-08-18 15:02:06:139[Info         ] Shader Program created.
2016-08-18 15:02:06:140[Process      ] ShaderProgram::Initialize()[19] successful!
2016-08-18 15:02:06:140[Debug        ] File [..\Data\shaders\water.vert.shader] Opened successfully! Buffer Length:[1400]
2016-08-18 15:02:06:140[cDebug       ] Shader file [..\Data\shaders\water.vert.shader] is too big to display contents.
2016-08-18 15:02:06:142[Debug        ]  ShaderProgram::AddShader() file with data was read in
2016-08-18 15:02:06:142[Debug        ] ShaderProgram::AddShader() : glShaderSource() successful
2016-08-18 15:02:06:143[Debug        ] ShaderProgram::AddShader() : glCompileShader() successful
2016-08-18 15:02:06:143[Info         ] ShaderProgram::CheckShaderCompileStatus(20) successful.
2016-08-18 15:02:06:143[Debug        ] ShaderProgram::AddShader() : glCompileShader() successful
2016-08-18 15:02:06:143[Info         ] ShaderInfo saved successfully.
2016-08-18 15:02:06:143[Debug        ] ShaderProgram::AddShader() : glAttachShader() successful
2016-08-18 15:02:06:143[Info         ] ShaderProgram::AddShader [20] successful.
2016-08-18 15:02:06:143[Debug        ] File [..\Data\shaders\water.frag.shader] Opened successfully! Buffer Length:[2436]
2016-08-18 15:02:06:143[cDebug       ] Shader file [..\Data\shaders\water.frag.shader] is too big to display contents.
2016-08-18 15:02:06:145[Debug        ]  ShaderProgram::AddShader() file with data was read in
2016-08-18 15:02:06:145[Debug        ] ShaderProgram::AddShader() : glShaderSource() successful
2016-08-18 15:02:06:146[Debug        ] ShaderProgram::AddShader() : glCompileShader() successful
2016-08-18 15:02:06:146[Info         ] ShaderProgram::CheckShaderCompileStatus(21) successful.
2016-08-18 15:02:06:146[Debug        ] ShaderProgram::AddShader() : glCompileShader() successful
2016-08-18 15:02:06:146[Info         ] ShaderInfo saved successfully.
2016-08-18 15:02:06:146[Debug        ] ShaderProgram::AddShader() : glAttachShader() successful
2016-08-18 15:02:06:146[Info         ] ShaderProgram::AddShader [21] successful.
2016-08-18 15:02:06:149[Info         ] CheckProgramStatus() successful!
2016-08-18 15:02:06:149[Info         ] CheckProgramStatus() successful!
2016-08-18 15:02:06:149[Info         ] GetAttribLocation [vPosition] successful.
2016-08-18 15:02:06:149[Info         ] GetUniformLocation [colorin] successful.
2016-08-18 15:02:06:149[Info         ] GetUniformLocation [MAT] successful.
2016-08-18 15:02:06:149[cProcess     ] RenderEngine::Initialize() successful.
2016-08-18 15:02:06:151[cInfo        ] 
-----------------------------------------------------------------------
 BufferInfo::CreateBuffers()[0] Created buffers:| VERTEX [1] with [80] bytes. || INDEX [2] with [24] bytes |
-----------------------------------------------------------------------

2016-08-18 15:02:06:157[cInfo        ] --------BufferInfo::AddMesh() Added mesh successfully-------
2016-08-18 15:02:06:160[cInfo        ] 
2016-08-18 15:02:06:160[cInfo        ] --------------------| START BUFFER MESH INFO |-------------------------------------
2016-08-18 15:02:06:162[cInfo        ] BufferInfo::AddMesh(): NUM VERTS-----------------[4]
2016-08-18 15:02:06:164[cInfo        ] BufferInfo::AddMesh(): NUM INDICES---------------[6]
2016-08-18 15:02:06:165[cInfo        ] BufferInfo::AddMesh(): VERT OFFSET---------------[0]
2016-08-18 15:02:06:166[cInfo        ] BufferInfo::AddMesh(): INDICES OFFSET (BYTES)----[0]
2016-08-18 15:02:06:167[cInfo        ] --------------------|  END BUFFER MESH INFO  |--------------------------------------
2016-08-18 15:02:06:170[cInfo        ] 

2016-08-18 15:02:06:171[cInfo        ] 
-----------------------------------------------------------------------
 BufferInfo::CreateBuffers()[0] Created buffers:| VERTEX [3] with [96] bytes. || INDEX [4] with [48] bytes |
-----------------------------------------------------------------------

2016-08-18 15:02:06:174[cInfo        ] --------BufferInfo::AddMesh() Added mesh successfully-------
2016-08-18 15:02:06:175[cInfo        ] 
2016-08-18 15:02:06:176[cInfo        ] --------------------| START BUFFER MESH INFO |-------------------------------------
2016-08-18 15:02:06:177[cInfo        ] BufferInfo::AddMesh(): NUM VERTS-----------------[8]
2016-08-18 15:02:06:178[cInfo        ] BufferInfo::AddMesh(): NUM INDICES---------------[24]
2016-08-18 15:02:06:181[cInfo        ] BufferInfo::AddMesh(): VERT OFFSET---------------[0]
2016-08-18 15:02:06:182[cInfo        ] BufferInfo::AddMesh(): INDICES OFFSET (BYTES)----[0]
2016-08-18 15:02:06:183[cInfo        ] --------------------|  END BUFFER MESH INFO  |--------------------------------------
2016-08-18 15:02:06:184[cInfo        ] 

2016-08-18 15:02:06:185[cInfo        ] 
-----------------------------------------------------------------------
 BufferInfo::CreateBuffers()[0] Created buffers:| VERTEX [5] with [864] bytes. || INDEX [6] with [0] bytes |
-----------------------------------------------------------------------

2016-08-18 15:02:06:189[cInfo        ] --------BufferInfo::AddMesh() Added mesh successfully-------
2016-08-18 15:02:06:191[cInfo        ] 
2016-08-18 15:02:06:191[cInfo        ] --------------------| START BUFFER MESH INFO |-------------------------------------
2016-08-18 15:02:06:192[cInfo        ] BufferInfo::AddMesh(): NUM VERTS-----------------[36]
2016-08-18 15:02:06:193[cInfo        ] BufferInfo::AddMesh(): NUM INDICES---------------[0]
2016-08-18 15:02:06:194[cInfo        ] BufferInfo::AddMesh(): VERT OFFSET---------------[0]
2016-08-18 15:02:06:196[cInfo        ] BufferInfo::AddMesh(): INDICES OFFSET (BYTES)----[0]
2016-08-18 15:02:06:197[cInfo        ] --------------------|  END BUFFER MESH INFO  |--------------------------------------
2016-08-18 15:02:06:198[cInfo        ] 

2016-08-18 15:02:06:199[cInfo        ] 
-----------------------------------------------------------------------
 BufferInfo::CreateBuffers()[0] Created buffers:| VERTEX [7] with [144] bytes. || INDEX [8] with [0] bytes |
-----------------------------------------------------------------------

2016-08-18 15:02:06:203[cInfo        ] --------BufferInfo::AddMesh() Added mesh successfully-------
2016-08-18 15:02:06:204[cInfo        ] 
2016-08-18 15:02:06:204[cInfo        ] --------------------| START BUFFER MESH INFO |-------------------------------------
2016-08-18 15:02:06:206[cInfo        ] BufferInfo::AddMesh(): NUM VERTS-----------------[6]
2016-08-18 15:02:06:206[cInfo        ] BufferInfo::AddMesh(): NUM INDICES---------------[0]
2016-08-18 15:02:06:207[cInfo        ] BufferInfo::AddMesh(): VERT OFFSET---------------[0]
2016-08-18 15:02:06:208[cInfo        ] BufferInfo::AddMesh(): INDICES OFFSET (BYTES)----[0]
2016-08-18 15:02:06:209[cInfo        ] --------------------|  END BUFFER MESH INFO  |--------------------------------------
2016-08-18 15:02:06:211[cInfo        ] 

2016-08-18 15:02:06:214[cProcess     ] BufferManager::Initialize() successful.
2016-08-18 15:02:06:214[cInfo        ] 
-----------------------------------------------------------------------
 BufferInfo::CreateBuffers()[0] Created buffers:| VERTEX [9] with [1000000] bytes. || INDEX [10] with [1000000] bytes |
-----------------------------------------------------------------------

2016-08-18 15:02:06:218[cInfo        ] --------BufferInfo::AddMesh() Added mesh successfully-------
2016-08-18 15:02:06:219[cInfo        ] 
2016-08-18 15:02:06:221[cInfo        ] --------------------| START BUFFER MESH INFO |-------------------------------------
2016-08-18 15:02:06:222[cInfo        ] BufferInfo::AddMesh(): NUM VERTS-----------------[24]
2016-08-18 15:02:06:223[cInfo        ] BufferInfo::AddMesh(): NUM INDICES---------------[36]
2016-08-18 15:02:06:224[cInfo        ] BufferInfo::AddMesh(): VERT OFFSET---------------[0]
2016-08-18 15:02:06:225[cInfo        ] BufferInfo::AddMesh(): INDICES OFFSET (BYTES)----[0]
2016-08-18 15:02:06:226[cInfo        ] --------------------|  END BUFFER MESH INFO  |--------------------------------------
2016-08-18 15:02:06:227[cInfo        ] 

2016-08-18 15:02:06:232[cProcess     ] BufferManager::Initialize() successful.
2016-08-18 15:02:06:233[cInfo        ] 
-----------------------------------------------------------------------
 BufferInfo::CreateBuffers()[1] Created buffers:| VERTEX [11] with [1000000] bytes. || INDEX [12] with [1000000] bytes |
-----------------------------------------------------------------------

2016-08-18 15:02:06:237[cInfo        ] --------BufferInfo::AddMesh() Added mesh successfully-------
2016-08-18 15:02:06:237[cInfo        ] 
2016-08-18 15:02:06:238[cInfo        ] --------------------| START BUFFER MESH INFO |-------------------------------------
2016-08-18 15:02:06:239[cInfo        ] BufferInfo::AddMesh(): NUM VERTS-----------------[1536]
2016-08-18 15:02:06:240[cInfo        ] BufferInfo::AddMesh(): NUM INDICES---------------[3072]
2016-08-18 15:02:06:242[cInfo        ] BufferInfo::AddMesh(): VERT OFFSET---------------[0]
2016-08-18 15:02:06:243[cInfo        ] BufferInfo::AddMesh(): INDICES OFFSET (BYTES)----[0]
2016-08-18 15:02:06:243[cInfo        ] --------------------|  END BUFFER MESH INFO  |--------------------------------------
2016-08-18 15:02:06:245[cInfo        ] 

2016-08-18 15:02:06:246[cInfo        ] 
-----------------------------------------------------------------------
 BufferInfo::CreateBuffers()[0] Created buffers:| VERTEX [13] with [3936] bytes. || INDEX [14] with [0] bytes |
-----------------------------------------------------------------------

2016-08-18 15:02:06:250[cInfo        ] --------BufferInfo::AddMesh() Added mesh successfully-------
2016-08-18 15:02:06:252[cInfo        ] 
2016-08-18 15:02:06:253[cInfo        ] --------------------| START BUFFER MESH INFO |-------------------------------------
2016-08-18 15:02:06:254[cInfo        ] BufferInfo::AddMesh(): NUM VERTS-----------------[164]
2016-08-18 15:02:06:255[cInfo        ] BufferInfo::AddMesh(): NUM INDICES---------------[0]
2016-08-18 15:02:06:255[cInfo        ] BufferInfo::AddMesh(): VERT OFFSET---------------[0]
2016-08-18 15:02:06:256[cInfo        ] BufferInfo::AddMesh(): INDICES OFFSET (BYTES)----[0]
2016-08-18 15:02:06:257[cInfo        ] --------------------|  END BUFFER MESH INFO  |--------------------------------------
2016-08-18 15:02:06:259[cInfo        ] 

2016-08-18 15:02:06:259[cProcess     ] ShapeGenerator initialized successfully.
2016-08-18 15:02:06:260[cProcess     ] Camera::Initialize() successful.
2016-08-18 15:02:06:263[cProcess     ] Keyboard::Initialize() successful
2016-08-18 15:02:06:264[cProcess     ] Keyboard::Initialize() successful
2016-08-18 15:02:06:276[cInfo        ] 
-----------------------------------------------------------------------
 BufferInfo::CreateBuffers()[0] Created buffers:| VERTEX [15] with [10810368] bytes. || INDEX [16] with [0] bytes |
-----------------------------------------------------------------------

2016-08-18 15:02:06:305[cInfo        ] --------BufferInfo::AddMesh() Added mesh successfully-------
2016-08-18 15:02:06:307[cInfo        ] 
2016-08-18 15:02:06:307[cInfo        ] --------------------| START BUFFER MESH INFO |-------------------------------------
2016-08-18 15:02:06:309[cInfo        ] BufferInfo::AddMesh(): NUM VERTS-----------------[337824]
2016-08-18 15:02:06:311[cInfo        ] BufferInfo::AddMesh(): NUM INDICES---------------[0]
2016-08-18 15:02:06:313[cInfo        ] BufferInfo::AddMesh(): VERT OFFSET---------------[0]
2016-08-18 15:02:06:314[cInfo        ] BufferInfo::AddMesh(): INDICES OFFSET (BYTES)----[0]
2016-08-18 15:02:06:316[cInfo        ] --------------------|  END BUFFER MESH INFO  |--------------------------------------
2016-08-18 15:02:06:318[cInfo        ] 

2016-08-18 15:02:06:362[Info         ] ShapeGenerator::ReadSceneFile(): Added new scene [..\Data\Scenes\Dargon.ptn.scene] successfully.
2016-08-18 15:02:06:362[cInfo        ] EntityManager::BuildPlayerEntity(): Built [Dargon] successfully
2016-08-18 15:02:06:364[cProcess     ] BufferManager::Initialize() successful.
2016-08-18 15:02:06:374[cInfo        ] 
-----------------------------------------------------------------------
 BufferInfo::CreateBuffers()[2] Created buffers:| VERTEX [17] with [1000000] bytes. || INDEX [18] with [1000000] bytes |
-----------------------------------------------------------------------

2016-08-18 15:02:06:382[cInfo        ] --------BufferInfo::AddMesh() Added mesh successfully-------
2016-08-18 15:02:06:383[cInfo        ] 
2016-08-18 15:02:06:384[cInfo        ] --------------------| START BUFFER MESH INFO |-------------------------------------
2016-08-18 15:02:06:386[cInfo        ] BufferInfo::AddMesh(): NUM VERTS-----------------[36]
2016-08-18 15:02:06:387[cInfo        ] BufferInfo::AddMesh(): NUM INDICES---------------[0]
2016-08-18 15:02:06:388[cInfo        ] BufferInfo::AddMesh(): VERT OFFSET---------------[0]
2016-08-18 15:02:06:389[cInfo        ] BufferInfo::AddMesh(): INDICES OFFSET (BYTES)----[0]
2016-08-18 15:02:06:390[cInfo        ] --------------------|  END BUFFER MESH INFO  |--------------------------------------
2016-08-18 15:02:06:392[cInfo        ] 

2016-08-18 15:02:06:393[Info         ] ShapeGenerator::ReadSceneFile(): Added new scene [..\Data\Scenes\Cube.pn.scene] successfully.
2016-08-18 15:02:06:393[cInfo        ] --------BufferInfo::AddMesh() Added mesh successfully-------
2016-08-18 15:02:06:395[cInfo        ] 
2016-08-18 15:02:06:395[cInfo        ] --------------------| START BUFFER MESH INFO |-------------------------------------
2016-08-18 15:02:06:397[cInfo        ] BufferInfo::AddMesh(): NUM VERTS-----------------[18]
2016-08-18 15:02:06:398[cInfo        ] BufferInfo::AddMesh(): NUM INDICES---------------[0]
2016-08-18 15:02:06:400[cInfo        ] BufferInfo::AddMesh(): VERT OFFSET---------------[36]
2016-08-18 15:02:06:400[cInfo        ] BufferInfo::AddMesh(): INDICES OFFSET (BYTES)----[0]
2016-08-18 15:02:06:401[cInfo        ] --------------------|  END BUFFER MESH INFO  |--------------------------------------
2016-08-18 15:02:06:402[cInfo        ] 

2016-08-18 15:02:06:403[Info         ] ShapeGenerator::ReadSceneFile(): Added new scene [..\Data\Scenes\Pyramid.pn.scene] successfully.
2016-08-18 15:02:06:409[cInfo        ] 
-----------------------------------------------------------------------
 BufferInfo::CreateBuffers()[0] Created buffers:| VERTEX [19] with [5529600] bytes. || INDEX [20] with [0] bytes |
-----------------------------------------------------------------------

2016-08-18 15:02:06:423[cInfo        ] --------BufferInfo::AddMesh() Added mesh successfully-------
2016-08-18 15:02:06:424[cInfo        ] 
2016-08-18 15:02:06:424[cInfo        ] --------------------| START BUFFER MESH INFO |-------------------------------------
2016-08-18 15:02:06:426[cInfo        ] BufferInfo::AddMesh(): NUM VERTS-----------------[172800]
2016-08-18 15:02:06:427[cInfo        ] BufferInfo::AddMesh(): NUM INDICES---------------[0]
2016-08-18 15:02:06:428[cInfo        ] BufferInfo::AddMesh(): VERT OFFSET---------------[0]
2016-08-18 15:02:06:430[cInfo        ] BufferInfo::AddMesh(): INDICES OFFSET (BYTES)----[0]
2016-08-18 15:02:06:431[cInfo        ] --------------------|  END BUFFER MESH INFO  |--------------------------------------
2016-08-18 15:02:06:433[cInfo        ] 

2016-08-18 15:02:06:434[Info         ] ShapeGenerator::ReadSceneFile(): Added new scene [..\Data\Scenes\WaterPlane.ptn.scene] successfully.
2016-08-18 15:02:06:435[cProcess     ] Camera::Initialize() successful.
2016-08-18 15:02:06:445[cProcess     ] BufferManager::Initialize() successful.
2016-08-18 15:02:06:446[cInfo        ] 
-----------------------------------------------------------------------
 BufferInfo::CreateBuffers()[3] Created buffers:| VERTEX [21] with [8107776] bytes. || INDEX [22] with [0] bytes |
-----------------------------------------------------------------------

2016-08-18 15:02:06:468[cInfo        ] --------BufferInfo::AddMesh() Added mesh successfully-------
2016-08-18 15:02:06:469[cInfo        ] 
2016-08-18 15:02:06:470[cInfo        ] --------------------| START BUFFER MESH INFO |-------------------------------------
2016-08-18 15:02:06:472[cInfo        ] BufferInfo::AddMesh(): NUM VERTS-----------------[337824]
2016-08-18 15:02:06:473[cInfo        ] BufferInfo::AddMesh(): NUM INDICES---------------[0]
2016-08-18 15:02:06:475[cInfo        ] BufferInfo::AddMesh(): VERT OFFSET---------------[0]
2016-08-18 15:02:06:476[cInfo        ] BufferInfo::AddMesh(): INDICES OFFSET (BYTES)----[0]
2016-08-18 15:02:06:478[cInfo        ] --------------------|  END BUFFER MESH INFO  |--------------------------------------
2016-08-18 15:02:06:480[cInfo        ] 

2016-08-18 15:02:06:481[Info         ] ShapeGenerator::ReadSceneFile(): Added new scene [..\Data\Scenes\Dargon.pn.scene] successfully.
2016-08-18 15:02:06:482[cProcess     ] BufferManager::Initialize() successful.
2016-08-18 15:02:06:482[cInfo        ] 
-----------------------------------------------------------------------
 BufferInfo::CreateBuffers()[4] Created buffers:| VERTEX [23] with [1000000] bytes. || INDEX [24] with [1000000] bytes |
-----------------------------------------------------------------------

2016-08-18 15:02:06:486[cInfo        ] --------BufferInfo::AddMesh() Added mesh successfully-------
2016-08-18 15:02:06:488[cInfo        ] 
2016-08-18 15:02:06:488[cInfo        ] --------------------| START BUFFER MESH INFO |-------------------------------------
2016-08-18 15:02:06:489[cInfo        ] BufferInfo::AddMesh(): NUM VERTS-----------------[6]
2016-08-18 15:02:06:490[cInfo        ] BufferInfo::AddMesh(): NUM INDICES---------------[0]
2016-08-18 15:02:06:491[cInfo        ] BufferInfo::AddMesh(): VERT OFFSET---------------[0]
2016-08-18 15:02:06:492[cInfo        ] BufferInfo::AddMesh(): INDICES OFFSET (BYTES)----[0]
2016-08-18 15:02:06:493[cInfo        ] --------------------|  END BUFFER MESH INFO  |--------------------------------------
2016-08-18 15:02:06:494[cInfo        ] 

2016-08-18 15:02:06:495[cProcess     ] BodaciousQuest::Initialize() successful.
2016-08-18 15:02:06:495[Process      ] GameTime::Initialize() ok

2016-08-18 15:02:06:495[cProcess     ] MyWindow::Initialize() successful!
2016-08-18 15:02:12:414[cProcess     ] BufferManager::Shutdown() successful.
2016-08-18 15:02:12:415[cProcess     ] RenderEngine::Shutdown() successful.
2016-08-18 15:02:12:417[cProcess     ] Camera::Shutdown() successful.
2016-08-18 15:02:12:418[Info         ] Shader  [2] deleting...
2016-08-18 15:02:12:418[Info         ] Shader  [2] deleted successfully.
2016-08-18 15:02:12:418[Info         ] Shader  [3] deleting...
2016-08-18 15:02:12:418[Info         ] Shader  [3] deleted successfully.
2016-08-18 15:02:12:418[Info         ] All shaders deleted successfully.
2016-08-18 15:02:12:418[cInfo        ] Program [1] deleted successfully.
2016-08-18 15:02:12:419[Process      ] ShaderProgram[1]::Shutdown successful!
2016-08-18 15:02:12:420[Info         ] Shader  [5] deleting...
2016-08-18 15:02:12:420[Info         ] Shader  [5] deleted successfully.
2016-08-18 15:02:12:420[Info         ] Shader  [6] deleting...
2016-08-18 15:02:12:420[Info         ] Shader  [6] deleted successfully.
2016-08-18 15:02:12:420[Info         ] All shaders deleted successfully.
2016-08-18 15:02:12:420[cInfo        ] Program [4] deleted successfully.
2016-08-18 15:02:12:421[Process      ] ShaderProgram[4]::Shutdown successful!
2016-08-18 15:02:12:421[Info         ] Shader  [8] deleting...
2016-08-18 15:02:12:421[Info         ] Shader  [8] deleted successfully.
2016-08-18 15:02:12:422[Info         ] Shader  [9] deleting...
2016-08-18 15:02:12:422[Info         ] Shader  [9] deleted successfully.
2016-08-18 15:02:12:422[Info         ] All shaders deleted successfully.
2016-08-18 15:02:12:422[cInfo        ] Program [7] deleted successfully.
2016-08-18 15:02:12:424[Process      ] ShaderProgram[7]::Shutdown successful!
2016-08-18 15:02:12:424[Info         ] Shader  [11] deleting...
2016-08-18 15:02:12:424[Info         ] Shader  [11] deleted successfully.
2016-08-18 15:02:12:424[Info         ] Shader  [12] deleting...
2016-08-18 15:02:12:424[Info         ] Shader  [12] deleted successfully.
2016-08-18 15:02:12:424[Info         ] All shaders deleted successfully.
2016-08-18 15:02:12:424[cInfo        ] Program [10] deleted successfully.
2016-08-18 15:02:12:425[Process      ] ShaderProgram[10]::Shutdown successful!
2016-08-18 15:02:12:425[Info         ] Shader  [14] deleting...
2016-08-18 15:02:12:425[Info         ] Shader  [14] deleted successfully.
2016-08-18 15:02:12:425[Info         ] Shader  [15] deleting...
2016-08-18 15:02:12:425[Info         ] Shader  [15] deleted successfully.
2016-08-18 15:02:12:425[Info         ] All shaders deleted successfully.
2016-08-18 15:02:12:425[cInfo        ] Program [13] deleted successfully.
2016-08-18 15:02:12:426[Process      ] ShaderProgram[13]::Shutdown successful!
2016-08-18 15:02:12:426[Info         ] Shader  [17] deleting...
2016-08-18 15:02:12:426[Info         ] Shader  [17] deleted successfully.
2016-08-18 15:02:12:426[Info         ] Shader  [18] deleting...
2016-08-18 15:02:12:426[Info         ] Shader  [18] deleted successfully.
2016-08-18 15:02:12:426[Info         ] All shaders deleted successfully.
2016-08-18 15:02:12:426[cInfo        ] Program [16] deleted successfully.
2016-08-18 15:02:12:426[Process      ] ShaderProgram[16]::Shutdown successful!
2016-08-18 15:02:12:427[Info         ] Shader  [20] deleting...
2016-08-18 15:02:12:427[Info         ] Shader  [20] deleted successfully.
2016-08-18 15:02:12:427[Info         ] Shader  [21] deleting...
2016-08-18 15:02:12:427[Info         ] Shader  [21] deleted successfully.
2016-08-18 15:02:12:427[Info         ] All shaders deleted successfully.
2016-08-18 15:02:12:427[cInfo        ] Program [19] deleted successfully.
2016-08-18 15:02:12:427[Process      ] ShaderProgram[19]::Shutdown successful!
2016-08-18 15:02:12:427[cProcess     ] MyWindow::Shutdown() successful!
2016-08-18 15:02:12:428[cProcess     ] BodaciousQuest::Shutdown() successful.
2016-08-18 15:02:12:437[Process      ] ConfigReader shut down successfully
2016-08-18 15:02:12:437[Process      ] GameLogger::ShutDown() successful
