2016-08-20 13:55:52:482[Process      ] GameLogger::Initialize() opened log file [..\Data\LogFiles\2016-08-20 13-55-52.BodaciousQuest.log] for writing
2016-08-20 13:55:52:482[Info         ] GameLogger::Initialize() successful
2016-08-20 13:55:52:482[Process      ] ConfigReader opened [..\Data\BodaciousQuest.config] successfully
2016-08-20 13:55:52:482[Info         ] ConfigReader initialized successfully
2016-08-20 13:55:52:482[Info         ] Valid KVP [BodaciousQuest.ShowFullScreen] [false] added
2016-08-20 13:55:52:482[Info         ] Valid KVP [BodaciousQuest.FpsInterval] [5.0] added
2016-08-20 13:55:52:485[Info         ] Valid KVP [BodaciousQuest.EnableControls] [true] added
2016-08-20 13:55:52:485[Info         ] Valid KVP [BodaciousQuest.LoadCubeFirst] [true] added
2016-08-20 13:55:52:485[Info         ] Valid KVP [BodaciousQuest.CameraWalkMode] [false] added
2016-08-20 13:55:52:485[Info         ] Valid KVP [BodaciousQuest.GridSize] [40] added
2016-08-20 13:55:52:485[Info         ] Valid KVP [BodaciousQuest.LightingTest.Ambient.Color] [1.0  1.0  1.0] added
2016-08-20 13:55:52:485[Info         ] Valid KVP [BodaciousQuest.LightingTest.Diffuse.Color] [1.0  1.0  1.0] added
2016-08-20 13:55:52:485[Info         ] Valid KVP [BodaciousQuest.LightingTest.Specular.Color] [0.0  0.0  0.0] added
2016-08-20 13:55:52:485[Info         ] Valid KVP [BodaciousQuest.LightingTest.Ambient.Reflectivity] [0.01] added
2016-08-20 13:55:52:485[Info         ] Valid KVP [BodaciousQuest.LightingTest.Diffuse.Reflectivity] [0.8] added
2016-08-20 13:55:52:485[Info         ] Valid KVP [BodaciousQuest.LightingTest.Specular.Reflectivity] [0.5] added
2016-08-20 13:55:52:485[Info         ] Valid KVP [BodaciousQuest.LightingTest.Specular.Shininess] [1.0] added
2016-08-20 13:55:52:485[Info         ] Valid KVP [BodaciousQuest.LightingTest.Falloff.A] [1.0] added
2016-08-20 13:55:52:485[Info         ] Valid KVP [BodaciousQuest.LightingTest.Falloff.B] [0.01] added
2016-08-20 13:55:52:485[Info         ] Valid KVP [BodaciousQuest.LightingTest.Falloff.C] [0.0001] added
2016-08-20 13:55:52:485[Info         ] Valid KVP [BodaciousQuest.LightingTest.Directional] [false] added
2016-08-20 13:55:52:485[Info         ] Valid KVP [BodaciousQuest.LightingTest.Direction] [-1.0 0.0 1.0] added
2016-08-20 13:55:52:485[Info         ] Valid KVP [BodaciousQuest.LightingTest.Light.Position] [-0.875458 3.673020 1.043331] added
2016-08-20 13:55:52:485[Info         ] Valid KVP [BodaciousQuest.LightingTest.Dargon.Color] [1.0 1.0 0.4] added
2016-08-20 13:55:52:485[Info         ] Valid KVP [ObjConverter.Mode.VertexType] [pn] added
2016-08-20 13:55:52:485[Info         ] Valid KVP [ObjConverter.Mode.Analyze] [false] added
2016-08-20 13:55:52:485[Info         ] Valid KVP [ObjConverter.Model] [Dargon] added
2016-08-20 13:55:52:485[Info         ] Valid KVP [ObjConverter.Shader] [4] added
2016-08-20 13:55:52:485[Info         ] Valid KVP [ObjConverter.Color] [random] added
2016-08-20 13:55:52:485[Info         ] Valid KVP [ObjConverter.Obj.InputFileFolder] [..\\Data\\Objs\\] added
2016-08-20 13:55:52:485[Info         ] Valid KVP [ObjConverter.Scene.OutputFileFolder] [..\\Data\\Scenes\\] added
2016-08-20 13:55:52:485[Info         ] Valid KVP [ObjConverter.Model.Dargon.NumVerts] [57967] added
2016-08-20 13:55:52:485[Info         ] Valid KVP [ObjConverter.Model.Dargon.NumIndices] [337824] added
2016-08-20 13:55:52:485[Info         ] Valid KVP [ObjConverter.Model.Dargon.NumTexCoords] [60175] added
2016-08-20 13:55:52:485[Info         ] Valid KVP [ObjConverter.Model.Dargon.NumNormals] [337824] added
2016-08-20 13:55:52:485[Info         ] Valid KVP [ObjConverter.Model.Swamp.NumVerts] [2735] added
2016-08-20 13:55:52:485[Info         ] Valid KVP [ObjConverter.Model.Swamp.NumIndices] [8556] added
2016-08-20 13:55:52:485[Info         ] Valid KVP [ObjConverter.Model.Swamp.NumTexCoords] [3622] added
2016-08-20 13:55:52:485[Info         ] Valid KVP [ObjConverter.Model.Swamp.NumNormals] [5156] added
2016-08-20 13:55:52:485[Info         ] Valid KVP [ObjConverter.Model.Pyramid.NumVerts] [5] added
2016-08-20 13:55:52:485[Info         ] Valid KVP [ObjConverter.Model.Pyramid.NumIndices] [18] added
2016-08-20 13:55:52:485[Info         ] Valid KVP [ObjConverter.Model.Pyramid.NumTexCoords] [10] added
2016-08-20 13:55:52:485[Info         ] Valid KVP [ObjConverter.Model.Pyramid.NumNormals] [16] added
2016-08-20 13:55:52:485[Info         ] Valid KVP [ObjConverter.Model.AIWorld.NumVerts] [1957] added
2016-08-20 13:55:52:485[Info         ] Valid KVP [ObjConverter.Model.AIWorld.NumIndices] [8718] added
2016-08-20 13:55:52:486[Info         ] Valid KVP [ObjConverter.Model.AIWorld.NumTexCoords] [4186] added
2016-08-20 13:55:52:486[Info         ] Valid KVP [ObjConverter.Model.AIWorld.NumNormals] [5418] added
2016-08-20 13:55:52:486[Info         ] Valid KVP [ObjConverter.Model.GameWeapon.NumVerts] [2068] added
2016-08-20 13:55:52:486[Info         ] Valid KVP [ObjConverter.Model.GameWeapon.NumIndices] [9894] added
2016-08-20 13:55:52:486[Info         ] Valid KVP [ObjConverter.Model.GameWeapon.NumTexCoords] [0] added
2016-08-20 13:55:52:486[Info         ] Valid KVP [ObjConverter.Model.GameWeapon.NumNormals] [0] added
2016-08-20 13:55:52:486[Info         ] Valid KVP [ObjConverter.Model.Chicken.NumVerts] [224] added
2016-08-20 13:55:52:486[Info         ] Valid KVP [ObjConverter.Model.Chicken.NumIndices] [1374] added
2016-08-20 13:55:52:486[Info         ] Valid KVP [ObjConverter.Model.Chicken.NumTexCoords] [472] added
2016-08-20 13:55:52:486[Info         ] Valid KVP [ObjConverter.Model.Chicken.NumNormals] [565] added
2016-08-20 13:55:52:486[Info         ] Valid KVP [ObjConverter.Model.WaterPlane.NumVerts] [29282] added
2016-08-20 13:55:52:486[Info         ] Valid KVP [ObjConverter.Model.WaterPlane.NumIndices] [172800] added
2016-08-20 13:55:52:486[Info         ] Valid KVP [ObjConverter.Model.WaterPlane.NumTexCoords] [29282] added
2016-08-20 13:55:52:486[Info         ] Valid KVP [ObjConverter.Model.WaterPlane.NumNormals] [172800] added
2016-08-20 13:55:52:486[Info         ] Valid KVP [ObjConverter.Model.Cube.NumVerts] [8] added
2016-08-20 13:55:52:486[Info         ] Valid KVP [ObjConverter.Model.Cube.NumIndices] [36] added
2016-08-20 13:55:52:486[Info         ] Valid KVP [ObjConverter.Model.Cube.NumTexCoords] [14] added
2016-08-20 13:55:52:486[Info         ] Valid KVP [ObjConverter.Model.Cube.NumNormals] [24] added
2016-08-20 13:55:52:486[Info         ] Valid KVP [ObjConverter.Model.Barrel.NumVerts] [172] added
2016-08-20 13:55:52:486[Info         ] Valid KVP [ObjConverter.Model.Barrel.NumIndices] [1008] added
2016-08-20 13:55:52:486[Info         ] Valid KVP [ObjConverter.Model.Barrel.NumTexCoords] [328] added
2016-08-20 13:55:52:486[Info         ] Valid KVP [ObjConverter.Model.Barrel.NumNormals] [204] added
2016-08-20 13:55:52:486[Info         ] Valid KVP [ObjConverter.Model.SkyBox.NumVerts] [8] added
2016-08-20 13:55:52:486[Info         ] Valid KVP [ObjConverter.Model.SkyBox.NumIndices] [36] added
2016-08-20 13:55:52:486[Info         ] Valid KVP [ObjConverter.Model.SkyBox.NumTexCoords] [18] added
2016-08-20 13:55:52:486[Info         ] Valid KVP [ObjConverter.Model.SkyBox.NumNormals] [24] added
2016-08-20 13:55:52:582[cInfo        ] Config reader opened [..\Data\BodaciousQuest.config] for reading!
2016-08-20 13:55:52:661[Process      ] ShaderManager Initialized successfully
2016-08-20 13:55:52:661[Info         ] Shader Init started
2016-08-20 13:55:52:661[Info         ] Shader Program created.
2016-08-20 13:55:52:661[Process      ] ShaderProgram::Initialize()[1] successful!
2016-08-20 13:55:52:661[Debug        ] File [..\Data\shaders\debug.vert.shader] Opened successfully! Buffer Length:[291]
2016-08-20 13:55:52:661[Debug        ] Shader file [..\Data\shaders\debug.vert.shader] contents:
//BEGIN
#version 430 core

layout(location = 0)  in vec3 vPosition;

layout(location = 15) uniform vec3 colorin;
layout(location = 16) uniform mat4 MAT;

out vec4 color;

void main()
{
	vec4 vertPos = vec4(vPosition, 1.0);
	gl_Position = MAT *  vertPos;
	color = vec4(colorin, 1.0);
}
//END

2016-08-20 13:55:52:661[Debug        ]  ShaderProgram::AddShader() file with data was read in
2016-08-20 13:55:52:661[Debug        ] ShaderProgram::AddShader() : glShaderSource() successful
2016-08-20 13:55:52:662[Debug        ] ShaderProgram::AddShader() : glCompileShader() successful
2016-08-20 13:55:52:662[Info         ] ShaderProgram::CheckShaderCompileStatus(2) successful.
2016-08-20 13:55:52:662[Debug        ] ShaderProgram::AddShader() : glCompileShader() successful
2016-08-20 13:55:52:662[Info         ] ShaderInfo saved successfully.
2016-08-20 13:55:52:662[Debug        ] ShaderProgram::AddShader() : glAttachShader() successful
2016-08-20 13:55:52:662[Info         ] ShaderProgram::AddShader [2] successful.
2016-08-20 13:55:52:662[Debug        ] File [..\Data\shaders\debug.frag.shader] Opened successfully! Buffer Length:[104]
2016-08-20 13:55:52:662[Debug        ] Shader file [..\Data\shaders\debug.frag.shader] contents:
//BEGIN
#version 430 core


in  vec4 color;
out vec4 outColor;

void main()
{
	outColor = color;
}


//END

2016-08-20 13:55:52:662[Debug        ]  ShaderProgram::AddShader() file with data was read in
2016-08-20 13:55:52:662[Debug        ] ShaderProgram::AddShader() : glShaderSource() successful
2016-08-20 13:55:52:663[Debug        ] ShaderProgram::AddShader() : glCompileShader() successful
2016-08-20 13:55:52:663[Info         ] ShaderProgram::CheckShaderCompileStatus(3) successful.
2016-08-20 13:55:52:663[Debug        ] ShaderProgram::AddShader() : glCompileShader() successful
2016-08-20 13:55:52:663[Info         ] ShaderInfo saved successfully.
2016-08-20 13:55:52:663[Debug        ] ShaderProgram::AddShader() : glAttachShader() successful
2016-08-20 13:55:52:663[Info         ] ShaderProgram::AddShader [3] successful.
2016-08-20 13:55:52:664[Info         ] CheckProgramStatus() successful!
2016-08-20 13:55:52:664[Info         ] CheckProgramStatus() successful!
2016-08-20 13:55:52:664[Info         ] Shader Init started
2016-08-20 13:55:52:664[Info         ] Shader Program created.
2016-08-20 13:55:52:664[Process      ] ShaderProgram::Initialize()[4] successful!
2016-08-20 13:55:52:664[Debug        ] File [..\Data\shaders\play.vert.shader] Opened successfully! Buffer Length:[343]
2016-08-20 13:55:52:664[Debug        ] Shader file [..\Data\shaders\play.vert.shader] contents:
//BEGIN
#version 430 core

layout (location = 0)  in vec3 vPosition;
layout (location = 1)  in vec3 vColor;
layout (location = 15) uniform vec3 colorin;
layout (location = 16) uniform mat4 MAT;

out vec4 color;

void main()
{
	vec4 vertPos = vec4(vPosition, 1.0);
	gl_Position = MAT *  vertPos;
	color = vec4((vColor + colorin), 1.0);
}
//END

2016-08-20 13:55:52:665[Debug        ]  ShaderProgram::AddShader() file with data was read in
2016-08-20 13:55:52:665[Debug        ] ShaderProgram::AddShader() : glShaderSource() successful
2016-08-20 13:55:52:665[Debug        ] ShaderProgram::AddShader() : glCompileShader() successful
2016-08-20 13:55:52:665[Info         ] ShaderProgram::CheckShaderCompileStatus(5) successful.
2016-08-20 13:55:52:665[Debug        ] ShaderProgram::AddShader() : glCompileShader() successful
2016-08-20 13:55:52:665[Info         ] ShaderInfo saved successfully.
2016-08-20 13:55:52:665[Debug        ] ShaderProgram::AddShader() : glAttachShader() successful
2016-08-20 13:55:52:665[Info         ] ShaderProgram::AddShader [5] successful.
2016-08-20 13:55:52:665[Debug        ] File [..\Data\shaders\play.frag.shader] Opened successfully! Buffer Length:[391]
2016-08-20 13:55:52:665[Debug        ] Shader file [..\Data\shaders\play.frag.shader] contents:
//BEGIN
#version 430 core


in  vec4 color;
out vec4 outColor;

void main()
{

	//if (color.r < .7) discard;
	outColor = color;

	//if(((gl_FragCoord.x  > 600)&& (gl_FragCoord.y < 300)) || ((gl_FragCoord.y < 300)  && (gl_FragCoord.x  < 600) )) {
	//discard;
	//}

	//vec2 scrPos = vec2(gl_FragCoord) - vec2(350,150);
	//float len =  length(scrPos);
	//if(len < 50 )discard;
}


//END

2016-08-20 13:55:52:665[Debug        ]  ShaderProgram::AddShader() file with data was read in
2016-08-20 13:55:52:665[Debug        ] ShaderProgram::AddShader() : glShaderSource() successful
2016-08-20 13:55:52:665[Debug        ] ShaderProgram::AddShader() : glCompileShader() successful
2016-08-20 13:55:52:665[Info         ] ShaderProgram::CheckShaderCompileStatus(6) successful.
2016-08-20 13:55:52:665[Debug        ] ShaderProgram::AddShader() : glCompileShader() successful
2016-08-20 13:55:52:665[Info         ] ShaderInfo saved successfully.
2016-08-20 13:55:52:665[Debug        ] ShaderProgram::AddShader() : glAttachShader() successful
2016-08-20 13:55:52:665[Info         ] ShaderProgram::AddShader [6] successful.
2016-08-20 13:55:52:666[Info         ] CheckProgramStatus() successful!
2016-08-20 13:55:52:666[Info         ] CheckProgramStatus() successful!
2016-08-20 13:55:52:666[Info         ] Shader Init started
2016-08-20 13:55:52:666[Info         ] Shader Program created.
2016-08-20 13:55:52:666[Process      ] ShaderProgram::Initialize()[7] successful!
2016-08-20 13:55:52:667[Debug        ] File [..\Data\shaders\texture.vert.shader] Opened successfully! Buffer Length:[305]
2016-08-20 13:55:52:667[Debug        ] Shader file [..\Data\shaders\texture.vert.shader] contents:
//BEGIN
#version 430 core

layout (location = 0)  in vec3 vPosition;
layout (location = 1)  in vec2 vUV;

layout (location = 16) uniform mat4 MAT;

//out data
out vec2 UV;

//out vec4 color;

void main()
{
	vec4 vertPos = vec4(vPosition, 1.0);
	gl_Position = MAT *  vertPos;

	UV = vUV;
	
	
}
//END

2016-08-20 13:55:52:667[Debug        ]  ShaderProgram::AddShader() file with data was read in
2016-08-20 13:55:52:667[Debug        ] ShaderProgram::AddShader() : glShaderSource() successful
2016-08-20 13:55:52:667[Debug        ] ShaderProgram::AddShader() : glCompileShader() successful
2016-08-20 13:55:52:667[Info         ] ShaderProgram::CheckShaderCompileStatus(8) successful.
2016-08-20 13:55:52:667[Debug        ] ShaderProgram::AddShader() : glCompileShader() successful
2016-08-20 13:55:52:667[Info         ] ShaderInfo saved successfully.
2016-08-20 13:55:52:667[Debug        ] ShaderProgram::AddShader() : glAttachShader() successful
2016-08-20 13:55:52:667[Info         ] ShaderProgram::AddShader [8] successful.
2016-08-20 13:55:52:667[Debug        ] File [..\Data\shaders\texture.frag.shader] Opened successfully! Buffer Length:[482]
2016-08-20 13:55:52:667[Debug        ] Shader file [..\Data\shaders\texture.frag.shader] contents:
//BEGIN
#version 430 core


in  vec2 UV;
out vec4 outColor;

layout(location = 20) uniform sampler2D textureSampler;

void main()
{

	//if (color.r < .7) discard;
	outColor = vec4(texture(textureSampler, UV).rgb, 1.0);

	//if(((gl_FragCoord.x  > 600)&& (gl_FragCoord.y < 300)) || ((gl_FragCoord.y < 300)  && (gl_FragCoord.x  < 600) )) {
	//discard;
	//}
	//vec2 scrPos = vec2(gl_FragCoord) - vec2(350,150);
	//float len =  length(scrPos);
	//if(len < 50 )discard;
}


//END

2016-08-20 13:55:52:667[Debug        ]  ShaderProgram::AddShader() file with data was read in
2016-08-20 13:55:52:667[Debug        ] ShaderProgram::AddShader() : glShaderSource() successful
2016-08-20 13:55:52:667[Debug        ] ShaderProgram::AddShader() : glCompileShader() successful
2016-08-20 13:55:52:667[Info         ] ShaderProgram::CheckShaderCompileStatus(9) successful.
2016-08-20 13:55:52:668[Debug        ] ShaderProgram::AddShader() : glCompileShader() successful
2016-08-20 13:55:52:668[Info         ] ShaderInfo saved successfully.
2016-08-20 13:55:52:668[Debug        ] ShaderProgram::AddShader() : glAttachShader() successful
2016-08-20 13:55:52:668[Info         ] ShaderProgram::AddShader [9] successful.
2016-08-20 13:55:52:669[Info         ] CheckProgramStatus() successful!
2016-08-20 13:55:52:669[Info         ] CheckProgramStatus() successful!
2016-08-20 13:55:52:669[Info         ] Shader Init started
2016-08-20 13:55:52:669[Info         ] Shader Program created.
2016-08-20 13:55:52:669[Process      ] ShaderProgram::Initialize()[10] successful!
2016-08-20 13:55:52:669[Debug        ] File [..\Data\shaders\framebuffer.vert.shader] Opened successfully! Buffer Length:[305]
2016-08-20 13:55:52:669[Debug        ] Shader file [..\Data\shaders\framebuffer.vert.shader] contents:
//BEGIN
#version 430 core

layout (location = 0)  in vec3 vPosition;
layout (location = 1)  in vec2 vUV;

layout (location = 16) uniform mat4 MAT;

//out data
out vec2 UV;

//out vec4 color;

void main()
{
	vec4 vertPos = vec4(vPosition, 1.0);
	gl_Position = MAT *  vertPos;

	UV = vUV;
	
	
}
//END

2016-08-20 13:55:52:669[Debug        ]  ShaderProgram::AddShader() file with data was read in
2016-08-20 13:55:52:669[Debug        ] ShaderProgram::AddShader() : glShaderSource() successful
2016-08-20 13:55:52:669[Debug        ] ShaderProgram::AddShader() : glCompileShader() successful
2016-08-20 13:55:52:669[Info         ] ShaderProgram::CheckShaderCompileStatus(11) successful.
2016-08-20 13:55:52:669[Debug        ] ShaderProgram::AddShader() : glCompileShader() successful
2016-08-20 13:55:52:669[Info         ] ShaderInfo saved successfully.
2016-08-20 13:55:52:669[Debug        ] ShaderProgram::AddShader() : glAttachShader() successful
2016-08-20 13:55:52:670[Info         ] ShaderProgram::AddShader [11] successful.
2016-08-20 13:55:52:670[Debug        ] File [..\Data\shaders\framebuffer.frag.shader] Opened successfully! Buffer Length:[275]
2016-08-20 13:55:52:670[Debug        ] Shader file [..\Data\shaders\framebuffer.frag.shader] contents:
//BEGIN
#version 430 core


in  vec2 UV;
out vec4 outColor;

layout(location = 20) uniform sampler2D textureSampler;

void main()
{


	vec3 tempCol = texture(textureSampler, UV).rgb;

	outColor = vec4(tempCol.r / 1.5f, tempCol.g / 1.5f, tempCol.b / 1.5f, 1.0f);
}


//END

2016-08-20 13:55:52:670[Debug        ]  ShaderProgram::AddShader() file with data was read in
2016-08-20 13:55:52:670[Debug        ] ShaderProgram::AddShader() : glShaderSource() successful
2016-08-20 13:55:52:670[Debug        ] ShaderProgram::AddShader() : glCompileShader() successful
2016-08-20 13:55:52:670[Info         ] ShaderProgram::CheckShaderCompileStatus(12) successful.
2016-08-20 13:55:52:670[Debug        ] ShaderProgram::AddShader() : glCompileShader() successful
2016-08-20 13:55:52:670[Info         ] ShaderInfo saved successfully.
2016-08-20 13:55:52:670[Debug        ] ShaderProgram::AddShader() : glAttachShader() successful
2016-08-20 13:55:52:670[Info         ] ShaderProgram::AddShader [12] successful.
2016-08-20 13:55:52:672[Info         ] CheckProgramStatus() successful!
2016-08-20 13:55:52:672[Info         ] CheckProgramStatus() successful!
2016-08-20 13:55:52:672[Info         ] Shader Init started
2016-08-20 13:55:52:672[Info         ] Shader Program created.
2016-08-20 13:55:52:672[Process      ] ShaderProgram::Initialize()[13] successful!
2016-08-20 13:55:52:672[Debug        ] File [..\Data\shaders\lighting.vert.shader] Opened successfully! Buffer Length:[1145]
2016-08-20 13:55:52:672[cDebug       ] Shader file [..\Data\shaders\lighting.vert.shader] is too big to display contents.
2016-08-20 13:55:52:674[Debug        ]  ShaderProgram::AddShader() file with data was read in
2016-08-20 13:55:52:674[Debug        ] ShaderProgram::AddShader() : glShaderSource() successful
2016-08-20 13:55:52:674[Debug        ] ShaderProgram::AddShader() : glCompileShader() successful
2016-08-20 13:55:52:674[Info         ] ShaderProgram::CheckShaderCompileStatus(14) successful.
2016-08-20 13:55:52:674[Debug        ] ShaderProgram::AddShader() : glCompileShader() successful
2016-08-20 13:55:52:674[Info         ] ShaderInfo saved successfully.
2016-08-20 13:55:52:674[Debug        ] ShaderProgram::AddShader() : glAttachShader() successful
2016-08-20 13:55:52:674[Info         ] ShaderProgram::AddShader [14] successful.
2016-08-20 13:55:52:674[Debug        ] File [..\Data\shaders\lighting.frag.shader] Opened successfully! Buffer Length:[1744]
2016-08-20 13:55:52:674[cDebug       ] Shader file [..\Data\shaders\lighting.frag.shader] is too big to display contents.
2016-08-20 13:55:52:675[Debug        ]  ShaderProgram::AddShader() file with data was read in
2016-08-20 13:55:52:675[Debug        ] ShaderProgram::AddShader() : glShaderSource() successful
2016-08-20 13:55:52:676[Debug        ] ShaderProgram::AddShader() : glCompileShader() successful
2016-08-20 13:55:52:676[Info         ] ShaderProgram::CheckShaderCompileStatus(15) successful.
2016-08-20 13:55:52:676[Debug        ] ShaderProgram::AddShader() : glCompileShader() successful
2016-08-20 13:55:52:676[Info         ] ShaderInfo saved successfully.
2016-08-20 13:55:52:676[Debug        ] ShaderProgram::AddShader() : glAttachShader() successful
2016-08-20 13:55:52:676[Info         ] ShaderProgram::AddShader [15] successful.
2016-08-20 13:55:52:681[Info         ] CheckProgramStatus() successful!
2016-08-20 13:55:52:681[Info         ] CheckProgramStatus() successful!
2016-08-20 13:55:52:681[Info         ] Shader Init started
2016-08-20 13:55:52:681[Info         ] Shader Program created.
2016-08-20 13:55:52:681[Process      ] ShaderProgram::Initialize()[16] successful!
2016-08-20 13:55:52:682[Debug        ] File [..\Data\shaders\texlighting.vert.shader] Opened successfully! Buffer Length:[1110]
2016-08-20 13:55:52:682[cDebug       ] Shader file [..\Data\shaders\texlighting.vert.shader] is too big to display contents.
2016-08-20 13:55:52:683[Debug        ]  ShaderProgram::AddShader() file with data was read in
2016-08-20 13:55:52:683[Debug        ] ShaderProgram::AddShader() : glShaderSource() successful
2016-08-20 13:55:52:683[Debug        ] ShaderProgram::AddShader() : glCompileShader() successful
2016-08-20 13:55:52:684[Info         ] ShaderProgram::CheckShaderCompileStatus(17) successful.
2016-08-20 13:55:52:684[Debug        ] ShaderProgram::AddShader() : glCompileShader() successful
2016-08-20 13:55:52:684[Info         ] ShaderInfo saved successfully.
2016-08-20 13:55:52:684[Debug        ] ShaderProgram::AddShader() : glAttachShader() successful
2016-08-20 13:55:52:684[Info         ] ShaderProgram::AddShader [17] successful.
2016-08-20 13:55:52:684[Debug        ] File [..\Data\shaders\texlighting.frag.shader] Opened successfully! Buffer Length:[1717]
2016-08-20 13:55:52:684[cDebug       ] Shader file [..\Data\shaders\texlighting.frag.shader] is too big to display contents.
2016-08-20 13:55:52:685[Debug        ]  ShaderProgram::AddShader() file with data was read in
2016-08-20 13:55:52:685[Debug        ] ShaderProgram::AddShader() : glShaderSource() successful
2016-08-20 13:55:52:686[Debug        ] ShaderProgram::AddShader() : glCompileShader() successful
2016-08-20 13:55:52:686[Info         ] ShaderProgram::CheckShaderCompileStatus(18) successful.
2016-08-20 13:55:52:686[Debug        ] ShaderProgram::AddShader() : glCompileShader() successful
2016-08-20 13:55:52:686[Info         ] ShaderInfo saved successfully.
2016-08-20 13:55:52:686[Debug        ] ShaderProgram::AddShader() : glAttachShader() successful
2016-08-20 13:55:52:686[Info         ] ShaderProgram::AddShader [18] successful.
2016-08-20 13:55:52:692[Info         ] CheckProgramStatus() successful!
2016-08-20 13:55:52:692[Info         ] CheckProgramStatus() successful!
2016-08-20 13:55:52:692[Info         ] Shader Init started
2016-08-20 13:55:52:693[Info         ] Shader Program created.
2016-08-20 13:55:52:693[Process      ] ShaderProgram::Initialize()[19] successful!
2016-08-20 13:55:52:693[Debug        ] File [..\Data\shaders\water.vert.shader] Opened successfully! Buffer Length:[1400]
2016-08-20 13:55:52:693[cDebug       ] Shader file [..\Data\shaders\water.vert.shader] is too big to display contents.
2016-08-20 13:55:52:695[Debug        ]  ShaderProgram::AddShader() file with data was read in
2016-08-20 13:55:52:695[Debug        ] ShaderProgram::AddShader() : glShaderSource() successful
2016-08-20 13:55:52:695[Debug        ] ShaderProgram::AddShader() : glCompileShader() successful
2016-08-20 13:55:52:695[Info         ] ShaderProgram::CheckShaderCompileStatus(20) successful.
2016-08-20 13:55:52:695[Debug        ] ShaderProgram::AddShader() : glCompileShader() successful
2016-08-20 13:55:52:695[Info         ] ShaderInfo saved successfully.
2016-08-20 13:55:52:695[Debug        ] ShaderProgram::AddShader() : glAttachShader() successful
2016-08-20 13:55:52:695[Info         ] ShaderProgram::AddShader [20] successful.
2016-08-20 13:55:52:696[Debug        ] File [..\Data\shaders\water.frag.shader] Opened successfully! Buffer Length:[2436]
2016-08-20 13:55:52:696[cDebug       ] Shader file [..\Data\shaders\water.frag.shader] is too big to display contents.
2016-08-20 13:55:52:697[Debug        ]  ShaderProgram::AddShader() file with data was read in
2016-08-20 13:55:52:697[Debug        ] ShaderProgram::AddShader() : glShaderSource() successful
2016-08-20 13:55:52:698[Debug        ] ShaderProgram::AddShader() : glCompileShader() successful
2016-08-20 13:55:52:698[Info         ] ShaderProgram::CheckShaderCompileStatus(21) successful.
2016-08-20 13:55:52:698[Debug        ] ShaderProgram::AddShader() : glCompileShader() successful
2016-08-20 13:55:52:698[Info         ] ShaderInfo saved successfully.
2016-08-20 13:55:52:698[Debug        ] ShaderProgram::AddShader() : glAttachShader() successful
2016-08-20 13:55:52:698[Info         ] ShaderProgram::AddShader [21] successful.
2016-08-20 13:55:52:702[Info         ] CheckProgramStatus() successful!
2016-08-20 13:55:52:702[Info         ] CheckProgramStatus() successful!
2016-08-20 13:55:52:703[Info         ] GetAttribLocation [vPosition] successful.
2016-08-20 13:55:52:703[Info         ] GetUniformLocation [colorin] successful.
2016-08-20 13:55:52:703[Info         ] GetUniformLocation [MAT] successful.
2016-08-20 13:55:52:703[cProcess     ] RenderEngine::Initialize() successful.
2016-08-20 13:55:52:704[cInfo        ] 
-----------------------------------------------------------------------
 BufferInfo::CreateBuffers()[0] Created buffers:| VERTEX [1] with [80] bytes. || INDEX [2] with [24] bytes |
-----------------------------------------------------------------------

2016-08-20 13:55:52:710[cInfo        ] --------BufferInfo::AddMesh() Added mesh successfully-------
2016-08-20 13:55:52:711[cInfo        ] 
2016-08-20 13:55:52:712[cInfo        ] --------------------| START BUFFER MESH INFO |-------------------------------------
2016-08-20 13:55:52:713[cInfo        ] BufferInfo::AddMesh(): NUM VERTS-----------------[4]
2016-08-20 13:55:52:715[cInfo        ] BufferInfo::AddMesh(): NUM INDICES---------------[6]
2016-08-20 13:55:52:716[cInfo        ] BufferInfo::AddMesh(): VERT OFFSET---------------[0]
2016-08-20 13:55:52:717[cInfo        ] BufferInfo::AddMesh(): INDICES OFFSET (BYTES)----[0]
2016-08-20 13:55:52:720[cInfo        ] --------------------|  END BUFFER MESH INFO  |--------------------------------------
2016-08-20 13:55:52:723[cInfo        ] 

2016-08-20 13:55:52:724[cInfo        ] 
-----------------------------------------------------------------------
 BufferInfo::CreateBuffers()[0] Created buffers:| VERTEX [3] with [96] bytes. || INDEX [4] with [48] bytes |
-----------------------------------------------------------------------

2016-08-20 13:55:52:730[cInfo        ] --------BufferInfo::AddMesh() Added mesh successfully-------
2016-08-20 13:55:52:731[cInfo        ] 
2016-08-20 13:55:52:732[cInfo        ] --------------------| START BUFFER MESH INFO |-------------------------------------
2016-08-20 13:55:52:733[cInfo        ] BufferInfo::AddMesh(): NUM VERTS-----------------[8]
2016-08-20 13:55:52:735[cInfo        ] BufferInfo::AddMesh(): NUM INDICES---------------[24]
2016-08-20 13:55:52:736[cInfo        ] BufferInfo::AddMesh(): VERT OFFSET---------------[0]
2016-08-20 13:55:52:739[cInfo        ] BufferInfo::AddMesh(): INDICES OFFSET (BYTES)----[0]
2016-08-20 13:55:52:740[cInfo        ] --------------------|  END BUFFER MESH INFO  |--------------------------------------
2016-08-20 13:55:52:741[cInfo        ] 

2016-08-20 13:55:52:743[cInfo        ] 
-----------------------------------------------------------------------
 BufferInfo::CreateBuffers()[0] Created buffers:| VERTEX [5] with [864] bytes. || INDEX [6] with [0] bytes |
-----------------------------------------------------------------------

2016-08-20 13:55:52:749[cInfo        ] --------BufferInfo::AddMesh() Added mesh successfully-------
2016-08-20 13:55:52:750[cInfo        ] 
2016-08-20 13:55:52:751[cInfo        ] --------------------| START BUFFER MESH INFO |-------------------------------------
2016-08-20 13:55:52:752[cInfo        ] BufferInfo::AddMesh(): NUM VERTS-----------------[36]
2016-08-20 13:55:52:754[cInfo        ] BufferInfo::AddMesh(): NUM INDICES---------------[0]
2016-08-20 13:55:52:755[cInfo        ] BufferInfo::AddMesh(): VERT OFFSET---------------[0]
2016-08-20 13:55:52:758[cInfo        ] BufferInfo::AddMesh(): INDICES OFFSET (BYTES)----[0]
2016-08-20 13:55:52:759[cInfo        ] --------------------|  END BUFFER MESH INFO  |--------------------------------------
2016-08-20 13:55:52:760[cInfo        ] 

2016-08-20 13:55:52:761[cInfo        ] 
-----------------------------------------------------------------------
 BufferInfo::CreateBuffers()[0] Created buffers:| VERTEX [7] with [144] bytes. || INDEX [8] with [0] bytes |
-----------------------------------------------------------------------

2016-08-20 13:55:52:765[cInfo        ] --------BufferInfo::AddMesh() Added mesh successfully-------
2016-08-20 13:55:52:768[cInfo        ] 
2016-08-20 13:55:52:769[cInfo        ] --------------------| START BUFFER MESH INFO |-------------------------------------
2016-08-20 13:55:52:770[cInfo        ] BufferInfo::AddMesh(): NUM VERTS-----------------[6]
2016-08-20 13:55:52:771[cInfo        ] BufferInfo::AddMesh(): NUM INDICES---------------[0]
2016-08-20 13:55:52:772[cInfo        ] BufferInfo::AddMesh(): VERT OFFSET---------------[0]
2016-08-20 13:55:52:773[cInfo        ] BufferInfo::AddMesh(): INDICES OFFSET (BYTES)----[0]
2016-08-20 13:55:52:774[cInfo        ] --------------------|  END BUFFER MESH INFO  |--------------------------------------
2016-08-20 13:55:52:775[cInfo        ] 

2016-08-20 13:55:52:777[cProcess     ] BufferManager::Initialize() successful.
2016-08-20 13:55:52:778[cInfo        ] 
-----------------------------------------------------------------------
 BufferInfo::CreateBuffers()[0] Created buffers:| VERTEX [9] with [1000000] bytes. || INDEX [10] with [1000000] bytes |
-----------------------------------------------------------------------

2016-08-20 13:55:52:783[cInfo        ] --------BufferInfo::AddMesh() Added mesh successfully-------
2016-08-20 13:55:52:784[cInfo        ] 
2016-08-20 13:55:52:787[cInfo        ] --------------------| START BUFFER MESH INFO |-------------------------------------
2016-08-20 13:55:52:789[cInfo        ] BufferInfo::AddMesh(): NUM VERTS-----------------[24]
2016-08-20 13:55:52:789[cInfo        ] BufferInfo::AddMesh(): NUM INDICES---------------[36]
2016-08-20 13:55:52:790[cInfo        ] BufferInfo::AddMesh(): VERT OFFSET---------------[0]
2016-08-20 13:55:52:791[cInfo        ] BufferInfo::AddMesh(): INDICES OFFSET (BYTES)----[0]
2016-08-20 13:55:52:792[cInfo        ] --------------------|  END BUFFER MESH INFO  |--------------------------------------
2016-08-20 13:55:52:793[cInfo        ] 

2016-08-20 13:55:52:797[cProcess     ] BufferManager::Initialize() successful.
2016-08-20 13:55:52:797[cInfo        ] 
-----------------------------------------------------------------------
 BufferInfo::CreateBuffers()[1] Created buffers:| VERTEX [11] with [1000000] bytes. || INDEX [12] with [1000000] bytes |
-----------------------------------------------------------------------

2016-08-20 13:55:52:802[cInfo        ] --------BufferInfo::AddMesh() Added mesh successfully-------
2016-08-20 13:55:52:802[cInfo        ] 
2016-08-20 13:55:52:803[cInfo        ] --------------------| START BUFFER MESH INFO |-------------------------------------
2016-08-20 13:55:52:806[cInfo        ] BufferInfo::AddMesh(): NUM VERTS-----------------[1536]
2016-08-20 13:55:52:807[cInfo        ] BufferInfo::AddMesh(): NUM INDICES---------------[3072]
2016-08-20 13:55:52:809[cInfo        ] BufferInfo::AddMesh(): VERT OFFSET---------------[0]
2016-08-20 13:55:52:810[cInfo        ] BufferInfo::AddMesh(): INDICES OFFSET (BYTES)----[0]
2016-08-20 13:55:52:811[cInfo        ] --------------------|  END BUFFER MESH INFO  |--------------------------------------
2016-08-20 13:55:52:812[cInfo        ] 

2016-08-20 13:55:52:813[cInfo        ] 
-----------------------------------------------------------------------
 BufferInfo::CreateBuffers()[0] Created buffers:| VERTEX [13] with [3936] bytes. || INDEX [14] with [0] bytes |
-----------------------------------------------------------------------

2016-08-20 13:55:52:821[cInfo        ] --------BufferInfo::AddMesh() Added mesh successfully-------
2016-08-20 13:55:52:822[cInfo        ] 
2016-08-20 13:55:52:823[cInfo        ] --------------------| START BUFFER MESH INFO |-------------------------------------
2016-08-20 13:55:52:825[cInfo        ] BufferInfo::AddMesh(): NUM VERTS-----------------[164]
2016-08-20 13:55:52:826[cInfo        ] BufferInfo::AddMesh(): NUM INDICES---------------[0]
2016-08-20 13:55:52:827[cInfo        ] BufferInfo::AddMesh(): VERT OFFSET---------------[0]
2016-08-20 13:55:52:828[cInfo        ] BufferInfo::AddMesh(): INDICES OFFSET (BYTES)----[0]
2016-08-20 13:55:52:829[cInfo        ] --------------------|  END BUFFER MESH INFO  |--------------------------------------
2016-08-20 13:55:52:830[cInfo        ] 

2016-08-20 13:55:52:831[cProcess     ] ShapeGenerator initialized successfully.
2016-08-20 13:55:52:831[cProcess     ] Camera::Initialize() successful.
2016-08-20 13:55:52:832[cProcess     ] Keyboard::Initialize() successful
2016-08-20 13:55:52:833[cProcess     ] Keyboard::Initialize() successful
2016-08-20 13:55:52:852[cInfo        ] 
-----------------------------------------------------------------------
 BufferInfo::CreateBuffers()[0] Created buffers:| VERTEX [15] with [10810368] bytes. || INDEX [16] with [0] bytes |
-----------------------------------------------------------------------

2016-08-20 13:55:52:866[cInfo        ] --------BufferInfo::AddMesh() Added mesh successfully-------
2016-08-20 13:55:52:866[cInfo        ] 
2016-08-20 13:55:52:867[cInfo        ] --------------------| START BUFFER MESH INFO |-------------------------------------
2016-08-20 13:55:52:868[cInfo        ] BufferInfo::AddMesh(): NUM VERTS-----------------[337824]
2016-08-20 13:55:52:869[cInfo        ] BufferInfo::AddMesh(): NUM INDICES---------------[0]
2016-08-20 13:55:52:871[cInfo        ] BufferInfo::AddMesh(): VERT OFFSET---------------[0]
2016-08-20 13:55:52:873[cInfo        ] BufferInfo::AddMesh(): INDICES OFFSET (BYTES)----[0]
2016-08-20 13:55:52:874[cInfo        ] --------------------|  END BUFFER MESH INFO  |--------------------------------------
2016-08-20 13:55:52:875[cInfo        ] 

2016-08-20 13:55:52:898[Info         ] ShapeGenerator::ReadSceneFile(): Added new scene [..\Data\Scenes\Dargon.ptn.scene] successfully.
2016-08-20 13:55:52:898[cInfo        ] EntityManager::BuildPlayerEntity(): Built [Dargon] successfully
2016-08-20 13:55:52:899[cProcess     ] BufferManager::Initialize() successful.
2016-08-20 13:55:52:905[cInfo        ] 
-----------------------------------------------------------------------
 BufferInfo::CreateBuffers()[2] Created buffers:| VERTEX [17] with [1000000] bytes. || INDEX [18] with [1000000] bytes |
-----------------------------------------------------------------------

2016-08-20 13:55:52:910[cInfo        ] --------BufferInfo::AddMesh() Added mesh successfully-------
2016-08-20 13:55:52:911[cInfo        ] 
2016-08-20 13:55:52:911[cInfo        ] --------------------| START BUFFER MESH INFO |-------------------------------------
2016-08-20 13:55:52:912[cInfo        ] BufferInfo::AddMesh(): NUM VERTS-----------------[36]
2016-08-20 13:55:52:913[cInfo        ] BufferInfo::AddMesh(): NUM INDICES---------------[0]
2016-08-20 13:55:52:914[cInfo        ] BufferInfo::AddMesh(): VERT OFFSET---------------[0]
2016-08-20 13:55:52:915[cInfo        ] BufferInfo::AddMesh(): INDICES OFFSET (BYTES)----[0]
2016-08-20 13:55:52:916[cInfo        ] --------------------|  END BUFFER MESH INFO  |--------------------------------------
2016-08-20 13:55:52:918[cInfo        ] 

2016-08-20 13:55:52:921[Info         ] ShapeGenerator::ReadSceneFile(): Added new scene [..\Data\Scenes\Cube.pn.scene] successfully.
2016-08-20 13:55:52:921[cInfo        ] --------BufferInfo::AddMesh() Added mesh successfully-------
2016-08-20 13:55:52:922[cInfo        ] 
2016-08-20 13:55:52:922[cInfo        ] --------------------| START BUFFER MESH INFO |-------------------------------------
2016-08-20 13:55:52:923[cInfo        ] BufferInfo::AddMesh(): NUM VERTS-----------------[18]
2016-08-20 13:55:52:924[cInfo        ] BufferInfo::AddMesh(): NUM INDICES---------------[0]
2016-08-20 13:55:52:925[cInfo        ] BufferInfo::AddMesh(): VERT OFFSET---------------[36]
2016-08-20 13:55:52:927[cInfo        ] BufferInfo::AddMesh(): INDICES OFFSET (BYTES)----[0]
2016-08-20 13:55:52:928[cInfo        ] --------------------|  END BUFFER MESH INFO  |--------------------------------------
2016-08-20 13:55:52:929[cInfo        ] 

2016-08-20 13:55:52:930[Info         ] ShapeGenerator::ReadSceneFile(): Added new scene [..\Data\Scenes\Pyramid.pn.scene] successfully.
2016-08-20 13:55:52:940[cInfo        ] 
-----------------------------------------------------------------------
 BufferInfo::CreateBuffers()[0] Created buffers:| VERTEX [19] with [5529600] bytes. || INDEX [20] with [0] bytes |
-----------------------------------------------------------------------

2016-08-20 13:55:52:949[cInfo        ] --------BufferInfo::AddMesh() Added mesh successfully-------
2016-08-20 13:55:52:950[cInfo        ] 
2016-08-20 13:55:52:951[cInfo        ] --------------------| START BUFFER MESH INFO |-------------------------------------
2016-08-20 13:55:52:952[cInfo        ] BufferInfo::AddMesh(): NUM VERTS-----------------[172800]
2016-08-20 13:55:52:954[cInfo        ] BufferInfo::AddMesh(): NUM INDICES---------------[0]
2016-08-20 13:55:52:955[cInfo        ] BufferInfo::AddMesh(): VERT OFFSET---------------[0]
2016-08-20 13:55:52:956[cInfo        ] BufferInfo::AddMesh(): INDICES OFFSET (BYTES)----[0]
2016-08-20 13:55:52:956[cInfo        ] --------------------|  END BUFFER MESH INFO  |--------------------------------------
2016-08-20 13:55:52:959[cInfo        ] 

2016-08-20 13:55:52:960[Info         ] ShapeGenerator::ReadSceneFile(): Added new scene [..\Data\Scenes\WaterPlane.ptn.scene] successfully.
2016-08-20 13:55:52:961[cProcess     ] Camera::Initialize() successful.
2016-08-20 13:55:52:973[cProcess     ] BufferManager::Initialize() successful.
2016-08-20 13:55:52:973[cInfo        ] 
-----------------------------------------------------------------------
 BufferInfo::CreateBuffers()[3] Created buffers:| VERTEX [21] with [8107776] bytes. || INDEX [22] with [0] bytes |
-----------------------------------------------------------------------

2016-08-20 13:55:52:987[cInfo        ] --------BufferInfo::AddMesh() Added mesh successfully-------
2016-08-20 13:55:52:988[cInfo        ] 
2016-08-20 13:55:52:989[cInfo        ] --------------------| START BUFFER MESH INFO |-------------------------------------
2016-08-20 13:55:52:990[cInfo        ] BufferInfo::AddMesh(): NUM VERTS-----------------[337824]
2016-08-20 13:55:52:991[cInfo        ] BufferInfo::AddMesh(): NUM INDICES---------------[0]
2016-08-20 13:55:52:992[cInfo        ] BufferInfo::AddMesh(): VERT OFFSET---------------[0]
2016-08-20 13:55:52:993[cInfo        ] BufferInfo::AddMesh(): INDICES OFFSET (BYTES)----[0]
2016-08-20 13:55:52:993[cInfo        ] --------------------|  END BUFFER MESH INFO  |--------------------------------------
2016-08-20 13:55:52:994[cInfo        ] 

2016-08-20 13:55:52:997[Info         ] ShapeGenerator::ReadSceneFile(): Added new scene [..\Data\Scenes\Dargon.pn.scene] successfully.
2016-08-20 13:55:52:998[cProcess     ] BufferManager::Initialize() successful.
2016-08-20 13:55:52:998[cInfo        ] 
-----------------------------------------------------------------------
 BufferInfo::CreateBuffers()[4] Created buffers:| VERTEX [23] with [1000000] bytes. || INDEX [24] with [1000000] bytes |
-----------------------------------------------------------------------

2016-08-20 13:55:53:003[cInfo        ] --------BufferInfo::AddMesh() Added mesh successfully-------
2016-08-20 13:55:53:004[cInfo        ] 
2016-08-20 13:55:53:004[cInfo        ] --------------------| START BUFFER MESH INFO |-------------------------------------
2016-08-20 13:55:53:007[cInfo        ] BufferInfo::AddMesh(): NUM VERTS-----------------[6]
2016-08-20 13:55:53:008[cInfo        ] BufferInfo::AddMesh(): NUM INDICES---------------[0]
2016-08-20 13:55:53:009[cInfo        ] BufferInfo::AddMesh(): VERT OFFSET---------------[0]
2016-08-20 13:55:53:010[cInfo        ] BufferInfo::AddMesh(): INDICES OFFSET (BYTES)----[0]
2016-08-20 13:55:53:011[cInfo        ] --------------------|  END BUFFER MESH INFO  |--------------------------------------
2016-08-20 13:55:53:012[cInfo        ] 

2016-08-20 13:55:53:013[cProcess     ] BodaciousQuest::Initialize() successful.
2016-08-20 13:55:53:013[Process      ] GameTime::Initialize() ok

2016-08-20 13:55:53:013[cProcess     ] MyWindow::Initialize() successful!
