2016-08-22 15:09:12:614[Process      ] GameLogger::Initialize() opened log file [..\Data\LogFiles\2016-08-22 15-09-12.BodaciousQuest.log] for writing
2016-08-22 15:09:12:614[Info         ] GameLogger::Initialize() successful
2016-08-22 15:09:12:614[Process      ] ConfigReader opened [..\Data\BodaciousQuest.config] successfully
2016-08-22 15:09:12:614[Info         ] ConfigReader initialized successfully
2016-08-22 15:09:12:614[Info         ] Valid KVP [BodaciousQuest.ShowFullScreen] [false] added
2016-08-22 15:09:12:614[Info         ] Valid KVP [BodaciousQuest.FpsInterval] [5.0] added
2016-08-22 15:09:12:614[Info         ] Valid KVP [BodaciousQuest.EnableControls] [true] added
2016-08-22 15:09:12:614[Info         ] Valid KVP [BodaciousQuest.LoadCubeFirst] [true] added
2016-08-22 15:09:12:614[Info         ] Valid KVP [BodaciousQuest.CameraWalkMode] [false] added
2016-08-22 15:09:12:614[Info         ] Valid KVP [BodaciousQuest.GridSize] [40] added
2016-08-22 15:09:12:614[Info         ] Valid KVP [BodaciousQuest.LightingTest.Ambient.Color] [1.0  1.0  1.0] added
2016-08-22 15:09:12:614[Info         ] Valid KVP [BodaciousQuest.LightingTest.Diffuse.Color] [1.0  1.0  1.0] added
2016-08-22 15:09:12:614[Info         ] Valid KVP [BodaciousQuest.LightingTest.Specular.Color] [1.0  1.0  1.0] added
2016-08-22 15:09:12:614[Info         ] Valid KVP [BodaciousQuest.LightingTest.Ambient.Reflectivity] [0.01] added
2016-08-22 15:09:12:614[Info         ] Valid KVP [BodaciousQuest.LightingTest.Diffuse.Reflectivity] [0.7] added
2016-08-22 15:09:12:614[Info         ] Valid KVP [BodaciousQuest.LightingTest.Specular.Reflectivity] [0.5] added
2016-08-22 15:09:12:614[Info         ] Valid KVP [BodaciousQuest.LightingTest.Specular.Shininess] [1.50] added
2016-08-22 15:09:12:614[Info         ] Valid KVP [BodaciousQuest.LightingTest.Falloff.A] [1.0] added
2016-08-22 15:09:12:615[Info         ] Valid KVP [BodaciousQuest.LightingTest.Falloff.B] [0.001] added
2016-08-22 15:09:12:615[Info         ] Valid KVP [BodaciousQuest.LightingTest.Falloff.C] [0.0001] added
2016-08-22 15:09:12:615[Info         ] Valid KVP [BodaciousQuest.LightingTest.Directional] [false] added
2016-08-22 15:09:12:615[Info         ] Valid KVP [BodaciousQuest.LightingTest.Direction] [-1.0 0.0 1.0] added
2016-08-22 15:09:12:615[Info         ] Valid KVP [BodaciousQuest.LightingTest.Light.Position] [-0.875458 3.673020 1.043331] added
2016-08-22 15:09:12:615[Info         ] Valid KVP [BodaciousQuest.LightingTest.Dargon.Color] [1.0 1.0 0.4] added
2016-08-22 15:09:12:615[Info         ] Valid KVP [ObjConverter.Mode.VertexType] [pn] added
2016-08-22 15:09:12:615[Info         ] Valid KVP [ObjConverter.Mode.Analyze] [false] added
2016-08-22 15:09:12:615[Info         ] Valid KVP [ObjConverter.Model] [Cat] added
2016-08-22 15:09:12:615[Info         ] Valid KVP [ObjConverter.Shader] [4] added
2016-08-22 15:09:12:615[Info         ] Valid KVP [ObjConverter.Color] [random] added
2016-08-22 15:09:12:615[Info         ] Valid KVP [ObjConverter.Obj.InputFileFolder] [..\\Data\\Objs\\] added
2016-08-22 15:09:12:615[Info         ] Valid KVP [ObjConverter.Scene.OutputFileFolder] [..\\Data\\Scenes\\] added
2016-08-22 15:09:12:615[Info         ] Valid KVP [ObjConverter.Model.Dargon.NumVerts] [57967] added
2016-08-22 15:09:12:615[Info         ] Valid KVP [ObjConverter.Model.Dargon.NumIndices] [337824] added
2016-08-22 15:09:12:615[Info         ] Valid KVP [ObjConverter.Model.Dargon.NumTexCoords] [60175] added
2016-08-22 15:09:12:615[Info         ] Valid KVP [ObjConverter.Model.Dargon.NumNormals] [337824] added
2016-08-22 15:09:12:615[Info         ] Valid KVP [ObjConverter.Model.Swamp.NumVerts] [2735] added
2016-08-22 15:09:12:615[Info         ] Valid KVP [ObjConverter.Model.Swamp.NumIndices] [8556] added
2016-08-22 15:09:12:615[Info         ] Valid KVP [ObjConverter.Model.Swamp.NumTexCoords] [3622] added
2016-08-22 15:09:12:615[Info         ] Valid KVP [ObjConverter.Model.Swamp.NumNormals] [5156] added
2016-08-22 15:09:12:615[Info         ] Valid KVP [ObjConverter.Model.Pyramid.NumVerts] [5] added
2016-08-22 15:09:12:615[Info         ] Valid KVP [ObjConverter.Model.Pyramid.NumIndices] [18] added
2016-08-22 15:09:12:615[Info         ] Valid KVP [ObjConverter.Model.Pyramid.NumTexCoords] [10] added
2016-08-22 15:09:12:615[Info         ] Valid KVP [ObjConverter.Model.Pyramid.NumNormals] [16] added
2016-08-22 15:09:12:615[Info         ] Valid KVP [ObjConverter.Model.AIWorld.NumVerts] [1957] added
2016-08-22 15:09:12:615[Info         ] Valid KVP [ObjConverter.Model.AIWorld.NumIndices] [8718] added
2016-08-22 15:09:12:615[Info         ] Valid KVP [ObjConverter.Model.AIWorld.NumTexCoords] [4186] added
2016-08-22 15:09:12:615[Info         ] Valid KVP [ObjConverter.Model.AIWorld.NumNormals] [5418] added
2016-08-22 15:09:12:615[Info         ] Valid KVP [ObjConverter.Model.GameWeapon.NumVerts] [2068] added
2016-08-22 15:09:12:615[Info         ] Valid KVP [ObjConverter.Model.GameWeapon.NumIndices] [9894] added
2016-08-22 15:09:12:615[Info         ] Valid KVP [ObjConverter.Model.GameWeapon.NumTexCoords] [0] added
2016-08-22 15:09:12:615[Info         ] Valid KVP [ObjConverter.Model.GameWeapon.NumNormals] [0] added
2016-08-22 15:09:12:615[Info         ] Valid KVP [ObjConverter.Model.Chicken.NumVerts] [224] added
2016-08-22 15:09:12:615[Info         ] Valid KVP [ObjConverter.Model.Chicken.NumIndices] [1374] added
2016-08-22 15:09:12:615[Info         ] Valid KVP [ObjConverter.Model.Chicken.NumTexCoords] [472] added
2016-08-22 15:09:12:615[Info         ] Valid KVP [ObjConverter.Model.Chicken.NumNormals] [565] added
2016-08-22 15:09:12:615[Info         ] Valid KVP [ObjConverter.Model.WaterPlane.NumVerts] [29282] added
2016-08-22 15:09:12:615[Info         ] Valid KVP [ObjConverter.Model.WaterPlane.NumIndices] [172800] added
2016-08-22 15:09:12:615[Info         ] Valid KVP [ObjConverter.Model.WaterPlane.NumTexCoords] [29282] added
2016-08-22 15:09:12:615[Info         ] Valid KVP [ObjConverter.Model.WaterPlane.NumNormals] [172800] added
2016-08-22 15:09:12:615[Info         ] Valid KVP [ObjConverter.Model.Cube.NumVerts] [8] added
2016-08-22 15:09:12:615[Info         ] Valid KVP [ObjConverter.Model.Cube.NumIndices] [36] added
2016-08-22 15:09:12:615[Info         ] Valid KVP [ObjConverter.Model.Cube.NumTexCoords] [14] added
2016-08-22 15:09:12:615[Info         ] Valid KVP [ObjConverter.Model.Cube.NumNormals] [24] added
2016-08-22 15:09:12:615[Info         ] Valid KVP [ObjConverter.Model.Barrel.NumVerts] [172] added
2016-08-22 15:09:12:615[Info         ] Valid KVP [ObjConverter.Model.Barrel.NumIndices] [1008] added
2016-08-22 15:09:12:615[Info         ] Valid KVP [ObjConverter.Model.Barrel.NumTexCoords] [328] added
2016-08-22 15:09:12:615[Info         ] Valid KVP [ObjConverter.Model.Barrel.NumNormals] [204] added
2016-08-22 15:09:12:615[Info         ] Valid KVP [ObjConverter.Model.SkyBox.NumVerts] [8] added
2016-08-22 15:09:12:615[Info         ] Valid KVP [ObjConverter.Model.SkyBox.NumIndices] [36] added
2016-08-22 15:09:12:616[Info         ] Valid KVP [ObjConverter.Model.SkyBox.NumTexCoords] [18] added
2016-08-22 15:09:12:616[Info         ] Valid KVP [ObjConverter.Model.SkyBox.NumNormals] [24] added
2016-08-22 15:09:12:616[Info         ] Valid KVP [ObjConverter.Model.Cat.NumVerts] [548] added
2016-08-22 15:09:12:616[Info         ] Valid KVP [ObjConverter.Model.Cat.NumIndices] [3180] added
2016-08-22 15:09:12:616[Info         ] Valid KVP [ObjConverter.Model.Cat.NumTexCoords] [771] added
2016-08-22 15:09:12:616[Info         ] Valid KVP [ObjConverter.Model.Cat.NumNormals] [714] added
2016-08-22 15:09:12:681[cInfo        ] Config reader opened [..\Data\BodaciousQuest.config] for reading!
2016-08-22 15:09:12:737[Process      ] ShaderManager Initialized successfully
2016-08-22 15:09:12:737[Info         ] Shader Init started
2016-08-22 15:09:12:737[Info         ] Shader Program created.
2016-08-22 15:09:12:737[Process      ] ShaderProgram::Initialize()[1] successful!
2016-08-22 15:09:12:737[Debug        ] File [..\Data\shaders\debug.vert.shader] Opened successfully! Buffer Length:[291]
2016-08-22 15:09:12:737[Debug        ] Shader file [..\Data\shaders\debug.vert.shader] contents:
//BEGIN
#version 430 core

layout(location = 0)  in vec3 vPosition;

layout(location = 15) uniform vec3 colorin;
layout(location = 16) uniform mat4 MAT;

out vec4 color;

void main()
{
	vec4 vertPos = vec4(vPosition, 1.0);
	gl_Position = MAT *  vertPos;
	color = vec4(colorin, 1.0);
}
//END

2016-08-22 15:09:12:737[Debug        ]  ShaderProgram::AddShader() file with data was read in
2016-08-22 15:09:12:737[Debug        ] ShaderProgram::AddShader() : glShaderSource() successful
2016-08-22 15:09:12:738[Debug        ] ShaderProgram::AddShader() : glCompileShader() successful
2016-08-22 15:09:12:738[Info         ] ShaderProgram::CheckShaderCompileStatus(2) successful.
2016-08-22 15:09:12:738[Debug        ] ShaderProgram::AddShader() : glCompileShader() successful
2016-08-22 15:09:12:738[Info         ] ShaderInfo saved successfully.
2016-08-22 15:09:12:738[Debug        ] ShaderProgram::AddShader() : glAttachShader() successful
2016-08-22 15:09:12:738[Info         ] ShaderProgram::AddShader [2] successful.
2016-08-22 15:09:12:739[Debug        ] File [..\Data\shaders\debug.frag.shader] Opened successfully! Buffer Length:[104]
2016-08-22 15:09:12:739[Debug        ] Shader file [..\Data\shaders\debug.frag.shader] contents:
//BEGIN
#version 430 core


in  vec4 color;
out vec4 outColor;

void main()
{
	outColor = color;
}


//END

2016-08-22 15:09:12:739[Debug        ]  ShaderProgram::AddShader() file with data was read in
2016-08-22 15:09:12:739[Debug        ] ShaderProgram::AddShader() : glShaderSource() successful
2016-08-22 15:09:12:739[Debug        ] ShaderProgram::AddShader() : glCompileShader() successful
2016-08-22 15:09:12:739[Info         ] ShaderProgram::CheckShaderCompileStatus(3) successful.
2016-08-22 15:09:12:739[Debug        ] ShaderProgram::AddShader() : glCompileShader() successful
2016-08-22 15:09:12:739[Info         ] ShaderInfo saved successfully.
2016-08-22 15:09:12:739[Debug        ] ShaderProgram::AddShader() : glAttachShader() successful
2016-08-22 15:09:12:739[Info         ] ShaderProgram::AddShader [3] successful.
2016-08-22 15:09:12:740[Info         ] CheckProgramStatus() successful!
2016-08-22 15:09:12:741[Info         ] CheckProgramStatus() successful!
2016-08-22 15:09:12:741[Info         ] Shader Init started
2016-08-22 15:09:12:741[Info         ] Shader Program created.
2016-08-22 15:09:12:741[Process      ] ShaderProgram::Initialize()[4] successful!
2016-08-22 15:09:12:741[Debug        ] File [..\Data\shaders\play.vert.shader] Opened successfully! Buffer Length:[343]
2016-08-22 15:09:12:741[Debug        ] Shader file [..\Data\shaders\play.vert.shader] contents:
//BEGIN
#version 430 core

layout (location = 0)  in vec3 vPosition;
layout (location = 1)  in vec3 vColor;
layout (location = 15) uniform vec3 colorin;
layout (location = 16) uniform mat4 MAT;

out vec4 color;

void main()
{
	vec4 vertPos = vec4(vPosition, 1.0);
	gl_Position = MAT *  vertPos;
	color = vec4((vColor + colorin), 1.0);
}
//END

2016-08-22 15:09:12:741[Debug        ]  ShaderProgram::AddShader() file with data was read in
2016-08-22 15:09:12:741[Debug        ] ShaderProgram::AddShader() : glShaderSource() successful
2016-08-22 15:09:12:741[Debug        ] ShaderProgram::AddShader() : glCompileShader() successful
2016-08-22 15:09:12:741[Info         ] ShaderProgram::CheckShaderCompileStatus(5) successful.
2016-08-22 15:09:12:741[Debug        ] ShaderProgram::AddShader() : glCompileShader() successful
2016-08-22 15:09:12:741[Info         ] ShaderInfo saved successfully.
2016-08-22 15:09:12:741[Debug        ] ShaderProgram::AddShader() : glAttachShader() successful
2016-08-22 15:09:12:741[Info         ] ShaderProgram::AddShader [5] successful.
2016-08-22 15:09:12:741[Debug        ] File [..\Data\shaders\play.frag.shader] Opened successfully! Buffer Length:[391]
2016-08-22 15:09:12:741[Debug        ] Shader file [..\Data\shaders\play.frag.shader] contents:
//BEGIN
#version 430 core


in  vec4 color;
out vec4 outColor;

void main()
{

	//if (color.r < .7) discard;
	outColor = color;

	//if(((gl_FragCoord.x  > 600)&& (gl_FragCoord.y < 300)) || ((gl_FragCoord.y < 300)  && (gl_FragCoord.x  < 600) )) {
	//discard;
	//}

	//vec2 scrPos = vec2(gl_FragCoord) - vec2(350,150);
	//float len =  length(scrPos);
	//if(len < 50 )discard;
}


//END

2016-08-22 15:09:12:741[Debug        ]  ShaderProgram::AddShader() file with data was read in
2016-08-22 15:09:12:741[Debug        ] ShaderProgram::AddShader() : glShaderSource() successful
2016-08-22 15:09:12:741[Debug        ] ShaderProgram::AddShader() : glCompileShader() successful
2016-08-22 15:09:12:741[Info         ] ShaderProgram::CheckShaderCompileStatus(6) successful.
2016-08-22 15:09:12:741[Debug        ] ShaderProgram::AddShader() : glCompileShader() successful
2016-08-22 15:09:12:741[Info         ] ShaderInfo saved successfully.
2016-08-22 15:09:12:741[Debug        ] ShaderProgram::AddShader() : glAttachShader() successful
2016-08-22 15:09:12:741[Info         ] ShaderProgram::AddShader [6] successful.
2016-08-22 15:09:12:742[Info         ] CheckProgramStatus() successful!
2016-08-22 15:09:12:742[Info         ] CheckProgramStatus() successful!
2016-08-22 15:09:12:742[Info         ] Shader Init started
2016-08-22 15:09:12:742[Info         ] Shader Program created.
2016-08-22 15:09:12:742[Process      ] ShaderProgram::Initialize()[7] successful!
2016-08-22 15:09:12:742[Debug        ] File [..\Data\shaders\texture.vert.shader] Opened successfully! Buffer Length:[305]
2016-08-22 15:09:12:742[Debug        ] Shader file [..\Data\shaders\texture.vert.shader] contents:
//BEGIN
#version 430 core

layout (location = 0)  in vec3 vPosition;
layout (location = 1)  in vec2 vUV;

layout (location = 16) uniform mat4 MAT;

//out data
out vec2 UV;

//out vec4 color;

void main()
{
	vec4 vertPos = vec4(vPosition, 1.0);
	gl_Position = MAT *  vertPos;

	UV = vUV;
	
	
}
//END

2016-08-22 15:09:12:743[Debug        ]  ShaderProgram::AddShader() file with data was read in
2016-08-22 15:09:12:743[Debug        ] ShaderProgram::AddShader() : glShaderSource() successful
2016-08-22 15:09:12:743[Debug        ] ShaderProgram::AddShader() : glCompileShader() successful
2016-08-22 15:09:12:743[Info         ] ShaderProgram::CheckShaderCompileStatus(8) successful.
2016-08-22 15:09:12:743[Debug        ] ShaderProgram::AddShader() : glCompileShader() successful
2016-08-22 15:09:12:743[Info         ] ShaderInfo saved successfully.
2016-08-22 15:09:12:743[Debug        ] ShaderProgram::AddShader() : glAttachShader() successful
2016-08-22 15:09:12:743[Info         ] ShaderProgram::AddShader [8] successful.
2016-08-22 15:09:12:743[Debug        ] File [..\Data\shaders\texture.frag.shader] Opened successfully! Buffer Length:[482]
2016-08-22 15:09:12:743[Debug        ] Shader file [..\Data\shaders\texture.frag.shader] contents:
//BEGIN
#version 430 core


in  vec2 UV;
out vec4 outColor;

layout(location = 20) uniform sampler2D textureSampler;

void main()
{

	//if (color.r < .7) discard;
	outColor = vec4(texture(textureSampler, UV).rgb, 1.0);

	//if(((gl_FragCoord.x  > 600)&& (gl_FragCoord.y < 300)) || ((gl_FragCoord.y < 300)  && (gl_FragCoord.x  < 600) )) {
	//discard;
	//}
	//vec2 scrPos = vec2(gl_FragCoord) - vec2(350,150);
	//float len =  length(scrPos);
	//if(len < 50 )discard;
}


//END

2016-08-22 15:09:12:743[Debug        ]  ShaderProgram::AddShader() file with data was read in
2016-08-22 15:09:12:743[Debug        ] ShaderProgram::AddShader() : glShaderSource() successful
2016-08-22 15:09:12:743[Debug        ] ShaderProgram::AddShader() : glCompileShader() successful
2016-08-22 15:09:12:743[Info         ] ShaderProgram::CheckShaderCompileStatus(9) successful.
2016-08-22 15:09:12:743[Debug        ] ShaderProgram::AddShader() : glCompileShader() successful
2016-08-22 15:09:12:743[Info         ] ShaderInfo saved successfully.
2016-08-22 15:09:12:743[Debug        ] ShaderProgram::AddShader() : glAttachShader() successful
2016-08-22 15:09:12:743[Info         ] ShaderProgram::AddShader [9] successful.
2016-08-22 15:09:12:744[Info         ] CheckProgramStatus() successful!
2016-08-22 15:09:12:744[Info         ] CheckProgramStatus() successful!
2016-08-22 15:09:12:744[Info         ] Shader Init started
2016-08-22 15:09:12:744[Info         ] Shader Program created.
2016-08-22 15:09:12:744[Process      ] ShaderProgram::Initialize()[10] successful!
2016-08-22 15:09:12:744[Debug        ] File [..\Data\shaders\framebuffer.vert.shader] Opened successfully! Buffer Length:[305]
2016-08-22 15:09:12:745[Debug        ] Shader file [..\Data\shaders\framebuffer.vert.shader] contents:
//BEGIN
#version 430 core

layout (location = 0)  in vec3 vPosition;
layout (location = 1)  in vec2 vUV;

layout (location = 16) uniform mat4 MAT;

//out data
out vec2 UV;

//out vec4 color;

void main()
{
	vec4 vertPos = vec4(vPosition, 1.0);
	gl_Position = MAT *  vertPos;

	UV = vUV;
	
	
}
//END

2016-08-22 15:09:12:745[Debug        ]  ShaderProgram::AddShader() file with data was read in
2016-08-22 15:09:12:745[Debug        ] ShaderProgram::AddShader() : glShaderSource() successful
2016-08-22 15:09:12:745[Debug        ] ShaderProgram::AddShader() : glCompileShader() successful
2016-08-22 15:09:12:745[Info         ] ShaderProgram::CheckShaderCompileStatus(11) successful.
2016-08-22 15:09:12:745[Debug        ] ShaderProgram::AddShader() : glCompileShader() successful
2016-08-22 15:09:12:745[Info         ] ShaderInfo saved successfully.
2016-08-22 15:09:12:745[Debug        ] ShaderProgram::AddShader() : glAttachShader() successful
2016-08-22 15:09:12:745[Info         ] ShaderProgram::AddShader [11] successful.
2016-08-22 15:09:12:745[Debug        ] File [..\Data\shaders\framebuffer.frag.shader] Opened successfully! Buffer Length:[275]
2016-08-22 15:09:12:745[Debug        ] Shader file [..\Data\shaders\framebuffer.frag.shader] contents:
//BEGIN
#version 430 core


in  vec2 UV;
out vec4 outColor;

layout(location = 20) uniform sampler2D textureSampler;

void main()
{


	vec3 tempCol = texture(textureSampler, UV).rgb;

	outColor = vec4(tempCol.r / 1.5f, tempCol.g / 1.5f, tempCol.b / 1.5f, 1.0f);
}


//END

2016-08-22 15:09:12:745[Debug        ]  ShaderProgram::AddShader() file with data was read in
2016-08-22 15:09:12:745[Debug        ] ShaderProgram::AddShader() : glShaderSource() successful
2016-08-22 15:09:12:745[Debug        ] ShaderProgram::AddShader() : glCompileShader() successful
2016-08-22 15:09:12:745[Info         ] ShaderProgram::CheckShaderCompileStatus(12) successful.
2016-08-22 15:09:12:745[Debug        ] ShaderProgram::AddShader() : glCompileShader() successful
2016-08-22 15:09:12:745[Info         ] ShaderInfo saved successfully.
2016-08-22 15:09:12:745[Debug        ] ShaderProgram::AddShader() : glAttachShader() successful
2016-08-22 15:09:12:745[Info         ] ShaderProgram::AddShader [12] successful.
2016-08-22 15:09:12:746[Info         ] CheckProgramStatus() successful!
2016-08-22 15:09:12:746[Info         ] CheckProgramStatus() successful!
2016-08-22 15:09:12:746[Info         ] Shader Init started
2016-08-22 15:09:12:746[Info         ] Shader Program created.
2016-08-22 15:09:12:746[Process      ] ShaderProgram::Initialize()[13] successful!
2016-08-22 15:09:12:746[Debug        ] File [..\Data\shaders\lighting.vert.shader] Opened successfully! Buffer Length:[1145]
2016-08-22 15:09:12:746[cDebug       ] Shader file [..\Data\shaders\lighting.vert.shader] is too big to display contents.
2016-08-22 15:09:12:749[Debug        ]  ShaderProgram::AddShader() file with data was read in
2016-08-22 15:09:12:749[Debug        ] ShaderProgram::AddShader() : glShaderSource() successful
2016-08-22 15:09:12:749[Debug        ] ShaderProgram::AddShader() : glCompileShader() successful
2016-08-22 15:09:12:749[Info         ] ShaderProgram::CheckShaderCompileStatus(14) successful.
2016-08-22 15:09:12:749[Debug        ] ShaderProgram::AddShader() : glCompileShader() successful
2016-08-22 15:09:12:749[Info         ] ShaderInfo saved successfully.
2016-08-22 15:09:12:749[Debug        ] ShaderProgram::AddShader() : glAttachShader() successful
2016-08-22 15:09:12:749[Info         ] ShaderProgram::AddShader [14] successful.
2016-08-22 15:09:12:749[Debug        ] File [..\Data\shaders\lighting.frag.shader] Opened successfully! Buffer Length:[1743]
2016-08-22 15:09:12:749[cDebug       ] Shader file [..\Data\shaders\lighting.frag.shader] is too big to display contents.
2016-08-22 15:09:12:751[Debug        ]  ShaderProgram::AddShader() file with data was read in
2016-08-22 15:09:12:751[Debug        ] ShaderProgram::AddShader() : glShaderSource() successful
2016-08-22 15:09:12:751[Debug        ] ShaderProgram::AddShader() : glCompileShader() successful
2016-08-22 15:09:12:751[Info         ] ShaderProgram::CheckShaderCompileStatus(15) successful.
2016-08-22 15:09:12:751[Debug        ] ShaderProgram::AddShader() : glCompileShader() successful
2016-08-22 15:09:12:751[Info         ] ShaderInfo saved successfully.
2016-08-22 15:09:12:751[Debug        ] ShaderProgram::AddShader() : glAttachShader() successful
2016-08-22 15:09:12:751[Info         ] ShaderProgram::AddShader [15] successful.
2016-08-22 15:09:12:755[Info         ] CheckProgramStatus() successful!
2016-08-22 15:09:12:755[Info         ] CheckProgramStatus() successful!
2016-08-22 15:09:12:755[Info         ] Shader Init started
2016-08-22 15:09:12:755[Info         ] Shader Program created.
2016-08-22 15:09:12:755[Process      ] ShaderProgram::Initialize()[16] successful!
2016-08-22 15:09:12:755[Debug        ] File [..\Data\shaders\texlighting.vert.shader] Opened successfully! Buffer Length:[1110]
2016-08-22 15:09:12:755[cDebug       ] Shader file [..\Data\shaders\texlighting.vert.shader] is too big to display contents.
2016-08-22 15:09:12:757[Debug        ]  ShaderProgram::AddShader() file with data was read in
2016-08-22 15:09:12:757[Debug        ] ShaderProgram::AddShader() : glShaderSource() successful
2016-08-22 15:09:12:757[Debug        ] ShaderProgram::AddShader() : glCompileShader() successful
2016-08-22 15:09:12:757[Info         ] ShaderProgram::CheckShaderCompileStatus(17) successful.
2016-08-22 15:09:12:757[Debug        ] ShaderProgram::AddShader() : glCompileShader() successful
2016-08-22 15:09:12:757[Info         ] ShaderInfo saved successfully.
2016-08-22 15:09:12:757[Debug        ] ShaderProgram::AddShader() : glAttachShader() successful
2016-08-22 15:09:12:757[Info         ] ShaderProgram::AddShader [17] successful.
2016-08-22 15:09:12:757[Debug        ] File [..\Data\shaders\texlighting.frag.shader] Opened successfully! Buffer Length:[1717]
2016-08-22 15:09:12:758[cDebug       ] Shader file [..\Data\shaders\texlighting.frag.shader] is too big to display contents.
2016-08-22 15:09:12:759[Debug        ]  ShaderProgram::AddShader() file with data was read in
2016-08-22 15:09:12:759[Debug        ] ShaderProgram::AddShader() : glShaderSource() successful
2016-08-22 15:09:12:760[Debug        ] ShaderProgram::AddShader() : glCompileShader() successful
2016-08-22 15:09:12:760[Info         ] ShaderProgram::CheckShaderCompileStatus(18) successful.
2016-08-22 15:09:12:760[Debug        ] ShaderProgram::AddShader() : glCompileShader() successful
2016-08-22 15:09:12:760[Info         ] ShaderInfo saved successfully.
2016-08-22 15:09:12:760[Debug        ] ShaderProgram::AddShader() : glAttachShader() successful
2016-08-22 15:09:12:760[Info         ] ShaderProgram::AddShader [18] successful.
2016-08-22 15:09:12:763[Info         ] CheckProgramStatus() successful!
2016-08-22 15:09:12:763[Info         ] CheckProgramStatus() successful!
2016-08-22 15:09:12:763[Info         ] Shader Init started
2016-08-22 15:09:12:763[Info         ] Shader Program created.
2016-08-22 15:09:12:763[Process      ] ShaderProgram::Initialize()[19] successful!
2016-08-22 15:09:12:763[Debug        ] File [..\Data\shaders\water.vert.shader] Opened successfully! Buffer Length:[1400]
2016-08-22 15:09:12:763[cDebug       ] Shader file [..\Data\shaders\water.vert.shader] is too big to display contents.
2016-08-22 15:09:12:765[Debug        ]  ShaderProgram::AddShader() file with data was read in
2016-08-22 15:09:12:765[Debug        ] ShaderProgram::AddShader() : glShaderSource() successful
2016-08-22 15:09:12:765[Debug        ] ShaderProgram::AddShader() : glCompileShader() successful
2016-08-22 15:09:12:765[Info         ] ShaderProgram::CheckShaderCompileStatus(20) successful.
2016-08-22 15:09:12:765[Debug        ] ShaderProgram::AddShader() : glCompileShader() successful
2016-08-22 15:09:12:765[Info         ] ShaderInfo saved successfully.
2016-08-22 15:09:12:765[Debug        ] ShaderProgram::AddShader() : glAttachShader() successful
2016-08-22 15:09:12:765[Info         ] ShaderProgram::AddShader [20] successful.
2016-08-22 15:09:12:765[Debug        ] File [..\Data\shaders\water.frag.shader] Opened successfully! Buffer Length:[2455]
2016-08-22 15:09:12:765[cDebug       ] Shader file [..\Data\shaders\water.frag.shader] is too big to display contents.
2016-08-22 15:09:12:767[Debug        ]  ShaderProgram::AddShader() file with data was read in
2016-08-22 15:09:12:767[Debug        ] ShaderProgram::AddShader() : glShaderSource() successful
2016-08-22 15:09:12:767[Debug        ] ShaderProgram::AddShader() : glCompileShader() successful
2016-08-22 15:09:12:767[Info         ] ShaderProgram::CheckShaderCompileStatus(21) successful.
2016-08-22 15:09:12:767[Debug        ] ShaderProgram::AddShader() : glCompileShader() successful
2016-08-22 15:09:12:767[Info         ] ShaderInfo saved successfully.
2016-08-22 15:09:12:767[Debug        ] ShaderProgram::AddShader() : glAttachShader() successful
2016-08-22 15:09:12:767[Info         ] ShaderProgram::AddShader [21] successful.
2016-08-22 15:09:12:769[Info         ] CheckProgramStatus() successful!
2016-08-22 15:09:12:769[Info         ] CheckProgramStatus() successful!
2016-08-22 15:09:12:769[Info         ] GetAttribLocation [vPosition] successful.
2016-08-22 15:09:12:769[Info         ] GetUniformLocation [colorin] successful.
2016-08-22 15:09:12:769[Info         ] GetUniformLocation [MAT] successful.
2016-08-22 15:09:12:769[cProcess     ] RenderEngine::Initialize() successful.
2016-08-22 15:09:12:772[cInfo        ] 
-----------------------------------------------------------------------
 BufferInfo::CreateBuffers()[0] Created buffers:| VERTEX [1] with [80] bytes. || INDEX [2] with [24] bytes |
-----------------------------------------------------------------------

2016-08-22 15:09:12:777[cInfo        ] --------BufferInfo::AddMesh() Added mesh successfully-------
2016-08-22 15:09:12:778[cInfo        ] 
2016-08-22 15:09:12:778[cInfo        ] --------------------| START BUFFER MESH INFO |-------------------------------------
2016-08-22 15:09:12:779[cInfo        ] BufferInfo::AddMesh(): NUM VERTS-----------------[4]
2016-08-22 15:09:12:780[cInfo        ] BufferInfo::AddMesh(): NUM INDICES---------------[6]
2016-08-22 15:09:12:781[cInfo        ] BufferInfo::AddMesh(): VERT OFFSET---------------[0]
2016-08-22 15:09:12:783[cInfo        ] BufferInfo::AddMesh(): INDICES OFFSET (BYTES)----[0]
2016-08-22 15:09:12:784[cInfo        ] --------------------|  END BUFFER MESH INFO  |--------------------------------------
2016-08-22 15:09:12:785[cInfo        ] 

2016-08-22 15:09:12:785[cInfo        ] 
-----------------------------------------------------------------------
 BufferInfo::CreateBuffers()[0] Created buffers:| VERTEX [3] with [96] bytes. || INDEX [4] with [48] bytes |
-----------------------------------------------------------------------

2016-08-22 15:09:12:789[cInfo        ] --------BufferInfo::AddMesh() Added mesh successfully-------
2016-08-22 15:09:12:790[cInfo        ] 
2016-08-22 15:09:12:790[cInfo        ] --------------------| START BUFFER MESH INFO |-------------------------------------
2016-08-22 15:09:12:791[cInfo        ] BufferInfo::AddMesh(): NUM VERTS-----------------[8]
2016-08-22 15:09:12:792[cInfo        ] BufferInfo::AddMesh(): NUM INDICES---------------[24]
2016-08-22 15:09:12:793[cInfo        ] BufferInfo::AddMesh(): VERT OFFSET---------------[0]
2016-08-22 15:09:12:794[cInfo        ] BufferInfo::AddMesh(): INDICES OFFSET (BYTES)----[0]
2016-08-22 15:09:12:796[cInfo        ] --------------------|  END BUFFER MESH INFO  |--------------------------------------
2016-08-22 15:09:12:797[cInfo        ] 

2016-08-22 15:09:12:797[cInfo        ] 
-----------------------------------------------------------------------
 BufferInfo::CreateBuffers()[0] Created buffers:| VERTEX [5] with [864] bytes. || INDEX [6] with [0] bytes |
-----------------------------------------------------------------------

2016-08-22 15:09:12:803[cInfo        ] --------BufferInfo::AddMesh() Added mesh successfully-------
2016-08-22 15:09:12:805[cInfo        ] 
2016-08-22 15:09:12:805[cInfo        ] --------------------| START BUFFER MESH INFO |-------------------------------------
2016-08-22 15:09:12:808[cInfo        ] BufferInfo::AddMesh(): NUM VERTS-----------------[36]
2016-08-22 15:09:12:809[cInfo        ] BufferInfo::AddMesh(): NUM INDICES---------------[0]
2016-08-22 15:09:12:810[cInfo        ] BufferInfo::AddMesh(): VERT OFFSET---------------[0]
2016-08-22 15:09:12:811[cInfo        ] BufferInfo::AddMesh(): INDICES OFFSET (BYTES)----[0]
2016-08-22 15:09:12:812[cInfo        ] --------------------|  END BUFFER MESH INFO  |--------------------------------------
2016-08-22 15:09:12:813[cInfo        ] 

2016-08-22 15:09:12:814[cInfo        ] 
-----------------------------------------------------------------------
 BufferInfo::CreateBuffers()[0] Created buffers:| VERTEX [7] with [144] bytes. || INDEX [8] with [0] bytes |
-----------------------------------------------------------------------

2016-08-22 15:09:12:818[cInfo        ] --------BufferInfo::AddMesh() Added mesh successfully-------
2016-08-22 15:09:12:821[cInfo        ] 
2016-08-22 15:09:12:824[cInfo        ] --------------------| START BUFFER MESH INFO |-------------------------------------
2016-08-22 15:09:12:825[cInfo        ] BufferInfo::AddMesh(): NUM VERTS-----------------[6]
2016-08-22 15:09:12:826[cInfo        ] BufferInfo::AddMesh(): NUM INDICES---------------[0]
2016-08-22 15:09:12:827[cInfo        ] BufferInfo::AddMesh(): VERT OFFSET---------------[0]
2016-08-22 15:09:12:828[cInfo        ] BufferInfo::AddMesh(): INDICES OFFSET (BYTES)----[0]
2016-08-22 15:09:12:829[cInfo        ] --------------------|  END BUFFER MESH INFO  |--------------------------------------
2016-08-22 15:09:12:832[cInfo        ] 

2016-08-22 15:09:12:832[Process      ] BufferInfo::Initialize() successful.
2016-08-22 15:09:12:832[cInfo        ] 
-----------------------------------------------------------------------
 BufferInfo::CreateBuffers()[0] Created buffers:| VERTEX [9] with [1000000] bytes. || INDEX [10] with [1000000] bytes |
-----------------------------------------------------------------------

2016-08-22 15:09:12:836[cInfo        ] --------BufferInfo::AddMesh() Added mesh successfully-------
2016-08-22 15:09:12:840[cInfo        ] 
2016-08-22 15:09:12:842[cInfo        ] --------------------| START BUFFER MESH INFO |-------------------------------------
2016-08-22 15:09:12:843[cInfo        ] BufferInfo::AddMesh(): NUM VERTS-----------------[24]
2016-08-22 15:09:12:844[cInfo        ] BufferInfo::AddMesh(): NUM INDICES---------------[36]
2016-08-22 15:09:12:845[cInfo        ] BufferInfo::AddMesh(): VERT OFFSET---------------[0]
2016-08-22 15:09:12:846[cInfo        ] BufferInfo::AddMesh(): INDICES OFFSET (BYTES)----[0]
2016-08-22 15:09:12:847[cInfo        ] --------------------|  END BUFFER MESH INFO  |--------------------------------------
2016-08-22 15:09:12:848[cInfo        ] 

2016-08-22 15:09:12:850[Process      ] BufferInfo::Initialize() successful.
2016-08-22 15:09:12:850[cInfo        ] 
-----------------------------------------------------------------------
 BufferInfo::CreateBuffers()[1] Created buffers:| VERTEX [11] with [1000000] bytes. || INDEX [12] with [1000000] bytes |
-----------------------------------------------------------------------

2016-08-22 15:09:12:857[cInfo        ] --------BufferInfo::AddMesh() Added mesh successfully-------
2016-08-22 15:09:12:858[cInfo        ] 
2016-08-22 15:09:12:859[cInfo        ] --------------------| START BUFFER MESH INFO |-------------------------------------
2016-08-22 15:09:12:860[cInfo        ] BufferInfo::AddMesh(): NUM VERTS-----------------[1536]
2016-08-22 15:09:12:861[cInfo        ] BufferInfo::AddMesh(): NUM INDICES---------------[3072]
2016-08-22 15:09:12:864[cInfo        ] BufferInfo::AddMesh(): VERT OFFSET---------------[0]
2016-08-22 15:09:12:864[cInfo        ] BufferInfo::AddMesh(): INDICES OFFSET (BYTES)----[0]
2016-08-22 15:09:12:865[cInfo        ] --------------------|  END BUFFER MESH INFO  |--------------------------------------
2016-08-22 15:09:12:866[cInfo        ] 

2016-08-22 15:09:12:867[cInfo        ] 
-----------------------------------------------------------------------
 BufferInfo::CreateBuffers()[0] Created buffers:| VERTEX [13] with [3936] bytes. || INDEX [14] with [0] bytes |
-----------------------------------------------------------------------

2016-08-22 15:09:12:871[cInfo        ] --------BufferInfo::AddMesh() Added mesh successfully-------
2016-08-22 15:09:12:872[cInfo        ] 
2016-08-22 15:09:12:872[cInfo        ] --------------------| START BUFFER MESH INFO |-------------------------------------
2016-08-22 15:09:12:874[cInfo        ] BufferInfo::AddMesh(): NUM VERTS-----------------[164]
2016-08-22 15:09:12:876[cInfo        ] BufferInfo::AddMesh(): NUM INDICES---------------[0]
2016-08-22 15:09:12:876[cInfo        ] BufferInfo::AddMesh(): VERT OFFSET---------------[0]
2016-08-22 15:09:12:877[cInfo        ] BufferInfo::AddMesh(): INDICES OFFSET (BYTES)----[0]
2016-08-22 15:09:12:878[cInfo        ] --------------------|  END BUFFER MESH INFO  |--------------------------------------
2016-08-22 15:09:12:879[cInfo        ] 

2016-08-22 15:09:12:880[cProcess     ] ShapeGenerator initialized successfully.
2016-08-22 15:09:12:881[cProcess     ] Camera::Initialize() successful.
2016-08-22 15:09:12:881[cProcess     ] Keyboard::Initialize() successful
2016-08-22 15:09:12:882[cProcess     ] Keyboard::Initialize() successful
2016-08-22 15:09:12:896[cInfo        ] 
-----------------------------------------------------------------------
 BufferInfo::CreateBuffers()[0] Created buffers:| VERTEX [15] with [10810368] bytes. || INDEX [16] with [0] bytes |
-----------------------------------------------------------------------

2016-08-22 15:09:12:911[cInfo        ] --------BufferInfo::AddMesh() Added mesh successfully-------
2016-08-22 15:09:12:912[cInfo        ] 
2016-08-22 15:09:12:912[cInfo        ] --------------------| START BUFFER MESH INFO |-------------------------------------
2016-08-22 15:09:12:914[cInfo        ] BufferInfo::AddMesh(): NUM VERTS-----------------[337824]
2016-08-22 15:09:12:914[cInfo        ] BufferInfo::AddMesh(): NUM INDICES---------------[0]
2016-08-22 15:09:12:915[cInfo        ] BufferInfo::AddMesh(): VERT OFFSET---------------[0]
2016-08-22 15:09:12:916[cInfo        ] BufferInfo::AddMesh(): INDICES OFFSET (BYTES)----[0]
2016-08-22 15:09:12:917[cInfo        ] --------------------|  END BUFFER MESH INFO  |--------------------------------------
2016-08-22 15:09:12:918[cInfo        ] 

2016-08-22 15:09:12:944[Info         ] ShapeGenerator::ReadSceneFile(): Added new scene [..\Data\Scenes\Dargon.ptn.scene] successfully.
2016-08-22 15:09:12:944[cInfo        ] EntityManager::BuildPlayerEntity(): Built [Dargon] successfully
2016-08-22 15:09:12:948[Process      ] BufferInfo::Initialize() successful.
2016-08-22 15:09:12:951[cInfo        ] 
-----------------------------------------------------------------------
 BufferInfo::CreateBuffers()[2] Created buffers:| VERTEX [17] with [1000000] bytes. || INDEX [18] with [1000000] bytes |
-----------------------------------------------------------------------

2016-08-22 15:09:12:957[cInfo        ] --------BufferInfo::AddMesh() Added mesh successfully-------
2016-08-22 15:09:12:957[cInfo        ] 
2016-08-22 15:09:12:958[cInfo        ] --------------------| START BUFFER MESH INFO |-------------------------------------
2016-08-22 15:09:12:959[cInfo        ] BufferInfo::AddMesh(): NUM VERTS-----------------[36]
2016-08-22 15:09:12:960[cInfo        ] BufferInfo::AddMesh(): NUM INDICES---------------[0]
2016-08-22 15:09:12:960[cInfo        ] BufferInfo::AddMesh(): VERT OFFSET---------------[0]
2016-08-22 15:09:12:961[cInfo        ] BufferInfo::AddMesh(): INDICES OFFSET (BYTES)----[0]
2016-08-22 15:09:12:962[cInfo        ] --------------------|  END BUFFER MESH INFO  |--------------------------------------
2016-08-22 15:09:12:963[cInfo        ] 

2016-08-22 15:09:12:964[Info         ] ShapeGenerator::ReadSceneFile(): Added new scene [..\Data\Scenes\Cube.pn.scene] successfully.
2016-08-22 15:09:12:964[Process      ] BufferInfo::Initialize() successful.
2016-08-22 15:09:12:964[cInfo        ] 
-----------------------------------------------------------------------
 BufferInfo::CreateBuffers()[3] Created buffers:| VERTEX [19] with [1000000] bytes. || INDEX [20] with [1000000] bytes |
-----------------------------------------------------------------------

2016-08-22 15:09:12:970[cInfo        ] --------BufferInfo::AddMesh() Added mesh successfully-------
2016-08-22 15:09:12:971[cInfo        ] 
2016-08-22 15:09:12:971[cInfo        ] --------------------| START BUFFER MESH INFO |-------------------------------------
2016-08-22 15:09:12:972[cInfo        ] BufferInfo::AddMesh(): NUM VERTS-----------------[8718]
2016-08-22 15:09:12:973[cInfo        ] BufferInfo::AddMesh(): NUM INDICES---------------[0]
2016-08-22 15:09:12:973[cInfo        ] BufferInfo::AddMesh(): VERT OFFSET---------------[0]
2016-08-22 15:09:12:974[cInfo        ] BufferInfo::AddMesh(): INDICES OFFSET (BYTES)----[0]
2016-08-22 15:09:12:975[cInfo        ] --------------------|  END BUFFER MESH INFO  |--------------------------------------
2016-08-22 15:09:12:976[cInfo        ] 

2016-08-22 15:09:12:978[Info         ] ShapeGenerator::ReadSceneFile(): Added new scene [..\Data\Scenes\AIWorld.ptn.scene] successfully.
2016-08-22 15:09:12:979[cInfo        ] --------BufferInfo::AddMesh() Added mesh successfully-------
2016-08-22 15:09:12:980[cInfo        ] 
2016-08-22 15:09:12:981[cInfo        ] --------------------| START BUFFER MESH INFO |-------------------------------------
2016-08-22 15:09:12:982[cInfo        ] BufferInfo::AddMesh(): NUM VERTS-----------------[18]
2016-08-22 15:09:12:983[cInfo        ] BufferInfo::AddMesh(): NUM INDICES---------------[0]
2016-08-22 15:09:12:983[cInfo        ] BufferInfo::AddMesh(): VERT OFFSET---------------[36]
2016-08-22 15:09:12:984[cInfo        ] BufferInfo::AddMesh(): INDICES OFFSET (BYTES)----[0]
2016-08-22 15:09:12:985[cInfo        ] --------------------|  END BUFFER MESH INFO  |--------------------------------------
2016-08-22 15:09:12:986[cInfo        ] 

2016-08-22 15:09:12:987[Info         ] ShapeGenerator::ReadSceneFile(): Added new scene [..\Data\Scenes\Pyramid.pn.scene] successfully.
2016-08-22 15:09:12:993[cInfo        ] 
-----------------------------------------------------------------------
 BufferInfo::CreateBuffers()[0] Created buffers:| VERTEX [21] with [5529600] bytes. || INDEX [22] with [0] bytes |
-----------------------------------------------------------------------

2016-08-22 15:09:13:007[cInfo        ] --------BufferInfo::AddMesh() Added mesh successfully-------
2016-08-22 15:09:13:008[cInfo        ] 
2016-08-22 15:09:13:009[cInfo        ] --------------------| START BUFFER MESH INFO |-------------------------------------
2016-08-22 15:09:13:010[cInfo        ] BufferInfo::AddMesh(): NUM VERTS-----------------[172800]
2016-08-22 15:09:13:011[cInfo        ] BufferInfo::AddMesh(): NUM INDICES---------------[0]
2016-08-22 15:09:13:012[cInfo        ] BufferInfo::AddMesh(): VERT OFFSET---------------[0]
2016-08-22 15:09:13:013[cInfo        ] BufferInfo::AddMesh(): INDICES OFFSET (BYTES)----[0]
2016-08-22 15:09:13:014[cInfo        ] --------------------|  END BUFFER MESH INFO  |--------------------------------------
2016-08-22 15:09:13:017[cInfo        ] 

2016-08-22 15:09:13:018[Info         ] ShapeGenerator::ReadSceneFile(): Added new scene [..\Data\Scenes\WaterPlane.ptn.scene] successfully.
2016-08-22 15:09:13:019[cProcess     ] Camera::Initialize() successful.
2016-08-22 15:09:13:020[cInfo        ] --------BufferInfo::AddMesh() Added mesh successfully-------
2016-08-22 15:09:13:021[cInfo        ] 
2016-08-22 15:09:13:021[cInfo        ] --------------------| START BUFFER MESH INFO |-------------------------------------
2016-08-22 15:09:13:023[cInfo        ] BufferInfo::AddMesh(): NUM VERTS-----------------[3180]
2016-08-22 15:09:13:023[cInfo        ] BufferInfo::AddMesh(): NUM INDICES---------------[0]
2016-08-22 15:09:13:024[cInfo        ] BufferInfo::AddMesh(): VERT OFFSET---------------[36]
2016-08-22 15:09:13:025[cInfo        ] BufferInfo::AddMesh(): INDICES OFFSET (BYTES)----[0]
2016-08-22 15:09:13:028[cInfo        ] --------------------|  END BUFFER MESH INFO  |--------------------------------------
2016-08-22 15:09:13:029[cInfo        ] 

2016-08-22 15:09:13:029[Info         ] ShapeGenerator::ReadSceneFile(): Added new scene [..\Data\Scenes\Cat.pn.scene] successfully.
2016-08-22 15:09:13:030[cInfo        ] --------BufferInfo::AddMesh() Added mesh successfully-------
2016-08-22 15:09:13:030[cInfo        ] 
2016-08-22 15:09:13:031[cInfo        ] --------------------| START BUFFER MESH INFO |-------------------------------------
2016-08-22 15:09:13:032[cInfo        ] BufferInfo::AddMesh(): NUM VERTS-----------------[6]
2016-08-22 15:09:13:033[cInfo        ] BufferInfo::AddMesh(): NUM INDICES---------------[0]
2016-08-22 15:09:13:034[cInfo        ] BufferInfo::AddMesh(): VERT OFFSET---------------[54]
2016-08-22 15:09:13:034[cInfo        ] BufferInfo::AddMesh(): INDICES OFFSET (BYTES)----[0]
2016-08-22 15:09:13:035[cInfo        ] --------------------|  END BUFFER MESH INFO  |--------------------------------------
2016-08-22 15:09:13:036[cInfo        ] 

2016-08-22 15:09:13:037[cProcess     ] BodaciousQuest::Initialize() successful.
2016-08-22 15:09:13:039[Process      ] GameTime::Initialize() ok

2016-08-22 15:09:13:039[cProcess     ] MyWindow::Initialize() successful!
2016-08-22 15:10:05:412[cProcess     ] BufferManager::Shutdown() successful.
2016-08-22 15:10:05:413[cProcess     ] RenderEngine::Shutdown() successful.
2016-08-22 15:10:05:414[cProcess     ] Camera::Shutdown() successful.
2016-08-22 15:10:05:416[Info         ] Shader  [2] deleting...
2016-08-22 15:10:05:416[Info         ] Shader  [2] deleted successfully.
2016-08-22 15:10:05:416[Info         ] Shader  [3] deleting...
2016-08-22 15:10:05:416[Info         ] Shader  [3] deleted successfully.
2016-08-22 15:10:05:416[Info         ] All shaders deleted successfully.
2016-08-22 15:10:05:416[cInfo        ] Program [1] deleted successfully.
2016-08-22 15:10:05:417[Process      ] ShaderProgram[1]::Shutdown successful!
2016-08-22 15:10:05:417[Info         ] Shader  [5] deleting...
2016-08-22 15:10:05:417[Info         ] Shader  [5] deleted successfully.
2016-08-22 15:10:05:417[Info         ] Shader  [6] deleting...
2016-08-22 15:10:05:417[Info         ] Shader  [6] deleted successfully.
2016-08-22 15:10:05:417[Info         ] All shaders deleted successfully.
2016-08-22 15:10:05:417[cInfo        ] Program [4] deleted successfully.
2016-08-22 15:10:05:418[Process      ] ShaderProgram[4]::Shutdown successful!
2016-08-22 15:10:05:418[Info         ] Shader  [8] deleting...
2016-08-22 15:10:05:418[Info         ] Shader  [8] deleted successfully.
2016-08-22 15:10:05:418[Info         ] Shader  [9] deleting...
2016-08-22 15:10:05:418[Info         ] Shader  [9] deleted successfully.
2016-08-22 15:10:05:418[Info         ] All shaders deleted successfully.
2016-08-22 15:10:05:418[cInfo        ] Program [7] deleted successfully.
2016-08-22 15:10:05:418[Process      ] ShaderProgram[7]::Shutdown successful!
2016-08-22 15:10:05:419[Info         ] Shader  [11] deleting...
2016-08-22 15:10:05:419[Info         ] Shader  [11] deleted successfully.
2016-08-22 15:10:05:419[Info         ] Shader  [12] deleting...
2016-08-22 15:10:05:419[Info         ] Shader  [12] deleted successfully.
2016-08-22 15:10:05:419[Info         ] All shaders deleted successfully.
2016-08-22 15:10:05:419[cInfo        ] Program [10] deleted successfully.
2016-08-22 15:10:05:419[Process      ] ShaderProgram[10]::Shutdown successful!
2016-08-22 15:10:05:420[Info         ] Shader  [14] deleting...
2016-08-22 15:10:05:420[Info         ] Shader  [14] deleted successfully.
2016-08-22 15:10:05:420[Info         ] Shader  [15] deleting...
2016-08-22 15:10:05:420[Info         ] Shader  [15] deleted successfully.
2016-08-22 15:10:05:420[Info         ] All shaders deleted successfully.
2016-08-22 15:10:05:420[cInfo        ] Program [13] deleted successfully.
2016-08-22 15:10:05:420[Process      ] ShaderProgram[13]::Shutdown successful!
2016-08-22 15:10:05:421[Info         ] Shader  [17] deleting...
2016-08-22 15:10:05:421[Info         ] Shader  [17] deleted successfully.
2016-08-22 15:10:05:421[Info         ] Shader  [18] deleting...
2016-08-22 15:10:05:421[Info         ] Shader  [18] deleted successfully.
2016-08-22 15:10:05:421[Info         ] All shaders deleted successfully.
2016-08-22 15:10:05:421[cInfo        ] Program [16] deleted successfully.
2016-08-22 15:10:05:421[Process      ] ShaderProgram[16]::Shutdown successful!
2016-08-22 15:10:05:421[Info         ] Shader  [20] deleting...
2016-08-22 15:10:05:421[Info         ] Shader  [20] deleted successfully.
2016-08-22 15:10:05:421[Info         ] Shader  [21] deleting...
2016-08-22 15:10:05:421[Info         ] Shader  [21] deleted successfully.
2016-08-22 15:10:05:422[Info         ] All shaders deleted successfully.
2016-08-22 15:10:05:422[cInfo        ] Program [19] deleted successfully.
2016-08-22 15:10:05:422[Process      ] ShaderProgram[19]::Shutdown successful!
2016-08-22 15:10:05:422[cProcess     ] MyWindow::Shutdown() successful!
2016-08-22 15:10:05:423[cProcess     ] BodaciousQuest::Shutdown() successful.
2016-08-22 15:10:05:434[Process      ] ConfigReader shut down successfully
2016-08-22 15:10:05:434[Process      ] GameLogger::ShutDown() successful
