2016-08-18 15:03:27:092[Process      ] GameLogger::Initialize() opened log file [..\Data\LogFiles\2016-08-18 15-03-27.BodaciousQuest.log] for writing
2016-08-18 15:03:27:092[Info         ] GameLogger::Initialize() successful
2016-08-18 15:03:27:092[Process      ] ConfigReader opened [..\Data\BodaciousQuest.config] successfully
2016-08-18 15:03:27:092[Info         ] ConfigReader initialized successfully
2016-08-18 15:03:27:092[Info         ] Valid KVP [BodaciousQuest.ShowFullScreen] [false] added
2016-08-18 15:03:27:092[Info         ] Valid KVP [BodaciousQuest.FpsInterval] [5.0] added
2016-08-18 15:03:27:094[Info         ] Valid KVP [BodaciousQuest.EnableControls] [true] added
2016-08-18 15:03:27:094[Info         ] Valid KVP [BodaciousQuest.LoadCubeFirst] [true] added
2016-08-18 15:03:27:094[Info         ] Valid KVP [BodaciousQuest.CameraWalkMode] [false] added
2016-08-18 15:03:27:094[Info         ] Valid KVP [BodaciousQuest.GridSize] [40] added
2016-08-18 15:03:27:094[Info         ] Valid KVP [BodaciousQuest.LightingTest.Ambient.Color] [1.0  1.0  1.0] added
2016-08-18 15:03:27:094[Info         ] Valid KVP [BodaciousQuest.LightingTest.Diffuse.Color] [1.0  1.0  1.0] added
2016-08-18 15:03:27:094[Info         ] Valid KVP [BodaciousQuest.LightingTest.Specular.Color] [0.0  0.0  0.0] added
2016-08-18 15:03:27:094[Info         ] Valid KVP [BodaciousQuest.LightingTest.Ambient.Reflectivity] [0.01] added
2016-08-18 15:03:27:094[Info         ] Valid KVP [BodaciousQuest.LightingTest.Diffuse.Reflectivity] [0.6] added
2016-08-18 15:03:27:094[Info         ] Valid KVP [BodaciousQuest.LightingTest.Specular.Reflectivity] [0.5] added
2016-08-18 15:03:27:095[Info         ] Valid KVP [BodaciousQuest.LightingTest.Specular.Shininess] [1.0] added
2016-08-18 15:03:27:095[Info         ] Valid KVP [BodaciousQuest.LightingTest.Falloff.A] [1.0] added
2016-08-18 15:03:27:095[Info         ] Valid KVP [BodaciousQuest.LightingTest.Falloff.B] [0.01] added
2016-08-18 15:03:27:095[Info         ] Valid KVP [BodaciousQuest.LightingTest.Falloff.C] [0.1] added
2016-08-18 15:03:27:095[Info         ] Valid KVP [BodaciousQuest.LightingTest.Directional] [false] added
2016-08-18 15:03:27:095[Info         ] Valid KVP [BodaciousQuest.LightingTest.Direction] [-1.0 0.0 1.0] added
2016-08-18 15:03:27:095[Info         ] Valid KVP [BodaciousQuest.LightingTest.Light.Position] [-0.875458 3.673020 1.043331] added
2016-08-18 15:03:27:095[Info         ] Valid KVP [BodaciousQuest.LightingTest.Dargon.Color] [1.0 1.0 0.4] added
2016-08-18 15:03:27:095[Info         ] Valid KVP [ObjConverter.Mode.VertexType] [p] added
2016-08-18 15:03:27:095[Info         ] Valid KVP [ObjConverter.Mode.Analyze] [false] added
2016-08-18 15:03:27:095[Info         ] Valid KVP [ObjConverter.Model] [AIWorld] added
2016-08-18 15:03:27:095[Info         ] Valid KVP [ObjConverter.Shader] [0] added
2016-08-18 15:03:27:095[Info         ] Valid KVP [ObjConverter.Color] [random] added
2016-08-18 15:03:27:095[Info         ] Valid KVP [ObjConverter.Obj.InputFileFolder] [..\\Data\\Objs\\] added
2016-08-18 15:03:27:095[Info         ] Valid KVP [ObjConverter.Scene.OutputFileFolder] [..\\Data\\Scenes\\] added
2016-08-18 15:03:27:095[Info         ] Valid KVP [ObjConverter.Model.Dargon.NumVerts] [57967] added
2016-08-18 15:03:27:095[Info         ] Valid KVP [ObjConverter.Model.Dargon.NumIndices] [337824] added
2016-08-18 15:03:27:095[Info         ] Valid KVP [ObjConverter.Model.Dargon.NumTexCoords] [60175] added
2016-08-18 15:03:27:095[Info         ] Valid KVP [ObjConverter.Model.Dargon.NumNormals] [337824] added
2016-08-18 15:03:27:095[Info         ] Valid KVP [ObjConverter.Model.Swamp.NumVerts] [2735] added
2016-08-18 15:03:27:095[Info         ] Valid KVP [ObjConverter.Model.Swamp.NumIndices] [8556] added
2016-08-18 15:03:27:095[Info         ] Valid KVP [ObjConverter.Model.Swamp.NumTexCoords] [3622] added
2016-08-18 15:03:27:095[Info         ] Valid KVP [ObjConverter.Model.Swamp.NumNormals] [5156] added
2016-08-18 15:03:27:095[Info         ] Valid KVP [ObjConverter.Model.Pyramid.NumVerts] [5] added
2016-08-18 15:03:27:095[Info         ] Valid KVP [ObjConverter.Model.Pyramid.NumIndices] [18] added
2016-08-18 15:03:27:095[Info         ] Valid KVP [ObjConverter.Model.Pyramid.NumTexCoords] [10] added
2016-08-18 15:03:27:095[Info         ] Valid KVP [ObjConverter.Model.Pyramid.NumNormals] [16] added
2016-08-18 15:03:27:095[Info         ] Valid KVP [ObjConverter.Model.AIWorld.NumVerts] [1957] added
2016-08-18 15:03:27:095[Info         ] Valid KVP [ObjConverter.Model.AIWorld.NumIndices] [8718] added
2016-08-18 15:03:27:095[Info         ] Valid KVP [ObjConverter.Model.AIWorld.NumTexCoords] [4186] added
2016-08-18 15:03:27:095[Info         ] Valid KVP [ObjConverter.Model.AIWorld.NumNormals] [5418] added
2016-08-18 15:03:27:095[Info         ] Valid KVP [ObjConverter.Model.GameWeapon.NumVerts] [2068] added
2016-08-18 15:03:27:095[Info         ] Valid KVP [ObjConverter.Model.GameWeapon.NumIndices] [9894] added
2016-08-18 15:03:27:095[Info         ] Valid KVP [ObjConverter.Model.GameWeapon.NumTexCoords] [0] added
2016-08-18 15:03:27:095[Info         ] Valid KVP [ObjConverter.Model.GameWeapon.NumNormals] [0] added
2016-08-18 15:03:27:095[Info         ] Valid KVP [ObjConverter.Model.Chicken.NumVerts] [224] added
2016-08-18 15:03:27:095[Info         ] Valid KVP [ObjConverter.Model.Chicken.NumIndices] [1374] added
2016-08-18 15:03:27:095[Info         ] Valid KVP [ObjConverter.Model.Chicken.NumTexCoords] [472] added
2016-08-18 15:03:27:095[Info         ] Valid KVP [ObjConverter.Model.Chicken.NumNormals] [565] added
2016-08-18 15:03:27:095[Info         ] Valid KVP [ObjConverter.Model.WaterPlane.NumVerts] [29282] added
2016-08-18 15:03:27:095[Info         ] Valid KVP [ObjConverter.Model.WaterPlane.NumIndices] [172800] added
2016-08-18 15:03:27:095[Info         ] Valid KVP [ObjConverter.Model.WaterPlane.NumTexCoords] [29282] added
2016-08-18 15:03:27:095[Info         ] Valid KVP [ObjConverter.Model.WaterPlane.NumNormals] [172800] added
2016-08-18 15:03:27:095[Info         ] Valid KVP [ObjConverter.Model.Cube.NumVerts] [8] added
2016-08-18 15:03:27:095[Info         ] Valid KVP [ObjConverter.Model.Cube.NumIndices] [36] added
2016-08-18 15:03:27:095[Info         ] Valid KVP [ObjConverter.Model.Cube.NumTexCoords] [14] added
2016-08-18 15:03:27:096[Info         ] Valid KVP [ObjConverter.Model.Cube.NumNormals] [24] added
2016-08-18 15:03:27:096[Info         ] Valid KVP [ObjConverter.Model.Barrel.NumVerts] [172] added
2016-08-18 15:03:27:096[Info         ] Valid KVP [ObjConverter.Model.Barrel.NumIndices] [1008] added
2016-08-18 15:03:27:096[Info         ] Valid KVP [ObjConverter.Model.Barrel.NumTexCoords] [328] added
2016-08-18 15:03:27:096[Info         ] Valid KVP [ObjConverter.Model.Barrel.NumNormals] [204] added
2016-08-18 15:03:27:096[Info         ] Valid KVP [ObjConverter.Model.SkyBox.NumVerts] [8] added
2016-08-18 15:03:27:096[Info         ] Valid KVP [ObjConverter.Model.SkyBox.NumIndices] [36] added
2016-08-18 15:03:27:096[Info         ] Valid KVP [ObjConverter.Model.SkyBox.NumTexCoords] [18] added
2016-08-18 15:03:27:096[Info         ] Valid KVP [ObjConverter.Model.SkyBox.NumNormals] [24] added
2016-08-18 15:03:27:177[cInfo        ] Config reader opened [..\Data\BodaciousQuest.config] for reading!
2016-08-18 15:03:27:258[Process      ] ShaderManager Initialized successfully
2016-08-18 15:03:27:258[Info         ] Shader Init started
2016-08-18 15:03:27:258[Info         ] Shader Program created.
2016-08-18 15:03:27:258[Process      ] ShaderProgram::Initialize()[1] successful!
2016-08-18 15:03:27:258[Debug        ] File [..\Data\shaders\debug.vert.shader] Opened successfully! Buffer Length:[291]
2016-08-18 15:03:27:258[Debug        ] Shader file [..\Data\shaders\debug.vert.shader] contents:
//BEGIN
#version 430 core

layout(location = 0)  in vec3 vPosition;

layout(location = 15) uniform vec3 colorin;
layout(location = 16) uniform mat4 MAT;

out vec4 color;

void main()
{
	vec4 vertPos = vec4(vPosition, 1.0);
	gl_Position = MAT *  vertPos;
	color = vec4(colorin, 1.0);
}
//END

2016-08-18 15:03:27:258[Debug        ]  ShaderProgram::AddShader() file with data was read in
2016-08-18 15:03:27:258[Debug        ] ShaderProgram::AddShader() : glShaderSource() successful
2016-08-18 15:03:27:258[Debug        ] ShaderProgram::AddShader() : glCompileShader() successful
2016-08-18 15:03:27:258[Info         ] ShaderProgram::CheckShaderCompileStatus(2) successful.
2016-08-18 15:03:27:258[Debug        ] ShaderProgram::AddShader() : glCompileShader() successful
2016-08-18 15:03:27:258[Info         ] ShaderInfo saved successfully.
2016-08-18 15:03:27:258[Debug        ] ShaderProgram::AddShader() : glAttachShader() successful
2016-08-18 15:03:27:258[Info         ] ShaderProgram::AddShader [2] successful.
2016-08-18 15:03:27:259[Debug        ] File [..\Data\shaders\debug.frag.shader] Opened successfully! Buffer Length:[104]
2016-08-18 15:03:27:259[Debug        ] Shader file [..\Data\shaders\debug.frag.shader] contents:
//BEGIN
#version 430 core


in  vec4 color;
out vec4 outColor;

void main()
{
	outColor = color;
}


//END

2016-08-18 15:03:27:259[Debug        ]  ShaderProgram::AddShader() file with data was read in
2016-08-18 15:03:27:259[Debug        ] ShaderProgram::AddShader() : glShaderSource() successful
2016-08-18 15:03:27:259[Debug        ] ShaderProgram::AddShader() : glCompileShader() successful
2016-08-18 15:03:27:259[Info         ] ShaderProgram::CheckShaderCompileStatus(3) successful.
2016-08-18 15:03:27:259[Debug        ] ShaderProgram::AddShader() : glCompileShader() successful
2016-08-18 15:03:27:259[Info         ] ShaderInfo saved successfully.
2016-08-18 15:03:27:259[Debug        ] ShaderProgram::AddShader() : glAttachShader() successful
2016-08-18 15:03:27:259[Info         ] ShaderProgram::AddShader [3] successful.
2016-08-18 15:03:27:260[Info         ] CheckProgramStatus() successful!
2016-08-18 15:03:27:260[Info         ] CheckProgramStatus() successful!
2016-08-18 15:03:27:260[Info         ] Shader Init started
2016-08-18 15:03:27:260[Info         ] Shader Program created.
2016-08-18 15:03:27:260[Process      ] ShaderProgram::Initialize()[4] successful!
2016-08-18 15:03:27:260[Debug        ] File [..\Data\shaders\play.vert.shader] Opened successfully! Buffer Length:[343]
2016-08-18 15:03:27:260[Debug        ] Shader file [..\Data\shaders\play.vert.shader] contents:
//BEGIN
#version 430 core

layout (location = 0)  in vec3 vPosition;
layout (location = 1)  in vec3 vColor;
layout (location = 15) uniform vec3 colorin;
layout (location = 16) uniform mat4 MAT;

out vec4 color;

void main()
{
	vec4 vertPos = vec4(vPosition, 1.0);
	gl_Position = MAT *  vertPos;
	color = vec4((vColor + colorin), 1.0);
}
//END

2016-08-18 15:03:27:260[Debug        ]  ShaderProgram::AddShader() file with data was read in
2016-08-18 15:03:27:260[Debug        ] ShaderProgram::AddShader() : glShaderSource() successful
2016-08-18 15:03:27:260[Debug        ] ShaderProgram::AddShader() : glCompileShader() successful
2016-08-18 15:03:27:260[Info         ] ShaderProgram::CheckShaderCompileStatus(5) successful.
2016-08-18 15:03:27:260[Debug        ] ShaderProgram::AddShader() : glCompileShader() successful
2016-08-18 15:03:27:260[Info         ] ShaderInfo saved successfully.
2016-08-18 15:03:27:260[Debug        ] ShaderProgram::AddShader() : glAttachShader() successful
2016-08-18 15:03:27:260[Info         ] ShaderProgram::AddShader [5] successful.
2016-08-18 15:03:27:261[Debug        ] File [..\Data\shaders\play.frag.shader] Opened successfully! Buffer Length:[391]
2016-08-18 15:03:27:261[Debug        ] Shader file [..\Data\shaders\play.frag.shader] contents:
//BEGIN
#version 430 core


in  vec4 color;
out vec4 outColor;

void main()
{

	//if (color.r < .7) discard;
	outColor = color;

	//if(((gl_FragCoord.x  > 600)&& (gl_FragCoord.y < 300)) || ((gl_FragCoord.y < 300)  && (gl_FragCoord.x  < 600) )) {
	//discard;
	//}

	//vec2 scrPos = vec2(gl_FragCoord) - vec2(350,150);
	//float len =  length(scrPos);
	//if(len < 50 )discard;
}


//END

2016-08-18 15:03:27:261[Debug        ]  ShaderProgram::AddShader() file with data was read in
2016-08-18 15:03:27:261[Debug        ] ShaderProgram::AddShader() : glShaderSource() successful
2016-08-18 15:03:27:261[Debug        ] ShaderProgram::AddShader() : glCompileShader() successful
2016-08-18 15:03:27:261[Info         ] ShaderProgram::CheckShaderCompileStatus(6) successful.
2016-08-18 15:03:27:261[Debug        ] ShaderProgram::AddShader() : glCompileShader() successful
2016-08-18 15:03:27:261[Info         ] ShaderInfo saved successfully.
2016-08-18 15:03:27:261[Debug        ] ShaderProgram::AddShader() : glAttachShader() successful
2016-08-18 15:03:27:261[Info         ] ShaderProgram::AddShader [6] successful.
2016-08-18 15:03:27:262[Info         ] CheckProgramStatus() successful!
2016-08-18 15:03:27:262[Info         ] CheckProgramStatus() successful!
2016-08-18 15:03:27:262[Info         ] Shader Init started
2016-08-18 15:03:27:262[Info         ] Shader Program created.
2016-08-18 15:03:27:262[Process      ] ShaderProgram::Initialize()[7] successful!
2016-08-18 15:03:27:262[Debug        ] File [..\Data\shaders\texture.vert.shader] Opened successfully! Buffer Length:[305]
2016-08-18 15:03:27:262[Debug        ] Shader file [..\Data\shaders\texture.vert.shader] contents:
//BEGIN
#version 430 core

layout (location = 0)  in vec3 vPosition;
layout (location = 1)  in vec2 vUV;

layout (location = 16) uniform mat4 MAT;

//out data
out vec2 UV;

//out vec4 color;

void main()
{
	vec4 vertPos = vec4(vPosition, 1.0);
	gl_Position = MAT *  vertPos;

	UV = vUV;
	
	
}
//END

2016-08-18 15:03:27:262[Debug        ]  ShaderProgram::AddShader() file with data was read in
2016-08-18 15:03:27:262[Debug        ] ShaderProgram::AddShader() : glShaderSource() successful
2016-08-18 15:03:27:262[Debug        ] ShaderProgram::AddShader() : glCompileShader() successful
2016-08-18 15:03:27:262[Info         ] ShaderProgram::CheckShaderCompileStatus(8) successful.
2016-08-18 15:03:27:262[Debug        ] ShaderProgram::AddShader() : glCompileShader() successful
2016-08-18 15:03:27:262[Info         ] ShaderInfo saved successfully.
2016-08-18 15:03:27:262[Debug        ] ShaderProgram::AddShader() : glAttachShader() successful
2016-08-18 15:03:27:262[Info         ] ShaderProgram::AddShader [8] successful.
2016-08-18 15:03:27:262[Debug        ] File [..\Data\shaders\texture.frag.shader] Opened successfully! Buffer Length:[482]
2016-08-18 15:03:27:262[Debug        ] Shader file [..\Data\shaders\texture.frag.shader] contents:
//BEGIN
#version 430 core


in  vec2 UV;
out vec4 outColor;

layout(location = 20) uniform sampler2D textureSampler;

void main()
{

	//if (color.r < .7) discard;
	outColor = vec4(texture(textureSampler, UV).rgb, 1.0);

	//if(((gl_FragCoord.x  > 600)&& (gl_FragCoord.y < 300)) || ((gl_FragCoord.y < 300)  && (gl_FragCoord.x  < 600) )) {
	//discard;
	//}
	//vec2 scrPos = vec2(gl_FragCoord) - vec2(350,150);
	//float len =  length(scrPos);
	//if(len < 50 )discard;
}


//END

2016-08-18 15:03:27:262[Debug        ]  ShaderProgram::AddShader() file with data was read in
2016-08-18 15:03:27:262[Debug        ] ShaderProgram::AddShader() : glShaderSource() successful
2016-08-18 15:03:27:263[Debug        ] ShaderProgram::AddShader() : glCompileShader() successful
2016-08-18 15:03:27:263[Info         ] ShaderProgram::CheckShaderCompileStatus(9) successful.
2016-08-18 15:03:27:263[Debug        ] ShaderProgram::AddShader() : glCompileShader() successful
2016-08-18 15:03:27:263[Info         ] ShaderInfo saved successfully.
2016-08-18 15:03:27:263[Debug        ] ShaderProgram::AddShader() : glAttachShader() successful
2016-08-18 15:03:27:263[Info         ] ShaderProgram::AddShader [9] successful.
2016-08-18 15:03:27:264[Info         ] CheckProgramStatus() successful!
2016-08-18 15:03:27:264[Info         ] CheckProgramStatus() successful!
2016-08-18 15:03:27:264[Info         ] Shader Init started
2016-08-18 15:03:27:264[Info         ] Shader Program created.
2016-08-18 15:03:27:264[Process      ] ShaderProgram::Initialize()[10] successful!
2016-08-18 15:03:27:264[Debug        ] File [..\Data\shaders\framebuffer.vert.shader] Opened successfully! Buffer Length:[305]
2016-08-18 15:03:27:264[Debug        ] Shader file [..\Data\shaders\framebuffer.vert.shader] contents:
//BEGIN
#version 430 core

layout (location = 0)  in vec3 vPosition;
layout (location = 1)  in vec2 vUV;

layout (location = 16) uniform mat4 MAT;

//out data
out vec2 UV;

//out vec4 color;

void main()
{
	vec4 vertPos = vec4(vPosition, 1.0);
	gl_Position = MAT *  vertPos;

	UV = vUV;
	
	
}
//END

2016-08-18 15:03:27:264[Debug        ]  ShaderProgram::AddShader() file with data was read in
2016-08-18 15:03:27:264[Debug        ] ShaderProgram::AddShader() : glShaderSource() successful
2016-08-18 15:03:27:264[Debug        ] ShaderProgram::AddShader() : glCompileShader() successful
2016-08-18 15:03:27:264[Info         ] ShaderProgram::CheckShaderCompileStatus(11) successful.
2016-08-18 15:03:27:264[Debug        ] ShaderProgram::AddShader() : glCompileShader() successful
2016-08-18 15:03:27:264[Info         ] ShaderInfo saved successfully.
2016-08-18 15:03:27:264[Debug        ] ShaderProgram::AddShader() : glAttachShader() successful
2016-08-18 15:03:27:264[Info         ] ShaderProgram::AddShader [11] successful.
2016-08-18 15:03:27:264[Debug        ] File [..\Data\shaders\framebuffer.frag.shader] Opened successfully! Buffer Length:[275]
2016-08-18 15:03:27:264[Debug        ] Shader file [..\Data\shaders\framebuffer.frag.shader] contents:
//BEGIN
#version 430 core


in  vec2 UV;
out vec4 outColor;

layout(location = 20) uniform sampler2D textureSampler;

void main()
{


	vec3 tempCol = texture(textureSampler, UV).rgb;

	outColor = vec4(tempCol.r / 1.5f, tempCol.g / 1.5f, tempCol.b / 1.5f, 1.0f);
}


//END

2016-08-18 15:03:27:264[Debug        ]  ShaderProgram::AddShader() file with data was read in
2016-08-18 15:03:27:264[Debug        ] ShaderProgram::AddShader() : glShaderSource() successful
2016-08-18 15:03:27:264[Debug        ] ShaderProgram::AddShader() : glCompileShader() successful
2016-08-18 15:03:27:264[Info         ] ShaderProgram::CheckShaderCompileStatus(12) successful.
2016-08-18 15:03:27:264[Debug        ] ShaderProgram::AddShader() : glCompileShader() successful
2016-08-18 15:03:27:264[Info         ] ShaderInfo saved successfully.
2016-08-18 15:03:27:264[Debug        ] ShaderProgram::AddShader() : glAttachShader() successful
2016-08-18 15:03:27:265[Info         ] ShaderProgram::AddShader [12] successful.
2016-08-18 15:03:27:266[Info         ] CheckProgramStatus() successful!
2016-08-18 15:03:27:266[Info         ] CheckProgramStatus() successful!
2016-08-18 15:03:27:266[Info         ] Shader Init started
2016-08-18 15:03:27:266[Info         ] Shader Program created.
2016-08-18 15:03:27:266[Process      ] ShaderProgram::Initialize()[13] successful!
2016-08-18 15:03:27:266[Debug        ] File [..\Data\shaders\lighting.vert.shader] Opened successfully! Buffer Length:[1137]
2016-08-18 15:03:27:266[cDebug       ] Shader file [..\Data\shaders\lighting.vert.shader] is too big to display contents.
2016-08-18 15:03:27:267[Debug        ]  ShaderProgram::AddShader() file with data was read in
2016-08-18 15:03:27:267[Debug        ] ShaderProgram::AddShader() : glShaderSource() successful
2016-08-18 15:03:27:267[Debug        ] ShaderProgram::AddShader() : glCompileShader() successful
2016-08-18 15:03:27:267[Info         ] ShaderProgram::CheckShaderCompileStatus(14) successful.
2016-08-18 15:03:27:267[Debug        ] ShaderProgram::AddShader() : glCompileShader() successful
2016-08-18 15:03:27:267[Info         ] ShaderInfo saved successfully.
2016-08-18 15:03:27:267[Debug        ] ShaderProgram::AddShader() : glAttachShader() successful
2016-08-18 15:03:27:267[Info         ] ShaderProgram::AddShader [14] successful.
2016-08-18 15:03:27:267[Debug        ] File [..\Data\shaders\lighting.frag.shader] Opened successfully! Buffer Length:[1744]
2016-08-18 15:03:27:267[cDebug       ] Shader file [..\Data\shaders\lighting.frag.shader] is too big to display contents.
2016-08-18 15:03:27:268[Debug        ]  ShaderProgram::AddShader() file with data was read in
2016-08-18 15:03:27:268[Debug        ] ShaderProgram::AddShader() : glShaderSource() successful
2016-08-18 15:03:27:269[Debug        ] ShaderProgram::AddShader() : glCompileShader() successful
2016-08-18 15:03:27:269[Info         ] ShaderProgram::CheckShaderCompileStatus(15) successful.
2016-08-18 15:03:27:269[Debug        ] ShaderProgram::AddShader() : glCompileShader() successful
2016-08-18 15:03:27:269[Info         ] ShaderInfo saved successfully.
2016-08-18 15:03:27:269[Debug        ] ShaderProgram::AddShader() : glAttachShader() successful
2016-08-18 15:03:27:269[Info         ] ShaderProgram::AddShader [15] successful.
2016-08-18 15:03:27:272[Info         ] CheckProgramStatus() successful!
2016-08-18 15:03:27:272[Info         ] CheckProgramStatus() successful!
2016-08-18 15:03:27:272[Info         ] Shader Init started
2016-08-18 15:03:27:272[Info         ] Shader Program created.
2016-08-18 15:03:27:272[Process      ] ShaderProgram::Initialize()[16] successful!
2016-08-18 15:03:27:272[Debug        ] File [..\Data\shaders\texlighting.vert.shader] Opened successfully! Buffer Length:[1110]
2016-08-18 15:03:27:273[cDebug       ] Shader file [..\Data\shaders\texlighting.vert.shader] is too big to display contents.
2016-08-18 15:03:27:273[Debug        ]  ShaderProgram::AddShader() file with data was read in
2016-08-18 15:03:27:273[Debug        ] ShaderProgram::AddShader() : glShaderSource() successful
2016-08-18 15:03:27:274[Debug        ] ShaderProgram::AddShader() : glCompileShader() successful
2016-08-18 15:03:27:274[Info         ] ShaderProgram::CheckShaderCompileStatus(17) successful.
2016-08-18 15:03:27:274[Debug        ] ShaderProgram::AddShader() : glCompileShader() successful
2016-08-18 15:03:27:274[Info         ] ShaderInfo saved successfully.
2016-08-18 15:03:27:274[Debug        ] ShaderProgram::AddShader() : glAttachShader() successful
2016-08-18 15:03:27:274[Info         ] ShaderProgram::AddShader [17] successful.
2016-08-18 15:03:27:274[Debug        ] File [..\Data\shaders\texlighting.frag.shader] Opened successfully! Buffer Length:[1717]
2016-08-18 15:03:27:274[cDebug       ] Shader file [..\Data\shaders\texlighting.frag.shader] is too big to display contents.
2016-08-18 15:03:27:275[Debug        ]  ShaderProgram::AddShader() file with data was read in
2016-08-18 15:03:27:276[Debug        ] ShaderProgram::AddShader() : glShaderSource() successful
2016-08-18 15:03:27:276[Debug        ] ShaderProgram::AddShader() : glCompileShader() successful
2016-08-18 15:03:27:276[Info         ] ShaderProgram::CheckShaderCompileStatus(18) successful.
2016-08-18 15:03:27:276[Debug        ] ShaderProgram::AddShader() : glCompileShader() successful
2016-08-18 15:03:27:276[Info         ] ShaderInfo saved successfully.
2016-08-18 15:03:27:276[Debug        ] ShaderProgram::AddShader() : glAttachShader() successful
2016-08-18 15:03:27:276[Info         ] ShaderProgram::AddShader [18] successful.
2016-08-18 15:03:27:279[Info         ] CheckProgramStatus() successful!
2016-08-18 15:03:27:279[Info         ] CheckProgramStatus() successful!
2016-08-18 15:03:27:279[Info         ] Shader Init started
2016-08-18 15:03:27:279[Info         ] Shader Program created.
2016-08-18 15:03:27:279[Process      ] ShaderProgram::Initialize()[19] successful!
2016-08-18 15:03:27:279[Debug        ] File [..\Data\shaders\water.vert.shader] Opened successfully! Buffer Length:[1400]
2016-08-18 15:03:27:279[cDebug       ] Shader file [..\Data\shaders\water.vert.shader] is too big to display contents.
2016-08-18 15:03:27:280[Debug        ]  ShaderProgram::AddShader() file with data was read in
2016-08-18 15:03:27:280[Debug        ] ShaderProgram::AddShader() : glShaderSource() successful
2016-08-18 15:03:27:281[Debug        ] ShaderProgram::AddShader() : glCompileShader() successful
2016-08-18 15:03:27:281[Info         ] ShaderProgram::CheckShaderCompileStatus(20) successful.
2016-08-18 15:03:27:281[Debug        ] ShaderProgram::AddShader() : glCompileShader() successful
2016-08-18 15:03:27:281[Info         ] ShaderInfo saved successfully.
2016-08-18 15:03:27:281[Debug        ] ShaderProgram::AddShader() : glAttachShader() successful
2016-08-18 15:03:27:281[Info         ] ShaderProgram::AddShader [20] successful.
2016-08-18 15:03:27:281[Debug        ] File [..\Data\shaders\water.frag.shader] Opened successfully! Buffer Length:[2436]
2016-08-18 15:03:27:281[cDebug       ] Shader file [..\Data\shaders\water.frag.shader] is too big to display contents.
2016-08-18 15:03:27:282[Debug        ]  ShaderProgram::AddShader() file with data was read in
2016-08-18 15:03:27:282[Debug        ] ShaderProgram::AddShader() : glShaderSource() successful
2016-08-18 15:03:27:282[Debug        ] ShaderProgram::AddShader() : glCompileShader() successful
2016-08-18 15:03:27:282[Info         ] ShaderProgram::CheckShaderCompileStatus(21) successful.
2016-08-18 15:03:27:282[Debug        ] ShaderProgram::AddShader() : glCompileShader() successful
2016-08-18 15:03:27:282[Info         ] ShaderInfo saved successfully.
2016-08-18 15:03:27:282[Debug        ] ShaderProgram::AddShader() : glAttachShader() successful
2016-08-18 15:03:27:282[Info         ] ShaderProgram::AddShader [21] successful.
2016-08-18 15:03:27:285[Info         ] CheckProgramStatus() successful!
2016-08-18 15:03:27:285[Info         ] CheckProgramStatus() successful!
2016-08-18 15:03:27:286[Info         ] GetAttribLocation [vPosition] successful.
2016-08-18 15:03:27:286[Info         ] GetUniformLocation [colorin] successful.
2016-08-18 15:03:27:286[Info         ] GetUniformLocation [MAT] successful.
2016-08-18 15:03:27:286[cProcess     ] RenderEngine::Initialize() successful.
2016-08-18 15:03:27:286[cInfo        ] 
-----------------------------------------------------------------------
 BufferInfo::CreateBuffers()[0] Created buffers:| VERTEX [1] with [80] bytes. || INDEX [2] with [24] bytes |
-----------------------------------------------------------------------

2016-08-18 15:03:27:290[cInfo        ] --------BufferInfo::AddMesh() Added mesh successfully-------
2016-08-18 15:03:27:291[cInfo        ] 
2016-08-18 15:03:27:291[cInfo        ] --------------------| START BUFFER MESH INFO |-------------------------------------
2016-08-18 15:03:27:292[cInfo        ] BufferInfo::AddMesh(): NUM VERTS-----------------[4]
2016-08-18 15:03:27:293[cInfo        ] BufferInfo::AddMesh(): NUM INDICES---------------[6]
2016-08-18 15:03:27:294[cInfo        ] BufferInfo::AddMesh(): VERT OFFSET---------------[0]
2016-08-18 15:03:27:296[cInfo        ] BufferInfo::AddMesh(): INDICES OFFSET (BYTES)----[0]
2016-08-18 15:03:27:297[cInfo        ] --------------------|  END BUFFER MESH INFO  |--------------------------------------
2016-08-18 15:03:27:298[cInfo        ] 

2016-08-18 15:03:27:299[cInfo        ] 
-----------------------------------------------------------------------
 BufferInfo::CreateBuffers()[0] Created buffers:| VERTEX [3] with [96] bytes. || INDEX [4] with [48] bytes |
-----------------------------------------------------------------------

2016-08-18 15:03:27:303[cInfo        ] --------BufferInfo::AddMesh() Added mesh successfully-------
2016-08-18 15:03:27:303[cInfo        ] 
2016-08-18 15:03:27:304[cInfo        ] --------------------| START BUFFER MESH INFO |-------------------------------------
2016-08-18 15:03:27:306[cInfo        ] BufferInfo::AddMesh(): NUM VERTS-----------------[8]
2016-08-18 15:03:27:307[cInfo        ] BufferInfo::AddMesh(): NUM INDICES---------------[24]
2016-08-18 15:03:27:308[cInfo        ] BufferInfo::AddMesh(): VERT OFFSET---------------[0]
2016-08-18 15:03:27:309[cInfo        ] BufferInfo::AddMesh(): INDICES OFFSET (BYTES)----[0]
2016-08-18 15:03:27:311[cInfo        ] --------------------|  END BUFFER MESH INFO  |--------------------------------------
2016-08-18 15:03:27:312[cInfo        ] 

2016-08-18 15:03:27:313[cInfo        ] 
-----------------------------------------------------------------------
 BufferInfo::CreateBuffers()[0] Created buffers:| VERTEX [5] with [864] bytes. || INDEX [6] with [0] bytes |
-----------------------------------------------------------------------

2016-08-18 15:03:27:319[cInfo        ] --------BufferInfo::AddMesh() Added mesh successfully-------
2016-08-18 15:03:27:320[cInfo        ] 
2016-08-18 15:03:27:321[cInfo        ] --------------------| START BUFFER MESH INFO |-------------------------------------
2016-08-18 15:03:27:323[cInfo        ] BufferInfo::AddMesh(): NUM VERTS-----------------[36]
2016-08-18 15:03:27:323[cInfo        ] BufferInfo::AddMesh(): NUM INDICES---------------[0]
2016-08-18 15:03:27:324[cInfo        ] BufferInfo::AddMesh(): VERT OFFSET---------------[0]
2016-08-18 15:03:27:327[cInfo        ] BufferInfo::AddMesh(): INDICES OFFSET (BYTES)----[0]
2016-08-18 15:03:27:327[cInfo        ] --------------------|  END BUFFER MESH INFO  |--------------------------------------
2016-08-18 15:03:27:328[cInfo        ] 

2016-08-18 15:03:27:329[cInfo        ] 
-----------------------------------------------------------------------
 BufferInfo::CreateBuffers()[0] Created buffers:| VERTEX [7] with [144] bytes. || INDEX [8] with [0] bytes |
-----------------------------------------------------------------------

2016-08-18 15:03:27:333[cInfo        ] --------BufferInfo::AddMesh() Added mesh successfully-------
2016-08-18 15:03:27:334[cInfo        ] 
2016-08-18 15:03:27:334[cInfo        ] --------------------| START BUFFER MESH INFO |-------------------------------------
2016-08-18 15:03:27:337[cInfo        ] BufferInfo::AddMesh(): NUM VERTS-----------------[6]
2016-08-18 15:03:27:338[cInfo        ] BufferInfo::AddMesh(): NUM INDICES---------------[0]
2016-08-18 15:03:27:339[cInfo        ] BufferInfo::AddMesh(): VERT OFFSET---------------[0]
2016-08-18 15:03:27:339[cInfo        ] BufferInfo::AddMesh(): INDICES OFFSET (BYTES)----[0]
2016-08-18 15:03:27:340[cInfo        ] --------------------|  END BUFFER MESH INFO  |--------------------------------------
2016-08-18 15:03:27:341[cInfo        ] 

2016-08-18 15:03:27:342[cProcess     ] BufferManager::Initialize() successful.
2016-08-18 15:03:27:343[cInfo        ] 
-----------------------------------------------------------------------
 BufferInfo::CreateBuffers()[0] Created buffers:| VERTEX [9] with [1000000] bytes. || INDEX [10] with [1000000] bytes |
-----------------------------------------------------------------------

2016-08-18 15:03:27:348[cInfo        ] --------BufferInfo::AddMesh() Added mesh successfully-------
2016-08-18 15:03:27:349[cInfo        ] 
2016-08-18 15:03:27:349[cInfo        ] --------------------| START BUFFER MESH INFO |-------------------------------------
2016-08-18 15:03:27:350[cInfo        ] BufferInfo::AddMesh(): NUM VERTS-----------------[24]
2016-08-18 15:03:27:351[cInfo        ] BufferInfo::AddMesh(): NUM INDICES---------------[36]
2016-08-18 15:03:27:352[cInfo        ] BufferInfo::AddMesh(): VERT OFFSET---------------[0]
2016-08-18 15:03:27:353[cInfo        ] BufferInfo::AddMesh(): INDICES OFFSET (BYTES)----[0]
2016-08-18 15:03:27:354[cInfo        ] --------------------|  END BUFFER MESH INFO  |--------------------------------------
2016-08-18 15:03:27:356[cInfo        ] 

2016-08-18 15:03:27:357[cProcess     ] BufferManager::Initialize() successful.
2016-08-18 15:03:27:358[cInfo        ] 
-----------------------------------------------------------------------
 BufferInfo::CreateBuffers()[1] Created buffers:| VERTEX [11] with [1000000] bytes. || INDEX [12] with [1000000] bytes |
-----------------------------------------------------------------------

2016-08-18 15:03:27:362[cInfo        ] --------BufferInfo::AddMesh() Added mesh successfully-------
2016-08-18 15:03:27:363[cInfo        ] 
2016-08-18 15:03:27:363[cInfo        ] --------------------| START BUFFER MESH INFO |-------------------------------------
2016-08-18 15:03:27:365[cInfo        ] BufferInfo::AddMesh(): NUM VERTS-----------------[1536]
2016-08-18 15:03:27:367[cInfo        ] BufferInfo::AddMesh(): NUM INDICES---------------[3072]
2016-08-18 15:03:27:369[cInfo        ] BufferInfo::AddMesh(): VERT OFFSET---------------[0]
2016-08-18 15:03:27:370[cInfo        ] BufferInfo::AddMesh(): INDICES OFFSET (BYTES)----[0]
2016-08-18 15:03:27:371[cInfo        ] --------------------|  END BUFFER MESH INFO  |--------------------------------------
2016-08-18 15:03:27:372[cInfo        ] 

2016-08-18 15:03:27:374[cInfo        ] 
-----------------------------------------------------------------------
 BufferInfo::CreateBuffers()[0] Created buffers:| VERTEX [13] with [3936] bytes. || INDEX [14] with [0] bytes |
-----------------------------------------------------------------------

2016-08-18 15:03:27:379[cInfo        ] --------BufferInfo::AddMesh() Added mesh successfully-------
2016-08-18 15:03:27:381[cInfo        ] 
2016-08-18 15:03:27:381[cInfo        ] --------------------| START BUFFER MESH INFO |-------------------------------------
2016-08-18 15:03:27:383[cInfo        ] BufferInfo::AddMesh(): NUM VERTS-----------------[164]
2016-08-18 15:03:27:384[cInfo        ] BufferInfo::AddMesh(): NUM INDICES---------------[0]
2016-08-18 15:03:27:387[cInfo        ] BufferInfo::AddMesh(): VERT OFFSET---------------[0]
2016-08-18 15:03:27:388[cInfo        ] BufferInfo::AddMesh(): INDICES OFFSET (BYTES)----[0]
2016-08-18 15:03:27:389[cInfo        ] --------------------|  END BUFFER MESH INFO  |--------------------------------------
2016-08-18 15:03:27:390[cInfo        ] 

2016-08-18 15:03:27:391[cProcess     ] ShapeGenerator initialized successfully.
2016-08-18 15:03:27:391[cProcess     ] Camera::Initialize() successful.
2016-08-18 15:03:27:392[cProcess     ] Keyboard::Initialize() successful
2016-08-18 15:03:27:393[cProcess     ] Keyboard::Initialize() successful
2016-08-18 15:03:27:408[cInfo        ] 
-----------------------------------------------------------------------
 BufferInfo::CreateBuffers()[0] Created buffers:| VERTEX [15] with [10810368] bytes. || INDEX [16] with [0] bytes |
-----------------------------------------------------------------------

2016-08-18 15:03:27:428[cInfo        ] --------BufferInfo::AddMesh() Added mesh successfully-------
2016-08-18 15:03:27:429[cInfo        ] 
2016-08-18 15:03:27:429[cInfo        ] --------------------| START BUFFER MESH INFO |-------------------------------------
2016-08-18 15:03:27:431[cInfo        ] BufferInfo::AddMesh(): NUM VERTS-----------------[337824]
2016-08-18 15:03:27:434[cInfo        ] BufferInfo::AddMesh(): NUM INDICES---------------[0]
2016-08-18 15:03:27:435[cInfo        ] BufferInfo::AddMesh(): VERT OFFSET---------------[0]
2016-08-18 15:03:27:436[cInfo        ] BufferInfo::AddMesh(): INDICES OFFSET (BYTES)----[0]
2016-08-18 15:03:27:438[cInfo        ] --------------------|  END BUFFER MESH INFO  |--------------------------------------
2016-08-18 15:03:27:439[cInfo        ] 

2016-08-18 15:03:27:472[Info         ] ShapeGenerator::ReadSceneFile(): Added new scene [..\Data\Scenes\Dargon.ptn.scene] successfully.
2016-08-18 15:03:27:472[cInfo        ] EntityManager::BuildPlayerEntity(): Built [Dargon] successfully
2016-08-18 15:03:27:475[cProcess     ] BufferManager::Initialize() successful.
2016-08-18 15:03:27:483[cInfo        ] 
-----------------------------------------------------------------------
 BufferInfo::CreateBuffers()[2] Created buffers:| VERTEX [17] with [1000000] bytes. || INDEX [18] with [1000000] bytes |
-----------------------------------------------------------------------

2016-08-18 15:03:27:489[cInfo        ] --------BufferInfo::AddMesh() Added mesh successfully-------
2016-08-18 15:03:27:491[cInfo        ] 
2016-08-18 15:03:27:492[cInfo        ] --------------------| START BUFFER MESH INFO |-------------------------------------
2016-08-18 15:03:27:493[cInfo        ] BufferInfo::AddMesh(): NUM VERTS-----------------[36]
2016-08-18 15:03:27:494[cInfo        ] BufferInfo::AddMesh(): NUM INDICES---------------[0]
2016-08-18 15:03:27:495[cInfo        ] BufferInfo::AddMesh(): VERT OFFSET---------------[0]
2016-08-18 15:03:27:496[cInfo        ] BufferInfo::AddMesh(): INDICES OFFSET (BYTES)----[0]
2016-08-18 15:03:27:497[cInfo        ] --------------------|  END BUFFER MESH INFO  |--------------------------------------
2016-08-18 15:03:27:498[cInfo        ] 

2016-08-18 15:03:27:500[Info         ] ShapeGenerator::ReadSceneFile(): Added new scene [..\Data\Scenes\Cube.pn.scene] successfully.
2016-08-18 15:03:27:503[cInfo        ] --------BufferInfo::AddMesh() Added mesh successfully-------
2016-08-18 15:03:27:504[cInfo        ] 
2016-08-18 15:03:27:505[cInfo        ] --------------------| START BUFFER MESH INFO |-------------------------------------
2016-08-18 15:03:27:506[cInfo        ] BufferInfo::AddMesh(): NUM VERTS-----------------[18]
2016-08-18 15:03:27:507[cInfo        ] BufferInfo::AddMesh(): NUM INDICES---------------[0]
2016-08-18 15:03:27:507[cInfo        ] BufferInfo::AddMesh(): VERT OFFSET---------------[36]
2016-08-18 15:03:27:508[cInfo        ] BufferInfo::AddMesh(): INDICES OFFSET (BYTES)----[0]
2016-08-18 15:03:27:509[cInfo        ] --------------------|  END BUFFER MESH INFO  |--------------------------------------
2016-08-18 15:03:27:510[cInfo        ] 

2016-08-18 15:03:27:513[Info         ] ShapeGenerator::ReadSceneFile(): Added new scene [..\Data\Scenes\Pyramid.pn.scene] successfully.
2016-08-18 15:03:27:521[cInfo        ] 
-----------------------------------------------------------------------
 BufferInfo::CreateBuffers()[0] Created buffers:| VERTEX [19] with [5529600] bytes. || INDEX [20] with [0] bytes |
-----------------------------------------------------------------------

2016-08-18 15:03:27:531[cInfo        ] --------BufferInfo::AddMesh() Added mesh successfully-------
2016-08-18 15:03:27:532[cInfo        ] 
2016-08-18 15:03:27:532[cInfo        ] --------------------| START BUFFER MESH INFO |-------------------------------------
2016-08-18 15:03:27:533[cInfo        ] BufferInfo::AddMesh(): NUM VERTS-----------------[172800]
2016-08-18 15:03:27:535[cInfo        ] BufferInfo::AddMesh(): NUM INDICES---------------[0]
2016-08-18 15:03:27:536[cInfo        ] BufferInfo::AddMesh(): VERT OFFSET---------------[0]
2016-08-18 15:03:27:537[cInfo        ] BufferInfo::AddMesh(): INDICES OFFSET (BYTES)----[0]
2016-08-18 15:03:27:538[cInfo        ] --------------------|  END BUFFER MESH INFO  |--------------------------------------
2016-08-18 15:03:27:541[cInfo        ] 

2016-08-18 15:03:27:542[Info         ] ShapeGenerator::ReadSceneFile(): Added new scene [..\Data\Scenes\WaterPlane.ptn.scene] successfully.
2016-08-18 15:03:27:543[cProcess     ] Camera::Initialize() successful.
2016-08-18 15:03:27:555[cProcess     ] BufferManager::Initialize() successful.
2016-08-18 15:03:27:556[cInfo        ] 
-----------------------------------------------------------------------
 BufferInfo::CreateBuffers()[3] Created buffers:| VERTEX [21] with [8107776] bytes. || INDEX [22] with [0] bytes |
-----------------------------------------------------------------------

2016-08-18 15:03:27:569[cInfo        ] --------BufferInfo::AddMesh() Added mesh successfully-------
2016-08-18 15:03:27:570[cInfo        ] 
2016-08-18 15:03:27:571[cInfo        ] --------------------| START BUFFER MESH INFO |-------------------------------------
2016-08-18 15:03:27:573[cInfo        ] BufferInfo::AddMesh(): NUM VERTS-----------------[337824]
2016-08-18 15:03:27:574[cInfo        ] BufferInfo::AddMesh(): NUM INDICES---------------[0]
2016-08-18 15:03:27:576[cInfo        ] BufferInfo::AddMesh(): VERT OFFSET---------------[0]
2016-08-18 15:03:27:577[cInfo        ] BufferInfo::AddMesh(): INDICES OFFSET (BYTES)----[0]
2016-08-18 15:03:27:578[cInfo        ] --------------------|  END BUFFER MESH INFO  |--------------------------------------
2016-08-18 15:03:27:580[cInfo        ] 

2016-08-18 15:03:27:581[Info         ] ShapeGenerator::ReadSceneFile(): Added new scene [..\Data\Scenes\Dargon.pn.scene] successfully.
2016-08-18 15:03:27:581[cProcess     ] BufferManager::Initialize() successful.
2016-08-18 15:03:27:584[cInfo        ] 
-----------------------------------------------------------------------
 BufferInfo::CreateBuffers()[4] Created buffers:| VERTEX [23] with [1000000] bytes. || INDEX [24] with [1000000] bytes |
-----------------------------------------------------------------------

2016-08-18 15:03:27:589[cInfo        ] --------BufferInfo::AddMesh() Added mesh successfully-------
2016-08-18 15:03:27:590[cInfo        ] 
2016-08-18 15:03:27:590[cInfo        ] --------------------| START BUFFER MESH INFO |-------------------------------------
2016-08-18 15:03:27:593[cInfo        ] BufferInfo::AddMesh(): NUM VERTS-----------------[6]
2016-08-18 15:03:27:595[cInfo        ] BufferInfo::AddMesh(): NUM INDICES---------------[0]
2016-08-18 15:03:27:596[cInfo        ] BufferInfo::AddMesh(): VERT OFFSET---------------[0]
2016-08-18 15:03:27:597[cInfo        ] BufferInfo::AddMesh(): INDICES OFFSET (BYTES)----[0]
2016-08-18 15:03:27:598[cInfo        ] --------------------|  END BUFFER MESH INFO  |--------------------------------------
2016-08-18 15:03:27:600[cInfo        ] 

2016-08-18 15:03:27:601[cProcess     ] BodaciousQuest::Initialize() successful.
2016-08-18 15:03:27:603[Process      ] GameTime::Initialize() ok

2016-08-18 15:03:27:603[cProcess     ] MyWindow::Initialize() successful!
