2016-08-20 16:19:41:662[Process      ] GameLogger::Initialize() opened log file [..\Data\LogFiles\2016-08-20 16-19-41.BodaciousQuest.log] for writing
2016-08-20 16:19:41:662[Info         ] GameLogger::Initialize() successful
2016-08-20 16:19:41:662[Process      ] ConfigReader opened [..\Data\BodaciousQuest.config] successfully
2016-08-20 16:19:41:662[Info         ] ConfigReader initialized successfully
2016-08-20 16:19:41:662[Info         ] Valid KVP [BodaciousQuest.ShowFullScreen] [false] added
2016-08-20 16:19:41:662[Info         ] Valid KVP [BodaciousQuest.FpsInterval] [5.0] added
2016-08-20 16:19:41:662[Info         ] Valid KVP [BodaciousQuest.EnableControls] [true] added
2016-08-20 16:19:41:662[Info         ] Valid KVP [BodaciousQuest.LoadCubeFirst] [true] added
2016-08-20 16:19:41:662[Info         ] Valid KVP [BodaciousQuest.CameraWalkMode] [false] added
2016-08-20 16:19:41:662[Info         ] Valid KVP [BodaciousQuest.GridSize] [40] added
2016-08-20 16:19:41:663[Info         ] Valid KVP [BodaciousQuest.LightingTest.Ambient.Color] [1.0  1.0  1.0] added
2016-08-20 16:19:41:663[Info         ] Valid KVP [BodaciousQuest.LightingTest.Diffuse.Color] [1.0  1.0  1.0] added
2016-08-20 16:19:41:663[Info         ] Valid KVP [BodaciousQuest.LightingTest.Specular.Color] [0.0  0.0  0.0] added
2016-08-20 16:19:41:663[Info         ] Valid KVP [BodaciousQuest.LightingTest.Ambient.Reflectivity] [0.01] added
2016-08-20 16:19:41:663[Info         ] Valid KVP [BodaciousQuest.LightingTest.Diffuse.Reflectivity] [0.8] added
2016-08-20 16:19:41:663[Info         ] Valid KVP [BodaciousQuest.LightingTest.Specular.Reflectivity] [0.5] added
2016-08-20 16:19:41:663[Info         ] Valid KVP [BodaciousQuest.LightingTest.Specular.Shininess] [1.0] added
2016-08-20 16:19:41:663[Info         ] Valid KVP [BodaciousQuest.LightingTest.Falloff.A] [1.0] added
2016-08-20 16:19:41:663[Info         ] Valid KVP [BodaciousQuest.LightingTest.Falloff.B] [0.01] added
2016-08-20 16:19:41:663[Info         ] Valid KVP [BodaciousQuest.LightingTest.Falloff.C] [0.0001] added
2016-08-20 16:19:41:663[Info         ] Valid KVP [BodaciousQuest.LightingTest.Directional] [false] added
2016-08-20 16:19:41:663[Info         ] Valid KVP [BodaciousQuest.LightingTest.Direction] [-1.0 0.0 1.0] added
2016-08-20 16:19:41:663[Info         ] Valid KVP [BodaciousQuest.LightingTest.Light.Position] [-0.875458 3.673020 1.043331] added
2016-08-20 16:19:41:663[Info         ] Valid KVP [BodaciousQuest.LightingTest.Dargon.Color] [1.0 1.0 0.4] added
2016-08-20 16:19:41:663[Info         ] Valid KVP [ObjConverter.Mode.VertexType] [pn] added
2016-08-20 16:19:41:663[Info         ] Valid KVP [ObjConverter.Mode.Analyze] [false] added
2016-08-20 16:19:41:663[Info         ] Valid KVP [ObjConverter.Model] [Dargon] added
2016-08-20 16:19:41:663[Info         ] Valid KVP [ObjConverter.Shader] [4] added
2016-08-20 16:19:41:663[Info         ] Valid KVP [ObjConverter.Color] [random] added
2016-08-20 16:19:41:663[Info         ] Valid KVP [ObjConverter.Obj.InputFileFolder] [..\\Data\\Objs\\] added
2016-08-20 16:19:41:663[Info         ] Valid KVP [ObjConverter.Scene.OutputFileFolder] [..\\Data\\Scenes\\] added
2016-08-20 16:19:41:663[Info         ] Valid KVP [ObjConverter.Model.Dargon.NumVerts] [57967] added
2016-08-20 16:19:41:663[Info         ] Valid KVP [ObjConverter.Model.Dargon.NumIndices] [337824] added
2016-08-20 16:19:41:663[Info         ] Valid KVP [ObjConverter.Model.Dargon.NumTexCoords] [60175] added
2016-08-20 16:19:41:663[Info         ] Valid KVP [ObjConverter.Model.Dargon.NumNormals] [337824] added
2016-08-20 16:19:41:663[Info         ] Valid KVP [ObjConverter.Model.Swamp.NumVerts] [2735] added
2016-08-20 16:19:41:663[Info         ] Valid KVP [ObjConverter.Model.Swamp.NumIndices] [8556] added
2016-08-20 16:19:41:663[Info         ] Valid KVP [ObjConverter.Model.Swamp.NumTexCoords] [3622] added
2016-08-20 16:19:41:663[Info         ] Valid KVP [ObjConverter.Model.Swamp.NumNormals] [5156] added
2016-08-20 16:19:41:663[Info         ] Valid KVP [ObjConverter.Model.Pyramid.NumVerts] [5] added
2016-08-20 16:19:41:663[Info         ] Valid KVP [ObjConverter.Model.Pyramid.NumIndices] [18] added
2016-08-20 16:19:41:663[Info         ] Valid KVP [ObjConverter.Model.Pyramid.NumTexCoords] [10] added
2016-08-20 16:19:41:663[Info         ] Valid KVP [ObjConverter.Model.Pyramid.NumNormals] [16] added
2016-08-20 16:19:41:663[Info         ] Valid KVP [ObjConverter.Model.AIWorld.NumVerts] [1957] added
2016-08-20 16:19:41:663[Info         ] Valid KVP [ObjConverter.Model.AIWorld.NumIndices] [8718] added
2016-08-20 16:19:41:663[Info         ] Valid KVP [ObjConverter.Model.AIWorld.NumTexCoords] [4186] added
2016-08-20 16:19:41:663[Info         ] Valid KVP [ObjConverter.Model.AIWorld.NumNormals] [5418] added
2016-08-20 16:19:41:663[Info         ] Valid KVP [ObjConverter.Model.GameWeapon.NumVerts] [2068] added
2016-08-20 16:19:41:663[Info         ] Valid KVP [ObjConverter.Model.GameWeapon.NumIndices] [9894] added
2016-08-20 16:19:41:663[Info         ] Valid KVP [ObjConverter.Model.GameWeapon.NumTexCoords] [0] added
2016-08-20 16:19:41:663[Info         ] Valid KVP [ObjConverter.Model.GameWeapon.NumNormals] [0] added
2016-08-20 16:19:41:663[Info         ] Valid KVP [ObjConverter.Model.Chicken.NumVerts] [224] added
2016-08-20 16:19:41:664[Info         ] Valid KVP [ObjConverter.Model.Chicken.NumIndices] [1374] added
2016-08-20 16:19:41:664[Info         ] Valid KVP [ObjConverter.Model.Chicken.NumTexCoords] [472] added
2016-08-20 16:19:41:664[Info         ] Valid KVP [ObjConverter.Model.Chicken.NumNormals] [565] added
2016-08-20 16:19:41:664[Info         ] Valid KVP [ObjConverter.Model.WaterPlane.NumVerts] [29282] added
2016-08-20 16:19:41:664[Info         ] Valid KVP [ObjConverter.Model.WaterPlane.NumIndices] [172800] added
2016-08-20 16:19:41:664[Info         ] Valid KVP [ObjConverter.Model.WaterPlane.NumTexCoords] [29282] added
2016-08-20 16:19:41:664[Info         ] Valid KVP [ObjConverter.Model.WaterPlane.NumNormals] [172800] added
2016-08-20 16:19:41:664[Info         ] Valid KVP [ObjConverter.Model.Cube.NumVerts] [8] added
2016-08-20 16:19:41:664[Info         ] Valid KVP [ObjConverter.Model.Cube.NumIndices] [36] added
2016-08-20 16:19:41:664[Info         ] Valid KVP [ObjConverter.Model.Cube.NumTexCoords] [14] added
2016-08-20 16:19:41:664[Info         ] Valid KVP [ObjConverter.Model.Cube.NumNormals] [24] added
2016-08-20 16:19:41:664[Info         ] Valid KVP [ObjConverter.Model.Barrel.NumVerts] [172] added
2016-08-20 16:19:41:664[Info         ] Valid KVP [ObjConverter.Model.Barrel.NumIndices] [1008] added
2016-08-20 16:19:41:664[Info         ] Valid KVP [ObjConverter.Model.Barrel.NumTexCoords] [328] added
2016-08-20 16:19:41:664[Info         ] Valid KVP [ObjConverter.Model.Barrel.NumNormals] [204] added
2016-08-20 16:19:41:664[Info         ] Valid KVP [ObjConverter.Model.SkyBox.NumVerts] [8] added
2016-08-20 16:19:41:664[Info         ] Valid KVP [ObjConverter.Model.SkyBox.NumIndices] [36] added
2016-08-20 16:19:41:664[Info         ] Valid KVP [ObjConverter.Model.SkyBox.NumTexCoords] [18] added
2016-08-20 16:19:41:664[Info         ] Valid KVP [ObjConverter.Model.SkyBox.NumNormals] [24] added
2016-08-20 16:19:41:738[cInfo        ] Config reader opened [..\Data\BodaciousQuest.config] for reading!
2016-08-20 16:19:41:793[Process      ] ShaderManager Initialized successfully
2016-08-20 16:19:41:793[Info         ] Shader Init started
2016-08-20 16:19:41:793[Info         ] Shader Program created.
2016-08-20 16:19:41:793[Process      ] ShaderProgram::Initialize()[1] successful!
2016-08-20 16:19:41:793[Debug        ] File [..\Data\shaders\debug.vert.shader] Opened successfully! Buffer Length:[291]
2016-08-20 16:19:41:793[Debug        ] Shader file [..\Data\shaders\debug.vert.shader] contents:
//BEGIN
#version 430 core

layout(location = 0)  in vec3 vPosition;

layout(location = 15) uniform vec3 colorin;
layout(location = 16) uniform mat4 MAT;

out vec4 color;

void main()
{
	vec4 vertPos = vec4(vPosition, 1.0);
	gl_Position = MAT *  vertPos;
	color = vec4(colorin, 1.0);
}
//END

2016-08-20 16:19:41:793[Debug        ]  ShaderProgram::AddShader() file with data was read in
2016-08-20 16:19:41:793[Debug        ] ShaderProgram::AddShader() : glShaderSource() successful
2016-08-20 16:19:41:794[Debug        ] ShaderProgram::AddShader() : glCompileShader() successful
2016-08-20 16:19:41:794[Info         ] ShaderProgram::CheckShaderCompileStatus(2) successful.
2016-08-20 16:19:41:794[Debug        ] ShaderProgram::AddShader() : glCompileShader() successful
2016-08-20 16:19:41:794[Info         ] ShaderInfo saved successfully.
2016-08-20 16:19:41:794[Debug        ] ShaderProgram::AddShader() : glAttachShader() successful
2016-08-20 16:19:41:794[Info         ] ShaderProgram::AddShader [2] successful.
2016-08-20 16:19:41:794[Debug        ] File [..\Data\shaders\debug.frag.shader] Opened successfully! Buffer Length:[104]
2016-08-20 16:19:41:794[Debug        ] Shader file [..\Data\shaders\debug.frag.shader] contents:
//BEGIN
#version 430 core


in  vec4 color;
out vec4 outColor;

void main()
{
	outColor = color;
}


//END

2016-08-20 16:19:41:794[Debug        ]  ShaderProgram::AddShader() file with data was read in
2016-08-20 16:19:41:794[Debug        ] ShaderProgram::AddShader() : glShaderSource() successful
2016-08-20 16:19:41:794[Debug        ] ShaderProgram::AddShader() : glCompileShader() successful
2016-08-20 16:19:41:794[Info         ] ShaderProgram::CheckShaderCompileStatus(3) successful.
2016-08-20 16:19:41:794[Debug        ] ShaderProgram::AddShader() : glCompileShader() successful
2016-08-20 16:19:41:794[Info         ] ShaderInfo saved successfully.
2016-08-20 16:19:41:794[Debug        ] ShaderProgram::AddShader() : glAttachShader() successful
2016-08-20 16:19:41:794[Info         ] ShaderProgram::AddShader [3] successful.
2016-08-20 16:19:41:795[Info         ] CheckProgramStatus() successful!
2016-08-20 16:19:41:795[Info         ] CheckProgramStatus() successful!
2016-08-20 16:19:41:796[Info         ] Shader Init started
2016-08-20 16:19:41:796[Info         ] Shader Program created.
2016-08-20 16:19:41:796[Process      ] ShaderProgram::Initialize()[4] successful!
2016-08-20 16:19:41:796[Debug        ] File [..\Data\shaders\play.vert.shader] Opened successfully! Buffer Length:[343]
2016-08-20 16:19:41:796[Debug        ] Shader file [..\Data\shaders\play.vert.shader] contents:
//BEGIN
#version 430 core

layout (location = 0)  in vec3 vPosition;
layout (location = 1)  in vec3 vColor;
layout (location = 15) uniform vec3 colorin;
layout (location = 16) uniform mat4 MAT;

out vec4 color;

void main()
{
	vec4 vertPos = vec4(vPosition, 1.0);
	gl_Position = MAT *  vertPos;
	color = vec4((vColor + colorin), 1.0);
}
//END

2016-08-20 16:19:41:796[Debug        ]  ShaderProgram::AddShader() file with data was read in
2016-08-20 16:19:41:796[Debug        ] ShaderProgram::AddShader() : glShaderSource() successful
2016-08-20 16:19:41:796[Debug        ] ShaderProgram::AddShader() : glCompileShader() successful
2016-08-20 16:19:41:796[Info         ] ShaderProgram::CheckShaderCompileStatus(5) successful.
2016-08-20 16:19:41:796[Debug        ] ShaderProgram::AddShader() : glCompileShader() successful
2016-08-20 16:19:41:796[Info         ] ShaderInfo saved successfully.
2016-08-20 16:19:41:796[Debug        ] ShaderProgram::AddShader() : glAttachShader() successful
2016-08-20 16:19:41:796[Info         ] ShaderProgram::AddShader [5] successful.
2016-08-20 16:19:41:796[Debug        ] File [..\Data\shaders\play.frag.shader] Opened successfully! Buffer Length:[391]
2016-08-20 16:19:41:796[Debug        ] Shader file [..\Data\shaders\play.frag.shader] contents:
//BEGIN
#version 430 core


in  vec4 color;
out vec4 outColor;

void main()
{

	//if (color.r < .7) discard;
	outColor = color;

	//if(((gl_FragCoord.x  > 600)&& (gl_FragCoord.y < 300)) || ((gl_FragCoord.y < 300)  && (gl_FragCoord.x  < 600) )) {
	//discard;
	//}

	//vec2 scrPos = vec2(gl_FragCoord) - vec2(350,150);
	//float len =  length(scrPos);
	//if(len < 50 )discard;
}


//END

2016-08-20 16:19:41:796[Debug        ]  ShaderProgram::AddShader() file with data was read in
2016-08-20 16:19:41:796[Debug        ] ShaderProgram::AddShader() : glShaderSource() successful
2016-08-20 16:19:41:796[Debug        ] ShaderProgram::AddShader() : glCompileShader() successful
2016-08-20 16:19:41:796[Info         ] ShaderProgram::CheckShaderCompileStatus(6) successful.
2016-08-20 16:19:41:796[Debug        ] ShaderProgram::AddShader() : glCompileShader() successful
2016-08-20 16:19:41:796[Info         ] ShaderInfo saved successfully.
2016-08-20 16:19:41:796[Debug        ] ShaderProgram::AddShader() : glAttachShader() successful
2016-08-20 16:19:41:796[Info         ] ShaderProgram::AddShader [6] successful.
2016-08-20 16:19:41:797[Info         ] CheckProgramStatus() successful!
2016-08-20 16:19:41:798[Info         ] CheckProgramStatus() successful!
2016-08-20 16:19:41:798[Info         ] Shader Init started
2016-08-20 16:19:41:798[Info         ] Shader Program created.
2016-08-20 16:19:41:798[Process      ] ShaderProgram::Initialize()[7] successful!
2016-08-20 16:19:41:798[Debug        ] File [..\Data\shaders\texture.vert.shader] Opened successfully! Buffer Length:[305]
2016-08-20 16:19:41:798[Debug        ] Shader file [..\Data\shaders\texture.vert.shader] contents:
//BEGIN
#version 430 core

layout (location = 0)  in vec3 vPosition;
layout (location = 1)  in vec2 vUV;

layout (location = 16) uniform mat4 MAT;

//out data
out vec2 UV;

//out vec4 color;

void main()
{
	vec4 vertPos = vec4(vPosition, 1.0);
	gl_Position = MAT *  vertPos;

	UV = vUV;
	
	
}
//END

2016-08-20 16:19:41:798[Debug        ]  ShaderProgram::AddShader() file with data was read in
2016-08-20 16:19:41:798[Debug        ] ShaderProgram::AddShader() : glShaderSource() successful
2016-08-20 16:19:41:798[Debug        ] ShaderProgram::AddShader() : glCompileShader() successful
2016-08-20 16:19:41:798[Info         ] ShaderProgram::CheckShaderCompileStatus(8) successful.
2016-08-20 16:19:41:798[Debug        ] ShaderProgram::AddShader() : glCompileShader() successful
2016-08-20 16:19:41:798[Info         ] ShaderInfo saved successfully.
2016-08-20 16:19:41:798[Debug        ] ShaderProgram::AddShader() : glAttachShader() successful
2016-08-20 16:19:41:798[Info         ] ShaderProgram::AddShader [8] successful.
2016-08-20 16:19:41:798[Debug        ] File [..\Data\shaders\texture.frag.shader] Opened successfully! Buffer Length:[482]
2016-08-20 16:19:41:798[Debug        ] Shader file [..\Data\shaders\texture.frag.shader] contents:
//BEGIN
#version 430 core


in  vec2 UV;
out vec4 outColor;

layout(location = 20) uniform sampler2D textureSampler;

void main()
{

	//if (color.r < .7) discard;
	outColor = vec4(texture(textureSampler, UV).rgb, 1.0);

	//if(((gl_FragCoord.x  > 600)&& (gl_FragCoord.y < 300)) || ((gl_FragCoord.y < 300)  && (gl_FragCoord.x  < 600) )) {
	//discard;
	//}
	//vec2 scrPos = vec2(gl_FragCoord) - vec2(350,150);
	//float len =  length(scrPos);
	//if(len < 50 )discard;
}


//END

2016-08-20 16:19:41:798[Debug        ]  ShaderProgram::AddShader() file with data was read in
2016-08-20 16:19:41:798[Debug        ] ShaderProgram::AddShader() : glShaderSource() successful
2016-08-20 16:19:41:799[Debug        ] ShaderProgram::AddShader() : glCompileShader() successful
2016-08-20 16:19:41:799[Info         ] ShaderProgram::CheckShaderCompileStatus(9) successful.
2016-08-20 16:19:41:799[Debug        ] ShaderProgram::AddShader() : glCompileShader() successful
2016-08-20 16:19:41:799[Info         ] ShaderInfo saved successfully.
2016-08-20 16:19:41:799[Debug        ] ShaderProgram::AddShader() : glAttachShader() successful
2016-08-20 16:19:41:799[Info         ] ShaderProgram::AddShader [9] successful.
2016-08-20 16:19:41:800[Info         ] CheckProgramStatus() successful!
2016-08-20 16:19:41:801[Info         ] CheckProgramStatus() successful!
2016-08-20 16:19:41:801[Info         ] Shader Init started
2016-08-20 16:19:41:801[Info         ] Shader Program created.
2016-08-20 16:19:41:801[Process      ] ShaderProgram::Initialize()[10] successful!
2016-08-20 16:19:41:801[Debug        ] File [..\Data\shaders\framebuffer.vert.shader] Opened successfully! Buffer Length:[305]
2016-08-20 16:19:41:801[Debug        ] Shader file [..\Data\shaders\framebuffer.vert.shader] contents:
//BEGIN
#version 430 core

layout (location = 0)  in vec3 vPosition;
layout (location = 1)  in vec2 vUV;

layout (location = 16) uniform mat4 MAT;

//out data
out vec2 UV;

//out vec4 color;

void main()
{
	vec4 vertPos = vec4(vPosition, 1.0);
	gl_Position = MAT *  vertPos;

	UV = vUV;
	
	
}
//END

2016-08-20 16:19:41:801[Debug        ]  ShaderProgram::AddShader() file with data was read in
2016-08-20 16:19:41:801[Debug        ] ShaderProgram::AddShader() : glShaderSource() successful
2016-08-20 16:19:41:801[Debug        ] ShaderProgram::AddShader() : glCompileShader() successful
2016-08-20 16:19:41:801[Info         ] ShaderProgram::CheckShaderCompileStatus(11) successful.
2016-08-20 16:19:41:801[Debug        ] ShaderProgram::AddShader() : glCompileShader() successful
2016-08-20 16:19:41:801[Info         ] ShaderInfo saved successfully.
2016-08-20 16:19:41:801[Debug        ] ShaderProgram::AddShader() : glAttachShader() successful
2016-08-20 16:19:41:801[Info         ] ShaderProgram::AddShader [11] successful.
2016-08-20 16:19:41:801[Debug        ] File [..\Data\shaders\framebuffer.frag.shader] Opened successfully! Buffer Length:[275]
2016-08-20 16:19:41:801[Debug        ] Shader file [..\Data\shaders\framebuffer.frag.shader] contents:
//BEGIN
#version 430 core


in  vec2 UV;
out vec4 outColor;

layout(location = 20) uniform sampler2D textureSampler;

void main()
{


	vec3 tempCol = texture(textureSampler, UV).rgb;

	outColor = vec4(tempCol.r / 1.5f, tempCol.g / 1.5f, tempCol.b / 1.5f, 1.0f);
}


//END

2016-08-20 16:19:41:801[Debug        ]  ShaderProgram::AddShader() file with data was read in
2016-08-20 16:19:41:801[Debug        ] ShaderProgram::AddShader() : glShaderSource() successful
2016-08-20 16:19:41:801[Debug        ] ShaderProgram::AddShader() : glCompileShader() successful
2016-08-20 16:19:41:801[Info         ] ShaderProgram::CheckShaderCompileStatus(12) successful.
2016-08-20 16:19:41:801[Debug        ] ShaderProgram::AddShader() : glCompileShader() successful
2016-08-20 16:19:41:801[Info         ] ShaderInfo saved successfully.
2016-08-20 16:19:41:801[Debug        ] ShaderProgram::AddShader() : glAttachShader() successful
2016-08-20 16:19:41:801[Info         ] ShaderProgram::AddShader [12] successful.
2016-08-20 16:19:41:802[Info         ] CheckProgramStatus() successful!
2016-08-20 16:19:41:802[Info         ] CheckProgramStatus() successful!
2016-08-20 16:19:41:802[Info         ] Shader Init started
2016-08-20 16:19:41:803[Info         ] Shader Program created.
2016-08-20 16:19:41:803[Process      ] ShaderProgram::Initialize()[13] successful!
2016-08-20 16:19:41:803[Debug        ] File [..\Data\shaders\lighting.vert.shader] Opened successfully! Buffer Length:[1145]
2016-08-20 16:19:41:803[cDebug       ] Shader file [..\Data\shaders\lighting.vert.shader] is too big to display contents.
2016-08-20 16:19:41:804[Debug        ]  ShaderProgram::AddShader() file with data was read in
2016-08-20 16:19:41:804[Debug        ] ShaderProgram::AddShader() : glShaderSource() successful
2016-08-20 16:19:41:804[Debug        ] ShaderProgram::AddShader() : glCompileShader() successful
2016-08-20 16:19:41:804[Info         ] ShaderProgram::CheckShaderCompileStatus(14) successful.
2016-08-20 16:19:41:804[Debug        ] ShaderProgram::AddShader() : glCompileShader() successful
2016-08-20 16:19:41:805[Info         ] ShaderInfo saved successfully.
2016-08-20 16:19:41:805[Debug        ] ShaderProgram::AddShader() : glAttachShader() successful
2016-08-20 16:19:41:805[Info         ] ShaderProgram::AddShader [14] successful.
2016-08-20 16:19:41:805[Debug        ] File [..\Data\shaders\lighting.frag.shader] Opened successfully! Buffer Length:[1744]
2016-08-20 16:19:41:805[cDebug       ] Shader file [..\Data\shaders\lighting.frag.shader] is too big to display contents.
2016-08-20 16:19:41:806[Debug        ]  ShaderProgram::AddShader() file with data was read in
2016-08-20 16:19:41:806[Debug        ] ShaderProgram::AddShader() : glShaderSource() successful
2016-08-20 16:19:41:807[Debug        ] ShaderProgram::AddShader() : glCompileShader() successful
2016-08-20 16:19:41:807[Info         ] ShaderProgram::CheckShaderCompileStatus(15) successful.
2016-08-20 16:19:41:807[Debug        ] ShaderProgram::AddShader() : glCompileShader() successful
2016-08-20 16:19:41:807[Info         ] ShaderInfo saved successfully.
2016-08-20 16:19:41:807[Debug        ] ShaderProgram::AddShader() : glAttachShader() successful
2016-08-20 16:19:41:807[Info         ] ShaderProgram::AddShader [15] successful.
2016-08-20 16:19:41:810[Info         ] CheckProgramStatus() successful!
2016-08-20 16:19:41:810[Info         ] CheckProgramStatus() successful!
2016-08-20 16:19:41:810[Info         ] Shader Init started
2016-08-20 16:19:41:810[Info         ] Shader Program created.
2016-08-20 16:19:41:810[Process      ] ShaderProgram::Initialize()[16] successful!
2016-08-20 16:19:41:810[Debug        ] File [..\Data\shaders\texlighting.vert.shader] Opened successfully! Buffer Length:[1110]
2016-08-20 16:19:41:810[cDebug       ] Shader file [..\Data\shaders\texlighting.vert.shader] is too big to display contents.
2016-08-20 16:19:41:811[Debug        ]  ShaderProgram::AddShader() file with data was read in
2016-08-20 16:19:41:811[Debug        ] ShaderProgram::AddShader() : glShaderSource() successful
2016-08-20 16:19:41:811[Debug        ] ShaderProgram::AddShader() : glCompileShader() successful
2016-08-20 16:19:41:811[Info         ] ShaderProgram::CheckShaderCompileStatus(17) successful.
2016-08-20 16:19:41:811[Debug        ] ShaderProgram::AddShader() : glCompileShader() successful
2016-08-20 16:19:41:811[Info         ] ShaderInfo saved successfully.
2016-08-20 16:19:41:811[Debug        ] ShaderProgram::AddShader() : glAttachShader() successful
2016-08-20 16:19:41:811[Info         ] ShaderProgram::AddShader [17] successful.
2016-08-20 16:19:41:811[Debug        ] File [..\Data\shaders\texlighting.frag.shader] Opened successfully! Buffer Length:[1717]
2016-08-20 16:19:41:811[cDebug       ] Shader file [..\Data\shaders\texlighting.frag.shader] is too big to display contents.
2016-08-20 16:19:41:814[Debug        ]  ShaderProgram::AddShader() file with data was read in
2016-08-20 16:19:41:814[Debug        ] ShaderProgram::AddShader() : glShaderSource() successful
2016-08-20 16:19:41:815[Debug        ] ShaderProgram::AddShader() : glCompileShader() successful
2016-08-20 16:19:41:815[Info         ] ShaderProgram::CheckShaderCompileStatus(18) successful.
2016-08-20 16:19:41:815[Debug        ] ShaderProgram::AddShader() : glCompileShader() successful
2016-08-20 16:19:41:815[Info         ] ShaderInfo saved successfully.
2016-08-20 16:19:41:815[Debug        ] ShaderProgram::AddShader() : glAttachShader() successful
2016-08-20 16:19:41:815[Info         ] ShaderProgram::AddShader [18] successful.
2016-08-20 16:19:41:818[Info         ] CheckProgramStatus() successful!
2016-08-20 16:19:41:818[Info         ] CheckProgramStatus() successful!
2016-08-20 16:19:41:818[Info         ] Shader Init started
2016-08-20 16:19:41:818[Info         ] Shader Program created.
2016-08-20 16:19:41:818[Process      ] ShaderProgram::Initialize()[19] successful!
2016-08-20 16:19:41:818[Debug        ] File [..\Data\shaders\water.vert.shader] Opened successfully! Buffer Length:[1400]
2016-08-20 16:19:41:819[cDebug       ] Shader file [..\Data\shaders\water.vert.shader] is too big to display contents.
2016-08-20 16:19:41:820[Debug        ]  ShaderProgram::AddShader() file with data was read in
2016-08-20 16:19:41:820[Debug        ] ShaderProgram::AddShader() : glShaderSource() successful
2016-08-20 16:19:41:820[Debug        ] ShaderProgram::AddShader() : glCompileShader() successful
2016-08-20 16:19:41:820[Info         ] ShaderProgram::CheckShaderCompileStatus(20) successful.
2016-08-20 16:19:41:820[Debug        ] ShaderProgram::AddShader() : glCompileShader() successful
2016-08-20 16:19:41:820[Info         ] ShaderInfo saved successfully.
2016-08-20 16:19:41:820[Debug        ] ShaderProgram::AddShader() : glAttachShader() successful
2016-08-20 16:19:41:820[Info         ] ShaderProgram::AddShader [20] successful.
2016-08-20 16:19:41:821[Debug        ] File [..\Data\shaders\water.frag.shader] Opened successfully! Buffer Length:[2436]
2016-08-20 16:19:41:821[cDebug       ] Shader file [..\Data\shaders\water.frag.shader] is too big to display contents.
2016-08-20 16:19:41:822[Debug        ]  ShaderProgram::AddShader() file with data was read in
2016-08-20 16:19:41:822[Debug        ] ShaderProgram::AddShader() : glShaderSource() successful
2016-08-20 16:19:41:822[Debug        ] ShaderProgram::AddShader() : glCompileShader() successful
2016-08-20 16:19:41:822[Info         ] ShaderProgram::CheckShaderCompileStatus(21) successful.
2016-08-20 16:19:41:822[Debug        ] ShaderProgram::AddShader() : glCompileShader() successful
2016-08-20 16:19:41:823[Info         ] ShaderInfo saved successfully.
2016-08-20 16:19:41:823[Debug        ] ShaderProgram::AddShader() : glAttachShader() successful
2016-08-20 16:19:41:823[Info         ] ShaderProgram::AddShader [21] successful.
2016-08-20 16:19:41:825[Info         ] CheckProgramStatus() successful!
2016-08-20 16:19:41:825[Info         ] CheckProgramStatus() successful!
2016-08-20 16:19:41:825[Info         ] GetAttribLocation [vPosition] successful.
2016-08-20 16:19:41:825[Info         ] GetUniformLocation [colorin] successful.
2016-08-20 16:19:41:825[Info         ] GetUniformLocation [MAT] successful.
2016-08-20 16:19:41:825[cProcess     ] RenderEngine::Initialize() successful.
2016-08-20 16:19:41:826[cInfo        ] 
-----------------------------------------------------------------------
 BufferInfo::CreateBuffers()[0] Created buffers:| VERTEX [1] with [80] bytes. || INDEX [2] with [24] bytes |
-----------------------------------------------------------------------

2016-08-20 16:19:41:834[cInfo        ] --------BufferInfo::AddMesh() Added mesh successfully-------
2016-08-20 16:19:41:835[cInfo        ] 
2016-08-20 16:19:41:836[cInfo        ] --------------------| START BUFFER MESH INFO |-------------------------------------
2016-08-20 16:19:41:837[cInfo        ] BufferInfo::AddMesh(): NUM VERTS-----------------[4]
2016-08-20 16:19:41:838[cInfo        ] BufferInfo::AddMesh(): NUM INDICES---------------[6]
2016-08-20 16:19:41:840[cInfo        ] BufferInfo::AddMesh(): VERT OFFSET---------------[0]
2016-08-20 16:19:41:841[cInfo        ] BufferInfo::AddMesh(): INDICES OFFSET (BYTES)----[0]
2016-08-20 16:19:41:842[cInfo        ] --------------------|  END BUFFER MESH INFO  |--------------------------------------
2016-08-20 16:19:41:843[cInfo        ] 

2016-08-20 16:19:41:844[cInfo        ] 
-----------------------------------------------------------------------
 BufferInfo::CreateBuffers()[0] Created buffers:| VERTEX [3] with [96] bytes. || INDEX [4] with [48] bytes |
-----------------------------------------------------------------------

2016-08-20 16:19:41:849[cInfo        ] --------BufferInfo::AddMesh() Added mesh successfully-------
2016-08-20 16:19:41:850[cInfo        ] 
2016-08-20 16:19:41:851[cInfo        ] --------------------| START BUFFER MESH INFO |-------------------------------------
2016-08-20 16:19:41:852[cInfo        ] BufferInfo::AddMesh(): NUM VERTS-----------------[8]
2016-08-20 16:19:41:853[cInfo        ] BufferInfo::AddMesh(): NUM INDICES---------------[24]
2016-08-20 16:19:41:854[cInfo        ] BufferInfo::AddMesh(): VERT OFFSET---------------[0]
2016-08-20 16:19:41:855[cInfo        ] BufferInfo::AddMesh(): INDICES OFFSET (BYTES)----[0]
2016-08-20 16:19:41:856[cInfo        ] --------------------|  END BUFFER MESH INFO  |--------------------------------------
2016-08-20 16:19:41:857[cInfo        ] 

2016-08-20 16:19:41:858[cInfo        ] 
-----------------------------------------------------------------------
 BufferInfo::CreateBuffers()[0] Created buffers:| VERTEX [5] with [864] bytes. || INDEX [6] with [0] bytes |
-----------------------------------------------------------------------

2016-08-20 16:19:41:863[cInfo        ] --------BufferInfo::AddMesh() Added mesh successfully-------
2016-08-20 16:19:41:864[cInfo        ] 
2016-08-20 16:19:41:865[cInfo        ] --------------------| START BUFFER MESH INFO |-------------------------------------
2016-08-20 16:19:41:866[cInfo        ] BufferInfo::AddMesh(): NUM VERTS-----------------[36]
2016-08-20 16:19:41:867[cInfo        ] BufferInfo::AddMesh(): NUM INDICES---------------[0]
2016-08-20 16:19:41:868[cInfo        ] BufferInfo::AddMesh(): VERT OFFSET---------------[0]
2016-08-20 16:19:41:870[cInfo        ] BufferInfo::AddMesh(): INDICES OFFSET (BYTES)----[0]
2016-08-20 16:19:41:871[cInfo        ] --------------------|  END BUFFER MESH INFO  |--------------------------------------
2016-08-20 16:19:41:872[cInfo        ] 

2016-08-20 16:19:41:873[cInfo        ] 
-----------------------------------------------------------------------
 BufferInfo::CreateBuffers()[0] Created buffers:| VERTEX [7] with [144] bytes. || INDEX [8] with [0] bytes |
-----------------------------------------------------------------------

2016-08-20 16:19:41:876[cInfo        ] --------BufferInfo::AddMesh() Added mesh successfully-------
2016-08-20 16:19:41:877[cInfo        ] 
2016-08-20 16:19:41:877[cInfo        ] --------------------| START BUFFER MESH INFO |-------------------------------------
2016-08-20 16:19:41:880[cInfo        ] BufferInfo::AddMesh(): NUM VERTS-----------------[6]
2016-08-20 16:19:41:882[cInfo        ] BufferInfo::AddMesh(): NUM INDICES---------------[0]
2016-08-20 16:19:41:883[cInfo        ] BufferInfo::AddMesh(): VERT OFFSET---------------[0]
2016-08-20 16:19:41:884[cInfo        ] BufferInfo::AddMesh(): INDICES OFFSET (BYTES)----[0]
2016-08-20 16:19:41:884[cInfo        ] --------------------|  END BUFFER MESH INFO  |--------------------------------------
2016-08-20 16:19:41:885[cInfo        ] 

2016-08-20 16:19:41:886[cProcess     ] BufferManager::Initialize() successful.
2016-08-20 16:19:41:887[cInfo        ] 
-----------------------------------------------------------------------
 BufferInfo::CreateBuffers()[0] Created buffers:| VERTEX [9] with [1000000] bytes. || INDEX [10] with [1000000] bytes |
-----------------------------------------------------------------------

2016-08-20 16:19:41:892[cInfo        ] --------BufferInfo::AddMesh() Added mesh successfully-------
2016-08-20 16:19:41:892[cInfo        ] 
2016-08-20 16:19:41:893[cInfo        ] --------------------| START BUFFER MESH INFO |-------------------------------------
2016-08-20 16:19:41:894[cInfo        ] BufferInfo::AddMesh(): NUM VERTS-----------------[24]
2016-08-20 16:19:41:895[cInfo        ] BufferInfo::AddMesh(): NUM INDICES---------------[36]
2016-08-20 16:19:41:896[cInfo        ] BufferInfo::AddMesh(): VERT OFFSET---------------[0]
2016-08-20 16:19:41:897[cInfo        ] BufferInfo::AddMesh(): INDICES OFFSET (BYTES)----[0]
2016-08-20 16:19:41:899[cInfo        ] --------------------|  END BUFFER MESH INFO  |--------------------------------------
2016-08-20 16:19:41:901[cInfo        ] 

2016-08-20 16:19:41:903[cProcess     ] BufferManager::Initialize() successful.
2016-08-20 16:19:41:904[cInfo        ] 
-----------------------------------------------------------------------
 BufferInfo::CreateBuffers()[1] Created buffers:| VERTEX [11] with [1000000] bytes. || INDEX [12] with [1000000] bytes |
-----------------------------------------------------------------------

2016-08-20 16:19:41:909[cInfo        ] --------BufferInfo::AddMesh() Added mesh successfully-------
2016-08-20 16:19:41:910[cInfo        ] 
2016-08-20 16:19:41:911[cInfo        ] --------------------| START BUFFER MESH INFO |-------------------------------------
2016-08-20 16:19:41:912[cInfo        ] BufferInfo::AddMesh(): NUM VERTS-----------------[1536]
2016-08-20 16:19:41:913[cInfo        ] BufferInfo::AddMesh(): NUM INDICES---------------[3072]
2016-08-20 16:19:41:914[cInfo        ] BufferInfo::AddMesh(): VERT OFFSET---------------[0]
2016-08-20 16:19:41:916[cInfo        ] BufferInfo::AddMesh(): INDICES OFFSET (BYTES)----[0]
2016-08-20 16:19:41:918[cInfo        ] --------------------|  END BUFFER MESH INFO  |--------------------------------------
2016-08-20 16:19:41:920[cInfo        ] 

2016-08-20 16:19:41:921[cInfo        ] 
-----------------------------------------------------------------------
 BufferInfo::CreateBuffers()[0] Created buffers:| VERTEX [13] with [3936] bytes. || INDEX [14] with [0] bytes |
-----------------------------------------------------------------------

2016-08-20 16:19:41:929[cInfo        ] --------BufferInfo::AddMesh() Added mesh successfully-------
2016-08-20 16:19:41:931[cInfo        ] 
2016-08-20 16:19:41:931[cInfo        ] --------------------| START BUFFER MESH INFO |-------------------------------------
2016-08-20 16:19:41:932[cInfo        ] BufferInfo::AddMesh(): NUM VERTS-----------------[164]
2016-08-20 16:19:41:934[cInfo        ] BufferInfo::AddMesh(): NUM INDICES---------------[0]
2016-08-20 16:19:41:935[cInfo        ] BufferInfo::AddMesh(): VERT OFFSET---------------[0]
2016-08-20 16:19:41:937[cInfo        ] BufferInfo::AddMesh(): INDICES OFFSET (BYTES)----[0]
2016-08-20 16:19:41:938[cInfo        ] --------------------|  END BUFFER MESH INFO  |--------------------------------------
2016-08-20 16:19:41:939[cInfo        ] 

2016-08-20 16:19:41:940[cProcess     ] ShapeGenerator initialized successfully.
2016-08-20 16:19:41:941[cProcess     ] Camera::Initialize() successful.
2016-08-20 16:19:41:942[cProcess     ] Keyboard::Initialize() successful
2016-08-20 16:19:41:943[cProcess     ] Keyboard::Initialize() successful
2016-08-20 16:19:41:956[cInfo        ] 
-----------------------------------------------------------------------
 BufferInfo::CreateBuffers()[0] Created buffers:| VERTEX [15] with [10810368] bytes. || INDEX [16] with [0] bytes |
-----------------------------------------------------------------------

2016-08-20 16:19:41:983[cInfo        ] --------BufferInfo::AddMesh() Added mesh successfully-------
2016-08-20 16:19:41:985[cInfo        ] 
2016-08-20 16:19:41:985[cInfo        ] --------------------| START BUFFER MESH INFO |-------------------------------------
2016-08-20 16:19:41:987[cInfo        ] BufferInfo::AddMesh(): NUM VERTS-----------------[337824]
2016-08-20 16:19:41:988[cInfo        ] BufferInfo::AddMesh(): NUM INDICES---------------[0]
2016-08-20 16:19:41:990[cInfo        ] BufferInfo::AddMesh(): VERT OFFSET---------------[0]
2016-08-20 16:19:41:993[cInfo        ] BufferInfo::AddMesh(): INDICES OFFSET (BYTES)----[0]
2016-08-20 16:19:41:994[cInfo        ] --------------------|  END BUFFER MESH INFO  |--------------------------------------
2016-08-20 16:19:41:996[cInfo        ] 

2016-08-20 16:19:42:034[Info         ] ShapeGenerator::ReadSceneFile(): Added new scene [..\Data\Scenes\Dargon.ptn.scene] successfully.
2016-08-20 16:19:42:034[cInfo        ] EntityManager::BuildPlayerEntity(): Built [Dargon] successfully
2016-08-20 16:19:42:039[cProcess     ] BufferManager::Initialize() successful.
2016-08-20 16:19:42:047[cInfo        ] 
-----------------------------------------------------------------------
 BufferInfo::CreateBuffers()[2] Created buffers:| VERTEX [17] with [1000000] bytes. || INDEX [18] with [1000000] bytes |
-----------------------------------------------------------------------

2016-08-20 16:19:42:054[cInfo        ] --------BufferInfo::AddMesh() Added mesh successfully-------
2016-08-20 16:19:42:055[cInfo        ] 
2016-08-20 16:19:42:056[cInfo        ] --------------------| START BUFFER MESH INFO |-------------------------------------
2016-08-20 16:19:42:057[cInfo        ] BufferInfo::AddMesh(): NUM VERTS-----------------[36]
2016-08-20 16:19:42:059[cInfo        ] BufferInfo::AddMesh(): NUM INDICES---------------[0]
2016-08-20 16:19:42:060[cInfo        ] BufferInfo::AddMesh(): VERT OFFSET---------------[0]
2016-08-20 16:19:42:061[cInfo        ] BufferInfo::AddMesh(): INDICES OFFSET (BYTES)----[0]
2016-08-20 16:19:42:063[cInfo        ] --------------------|  END BUFFER MESH INFO  |--------------------------------------
2016-08-20 16:19:42:065[cInfo        ] 

2016-08-20 16:19:42:066[Info         ] ShapeGenerator::ReadSceneFile(): Added new scene [..\Data\Scenes\Cube.pn.scene] successfully.
2016-08-20 16:19:42:066[cProcess     ] BufferManager::Initialize() successful.
2016-08-20 16:19:42:067[cInfo        ] 
-----------------------------------------------------------------------
 BufferInfo::CreateBuffers()[3] Created buffers:| VERTEX [19] with [1000000] bytes. || INDEX [20] with [1000000] bytes |
-----------------------------------------------------------------------

2016-08-20 16:19:42:071[cInfo        ] --------BufferInfo::AddMesh() Added mesh successfully-------
2016-08-20 16:19:42:073[cInfo        ] 
2016-08-20 16:19:42:074[cInfo        ] --------------------| START BUFFER MESH INFO |-------------------------------------
2016-08-20 16:19:42:075[cInfo        ] BufferInfo::AddMesh(): NUM VERTS-----------------[8718]
2016-08-20 16:19:42:076[cInfo        ] BufferInfo::AddMesh(): NUM INDICES---------------[0]
2016-08-20 16:19:42:077[cInfo        ] BufferInfo::AddMesh(): VERT OFFSET---------------[0]
2016-08-20 16:19:42:078[cInfo        ] BufferInfo::AddMesh(): INDICES OFFSET (BYTES)----[0]
2016-08-20 16:19:42:079[cInfo        ] --------------------|  END BUFFER MESH INFO  |--------------------------------------
2016-08-20 16:19:42:080[cInfo        ] 

2016-08-20 16:19:42:084[Info         ] ShapeGenerator::ReadSceneFile(): Added new scene [..\Data\Scenes\AIWorld.ptn.scene] successfully.
2016-08-20 16:19:42:085[cInfo        ] --------BufferInfo::AddMesh() Added mesh successfully-------
2016-08-20 16:19:42:086[cInfo        ] 
2016-08-20 16:19:42:086[cInfo        ] --------------------| START BUFFER MESH INFO |-------------------------------------
2016-08-20 16:19:42:087[cInfo        ] BufferInfo::AddMesh(): NUM VERTS-----------------[18]
2016-08-20 16:19:42:089[cInfo        ] BufferInfo::AddMesh(): NUM INDICES---------------[0]
2016-08-20 16:19:42:091[cInfo        ] BufferInfo::AddMesh(): VERT OFFSET---------------[36]
2016-08-20 16:19:42:092[cInfo        ] BufferInfo::AddMesh(): INDICES OFFSET (BYTES)----[0]
2016-08-20 16:19:42:094[cInfo        ] --------------------|  END BUFFER MESH INFO  |--------------------------------------
2016-08-20 16:19:42:096[cInfo        ] 

2016-08-20 16:19:42:097[Info         ] ShapeGenerator::ReadSceneFile(): Added new scene [..\Data\Scenes\Pyramid.pn.scene] successfully.
2016-08-20 16:19:42:103[cInfo        ] 
-----------------------------------------------------------------------
 BufferInfo::CreateBuffers()[0] Created buffers:| VERTEX [21] with [5529600] bytes. || INDEX [22] with [0] bytes |
-----------------------------------------------------------------------

2016-08-20 16:19:42:122[cInfo        ] --------BufferInfo::AddMesh() Added mesh successfully-------
2016-08-20 16:19:42:123[cInfo        ] 
2016-08-20 16:19:42:124[cInfo        ] --------------------| START BUFFER MESH INFO |-------------------------------------
2016-08-20 16:19:42:126[cInfo        ] BufferInfo::AddMesh(): NUM VERTS-----------------[172800]
2016-08-20 16:19:42:127[cInfo        ] BufferInfo::AddMesh(): NUM INDICES---------------[0]
2016-08-20 16:19:42:129[cInfo        ] BufferInfo::AddMesh(): VERT OFFSET---------------[0]
2016-08-20 16:19:42:131[cInfo        ] BufferInfo::AddMesh(): INDICES OFFSET (BYTES)----[0]
2016-08-20 16:19:42:132[cInfo        ] --------------------|  END BUFFER MESH INFO  |--------------------------------------
2016-08-20 16:19:42:134[cInfo        ] 

2016-08-20 16:19:42:135[Info         ] ShapeGenerator::ReadSceneFile(): Added new scene [..\Data\Scenes\WaterPlane.ptn.scene] successfully.
2016-08-20 16:19:42:136[cProcess     ] Camera::Initialize() successful.
2016-08-20 16:19:42:147[cProcess     ] BufferManager::Initialize() successful.
2016-08-20 16:19:42:148[cInfo        ] 
-----------------------------------------------------------------------
 BufferInfo::CreateBuffers()[4] Created buffers:| VERTEX [23] with [8107776] bytes. || INDEX [24] with [0] bytes |
-----------------------------------------------------------------------

2016-08-20 16:19:42:164[cInfo        ] --------BufferInfo::AddMesh() Added mesh successfully-------
2016-08-20 16:19:42:165[cInfo        ] 
2016-08-20 16:19:42:166[cInfo        ] --------------------| START BUFFER MESH INFO |-------------------------------------
2016-08-20 16:19:42:167[cInfo        ] BufferInfo::AddMesh(): NUM VERTS-----------------[337824]
2016-08-20 16:19:42:168[cInfo        ] BufferInfo::AddMesh(): NUM INDICES---------------[0]
2016-08-20 16:19:42:168[cInfo        ] BufferInfo::AddMesh(): VERT OFFSET---------------[0]
2016-08-20 16:19:42:169[cInfo        ] BufferInfo::AddMesh(): INDICES OFFSET (BYTES)----[0]
2016-08-20 16:19:42:170[cInfo        ] --------------------|  END BUFFER MESH INFO  |--------------------------------------
2016-08-20 16:19:42:171[cInfo        ] 

2016-08-20 16:19:42:172[Info         ] ShapeGenerator::ReadSceneFile(): Added new scene [..\Data\Scenes\Dargon.pn.scene] successfully.
2016-08-20 16:19:42:172[cProcess     ] BufferManager::Initialize() successful.
2016-08-20 16:19:42:173[cInfo        ] 
-----------------------------------------------------------------------
 BufferInfo::CreateBuffers()[5] Created buffers:| VERTEX [25] with [1000000] bytes. || INDEX [26] with [1000000] bytes |
-----------------------------------------------------------------------

2016-08-20 16:19:42:178[cInfo        ] --------BufferInfo::AddMesh() Added mesh successfully-------
2016-08-20 16:19:42:179[cInfo        ] 
2016-08-20 16:19:42:179[cInfo        ] --------------------| START BUFFER MESH INFO |-------------------------------------
2016-08-20 16:19:42:181[cInfo        ] BufferInfo::AddMesh(): NUM VERTS-----------------[6]
2016-08-20 16:19:42:182[cInfo        ] BufferInfo::AddMesh(): NUM INDICES---------------[0]
2016-08-20 16:19:42:183[cInfo        ] BufferInfo::AddMesh(): VERT OFFSET---------------[0]
2016-08-20 16:19:42:184[cInfo        ] BufferInfo::AddMesh(): INDICES OFFSET (BYTES)----[0]
2016-08-20 16:19:42:185[cInfo        ] --------------------|  END BUFFER MESH INFO  |--------------------------------------
2016-08-20 16:19:42:186[cInfo        ] 

2016-08-20 16:19:42:187[cProcess     ] BodaciousQuest::Initialize() successful.
2016-08-20 16:19:42:188[Process      ] GameTime::Initialize() ok

2016-08-20 16:19:42:188[cProcess     ] MyWindow::Initialize() successful!
2016-08-20 16:19:50:565[cProcess     ] BufferManager::Shutdown() successful.
2016-08-20 16:19:50:566[cProcess     ] RenderEngine::Shutdown() successful.
2016-08-20 16:19:50:567[cProcess     ] Camera::Shutdown() successful.
2016-08-20 16:19:50:569[Info         ] Shader  [2] deleting...
2016-08-20 16:19:50:569[Info         ] Shader  [2] deleted successfully.
2016-08-20 16:19:50:569[Info         ] Shader  [3] deleting...
2016-08-20 16:19:50:569[Info         ] Shader  [3] deleted successfully.
2016-08-20 16:19:50:569[Info         ] All shaders deleted successfully.
2016-08-20 16:19:50:569[cInfo        ] Program [1] deleted successfully.
2016-08-20 16:19:50:569[Process      ] ShaderProgram[1]::Shutdown successful!
2016-08-20 16:19:50:570[Info         ] Shader  [5] deleting...
2016-08-20 16:19:50:570[Info         ] Shader  [5] deleted successfully.
2016-08-20 16:19:50:570[Info         ] Shader  [6] deleting...
2016-08-20 16:19:50:570[Info         ] Shader  [6] deleted successfully.
2016-08-20 16:19:50:570[Info         ] All shaders deleted successfully.
2016-08-20 16:19:50:570[cInfo        ] Program [4] deleted successfully.
2016-08-20 16:19:50:570[Process      ] ShaderProgram[4]::Shutdown successful!
2016-08-20 16:19:50:571[Info         ] Shader  [8] deleting...
2016-08-20 16:19:50:571[Info         ] Shader  [8] deleted successfully.
2016-08-20 16:19:50:571[Info         ] Shader  [9] deleting...
2016-08-20 16:19:50:571[Info         ] Shader  [9] deleted successfully.
2016-08-20 16:19:50:571[Info         ] All shaders deleted successfully.
2016-08-20 16:19:50:571[cInfo        ] Program [7] deleted successfully.
2016-08-20 16:19:50:571[Process      ] ShaderProgram[7]::Shutdown successful!
2016-08-20 16:19:50:571[Info         ] Shader  [11] deleting...
2016-08-20 16:19:50:572[Info         ] Shader  [11] deleted successfully.
2016-08-20 16:19:50:572[Info         ] Shader  [12] deleting...
2016-08-20 16:19:50:572[Info         ] Shader  [12] deleted successfully.
2016-08-20 16:19:50:572[Info         ] All shaders deleted successfully.
2016-08-20 16:19:50:572[cInfo        ] Program [10] deleted successfully.
2016-08-20 16:19:50:572[Process      ] ShaderProgram[10]::Shutdown successful!
2016-08-20 16:19:50:572[Info         ] Shader  [14] deleting...
2016-08-20 16:19:50:572[Info         ] Shader  [14] deleted successfully.
2016-08-20 16:19:50:572[Info         ] Shader  [15] deleting...
2016-08-20 16:19:50:572[Info         ] Shader  [15] deleted successfully.
2016-08-20 16:19:50:572[Info         ] All shaders deleted successfully.
2016-08-20 16:19:50:573[cInfo        ] Program [13] deleted successfully.
2016-08-20 16:19:50:573[Process      ] ShaderProgram[13]::Shutdown successful!
2016-08-20 16:19:50:573[Info         ] Shader  [17] deleting...
2016-08-20 16:19:50:573[Info         ] Shader  [17] deleted successfully.
2016-08-20 16:19:50:573[Info         ] Shader  [18] deleting...
2016-08-20 16:19:50:573[Info         ] Shader  [18] deleted successfully.
2016-08-20 16:19:50:573[Info         ] All shaders deleted successfully.
2016-08-20 16:19:50:573[cInfo        ] Program [16] deleted successfully.
2016-08-20 16:19:50:576[Process      ] ShaderProgram[16]::Shutdown successful!
2016-08-20 16:19:50:576[Info         ] Shader  [20] deleting...
2016-08-20 16:19:50:576[Info         ] Shader  [20] deleted successfully.
2016-08-20 16:19:50:576[Info         ] Shader  [21] deleting...
2016-08-20 16:19:50:576[Info         ] Shader  [21] deleted successfully.
2016-08-20 16:19:50:576[Info         ] All shaders deleted successfully.
2016-08-20 16:19:50:576[cInfo        ] Program [19] deleted successfully.
2016-08-20 16:19:50:577[Process      ] ShaderProgram[19]::Shutdown successful!
2016-08-20 16:19:50:577[cProcess     ] MyWindow::Shutdown() successful!
2016-08-20 16:19:50:577[cProcess     ] BodaciousQuest::Shutdown() successful.
2016-08-20 16:19:50:589[Process      ] ConfigReader shut down successfully
2016-08-20 16:19:50:589[Process      ] GameLogger::ShutDown() successful
