2016-08-18 14:36:35:561[Process      ] GameLogger::Initialize() opened log file [..\Data\LogFiles\2016-08-18 14-36-35.BodaciousQuest.log] for writing
2016-08-18 14:36:35:561[Info         ] GameLogger::Initialize() successful
2016-08-18 14:36:35:561[Process      ] ConfigReader opened [..\Data\BodaciousQuest.config] successfully
2016-08-18 14:36:35:561[Info         ] ConfigReader initialized successfully
2016-08-18 14:36:35:561[Info         ] Valid KVP [BodaciousQuest.ShowFullScreen] [false] added
2016-08-18 14:36:35:561[Info         ] Valid KVP [BodaciousQuest.FpsInterval] [5.0] added
2016-08-18 14:36:35:563[Info         ] Valid KVP [BodaciousQuest.EnableControls] [true] added
2016-08-18 14:36:35:564[Info         ] Valid KVP [BodaciousQuest.LoadCubeFirst] [true] added
2016-08-18 14:36:35:564[Info         ] Valid KVP [BodaciousQuest.CameraWalkMode] [false] added
2016-08-18 14:36:35:564[Info         ] Valid KVP [BodaciousQuest.GridSize] [40] added
2016-08-18 14:36:35:564[Info         ] Valid KVP [BodaciousQuest.LightingTest.Ambient.Color] [1.0  1.0  1.0] added
2016-08-18 14:36:35:564[Info         ] Valid KVP [BodaciousQuest.LightingTest.Diffuse.Color] [1.0  1.0  1.0] added
2016-08-18 14:36:35:564[Info         ] Valid KVP [BodaciousQuest.LightingTest.Specular.Color] [0.0  0.0  0.0] added
2016-08-18 14:36:35:564[Info         ] Valid KVP [BodaciousQuest.LightingTest.Ambient.Reflectivity] [0.01] added
2016-08-18 14:36:35:564[Info         ] Valid KVP [BodaciousQuest.LightingTest.Diffuse.Reflectivity] [0.6] added
2016-08-18 14:36:35:564[Info         ] Valid KVP [BodaciousQuest.LightingTest.Specular.Reflectivity] [0.5] added
2016-08-18 14:36:35:564[Info         ] Valid KVP [BodaciousQuest.LightingTest.Specular.Shininess] [1.0] added
2016-08-18 14:36:35:564[Info         ] Valid KVP [BodaciousQuest.LightingTest.Falloff.A] [1.0] added
2016-08-18 14:36:35:564[Info         ] Valid KVP [BodaciousQuest.LightingTest.Falloff.B] [0.01] added
2016-08-18 14:36:35:564[Info         ] Valid KVP [BodaciousQuest.LightingTest.Falloff.C] [0.1] added
2016-08-18 14:36:35:564[Info         ] Valid KVP [BodaciousQuest.LightingTest.Directional] [false] added
2016-08-18 14:36:35:564[Info         ] Valid KVP [BodaciousQuest.LightingTest.Direction] [-1.0 0.0 1.0] added
2016-08-18 14:36:35:564[Info         ] Valid KVP [BodaciousQuest.LightingTest.Light.Position] [-0.875458 3.673020 1.043331] added
2016-08-18 14:36:35:564[Info         ] Valid KVP [BodaciousQuest.LightingTest.Dargon.Color] [1.0 1.0 0.4] added
2016-08-18 14:36:35:564[Info         ] Valid KVP [ObjConverter.Mode.VertexType] [p] added
2016-08-18 14:36:35:564[Info         ] Valid KVP [ObjConverter.Mode.Analyze] [false] added
2016-08-18 14:36:35:564[Info         ] Valid KVP [ObjConverter.Model] [AIWorld] added
2016-08-18 14:36:35:564[Info         ] Valid KVP [ObjConverter.Shader] [0] added
2016-08-18 14:36:35:564[Info         ] Valid KVP [ObjConverter.Color] [random] added
2016-08-18 14:36:35:564[Info         ] Valid KVP [ObjConverter.Obj.InputFileFolder] [..\\Data\\Objs\\] added
2016-08-18 14:36:35:564[Info         ] Valid KVP [ObjConverter.Scene.OutputFileFolder] [..\\Data\\Scenes\\] added
2016-08-18 14:36:35:564[Info         ] Valid KVP [ObjConverter.Model.Dargon.NumVerts] [57967] added
2016-08-18 14:36:35:564[Info         ] Valid KVP [ObjConverter.Model.Dargon.NumIndices] [337824] added
2016-08-18 14:36:35:564[Info         ] Valid KVP [ObjConverter.Model.Dargon.NumTexCoords] [60175] added
2016-08-18 14:36:35:564[Info         ] Valid KVP [ObjConverter.Model.Dargon.NumNormals] [337824] added
2016-08-18 14:36:35:564[Info         ] Valid KVP [ObjConverter.Model.Swamp.NumVerts] [2735] added
2016-08-18 14:36:35:564[Info         ] Valid KVP [ObjConverter.Model.Swamp.NumIndices] [8556] added
2016-08-18 14:36:35:564[Info         ] Valid KVP [ObjConverter.Model.Swamp.NumTexCoords] [3622] added
2016-08-18 14:36:35:564[Info         ] Valid KVP [ObjConverter.Model.Swamp.NumNormals] [5156] added
2016-08-18 14:36:35:564[Info         ] Valid KVP [ObjConverter.Model.Pyramid.NumVerts] [5] added
2016-08-18 14:36:35:564[Info         ] Valid KVP [ObjConverter.Model.Pyramid.NumIndices] [18] added
2016-08-18 14:36:35:564[Info         ] Valid KVP [ObjConverter.Model.Pyramid.NumTexCoords] [10] added
2016-08-18 14:36:35:564[Info         ] Valid KVP [ObjConverter.Model.Pyramid.NumNormals] [16] added
2016-08-18 14:36:35:564[Info         ] Valid KVP [ObjConverter.Model.AIWorld.NumVerts] [1957] added
2016-08-18 14:36:35:564[Info         ] Valid KVP [ObjConverter.Model.AIWorld.NumIndices] [8718] added
2016-08-18 14:36:35:564[Info         ] Valid KVP [ObjConverter.Model.AIWorld.NumTexCoords] [4186] added
2016-08-18 14:36:35:564[Info         ] Valid KVP [ObjConverter.Model.AIWorld.NumNormals] [5418] added
2016-08-18 14:36:35:564[Info         ] Valid KVP [ObjConverter.Model.GameWeapon.NumVerts] [2068] added
2016-08-18 14:36:35:564[Info         ] Valid KVP [ObjConverter.Model.GameWeapon.NumIndices] [9894] added
2016-08-18 14:36:35:564[Info         ] Valid KVP [ObjConverter.Model.GameWeapon.NumTexCoords] [0] added
2016-08-18 14:36:35:564[Info         ] Valid KVP [ObjConverter.Model.GameWeapon.NumNormals] [0] added
2016-08-18 14:36:35:565[Info         ] Valid KVP [ObjConverter.Model.Chicken.NumVerts] [224] added
2016-08-18 14:36:35:565[Info         ] Valid KVP [ObjConverter.Model.Chicken.NumIndices] [1374] added
2016-08-18 14:36:35:565[Info         ] Valid KVP [ObjConverter.Model.Chicken.NumTexCoords] [472] added
2016-08-18 14:36:35:565[Info         ] Valid KVP [ObjConverter.Model.Chicken.NumNormals] [565] added
2016-08-18 14:36:35:565[Info         ] Valid KVP [ObjConverter.Model.WaterPlane.NumVerts] [29282] added
2016-08-18 14:36:35:565[Info         ] Valid KVP [ObjConverter.Model.WaterPlane.NumIndices] [172800] added
2016-08-18 14:36:35:565[Info         ] Valid KVP [ObjConverter.Model.WaterPlane.NumTexCoords] [29282] added
2016-08-18 14:36:35:565[Info         ] Valid KVP [ObjConverter.Model.WaterPlane.NumNormals] [172800] added
2016-08-18 14:36:35:565[Info         ] Valid KVP [ObjConverter.Model.Cube.NumVerts] [8] added
2016-08-18 14:36:35:565[Info         ] Valid KVP [ObjConverter.Model.Cube.NumIndices] [36] added
2016-08-18 14:36:35:565[Info         ] Valid KVP [ObjConverter.Model.Cube.NumTexCoords] [14] added
2016-08-18 14:36:35:565[Info         ] Valid KVP [ObjConverter.Model.Cube.NumNormals] [24] added
2016-08-18 14:36:35:565[Info         ] Valid KVP [ObjConverter.Model.Barrel.NumVerts] [172] added
2016-08-18 14:36:35:565[Info         ] Valid KVP [ObjConverter.Model.Barrel.NumIndices] [1008] added
2016-08-18 14:36:35:565[Info         ] Valid KVP [ObjConverter.Model.Barrel.NumTexCoords] [328] added
2016-08-18 14:36:35:565[Info         ] Valid KVP [ObjConverter.Model.Barrel.NumNormals] [204] added
2016-08-18 14:36:35:565[Info         ] Valid KVP [ObjConverter.Model.SkyBox.NumVerts] [8] added
2016-08-18 14:36:35:565[Info         ] Valid KVP [ObjConverter.Model.SkyBox.NumIndices] [36] added
2016-08-18 14:36:35:565[Info         ] Valid KVP [ObjConverter.Model.SkyBox.NumTexCoords] [18] added
2016-08-18 14:36:35:565[Info         ] Valid KVP [ObjConverter.Model.SkyBox.NumNormals] [24] added
2016-08-18 14:36:35:638[cInfo        ] Config reader opened [..\Data\BodaciousQuest.config] for reading!
2016-08-18 14:36:35:728[Process      ] ShaderManager Initialized successfully
2016-08-18 14:36:35:728[Info         ] Shader Init started
2016-08-18 14:36:35:728[Info         ] Shader Program created.
2016-08-18 14:36:35:728[Process      ] ShaderProgram::Initialize()[1] successful!
2016-08-18 14:36:35:728[Debug        ] File [..\Data\shaders\debug.vert.shader] Opened successfully! Buffer Length:[291]
2016-08-18 14:36:35:728[Debug        ] Shader file [..\Data\shaders\debug.vert.shader] contents:
//BEGIN
#version 430 core

layout(location = 0)  in vec3 vPosition;

layout(location = 15) uniform vec3 colorin;
layout(location = 16) uniform mat4 MAT;

out vec4 color;

void main()
{
	vec4 vertPos = vec4(vPosition, 1.0);
	gl_Position = MAT *  vertPos;
	color = vec4(colorin, 1.0);
}
//END

2016-08-18 14:36:35:728[Debug        ]  ShaderProgram::AddShader() file with data was read in
2016-08-18 14:36:35:728[Debug        ] ShaderProgram::AddShader() : glShaderSource() successful
2016-08-18 14:36:35:728[Debug        ] ShaderProgram::AddShader() : glCompileShader() successful
2016-08-18 14:36:35:728[Info         ] ShaderProgram::CheckShaderCompileStatus(2) successful.
2016-08-18 14:36:35:728[Debug        ] ShaderProgram::AddShader() : glCompileShader() successful
2016-08-18 14:36:35:728[Info         ] ShaderInfo saved successfully.
2016-08-18 14:36:35:729[Debug        ] ShaderProgram::AddShader() : glAttachShader() successful
2016-08-18 14:36:35:729[Info         ] ShaderProgram::AddShader [2] successful.
2016-08-18 14:36:35:729[Debug        ] File [..\Data\shaders\debug.frag.shader] Opened successfully! Buffer Length:[104]
2016-08-18 14:36:35:729[Debug        ] Shader file [..\Data\shaders\debug.frag.shader] contents:
//BEGIN
#version 430 core


in  vec4 color;
out vec4 outColor;

void main()
{
	outColor = color;
}


//END

2016-08-18 14:36:35:729[Debug        ]  ShaderProgram::AddShader() file with data was read in
2016-08-18 14:36:35:729[Debug        ] ShaderProgram::AddShader() : glShaderSource() successful
2016-08-18 14:36:35:729[Debug        ] ShaderProgram::AddShader() : glCompileShader() successful
2016-08-18 14:36:35:729[Info         ] ShaderProgram::CheckShaderCompileStatus(3) successful.
2016-08-18 14:36:35:729[Debug        ] ShaderProgram::AddShader() : glCompileShader() successful
2016-08-18 14:36:35:729[Info         ] ShaderInfo saved successfully.
2016-08-18 14:36:35:729[Debug        ] ShaderProgram::AddShader() : glAttachShader() successful
2016-08-18 14:36:35:729[Info         ] ShaderProgram::AddShader [3] successful.
2016-08-18 14:36:35:731[Info         ] CheckProgramStatus() successful!
2016-08-18 14:36:35:731[Info         ] CheckProgramStatus() successful!
2016-08-18 14:36:35:731[Info         ] Shader Init started
2016-08-18 14:36:35:731[Info         ] Shader Program created.
2016-08-18 14:36:35:731[Process      ] ShaderProgram::Initialize()[4] successful!
2016-08-18 14:36:35:731[Debug        ] File [..\Data\shaders\play.vert.shader] Opened successfully! Buffer Length:[343]
2016-08-18 14:36:35:731[Debug        ] Shader file [..\Data\shaders\play.vert.shader] contents:
//BEGIN
#version 430 core

layout (location = 0)  in vec3 vPosition;
layout (location = 1)  in vec3 vColor;
layout (location = 15) uniform vec3 colorin;
layout (location = 16) uniform mat4 MAT;

out vec4 color;

void main()
{
	vec4 vertPos = vec4(vPosition, 1.0);
	gl_Position = MAT *  vertPos;
	color = vec4((vColor + colorin), 1.0);
}
//END

2016-08-18 14:36:35:731[Debug        ]  ShaderProgram::AddShader() file with data was read in
2016-08-18 14:36:35:731[Debug        ] ShaderProgram::AddShader() : glShaderSource() successful
2016-08-18 14:36:35:731[Debug        ] ShaderProgram::AddShader() : glCompileShader() successful
2016-08-18 14:36:35:731[Info         ] ShaderProgram::CheckShaderCompileStatus(5) successful.
2016-08-18 14:36:35:731[Debug        ] ShaderProgram::AddShader() : glCompileShader() successful
2016-08-18 14:36:35:731[Info         ] ShaderInfo saved successfully.
2016-08-18 14:36:35:731[Debug        ] ShaderProgram::AddShader() : glAttachShader() successful
2016-08-18 14:36:35:731[Info         ] ShaderProgram::AddShader [5] successful.
2016-08-18 14:36:35:731[Debug        ] File [..\Data\shaders\play.frag.shader] Opened successfully! Buffer Length:[391]
2016-08-18 14:36:35:731[Debug        ] Shader file [..\Data\shaders\play.frag.shader] contents:
//BEGIN
#version 430 core


in  vec4 color;
out vec4 outColor;

void main()
{

	//if (color.r < .7) discard;
	outColor = color;

	//if(((gl_FragCoord.x  > 600)&& (gl_FragCoord.y < 300)) || ((gl_FragCoord.y < 300)  && (gl_FragCoord.x  < 600) )) {
	//discard;
	//}

	//vec2 scrPos = vec2(gl_FragCoord) - vec2(350,150);
	//float len =  length(scrPos);
	//if(len < 50 )discard;
}


//END

2016-08-18 14:36:35:731[Debug        ]  ShaderProgram::AddShader() file with data was read in
2016-08-18 14:36:35:731[Debug        ] ShaderProgram::AddShader() : glShaderSource() successful
2016-08-18 14:36:35:732[Debug        ] ShaderProgram::AddShader() : glCompileShader() successful
2016-08-18 14:36:35:732[Info         ] ShaderProgram::CheckShaderCompileStatus(6) successful.
2016-08-18 14:36:35:732[Debug        ] ShaderProgram::AddShader() : glCompileShader() successful
2016-08-18 14:36:35:732[Info         ] ShaderInfo saved successfully.
2016-08-18 14:36:35:732[Debug        ] ShaderProgram::AddShader() : glAttachShader() successful
2016-08-18 14:36:35:732[Info         ] ShaderProgram::AddShader [6] successful.
2016-08-18 14:36:35:733[Info         ] CheckProgramStatus() successful!
2016-08-18 14:36:35:733[Info         ] CheckProgramStatus() successful!
2016-08-18 14:36:35:733[Info         ] Shader Init started
2016-08-18 14:36:35:733[Info         ] Shader Program created.
2016-08-18 14:36:35:733[Process      ] ShaderProgram::Initialize()[7] successful!
2016-08-18 14:36:35:734[Debug        ] File [..\Data\shaders\texture.vert.shader] Opened successfully! Buffer Length:[305]
2016-08-18 14:36:35:734[Debug        ] Shader file [..\Data\shaders\texture.vert.shader] contents:
//BEGIN
#version 430 core

layout (location = 0)  in vec3 vPosition;
layout (location = 1)  in vec2 vUV;

layout (location = 16) uniform mat4 MAT;

//out data
out vec2 UV;

//out vec4 color;

void main()
{
	vec4 vertPos = vec4(vPosition, 1.0);
	gl_Position = MAT *  vertPos;

	UV = vUV;
	
	
}
//END

2016-08-18 14:36:35:734[Debug        ]  ShaderProgram::AddShader() file with data was read in
2016-08-18 14:36:35:734[Debug        ] ShaderProgram::AddShader() : glShaderSource() successful
2016-08-18 14:36:35:734[Debug        ] ShaderProgram::AddShader() : glCompileShader() successful
2016-08-18 14:36:35:734[Info         ] ShaderProgram::CheckShaderCompileStatus(8) successful.
2016-08-18 14:36:35:734[Debug        ] ShaderProgram::AddShader() : glCompileShader() successful
2016-08-18 14:36:35:734[Info         ] ShaderInfo saved successfully.
2016-08-18 14:36:35:734[Debug        ] ShaderProgram::AddShader() : glAttachShader() successful
2016-08-18 14:36:35:734[Info         ] ShaderProgram::AddShader [8] successful.
2016-08-18 14:36:35:734[Debug        ] File [..\Data\shaders\texture.frag.shader] Opened successfully! Buffer Length:[482]
2016-08-18 14:36:35:734[Debug        ] Shader file [..\Data\shaders\texture.frag.shader] contents:
//BEGIN
#version 430 core


in  vec2 UV;
out vec4 outColor;

layout(location = 20) uniform sampler2D textureSampler;

void main()
{

	//if (color.r < .7) discard;
	outColor = vec4(texture(textureSampler, UV).rgb, 1.0);

	//if(((gl_FragCoord.x  > 600)&& (gl_FragCoord.y < 300)) || ((gl_FragCoord.y < 300)  && (gl_FragCoord.x  < 600) )) {
	//discard;
	//}
	//vec2 scrPos = vec2(gl_FragCoord) - vec2(350,150);
	//float len =  length(scrPos);
	//if(len < 50 )discard;
}


//END

2016-08-18 14:36:35:734[Debug        ]  ShaderProgram::AddShader() file with data was read in
2016-08-18 14:36:35:734[Debug        ] ShaderProgram::AddShader() : glShaderSource() successful
2016-08-18 14:36:35:735[Debug        ] ShaderProgram::AddShader() : glCompileShader() successful
2016-08-18 14:36:35:735[Info         ] ShaderProgram::CheckShaderCompileStatus(9) successful.
2016-08-18 14:36:35:735[Debug        ] ShaderProgram::AddShader() : glCompileShader() successful
2016-08-18 14:36:35:735[Info         ] ShaderInfo saved successfully.
2016-08-18 14:36:35:735[Debug        ] ShaderProgram::AddShader() : glAttachShader() successful
2016-08-18 14:36:35:735[Info         ] ShaderProgram::AddShader [9] successful.
2016-08-18 14:36:35:736[Info         ] CheckProgramStatus() successful!
2016-08-18 14:36:35:736[Info         ] CheckProgramStatus() successful!
2016-08-18 14:36:35:736[Info         ] Shader Init started
2016-08-18 14:36:35:736[Info         ] Shader Program created.
2016-08-18 14:36:35:736[Process      ] ShaderProgram::Initialize()[10] successful!
2016-08-18 14:36:35:736[Debug        ] File [..\Data\shaders\framebuffer.vert.shader] Opened successfully! Buffer Length:[305]
2016-08-18 14:36:35:736[Debug        ] Shader file [..\Data\shaders\framebuffer.vert.shader] contents:
//BEGIN
#version 430 core

layout (location = 0)  in vec3 vPosition;
layout (location = 1)  in vec2 vUV;

layout (location = 16) uniform mat4 MAT;

//out data
out vec2 UV;

//out vec4 color;

void main()
{
	vec4 vertPos = vec4(vPosition, 1.0);
	gl_Position = MAT *  vertPos;

	UV = vUV;
	
	
}
//END

2016-08-18 14:36:35:736[Debug        ]  ShaderProgram::AddShader() file with data was read in
2016-08-18 14:36:35:736[Debug        ] ShaderProgram::AddShader() : glShaderSource() successful
2016-08-18 14:36:35:736[Debug        ] ShaderProgram::AddShader() : glCompileShader() successful
2016-08-18 14:36:35:736[Info         ] ShaderProgram::CheckShaderCompileStatus(11) successful.
2016-08-18 14:36:35:736[Debug        ] ShaderProgram::AddShader() : glCompileShader() successful
2016-08-18 14:36:35:736[Info         ] ShaderInfo saved successfully.
2016-08-18 14:36:35:736[Debug        ] ShaderProgram::AddShader() : glAttachShader() successful
2016-08-18 14:36:35:736[Info         ] ShaderProgram::AddShader [11] successful.
2016-08-18 14:36:35:736[Debug        ] File [..\Data\shaders\framebuffer.frag.shader] Opened successfully! Buffer Length:[275]
2016-08-18 14:36:35:736[Debug        ] Shader file [..\Data\shaders\framebuffer.frag.shader] contents:
//BEGIN
#version 430 core


in  vec2 UV;
out vec4 outColor;

layout(location = 20) uniform sampler2D textureSampler;

void main()
{


	vec3 tempCol = texture(textureSampler, UV).rgb;

	outColor = vec4(tempCol.r / 1.5f, tempCol.g / 1.5f, tempCol.b / 1.5f, 1.0f);
}


//END

2016-08-18 14:36:35:736[Debug        ]  ShaderProgram::AddShader() file with data was read in
2016-08-18 14:36:35:736[Debug        ] ShaderProgram::AddShader() : glShaderSource() successful
2016-08-18 14:36:35:736[Debug        ] ShaderProgram::AddShader() : glCompileShader() successful
2016-08-18 14:36:35:736[Info         ] ShaderProgram::CheckShaderCompileStatus(12) successful.
2016-08-18 14:36:35:736[Debug        ] ShaderProgram::AddShader() : glCompileShader() successful
2016-08-18 14:36:35:737[Info         ] ShaderInfo saved successfully.
2016-08-18 14:36:35:737[Debug        ] ShaderProgram::AddShader() : glAttachShader() successful
2016-08-18 14:36:35:737[Info         ] ShaderProgram::AddShader [12] successful.
2016-08-18 14:36:35:738[Info         ] CheckProgramStatus() successful!
2016-08-18 14:36:35:738[Info         ] CheckProgramStatus() successful!
2016-08-18 14:36:35:738[Info         ] Shader Init started
2016-08-18 14:36:35:738[Info         ] Shader Program created.
2016-08-18 14:36:35:738[Process      ] ShaderProgram::Initialize()[13] successful!
2016-08-18 14:36:35:738[Debug        ] File [..\Data\shaders\lighting.vert.shader] Opened successfully! Buffer Length:[1137]
2016-08-18 14:36:35:738[cDebug       ] Shader file [..\Data\shaders\lighting.vert.shader] is too big to display contents.
2016-08-18 14:36:35:739[Debug        ]  ShaderProgram::AddShader() file with data was read in
2016-08-18 14:36:35:739[Debug        ] ShaderProgram::AddShader() : glShaderSource() successful
2016-08-18 14:36:35:739[Debug        ] ShaderProgram::AddShader() : glCompileShader() successful
2016-08-18 14:36:35:739[Info         ] ShaderProgram::CheckShaderCompileStatus(14) successful.
2016-08-18 14:36:35:739[Debug        ] ShaderProgram::AddShader() : glCompileShader() successful
2016-08-18 14:36:35:739[Info         ] ShaderInfo saved successfully.
2016-08-18 14:36:35:739[Debug        ] ShaderProgram::AddShader() : glAttachShader() successful
2016-08-18 14:36:35:739[Info         ] ShaderProgram::AddShader [14] successful.
2016-08-18 14:36:35:739[Debug        ] File [..\Data\shaders\lighting.frag.shader] Opened successfully! Buffer Length:[1744]
2016-08-18 14:36:35:739[cDebug       ] Shader file [..\Data\shaders\lighting.frag.shader] is too big to display contents.
2016-08-18 14:36:35:740[Debug        ]  ShaderProgram::AddShader() file with data was read in
2016-08-18 14:36:35:740[Debug        ] ShaderProgram::AddShader() : glShaderSource() successful
2016-08-18 14:36:35:741[Debug        ] ShaderProgram::AddShader() : glCompileShader() successful
2016-08-18 14:36:35:741[Info         ] ShaderProgram::CheckShaderCompileStatus(15) successful.
2016-08-18 14:36:35:741[Debug        ] ShaderProgram::AddShader() : glCompileShader() successful
2016-08-18 14:36:35:741[Info         ] ShaderInfo saved successfully.
2016-08-18 14:36:35:741[Debug        ] ShaderProgram::AddShader() : glAttachShader() successful
2016-08-18 14:36:35:741[Info         ] ShaderProgram::AddShader [15] successful.
2016-08-18 14:36:35:745[Info         ] CheckProgramStatus() successful!
2016-08-18 14:36:35:745[Info         ] CheckProgramStatus() successful!
2016-08-18 14:36:35:745[Info         ] Shader Init started
2016-08-18 14:36:35:745[Info         ] Shader Program created.
2016-08-18 14:36:35:745[Process      ] ShaderProgram::Initialize()[16] successful!
2016-08-18 14:36:35:745[Debug        ] File [..\Data\shaders\texlighting.vert.shader] Opened successfully! Buffer Length:[1110]
2016-08-18 14:36:35:745[cDebug       ] Shader file [..\Data\shaders\texlighting.vert.shader] is too big to display contents.
2016-08-18 14:36:35:746[Debug        ]  ShaderProgram::AddShader() file with data was read in
2016-08-18 14:36:35:746[Debug        ] ShaderProgram::AddShader() : glShaderSource() successful
2016-08-18 14:36:35:747[Debug        ] ShaderProgram::AddShader() : glCompileShader() successful
2016-08-18 14:36:35:747[Info         ] ShaderProgram::CheckShaderCompileStatus(17) successful.
2016-08-18 14:36:35:747[Debug        ] ShaderProgram::AddShader() : glCompileShader() successful
2016-08-18 14:36:35:747[Info         ] ShaderInfo saved successfully.
2016-08-18 14:36:35:747[Debug        ] ShaderProgram::AddShader() : glAttachShader() successful
2016-08-18 14:36:35:747[Info         ] ShaderProgram::AddShader [17] successful.
2016-08-18 14:36:35:748[Debug        ] File [..\Data\shaders\texlighting.frag.shader] Opened successfully! Buffer Length:[1717]
2016-08-18 14:36:35:748[cDebug       ] Shader file [..\Data\shaders\texlighting.frag.shader] is too big to display contents.
2016-08-18 14:36:35:750[Debug        ]  ShaderProgram::AddShader() file with data was read in
2016-08-18 14:36:35:751[Debug        ] ShaderProgram::AddShader() : glShaderSource() successful
2016-08-18 14:36:35:751[Debug        ] ShaderProgram::AddShader() : glCompileShader() successful
2016-08-18 14:36:35:751[Info         ] ShaderProgram::CheckShaderCompileStatus(18) successful.
2016-08-18 14:36:35:751[Debug        ] ShaderProgram::AddShader() : glCompileShader() successful
2016-08-18 14:36:35:751[Info         ] ShaderInfo saved successfully.
2016-08-18 14:36:35:751[Debug        ] ShaderProgram::AddShader() : glAttachShader() successful
2016-08-18 14:36:35:751[Info         ] ShaderProgram::AddShader [18] successful.
2016-08-18 14:36:35:754[Info         ] CheckProgramStatus() successful!
2016-08-18 14:36:35:754[Info         ] CheckProgramStatus() successful!
2016-08-18 14:36:35:754[Info         ] Shader Init started
2016-08-18 14:36:35:754[Info         ] Shader Program created.
2016-08-18 14:36:35:754[Process      ] ShaderProgram::Initialize()[19] successful!
2016-08-18 14:36:35:754[Debug        ] File [..\Data\shaders\water.vert.shader] Opened successfully! Buffer Length:[1400]
2016-08-18 14:36:35:755[cDebug       ] Shader file [..\Data\shaders\water.vert.shader] is too big to display contents.
2016-08-18 14:36:35:756[Debug        ]  ShaderProgram::AddShader() file with data was read in
2016-08-18 14:36:35:756[Debug        ] ShaderProgram::AddShader() : glShaderSource() successful
2016-08-18 14:36:35:757[Debug        ] ShaderProgram::AddShader() : glCompileShader() successful
2016-08-18 14:36:35:757[Info         ] ShaderProgram::CheckShaderCompileStatus(20) successful.
2016-08-18 14:36:35:757[Debug        ] ShaderProgram::AddShader() : glCompileShader() successful
2016-08-18 14:36:35:757[Info         ] ShaderInfo saved successfully.
2016-08-18 14:36:35:757[Debug        ] ShaderProgram::AddShader() : glAttachShader() successful
2016-08-18 14:36:35:757[Info         ] ShaderProgram::AddShader [20] successful.
2016-08-18 14:36:35:757[Debug        ] File [..\Data\shaders\water.frag.shader] Opened successfully! Buffer Length:[2436]
2016-08-18 14:36:35:757[cDebug       ] Shader file [..\Data\shaders\water.frag.shader] is too big to display contents.
2016-08-18 14:36:35:759[Debug        ]  ShaderProgram::AddShader() file with data was read in
2016-08-18 14:36:35:759[Debug        ] ShaderProgram::AddShader() : glShaderSource() successful
2016-08-18 14:36:35:759[Debug        ] ShaderProgram::AddShader() : glCompileShader() successful
2016-08-18 14:36:35:759[Info         ] ShaderProgram::CheckShaderCompileStatus(21) successful.
2016-08-18 14:36:35:760[Debug        ] ShaderProgram::AddShader() : glCompileShader() successful
2016-08-18 14:36:35:760[Info         ] ShaderInfo saved successfully.
2016-08-18 14:36:35:760[Debug        ] ShaderProgram::AddShader() : glAttachShader() successful
2016-08-18 14:36:35:760[Info         ] ShaderProgram::AddShader [21] successful.
2016-08-18 14:36:35:763[Info         ] CheckProgramStatus() successful!
2016-08-18 14:36:35:764[Info         ] CheckProgramStatus() successful!
2016-08-18 14:36:35:764[Info         ] GetAttribLocation [vPosition] successful.
2016-08-18 14:36:35:764[Info         ] GetUniformLocation [colorin] successful.
2016-08-18 14:36:35:764[Info         ] GetUniformLocation [MAT] successful.
2016-08-18 14:36:35:764[cProcess     ] RenderEngine::Initialize() successful.
2016-08-18 14:36:35:765[cInfo        ] 
-----------------------------------------------------------------------
 BufferInfo::CreateBuffers()[0] Created buffers:| VERTEX [1] with [80] bytes. || INDEX [2] with [24] bytes |
-----------------------------------------------------------------------

2016-08-18 14:36:35:770[cInfo        ] --------BufferInfo::AddMesh() Added mesh successfully-------
2016-08-18 14:36:35:771[cInfo        ] 
2016-08-18 14:36:35:771[cInfo        ] --------------------| START BUFFER MESH INFO |-------------------------------------
2016-08-18 14:36:35:773[cInfo        ] BufferInfo::AddMesh(): NUM VERTS-----------------[4]
2016-08-18 14:36:35:773[cInfo        ] BufferInfo::AddMesh(): NUM INDICES---------------[6]
2016-08-18 14:36:35:774[cInfo        ] BufferInfo::AddMesh(): VERT OFFSET---------------[0]
2016-08-18 14:36:35:775[cInfo        ] BufferInfo::AddMesh(): INDICES OFFSET (BYTES)----[0]
2016-08-18 14:36:35:777[cInfo        ] --------------------|  END BUFFER MESH INFO  |--------------------------------------
2016-08-18 14:36:35:778[cInfo        ] 

2016-08-18 14:36:35:779[cInfo        ] 
-----------------------------------------------------------------------
 BufferInfo::CreateBuffers()[0] Created buffers:| VERTEX [3] with [96] bytes. || INDEX [4] with [48] bytes |
-----------------------------------------------------------------------

2016-08-18 14:36:35:784[cInfo        ] --------BufferInfo::AddMesh() Added mesh successfully-------
2016-08-18 14:36:35:785[cInfo        ] 
2016-08-18 14:36:35:786[cInfo        ] --------------------| START BUFFER MESH INFO |-------------------------------------
2016-08-18 14:36:35:789[cInfo        ] BufferInfo::AddMesh(): NUM VERTS-----------------[8]
2016-08-18 14:36:35:790[cInfo        ] BufferInfo::AddMesh(): NUM INDICES---------------[24]
2016-08-18 14:36:35:791[cInfo        ] BufferInfo::AddMesh(): VERT OFFSET---------------[0]
2016-08-18 14:36:35:792[cInfo        ] BufferInfo::AddMesh(): INDICES OFFSET (BYTES)----[0]
2016-08-18 14:36:35:793[cInfo        ] --------------------|  END BUFFER MESH INFO  |--------------------------------------
2016-08-18 14:36:35:794[cInfo        ] 

2016-08-18 14:36:35:796[cInfo        ] 
-----------------------------------------------------------------------
 BufferInfo::CreateBuffers()[0] Created buffers:| VERTEX [5] with [864] bytes. || INDEX [6] with [0] bytes |
-----------------------------------------------------------------------

2016-08-18 14:36:35:803[cInfo        ] --------BufferInfo::AddMesh() Added mesh successfully-------
2016-08-18 14:36:35:803[cInfo        ] 
2016-08-18 14:36:35:804[cInfo        ] --------------------| START BUFFER MESH INFO |-------------------------------------
2016-08-18 14:36:35:805[cInfo        ] BufferInfo::AddMesh(): NUM VERTS-----------------[36]
2016-08-18 14:36:35:806[cInfo        ] BufferInfo::AddMesh(): NUM INDICES---------------[0]
2016-08-18 14:36:35:808[cInfo        ] BufferInfo::AddMesh(): VERT OFFSET---------------[0]
2016-08-18 14:36:35:810[cInfo        ] BufferInfo::AddMesh(): INDICES OFFSET (BYTES)----[0]
2016-08-18 14:36:35:811[cInfo        ] --------------------|  END BUFFER MESH INFO  |--------------------------------------
2016-08-18 14:36:35:813[cInfo        ] 

2016-08-18 14:36:35:815[cInfo        ] 
-----------------------------------------------------------------------
 BufferInfo::CreateBuffers()[0] Created buffers:| VERTEX [7] with [144] bytes. || INDEX [8] with [0] bytes |
-----------------------------------------------------------------------

2016-08-18 14:36:35:821[cInfo        ] --------BufferInfo::AddMesh() Added mesh successfully-------
2016-08-18 14:36:35:822[cInfo        ] 
2016-08-18 14:36:35:823[cInfo        ] --------------------| START BUFFER MESH INFO |-------------------------------------
2016-08-18 14:36:35:824[cInfo        ] BufferInfo::AddMesh(): NUM VERTS-----------------[6]
2016-08-18 14:36:35:825[cInfo        ] BufferInfo::AddMesh(): NUM INDICES---------------[0]
2016-08-18 14:36:35:826[cInfo        ] BufferInfo::AddMesh(): VERT OFFSET---------------[0]
2016-08-18 14:36:35:828[cInfo        ] BufferInfo::AddMesh(): INDICES OFFSET (BYTES)----[0]
2016-08-18 14:36:35:830[cInfo        ] --------------------|  END BUFFER MESH INFO  |--------------------------------------
2016-08-18 14:36:35:833[cInfo        ] 

2016-08-18 14:36:35:834[cProcess     ] BufferManager::Initialize() successful.
2016-08-18 14:36:35:835[cInfo        ] 
-----------------------------------------------------------------------
 BufferInfo::CreateBuffers()[0] Created buffers:| VERTEX [9] with [1000000] bytes. || INDEX [10] with [1000000] bytes |
-----------------------------------------------------------------------

2016-08-18 14:36:35:842[cInfo        ] --------BufferInfo::AddMesh() Added mesh successfully-------
2016-08-18 14:36:35:843[cInfo        ] 
2016-08-18 14:36:35:844[cInfo        ] --------------------| START BUFFER MESH INFO |-------------------------------------
2016-08-18 14:36:35:845[cInfo        ] BufferInfo::AddMesh(): NUM VERTS-----------------[24]
2016-08-18 14:36:35:846[cInfo        ] BufferInfo::AddMesh(): NUM INDICES---------------[36]
2016-08-18 14:36:35:848[cInfo        ] BufferInfo::AddMesh(): VERT OFFSET---------------[0]
2016-08-18 14:36:35:849[cInfo        ] BufferInfo::AddMesh(): INDICES OFFSET (BYTES)----[0]
2016-08-18 14:36:35:850[cInfo        ] --------------------|  END BUFFER MESH INFO  |--------------------------------------
2016-08-18 14:36:35:851[cInfo        ] 

2016-08-18 14:36:35:854[cProcess     ] BufferManager::Initialize() successful.
2016-08-18 14:36:35:855[cInfo        ] 
-----------------------------------------------------------------------
 BufferInfo::CreateBuffers()[1] Created buffers:| VERTEX [11] with [1000000] bytes. || INDEX [12] with [1000000] bytes |
-----------------------------------------------------------------------

2016-08-18 14:36:35:862[cInfo        ] --------BufferInfo::AddMesh() Added mesh successfully-------
2016-08-18 14:36:35:863[cInfo        ] 
2016-08-18 14:36:35:864[cInfo        ] --------------------| START BUFFER MESH INFO |-------------------------------------
2016-08-18 14:36:35:866[cInfo        ] BufferInfo::AddMesh(): NUM VERTS-----------------[1536]
2016-08-18 14:36:35:867[cInfo        ] BufferInfo::AddMesh(): NUM INDICES---------------[3072]
2016-08-18 14:36:35:870[cInfo        ] BufferInfo::AddMesh(): VERT OFFSET---------------[0]
2016-08-18 14:36:35:871[cInfo        ] BufferInfo::AddMesh(): INDICES OFFSET (BYTES)----[0]
2016-08-18 14:36:35:872[cInfo        ] --------------------|  END BUFFER MESH INFO  |--------------------------------------
2016-08-18 14:36:35:873[cInfo        ] 

2016-08-18 14:36:35:874[cInfo        ] 
-----------------------------------------------------------------------
 BufferInfo::CreateBuffers()[0] Created buffers:| VERTEX [13] with [3936] bytes. || INDEX [14] with [0] bytes |
-----------------------------------------------------------------------

2016-08-18 14:36:35:881[cInfo        ] --------BufferInfo::AddMesh() Added mesh successfully-------
2016-08-18 14:36:35:883[cInfo        ] 
2016-08-18 14:36:35:884[cInfo        ] --------------------| START BUFFER MESH INFO |-------------------------------------
2016-08-18 14:36:35:885[cInfo        ] BufferInfo::AddMesh(): NUM VERTS-----------------[164]
2016-08-18 14:36:35:886[cInfo        ] BufferInfo::AddMesh(): NUM INDICES---------------[0]
2016-08-18 14:36:35:887[cInfo        ] BufferInfo::AddMesh(): VERT OFFSET---------------[0]
2016-08-18 14:36:35:887[cInfo        ] BufferInfo::AddMesh(): INDICES OFFSET (BYTES)----[0]
2016-08-18 14:36:35:890[cInfo        ] --------------------|  END BUFFER MESH INFO  |--------------------------------------
2016-08-18 14:36:35:891[cInfo        ] 

2016-08-18 14:36:35:892[cProcess     ] ShapeGenerator initialized successfully.
2016-08-18 14:36:35:893[cProcess     ] Camera::Initialize() successful.
2016-08-18 14:36:35:893[cProcess     ] Keyboard::Initialize() successful
2016-08-18 14:36:35:894[cProcess     ] Keyboard::Initialize() successful
2016-08-18 14:36:35:908[cInfo        ] 
-----------------------------------------------------------------------
 BufferInfo::CreateBuffers()[0] Created buffers:| VERTEX [15] with [10810368] bytes. || INDEX [16] with [0] bytes |
-----------------------------------------------------------------------

2016-08-18 14:36:35:928[cInfo        ] --------BufferInfo::AddMesh() Added mesh successfully-------
2016-08-18 14:36:35:929[cInfo        ] 
2016-08-18 14:36:35:930[cInfo        ] --------------------| START BUFFER MESH INFO |-------------------------------------
2016-08-18 14:36:35:931[cInfo        ] BufferInfo::AddMesh(): NUM VERTS-----------------[337824]
2016-08-18 14:36:35:932[cInfo        ] BufferInfo::AddMesh(): NUM INDICES---------------[0]
2016-08-18 14:36:35:933[cInfo        ] BufferInfo::AddMesh(): VERT OFFSET---------------[0]
2016-08-18 14:36:35:934[cInfo        ] BufferInfo::AddMesh(): INDICES OFFSET (BYTES)----[0]
2016-08-18 14:36:35:935[cInfo        ] --------------------|  END BUFFER MESH INFO  |--------------------------------------
2016-08-18 14:36:35:936[cInfo        ] 

2016-08-18 14:36:35:968[Info         ] ShapeGenerator::ReadSceneFile(): Added new scene [..\Data\Scenes\Dargon.ptn.scene] successfully.
2016-08-18 14:36:35:968[cInfo        ] EntityManager::BuildPlayerEntity(): Built [Dargon] successfully
2016-08-18 14:36:35:971[cProcess     ] BufferManager::Initialize() successful.
2016-08-18 14:36:35:982[cInfo        ] 
-----------------------------------------------------------------------
 BufferInfo::CreateBuffers()[2] Created buffers:| VERTEX [17] with [1000000] bytes. || INDEX [18] with [1000000] bytes |
-----------------------------------------------------------------------

2016-08-18 14:36:35:987[cInfo        ] --------BufferInfo::AddMesh() Added mesh successfully-------
2016-08-18 14:36:35:989[cInfo        ] 
2016-08-18 14:36:35:990[cInfo        ] --------------------| START BUFFER MESH INFO |-------------------------------------
2016-08-18 14:36:35:991[cInfo        ] BufferInfo::AddMesh(): NUM VERTS-----------------[36]
2016-08-18 14:36:35:992[cInfo        ] BufferInfo::AddMesh(): NUM INDICES---------------[0]
2016-08-18 14:36:35:993[cInfo        ] BufferInfo::AddMesh(): VERT OFFSET---------------[0]
2016-08-18 14:36:35:993[cInfo        ] BufferInfo::AddMesh(): INDICES OFFSET (BYTES)----[0]
2016-08-18 14:36:35:994[cInfo        ] --------------------|  END BUFFER MESH INFO  |--------------------------------------
2016-08-18 14:36:35:996[cInfo        ] 

2016-08-18 14:36:35:998[Info         ] ShapeGenerator::ReadSceneFile(): Added new scene [..\Data\Scenes\Cube.pn.scene] successfully.
2016-08-18 14:36:36:000[cInfo        ] --------BufferInfo::AddMesh() Added mesh successfully-------
2016-08-18 14:36:36:001[cInfo        ] 
2016-08-18 14:36:36:002[cInfo        ] --------------------| START BUFFER MESH INFO |-------------------------------------
2016-08-18 14:36:36:003[cInfo        ] BufferInfo::AddMesh(): NUM VERTS-----------------[18]
2016-08-18 14:36:36:004[cInfo        ] BufferInfo::AddMesh(): NUM INDICES---------------[0]
2016-08-18 14:36:36:005[cInfo        ] BufferInfo::AddMesh(): VERT OFFSET---------------[36]
2016-08-18 14:36:36:006[cInfo        ] BufferInfo::AddMesh(): INDICES OFFSET (BYTES)----[0]
2016-08-18 14:36:36:007[cInfo        ] --------------------|  END BUFFER MESH INFO  |--------------------------------------
2016-08-18 14:36:36:010[cInfo        ] 

2016-08-18 14:36:36:011[Info         ] ShapeGenerator::ReadSceneFile(): Added new scene [..\Data\Scenes\Pyramid.pn.scene] successfully.
2016-08-18 14:36:36:021[cInfo        ] 
-----------------------------------------------------------------------
 BufferInfo::CreateBuffers()[0] Created buffers:| VERTEX [19] with [5529600] bytes. || INDEX [20] with [0] bytes |
-----------------------------------------------------------------------

2016-08-18 14:36:36:032[cInfo        ] --------BufferInfo::AddMesh() Added mesh successfully-------
2016-08-18 14:36:36:033[cInfo        ] 
2016-08-18 14:36:36:034[cInfo        ] --------------------| START BUFFER MESH INFO |-------------------------------------
2016-08-18 14:36:36:035[cInfo        ] BufferInfo::AddMesh(): NUM VERTS-----------------[172800]
2016-08-18 14:36:36:037[cInfo        ] BufferInfo::AddMesh(): NUM INDICES---------------[0]
2016-08-18 14:36:36:040[cInfo        ] BufferInfo::AddMesh(): VERT OFFSET---------------[0]
2016-08-18 14:36:36:041[cInfo        ] BufferInfo::AddMesh(): INDICES OFFSET (BYTES)----[0]
2016-08-18 14:36:36:042[cInfo        ] --------------------|  END BUFFER MESH INFO  |--------------------------------------
2016-08-18 14:36:36:044[cInfo        ] 

2016-08-18 14:36:36:047[Info         ] ShapeGenerator::ReadSceneFile(): Added new scene [..\Data\Scenes\WaterPlane.ptn.scene] successfully.
2016-08-18 14:36:36:049[cProcess     ] Camera::Initialize() successful.
2016-08-18 14:36:36:071[cProcess     ] BufferManager::Initialize() successful.
2016-08-18 14:36:36:072[cInfo        ] 
-----------------------------------------------------------------------
 BufferInfo::CreateBuffers()[3] Created buffers:| VERTEX [21] with [8107776] bytes. || INDEX [22] with [0] bytes |
-----------------------------------------------------------------------

2016-08-18 14:36:36:090[cInfo        ] --------BufferInfo::AddMesh() Added mesh successfully-------
2016-08-18 14:36:36:091[cInfo        ] 
2016-08-18 14:36:36:091[cInfo        ] --------------------| START BUFFER MESH INFO |-------------------------------------
2016-08-18 14:36:36:093[cInfo        ] BufferInfo::AddMesh(): NUM VERTS-----------------[337824]
2016-08-18 14:36:36:094[cInfo        ] BufferInfo::AddMesh(): NUM INDICES---------------[0]
2016-08-18 14:36:36:095[cInfo        ] BufferInfo::AddMesh(): VERT OFFSET---------------[0]
2016-08-18 14:36:36:096[cInfo        ] BufferInfo::AddMesh(): INDICES OFFSET (BYTES)----[0]
2016-08-18 14:36:36:097[cInfo        ] --------------------|  END BUFFER MESH INFO  |--------------------------------------
2016-08-18 14:36:36:099[cInfo        ] 

2016-08-18 14:36:36:100[Info         ] ShapeGenerator::ReadSceneFile(): Added new scene [..\Data\Scenes\Dargon.pn.scene] successfully.
2016-08-18 14:36:36:100[cProcess     ] BufferManager::Initialize() successful.
2016-08-18 14:36:36:100[cInfo        ] 
-----------------------------------------------------------------------
 BufferInfo::CreateBuffers()[4] Created buffers:| VERTEX [23] with [1000000] bytes. || INDEX [24] with [1000000] bytes |
-----------------------------------------------------------------------

2016-08-18 14:36:36:106[cInfo        ] --------BufferInfo::AddMesh() Added mesh successfully-------
2016-08-18 14:36:36:107[cInfo        ] 
2016-08-18 14:36:36:108[cInfo        ] --------------------| START BUFFER MESH INFO |-------------------------------------
2016-08-18 14:36:36:109[cInfo        ] BufferInfo::AddMesh(): NUM VERTS-----------------[6]
2016-08-18 14:36:36:110[cInfo        ] BufferInfo::AddMesh(): NUM INDICES---------------[0]
2016-08-18 14:36:36:110[cInfo        ] BufferInfo::AddMesh(): VERT OFFSET---------------[0]
2016-08-18 14:36:36:114[cInfo        ] BufferInfo::AddMesh(): INDICES OFFSET (BYTES)----[0]
2016-08-18 14:36:36:115[cInfo        ] --------------------|  END BUFFER MESH INFO  |--------------------------------------
2016-08-18 14:36:36:116[cInfo        ] 

2016-08-18 14:36:36:117[cProcess     ] BodaciousQuest::Initialize() successful.
2016-08-18 14:36:36:118[Process      ] GameTime::Initialize() ok

2016-08-18 14:36:36:118[cProcess     ] MyWindow::Initialize() successful!
