2016-08-18 14:42:24:647[Process      ] GameLogger::Initialize() opened log file [..\Data\LogFiles\2016-08-18 14-42-24.BodaciousQuest.log] for writing
2016-08-18 14:42:24:647[Info         ] GameLogger::Initialize() successful
2016-08-18 14:42:24:647[Process      ] ConfigReader opened [..\Data\BodaciousQuest.config] successfully
2016-08-18 14:42:24:647[Info         ] ConfigReader initialized successfully
2016-08-18 14:42:24:647[Info         ] Valid KVP [BodaciousQuest.ShowFullScreen] [false] added
2016-08-18 14:42:24:647[Info         ] Valid KVP [BodaciousQuest.FpsInterval] [5.0] added
2016-08-18 14:42:24:649[Info         ] Valid KVP [BodaciousQuest.EnableControls] [true] added
2016-08-18 14:42:24:649[Info         ] Valid KVP [BodaciousQuest.LoadCubeFirst] [true] added
2016-08-18 14:42:24:649[Info         ] Valid KVP [BodaciousQuest.CameraWalkMode] [false] added
2016-08-18 14:42:24:649[Info         ] Valid KVP [BodaciousQuest.GridSize] [40] added
2016-08-18 14:42:24:649[Info         ] Valid KVP [BodaciousQuest.LightingTest.Ambient.Color] [1.0  1.0  1.0] added
2016-08-18 14:42:24:649[Info         ] Valid KVP [BodaciousQuest.LightingTest.Diffuse.Color] [1.0  1.0  1.0] added
2016-08-18 14:42:24:650[Info         ] Valid KVP [BodaciousQuest.LightingTest.Specular.Color] [0.0  0.0  0.0] added
2016-08-18 14:42:24:650[Info         ] Valid KVP [BodaciousQuest.LightingTest.Ambient.Reflectivity] [0.01] added
2016-08-18 14:42:24:650[Info         ] Valid KVP [BodaciousQuest.LightingTest.Diffuse.Reflectivity] [0.6] added
2016-08-18 14:42:24:650[Info         ] Valid KVP [BodaciousQuest.LightingTest.Specular.Reflectivity] [0.5] added
2016-08-18 14:42:24:650[Info         ] Valid KVP [BodaciousQuest.LightingTest.Specular.Shininess] [1.0] added
2016-08-18 14:42:24:650[Info         ] Valid KVP [BodaciousQuest.LightingTest.Falloff.A] [1.0] added
2016-08-18 14:42:24:650[Info         ] Valid KVP [BodaciousQuest.LightingTest.Falloff.B] [0.01] added
2016-08-18 14:42:24:650[Info         ] Valid KVP [BodaciousQuest.LightingTest.Falloff.C] [0.1] added
2016-08-18 14:42:24:650[Info         ] Valid KVP [BodaciousQuest.LightingTest.Directional] [false] added
2016-08-18 14:42:24:650[Info         ] Valid KVP [BodaciousQuest.LightingTest.Direction] [-1.0 0.0 1.0] added
2016-08-18 14:42:24:650[Info         ] Valid KVP [BodaciousQuest.LightingTest.Light.Position] [-0.875458 3.673020 1.043331] added
2016-08-18 14:42:24:650[Info         ] Valid KVP [BodaciousQuest.LightingTest.Dargon.Color] [1.0 1.0 0.4] added
2016-08-18 14:42:24:650[Info         ] Valid KVP [ObjConverter.Mode.VertexType] [p] added
2016-08-18 14:42:24:650[Info         ] Valid KVP [ObjConverter.Mode.Analyze] [false] added
2016-08-18 14:42:24:650[Info         ] Valid KVP [ObjConverter.Model] [AIWorld] added
2016-08-18 14:42:24:650[Info         ] Valid KVP [ObjConverter.Shader] [0] added
2016-08-18 14:42:24:650[Info         ] Valid KVP [ObjConverter.Color] [random] added
2016-08-18 14:42:24:650[Info         ] Valid KVP [ObjConverter.Obj.InputFileFolder] [..\\Data\\Objs\\] added
2016-08-18 14:42:24:650[Info         ] Valid KVP [ObjConverter.Scene.OutputFileFolder] [..\\Data\\Scenes\\] added
2016-08-18 14:42:24:650[Info         ] Valid KVP [ObjConverter.Model.Dargon.NumVerts] [57967] added
2016-08-18 14:42:24:650[Info         ] Valid KVP [ObjConverter.Model.Dargon.NumIndices] [337824] added
2016-08-18 14:42:24:650[Info         ] Valid KVP [ObjConverter.Model.Dargon.NumTexCoords] [60175] added
2016-08-18 14:42:24:650[Info         ] Valid KVP [ObjConverter.Model.Dargon.NumNormals] [337824] added
2016-08-18 14:42:24:650[Info         ] Valid KVP [ObjConverter.Model.Swamp.NumVerts] [2735] added
2016-08-18 14:42:24:650[Info         ] Valid KVP [ObjConverter.Model.Swamp.NumIndices] [8556] added
2016-08-18 14:42:24:650[Info         ] Valid KVP [ObjConverter.Model.Swamp.NumTexCoords] [3622] added
2016-08-18 14:42:24:650[Info         ] Valid KVP [ObjConverter.Model.Swamp.NumNormals] [5156] added
2016-08-18 14:42:24:650[Info         ] Valid KVP [ObjConverter.Model.Pyramid.NumVerts] [5] added
2016-08-18 14:42:24:650[Info         ] Valid KVP [ObjConverter.Model.Pyramid.NumIndices] [18] added
2016-08-18 14:42:24:650[Info         ] Valid KVP [ObjConverter.Model.Pyramid.NumTexCoords] [10] added
2016-08-18 14:42:24:650[Info         ] Valid KVP [ObjConverter.Model.Pyramid.NumNormals] [16] added
2016-08-18 14:42:24:650[Info         ] Valid KVP [ObjConverter.Model.AIWorld.NumVerts] [1957] added
2016-08-18 14:42:24:650[Info         ] Valid KVP [ObjConverter.Model.AIWorld.NumIndices] [8718] added
2016-08-18 14:42:24:650[Info         ] Valid KVP [ObjConverter.Model.AIWorld.NumTexCoords] [4186] added
2016-08-18 14:42:24:650[Info         ] Valid KVP [ObjConverter.Model.AIWorld.NumNormals] [5418] added
2016-08-18 14:42:24:650[Info         ] Valid KVP [ObjConverter.Model.GameWeapon.NumVerts] [2068] added
2016-08-18 14:42:24:650[Info         ] Valid KVP [ObjConverter.Model.GameWeapon.NumIndices] [9894] added
2016-08-18 14:42:24:650[Info         ] Valid KVP [ObjConverter.Model.GameWeapon.NumTexCoords] [0] added
2016-08-18 14:42:24:650[Info         ] Valid KVP [ObjConverter.Model.GameWeapon.NumNormals] [0] added
2016-08-18 14:42:24:650[Info         ] Valid KVP [ObjConverter.Model.Chicken.NumVerts] [224] added
2016-08-18 14:42:24:650[Info         ] Valid KVP [ObjConverter.Model.Chicken.NumIndices] [1374] added
2016-08-18 14:42:24:650[Info         ] Valid KVP [ObjConverter.Model.Chicken.NumTexCoords] [472] added
2016-08-18 14:42:24:650[Info         ] Valid KVP [ObjConverter.Model.Chicken.NumNormals] [565] added
2016-08-18 14:42:24:650[Info         ] Valid KVP [ObjConverter.Model.WaterPlane.NumVerts] [29282] added
2016-08-18 14:42:24:650[Info         ] Valid KVP [ObjConverter.Model.WaterPlane.NumIndices] [172800] added
2016-08-18 14:42:24:650[Info         ] Valid KVP [ObjConverter.Model.WaterPlane.NumTexCoords] [29282] added
2016-08-18 14:42:24:650[Info         ] Valid KVP [ObjConverter.Model.WaterPlane.NumNormals] [172800] added
2016-08-18 14:42:24:650[Info         ] Valid KVP [ObjConverter.Model.Cube.NumVerts] [8] added
2016-08-18 14:42:24:650[Info         ] Valid KVP [ObjConverter.Model.Cube.NumIndices] [36] added
2016-08-18 14:42:24:650[Info         ] Valid KVP [ObjConverter.Model.Cube.NumTexCoords] [14] added
2016-08-18 14:42:24:650[Info         ] Valid KVP [ObjConverter.Model.Cube.NumNormals] [24] added
2016-08-18 14:42:24:651[Info         ] Valid KVP [ObjConverter.Model.Barrel.NumVerts] [172] added
2016-08-18 14:42:24:651[Info         ] Valid KVP [ObjConverter.Model.Barrel.NumIndices] [1008] added
2016-08-18 14:42:24:651[Info         ] Valid KVP [ObjConverter.Model.Barrel.NumTexCoords] [328] added
2016-08-18 14:42:24:651[Info         ] Valid KVP [ObjConverter.Model.Barrel.NumNormals] [204] added
2016-08-18 14:42:24:651[Info         ] Valid KVP [ObjConverter.Model.SkyBox.NumVerts] [8] added
2016-08-18 14:42:24:651[Info         ] Valid KVP [ObjConverter.Model.SkyBox.NumIndices] [36] added
2016-08-18 14:42:24:651[Info         ] Valid KVP [ObjConverter.Model.SkyBox.NumTexCoords] [18] added
2016-08-18 14:42:24:651[Info         ] Valid KVP [ObjConverter.Model.SkyBox.NumNormals] [24] added
2016-08-18 14:42:24:720[cInfo        ] Config reader opened [..\Data\BodaciousQuest.config] for reading!
2016-08-18 14:42:24:801[Process      ] ShaderManager Initialized successfully
2016-08-18 14:42:24:801[Info         ] Shader Init started
2016-08-18 14:42:24:801[Info         ] Shader Program created.
2016-08-18 14:42:24:801[Process      ] ShaderProgram::Initialize()[1] successful!
2016-08-18 14:42:24:801[Debug        ] File [..\Data\shaders\debug.vert.shader] Opened successfully! Buffer Length:[291]
2016-08-18 14:42:24:801[Debug        ] Shader file [..\Data\shaders\debug.vert.shader] contents:
//BEGIN
#version 430 core

layout(location = 0)  in vec3 vPosition;

layout(location = 15) uniform vec3 colorin;
layout(location = 16) uniform mat4 MAT;

out vec4 color;

void main()
{
	vec4 vertPos = vec4(vPosition, 1.0);
	gl_Position = MAT *  vertPos;
	color = vec4(colorin, 1.0);
}
//END

2016-08-18 14:42:24:801[Debug        ]  ShaderProgram::AddShader() file with data was read in
2016-08-18 14:42:24:801[Debug        ] ShaderProgram::AddShader() : glShaderSource() successful
2016-08-18 14:42:24:801[Debug        ] ShaderProgram::AddShader() : glCompileShader() successful
2016-08-18 14:42:24:801[Info         ] ShaderProgram::CheckShaderCompileStatus(2) successful.
2016-08-18 14:42:24:801[Debug        ] ShaderProgram::AddShader() : glCompileShader() successful
2016-08-18 14:42:24:801[Info         ] ShaderInfo saved successfully.
2016-08-18 14:42:24:802[Debug        ] ShaderProgram::AddShader() : glAttachShader() successful
2016-08-18 14:42:24:802[Info         ] ShaderProgram::AddShader [2] successful.
2016-08-18 14:42:24:802[Debug        ] File [..\Data\shaders\debug.frag.shader] Opened successfully! Buffer Length:[104]
2016-08-18 14:42:24:802[Debug        ] Shader file [..\Data\shaders\debug.frag.shader] contents:
//BEGIN
#version 430 core


in  vec4 color;
out vec4 outColor;

void main()
{
	outColor = color;
}


//END

2016-08-18 14:42:24:802[Debug        ]  ShaderProgram::AddShader() file with data was read in
2016-08-18 14:42:24:802[Debug        ] ShaderProgram::AddShader() : glShaderSource() successful
2016-08-18 14:42:24:802[Debug        ] ShaderProgram::AddShader() : glCompileShader() successful
2016-08-18 14:42:24:802[Info         ] ShaderProgram::CheckShaderCompileStatus(3) successful.
2016-08-18 14:42:24:802[Debug        ] ShaderProgram::AddShader() : glCompileShader() successful
2016-08-18 14:42:24:802[Info         ] ShaderInfo saved successfully.
2016-08-18 14:42:24:802[Debug        ] ShaderProgram::AddShader() : glAttachShader() successful
2016-08-18 14:42:24:802[Info         ] ShaderProgram::AddShader [3] successful.
2016-08-18 14:42:24:803[Info         ] CheckProgramStatus() successful!
2016-08-18 14:42:24:803[Info         ] CheckProgramStatus() successful!
2016-08-18 14:42:24:803[Info         ] Shader Init started
2016-08-18 14:42:24:803[Info         ] Shader Program created.
2016-08-18 14:42:24:803[Process      ] ShaderProgram::Initialize()[4] successful!
2016-08-18 14:42:24:803[Debug        ] File [..\Data\shaders\play.vert.shader] Opened successfully! Buffer Length:[343]
2016-08-18 14:42:24:803[Debug        ] Shader file [..\Data\shaders\play.vert.shader] contents:
//BEGIN
#version 430 core

layout (location = 0)  in vec3 vPosition;
layout (location = 1)  in vec3 vColor;
layout (location = 15) uniform vec3 colorin;
layout (location = 16) uniform mat4 MAT;

out vec4 color;

void main()
{
	vec4 vertPos = vec4(vPosition, 1.0);
	gl_Position = MAT *  vertPos;
	color = vec4((vColor + colorin), 1.0);
}
//END

2016-08-18 14:42:24:803[Debug        ]  ShaderProgram::AddShader() file with data was read in
2016-08-18 14:42:24:803[Debug        ] ShaderProgram::AddShader() : glShaderSource() successful
2016-08-18 14:42:24:804[Debug        ] ShaderProgram::AddShader() : glCompileShader() successful
2016-08-18 14:42:24:804[Info         ] ShaderProgram::CheckShaderCompileStatus(5) successful.
2016-08-18 14:42:24:804[Debug        ] ShaderProgram::AddShader() : glCompileShader() successful
2016-08-18 14:42:24:804[Info         ] ShaderInfo saved successfully.
2016-08-18 14:42:24:804[Debug        ] ShaderProgram::AddShader() : glAttachShader() successful
2016-08-18 14:42:24:804[Info         ] ShaderProgram::AddShader [5] successful.
2016-08-18 14:42:24:804[Debug        ] File [..\Data\shaders\play.frag.shader] Opened successfully! Buffer Length:[391]
2016-08-18 14:42:24:804[Debug        ] Shader file [..\Data\shaders\play.frag.shader] contents:
//BEGIN
#version 430 core


in  vec4 color;
out vec4 outColor;

void main()
{

	//if (color.r < .7) discard;
	outColor = color;

	//if(((gl_FragCoord.x  > 600)&& (gl_FragCoord.y < 300)) || ((gl_FragCoord.y < 300)  && (gl_FragCoord.x  < 600) )) {
	//discard;
	//}

	//vec2 scrPos = vec2(gl_FragCoord) - vec2(350,150);
	//float len =  length(scrPos);
	//if(len < 50 )discard;
}


//END

2016-08-18 14:42:24:804[Debug        ]  ShaderProgram::AddShader() file with data was read in
2016-08-18 14:42:24:804[Debug        ] ShaderProgram::AddShader() : glShaderSource() successful
2016-08-18 14:42:24:804[Debug        ] ShaderProgram::AddShader() : glCompileShader() successful
2016-08-18 14:42:24:804[Info         ] ShaderProgram::CheckShaderCompileStatus(6) successful.
2016-08-18 14:42:24:804[Debug        ] ShaderProgram::AddShader() : glCompileShader() successful
2016-08-18 14:42:24:804[Info         ] ShaderInfo saved successfully.
2016-08-18 14:42:24:804[Debug        ] ShaderProgram::AddShader() : glAttachShader() successful
2016-08-18 14:42:24:804[Info         ] ShaderProgram::AddShader [6] successful.
2016-08-18 14:42:24:805[Info         ] CheckProgramStatus() successful!
2016-08-18 14:42:24:805[Info         ] CheckProgramStatus() successful!
2016-08-18 14:42:24:805[Info         ] Shader Init started
2016-08-18 14:42:24:805[Info         ] Shader Program created.
2016-08-18 14:42:24:805[Process      ] ShaderProgram::Initialize()[7] successful!
2016-08-18 14:42:24:805[Debug        ] File [..\Data\shaders\texture.vert.shader] Opened successfully! Buffer Length:[305]
2016-08-18 14:42:24:805[Debug        ] Shader file [..\Data\shaders\texture.vert.shader] contents:
//BEGIN
#version 430 core

layout (location = 0)  in vec3 vPosition;
layout (location = 1)  in vec2 vUV;

layout (location = 16) uniform mat4 MAT;

//out data
out vec2 UV;

//out vec4 color;

void main()
{
	vec4 vertPos = vec4(vPosition, 1.0);
	gl_Position = MAT *  vertPos;

	UV = vUV;
	
	
}
//END

2016-08-18 14:42:24:805[Debug        ]  ShaderProgram::AddShader() file with data was read in
2016-08-18 14:42:24:805[Debug        ] ShaderProgram::AddShader() : glShaderSource() successful
2016-08-18 14:42:24:805[Debug        ] ShaderProgram::AddShader() : glCompileShader() successful
2016-08-18 14:42:24:805[Info         ] ShaderProgram::CheckShaderCompileStatus(8) successful.
2016-08-18 14:42:24:805[Debug        ] ShaderProgram::AddShader() : glCompileShader() successful
2016-08-18 14:42:24:805[Info         ] ShaderInfo saved successfully.
2016-08-18 14:42:24:805[Debug        ] ShaderProgram::AddShader() : glAttachShader() successful
2016-08-18 14:42:24:805[Info         ] ShaderProgram::AddShader [8] successful.
2016-08-18 14:42:24:805[Debug        ] File [..\Data\shaders\texture.frag.shader] Opened successfully! Buffer Length:[482]
2016-08-18 14:42:24:805[Debug        ] Shader file [..\Data\shaders\texture.frag.shader] contents:
//BEGIN
#version 430 core


in  vec2 UV;
out vec4 outColor;

layout(location = 20) uniform sampler2D textureSampler;

void main()
{

	//if (color.r < .7) discard;
	outColor = vec4(texture(textureSampler, UV).rgb, 1.0);

	//if(((gl_FragCoord.x  > 600)&& (gl_FragCoord.y < 300)) || ((gl_FragCoord.y < 300)  && (gl_FragCoord.x  < 600) )) {
	//discard;
	//}
	//vec2 scrPos = vec2(gl_FragCoord) - vec2(350,150);
	//float len =  length(scrPos);
	//if(len < 50 )discard;
}


//END

2016-08-18 14:42:24:805[Debug        ]  ShaderProgram::AddShader() file with data was read in
2016-08-18 14:42:24:805[Debug        ] ShaderProgram::AddShader() : glShaderSource() successful
2016-08-18 14:42:24:806[Debug        ] ShaderProgram::AddShader() : glCompileShader() successful
2016-08-18 14:42:24:806[Info         ] ShaderProgram::CheckShaderCompileStatus(9) successful.
2016-08-18 14:42:24:806[Debug        ] ShaderProgram::AddShader() : glCompileShader() successful
2016-08-18 14:42:24:806[Info         ] ShaderInfo saved successfully.
2016-08-18 14:42:24:806[Debug        ] ShaderProgram::AddShader() : glAttachShader() successful
2016-08-18 14:42:24:806[Info         ] ShaderProgram::AddShader [9] successful.
2016-08-18 14:42:24:807[Info         ] CheckProgramStatus() successful!
2016-08-18 14:42:24:807[Info         ] CheckProgramStatus() successful!
2016-08-18 14:42:24:807[Info         ] Shader Init started
2016-08-18 14:42:24:807[Info         ] Shader Program created.
2016-08-18 14:42:24:807[Process      ] ShaderProgram::Initialize()[10] successful!
2016-08-18 14:42:24:807[Debug        ] File [..\Data\shaders\framebuffer.vert.shader] Opened successfully! Buffer Length:[305]
2016-08-18 14:42:24:807[Debug        ] Shader file [..\Data\shaders\framebuffer.vert.shader] contents:
//BEGIN
#version 430 core

layout (location = 0)  in vec3 vPosition;
layout (location = 1)  in vec2 vUV;

layout (location = 16) uniform mat4 MAT;

//out data
out vec2 UV;

//out vec4 color;

void main()
{
	vec4 vertPos = vec4(vPosition, 1.0);
	gl_Position = MAT *  vertPos;

	UV = vUV;
	
	
}
//END

2016-08-18 14:42:24:807[Debug        ]  ShaderProgram::AddShader() file with data was read in
2016-08-18 14:42:24:807[Debug        ] ShaderProgram::AddShader() : glShaderSource() successful
2016-08-18 14:42:24:808[Debug        ] ShaderProgram::AddShader() : glCompileShader() successful
2016-08-18 14:42:24:808[Info         ] ShaderProgram::CheckShaderCompileStatus(11) successful.
2016-08-18 14:42:24:808[Debug        ] ShaderProgram::AddShader() : glCompileShader() successful
2016-08-18 14:42:24:808[Info         ] ShaderInfo saved successfully.
2016-08-18 14:42:24:808[Debug        ] ShaderProgram::AddShader() : glAttachShader() successful
2016-08-18 14:42:24:808[Info         ] ShaderProgram::AddShader [11] successful.
2016-08-18 14:42:24:808[Debug        ] File [..\Data\shaders\framebuffer.frag.shader] Opened successfully! Buffer Length:[275]
2016-08-18 14:42:24:808[Debug        ] Shader file [..\Data\shaders\framebuffer.frag.shader] contents:
//BEGIN
#version 430 core


in  vec2 UV;
out vec4 outColor;

layout(location = 20) uniform sampler2D textureSampler;

void main()
{


	vec3 tempCol = texture(textureSampler, UV).rgb;

	outColor = vec4(tempCol.r / 1.5f, tempCol.g / 1.5f, tempCol.b / 1.5f, 1.0f);
}


//END

2016-08-18 14:42:24:808[Debug        ]  ShaderProgram::AddShader() file with data was read in
2016-08-18 14:42:24:808[Debug        ] ShaderProgram::AddShader() : glShaderSource() successful
2016-08-18 14:42:24:808[Debug        ] ShaderProgram::AddShader() : glCompileShader() successful
2016-08-18 14:42:24:808[Info         ] ShaderProgram::CheckShaderCompileStatus(12) successful.
2016-08-18 14:42:24:808[Debug        ] ShaderProgram::AddShader() : glCompileShader() successful
2016-08-18 14:42:24:808[Info         ] ShaderInfo saved successfully.
2016-08-18 14:42:24:808[Debug        ] ShaderProgram::AddShader() : glAttachShader() successful
2016-08-18 14:42:24:808[Info         ] ShaderProgram::AddShader [12] successful.
2016-08-18 14:42:24:809[Info         ] CheckProgramStatus() successful!
2016-08-18 14:42:24:809[Info         ] CheckProgramStatus() successful!
2016-08-18 14:42:24:809[Info         ] Shader Init started
2016-08-18 14:42:24:809[Info         ] Shader Program created.
2016-08-18 14:42:24:809[Process      ] ShaderProgram::Initialize()[13] successful!
2016-08-18 14:42:24:810[Debug        ] File [..\Data\shaders\lighting.vert.shader] Opened successfully! Buffer Length:[1137]
2016-08-18 14:42:24:810[cDebug       ] Shader file [..\Data\shaders\lighting.vert.shader] is too big to display contents.
2016-08-18 14:42:24:811[Debug        ]  ShaderProgram::AddShader() file with data was read in
2016-08-18 14:42:24:811[Debug        ] ShaderProgram::AddShader() : glShaderSource() successful
2016-08-18 14:42:24:812[Debug        ] ShaderProgram::AddShader() : glCompileShader() successful
2016-08-18 14:42:24:812[Info         ] ShaderProgram::CheckShaderCompileStatus(14) successful.
2016-08-18 14:42:24:812[Debug        ] ShaderProgram::AddShader() : glCompileShader() successful
2016-08-18 14:42:24:812[Info         ] ShaderInfo saved successfully.
2016-08-18 14:42:24:812[Debug        ] ShaderProgram::AddShader() : glAttachShader() successful
2016-08-18 14:42:24:812[Info         ] ShaderProgram::AddShader [14] successful.
2016-08-18 14:42:24:812[Debug        ] File [..\Data\shaders\lighting.frag.shader] Opened successfully! Buffer Length:[1744]
2016-08-18 14:42:24:812[cDebug       ] Shader file [..\Data\shaders\lighting.frag.shader] is too big to display contents.
2016-08-18 14:42:24:813[Debug        ]  ShaderProgram::AddShader() file with data was read in
2016-08-18 14:42:24:813[Debug        ] ShaderProgram::AddShader() : glShaderSource() successful
2016-08-18 14:42:24:814[Debug        ] ShaderProgram::AddShader() : glCompileShader() successful
2016-08-18 14:42:24:814[Info         ] ShaderProgram::CheckShaderCompileStatus(15) successful.
2016-08-18 14:42:24:814[Debug        ] ShaderProgram::AddShader() : glCompileShader() successful
2016-08-18 14:42:24:814[Info         ] ShaderInfo saved successfully.
2016-08-18 14:42:24:814[Debug        ] ShaderProgram::AddShader() : glAttachShader() successful
2016-08-18 14:42:24:814[Info         ] ShaderProgram::AddShader [15] successful.
2016-08-18 14:42:24:817[Info         ] CheckProgramStatus() successful!
2016-08-18 14:42:24:817[Info         ] CheckProgramStatus() successful!
2016-08-18 14:42:24:817[Info         ] Shader Init started
2016-08-18 14:42:24:817[Info         ] Shader Program created.
2016-08-18 14:42:24:817[Process      ] ShaderProgram::Initialize()[16] successful!
2016-08-18 14:42:24:817[Debug        ] File [..\Data\shaders\texlighting.vert.shader] Opened successfully! Buffer Length:[1110]
2016-08-18 14:42:24:817[cDebug       ] Shader file [..\Data\shaders\texlighting.vert.shader] is too big to display contents.
2016-08-18 14:42:24:818[Debug        ]  ShaderProgram::AddShader() file with data was read in
2016-08-18 14:42:24:818[Debug        ] ShaderProgram::AddShader() : glShaderSource() successful
2016-08-18 14:42:24:818[Debug        ] ShaderProgram::AddShader() : glCompileShader() successful
2016-08-18 14:42:24:819[Info         ] ShaderProgram::CheckShaderCompileStatus(17) successful.
2016-08-18 14:42:24:819[Debug        ] ShaderProgram::AddShader() : glCompileShader() successful
2016-08-18 14:42:24:819[Info         ] ShaderInfo saved successfully.
2016-08-18 14:42:24:819[Debug        ] ShaderProgram::AddShader() : glAttachShader() successful
2016-08-18 14:42:24:819[Info         ] ShaderProgram::AddShader [17] successful.
2016-08-18 14:42:24:819[Debug        ] File [..\Data\shaders\texlighting.frag.shader] Opened successfully! Buffer Length:[1717]
2016-08-18 14:42:24:819[cDebug       ] Shader file [..\Data\shaders\texlighting.frag.shader] is too big to display contents.
2016-08-18 14:42:24:821[Debug        ]  ShaderProgram::AddShader() file with data was read in
2016-08-18 14:42:24:821[Debug        ] ShaderProgram::AddShader() : glShaderSource() successful
2016-08-18 14:42:24:822[Debug        ] ShaderProgram::AddShader() : glCompileShader() successful
2016-08-18 14:42:24:822[Info         ] ShaderProgram::CheckShaderCompileStatus(18) successful.
2016-08-18 14:42:24:822[Debug        ] ShaderProgram::AddShader() : glCompileShader() successful
2016-08-18 14:42:24:822[Info         ] ShaderInfo saved successfully.
2016-08-18 14:42:24:822[Debug        ] ShaderProgram::AddShader() : glAttachShader() successful
2016-08-18 14:42:24:822[Info         ] ShaderProgram::AddShader [18] successful.
2016-08-18 14:42:24:825[Info         ] CheckProgramStatus() successful!
2016-08-18 14:42:24:825[Info         ] CheckProgramStatus() successful!
2016-08-18 14:42:24:825[Info         ] Shader Init started
2016-08-18 14:42:24:825[Info         ] Shader Program created.
2016-08-18 14:42:24:825[Process      ] ShaderProgram::Initialize()[19] successful!
2016-08-18 14:42:24:825[Debug        ] File [..\Data\shaders\water.vert.shader] Opened successfully! Buffer Length:[1400]
2016-08-18 14:42:24:825[cDebug       ] Shader file [..\Data\shaders\water.vert.shader] is too big to display contents.
2016-08-18 14:42:24:826[Debug        ]  ShaderProgram::AddShader() file with data was read in
2016-08-18 14:42:24:826[Debug        ] ShaderProgram::AddShader() : glShaderSource() successful
2016-08-18 14:42:24:827[Debug        ] ShaderProgram::AddShader() : glCompileShader() successful
2016-08-18 14:42:24:827[Info         ] ShaderProgram::CheckShaderCompileStatus(20) successful.
2016-08-18 14:42:24:827[Debug        ] ShaderProgram::AddShader() : glCompileShader() successful
2016-08-18 14:42:24:827[Info         ] ShaderInfo saved successfully.
2016-08-18 14:42:24:827[Debug        ] ShaderProgram::AddShader() : glAttachShader() successful
2016-08-18 14:42:24:827[Info         ] ShaderProgram::AddShader [20] successful.
2016-08-18 14:42:24:828[Debug        ] File [..\Data\shaders\water.frag.shader] Opened successfully! Buffer Length:[2436]
2016-08-18 14:42:24:828[cDebug       ] Shader file [..\Data\shaders\water.frag.shader] is too big to display contents.
2016-08-18 14:42:24:829[Debug        ]  ShaderProgram::AddShader() file with data was read in
2016-08-18 14:42:24:829[Debug        ] ShaderProgram::AddShader() : glShaderSource() successful
2016-08-18 14:42:24:829[Debug        ] ShaderProgram::AddShader() : glCompileShader() successful
2016-08-18 14:42:24:829[Info         ] ShaderProgram::CheckShaderCompileStatus(21) successful.
2016-08-18 14:42:24:829[Debug        ] ShaderProgram::AddShader() : glCompileShader() successful
2016-08-18 14:42:24:829[Info         ] ShaderInfo saved successfully.
2016-08-18 14:42:24:829[Debug        ] ShaderProgram::AddShader() : glAttachShader() successful
2016-08-18 14:42:24:829[Info         ] ShaderProgram::AddShader [21] successful.
2016-08-18 14:42:24:832[Info         ] CheckProgramStatus() successful!
2016-08-18 14:42:24:832[Info         ] CheckProgramStatus() successful!
2016-08-18 14:42:24:832[Info         ] GetAttribLocation [vPosition] successful.
2016-08-18 14:42:24:832[Info         ] GetUniformLocation [colorin] successful.
2016-08-18 14:42:24:832[Info         ] GetUniformLocation [MAT] successful.
2016-08-18 14:42:24:832[cProcess     ] RenderEngine::Initialize() successful.
2016-08-18 14:42:24:833[cInfo        ] 
-----------------------------------------------------------------------
 BufferInfo::CreateBuffers()[0] Created buffers:| VERTEX [1] with [80] bytes. || INDEX [2] with [24] bytes |
-----------------------------------------------------------------------

2016-08-18 14:42:24:836[cInfo        ] --------BufferInfo::AddMesh() Added mesh successfully-------
2016-08-18 14:42:24:837[cInfo        ] 
2016-08-18 14:42:24:837[cInfo        ] --------------------| START BUFFER MESH INFO |-------------------------------------
2016-08-18 14:42:24:840[cInfo        ] BufferInfo::AddMesh(): NUM VERTS-----------------[4]
2016-08-18 14:42:24:842[cInfo        ] BufferInfo::AddMesh(): NUM INDICES---------------[6]
2016-08-18 14:42:24:843[cInfo        ] BufferInfo::AddMesh(): VERT OFFSET---------------[0]
2016-08-18 14:42:24:844[cInfo        ] BufferInfo::AddMesh(): INDICES OFFSET (BYTES)----[0]
2016-08-18 14:42:24:845[cInfo        ] --------------------|  END BUFFER MESH INFO  |--------------------------------------
2016-08-18 14:42:24:846[cInfo        ] 

2016-08-18 14:42:24:847[cInfo        ] 
-----------------------------------------------------------------------
 BufferInfo::CreateBuffers()[0] Created buffers:| VERTEX [3] with [96] bytes. || INDEX [4] with [48] bytes |
-----------------------------------------------------------------------

2016-08-18 14:42:24:851[cInfo        ] --------BufferInfo::AddMesh() Added mesh successfully-------
2016-08-18 14:42:24:852[cInfo        ] 
2016-08-18 14:42:24:852[cInfo        ] --------------------| START BUFFER MESH INFO |-------------------------------------
2016-08-18 14:42:24:853[cInfo        ] BufferInfo::AddMesh(): NUM VERTS-----------------[8]
2016-08-18 14:42:24:854[cInfo        ] BufferInfo::AddMesh(): NUM INDICES---------------[24]
2016-08-18 14:42:24:855[cInfo        ] BufferInfo::AddMesh(): VERT OFFSET---------------[0]
2016-08-18 14:42:24:856[cInfo        ] BufferInfo::AddMesh(): INDICES OFFSET (BYTES)----[0]
2016-08-18 14:42:24:857[cInfo        ] --------------------|  END BUFFER MESH INFO  |--------------------------------------
2016-08-18 14:42:24:859[cInfo        ] 

2016-08-18 14:42:24:861[cInfo        ] 
-----------------------------------------------------------------------
 BufferInfo::CreateBuffers()[0] Created buffers:| VERTEX [5] with [864] bytes. || INDEX [6] with [0] bytes |
-----------------------------------------------------------------------

2016-08-18 14:42:24:864[cInfo        ] --------BufferInfo::AddMesh() Added mesh successfully-------
2016-08-18 14:42:24:865[cInfo        ] 
2016-08-18 14:42:24:865[cInfo        ] --------------------| START BUFFER MESH INFO |-------------------------------------
2016-08-18 14:42:24:866[cInfo        ] BufferInfo::AddMesh(): NUM VERTS-----------------[36]
2016-08-18 14:42:24:867[cInfo        ] BufferInfo::AddMesh(): NUM INDICES---------------[0]
2016-08-18 14:42:24:869[cInfo        ] BufferInfo::AddMesh(): VERT OFFSET---------------[0]
2016-08-18 14:42:24:870[cInfo        ] BufferInfo::AddMesh(): INDICES OFFSET (BYTES)----[0]
2016-08-18 14:42:24:871[cInfo        ] --------------------|  END BUFFER MESH INFO  |--------------------------------------
2016-08-18 14:42:24:872[cInfo        ] 

2016-08-18 14:42:24:873[cInfo        ] 
-----------------------------------------------------------------------
 BufferInfo::CreateBuffers()[0] Created buffers:| VERTEX [7] with [144] bytes. || INDEX [8] with [0] bytes |
-----------------------------------------------------------------------

2016-08-18 14:42:24:876[cInfo        ] --------BufferInfo::AddMesh() Added mesh successfully-------
2016-08-18 14:42:24:877[cInfo        ] 
2016-08-18 14:42:24:879[cInfo        ] --------------------| START BUFFER MESH INFO |-------------------------------------
2016-08-18 14:42:24:880[cInfo        ] BufferInfo::AddMesh(): NUM VERTS-----------------[6]
2016-08-18 14:42:24:881[cInfo        ] BufferInfo::AddMesh(): NUM INDICES---------------[0]
2016-08-18 14:42:24:882[cInfo        ] BufferInfo::AddMesh(): VERT OFFSET---------------[0]
2016-08-18 14:42:24:883[cInfo        ] BufferInfo::AddMesh(): INDICES OFFSET (BYTES)----[0]
2016-08-18 14:42:24:883[cInfo        ] --------------------|  END BUFFER MESH INFO  |--------------------------------------
2016-08-18 14:42:24:884[cInfo        ] 

2016-08-18 14:42:24:885[cProcess     ] BufferManager::Initialize() successful.
2016-08-18 14:42:24:886[cInfo        ] 
-----------------------------------------------------------------------
 BufferInfo::CreateBuffers()[0] Created buffers:| VERTEX [9] with [1000000] bytes. || INDEX [10] with [1000000] bytes |
-----------------------------------------------------------------------

2016-08-18 14:42:24:890[cInfo        ] --------BufferInfo::AddMesh() Added mesh successfully-------
2016-08-18 14:42:24:891[cInfo        ] 
2016-08-18 14:42:24:892[cInfo        ] --------------------| START BUFFER MESH INFO |-------------------------------------
2016-08-18 14:42:24:893[cInfo        ] BufferInfo::AddMesh(): NUM VERTS-----------------[24]
2016-08-18 14:42:24:894[cInfo        ] BufferInfo::AddMesh(): NUM INDICES---------------[36]
2016-08-18 14:42:24:895[cInfo        ] BufferInfo::AddMesh(): VERT OFFSET---------------[0]
2016-08-18 14:42:24:896[cInfo        ] BufferInfo::AddMesh(): INDICES OFFSET (BYTES)----[0]
2016-08-18 14:42:24:896[cInfo        ] --------------------|  END BUFFER MESH INFO  |--------------------------------------
2016-08-18 14:42:24:897[cInfo        ] 

2016-08-18 14:42:24:901[cProcess     ] BufferManager::Initialize() successful.
2016-08-18 14:42:24:902[cInfo        ] 
-----------------------------------------------------------------------
 BufferInfo::CreateBuffers()[1] Created buffers:| VERTEX [11] with [1000000] bytes. || INDEX [12] with [1000000] bytes |
-----------------------------------------------------------------------

2016-08-18 14:42:24:906[cInfo        ] --------BufferInfo::AddMesh() Added mesh successfully-------
2016-08-18 14:42:24:907[cInfo        ] 
2016-08-18 14:42:24:907[cInfo        ] --------------------| START BUFFER MESH INFO |-------------------------------------
2016-08-18 14:42:24:911[cInfo        ] BufferInfo::AddMesh(): NUM VERTS-----------------[1536]
2016-08-18 14:42:24:913[cInfo        ] BufferInfo::AddMesh(): NUM INDICES---------------[3072]
2016-08-18 14:42:24:914[cInfo        ] BufferInfo::AddMesh(): VERT OFFSET---------------[0]
2016-08-18 14:42:24:914[cInfo        ] BufferInfo::AddMesh(): INDICES OFFSET (BYTES)----[0]
2016-08-18 14:42:24:915[cInfo        ] --------------------|  END BUFFER MESH INFO  |--------------------------------------
2016-08-18 14:42:24:917[cInfo        ] 

2016-08-18 14:42:24:917[cInfo        ] 
-----------------------------------------------------------------------
 BufferInfo::CreateBuffers()[0] Created buffers:| VERTEX [13] with [3936] bytes. || INDEX [14] with [0] bytes |
-----------------------------------------------------------------------

2016-08-18 14:42:24:923[cInfo        ] --------BufferInfo::AddMesh() Added mesh successfully-------
2016-08-18 14:42:24:924[cInfo        ] 
2016-08-18 14:42:24:924[cInfo        ] --------------------| START BUFFER MESH INFO |-------------------------------------
2016-08-18 14:42:24:926[cInfo        ] BufferInfo::AddMesh(): NUM VERTS-----------------[164]
2016-08-18 14:42:24:928[cInfo        ] BufferInfo::AddMesh(): NUM INDICES---------------[0]
2016-08-18 14:42:24:929[cInfo        ] BufferInfo::AddMesh(): VERT OFFSET---------------[0]
2016-08-18 14:42:24:931[cInfo        ] BufferInfo::AddMesh(): INDICES OFFSET (BYTES)----[0]
2016-08-18 14:42:24:932[cInfo        ] --------------------|  END BUFFER MESH INFO  |--------------------------------------
2016-08-18 14:42:24:933[cInfo        ] 

2016-08-18 14:42:24:934[cProcess     ] ShapeGenerator initialized successfully.
2016-08-18 14:42:24:935[cProcess     ] Camera::Initialize() successful.
2016-08-18 14:42:24:935[cProcess     ] Keyboard::Initialize() successful
2016-08-18 14:42:24:936[cProcess     ] Keyboard::Initialize() successful
2016-08-18 14:42:24:951[cInfo        ] 
-----------------------------------------------------------------------
 BufferInfo::CreateBuffers()[0] Created buffers:| VERTEX [15] with [10810368] bytes. || INDEX [16] with [0] bytes |
-----------------------------------------------------------------------

2016-08-18 14:42:24:971[cInfo        ] --------BufferInfo::AddMesh() Added mesh successfully-------
2016-08-18 14:42:24:972[cInfo        ] 
2016-08-18 14:42:24:973[cInfo        ] --------------------| START BUFFER MESH INFO |-------------------------------------
2016-08-18 14:42:24:974[cInfo        ] BufferInfo::AddMesh(): NUM VERTS-----------------[337824]
2016-08-18 14:42:24:975[cInfo        ] BufferInfo::AddMesh(): NUM INDICES---------------[0]
2016-08-18 14:42:24:976[cInfo        ] BufferInfo::AddMesh(): VERT OFFSET---------------[0]
2016-08-18 14:42:24:978[cInfo        ] BufferInfo::AddMesh(): INDICES OFFSET (BYTES)----[0]
2016-08-18 14:42:24:979[cInfo        ] --------------------|  END BUFFER MESH INFO  |--------------------------------------
2016-08-18 14:42:24:981[cInfo        ] 

2016-08-18 14:42:25:008[Info         ] ShapeGenerator::ReadSceneFile(): Added new scene [..\Data\Scenes\Dargon.ptn.scene] successfully.
2016-08-18 14:42:25:008[cInfo        ] EntityManager::BuildPlayerEntity(): Built [Dargon] successfully
2016-08-18 14:42:25:009[cProcess     ] BufferManager::Initialize() successful.
2016-08-18 14:42:25:015[cInfo        ] 
-----------------------------------------------------------------------
 BufferInfo::CreateBuffers()[2] Created buffers:| VERTEX [17] with [1000000] bytes. || INDEX [18] with [1000000] bytes |
-----------------------------------------------------------------------

2016-08-18 14:42:25:021[cInfo        ] --------BufferInfo::AddMesh() Added mesh successfully-------
2016-08-18 14:42:25:022[cInfo        ] 
2016-08-18 14:42:25:023[cInfo        ] --------------------| START BUFFER MESH INFO |-------------------------------------
2016-08-18 14:42:25:024[cInfo        ] BufferInfo::AddMesh(): NUM VERTS-----------------[36]
2016-08-18 14:42:25:025[cInfo        ] BufferInfo::AddMesh(): NUM INDICES---------------[0]
2016-08-18 14:42:25:026[cInfo        ] BufferInfo::AddMesh(): VERT OFFSET---------------[0]
2016-08-18 14:42:25:029[cInfo        ] BufferInfo::AddMesh(): INDICES OFFSET (BYTES)----[0]
2016-08-18 14:42:25:030[cInfo        ] --------------------|  END BUFFER MESH INFO  |--------------------------------------
2016-08-18 14:42:25:032[cInfo        ] 

2016-08-18 14:42:25:033[Info         ] ShapeGenerator::ReadSceneFile(): Added new scene [..\Data\Scenes\Cube.pn.scene] successfully.
2016-08-18 14:42:25:034[cInfo        ] --------BufferInfo::AddMesh() Added mesh successfully-------
2016-08-18 14:42:25:035[cInfo        ] 
2016-08-18 14:42:25:036[cInfo        ] --------------------| START BUFFER MESH INFO |-------------------------------------
2016-08-18 14:42:25:037[cInfo        ] BufferInfo::AddMesh(): NUM VERTS-----------------[18]
2016-08-18 14:42:25:038[cInfo        ] BufferInfo::AddMesh(): NUM INDICES---------------[0]
2016-08-18 14:42:25:040[cInfo        ] BufferInfo::AddMesh(): VERT OFFSET---------------[36]
2016-08-18 14:42:25:042[cInfo        ] BufferInfo::AddMesh(): INDICES OFFSET (BYTES)----[0]
2016-08-18 14:42:25:042[cInfo        ] --------------------|  END BUFFER MESH INFO  |--------------------------------------
2016-08-18 14:42:25:044[cInfo        ] 

2016-08-18 14:42:25:045[Info         ] ShapeGenerator::ReadSceneFile(): Added new scene [..\Data\Scenes\Pyramid.pn.scene] successfully.
2016-08-18 14:42:25:055[cInfo        ] 
-----------------------------------------------------------------------
 BufferInfo::CreateBuffers()[0] Created buffers:| VERTEX [19] with [5529600] bytes. || INDEX [20] with [0] bytes |
-----------------------------------------------------------------------

2016-08-18 14:42:25:065[cInfo        ] --------BufferInfo::AddMesh() Added mesh successfully-------
2016-08-18 14:42:25:066[cInfo        ] 
2016-08-18 14:42:25:067[cInfo        ] --------------------| START BUFFER MESH INFO |-------------------------------------
2016-08-18 14:42:25:070[cInfo        ] BufferInfo::AddMesh(): NUM VERTS-----------------[172800]
2016-08-18 14:42:25:071[cInfo        ] BufferInfo::AddMesh(): NUM INDICES---------------[0]
2016-08-18 14:42:25:072[cInfo        ] BufferInfo::AddMesh(): VERT OFFSET---------------[0]
2016-08-18 14:42:25:073[cInfo        ] BufferInfo::AddMesh(): INDICES OFFSET (BYTES)----[0]
2016-08-18 14:42:25:074[cInfo        ] --------------------|  END BUFFER MESH INFO  |--------------------------------------
2016-08-18 14:42:25:076[cInfo        ] 

2016-08-18 14:42:25:078[Info         ] ShapeGenerator::ReadSceneFile(): Added new scene [..\Data\Scenes\WaterPlane.ptn.scene] successfully.
2016-08-18 14:42:25:079[cProcess     ] Camera::Initialize() successful.
2016-08-18 14:42:25:091[cProcess     ] BufferManager::Initialize() successful.
2016-08-18 14:42:25:092[cInfo        ] 
-----------------------------------------------------------------------
 BufferInfo::CreateBuffers()[3] Created buffers:| VERTEX [21] with [8107776] bytes. || INDEX [22] with [0] bytes |
-----------------------------------------------------------------------

2016-08-18 14:42:25:103[cInfo        ] --------BufferInfo::AddMesh() Added mesh successfully-------
2016-08-18 14:42:25:104[cInfo        ] 
2016-08-18 14:42:25:105[cInfo        ] --------------------| START BUFFER MESH INFO |-------------------------------------
2016-08-18 14:42:25:106[cInfo        ] BufferInfo::AddMesh(): NUM VERTS-----------------[337824]
2016-08-18 14:42:25:107[cInfo        ] BufferInfo::AddMesh(): NUM INDICES---------------[0]
2016-08-18 14:42:25:108[cInfo        ] BufferInfo::AddMesh(): VERT OFFSET---------------[0]
2016-08-18 14:42:25:109[cInfo        ] BufferInfo::AddMesh(): INDICES OFFSET (BYTES)----[0]
2016-08-18 14:42:25:112[cInfo        ] --------------------|  END BUFFER MESH INFO  |--------------------------------------
2016-08-18 14:42:25:113[cInfo        ] 

2016-08-18 14:42:25:114[Info         ] ShapeGenerator::ReadSceneFile(): Added new scene [..\Data\Scenes\Dargon.pn.scene] successfully.
2016-08-18 14:42:25:114[cProcess     ] BufferManager::Initialize() successful.
2016-08-18 14:42:25:115[cInfo        ] 
-----------------------------------------------------------------------
 BufferInfo::CreateBuffers()[4] Created buffers:| VERTEX [23] with [1000000] bytes. || INDEX [24] with [1000000] bytes |
-----------------------------------------------------------------------

2016-08-18 14:42:25:119[cInfo        ] --------BufferInfo::AddMesh() Added mesh successfully-------
2016-08-18 14:42:25:122[cInfo        ] 
2016-08-18 14:42:25:122[cInfo        ] --------------------| START BUFFER MESH INFO |-------------------------------------
2016-08-18 14:42:25:124[cInfo        ] BufferInfo::AddMesh(): NUM VERTS-----------------[6]
2016-08-18 14:42:25:125[cInfo        ] BufferInfo::AddMesh(): NUM INDICES---------------[0]
2016-08-18 14:42:25:126[cInfo        ] BufferInfo::AddMesh(): VERT OFFSET---------------[0]
2016-08-18 14:42:25:128[cInfo        ] BufferInfo::AddMesh(): INDICES OFFSET (BYTES)----[0]
2016-08-18 14:42:25:128[cInfo        ] --------------------|  END BUFFER MESH INFO  |--------------------------------------
2016-08-18 14:42:25:130[cInfo        ] 

2016-08-18 14:42:25:132[cProcess     ] BodaciousQuest::Initialize() successful.
2016-08-18 14:42:25:133[Process      ] GameTime::Initialize() ok

2016-08-18 14:42:25:133[cProcess     ] MyWindow::Initialize() successful!
