2016-08-22 14:11:46:354[Process      ] GameLogger::Initialize() opened log file [..\Data\LogFiles\2016-08-22 14-11-46.BodaciousQuest.log] for writing
2016-08-22 14:11:46:355[Info         ] GameLogger::Initialize() successful
2016-08-22 14:11:46:355[Process      ] ConfigReader opened [..\Data\BodaciousQuest.config] successfully
2016-08-22 14:11:46:355[Info         ] ConfigReader initialized successfully
2016-08-22 14:11:46:355[Info         ] Valid KVP [BodaciousQuest.ShowFullScreen] [false] added
2016-08-22 14:11:46:355[Info         ] Valid KVP [BodaciousQuest.FpsInterval] [5.0] added
2016-08-22 14:11:46:355[Info         ] Valid KVP [BodaciousQuest.EnableControls] [true] added
2016-08-22 14:11:46:355[Info         ] Valid KVP [BodaciousQuest.LoadCubeFirst] [true] added
2016-08-22 14:11:46:355[Info         ] Valid KVP [BodaciousQuest.CameraWalkMode] [false] added
2016-08-22 14:11:46:355[Info         ] Valid KVP [BodaciousQuest.GridSize] [40] added
2016-08-22 14:11:46:355[Info         ] Valid KVP [BodaciousQuest.LightingTest.Ambient.Color] [1.0  1.0  1.0] added
2016-08-22 14:11:46:355[Info         ] Valid KVP [BodaciousQuest.LightingTest.Diffuse.Color] [1.0  1.0  1.0] added
2016-08-22 14:11:46:355[Info         ] Valid KVP [BodaciousQuest.LightingTest.Specular.Color] [1.0  1.0  1.0] added
2016-08-22 14:11:46:355[Info         ] Valid KVP [BodaciousQuest.LightingTest.Ambient.Reflectivity] [0.01] added
2016-08-22 14:11:46:355[Info         ] Valid KVP [BodaciousQuest.LightingTest.Diffuse.Reflectivity] [0.7] added
2016-08-22 14:11:46:355[Info         ] Valid KVP [BodaciousQuest.LightingTest.Specular.Reflectivity] [0.5] added
2016-08-22 14:11:46:355[Info         ] Valid KVP [BodaciousQuest.LightingTest.Specular.Shininess] [1.50] added
2016-08-22 14:11:46:355[Info         ] Valid KVP [BodaciousQuest.LightingTest.Falloff.A] [1.0] added
2016-08-22 14:11:46:355[Info         ] Valid KVP [BodaciousQuest.LightingTest.Falloff.B] [0.001] added
2016-08-22 14:11:46:356[Info         ] Valid KVP [BodaciousQuest.LightingTest.Falloff.C] [0.0001] added
2016-08-22 14:11:46:356[Info         ] Valid KVP [BodaciousQuest.LightingTest.Directional] [false] added
2016-08-22 14:11:46:356[Info         ] Valid KVP [BodaciousQuest.LightingTest.Direction] [-1.0 0.0 1.0] added
2016-08-22 14:11:46:356[Info         ] Valid KVP [BodaciousQuest.LightingTest.Light.Position] [-0.875458 3.673020 1.043331] added
2016-08-22 14:11:46:356[Info         ] Valid KVP [BodaciousQuest.LightingTest.Dargon.Color] [1.0 1.0 0.4] added
2016-08-22 14:11:46:356[Info         ] Valid KVP [ObjConverter.Mode.VertexType] [pn] added
2016-08-22 14:11:46:356[Info         ] Valid KVP [ObjConverter.Mode.Analyze] [false] added
2016-08-22 14:11:46:356[Info         ] Valid KVP [ObjConverter.Model] [Cat] added
2016-08-22 14:11:46:356[Info         ] Valid KVP [ObjConverter.Shader] [4] added
2016-08-22 14:11:46:356[Info         ] Valid KVP [ObjConverter.Color] [random] added
2016-08-22 14:11:46:356[Info         ] Valid KVP [ObjConverter.Obj.InputFileFolder] [..\\Data\\Objs\\] added
2016-08-22 14:11:46:356[Info         ] Valid KVP [ObjConverter.Scene.OutputFileFolder] [..\\Data\\Scenes\\] added
2016-08-22 14:11:46:356[Info         ] Valid KVP [ObjConverter.Model.Dargon.NumVerts] [57967] added
2016-08-22 14:11:46:356[Info         ] Valid KVP [ObjConverter.Model.Dargon.NumIndices] [337824] added
2016-08-22 14:11:46:356[Info         ] Valid KVP [ObjConverter.Model.Dargon.NumTexCoords] [60175] added
2016-08-22 14:11:46:356[Info         ] Valid KVP [ObjConverter.Model.Dargon.NumNormals] [337824] added
2016-08-22 14:11:46:356[Info         ] Valid KVP [ObjConverter.Model.Swamp.NumVerts] [2735] added
2016-08-22 14:11:46:356[Info         ] Valid KVP [ObjConverter.Model.Swamp.NumIndices] [8556] added
2016-08-22 14:11:46:356[Info         ] Valid KVP [ObjConverter.Model.Swamp.NumTexCoords] [3622] added
2016-08-22 14:11:46:356[Info         ] Valid KVP [ObjConverter.Model.Swamp.NumNormals] [5156] added
2016-08-22 14:11:46:356[Info         ] Valid KVP [ObjConverter.Model.Pyramid.NumVerts] [5] added
2016-08-22 14:11:46:356[Info         ] Valid KVP [ObjConverter.Model.Pyramid.NumIndices] [18] added
2016-08-22 14:11:46:356[Info         ] Valid KVP [ObjConverter.Model.Pyramid.NumTexCoords] [10] added
2016-08-22 14:11:46:356[Info         ] Valid KVP [ObjConverter.Model.Pyramid.NumNormals] [16] added
2016-08-22 14:11:46:356[Info         ] Valid KVP [ObjConverter.Model.AIWorld.NumVerts] [1957] added
2016-08-22 14:11:46:356[Info         ] Valid KVP [ObjConverter.Model.AIWorld.NumIndices] [8718] added
2016-08-22 14:11:46:356[Info         ] Valid KVP [ObjConverter.Model.AIWorld.NumTexCoords] [4186] added
2016-08-22 14:11:46:356[Info         ] Valid KVP [ObjConverter.Model.AIWorld.NumNormals] [5418] added
2016-08-22 14:11:46:356[Info         ] Valid KVP [ObjConverter.Model.GameWeapon.NumVerts] [2068] added
2016-08-22 14:11:46:356[Info         ] Valid KVP [ObjConverter.Model.GameWeapon.NumIndices] [9894] added
2016-08-22 14:11:46:356[Info         ] Valid KVP [ObjConverter.Model.GameWeapon.NumTexCoords] [0] added
2016-08-22 14:11:46:356[Info         ] Valid KVP [ObjConverter.Model.GameWeapon.NumNormals] [0] added
2016-08-22 14:11:46:356[Info         ] Valid KVP [ObjConverter.Model.Chicken.NumVerts] [224] added
2016-08-22 14:11:46:356[Info         ] Valid KVP [ObjConverter.Model.Chicken.NumIndices] [1374] added
2016-08-22 14:11:46:356[Info         ] Valid KVP [ObjConverter.Model.Chicken.NumTexCoords] [472] added
2016-08-22 14:11:46:356[Info         ] Valid KVP [ObjConverter.Model.Chicken.NumNormals] [565] added
2016-08-22 14:11:46:356[Info         ] Valid KVP [ObjConverter.Model.WaterPlane.NumVerts] [29282] added
2016-08-22 14:11:46:356[Info         ] Valid KVP [ObjConverter.Model.WaterPlane.NumIndices] [172800] added
2016-08-22 14:11:46:356[Info         ] Valid KVP [ObjConverter.Model.WaterPlane.NumTexCoords] [29282] added
2016-08-22 14:11:46:356[Info         ] Valid KVP [ObjConverter.Model.WaterPlane.NumNormals] [172800] added
2016-08-22 14:11:46:356[Info         ] Valid KVP [ObjConverter.Model.Cube.NumVerts] [8] added
2016-08-22 14:11:46:356[Info         ] Valid KVP [ObjConverter.Model.Cube.NumIndices] [36] added
2016-08-22 14:11:46:356[Info         ] Valid KVP [ObjConverter.Model.Cube.NumTexCoords] [14] added
2016-08-22 14:11:46:356[Info         ] Valid KVP [ObjConverter.Model.Cube.NumNormals] [24] added
2016-08-22 14:11:46:356[Info         ] Valid KVP [ObjConverter.Model.Barrel.NumVerts] [172] added
2016-08-22 14:11:46:357[Info         ] Valid KVP [ObjConverter.Model.Barrel.NumIndices] [1008] added
2016-08-22 14:11:46:357[Info         ] Valid KVP [ObjConverter.Model.Barrel.NumTexCoords] [328] added
2016-08-22 14:11:46:357[Info         ] Valid KVP [ObjConverter.Model.Barrel.NumNormals] [204] added
2016-08-22 14:11:46:357[Info         ] Valid KVP [ObjConverter.Model.SkyBox.NumVerts] [8] added
2016-08-22 14:11:46:357[Info         ] Valid KVP [ObjConverter.Model.SkyBox.NumIndices] [36] added
2016-08-22 14:11:46:357[Info         ] Valid KVP [ObjConverter.Model.SkyBox.NumTexCoords] [18] added
2016-08-22 14:11:46:357[Info         ] Valid KVP [ObjConverter.Model.SkyBox.NumNormals] [24] added
2016-08-22 14:11:46:357[Info         ] Valid KVP [ObjConverter.Model.Cat.NumVerts] [548] added
2016-08-22 14:11:46:357[Info         ] Valid KVP [ObjConverter.Model.Cat.NumIndices] [3180] added
2016-08-22 14:11:46:357[Info         ] Valid KVP [ObjConverter.Model.Cat.NumTexCoords] [771] added
2016-08-22 14:11:46:357[Info         ] Valid KVP [ObjConverter.Model.Cat.NumNormals] [714] added
2016-08-22 14:11:46:424[cInfo        ] Config reader opened [..\Data\BodaciousQuest.config] for reading!
2016-08-22 14:11:46:481[Process      ] ShaderManager Initialized successfully
2016-08-22 14:11:46:481[Info         ] Shader Init started
2016-08-22 14:11:46:481[Info         ] Shader Program created.
2016-08-22 14:11:46:481[Process      ] ShaderProgram::Initialize()[1] successful!
2016-08-22 14:11:46:481[Debug        ] File [..\Data\shaders\debug.vert.shader] Opened successfully! Buffer Length:[291]
2016-08-22 14:11:46:481[Debug        ] Shader file [..\Data\shaders\debug.vert.shader] contents:
//BEGIN
#version 430 core

layout(location = 0)  in vec3 vPosition;

layout(location = 15) uniform vec3 colorin;
layout(location = 16) uniform mat4 MAT;

out vec4 color;

void main()
{
	vec4 vertPos = vec4(vPosition, 1.0);
	gl_Position = MAT *  vertPos;
	color = vec4(colorin, 1.0);
}
//END

2016-08-22 14:11:46:481[Debug        ]  ShaderProgram::AddShader() file with data was read in
2016-08-22 14:11:46:481[Debug        ] ShaderProgram::AddShader() : glShaderSource() successful
2016-08-22 14:11:46:482[Debug        ] ShaderProgram::AddShader() : glCompileShader() successful
2016-08-22 14:11:46:482[Info         ] ShaderProgram::CheckShaderCompileStatus(2) successful.
2016-08-22 14:11:46:482[Debug        ] ShaderProgram::AddShader() : glCompileShader() successful
2016-08-22 14:11:46:482[Info         ] ShaderInfo saved successfully.
2016-08-22 14:11:46:482[Debug        ] ShaderProgram::AddShader() : glAttachShader() successful
2016-08-22 14:11:46:482[Info         ] ShaderProgram::AddShader [2] successful.
2016-08-22 14:11:46:482[Debug        ] File [..\Data\shaders\debug.frag.shader] Opened successfully! Buffer Length:[104]
2016-08-22 14:11:46:482[Debug        ] Shader file [..\Data\shaders\debug.frag.shader] contents:
//BEGIN
#version 430 core


in  vec4 color;
out vec4 outColor;

void main()
{
	outColor = color;
}


//END

2016-08-22 14:11:46:482[Debug        ]  ShaderProgram::AddShader() file with data was read in
2016-08-22 14:11:46:482[Debug        ] ShaderProgram::AddShader() : glShaderSource() successful
2016-08-22 14:11:46:482[Debug        ] ShaderProgram::AddShader() : glCompileShader() successful
2016-08-22 14:11:46:482[Info         ] ShaderProgram::CheckShaderCompileStatus(3) successful.
2016-08-22 14:11:46:482[Debug        ] ShaderProgram::AddShader() : glCompileShader() successful
2016-08-22 14:11:46:482[Info         ] ShaderInfo saved successfully.
2016-08-22 14:11:46:482[Debug        ] ShaderProgram::AddShader() : glAttachShader() successful
2016-08-22 14:11:46:482[Info         ] ShaderProgram::AddShader [3] successful.
2016-08-22 14:11:46:484[Info         ] CheckProgramStatus() successful!
2016-08-22 14:11:46:484[Info         ] CheckProgramStatus() successful!
2016-08-22 14:11:46:484[Info         ] Shader Init started
2016-08-22 14:11:46:484[Info         ] Shader Program created.
2016-08-22 14:11:46:484[Process      ] ShaderProgram::Initialize()[4] successful!
2016-08-22 14:11:46:484[Debug        ] File [..\Data\shaders\play.vert.shader] Opened successfully! Buffer Length:[343]
2016-08-22 14:11:46:484[Debug        ] Shader file [..\Data\shaders\play.vert.shader] contents:
//BEGIN
#version 430 core

layout (location = 0)  in vec3 vPosition;
layout (location = 1)  in vec3 vColor;
layout (location = 15) uniform vec3 colorin;
layout (location = 16) uniform mat4 MAT;

out vec4 color;

void main()
{
	vec4 vertPos = vec4(vPosition, 1.0);
	gl_Position = MAT *  vertPos;
	color = vec4((vColor + colorin), 1.0);
}
//END

2016-08-22 14:11:46:484[Debug        ]  ShaderProgram::AddShader() file with data was read in
2016-08-22 14:11:46:484[Debug        ] ShaderProgram::AddShader() : glShaderSource() successful
2016-08-22 14:11:46:484[Debug        ] ShaderProgram::AddShader() : glCompileShader() successful
2016-08-22 14:11:46:484[Info         ] ShaderProgram::CheckShaderCompileStatus(5) successful.
2016-08-22 14:11:46:484[Debug        ] ShaderProgram::AddShader() : glCompileShader() successful
2016-08-22 14:11:46:484[Info         ] ShaderInfo saved successfully.
2016-08-22 14:11:46:484[Debug        ] ShaderProgram::AddShader() : glAttachShader() successful
2016-08-22 14:11:46:484[Info         ] ShaderProgram::AddShader [5] successful.
2016-08-22 14:11:46:484[Debug        ] File [..\Data\shaders\play.frag.shader] Opened successfully! Buffer Length:[391]
2016-08-22 14:11:46:484[Debug        ] Shader file [..\Data\shaders\play.frag.shader] contents:
//BEGIN
#version 430 core


in  vec4 color;
out vec4 outColor;

void main()
{

	//if (color.r < .7) discard;
	outColor = color;

	//if(((gl_FragCoord.x  > 600)&& (gl_FragCoord.y < 300)) || ((gl_FragCoord.y < 300)  && (gl_FragCoord.x  < 600) )) {
	//discard;
	//}

	//vec2 scrPos = vec2(gl_FragCoord) - vec2(350,150);
	//float len =  length(scrPos);
	//if(len < 50 )discard;
}


//END

2016-08-22 14:11:46:484[Debug        ]  ShaderProgram::AddShader() file with data was read in
2016-08-22 14:11:46:484[Debug        ] ShaderProgram::AddShader() : glShaderSource() successful
2016-08-22 14:11:46:484[Debug        ] ShaderProgram::AddShader() : glCompileShader() successful
2016-08-22 14:11:46:484[Info         ] ShaderProgram::CheckShaderCompileStatus(6) successful.
2016-08-22 14:11:46:484[Debug        ] ShaderProgram::AddShader() : glCompileShader() successful
2016-08-22 14:11:46:484[Info         ] ShaderInfo saved successfully.
2016-08-22 14:11:46:484[Debug        ] ShaderProgram::AddShader() : glAttachShader() successful
2016-08-22 14:11:46:484[Info         ] ShaderProgram::AddShader [6] successful.
2016-08-22 14:11:46:485[Info         ] CheckProgramStatus() successful!
2016-08-22 14:11:46:485[Info         ] CheckProgramStatus() successful!
2016-08-22 14:11:46:485[Info         ] Shader Init started
2016-08-22 14:11:46:485[Info         ] Shader Program created.
2016-08-22 14:11:46:485[Process      ] ShaderProgram::Initialize()[7] successful!
2016-08-22 14:11:46:485[Debug        ] File [..\Data\shaders\texture.vert.shader] Opened successfully! Buffer Length:[305]
2016-08-22 14:11:46:486[Debug        ] Shader file [..\Data\shaders\texture.vert.shader] contents:
//BEGIN
#version 430 core

layout (location = 0)  in vec3 vPosition;
layout (location = 1)  in vec2 vUV;

layout (location = 16) uniform mat4 MAT;

//out data
out vec2 UV;

//out vec4 color;

void main()
{
	vec4 vertPos = vec4(vPosition, 1.0);
	gl_Position = MAT *  vertPos;

	UV = vUV;
	
	
}
//END

2016-08-22 14:11:46:486[Debug        ]  ShaderProgram::AddShader() file with data was read in
2016-08-22 14:11:46:486[Debug        ] ShaderProgram::AddShader() : glShaderSource() successful
2016-08-22 14:11:46:486[Debug        ] ShaderProgram::AddShader() : glCompileShader() successful
2016-08-22 14:11:46:486[Info         ] ShaderProgram::CheckShaderCompileStatus(8) successful.
2016-08-22 14:11:46:486[Debug        ] ShaderProgram::AddShader() : glCompileShader() successful
2016-08-22 14:11:46:486[Info         ] ShaderInfo saved successfully.
2016-08-22 14:11:46:486[Debug        ] ShaderProgram::AddShader() : glAttachShader() successful
2016-08-22 14:11:46:486[Info         ] ShaderProgram::AddShader [8] successful.
2016-08-22 14:11:46:486[Debug        ] File [..\Data\shaders\texture.frag.shader] Opened successfully! Buffer Length:[482]
2016-08-22 14:11:46:486[Debug        ] Shader file [..\Data\shaders\texture.frag.shader] contents:
//BEGIN
#version 430 core


in  vec2 UV;
out vec4 outColor;

layout(location = 20) uniform sampler2D textureSampler;

void main()
{

	//if (color.r < .7) discard;
	outColor = vec4(texture(textureSampler, UV).rgb, 1.0);

	//if(((gl_FragCoord.x  > 600)&& (gl_FragCoord.y < 300)) || ((gl_FragCoord.y < 300)  && (gl_FragCoord.x  < 600) )) {
	//discard;
	//}
	//vec2 scrPos = vec2(gl_FragCoord) - vec2(350,150);
	//float len =  length(scrPos);
	//if(len < 50 )discard;
}


//END

2016-08-22 14:11:46:486[Debug        ]  ShaderProgram::AddShader() file with data was read in
2016-08-22 14:11:46:486[Debug        ] ShaderProgram::AddShader() : glShaderSource() successful
2016-08-22 14:11:46:486[Debug        ] ShaderProgram::AddShader() : glCompileShader() successful
2016-08-22 14:11:46:486[Info         ] ShaderProgram::CheckShaderCompileStatus(9) successful.
2016-08-22 14:11:46:486[Debug        ] ShaderProgram::AddShader() : glCompileShader() successful
2016-08-22 14:11:46:486[Info         ] ShaderInfo saved successfully.
2016-08-22 14:11:46:486[Debug        ] ShaderProgram::AddShader() : glAttachShader() successful
2016-08-22 14:11:46:487[Info         ] ShaderProgram::AddShader [9] successful.
2016-08-22 14:11:46:488[Info         ] CheckProgramStatus() successful!
2016-08-22 14:11:46:488[Info         ] CheckProgramStatus() successful!
2016-08-22 14:11:46:488[Info         ] Shader Init started
2016-08-22 14:11:46:488[Info         ] Shader Program created.
2016-08-22 14:11:46:488[Process      ] ShaderProgram::Initialize()[10] successful!
2016-08-22 14:11:46:488[Debug        ] File [..\Data\shaders\framebuffer.vert.shader] Opened successfully! Buffer Length:[305]
2016-08-22 14:11:46:488[Debug        ] Shader file [..\Data\shaders\framebuffer.vert.shader] contents:
//BEGIN
#version 430 core

layout (location = 0)  in vec3 vPosition;
layout (location = 1)  in vec2 vUV;

layout (location = 16) uniform mat4 MAT;

//out data
out vec2 UV;

//out vec4 color;

void main()
{
	vec4 vertPos = vec4(vPosition, 1.0);
	gl_Position = MAT *  vertPos;

	UV = vUV;
	
	
}
//END

2016-08-22 14:11:46:488[Debug        ]  ShaderProgram::AddShader() file with data was read in
2016-08-22 14:11:46:488[Debug        ] ShaderProgram::AddShader() : glShaderSource() successful
2016-08-22 14:11:46:488[Debug        ] ShaderProgram::AddShader() : glCompileShader() successful
2016-08-22 14:11:46:488[Info         ] ShaderProgram::CheckShaderCompileStatus(11) successful.
2016-08-22 14:11:46:488[Debug        ] ShaderProgram::AddShader() : glCompileShader() successful
2016-08-22 14:11:46:488[Info         ] ShaderInfo saved successfully.
2016-08-22 14:11:46:488[Debug        ] ShaderProgram::AddShader() : glAttachShader() successful
2016-08-22 14:11:46:488[Info         ] ShaderProgram::AddShader [11] successful.
2016-08-22 14:11:46:488[Debug        ] File [..\Data\shaders\framebuffer.frag.shader] Opened successfully! Buffer Length:[275]
2016-08-22 14:11:46:488[Debug        ] Shader file [..\Data\shaders\framebuffer.frag.shader] contents:
//BEGIN
#version 430 core


in  vec2 UV;
out vec4 outColor;

layout(location = 20) uniform sampler2D textureSampler;

void main()
{


	vec3 tempCol = texture(textureSampler, UV).rgb;

	outColor = vec4(tempCol.r / 1.5f, tempCol.g / 1.5f, tempCol.b / 1.5f, 1.0f);
}


//END

2016-08-22 14:11:46:489[Debug        ]  ShaderProgram::AddShader() file with data was read in
2016-08-22 14:11:46:489[Debug        ] ShaderProgram::AddShader() : glShaderSource() successful
2016-08-22 14:11:46:489[Debug        ] ShaderProgram::AddShader() : glCompileShader() successful
2016-08-22 14:11:46:489[Info         ] ShaderProgram::CheckShaderCompileStatus(12) successful.
2016-08-22 14:11:46:489[Debug        ] ShaderProgram::AddShader() : glCompileShader() successful
2016-08-22 14:11:46:489[Info         ] ShaderInfo saved successfully.
2016-08-22 14:11:46:489[Debug        ] ShaderProgram::AddShader() : glAttachShader() successful
2016-08-22 14:11:46:489[Info         ] ShaderProgram::AddShader [12] successful.
2016-08-22 14:11:46:490[Info         ] CheckProgramStatus() successful!
2016-08-22 14:11:46:490[Info         ] CheckProgramStatus() successful!
2016-08-22 14:11:46:491[Info         ] Shader Init started
2016-08-22 14:11:46:491[Info         ] Shader Program created.
2016-08-22 14:11:46:491[Process      ] ShaderProgram::Initialize()[13] successful!
2016-08-22 14:11:46:491[Debug        ] File [..\Data\shaders\lighting.vert.shader] Opened successfully! Buffer Length:[1145]
2016-08-22 14:11:46:491[cDebug       ] Shader file [..\Data\shaders\lighting.vert.shader] is too big to display contents.
2016-08-22 14:11:46:492[Debug        ]  ShaderProgram::AddShader() file with data was read in
2016-08-22 14:11:46:492[Debug        ] ShaderProgram::AddShader() : glShaderSource() successful
2016-08-22 14:11:46:492[Debug        ] ShaderProgram::AddShader() : glCompileShader() successful
2016-08-22 14:11:46:492[Info         ] ShaderProgram::CheckShaderCompileStatus(14) successful.
2016-08-22 14:11:46:492[Debug        ] ShaderProgram::AddShader() : glCompileShader() successful
2016-08-22 14:11:46:492[Info         ] ShaderInfo saved successfully.
2016-08-22 14:11:46:492[Debug        ] ShaderProgram::AddShader() : glAttachShader() successful
2016-08-22 14:11:46:492[Info         ] ShaderProgram::AddShader [14] successful.
2016-08-22 14:11:46:492[Debug        ] File [..\Data\shaders\lighting.frag.shader] Opened successfully! Buffer Length:[1743]
2016-08-22 14:11:46:493[cDebug       ] Shader file [..\Data\shaders\lighting.frag.shader] is too big to display contents.
2016-08-22 14:11:46:493[Debug        ]  ShaderProgram::AddShader() file with data was read in
2016-08-22 14:11:46:493[Debug        ] ShaderProgram::AddShader() : glShaderSource() successful
2016-08-22 14:11:46:494[Debug        ] ShaderProgram::AddShader() : glCompileShader() successful
2016-08-22 14:11:46:494[Info         ] ShaderProgram::CheckShaderCompileStatus(15) successful.
2016-08-22 14:11:46:494[Debug        ] ShaderProgram::AddShader() : glCompileShader() successful
2016-08-22 14:11:46:494[Info         ] ShaderInfo saved successfully.
2016-08-22 14:11:46:494[Debug        ] ShaderProgram::AddShader() : glAttachShader() successful
2016-08-22 14:11:46:494[Info         ] ShaderProgram::AddShader [15] successful.
2016-08-22 14:11:46:497[Info         ] CheckProgramStatus() successful!
2016-08-22 14:11:46:497[Info         ] CheckProgramStatus() successful!
2016-08-22 14:11:46:497[Info         ] Shader Init started
2016-08-22 14:11:46:497[Info         ] Shader Program created.
2016-08-22 14:11:46:497[Process      ] ShaderProgram::Initialize()[16] successful!
2016-08-22 14:11:46:497[Debug        ] File [..\Data\shaders\texlighting.vert.shader] Opened successfully! Buffer Length:[1110]
2016-08-22 14:11:46:497[cDebug       ] Shader file [..\Data\shaders\texlighting.vert.shader] is too big to display contents.
2016-08-22 14:11:46:499[Debug        ]  ShaderProgram::AddShader() file with data was read in
2016-08-22 14:11:46:499[Debug        ] ShaderProgram::AddShader() : glShaderSource() successful
2016-08-22 14:11:46:499[Debug        ] ShaderProgram::AddShader() : glCompileShader() successful
2016-08-22 14:11:46:499[Info         ] ShaderProgram::CheckShaderCompileStatus(17) successful.
2016-08-22 14:11:46:499[Debug        ] ShaderProgram::AddShader() : glCompileShader() successful
2016-08-22 14:11:46:499[Info         ] ShaderInfo saved successfully.
2016-08-22 14:11:46:499[Debug        ] ShaderProgram::AddShader() : glAttachShader() successful
2016-08-22 14:11:46:499[Info         ] ShaderProgram::AddShader [17] successful.
2016-08-22 14:11:46:499[Debug        ] File [..\Data\shaders\texlighting.frag.shader] Opened successfully! Buffer Length:[1717]
2016-08-22 14:11:46:499[cDebug       ] Shader file [..\Data\shaders\texlighting.frag.shader] is too big to display contents.
2016-08-22 14:11:46:502[Debug        ]  ShaderProgram::AddShader() file with data was read in
2016-08-22 14:11:46:502[Debug        ] ShaderProgram::AddShader() : glShaderSource() successful
2016-08-22 14:11:46:503[Debug        ] ShaderProgram::AddShader() : glCompileShader() successful
2016-08-22 14:11:46:503[Info         ] ShaderProgram::CheckShaderCompileStatus(18) successful.
2016-08-22 14:11:46:503[Debug        ] ShaderProgram::AddShader() : glCompileShader() successful
2016-08-22 14:11:46:503[Info         ] ShaderInfo saved successfully.
2016-08-22 14:11:46:503[Debug        ] ShaderProgram::AddShader() : glAttachShader() successful
2016-08-22 14:11:46:503[Info         ] ShaderProgram::AddShader [18] successful.
2016-08-22 14:11:46:507[Info         ] CheckProgramStatus() successful!
2016-08-22 14:11:46:507[Info         ] CheckProgramStatus() successful!
2016-08-22 14:11:46:507[Info         ] Shader Init started
2016-08-22 14:11:46:507[Info         ] Shader Program created.
2016-08-22 14:11:46:507[Process      ] ShaderProgram::Initialize()[19] successful!
2016-08-22 14:11:46:507[Debug        ] File [..\Data\shaders\water.vert.shader] Opened successfully! Buffer Length:[1400]
2016-08-22 14:11:46:507[cDebug       ] Shader file [..\Data\shaders\water.vert.shader] is too big to display contents.
2016-08-22 14:11:46:510[Debug        ]  ShaderProgram::AddShader() file with data was read in
2016-08-22 14:11:46:510[Debug        ] ShaderProgram::AddShader() : glShaderSource() successful
2016-08-22 14:11:46:510[Debug        ] ShaderProgram::AddShader() : glCompileShader() successful
2016-08-22 14:11:46:510[Info         ] ShaderProgram::CheckShaderCompileStatus(20) successful.
2016-08-22 14:11:46:510[Debug        ] ShaderProgram::AddShader() : glCompileShader() successful
2016-08-22 14:11:46:510[Info         ] ShaderInfo saved successfully.
2016-08-22 14:11:46:510[Debug        ] ShaderProgram::AddShader() : glAttachShader() successful
2016-08-22 14:11:46:510[Info         ] ShaderProgram::AddShader [20] successful.
2016-08-22 14:11:46:510[Debug        ] File [..\Data\shaders\water.frag.shader] Opened successfully! Buffer Length:[2455]
2016-08-22 14:11:46:511[cDebug       ] Shader file [..\Data\shaders\water.frag.shader] is too big to display contents.
2016-08-22 14:11:46:512[Debug        ]  ShaderProgram::AddShader() file with data was read in
2016-08-22 14:11:46:512[Debug        ] ShaderProgram::AddShader() : glShaderSource() successful
2016-08-22 14:11:46:513[Debug        ] ShaderProgram::AddShader() : glCompileShader() successful
2016-08-22 14:11:46:513[Info         ] ShaderProgram::CheckShaderCompileStatus(21) successful.
2016-08-22 14:11:46:513[Debug        ] ShaderProgram::AddShader() : glCompileShader() successful
2016-08-22 14:11:46:513[Info         ] ShaderInfo saved successfully.
2016-08-22 14:11:46:513[Debug        ] ShaderProgram::AddShader() : glAttachShader() successful
2016-08-22 14:11:46:513[Info         ] ShaderProgram::AddShader [21] successful.
2016-08-22 14:11:46:515[Info         ] CheckProgramStatus() successful!
2016-08-22 14:11:46:515[Info         ] CheckProgramStatus() successful!
2016-08-22 14:11:46:515[Info         ] GetAttribLocation [vPosition] successful.
2016-08-22 14:11:46:515[Info         ] GetUniformLocation [colorin] successful.
2016-08-22 14:11:46:515[Info         ] GetUniformLocation [MAT] successful.
2016-08-22 14:11:46:515[cProcess     ] RenderEngine::Initialize() successful.
2016-08-22 14:11:46:516[cInfo        ] 
-----------------------------------------------------------------------
 BufferInfo::CreateBuffers()[0] Created buffers:| VERTEX [1] with [80] bytes. || INDEX [2] with [24] bytes |
-----------------------------------------------------------------------

2016-08-22 14:11:46:522[cInfo        ] --------BufferInfo::AddMesh() Added mesh successfully-------
2016-08-22 14:11:46:524[cInfo        ] 
2016-08-22 14:11:46:524[cInfo        ] --------------------| START BUFFER MESH INFO |-------------------------------------
2016-08-22 14:11:46:525[cInfo        ] BufferInfo::AddMesh(): NUM VERTS-----------------[4]
2016-08-22 14:11:46:526[cInfo        ] BufferInfo::AddMesh(): NUM INDICES---------------[6]
2016-08-22 14:11:46:527[cInfo        ] BufferInfo::AddMesh(): VERT OFFSET---------------[0]
2016-08-22 14:11:46:527[cInfo        ] BufferInfo::AddMesh(): INDICES OFFSET (BYTES)----[0]
2016-08-22 14:11:46:529[cInfo        ] --------------------|  END BUFFER MESH INFO  |--------------------------------------
2016-08-22 14:11:46:530[cInfo        ] 

2016-08-22 14:11:46:531[cInfo        ] 
-----------------------------------------------------------------------
 BufferInfo::CreateBuffers()[0] Created buffers:| VERTEX [3] with [96] bytes. || INDEX [4] with [48] bytes |
-----------------------------------------------------------------------

2016-08-22 14:11:46:534[cInfo        ] --------BufferInfo::AddMesh() Added mesh successfully-------
2016-08-22 14:11:46:535[cInfo        ] 
2016-08-22 14:11:46:535[cInfo        ] --------------------| START BUFFER MESH INFO |-------------------------------------
2016-08-22 14:11:46:536[cInfo        ] BufferInfo::AddMesh(): NUM VERTS-----------------[8]
2016-08-22 14:11:46:537[cInfo        ] BufferInfo::AddMesh(): NUM INDICES---------------[24]
2016-08-22 14:11:46:540[cInfo        ] BufferInfo::AddMesh(): VERT OFFSET---------------[0]
2016-08-22 14:11:46:541[cInfo        ] BufferInfo::AddMesh(): INDICES OFFSET (BYTES)----[0]
2016-08-22 14:11:46:542[cInfo        ] --------------------|  END BUFFER MESH INFO  |--------------------------------------
2016-08-22 14:11:46:543[cInfo        ] 

2016-08-22 14:11:46:544[cInfo        ] 
-----------------------------------------------------------------------
 BufferInfo::CreateBuffers()[0] Created buffers:| VERTEX [5] with [864] bytes. || INDEX [6] with [0] bytes |
-----------------------------------------------------------------------

2016-08-22 14:11:46:548[cInfo        ] --------BufferInfo::AddMesh() Added mesh successfully-------
2016-08-22 14:11:46:550[cInfo        ] 
2016-08-22 14:11:46:551[cInfo        ] --------------------| START BUFFER MESH INFO |-------------------------------------
2016-08-22 14:11:46:552[cInfo        ] BufferInfo::AddMesh(): NUM VERTS-----------------[36]
2016-08-22 14:11:46:553[cInfo        ] BufferInfo::AddMesh(): NUM INDICES---------------[0]
2016-08-22 14:11:46:554[cInfo        ] BufferInfo::AddMesh(): VERT OFFSET---------------[0]
2016-08-22 14:11:46:556[cInfo        ] BufferInfo::AddMesh(): INDICES OFFSET (BYTES)----[0]
2016-08-22 14:11:46:557[cInfo        ] --------------------|  END BUFFER MESH INFO  |--------------------------------------
2016-08-22 14:11:46:558[cInfo        ] 

2016-08-22 14:11:46:559[cInfo        ] 
-----------------------------------------------------------------------
 BufferInfo::CreateBuffers()[0] Created buffers:| VERTEX [7] with [144] bytes. || INDEX [8] with [0] bytes |
-----------------------------------------------------------------------

2016-08-22 14:11:46:564[cInfo        ] --------BufferInfo::AddMesh() Added mesh successfully-------
2016-08-22 14:11:46:565[cInfo        ] 
2016-08-22 14:11:46:565[cInfo        ] --------------------| START BUFFER MESH INFO |-------------------------------------
2016-08-22 14:11:46:567[cInfo        ] BufferInfo::AddMesh(): NUM VERTS-----------------[6]
2016-08-22 14:11:46:567[cInfo        ] BufferInfo::AddMesh(): NUM INDICES---------------[0]
2016-08-22 14:11:46:568[cInfo        ] BufferInfo::AddMesh(): VERT OFFSET---------------[0]
2016-08-22 14:11:46:569[cInfo        ] BufferInfo::AddMesh(): INDICES OFFSET (BYTES)----[0]
2016-08-22 14:11:46:572[cInfo        ] --------------------|  END BUFFER MESH INFO  |--------------------------------------
2016-08-22 14:11:46:574[cInfo        ] 

2016-08-22 14:11:46:575[Process      ] BufferInfo::Initialize() successful.
2016-08-22 14:11:46:575[cInfo        ] 
-----------------------------------------------------------------------
 BufferInfo::CreateBuffers()[0] Created buffers:| VERTEX [9] with [1000000] bytes. || INDEX [10] with [1000000] bytes |
-----------------------------------------------------------------------

2016-08-22 14:11:46:579[cInfo        ] --------BufferInfo::AddMesh() Added mesh successfully-------
2016-08-22 14:11:46:581[cInfo        ] 
2016-08-22 14:11:46:581[cInfo        ] --------------------| START BUFFER MESH INFO |-------------------------------------
2016-08-22 14:11:46:582[cInfo        ] BufferInfo::AddMesh(): NUM VERTS-----------------[24]
2016-08-22 14:11:46:583[cInfo        ] BufferInfo::AddMesh(): NUM INDICES---------------[36]
2016-08-22 14:11:46:584[cInfo        ] BufferInfo::AddMesh(): VERT OFFSET---------------[0]
2016-08-22 14:11:46:584[cInfo        ] BufferInfo::AddMesh(): INDICES OFFSET (BYTES)----[0]
2016-08-22 14:11:46:585[cInfo        ] --------------------|  END BUFFER MESH INFO  |--------------------------------------
2016-08-22 14:11:46:586[cInfo        ] 

2016-08-22 14:11:46:591[Process      ] BufferInfo::Initialize() successful.
2016-08-22 14:11:46:591[cInfo        ] 
-----------------------------------------------------------------------
 BufferInfo::CreateBuffers()[1] Created buffers:| VERTEX [11] with [1000000] bytes. || INDEX [12] with [1000000] bytes |
-----------------------------------------------------------------------

2016-08-22 14:11:46:595[cInfo        ] --------BufferInfo::AddMesh() Added mesh successfully-------
2016-08-22 14:11:46:596[cInfo        ] 
2016-08-22 14:11:46:596[cInfo        ] --------------------| START BUFFER MESH INFO |-------------------------------------
2016-08-22 14:11:46:598[cInfo        ] BufferInfo::AddMesh(): NUM VERTS-----------------[1536]
2016-08-22 14:11:46:601[cInfo        ] BufferInfo::AddMesh(): NUM INDICES---------------[3072]
2016-08-22 14:11:46:602[cInfo        ] BufferInfo::AddMesh(): VERT OFFSET---------------[0]
2016-08-22 14:11:46:603[cInfo        ] BufferInfo::AddMesh(): INDICES OFFSET (BYTES)----[0]
2016-08-22 14:11:46:604[cInfo        ] --------------------|  END BUFFER MESH INFO  |--------------------------------------
2016-08-22 14:11:46:605[cInfo        ] 

2016-08-22 14:11:46:606[cInfo        ] 
-----------------------------------------------------------------------
 BufferInfo::CreateBuffers()[0] Created buffers:| VERTEX [13] with [3936] bytes. || INDEX [14] with [0] bytes |
-----------------------------------------------------------------------

2016-08-22 14:11:46:611[cInfo        ] --------BufferInfo::AddMesh() Added mesh successfully-------
2016-08-22 14:11:46:612[cInfo        ] 
2016-08-22 14:11:46:612[cInfo        ] --------------------| START BUFFER MESH INFO |-------------------------------------
2016-08-22 14:11:46:613[cInfo        ] BufferInfo::AddMesh(): NUM VERTS-----------------[164]
2016-08-22 14:11:46:614[cInfo        ] BufferInfo::AddMesh(): NUM INDICES---------------[0]
2016-08-22 14:11:46:615[cInfo        ] BufferInfo::AddMesh(): VERT OFFSET---------------[0]
2016-08-22 14:11:46:616[cInfo        ] BufferInfo::AddMesh(): INDICES OFFSET (BYTES)----[0]
2016-08-22 14:11:46:617[cInfo        ] --------------------|  END BUFFER MESH INFO  |--------------------------------------
2016-08-22 14:11:46:618[cInfo        ] 

2016-08-22 14:11:46:619[cProcess     ] ShapeGenerator initialized successfully.
2016-08-22 14:11:46:622[cProcess     ] Camera::Initialize() successful.
2016-08-22 14:11:46:623[cProcess     ] Keyboard::Initialize() successful
2016-08-22 14:11:46:624[cProcess     ] Keyboard::Initialize() successful
2016-08-22 14:11:46:636[cInfo        ] 
-----------------------------------------------------------------------
 BufferInfo::CreateBuffers()[0] Created buffers:| VERTEX [15] with [10810368] bytes. || INDEX [16] with [0] bytes |
-----------------------------------------------------------------------

2016-08-22 14:11:46:666[cInfo        ] --------BufferInfo::AddMesh() Added mesh successfully-------
2016-08-22 14:11:46:666[cInfo        ] 
2016-08-22 14:11:46:667[cInfo        ] --------------------| START BUFFER MESH INFO |-------------------------------------
2016-08-22 14:11:46:669[cInfo        ] BufferInfo::AddMesh(): NUM VERTS-----------------[337824]
2016-08-22 14:11:46:670[cInfo        ] BufferInfo::AddMesh(): NUM INDICES---------------[0]
2016-08-22 14:11:46:671[cInfo        ] BufferInfo::AddMesh(): VERT OFFSET---------------[0]
2016-08-22 14:11:46:672[cInfo        ] BufferInfo::AddMesh(): INDICES OFFSET (BYTES)----[0]
2016-08-22 14:11:46:673[cInfo        ] --------------------|  END BUFFER MESH INFO  |--------------------------------------
2016-08-22 14:11:46:676[cInfo        ] 

2016-08-22 14:11:46:727[Info         ] ShapeGenerator::ReadSceneFile(): Added new scene [..\Data\Scenes\Dargon.ptn.scene] successfully.
2016-08-22 14:11:46:727[cInfo        ] EntityManager::BuildPlayerEntity(): Built [Dargon] successfully
2016-08-22 14:11:46:733[Process      ] BufferInfo::Initialize() successful.
2016-08-22 14:11:46:737[cInfo        ] 
-----------------------------------------------------------------------
 BufferInfo::CreateBuffers()[2] Created buffers:| VERTEX [17] with [1000000] bytes. || INDEX [18] with [1000000] bytes |
-----------------------------------------------------------------------

2016-08-22 14:11:46:743[cInfo        ] --------BufferInfo::AddMesh() Added mesh successfully-------
2016-08-22 14:11:46:745[cInfo        ] 
2016-08-22 14:11:46:745[cInfo        ] --------------------| START BUFFER MESH INFO |-------------------------------------
2016-08-22 14:11:46:746[cInfo        ] BufferInfo::AddMesh(): NUM VERTS-----------------[36]
2016-08-22 14:11:46:747[cInfo        ] BufferInfo::AddMesh(): NUM INDICES---------------[0]
2016-08-22 14:11:46:748[cInfo        ] BufferInfo::AddMesh(): VERT OFFSET---------------[0]
2016-08-22 14:11:46:749[cInfo        ] BufferInfo::AddMesh(): INDICES OFFSET (BYTES)----[0]
2016-08-22 14:11:46:750[cInfo        ] --------------------|  END BUFFER MESH INFO  |--------------------------------------
2016-08-22 14:11:46:751[cInfo        ] 

2016-08-22 14:11:46:752[Info         ] ShapeGenerator::ReadSceneFile(): Added new scene [..\Data\Scenes\Cube.pn.scene] successfully.
2016-08-22 14:11:46:752[Process      ] BufferInfo::Initialize() successful.
2016-08-22 14:11:46:752[cInfo        ] 
-----------------------------------------------------------------------
 BufferInfo::CreateBuffers()[3] Created buffers:| VERTEX [19] with [1000000] bytes. || INDEX [20] with [1000000] bytes |
-----------------------------------------------------------------------

2016-08-22 14:11:46:758[cInfo        ] --------BufferInfo::AddMesh() Added mesh successfully-------
2016-08-22 14:11:46:759[cInfo        ] 
2016-08-22 14:11:46:759[cInfo        ] --------------------| START BUFFER MESH INFO |-------------------------------------
2016-08-22 14:11:46:760[cInfo        ] BufferInfo::AddMesh(): NUM VERTS-----------------[8718]
2016-08-22 14:11:46:761[cInfo        ] BufferInfo::AddMesh(): NUM INDICES---------------[0]
2016-08-22 14:11:46:762[cInfo        ] BufferInfo::AddMesh(): VERT OFFSET---------------[0]
2016-08-22 14:11:46:763[cInfo        ] BufferInfo::AddMesh(): INDICES OFFSET (BYTES)----[0]
2016-08-22 14:11:46:765[cInfo        ] --------------------|  END BUFFER MESH INFO  |--------------------------------------
2016-08-22 14:11:46:766[cInfo        ] 

2016-08-22 14:11:46:768[Info         ] ShapeGenerator::ReadSceneFile(): Added new scene [..\Data\Scenes\AIWorld.ptn.scene] successfully.
2016-08-22 14:11:46:769[cInfo        ] --------BufferInfo::AddMesh() Added mesh successfully-------
2016-08-22 14:11:46:770[cInfo        ] 
2016-08-22 14:11:46:771[cInfo        ] --------------------| START BUFFER MESH INFO |-------------------------------------
2016-08-22 14:11:46:774[cInfo        ] BufferInfo::AddMesh(): NUM VERTS-----------------[18]
2016-08-22 14:11:46:775[cInfo        ] BufferInfo::AddMesh(): NUM INDICES---------------[0]
2016-08-22 14:11:46:776[cInfo        ] BufferInfo::AddMesh(): VERT OFFSET---------------[36]
2016-08-22 14:11:46:778[cInfo        ] BufferInfo::AddMesh(): INDICES OFFSET (BYTES)----[0]
2016-08-22 14:11:46:779[cInfo        ] --------------------|  END BUFFER MESH INFO  |--------------------------------------
2016-08-22 14:11:46:781[cInfo        ] 

2016-08-22 14:11:46:782[Info         ] ShapeGenerator::ReadSceneFile(): Added new scene [..\Data\Scenes\Pyramid.pn.scene] successfully.
2016-08-22 14:11:46:789[cInfo        ] 
-----------------------------------------------------------------------
 BufferInfo::CreateBuffers()[0] Created buffers:| VERTEX [21] with [5529600] bytes. || INDEX [22] with [0] bytes |
-----------------------------------------------------------------------

2016-08-22 14:11:46:805[cInfo        ] --------BufferInfo::AddMesh() Added mesh successfully-------
2016-08-22 14:11:46:806[cInfo        ] 
2016-08-22 14:11:46:808[cInfo        ] --------------------| START BUFFER MESH INFO |-------------------------------------
2016-08-22 14:11:46:809[cInfo        ] BufferInfo::AddMesh(): NUM VERTS-----------------[172800]
2016-08-22 14:11:46:810[cInfo        ] BufferInfo::AddMesh(): NUM INDICES---------------[0]
2016-08-22 14:11:46:812[cInfo        ] BufferInfo::AddMesh(): VERT OFFSET---------------[0]
2016-08-22 14:11:46:814[cInfo        ] BufferInfo::AddMesh(): INDICES OFFSET (BYTES)----[0]
2016-08-22 14:11:46:815[cInfo        ] --------------------|  END BUFFER MESH INFO  |--------------------------------------
2016-08-22 14:11:46:817[cInfo        ] 

2016-08-22 14:11:46:818[Info         ] ShapeGenerator::ReadSceneFile(): Added new scene [..\Data\Scenes\WaterPlane.ptn.scene] successfully.
2016-08-22 14:11:46:819[cProcess     ] Camera::Initialize() successful.
2016-08-22 14:11:46:822[cInfo        ] --------BufferInfo::AddMesh() Added mesh successfully-------
2016-08-22 14:11:46:823[cInfo        ] 
2016-08-22 14:11:46:823[cInfo        ] --------------------| START BUFFER MESH INFO |-------------------------------------
2016-08-22 14:11:46:824[cInfo        ] BufferInfo::AddMesh(): NUM VERTS-----------------[3180]
2016-08-22 14:11:46:825[cInfo        ] BufferInfo::AddMesh(): NUM INDICES---------------[0]
2016-08-22 14:11:46:826[cInfo        ] BufferInfo::AddMesh(): VERT OFFSET---------------[36]
2016-08-22 14:11:46:827[cInfo        ] BufferInfo::AddMesh(): INDICES OFFSET (BYTES)----[0]
2016-08-22 14:11:46:828[cInfo        ] --------------------|  END BUFFER MESH INFO  |--------------------------------------
2016-08-22 14:11:46:829[cInfo        ] 

2016-08-22 14:11:46:830[Info         ] ShapeGenerator::ReadSceneFile(): Added new scene [..\Data\Scenes\Cat.pn.scene] successfully.
2016-08-22 14:11:46:830[cInfo        ] --------BufferInfo::AddMesh() Added mesh successfully-------
2016-08-22 14:11:46:832[cInfo        ] 
2016-08-22 14:11:46:832[cInfo        ] --------------------| START BUFFER MESH INFO |-------------------------------------
2016-08-22 14:11:46:833[cInfo        ] BufferInfo::AddMesh(): NUM VERTS-----------------[6]
2016-08-22 14:11:46:834[cInfo        ] BufferInfo::AddMesh(): NUM INDICES---------------[0]
2016-08-22 14:11:46:835[cInfo        ] BufferInfo::AddMesh(): VERT OFFSET---------------[54]
2016-08-22 14:11:46:836[cInfo        ] BufferInfo::AddMesh(): INDICES OFFSET (BYTES)----[0]
2016-08-22 14:11:46:837[cInfo        ] --------------------|  END BUFFER MESH INFO  |--------------------------------------
2016-08-22 14:11:46:838[cInfo        ] 

2016-08-22 14:11:46:839[cProcess     ] BodaciousQuest::Initialize() successful.
2016-08-22 14:11:46:839[Process      ] GameTime::Initialize() ok

2016-08-22 14:11:46:839[cProcess     ] MyWindow::Initialize() successful!
2016-08-22 14:12:07:538[cProcess     ] BufferManager::Shutdown() successful.
2016-08-22 14:12:07:539[cProcess     ] RenderEngine::Shutdown() successful.
2016-08-22 14:12:07:541[cProcess     ] Camera::Shutdown() successful.
2016-08-22 14:12:07:542[Info         ] Shader  [2] deleting...
2016-08-22 14:12:07:542[Info         ] Shader  [2] deleted successfully.
2016-08-22 14:12:07:542[Info         ] Shader  [3] deleting...
2016-08-22 14:12:07:542[Info         ] Shader  [3] deleted successfully.
2016-08-22 14:12:07:542[Info         ] All shaders deleted successfully.
2016-08-22 14:12:07:542[cInfo        ] Program [1] deleted successfully.
2016-08-22 14:12:07:543[Process      ] ShaderProgram[1]::Shutdown successful!
2016-08-22 14:12:07:543[Info         ] Shader  [5] deleting...
2016-08-22 14:12:07:543[Info         ] Shader  [5] deleted successfully.
2016-08-22 14:12:07:543[Info         ] Shader  [6] deleting...
2016-08-22 14:12:07:543[Info         ] Shader  [6] deleted successfully.
2016-08-22 14:12:07:543[Info         ] All shaders deleted successfully.
2016-08-22 14:12:07:543[cInfo        ] Program [4] deleted successfully.
2016-08-22 14:12:07:544[Process      ] ShaderProgram[4]::Shutdown successful!
2016-08-22 14:12:07:544[Info         ] Shader  [8] deleting...
2016-08-22 14:12:07:544[Info         ] Shader  [8] deleted successfully.
2016-08-22 14:12:07:544[Info         ] Shader  [9] deleting...
2016-08-22 14:12:07:544[Info         ] Shader  [9] deleted successfully.
2016-08-22 14:12:07:544[Info         ] All shaders deleted successfully.
2016-08-22 14:12:07:544[cInfo        ] Program [7] deleted successfully.
2016-08-22 14:12:07:545[Process      ] ShaderProgram[7]::Shutdown successful!
2016-08-22 14:12:07:545[Info         ] Shader  [11] deleting...
2016-08-22 14:12:07:545[Info         ] Shader  [11] deleted successfully.
2016-08-22 14:12:07:545[Info         ] Shader  [12] deleting...
2016-08-22 14:12:07:545[Info         ] Shader  [12] deleted successfully.
2016-08-22 14:12:07:545[Info         ] All shaders deleted successfully.
2016-08-22 14:12:07:545[cInfo        ] Program [10] deleted successfully.
2016-08-22 14:12:07:546[Process      ] ShaderProgram[10]::Shutdown successful!
2016-08-22 14:12:07:546[Info         ] Shader  [14] deleting...
2016-08-22 14:12:07:546[Info         ] Shader  [14] deleted successfully.
2016-08-22 14:12:07:546[Info         ] Shader  [15] deleting...
2016-08-22 14:12:07:546[Info         ] Shader  [15] deleted successfully.
2016-08-22 14:12:07:546[Info         ] All shaders deleted successfully.
2016-08-22 14:12:07:546[cInfo        ] Program [13] deleted successfully.
2016-08-22 14:12:07:547[Process      ] ShaderProgram[13]::Shutdown successful!
2016-08-22 14:12:07:547[Info         ] Shader  [17] deleting...
2016-08-22 14:12:07:548[Info         ] Shader  [17] deleted successfully.
2016-08-22 14:12:07:548[Info         ] Shader  [18] deleting...
2016-08-22 14:12:07:548[Info         ] Shader  [18] deleted successfully.
2016-08-22 14:12:07:548[Info         ] All shaders deleted successfully.
2016-08-22 14:12:07:548[cInfo        ] Program [16] deleted successfully.
2016-08-22 14:12:07:550[Process      ] ShaderProgram[16]::Shutdown successful!
2016-08-22 14:12:07:550[Info         ] Shader  [20] deleting...
2016-08-22 14:12:07:550[Info         ] Shader  [20] deleted successfully.
2016-08-22 14:12:07:550[Info         ] Shader  [21] deleting...
2016-08-22 14:12:07:550[Info         ] Shader  [21] deleted successfully.
2016-08-22 14:12:07:550[Info         ] All shaders deleted successfully.
2016-08-22 14:12:07:550[cInfo        ] Program [19] deleted successfully.
2016-08-22 14:12:07:551[Process      ] ShaderProgram[19]::Shutdown successful!
2016-08-22 14:12:07:551[cProcess     ] MyWindow::Shutdown() successful!
2016-08-22 14:12:07:552[cProcess     ] BodaciousQuest::Shutdown() successful.
2016-08-22 14:12:07:562[Process      ] ConfigReader shut down successfully
2016-08-22 14:12:07:562[Process      ] GameLogger::ShutDown() successful
