2016-08-20 14:48:50:079[Process      ] GameLogger::Initialize() opened log file [..\Data\LogFiles\2016-08-20 14-48-50.BodaciousQuest.log] for writing
2016-08-20 14:48:50:079[Info         ] GameLogger::Initialize() successful
2016-08-20 14:48:50:079[Process      ] ConfigReader opened [..\Data\BodaciousQuest.config] successfully
2016-08-20 14:48:50:079[Info         ] ConfigReader initialized successfully
2016-08-20 14:48:50:079[Info         ] Valid KVP [BodaciousQuest.ShowFullScreen] [false] added
2016-08-20 14:48:50:079[Info         ] Valid KVP [BodaciousQuest.FpsInterval] [5.0] added
2016-08-20 14:48:50:079[Info         ] Valid KVP [BodaciousQuest.EnableControls] [true] added
2016-08-20 14:48:50:080[Info         ] Valid KVP [BodaciousQuest.LoadCubeFirst] [true] added
2016-08-20 14:48:50:080[Info         ] Valid KVP [BodaciousQuest.CameraWalkMode] [false] added
2016-08-20 14:48:50:080[Info         ] Valid KVP [BodaciousQuest.GridSize] [40] added
2016-08-20 14:48:50:080[Info         ] Valid KVP [BodaciousQuest.LightingTest.Ambient.Color] [1.0  1.0  1.0] added
2016-08-20 14:48:50:080[Info         ] Valid KVP [BodaciousQuest.LightingTest.Diffuse.Color] [1.0  1.0  1.0] added
2016-08-20 14:48:50:080[Info         ] Valid KVP [BodaciousQuest.LightingTest.Specular.Color] [0.0  0.0  0.0] added
2016-08-20 14:48:50:080[Info         ] Valid KVP [BodaciousQuest.LightingTest.Ambient.Reflectivity] [0.01] added
2016-08-20 14:48:50:080[Info         ] Valid KVP [BodaciousQuest.LightingTest.Diffuse.Reflectivity] [0.8] added
2016-08-20 14:48:50:080[Info         ] Valid KVP [BodaciousQuest.LightingTest.Specular.Reflectivity] [0.5] added
2016-08-20 14:48:50:080[Info         ] Valid KVP [BodaciousQuest.LightingTest.Specular.Shininess] [1.0] added
2016-08-20 14:48:50:080[Info         ] Valid KVP [BodaciousQuest.LightingTest.Falloff.A] [1.0] added
2016-08-20 14:48:50:080[Info         ] Valid KVP [BodaciousQuest.LightingTest.Falloff.B] [0.01] added
2016-08-20 14:48:50:080[Info         ] Valid KVP [BodaciousQuest.LightingTest.Falloff.C] [0.0001] added
2016-08-20 14:48:50:080[Info         ] Valid KVP [BodaciousQuest.LightingTest.Directional] [false] added
2016-08-20 14:48:50:080[Info         ] Valid KVP [BodaciousQuest.LightingTest.Direction] [-1.0 0.0 1.0] added
2016-08-20 14:48:50:080[Info         ] Valid KVP [BodaciousQuest.LightingTest.Light.Position] [-0.875458 3.673020 1.043331] added
2016-08-20 14:48:50:080[Info         ] Valid KVP [BodaciousQuest.LightingTest.Dargon.Color] [1.0 1.0 0.4] added
2016-08-20 14:48:50:080[Info         ] Valid KVP [ObjConverter.Mode.VertexType] [pn] added
2016-08-20 14:48:50:080[Info         ] Valid KVP [ObjConverter.Mode.Analyze] [false] added
2016-08-20 14:48:50:080[Info         ] Valid KVP [ObjConverter.Model] [Dargon] added
2016-08-20 14:48:50:080[Info         ] Valid KVP [ObjConverter.Shader] [4] added
2016-08-20 14:48:50:080[Info         ] Valid KVP [ObjConverter.Color] [random] added
2016-08-20 14:48:50:080[Info         ] Valid KVP [ObjConverter.Obj.InputFileFolder] [..\\Data\\Objs\\] added
2016-08-20 14:48:50:080[Info         ] Valid KVP [ObjConverter.Scene.OutputFileFolder] [..\\Data\\Scenes\\] added
2016-08-20 14:48:50:080[Info         ] Valid KVP [ObjConverter.Model.Dargon.NumVerts] [57967] added
2016-08-20 14:48:50:080[Info         ] Valid KVP [ObjConverter.Model.Dargon.NumIndices] [337824] added
2016-08-20 14:48:50:080[Info         ] Valid KVP [ObjConverter.Model.Dargon.NumTexCoords] [60175] added
2016-08-20 14:48:50:080[Info         ] Valid KVP [ObjConverter.Model.Dargon.NumNormals] [337824] added
2016-08-20 14:48:50:080[Info         ] Valid KVP [ObjConverter.Model.Swamp.NumVerts] [2735] added
2016-08-20 14:48:50:080[Info         ] Valid KVP [ObjConverter.Model.Swamp.NumIndices] [8556] added
2016-08-20 14:48:50:080[Info         ] Valid KVP [ObjConverter.Model.Swamp.NumTexCoords] [3622] added
2016-08-20 14:48:50:080[Info         ] Valid KVP [ObjConverter.Model.Swamp.NumNormals] [5156] added
2016-08-20 14:48:50:080[Info         ] Valid KVP [ObjConverter.Model.Pyramid.NumVerts] [5] added
2016-08-20 14:48:50:080[Info         ] Valid KVP [ObjConverter.Model.Pyramid.NumIndices] [18] added
2016-08-20 14:48:50:080[Info         ] Valid KVP [ObjConverter.Model.Pyramid.NumTexCoords] [10] added
2016-08-20 14:48:50:080[Info         ] Valid KVP [ObjConverter.Model.Pyramid.NumNormals] [16] added
2016-08-20 14:48:50:080[Info         ] Valid KVP [ObjConverter.Model.AIWorld.NumVerts] [1957] added
2016-08-20 14:48:50:080[Info         ] Valid KVP [ObjConverter.Model.AIWorld.NumIndices] [8718] added
2016-08-20 14:48:50:080[Info         ] Valid KVP [ObjConverter.Model.AIWorld.NumTexCoords] [4186] added
2016-08-20 14:48:50:080[Info         ] Valid KVP [ObjConverter.Model.AIWorld.NumNormals] [5418] added
2016-08-20 14:48:50:081[Info         ] Valid KVP [ObjConverter.Model.GameWeapon.NumVerts] [2068] added
2016-08-20 14:48:50:081[Info         ] Valid KVP [ObjConverter.Model.GameWeapon.NumIndices] [9894] added
2016-08-20 14:48:50:081[Info         ] Valid KVP [ObjConverter.Model.GameWeapon.NumTexCoords] [0] added
2016-08-20 14:48:50:081[Info         ] Valid KVP [ObjConverter.Model.GameWeapon.NumNormals] [0] added
2016-08-20 14:48:50:081[Info         ] Valid KVP [ObjConverter.Model.Chicken.NumVerts] [224] added
2016-08-20 14:48:50:081[Info         ] Valid KVP [ObjConverter.Model.Chicken.NumIndices] [1374] added
2016-08-20 14:48:50:081[Info         ] Valid KVP [ObjConverter.Model.Chicken.NumTexCoords] [472] added
2016-08-20 14:48:50:081[Info         ] Valid KVP [ObjConverter.Model.Chicken.NumNormals] [565] added
2016-08-20 14:48:50:081[Info         ] Valid KVP [ObjConverter.Model.WaterPlane.NumVerts] [29282] added
2016-08-20 14:48:50:081[Info         ] Valid KVP [ObjConverter.Model.WaterPlane.NumIndices] [172800] added
2016-08-20 14:48:50:081[Info         ] Valid KVP [ObjConverter.Model.WaterPlane.NumTexCoords] [29282] added
2016-08-20 14:48:50:081[Info         ] Valid KVP [ObjConverter.Model.WaterPlane.NumNormals] [172800] added
2016-08-20 14:48:50:081[Info         ] Valid KVP [ObjConverter.Model.Cube.NumVerts] [8] added
2016-08-20 14:48:50:081[Info         ] Valid KVP [ObjConverter.Model.Cube.NumIndices] [36] added
2016-08-20 14:48:50:081[Info         ] Valid KVP [ObjConverter.Model.Cube.NumTexCoords] [14] added
2016-08-20 14:48:50:081[Info         ] Valid KVP [ObjConverter.Model.Cube.NumNormals] [24] added
2016-08-20 14:48:50:081[Info         ] Valid KVP [ObjConverter.Model.Barrel.NumVerts] [172] added
2016-08-20 14:48:50:081[Info         ] Valid KVP [ObjConverter.Model.Barrel.NumIndices] [1008] added
2016-08-20 14:48:50:081[Info         ] Valid KVP [ObjConverter.Model.Barrel.NumTexCoords] [328] added
2016-08-20 14:48:50:081[Info         ] Valid KVP [ObjConverter.Model.Barrel.NumNormals] [204] added
2016-08-20 14:48:50:081[Info         ] Valid KVP [ObjConverter.Model.SkyBox.NumVerts] [8] added
2016-08-20 14:48:50:081[Info         ] Valid KVP [ObjConverter.Model.SkyBox.NumIndices] [36] added
2016-08-20 14:48:50:081[Info         ] Valid KVP [ObjConverter.Model.SkyBox.NumTexCoords] [18] added
2016-08-20 14:48:50:081[Info         ] Valid KVP [ObjConverter.Model.SkyBox.NumNormals] [24] added
2016-08-20 14:48:50:156[cInfo        ] Config reader opened [..\Data\BodaciousQuest.config] for reading!
2016-08-20 14:48:50:243[Process      ] ShaderManager Initialized successfully
2016-08-20 14:48:50:243[Info         ] Shader Init started
2016-08-20 14:48:50:243[Info         ] Shader Program created.
2016-08-20 14:48:50:243[Process      ] ShaderProgram::Initialize()[1] successful!
2016-08-20 14:48:50:243[Debug        ] File [..\Data\shaders\debug.vert.shader] Opened successfully! Buffer Length:[291]
2016-08-20 14:48:50:243[Debug        ] Shader file [..\Data\shaders\debug.vert.shader] contents:
//BEGIN
#version 430 core

layout(location = 0)  in vec3 vPosition;

layout(location = 15) uniform vec3 colorin;
layout(location = 16) uniform mat4 MAT;

out vec4 color;

void main()
{
	vec4 vertPos = vec4(vPosition, 1.0);
	gl_Position = MAT *  vertPos;
	color = vec4(colorin, 1.0);
}
//END

2016-08-20 14:48:50:243[Debug        ]  ShaderProgram::AddShader() file with data was read in
2016-08-20 14:48:50:243[Debug        ] ShaderProgram::AddShader() : glShaderSource() successful
2016-08-20 14:48:50:244[Debug        ] ShaderProgram::AddShader() : glCompileShader() successful
2016-08-20 14:48:50:244[Info         ] ShaderProgram::CheckShaderCompileStatus(2) successful.
2016-08-20 14:48:50:244[Debug        ] ShaderProgram::AddShader() : glCompileShader() successful
2016-08-20 14:48:50:244[Info         ] ShaderInfo saved successfully.
2016-08-20 14:48:50:244[Debug        ] ShaderProgram::AddShader() : glAttachShader() successful
2016-08-20 14:48:50:244[Info         ] ShaderProgram::AddShader [2] successful.
2016-08-20 14:48:50:244[Debug        ] File [..\Data\shaders\debug.frag.shader] Opened successfully! Buffer Length:[104]
2016-08-20 14:48:50:244[Debug        ] Shader file [..\Data\shaders\debug.frag.shader] contents:
//BEGIN
#version 430 core


in  vec4 color;
out vec4 outColor;

void main()
{
	outColor = color;
}


//END

2016-08-20 14:48:50:244[Debug        ]  ShaderProgram::AddShader() file with data was read in
2016-08-20 14:48:50:244[Debug        ] ShaderProgram::AddShader() : glShaderSource() successful
2016-08-20 14:48:50:244[Debug        ] ShaderProgram::AddShader() : glCompileShader() successful
2016-08-20 14:48:50:244[Info         ] ShaderProgram::CheckShaderCompileStatus(3) successful.
2016-08-20 14:48:50:244[Debug        ] ShaderProgram::AddShader() : glCompileShader() successful
2016-08-20 14:48:50:244[Info         ] ShaderInfo saved successfully.
2016-08-20 14:48:50:244[Debug        ] ShaderProgram::AddShader() : glAttachShader() successful
2016-08-20 14:48:50:244[Info         ] ShaderProgram::AddShader [3] successful.
2016-08-20 14:48:50:246[Info         ] CheckProgramStatus() successful!
2016-08-20 14:48:50:246[Info         ] CheckProgramStatus() successful!
2016-08-20 14:48:50:246[Info         ] Shader Init started
2016-08-20 14:48:50:246[Info         ] Shader Program created.
2016-08-20 14:48:50:246[Process      ] ShaderProgram::Initialize()[4] successful!
2016-08-20 14:48:50:246[Debug        ] File [..\Data\shaders\play.vert.shader] Opened successfully! Buffer Length:[343]
2016-08-20 14:48:50:246[Debug        ] Shader file [..\Data\shaders\play.vert.shader] contents:
//BEGIN
#version 430 core

layout (location = 0)  in vec3 vPosition;
layout (location = 1)  in vec3 vColor;
layout (location = 15) uniform vec3 colorin;
layout (location = 16) uniform mat4 MAT;

out vec4 color;

void main()
{
	vec4 vertPos = vec4(vPosition, 1.0);
	gl_Position = MAT *  vertPos;
	color = vec4((vColor + colorin), 1.0);
}
//END

2016-08-20 14:48:50:246[Debug        ]  ShaderProgram::AddShader() file with data was read in
2016-08-20 14:48:50:246[Debug        ] ShaderProgram::AddShader() : glShaderSource() successful
2016-08-20 14:48:50:247[Debug        ] ShaderProgram::AddShader() : glCompileShader() successful
2016-08-20 14:48:50:247[Info         ] ShaderProgram::CheckShaderCompileStatus(5) successful.
2016-08-20 14:48:50:247[Debug        ] ShaderProgram::AddShader() : glCompileShader() successful
2016-08-20 14:48:50:247[Info         ] ShaderInfo saved successfully.
2016-08-20 14:48:50:247[Debug        ] ShaderProgram::AddShader() : glAttachShader() successful
2016-08-20 14:48:50:247[Info         ] ShaderProgram::AddShader [5] successful.
2016-08-20 14:48:50:247[Debug        ] File [..\Data\shaders\play.frag.shader] Opened successfully! Buffer Length:[391]
2016-08-20 14:48:50:247[Debug        ] Shader file [..\Data\shaders\play.frag.shader] contents:
//BEGIN
#version 430 core


in  vec4 color;
out vec4 outColor;

void main()
{

	//if (color.r < .7) discard;
	outColor = color;

	//if(((gl_FragCoord.x  > 600)&& (gl_FragCoord.y < 300)) || ((gl_FragCoord.y < 300)  && (gl_FragCoord.x  < 600) )) {
	//discard;
	//}

	//vec2 scrPos = vec2(gl_FragCoord) - vec2(350,150);
	//float len =  length(scrPos);
	//if(len < 50 )discard;
}


//END

2016-08-20 14:48:50:247[Debug        ]  ShaderProgram::AddShader() file with data was read in
2016-08-20 14:48:50:247[Debug        ] ShaderProgram::AddShader() : glShaderSource() successful
2016-08-20 14:48:50:247[Debug        ] ShaderProgram::AddShader() : glCompileShader() successful
2016-08-20 14:48:50:248[Info         ] ShaderProgram::CheckShaderCompileStatus(6) successful.
2016-08-20 14:48:50:248[Debug        ] ShaderProgram::AddShader() : glCompileShader() successful
2016-08-20 14:48:50:248[Info         ] ShaderInfo saved successfully.
2016-08-20 14:48:50:248[Debug        ] ShaderProgram::AddShader() : glAttachShader() successful
2016-08-20 14:48:50:248[Info         ] ShaderProgram::AddShader [6] successful.
2016-08-20 14:48:50:249[Info         ] CheckProgramStatus() successful!
2016-08-20 14:48:50:249[Info         ] CheckProgramStatus() successful!
2016-08-20 14:48:50:249[Info         ] Shader Init started
2016-08-20 14:48:50:249[Info         ] Shader Program created.
2016-08-20 14:48:50:249[Process      ] ShaderProgram::Initialize()[7] successful!
2016-08-20 14:48:50:249[Debug        ] File [..\Data\shaders\texture.vert.shader] Opened successfully! Buffer Length:[305]
2016-08-20 14:48:50:249[Debug        ] Shader file [..\Data\shaders\texture.vert.shader] contents:
//BEGIN
#version 430 core

layout (location = 0)  in vec3 vPosition;
layout (location = 1)  in vec2 vUV;

layout (location = 16) uniform mat4 MAT;

//out data
out vec2 UV;

//out vec4 color;

void main()
{
	vec4 vertPos = vec4(vPosition, 1.0);
	gl_Position = MAT *  vertPos;

	UV = vUV;
	
	
}
//END

2016-08-20 14:48:50:249[Debug        ]  ShaderProgram::AddShader() file with data was read in
2016-08-20 14:48:50:249[Debug        ] ShaderProgram::AddShader() : glShaderSource() successful
2016-08-20 14:48:50:249[Debug        ] ShaderProgram::AddShader() : glCompileShader() successful
2016-08-20 14:48:50:249[Info         ] ShaderProgram::CheckShaderCompileStatus(8) successful.
2016-08-20 14:48:50:249[Debug        ] ShaderProgram::AddShader() : glCompileShader() successful
2016-08-20 14:48:50:249[Info         ] ShaderInfo saved successfully.
2016-08-20 14:48:50:249[Debug        ] ShaderProgram::AddShader() : glAttachShader() successful
2016-08-20 14:48:50:249[Info         ] ShaderProgram::AddShader [8] successful.
2016-08-20 14:48:50:249[Debug        ] File [..\Data\shaders\texture.frag.shader] Opened successfully! Buffer Length:[482]
2016-08-20 14:48:50:249[Debug        ] Shader file [..\Data\shaders\texture.frag.shader] contents:
//BEGIN
#version 430 core


in  vec2 UV;
out vec4 outColor;

layout(location = 20) uniform sampler2D textureSampler;

void main()
{

	//if (color.r < .7) discard;
	outColor = vec4(texture(textureSampler, UV).rgb, 1.0);

	//if(((gl_FragCoord.x  > 600)&& (gl_FragCoord.y < 300)) || ((gl_FragCoord.y < 300)  && (gl_FragCoord.x  < 600) )) {
	//discard;
	//}
	//vec2 scrPos = vec2(gl_FragCoord) - vec2(350,150);
	//float len =  length(scrPos);
	//if(len < 50 )discard;
}


//END

2016-08-20 14:48:50:249[Debug        ]  ShaderProgram::AddShader() file with data was read in
2016-08-20 14:48:50:250[Debug        ] ShaderProgram::AddShader() : glShaderSource() successful
2016-08-20 14:48:50:250[Debug        ] ShaderProgram::AddShader() : glCompileShader() successful
2016-08-20 14:48:50:250[Info         ] ShaderProgram::CheckShaderCompileStatus(9) successful.
2016-08-20 14:48:50:250[Debug        ] ShaderProgram::AddShader() : glCompileShader() successful
2016-08-20 14:48:50:250[Info         ] ShaderInfo saved successfully.
2016-08-20 14:48:50:250[Debug        ] ShaderProgram::AddShader() : glAttachShader() successful
2016-08-20 14:48:50:250[Info         ] ShaderProgram::AddShader [9] successful.
2016-08-20 14:48:50:251[Info         ] CheckProgramStatus() successful!
2016-08-20 14:48:50:251[Info         ] CheckProgramStatus() successful!
2016-08-20 14:48:50:251[Info         ] Shader Init started
2016-08-20 14:48:50:251[Info         ] Shader Program created.
2016-08-20 14:48:50:251[Process      ] ShaderProgram::Initialize()[10] successful!
2016-08-20 14:48:50:252[Debug        ] File [..\Data\shaders\framebuffer.vert.shader] Opened successfully! Buffer Length:[305]
2016-08-20 14:48:50:252[Debug        ] Shader file [..\Data\shaders\framebuffer.vert.shader] contents:
//BEGIN
#version 430 core

layout (location = 0)  in vec3 vPosition;
layout (location = 1)  in vec2 vUV;

layout (location = 16) uniform mat4 MAT;

//out data
out vec2 UV;

//out vec4 color;

void main()
{
	vec4 vertPos = vec4(vPosition, 1.0);
	gl_Position = MAT *  vertPos;

	UV = vUV;
	
	
}
//END

2016-08-20 14:48:50:252[Debug        ]  ShaderProgram::AddShader() file with data was read in
2016-08-20 14:48:50:252[Debug        ] ShaderProgram::AddShader() : glShaderSource() successful
2016-08-20 14:48:50:252[Debug        ] ShaderProgram::AddShader() : glCompileShader() successful
2016-08-20 14:48:50:252[Info         ] ShaderProgram::CheckShaderCompileStatus(11) successful.
2016-08-20 14:48:50:252[Debug        ] ShaderProgram::AddShader() : glCompileShader() successful
2016-08-20 14:48:50:252[Info         ] ShaderInfo saved successfully.
2016-08-20 14:48:50:252[Debug        ] ShaderProgram::AddShader() : glAttachShader() successful
2016-08-20 14:48:50:252[Info         ] ShaderProgram::AddShader [11] successful.
2016-08-20 14:48:50:252[Debug        ] File [..\Data\shaders\framebuffer.frag.shader] Opened successfully! Buffer Length:[275]
2016-08-20 14:48:50:252[Debug        ] Shader file [..\Data\shaders\framebuffer.frag.shader] contents:
//BEGIN
#version 430 core


in  vec2 UV;
out vec4 outColor;

layout(location = 20) uniform sampler2D textureSampler;

void main()
{


	vec3 tempCol = texture(textureSampler, UV).rgb;

	outColor = vec4(tempCol.r / 1.5f, tempCol.g / 1.5f, tempCol.b / 1.5f, 1.0f);
}


//END

2016-08-20 14:48:50:252[Debug        ]  ShaderProgram::AddShader() file with data was read in
2016-08-20 14:48:50:252[Debug        ] ShaderProgram::AddShader() : glShaderSource() successful
2016-08-20 14:48:50:253[Debug        ] ShaderProgram::AddShader() : glCompileShader() successful
2016-08-20 14:48:50:253[Info         ] ShaderProgram::CheckShaderCompileStatus(12) successful.
2016-08-20 14:48:50:253[Debug        ] ShaderProgram::AddShader() : glCompileShader() successful
2016-08-20 14:48:50:253[Info         ] ShaderInfo saved successfully.
2016-08-20 14:48:50:253[Debug        ] ShaderProgram::AddShader() : glAttachShader() successful
2016-08-20 14:48:50:253[Info         ] ShaderProgram::AddShader [12] successful.
2016-08-20 14:48:50:255[Info         ] CheckProgramStatus() successful!
2016-08-20 14:48:50:255[Info         ] CheckProgramStatus() successful!
2016-08-20 14:48:50:255[Info         ] Shader Init started
2016-08-20 14:48:50:255[Info         ] Shader Program created.
2016-08-20 14:48:50:255[Process      ] ShaderProgram::Initialize()[13] successful!
2016-08-20 14:48:50:255[Debug        ] File [..\Data\shaders\lighting.vert.shader] Opened successfully! Buffer Length:[1145]
2016-08-20 14:48:50:255[cDebug       ] Shader file [..\Data\shaders\lighting.vert.shader] is too big to display contents.
2016-08-20 14:48:50:256[Debug        ]  ShaderProgram::AddShader() file with data was read in
2016-08-20 14:48:50:256[Debug        ] ShaderProgram::AddShader() : glShaderSource() successful
2016-08-20 14:48:50:256[Debug        ] ShaderProgram::AddShader() : glCompileShader() successful
2016-08-20 14:48:50:256[Info         ] ShaderProgram::CheckShaderCompileStatus(14) successful.
2016-08-20 14:48:50:256[Debug        ] ShaderProgram::AddShader() : glCompileShader() successful
2016-08-20 14:48:50:256[Info         ] ShaderInfo saved successfully.
2016-08-20 14:48:50:256[Debug        ] ShaderProgram::AddShader() : glAttachShader() successful
2016-08-20 14:48:50:256[Info         ] ShaderProgram::AddShader [14] successful.
2016-08-20 14:48:50:256[Debug        ] File [..\Data\shaders\lighting.frag.shader] Opened successfully! Buffer Length:[1744]
2016-08-20 14:48:50:256[cDebug       ] Shader file [..\Data\shaders\lighting.frag.shader] is too big to display contents.
2016-08-20 14:48:50:257[Debug        ]  ShaderProgram::AddShader() file with data was read in
2016-08-20 14:48:50:257[Debug        ] ShaderProgram::AddShader() : glShaderSource() successful
2016-08-20 14:48:50:258[Debug        ] ShaderProgram::AddShader() : glCompileShader() successful
2016-08-20 14:48:50:258[Info         ] ShaderProgram::CheckShaderCompileStatus(15) successful.
2016-08-20 14:48:50:258[Debug        ] ShaderProgram::AddShader() : glCompileShader() successful
2016-08-20 14:48:50:258[Info         ] ShaderInfo saved successfully.
2016-08-20 14:48:50:258[Debug        ] ShaderProgram::AddShader() : glAttachShader() successful
2016-08-20 14:48:50:258[Info         ] ShaderProgram::AddShader [15] successful.
2016-08-20 14:48:50:261[Info         ] CheckProgramStatus() successful!
2016-08-20 14:48:50:261[Info         ] CheckProgramStatus() successful!
2016-08-20 14:48:50:261[Info         ] Shader Init started
2016-08-20 14:48:50:262[Info         ] Shader Program created.
2016-08-20 14:48:50:262[Process      ] ShaderProgram::Initialize()[16] successful!
2016-08-20 14:48:50:262[Debug        ] File [..\Data\shaders\texlighting.vert.shader] Opened successfully! Buffer Length:[1110]
2016-08-20 14:48:50:262[cDebug       ] Shader file [..\Data\shaders\texlighting.vert.shader] is too big to display contents.
2016-08-20 14:48:50:263[Debug        ]  ShaderProgram::AddShader() file with data was read in
2016-08-20 14:48:50:263[Debug        ] ShaderProgram::AddShader() : glShaderSource() successful
2016-08-20 14:48:50:263[Debug        ] ShaderProgram::AddShader() : glCompileShader() successful
2016-08-20 14:48:50:263[Info         ] ShaderProgram::CheckShaderCompileStatus(17) successful.
2016-08-20 14:48:50:263[Debug        ] ShaderProgram::AddShader() : glCompileShader() successful
2016-08-20 14:48:50:263[Info         ] ShaderInfo saved successfully.
2016-08-20 14:48:50:263[Debug        ] ShaderProgram::AddShader() : glAttachShader() successful
2016-08-20 14:48:50:263[Info         ] ShaderProgram::AddShader [17] successful.
2016-08-20 14:48:50:263[Debug        ] File [..\Data\shaders\texlighting.frag.shader] Opened successfully! Buffer Length:[1717]
2016-08-20 14:48:50:263[cDebug       ] Shader file [..\Data\shaders\texlighting.frag.shader] is too big to display contents.
2016-08-20 14:48:50:266[Debug        ]  ShaderProgram::AddShader() file with data was read in
2016-08-20 14:48:50:266[Debug        ] ShaderProgram::AddShader() : glShaderSource() successful
2016-08-20 14:48:50:267[Debug        ] ShaderProgram::AddShader() : glCompileShader() successful
2016-08-20 14:48:50:267[Info         ] ShaderProgram::CheckShaderCompileStatus(18) successful.
2016-08-20 14:48:50:267[Debug        ] ShaderProgram::AddShader() : glCompileShader() successful
2016-08-20 14:48:50:267[Info         ] ShaderInfo saved successfully.
2016-08-20 14:48:50:267[Debug        ] ShaderProgram::AddShader() : glAttachShader() successful
2016-08-20 14:48:50:267[Info         ] ShaderProgram::AddShader [18] successful.
2016-08-20 14:48:50:270[Info         ] CheckProgramStatus() successful!
2016-08-20 14:48:50:270[Info         ] CheckProgramStatus() successful!
2016-08-20 14:48:50:270[Info         ] Shader Init started
2016-08-20 14:48:50:270[Info         ] Shader Program created.
2016-08-20 14:48:50:270[Process      ] ShaderProgram::Initialize()[19] successful!
2016-08-20 14:48:50:270[Debug        ] File [..\Data\shaders\water.vert.shader] Opened successfully! Buffer Length:[1400]
2016-08-20 14:48:50:271[cDebug       ] Shader file [..\Data\shaders\water.vert.shader] is too big to display contents.
2016-08-20 14:48:50:271[Debug        ]  ShaderProgram::AddShader() file with data was read in
2016-08-20 14:48:50:271[Debug        ] ShaderProgram::AddShader() : glShaderSource() successful
2016-08-20 14:48:50:272[Debug        ] ShaderProgram::AddShader() : glCompileShader() successful
2016-08-20 14:48:50:272[Info         ] ShaderProgram::CheckShaderCompileStatus(20) successful.
2016-08-20 14:48:50:272[Debug        ] ShaderProgram::AddShader() : glCompileShader() successful
2016-08-20 14:48:50:272[Info         ] ShaderInfo saved successfully.
2016-08-20 14:48:50:272[Debug        ] ShaderProgram::AddShader() : glAttachShader() successful
2016-08-20 14:48:50:272[Info         ] ShaderProgram::AddShader [20] successful.
2016-08-20 14:48:50:272[Debug        ] File [..\Data\shaders\water.frag.shader] Opened successfully! Buffer Length:[2436]
2016-08-20 14:48:50:272[cDebug       ] Shader file [..\Data\shaders\water.frag.shader] is too big to display contents.
2016-08-20 14:48:50:273[Debug        ]  ShaderProgram::AddShader() file with data was read in
2016-08-20 14:48:50:273[Debug        ] ShaderProgram::AddShader() : glShaderSource() successful
2016-08-20 14:48:50:273[Debug        ] ShaderProgram::AddShader() : glCompileShader() successful
2016-08-20 14:48:50:273[Info         ] ShaderProgram::CheckShaderCompileStatus(21) successful.
2016-08-20 14:48:50:273[Debug        ] ShaderProgram::AddShader() : glCompileShader() successful
2016-08-20 14:48:50:273[Info         ] ShaderInfo saved successfully.
2016-08-20 14:48:50:273[Debug        ] ShaderProgram::AddShader() : glAttachShader() successful
2016-08-20 14:48:50:273[Info         ] ShaderProgram::AddShader [21] successful.
2016-08-20 14:48:50:276[Info         ] CheckProgramStatus() successful!
2016-08-20 14:48:50:276[Info         ] CheckProgramStatus() successful!
2016-08-20 14:48:50:277[Info         ] GetAttribLocation [vPosition] successful.
2016-08-20 14:48:50:277[Info         ] GetUniformLocation [colorin] successful.
2016-08-20 14:48:50:277[Info         ] GetUniformLocation [MAT] successful.
2016-08-20 14:48:50:277[cProcess     ] RenderEngine::Initialize() successful.
2016-08-20 14:48:50:277[cInfo        ] 
-----------------------------------------------------------------------
 BufferInfo::CreateBuffers()[0] Created buffers:| VERTEX [1] with [80] bytes. || INDEX [2] with [24] bytes |
-----------------------------------------------------------------------

2016-08-20 14:48:50:283[cInfo        ] --------BufferInfo::AddMesh() Added mesh successfully-------
2016-08-20 14:48:50:286[cInfo        ] 
2016-08-20 14:48:50:286[cInfo        ] --------------------| START BUFFER MESH INFO |-------------------------------------
2016-08-20 14:48:50:287[cInfo        ] BufferInfo::AddMesh(): NUM VERTS-----------------[4]
2016-08-20 14:48:50:288[cInfo        ] BufferInfo::AddMesh(): NUM INDICES---------------[6]
2016-08-20 14:48:50:289[cInfo        ] BufferInfo::AddMesh(): VERT OFFSET---------------[0]
2016-08-20 14:48:50:290[cInfo        ] BufferInfo::AddMesh(): INDICES OFFSET (BYTES)----[0]
2016-08-20 14:48:50:290[cInfo        ] --------------------|  END BUFFER MESH INFO  |--------------------------------------
2016-08-20 14:48:50:292[cInfo        ] 

2016-08-20 14:48:50:292[cInfo        ] 
-----------------------------------------------------------------------
 BufferInfo::CreateBuffers()[0] Created buffers:| VERTEX [3] with [96] bytes. || INDEX [4] with [48] bytes |
-----------------------------------------------------------------------

2016-08-20 14:48:50:297[cInfo        ] --------BufferInfo::AddMesh() Added mesh successfully-------
2016-08-20 14:48:50:298[cInfo        ] 
2016-08-20 14:48:50:298[cInfo        ] --------------------| START BUFFER MESH INFO |-------------------------------------
2016-08-20 14:48:50:300[cInfo        ] BufferInfo::AddMesh(): NUM VERTS-----------------[8]
2016-08-20 14:48:50:300[cInfo        ] BufferInfo::AddMesh(): NUM INDICES---------------[24]
2016-08-20 14:48:50:301[cInfo        ] BufferInfo::AddMesh(): VERT OFFSET---------------[0]
2016-08-20 14:48:50:304[cInfo        ] BufferInfo::AddMesh(): INDICES OFFSET (BYTES)----[0]
2016-08-20 14:48:50:305[cInfo        ] --------------------|  END BUFFER MESH INFO  |--------------------------------------
2016-08-20 14:48:50:307[cInfo        ] 

2016-08-20 14:48:50:308[cInfo        ] 
-----------------------------------------------------------------------
 BufferInfo::CreateBuffers()[0] Created buffers:| VERTEX [5] with [864] bytes. || INDEX [6] with [0] bytes |
-----------------------------------------------------------------------

2016-08-20 14:48:50:312[cInfo        ] --------BufferInfo::AddMesh() Added mesh successfully-------
2016-08-20 14:48:50:315[cInfo        ] 
2016-08-20 14:48:50:316[cInfo        ] --------------------| START BUFFER MESH INFO |-------------------------------------
2016-08-20 14:48:50:317[cInfo        ] BufferInfo::AddMesh(): NUM VERTS-----------------[36]
2016-08-20 14:48:50:318[cInfo        ] BufferInfo::AddMesh(): NUM INDICES---------------[0]
2016-08-20 14:48:50:319[cInfo        ] BufferInfo::AddMesh(): VERT OFFSET---------------[0]
2016-08-20 14:48:50:320[cInfo        ] BufferInfo::AddMesh(): INDICES OFFSET (BYTES)----[0]
2016-08-20 14:48:50:321[cInfo        ] --------------------|  END BUFFER MESH INFO  |--------------------------------------
2016-08-20 14:48:50:322[cInfo        ] 

2016-08-20 14:48:50:324[cInfo        ] 
-----------------------------------------------------------------------
 BufferInfo::CreateBuffers()[0] Created buffers:| VERTEX [7] with [144] bytes. || INDEX [8] with [0] bytes |
-----------------------------------------------------------------------

2016-08-20 14:48:50:327[cInfo        ] --------BufferInfo::AddMesh() Added mesh successfully-------
2016-08-20 14:48:50:328[cInfo        ] 
2016-08-20 14:48:50:328[cInfo        ] --------------------| START BUFFER MESH INFO |-------------------------------------
2016-08-20 14:48:50:329[cInfo        ] BufferInfo::AddMesh(): NUM VERTS-----------------[6]
2016-08-20 14:48:50:330[cInfo        ] BufferInfo::AddMesh(): NUM INDICES---------------[0]
2016-08-20 14:48:50:331[cInfo        ] BufferInfo::AddMesh(): VERT OFFSET---------------[0]
2016-08-20 14:48:50:334[cInfo        ] BufferInfo::AddMesh(): INDICES OFFSET (BYTES)----[0]
2016-08-20 14:48:50:334[cInfo        ] --------------------|  END BUFFER MESH INFO  |--------------------------------------
2016-08-20 14:48:50:335[cInfo        ] 

2016-08-20 14:48:50:336[cProcess     ] BufferManager::Initialize() successful.
2016-08-20 14:48:50:337[cInfo        ] 
-----------------------------------------------------------------------
 BufferInfo::CreateBuffers()[0] Created buffers:| VERTEX [9] with [1000000] bytes. || INDEX [10] with [1000000] bytes |
-----------------------------------------------------------------------

2016-08-20 14:48:50:340[cInfo        ] --------BufferInfo::AddMesh() Added mesh successfully-------
2016-08-20 14:48:50:341[cInfo        ] 
2016-08-20 14:48:50:343[cInfo        ] --------------------| START BUFFER MESH INFO |-------------------------------------
2016-08-20 14:48:50:344[cInfo        ] BufferInfo::AddMesh(): NUM VERTS-----------------[24]
2016-08-20 14:48:50:345[cInfo        ] BufferInfo::AddMesh(): NUM INDICES---------------[36]
2016-08-20 14:48:50:346[cInfo        ] BufferInfo::AddMesh(): VERT OFFSET---------------[0]
2016-08-20 14:48:50:347[cInfo        ] BufferInfo::AddMesh(): INDICES OFFSET (BYTES)----[0]
2016-08-20 14:48:50:349[cInfo        ] --------------------|  END BUFFER MESH INFO  |--------------------------------------
2016-08-20 14:48:50:352[cInfo        ] 

2016-08-20 14:48:50:355[cProcess     ] BufferManager::Initialize() successful.
2016-08-20 14:48:50:356[cInfo        ] 
-----------------------------------------------------------------------
 BufferInfo::CreateBuffers()[1] Created buffers:| VERTEX [11] with [1000000] bytes. || INDEX [12] with [1000000] bytes |
-----------------------------------------------------------------------

2016-08-20 14:48:50:363[cInfo        ] --------BufferInfo::AddMesh() Added mesh successfully-------
2016-08-20 14:48:50:365[cInfo        ] 
2016-08-20 14:48:50:366[cInfo        ] --------------------| START BUFFER MESH INFO |-------------------------------------
2016-08-20 14:48:50:368[cInfo        ] BufferInfo::AddMesh(): NUM VERTS-----------------[1536]
2016-08-20 14:48:50:369[cInfo        ] BufferInfo::AddMesh(): NUM INDICES---------------[3072]
2016-08-20 14:48:50:371[cInfo        ] BufferInfo::AddMesh(): VERT OFFSET---------------[0]
2016-08-20 14:48:50:373[cInfo        ] BufferInfo::AddMesh(): INDICES OFFSET (BYTES)----[0]
2016-08-20 14:48:50:374[cInfo        ] --------------------|  END BUFFER MESH INFO  |--------------------------------------
2016-08-20 14:48:50:376[cInfo        ] 

2016-08-20 14:48:50:377[cInfo        ] 
-----------------------------------------------------------------------
 BufferInfo::CreateBuffers()[0] Created buffers:| VERTEX [13] with [3936] bytes. || INDEX [14] with [0] bytes |
-----------------------------------------------------------------------

2016-08-20 14:48:50:384[cInfo        ] --------BufferInfo::AddMesh() Added mesh successfully-------
2016-08-20 14:48:50:385[cInfo        ] 
2016-08-20 14:48:50:385[cInfo        ] --------------------| START BUFFER MESH INFO |-------------------------------------
2016-08-20 14:48:50:386[cInfo        ] BufferInfo::AddMesh(): NUM VERTS-----------------[164]
2016-08-20 14:48:50:387[cInfo        ] BufferInfo::AddMesh(): NUM INDICES---------------[0]
2016-08-20 14:48:50:388[cInfo        ] BufferInfo::AddMesh(): VERT OFFSET---------------[0]
2016-08-20 14:48:50:389[cInfo        ] BufferInfo::AddMesh(): INDICES OFFSET (BYTES)----[0]
2016-08-20 14:48:50:390[cInfo        ] --------------------|  END BUFFER MESH INFO  |--------------------------------------
2016-08-20 14:48:50:391[cInfo        ] 

2016-08-20 14:48:50:393[cProcess     ] ShapeGenerator initialized successfully.
2016-08-20 14:48:50:394[cProcess     ] Camera::Initialize() successful.
2016-08-20 14:48:50:394[cProcess     ] Keyboard::Initialize() successful
2016-08-20 14:48:50:395[cProcess     ] Keyboard::Initialize() successful
2016-08-20 14:48:50:411[cInfo        ] 
-----------------------------------------------------------------------
 BufferInfo::CreateBuffers()[0] Created buffers:| VERTEX [15] with [10810368] bytes. || INDEX [16] with [0] bytes |
-----------------------------------------------------------------------

2016-08-20 14:48:50:427[cInfo        ] --------BufferInfo::AddMesh() Added mesh successfully-------
2016-08-20 14:48:50:428[cInfo        ] 
2016-08-20 14:48:50:429[cInfo        ] --------------------| START BUFFER MESH INFO |-------------------------------------
2016-08-20 14:48:50:431[cInfo        ] BufferInfo::AddMesh(): NUM VERTS-----------------[337824]
2016-08-20 14:48:50:432[cInfo        ] BufferInfo::AddMesh(): NUM INDICES---------------[0]
2016-08-20 14:48:50:432[cInfo        ] BufferInfo::AddMesh(): VERT OFFSET---------------[0]
2016-08-20 14:48:50:433[cInfo        ] BufferInfo::AddMesh(): INDICES OFFSET (BYTES)----[0]
2016-08-20 14:48:50:434[cInfo        ] --------------------|  END BUFFER MESH INFO  |--------------------------------------
2016-08-20 14:48:50:435[cInfo        ] 

2016-08-20 14:48:50:465[Info         ] ShapeGenerator::ReadSceneFile(): Added new scene [..\Data\Scenes\Dargon.ptn.scene] successfully.
2016-08-20 14:48:50:465[cInfo        ] EntityManager::BuildPlayerEntity(): Built [Dargon] successfully
2016-08-20 14:48:50:467[cProcess     ] BufferManager::Initialize() successful.
2016-08-20 14:48:50:476[cInfo        ] 
-----------------------------------------------------------------------
 BufferInfo::CreateBuffers()[2] Created buffers:| VERTEX [17] with [1000000] bytes. || INDEX [18] with [1000000] bytes |
-----------------------------------------------------------------------

2016-08-20 14:48:50:481[cInfo        ] --------BufferInfo::AddMesh() Added mesh successfully-------
2016-08-20 14:48:50:482[cInfo        ] 
2016-08-20 14:48:50:483[cInfo        ] --------------------| START BUFFER MESH INFO |-------------------------------------
2016-08-20 14:48:50:485[cInfo        ] BufferInfo::AddMesh(): NUM VERTS-----------------[36]
2016-08-20 14:48:50:486[cInfo        ] BufferInfo::AddMesh(): NUM INDICES---------------[0]
2016-08-20 14:48:50:487[cInfo        ] BufferInfo::AddMesh(): VERT OFFSET---------------[0]
2016-08-20 14:48:50:488[cInfo        ] BufferInfo::AddMesh(): INDICES OFFSET (BYTES)----[0]
2016-08-20 14:48:50:489[cInfo        ] --------------------|  END BUFFER MESH INFO  |--------------------------------------
2016-08-20 14:48:50:490[cInfo        ] 

2016-08-20 14:48:50:491[Info         ] ShapeGenerator::ReadSceneFile(): Added new scene [..\Data\Scenes\Cube.pn.scene] successfully.
2016-08-20 14:48:50:492[cProcess     ] BufferManager::Initialize() successful.
2016-08-20 14:48:50:493[cInfo        ] 
-----------------------------------------------------------------------
 BufferInfo::CreateBuffers()[3] Created buffers:| VERTEX [19] with [1000000] bytes. || INDEX [20] with [1000000] bytes |
-----------------------------------------------------------------------

2016-08-20 14:48:50:500[cInfo        ] --------BufferInfo::AddMesh() Added mesh successfully-------
2016-08-20 14:48:50:501[cInfo        ] 
2016-08-20 14:48:50:502[cInfo        ] --------------------| START BUFFER MESH INFO |-------------------------------------
2016-08-20 14:48:50:503[cInfo        ] BufferInfo::AddMesh(): NUM VERTS-----------------[8718]
2016-08-20 14:48:50:505[cInfo        ] BufferInfo::AddMesh(): NUM INDICES---------------[0]
2016-08-20 14:48:50:506[cInfo        ] BufferInfo::AddMesh(): VERT OFFSET---------------[0]
2016-08-20 14:48:50:507[cInfo        ] BufferInfo::AddMesh(): INDICES OFFSET (BYTES)----[0]
2016-08-20 14:48:50:508[cInfo        ] --------------------|  END BUFFER MESH INFO  |--------------------------------------
2016-08-20 14:48:50:509[cInfo        ] 

2016-08-20 14:48:50:513[Info         ] ShapeGenerator::ReadSceneFile(): Added new scene [..\Data\Scenes\AIWorld.ptn.scene] successfully.
2016-08-20 14:48:50:516[cInfo        ] --------BufferInfo::AddMesh() Added mesh successfully-------
2016-08-20 14:48:50:517[cInfo        ] 
2016-08-20 14:48:50:518[cInfo        ] --------------------| START BUFFER MESH INFO |-------------------------------------
2016-08-20 14:48:50:519[cInfo        ] BufferInfo::AddMesh(): NUM VERTS-----------------[18]
2016-08-20 14:48:50:520[cInfo        ] BufferInfo::AddMesh(): NUM INDICES---------------[0]
2016-08-20 14:48:50:521[cInfo        ] BufferInfo::AddMesh(): VERT OFFSET---------------[36]
2016-08-20 14:48:50:522[cInfo        ] BufferInfo::AddMesh(): INDICES OFFSET (BYTES)----[0]
2016-08-20 14:48:50:523[cInfo        ] --------------------|  END BUFFER MESH INFO  |--------------------------------------
2016-08-20 14:48:50:526[cInfo        ] 

2016-08-20 14:48:50:527[Info         ] ShapeGenerator::ReadSceneFile(): Added new scene [..\Data\Scenes\Pyramid.pn.scene] successfully.
2016-08-20 14:48:50:537[cInfo        ] 
-----------------------------------------------------------------------
 BufferInfo::CreateBuffers()[0] Created buffers:| VERTEX [21] with [5529600] bytes. || INDEX [22] with [0] bytes |
-----------------------------------------------------------------------

2016-08-20 14:48:50:545[cInfo        ] --------BufferInfo::AddMesh() Added mesh successfully-------
2016-08-20 14:48:50:546[cInfo        ] 
2016-08-20 14:48:50:547[cInfo        ] --------------------| START BUFFER MESH INFO |-------------------------------------
2016-08-20 14:48:50:549[cInfo        ] BufferInfo::AddMesh(): NUM VERTS-----------------[172800]
2016-08-20 14:48:50:550[cInfo        ] BufferInfo::AddMesh(): NUM INDICES---------------[0]
2016-08-20 14:48:50:551[cInfo        ] BufferInfo::AddMesh(): VERT OFFSET---------------[0]
2016-08-20 14:48:50:552[cInfo        ] BufferInfo::AddMesh(): INDICES OFFSET (BYTES)----[0]
2016-08-20 14:48:50:554[cInfo        ] --------------------|  END BUFFER MESH INFO  |--------------------------------------
2016-08-20 14:48:50:556[cInfo        ] 

2016-08-20 14:48:50:557[Info         ] ShapeGenerator::ReadSceneFile(): Added new scene [..\Data\Scenes\WaterPlane.ptn.scene] successfully.
2016-08-20 14:48:50:558[cProcess     ] Camera::Initialize() successful.
2016-08-20 14:48:50:570[cProcess     ] BufferManager::Initialize() successful.
2016-08-20 14:48:50:571[cInfo        ] 
-----------------------------------------------------------------------
 BufferInfo::CreateBuffers()[4] Created buffers:| VERTEX [23] with [8107776] bytes. || INDEX [24] with [0] bytes |
-----------------------------------------------------------------------

2016-08-20 14:48:50:582[cInfo        ] --------BufferInfo::AddMesh() Added mesh successfully-------
2016-08-20 14:48:50:584[cInfo        ] 
2016-08-20 14:48:50:584[cInfo        ] --------------------| START BUFFER MESH INFO |-------------------------------------
2016-08-20 14:48:50:586[cInfo        ] BufferInfo::AddMesh(): NUM VERTS-----------------[337824]
2016-08-20 14:48:50:587[cInfo        ] BufferInfo::AddMesh(): NUM INDICES---------------[0]
2016-08-20 14:48:50:587[cInfo        ] BufferInfo::AddMesh(): VERT OFFSET---------------[0]
2016-08-20 14:48:50:588[cInfo        ] BufferInfo::AddMesh(): INDICES OFFSET (BYTES)----[0]
2016-08-20 14:48:50:589[cInfo        ] --------------------|  END BUFFER MESH INFO  |--------------------------------------
2016-08-20 14:48:50:590[cInfo        ] 

2016-08-20 14:48:50:591[Info         ] ShapeGenerator::ReadSceneFile(): Added new scene [..\Data\Scenes\Dargon.pn.scene] successfully.
2016-08-20 14:48:50:592[cProcess     ] BufferManager::Initialize() successful.
2016-08-20 14:48:50:594[cInfo        ] 
-----------------------------------------------------------------------
 BufferInfo::CreateBuffers()[5] Created buffers:| VERTEX [25] with [1000000] bytes. || INDEX [26] with [1000000] bytes |
-----------------------------------------------------------------------

2016-08-20 14:48:50:599[cInfo        ] --------BufferInfo::AddMesh() Added mesh successfully-------
2016-08-20 14:48:50:600[cInfo        ] 
2016-08-20 14:48:50:600[cInfo        ] --------------------| START BUFFER MESH INFO |-------------------------------------
2016-08-20 14:48:50:603[cInfo        ] BufferInfo::AddMesh(): NUM VERTS-----------------[6]
2016-08-20 14:48:50:604[cInfo        ] BufferInfo::AddMesh(): NUM INDICES---------------[0]
2016-08-20 14:48:50:605[cInfo        ] BufferInfo::AddMesh(): VERT OFFSET---------------[0]
2016-08-20 14:48:50:606[cInfo        ] BufferInfo::AddMesh(): INDICES OFFSET (BYTES)----[0]
2016-08-20 14:48:50:607[cInfo        ] --------------------|  END BUFFER MESH INFO  |--------------------------------------
2016-08-20 14:48:50:608[cInfo        ] 

2016-08-20 14:48:50:609[cProcess     ] BodaciousQuest::Initialize() successful.
2016-08-20 14:48:50:610[Process      ] GameTime::Initialize() ok

2016-08-20 14:48:50:610[cProcess     ] MyWindow::Initialize() successful!
