2016-08-21 13:40:43:069[Process      ] GameLogger::Initialize() opened log file [..\Data\LogFiles\2016-08-21 13-40-43.BodaciousQuest.log] for writing
2016-08-21 13:40:43:069[Info         ] GameLogger::Initialize() successful
2016-08-21 13:40:43:070[Process      ] ConfigReader opened [..\Data\BodaciousQuest.config] successfully
2016-08-21 13:40:43:070[Info         ] ConfigReader initialized successfully
2016-08-21 13:40:43:070[Info         ] Valid KVP [BodaciousQuest.ShowFullScreen] [false] added
2016-08-21 13:40:43:070[Info         ] Valid KVP [BodaciousQuest.FpsInterval] [5.0] added
2016-08-21 13:40:43:070[Info         ] Valid KVP [BodaciousQuest.EnableControls] [true] added
2016-08-21 13:40:43:070[Info         ] Valid KVP [BodaciousQuest.LoadCubeFirst] [true] added
2016-08-21 13:40:43:070[Info         ] Valid KVP [BodaciousQuest.CameraWalkMode] [false] added
2016-08-21 13:40:43:070[Info         ] Valid KVP [BodaciousQuest.GridSize] [40] added
2016-08-21 13:40:43:070[Info         ] Valid KVP [BodaciousQuest.LightingTest.Ambient.Color] [1.0  1.0  1.0] added
2016-08-21 13:40:43:070[Info         ] Valid KVP [BodaciousQuest.LightingTest.Diffuse.Color] [1.0  1.0  1.0] added
2016-08-21 13:40:43:070[Info         ] Valid KVP [BodaciousQuest.LightingTest.Specular.Color] [0.0  0.0  0.0] added
2016-08-21 13:40:43:070[Info         ] Valid KVP [BodaciousQuest.LightingTest.Ambient.Reflectivity] [0.01] added
2016-08-21 13:40:43:070[Info         ] Valid KVP [BodaciousQuest.LightingTest.Diffuse.Reflectivity] [0.8] added
2016-08-21 13:40:43:071[Info         ] Valid KVP [BodaciousQuest.LightingTest.Specular.Reflectivity] [0.5] added
2016-08-21 13:40:43:071[Info         ] Valid KVP [BodaciousQuest.LightingTest.Specular.Shininess] [1.0] added
2016-08-21 13:40:43:071[Info         ] Valid KVP [BodaciousQuest.LightingTest.Falloff.A] [1.0] added
2016-08-21 13:40:43:071[Info         ] Valid KVP [BodaciousQuest.LightingTest.Falloff.B] [0.01] added
2016-08-21 13:40:43:071[Info         ] Valid KVP [BodaciousQuest.LightingTest.Falloff.C] [0.0001] added
2016-08-21 13:40:43:071[Info         ] Valid KVP [BodaciousQuest.LightingTest.Directional] [false] added
2016-08-21 13:40:43:071[Info         ] Valid KVP [BodaciousQuest.LightingTest.Direction] [-1.0 0.0 1.0] added
2016-08-21 13:40:43:071[Info         ] Valid KVP [BodaciousQuest.LightingTest.Light.Position] [-0.875458 3.673020 1.043331] added
2016-08-21 13:40:43:071[Info         ] Valid KVP [BodaciousQuest.LightingTest.Dargon.Color] [1.0 1.0 0.4] added
2016-08-21 13:40:43:071[Info         ] Valid KVP [ObjConverter.Mode.VertexType] [pn] added
2016-08-21 13:40:43:071[Info         ] Valid KVP [ObjConverter.Mode.Analyze] [false] added
2016-08-21 13:40:43:071[Info         ] Valid KVP [ObjConverter.Model] [Dargon] added
2016-08-21 13:40:43:071[Info         ] Valid KVP [ObjConverter.Shader] [4] added
2016-08-21 13:40:43:071[Info         ] Valid KVP [ObjConverter.Color] [random] added
2016-08-21 13:40:43:071[Info         ] Valid KVP [ObjConverter.Obj.InputFileFolder] [..\\Data\\Objs\\] added
2016-08-21 13:40:43:071[Info         ] Valid KVP [ObjConverter.Scene.OutputFileFolder] [..\\Data\\Scenes\\] added
2016-08-21 13:40:43:071[Info         ] Valid KVP [ObjConverter.Model.Dargon.NumVerts] [57967] added
2016-08-21 13:40:43:071[Info         ] Valid KVP [ObjConverter.Model.Dargon.NumIndices] [337824] added
2016-08-21 13:40:43:071[Info         ] Valid KVP [ObjConverter.Model.Dargon.NumTexCoords] [60175] added
2016-08-21 13:40:43:071[Info         ] Valid KVP [ObjConverter.Model.Dargon.NumNormals] [337824] added
2016-08-21 13:40:43:071[Info         ] Valid KVP [ObjConverter.Model.Swamp.NumVerts] [2735] added
2016-08-21 13:40:43:071[Info         ] Valid KVP [ObjConverter.Model.Swamp.NumIndices] [8556] added
2016-08-21 13:40:43:071[Info         ] Valid KVP [ObjConverter.Model.Swamp.NumTexCoords] [3622] added
2016-08-21 13:40:43:071[Info         ] Valid KVP [ObjConverter.Model.Swamp.NumNormals] [5156] added
2016-08-21 13:40:43:071[Info         ] Valid KVP [ObjConverter.Model.Pyramid.NumVerts] [5] added
2016-08-21 13:40:43:071[Info         ] Valid KVP [ObjConverter.Model.Pyramid.NumIndices] [18] added
2016-08-21 13:40:43:071[Info         ] Valid KVP [ObjConverter.Model.Pyramid.NumTexCoords] [10] added
2016-08-21 13:40:43:071[Info         ] Valid KVP [ObjConverter.Model.Pyramid.NumNormals] [16] added
2016-08-21 13:40:43:071[Info         ] Valid KVP [ObjConverter.Model.AIWorld.NumVerts] [1957] added
2016-08-21 13:40:43:071[Info         ] Valid KVP [ObjConverter.Model.AIWorld.NumIndices] [8718] added
2016-08-21 13:40:43:071[Info         ] Valid KVP [ObjConverter.Model.AIWorld.NumTexCoords] [4186] added
2016-08-21 13:40:43:071[Info         ] Valid KVP [ObjConverter.Model.AIWorld.NumNormals] [5418] added
2016-08-21 13:40:43:071[Info         ] Valid KVP [ObjConverter.Model.GameWeapon.NumVerts] [2068] added
2016-08-21 13:40:43:071[Info         ] Valid KVP [ObjConverter.Model.GameWeapon.NumIndices] [9894] added
2016-08-21 13:40:43:071[Info         ] Valid KVP [ObjConverter.Model.GameWeapon.NumTexCoords] [0] added
2016-08-21 13:40:43:071[Info         ] Valid KVP [ObjConverter.Model.GameWeapon.NumNormals] [0] added
2016-08-21 13:40:43:071[Info         ] Valid KVP [ObjConverter.Model.Chicken.NumVerts] [224] added
2016-08-21 13:40:43:071[Info         ] Valid KVP [ObjConverter.Model.Chicken.NumIndices] [1374] added
2016-08-21 13:40:43:071[Info         ] Valid KVP [ObjConverter.Model.Chicken.NumTexCoords] [472] added
2016-08-21 13:40:43:071[Info         ] Valid KVP [ObjConverter.Model.Chicken.NumNormals] [565] added
2016-08-21 13:40:43:071[Info         ] Valid KVP [ObjConverter.Model.WaterPlane.NumVerts] [29282] added
2016-08-21 13:40:43:071[Info         ] Valid KVP [ObjConverter.Model.WaterPlane.NumIndices] [172800] added
2016-08-21 13:40:43:071[Info         ] Valid KVP [ObjConverter.Model.WaterPlane.NumTexCoords] [29282] added
2016-08-21 13:40:43:071[Info         ] Valid KVP [ObjConverter.Model.WaterPlane.NumNormals] [172800] added
2016-08-21 13:40:43:071[Info         ] Valid KVP [ObjConverter.Model.Cube.NumVerts] [8] added
2016-08-21 13:40:43:071[Info         ] Valid KVP [ObjConverter.Model.Cube.NumIndices] [36] added
2016-08-21 13:40:43:071[Info         ] Valid KVP [ObjConverter.Model.Cube.NumTexCoords] [14] added
2016-08-21 13:40:43:071[Info         ] Valid KVP [ObjConverter.Model.Cube.NumNormals] [24] added
2016-08-21 13:40:43:071[Info         ] Valid KVP [ObjConverter.Model.Barrel.NumVerts] [172] added
2016-08-21 13:40:43:071[Info         ] Valid KVP [ObjConverter.Model.Barrel.NumIndices] [1008] added
2016-08-21 13:40:43:071[Info         ] Valid KVP [ObjConverter.Model.Barrel.NumTexCoords] [328] added
2016-08-21 13:40:43:072[Info         ] Valid KVP [ObjConverter.Model.Barrel.NumNormals] [204] added
2016-08-21 13:40:43:072[Info         ] Valid KVP [ObjConverter.Model.SkyBox.NumVerts] [8] added
2016-08-21 13:40:43:072[Info         ] Valid KVP [ObjConverter.Model.SkyBox.NumIndices] [36] added
2016-08-21 13:40:43:072[Info         ] Valid KVP [ObjConverter.Model.SkyBox.NumTexCoords] [18] added
2016-08-21 13:40:43:072[Info         ] Valid KVP [ObjConverter.Model.SkyBox.NumNormals] [24] added
2016-08-21 13:40:43:139[cInfo        ] Config reader opened [..\Data\BodaciousQuest.config] for reading!
2016-08-21 13:40:43:193[Process      ] ShaderManager Initialized successfully
2016-08-21 13:40:43:193[Info         ] Shader Init started
2016-08-21 13:40:43:193[Info         ] Shader Program created.
2016-08-21 13:40:43:193[Process      ] ShaderProgram::Initialize()[1] successful!
2016-08-21 13:40:43:194[Debug        ] File [..\Data\shaders\debug.vert.shader] Opened successfully! Buffer Length:[291]
2016-08-21 13:40:43:194[Debug        ] Shader file [..\Data\shaders\debug.vert.shader] contents:
//BEGIN
#version 430 core

layout(location = 0)  in vec3 vPosition;

layout(location = 15) uniform vec3 colorin;
layout(location = 16) uniform mat4 MAT;

out vec4 color;

void main()
{
	vec4 vertPos = vec4(vPosition, 1.0);
	gl_Position = MAT *  vertPos;
	color = vec4(colorin, 1.0);
}
//END

2016-08-21 13:40:43:194[Debug        ]  ShaderProgram::AddShader() file with data was read in
2016-08-21 13:40:43:194[Debug        ] ShaderProgram::AddShader() : glShaderSource() successful
2016-08-21 13:40:43:194[Debug        ] ShaderProgram::AddShader() : glCompileShader() successful
2016-08-21 13:40:43:194[Info         ] ShaderProgram::CheckShaderCompileStatus(2) successful.
2016-08-21 13:40:43:194[Debug        ] ShaderProgram::AddShader() : glCompileShader() successful
2016-08-21 13:40:43:194[Info         ] ShaderInfo saved successfully.
2016-08-21 13:40:43:194[Debug        ] ShaderProgram::AddShader() : glAttachShader() successful
2016-08-21 13:40:43:194[Info         ] ShaderProgram::AddShader [2] successful.
2016-08-21 13:40:43:194[Debug        ] File [..\Data\shaders\debug.frag.shader] Opened successfully! Buffer Length:[104]
2016-08-21 13:40:43:194[Debug        ] Shader file [..\Data\shaders\debug.frag.shader] contents:
//BEGIN
#version 430 core


in  vec4 color;
out vec4 outColor;

void main()
{
	outColor = color;
}


//END

2016-08-21 13:40:43:194[Debug        ]  ShaderProgram::AddShader() file with data was read in
2016-08-21 13:40:43:194[Debug        ] ShaderProgram::AddShader() : glShaderSource() successful
2016-08-21 13:40:43:194[Debug        ] ShaderProgram::AddShader() : glCompileShader() successful
2016-08-21 13:40:43:194[Info         ] ShaderProgram::CheckShaderCompileStatus(3) successful.
2016-08-21 13:40:43:195[Debug        ] ShaderProgram::AddShader() : glCompileShader() successful
2016-08-21 13:40:43:195[Info         ] ShaderInfo saved successfully.
2016-08-21 13:40:43:195[Debug        ] ShaderProgram::AddShader() : glAttachShader() successful
2016-08-21 13:40:43:195[Info         ] ShaderProgram::AddShader [3] successful.
2016-08-21 13:40:43:196[Info         ] CheckProgramStatus() successful!
2016-08-21 13:40:43:196[Info         ] CheckProgramStatus() successful!
2016-08-21 13:40:43:196[Info         ] Shader Init started
2016-08-21 13:40:43:196[Info         ] Shader Program created.
2016-08-21 13:40:43:196[Process      ] ShaderProgram::Initialize()[4] successful!
2016-08-21 13:40:43:196[Debug        ] File [..\Data\shaders\play.vert.shader] Opened successfully! Buffer Length:[343]
2016-08-21 13:40:43:196[Debug        ] Shader file [..\Data\shaders\play.vert.shader] contents:
//BEGIN
#version 430 core

layout (location = 0)  in vec3 vPosition;
layout (location = 1)  in vec3 vColor;
layout (location = 15) uniform vec3 colorin;
layout (location = 16) uniform mat4 MAT;

out vec4 color;

void main()
{
	vec4 vertPos = vec4(vPosition, 1.0);
	gl_Position = MAT *  vertPos;
	color = vec4((vColor + colorin), 1.0);
}
//END

2016-08-21 13:40:43:196[Debug        ]  ShaderProgram::AddShader() file with data was read in
2016-08-21 13:40:43:196[Debug        ] ShaderProgram::AddShader() : glShaderSource() successful
2016-08-21 13:40:43:196[Debug        ] ShaderProgram::AddShader() : glCompileShader() successful
2016-08-21 13:40:43:196[Info         ] ShaderProgram::CheckShaderCompileStatus(5) successful.
2016-08-21 13:40:43:196[Debug        ] ShaderProgram::AddShader() : glCompileShader() successful
2016-08-21 13:40:43:196[Info         ] ShaderInfo saved successfully.
2016-08-21 13:40:43:196[Debug        ] ShaderProgram::AddShader() : glAttachShader() successful
2016-08-21 13:40:43:196[Info         ] ShaderProgram::AddShader [5] successful.
2016-08-21 13:40:43:196[Debug        ] File [..\Data\shaders\play.frag.shader] Opened successfully! Buffer Length:[391]
2016-08-21 13:40:43:196[Debug        ] Shader file [..\Data\shaders\play.frag.shader] contents:
//BEGIN
#version 430 core


in  vec4 color;
out vec4 outColor;

void main()
{

	//if (color.r < .7) discard;
	outColor = color;

	//if(((gl_FragCoord.x  > 600)&& (gl_FragCoord.y < 300)) || ((gl_FragCoord.y < 300)  && (gl_FragCoord.x  < 600) )) {
	//discard;
	//}

	//vec2 scrPos = vec2(gl_FragCoord) - vec2(350,150);
	//float len =  length(scrPos);
	//if(len < 50 )discard;
}


//END

2016-08-21 13:40:43:196[Debug        ]  ShaderProgram::AddShader() file with data was read in
2016-08-21 13:40:43:196[Debug        ] ShaderProgram::AddShader() : glShaderSource() successful
2016-08-21 13:40:43:196[Debug        ] ShaderProgram::AddShader() : glCompileShader() successful
2016-08-21 13:40:43:196[Info         ] ShaderProgram::CheckShaderCompileStatus(6) successful.
2016-08-21 13:40:43:196[Debug        ] ShaderProgram::AddShader() : glCompileShader() successful
2016-08-21 13:40:43:196[Info         ] ShaderInfo saved successfully.
2016-08-21 13:40:43:196[Debug        ] ShaderProgram::AddShader() : glAttachShader() successful
2016-08-21 13:40:43:196[Info         ] ShaderProgram::AddShader [6] successful.
2016-08-21 13:40:43:197[Info         ] CheckProgramStatus() successful!
2016-08-21 13:40:43:197[Info         ] CheckProgramStatus() successful!
2016-08-21 13:40:43:197[Info         ] Shader Init started
2016-08-21 13:40:43:197[Info         ] Shader Program created.
2016-08-21 13:40:43:197[Process      ] ShaderProgram::Initialize()[7] successful!
2016-08-21 13:40:43:197[Debug        ] File [..\Data\shaders\texture.vert.shader] Opened successfully! Buffer Length:[305]
2016-08-21 13:40:43:198[Debug        ] Shader file [..\Data\shaders\texture.vert.shader] contents:
//BEGIN
#version 430 core

layout (location = 0)  in vec3 vPosition;
layout (location = 1)  in vec2 vUV;

layout (location = 16) uniform mat4 MAT;

//out data
out vec2 UV;

//out vec4 color;

void main()
{
	vec4 vertPos = vec4(vPosition, 1.0);
	gl_Position = MAT *  vertPos;

	UV = vUV;
	
	
}
//END

2016-08-21 13:40:43:198[Debug        ]  ShaderProgram::AddShader() file with data was read in
2016-08-21 13:40:43:198[Debug        ] ShaderProgram::AddShader() : glShaderSource() successful
2016-08-21 13:40:43:198[Debug        ] ShaderProgram::AddShader() : glCompileShader() successful
2016-08-21 13:40:43:198[Info         ] ShaderProgram::CheckShaderCompileStatus(8) successful.
2016-08-21 13:40:43:198[Debug        ] ShaderProgram::AddShader() : glCompileShader() successful
2016-08-21 13:40:43:198[Info         ] ShaderInfo saved successfully.
2016-08-21 13:40:43:198[Debug        ] ShaderProgram::AddShader() : glAttachShader() successful
2016-08-21 13:40:43:198[Info         ] ShaderProgram::AddShader [8] successful.
2016-08-21 13:40:43:198[Debug        ] File [..\Data\shaders\texture.frag.shader] Opened successfully! Buffer Length:[482]
2016-08-21 13:40:43:198[Debug        ] Shader file [..\Data\shaders\texture.frag.shader] contents:
//BEGIN
#version 430 core


in  vec2 UV;
out vec4 outColor;

layout(location = 20) uniform sampler2D textureSampler;

void main()
{

	//if (color.r < .7) discard;
	outColor = vec4(texture(textureSampler, UV).rgb, 1.0);

	//if(((gl_FragCoord.x  > 600)&& (gl_FragCoord.y < 300)) || ((gl_FragCoord.y < 300)  && (gl_FragCoord.x  < 600) )) {
	//discard;
	//}
	//vec2 scrPos = vec2(gl_FragCoord) - vec2(350,150);
	//float len =  length(scrPos);
	//if(len < 50 )discard;
}


//END

2016-08-21 13:40:43:198[Debug        ]  ShaderProgram::AddShader() file with data was read in
2016-08-21 13:40:43:198[Debug        ] ShaderProgram::AddShader() : glShaderSource() successful
2016-08-21 13:40:43:198[Debug        ] ShaderProgram::AddShader() : glCompileShader() successful
2016-08-21 13:40:43:198[Info         ] ShaderProgram::CheckShaderCompileStatus(9) successful.
2016-08-21 13:40:43:198[Debug        ] ShaderProgram::AddShader() : glCompileShader() successful
2016-08-21 13:40:43:198[Info         ] ShaderInfo saved successfully.
2016-08-21 13:40:43:198[Debug        ] ShaderProgram::AddShader() : glAttachShader() successful
2016-08-21 13:40:43:198[Info         ] ShaderProgram::AddShader [9] successful.
2016-08-21 13:40:43:199[Info         ] CheckProgramStatus() successful!
2016-08-21 13:40:43:199[Info         ] CheckProgramStatus() successful!
2016-08-21 13:40:43:199[Info         ] Shader Init started
2016-08-21 13:40:43:199[Info         ] Shader Program created.
2016-08-21 13:40:43:199[Process      ] ShaderProgram::Initialize()[10] successful!
2016-08-21 13:40:43:199[Debug        ] File [..\Data\shaders\framebuffer.vert.shader] Opened successfully! Buffer Length:[305]
2016-08-21 13:40:43:199[Debug        ] Shader file [..\Data\shaders\framebuffer.vert.shader] contents:
//BEGIN
#version 430 core

layout (location = 0)  in vec3 vPosition;
layout (location = 1)  in vec2 vUV;

layout (location = 16) uniform mat4 MAT;

//out data
out vec2 UV;

//out vec4 color;

void main()
{
	vec4 vertPos = vec4(vPosition, 1.0);
	gl_Position = MAT *  vertPos;

	UV = vUV;
	
	
}
//END

2016-08-21 13:40:43:200[Debug        ]  ShaderProgram::AddShader() file with data was read in
2016-08-21 13:40:43:200[Debug        ] ShaderProgram::AddShader() : glShaderSource() successful
2016-08-21 13:40:43:200[Debug        ] ShaderProgram::AddShader() : glCompileShader() successful
2016-08-21 13:40:43:200[Info         ] ShaderProgram::CheckShaderCompileStatus(11) successful.
2016-08-21 13:40:43:200[Debug        ] ShaderProgram::AddShader() : glCompileShader() successful
2016-08-21 13:40:43:200[Info         ] ShaderInfo saved successfully.
2016-08-21 13:40:43:200[Debug        ] ShaderProgram::AddShader() : glAttachShader() successful
2016-08-21 13:40:43:200[Info         ] ShaderProgram::AddShader [11] successful.
2016-08-21 13:40:43:200[Debug        ] File [..\Data\shaders\framebuffer.frag.shader] Opened successfully! Buffer Length:[275]
2016-08-21 13:40:43:200[Debug        ] Shader file [..\Data\shaders\framebuffer.frag.shader] contents:
//BEGIN
#version 430 core


in  vec2 UV;
out vec4 outColor;

layout(location = 20) uniform sampler2D textureSampler;

void main()
{


	vec3 tempCol = texture(textureSampler, UV).rgb;

	outColor = vec4(tempCol.r / 1.5f, tempCol.g / 1.5f, tempCol.b / 1.5f, 1.0f);
}


//END

2016-08-21 13:40:43:200[Debug        ]  ShaderProgram::AddShader() file with data was read in
2016-08-21 13:40:43:200[Debug        ] ShaderProgram::AddShader() : glShaderSource() successful
2016-08-21 13:40:43:200[Debug        ] ShaderProgram::AddShader() : glCompileShader() successful
2016-08-21 13:40:43:200[Info         ] ShaderProgram::CheckShaderCompileStatus(12) successful.
2016-08-21 13:40:43:200[Debug        ] ShaderProgram::AddShader() : glCompileShader() successful
2016-08-21 13:40:43:200[Info         ] ShaderInfo saved successfully.
2016-08-21 13:40:43:200[Debug        ] ShaderProgram::AddShader() : glAttachShader() successful
2016-08-21 13:40:43:200[Info         ] ShaderProgram::AddShader [12] successful.
2016-08-21 13:40:43:201[Info         ] CheckProgramStatus() successful!
2016-08-21 13:40:43:201[Info         ] CheckProgramStatus() successful!
2016-08-21 13:40:43:201[Info         ] Shader Init started
2016-08-21 13:40:43:201[Info         ] Shader Program created.
2016-08-21 13:40:43:201[Process      ] ShaderProgram::Initialize()[13] successful!
2016-08-21 13:40:43:201[Debug        ] File [..\Data\shaders\lighting.vert.shader] Opened successfully! Buffer Length:[1145]
2016-08-21 13:40:43:201[cDebug       ] Shader file [..\Data\shaders\lighting.vert.shader] is too big to display contents.
2016-08-21 13:40:43:203[Debug        ]  ShaderProgram::AddShader() file with data was read in
2016-08-21 13:40:43:203[Debug        ] ShaderProgram::AddShader() : glShaderSource() successful
2016-08-21 13:40:43:203[Debug        ] ShaderProgram::AddShader() : glCompileShader() successful
2016-08-21 13:40:43:203[Info         ] ShaderProgram::CheckShaderCompileStatus(14) successful.
2016-08-21 13:40:43:203[Debug        ] ShaderProgram::AddShader() : glCompileShader() successful
2016-08-21 13:40:43:203[Info         ] ShaderInfo saved successfully.
2016-08-21 13:40:43:203[Debug        ] ShaderProgram::AddShader() : glAttachShader() successful
2016-08-21 13:40:43:203[Info         ] ShaderProgram::AddShader [14] successful.
2016-08-21 13:40:43:203[Debug        ] File [..\Data\shaders\lighting.frag.shader] Opened successfully! Buffer Length:[1744]
2016-08-21 13:40:43:203[cDebug       ] Shader file [..\Data\shaders\lighting.frag.shader] is too big to display contents.
2016-08-21 13:40:43:204[Debug        ]  ShaderProgram::AddShader() file with data was read in
2016-08-21 13:40:43:204[Debug        ] ShaderProgram::AddShader() : glShaderSource() successful
2016-08-21 13:40:43:205[Debug        ] ShaderProgram::AddShader() : glCompileShader() successful
2016-08-21 13:40:43:205[Info         ] ShaderProgram::CheckShaderCompileStatus(15) successful.
2016-08-21 13:40:43:205[Debug        ] ShaderProgram::AddShader() : glCompileShader() successful
2016-08-21 13:40:43:205[Info         ] ShaderInfo saved successfully.
2016-08-21 13:40:43:205[Debug        ] ShaderProgram::AddShader() : glAttachShader() successful
2016-08-21 13:40:43:205[Info         ] ShaderProgram::AddShader [15] successful.
2016-08-21 13:40:43:208[Info         ] CheckProgramStatus() successful!
2016-08-21 13:40:43:208[Info         ] CheckProgramStatus() successful!
2016-08-21 13:40:43:208[Info         ] Shader Init started
2016-08-21 13:40:43:208[Info         ] Shader Program created.
2016-08-21 13:40:43:208[Process      ] ShaderProgram::Initialize()[16] successful!
2016-08-21 13:40:43:208[Debug        ] File [..\Data\shaders\texlighting.vert.shader] Opened successfully! Buffer Length:[1110]
2016-08-21 13:40:43:208[cDebug       ] Shader file [..\Data\shaders\texlighting.vert.shader] is too big to display contents.
2016-08-21 13:40:43:212[Debug        ]  ShaderProgram::AddShader() file with data was read in
2016-08-21 13:40:43:212[Debug        ] ShaderProgram::AddShader() : glShaderSource() successful
2016-08-21 13:40:43:213[Debug        ] ShaderProgram::AddShader() : glCompileShader() successful
2016-08-21 13:40:43:213[Info         ] ShaderProgram::CheckShaderCompileStatus(17) successful.
2016-08-21 13:40:43:213[Debug        ] ShaderProgram::AddShader() : glCompileShader() successful
2016-08-21 13:40:43:213[Info         ] ShaderInfo saved successfully.
2016-08-21 13:40:43:213[Debug        ] ShaderProgram::AddShader() : glAttachShader() successful
2016-08-21 13:40:43:213[Info         ] ShaderProgram::AddShader [17] successful.
2016-08-21 13:40:43:213[Debug        ] File [..\Data\shaders\texlighting.frag.shader] Opened successfully! Buffer Length:[1717]
2016-08-21 13:40:43:213[cDebug       ] Shader file [..\Data\shaders\texlighting.frag.shader] is too big to display contents.
2016-08-21 13:40:43:215[Debug        ]  ShaderProgram::AddShader() file with data was read in
2016-08-21 13:40:43:215[Debug        ] ShaderProgram::AddShader() : glShaderSource() successful
2016-08-21 13:40:43:215[Debug        ] ShaderProgram::AddShader() : glCompileShader() successful
2016-08-21 13:40:43:215[Info         ] ShaderProgram::CheckShaderCompileStatus(18) successful.
2016-08-21 13:40:43:215[Debug        ] ShaderProgram::AddShader() : glCompileShader() successful
2016-08-21 13:40:43:215[Info         ] ShaderInfo saved successfully.
2016-08-21 13:40:43:215[Debug        ] ShaderProgram::AddShader() : glAttachShader() successful
2016-08-21 13:40:43:215[Info         ] ShaderProgram::AddShader [18] successful.
2016-08-21 13:40:43:218[Info         ] CheckProgramStatus() successful!
2016-08-21 13:40:43:218[Info         ] CheckProgramStatus() successful!
2016-08-21 13:40:43:218[Info         ] Shader Init started
2016-08-21 13:40:43:218[Info         ] Shader Program created.
2016-08-21 13:40:43:218[Process      ] ShaderProgram::Initialize()[19] successful!
2016-08-21 13:40:43:218[Debug        ] File [..\Data\shaders\water.vert.shader] Opened successfully! Buffer Length:[1400]
2016-08-21 13:40:43:218[cDebug       ] Shader file [..\Data\shaders\water.vert.shader] is too big to display contents.
2016-08-21 13:40:43:221[Debug        ]  ShaderProgram::AddShader() file with data was read in
2016-08-21 13:40:43:221[Debug        ] ShaderProgram::AddShader() : glShaderSource() successful
2016-08-21 13:40:43:221[Debug        ] ShaderProgram::AddShader() : glCompileShader() successful
2016-08-21 13:40:43:221[Info         ] ShaderProgram::CheckShaderCompileStatus(20) successful.
2016-08-21 13:40:43:221[Debug        ] ShaderProgram::AddShader() : glCompileShader() successful
2016-08-21 13:40:43:221[Info         ] ShaderInfo saved successfully.
2016-08-21 13:40:43:221[Debug        ] ShaderProgram::AddShader() : glAttachShader() successful
2016-08-21 13:40:43:221[Info         ] ShaderProgram::AddShader [20] successful.
2016-08-21 13:40:43:222[Debug        ] File [..\Data\shaders\water.frag.shader] Opened successfully! Buffer Length:[2436]
2016-08-21 13:40:43:222[cDebug       ] Shader file [..\Data\shaders\water.frag.shader] is too big to display contents.
2016-08-21 13:40:43:223[Debug        ]  ShaderProgram::AddShader() file with data was read in
2016-08-21 13:40:43:223[Debug        ] ShaderProgram::AddShader() : glShaderSource() successful
2016-08-21 13:40:43:223[Debug        ] ShaderProgram::AddShader() : glCompileShader() successful
2016-08-21 13:40:43:223[Info         ] ShaderProgram::CheckShaderCompileStatus(21) successful.
2016-08-21 13:40:43:223[Debug        ] ShaderProgram::AddShader() : glCompileShader() successful
2016-08-21 13:40:43:223[Info         ] ShaderInfo saved successfully.
2016-08-21 13:40:43:223[Debug        ] ShaderProgram::AddShader() : glAttachShader() successful
2016-08-21 13:40:43:223[Info         ] ShaderProgram::AddShader [21] successful.
2016-08-21 13:40:43:226[Info         ] CheckProgramStatus() successful!
2016-08-21 13:40:43:226[Info         ] CheckProgramStatus() successful!
2016-08-21 13:40:43:226[Info         ] GetAttribLocation [vPosition] successful.
2016-08-21 13:40:43:226[Info         ] GetUniformLocation [colorin] successful.
2016-08-21 13:40:43:226[Info         ] GetUniformLocation [MAT] successful.
2016-08-21 13:40:43:226[cProcess     ] RenderEngine::Initialize() successful.
2016-08-21 13:40:43:227[cInfo        ] 
-----------------------------------------------------------------------
 BufferInfo::CreateBuffers()[0] Created buffers:| VERTEX [1] with [80] bytes. || INDEX [2] with [24] bytes |
-----------------------------------------------------------------------

2016-08-21 13:40:43:233[cInfo        ] --------BufferInfo::AddMesh() Added mesh successfully-------
2016-08-21 13:40:43:234[cInfo        ] 
2016-08-21 13:40:43:235[cInfo        ] --------------------| START BUFFER MESH INFO |-------------------------------------
2016-08-21 13:40:43:237[cInfo        ] BufferInfo::AddMesh(): NUM VERTS-----------------[4]
2016-08-21 13:40:43:238[cInfo        ] BufferInfo::AddMesh(): NUM INDICES---------------[6]
2016-08-21 13:40:43:239[cInfo        ] BufferInfo::AddMesh(): VERT OFFSET---------------[0]
2016-08-21 13:40:43:241[cInfo        ] BufferInfo::AddMesh(): INDICES OFFSET (BYTES)----[0]
2016-08-21 13:40:43:242[cInfo        ] --------------------|  END BUFFER MESH INFO  |--------------------------------------
2016-08-21 13:40:43:244[cInfo        ] 

2016-08-21 13:40:43:244[cInfo        ] 
-----------------------------------------------------------------------
 BufferInfo::CreateBuffers()[0] Created buffers:| VERTEX [3] with [96] bytes. || INDEX [4] with [48] bytes |
-----------------------------------------------------------------------

2016-08-21 13:40:43:248[cInfo        ] --------BufferInfo::AddMesh() Added mesh successfully-------
2016-08-21 13:40:43:249[cInfo        ] 
2016-08-21 13:40:43:249[cInfo        ] --------------------| START BUFFER MESH INFO |-------------------------------------
2016-08-21 13:40:43:251[cInfo        ] BufferInfo::AddMesh(): NUM VERTS-----------------[8]
2016-08-21 13:40:43:252[cInfo        ] BufferInfo::AddMesh(): NUM INDICES---------------[24]
2016-08-21 13:40:43:253[cInfo        ] BufferInfo::AddMesh(): VERT OFFSET---------------[0]
2016-08-21 13:40:43:253[cInfo        ] BufferInfo::AddMesh(): INDICES OFFSET (BYTES)----[0]
2016-08-21 13:40:43:254[cInfo        ] --------------------|  END BUFFER MESH INFO  |--------------------------------------
2016-08-21 13:40:43:256[cInfo        ] 

2016-08-21 13:40:43:256[cInfo        ] 
-----------------------------------------------------------------------
 BufferInfo::CreateBuffers()[0] Created buffers:| VERTEX [5] with [864] bytes. || INDEX [6] with [0] bytes |
-----------------------------------------------------------------------

2016-08-21 13:40:43:261[cInfo        ] --------BufferInfo::AddMesh() Added mesh successfully-------
2016-08-21 13:40:43:262[cInfo        ] 
2016-08-21 13:40:43:262[cInfo        ] --------------------| START BUFFER MESH INFO |-------------------------------------
2016-08-21 13:40:43:263[cInfo        ] BufferInfo::AddMesh(): NUM VERTS-----------------[36]
2016-08-21 13:40:43:264[cInfo        ] BufferInfo::AddMesh(): NUM INDICES---------------[0]
2016-08-21 13:40:43:265[cInfo        ] BufferInfo::AddMesh(): VERT OFFSET---------------[0]
2016-08-21 13:40:43:266[cInfo        ] BufferInfo::AddMesh(): INDICES OFFSET (BYTES)----[0]
2016-08-21 13:40:43:267[cInfo        ] --------------------|  END BUFFER MESH INFO  |--------------------------------------
2016-08-21 13:40:43:268[cInfo        ] 

2016-08-21 13:40:43:268[cInfo        ] 
-----------------------------------------------------------------------
 BufferInfo::CreateBuffers()[0] Created buffers:| VERTEX [7] with [144] bytes. || INDEX [8] with [0] bytes |
-----------------------------------------------------------------------

2016-08-21 13:40:43:273[cInfo        ] --------BufferInfo::AddMesh() Added mesh successfully-------
2016-08-21 13:40:43:273[cInfo        ] 
2016-08-21 13:40:43:274[cInfo        ] --------------------| START BUFFER MESH INFO |-------------------------------------
2016-08-21 13:40:43:276[cInfo        ] BufferInfo::AddMesh(): NUM VERTS-----------------[6]
2016-08-21 13:40:43:277[cInfo        ] BufferInfo::AddMesh(): NUM INDICES---------------[0]
2016-08-21 13:40:43:279[cInfo        ] BufferInfo::AddMesh(): VERT OFFSET---------------[0]
2016-08-21 13:40:43:281[cInfo        ] BufferInfo::AddMesh(): INDICES OFFSET (BYTES)----[0]
2016-08-21 13:40:43:282[cInfo        ] --------------------|  END BUFFER MESH INFO  |--------------------------------------
2016-08-21 13:40:43:283[cInfo        ] 

2016-08-21 13:40:43:284[Process      ] BufferInfo::Initialize() successful.
2016-08-21 13:40:43:284[cInfo        ] 
-----------------------------------------------------------------------
 BufferInfo::CreateBuffers()[0] Created buffers:| VERTEX [9] with [1000000] bytes. || INDEX [10] with [1000000] bytes |
-----------------------------------------------------------------------

2016-08-21 13:40:43:288[cInfo        ] --------BufferInfo::AddMesh() Added mesh successfully-------
2016-08-21 13:40:43:290[cInfo        ] 
2016-08-21 13:40:43:291[cInfo        ] --------------------| START BUFFER MESH INFO |-------------------------------------
2016-08-21 13:40:43:292[cInfo        ] BufferInfo::AddMesh(): NUM VERTS-----------------[24]
2016-08-21 13:40:43:294[cInfo        ] BufferInfo::AddMesh(): NUM INDICES---------------[36]
2016-08-21 13:40:43:295[cInfo        ] BufferInfo::AddMesh(): VERT OFFSET---------------[0]
2016-08-21 13:40:43:295[cInfo        ] BufferInfo::AddMesh(): INDICES OFFSET (BYTES)----[0]
2016-08-21 13:40:43:296[cInfo        ] --------------------|  END BUFFER MESH INFO  |--------------------------------------
2016-08-21 13:40:43:297[cInfo        ] 

2016-08-21 13:40:43:300[Process      ] BufferInfo::Initialize() successful.
2016-08-21 13:40:43:301[cInfo        ] 
-----------------------------------------------------------------------
 BufferInfo::CreateBuffers()[1] Created buffers:| VERTEX [11] with [1000000] bytes. || INDEX [12] with [1000000] bytes |
-----------------------------------------------------------------------

2016-08-21 13:40:43:304[cInfo        ] --------BufferInfo::AddMesh() Added mesh successfully-------
2016-08-21 13:40:43:305[cInfo        ] 
2016-08-21 13:40:43:305[cInfo        ] --------------------| START BUFFER MESH INFO |-------------------------------------
2016-08-21 13:40:43:307[cInfo        ] BufferInfo::AddMesh(): NUM VERTS-----------------[1536]
2016-08-21 13:40:43:308[cInfo        ] BufferInfo::AddMesh(): NUM INDICES---------------[3072]
2016-08-21 13:40:43:311[cInfo        ] BufferInfo::AddMesh(): VERT OFFSET---------------[0]
2016-08-21 13:40:43:311[cInfo        ] BufferInfo::AddMesh(): INDICES OFFSET (BYTES)----[0]
2016-08-21 13:40:43:312[cInfo        ] --------------------|  END BUFFER MESH INFO  |--------------------------------------
2016-08-21 13:40:43:313[cInfo        ] 

2016-08-21 13:40:43:314[cInfo        ] 
-----------------------------------------------------------------------
 BufferInfo::CreateBuffers()[0] Created buffers:| VERTEX [13] with [3936] bytes. || INDEX [14] with [0] bytes |
-----------------------------------------------------------------------

2016-08-21 13:40:43:318[cInfo        ] --------BufferInfo::AddMesh() Added mesh successfully-------
2016-08-21 13:40:43:320[cInfo        ] 
2016-08-21 13:40:43:320[cInfo        ] --------------------| START BUFFER MESH INFO |-------------------------------------
2016-08-21 13:40:43:321[cInfo        ] BufferInfo::AddMesh(): NUM VERTS-----------------[164]
2016-08-21 13:40:43:322[cInfo        ] BufferInfo::AddMesh(): NUM INDICES---------------[0]
2016-08-21 13:40:43:323[cInfo        ] BufferInfo::AddMesh(): VERT OFFSET---------------[0]
2016-08-21 13:40:43:324[cInfo        ] BufferInfo::AddMesh(): INDICES OFFSET (BYTES)----[0]
2016-08-21 13:40:43:325[cInfo        ] --------------------|  END BUFFER MESH INFO  |--------------------------------------
2016-08-21 13:40:43:326[cInfo        ] 

2016-08-21 13:40:43:327[cProcess     ] ShapeGenerator initialized successfully.
2016-08-21 13:40:43:328[cProcess     ] Camera::Initialize() successful.
2016-08-21 13:40:43:330[cProcess     ] Keyboard::Initialize() successful
2016-08-21 13:40:43:331[cProcess     ] Keyboard::Initialize() successful
2016-08-21 13:40:43:344[cInfo        ] 
-----------------------------------------------------------------------
 BufferInfo::CreateBuffers()[0] Created buffers:| VERTEX [15] with [10810368] bytes. || INDEX [16] with [0] bytes |
-----------------------------------------------------------------------

2016-08-21 13:40:43:366[cInfo        ] --------BufferInfo::AddMesh() Added mesh successfully-------
2016-08-21 13:40:43:367[cInfo        ] 
2016-08-21 13:40:43:368[cInfo        ] --------------------| START BUFFER MESH INFO |-------------------------------------
2016-08-21 13:40:43:370[cInfo        ] BufferInfo::AddMesh(): NUM VERTS-----------------[337824]
2016-08-21 13:40:43:371[cInfo        ] BufferInfo::AddMesh(): NUM INDICES---------------[0]
2016-08-21 13:40:43:372[cInfo        ] BufferInfo::AddMesh(): VERT OFFSET---------------[0]
2016-08-21 13:40:43:373[cInfo        ] BufferInfo::AddMesh(): INDICES OFFSET (BYTES)----[0]
2016-08-21 13:40:43:375[cInfo        ] --------------------|  END BUFFER MESH INFO  |--------------------------------------
2016-08-21 13:40:43:377[cInfo        ] 

2016-08-21 13:40:43:417[Info         ] ShapeGenerator::ReadSceneFile(): Added new scene [..\Data\Scenes\Dargon.ptn.scene] successfully.
2016-08-21 13:40:43:417[cInfo        ] EntityManager::BuildPlayerEntity(): Built [Dargon] successfully
2016-08-21 13:40:43:422[Process      ] BufferInfo::Initialize() successful.
2016-08-21 13:40:43:428[cInfo        ] 
-----------------------------------------------------------------------
 BufferInfo::CreateBuffers()[2] Created buffers:| VERTEX [17] with [1000000] bytes. || INDEX [18] with [1000000] bytes |
-----------------------------------------------------------------------

2016-08-21 13:40:43:432[cInfo        ] --------BufferInfo::AddMesh() Added mesh successfully-------
2016-08-21 13:40:43:433[cInfo        ] 
2016-08-21 13:40:43:433[cInfo        ] --------------------| START BUFFER MESH INFO |-------------------------------------
2016-08-21 13:40:43:435[cInfo        ] BufferInfo::AddMesh(): NUM VERTS-----------------[36]
2016-08-21 13:40:43:436[cInfo        ] BufferInfo::AddMesh(): NUM INDICES---------------[0]
2016-08-21 13:40:43:437[cInfo        ] BufferInfo::AddMesh(): VERT OFFSET---------------[0]
2016-08-21 13:40:43:438[cInfo        ] BufferInfo::AddMesh(): INDICES OFFSET (BYTES)----[0]
2016-08-21 13:40:43:439[cInfo        ] --------------------|  END BUFFER MESH INFO  |--------------------------------------
2016-08-21 13:40:43:440[cInfo        ] 

2016-08-21 13:40:43:441[Info         ] ShapeGenerator::ReadSceneFile(): Added new scene [..\Data\Scenes\Cube.pn.scene] successfully.
2016-08-21 13:40:43:442[Process      ] BufferInfo::Initialize() successful.
2016-08-21 13:40:43:442[cInfo        ] 
-----------------------------------------------------------------------
 BufferInfo::CreateBuffers()[3] Created buffers:| VERTEX [19] with [1000000] bytes. || INDEX [20] with [1000000] bytes |
-----------------------------------------------------------------------

2016-08-21 13:40:43:448[cInfo        ] --------BufferInfo::AddMesh() Added mesh successfully-------
2016-08-21 13:40:43:448[cInfo        ] 
2016-08-21 13:40:43:449[cInfo        ] --------------------| START BUFFER MESH INFO |-------------------------------------
2016-08-21 13:40:43:450[cInfo        ] BufferInfo::AddMesh(): NUM VERTS-----------------[8718]
2016-08-21 13:40:43:451[cInfo        ] BufferInfo::AddMesh(): NUM INDICES---------------[0]
2016-08-21 13:40:43:452[cInfo        ] BufferInfo::AddMesh(): VERT OFFSET---------------[0]
2016-08-21 13:40:43:452[cInfo        ] BufferInfo::AddMesh(): INDICES OFFSET (BYTES)----[0]
2016-08-21 13:40:43:454[cInfo        ] --------------------|  END BUFFER MESH INFO  |--------------------------------------
2016-08-21 13:40:43:455[cInfo        ] 

2016-08-21 13:40:43:459[Info         ] ShapeGenerator::ReadSceneFile(): Added new scene [..\Data\Scenes\AIWorld.ptn.scene] successfully.
2016-08-21 13:40:43:459[cInfo        ] --------BufferInfo::AddMesh() Added mesh successfully-------
2016-08-21 13:40:43:460[cInfo        ] 
2016-08-21 13:40:43:461[cInfo        ] --------------------| START BUFFER MESH INFO |-------------------------------------
2016-08-21 13:40:43:462[cInfo        ] BufferInfo::AddMesh(): NUM VERTS-----------------[18]
2016-08-21 13:40:43:464[cInfo        ] BufferInfo::AddMesh(): NUM INDICES---------------[0]
2016-08-21 13:40:43:465[cInfo        ] BufferInfo::AddMesh(): VERT OFFSET---------------[36]
2016-08-21 13:40:43:466[cInfo        ] BufferInfo::AddMesh(): INDICES OFFSET (BYTES)----[0]
2016-08-21 13:40:43:467[cInfo        ] --------------------|  END BUFFER MESH INFO  |--------------------------------------
2016-08-21 13:40:43:468[cInfo        ] 

2016-08-21 13:40:43:469[Info         ] ShapeGenerator::ReadSceneFile(): Added new scene [..\Data\Scenes\Pyramid.pn.scene] successfully.
2016-08-21 13:40:43:476[cInfo        ] 
-----------------------------------------------------------------------
 BufferInfo::CreateBuffers()[0] Created buffers:| VERTEX [21] with [5529600] bytes. || INDEX [22] with [0] bytes |
-----------------------------------------------------------------------

2016-08-21 13:40:43:495[cInfo        ] --------BufferInfo::AddMesh() Added mesh successfully-------
2016-08-21 13:40:43:497[cInfo        ] 
2016-08-21 13:40:43:497[cInfo        ] --------------------| START BUFFER MESH INFO |-------------------------------------
2016-08-21 13:40:43:499[cInfo        ] BufferInfo::AddMesh(): NUM VERTS-----------------[172800]
2016-08-21 13:40:43:500[cInfo        ] BufferInfo::AddMesh(): NUM INDICES---------------[0]
2016-08-21 13:40:43:500[cInfo        ] BufferInfo::AddMesh(): VERT OFFSET---------------[0]
2016-08-21 13:40:43:501[cInfo        ] BufferInfo::AddMesh(): INDICES OFFSET (BYTES)----[0]
2016-08-21 13:40:43:502[cInfo        ] --------------------|  END BUFFER MESH INFO  |--------------------------------------
2016-08-21 13:40:43:503[cInfo        ] 

2016-08-21 13:40:43:506[Info         ] ShapeGenerator::ReadSceneFile(): Added new scene [..\Data\Scenes\WaterPlane.ptn.scene] successfully.
2016-08-21 13:40:43:508[cProcess     ] Camera::Initialize() successful.
2016-08-21 13:40:43:517[Process      ] BufferInfo::Initialize() successful.
2016-08-21 13:40:43:517[cInfo        ] 
-----------------------------------------------------------------------
 BufferInfo::CreateBuffers()[4] Created buffers:| VERTEX [23] with [8107776] bytes. || INDEX [24] with [0] bytes |
-----------------------------------------------------------------------

2016-08-21 13:40:43:537[cInfo        ] --------BufferInfo::AddMesh() Added mesh successfully-------
2016-08-21 13:40:43:538[cInfo        ] 
2016-08-21 13:40:43:539[cInfo        ] --------------------| START BUFFER MESH INFO |-------------------------------------
2016-08-21 13:40:43:541[cInfo        ] BufferInfo::AddMesh(): NUM VERTS-----------------[337824]
2016-08-21 13:40:43:542[cInfo        ] BufferInfo::AddMesh(): NUM INDICES---------------[0]
2016-08-21 13:40:43:543[cInfo        ] BufferInfo::AddMesh(): VERT OFFSET---------------[0]
2016-08-21 13:40:43:544[cInfo        ] BufferInfo::AddMesh(): INDICES OFFSET (BYTES)----[0]
2016-08-21 13:40:43:545[cInfo        ] --------------------|  END BUFFER MESH INFO  |--------------------------------------
2016-08-21 13:40:43:548[cInfo        ] 

2016-08-21 13:40:43:549[Info         ] ShapeGenerator::ReadSceneFile(): Added new scene [..\Data\Scenes\Dargon.pn.scene] successfully.
2016-08-21 13:40:43:550[Process      ] BufferInfo::Initialize() successful.
2016-08-21 13:40:43:550[cInfo        ] 
-----------------------------------------------------------------------
 BufferInfo::CreateBuffers()[5] Created buffers:| VERTEX [25] with [1000000] bytes. || INDEX [26] with [1000000] bytes |
-----------------------------------------------------------------------

2016-08-21 13:40:43:555[cInfo        ] --------BufferInfo::AddMesh() Added mesh successfully-------
2016-08-21 13:40:43:556[cInfo        ] 
2016-08-21 13:40:43:558[cInfo        ] --------------------| START BUFFER MESH INFO |-------------------------------------
2016-08-21 13:40:43:559[cInfo        ] BufferInfo::AddMesh(): NUM VERTS-----------------[6]
2016-08-21 13:40:43:560[cInfo        ] BufferInfo::AddMesh(): NUM INDICES---------------[0]
2016-08-21 13:40:43:561[cInfo        ] BufferInfo::AddMesh(): VERT OFFSET---------------[0]
2016-08-21 13:40:43:562[cInfo        ] BufferInfo::AddMesh(): INDICES OFFSET (BYTES)----[0]
2016-08-21 13:40:43:563[cInfo        ] --------------------|  END BUFFER MESH INFO  |--------------------------------------
2016-08-21 13:40:43:565[cInfo        ] 

2016-08-21 13:40:43:565[cProcess     ] BodaciousQuest::Initialize() successful.
2016-08-21 13:40:43:566[Process      ] GameTime::Initialize() ok

2016-08-21 13:40:43:566[cProcess     ] MyWindow::Initialize() successful!
2016-08-21 13:40:46:529[cProcess     ] BufferManager::Shutdown() successful.
2016-08-21 13:40:46:530[cProcess     ] RenderEngine::Shutdown() successful.
2016-08-21 13:40:46:531[cProcess     ] Camera::Shutdown() successful.
2016-08-21 13:40:46:532[Info         ] Shader  [2] deleting...
2016-08-21 13:40:46:532[Info         ] Shader  [2] deleted successfully.
2016-08-21 13:40:46:532[Info         ] Shader  [3] deleting...
2016-08-21 13:40:46:532[Info         ] Shader  [3] deleted successfully.
2016-08-21 13:40:46:533[Info         ] All shaders deleted successfully.
2016-08-21 13:40:46:533[cInfo        ] Program [1] deleted successfully.
2016-08-21 13:40:46:533[Process      ] ShaderProgram[1]::Shutdown successful!
2016-08-21 13:40:46:533[Info         ] Shader  [5] deleting...
2016-08-21 13:40:46:533[Info         ] Shader  [5] deleted successfully.
2016-08-21 13:40:46:533[Info         ] Shader  [6] deleting...
2016-08-21 13:40:46:533[Info         ] Shader  [6] deleted successfully.
2016-08-21 13:40:46:533[Info         ] All shaders deleted successfully.
2016-08-21 13:40:46:533[cInfo        ] Program [4] deleted successfully.
2016-08-21 13:40:46:534[Process      ] ShaderProgram[4]::Shutdown successful!
2016-08-21 13:40:46:534[Info         ] Shader  [8] deleting...
2016-08-21 13:40:46:534[Info         ] Shader  [8] deleted successfully.
2016-08-21 13:40:46:534[Info         ] Shader  [9] deleting...
2016-08-21 13:40:46:534[Info         ] Shader  [9] deleted successfully.
2016-08-21 13:40:46:534[Info         ] All shaders deleted successfully.
2016-08-21 13:40:46:534[cInfo        ] Program [7] deleted successfully.
2016-08-21 13:40:46:535[Process      ] ShaderProgram[7]::Shutdown successful!
2016-08-21 13:40:46:535[Info         ] Shader  [11] deleting...
2016-08-21 13:40:46:535[Info         ] Shader  [11] deleted successfully.
2016-08-21 13:40:46:535[Info         ] Shader  [12] deleting...
2016-08-21 13:40:46:535[Info         ] Shader  [12] deleted successfully.
2016-08-21 13:40:46:535[Info         ] All shaders deleted successfully.
2016-08-21 13:40:46:535[cInfo        ] Program [10] deleted successfully.
2016-08-21 13:40:46:536[Process      ] ShaderProgram[10]::Shutdown successful!
2016-08-21 13:40:46:536[Info         ] Shader  [14] deleting...
2016-08-21 13:40:46:536[Info         ] Shader  [14] deleted successfully.
2016-08-21 13:40:46:536[Info         ] Shader  [15] deleting...
2016-08-21 13:40:46:536[Info         ] Shader  [15] deleted successfully.
2016-08-21 13:40:46:536[Info         ] All shaders deleted successfully.
2016-08-21 13:40:46:536[cInfo        ] Program [13] deleted successfully.
2016-08-21 13:40:46:537[Process      ] ShaderProgram[13]::Shutdown successful!
2016-08-21 13:40:46:537[Info         ] Shader  [17] deleting...
2016-08-21 13:40:46:537[Info         ] Shader  [17] deleted successfully.
2016-08-21 13:40:46:537[Info         ] Shader  [18] deleting...
2016-08-21 13:40:46:537[Info         ] Shader  [18] deleted successfully.
2016-08-21 13:40:46:537[Info         ] All shaders deleted successfully.
2016-08-21 13:40:46:538[cInfo        ] Program [16] deleted successfully.
2016-08-21 13:40:46:540[Process      ] ShaderProgram[16]::Shutdown successful!
2016-08-21 13:40:46:540[Info         ] Shader  [20] deleting...
2016-08-21 13:40:46:540[Info         ] Shader  [20] deleted successfully.
2016-08-21 13:40:46:540[Info         ] Shader  [21] deleting...
2016-08-21 13:40:46:540[Info         ] Shader  [21] deleted successfully.
2016-08-21 13:40:46:540[Info         ] All shaders deleted successfully.
2016-08-21 13:40:46:540[cInfo        ] Program [19] deleted successfully.
2016-08-21 13:40:46:541[Process      ] ShaderProgram[19]::Shutdown successful!
2016-08-21 13:40:46:541[cProcess     ] MyWindow::Shutdown() successful!
2016-08-21 13:40:46:542[cProcess     ] BodaciousQuest::Shutdown() successful.
2016-08-21 13:40:46:552[Process      ] ConfigReader shut down successfully
2016-08-21 13:40:46:552[Process      ] GameLogger::ShutDown() successful
